15/04/07 15:24:01 WARN conf.HiveConf: HiveConf of name hive.optimize.mapjoin.mapreduce does not exist
15/04/07 15:24:01 WARN conf.HiveConf: HiveConf of name hive.heapsize does not exist
15/04/07 15:24:01 WARN conf.HiveConf: HiveConf of name hive.server2.enable.impersonation does not exist
15/04/07 15:24:01 WARN conf.HiveConf: HiveConf of name hive.auto.convert.sortmerge.join.noconditionaltask does not exist

Logging initialized using configuration in file:/etc/hive/conf/hive-log4j.properties
SLF4J: Class path contains multiple SLF4J bindings.
SLF4J: Found binding in [jar:file:/usr/hdp/2.2.0.0-2041/hadoop/lib/slf4j-log4j12-1.7.5.jar!/org/slf4j/impl/StaticLoggerBinder.class]
SLF4J: Found binding in [jar:file:/usr/hdp/2.2.0.0-2041/hive/lib/hive-jdbc-0.14.0.2.2.0.0-2041-standalone.jar!/org/slf4j/impl/StaticLoggerBinder.class]
SLF4J: See http://www.slf4j.org/codes.html#multiple_bindings for an explanation.
SLF4J: Actual binding is of type [org.slf4j.impl.Log4jLoggerFactory]
hive> use tpcds_bin_partitioned_orc_100; source query75.sql;
OK
Time taken: 3.148 seconds
Query ID = root_20150407152424_b107b923-e401-4ed9-a663-00aa070e54dc
Total jobs = 18
SLF4J: Class path contains multiple SLF4J bindings.
SLF4J: Found binding in [jar:file:/usr/hdp/2.2.0.0-2041/hadoop/lib/slf4j-log4j12-1.7.5.jar!/org/slf4j/impl/StaticLoggerBinder.class]
SLF4J: Found binding in [jar:file:/usr/hdp/2.2.0.0-2041/hive/lib/hive-jdbc-0.14.0.2.2.0.0-2041-standalone.jar!/org/slf4j/impl/StaticLoggerBinder.class]
SLF4J: See http://www.slf4j.org/codes.html#multiple_bindings for an explanation.
SLF4J: Actual binding is of type [org.slf4j.impl.Log4jLoggerFactory]
15/04/07 15:25:04 WARN conf.HiveConf: HiveConf of name hive.optimize.mapjoin.mapreduce does not exist
15/04/07 15:25:04 WARN conf.HiveConf: HiveConf of name hive.heapsize does not exist
15/04/07 15:25:04 WARN conf.HiveConf: HiveConf of name hive.server2.enable.impersonation does not exist
15/04/07 15:25:04 WARN conf.HiveConf: HiveConf of name hive.auto.convert.sortmerge.join.noconditionaltask does not exist
Execution log at: /tmp/root/root_20150407152424_b107b923-e401-4ed9-a663-00aa070e54dc.log
2015-04-07 03:25:05	Starting to launch local task to process map join;	maximum memory = 1065484288
2015-04-07 03:25:10	Dump the side-table for tag: 1 with group count: 365 into file: file:/tmp/root/5b822fa9-1121-4fea-9458-8a2c2f038214/hive_2015-04-07_15-24-09_037_892762012406555777-1/-local-10033/HashTable-Stage-45/MapJoin-mapfile31--.hashtable
2015-04-07 03:25:10	Uploaded 1 File to: file:/tmp/root/5b822fa9-1121-4fea-9458-8a2c2f038214/hive_2015-04-07_15-24-09_037_892762012406555777-1/-local-10033/HashTable-Stage-45/MapJoin-mapfile31--.hashtable (7963 bytes)
2015-04-07 03:25:10	Dump the side-table for tag: 1 with group count: 20471 into file: file:/tmp/root/5b822fa9-1121-4fea-9458-8a2c2f038214/hive_2015-04-07_15-24-09_037_892762012406555777-1/-local-10033/HashTable-Stage-45/MapJoin-mapfile41--.hashtable
2015-04-07 03:25:10	Uploaded 1 File to: file:/tmp/root/5b822fa9-1121-4fea-9458-8a2c2f038214/hive_2015-04-07_15-24-09_037_892762012406555777-1/-local-10033/HashTable-Stage-45/MapJoin-mapfile41--.hashtable (617268 bytes)
2015-04-07 03:25:10	End of local task; Time Taken: 5.493 sec.
Execution completed successfully
MapredLocal task succeeded
SLF4J: Class path contains multiple SLF4J bindings.
SLF4J: Found binding in [jar:file:/usr/hdp/2.2.0.0-2041/hadoop/lib/slf4j-log4j12-1.7.5.jar!/org/slf4j/impl/StaticLoggerBinder.class]
SLF4J: Found binding in [jar:file:/usr/hdp/2.2.0.0-2041/hive/lib/hive-jdbc-0.14.0.2.2.0.0-2041-standalone.jar!/org/slf4j/impl/StaticLoggerBinder.class]
SLF4J: See http://www.slf4j.org/codes.html#multiple_bindings for an explanation.
SLF4J: Actual binding is of type [org.slf4j.impl.Log4jLoggerFactory]
15/04/07 15:25:16 WARN conf.HiveConf: HiveConf of name hive.optimize.mapjoin.mapreduce does not exist
15/04/07 15:25:16 WARN conf.HiveConf: HiveConf of name hive.heapsize does not exist
15/04/07 15:25:16 WARN conf.HiveConf: HiveConf of name hive.server2.enable.impersonation does not exist
15/04/07 15:25:16 WARN conf.HiveConf: HiveConf of name hive.auto.convert.sortmerge.join.noconditionaltask does not exist
Execution log at: /tmp/root/root_20150407152424_b107b923-e401-4ed9-a663-00aa070e54dc.log
2015-04-07 03:25:17	Starting to launch local task to process map join;	maximum memory = 1065484288
2015-04-07 03:25:22	Dump the side-table for tag: 1 with group count: 365 into file: file:/tmp/root/5b822fa9-1121-4fea-9458-8a2c2f038214/hive_2015-04-07_15-24-09_037_892762012406555777-1/-local-10037/HashTable-Stage-49/MapJoin-mapfile61--.hashtable
2015-04-07 03:25:22	Uploaded 1 File to: file:/tmp/root/5b822fa9-1121-4fea-9458-8a2c2f038214/hive_2015-04-07_15-24-09_037_892762012406555777-1/-local-10037/HashTable-Stage-49/MapJoin-mapfile61--.hashtable (7963 bytes)
2015-04-07 03:25:22	Dump the side-table for tag: 1 with group count: 20471 into file: file:/tmp/root/5b822fa9-1121-4fea-9458-8a2c2f038214/hive_2015-04-07_15-24-09_037_892762012406555777-1/-local-10037/HashTable-Stage-49/MapJoin-mapfile71--.hashtable
2015-04-07 03:25:23	Uploaded 1 File to: file:/tmp/root/5b822fa9-1121-4fea-9458-8a2c2f038214/hive_2015-04-07_15-24-09_037_892762012406555777-1/-local-10037/HashTable-Stage-49/MapJoin-mapfile71--.hashtable (617268 bytes)
2015-04-07 03:25:23	End of local task; Time Taken: 5.463 sec.
Execution completed successfully
MapredLocal task succeeded
SLF4J: Class path contains multiple SLF4J bindings.
SLF4J: Found binding in [jar:file:/usr/hdp/2.2.0.0-2041/hadoop/lib/slf4j-log4j12-1.7.5.jar!/org/slf4j/impl/StaticLoggerBinder.class]
SLF4J: Found binding in [jar:file:/usr/hdp/2.2.0.0-2041/hive/lib/hive-jdbc-0.14.0.2.2.0.0-2041-standalone.jar!/org/slf4j/impl/StaticLoggerBinder.class]
SLF4J: See http://www.slf4j.org/codes.html#multiple_bindings for an explanation.
SLF4J: Actual binding is of type [org.slf4j.impl.Log4jLoggerFactory]
15/04/07 15:25:29 WARN conf.HiveConf: HiveConf of name hive.optimize.mapjoin.mapreduce does not exist
15/04/07 15:25:29 WARN conf.HiveConf: HiveConf of name hive.heapsize does not exist
15/04/07 15:25:29 WARN conf.HiveConf: HiveConf of name hive.server2.enable.impersonation does not exist
15/04/07 15:25:29 WARN conf.HiveConf: HiveConf of name hive.auto.convert.sortmerge.join.noconditionaltask does not exist
Execution log at: /tmp/root/root_20150407152424_b107b923-e401-4ed9-a663-00aa070e54dc.log
2015-04-07 03:25:30	Starting to launch local task to process map join;	maximum memory = 1065484288
2015-04-07 03:25:36	Dump the side-table for tag: 1 with group count: 365 into file: file:/tmp/root/5b822fa9-1121-4fea-9458-8a2c2f038214/hive_2015-04-07_15-24-09_037_892762012406555777-1/-local-10043/HashTable-Stage-53/MapJoin-mapfile91--.hashtable
2015-04-07 03:25:36	Uploaded 1 File to: file:/tmp/root/5b822fa9-1121-4fea-9458-8a2c2f038214/hive_2015-04-07_15-24-09_037_892762012406555777-1/-local-10043/HashTable-Stage-53/MapJoin-mapfile91--.hashtable (7963 bytes)
2015-04-07 03:25:36	Dump the side-table for tag: 1 with group count: 20471 into file: file:/tmp/root/5b822fa9-1121-4fea-9458-8a2c2f038214/hive_2015-04-07_15-24-09_037_892762012406555777-1/-local-10043/HashTable-Stage-53/MapJoin-mapfile101--.hashtable
2015-04-07 03:25:36	Uploaded 1 File to: file:/tmp/root/5b822fa9-1121-4fea-9458-8a2c2f038214/hive_2015-04-07_15-24-09_037_892762012406555777-1/-local-10043/HashTable-Stage-53/MapJoin-mapfile101--.hashtable (617268 bytes)
2015-04-07 03:25:36	End of local task; Time Taken: 5.584 sec.
Execution completed successfully
MapredLocal task succeeded
SLF4J: Class path contains multiple SLF4J bindings.
SLF4J: Found binding in [jar:file:/usr/hdp/2.2.0.0-2041/hadoop/lib/slf4j-log4j12-1.7.5.jar!/org/slf4j/impl/StaticLoggerBinder.class]
SLF4J: Found binding in [jar:file:/usr/hdp/2.2.0.0-2041/hive/lib/hive-jdbc-0.14.0.2.2.0.0-2041-standalone.jar!/org/slf4j/impl/StaticLoggerBinder.class]
SLF4J: See http://www.slf4j.org/codes.html#multiple_bindings for an explanation.
SLF4J: Actual binding is of type [org.slf4j.impl.Log4jLoggerFactory]
15/04/07 15:25:43 WARN conf.HiveConf: HiveConf of name hive.optimize.mapjoin.mapreduce does not exist
15/04/07 15:25:43 WARN conf.HiveConf: HiveConf of name hive.heapsize does not exist
15/04/07 15:25:43 WARN conf.HiveConf: HiveConf of name hive.server2.enable.impersonation does not exist
15/04/07 15:25:43 WARN conf.HiveConf: HiveConf of name hive.auto.convert.sortmerge.join.noconditionaltask does not exist
Execution log at: /tmp/root/root_20150407152424_b107b923-e401-4ed9-a663-00aa070e54dc.log
2015-04-07 03:25:44	Starting to launch local task to process map join;	maximum memory = 1065484288
2015-04-07 03:25:49	Dump the side-table for tag: 1 with group count: 365 into file: file:/tmp/root/5b822fa9-1121-4fea-9458-8a2c2f038214/hive_2015-04-07_15-24-09_037_892762012406555777-1/-local-10047/HashTable-Stage-63/MapJoin-mapfile181--.hashtable
2015-04-07 03:25:49	Uploaded 1 File to: file:/tmp/root/5b822fa9-1121-4fea-9458-8a2c2f038214/hive_2015-04-07_15-24-09_037_892762012406555777-1/-local-10047/HashTable-Stage-63/MapJoin-mapfile181--.hashtable (7963 bytes)
2015-04-07 03:25:49	Dump the side-table for tag: 1 with group count: 20471 into file: file:/tmp/root/5b822fa9-1121-4fea-9458-8a2c2f038214/hive_2015-04-07_15-24-09_037_892762012406555777-1/-local-10047/HashTable-Stage-63/MapJoin-mapfile191--.hashtable
2015-04-07 03:25:49	Uploaded 1 File to: file:/tmp/root/5b822fa9-1121-4fea-9458-8a2c2f038214/hive_2015-04-07_15-24-09_037_892762012406555777-1/-local-10047/HashTable-Stage-63/MapJoin-mapfile191--.hashtable (617268 bytes)
2015-04-07 03:25:49	End of local task; Time Taken: 5.582 sec.
Execution completed successfully
MapredLocal task succeeded
Launching Job 1 out of 18
Number of reduce tasks is set to 0 since there's no reduce operator
Starting Job = job_1428405026382_0146, Tracking URL = http://f01hn02.hadoop:8088/proxy/application_1428405026382_0146/
Kill Command = /usr/hdp/2.2.0.0-2041/hadoop/bin/hadoop job  -kill job_1428405026382_0146
Hadoop job information for Stage-45: number of mappers: 33; number of reducers: 0
2015-04-07 15:26:06,430 Stage-45 map = 0%,  reduce = 0%
2015-04-07 15:26:12,879 Stage-45 map = 3%,  reduce = 0%, Cumulative CPU 5.04 sec
2015-04-07 15:26:16,069 Stage-45 map = 6%,  reduce = 0%, Cumulative CPU 12.3 sec
2015-04-07 15:26:17,140 Stage-45 map = 87%,  reduce = 0%, Cumulative CPU 223.47 sec
2015-04-07 15:26:18,201 Stage-45 map = 100%,  reduce = 0%, Cumulative CPU 262.37 sec
MapReduce Total cumulative CPU time: 4 minutes 22 seconds 370 msec
Ended Job = job_1428405026382_0146
Launching Job 2 out of 18
Number of reduce tasks is set to 0 since there's no reduce operator
Starting Job = job_1428405026382_0147, Tracking URL = http://f01hn02.hadoop:8088/proxy/application_1428405026382_0147/
Kill Command = /usr/hdp/2.2.0.0-2041/hadoop/bin/hadoop job  -kill job_1428405026382_0147
Hadoop job information for Stage-49: number of mappers: 46; number of reducers: 0
2015-04-07 15:26:31,863 Stage-49 map = 0%,  reduce = 0%
2015-04-07 15:26:40,346 Stage-49 map = 2%,  reduce = 0%, Cumulative CPU 6.7 sec
2015-04-07 15:26:41,406 Stage-49 map = 13%,  reduce = 0%, Cumulative CPU 46.88 sec
2015-04-07 15:26:42,474 Stage-49 map = 96%,  reduce = 0%, Cumulative CPU 383.06 sec
2015-04-07 15:26:43,532 Stage-49 map = 100%,  reduce = 0%, Cumulative CPU 393.37 sec
MapReduce Total cumulative CPU time: 6 minutes 33 seconds 370 msec
Ended Job = job_1428405026382_0147
Launching Job 3 out of 18
Number of reduce tasks is set to 0 since there's no reduce operator
Starting Job = job_1428405026382_0148, Tracking URL = http://f01hn02.hadoop:8088/proxy/application_1428405026382_0148/
Kill Command = /usr/hdp/2.2.0.0-2041/hadoop/bin/hadoop job  -kill job_1428405026382_0148
Hadoop job information for Stage-53: number of mappers: 46; number of reducers: 0
2015-04-07 15:26:56,353 Stage-53 map = 0%,  reduce = 0%
2015-04-07 15:27:04,819 Stage-53 map = 4%,  reduce = 0%, Cumulative CPU 13.01 sec
2015-04-07 15:27:05,878 Stage-53 map = 7%,  reduce = 0%, Cumulative CPU 20.3 sec
2015-04-07 15:27:06,947 Stage-53 map = 91%,  reduce = 0%, Cumulative CPU 354.77 sec
2015-04-07 15:27:08,009 Stage-53 map = 99%,  reduce = 0%, Cumulative CPU 389.12 sec
2015-04-07 15:27:09,073 Stage-53 map = 100%,  reduce = 0%, Cumulative CPU 390.47 sec
MapReduce Total cumulative CPU time: 6 minutes 30 seconds 470 msec
Ended Job = job_1428405026382_0148
Launching Job 4 out of 18
Number of reduce tasks is set to 0 since there's no reduce operator
Starting Job = job_1428405026382_0149, Tracking URL = http://f01hn02.hadoop:8088/proxy/application_1428405026382_0149/
Kill Command = /usr/hdp/2.2.0.0-2041/hadoop/bin/hadoop job  -kill job_1428405026382_0149
Hadoop job information for Stage-63: number of mappers: 33; number of reducers: 0
2015-04-07 15:27:21,417 Stage-63 map = 0%,  reduce = 0%
2015-04-07 15:27:27,760 Stage-63 map = 3%,  reduce = 0%, Cumulative CPU 4.27 sec
2015-04-07 15:27:29,878 Stage-63 map = 6%,  reduce = 0%, Cumulative CPU 9.77 sec
2015-04-07 15:27:30,941 Stage-63 map = 33%,  reduce = 0%, Cumulative CPU 74.32 sec
2015-04-07 15:27:32,001 Stage-63 map = 99%,  reduce = 0%, Cumulative CPU 262.99 sec
2015-04-07 15:27:33,058 Stage-63 map = 100%,  reduce = 0%, Cumulative CPU 263.79 sec
MapReduce Total cumulative CPU time: 4 minutes 23 seconds 790 msec
Ended Job = job_1428405026382_0149
Stage-68 is filtered out by condition resolver.
Stage-3 is selected by condition resolver.
Stage-70 is filtered out by condition resolver.
Stage-9 is selected by condition resolver.
Stage-73 is filtered out by condition resolver.
Stage-12 is selected by condition resolver.
Stage-75 is filtered out by condition resolver.
Stage-28 is selected by condition resolver.
Launching Job 5 out of 18
Number of reduce tasks not specified. Estimated from input data size: 15
In order to change the average load for a reducer (in bytes):
  set hive.exec.reducers.bytes.per.reducer=<number>
In order to limit the maximum number of reducers:
  set hive.exec.reducers.max=<number>
In order to set a constant number of reducers:
  set mapreduce.job.reduces=<number>
Starting Job = job_1428405026382_0150, Tracking URL = http://f01hn02.hadoop:8088/proxy/application_1428405026382_0150/
Kill Command = /usr/hdp/2.2.0.0-2041/hadoop/bin/hadoop job  -kill job_1428405026382_0150
Hadoop job information for Stage-3: number of mappers: 10; number of reducers: 15
2015-04-07 15:27:45,154 Stage-3 map = 0%,  reduce = 0%
2015-04-07 15:27:52,533 Stage-3 map = 10%,  reduce = 0%, Cumulative CPU 2.87 sec
2015-04-07 15:27:54,653 Stage-3 map = 30%,  reduce = 0%, Cumulative CPU 15.6 sec
2015-04-07 15:27:55,712 Stage-3 map = 46%,  reduce = 0%, Cumulative CPU 52.39 sec
2015-04-07 15:27:56,774 Stage-3 map = 60%,  reduce = 0%, Cumulative CPU 69.14 sec
2015-04-07 15:27:58,891 Stage-3 map = 67%,  reduce = 0%, Cumulative CPU 80.29 sec
2015-04-07 15:27:59,954 Stage-3 map = 70%,  reduce = 0%, Cumulative CPU 83.94 sec
2015-04-07 15:28:02,074 Stage-3 map = 78%,  reduce = 0%, Cumulative CPU 96.65 sec
2015-04-07 15:28:03,140 Stage-3 map = 81%,  reduce = 15%, Cumulative CPU 101.61 sec
2015-04-07 15:28:04,209 Stage-3 map = 81%,  reduce = 20%, Cumulative CPU 102.95 sec
2015-04-07 15:28:05,271 Stage-3 map = 84%,  reduce = 20%, Cumulative CPU 109.42 sec
2015-04-07 15:28:06,341 Stage-3 map = 84%,  reduce = 22%, Cumulative CPU 110.53 sec
2015-04-07 15:28:07,402 Stage-3 map = 84%,  reduce = 23%, Cumulative CPU 110.9 sec
2015-04-07 15:28:08,464 Stage-3 map = 88%,  reduce = 23%, Cumulative CPU 118.39 sec
2015-04-07 15:28:11,652 Stage-3 map = 90%,  reduce = 23%, Cumulative CPU 129.73 sec
2015-04-07 15:28:14,833 Stage-3 map = 93%,  reduce = 23%, Cumulative CPU 143.93 sec
2015-04-07 15:28:15,898 Stage-3 map = 93%,  reduce = 26%, Cumulative CPU 145.39 sec
2015-04-07 15:28:16,957 Stage-3 map = 97%,  reduce = 26%, Cumulative CPU 148.41 sec
2015-04-07 15:28:18,015 Stage-3 map = 97%,  reduce = 28%, Cumulative CPU 152.16 sec
2015-04-07 15:28:19,078 Stage-3 map = 100%,  reduce = 33%, Cumulative CPU 156.17 sec
2015-04-07 15:28:21,193 Stage-3 map = 100%,  reduce = 63%, Cumulative CPU 189.27 sec
2015-04-07 15:28:22,254 Stage-3 map = 100%,  reduce = 83%, Cumulative CPU 218.63 sec
2015-04-07 15:28:23,328 Stage-3 map = 100%,  reduce = 99%, Cumulative CPU 251.79 sec
2015-04-07 15:28:24,385 Stage-3 map = 100%,  reduce = 100%, Cumulative CPU 264.58 sec
MapReduce Total cumulative CPU time: 4 minutes 24 seconds 580 msec
Ended Job = job_1428405026382_0150
Launching Job 6 out of 18
Number of reduce tasks not specified. Estimated from input data size: 24
In order to change the average load for a reducer (in bytes):
  set hive.exec.reducers.bytes.per.reducer=<number>
In order to limit the maximum number of reducers:
  set hive.exec.reducers.max=<number>
In order to set a constant number of reducers:
  set mapreduce.job.reduces=<number>
Starting Job = job_1428405026382_0151, Tracking URL = http://f01hn02.hadoop:8088/proxy/application_1428405026382_0151/
Kill Command = /usr/hdp/2.2.0.0-2041/hadoop/bin/hadoop job  -kill job_1428405026382_0151
Hadoop job information for Stage-9: number of mappers: 11; number of reducers: 24
2015-04-07 15:28:35,896 Stage-9 map = 0%,  reduce = 0%
2015-04-07 15:28:43,293 Stage-9 map = 9%,  reduce = 0%, Cumulative CPU 2.99 sec
2015-04-07 15:28:46,465 Stage-9 map = 26%,  reduce = 0%, Cumulative CPU 54.95 sec
2015-04-07 15:28:47,527 Stage-9 map = 33%,  reduce = 0%, Cumulative CPU 77.37 sec
2015-04-07 15:28:49,642 Stage-9 map = 49%,  reduce = 0%, Cumulative CPU 101.6 sec
2015-04-07 15:28:50,702 Stage-9 map = 52%,  reduce = 0%, Cumulative CPU 102.54 sec
2015-04-07 15:28:52,819 Stage-9 map = 64%,  reduce = 0%, Cumulative CPU 126.92 sec
2015-04-07 15:28:53,877 Stage-9 map = 67%,  reduce = 5%, Cumulative CPU 131.6 sec
2015-04-07 15:28:54,926 Stage-9 map = 70%,  reduce = 9%, Cumulative CPU 136.22 sec
2015-04-07 15:28:55,987 Stage-9 map = 76%,  reduce = 13%, Cumulative CPU 150.08 sec
2015-04-07 15:28:57,049 Stage-9 map = 76%,  reduce = 16%, Cumulative CPU 151.09 sec
2015-04-07 15:28:58,115 Stage-9 map = 76%,  reduce = 18%, Cumulative CPU 152.0 sec
2015-04-07 15:28:59,175 Stage-9 map = 81%,  reduce = 18%, Cumulative CPU 165.2 sec
2015-04-07 15:29:02,364 Stage-9 map = 88%,  reduce = 18%, Cumulative CPU 182.68 sec
2015-04-07 15:29:03,420 Stage-9 map = 88%,  reduce = 19%, Cumulative CPU 185.78 sec
2015-04-07 15:29:04,484 Stage-9 map = 88%,  reduce = 21%, Cumulative CPU 188.47 sec
2015-04-07 15:29:11,862 Stage-9 map = 94%,  reduce = 21%, Cumulative CPU 233.02 sec
2015-04-07 15:29:12,919 Stage-9 map = 97%,  reduce = 25%, Cumulative CPU 237.3 sec
2015-04-07 15:29:13,979 Stage-9 map = 97%,  reduce = 27%, Cumulative CPU 238.1 sec
2015-04-07 15:29:15,035 Stage-9 map = 100%,  reduce = 33%, Cumulative CPU 245.43 sec
2015-04-07 15:29:16,091 Stage-9 map = 100%,  reduce = 47%, Cumulative CPU 261.33 sec
2015-04-07 15:29:17,152 Stage-9 map = 100%,  reduce = 55%, Cumulative CPU 282.96 sec
2015-04-07 15:29:18,208 Stage-9 map = 100%,  reduce = 72%, Cumulative CPU 332.03 sec
2015-04-07 15:29:19,269 Stage-9 map = 100%,  reduce = 82%, Cumulative CPU 375.47 sec
2015-04-07 15:29:20,326 Stage-9 map = 100%,  reduce = 100%, Cumulative CPU 423.35 sec
MapReduce Total cumulative CPU time: 7 minutes 3 seconds 350 msec
Ended Job = job_1428405026382_0151
Launching Job 7 out of 18
Number of reduce tasks not specified. Estimated from input data size: 24
In order to change the average load for a reducer (in bytes):
  set hive.exec.reducers.bytes.per.reducer=<number>
In order to limit the maximum number of reducers:
  set hive.exec.reducers.max=<number>
In order to set a constant number of reducers:
  set mapreduce.job.reduces=<number>
Starting Job = job_1428405026382_0152, Tracking URL = http://f01hn02.hadoop:8088/proxy/application_1428405026382_0152/
Kill Command = /usr/hdp/2.2.0.0-2041/hadoop/bin/hadoop job  -kill job_1428405026382_0152
Hadoop job information for Stage-12: number of mappers: 11; number of reducers: 24
2015-04-07 15:29:31,850 Stage-12 map = 0%,  reduce = 0%
2015-04-07 15:29:42,393 Stage-12 map = 26%,  reduce = 0%, Cumulative CPU 55.03 sec
2015-04-07 15:29:43,457 Stage-12 map = 33%,  reduce = 0%, Cumulative CPU 86.61 sec
2015-04-07 15:29:45,573 Stage-12 map = 52%,  reduce = 0%, Cumulative CPU 108.36 sec
2015-04-07 15:29:46,631 Stage-12 map = 61%,  reduce = 0%, Cumulative CPU 120.59 sec
2015-04-07 15:29:47,672 Stage-12 map = 64%,  reduce = 0%, Cumulative CPU 122.4 sec
2015-04-07 15:29:48,732 Stage-12 map = 74%,  reduce = 0%, Cumulative CPU 140.98 sec
2015-04-07 15:29:51,900 Stage-12 map = 82%,  reduce = 0%, Cumulative CPU 157.21 sec
2015-04-07 15:29:54,018 Stage-12 map = 82%,  reduce = 8%, Cumulative CPU 161.03 sec
2015-04-07 15:29:55,077 Stage-12 map = 85%,  reduce = 16%, Cumulative CPU 180.2 sec
2015-04-07 15:29:56,141 Stage-12 map = 88%,  reduce = 18%, Cumulative CPU 182.57 sec
2015-04-07 15:29:57,178 Stage-12 map = 88%,  reduce = 19%, Cumulative CPU 184.28 sec
2015-04-07 15:29:58,241 Stage-12 map = 88%,  reduce = 20%, Cumulative CPU 197.71 sec
2015-04-07 15:30:00,361 Stage-12 map = 88%,  reduce = 21%, Cumulative CPU 200.58 sec
2015-04-07 15:30:03,544 Stage-12 map = 97%,  reduce = 21%, Cumulative CPU 228.82 sec
2015-04-07 15:30:04,600 Stage-12 map = 97%,  reduce = 23%, Cumulative CPU 232.95 sec
2015-04-07 15:30:05,655 Stage-12 map = 100%,  reduce = 24%, Cumulative CPU 235.65 sec
2015-04-07 15:30:06,715 Stage-12 map = 100%,  reduce = 33%, Cumulative CPU 241.09 sec
2015-04-07 15:30:07,778 Stage-12 map = 100%,  reduce = 39%, Cumulative CPU 247.29 sec
2015-04-07 15:30:08,830 Stage-12 map = 100%,  reduce = 55%, Cumulative CPU 283.99 sec
2015-04-07 15:30:09,891 Stage-12 map = 100%,  reduce = 73%, Cumulative CPU 332.92 sec
2015-04-07 15:30:10,948 Stage-12 map = 100%,  reduce = 77%, Cumulative CPU 353.34 sec
2015-04-07 15:30:12,010 Stage-12 map = 100%,  reduce = 100%, Cumulative CPU 421.56 sec
MapReduce Total cumulative CPU time: 7 minutes 1 seconds 560 msec
Ended Job = job_1428405026382_0152
Launching Job 8 out of 18
Number of reduce tasks not specified. Estimated from input data size: 15
In order to change the average load for a reducer (in bytes):
  set hive.exec.reducers.bytes.per.reducer=<number>
In order to limit the maximum number of reducers:
  set hive.exec.reducers.max=<number>
In order to set a constant number of reducers:
  set mapreduce.job.reduces=<number>
Starting Job = job_1428405026382_0153, Tracking URL = http://f01hn02.hadoop:8088/proxy/application_1428405026382_0153/
Kill Command = /usr/hdp/2.2.0.0-2041/hadoop/bin/hadoop job  -kill job_1428405026382_0153
Hadoop job information for Stage-28: number of mappers: 10; number of reducers: 15
2015-04-07 15:30:24,715 Stage-28 map = 0%,  reduce = 0%
2015-04-07 15:30:33,171 Stage-28 map = 10%,  reduce = 0%, Cumulative CPU 5.68 sec
2015-04-07 15:30:34,234 Stage-28 map = 30%,  reduce = 0%, Cumulative CPU 20.83 sec
2015-04-07 15:30:35,289 Stage-28 map = 58%,  reduce = 0%, Cumulative CPU 77.51 sec
2015-04-07 15:30:36,349 Stage-28 map = 64%,  reduce = 0%, Cumulative CPU 78.68 sec
2015-04-07 15:30:38,470 Stage-28 map = 76%,  reduce = 0%, Cumulative CPU 94.07 sec
2015-04-07 15:30:41,636 Stage-28 map = 83%,  reduce = 0%, Cumulative CPU 105.56 sec
2015-04-07 15:30:44,808 Stage-28 map = 87%,  reduce = 20%, Cumulative CPU 116.47 sec
2015-04-07 15:30:45,870 Stage-28 map = 87%,  reduce = 23%, Cumulative CPU 117.46 sec
2015-04-07 15:30:47,993 Stage-28 map = 90%,  reduce = 23%, Cumulative CPU 127.01 sec
2015-04-07 15:30:51,160 Stage-28 map = 93%,  reduce = 24%, Cumulative CPU 139.52 sec
2015-04-07 15:30:54,338 Stage-28 map = 93%,  reduce = 27%, Cumulative CPU 150.49 sec
2015-04-07 15:30:55,399 Stage-28 map = 97%,  reduce = 27%, Cumulative CPU 152.13 sec
2015-04-07 15:30:57,514 Stage-28 map = 100%,  reduce = 32%, Cumulative CPU 157.79 sec
2015-04-07 15:30:59,624 Stage-28 map = 100%,  reduce = 67%, Cumulative CPU 195.87 sec
2015-04-07 15:31:00,687 Stage-28 map = 100%,  reduce = 80%, Cumulative CPU 215.28 sec
2015-04-07 15:31:01,742 Stage-28 map = 100%,  reduce = 92%, Cumulative CPU 244.66 sec
2015-04-07 15:31:02,801 Stage-28 map = 100%,  reduce = 100%, Cumulative CPU 265.64 sec
MapReduce Total cumulative CPU time: 4 minutes 25 seconds 640 msec
Ended Job = job_1428405026382_0153
SLF4J: Class path contains multiple SLF4J bindings.
SLF4J: Found binding in [jar:file:/usr/hdp/2.2.0.0-2041/hadoop/lib/slf4j-log4j12-1.7.5.jar!/org/slf4j/impl/StaticLoggerBinder.class]
SLF4J: Found binding in [jar:file:/usr/hdp/2.2.0.0-2041/hive/lib/hive-jdbc-0.14.0.2.2.0.0-2041-standalone.jar!/org/slf4j/impl/StaticLoggerBinder.class]
SLF4J: See http://www.slf4j.org/codes.html#multiple_bindings for an explanation.
SLF4J: Actual binding is of type [org.slf4j.impl.Log4jLoggerFactory]
15/04/07 15:31:09 WARN conf.HiveConf: HiveConf of name hive.optimize.mapjoin.mapreduce does not exist
15/04/07 15:31:09 WARN conf.HiveConf: HiveConf of name hive.heapsize does not exist
15/04/07 15:31:09 WARN conf.HiveConf: HiveConf of name hive.server2.enable.impersonation does not exist
15/04/07 15:31:09 WARN conf.HiveConf: HiveConf of name hive.auto.convert.sortmerge.join.noconditionaltask does not exist
Execution log at: /tmp/root/root_20150407152424_b107b923-e401-4ed9-a663-00aa070e54dc.log
2015-04-07 03:31:10	Starting to launch local task to process map join;	maximum memory = 1065484288
2015-04-07 03:31:24	Processing rows:	200000	Hashtable size:	199999	Memory usage:	79410848	percentage:	0.075
2015-04-07 03:31:26	Processing rows:	300000	Hashtable size:	299999	Memory usage:	107397472	percentage:	0.101
2015-04-07 03:31:29	Processing rows:	400000	Hashtable size:	399999	Memory usage:	134372456	percentage:	0.126
2015-04-07 03:31:29	Processing rows:	500000	Hashtable size:	499999	Memory usage:	158695448	percentage:	0.149
2015-04-07 03:31:31	Processing rows:	600000	Hashtable size:	599999	Memory usage:	183574424	percentage:	0.172
2015-04-07 03:31:32	Processing rows:	700000	Hashtable size:	699999	Memory usage:	208883112	percentage:	0.196
2015-04-07 03:31:35	Processing rows:	800000	Hashtable size:	799999	Memory usage:	236607272	percentage:	0.222
2015-04-07 03:31:37	Processing rows:	900000	Hashtable size:	899999	Memory usage:	262961328	percentage:	0.247
2015-04-07 03:31:40	Processing rows:	1000000	Hashtable size:	999999	Memory usage:	307520112	percentage:	0.289
2015-04-07 03:31:43	Processing rows:	1100000	Hashtable size:	1099999	Memory usage:	325729936	percentage:	0.306
2015-04-07 03:31:45	Processing rows:	1200000	Hashtable size:	1199999	Memory usage:	352175096	percentage:	0.331
2015-04-07 03:31:48	Processing rows:	1300000	Hashtable size:	1299999	Memory usage:	388749632	percentage:	0.365
2015-04-07 03:31:50	Processing rows:	1400000	Hashtable size:	1399999	Memory usage:	421693752	percentage:	0.396
2015-04-07 03:31:51	Processing rows:	1500000	Hashtable size:	1499999	Memory usage:	444250736	percentage:	0.417
2015-04-07 03:31:55	Processing rows:	1600000	Hashtable size:	1599999	Memory usage:	469819336	percentage:	0.441
2015-04-07 03:31:57	Processing rows:	1700000	Hashtable size:	1699999	Memory usage:	482059768	percentage:	0.452
2015-04-07 03:32:00	Processing rows:	1800000	Hashtable size:	1799999	Memory usage:	517759272	percentage:	0.486
2015-04-07 03:32:02	Processing rows:	1900000	Hashtable size:	1899999	Memory usage:	543828608	percentage:	0.51
2015-04-07 03:32:06	Processing rows:	2000000	Hashtable size:	1999999	Memory usage:	565553016	percentage:	0.531
2015-04-07 03:32:07	Processing rows:	2100000	Hashtable size:	2099999	Memory usage:	615880928	percentage:	0.578
Execution failed with exit status: 3
Obtaining error information

Task failed!
Task ID:
  Stage-67

Logs:

/tmp/root/hive.log
FAILED: Execution Error, return code 3 from org.apache.hadoop.hive.ql.exec.mr.MapredLocalTask
MapReduce Jobs Launched: 
Stage-Stage-45: Map: 33   Cumulative CPU: 262.37 sec   HDFS Read: 1020679727 HDFS Write: 108958249 SUCCESS
Stage-Stage-49: Map: 46   Cumulative CPU: 393.37 sec   HDFS Read: 2130493239 HDFS Write: 211154206 SUCCESS
Stage-Stage-53: Map: 46   Cumulative CPU: 390.47 sec   HDFS Read: 2130493239 HDFS Write: 212052549 SUCCESS
Stage-Stage-63: Map: 33   Cumulative CPU: 263.79 sec   HDFS Read: 1020679727 HDFS Write: 109862943 SUCCESS
Stage-Stage-3: Map: 10  Reduce: 15   Cumulative CPU: 264.58 sec   HDFS Read: 283143948 HDFS Write: 106972632 SUCCESS
Stage-Stage-9: Map: 11  Reduce: 24   Cumulative CPU: 423.35 sec   HDFS Read: 530971492 HDFS Write: 205218836 SUCCESS
Stage-Stage-12: Map: 11  Reduce: 24   Cumulative CPU: 421.96 sec   HDFS Read: 531869835 HDFS Write: 206086140 SUCCESS
Stage-Stage-28: Map: 10  Reduce: 15   Cumulative CPU: 265.64 sec   HDFS Read: 284048642 HDFS Write: 107860353 SUCCESS
Total MapReduce CPU Time Spent: 44 minutes 45 seconds 530 msec
hive> 