15/04/07 06:50:30 WARN conf.HiveConf: HiveConf of name hive.optimize.mapjoin.mapreduce does not exist
15/04/07 06:50:30 WARN conf.HiveConf: HiveConf of name hive.heapsize does not exist
15/04/07 06:50:30 WARN conf.HiveConf: HiveConf of name hive.server2.enable.impersonation does not exist
15/04/07 06:50:30 WARN conf.HiveConf: HiveConf of name hive.auto.convert.sortmerge.join.noconditionaltask does not exist

Logging initialized using configuration in file:/etc/hive/conf/hive-log4j.properties
SLF4J: Class path contains multiple SLF4J bindings.
SLF4J: Found binding in [jar:file:/usr/hdp/2.2.0.0-2041/hadoop/lib/slf4j-log4j12-1.7.5.jar!/org/slf4j/impl/StaticLoggerBinder.class]
SLF4J: Found binding in [jar:file:/usr/hdp/2.2.0.0-2041/hive/lib/hive-jdbc-0.14.0.2.2.0.0-2041-standalone.jar!/org/slf4j/impl/StaticLoggerBinder.class]
SLF4J: See http://www.slf4j.org/codes.html#multiple_bindings for an explanation.
SLF4J: Actual binding is of type [org.slf4j.impl.Log4jLoggerFactory]
hive> use tpcds_bin_partitioned_orc_100; source query20.sql;
OK
Time taken: 3.033 seconds
Query ID = root_20150407065050_68b881df-bbe9-46c2-998d-b521da4420d2
Total jobs = 3
SLF4J: Class path contains multiple SLF4J bindings.
SLF4J: Found binding in [jar:file:/usr/hdp/2.2.0.0-2041/hadoop/lib/slf4j-log4j12-1.7.5.jar!/org/slf4j/impl/StaticLoggerBinder.class]
SLF4J: Found binding in [jar:file:/usr/hdp/2.2.0.0-2041/hive/lib/hive-jdbc-0.14.0.2.2.0.0-2041-standalone.jar!/org/slf4j/impl/StaticLoggerBinder.class]
SLF4J: See http://www.slf4j.org/codes.html#multiple_bindings for an explanation.
SLF4J: Actual binding is of type [org.slf4j.impl.Log4jLoggerFactory]
15/04/07 06:50:57 WARN conf.HiveConf: HiveConf of name hive.optimize.mapjoin.mapreduce does not exist
15/04/07 06:50:57 WARN conf.HiveConf: HiveConf of name hive.heapsize does not exist
15/04/07 06:50:57 WARN conf.HiveConf: HiveConf of name hive.server2.enable.impersonation does not exist
15/04/07 06:50:57 WARN conf.HiveConf: HiveConf of name hive.auto.convert.sortmerge.join.noconditionaltask does not exist
Execution log at: /tmp/root/root_20150407065050_68b881df-bbe9-46c2-998d-b521da4420d2.log
2015-04-07 06:50:58	Starting to launch local task to process map join;	maximum memory = 1065484288
2015-04-07 06:51:05	Dump the side-table for tag: 1 with group count: 31 into file: file:/tmp/root/eb96bee7-356c-4bd0-a0af-baf88b5978d9/hive_2015-04-07_06-50-37_755_2603815145419111116-1/-local-10008/HashTable-Stage-3/MapJoin-mapfile01--.hashtable
2015-04-07 06:51:05	Uploaded 1 File to: file:/tmp/root/eb96bee7-356c-4bd0-a0af-baf88b5978d9/hive_2015-04-07_06-50-37_755_2603815145419111116-1/-local-10008/HashTable-Stage-3/MapJoin-mapfile01--.hashtable (1288 bytes)
2015-04-07 06:51:05	Dump the side-table for tag: 1 with group count: 61071 into file: file:/tmp/root/eb96bee7-356c-4bd0-a0af-baf88b5978d9/hive_2015-04-07_06-50-37_755_2603815145419111116-1/-local-10008/HashTable-Stage-3/MapJoin-mapfile11--.hashtable
2015-04-07 06:51:05	Uploaded 1 File to: file:/tmp/root/eb96bee7-356c-4bd0-a0af-baf88b5978d9/hive_2015-04-07_06-50-37_755_2603815145419111116-1/-local-10008/HashTable-Stage-3/MapJoin-mapfile11--.hashtable (9831971 bytes)
2015-04-07 06:51:05	End of local task; Time Taken: 7.351 sec.
Execution completed successfully
MapredLocal task succeeded
Launching Job 1 out of 3
Number of reduce tasks not specified. Estimated from input data size: 125
In order to change the average load for a reducer (in bytes):
  set hive.exec.reducers.bytes.per.reducer=<number>
In order to limit the maximum number of reducers:
  set hive.exec.reducers.max=<number>
In order to set a constant number of reducers:
  set mapreduce.job.reduces=<number>
Starting Job = job_1428405026382_0009, Tracking URL = http://f01hn02.hadoop:8088/proxy/application_1428405026382_0009/
Kill Command = /usr/hdp/2.2.0.0-2041/hadoop/bin/hadoop job  -kill job_1428405026382_0009
Hadoop job information for Stage-3: number of mappers: 33; number of reducers: 125
2015-04-07 06:51:25,452 Stage-3 map = 0%,  reduce = 0%
2015-04-07 06:51:33,079 Stage-3 map = 3%,  reduce = 0%, Cumulative CPU 5.22 sec
2015-04-07 06:51:34,158 Stage-3 map = 6%,  reduce = 0%, Cumulative CPU 5.22 sec
2015-04-07 06:51:36,308 Stage-3 map = 52%,  reduce = 0%, Cumulative CPU 287.79 sec
2015-04-07 06:51:37,362 Stage-3 map = 85%,  reduce = 0%, Cumulative CPU 315.46 sec
2015-04-07 06:51:38,439 Stage-3 map = 100%,  reduce = 0%, Cumulative CPU 335.46 sec
2015-04-07 06:51:40,581 Stage-3 map = 100%,  reduce = 6%, Cumulative CPU 350.65 sec
2015-04-07 06:51:41,635 Stage-3 map = 100%,  reduce = 30%, Cumulative CPU 410.74 sec
2015-04-07 06:51:42,690 Stage-3 map = 100%,  reduce = 38%, Cumulative CPU 431.87 sec
2015-04-07 06:51:43,777 Stage-3 map = 100%,  reduce = 46%, Cumulative CPU 451.27 sec
2015-04-07 06:51:44,836 Stage-3 map = 100%,  reduce = 57%, Cumulative CPU 476.76 sec
2015-04-07 06:51:45,886 Stage-3 map = 100%,  reduce = 77%, Cumulative CPU 527.41 sec
2015-04-07 06:51:46,935 Stage-3 map = 100%,  reduce = 90%, Cumulative CPU 559.98 sec
2015-04-07 06:51:48,005 Stage-3 map = 100%,  reduce = 100%, Cumulative CPU 582.48 sec
MapReduce Total cumulative CPU time: 9 minutes 42 seconds 480 msec
Ended Job = job_1428405026382_0009
Launching Job 2 out of 3
Number of reduce tasks not specified. Estimated from input data size: 1
In order to change the average load for a reducer (in bytes):
  set hive.exec.reducers.bytes.per.reducer=<number>
In order to limit the maximum number of reducers:
  set hive.exec.reducers.max=<number>
In order to set a constant number of reducers:
  set mapreduce.job.reduces=<number>
Starting Job = job_1428405026382_0010, Tracking URL = http://f01hn02.hadoop:8088/proxy/application_1428405026382_0010/
Kill Command = /usr/hdp/2.2.0.0-2041/hadoop/bin/hadoop job  -kill job_1428405026382_0010
Hadoop job information for Stage-4: number of mappers: 4; number of reducers: 1
2015-04-07 06:51:55,024 Stage-4 map = 0%,  reduce = 0%
2015-04-07 06:52:00,370 Stage-4 map = 50%,  reduce = 0%, Cumulative CPU 4.77 sec
2015-04-07 06:52:01,445 Stage-4 map = 100%,  reduce = 0%, Cumulative CPU 10.91 sec
2015-04-07 06:52:07,866 Stage-4 map = 100%,  reduce = 100%, Cumulative CPU 14.52 sec
MapReduce Total cumulative CPU time: 14 seconds 520 msec
Ended Job = job_1428405026382_0010
Launching Job 3 out of 3
Number of reduce tasks determined at compile time: 1
In order to change the average load for a reducer (in bytes):
  set hive.exec.reducers.bytes.per.reducer=<number>
In order to limit the maximum number of reducers:
  set hive.exec.reducers.max=<number>
In order to set a constant number of reducers:
  set mapreduce.job.reduces=<number>
Starting Job = job_1428405026382_0011, Tracking URL = http://f01hn02.hadoop:8088/proxy/application_1428405026382_0011/
Kill Command = /usr/hdp/2.2.0.0-2041/hadoop/bin/hadoop job  -kill job_1428405026382_0011
Hadoop job information for Stage-5: number of mappers: 1; number of reducers: 1
2015-04-07 06:52:14,595 Stage-5 map = 0%,  reduce = 0%
2015-04-07 06:52:20,962 Stage-5 map = 100%,  reduce = 0%, Cumulative CPU 2.88 sec
2015-04-07 06:52:26,310 Stage-5 map = 100%,  reduce = 100%, Cumulative CPU 4.26 sec
MapReduce Total cumulative CPU time: 4 seconds 260 msec
Ended Job = job_1428405026382_0011
MapReduce Jobs Launched: 
Stage-Stage-3: Map: 33  Reduce: 125   Cumulative CPU: 582.48 sec   HDFS Read: 852025267 HDFS Write: 5059747 SUCCESS
Stage-Stage-4: Map: 4  Reduce: 1   Cumulative CPU: 14.52 sec   HDFS Read: 5092952 HDFS Write: 5295927 SUCCESS
Stage-Stage-5: Map: 1  Reduce: 1   Cumulative CPU: 4.26 sec   HDFS Read: 5296333 HDFS Write: 16448 SUCCESS
Total MapReduce CPU Time Spent: 10 minutes 1 seconds 260 msec
OK
	Books		NULL	AAAAAAAACFDMAAAA	33235.429611206055	2.715482304423252
Present fields use elements. Creatures could put perhaps rich resources. Final, static properties walk for a factors. Given, other women shall not stop; alr	Books		NULL	AAAAAAAAEIPLCAAA	18630.24996471405	1.5221742188373983
	Books		NULL	AAAAAAAAFAFECAAA	45364.70038604736	3.706497631739325
Now other policies will send vertical policies.	Books		NULL	AAAAAAAAFKOHBAAA	16912.46014404297	1.381823156271987
	Books		82.97	AAAAAAAAGFLDAAAA	34140.42997550964	2.78942485619741
Approximately impossible men increase also special entries. Years would not insist political years. Relationships increase just large, small schools	Books		NULL	AAAAAAAAGJLFAAAA	61178.50919532776	4.998556091325314
Hands complete very by a schools. Growing, public animals would support british exhibitions. Armed areas select brilliant streets. Broad, basic hours	Books		NULL	AAAAAAAAHLGEAAAA	37659.56984567642	3.0769542233823057
	Books		NULL	AAAAAAAAJILPAAAA	32520.91040802002	2.6571029100504444
Authorities bring in a organisations. Alternatively old years cannot take etc strong other differences. So final attitudes sh	Books		NULL	AAAAAAAAKGLLCAAA	44137.049865722656	3.606193128293589
Important, remarkable millions should attend especially important ideas; right, new conflicts sh	Books		0.52	AAAAAAAAKICPCAAA	32040.589876890182	2.6178585880124206
	Books		NULL	AAAAAAAAKLNPBAAA	7538.109924316406	0.6158970817508772
Much vital girls connect more unemployed, able degrees. Too important sources shall declare sites. Local,	Books		0.89	AAAAAAAALJOECAAA	26217.150344848633	2.142057697663592
Therefore modern visitors may gain	Books		9.92	AAAAAAAAMNJHAAAA	45368.569637298584	3.70681376676231
Of course common authorities would not preserve just to a ris	Books		4.17	AAAAAAAANFJNAAAA	37755.00018310547	3.0847513060626013
	Books		NULL	AAAAAAAAPHPCBAAA	10852.030014038086	0.8866590808338607
Perhaps old ships will give more. Main poets describe less than. Right, brief words work long ago maj	Books	arts	1.05	AAAAAAAAAAHMAAAA	29712.249355316162	0.1376811542634937
Conditions shall occur once again after a products; agricultural, public walls give now a little public sides. Still alternative seats	Books	arts	6.5	AAAAAAAAAANEAAAA	2660.819980621338	0.012329755375917567
No longer soft cameras mean select, small policies. Also famous arms could want irish, different connections. Attacks should remove black r	Books	arts	1.52	AAAAAAAAABEDAAAA	48089.75033569336	0.22283914809959837
Now pleased representations used to require then hundreds; naturally modest computers apply only. Children m	Books	arts	4.93	AAAAAAAAABEGCAAA	41052.10035324097	0.19022795931684353
Reports take more welsh c	Books	arts	2.69	AAAAAAAAABIGCAAA	35494.52040100098	0.16447514560066664
Traditional years get other reasons	Books	arts	7.22	AAAAAAAAABOABAAA	34279.79025268555	0.1588463072404767
Far particular products turn specif	Books	arts	3.41	AAAAAAAAABOFAAAA	14259.570190429688	0.06607625224336622
Light tears overcome real, vulnerable clothes. Serious, recent dates s	Books	arts	1.88	AAAAAAAAACBLAAAA	43106.980030059814	0.19974989763910636
Carefully private markets could inquire. Sideways new object	Books	arts	1.5	AAAAAAAAACGNBAAA	37996.2902469635	0.17606789160836983
Here elderly units ignore; eyes may reach others. Products include again. Extra, expected ministers look for example. Friendly ears give in a products. Results g	Books	arts	9.1	AAAAAAAAACJIAAAA	40242.60939502716	0.1864769255879617
Results mix both; nearby, contrary workers store. Members suspend previously. Then permanent efforts date only familiar pie	Books	arts	1.93	AAAAAAAAACNLAAAA	23529.92989730835	0.10903341141423424
Units strengthen; facilities would admit there as social fortunes. Also old priorities would grow; films target around by a rights. Steadily other pr	Books	arts	1.83	AAAAAAAAADKPBAAA	40507.98016166687	0.18770660540862483
Irrelevant, only countries get as well wild clients. Words unload other circumstances. Now upper conditions mention later. Already possible days take able, live 	Books	arts	2.62	AAAAAAAAAEBECAAA	57189.900091171265	0.2650075853431649
Interests move only different, warm bodies; about chief systems would work much. Perhaps great forms must appoint in order men. Patients may not pass available, physical centres. Hap	Books	arts	7.0	AAAAAAAAAEDGBAAA	14618.599774360657	0.06773992997234682
Broken sales must not know relatively like the eyes. Parents may not wash	Books	arts	5.97	AAAAAAAAAEHHBAAA	41342.690353393555	0.1915745004743301
Regional, 	Books	arts	8.32	AAAAAAAAAEIOCAAA	34554.03007507324	0.16011708465082436
Optio	Books	arts	2.49	AAAAAAAAAEKACAAA	19904.239749908447	0.09223262334443166
Public, quiet sons call. Responses may wish entirely to a hands. 	Books	arts	0.51	AAAAAAAAAFLCCAAA	24547.06024169922	0.11374660825697357
National, upper principles fill relatives. Components make. Rarely unusual plants might not deal	Books	arts	7.27	AAAAAAAAAFOAAAAA	15602.110149383545	0.07229733799770202
Residential questions mean closely very possible aspirations. Human, dead miles can exploit nor	Books	arts	5.54	AAAAAAAAAFPGCAAA	31195.330263137817	0.14455348118876907
Main, spatial results must draw here probable dishes. Terrible, average churches c	Books	arts	9.67	AAAAAAAAAFPJAAAA	33216.10018634796	0.1539173611226437
Badly difficult intervals should not get today new followers. Standards examine. Young, actual departments might knock special, national assumptions. Successful wi	Books	arts	0.29	AAAAAAAAAGABAAAA	36688.349918842316	0.17000713424429376
Frequent, late lights should master other farmers; economic, other buildings complete automatically reliable patterns; authorities hold pric	Books	arts	2.46	AAAAAAAAAGDDCAAA	39253.530071258545	0.18189371206797103
Statistical elections ought to help men. Following, present changes will find dark services. Victims	Books	arts	2.2	AAAAAAAAAGGACAAA	18849.479997098446	0.08734505867368164
Enemies could shake political, weak bedrooms. Here sensible stones fall running, environmental tonnes; sensi	Books	arts	3.02	AAAAAAAAAGKHAAAA	12805.76995563507	0.059339606626219496
Professional words should complete too likely da	Books	arts	3.36	AAAAAAAAAHAKCAAA	24590.10009765625	0.1139460471138785
Formal, giant fac	Books	arts	3.84	AAAAAAAAAHFJCAAA	34864.18975830078	0.16155430815693117
Ago effective earnin	Books	arts	3.18	AAAAAAAAAHJBDAAA	13951.34004020691	0.06464796984192328
General, elderly grounds explore. Mild patients confuse always socialist systems. Eager, good pages control. Other, total days might not get general	Books	arts	72.63	AAAAAAAAAHKCBAAA	64610.73003196716	0.2993943602932434
Main events pose characters; close quiet lines write never bright, productive shares. C	Books	arts	3.53	AAAAAAAAAIEHAAAA	18724.110103607178	0.08676411741139782
Again democratic layers should suggest best subjects. Prices think as wild rates. Images say so yet re	Books	arts	3.78	AAAAAAAAAIHDBAAA	33418.69975852966	0.15485617065596757
Quick layers ensure similar, mutual orders. All true sales must not reveal only academic, local schemes; proportions forgive for a chemicals; new jobs used to maintain most large women; civil	Books	arts	0.38	AAAAAAAAAIJCBAAA	31411.260399341583	0.14555406212888186
Substantial, past qualifications would attack. Independent, fine passen	Books	arts	0.47	AAAAAAAAAIKOAAAA	51920.00054550171	0.24058783025751948
Too different clients might not wear only; positive, supreme products may depend present, british organisations. Things ought to stick never doors. Often soci	Books	arts	63.65	AAAAAAAAAJCIBAAA	24527.019897460938	0.11365374495020845
Brief circles will find often deliberately modern friends. Totally burning results beat. Even unable members join grateful, grey 	Books	arts	0.95	AAAAAAAAAJCMCAAA	40055.319915771484	0.18560906023798554
Later full days shall not rise; general, availab	Books	arts	1.72	AAAAAAAAAJCOAAAA	20974.700008392334	0.09719294130012657
Only political bars close more both theoretical thoughts. Less military babies ought to warn perhaps high, early manufacturers; stron	Books	arts	9.53	AAAAAAAAAJFDCAAA	38829.75967025757	0.17993003717904585
Soon wooden contracts come somehow crucial pieces. Besides final terms can make still taxes. Willing areas find tonight over adequate level	Books	arts	3.61	AAAAAAAAAKBNCAAA	18772.06004714966	0.08698630872027012
Broad ears might contain active tools; ever local cor	Books	arts	2.84	AAAAAAAAAKEOBAAA	23081.08006668091	0.10695352301424332
New agencies shall remember just social areas. Very colleagues save available, general surveys. Softly bright subjects go then im	Books	arts	7.85	AAAAAAAAAKKGCAAA	18623.39999771118	0.08629744511540491
Regulations go almost. Complex operations may stay at present countries. Widely special modules can rest also in ne	Books	arts	76.12	AAAAAAAAAKLCAAAA	22176.910095214844	0.10276376397469203
Citizens might not get from a questio	Books	arts	7.33	AAAAAAAAAKMBDAAA	49298.70988845825	0.2284412465705701
Low real movements play heavily sorts. More light stations tell real, new eggs. Distinguished, ter	Books	arts	7.88	AAAAAAAAALBNAAAA	57934.81100463867	0.26845936690178035
Armed, everyday guidelines get sooner international planes. Dry thousands would not identify universally useful, above sectors. Very open odds used to get much under a arms. Good beds stay 	Books	arts	3.83	AAAAAAAAALINAAAA	34282.36030960083	0.15885821641633163
Children apply so. White costs use 	Books	arts	4.47	AAAAAAAAALMCBAAA	20783.339921951294	0.09630621349752584
Parents check free, similar memories. Private, recent forces tell further most early entries; other elements proceed apparently financial thanks. Royal	Books	arts	4.01	AAAAAAAAAMJGBAAA	28211.940559387207	0.13072899644114383
White, key needs shall not introduce too also commercial restrictions. British courts improve demands. Increa	Books	arts	4.01	AAAAAAAAAMMFCAAA	20025.669830322266	0.09279530823017533
Alone blue babies should show significant leaders. Lucky, wealthy doors make quickly labour readers. General periods go perh	Books	arts	0.55	AAAAAAAAANJCCAAA	32913.13022232056	0.1525134534663895
Obviously independent sites could hasten entirely dead, japanese changes. Dark men can mean much busy emplo	Books	arts	0.69	AAAAAAAAANJFCAAA	21250.780212402344	0.09847224670386229
In general average expectations will not hear especially straight soft times. Now formidable weeks might get enough primary demands. Wide, industrial women used to develop so coherent	Books	arts	2.89	AAAAAAAAANOPCAAA	39612.66969680786	0.18355789970977748
Desirable friends would reflect however other hands. Involved personnel find again. Good items care firmly physical democrats; entries recognize well just social services.	Books	arts	5.54	AAAAAAAAAOIKAAAA	37898.56997680664	0.17561507366687898
Small thousands must not monitor more questions. Basic, fortunate folk find ever for a arm	Books	arts	1.0	AAAAAAAAAOLIBAAA	16460.170166015625	0.07627343190107792
Dry items manage hard, following arms. Per	Books	arts	2.91	AAAAAAAAAOLJBAAA	6262.899980545044	0.029021138320649318
Huge telecommunications occur new bones. Hard rights may	Books	arts	0.29	AAAAAAAAAONKBAAA	36314.749740600586	0.16827593903391952
Initiatives take on a imports. Nonethe	Books	arts	3.94	AAAAAAAAAPDICAAA	28389.870162963867	0.13155348983123102
New, expected possibilities will not determine with a areas. Great friends fall probably other elections; internal, professional conservatives respond. Early planes establish in 	Books	arts	7.03	AAAAAAAAAPEDAAAA	27766.76987838745	0.1286661565507218
Homes paint response	Books	arts	4.6	AAAAAAAAAPFLAAAA	23177.96005344391	0.1074024472354644
Periods shall 	Books	arts	2.27	AAAAAAAAAPGEAAAA	30072.70994949341	0.13935146303343365
Badly fine gifts should allow more clear, modern materials. For example sudden price	Books	arts	7.23	AAAAAAAAAPGPBAAA	26301.759963989258	0.12187756731906486
Elements could stand more	Books	arts	4.95	AAAAAAAAAPLNCAAA	40216.1192779541	0.18635417520809047
Badly outside representatives should tax original decisions. Signs trust well front, literary laws. Social sizes can involve for example to a effects. Lists might appear small purposes. Conv	Books	arts	1.48	AAAAAAAAAPODAAAA	23632.219692230225	0.10950740370158356
However compatible interests should not comment advisory games. High commitments could take problems	Books	arts	0.44	AAAAAAAAAPOOBAAA	21282.57981491089	0.09861960027262578
Gover	Books	arts	0.73	AAAAAAAABDAKCAAA	45117.30001831055	0.20906535447683686
Liberal rules would believe actions. Heavy classes used to analyse by a blacks; fields might not solve most young children. Very absolute hands try most able, senior shapes	Books	arts	7.77	AAAAAAAABDIJBAAA	34643.419692993164	0.16053129986648207
Desirable, clear patients should forgive in a thousands. Natural quan	Books	arts	7.19	AAAAAAAABDJECAAA	45959.09987926483	0.21296610177903658
Adjacent, clear subjects shall not say deeply else rough boundaries. 	Books	arts	4.14	AAAAAAAABDMADAAA	37415.22983932495	0.17337536346404145
Words would advance fo	Books	arts	2.4	AAAAAAAABEEABAAA	21188.100049972534	0.0981817982423689
Weekly shows cannot suppose	Books	arts	8.71	AAAAAAAABELFBAAA	19717.850051879883	0.09136892741685271
Whole, different improvements used to distinguish as possible scales. Once flat c	Books	arts	0.65	AAAAAAAABFDGBAAA	34034.76918029785	0.15771092419822372
Little days answer in a emotions; players touch.	Books	arts	2.58	AAAAAAAABFHDAAAA	42169.900089263916	0.195407639793089
As model thousands respond rather. Pounds ought to dedu	Books	arts	1.63	AAAAAAAABFNMAAAA	28768.499478578568	0.13330798914861444
Direct, dark years spend now to a programmes. Local, grand employers should alert far games. Used, present friends follow. Written firms used to get eve	Books	arts	24.48	AAAAAAAABGFOCAAA	22917.879776000977	0.10619728257858171
Minor heads close common children; recently strong firms provide. Useful, young men ought to create changes. Popular, common regulations might decide. Points fit. Obvious, glad officials 	Books	arts	3.88	AAAAAAAABHDCAAAA	35064.41022109985	0.16248209333050354
Video-taped, easy buildings replace actually free, formal stars. Large others could not help. Things deal gently goods. Additional, mediterranean minutes describe no	Books	arts	9.36	AAAAAAAABIDKAAAA	45475.9895324707	0.21072745638441076
Very red months used to help until a drugs. As well remaining transactions choose plea	Books	arts	1.99	AAAAAAAABIHMAAAA	28669.390697479248	0.13284873710020093
Companies get personally. Clever customers keep then opinions. Well obvious centres mention further both great f	Books	arts	1.79	AAAAAAAABJGNCAAA	17209.380054473877	0.07974513412715323
Most original children face so. National, dead relationships must participate patients. Strong eyes result huge others. Medical hands can mean so high, proper minutes. Employees may not expect al	Books	arts	2.04	AAAAAAAABKBBDAAA	48357.62929916382	0.22408045044774666
French books undergo so technical figures; beings test then friends. Top, constant proceedings will not face too. Weakly public cuts change organic, resp	Books	arts	2.01	AAAAAAAABKDIAAAA	19602.41018295288	0.09083400008059393
Different, wild members see in a areas. Stairs shall achieve able police. Relat	Books	arts	5.34	AAAAAAAABLOMCAAA	45752.20993518829	0.2120074114434336
Yet electronic keys could not serve followers. Very relevant advertisements include neither before new reforms. Local, quiet arms would know other, other candidat	Books	arts	7.4	AAAAAAAABMIKAAAA	56209.8406791687	0.26046616845218246
Key girls cannot come cars. Rumours would imagine	Books	arts	8.87	AAAAAAAABMLNAAAA	42661.86958694458	0.19768733688007464
Private laws make respectively	Books	arts	59.57	AAAAAAAABNMJCAAA	24504.419708251953	0.11354901978788041
Quiet files can return mentally to a drugs. So british colleagues must not let for a cultures. Skills end careful, reasonable masters. Things might finance more than however final votes. Expected, old	Books	arts	1.11	AAAAAAAABNNFCAAA	53526.59980010986	0.24803251871473123
Most different rules must step away defendants.	Books	arts	1.04	AAAAAAAABOBLBAAA	34204.78012084961	0.15849872394548184
Local, religious hours turn always other prices. Tonight subject stars bring firmly members; high, full-time officials find over positions. Benefits may not relax far so various bonds. Direct feat	Books	arts	9.66	AAAAAAAABOFFAAAA	44962.11097717285	0.20834623671306984
Time taken: 109.664 seconds, Fetched: 100 row(s)
hive> 