15/04/07 16:29:21 WARN conf.HiveConf: HiveConf of name hive.optimize.mapjoin.mapreduce does not exist
15/04/07 16:29:21 WARN conf.HiveConf: HiveConf of name hive.heapsize does not exist
15/04/07 16:29:21 WARN conf.HiveConf: HiveConf of name hive.server2.enable.impersonation does not exist
15/04/07 16:29:21 WARN conf.HiveConf: HiveConf of name hive.auto.convert.sortmerge.join.noconditionaltask does not exist

Logging initialized using configuration in file:/etc/hive/conf/hive-log4j.properties
SLF4J: Class path contains multiple SLF4J bindings.
SLF4J: Found binding in [jar:file:/usr/hdp/2.2.0.0-2041/hadoop/lib/slf4j-log4j12-1.7.5.jar!/org/slf4j/impl/StaticLoggerBinder.class]
SLF4J: Found binding in [jar:file:/usr/hdp/2.2.0.0-2041/hive/lib/hive-jdbc-0.14.0.2.2.0.0-2041-standalone.jar!/org/slf4j/impl/StaticLoggerBinder.class]
SLF4J: See http://www.slf4j.org/codes.html#multiple_bindings for an explanation.
SLF4J: Actual binding is of type [org.slf4j.impl.Log4jLoggerFactory]
hive> use tpcds_bin_partitioned_orc_100; source query94.sql;
OK
Time taken: 2.742 seconds
Query ID = root_20150407162929_68ec5bf3-7bfc-40f6-a6a7-df1965b1dce2
Total jobs = 5
Stage-7 is selected by condition resolver.
SLF4J: Class path contains multiple SLF4J bindings.
SLF4J: Found binding in [jar:file:/usr/hdp/2.2.0.0-2041/hadoop/lib/slf4j-log4j12-1.7.5.jar!/org/slf4j/impl/StaticLoggerBinder.class]
SLF4J: Found binding in [jar:file:/usr/hdp/2.2.0.0-2041/hive/lib/hive-jdbc-0.14.0.2.2.0.0-2041-standalone.jar!/org/slf4j/impl/StaticLoggerBinder.class]
SLF4J: See http://www.slf4j.org/codes.html#multiple_bindings for an explanation.
SLF4J: Actual binding is of type [org.slf4j.impl.Log4jLoggerFactory]
15/04/07 16:29:58 WARN conf.HiveConf: HiveConf of name hive.optimize.mapjoin.mapreduce does not exist
15/04/07 16:29:58 WARN conf.HiveConf: HiveConf of name hive.heapsize does not exist
15/04/07 16:29:58 WARN conf.HiveConf: HiveConf of name hive.server2.enable.impersonation does not exist
15/04/07 16:29:58 WARN conf.HiveConf: HiveConf of name hive.auto.convert.sortmerge.join.noconditionaltask does not exist
Execution log at: /tmp/root/root_20150407162929_68ec5bf3-7bfc-40f6-a6a7-df1965b1dce2.log
2015-04-07 04:30:00	Starting to launch local task to process map join;	maximum memory = 1065484288
2015-04-07 04:30:06	Dump the side-table for tag: 1 with group count: 62 into file: file:/tmp/root/67f97d0d-56ad-4cb9-a450-d78dc8de9177/hive_2015-04-07_16-29-28_461_8540214072026607368-1/-local-10011/HashTable-Stage-13/MapJoin-mapfile11--.hashtable
2015-04-07 04:30:06	Uploaded 1 File to: file:/tmp/root/67f97d0d-56ad-4cb9-a450-d78dc8de9177/hive_2015-04-07_16-29-28_461_8540214072026607368-1/-local-10011/HashTable-Stage-13/MapJoin-mapfile11--.hashtable (1570 bytes)
2015-04-07 04:30:06	Dump the side-table for tag: 1 with group count: 2 into file: file:/tmp/root/67f97d0d-56ad-4cb9-a450-d78dc8de9177/hive_2015-04-07_16-29-28_461_8540214072026607368-1/-local-10011/HashTable-Stage-13/MapJoin-mapfile21--.hashtable
2015-04-07 04:30:06	Uploaded 1 File to: file:/tmp/root/67f97d0d-56ad-4cb9-a450-d78dc8de9177/hive_2015-04-07_16-29-28_461_8540214072026607368-1/-local-10011/HashTable-Stage-13/MapJoin-mapfile21--.hashtable (296 bytes)
2015-04-07 04:30:06	Dump the side-table for tag: 1 with group count: 79639 into file: file:/tmp/root/67f97d0d-56ad-4cb9-a450-d78dc8de9177/hive_2015-04-07_16-29-28_461_8540214072026607368-1/-local-10011/HashTable-Stage-13/MapJoin-mapfile31--.hashtable
2015-04-07 04:30:06	Uploaded 1 File to: file:/tmp/root/67f97d0d-56ad-4cb9-a450-d78dc8de9177/hive_2015-04-07_16-29-28_461_8540214072026607368-1/-local-10011/HashTable-Stage-13/MapJoin-mapfile31--.hashtable (1675595 bytes)
2015-04-07 04:30:06	End of local task; Time Taken: 6.472 sec.
Execution completed successfully
MapredLocal task succeeded
Launching Job 1 out of 5
Number of reduce tasks not specified. Estimated from input data size: 68
In order to change the average load for a reducer (in bytes):
  set hive.exec.reducers.bytes.per.reducer=<number>
In order to limit the maximum number of reducers:
  set hive.exec.reducers.max=<number>
In order to set a constant number of reducers:
  set mapreduce.job.reduces=<number>
Starting Job = job_1428405026382_0193, Tracking URL = http://f01hn02.hadoop:8088/proxy/application_1428405026382_0193/
Kill Command = /usr/hdp/2.2.0.0-2041/hadoop/bin/hadoop job  -kill job_1428405026382_0193
Hadoop job information for Stage-7: number of mappers: 18; number of reducers: 68
2015-04-07 16:30:23,452 Stage-7 map = 0%,  reduce = 0%
2015-04-07 16:30:34,205 Stage-7 map = 19%,  reduce = 0%, Cumulative CPU 135.4 sec
2015-04-07 16:30:36,349 Stage-7 map = 21%,  reduce = 0%, Cumulative CPU 141.09 sec
2015-04-07 16:30:37,418 Stage-7 map = 38%,  reduce = 0%, Cumulative CPU 185.55 sec
2015-04-07 16:30:39,556 Stage-7 map = 44%,  reduce = 0%, Cumulative CPU 205.4 sec
2015-04-07 16:30:40,627 Stage-7 map = 56%,  reduce = 0%, Cumulative CPU 235.32 sec
2015-04-07 16:30:42,758 Stage-7 map = 62%,  reduce = 0%, Cumulative CPU 268.47 sec
2015-04-07 16:30:43,824 Stage-7 map = 67%,  reduce = 0%, Cumulative CPU 289.65 sec
2015-04-07 16:30:44,890 Stage-7 map = 69%,  reduce = 0%, Cumulative CPU 291.4 sec
2015-04-07 16:30:52,392 Stage-7 map = 72%,  reduce = 0%, Cumulative CPU 455.31 sec
2015-04-07 16:30:53,453 Stage-7 map = 78%,  reduce = 0%, Cumulative CPU 459.08 sec
2015-04-07 16:30:54,532 Stage-7 map = 83%,  reduce = 0%, Cumulative CPU 464.22 sec
2015-04-07 16:30:55,601 Stage-7 map = 83%,  reduce = 4%, Cumulative CPU 499.87 sec
2015-04-07 16:30:56,669 Stage-7 map = 91%,  reduce = 7%, Cumulative CPU 508.05 sec
2015-04-07 16:30:57,738 Stage-7 map = 100%,  reduce = 10%, Cumulative CPU 523.38 sec
2015-04-07 16:30:58,807 Stage-7 map = 100%,  reduce = 21%, Cumulative CPU 546.49 sec
2015-04-07 16:30:59,873 Stage-7 map = 100%,  reduce = 35%, Cumulative CPU 585.9 sec
2015-04-07 16:31:00,944 Stage-7 map = 100%,  reduce = 53%, Cumulative CPU 671.22 sec
2015-04-07 16:31:02,018 Stage-7 map = 100%,  reduce = 70%, Cumulative CPU 797.92 sec
2015-04-07 16:31:03,088 Stage-7 map = 100%,  reduce = 74%, Cumulative CPU 870.24 sec
2015-04-07 16:31:04,159 Stage-7 map = 100%,  reduce = 82%, Cumulative CPU 967.48 sec
2015-04-07 16:31:05,228 Stage-7 map = 100%,  reduce = 89%, Cumulative CPU 1058.23 sec
2015-04-07 16:31:06,263 Stage-7 map = 100%,  reduce = 97%, Cumulative CPU 1219.73 sec
2015-04-07 16:31:07,331 Stage-7 map = 100%,  reduce = 99%, Cumulative CPU 1288.51 sec
2015-04-07 16:31:08,396 Stage-7 map = 100%,  reduce = 100%, Cumulative CPU 1290.0 sec
MapReduce Total cumulative CPU time: 21 minutes 30 seconds 0 msec
Ended Job = job_1428405026382_0193
Launching Job 2 out of 5
Number of reduce tasks is set to 0 since there's no reduce operator
Starting Job = job_1428405026382_0194, Tracking URL = http://f01hn02.hadoop:8088/proxy/application_1428405026382_0194/
Kill Command = /usr/hdp/2.2.0.0-2041/hadoop/bin/hadoop job  -kill job_1428405026382_0194
Hadoop job information for Stage-13: number of mappers: 18; number of reducers: 0
2015-04-07 16:31:21,893 Stage-13 map = 0%,  reduce = 0%
2015-04-07 16:31:31,412 Stage-13 map = 6%,  reduce = 0%, Cumulative CPU 6.28 sec
2015-04-07 16:31:32,478 Stage-13 map = 45%,  reduce = 0%, Cumulative CPU 77.14 sec
2015-04-07 16:31:33,547 Stage-13 map = 73%,  reduce = 0%, Cumulative CPU 127.87 sec
2015-04-07 16:31:34,612 Stage-13 map = 93%,  reduce = 0%, Cumulative CPU 150.42 sec
2015-04-07 16:31:35,674 Stage-13 map = 100%,  reduce = 0%, Cumulative CPU 157.2 sec
MapReduce Total cumulative CPU time: 2 minutes 37 seconds 200 msec
Ended Job = job_1428405026382_0194
Stage-19 is filtered out by condition resolver.
Stage-2 is selected by condition resolver.
Launching Job 3 out of 5
Number of reduce tasks not specified. Estimated from input data size: 9
In order to change the average load for a reducer (in bytes):
  set hive.exec.reducers.bytes.per.reducer=<number>
In order to limit the maximum number of reducers:
  set hive.exec.reducers.max=<number>
In order to set a constant number of reducers:
  set mapreduce.job.reduces=<number>
Starting Job = job_1428405026382_0195, Tracking URL = http://f01hn02.hadoop:8088/proxy/application_1428405026382_0195/
Kill Command = /usr/hdp/2.2.0.0-2041/hadoop/bin/hadoop job  -kill job_1428405026382_0195
Hadoop job information for Stage-2: number of mappers: 12; number of reducers: 9
2015-04-07 16:31:48,959 Stage-2 map = 0%,  reduce = 0%
2015-04-07 16:31:54,286 Stage-2 map = 8%,  reduce = 0%, Cumulative CPU 2.37 sec
2015-04-07 16:31:56,427 Stage-2 map = 33%,  reduce = 0%, Cumulative CPU 13.46 sec
2015-04-07 16:31:58,558 Stage-2 map = 42%,  reduce = 0%, Cumulative CPU 19.51 sec
2015-04-07 16:31:59,623 Stage-2 map = 56%,  reduce = 0%, Cumulative CPU 50.4 sec
2015-04-07 16:32:00,688 Stage-2 map = 70%,  reduce = 0%, Cumulative CPU 72.64 sec
2015-04-07 16:32:02,819 Stage-2 map = 80%,  reduce = 0%, Cumulative CPU 84.74 sec
2015-04-07 16:32:06,022 Stage-2 map = 83%,  reduce = 22%, Cumulative CPU 98.9 sec
2015-04-07 16:32:07,092 Stage-2 map = 86%,  reduce = 22%, Cumulative CPU 99.5 sec
2015-04-07 16:32:09,222 Stage-2 map = 88%,  reduce = 25%, Cumulative CPU 107.22 sec
2015-04-07 16:32:10,288 Stage-2 map = 91%,  reduce = 25%, Cumulative CPU 107.86 sec
2015-04-07 16:32:12,422 Stage-2 map = 93%,  reduce = 28%, Cumulative CPU 113.81 sec
2015-04-07 16:32:14,552 Stage-2 map = 96%,  reduce = 28%, Cumulative CPU 116.59 sec
2015-04-07 16:32:15,616 Stage-2 map = 97%,  reduce = 31%, Cumulative CPU 121.27 sec
2015-04-07 16:32:25,184 Stage-2 map = 100%,  reduce = 31%, Cumulative CPU 132.06 sec
2015-04-07 16:32:27,321 Stage-2 map = 100%,  reduce = 80%, Cumulative CPU 165.15 sec
2015-04-07 16:32:28,385 Stage-2 map = 100%,  reduce = 97%, Cumulative CPU 178.56 sec
2015-04-07 16:32:29,438 Stage-2 map = 100%,  reduce = 100%, Cumulative CPU 180.38 sec
MapReduce Total cumulative CPU time: 3 minutes 0 seconds 380 msec
Ended Job = job_1428405026382_0195
Launching Job 4 out of 5
Number of reduce tasks determined at compile time: 1
In order to change the average load for a reducer (in bytes):
  set hive.exec.reducers.bytes.per.reducer=<number>
In order to limit the maximum number of reducers:
  set hive.exec.reducers.max=<number>
In order to set a constant number of reducers:
  set mapreduce.job.reduces=<number>
Starting Job = job_1428405026382_0196, Tracking URL = http://f01hn02.hadoop:8088/proxy/application_1428405026382_0196/
Kill Command = /usr/hdp/2.2.0.0-2041/hadoop/bin/hadoop job  -kill job_1428405026382_0196
Hadoop job information for Stage-3: number of mappers: 4; number of reducers: 1
2015-04-07 16:32:35,654 Stage-3 map = 0%,  reduce = 0%
2015-04-07 16:32:42,018 Stage-3 map = 100%,  reduce = 0%, Cumulative CPU 6.55 sec
2015-04-07 16:32:47,335 Stage-3 map = 100%,  reduce = 100%, Cumulative CPU 8.37 sec
MapReduce Total cumulative CPU time: 8 seconds 370 msec
Ended Job = job_1428405026382_0196
MapReduce Jobs Launched: 
Stage-Stage-7: Map: 18  Reduce: 68   Cumulative CPU: 1290.0 sec   HDFS Read: 134856970 HDFS Write: 127190451 SUCCESS
Stage-Stage-13: Map: 18   Cumulative CPU: 157.2 sec   HDFS Read: 761335741 HDFS Write: 275378 SUCCESS
Stage-Stage-2: Map: 12  Reduce: 9   Cumulative CPU: 180.38 sec   HDFS Read: 184588026 HDFS Write: 82414 SUCCESS
Stage-Stage-3: Map: 4  Reduce: 1   Cumulative CPU: 8.37 sec   HDFS Read: 85343 HDFS Write: 43 SUCCESS
Total MapReduce CPU Time Spent: 27 minutes 15 seconds 950 msec
OK
2128	3331167.1605474353	-547717.8387636542
Time taken: 199.977 seconds, Fetched: 1 row(s)
hive> 