15/04/07 09:03:52 WARN conf.HiveConf: HiveConf of name hive.optimize.mapjoin.mapreduce does not exist
15/04/07 09:03:52 WARN conf.HiveConf: HiveConf of name hive.heapsize does not exist
15/04/07 09:03:52 WARN conf.HiveConf: HiveConf of name hive.server2.enable.impersonation does not exist
15/04/07 09:03:52 WARN conf.HiveConf: HiveConf of name hive.auto.convert.sortmerge.join.noconditionaltask does not exist

Logging initialized using configuration in file:/etc/hive/conf/hive-log4j.properties
SLF4J: Class path contains multiple SLF4J bindings.
SLF4J: Found binding in [jar:file:/usr/hdp/2.2.0.0-2041/hadoop/lib/slf4j-log4j12-1.7.5.jar!/org/slf4j/impl/StaticLoggerBinder.class]
SLF4J: Found binding in [jar:file:/usr/hdp/2.2.0.0-2041/hive/lib/hive-jdbc-0.14.0.2.2.0.0-2041-standalone.jar!/org/slf4j/impl/StaticLoggerBinder.class]
SLF4J: See http://www.slf4j.org/codes.html#multiple_bindings for an explanation.
SLF4J: Actual binding is of type [org.slf4j.impl.Log4jLoggerFactory]
hive> use tpcds_bin_partitioned_orc_100; source query56.sql;
OK
Time taken: 2.735 seconds
Query ID = root_20150407090303_ad4c94c9-e503-4d91-a8ca-5d256feef87e
Total jobs = 5
SLF4J: Class path contains multiple SLF4J bindings.
SLF4J: Found binding in [jar:file:/usr/hdp/2.2.0.0-2041/hadoop/lib/slf4j-log4j12-1.7.5.jar!/org/slf4j/impl/StaticLoggerBinder.class]
SLF4J: Found binding in [jar:file:/usr/hdp/2.2.0.0-2041/hive/lib/hive-jdbc-0.14.0.2.2.0.0-2041-standalone.jar!/org/slf4j/impl/StaticLoggerBinder.class]
SLF4J: See http://www.slf4j.org/codes.html#multiple_bindings for an explanation.
SLF4J: Actual binding is of type [org.slf4j.impl.Log4jLoggerFactory]
15/04/07 09:04:31 WARN conf.HiveConf: HiveConf of name hive.optimize.mapjoin.mapreduce does not exist
15/04/07 09:04:31 WARN conf.HiveConf: HiveConf of name hive.heapsize does not exist
15/04/07 09:04:31 WARN conf.HiveConf: HiveConf of name hive.server2.enable.impersonation does not exist
15/04/07 09:04:31 WARN conf.HiveConf: HiveConf of name hive.auto.convert.sortmerge.join.noconditionaltask does not exist
Execution log at: /tmp/root/root_20150407090303_ad4c94c9-e503-4d91-a8ca-5d256feef87e.log
2015-04-07 09:04:32	Starting to launch local task to process map join;	maximum memory = 1065484288
2015-04-07 09:04:39	Processing rows:	200000	Hashtable size:	199999	Memory usage:	33142304	percentage:	0.031
2015-04-07 09:04:40	Processing rows:	300000	Hashtable size:	299999	Memory usage:	40958416	percentage:	0.038
2015-04-07 09:04:41	Processing rows:	400000	Hashtable size:	399999	Memory usage:	53872552	percentage:	0.051
2015-04-07 09:04:43	Processing rows:	200000	Hashtable size:	199999	Memory usage:	109497200	percentage:	0.103
2015-04-07 09:04:43	Dump the side-table for tag: 1 with group count: 6440 into file: file:/tmp/root/2a129684-4674-475d-9a02-357e33a40330/hive_2015-04-07_09-03-59_813_4879217050020680666-1/-local-10020/HashTable-Stage-9/MapJoin-mapfile01--.hashtable
2015-04-07 09:04:44	Uploaded 1 File to: file:/tmp/root/2a129684-4674-475d-9a02-357e33a40330/hive_2015-04-07_09-03-59_813_4879217050020680666-1/-local-10020/HashTable-Stage-9/MapJoin-mapfile01--.hashtable (220288 bytes)
2015-04-07 09:04:44	Dump the side-table for tag: 1 with group count: 204000 into file: file:/tmp/root/2a129684-4674-475d-9a02-357e33a40330/hive_2015-04-07_09-03-59_813_4879217050020680666-1/-local-10020/HashTable-Stage-9/MapJoin-mapfile11--.hashtable
2015-04-07 09:04:44	Uploaded 1 File to: file:/tmp/root/2a129684-4674-475d-9a02-357e33a40330/hive_2015-04-07_09-03-59_813_4879217050020680666-1/-local-10020/HashTable-Stage-9/MapJoin-mapfile11--.hashtable (7928868 bytes)
2015-04-07 09:04:44	Dump the side-table for tag: 1 with group count: 440966 into file: file:/tmp/root/2a129684-4674-475d-9a02-357e33a40330/hive_2015-04-07_09-03-59_813_4879217050020680666-1/-local-10020/HashTable-Stage-9/MapJoin-mapfile21--.hashtable
2015-04-07 09:04:44	Uploaded 1 File to: file:/tmp/root/2a129684-4674-475d-9a02-357e33a40330/hive_2015-04-07_09-03-59_813_4879217050020680666-1/-local-10020/HashTable-Stage-9/MapJoin-mapfile21--.hashtable (9276763 bytes)
2015-04-07 09:04:44	Dump the side-table for tag: 1 with group count: 31 into file: file:/tmp/root/2a129684-4674-475d-9a02-357e33a40330/hive_2015-04-07_09-03-59_813_4879217050020680666-1/-local-10020/HashTable-Stage-9/MapJoin-mapfile31--.hashtable
2015-04-07 09:04:44	Uploaded 1 File to: file:/tmp/root/2a129684-4674-475d-9a02-357e33a40330/hive_2015-04-07_09-03-59_813_4879217050020680666-1/-local-10020/HashTable-Stage-9/MapJoin-mapfile31--.hashtable (914 bytes)
2015-04-07 09:04:44	End of local task; Time Taken: 12.097 sec.
Execution completed successfully
MapredLocal task succeeded
SLF4J: Class path contains multiple SLF4J bindings.
SLF4J: Found binding in [jar:file:/usr/hdp/2.2.0.0-2041/hadoop/lib/slf4j-log4j12-1.7.5.jar!/org/slf4j/impl/StaticLoggerBinder.class]
SLF4J: Found binding in [jar:file:/usr/hdp/2.2.0.0-2041/hive/lib/hive-jdbc-0.14.0.2.2.0.0-2041-standalone.jar!/org/slf4j/impl/StaticLoggerBinder.class]
SLF4J: See http://www.slf4j.org/codes.html#multiple_bindings for an explanation.
SLF4J: Actual binding is of type [org.slf4j.impl.Log4jLoggerFactory]
15/04/07 09:04:50 WARN conf.HiveConf: HiveConf of name hive.optimize.mapjoin.mapreduce does not exist
15/04/07 09:04:50 WARN conf.HiveConf: HiveConf of name hive.heapsize does not exist
15/04/07 09:04:50 WARN conf.HiveConf: HiveConf of name hive.server2.enable.impersonation does not exist
15/04/07 09:04:50 WARN conf.HiveConf: HiveConf of name hive.auto.convert.sortmerge.join.noconditionaltask does not exist
Execution log at: /tmp/root/root_20150407090303_ad4c94c9-e503-4d91-a8ca-5d256feef87e.log
2015-04-07 09:04:51	Starting to launch local task to process map join;	maximum memory = 1065484288
2015-04-07 09:05:00	Processing rows:	200000	Hashtable size:	199999	Memory usage:	31341040	percentage:	0.029
2015-04-07 09:05:00	Processing rows:	300000	Hashtable size:	299999	Memory usage:	41263096	percentage:	0.039
2015-04-07 09:05:01	Processing rows:	400000	Hashtable size:	399999	Memory usage:	49952904	percentage:	0.047
2015-04-07 09:05:03	Processing rows:	200000	Hashtable size:	199999	Memory usage:	109407880	percentage:	0.103
2015-04-07 09:05:03	Dump the side-table for tag: 1 with group count: 6440 into file: file:/tmp/root/2a129684-4674-475d-9a02-357e33a40330/hive_2015-04-07_09-03-59_813_4879217050020680666-1/-local-10022/HashTable-Stage-14/MapJoin-mapfile41--.hashtable
2015-04-07 09:05:03	Uploaded 1 File to: file:/tmp/root/2a129684-4674-475d-9a02-357e33a40330/hive_2015-04-07_09-03-59_813_4879217050020680666-1/-local-10022/HashTable-Stage-14/MapJoin-mapfile41--.hashtable (220288 bytes)
2015-04-07 09:05:03	Dump the side-table for tag: 1 with group count: 204000 into file: file:/tmp/root/2a129684-4674-475d-9a02-357e33a40330/hive_2015-04-07_09-03-59_813_4879217050020680666-1/-local-10022/HashTable-Stage-14/MapJoin-mapfile51--.hashtable
2015-04-07 09:05:04	Uploaded 1 File to: file:/tmp/root/2a129684-4674-475d-9a02-357e33a40330/hive_2015-04-07_09-03-59_813_4879217050020680666-1/-local-10022/HashTable-Stage-14/MapJoin-mapfile51--.hashtable (7928868 bytes)
2015-04-07 09:05:04	Dump the side-table for tag: 1 with group count: 440966 into file: file:/tmp/root/2a129684-4674-475d-9a02-357e33a40330/hive_2015-04-07_09-03-59_813_4879217050020680666-1/-local-10022/HashTable-Stage-14/MapJoin-mapfile61--.hashtable
2015-04-07 09:05:04	Uploaded 1 File to: file:/tmp/root/2a129684-4674-475d-9a02-357e33a40330/hive_2015-04-07_09-03-59_813_4879217050020680666-1/-local-10022/HashTable-Stage-14/MapJoin-mapfile61--.hashtable (9276763 bytes)
2015-04-07 09:05:04	Dump the side-table for tag: 1 with group count: 31 into file: file:/tmp/root/2a129684-4674-475d-9a02-357e33a40330/hive_2015-04-07_09-03-59_813_4879217050020680666-1/-local-10022/HashTable-Stage-14/MapJoin-mapfile71--.hashtable
2015-04-07 09:05:04	Uploaded 1 File to: file:/tmp/root/2a129684-4674-475d-9a02-357e33a40330/hive_2015-04-07_09-03-59_813_4879217050020680666-1/-local-10022/HashTable-Stage-14/MapJoin-mapfile71--.hashtable (914 bytes)
2015-04-07 09:05:04	End of local task; Time Taken: 12.527 sec.
Execution completed successfully
MapredLocal task succeeded
SLF4J: Class path contains multiple SLF4J bindings.
SLF4J: Found binding in [jar:file:/usr/hdp/2.2.0.0-2041/hadoop/lib/slf4j-log4j12-1.7.5.jar!/org/slf4j/impl/StaticLoggerBinder.class]
SLF4J: Found binding in [jar:file:/usr/hdp/2.2.0.0-2041/hive/lib/hive-jdbc-0.14.0.2.2.0.0-2041-standalone.jar!/org/slf4j/impl/StaticLoggerBinder.class]
SLF4J: See http://www.slf4j.org/codes.html#multiple_bindings for an explanation.
SLF4J: Actual binding is of type [org.slf4j.impl.Log4jLoggerFactory]
15/04/07 09:05:10 WARN conf.HiveConf: HiveConf of name hive.optimize.mapjoin.mapreduce does not exist
15/04/07 09:05:10 WARN conf.HiveConf: HiveConf of name hive.heapsize does not exist
15/04/07 09:05:10 WARN conf.HiveConf: HiveConf of name hive.server2.enable.impersonation does not exist
15/04/07 09:05:10 WARN conf.HiveConf: HiveConf of name hive.auto.convert.sortmerge.join.noconditionaltask does not exist
Execution log at: /tmp/root/root_20150407090303_ad4c94c9-e503-4d91-a8ca-5d256feef87e.log
2015-04-07 09:05:11	Starting to launch local task to process map join;	maximum memory = 1065484288
2015-04-07 09:05:18	Processing rows:	200000	Hashtable size:	199999	Memory usage:	32699648	percentage:	0.031
2015-04-07 09:05:19	Processing rows:	300000	Hashtable size:	299999	Memory usage:	40520248	percentage:	0.038
2015-04-07 09:05:20	Processing rows:	400000	Hashtable size:	399999	Memory usage:	53642864	percentage:	0.05
2015-04-07 09:05:22	Processing rows:	200000	Hashtable size:	199999	Memory usage:	109141056	percentage:	0.102
2015-04-07 09:05:23	Dump the side-table for tag: 1 with group count: 6440 into file: file:/tmp/root/2a129684-4674-475d-9a02-357e33a40330/hive_2015-04-07_09-03-59_813_4879217050020680666-1/-local-10024/HashTable-Stage-2/MapJoin-mapfile81--.hashtable
2015-04-07 09:05:23	Uploaded 1 File to: file:/tmp/root/2a129684-4674-475d-9a02-357e33a40330/hive_2015-04-07_09-03-59_813_4879217050020680666-1/-local-10024/HashTable-Stage-2/MapJoin-mapfile81--.hashtable (220288 bytes)
2015-04-07 09:05:23	Dump the side-table for tag: 1 with group count: 204000 into file: file:/tmp/root/2a129684-4674-475d-9a02-357e33a40330/hive_2015-04-07_09-03-59_813_4879217050020680666-1/-local-10024/HashTable-Stage-2/MapJoin-mapfile91--.hashtable
2015-04-07 09:05:23	Uploaded 1 File to: file:/tmp/root/2a129684-4674-475d-9a02-357e33a40330/hive_2015-04-07_09-03-59_813_4879217050020680666-1/-local-10024/HashTable-Stage-2/MapJoin-mapfile91--.hashtable (7928868 bytes)
2015-04-07 09:05:23	Dump the side-table for tag: 1 with group count: 440966 into file: file:/tmp/root/2a129684-4674-475d-9a02-357e33a40330/hive_2015-04-07_09-03-59_813_4879217050020680666-1/-local-10024/HashTable-Stage-2/MapJoin-mapfile101--.hashtable
2015-04-07 09:05:23	Uploaded 1 File to: file:/tmp/root/2a129684-4674-475d-9a02-357e33a40330/hive_2015-04-07_09-03-59_813_4879217050020680666-1/-local-10024/HashTable-Stage-2/MapJoin-mapfile101--.hashtable (9276763 bytes)
2015-04-07 09:05:23	Dump the side-table for tag: 1 with group count: 31 into file: file:/tmp/root/2a129684-4674-475d-9a02-357e33a40330/hive_2015-04-07_09-03-59_813_4879217050020680666-1/-local-10024/HashTable-Stage-2/MapJoin-mapfile111--.hashtable
2015-04-07 09:05:23	Uploaded 1 File to: file:/tmp/root/2a129684-4674-475d-9a02-357e33a40330/hive_2015-04-07_09-03-59_813_4879217050020680666-1/-local-10024/HashTable-Stage-2/MapJoin-mapfile111--.hashtable (914 bytes)
2015-04-07 09:05:23	End of local task; Time Taken: 12.121 sec.
Execution completed successfully
MapredLocal task succeeded
Launching Job 1 out of 5
Number of reduce tasks not specified. Estimated from input data size: 125
In order to change the average load for a reducer (in bytes):
  set hive.exec.reducers.bytes.per.reducer=<number>
In order to limit the maximum number of reducers:
  set hive.exec.reducers.max=<number>
In order to set a constant number of reducers:
  set mapreduce.job.reduces=<number>
Starting Job = job_1428405026382_0093, Tracking URL = http://f01hn02.hadoop:8088/proxy/application_1428405026382_0093/
Kill Command = /usr/hdp/2.2.0.0-2041/hadoop/bin/hadoop job  -kill job_1428405026382_0093
Hadoop job information for Stage-9: number of mappers: 33; number of reducers: 125
2015-04-07 09:05:41,182 Stage-9 map = 0%,  reduce = 0%
2015-04-07 09:05:48,701 Stage-9 map = 3%,  reduce = 0%, Cumulative CPU 6.21 sec
2015-04-07 09:05:49,772 Stage-9 map = 6%,  reduce = 0%, Cumulative CPU 13.11 sec
2015-04-07 09:05:50,848 Stage-9 map = 42%,  reduce = 0%, Cumulative CPU 107.65 sec
2015-04-07 09:05:51,923 Stage-9 map = 89%,  reduce = 0%, Cumulative CPU 266.38 sec
2015-04-07 09:05:52,968 Stage-9 map = 100%,  reduce = 0%, Cumulative CPU 302.72 sec
2015-04-07 09:05:55,114 Stage-9 map = 100%,  reduce = 2%, Cumulative CPU 307.9 sec
2015-04-07 09:05:56,191 Stage-9 map = 100%,  reduce = 26%, Cumulative CPU 363.25 sec
2015-04-07 09:05:57,240 Stage-9 map = 100%,  reduce = 34%, Cumulative CPU 382.73 sec
2015-04-07 09:05:58,308 Stage-9 map = 100%,  reduce = 43%, Cumulative CPU 402.46 sec
2015-04-07 09:05:59,387 Stage-9 map = 100%,  reduce = 56%, Cumulative CPU 431.41 sec
2015-04-07 09:06:00,461 Stage-9 map = 100%,  reduce = 70%, Cumulative CPU 461.86 sec
2015-04-07 09:06:01,534 Stage-9 map = 100%,  reduce = 81%, Cumulative CPU 486.42 sec
2015-04-07 09:06:02,606 Stage-9 map = 100%,  reduce = 92%, Cumulative CPU 510.43 sec
2015-04-07 09:06:03,642 Stage-9 map = 100%,  reduce = 100%, Cumulative CPU 527.6 sec
MapReduce Total cumulative CPU time: 8 minutes 47 seconds 600 msec
Ended Job = job_1428405026382_0093
Launching Job 2 out of 5
Number of reduce tasks not specified. Estimated from input data size: 68
In order to change the average load for a reducer (in bytes):
  set hive.exec.reducers.bytes.per.reducer=<number>
In order to limit the maximum number of reducers:
  set hive.exec.reducers.max=<number>
In order to set a constant number of reducers:
  set mapreduce.job.reduces=<number>
Starting Job = job_1428405026382_0094, Tracking URL = http://f01hn02.hadoop:8088/proxy/application_1428405026382_0094/
Kill Command = /usr/hdp/2.2.0.0-2041/hadoop/bin/hadoop job  -kill job_1428405026382_0094
Hadoop job information for Stage-14: number of mappers: 18; number of reducers: 68
2015-04-07 09:06:17,332 Stage-14 map = 0%,  reduce = 0%
2015-04-07 09:06:25,852 Stage-14 map = 6%,  reduce = 0%, Cumulative CPU 7.63 sec
2015-04-07 09:06:26,924 Stage-14 map = 11%,  reduce = 0%, Cumulative CPU 17.46 sec
2015-04-07 09:06:27,967 Stage-14 map = 98%,  reduce = 0%, Cumulative CPU 190.45 sec
2015-04-07 09:06:29,038 Stage-14 map = 100%,  reduce = 0%, Cumulative CPU 191.73 sec
2015-04-07 09:06:32,246 Stage-14 map = 100%,  reduce = 21%, Cumulative CPU 216.06 sec
2015-04-07 09:06:33,293 Stage-14 map = 100%,  reduce = 35%, Cumulative CPU 233.14 sec
2015-04-07 09:06:34,368 Stage-14 map = 100%,  reduce = 50%, Cumulative CPU 250.44 sec
2015-04-07 09:06:35,437 Stage-14 map = 100%,  reduce = 65%, Cumulative CPU 267.48 sec
2015-04-07 09:06:36,481 Stage-14 map = 100%,  reduce = 84%, Cumulative CPU 289.64 sec
2015-04-07 09:06:37,549 Stage-14 map = 100%,  reduce = 100%, Cumulative CPU 307.91 sec
MapReduce Total cumulative CPU time: 5 minutes 7 seconds 910 msec
Ended Job = job_1428405026382_0094
Launching Job 3 out of 5
Number of reduce tasks not specified. Estimated from input data size: 179
In order to change the average load for a reducer (in bytes):
  set hive.exec.reducers.bytes.per.reducer=<number>
In order to limit the maximum number of reducers:
  set hive.exec.reducers.max=<number>
In order to set a constant number of reducers:
  set mapreduce.job.reduces=<number>
Starting Job = job_1428405026382_0095, Tracking URL = http://f01hn02.hadoop:8088/proxy/application_1428405026382_0095/
Kill Command = /usr/hdp/2.2.0.0-2041/hadoop/bin/hadoop job  -kill job_1428405026382_0095
Hadoop job information for Stage-2: number of mappers: 46; number of reducers: 179
2015-04-07 09:06:51,059 Stage-2 map = 0%,  reduce = 0%
2015-04-07 09:06:59,615 Stage-2 map = 7%,  reduce = 0%, Cumulative CPU 23.54 sec
2015-04-07 09:07:00,686 Stage-2 map = 41%,  reduce = 0%, Cumulative CPU 170.26 sec
2015-04-07 09:07:01,754 Stage-2 map = 95%,  reduce = 0%, Cumulative CPU 428.26 sec
2015-04-07 09:07:02,824 Stage-2 map = 97%,  reduce = 0%, Cumulative CPU 431.02 sec
2015-04-07 09:07:03,893 Stage-2 map = 100%,  reduce = 0%, Cumulative CPU 437.71 sec
2015-04-07 09:07:06,036 Stage-2 map = 100%,  reduce = 6%, Cumulative CPU 457.11 sec
2015-04-07 09:07:07,107 Stage-2 map = 100%,  reduce = 12%, Cumulative CPU 476.37 sec
2015-04-07 09:07:08,179 Stage-2 map = 100%,  reduce = 20%, Cumulative CPU 499.54 sec
2015-04-07 09:07:09,252 Stage-2 map = 100%,  reduce = 26%, Cumulative CPU 518.82 sec
2015-04-07 09:07:10,326 Stage-2 map = 100%,  reduce = 32%, Cumulative CPU 540.09 sec
2015-04-07 09:07:11,400 Stage-2 map = 100%,  reduce = 42%, Cumulative CPU 570.66 sec
2015-04-07 09:07:12,474 Stage-2 map = 100%,  reduce = 53%, Cumulative CPU 606.72 sec
2015-04-07 09:07:13,547 Stage-2 map = 100%,  reduce = 64%, Cumulative CPU 641.34 sec
2015-04-07 09:07:14,616 Stage-2 map = 100%,  reduce = 74%, Cumulative CPU 673.76 sec
2015-04-07 09:07:15,681 Stage-2 map = 100%,  reduce = 88%, Cumulative CPU 716.82 sec
2015-04-07 09:07:16,747 Stage-2 map = 100%,  reduce = 100%, Cumulative CPU 757.09 sec
MapReduce Total cumulative CPU time: 12 minutes 37 seconds 90 msec
Ended Job = job_1428405026382_0095
Launching Job 4 out of 5
Number of reduce tasks not specified. Estimated from input data size: 1
In order to change the average load for a reducer (in bytes):
  set hive.exec.reducers.bytes.per.reducer=<number>
In order to limit the maximum number of reducers:
  set hive.exec.reducers.max=<number>
In order to set a constant number of reducers:
  set mapreduce.job.reduces=<number>
Starting Job = job_1428405026382_0096, Tracking URL = http://f01hn02.hadoop:8088/proxy/application_1428405026382_0096/
Kill Command = /usr/hdp/2.2.0.0-2041/hadoop/bin/hadoop job  -kill job_1428405026382_0096
Hadoop job information for Stage-3: number of mappers: 12; number of reducers: 1
2015-04-07 09:07:23,294 Stage-3 map = 0%,  reduce = 0%
2015-04-07 09:07:28,600 Stage-3 map = 8%,  reduce = 0%, Cumulative CPU 1.44 sec
2015-04-07 09:07:29,664 Stage-3 map = 17%,  reduce = 0%, Cumulative CPU 3.49 sec
2015-04-07 09:07:30,729 Stage-3 map = 100%,  reduce = 0%, Cumulative CPU 28.7 sec
2015-04-07 09:07:34,993 Stage-3 map = 100%,  reduce = 100%, Cumulative CPU 31.36 sec
MapReduce Total cumulative CPU time: 31 seconds 360 msec
Ended Job = job_1428405026382_0096
Launching Job 5 out of 5
Number of reduce tasks determined at compile time: 1
In order to change the average load for a reducer (in bytes):
  set hive.exec.reducers.bytes.per.reducer=<number>
In order to limit the maximum number of reducers:
  set hive.exec.reducers.max=<number>
In order to set a constant number of reducers:
  set mapreduce.job.reduces=<number>
Starting Job = job_1428405026382_0097, Tracking URL = http://f01hn02.hadoop:8088/proxy/application_1428405026382_0097/
Kill Command = /usr/hdp/2.2.0.0-2041/hadoop/bin/hadoop job  -kill job_1428405026382_0097
Hadoop job information for Stage-4: number of mappers: 1; number of reducers: 1
2015-04-07 09:07:41,315 Stage-4 map = 0%,  reduce = 0%
2015-04-07 09:07:46,581 Stage-4 map = 100%,  reduce = 0%, Cumulative CPU 1.83 sec
2015-04-07 09:07:51,882 Stage-4 map = 100%,  reduce = 100%, Cumulative CPU 3.26 sec
MapReduce Total cumulative CPU time: 3 seconds 260 msec
Ended Job = job_1428405026382_0097
MapReduce Jobs Launched: 
Stage-Stage-9: Map: 33  Reduce: 125   Cumulative CPU: 527.6 sec   HDFS Read: 919729644 HDFS Write: 283918 SUCCESS
Stage-Stage-14: Map: 18  Reduce: 68   Cumulative CPU: 307.91 sec   HDFS Read: 511678261 HDFS Write: 268432 SUCCESS
Stage-Stage-2: Map: 46  Reduce: 179   Cumulative CPU: 757.09 sec   HDFS Read: 1869415182 HDFS Write: 287884 SUCCESS
Stage-Stage-3: Map: 12  Reduce: 1   Cumulative CPU: 31.36 sec   HDFS Read: 939066 HDFS Write: 273256 SUCCESS
Stage-Stage-4: Map: 1  Reduce: 1   Cumulative CPU: 3.26 sec   HDFS Read: 273662 HDFS Write: 3562 SUCCESS
Total MapReduce CPU Time Spent: 27 minutes 7 seconds 220 msec
OK
AAAAAAAAEHFIBAAA	5358.020008087158
AAAAAAAAAJEKCAAA	7327.92010307312
AAAAAAAAGCJFAAAA	7444.839975357056
AAAAAAAAENNGBAAA	7947.409990310669
AAAAAAAAKOPHBAAA	8170.650038719177
AAAAAAAAGIOCBAAA	9032.440168380737
AAAAAAAAENINCAAA	9351.27004623413
AAAAAAAAOKELCAAA	9394.410083770752
AAAAAAAACPGADAAA	9592.840094566345
AAAAAAAAMMJIAAAA	9937.599920749664
AAAAAAAAEEDAAAAA	10227.119826555252
AAAAAAAABJJECAAA	10397.079929351807
AAAAAAAAEFJKAAAA	10529.650150299072
AAAAAAAAAEPHCAAA	11217.090087890625
AAAAAAAACNEABAAA	11424.84994316101
AAAAAAAAEIGJCAAA	11438.200092315674
AAAAAAAABBLHCAAA	11815.340320587158
AAAAAAAAMIFNAAAA	11949.8798828125
AAAAAAAAJAMBAAAA	12409.130010604858
AAAAAAAAGFLHAAAA	12516.16983795166
AAAAAAAAMHKIAAAA	12552.810050964355
AAAAAAAAGDNBCAAA	12642.060010910034
AAAAAAAAAHCICAAA	12814.040046691895
AAAAAAAAKCAPBAAA	12842.719909667969
AAAAAAAAOMMACAAA	13008.419958114624
AAAAAAAAMFKDCAAA	13109.50019454956
AAAAAAAAGCHKAAAA	13110.849834442139
AAAAAAAAONCACAAA	13117.549852371216
AAAAAAAAOCEEBAAA	13248.200027942657
AAAAAAAAPKCLCAAA	13544.15982055664
AAAAAAAAPHHEBAAA	13677.149700164795
AAAAAAAAOFCACAAA	13914.439971923828
AAAAAAAAIPDJAAAA	14046.879875183105
AAAAAAAACNBADAAA	14344.039737701416
AAAAAAAAOOLDBAAA	14485.640062332153
AAAAAAAAFLOGBAAA	14553.71979045868
AAAAAAAAENKNAAAA	14775.919914245605
AAAAAAAAMBAKCAAA	14891.650272369385
AAAAAAAAODOPBAAA	14919.12958908081
AAAAAAAAEDEIBAAA	15019.390377044678
AAAAAAAAILJDBAAA	15028.61018371582
AAAAAAAAEGMHAAAA	15057.050018310547
AAAAAAAAAFOLBAAA	15075.239929199219
AAAAAAAAEGAMBAAA	15180.26986694336
AAAAAAAACNAEBAAA	15191.199876308441
AAAAAAAAEBOFBAAA	15315.529972314835
AAAAAAAAIPJFAAAA	15680.180072784424
AAAAAAAAEDGKAAAA	15784.400253295898
AAAAAAAAENHFCAAA	15798.289905548096
AAAAAAAAEKGJAAAA	15799.520126342773
AAAAAAAAOCOGCAAA	15812.799824476242
AAAAAAAAHMNFAAAA	15828.429908752441
AAAAAAAACGNPCAAA	15840.260238647461
AAAAAAAAMEBKBAAA	15870.88980102539
AAAAAAAAOADLAAAA	15941.610145568848
AAAAAAAANOMCCAAA	15957.319849014282
AAAAAAAADJCKBAAA	15970.810035705566
AAAAAAAAIPHBBAAA	16000.779941558838
AAAAAAAAGFGIAAAA	16013.990064620972
AAAAAAAAIHCCBAAA	16080.22003364563
AAAAAAAAEDEJCAAA	16128.859979629517
AAAAAAAAENCICAAA	16260.449996948242
AAAAAAAAOHNJAAAA	16365.00970363617
AAAAAAAAGHMKCAAA	16380.349948883057
AAAAAAAAEAAMBAAA	16446.870299339294
AAAAAAAAKNOECAAA	16508.38995075226
AAAAAAAADNLLCAAA	16511.68996143341
AAAAAAAAIIFBAAAA	16522.669944763184
AAAAAAAAALPADAAA	16532.999938726425
AAAAAAAAIIDHAAAA	16555.950094223022
AAAAAAAADLKNAAAA	16623.76026535034
AAAAAAAAJMPHAAAA	16650.94004058838
AAAAAAAAEGFNAAAA	16674.20998764038
AAAAAAAAMGFACAAA	16721.480199813843
AAAAAAAAKGBPCAAA	16796.44016265869
AAAAAAAACCHIBAAA	16822.83972787857
AAAAAAAAKHDOAAAA	16835.929973125458
AAAAAAAAOEENCAAA	16851.009956359863
AAAAAAAAKLEMAAAA	16885.060194969177
AAAAAAAAMLDLAAAA	16968.170238494873
AAAAAAAAFIDLBAAA	16976.389804840088
AAAAAAAAFPLJAAAA	17049.149946689606
AAAAAAAAOHCPCAAA	17151.909997940063
AAAAAAAAAPIMCAAA	17169.490116119385
AAAAAAAAECJGCAAA	17240.41000366211
AAAAAAAAINNLBAAA	17295.97984313965
AAAAAAAAGHHMAAAA	17300.609862327576
AAAAAAAAOKAGBAAA	17357.24005126953
AAAAAAAAEINFCAAA	17385.510019302368
AAAAAAAAOEELBAAA	17418.57997894287
AAAAAAAACDKFCAAA	17452.830164909363
AAAAAAAAINBGAAAA	17512.129917144775
AAAAAAAAMBAOBAAA	17629.65996170044
AAAAAAAAKLBJBAAA	17683.440059661865
AAAAAAAAMKBDCAAA	17702.759910583496
AAAAAAAAKFPABAAA	17736.68980026245
AAAAAAAAKMAABAAA	17770.530349731445
AAAAAAAAKMDGAAAA	17839.630145728588
AAAAAAAAGKPECAAA	17904.760298252106
AAAAAAAAAPNJAAAA	17943.410095214844
Time taken: 233.169 seconds, Fetched: 100 row(s)
hive> 