15/04/07 14:57:01 WARN conf.HiveConf: HiveConf of name hive.optimize.mapjoin.mapreduce does not exist
15/04/07 14:57:01 WARN conf.HiveConf: HiveConf of name hive.heapsize does not exist
15/04/07 14:57:01 WARN conf.HiveConf: HiveConf of name hive.server2.enable.impersonation does not exist
15/04/07 14:57:01 WARN conf.HiveConf: HiveConf of name hive.auto.convert.sortmerge.join.noconditionaltask does not exist

Logging initialized using configuration in file:/etc/hive/conf/hive-log4j.properties
SLF4J: Class path contains multiple SLF4J bindings.
SLF4J: Found binding in [jar:file:/usr/hdp/2.2.0.0-2041/hadoop/lib/slf4j-log4j12-1.7.5.jar!/org/slf4j/impl/StaticLoggerBinder.class]
SLF4J: Found binding in [jar:file:/usr/hdp/2.2.0.0-2041/hive/lib/hive-jdbc-0.14.0.2.2.0.0-2041-standalone.jar!/org/slf4j/impl/StaticLoggerBinder.class]
SLF4J: See http://www.slf4j.org/codes.html#multiple_bindings for an explanation.
SLF4J: Actual binding is of type [org.slf4j.impl.Log4jLoggerFactory]
hive> use tpcds_bin_partitioned_orc_100; source query67.sql;
OK
Time taken: 2.875 seconds
Query ID = root_20150407145757_bd332625-b0d6-4ddc-8fac-13d259ffebc8
Total jobs = 3
SLF4J: Class path contains multiple SLF4J bindings.
SLF4J: Found binding in [jar:file:/usr/hdp/2.2.0.0-2041/hadoop/lib/slf4j-log4j12-1.7.5.jar!/org/slf4j/impl/StaticLoggerBinder.class]
SLF4J: Found binding in [jar:file:/usr/hdp/2.2.0.0-2041/hive/lib/hive-jdbc-0.14.0.2.2.0.0-2041-standalone.jar!/org/slf4j/impl/StaticLoggerBinder.class]
SLF4J: See http://www.slf4j.org/codes.html#multiple_bindings for an explanation.
SLF4J: Actual binding is of type [org.slf4j.impl.Log4jLoggerFactory]
15/04/07 14:57:27 WARN conf.HiveConf: HiveConf of name hive.optimize.mapjoin.mapreduce does not exist
15/04/07 14:57:27 WARN conf.HiveConf: HiveConf of name hive.heapsize does not exist
15/04/07 14:57:27 WARN conf.HiveConf: HiveConf of name hive.server2.enable.impersonation does not exist
15/04/07 14:57:27 WARN conf.HiveConf: HiveConf of name hive.auto.convert.sortmerge.join.noconditionaltask does not exist
Execution log at: /tmp/root/root_20150407145757_bd332625-b0d6-4ddc-8fac-13d259ffebc8.log
2015-04-07 02:57:28	Starting to launch local task to process map join;	maximum memory = 1065484288
2015-04-07 02:57:37	Processing rows:	200000	Hashtable size:	199999	Memory usage:	101223832	percentage:	0.095
2015-04-07 02:57:37	Dump the side-table for tag: 1 with group count: 204000 into file: file:/tmp/root/707b80ea-9888-4a1f-99f3-2fba17c27703/hive_2015-04-07_14-57-08_858_4293271343219856186-1/-local-10009/HashTable-Stage-4/MapJoin-mapfile01--.hashtable
2015-04-07 02:57:37	Uploaded 1 File to: file:/tmp/root/707b80ea-9888-4a1f-99f3-2fba17c27703/hive_2015-04-07_14-57-08_858_4293271343219856186-1/-local-10009/HashTable-Stage-4/MapJoin-mapfile01--.hashtable (15937240 bytes)
2015-04-07 02:57:37	Dump the side-table for tag: 1 with group count: 402 into file: file:/tmp/root/707b80ea-9888-4a1f-99f3-2fba17c27703/hive_2015-04-07_14-57-08_858_4293271343219856186-1/-local-10009/HashTable-Stage-4/MapJoin-mapfile11--.hashtable
2015-04-07 02:57:37	Uploaded 1 File to: file:/tmp/root/707b80ea-9888-4a1f-99f3-2fba17c27703/hive_2015-04-07_14-57-08_858_4293271343219856186-1/-local-10009/HashTable-Stage-4/MapJoin-mapfile11--.hashtable (15227 bytes)
2015-04-07 02:57:37	Dump the side-table for tag: 1 with group count: 366 into file: file:/tmp/root/707b80ea-9888-4a1f-99f3-2fba17c27703/hive_2015-04-07_14-57-08_858_4293271343219856186-1/-local-10009/HashTable-Stage-4/MapJoin-mapfile21--.hashtable
2015-04-07 02:57:37	Uploaded 1 File to: file:/tmp/root/707b80ea-9888-4a1f-99f3-2fba17c27703/hive_2015-04-07_14-57-08_858_4293271343219856186-1/-local-10009/HashTable-Stage-4/MapJoin-mapfile21--.hashtable (11293 bytes)
2015-04-07 02:57:37	End of local task; Time Taken: 9.363 sec.
Execution completed successfully
MapredLocal task succeeded
Launching Job 1 out of 3
Number of reduce tasks not specified. Estimated from input data size: 179
In order to change the average load for a reducer (in bytes):
  set hive.exec.reducers.bytes.per.reducer=<number>
In order to limit the maximum number of reducers:
  set hive.exec.reducers.max=<number>
In order to set a constant number of reducers:
  set mapreduce.job.reduces=<number>
Starting Job = job_1428405026382_0127, Tracking URL = http://f01hn02.hadoop:8088/proxy/application_1428405026382_0127/
Kill Command = /usr/hdp/2.2.0.0-2041/hadoop/bin/hadoop job  -kill job_1428405026382_0127
Hadoop job information for Stage-4: number of mappers: 46; number of reducers: 179
2015-04-07 14:57:58,504 Stage-4 map = 0%,  reduce = 0%
2015-04-07 14:58:08,208 Stage-4 map = 3%,  reduce = 0%, Cumulative CPU 25.07 sec
2015-04-07 14:58:09,286 Stage-4 map = 24%,  reduce = 0%, Cumulative CPU 410.4 sec
2015-04-07 14:58:10,372 Stage-4 map = 28%,  reduce = 0%, Cumulative CPU 415.38 sec
2015-04-07 14:58:11,452 Stage-4 map = 30%,  reduce = 0%, Cumulative CPU 420.15 sec
2015-04-07 14:58:12,531 Stage-4 map = 67%,  reduce = 0%, Cumulative CPU 551.05 sec
2015-04-07 14:58:13,581 Stage-4 map = 74%,  reduce = 0%, Cumulative CPU 557.9 sec
2015-04-07 14:58:15,732 Stage-4 map = 76%,  reduce = 0%, Cumulative CPU 606.07 sec
2015-04-07 14:58:17,883 Stage-4 map = 77%,  reduce = 0%, Cumulative CPU 618.84 sec
2015-04-07 14:58:21,315 Stage-4 map = 77%,  reduce = 3%, Cumulative CPU 686.53 sec
2015-04-07 14:58:22,389 Stage-4 map = 77%,  reduce = 5%, Cumulative CPU 698.64 sec
2015-04-07 14:58:23,464 Stage-4 map = 77%,  reduce = 6%, Cumulative CPU 702.26 sec
2015-04-07 14:58:24,539 Stage-4 map = 77%,  reduce = 7%, Cumulative CPU 748.38 sec
2015-04-07 14:58:25,615 Stage-4 map = 77%,  reduce = 8%, Cumulative CPU 753.32 sec
2015-04-07 14:58:26,696 Stage-4 map = 77%,  reduce = 10%, Cumulative CPU 758.18 sec
2015-04-07 14:58:27,771 Stage-4 map = 78%,  reduce = 11%, Cumulative CPU 803.44 sec
2015-04-07 14:58:28,847 Stage-4 map = 78%,  reduce = 12%, Cumulative CPU 808.87 sec
2015-04-07 14:58:29,924 Stage-4 map = 78%,  reduce = 13%, Cumulative CPU 814.99 sec
2015-04-07 14:58:36,359 Stage-4 map = 79%,  reduce = 13%, Cumulative CPU 944.34 sec
2015-04-07 14:58:39,579 Stage-4 map = 80%,  reduce = 13%, Cumulative CPU 1008.64 sec
2015-04-07 14:58:45,999 Stage-4 map = 81%,  reduce = 13%, Cumulative CPU 1118.94 sec
2015-04-07 14:58:52,722 Stage-4 map = 82%,  reduce = 13%, Cumulative CPU 1272.88 sec
2015-04-07 14:58:59,154 Stage-4 map = 82%,  reduce = 14%, Cumulative CPU 1398.04 sec
2015-04-07 14:59:13,044 Stage-4 map = 83%,  reduce = 14%, Cumulative CPU 1564.04 sec
2015-04-07 14:59:26,005 Stage-4 map = 84%,  reduce = 14%, Cumulative CPU 1749.54 sec
2015-04-07 14:59:37,727 Stage-4 map = 85%,  reduce = 14%, Cumulative CPU 1895.99 sec
2015-04-07 14:59:40,932 Stage-4 map = 86%,  reduce = 14%, Cumulative CPU 1940.47 sec
2015-04-07 15:00:05,734 Stage-4 map = 87%,  reduce = 14%, Cumulative CPU 2291.95 sec
2015-04-07 15:00:15,307 Stage-4 map = 88%,  reduce = 14%, Cumulative CPU 2428.82 sec
2015-04-07 15:00:19,565 Stage-4 map = 88%,  reduce = 15%, Cumulative CPU 2474.83 sec
2015-04-07 15:00:29,395 Stage-4 map = 89%,  reduce = 15%, Cumulative CPU 2618.55 sec
2015-04-07 15:00:57,063 Stage-4 map = 90%,  reduce = 15%, Cumulative CPU 2975.37 sec
2015-04-07 15:01:12,184 Stage-4 map = 91%,  reduce = 15%, Cumulative CPU 3166.51 sec
2015-04-07 15:01:23,887 Stage-4 map = 92%,  reduce = 15%, Cumulative CPU 3310.37 sec
2015-04-07 15:01:42,181 Stage-4 map = 93%,  reduce = 15%, Cumulative CPU 3575.21 sec
2015-04-07 15:02:06,619 Stage-4 map = 94%,  reduce = 15%, Cumulative CPU 3857.39 sec
2015-04-07 15:02:18,571 Stage-4 map = 95%,  reduce = 15%, Cumulative CPU 3990.92 sec
2015-04-07 15:02:31,318 Stage-4 map = 95%,  reduce = 16%, Cumulative CPU 4117.06 sec
2015-04-07 15:02:39,816 Stage-4 map = 96%,  reduce = 16%, Cumulative CPU 4212.62 sec
2015-04-07 15:02:54,901 Stage-4 map = 97%,  reduce = 16%, Cumulative CPU 4373.05 sec
2015-04-07 15:03:07,654 Stage-4 map = 98%,  reduce = 16%, Cumulative CPU 4519.49 sec
2015-04-07 15:03:19,341 Stage-4 map = 99%,  reduce = 16%, Cumulative CPU 4631.14 sec
2015-04-07 15:03:31,182 Stage-4 map = 99%,  reduce = 17%, Cumulative CPU 4766.94 sec
2015-04-07 15:03:37,558 Stage-4 map = 99%,  reduce = 18%, Cumulative CPU 4848.8 sec
2015-04-07 15:03:47,097 Stage-4 map = 99%,  reduce = 19%, Cumulative CPU 4949.04 sec
2015-04-07 15:03:48,158 Stage-4 map = 100%,  reduce = 19%, Cumulative CPU 4957.56 sec
2015-04-07 15:03:50,343 Stage-4 map = 100%,  reduce = 21%, Cumulative CPU 5006.48 sec
2015-04-07 15:03:51,404 Stage-4 map = 100%,  reduce = 22%, Cumulative CPU 5023.62 sec
2015-04-07 15:03:52,697 Stage-4 map = 100%,  reduce = 25%, Cumulative CPU 5121.04 sec
2015-04-07 15:03:53,759 Stage-4 map = 100%,  reduce = 27%, Cumulative CPU 5190.98 sec
2015-04-07 15:03:54,821 Stage-4 map = 100%,  reduce = 28%, Cumulative CPU 5222.99 sec
2015-04-07 15:03:55,883 Stage-4 map = 100%,  reduce = 30%, Cumulative CPU 5277.81 sec
2015-04-07 15:04:02,277 Stage-4 map = 100%,  reduce = 31%, Cumulative CPU 5330.41 sec
2015-04-07 15:04:03,352 Stage-4 map = 100%,  reduce = 32%, Cumulative CPU 5342.63 sec
2015-04-07 15:04:04,415 Stage-4 map = 100%,  reduce = 33%, Cumulative CPU 5358.29 sec
2015-04-07 15:04:05,478 Stage-4 map = 100%,  reduce = 35%, Cumulative CPU 5377.83 sec
2015-04-07 15:04:06,540 Stage-4 map = 100%,  reduce = 36%, Cumulative CPU 5385.66 sec
2015-04-07 15:04:07,604 Stage-4 map = 100%,  reduce = 38%, Cumulative CPU 5413.16 sec
2015-04-07 15:04:08,668 Stage-4 map = 100%,  reduce = 42%, Cumulative CPU 5471.47 sec
2015-04-07 15:04:09,732 Stage-4 map = 100%,  reduce = 47%, Cumulative CPU 5567.6 sec
2015-04-07 15:04:10,796 Stage-4 map = 100%,  reduce = 53%, Cumulative CPU 5730.18 sec
2015-04-07 15:04:11,862 Stage-4 map = 100%,  reduce = 57%, Cumulative CPU 5882.85 sec
2015-04-07 15:04:12,926 Stage-4 map = 100%,  reduce = 63%, Cumulative CPU 6046.89 sec
2015-04-07 15:04:13,976 Stage-4 map = 100%,  reduce = 67%, Cumulative CPU 6151.7 sec
2015-04-07 15:04:15,036 Stage-4 map = 100%,  reduce = 68%, Cumulative CPU 6196.74 sec
2015-04-07 15:04:16,100 Stage-4 map = 100%,  reduce = 69%, Cumulative CPU 6223.19 sec
2015-04-07 15:04:18,221 Stage-4 map = 100%,  reduce = 70%, Cumulative CPU 6251.99 sec
2015-04-07 15:04:20,318 Stage-4 map = 100%,  reduce = 72%, Cumulative CPU 6308.71 sec
2015-04-07 15:04:21,380 Stage-4 map = 100%,  reduce = 75%, Cumulative CPU 6358.97 sec
2015-04-07 15:04:22,445 Stage-4 map = 100%,  reduce = 89%, Cumulative CPU 6624.51 sec
2015-04-07 15:04:23,506 Stage-4 map = 100%,  reduce = 94%, Cumulative CPU 6753.73 sec
2015-04-07 15:04:24,579 Stage-4 map = 100%,  reduce = 97%, Cumulative CPU 6846.8 sec
2015-04-07 15:04:25,642 Stage-4 map = 100%,  reduce = 98%, Cumulative CPU 6891.9 sec
2015-04-07 15:04:26,706 Stage-4 map = 100%,  reduce = 99%, Cumulative CPU 6907.13 sec
2015-04-07 15:05:23,516 Stage-4 map = 100%,  reduce = 100%, Cumulative CPU 7022.77 sec
MapReduce Total cumulative CPU time: 0 days 1 hours 57 minutes 2 seconds 770 msec
Ended Job = job_1428405026382_0127
Launching Job 2 out of 3
Number of reduce tasks not specified. Estimated from input data size: 77
In order to change the average load for a reducer (in bytes):
  set hive.exec.reducers.bytes.per.reducer=<number>
In order to limit the maximum number of reducers:
  set hive.exec.reducers.max=<number>
In order to set a constant number of reducers:
  set mapreduce.job.reduces=<number>
Starting Job = job_1428405026382_0128, Tracking URL = http://f01hn02.hadoop:8088/proxy/application_1428405026382_0128/
Kill Command = /usr/hdp/2.2.0.0-2041/hadoop/bin/hadoop job  -kill job_1428405026382_0128
Hadoop job information for Stage-5: number of mappers: 20; number of reducers: 77
2015-04-07 15:05:30,587 Stage-5 map = 0%,  reduce = 0%
2015-04-07 15:05:41,552 Stage-5 map = 29%,  reduce = 0%, Cumulative CPU 170.51 sec
2015-04-07 15:05:43,687 Stage-5 map = 34%,  reduce = 0%, Cumulative CPU 177.49 sec
2015-04-07 15:05:44,753 Stage-5 map = 71%,  reduce = 0%, Cumulative CPU 245.95 sec
2015-04-07 15:05:45,822 Stage-5 map = 97%,  reduce = 0%, Cumulative CPU 260.88 sec
2015-04-07 15:05:46,892 Stage-5 map = 100%,  reduce = 0%, Cumulative CPU 264.47 sec
2015-04-07 15:05:49,049 Stage-5 map = 100%,  reduce = 1%, Cumulative CPU 266.34 sec
2015-04-07 15:05:50,119 Stage-5 map = 100%,  reduce = 34%, Cumulative CPU 316.23 sec
2015-04-07 15:05:51,188 Stage-5 map = 100%,  reduce = 48%, Cumulative CPU 335.94 sec
2015-04-07 15:05:52,260 Stage-5 map = 100%,  reduce = 61%, Cumulative CPU 357.85 sec
2015-04-07 15:05:53,324 Stage-5 map = 100%,  reduce = 88%, Cumulative CPU 399.28 sec
2015-04-07 15:05:54,361 Stage-5 map = 100%,  reduce = 100%, Cumulative CPU 416.21 sec
MapReduce Total cumulative CPU time: 6 minutes 56 seconds 210 msec
Ended Job = job_1428405026382_0128
Launching Job 3 out of 3
Number of reduce tasks determined at compile time: 1
In order to change the average load for a reducer (in bytes):
  set hive.exec.reducers.bytes.per.reducer=<number>
In order to limit the maximum number of reducers:
  set hive.exec.reducers.max=<number>
In order to set a constant number of reducers:
  set mapreduce.job.reduces=<number>
Starting Job = job_1428405026382_0129, Tracking URL = http://f01hn02.hadoop:8088/proxy/application_1428405026382_0129/
Kill Command = /usr/hdp/2.2.0.0-2041/hadoop/bin/hadoop job  -kill job_1428405026382_0129
Hadoop job information for Stage-6: number of mappers: 4; number of reducers: 1
2015-04-07 15:06:01,137 Stage-6 map = 0%,  reduce = 0%
2015-04-07 15:06:06,456 Stage-6 map = 75%,  reduce = 0%, Cumulative CPU 4.95 sec
2015-04-07 15:06:07,493 Stage-6 map = 100%,  reduce = 0%, Cumulative CPU 6.73 sec
2015-04-07 15:06:11,754 Stage-6 map = 100%,  reduce = 100%, Cumulative CPU 8.12 sec
MapReduce Total cumulative CPU time: 8 seconds 120 msec
Ended Job = job_1428405026382_0129
MapReduce Jobs Launched: 
Stage-Stage-4: Map: 46  Reduce: 179   Cumulative CPU: 7022.77 sec   HDFS Read: 1892936096 HDFS Write: 5154057950 SUCCESS
Stage-Stage-5: Map: 20  Reduce: 77   Cumulative CPU: 416.21 sec   HDFS Read: 5154107569 HDFS Write: 77597 SUCCESS
Stage-Stage-6: Map: 4  Reduce: 1   Cumulative CPU: 8.12 sec   HDFS Read: 98274 HDFS Write: 4948 SUCCESS
Total MapReduce CPU Time Spent: 0 days 2 hours 4 minutes 7 seconds 100 msec
OK
NULL	NULL	NULL	NULL	NULL	NULL	NULL	NULL	1.01093512224722E11	1
	NULL	NULL	NULL	NULL	NULL	NULL	NULL	2.496570878586252E8	1
		NULL	NULL	NULL	NULL	NULL	NULL	1.2502850792024735E8	2
			NULL	NULL	NULL	NULL	NULL	6.128891702346364E7	3
				NULL	NULL	NULL	NULL	2.7702812699982822E7	4
				1999	NULL	NULL	NULL	2.002325345473689E7	5
				1999	3	NULL	NULL	7139764.29525429	8
				1999	3	8	NULL	3000433.4475964606	25
				1999	3	9	NULL	2868089.4599034786	27
				1999	4	NULL	NULL	1.1585055650947213E7	6
				1999	4	10	NULL	2675204.278724432	33
				1999	4	11	NULL	4311611.4641397	16
				1999	4	12	NULL	4598239.908083081	13
				2000	NULL	NULL	NULL	7679559.2452459335	7
				2000	1	NULL	NULL	4637270.044229746	12
				2000	1	1	NULL	1831099.3515338898	73
				2000	2	NULL	NULL	3042289.2010161877	24
				2000	2	4	NULL	1554883.8640153408	91
				2000	2	5	NULL	1487405.3370008469	97
		amalgedu pack #2	NULL	NULL	NULL	NULL	NULL	2000265.6083544493	57
		amalgscholar #2	NULL	NULL	NULL	NULL	NULL	2105751.0564718246	47
		edu packamalgamalg #17	NULL	NULL	NULL	NULL	NULL	1909825.6256562471	66
		edu packamalgamalg #17		NULL	NULL	NULL	NULL	1909825.6256562471	66
		edu packbrand #1	NULL	NULL	NULL	NULL	NULL	1813736.8617986739	75
		edu packexporti #1	NULL	NULL	NULL	NULL	NULL	1702740.0787329674	80
		edu packexporti #1		NULL	NULL	NULL	NULL	1702740.0787329674	80
		exportiedu pack #1	NULL	NULL	NULL	NULL	NULL	2071571.0135399103	50
		exportiedu pack #1		NULL	NULL	NULL	NULL	2071571.0135399103	50
		exportiedu pack #1		1999	NULL	NULL	NULL	1496421.3013658524	96
		exportiimporto #2	NULL	NULL	NULL	NULL	NULL	2051127.701104641	54
		importoedu pack #1	NULL	NULL	NULL	NULL	NULL	1984818.430828452	60
		importoedu pack #1		NULL	NULL	NULL	NULL	1984818.430828452	60
		importoedu pack #1		1999	NULL	NULL	NULL	1577854.2994517088	88
		importoscholar #1	NULL	NULL	NULL	NULL	NULL	1607561.402304411	85
		importoscholar #1		NULL	NULL	NULL	NULL	1607561.402304411	85
		importoscholar #1		1999	NULL	NULL	NULL	1588470.9224231243	87
	accessories	NULL	NULL	NULL	NULL	NULL	NULL	1941272.5817637444	63
	athletic	NULL	NULL	NULL	NULL	NULL	NULL	5842429.508033156	11
	athletic		NULL	NULL	NULL	NULL	NULL	4546856.4977709055	14
	basketball	NULL	NULL	NULL	NULL	NULL	NULL	2763280.125256717	29
	classical	NULL	NULL	NULL	NULL	NULL	NULL	2223373.852823496	44
	country	NULL	NULL	NULL	NULL	NULL	NULL	4519370.734731087	15
	country		NULL	NULL	NULL	NULL	NULL	1558960.9021657798	90
	country	importoscholar #1	NULL	NULL	NULL	NULL	NULL	1686921.3470402956	82
	custom	NULL	NULL	NULL	NULL	NULL	NULL	2064805.9296012223	52
	diamonds	NULL	NULL	NULL	NULL	NULL	NULL	2003792.4150494337	56
	diamonds		NULL	NULL	NULL	NULL	NULL	1760643.843608737	79
	dresses	NULL	NULL	NULL	NULL	NULL	NULL	6600772.597686134	9
	dresses		NULL	NULL	NULL	NULL	NULL	2859650.6975126863	28
	dresses			NULL	NULL	NULL	NULL	1916415.1370626688	65
	dresses			1999	NULL	NULL	NULL	1463756.317696333	99
	dresses	amalgamalg #1	NULL	NULL	NULL	NULL	NULL	1452009.9526771307	100
	dresses	amalgamalg #2	NULL	NULL	NULL	NULL	NULL	2289111.9474963173	41
	earings	NULL	NULL	NULL	NULL	NULL	NULL	2896897.332683444	26
	earings		NULL	NULL	NULL	NULL	NULL	2080705.3195990324	48
	earings			NULL	NULL	NULL	NULL	2080705.3195990324	48
	earings			1999	NULL	NULL	NULL	1527720.3015104532	93
	fragrances	NULL	NULL	NULL	NULL	NULL	NULL	4258214.146279573	18
	fragrances	importoamalg #1	NULL	NULL	NULL	NULL	NULL	2058238.8482472897	53
	history	NULL	NULL	NULL	NULL	NULL	NULL	2740116.4876641333	30
	history		NULL	NULL	NULL	NULL	NULL	1875012.838377148	69
	history			NULL	NULL	NULL	NULL	1875012.838377148	69
	infants	NULL	NULL	NULL	NULL	NULL	NULL	2698842.9819725156	31
	infants	importoexporti #1	NULL	NULL	NULL	NULL	NULL	1572174.0914489627	89
	maternity	NULL	NULL	NULL	NULL	NULL	NULL	1808775.7063651085	76
	maternity		NULL	NULL	NULL	NULL	NULL	1808775.7063651085	76
	memory	NULL	NULL	NULL	NULL	NULL	NULL	3603869.0306628346	22
	memory		NULL	NULL	NULL	NULL	NULL	1824268.8719514012	74
	mens	NULL	NULL	NULL	NULL	NULL	NULL	1512983.5247769356	95
	mystery	NULL	NULL	NULL	NULL	NULL	NULL	1624802.5682032108	84
	newborn	NULL	NULL	NULL	NULL	NULL	NULL	2542815.861255765	36
	newborn		NULL	NULL	NULL	NULL	NULL	2322033.0002310276	40
	pants	NULL	NULL	NULL	NULL	NULL	NULL	4146517.9130618274	19
	pants	exportiimporto #2	NULL	NULL	NULL	NULL	NULL	2283021.003538072	42
	pendants	NULL	NULL	NULL	NULL	NULL	NULL	1960762.5780884922	62
	pop	NULL	NULL	NULL	NULL	NULL	NULL	2017369.1376538277	55
	portable	NULL	NULL	NULL	NULL	NULL	NULL	1634851.0567271113	83
	reference	NULL	NULL	NULL	NULL	NULL	NULL	1882435.4067058563	68
	rock	NULL	NULL	NULL	NULL	NULL	NULL	4277731.078028321	17
	rock		NULL	NULL	NULL	NULL	NULL	3552358.226404786	23
	rock			NULL	NULL	NULL	NULL	2529977.467147827	37
	rock			1999	NULL	NULL	NULL	2192168.906982422	45
	school-uniforms	NULL	NULL	NULL	NULL	NULL	NULL	2344412.4530199766	39
	school-uniforms		NULL	NULL	NULL	NULL	NULL	2149214.341874957	46
	science	NULL	NULL	NULL	NULL	NULL	NULL	2410673.7922257334	38
	shirts	NULL	NULL	NULL	NULL	NULL	NULL	6325673.41835238	10
	shirts		NULL	NULL	NULL	NULL	NULL	2693966.0435730517	32
	shirts			NULL	NULL	NULL	NULL	1856193.211054206	71
	shirts	importoimporto #1	NULL	NULL	NULL	NULL	NULL	2583887.87595585	34
	shirts	importoimporto #1		NULL	NULL	NULL	NULL	1536277.3290562928	92
	shirts	importoimporto #1		1999	NULL	NULL	NULL	1525124.3493199646	94
	sports-apparel	NULL	NULL	NULL	NULL	NULL	NULL	2254799.928284645	43
	sports-apparel		NULL	NULL	NULL	NULL	NULL	1987259.687617302	59
	swimwear	NULL	NULL	NULL	NULL	NULL	NULL	3613902.729565859	21
	swimwear		NULL	NULL	NULL	NULL	NULL	1481381.1823242903	98
	swimwear	edu packamalg #1	NULL	NULL	NULL	NULL	NULL	1852066.4667395353	72
	toddlers	NULL	NULL	NULL	NULL	NULL	NULL	3929088.057727039	20
	toddlers		NULL	NULL	NULL	NULL	NULL	1999279.5671845376	58
	toddlers	exportiexporti #2	NULL	NULL	NULL	NULL	NULL	1929808.4905425012	64
	womens	NULL	NULL	NULL	NULL	NULL	NULL	2546634.574530363	35
Time taken: 543.993 seconds, Fetched: 100 row(s)
hive> 