15/04/07 07:22:02 WARN conf.HiveConf: HiveConf of name hive.optimize.mapjoin.mapreduce does not exist
15/04/07 07:22:02 WARN conf.HiveConf: HiveConf of name hive.heapsize does not exist
15/04/07 07:22:02 WARN conf.HiveConf: HiveConf of name hive.server2.enable.impersonation does not exist
15/04/07 07:22:02 WARN conf.HiveConf: HiveConf of name hive.auto.convert.sortmerge.join.noconditionaltask does not exist

Logging initialized using configuration in file:/etc/hive/conf/hive-log4j.properties
SLF4J: Class path contains multiple SLF4J bindings.
SLF4J: Found binding in [jar:file:/usr/hdp/2.2.0.0-2041/hadoop/lib/slf4j-log4j12-1.7.5.jar!/org/slf4j/impl/StaticLoggerBinder.class]
SLF4J: Found binding in [jar:file:/usr/hdp/2.2.0.0-2041/hive/lib/hive-jdbc-0.14.0.2.2.0.0-2041-standalone.jar!/org/slf4j/impl/StaticLoggerBinder.class]
SLF4J: See http://www.slf4j.org/codes.html#multiple_bindings for an explanation.
SLF4J: Actual binding is of type [org.slf4j.impl.Log4jLoggerFactory]
hive> use tpcds_bin_partitioned_orc_100; source query25.sql;
OK
Time taken: 2.826 seconds
Query ID = root_20150407072222_6ce1793e-fa2a-416f-a280-c6284114bf04
Total jobs = 6
Stage-12 is selected by condition resolver.
Launching Job 1 out of 6
Number of reduce tasks not specified. Estimated from input data size: 199
In order to change the average load for a reducer (in bytes):
  set hive.exec.reducers.bytes.per.reducer=<number>
In order to limit the maximum number of reducers:
  set hive.exec.reducers.max=<number>
In order to set a constant number of reducers:
  set mapreduce.job.reduces=<number>
Starting Job = job_1428405026382_0016, Tracking URL = http://f01hn02.hadoop:8088/proxy/application_1428405026382_0016/
Kill Command = /usr/hdp/2.2.0.0-2041/hadoop/bin/hadoop job  -kill job_1428405026382_0016
Hadoop job information for Stage-12: number of mappers: 53; number of reducers: 199
2015-04-07 07:22:58,891 Stage-12 map = 0%,  reduce = 0%
2015-04-07 07:23:08,622 Stage-12 map = 2%,  reduce = 0%, Cumulative CPU 16.5 sec
2015-04-07 07:23:09,694 Stage-12 map = 16%,  reduce = 0%, Cumulative CPU 438.45 sec
2015-04-07 07:23:11,837 Stage-12 map = 18%,  reduce = 0%, Cumulative CPU 466.16 sec
2015-04-07 07:23:12,909 Stage-12 map = 32%,  reduce = 0%, Cumulative CPU 634.05 sec
2015-04-07 07:23:13,978 Stage-12 map = 33%,  reduce = 0%, Cumulative CPU 637.54 sec
2015-04-07 07:23:15,045 Stage-12 map = 34%,  reduce = 0%, Cumulative CPU 650.4 sec
2015-04-07 07:23:16,111 Stage-12 map = 49%,  reduce = 0%, Cumulative CPU 818.47 sec
2015-04-07 07:23:18,225 Stage-12 map = 51%,  reduce = 0%, Cumulative CPU 851.74 sec
2015-04-07 07:23:19,292 Stage-12 map = 63%,  reduce = 0%, Cumulative CPU 988.21 sec
2015-04-07 07:23:21,423 Stage-12 map = 65%,  reduce = 0%, Cumulative CPU 1037.82 sec
2015-04-07 07:23:22,489 Stage-12 map = 68%,  reduce = 0%, Cumulative CPU 1156.76 sec
2015-04-07 07:23:23,552 Stage-12 map = 69%,  reduce = 0%, Cumulative CPU 1158.83 sec
2015-04-07 07:23:30,969 Stage-12 map = 71%,  reduce = 0%, Cumulative CPU 1617.59 sec
2015-04-07 07:23:32,032 Stage-12 map = 75%,  reduce = 0%, Cumulative CPU 1643.74 sec
2015-04-07 07:23:33,094 Stage-12 map = 87%,  reduce = 0%, Cumulative CPU 1678.29 sec
2015-04-07 07:23:34,170 Stage-12 map = 97%,  reduce = 0%, Cumulative CPU 1732.27 sec
2015-04-07 07:23:35,235 Stage-12 map = 99%,  reduce = 1%, Cumulative CPU 1749.33 sec
2015-04-07 07:23:36,271 Stage-12 map = 100%,  reduce = 2%, Cumulative CPU 1753.13 sec
2015-04-07 07:23:37,334 Stage-12 map = 100%,  reduce = 3%, Cumulative CPU 1757.94 sec
2015-04-07 07:23:38,398 Stage-12 map = 100%,  reduce = 4%, Cumulative CPU 1765.25 sec
2015-04-07 07:23:39,462 Stage-12 map = 100%,  reduce = 6%, Cumulative CPU 1771.61 sec
2015-04-07 07:23:40,526 Stage-12 map = 100%,  reduce = 7%, Cumulative CPU 1779.7 sec
2015-04-07 07:23:41,590 Stage-12 map = 100%,  reduce = 11%, Cumulative CPU 1813.67 sec
2015-04-07 07:23:42,650 Stage-12 map = 100%,  reduce = 14%, Cumulative CPU 1834.98 sec
2015-04-07 07:23:43,716 Stage-12 map = 100%,  reduce = 18%, Cumulative CPU 1886.16 sec
2015-04-07 07:23:44,780 Stage-12 map = 100%,  reduce = 24%, Cumulative CPU 1978.27 sec
2015-04-07 07:23:45,843 Stage-12 map = 100%,  reduce = 28%, Cumulative CPU 2055.54 sec
2015-04-07 07:23:46,899 Stage-12 map = 100%,  reduce = 30%, Cumulative CPU 2082.27 sec
2015-04-07 07:23:47,935 Stage-12 map = 100%,  reduce = 34%, Cumulative CPU 2138.45 sec
2015-04-07 07:23:48,993 Stage-12 map = 100%,  reduce = 42%, Cumulative CPU 2313.4 sec
2015-04-07 07:23:50,071 Stage-12 map = 100%,  reduce = 47%, Cumulative CPU 2440.32 sec
2015-04-07 07:23:51,114 Stage-12 map = 100%,  reduce = 55%, Cumulative CPU 2652.33 sec
2015-04-07 07:23:52,168 Stage-12 map = 100%,  reduce = 56%, Cumulative CPU 2669.96 sec
2015-04-07 07:23:53,212 Stage-12 map = 100%,  reduce = 57%, Cumulative CPU 2685.81 sec
2015-04-07 07:23:54,250 Stage-12 map = 100%,  reduce = 64%, Cumulative CPU 2793.15 sec
2015-04-07 07:23:55,291 Stage-12 map = 100%,  reduce = 70%, Cumulative CPU 2881.37 sec
2015-04-07 07:23:58,492 Stage-12 map = 100%,  reduce = 73%, Cumulative CPU 2935.75 sec
2015-04-07 07:23:59,556 Stage-12 map = 100%,  reduce = 98%, Cumulative CPU 3323.54 sec
2015-04-07 07:24:00,618 Stage-12 map = 100%,  reduce = 100%, Cumulative CPU 3346.78 sec
MapReduce Total cumulative CPU time: 55 minutes 46 seconds 780 msec
Ended Job = job_1428405026382_0016
Stage-27 is filtered out by condition resolver.
Stage-28 is filtered out by condition resolver.
Stage-8 is selected by condition resolver.
Launching Job 2 out of 6
Number of reduce tasks not specified. Estimated from input data size: 143
In order to change the average load for a reducer (in bytes):
  set hive.exec.reducers.bytes.per.reducer=<number>
In order to limit the maximum number of reducers:
  set hive.exec.reducers.max=<number>
In order to set a constant number of reducers:
  set mapreduce.job.reduces=<number>
Starting Job = job_1428405026382_0017, Tracking URL = http://f01hn02.hadoop:8088/proxy/application_1428405026382_0017/
Kill Command = /usr/hdp/2.2.0.0-2041/hadoop/bin/hadoop job  -kill job_1428405026382_0017
Hadoop job information for Stage-8: number of mappers: 40; number of reducers: 143
2015-04-07 07:24:13,129 Stage-8 map = 0%,  reduce = 0%
2015-04-07 07:24:20,615 Stage-8 map = 3%,  reduce = 0%, Cumulative CPU 6.16 sec
2015-04-07 07:24:21,679 Stage-8 map = 5%,  reduce = 0%, Cumulative CPU 12.66 sec
2015-04-07 07:24:22,743 Stage-8 map = 6%,  reduce = 0%, Cumulative CPU 20.82 sec
2015-04-07 07:24:23,805 Stage-8 map = 31%,  reduce = 0%, Cumulative CPU 325.0 sec
2015-04-07 07:24:26,998 Stage-8 map = 53%,  reduce = 0%, Cumulative CPU 460.72 sec
2015-04-07 07:24:29,130 Stage-8 map = 54%,  reduce = 0%, Cumulative CPU 474.69 sec
2015-04-07 07:24:30,197 Stage-8 map = 67%,  reduce = 0%, Cumulative CPU 591.34 sec
2015-04-07 07:24:33,399 Stage-8 map = 68%,  reduce = 0%, Cumulative CPU 714.92 sec
2015-04-07 07:24:34,464 Stage-8 map = 70%,  reduce = 0%, Cumulative CPU 721.91 sec
2015-04-07 07:24:35,528 Stage-8 map = 70%,  reduce = 1%, Cumulative CPU 734.54 sec
2015-04-07 07:24:36,590 Stage-8 map = 71%,  reduce = 1%, Cumulative CPU 842.11 sec
2015-04-07 07:24:38,712 Stage-8 map = 79%,  reduce = 2%, Cumulative CPU 886.42 sec
2015-04-07 07:24:39,775 Stage-8 map = 97%,  reduce = 3%, Cumulative CPU 968.56 sec
2015-04-07 07:24:40,838 Stage-8 map = 98%,  reduce = 6%, Cumulative CPU 976.6 sec
2015-04-07 07:24:41,901 Stage-8 map = 98%,  reduce = 10%, Cumulative CPU 992.78 sec
2015-04-07 07:24:42,964 Stage-8 map = 98%,  reduce = 14%, Cumulative CPU 1005.82 sec
2015-04-07 07:24:44,025 Stage-8 map = 98%,  reduce = 16%, Cumulative CPU 1011.35 sec
2015-04-07 07:24:47,210 Stage-8 map = 99%,  reduce = 17%, Cumulative CPU 1038.6 sec
2015-04-07 07:24:48,254 Stage-8 map = 100%,  reduce = 21%, Cumulative CPU 1055.73 sec
2015-04-07 07:24:49,314 Stage-8 map = 100%,  reduce = 23%, Cumulative CPU 1072.44 sec
2015-04-07 07:24:50,379 Stage-8 map = 100%,  reduce = 31%, Cumulative CPU 1123.13 sec
2015-04-07 07:24:51,443 Stage-8 map = 100%,  reduce = 45%, Cumulative CPU 1249.28 sec
2015-04-07 07:24:52,501 Stage-8 map = 100%,  reduce = 68%, Cumulative CPU 1550.19 sec
2015-04-07 07:24:53,562 Stage-8 map = 100%,  reduce = 74%, Cumulative CPU 1642.25 sec
2015-04-07 07:24:54,623 Stage-8 map = 100%,  reduce = 75%, Cumulative CPU 1652.31 sec
2015-04-07 07:24:55,683 Stage-8 map = 100%,  reduce = 76%, Cumulative CPU 1658.51 sec
2015-04-07 07:24:58,887 Stage-8 map = 100%,  reduce = 87%, Cumulative CPU 1741.48 sec
2015-04-07 07:24:59,947 Stage-8 map = 100%,  reduce = 100%, Cumulative CPU 1869.31 sec
MapReduce Total cumulative CPU time: 31 minutes 9 seconds 310 msec
Ended Job = job_1428405026382_0017
SLF4J: Class path contains multiple SLF4J bindings.
SLF4J: Found binding in [jar:file:/usr/hdp/2.2.0.0-2041/hadoop/lib/slf4j-log4j12-1.7.5.jar!/org/slf4j/impl/StaticLoggerBinder.class]
SLF4J: Found binding in [jar:file:/usr/hdp/2.2.0.0-2041/hive/lib/hive-jdbc-0.14.0.2.2.0.0-2041-standalone.jar!/org/slf4j/impl/StaticLoggerBinder.class]
SLF4J: See http://www.slf4j.org/codes.html#multiple_bindings for an explanation.
SLF4J: Actual binding is of type [org.slf4j.impl.Log4jLoggerFactory]
15/04/07 07:25:06 WARN conf.HiveConf: HiveConf of name hive.optimize.mapjoin.mapreduce does not exist
15/04/07 07:25:06 WARN conf.HiveConf: HiveConf of name hive.heapsize does not exist
15/04/07 07:25:06 WARN conf.HiveConf: HiveConf of name hive.server2.enable.impersonation does not exist
15/04/07 07:25:06 WARN conf.HiveConf: HiveConf of name hive.auto.convert.sortmerge.join.noconditionaltask does not exist
Execution log at: /tmp/root/root_20150407072222_6ce1793e-fa2a-416f-a280-c6284114bf04.log
2015-04-07 07:25:07	Starting to launch local task to process map join;	maximum memory = 1065484288
2015-04-07 07:25:16	Processing rows:	200000	Hashtable size:	199999	Memory usage:	119419824	percentage:	0.112
2015-04-07 07:25:16	Dump the side-table for tag: 1 with group count: 204000 into file: file:/tmp/root/36459034-2bc8-4246-918f-2f4d993ea390/hive_2015-04-07_07-22-09_485_5411009570307484073-1/-local-10012/HashTable-Stage-6/MapJoin-mapfile01--.hashtable
2015-04-07 07:25:16	Uploaded 1 File to: file:/tmp/root/36459034-2bc8-4246-918f-2f4d993ea390/hive_2015-04-07_07-22-09_485_5411009570307484073-1/-local-10012/HashTable-Stage-6/MapJoin-mapfile01--.hashtable (28780161 bytes)
2015-04-07 07:25:16	Dump the side-table for tag: 1 with group count: 402 into file: file:/tmp/root/36459034-2bc8-4246-918f-2f4d993ea390/hive_2015-04-07_07-22-09_485_5411009570307484073-1/-local-10012/HashTable-Stage-6/MapJoin-mapfile11--.hashtable
2015-04-07 07:25:16	Uploaded 1 File to: file:/tmp/root/36459034-2bc8-4246-918f-2f4d993ea390/hive_2015-04-07_07-22-09_485_5411009570307484073-1/-local-10012/HashTable-Stage-6/MapJoin-mapfile11--.hashtable (17214 bytes)
2015-04-07 07:25:16	Dump the side-table for tag: 1 with group count: 214 into file: file:/tmp/root/36459034-2bc8-4246-918f-2f4d993ea390/hive_2015-04-07_07-22-09_485_5411009570307484073-1/-local-10012/HashTable-Stage-6/MapJoin-mapfile21--.hashtable
2015-04-07 07:25:16	Uploaded 1 File to: file:/tmp/root/36459034-2bc8-4246-918f-2f4d993ea390/hive_2015-04-07_07-22-09_485_5411009570307484073-1/-local-10012/HashTable-Stage-6/MapJoin-mapfile21--.hashtable (5205 bytes)
2015-04-07 07:25:16	Dump the side-table for tag: 1 with group count: 214 into file: file:/tmp/root/36459034-2bc8-4246-918f-2f4d993ea390/hive_2015-04-07_07-22-09_485_5411009570307484073-1/-local-10012/HashTable-Stage-6/MapJoin-mapfile31--.hashtable
2015-04-07 07:25:16	Uploaded 1 File to: file:/tmp/root/36459034-2bc8-4246-918f-2f4d993ea390/hive_2015-04-07_07-22-09_485_5411009570307484073-1/-local-10012/HashTable-Stage-6/MapJoin-mapfile31--.hashtable (5205 bytes)
2015-04-07 07:25:16	Dump the side-table for tag: 1 with group count: 30 into file: file:/tmp/root/36459034-2bc8-4246-918f-2f4d993ea390/hive_2015-04-07_07-22-09_485_5411009570307484073-1/-local-10012/HashTable-Stage-6/MapJoin-mapfile41--.hashtable
2015-04-07 07:25:16	Uploaded 1 File to: file:/tmp/root/36459034-2bc8-4246-918f-2f4d993ea390/hive_2015-04-07_07-22-09_485_5411009570307484073-1/-local-10012/HashTable-Stage-6/MapJoin-mapfile41--.hashtable (893 bytes)
2015-04-07 07:25:16	End of local task; Time Taken: 9.065 sec.
Execution completed successfully
MapredLocal task succeeded
Launching Job 3 out of 6
Number of reduce tasks not specified. Estimated from input data size: 1
In order to change the average load for a reducer (in bytes):
  set hive.exec.reducers.bytes.per.reducer=<number>
In order to limit the maximum number of reducers:
  set hive.exec.reducers.max=<number>
In order to set a constant number of reducers:
  set mapreduce.job.reduces=<number>
Starting Job = job_1428405026382_0018, Tracking URL = http://f01hn02.hadoop:8088/proxy/application_1428405026382_0018/
Kill Command = /usr/hdp/2.2.0.0-2041/hadoop/bin/hadoop job  -kill job_1428405026382_0018
Hadoop job information for Stage-6: number of mappers: 4; number of reducers: 1
2015-04-07 07:25:24,723 Stage-6 map = 0%,  reduce = 0%
2015-04-07 07:25:31,065 Stage-6 map = 50%,  reduce = 0%, Cumulative CPU 6.36 sec
2015-04-07 07:25:32,127 Stage-6 map = 100%,  reduce = 0%, Cumulative CPU 13.87 sec
2015-04-07 07:25:37,419 Stage-6 map = 100%,  reduce = 100%, Cumulative CPU 15.41 sec
MapReduce Total cumulative CPU time: 15 seconds 410 msec
Ended Job = job_1428405026382_0018
Launching Job 4 out of 6
Number of reduce tasks determined at compile time: 1
In order to change the average load for a reducer (in bytes):
  set hive.exec.reducers.bytes.per.reducer=<number>
In order to limit the maximum number of reducers:
  set hive.exec.reducers.max=<number>
In order to set a constant number of reducers:
  set mapreduce.job.reduces=<number>
Starting Job = job_1428405026382_0019, Tracking URL = http://f01hn02.hadoop:8088/proxy/application_1428405026382_0019/
Kill Command = /usr/hdp/2.2.0.0-2041/hadoop/bin/hadoop job  -kill job_1428405026382_0019
Hadoop job information for Stage-7: number of mappers: 1; number of reducers: 1
2015-04-07 07:25:43,583 Stage-7 map = 0%,  reduce = 0%
2015-04-07 07:25:48,937 Stage-7 map = 100%,  reduce = 0%, Cumulative CPU 1.39 sec
2015-04-07 07:25:54,240 Stage-7 map = 100%,  reduce = 100%, Cumulative CPU 2.84 sec
MapReduce Total cumulative CPU time: 2 seconds 840 msec
Ended Job = job_1428405026382_0019
MapReduce Jobs Launched: 
Stage-Stage-12: Map: 53  Reduce: 199   Cumulative CPU: 3346.78 sec   HDFS Read: 2724213788 HDFS Write: 1200379159 SUCCESS
Stage-Stage-8: Map: 40  Reduce: 143   Cumulative CPU: 1869.31 sec   HDFS Read: 2132547426 HDFS Write: 674925 SUCCESS
Stage-Stage-6: Map: 4  Reduce: 1   Cumulative CPU: 15.41 sec   HDFS Read: 712828 HDFS Write: 3608 SUCCESS
Stage-Stage-7: Map: 1  Reduce: 1   Cumulative CPU: 2.84 sec   HDFS Read: 4014 HDFS Write: 3671 SUCCESS
Total MapReduce CPU Time Spent: 0 days 1 hours 27 minutes 14 seconds 340 msec
OK
AAAAAAAACCPOCAAA	Quite initial changes may not rely. Very full speakers see so in a roads; only fresh objects relate now diffe	AAAAAAAAOOAAAAAA	eing	-4426.1201171875	511.3500061035156	-559.719970703125
AAAAAAAAECDFAAAA	Soviet records can prevent only at the areas. Independent, historical flowers choose things. Considerable relationships used to want. S	AAAAAAAADDBAAAAA	ation	-1100.27001953125	165.49000549316406	-856.7100219726562
AAAAAAAAEDFCCAAA	Various, old examples involve very. New trees could not return still early islands. Costs strip so. Males know away from a men. Suitable banks shall nee	AAAAAAAAECBAAAAA	able	68.58000183105469	181.0800018310547	-2507.25
AAAAAAAAFDMGCAAA	Public wheels may think issues; reports shall get pressures. Forms shall meet. Early, small articles arise i	AAAAAAAACPAAAAAA	able	-558.7100219726562	91.94999694824219	-6015.830078125
AAAAAAAAFKEJAAAA	Arguments chart even from a circumstances. Painful, reliable children ought to honour at 	AAAAAAAAHAAAAAAA	ation	-638.3800048828125	647.8599853515625	-643.3300170898438
AAAAAAAAGIJAAAAA	Techniques expand however activities. Clergy sustain young boys. Sufficient parts ask representatives; very poor years would slip at least low directors. Required estates join too. Pub	AAAAAAAAIIBAAAAA	able	-63.15999984741211	104.06999969482422	-1392.4200439453125
AAAAAAAAHJJJAAAA	Social, reasonable problems worry all particular items. Recent interactions help.	AAAAAAAAEAAAAAAA	ese	1483.760009765625	157.74000549316406	-1873.27001953125
AAAAAAAAHJMIBAAA	Other, simple arts would not need already vital, new considerations. Years open again certain, various principles. 	AAAAAAAAHAAAAAAA	ation	-582.4000244140625	126.66000366210938	193.75
AAAAAAAAIHDBAAAA	Other fal	AAAAAAAAENAAAAAA	able	83.16000366210938	134.02999877929688	339.20001220703125
AAAAAAAAIKMFAAAA	True targets could answer past books. Payments shall not make for the years. Different, small girls go in a components. Mental, national powers keep economic competitors. Spare strategi	AAAAAAAAMCAAAAAA	ese	-6.21999979019165	54.880001068115234	-155.52000427246094
AAAAAAAAJDDKAAAA	Sophisticated, human resources visualize to a tools. Now fundamental children keep critical, dual aspects. Strange pieces may not apply regardless. Funny animals could not include all right globa	AAAAAAAAEAAAAAAA	ese	-18.56999969482422	135.9600067138672	169.74000549316406
AAAAAAAAJDLHBAAA	Hands narrow then days. Sexual, particular offices might not suffer only to a peoples. Tickets open free questions. Soon special men used to damage as important 	AAAAAAAAMFAAAAAA	able	-527.6500244140625	533.97998046875	3942.25
AAAAAAAAKEHOAAAA	Systems must indicate elsewhere free colum	AAAAAAAAGOAAAAAA	bar	-535.5	80.30000305175781	-2142.780029296875
AAAAAAAAMBJDBAAA	Wives used to start just to a measurements; times take. Hard, possible schools could kill never specialist, old participants. Perfectly regional weeks used to look cultural, sim	AAAAAAAAILAAAAAA	ese	4.329999923706055	19.010000228881836	-2034.0400390625
AAAAAAAAMJBAAAAA	Direct, basic tanks shall complain suddenly nearer clear governments. Ma	AAAAAAAAEDBAAAAA	eing	-90.30000305175781	999.239990234375	-549.27001953125
AAAAAAAANFFIAAAA	Central, confident surveys defuse now on a years. Public publications cannot keep now elements. Objective, other eyes might not start by the ties. Il	AAAAAAAACGAAAAAA	eing	-1518.75	2522.580078125	698.4000244140625
AAAAAAAAPJBNCAAA	Equal ingredients worry never other, golden operations. Preferably main years should pay; components make frequently rational, social workshops. 	AAAAAAAAOIAAAAAA	able	-1925.9300537109375	42.849998474121094	-12.800000190734863
Time taken: 225.857 seconds, Fetched: 17 row(s)
hive> 