15/04/07 15:49:18 WARN conf.HiveConf: HiveConf of name hive.optimize.mapjoin.mapreduce does not exist
15/04/07 15:49:18 WARN conf.HiveConf: HiveConf of name hive.heapsize does not exist
15/04/07 15:49:18 WARN conf.HiveConf: HiveConf of name hive.server2.enable.impersonation does not exist
15/04/07 15:49:18 WARN conf.HiveConf: HiveConf of name hive.auto.convert.sortmerge.join.noconditionaltask does not exist

Logging initialized using configuration in file:/etc/hive/conf/hive-log4j.properties
SLF4J: Class path contains multiple SLF4J bindings.
SLF4J: Found binding in [jar:file:/usr/hdp/2.2.0.0-2041/hadoop/lib/slf4j-log4j12-1.7.5.jar!/org/slf4j/impl/StaticLoggerBinder.class]
SLF4J: Found binding in [jar:file:/usr/hdp/2.2.0.0-2041/hive/lib/hive-jdbc-0.14.0.2.2.0.0-2041-standalone.jar!/org/slf4j/impl/StaticLoggerBinder.class]
SLF4J: See http://www.slf4j.org/codes.html#multiple_bindings for an explanation.
SLF4J: Actual binding is of type [org.slf4j.impl.Log4jLoggerFactory]
hive> use tpcds_bin_partitioned_orc_100; source query88.sql;
OK
Time taken: 2.945 seconds
Warning: Map Join MAPJOIN[662][bigTable=?] in task 'Stage-61:MAPRED' is a cross product
Warning: Map Join MAPJOIN[994][bigTable=?] in task 'Stage-62:MAPRED' is a cross product
Warning: Shuffle Join JOIN[220][tables = [s1, s2, s3, s4, s5, s6, s7, s8]] in Stage 'Stage-9:MAPRED' is a cross product
Warning: Map Join MAPJOIN[1658][bigTable=?] in task 'Stage-65:MAPRED' is a cross product
Warning: Map Join MAPJOIN[1326][bigTable=?] in task 'Stage-64:MAPRED' is a cross product
Warning: Shuffle Join JOIN[217][tables = [s1, s2, s3, s4, s5, s6, s7]] in Stage 'Stage-8:MAPRED' is a cross product
Warning: Map Join MAPJOIN[1990][bigTable=?] in task 'Stage-67:MAPRED' is a cross product
Warning: Map Join MAPJOIN[2322][bigTable=?] in task 'Stage-68:MAPRED' is a cross product
Warning: Shuffle Join JOIN[214][tables = [s1, s2, s3, s4, s5, s6]] in Stage 'Stage-7:MAPRED' is a cross product
Warning: Map Join MAPJOIN[2986][bigTable=?] in task 'Stage-71:MAPRED' is a cross product
Warning: Map Join MAPJOIN[2654][bigTable=?] in task 'Stage-70:MAPRED' is a cross product
Warning: Shuffle Join JOIN[211][tables = [s1, s2, s3, s4, s5]] in Stage 'Stage-6:MAPRED' is a cross product
Warning: Map Join MAPJOIN[3318][bigTable=?] in task 'Stage-73:MAPRED' is a cross product
Warning: Map Join MAPJOIN[3650][bigTable=?] in task 'Stage-74:MAPRED' is a cross product
Warning: Shuffle Join JOIN[208][tables = [s1, s2, s3, s4]] in Stage 'Stage-5:MAPRED' is a cross product
Warning: Map Join MAPJOIN[3982][bigTable=?] in task 'Stage-76:MAPRED' is a cross product
Warning: Map Join MAPJOIN[4314][bigTable=?] in task 'Stage-77:MAPRED' is a cross product
Warning: Shuffle Join JOIN[205][tables = [s1, s2, s3]] in Stage 'Stage-4:MAPRED' is a cross product
Warning: Map Join MAPJOIN[4670][bigTable=?] in task 'Stage-91:MAPRED' is a cross product
Warning: Map Join MAPJOIN[5014][bigTable=?] in task 'Stage-92:MAPRED' is a cross product
Warning: Shuffle Join JOIN[202][tables = [s1, s2]] in Stage 'Stage-3:MAPRED' is a cross product
Query ID = root_20150407154949_5777c5d4-110a-4f36-9e90-79f0a45cd180
Total jobs = 29
SLF4J: Class path contains multiple SLF4J bindings.
SLF4J: Found binding in [jar:file:/usr/hdp/2.2.0.0-2041/hadoop/lib/slf4j-log4j12-1.7.5.jar!/org/slf4j/impl/StaticLoggerBinder.class]
SLF4J: Found binding in [jar:file:/usr/hdp/2.2.0.0-2041/hive/lib/hive-jdbc-0.14.0.2.2.0.0-2041-standalone.jar!/org/slf4j/impl/StaticLoggerBinder.class]
SLF4J: See http://www.slf4j.org/codes.html#multiple_bindings for an explanation.
SLF4J: Actual binding is of type [org.slf4j.impl.Log4jLoggerFactory]
15/04/07 15:50:06 WARN conf.HiveConf: HiveConf of name hive.optimize.mapjoin.mapreduce does not exist
15/04/07 15:50:06 WARN conf.HiveConf: HiveConf of name hive.heapsize does not exist
15/04/07 15:50:06 WARN conf.HiveConf: HiveConf of name hive.server2.enable.impersonation does not exist
15/04/07 15:50:06 WARN conf.HiveConf: HiveConf of name hive.auto.convert.sortmerge.join.noconditionaltask does not exist
Execution log at: /tmp/root/root_20150407154949_5777c5d4-110a-4f36-9e90-79f0a45cd180.log
2015-04-07 03:50:08	Starting to launch local task to process map join;	maximum memory = 1065484288
2015-04-07 03:50:12	Dump the side-table for tag: 1 with group count: 55 into file: file:/tmp/root/4c12f98c-98d7-4e13-824f-98b8e5275b43/hive_2015-04-07_15-49-25_913_6039134839572145646-1/-local-10066/HashTable-Stage-16/MapJoin-mapfile121--.hashtable
2015-04-07 03:50:12	Uploaded 1 File to: file:/tmp/root/4c12f98c-98d7-4e13-824f-98b8e5275b43/hive_2015-04-07_15-49-25_913_6039134839572145646-1/-local-10066/HashTable-Stage-16/MapJoin-mapfile121--.hashtable (1312 bytes)
2015-04-07 03:50:12	Dump the side-table for tag: 1 with group count: 1800 into file: file:/tmp/root/4c12f98c-98d7-4e13-824f-98b8e5275b43/hive_2015-04-07_15-49-25_913_6039134839572145646-1/-local-10066/HashTable-Stage-16/MapJoin-mapfile131--.hashtable
2015-04-07 03:50:13	Uploaded 1 File to: file:/tmp/root/4c12f98c-98d7-4e13-824f-98b8e5275b43/hive_2015-04-07_15-49-25_913_6039134839572145646-1/-local-10066/HashTable-Stage-16/MapJoin-mapfile131--.hashtable (40053 bytes)
2015-04-07 03:50:13	Dump the side-table for tag: 1 with group count: 1800 into file: file:/tmp/root/4c12f98c-98d7-4e13-824f-98b8e5275b43/hive_2015-04-07_15-49-25_913_6039134839572145646-1/-local-10066/HashTable-Stage-16/MapJoin-mapfile141--.hashtable
2015-04-07 03:50:13	Uploaded 1 File to: file:/tmp/root/4c12f98c-98d7-4e13-824f-98b8e5275b43/hive_2015-04-07_15-49-25_913_6039134839572145646-1/-local-10066/HashTable-Stage-16/MapJoin-mapfile141--.hashtable (41494 bytes)
2015-04-07 03:50:13	End of local task; Time Taken: 5.106 sec.
Execution completed successfully
MapredLocal task succeeded
SLF4J: Class path contains multiple SLF4J bindings.
SLF4J: Found binding in [jar:file:/usr/hdp/2.2.0.0-2041/hadoop/lib/slf4j-log4j12-1.7.5.jar!/org/slf4j/impl/StaticLoggerBinder.class]
SLF4J: Found binding in [jar:file:/usr/hdp/2.2.0.0-2041/hive/lib/hive-jdbc-0.14.0.2.2.0.0-2041-standalone.jar!/org/slf4j/impl/StaticLoggerBinder.class]
SLF4J: See http://www.slf4j.org/codes.html#multiple_bindings for an explanation.
SLF4J: Actual binding is of type [org.slf4j.impl.Log4jLoggerFactory]
15/04/07 15:50:19 WARN conf.HiveConf: HiveConf of name hive.optimize.mapjoin.mapreduce does not exist
15/04/07 15:50:19 WARN conf.HiveConf: HiveConf of name hive.heapsize does not exist
15/04/07 15:50:19 WARN conf.HiveConf: HiveConf of name hive.server2.enable.impersonation does not exist
15/04/07 15:50:19 WARN conf.HiveConf: HiveConf of name hive.auto.convert.sortmerge.join.noconditionaltask does not exist
Execution log at: /tmp/root/root_20150407154949_5777c5d4-110a-4f36-9e90-79f0a45cd180.log
2015-04-07 03:50:21	Starting to launch local task to process map join;	maximum memory = 1065484288
2015-04-07 03:50:25	Dump the side-table for tag: 1 with group count: 55 into file: file:/tmp/root/4c12f98c-98d7-4e13-824f-98b8e5275b43/hive_2015-04-07_15-49-25_913_6039134839572145646-1/-local-10068/HashTable-Stage-20/MapJoin-mapfile151--.hashtable
2015-04-07 03:50:25	Uploaded 1 File to: file:/tmp/root/4c12f98c-98d7-4e13-824f-98b8e5275b43/hive_2015-04-07_15-49-25_913_6039134839572145646-1/-local-10068/HashTable-Stage-20/MapJoin-mapfile151--.hashtable (1312 bytes)
2015-04-07 03:50:25	Dump the side-table for tag: 1 with group count: 1800 into file: file:/tmp/root/4c12f98c-98d7-4e13-824f-98b8e5275b43/hive_2015-04-07_15-49-25_913_6039134839572145646-1/-local-10068/HashTable-Stage-20/MapJoin-mapfile161--.hashtable
2015-04-07 03:50:25	Uploaded 1 File to: file:/tmp/root/4c12f98c-98d7-4e13-824f-98b8e5275b43/hive_2015-04-07_15-49-25_913_6039134839572145646-1/-local-10068/HashTable-Stage-20/MapJoin-mapfile161--.hashtable (40053 bytes)
2015-04-07 03:50:25	Dump the side-table for tag: 1 with group count: 1800 into file: file:/tmp/root/4c12f98c-98d7-4e13-824f-98b8e5275b43/hive_2015-04-07_15-49-25_913_6039134839572145646-1/-local-10068/HashTable-Stage-20/MapJoin-mapfile171--.hashtable
2015-04-07 03:50:25	Uploaded 1 File to: file:/tmp/root/4c12f98c-98d7-4e13-824f-98b8e5275b43/hive_2015-04-07_15-49-25_913_6039134839572145646-1/-local-10068/HashTable-Stage-20/MapJoin-mapfile171--.hashtable (41494 bytes)
2015-04-07 03:50:25	End of local task; Time Taken: 4.906 sec.
Execution completed successfully
MapredLocal task succeeded
SLF4J: Class path contains multiple SLF4J bindings.
SLF4J: Found binding in [jar:file:/usr/hdp/2.2.0.0-2041/hadoop/lib/slf4j-log4j12-1.7.5.jar!/org/slf4j/impl/StaticLoggerBinder.class]
SLF4J: Found binding in [jar:file:/usr/hdp/2.2.0.0-2041/hive/lib/hive-jdbc-0.14.0.2.2.0.0-2041-standalone.jar!/org/slf4j/impl/StaticLoggerBinder.class]
SLF4J: See http://www.slf4j.org/codes.html#multiple_bindings for an explanation.
SLF4J: Actual binding is of type [org.slf4j.impl.Log4jLoggerFactory]
15/04/07 15:50:32 WARN conf.HiveConf: HiveConf of name hive.optimize.mapjoin.mapreduce does not exist
15/04/07 15:50:32 WARN conf.HiveConf: HiveConf of name hive.heapsize does not exist
15/04/07 15:50:32 WARN conf.HiveConf: HiveConf of name hive.server2.enable.impersonation does not exist
15/04/07 15:50:32 WARN conf.HiveConf: HiveConf of name hive.auto.convert.sortmerge.join.noconditionaltask does not exist
Execution log at: /tmp/root/root_20150407154949_5777c5d4-110a-4f36-9e90-79f0a45cd180.log
2015-04-07 03:50:34	Starting to launch local task to process map join;	maximum memory = 1065484288
2015-04-07 03:50:38	Dump the side-table for tag: 1 with group count: 55 into file: file:/tmp/root/4c12f98c-98d7-4e13-824f-98b8e5275b43/hive_2015-04-07_15-49-25_913_6039134839572145646-1/-local-10070/HashTable-Stage-24/MapJoin-mapfile181--.hashtable
2015-04-07 03:50:38	Uploaded 1 File to: file:/tmp/root/4c12f98c-98d7-4e13-824f-98b8e5275b43/hive_2015-04-07_15-49-25_913_6039134839572145646-1/-local-10070/HashTable-Stage-24/MapJoin-mapfile181--.hashtable (1312 bytes)
2015-04-07 03:50:38	Dump the side-table for tag: 1 with group count: 1800 into file: file:/tmp/root/4c12f98c-98d7-4e13-824f-98b8e5275b43/hive_2015-04-07_15-49-25_913_6039134839572145646-1/-local-10070/HashTable-Stage-24/MapJoin-mapfile191--.hashtable
2015-04-07 03:50:39	Uploaded 1 File to: file:/tmp/root/4c12f98c-98d7-4e13-824f-98b8e5275b43/hive_2015-04-07_15-49-25_913_6039134839572145646-1/-local-10070/HashTable-Stage-24/MapJoin-mapfile191--.hashtable (40053 bytes)
2015-04-07 03:50:39	Dump the side-table for tag: 1 with group count: 1800 into file: file:/tmp/root/4c12f98c-98d7-4e13-824f-98b8e5275b43/hive_2015-04-07_15-49-25_913_6039134839572145646-1/-local-10070/HashTable-Stage-24/MapJoin-mapfile201--.hashtable
2015-04-07 03:50:39	Uploaded 1 File to: file:/tmp/root/4c12f98c-98d7-4e13-824f-98b8e5275b43/hive_2015-04-07_15-49-25_913_6039134839572145646-1/-local-10070/HashTable-Stage-24/MapJoin-mapfile201--.hashtable (41494 bytes)
2015-04-07 03:50:39	End of local task; Time Taken: 5.082 sec.
Execution completed successfully
MapredLocal task succeeded
SLF4J: Class path contains multiple SLF4J bindings.
SLF4J: Found binding in [jar:file:/usr/hdp/2.2.0.0-2041/hadoop/lib/slf4j-log4j12-1.7.5.jar!/org/slf4j/impl/StaticLoggerBinder.class]
SLF4J: Found binding in [jar:file:/usr/hdp/2.2.0.0-2041/hive/lib/hive-jdbc-0.14.0.2.2.0.0-2041-standalone.jar!/org/slf4j/impl/StaticLoggerBinder.class]
SLF4J: See http://www.slf4j.org/codes.html#multiple_bindings for an explanation.
SLF4J: Actual binding is of type [org.slf4j.impl.Log4jLoggerFactory]
15/04/07 15:50:45 WARN conf.HiveConf: HiveConf of name hive.optimize.mapjoin.mapreduce does not exist
15/04/07 15:50:45 WARN conf.HiveConf: HiveConf of name hive.heapsize does not exist
15/04/07 15:50:45 WARN conf.HiveConf: HiveConf of name hive.server2.enable.impersonation does not exist
15/04/07 15:50:45 WARN conf.HiveConf: HiveConf of name hive.auto.convert.sortmerge.join.noconditionaltask does not exist
Execution log at: /tmp/root/root_20150407154949_5777c5d4-110a-4f36-9e90-79f0a45cd180.log
2015-04-07 03:50:47	Starting to launch local task to process map join;	maximum memory = 1065484288
2015-04-07 03:50:51	Dump the side-table for tag: 1 with group count: 55 into file: file:/tmp/root/4c12f98c-98d7-4e13-824f-98b8e5275b43/hive_2015-04-07_15-49-25_913_6039134839572145646-1/-local-10072/HashTable-Stage-29/MapJoin-mapfile211--.hashtable
2015-04-07 03:50:51	Uploaded 1 File to: file:/tmp/root/4c12f98c-98d7-4e13-824f-98b8e5275b43/hive_2015-04-07_15-49-25_913_6039134839572145646-1/-local-10072/HashTable-Stage-29/MapJoin-mapfile211--.hashtable (1312 bytes)
2015-04-07 03:50:51	Dump the side-table for tag: 1 with group count: 1800 into file: file:/tmp/root/4c12f98c-98d7-4e13-824f-98b8e5275b43/hive_2015-04-07_15-49-25_913_6039134839572145646-1/-local-10072/HashTable-Stage-29/MapJoin-mapfile221--.hashtable
2015-04-07 03:50:51	Uploaded 1 File to: file:/tmp/root/4c12f98c-98d7-4e13-824f-98b8e5275b43/hive_2015-04-07_15-49-25_913_6039134839572145646-1/-local-10072/HashTable-Stage-29/MapJoin-mapfile221--.hashtable (40053 bytes)
2015-04-07 03:50:51	Dump the side-table for tag: 1 with group count: 1800 into file: file:/tmp/root/4c12f98c-98d7-4e13-824f-98b8e5275b43/hive_2015-04-07_15-49-25_913_6039134839572145646-1/-local-10072/HashTable-Stage-29/MapJoin-mapfile231--.hashtable
2015-04-07 03:50:51	Uploaded 1 File to: file:/tmp/root/4c12f98c-98d7-4e13-824f-98b8e5275b43/hive_2015-04-07_15-49-25_913_6039134839572145646-1/-local-10072/HashTable-Stage-29/MapJoin-mapfile231--.hashtable (41494 bytes)
2015-04-07 03:50:51	End of local task; Time Taken: 4.546 sec.
Execution completed successfully
MapredLocal task succeeded
SLF4J: Class path contains multiple SLF4J bindings.
SLF4J: Found binding in [jar:file:/usr/hdp/2.2.0.0-2041/hadoop/lib/slf4j-log4j12-1.7.5.jar!/org/slf4j/impl/StaticLoggerBinder.class]
SLF4J: Found binding in [jar:file:/usr/hdp/2.2.0.0-2041/hive/lib/hive-jdbc-0.14.0.2.2.0.0-2041-standalone.jar!/org/slf4j/impl/StaticLoggerBinder.class]
SLF4J: See http://www.slf4j.org/codes.html#multiple_bindings for an explanation.
SLF4J: Actual binding is of type [org.slf4j.impl.Log4jLoggerFactory]
15/04/07 15:50:58 WARN conf.HiveConf: HiveConf of name hive.optimize.mapjoin.mapreduce does not exist
15/04/07 15:50:58 WARN conf.HiveConf: HiveConf of name hive.heapsize does not exist
15/04/07 15:50:58 WARN conf.HiveConf: HiveConf of name hive.server2.enable.impersonation does not exist
15/04/07 15:50:58 WARN conf.HiveConf: HiveConf of name hive.auto.convert.sortmerge.join.noconditionaltask does not exist
Execution log at: /tmp/root/root_20150407154949_5777c5d4-110a-4f36-9e90-79f0a45cd180.log
2015-04-07 03:50:59	Starting to launch local task to process map join;	maximum memory = 1065484288
2015-04-07 03:51:04	Dump the side-table for tag: 1 with group count: 55 into file: file:/tmp/root/4c12f98c-98d7-4e13-824f-98b8e5275b43/hive_2015-04-07_15-49-25_913_6039134839572145646-1/-local-10078/HashTable-Stage-2/MapJoin-mapfile261--.hashtable
2015-04-07 03:51:04	Uploaded 1 File to: file:/tmp/root/4c12f98c-98d7-4e13-824f-98b8e5275b43/hive_2015-04-07_15-49-25_913_6039134839572145646-1/-local-10078/HashTable-Stage-2/MapJoin-mapfile261--.hashtable (1312 bytes)
2015-04-07 03:51:04	Dump the side-table for tag: 1 with group count: 1800 into file: file:/tmp/root/4c12f98c-98d7-4e13-824f-98b8e5275b43/hive_2015-04-07_15-49-25_913_6039134839572145646-1/-local-10078/HashTable-Stage-2/MapJoin-mapfile271--.hashtable
2015-04-07 03:51:04	Uploaded 1 File to: file:/tmp/root/4c12f98c-98d7-4e13-824f-98b8e5275b43/hive_2015-04-07_15-49-25_913_6039134839572145646-1/-local-10078/HashTable-Stage-2/MapJoin-mapfile271--.hashtable (40053 bytes)
2015-04-07 03:51:04	Dump the side-table for tag: 1 with group count: 1800 into file: file:/tmp/root/4c12f98c-98d7-4e13-824f-98b8e5275b43/hive_2015-04-07_15-49-25_913_6039134839572145646-1/-local-10078/HashTable-Stage-2/MapJoin-mapfile281--.hashtable
2015-04-07 03:51:04	Uploaded 1 File to: file:/tmp/root/4c12f98c-98d7-4e13-824f-98b8e5275b43/hive_2015-04-07_15-49-25_913_6039134839572145646-1/-local-10078/HashTable-Stage-2/MapJoin-mapfile281--.hashtable (41494 bytes)
2015-04-07 03:51:04	End of local task; Time Taken: 4.968 sec.
Execution completed successfully
MapredLocal task succeeded
SLF4J: Class path contains multiple SLF4J bindings.
SLF4J: Found binding in [jar:file:/usr/hdp/2.2.0.0-2041/hadoop/lib/slf4j-log4j12-1.7.5.jar!/org/slf4j/impl/StaticLoggerBinder.class]
SLF4J: Found binding in [jar:file:/usr/hdp/2.2.0.0-2041/hive/lib/hive-jdbc-0.14.0.2.2.0.0-2041-standalone.jar!/org/slf4j/impl/StaticLoggerBinder.class]
SLF4J: See http://www.slf4j.org/codes.html#multiple_bindings for an explanation.
SLF4J: Actual binding is of type [org.slf4j.impl.Log4jLoggerFactory]
15/04/07 15:51:10 WARN conf.HiveConf: HiveConf of name hive.optimize.mapjoin.mapreduce does not exist
15/04/07 15:51:10 WARN conf.HiveConf: HiveConf of name hive.heapsize does not exist
15/04/07 15:51:10 WARN conf.HiveConf: HiveConf of name hive.server2.enable.impersonation does not exist
15/04/07 15:51:10 WARN conf.HiveConf: HiveConf of name hive.auto.convert.sortmerge.join.noconditionaltask does not exist
Execution log at: /tmp/root/root_20150407154949_5777c5d4-110a-4f36-9e90-79f0a45cd180.log
2015-04-07 03:51:11	Starting to launch local task to process map join;	maximum memory = 1065484288
2015-04-07 03:51:16	Dump the side-table for tag: 1 with group count: 55 into file: file:/tmp/root/4c12f98c-98d7-4e13-824f-98b8e5275b43/hive_2015-04-07_15-49-25_913_6039134839572145646-1/-local-10080/HashTable-Stage-44/MapJoin-mapfile291--.hashtable
2015-04-07 03:51:16	Uploaded 1 File to: file:/tmp/root/4c12f98c-98d7-4e13-824f-98b8e5275b43/hive_2015-04-07_15-49-25_913_6039134839572145646-1/-local-10080/HashTable-Stage-44/MapJoin-mapfile291--.hashtable (1312 bytes)
2015-04-07 03:51:16	Dump the side-table for tag: 1 with group count: 1800 into file: file:/tmp/root/4c12f98c-98d7-4e13-824f-98b8e5275b43/hive_2015-04-07_15-49-25_913_6039134839572145646-1/-local-10080/HashTable-Stage-44/MapJoin-mapfile301--.hashtable
2015-04-07 03:51:16	Uploaded 1 File to: file:/tmp/root/4c12f98c-98d7-4e13-824f-98b8e5275b43/hive_2015-04-07_15-49-25_913_6039134839572145646-1/-local-10080/HashTable-Stage-44/MapJoin-mapfile301--.hashtable (40053 bytes)
2015-04-07 03:51:16	Dump the side-table for tag: 1 with group count: 1800 into file: file:/tmp/root/4c12f98c-98d7-4e13-824f-98b8e5275b43/hive_2015-04-07_15-49-25_913_6039134839572145646-1/-local-10080/HashTable-Stage-44/MapJoin-mapfile311--.hashtable
2015-04-07 03:51:16	Uploaded 1 File to: file:/tmp/root/4c12f98c-98d7-4e13-824f-98b8e5275b43/hive_2015-04-07_15-49-25_913_6039134839572145646-1/-local-10080/HashTable-Stage-44/MapJoin-mapfile311--.hashtable (41494 bytes)
2015-04-07 03:51:16	End of local task; Time Taken: 4.955 sec.
Execution completed successfully
MapredLocal task succeeded
SLF4J: Class path contains multiple SLF4J bindings.
SLF4J: Found binding in [jar:file:/usr/hdp/2.2.0.0-2041/hadoop/lib/slf4j-log4j12-1.7.5.jar!/org/slf4j/impl/StaticLoggerBinder.class]
SLF4J: Found binding in [jar:file:/usr/hdp/2.2.0.0-2041/hive/lib/hive-jdbc-0.14.0.2.2.0.0-2041-standalone.jar!/org/slf4j/impl/StaticLoggerBinder.class]
SLF4J: See http://www.slf4j.org/codes.html#multiple_bindings for an explanation.
SLF4J: Actual binding is of type [org.slf4j.impl.Log4jLoggerFactory]
15/04/07 15:51:23 WARN conf.HiveConf: HiveConf of name hive.optimize.mapjoin.mapreduce does not exist
15/04/07 15:51:23 WARN conf.HiveConf: HiveConf of name hive.heapsize does not exist
15/04/07 15:51:23 WARN conf.HiveConf: HiveConf of name hive.server2.enable.impersonation does not exist
15/04/07 15:51:23 WARN conf.HiveConf: HiveConf of name hive.auto.convert.sortmerge.join.noconditionaltask does not exist
Execution log at: /tmp/root/root_20150407154949_5777c5d4-110a-4f36-9e90-79f0a45cd180.log
2015-04-07 03:51:24	Starting to launch local task to process map join;	maximum memory = 1065484288
2015-04-07 03:51:29	Dump the side-table for tag: 1 with group count: 55 into file: file:/tmp/root/4c12f98c-98d7-4e13-824f-98b8e5275b43/hive_2015-04-07_15-49-25_913_6039134839572145646-1/-local-10082/HashTable-Stage-12/MapJoin-mapfile321--.hashtable
2015-04-07 03:51:29	Uploaded 1 File to: file:/tmp/root/4c12f98c-98d7-4e13-824f-98b8e5275b43/hive_2015-04-07_15-49-25_913_6039134839572145646-1/-local-10082/HashTable-Stage-12/MapJoin-mapfile321--.hashtable (1312 bytes)
2015-04-07 03:51:29	Dump the side-table for tag: 1 with group count: 1800 into file: file:/tmp/root/4c12f98c-98d7-4e13-824f-98b8e5275b43/hive_2015-04-07_15-49-25_913_6039134839572145646-1/-local-10082/HashTable-Stage-12/MapJoin-mapfile331--.hashtable
2015-04-07 03:51:29	Uploaded 1 File to: file:/tmp/root/4c12f98c-98d7-4e13-824f-98b8e5275b43/hive_2015-04-07_15-49-25_913_6039134839572145646-1/-local-10082/HashTable-Stage-12/MapJoin-mapfile331--.hashtable (40053 bytes)
2015-04-07 03:51:29	Dump the side-table for tag: 1 with group count: 1800 into file: file:/tmp/root/4c12f98c-98d7-4e13-824f-98b8e5275b43/hive_2015-04-07_15-49-25_913_6039134839572145646-1/-local-10082/HashTable-Stage-12/MapJoin-mapfile341--.hashtable
2015-04-07 03:51:29	Uploaded 1 File to: file:/tmp/root/4c12f98c-98d7-4e13-824f-98b8e5275b43/hive_2015-04-07_15-49-25_913_6039134839572145646-1/-local-10082/HashTable-Stage-12/MapJoin-mapfile341--.hashtable (41494 bytes)
2015-04-07 03:51:29	End of local task; Time Taken: 4.981 sec.
Execution completed successfully
MapredLocal task succeeded
SLF4J: Class path contains multiple SLF4J bindings.
SLF4J: Found binding in [jar:file:/usr/hdp/2.2.0.0-2041/hadoop/lib/slf4j-log4j12-1.7.5.jar!/org/slf4j/impl/StaticLoggerBinder.class]
SLF4J: Found binding in [jar:file:/usr/hdp/2.2.0.0-2041/hive/lib/hive-jdbc-0.14.0.2.2.0.0-2041-standalone.jar!/org/slf4j/impl/StaticLoggerBinder.class]
SLF4J: See http://www.slf4j.org/codes.html#multiple_bindings for an explanation.
SLF4J: Actual binding is of type [org.slf4j.impl.Log4jLoggerFactory]
15/04/07 15:51:35 WARN conf.HiveConf: HiveConf of name hive.optimize.mapjoin.mapreduce does not exist
15/04/07 15:51:35 WARN conf.HiveConf: HiveConf of name hive.heapsize does not exist
15/04/07 15:51:35 WARN conf.HiveConf: HiveConf of name hive.server2.enable.impersonation does not exist
15/04/07 15:51:35 WARN conf.HiveConf: HiveConf of name hive.auto.convert.sortmerge.join.noconditionaltask does not exist
Execution log at: /tmp/root/root_20150407154949_5777c5d4-110a-4f36-9e90-79f0a45cd180.log
2015-04-07 03:51:37	Starting to launch local task to process map join;	maximum memory = 1065484288
2015-04-07 03:51:41	Dump the side-table for tag: 1 with group count: 55 into file: file:/tmp/root/4c12f98c-98d7-4e13-824f-98b8e5275b43/hive_2015-04-07_15-49-25_913_6039134839572145646-1/-local-10084/HashTable-Stage-36/MapJoin-mapfile351--.hashtable
2015-04-07 03:51:42	Uploaded 1 File to: file:/tmp/root/4c12f98c-98d7-4e13-824f-98b8e5275b43/hive_2015-04-07_15-49-25_913_6039134839572145646-1/-local-10084/HashTable-Stage-36/MapJoin-mapfile351--.hashtable (1312 bytes)
2015-04-07 03:51:42	Dump the side-table for tag: 1 with group count: 1800 into file: file:/tmp/root/4c12f98c-98d7-4e13-824f-98b8e5275b43/hive_2015-04-07_15-49-25_913_6039134839572145646-1/-local-10084/HashTable-Stage-36/MapJoin-mapfile361--.hashtable
2015-04-07 03:51:42	Uploaded 1 File to: file:/tmp/root/4c12f98c-98d7-4e13-824f-98b8e5275b43/hive_2015-04-07_15-49-25_913_6039134839572145646-1/-local-10084/HashTable-Stage-36/MapJoin-mapfile361--.hashtable (40053 bytes)
2015-04-07 03:51:42	Dump the side-table for tag: 1 with group count: 1800 into file: file:/tmp/root/4c12f98c-98d7-4e13-824f-98b8e5275b43/hive_2015-04-07_15-49-25_913_6039134839572145646-1/-local-10084/HashTable-Stage-36/MapJoin-mapfile371--.hashtable
2015-04-07 03:51:42	Uploaded 1 File to: file:/tmp/root/4c12f98c-98d7-4e13-824f-98b8e5275b43/hive_2015-04-07_15-49-25_913_6039134839572145646-1/-local-10084/HashTable-Stage-36/MapJoin-mapfile371--.hashtable (41494 bytes)
2015-04-07 03:51:42	End of local task; Time Taken: 5.251 sec.
Execution completed successfully
MapredLocal task succeeded
Launching Job 1 out of 29
Number of reduce tasks determined at compile time: 1
In order to change the average load for a reducer (in bytes):
  set hive.exec.reducers.bytes.per.reducer=<number>
In order to limit the maximum number of reducers:
  set hive.exec.reducers.max=<number>
In order to set a constant number of reducers:
  set mapreduce.job.reduces=<number>
Starting Job = job_1428405026382_0161, Tracking URL = http://f01hn02.hadoop:8088/proxy/application_1428405026382_0161/
Kill Command = /usr/hdp/2.2.0.0-2041/hadoop/bin/hadoop job  -kill job_1428405026382_0161
Hadoop job information for Stage-16: number of mappers: 48; number of reducers: 1
2015-04-07 15:51:59,594 Stage-16 map = 0%,  reduce = 0%
2015-04-07 15:52:06,013 Stage-16 map = 2%,  reduce = 0%, Cumulative CPU 4.17 sec
2015-04-07 15:52:08,113 Stage-16 map = 10%,  reduce = 0%, Cumulative CPU 30.42 sec
2015-04-07 15:52:09,181 Stage-16 map = 75%,  reduce = 0%, Cumulative CPU 253.86 sec
2015-04-07 15:52:10,244 Stage-16 map = 100%,  reduce = 0%, Cumulative CPU 356.06 sec
2015-04-07 15:52:14,514 Stage-16 map = 100%,  reduce = 100%, Cumulative CPU 357.78 sec
MapReduce Total cumulative CPU time: 5 minutes 57 seconds 780 msec
Ended Job = job_1428405026382_0161
Launching Job 2 out of 29
Number of reduce tasks determined at compile time: 1
In order to change the average load for a reducer (in bytes):
  set hive.exec.reducers.bytes.per.reducer=<number>
In order to limit the maximum number of reducers:
  set hive.exec.reducers.max=<number>
In order to set a constant number of reducers:
  set mapreduce.job.reduces=<number>
Starting Job = job_1428405026382_0162, Tracking URL = http://f01hn02.hadoop:8088/proxy/application_1428405026382_0162/
Kill Command = /usr/hdp/2.2.0.0-2041/hadoop/bin/hadoop job  -kill job_1428405026382_0162
Hadoop job information for Stage-20: number of mappers: 48; number of reducers: 1
2015-04-07 15:52:27,294 Stage-20 map = 0%,  reduce = 0%
2015-04-07 15:52:33,678 Stage-20 map = 2%,  reduce = 0%, Cumulative CPU 4.05 sec
2015-04-07 15:52:35,802 Stage-20 map = 8%,  reduce = 0%, Cumulative CPU 23.76 sec
2015-04-07 15:52:36,867 Stage-20 map = 38%,  reduce = 0%, Cumulative CPU 119.61 sec
2015-04-07 15:52:37,934 Stage-20 map = 100%,  reduce = 0%, Cumulative CPU 366.17 sec
2015-04-07 15:52:42,196 Stage-20 map = 100%,  reduce = 100%, Cumulative CPU 367.9 sec
MapReduce Total cumulative CPU time: 6 minutes 7 seconds 900 msec
Ended Job = job_1428405026382_0162
Launching Job 3 out of 29
Number of reduce tasks determined at compile time: 1
In order to change the average load for a reducer (in bytes):
  set hive.exec.reducers.bytes.per.reducer=<number>
In order to limit the maximum number of reducers:
  set hive.exec.reducers.max=<number>
In order to set a constant number of reducers:
  set mapreduce.job.reduces=<number>
Starting Job = job_1428405026382_0163, Tracking URL = http://f01hn02.hadoop:8088/proxy/application_1428405026382_0163/
Kill Command = /usr/hdp/2.2.0.0-2041/hadoop/bin/hadoop job  -kill job_1428405026382_0163
Hadoop job information for Stage-24: number of mappers: 48; number of reducers: 1
2015-04-07 15:52:54,168 Stage-24 map = 0%,  reduce = 0%
2015-04-07 15:53:01,543 Stage-24 map = 2%,  reduce = 0%, Cumulative CPU 4.02 sec
2015-04-07 15:53:03,667 Stage-24 map = 31%,  reduce = 0%, Cumulative CPU 102.45 sec
2015-04-07 15:53:04,717 Stage-24 map = 100%,  reduce = 0%, Cumulative CPU 355.91 sec
2015-04-07 15:53:08,988 Stage-24 map = 100%,  reduce = 100%, Cumulative CPU 357.73 sec
MapReduce Total cumulative CPU time: 5 minutes 57 seconds 730 msec
Ended Job = job_1428405026382_0163
Launching Job 4 out of 29
Number of reduce tasks determined at compile time: 1
In order to change the average load for a reducer (in bytes):
  set hive.exec.reducers.bytes.per.reducer=<number>
In order to limit the maximum number of reducers:
  set hive.exec.reducers.max=<number>
In order to set a constant number of reducers:
  set mapreduce.job.reduces=<number>
Starting Job = job_1428405026382_0164, Tracking URL = http://f01hn02.hadoop:8088/proxy/application_1428405026382_0164/
Kill Command = /usr/hdp/2.2.0.0-2041/hadoop/bin/hadoop job  -kill job_1428405026382_0164
Hadoop job information for Stage-29: number of mappers: 48; number of reducers: 1
2015-04-07 15:53:20,770 Stage-29 map = 0%,  reduce = 0%
2015-04-07 15:53:28,159 Stage-29 map = 2%,  reduce = 0%, Cumulative CPU 4.16 sec
2015-04-07 15:53:29,222 Stage-29 map = 8%,  reduce = 0%, Cumulative CPU 24.04 sec
2015-04-07 15:53:30,286 Stage-29 map = 40%,  reduce = 0%, Cumulative CPU 129.42 sec
2015-04-07 15:53:31,361 Stage-29 map = 100%,  reduce = 0%, Cumulative CPU 356.99 sec
2015-04-07 15:53:35,616 Stage-29 map = 100%,  reduce = 100%, Cumulative CPU 358.7 sec
MapReduce Total cumulative CPU time: 5 minutes 58 seconds 700 msec
Ended Job = job_1428405026382_0164
Launching Job 5 out of 29
Number of reduce tasks determined at compile time: 1
In order to change the average load for a reducer (in bytes):
  set hive.exec.reducers.bytes.per.reducer=<number>
In order to limit the maximum number of reducers:
  set hive.exec.reducers.max=<number>
In order to set a constant number of reducers:
  set mapreduce.job.reduces=<number>
Starting Job = job_1428405026382_0165, Tracking URL = http://f01hn02.hadoop:8088/proxy/application_1428405026382_0165/
Kill Command = /usr/hdp/2.2.0.0-2041/hadoop/bin/hadoop job  -kill job_1428405026382_0165
Hadoop job information for Stage-2: number of mappers: 48; number of reducers: 1
2015-04-07 15:53:47,245 Stage-2 map = 0%,  reduce = 0%
2015-04-07 15:53:54,670 Stage-2 map = 2%,  reduce = 0%, Cumulative CPU 4.24 sec
2015-04-07 15:53:55,736 Stage-2 map = 6%,  reduce = 0%, Cumulative CPU 17.4 sec
2015-04-07 15:53:56,801 Stage-2 map = 29%,  reduce = 0%, Cumulative CPU 89.72 sec
2015-04-07 15:53:57,868 Stage-2 map = 100%,  reduce = 0%, Cumulative CPU 355.8 sec
2015-04-07 15:54:02,126 Stage-2 map = 100%,  reduce = 100%, Cumulative CPU 357.44 sec
MapReduce Total cumulative CPU time: 5 minutes 57 seconds 440 msec
Ended Job = job_1428405026382_0165
Launching Job 6 out of 29
Number of reduce tasks determined at compile time: 1
In order to change the average load for a reducer (in bytes):
  set hive.exec.reducers.bytes.per.reducer=<number>
In order to limit the maximum number of reducers:
  set hive.exec.reducers.max=<number>
In order to set a constant number of reducers:
  set mapreduce.job.reduces=<number>
Starting Job = job_1428405026382_0166, Tracking URL = http://f01hn02.hadoop:8088/proxy/application_1428405026382_0166/
Kill Command = /usr/hdp/2.2.0.0-2041/hadoop/bin/hadoop job  -kill job_1428405026382_0166
Hadoop job information for Stage-44: number of mappers: 48; number of reducers: 1
2015-04-07 15:54:13,847 Stage-44 map = 0%,  reduce = 0%
2015-04-07 15:54:21,281 Stage-44 map = 2%,  reduce = 0%, Cumulative CPU 4.09 sec
2015-04-07 15:54:23,407 Stage-44 map = 25%,  reduce = 0%, Cumulative CPU 81.74 sec
2015-04-07 15:54:24,470 Stage-44 map = 94%,  reduce = 0%, Cumulative CPU 331.76 sec
2015-04-07 15:54:25,534 Stage-44 map = 100%,  reduce = 0%, Cumulative CPU 356.96 sec
2015-04-07 15:54:28,723 Stage-44 map = 100%,  reduce = 100%, Cumulative CPU 358.71 sec
MapReduce Total cumulative CPU time: 5 minutes 58 seconds 710 msec
Ended Job = job_1428405026382_0166
Launching Job 7 out of 29
Number of reduce tasks determined at compile time: 1
In order to change the average load for a reducer (in bytes):
  set hive.exec.reducers.bytes.per.reducer=<number>
In order to limit the maximum number of reducers:
  set hive.exec.reducers.max=<number>
In order to set a constant number of reducers:
  set mapreduce.job.reduces=<number>
Starting Job = job_1428405026382_0167, Tracking URL = http://f01hn02.hadoop:8088/proxy/application_1428405026382_0167/
Kill Command = /usr/hdp/2.2.0.0-2041/hadoop/bin/hadoop job  -kill job_1428405026382_0167
Hadoop job information for Stage-12: number of mappers: 48; number of reducers: 1
2015-04-07 15:54:39,854 Stage-12 map = 0%,  reduce = 0%
2015-04-07 15:54:47,270 Stage-12 map = 2%,  reduce = 0%, Cumulative CPU 4.26 sec
2015-04-07 15:54:49,369 Stage-12 map = 13%,  reduce = 0%, Cumulative CPU 37.29 sec
2015-04-07 15:54:50,407 Stage-12 map = 100%,  reduce = 0%, Cumulative CPU 357.13 sec
2015-04-07 15:54:54,668 Stage-12 map = 100%,  reduce = 100%, Cumulative CPU 358.77 sec
MapReduce Total cumulative CPU time: 5 minutes 58 seconds 770 msec
Ended Job = job_1428405026382_0167
Launching Job 8 out of 29
Number of reduce tasks determined at compile time: 1
In order to change the average load for a reducer (in bytes):
  set hive.exec.reducers.bytes.per.reducer=<number>
In order to limit the maximum number of reducers:
  set hive.exec.reducers.max=<number>
In order to set a constant number of reducers:
  set mapreduce.job.reduces=<number>
Starting Job = job_1428405026382_0168, Tracking URL = http://f01hn02.hadoop:8088/proxy/application_1428405026382_0168/
Kill Command = /usr/hdp/2.2.0.0-2041/hadoop/bin/hadoop job  -kill job_1428405026382_0168
Hadoop job information for Stage-36: number of mappers: 48; number of reducers: 1
2015-04-07 15:55:06,207 Stage-36 map = 0%,  reduce = 0%
2015-04-07 15:55:13,588 Stage-36 map = 2%,  reduce = 0%, Cumulative CPU 4.18 sec
2015-04-07 15:55:14,651 Stage-36 map = 8%,  reduce = 0%, Cumulative CPU 22.98 sec
2015-04-07 15:55:15,715 Stage-36 map = 52%,  reduce = 0%, Cumulative CPU 171.28 sec
2015-04-07 15:55:16,755 Stage-36 map = 100%,  reduce = 0%, Cumulative CPU 352.8 sec
2015-04-07 15:55:21,010 Stage-36 map = 100%,  reduce = 100%, Cumulative CPU 354.49 sec
MapReduce Total cumulative CPU time: 5 minutes 54 seconds 490 msec
Ended Job = job_1428405026382_0168
Stage-122 is selected by condition resolver.
Stage-123 is filtered out by condition resolver.
Stage-3 is filtered out by condition resolver.
SLF4J: Class path contains multiple SLF4J bindings.
SLF4J: Found binding in [jar:file:/usr/hdp/2.2.0.0-2041/hadoop/lib/slf4j-log4j12-1.7.5.jar!/org/slf4j/impl/StaticLoggerBinder.class]
SLF4J: Found binding in [jar:file:/usr/hdp/2.2.0.0-2041/hive/lib/hive-jdbc-0.14.0.2.2.0.0-2041-standalone.jar!/org/slf4j/impl/StaticLoggerBinder.class]
SLF4J: See http://www.slf4j.org/codes.html#multiple_bindings for an explanation.
SLF4J: Actual binding is of type [org.slf4j.impl.Log4jLoggerFactory]
15/04/07 15:55:27 WARN conf.HiveConf: HiveConf of name hive.optimize.mapjoin.mapreduce does not exist
15/04/07 15:55:27 WARN conf.HiveConf: HiveConf of name hive.heapsize does not exist
15/04/07 15:55:27 WARN conf.HiveConf: HiveConf of name hive.server2.enable.impersonation does not exist
15/04/07 15:55:27 WARN conf.HiveConf: HiveConf of name hive.auto.convert.sortmerge.join.noconditionaltask does not exist
Execution log at: /tmp/root/root_20150407154949_5777c5d4-110a-4f36-9e90-79f0a45cd180.log
2015-04-07 03:55:28	Starting to launch local task to process map join;	maximum memory = 1065484288
2015-04-07 03:55:30	Dump the side-table for tag: 1 with group count: 1 into file: file:/tmp/root/4c12f98c-98d7-4e13-824f-98b8e5275b43/hive_2015-04-07_15-49-25_913_6039134839572145646-1/-local-10074/HashTable-Stage-91/MapJoin-mapfile241--.hashtable
2015-04-07 03:55:30	Uploaded 1 File to: file:/tmp/root/4c12f98c-98d7-4e13-824f-98b8e5275b43/hive_2015-04-07_15-49-25_913_6039134839572145646-1/-local-10074/HashTable-Stage-91/MapJoin-mapfile241--.hashtable (281 bytes)
2015-04-07 03:55:30	End of local task; Time Taken: 2.227 sec.
Execution completed successfully
MapredLocal task succeeded
Launching Job 10 out of 29
Number of reduce tasks is set to 0 since there's no reduce operator
Starting Job = job_1428405026382_0169, Tracking URL = http://f01hn02.hadoop:8088/proxy/application_1428405026382_0169/
Kill Command = /usr/hdp/2.2.0.0-2041/hadoop/bin/hadoop job  -kill job_1428405026382_0169
Hadoop job information for Stage-91: number of mappers: 1; number of reducers: 0
2015-04-07 15:55:37,309 Stage-91 map = 0%,  reduce = 0%
2015-04-07 15:55:42,602 Stage-91 map = 100%,  reduce = 0%, Cumulative CPU 1.26 sec
MapReduce Total cumulative CPU time: 1 seconds 260 msec
Ended Job = job_1428405026382_0169
Stage-116 is selected by condition resolver.
Stage-117 is filtered out by condition resolver.
Stage-4 is filtered out by condition resolver.
SLF4J: Class path contains multiple SLF4J bindings.
SLF4J: Found binding in [jar:file:/usr/hdp/2.2.0.0-2041/hadoop/lib/slf4j-log4j12-1.7.5.jar!/org/slf4j/impl/StaticLoggerBinder.class]
SLF4J: Found binding in [jar:file:/usr/hdp/2.2.0.0-2041/hive/lib/hive-jdbc-0.14.0.2.2.0.0-2041-standalone.jar!/org/slf4j/impl/StaticLoggerBinder.class]
SLF4J: See http://www.slf4j.org/codes.html#multiple_bindings for an explanation.
SLF4J: Actual binding is of type [org.slf4j.impl.Log4jLoggerFactory]
15/04/07 15:55:49 WARN conf.HiveConf: HiveConf of name hive.optimize.mapjoin.mapreduce does not exist
15/04/07 15:55:49 WARN conf.HiveConf: HiveConf of name hive.heapsize does not exist
15/04/07 15:55:49 WARN conf.HiveConf: HiveConf of name hive.server2.enable.impersonation does not exist
15/04/07 15:55:49 WARN conf.HiveConf: HiveConf of name hive.auto.convert.sortmerge.join.noconditionaltask does not exist
Execution log at: /tmp/root/root_20150407154949_5777c5d4-110a-4f36-9e90-79f0a45cd180.log
2015-04-07 03:55:49	Starting to launch local task to process map join;	maximum memory = 1065484288
2015-04-07 03:55:52	Dump the side-table for tag: 1 with group count: 1 into file: file:/tmp/root/4c12f98c-98d7-4e13-824f-98b8e5275b43/hive_2015-04-07_15-49-25_913_6039134839572145646-1/-local-10062/HashTable-Stage-76/MapJoin-mapfile101--.hashtable
2015-04-07 03:55:52	Uploaded 1 File to: file:/tmp/root/4c12f98c-98d7-4e13-824f-98b8e5275b43/hive_2015-04-07_15-49-25_913_6039134839572145646-1/-local-10062/HashTable-Stage-76/MapJoin-mapfile101--.hashtable (281 bytes)
2015-04-07 03:55:52	End of local task; Time Taken: 2.297 sec.
Execution completed successfully
MapredLocal task succeeded
Launching Job 12 out of 29
Number of reduce tasks is set to 0 since there's no reduce operator
Starting Job = job_1428405026382_0170, Tracking URL = http://f01hn02.hadoop:8088/proxy/application_1428405026382_0170/
Kill Command = /usr/hdp/2.2.0.0-2041/hadoop/bin/hadoop job  -kill job_1428405026382_0170
Hadoop job information for Stage-76: number of mappers: 1; number of reducers: 0
2015-04-07 15:55:58,182 Stage-76 map = 0%,  reduce = 0%
2015-04-07 15:56:03,471 Stage-76 map = 100%,  reduce = 0%, Cumulative CPU 1.3 sec
MapReduce Total cumulative CPU time: 1 seconds 300 msec
Ended Job = job_1428405026382_0170
Stage-114 is selected by condition resolver.
Stage-115 is filtered out by condition resolver.
Stage-5 is filtered out by condition resolver.
SLF4J: Class path contains multiple SLF4J bindings.
SLF4J: Found binding in [jar:file:/usr/hdp/2.2.0.0-2041/hadoop/lib/slf4j-log4j12-1.7.5.jar!/org/slf4j/impl/StaticLoggerBinder.class]
SLF4J: Found binding in [jar:file:/usr/hdp/2.2.0.0-2041/hive/lib/hive-jdbc-0.14.0.2.2.0.0-2041-standalone.jar!/org/slf4j/impl/StaticLoggerBinder.class]
SLF4J: See http://www.slf4j.org/codes.html#multiple_bindings for an explanation.
SLF4J: Actual binding is of type [org.slf4j.impl.Log4jLoggerFactory]
15/04/07 15:56:10 WARN conf.HiveConf: HiveConf of name hive.optimize.mapjoin.mapreduce does not exist
15/04/07 15:56:10 WARN conf.HiveConf: HiveConf of name hive.heapsize does not exist
15/04/07 15:56:10 WARN conf.HiveConf: HiveConf of name hive.server2.enable.impersonation does not exist
15/04/07 15:56:10 WARN conf.HiveConf: HiveConf of name hive.auto.convert.sortmerge.join.noconditionaltask does not exist
Execution log at: /tmp/root/root_20150407154949_5777c5d4-110a-4f36-9e90-79f0a45cd180.log
2015-04-07 03:56:11	Starting to launch local task to process map join;	maximum memory = 1065484288
2015-04-07 03:56:13	Dump the side-table for tag: 1 with group count: 1 into file: file:/tmp/root/4c12f98c-98d7-4e13-824f-98b8e5275b43/hive_2015-04-07_15-49-25_913_6039134839572145646-1/-local-10058/HashTable-Stage-73/MapJoin-mapfile81--.hashtable
2015-04-07 03:56:13	Uploaded 1 File to: file:/tmp/root/4c12f98c-98d7-4e13-824f-98b8e5275b43/hive_2015-04-07_15-49-25_913_6039134839572145646-1/-local-10058/HashTable-Stage-73/MapJoin-mapfile81--.hashtable (281 bytes)
2015-04-07 03:56:13	End of local task; Time Taken: 2.384 sec.
Execution completed successfully
MapredLocal task succeeded
Launching Job 14 out of 29
Number of reduce tasks is set to 0 since there's no reduce operator
Starting Job = job_1428405026382_0171, Tracking URL = http://f01hn02.hadoop:8088/proxy/application_1428405026382_0171/
Kill Command = /usr/hdp/2.2.0.0-2041/hadoop/bin/hadoop job  -kill job_1428405026382_0171
Hadoop job information for Stage-73: number of mappers: 1; number of reducers: 0
2015-04-07 15:56:19,578 Stage-73 map = 0%,  reduce = 0%
2015-04-07 15:56:24,847 Stage-73 map = 100%,  reduce = 0%, Cumulative CPU 1.22 sec
MapReduce Total cumulative CPU time: 1 seconds 220 msec
Ended Job = job_1428405026382_0171
Stage-112 is selected by condition resolver.
Stage-113 is filtered out by condition resolver.
Stage-6 is filtered out by condition resolver.
SLF4J: Class path contains multiple SLF4J bindings.
SLF4J: Found binding in [jar:file:/usr/hdp/2.2.0.0-2041/hadoop/lib/slf4j-log4j12-1.7.5.jar!/org/slf4j/impl/StaticLoggerBinder.class]
SLF4J: Found binding in [jar:file:/usr/hdp/2.2.0.0-2041/hive/lib/hive-jdbc-0.14.0.2.2.0.0-2041-standalone.jar!/org/slf4j/impl/StaticLoggerBinder.class]
SLF4J: See http://www.slf4j.org/codes.html#multiple_bindings for an explanation.
SLF4J: Actual binding is of type [org.slf4j.impl.Log4jLoggerFactory]
15/04/07 15:56:32 WARN conf.HiveConf: HiveConf of name hive.optimize.mapjoin.mapreduce does not exist
15/04/07 15:56:32 WARN conf.HiveConf: HiveConf of name hive.heapsize does not exist
15/04/07 15:56:32 WARN conf.HiveConf: HiveConf of name hive.server2.enable.impersonation does not exist
15/04/07 15:56:32 WARN conf.HiveConf: HiveConf of name hive.auto.convert.sortmerge.join.noconditionaltask does not exist
Execution log at: /tmp/root/root_20150407154949_5777c5d4-110a-4f36-9e90-79f0a45cd180.log
2015-04-07 03:56:33	Starting to launch local task to process map join;	maximum memory = 1065484288
2015-04-07 03:56:35	Dump the side-table for tag: 1 with group count: 1 into file: file:/tmp/root/4c12f98c-98d7-4e13-824f-98b8e5275b43/hive_2015-04-07_15-49-25_913_6039134839572145646-1/-local-10054/HashTable-Stage-70/MapJoin-mapfile61--.hashtable
2015-04-07 03:56:35	Uploaded 1 File to: file:/tmp/root/4c12f98c-98d7-4e13-824f-98b8e5275b43/hive_2015-04-07_15-49-25_913_6039134839572145646-1/-local-10054/HashTable-Stage-70/MapJoin-mapfile61--.hashtable (281 bytes)
2015-04-07 03:56:35	End of local task; Time Taken: 2.22 sec.
Execution completed successfully
MapredLocal task succeeded
Launching Job 16 out of 29
Number of reduce tasks is set to 0 since there's no reduce operator
Starting Job = job_1428405026382_0172, Tracking URL = http://f01hn02.hadoop:8088/proxy/application_1428405026382_0172/
Kill Command = /usr/hdp/2.2.0.0-2041/hadoop/bin/hadoop job  -kill job_1428405026382_0172
Hadoop job information for Stage-70: number of mappers: 1; number of reducers: 0
2015-04-07 15:56:41,795 Stage-70 map = 0%,  reduce = 0%
2015-04-07 15:56:47,086 Stage-70 map = 100%,  reduce = 0%, Cumulative CPU 1.31 sec
MapReduce Total cumulative CPU time: 1 seconds 310 msec
Ended Job = job_1428405026382_0172
Stage-110 is selected by condition resolver.
Stage-111 is filtered out by condition resolver.
Stage-7 is filtered out by condition resolver.
SLF4J: Class path contains multiple SLF4J bindings.
SLF4J: Found binding in [jar:file:/usr/hdp/2.2.0.0-2041/hadoop/lib/slf4j-log4j12-1.7.5.jar!/org/slf4j/impl/StaticLoggerBinder.class]
SLF4J: Found binding in [jar:file:/usr/hdp/2.2.0.0-2041/hive/lib/hive-jdbc-0.14.0.2.2.0.0-2041-standalone.jar!/org/slf4j/impl/StaticLoggerBinder.class]
SLF4J: See http://www.slf4j.org/codes.html#multiple_bindings for an explanation.
SLF4J: Actual binding is of type [org.slf4j.impl.Log4jLoggerFactory]
15/04/07 15:56:53 WARN conf.HiveConf: HiveConf of name hive.optimize.mapjoin.mapreduce does not exist
15/04/07 15:56:53 WARN conf.HiveConf: HiveConf of name hive.heapsize does not exist
15/04/07 15:56:53 WARN conf.HiveConf: HiveConf of name hive.server2.enable.impersonation does not exist
15/04/07 15:56:53 WARN conf.HiveConf: HiveConf of name hive.auto.convert.sortmerge.join.noconditionaltask does not exist
Execution log at: /tmp/root/root_20150407154949_5777c5d4-110a-4f36-9e90-79f0a45cd180.log
2015-04-07 03:56:54	Starting to launch local task to process map join;	maximum memory = 1065484288
2015-04-07 03:56:56	Dump the side-table for tag: 1 with group count: 1 into file: file:/tmp/root/4c12f98c-98d7-4e13-824f-98b8e5275b43/hive_2015-04-07_15-49-25_913_6039134839572145646-1/-local-10050/HashTable-Stage-67/MapJoin-mapfile41--.hashtable
2015-04-07 03:56:56	Uploaded 1 File to: file:/tmp/root/4c12f98c-98d7-4e13-824f-98b8e5275b43/hive_2015-04-07_15-49-25_913_6039134839572145646-1/-local-10050/HashTable-Stage-67/MapJoin-mapfile41--.hashtable (281 bytes)
2015-04-07 03:56:56	End of local task; Time Taken: 2.245 sec.
Execution completed successfully
MapredLocal task succeeded
Launching Job 18 out of 29
Number of reduce tasks is set to 0 since there's no reduce operator
Starting Job = job_1428405026382_0173, Tracking URL = http://f01hn02.hadoop:8088/proxy/application_1428405026382_0173/
Kill Command = /usr/hdp/2.2.0.0-2041/hadoop/bin/hadoop job  -kill job_1428405026382_0173
Hadoop job information for Stage-67: number of mappers: 1; number of reducers: 0
2015-04-07 15:57:02,610 Stage-67 map = 0%,  reduce = 0%
2015-04-07 15:57:07,901 Stage-67 map = 100%,  reduce = 0%, Cumulative CPU 1.33 sec
MapReduce Total cumulative CPU time: 1 seconds 330 msec
Ended Job = job_1428405026382_0173
Stage-108 is selected by condition resolver.
Stage-109 is filtered out by condition resolver.
Stage-8 is filtered out by condition resolver.
SLF4J: Class path contains multiple SLF4J bindings.
SLF4J: Found binding in [jar:file:/usr/hdp/2.2.0.0-2041/hadoop/lib/slf4j-log4j12-1.7.5.jar!/org/slf4j/impl/StaticLoggerBinder.class]
SLF4J: Found binding in [jar:file:/usr/hdp/2.2.0.0-2041/hive/lib/hive-jdbc-0.14.0.2.2.0.0-2041-standalone.jar!/org/slf4j/impl/StaticLoggerBinder.class]
SLF4J: See http://www.slf4j.org/codes.html#multiple_bindings for an explanation.
SLF4J: Actual binding is of type [org.slf4j.impl.Log4jLoggerFactory]
15/04/07 15:57:14 WARN conf.HiveConf: HiveConf of name hive.optimize.mapjoin.mapreduce does not exist
15/04/07 15:57:14 WARN conf.HiveConf: HiveConf of name hive.heapsize does not exist
15/04/07 15:57:14 WARN conf.HiveConf: HiveConf of name hive.server2.enable.impersonation does not exist
15/04/07 15:57:14 WARN conf.HiveConf: HiveConf of name hive.auto.convert.sortmerge.join.noconditionaltask does not exist
Execution log at: /tmp/root/root_20150407154949_5777c5d4-110a-4f36-9e90-79f0a45cd180.log
2015-04-07 03:57:15	Starting to launch local task to process map join;	maximum memory = 1065484288
2015-04-07 03:57:17	Dump the side-table for tag: 1 with group count: 1 into file: file:/tmp/root/4c12f98c-98d7-4e13-824f-98b8e5275b43/hive_2015-04-07_15-49-25_913_6039134839572145646-1/-local-10046/HashTable-Stage-64/MapJoin-mapfile21--.hashtable
2015-04-07 03:57:17	Uploaded 1 File to: file:/tmp/root/4c12f98c-98d7-4e13-824f-98b8e5275b43/hive_2015-04-07_15-49-25_913_6039134839572145646-1/-local-10046/HashTable-Stage-64/MapJoin-mapfile21--.hashtable (281 bytes)
2015-04-07 03:57:17	End of local task; Time Taken: 2.328 sec.
Execution completed successfully
MapredLocal task succeeded
Launching Job 20 out of 29
Number of reduce tasks is set to 0 since there's no reduce operator
Starting Job = job_1428405026382_0174, Tracking URL = http://f01hn02.hadoop:8088/proxy/application_1428405026382_0174/
Kill Command = /usr/hdp/2.2.0.0-2041/hadoop/bin/hadoop job  -kill job_1428405026382_0174
Hadoop job information for Stage-64: number of mappers: 1; number of reducers: 0
2015-04-07 15:57:23,722 Stage-64 map = 0%,  reduce = 0%
2015-04-07 15:57:29,014 Stage-64 map = 100%,  reduce = 0%, Cumulative CPU 1.26 sec
MapReduce Total cumulative CPU time: 1 seconds 260 msec
Ended Job = job_1428405026382_0174
Stage-106 is selected by condition resolver.
Stage-107 is filtered out by condition resolver.
Stage-9 is filtered out by condition resolver.
SLF4J: Class path contains multiple SLF4J bindings.
SLF4J: Found binding in [jar:file:/usr/hdp/2.2.0.0-2041/hadoop/lib/slf4j-log4j12-1.7.5.jar!/org/slf4j/impl/StaticLoggerBinder.class]
SLF4J: Found binding in [jar:file:/usr/hdp/2.2.0.0-2041/hive/lib/hive-jdbc-0.14.0.2.2.0.0-2041-standalone.jar!/org/slf4j/impl/StaticLoggerBinder.class]
SLF4J: See http://www.slf4j.org/codes.html#multiple_bindings for an explanation.
SLF4J: Actual binding is of type [org.slf4j.impl.Log4jLoggerFactory]
15/04/07 15:57:35 WARN conf.HiveConf: HiveConf of name hive.optimize.mapjoin.mapreduce does not exist
15/04/07 15:57:35 WARN conf.HiveConf: HiveConf of name hive.heapsize does not exist
15/04/07 15:57:35 WARN conf.HiveConf: HiveConf of name hive.server2.enable.impersonation does not exist
15/04/07 15:57:35 WARN conf.HiveConf: HiveConf of name hive.auto.convert.sortmerge.join.noconditionaltask does not exist
Execution log at: /tmp/root/root_20150407154949_5777c5d4-110a-4f36-9e90-79f0a45cd180.log
2015-04-07 03:57:36	Starting to launch local task to process map join;	maximum memory = 1065484288
2015-04-07 03:57:38	Dump the side-table for tag: 1 with group count: 1 into file: file:/tmp/root/4c12f98c-98d7-4e13-824f-98b8e5275b43/hive_2015-04-07_15-49-25_913_6039134839572145646-1/-local-10042/HashTable-Stage-61/MapJoin-mapfile01--.hashtable
2015-04-07 03:57:38	Uploaded 1 File to: file:/tmp/root/4c12f98c-98d7-4e13-824f-98b8e5275b43/hive_2015-04-07_15-49-25_913_6039134839572145646-1/-local-10042/HashTable-Stage-61/MapJoin-mapfile01--.hashtable (281 bytes)
2015-04-07 03:57:38	End of local task; Time Taken: 2.296 sec.
Execution completed successfully
MapredLocal task succeeded
Launching Job 22 out of 29
Number of reduce tasks is set to 0 since there's no reduce operator
Starting Job = job_1428405026382_0175, Tracking URL = http://f01hn02.hadoop:8088/proxy/application_1428405026382_0175/
Kill Command = /usr/hdp/2.2.0.0-2041/hadoop/bin/hadoop job  -kill job_1428405026382_0175
Hadoop job information for Stage-61: number of mappers: 1; number of reducers: 0
2015-04-07 15:57:44,310 Stage-61 map = 0%,  reduce = 0%
2015-04-07 15:57:48,547 Stage-61 map = 100%,  reduce = 0%, Cumulative CPU 1.28 sec
MapReduce Total cumulative CPU time: 1 seconds 280 msec
Ended Job = job_1428405026382_0175
MapReduce Jobs Launched: 
Stage-Stage-16: Map: 48  Reduce: 1   Cumulative CPU: 357.78 sec   HDFS Read: 764872038 HDFS Write: 117 SUCCESS
Stage-Stage-20: Map: 48  Reduce: 1   Cumulative CPU: 367.9 sec   HDFS Read: 764872038 HDFS Write: 117 SUCCESS
Stage-Stage-24: Map: 48  Reduce: 1   Cumulative CPU: 357.73 sec   HDFS Read: 764872038 HDFS Write: 117 SUCCESS
Stage-Stage-29: Map: 48  Reduce: 1   Cumulative CPU: 358.7 sec   HDFS Read: 764872038 HDFS Write: 117 SUCCESS
Stage-Stage-2: Map: 48  Reduce: 1   Cumulative CPU: 357.44 sec   HDFS Read: 764872038 HDFS Write: 117 SUCCESS
Stage-Stage-44: Map: 48  Reduce: 1   Cumulative CPU: 358.71 sec   HDFS Read: 764872038 HDFS Write: 117 SUCCESS
Stage-Stage-12: Map: 48  Reduce: 1   Cumulative CPU: 358.77 sec   HDFS Read: 764872038 HDFS Write: 117 SUCCESS
Stage-Stage-36: Map: 48  Reduce: 1   Cumulative CPU: 354.49 sec   HDFS Read: 764872038 HDFS Write: 117 SUCCESS
Stage-Stage-91: Map: 1   Cumulative CPU: 1.26 sec   HDFS Read: 523 HDFS Write: 121 SUCCESS
Stage-Stage-76: Map: 1   Cumulative CPU: 1.3 sec   HDFS Read: 527 HDFS Write: 125 SUCCESS
Stage-Stage-73: Map: 1   Cumulative CPU: 1.22 sec   HDFS Read: 531 HDFS Write: 129 SUCCESS
Stage-Stage-70: Map: 1   Cumulative CPU: 1.31 sec   HDFS Read: 535 HDFS Write: 133 SUCCESS
Stage-Stage-67: Map: 1   Cumulative CPU: 1.33 sec   HDFS Read: 539 HDFS Write: 137 SUCCESS
Stage-Stage-64: Map: 1   Cumulative CPU: 1.26 sec   HDFS Read: 543 HDFS Write: 141 SUCCESS
Stage-Stage-61: Map: 1   Cumulative CPU: 1.28 sec   HDFS Read: 547 HDFS Write: 56 SUCCESS
Total MapReduce CPU Time Spent: 48 minutes 0 seconds 480 msec
OK
178498	355658	359493	535654	536602	311912	311191	355541
Time taken: 503.734 seconds, Fetched: 1 row(s)
hive> 