15/04/07 09:16:22 WARN conf.HiveConf: HiveConf of name hive.optimize.mapjoin.mapreduce does not exist
15/04/07 09:16:22 WARN conf.HiveConf: HiveConf of name hive.heapsize does not exist
15/04/07 09:16:22 WARN conf.HiveConf: HiveConf of name hive.server2.enable.impersonation does not exist
15/04/07 09:16:22 WARN conf.HiveConf: HiveConf of name hive.auto.convert.sortmerge.join.noconditionaltask does not exist

Logging initialized using configuration in file:/etc/hive/conf/hive-log4j.properties
SLF4J: Class path contains multiple SLF4J bindings.
SLF4J: Found binding in [jar:file:/usr/hdp/2.2.0.0-2041/hadoop/lib/slf4j-log4j12-1.7.5.jar!/org/slf4j/impl/StaticLoggerBinder.class]
SLF4J: Found binding in [jar:file:/usr/hdp/2.2.0.0-2041/hive/lib/hive-jdbc-0.14.0.2.2.0.0-2041-standalone.jar!/org/slf4j/impl/StaticLoggerBinder.class]
SLF4J: See http://www.slf4j.org/codes.html#multiple_bindings for an explanation.
SLF4J: Actual binding is of type [org.slf4j.impl.Log4jLoggerFactory]
hive> use tpcds_bin_partitioned_orc_100; source query60.sql;
OK
Time taken: 2.613 seconds
Query ID = root_20150407091616_06ffb855-17ba-45b0-9bf5-1b2e82e69bfb
Total jobs = 5
SLF4J: Class path contains multiple SLF4J bindings.
SLF4J: Found binding in [jar:file:/usr/hdp/2.2.0.0-2041/hadoop/lib/slf4j-log4j12-1.7.5.jar!/org/slf4j/impl/StaticLoggerBinder.class]
SLF4J: Found binding in [jar:file:/usr/hdp/2.2.0.0-2041/hive/lib/hive-jdbc-0.14.0.2.2.0.0-2041-standalone.jar!/org/slf4j/impl/StaticLoggerBinder.class]
SLF4J: See http://www.slf4j.org/codes.html#multiple_bindings for an explanation.
SLF4J: Actual binding is of type [org.slf4j.impl.Log4jLoggerFactory]
15/04/07 09:16:59 WARN conf.HiveConf: HiveConf of name hive.optimize.mapjoin.mapreduce does not exist
15/04/07 09:16:59 WARN conf.HiveConf: HiveConf of name hive.heapsize does not exist
15/04/07 09:16:59 WARN conf.HiveConf: HiveConf of name hive.server2.enable.impersonation does not exist
15/04/07 09:16:59 WARN conf.HiveConf: HiveConf of name hive.auto.convert.sortmerge.join.noconditionaltask does not exist
Execution log at: /tmp/root/root_20150407091616_06ffb855-17ba-45b0-9bf5-1b2e82e69bfb.log
2015-04-07 09:17:00	Starting to launch local task to process map join;	maximum memory = 1065484288
2015-04-07 09:17:08	Processing rows:	200000	Hashtable size:	199999	Memory usage:	32830128	percentage:	0.031
2015-04-07 09:17:08	Processing rows:	300000	Hashtable size:	299999	Memory usage:	42642224	percentage:	0.04
2015-04-07 09:17:09	Processing rows:	400000	Hashtable size:	399999	Memory usage:	55751536	percentage:	0.052
2015-04-07 09:17:11	Processing rows:	200000	Hashtable size:	199999	Memory usage:	112574944	percentage:	0.106
2015-04-07 09:17:12	Dump the side-table for tag: 1 with group count: 19051 into file: file:/tmp/root/4e93a610-11d4-4b16-84ee-bbadaf549f7b/hive_2015-04-07_09-16-28_506_4575784913301781894-1/-local-10020/HashTable-Stage-9/MapJoin-mapfile01--.hashtable
2015-04-07 09:17:12	Uploaded 1 File to: file:/tmp/root/4e93a610-11d4-4b16-84ee-bbadaf549f7b/hive_2015-04-07_09-16-28_506_4575784913301781894-1/-local-10020/HashTable-Stage-9/MapJoin-mapfile01--.hashtable (651157 bytes)
2015-04-07 09:17:12	Dump the side-table for tag: 1 with group count: 204000 into file: file:/tmp/root/4e93a610-11d4-4b16-84ee-bbadaf549f7b/hive_2015-04-07_09-16-28_506_4575784913301781894-1/-local-10020/HashTable-Stage-9/MapJoin-mapfile11--.hashtable
2015-04-07 09:17:12	Uploaded 1 File to: file:/tmp/root/4e93a610-11d4-4b16-84ee-bbadaf549f7b/hive_2015-04-07_09-16-28_506_4575784913301781894-1/-local-10020/HashTable-Stage-9/MapJoin-mapfile11--.hashtable (7928868 bytes)
2015-04-07 09:17:12	Dump the side-table for tag: 1 with group count: 440966 into file: file:/tmp/root/4e93a610-11d4-4b16-84ee-bbadaf549f7b/hive_2015-04-07_09-16-28_506_4575784913301781894-1/-local-10020/HashTable-Stage-9/MapJoin-mapfile21--.hashtable
2015-04-07 09:17:12	Uploaded 1 File to: file:/tmp/root/4e93a610-11d4-4b16-84ee-bbadaf549f7b/hive_2015-04-07_09-16-28_506_4575784913301781894-1/-local-10020/HashTable-Stage-9/MapJoin-mapfile21--.hashtable (9276763 bytes)
2015-04-07 09:17:12	Dump the side-table for tag: 1 with group count: 30 into file: file:/tmp/root/4e93a610-11d4-4b16-84ee-bbadaf549f7b/hive_2015-04-07_09-16-28_506_4575784913301781894-1/-local-10020/HashTable-Stage-9/MapJoin-mapfile31--.hashtable
2015-04-07 09:17:12	Uploaded 1 File to: file:/tmp/root/4e93a610-11d4-4b16-84ee-bbadaf549f7b/hive_2015-04-07_09-16-28_506_4575784913301781894-1/-local-10020/HashTable-Stage-9/MapJoin-mapfile31--.hashtable (893 bytes)
2015-04-07 09:17:12	End of local task; Time Taken: 11.751 sec.
Execution completed successfully
MapredLocal task succeeded
SLF4J: Class path contains multiple SLF4J bindings.
SLF4J: Found binding in [jar:file:/usr/hdp/2.2.0.0-2041/hadoop/lib/slf4j-log4j12-1.7.5.jar!/org/slf4j/impl/StaticLoggerBinder.class]
SLF4J: Found binding in [jar:file:/usr/hdp/2.2.0.0-2041/hive/lib/hive-jdbc-0.14.0.2.2.0.0-2041-standalone.jar!/org/slf4j/impl/StaticLoggerBinder.class]
SLF4J: See http://www.slf4j.org/codes.html#multiple_bindings for an explanation.
SLF4J: Actual binding is of type [org.slf4j.impl.Log4jLoggerFactory]
15/04/07 09:17:18 WARN conf.HiveConf: HiveConf of name hive.optimize.mapjoin.mapreduce does not exist
15/04/07 09:17:18 WARN conf.HiveConf: HiveConf of name hive.heapsize does not exist
15/04/07 09:17:18 WARN conf.HiveConf: HiveConf of name hive.server2.enable.impersonation does not exist
15/04/07 09:17:18 WARN conf.HiveConf: HiveConf of name hive.auto.convert.sortmerge.join.noconditionaltask does not exist
Execution log at: /tmp/root/root_20150407091616_06ffb855-17ba-45b0-9bf5-1b2e82e69bfb.log
2015-04-07 09:17:19	Starting to launch local task to process map join;	maximum memory = 1065484288
2015-04-07 09:17:26	Processing rows:	200000	Hashtable size:	199999	Memory usage:	32988464	percentage:	0.031
2015-04-07 09:17:27	Processing rows:	300000	Hashtable size:	299999	Memory usage:	42778040	percentage:	0.04
2015-04-07 09:17:28	Processing rows:	400000	Hashtable size:	399999	Memory usage:	55805080	percentage:	0.052
2015-04-07 09:17:30	Processing rows:	200000	Hashtable size:	199999	Memory usage:	113001248	percentage:	0.106
2015-04-07 09:17:30	Dump the side-table for tag: 1 with group count: 19051 into file: file:/tmp/root/4e93a610-11d4-4b16-84ee-bbadaf549f7b/hive_2015-04-07_09-16-28_506_4575784913301781894-1/-local-10022/HashTable-Stage-14/MapJoin-mapfile41--.hashtable
2015-04-07 09:17:31	Uploaded 1 File to: file:/tmp/root/4e93a610-11d4-4b16-84ee-bbadaf549f7b/hive_2015-04-07_09-16-28_506_4575784913301781894-1/-local-10022/HashTable-Stage-14/MapJoin-mapfile41--.hashtable (651157 bytes)
2015-04-07 09:17:31	Dump the side-table for tag: 1 with group count: 204000 into file: file:/tmp/root/4e93a610-11d4-4b16-84ee-bbadaf549f7b/hive_2015-04-07_09-16-28_506_4575784913301781894-1/-local-10022/HashTable-Stage-14/MapJoin-mapfile51--.hashtable
2015-04-07 09:17:31	Uploaded 1 File to: file:/tmp/root/4e93a610-11d4-4b16-84ee-bbadaf549f7b/hive_2015-04-07_09-16-28_506_4575784913301781894-1/-local-10022/HashTable-Stage-14/MapJoin-mapfile51--.hashtable (7928868 bytes)
2015-04-07 09:17:31	Dump the side-table for tag: 1 with group count: 440966 into file: file:/tmp/root/4e93a610-11d4-4b16-84ee-bbadaf549f7b/hive_2015-04-07_09-16-28_506_4575784913301781894-1/-local-10022/HashTable-Stage-14/MapJoin-mapfile61--.hashtable
2015-04-07 09:17:31	Uploaded 1 File to: file:/tmp/root/4e93a610-11d4-4b16-84ee-bbadaf549f7b/hive_2015-04-07_09-16-28_506_4575784913301781894-1/-local-10022/HashTable-Stage-14/MapJoin-mapfile61--.hashtable (9276763 bytes)
2015-04-07 09:17:31	Dump the side-table for tag: 1 with group count: 30 into file: file:/tmp/root/4e93a610-11d4-4b16-84ee-bbadaf549f7b/hive_2015-04-07_09-16-28_506_4575784913301781894-1/-local-10022/HashTable-Stage-14/MapJoin-mapfile71--.hashtable
2015-04-07 09:17:31	Uploaded 1 File to: file:/tmp/root/4e93a610-11d4-4b16-84ee-bbadaf549f7b/hive_2015-04-07_09-16-28_506_4575784913301781894-1/-local-10022/HashTable-Stage-14/MapJoin-mapfile71--.hashtable (893 bytes)
2015-04-07 09:17:31	End of local task; Time Taken: 11.919 sec.
Execution completed successfully
MapredLocal task succeeded
SLF4J: Class path contains multiple SLF4J bindings.
SLF4J: Found binding in [jar:file:/usr/hdp/2.2.0.0-2041/hadoop/lib/slf4j-log4j12-1.7.5.jar!/org/slf4j/impl/StaticLoggerBinder.class]
SLF4J: Found binding in [jar:file:/usr/hdp/2.2.0.0-2041/hive/lib/hive-jdbc-0.14.0.2.2.0.0-2041-standalone.jar!/org/slf4j/impl/StaticLoggerBinder.class]
SLF4J: See http://www.slf4j.org/codes.html#multiple_bindings for an explanation.
SLF4J: Actual binding is of type [org.slf4j.impl.Log4jLoggerFactory]
15/04/07 09:17:38 WARN conf.HiveConf: HiveConf of name hive.optimize.mapjoin.mapreduce does not exist
15/04/07 09:17:38 WARN conf.HiveConf: HiveConf of name hive.heapsize does not exist
15/04/07 09:17:38 WARN conf.HiveConf: HiveConf of name hive.server2.enable.impersonation does not exist
15/04/07 09:17:38 WARN conf.HiveConf: HiveConf of name hive.auto.convert.sortmerge.join.noconditionaltask does not exist
Execution log at: /tmp/root/root_20150407091616_06ffb855-17ba-45b0-9bf5-1b2e82e69bfb.log
2015-04-07 09:17:39	Starting to launch local task to process map join;	maximum memory = 1065484288
2015-04-07 09:17:47	Processing rows:	200000	Hashtable size:	199999	Memory usage:	32502192	percentage:	0.031
2015-04-07 09:17:47	Processing rows:	300000	Hashtable size:	299999	Memory usage:	42072096	percentage:	0.039
2015-04-07 09:17:48	Processing rows:	400000	Hashtable size:	399999	Memory usage:	56068800	percentage:	0.053
2015-04-07 09:17:51	Processing rows:	200000	Hashtable size:	199999	Memory usage:	110915760	percentage:	0.104
2015-04-07 09:17:51	Dump the side-table for tag: 1 with group count: 19051 into file: file:/tmp/root/4e93a610-11d4-4b16-84ee-bbadaf549f7b/hive_2015-04-07_09-16-28_506_4575784913301781894-1/-local-10024/HashTable-Stage-2/MapJoin-mapfile81--.hashtable
2015-04-07 09:17:51	Uploaded 1 File to: file:/tmp/root/4e93a610-11d4-4b16-84ee-bbadaf549f7b/hive_2015-04-07_09-16-28_506_4575784913301781894-1/-local-10024/HashTable-Stage-2/MapJoin-mapfile81--.hashtable (651157 bytes)
2015-04-07 09:17:51	Dump the side-table for tag: 1 with group count: 204000 into file: file:/tmp/root/4e93a610-11d4-4b16-84ee-bbadaf549f7b/hive_2015-04-07_09-16-28_506_4575784913301781894-1/-local-10024/HashTable-Stage-2/MapJoin-mapfile91--.hashtable
2015-04-07 09:17:51	Uploaded 1 File to: file:/tmp/root/4e93a610-11d4-4b16-84ee-bbadaf549f7b/hive_2015-04-07_09-16-28_506_4575784913301781894-1/-local-10024/HashTable-Stage-2/MapJoin-mapfile91--.hashtable (7928868 bytes)
2015-04-07 09:17:51	Dump the side-table for tag: 1 with group count: 440966 into file: file:/tmp/root/4e93a610-11d4-4b16-84ee-bbadaf549f7b/hive_2015-04-07_09-16-28_506_4575784913301781894-1/-local-10024/HashTable-Stage-2/MapJoin-mapfile101--.hashtable
2015-04-07 09:17:51	Uploaded 1 File to: file:/tmp/root/4e93a610-11d4-4b16-84ee-bbadaf549f7b/hive_2015-04-07_09-16-28_506_4575784913301781894-1/-local-10024/HashTable-Stage-2/MapJoin-mapfile101--.hashtable (9276763 bytes)
2015-04-07 09:17:51	Dump the side-table for tag: 1 with group count: 30 into file: file:/tmp/root/4e93a610-11d4-4b16-84ee-bbadaf549f7b/hive_2015-04-07_09-16-28_506_4575784913301781894-1/-local-10024/HashTable-Stage-2/MapJoin-mapfile111--.hashtable
2015-04-07 09:17:51	Uploaded 1 File to: file:/tmp/root/4e93a610-11d4-4b16-84ee-bbadaf549f7b/hive_2015-04-07_09-16-28_506_4575784913301781894-1/-local-10024/HashTable-Stage-2/MapJoin-mapfile111--.hashtable (893 bytes)
2015-04-07 09:17:51	End of local task; Time Taken: 12.348 sec.
Execution completed successfully
MapredLocal task succeeded
Launching Job 1 out of 5
Number of reduce tasks not specified. Estimated from input data size: 125
In order to change the average load for a reducer (in bytes):
  set hive.exec.reducers.bytes.per.reducer=<number>
In order to limit the maximum number of reducers:
  set hive.exec.reducers.max=<number>
In order to set a constant number of reducers:
  set mapreduce.job.reduces=<number>
Starting Job = job_1428405026382_0113, Tracking URL = http://f01hn02.hadoop:8088/proxy/application_1428405026382_0113/
Kill Command = /usr/hdp/2.2.0.0-2041/hadoop/bin/hadoop job  -kill job_1428405026382_0113
Hadoop job information for Stage-9: number of mappers: 33; number of reducers: 125
2015-04-07 12:15:38,351 Stage-9 map = 0%,  reduce = 0%
2015-04-07 12:15:50,198 Stage-9 map = 2%,  reduce = 0%, Cumulative CPU 155.29 sec
2015-04-07 12:15:53,410 Stage-9 map = 4%,  reduce = 0%, Cumulative CPU 173.59 sec
2015-04-07 12:15:54,481 Stage-9 map = 5%,  reduce = 0%, Cumulative CPU 182.33 sec
2015-04-07 12:15:55,550 Stage-9 map = 6%,  reduce = 0%, Cumulative CPU 187.55 sec
2015-04-07 12:15:56,622 Stage-9 map = 8%,  reduce = 0%, Cumulative CPU 192.03 sec
2015-04-07 12:15:57,692 Stage-9 map = 10%,  reduce = 0%, Cumulative CPU 200.61 sec
2015-04-07 12:15:58,763 Stage-9 map = 11%,  reduce = 0%, Cumulative CPU 206.37 sec
2015-04-07 12:15:59,834 Stage-9 map = 14%,  reduce = 0%, Cumulative CPU 210.58 sec
2015-04-07 12:16:00,906 Stage-9 map = 17%,  reduce = 0%, Cumulative CPU 214.61 sec
2015-04-07 12:16:01,975 Stage-9 map = 19%,  reduce = 0%, Cumulative CPU 232.93 sec
2015-04-07 12:16:03,046 Stage-9 map = 26%,  reduce = 0%, Cumulative CPU 250.99 sec
2015-04-07 12:16:04,116 Stage-9 map = 29%,  reduce = 0%, Cumulative CPU 255.77 sec
2015-04-07 12:16:05,188 Stage-9 map = 36%,  reduce = 0%, Cumulative CPU 265.37 sec
2015-04-07 12:16:06,256 Stage-9 map = 41%,  reduce = 0%, Cumulative CPU 272.4 sec
2015-04-07 12:16:07,331 Stage-9 map = 46%,  reduce = 0%, Cumulative CPU 277.13 sec
2015-04-07 12:16:08,407 Stage-9 map = 52%,  reduce = 0%, Cumulative CPU 286.93 sec
2015-04-07 12:16:09,482 Stage-9 map = 56%,  reduce = 0%, Cumulative CPU 292.47 sec
2015-04-07 12:16:10,554 Stage-9 map = 60%,  reduce = 0%, Cumulative CPU 295.46 sec
2015-04-07 12:16:11,621 Stage-9 map = 71%,  reduce = 0%, Cumulative CPU 307.84 sec
2015-04-07 12:16:12,690 Stage-9 map = 77%,  reduce = 0%, Cumulative CPU 311.56 sec
2015-04-07 12:16:13,761 Stage-9 map = 82%,  reduce = 0%, Cumulative CPU 315.12 sec
2015-04-07 12:16:14,825 Stage-9 map = 84%,  reduce = 0%, Cumulative CPU 317.05 sec
2015-04-07 12:16:15,891 Stage-9 map = 86%,  reduce = 2%, Cumulative CPU 324.95 sec
2015-04-07 12:16:16,949 Stage-9 map = 90%,  reduce = 3%, Cumulative CPU 329.32 sec
2015-04-07 12:16:18,016 Stage-9 map = 93%,  reduce = 4%, Cumulative CPU 336.36 sec
2015-04-07 12:16:19,081 Stage-9 map = 98%,  reduce = 5%, Cumulative CPU 340.61 sec
2015-04-07 12:16:20,454 Stage-9 map = 98%,  reduce = 6%, Cumulative CPU 342.56 sec
2015-04-07 12:16:21,524 Stage-9 map = 98%,  reduce = 7%, Cumulative CPU 344.63 sec
2015-04-07 12:16:22,590 Stage-9 map = 98%,  reduce = 9%, Cumulative CPU 348.76 sec
2015-04-07 12:16:25,794 Stage-9 map = 98%,  reduce = 10%, Cumulative CPU 358.6 sec
2015-04-07 12:16:28,999 Stage-9 map = 99%,  reduce = 11%, Cumulative CPU 367.04 sec
2015-04-07 12:16:32,205 Stage-9 map = 100%,  reduce = 14%, Cumulative CPU 377.65 sec
2015-04-07 12:16:33,277 Stage-9 map = 100%,  reduce = 33%, Cumulative CPU 442.94 sec
2015-04-07 12:16:34,338 Stage-9 map = 100%,  reduce = 35%, Cumulative CPU 449.89 sec
2015-04-07 12:16:37,548 Stage-9 map = 100%,  reduce = 50%, Cumulative CPU 487.27 sec
2015-04-07 12:16:38,620 Stage-9 map = 100%,  reduce = 60%, Cumulative CPU 508.58 sec
2015-04-07 12:16:39,685 Stage-9 map = 100%,  reduce = 66%, Cumulative CPU 524.27 sec
2015-04-07 12:16:40,757 Stage-9 map = 100%,  reduce = 69%, Cumulative CPU 532.14 sec
2015-04-07 12:16:41,829 Stage-9 map = 100%,  reduce = 71%, Cumulative CPU 536.41 sec
2015-04-07 12:16:42,893 Stage-9 map = 100%,  reduce = 74%, Cumulative CPU 544.67 sec
2015-04-07 12:16:43,960 Stage-9 map = 100%,  reduce = 79%, Cumulative CPU 558.44 sec
2015-04-07 12:16:45,033 Stage-9 map = 100%,  reduce = 94%, Cumulative CPU 594.58 sec
2015-04-07 12:16:46,097 Stage-9 map = 100%,  reduce = 100%, Cumulative CPU 610.54 sec
MapReduce Total cumulative CPU time: 10 minutes 10 seconds 540 msec
Ended Job = job_1428405026382_0113
Launching Job 2 out of 5
Number of reduce tasks not specified. Estimated from input data size: 68
In order to change the average load for a reducer (in bytes):
  set hive.exec.reducers.bytes.per.reducer=<number>
In order to limit the maximum number of reducers:
  set hive.exec.reducers.max=<number>
In order to set a constant number of reducers:
  set mapreduce.job.reduces=<number>
Starting Job = job_1428405026382_0114, Tracking URL = http://f01hn02.hadoop:8088/proxy/application_1428405026382_0114/
Kill Command = /usr/hdp/2.2.0.0-2041/hadoop/bin/hadoop job  -kill job_1428405026382_0114
Hadoop job information for Stage-14: number of mappers: 18; number of reducers: 68
2015-04-07 12:17:20,294 Stage-14 map = 0%,  reduce = 0%
2015-04-07 12:17:30,922 Stage-14 map = 4%,  reduce = 0%, Cumulative CPU 24.33 sec
2015-04-07 12:17:31,992 Stage-14 map = 20%,  reduce = 0%, Cumulative CPU 138.04 sec
2015-04-07 12:17:34,128 Stage-14 map = 23%,  reduce = 0%, Cumulative CPU 141.13 sec
2015-04-07 12:17:35,195 Stage-14 map = 29%,  reduce = 0%, Cumulative CPU 146.84 sec
2015-04-07 12:17:37,332 Stage-14 map = 31%,  reduce = 0%, Cumulative CPU 151.68 sec
2015-04-07 12:17:38,401 Stage-14 map = 34%,  reduce = 0%, Cumulative CPU 155.13 sec
2015-04-07 12:17:40,532 Stage-14 map = 35%,  reduce = 0%, Cumulative CPU 158.44 sec
2015-04-07 12:17:41,598 Stage-14 map = 39%,  reduce = 0%, Cumulative CPU 163.03 sec
2015-04-07 12:17:43,734 Stage-14 map = 41%,  reduce = 0%, Cumulative CPU 173.27 sec
2015-04-07 12:17:44,797 Stage-14 map = 42%,  reduce = 1%, Cumulative CPU 178.76 sec
2015-04-07 12:17:46,932 Stage-14 map = 49%,  reduce = 1%, Cumulative CPU 197.42 sec
2015-04-07 12:17:48,000 Stage-14 map = 49%,  reduce = 2%, Cumulative CPU 201.23 sec
2015-04-07 12:17:49,069 Stage-14 map = 56%,  reduce = 3%, Cumulative CPU 209.39 sec
2015-04-07 12:17:50,132 Stage-14 map = 73%,  reduce = 6%, Cumulative CPU 219.61 sec
2015-04-07 12:17:51,176 Stage-14 map = 84%,  reduce = 10%, Cumulative CPU 225.61 sec
2015-04-07 12:17:52,274 Stage-14 map = 90%,  reduce = 21%, Cumulative CPU 234.9 sec
2015-04-07 12:17:53,336 Stage-14 map = 92%,  reduce = 24%, Cumulative CPU 241.87 sec
2015-04-07 12:17:54,402 Stage-14 map = 94%,  reduce = 27%, Cumulative CPU 246.4 sec
2015-04-07 12:17:55,468 Stage-14 map = 94%,  reduce = 29%, Cumulative CPU 251.66 sec
2015-04-07 12:17:56,530 Stage-14 map = 100%,  reduce = 30%, Cumulative CPU 259.79 sec
2015-04-07 12:17:57,598 Stage-14 map = 100%,  reduce = 44%, Cumulative CPU 271.58 sec
2015-04-07 12:17:58,633 Stage-14 map = 100%,  reduce = 100%, Cumulative CPU 377.73 sec
MapReduce Total cumulative CPU time: 6 minutes 17 seconds 730 msec
Ended Job = job_1428405026382_0114
Launching Job 3 out of 5
Number of reduce tasks not specified. Estimated from input data size: 179
In order to change the average load for a reducer (in bytes):
  set hive.exec.reducers.bytes.per.reducer=<number>
In order to limit the maximum number of reducers:
  set hive.exec.reducers.max=<number>
In order to set a constant number of reducers:
  set mapreduce.job.reduces=<number>
Starting Job = job_1428405026382_0115, Tracking URL = http://f01hn02.hadoop:8088/proxy/application_1428405026382_0115/
Kill Command = /usr/hdp/2.2.0.0-2041/hadoop/bin/hadoop job  -kill job_1428405026382_0115
Hadoop job information for Stage-2: number of mappers: 46; number of reducers: 179
2015-04-07 12:18:11,691 Stage-2 map = 0%,  reduce = 0%
2015-04-07 12:18:21,332 Stage-2 map = 3%,  reduce = 0%, Cumulative CPU 7.99 sec
2015-04-07 12:18:22,405 Stage-2 map = 40%,  reduce = 0%, Cumulative CPU 386.47 sec
2015-04-07 12:18:23,470 Stage-2 map = 54%,  reduce = 0%, Cumulative CPU 394.83 sec
2015-04-07 12:18:24,513 Stage-2 map = 67%,  reduce = 0%, Cumulative CPU 404.65 sec
2015-04-07 12:18:25,589 Stage-2 map = 91%,  reduce = 0%, Cumulative CPU 440.1 sec
2015-04-07 12:18:26,658 Stage-2 map = 96%,  reduce = 0%, Cumulative CPU 445.06 sec
2015-04-07 12:18:27,727 Stage-2 map = 99%,  reduce = 0%, Cumulative CPU 450.46 sec
2015-04-07 12:18:30,915 Stage-2 map = 100%,  reduce = 0%, Cumulative CPU 456.41 sec
2015-04-07 12:18:32,017 Stage-2 map = 100%,  reduce = 21%, Cumulative CPU 512.37 sec
2015-04-07 12:18:33,072 Stage-2 map = 100%,  reduce = 40%, Cumulative CPU 590.48 sec
2015-04-07 12:18:34,119 Stage-2 map = 100%,  reduce = 45%, Cumulative CPU 608.27 sec
2015-04-07 12:18:35,159 Stage-2 map = 100%,  reduce = 49%, Cumulative CPU 620.96 sec
2015-04-07 12:18:36,210 Stage-2 map = 100%,  reduce = 56%, Cumulative CPU 643.07 sec
2015-04-07 12:18:37,248 Stage-2 map = 100%,  reduce = 80%, Cumulative CPU 726.77 sec
2015-04-07 12:18:38,312 Stage-2 map = 100%,  reduce = 91%, Cumulative CPU 760.41 sec
2015-04-07 12:18:39,376 Stage-2 map = 100%,  reduce = 98%, Cumulative CPU 782.8 sec
2015-04-07 12:18:40,434 Stage-2 map = 100%,  reduce = 100%, Cumulative CPU 789.94 sec
MapReduce Total cumulative CPU time: 13 minutes 9 seconds 940 msec
Ended Job = job_1428405026382_0115
Launching Job 4 out of 5
Number of reduce tasks not specified. Estimated from input data size: 1
In order to change the average load for a reducer (in bytes):
  set hive.exec.reducers.bytes.per.reducer=<number>
In order to limit the maximum number of reducers:
  set hive.exec.reducers.max=<number>
In order to set a constant number of reducers:
  set mapreduce.job.reduces=<number>
Starting Job = job_1428405026382_0116, Tracking URL = http://f01hn02.hadoop:8088/proxy/application_1428405026382_0116/
Kill Command = /usr/hdp/2.2.0.0-2041/hadoop/bin/hadoop job  -kill job_1428405026382_0116
Hadoop job information for Stage-3: number of mappers: 12; number of reducers: 1
2015-04-07 12:18:47,202 Stage-3 map = 0%,  reduce = 0%
2015-04-07 12:18:52,517 Stage-3 map = 17%,  reduce = 0%, Cumulative CPU 3.24 sec
2015-04-07 12:18:53,582 Stage-3 map = 83%,  reduce = 0%, Cumulative CPU 25.68 sec
2015-04-07 12:18:54,646 Stage-3 map = 100%,  reduce = 0%, Cumulative CPU 33.35 sec
2015-04-07 12:18:58,883 Stage-3 map = 100%,  reduce = 100%, Cumulative CPU 36.42 sec
MapReduce Total cumulative CPU time: 36 seconds 420 msec
Ended Job = job_1428405026382_0116
Launching Job 5 out of 5
Number of reduce tasks determined at compile time: 1
In order to change the average load for a reducer (in bytes):
  set hive.exec.reducers.bytes.per.reducer=<number>
In order to limit the maximum number of reducers:
  set hive.exec.reducers.max=<number>
In order to set a constant number of reducers:
  set mapreduce.job.reduces=<number>
Starting Job = job_1428405026382_0117, Tracking URL = http://f01hn02.hadoop:8088/proxy/application_1428405026382_0117/
Kill Command = /usr/hdp/2.2.0.0-2041/hadoop/bin/hadoop job  -kill job_1428405026382_0117
Hadoop job information for Stage-4: number of mappers: 1; number of reducers: 1
2015-04-07 12:19:04,581 Stage-4 map = 0%,  reduce = 0%
2015-04-07 12:19:10,937 Stage-4 map = 100%,  reduce = 0%, Cumulative CPU 2.88 sec
2015-04-07 12:19:17,308 Stage-4 map = 100%,  reduce = 100%, Cumulative CPU 4.31 sec
MapReduce Total cumulative CPU time: 4 seconds 310 msec
Ended Job = job_1428405026382_0117
MapReduce Jobs Launched: 
Stage-Stage-9: Map: 33  Reduce: 125   Cumulative CPU: 610.54 sec   HDFS Read: 919729644 HDFS Write: 819222 SUCCESS
Stage-Stage-14: Map: 18  Reduce: 68   Cumulative CPU: 377.73 sec   HDFS Read: 511678261 HDFS Write: 812752 SUCCESS
Stage-Stage-2: Map: 46  Reduce: 179   Cumulative CPU: 789.94 sec   HDFS Read: 1869415182 HDFS Write: 824186 SUCCESS
Stage-Stage-3: Map: 12  Reduce: 1   Cumulative CPU: 36.42 sec   HDFS Read: 2554992 HDFS Write: 808158 SUCCESS
Stage-Stage-4: Map: 1  Reduce: 1   Cumulative CPU: 4.31 sec   HDFS Read: 808564 HDFS Write: 3533 SUCCESS
Total MapReduce CPU Time Spent: 30 minutes 18 seconds 940 msec
OK
AAAAAAAAAAAABAAA	91937.27999687195
AAAAAAAAAAAHAAAA	121795.62005996704
AAAAAAAAAAAHBAAA	104304.21999359131
AAAAAAAAAAANAAAA	98840.10081577301
AAAAAAAAAAAOAAAA	80791.40032863617
AAAAAAAAAABAAAAA	80652.68054103851
AAAAAAAAAABLBAAA	79147.54008674622
AAAAAAAAAABMBAAA	160864.31773376465
AAAAAAAAAABOBAAA	77242.76959991455
AAAAAAAAAABOCAAA	113695.52935504913
AAAAAAAAAABPBAAA	74919.61005401611
AAAAAAAAAACEBAAA	98065.64953041077
AAAAAAAAAACECAAA	76108.44104766846
AAAAAAAAAACFBAAA	95937.41909122467
AAAAAAAAAACOAAAA	93080.11948013306
AAAAAAAAAADDCAAA	102198.64059257507
AAAAAAAAAADFAAAA	82194.18041801453
AAAAAAAAAADGBAAA	57938.920471191406
AAAAAAAAAADICAAA	151742.61090564728
AAAAAAAAAADLCAAA	77180.3003578186
AAAAAAAAAAEABAAA	106031.96963119507
AAAAAAAAAAEADAAA	97233.29864692688
AAAAAAAAAAEBDAAA	123765.27023124695
AAAAAAAAAAECCAAA	62312.84032821655
AAAAAAAAAAEECAAA	87176.95054244995
AAAAAAAAAAEIBAAA	89827.45001125336
AAAAAAAAAAEMAAAA	106106.54918670654
AAAAAAAAAAENAAAA	131070.40037918091
AAAAAAAAAAEOBAAA	91719.33959960938
AAAAAAAAAAEPAAAA	141013.5096759796
AAAAAAAAAAFAAAAA	54318.790932536125
AAAAAAAAAAFADAAA	94100.12978363037
AAAAAAAAAAFCAAAA	81444.28020954132
AAAAAAAAAAFFBAAA	121831.7590918541
AAAAAAAAAAFHBAAA	80699.44988250732
AAAAAAAAAAFNBAAA	100703.90110874176
AAAAAAAAAAFNCAAA	124709.95930099487
AAAAAAAAAAFPAAAA	136861.44959259033
AAAAAAAAAAGCCAAA	109733.77991104126
AAAAAAAAAAGEAAAA	83720.5291481018
AAAAAAAAAAGEBAAA	87958.6600227356
AAAAAAAAAAGHBAAA	93233.21114778519
AAAAAAAAAAGJBAAA	90877.42028045654
AAAAAAAAAAGKBAAA	118970.88924026489
AAAAAAAAAAGLAAAA	86882.64046478271
AAAAAAAAAAGMBAAA	51124.129534721375
AAAAAAAAAAHCBAAA	67901.7802286148
AAAAAAAAAAHCCAAA	55609.62980937958
AAAAAAAAAAHIBAAA	115047.71115064621
AAAAAAAAAAHICAAA	80634.43996357918
AAAAAAAAAAHKCAAA	126926.85915851593
AAAAAAAAAAHPBAAA	139961.84140491486
AAAAAAAAAAIAAAAA	115164.98002624512
AAAAAAAAAAIACAAA	88234.16025924683
AAAAAAAAAAIADAAA	97708.84006547928
AAAAAAAAAAIBCAAA	80339.9998626709
AAAAAAAAAAIDCAAA	97963.3706703186
AAAAAAAAAAIFBAAA	85997.8191088736
AAAAAAAAAAIHBAAA	147182.37119364738
AAAAAAAAAAIHCAAA	38930.060287475586
AAAAAAAAAAIIAAAA	92651.41969680786
AAAAAAAAAAIKCAAA	105330.21956777573
AAAAAAAAAAIMCAAA	107110.7193031311
AAAAAAAAAAJABAAA	104820.68166828156
AAAAAAAAAAJBAAAA	94972.62030220032
AAAAAAAAAAJBDAAA	107246.72984313965
AAAAAAAAAAJCAAAA	85424.41004180908
AAAAAAAAAAJDBAAA	100652.53996992111
AAAAAAAAAAJDCAAA	56757.250354766846
AAAAAAAAAAJEBAAA	65030.82002353668
AAAAAAAAAAJGBAAA	115864.36038780212
AAAAAAAAAAJICAAA	113626.14045333862
AAAAAAAAAAKGBAAA	74419.90035247803
AAAAAAAAAAKHCAAA	122111.30902481079
AAAAAAAAAAKJBAAA	112726.89033508301
AAAAAAAAAAKKAAAA	126478.70106887817
AAAAAAAAAAKLBAAA	89574.08973383904
AAAAAAAAAAKMBAAA	64320.41019821167
AAAAAAAAAAKNAAAA	94067.75995182991
AAAAAAAAAALBBAAA	73266.63990688324
AAAAAAAAAALEBAAA	112598.95998191833
AAAAAAAAAALGCAAA	94814.15019893646
AAAAAAAAAALIAAAA	118096.1697216034
AAAAAAAAAALNBAAA	88554.32064819336
AAAAAAAAAALOAAAA	106130.00016641617
AAAAAAAAAALPCAAA	106309.70960235596
AAAAAAAAAAMBAAAA	133382.9901561737
AAAAAAAAAAMGBAAA	114265.12009906769
AAAAAAAAAAMIAAAA	128002.01029205322
AAAAAAAAAAMJBAAA	92472.440574646
AAAAAAAAAAMJCAAA	100053.80968901515
AAAAAAAAAAMKAAAA	84967.45969772339
AAAAAAAAAAMNAAAA	128748.73042440414
AAAAAAAAAAMOCAAA	78811.01009941101
AAAAAAAAAAMPBAAA	96938.57048296928
AAAAAAAAAANAAAAA	75514.93078613281
AAAAAAAAAANKCAAA	89337.91944694519
AAAAAAAAAANNCAAA	107416.85899543762
AAAAAAAAAANOCAAA	80708.11960029602
AAAAAAAAAAOACAAA	80220.97978687286
Time taken: 10969.896 seconds, Fetched: 100 row(s)
hive> 