15/04/07 08:13:03 WARN conf.HiveConf: HiveConf of name hive.optimize.mapjoin.mapreduce does not exist
15/04/07 08:13:03 WARN conf.HiveConf: HiveConf of name hive.heapsize does not exist
15/04/07 08:13:03 WARN conf.HiveConf: HiveConf of name hive.server2.enable.impersonation does not exist
15/04/07 08:13:03 WARN conf.HiveConf: HiveConf of name hive.auto.convert.sortmerge.join.noconditionaltask does not exist

Logging initialized using configuration in file:/etc/hive/conf/hive-log4j.properties
SLF4J: Class path contains multiple SLF4J bindings.
SLF4J: Found binding in [jar:file:/usr/hdp/2.2.0.0-2041/hadoop/lib/slf4j-log4j12-1.7.5.jar!/org/slf4j/impl/StaticLoggerBinder.class]
SLF4J: Found binding in [jar:file:/usr/hdp/2.2.0.0-2041/hive/lib/hive-jdbc-0.14.0.2.2.0.0-2041-standalone.jar!/org/slf4j/impl/StaticLoggerBinder.class]
SLF4J: See http://www.slf4j.org/codes.html#multiple_bindings for an explanation.
SLF4J: Actual binding is of type [org.slf4j.impl.Log4jLoggerFactory]
hive> use tpcds_bin_partitioned_orc_100; source query40.sql;
OK
Time taken: 2.735 seconds
Query ID = root_20150407081313_1303df01-8173-44e0-a8d0-a1737eae91b1
Total jobs = 3
Stage-1 is selected by condition resolver.
Launching Job 1 out of 3
Number of reduce tasks not specified. Estimated from input data size: 138
In order to change the average load for a reducer (in bytes):
  set hive.exec.reducers.bytes.per.reducer=<number>
In order to limit the maximum number of reducers:
  set hive.exec.reducers.max=<number>
In order to set a constant number of reducers:
  set mapreduce.job.reduces=<number>
Starting Job = job_1428405026382_0063, Tracking URL = http://f01hn02.hadoop:8088/proxy/application_1428405026382_0063/
Kill Command = /usr/hdp/2.2.0.0-2041/hadoop/bin/hadoop job  -kill job_1428405026382_0063
Hadoop job information for Stage-1: number of mappers: 39; number of reducers: 138
2015-04-07 08:13:54,993 Stage-1 map = 0%,  reduce = 0%
2015-04-07 08:14:02,531 Stage-1 map = 3%,  reduce = 0%, Cumulative CPU 6.32 sec
2015-04-07 08:14:04,690 Stage-1 map = 9%,  reduce = 0%, Cumulative CPU 47.9 sec
2015-04-07 08:14:05,767 Stage-1 map = 28%,  reduce = 0%, Cumulative CPU 331.65 sec
2015-04-07 08:14:07,917 Stage-1 map = 30%,  reduce = 0%, Cumulative CPU 342.34 sec
2015-04-07 08:14:08,988 Stage-1 map = 49%,  reduce = 0%, Cumulative CPU 458.24 sec
2015-04-07 08:14:11,146 Stage-1 map = 52%,  reduce = 0%, Cumulative CPU 475.27 sec
2015-04-07 08:14:12,214 Stage-1 map = 68%,  reduce = 0%, Cumulative CPU 579.89 sec
2015-04-07 08:14:14,371 Stage-1 map = 69%,  reduce = 0%, Cumulative CPU 617.94 sec
2015-04-07 08:14:17,590 Stage-1 map = 71%,  reduce = 1%, Cumulative CPU 781.13 sec
2015-04-07 08:14:20,778 Stage-1 map = 74%,  reduce = 1%, Cumulative CPU 926.13 sec
2015-04-07 08:14:21,831 Stage-1 map = 93%,  reduce = 2%, Cumulative CPU 953.21 sec
2015-04-07 08:14:22,898 Stage-1 map = 97%,  reduce = 4%, Cumulative CPU 967.39 sec
2015-04-07 08:14:23,970 Stage-1 map = 98%,  reduce = 7%, Cumulative CPU 984.37 sec
2015-04-07 08:14:25,040 Stage-1 map = 98%,  reduce = 13%, Cumulative CPU 995.81 sec
2015-04-07 08:14:26,107 Stage-1 map = 98%,  reduce = 16%, Cumulative CPU 1005.08 sec
2015-04-07 08:14:27,173 Stage-1 map = 98%,  reduce = 17%, Cumulative CPU 1018.0 sec
2015-04-07 08:14:28,242 Stage-1 map = 99%,  reduce = 17%, Cumulative CPU 1025.3 sec
2015-04-07 08:14:29,309 Stage-1 map = 100%,  reduce = 19%, Cumulative CPU 1038.04 sec
2015-04-07 08:14:30,379 Stage-1 map = 100%,  reduce = 26%, Cumulative CPU 1090.97 sec
2015-04-07 08:14:31,443 Stage-1 map = 100%,  reduce = 42%, Cumulative CPU 1293.57 sec
2015-04-07 08:14:32,512 Stage-1 map = 100%,  reduce = 52%, Cumulative CPU 1452.03 sec
2015-04-07 08:14:33,575 Stage-1 map = 100%,  reduce = 60%, Cumulative CPU 1659.85 sec
2015-04-07 08:14:34,639 Stage-1 map = 100%,  reduce = 74%, Cumulative CPU 1904.09 sec
2015-04-07 08:14:35,714 Stage-1 map = 100%,  reduce = 78%, Cumulative CPU 1981.66 sec
2015-04-07 08:14:38,918 Stage-1 map = 100%,  reduce = 79%, Cumulative CPU 1999.9 sec
2015-04-07 08:14:43,196 Stage-1 map = 100%,  reduce = 91%, Cumulative CPU 2135.99 sec
2015-04-07 08:14:44,262 Stage-1 map = 100%,  reduce = 100%, Cumulative CPU 2265.21 sec
MapReduce Total cumulative CPU time: 37 minutes 45 seconds 210 msec
Ended Job = job_1428405026382_0063
SLF4J: Class path contains multiple SLF4J bindings.
SLF4J: Found binding in [jar:file:/usr/hdp/2.2.0.0-2041/hadoop/lib/slf4j-log4j12-1.7.5.jar!/org/slf4j/impl/StaticLoggerBinder.class]
SLF4J: Found binding in [jar:file:/usr/hdp/2.2.0.0-2041/hive/lib/hive-jdbc-0.14.0.2.2.0.0-2041-standalone.jar!/org/slf4j/impl/StaticLoggerBinder.class]
SLF4J: See http://www.slf4j.org/codes.html#multiple_bindings for an explanation.
SLF4J: Actual binding is of type [org.slf4j.impl.Log4jLoggerFactory]
15/04/07 08:14:51 WARN conf.HiveConf: HiveConf of name hive.optimize.mapjoin.mapreduce does not exist
15/04/07 08:14:51 WARN conf.HiveConf: HiveConf of name hive.heapsize does not exist
15/04/07 08:14:51 WARN conf.HiveConf: HiveConf of name hive.server2.enable.impersonation does not exist
15/04/07 08:14:51 WARN conf.HiveConf: HiveConf of name hive.auto.convert.sortmerge.join.noconditionaltask does not exist
Execution log at: /tmp/root/root_20150407081313_1303df01-8173-44e0-a8d0-a1737eae91b1.log
2015-04-07 08:14:52	Starting to launch local task to process map join;	maximum memory = 1065484288
2015-04-07 08:14:57	Dump the side-table for tag: 1 with group count: 61 into file: file:/tmp/root/56031288-790d-45c8-907d-45aca148f596/hive_2015-04-07_08-13-11_495_8638702956539080198-1/-local-10009/HashTable-Stage-5/MapJoin-mapfile01--.hashtable
2015-04-07 08:14:57	Uploaded 1 File to: file:/tmp/root/56031288-790d-45c8-907d-45aca148f596/hive_2015-04-07_08-13-11_495_8638702956539080198-1/-local-10009/HashTable-Stage-5/MapJoin-mapfile01--.hashtable (2281 bytes)
2015-04-07 08:14:57	Dump the side-table for tag: 1 with group count: 12587 into file: file:/tmp/root/56031288-790d-45c8-907d-45aca148f596/hive_2015-04-07_08-13-11_495_8638702956539080198-1/-local-10009/HashTable-Stage-5/MapJoin-mapfile11--.hashtable
2015-04-07 08:14:58	Uploaded 1 File to: file:/tmp/root/56031288-790d-45c8-907d-45aca148f596/hive_2015-04-07_08-13-11_495_8638702956539080198-1/-local-10009/HashTable-Stage-5/MapJoin-mapfile11--.hashtable (540018 bytes)
2015-04-07 08:14:58	Dump the side-table for tag: 1 with group count: 15 into file: file:/tmp/root/56031288-790d-45c8-907d-45aca148f596/hive_2015-04-07_08-13-11_495_8638702956539080198-1/-local-10009/HashTable-Stage-5/MapJoin-mapfile21--.hashtable
2015-04-07 08:14:58	Uploaded 1 File to: file:/tmp/root/56031288-790d-45c8-907d-45aca148f596/hive_2015-04-07_08-13-11_495_8638702956539080198-1/-local-10009/HashTable-Stage-5/MapJoin-mapfile21--.hashtable (593 bytes)
2015-04-07 08:14:58	End of local task; Time Taken: 5.76 sec.
Execution completed successfully
MapredLocal task succeeded
Launching Job 2 out of 3
Number of reduce tasks not specified. Estimated from input data size: 65
In order to change the average load for a reducer (in bytes):
  set hive.exec.reducers.bytes.per.reducer=<number>
In order to limit the maximum number of reducers:
  set hive.exec.reducers.max=<number>
In order to set a constant number of reducers:
  set mapreduce.job.reduces=<number>
Starting Job = job_1428405026382_0064, Tracking URL = http://f01hn02.hadoop:8088/proxy/application_1428405026382_0064/
Kill Command = /usr/hdp/2.2.0.0-2041/hadoop/bin/hadoop job  -kill job_1428405026382_0064
Hadoop job information for Stage-5: number of mappers: 16; number of reducers: 65
2015-04-07 08:15:04,615 Stage-5 map = 0%,  reduce = 0%
2015-04-07 08:15:15,222 Stage-5 map = 4%,  reduce = 0%, Cumulative CPU 63.82 sec
2015-04-07 08:15:18,417 Stage-5 map = 10%,  reduce = 0%, Cumulative CPU 165.7 sec
2015-04-07 08:15:19,483 Stage-5 map = 12%,  reduce = 0%, Cumulative CPU 188.29 sec
2015-04-07 08:15:20,550 Stage-5 map = 13%,  reduce = 0%, Cumulative CPU 202.18 sec
2015-04-07 08:15:21,615 Stage-5 map = 22%,  reduce = 0%, Cumulative CPU 246.5 sec
2015-04-07 08:15:23,749 Stage-5 map = 24%,  reduce = 0%, Cumulative CPU 261.79 sec
2015-04-07 08:15:24,818 Stage-5 map = 28%,  reduce = 0%, Cumulative CPU 300.6 sec
2015-04-07 08:15:26,960 Stage-5 map = 29%,  reduce = 0%, Cumulative CPU 314.31 sec
2015-04-07 08:15:28,031 Stage-5 map = 34%,  reduce = 0%, Cumulative CPU 355.29 sec
2015-04-07 08:15:30,176 Stage-5 map = 35%,  reduce = 0%, Cumulative CPU 369.58 sec
2015-04-07 08:15:31,246 Stage-5 map = 40%,  reduce = 0%, Cumulative CPU 410.49 sec
2015-04-07 08:15:33,378 Stage-5 map = 42%,  reduce = 1%, Cumulative CPU 430.39 sec
2015-04-07 08:15:34,447 Stage-5 map = 48%,  reduce = 1%, Cumulative CPU 472.89 sec
2015-04-07 08:15:35,513 Stage-5 map = 50%,  reduce = 1%, Cumulative CPU 479.68 sec
2015-04-07 08:15:36,579 Stage-5 map = 54%,  reduce = 2%, Cumulative CPU 494.78 sec
2015-04-07 08:15:37,648 Stage-5 map = 62%,  reduce = 3%, Cumulative CPU 539.5 sec
2015-04-07 08:15:38,715 Stage-5 map = 65%,  reduce = 6%, Cumulative CPU 547.6 sec
2015-04-07 08:15:39,779 Stage-5 map = 65%,  reduce = 8%, Cumulative CPU 553.95 sec
2015-04-07 08:15:40,845 Stage-5 map = 72%,  reduce = 9%, Cumulative CPU 593.85 sec
2015-04-07 08:15:41,907 Stage-5 map = 77%,  reduce = 11%, Cumulative CPU 601.75 sec
2015-04-07 08:15:42,970 Stage-5 map = 82%,  reduce = 13%, Cumulative CPU 622.11 sec
2015-04-07 08:15:44,032 Stage-5 map = 90%,  reduce = 16%, Cumulative CPU 638.2 sec
2015-04-07 08:15:45,099 Stage-5 map = 97%,  reduce = 21%, Cumulative CPU 650.22 sec
2015-04-07 08:15:46,146 Stage-5 map = 100%,  reduce = 26%, Cumulative CPU 657.44 sec
2015-04-07 08:15:47,212 Stage-5 map = 100%,  reduce = 85%, Cumulative CPU 755.24 sec
2015-04-07 08:15:48,284 Stage-5 map = 100%,  reduce = 100%, Cumulative CPU 791.89 sec
MapReduce Total cumulative CPU time: 13 minutes 11 seconds 890 msec
Ended Job = job_1428405026382_0064
Launching Job 3 out of 3
Number of reduce tasks determined at compile time: 1
In order to change the average load for a reducer (in bytes):
  set hive.exec.reducers.bytes.per.reducer=<number>
In order to limit the maximum number of reducers:
  set hive.exec.reducers.max=<number>
In order to set a constant number of reducers:
  set mapreduce.job.reduces=<number>
Starting Job = job_1428405026382_0065, Tracking URL = http://f01hn02.hadoop:8088/proxy/application_1428405026382_0065/
Kill Command = /usr/hdp/2.2.0.0-2041/hadoop/bin/hadoop job  -kill job_1428405026382_0065
Hadoop job information for Stage-6: number of mappers: 4; number of reducers: 1
2015-04-07 08:15:54,446 Stage-6 map = 0%,  reduce = 0%
2015-04-07 08:15:59,750 Stage-6 map = 50%,  reduce = 0%, Cumulative CPU 3.47 sec
2015-04-07 08:16:00,810 Stage-6 map = 100%,  reduce = 0%, Cumulative CPU 9.93 sec
2015-04-07 08:16:05,057 Stage-6 map = 100%,  reduce = 100%, Cumulative CPU 11.31 sec
MapReduce Total cumulative CPU time: 11 seconds 310 msec
Ended Job = job_1428405026382_0065
MapReduce Jobs Launched: 
Stage-Stage-1: Map: 39  Reduce: 138   Cumulative CPU: 2265.21 sec   HDFS Read: 1068055354 HDFS Write: 4339349761 SUCCESS
Stage-Stage-5: Map: 16  Reduce: 65   Cumulative CPU: 791.89 sec   HDFS Read: 4339388099 HDFS Write: 2384905 SUCCESS
Stage-Stage-6: Map: 4  Reduce: 1   Cumulative CPU: 11.31 sec   HDFS Read: 2402450 HDFS Write: 4772 SUCCESS
Total MapReduce CPU Time Spent: 51 minutes 8 seconds 410 msec
OK
AL	AAAAAAAAAAAACAAA	117.76000213623047	168.04999542236328
AL	AAAAAAAAAAADCAAA	0.0	3.380000114440918
AL	AAAAAAAAAAANAAAA	0.0	2.1600000858306885
AL	AAAAAAAAAABFBAAA	45.529998779296875	14.239999771118164
AL	AAAAAAAAAABPBAAA	237.79000091552734	0.0
AL	AAAAAAAAAACDAAAA	21.479999542236328	0.0
AL	AAAAAAAAAACNCAAA	125.85000199079514	48.46000099182129
AL	AAAAAAAAAAEFBAAA	0.0	13.730000138282776
AL	AAAAAAAAAAEIBAAA	0.0	182.80999755859375
AL	AAAAAAAAAAFACAAA	63.63999938964844	169.8499994277954
AL	AAAAAAAAAAFADAAA	59.610002517700195	0.0
AL	AAAAAAAAAAFBBAAA	0.0	-277.2299680709839
AL	AAAAAAAAAAFFBAAA	35.64999866485596	54.35999870300293
AL	AAAAAAAAAAFKBAAA	71.5	21.399999618530273
AL	AAAAAAAAAAFLAAAA	83.95999908447266	0.0
AL	AAAAAAAAAAFPAAAA	196.06000518798828	159.16000366210938
AL	AAAAAAAAAAGCCAAA	84.31999969482422	0.0
AL	AAAAAAAAAAGJBAAA	0.0	81.31999969482422
AL	AAAAAAAAAAGOCAAA	9.449999809265137	-30.899996042251587
AL	AAAAAAAAAAHECAAA	-1231.0799560546875	0.7799999713897705
AL	AAAAAAAAAAHMAAAA	0.0	100.17000007629395
AL	AAAAAAAAAAIIAAAA	-704.7999544143677	0.0
AL	AAAAAAAAAAJFCAAA	116.55000305175781	0.0
AL	AAAAAAAAAAJMBAAA	11.510000228881836	113.38999652862549
AL	AAAAAAAAAAKBDAAA	16.6200008392334	0.0
AL	AAAAAAAAAAKNAAAA	35.170000076293945	-367.44000244140625
AL	AAAAAAAAAALAAAAA	23.55000066757202	80.45999908447266
AL	AAAAAAAAAALADAAA	0.0	0.3100000023841858
AL	AAAAAAAAAALCBAAA	13.65999984741211	28.970000743865967
AL	AAAAAAAAAAMJBAAA	0.0	152.78999519348145
AL	AAAAAAAAAANCBAAA	34.5099983215332	146.49000549316406
AL	AAAAAAAAAANKAAAA	219.51000213623047	0.0
AL	AAAAAAAAAAOHCAAA	4.309999942779541	5.329999923706055
AL	AAAAAAAAAAPBBAAA	0.0	28.910000324249268
AL	AAAAAAAAABCFAAAA	10.039999961853027	98.86000061035156
AL	AAAAAAAAABCPBAAA	159.20999908447266	2.490000009536743
AL	AAAAAAAAABDAAAAA	17.059999465942383	0.0
AL	AAAAAAAAABDHAAAA	-408.510009765625	120.06000137329102
AL	AAAAAAAAABEDCAAA	0.0	8.09000015258789
AL	AAAAAAAAABEECAAA	52.599998474121094	142.19000053405762
AL	AAAAAAAAABEFAAAA	-524.6699628829956	0.0
AL	AAAAAAAAABENBAAA	0.0	59.88000011444092
AL	AAAAAAAAABEOAAAA	-2205.030029296875	0.0
AL	AAAAAAAAABFABAAA	0.0	31.049999237060547
AL	AAAAAAAAABFCCAAA	120.33000183105469	0.0
AL	AAAAAAAAABGHCAAA	17.979999542236328	66.27999877929688
AL	AAAAAAAAABGMAAAA	72.73999786376953	13.350000381469727
AL	AAAAAAAAABGNAAAA	47.810001373291016	0.0
AL	AAAAAAAAABHFBAAA	0.0	79.0999984741211
AL	AAAAAAAAABIHAAAA	79.4000015258789	0.0
AL	AAAAAAAAABIMBAAA	37.850001096725464	152.0500030517578
AL	AAAAAAAAABJFCAAA	0.0	9.100000381469727
AL	AAAAAAAAABLHBAAA	91.47000122070312	0.0
AL	AAAAAAAAABLNAAAA	0.0	154.94000244140625
AL	AAAAAAAAABMBCAAA	0.0	138.75
AL	AAAAAAAAABMHCAAA	69.75	-652.3900275230408
AL	AAAAAAAAABMKCAAA	0.8899999856948853	215.4699935913086
AL	AAAAAAAAABMLBAAA	45.08000183105469	0.0
AL	AAAAAAAAABOKBAAA	42.630001068115234	-78.61000061035156
AL	AAAAAAAAABOMBAAA	-448.27000999450684	0.0
AL	AAAAAAAAABONBAAA	54.470001220703125	114.22000122070312
AL	AAAAAAAAABPEAAAA	34.150001525878906	0.0
AL	AAAAAAAAABPKCAAA	0.0	90.37999725341797
AL	AAAAAAAAABPLBAAA	40.16999816894531	147.29999923706055
AL	AAAAAAAAACAADAAA	0.0	291.69000244140625
AL	AAAAAAAAACAKBAAA	-1599.0098876953125	0.0
AL	AAAAAAAAACCKCAAA	14.959999561309814	-5425.40966796875
AL	AAAAAAAAACDGCAAA	2.380000114440918	204.8300018310547
AL	AAAAAAAAACEHBAAA	213.75000143051147	255.739990234375
AL	AAAAAAAAACEOCAAA	83.37999725341797	0.0
AL	AAAAAAAAACFDBAAA	0.0	153.01000213623047
AL	AAAAAAAAACGFBAAA	0.0	4.489999771118164
AL	AAAAAAAAACGHCAAA	-624.8200559616089	0.0
AL	AAAAAAAAACGLBAAA	47.2400016784668	0.0
AL	AAAAAAAAACGOAAAA	117.98999786376953	0.0
AL	AAAAAAAAACHABAAA	8.920000076293945	0.0
AL	AAAAAAAAACHACAAA	42.7400016784668	67.05999755859375
AL	AAAAAAAAACHCAAAA	-1700.0899066925049	0.0
AL	AAAAAAAAACIBCAAA	0.0	6.429999828338623
AL	AAAAAAAAACICBAAA	0.0	37.939998626708984
AL	AAAAAAAAACIDBAAA	3.180000066757202	-177.6099853515625
AL	AAAAAAAAACJBCAAA	10.339999794960022	0.0
AL	AAAAAAAAACJIAAAA	0.0	30.280000686645508
AL	AAAAAAAAACJLBAAA	268.10999298095703	21.290000915527344
AL	AAAAAAAAACJOBAAA	173.16000175476074	0.0
AL	AAAAAAAAACKCAAAA	0.0	88.4000015258789
AL	AAAAAAAAACKMCAAA	27.420000076293945	52.33000183105469
AL	AAAAAAAAACLADAAA	236.43000555038452	50.720001220703125
AL	AAAAAAAAACLDAAAA	10.670000076293945	0.0
AL	AAAAAAAAACLECAAA	88.06999969482422	0.0
AL	AAAAAAAAACLGAAAA	28.010000228881836	41.86000061035156
AL	AAAAAAAAACLNAAAA	0.0	57.349998474121094
AL	AAAAAAAAACNBBAAA	64.16000175476074	5.139999866485596
AL	AAAAAAAAACNDBAAA	0.0	42.95000076293945
AL	AAAAAAAAACOBAAAA	0.0	82.68000364303589
AL	AAAAAAAAACPDAAAA	0.0	47.970001220703125
AL	AAAAAAAAACPGAAAA	0.0	119.04000091552734
AL	AAAAAAAAACPLBAAA	0.0	71.81000137329102
AL	AAAAAAAAADAFAAAA	254.9099926650524	-775.5499877929688
AL	AAAAAAAAADBADAAA	0.0	25.56999969482422
Time taken: 174.659 seconds, Fetched: 100 row(s)
hive> 