15/04/07 07:34:42 WARN conf.HiveConf: HiveConf of name hive.optimize.mapjoin.mapreduce does not exist
15/04/07 07:34:42 WARN conf.HiveConf: HiveConf of name hive.heapsize does not exist
15/04/07 07:34:42 WARN conf.HiveConf: HiveConf of name hive.server2.enable.impersonation does not exist
15/04/07 07:34:42 WARN conf.HiveConf: HiveConf of name hive.auto.convert.sortmerge.join.noconditionaltask does not exist

Logging initialized using configuration in file:/etc/hive/conf/hive-log4j.properties
SLF4J: Class path contains multiple SLF4J bindings.
SLF4J: Found binding in [jar:file:/usr/hdp/2.2.0.0-2041/hadoop/lib/slf4j-log4j12-1.7.5.jar!/org/slf4j/impl/StaticLoggerBinder.class]
SLF4J: Found binding in [jar:file:/usr/hdp/2.2.0.0-2041/hive/lib/hive-jdbc-0.14.0.2.2.0.0-2041-standalone.jar!/org/slf4j/impl/StaticLoggerBinder.class]
SLF4J: See http://www.slf4j.org/codes.html#multiple_bindings for an explanation.
SLF4J: Actual binding is of type [org.slf4j.impl.Log4jLoggerFactory]
hive> use tpcds_bin_partitioned_orc_100; source query29.sql;
OK
Time taken: 2.76 seconds
Query ID = root_20150407073434_a444bbac-e76a-4c26-bc9a-a904853abb10
Total jobs = 6
Stage-12 is selected by condition resolver.
Launching Job 1 out of 6
Number of reduce tasks not specified. Estimated from input data size: 199
In order to change the average load for a reducer (in bytes):
  set hive.exec.reducers.bytes.per.reducer=<number>
In order to limit the maximum number of reducers:
  set hive.exec.reducers.max=<number>
In order to set a constant number of reducers:
  set mapreduce.job.reduces=<number>
Starting Job = job_1428405026382_0035, Tracking URL = http://f01hn02.hadoop:8088/proxy/application_1428405026382_0035/
Kill Command = /usr/hdp/2.2.0.0-2041/hadoop/bin/hadoop job  -kill job_1428405026382_0035
Hadoop job information for Stage-12: number of mappers: 53; number of reducers: 199
2015-04-07 07:35:39,247 Stage-12 map = 0%,  reduce = 0%
2015-04-07 07:35:48,867 Stage-12 map = 5%,  reduce = 0%, Cumulative CPU 77.35 sec
2015-04-07 07:35:49,941 Stage-12 map = 17%,  reduce = 0%, Cumulative CPU 457.5 sec
2015-04-07 07:35:52,087 Stage-12 map = 21%,  reduce = 0%, Cumulative CPU 488.41 sec
2015-04-07 07:35:53,159 Stage-12 map = 34%,  reduce = 0%, Cumulative CPU 638.37 sec
2015-04-07 07:35:54,230 Stage-12 map = 35%,  reduce = 0%, Cumulative CPU 640.08 sec
2015-04-07 07:35:55,303 Stage-12 map = 38%,  reduce = 0%, Cumulative CPU 665.45 sec
2015-04-07 07:35:56,369 Stage-12 map = 51%,  reduce = 0%, Cumulative CPU 818.75 sec
2015-04-07 07:35:58,497 Stage-12 map = 53%,  reduce = 0%, Cumulative CPU 851.39 sec
2015-04-07 07:35:59,562 Stage-12 map = 66%,  reduce = 0%, Cumulative CPU 986.32 sec
2015-04-07 07:36:01,693 Stage-12 map = 67%,  reduce = 0%, Cumulative CPU 1068.02 sec
2015-04-07 07:36:02,760 Stage-12 map = 69%,  reduce = 0%, Cumulative CPU 1154.24 sec
2015-04-07 07:36:10,163 Stage-12 map = 70%,  reduce = 0%, Cumulative CPU 1488.84 sec
2015-04-07 07:36:11,232 Stage-12 map = 74%,  reduce = 0%, Cumulative CPU 1635.58 sec
2015-04-07 07:36:12,272 Stage-12 map = 87%,  reduce = 0%, Cumulative CPU 1657.02 sec
2015-04-07 07:36:13,321 Stage-12 map = 96%,  reduce = 0%, Cumulative CPU 1682.81 sec
2015-04-07 07:36:14,371 Stage-12 map = 100%,  reduce = 1%, Cumulative CPU 1704.19 sec
2015-04-07 07:36:15,437 Stage-12 map = 100%,  reduce = 2%, Cumulative CPU 1707.14 sec
2015-04-07 07:36:16,502 Stage-12 map = 100%,  reduce = 3%, Cumulative CPU 1711.58 sec
2015-04-07 07:36:17,596 Stage-12 map = 100%,  reduce = 4%, Cumulative CPU 1718.03 sec
2015-04-07 07:36:18,654 Stage-12 map = 100%,  reduce = 5%, Cumulative CPU 1722.54 sec
2015-04-07 07:36:19,713 Stage-12 map = 100%,  reduce = 6%, Cumulative CPU 1733.63 sec
2015-04-07 07:36:20,777 Stage-12 map = 100%,  reduce = 9%, Cumulative CPU 1746.13 sec
2015-04-07 07:36:21,841 Stage-12 map = 100%,  reduce = 11%, Cumulative CPU 1760.12 sec
2015-04-07 07:36:22,904 Stage-12 map = 100%,  reduce = 15%, Cumulative CPU 1787.13 sec
2015-04-07 07:36:23,969 Stage-12 map = 100%,  reduce = 18%, Cumulative CPU 1818.67 sec
2015-04-07 07:36:25,035 Stage-12 map = 100%,  reduce = 24%, Cumulative CPU 1881.91 sec
2015-04-07 07:36:26,098 Stage-12 map = 100%,  reduce = 31%, Cumulative CPU 2009.98 sec
2015-04-07 07:36:27,162 Stage-12 map = 100%,  reduce = 40%, Cumulative CPU 2215.1 sec
2015-04-07 07:36:28,225 Stage-12 map = 100%,  reduce = 49%, Cumulative CPU 2444.21 sec
2015-04-07 07:36:29,289 Stage-12 map = 100%,  reduce = 53%, Cumulative CPU 2557.44 sec
2015-04-07 07:36:30,349 Stage-12 map = 100%,  reduce = 55%, Cumulative CPU 2589.01 sec
2015-04-07 07:36:33,542 Stage-12 map = 100%,  reduce = 56%, Cumulative CPU 2604.05 sec
2015-04-07 07:36:35,645 Stage-12 map = 100%,  reduce = 60%, Cumulative CPU 2668.2 sec
2015-04-07 07:36:36,711 Stage-12 map = 100%,  reduce = 78%, Cumulative CPU 2933.62 sec
2015-04-07 07:36:37,756 Stage-12 map = 100%,  reduce = 93%, Cumulative CPU 3181.36 sec
2015-04-07 07:36:38,818 Stage-12 map = 100%,  reduce = 100%, Cumulative CPU 3289.57 sec
MapReduce Total cumulative CPU time: 54 minutes 49 seconds 570 msec
Ended Job = job_1428405026382_0035
Stage-27 is filtered out by condition resolver.
Stage-28 is filtered out by condition resolver.
Stage-8 is selected by condition resolver.
Launching Job 2 out of 6
Number of reduce tasks not specified. Estimated from input data size: 141
In order to change the average load for a reducer (in bytes):
  set hive.exec.reducers.bytes.per.reducer=<number>
In order to limit the maximum number of reducers:
  set hive.exec.reducers.max=<number>
In order to set a constant number of reducers:
  set mapreduce.job.reduces=<number>
Starting Job = job_1428405026382_0036, Tracking URL = http://f01hn02.hadoop:8088/proxy/application_1428405026382_0036/
Kill Command = /usr/hdp/2.2.0.0-2041/hadoop/bin/hadoop job  -kill job_1428405026382_0036
Hadoop job information for Stage-8: number of mappers: 40; number of reducers: 141
2015-04-07 07:36:50,462 Stage-8 map = 0%,  reduce = 0%
2015-04-07 07:36:57,872 Stage-8 map = 3%,  reduce = 0%, Cumulative CPU 4.77 sec
2015-04-07 07:37:01,058 Stage-8 map = 13%,  reduce = 0%, Cumulative CPU 78.59 sec
2015-04-07 07:37:02,124 Stage-8 map = 32%,  reduce = 0%, Cumulative CPU 334.56 sec
2015-04-07 07:37:04,249 Stage-8 map = 38%,  reduce = 0%, Cumulative CPU 369.35 sec
2015-04-07 07:37:05,315 Stage-8 map = 56%,  reduce = 0%, Cumulative CPU 464.51 sec
2015-04-07 07:37:07,452 Stage-8 map = 63%,  reduce = 0%, Cumulative CPU 540.79 sec
2015-04-07 07:37:08,517 Stage-8 map = 67%,  reduce = 0%, Cumulative CPU 589.05 sec
2015-04-07 07:37:10,634 Stage-8 map = 69%,  reduce = 0%, Cumulative CPU 682.01 sec
2015-04-07 07:37:13,830 Stage-8 map = 71%,  reduce = 1%, Cumulative CPU 816.6 sec
2015-04-07 07:37:15,960 Stage-8 map = 77%,  reduce = 1%, Cumulative CPU 853.86 sec
2015-04-07 07:37:17,024 Stage-8 map = 94%,  reduce = 2%, Cumulative CPU 945.62 sec
2015-04-07 07:37:18,061 Stage-8 map = 98%,  reduce = 4%, Cumulative CPU 953.39 sec
2015-04-07 07:37:19,126 Stage-8 map = 98%,  reduce = 8%, Cumulative CPU 961.28 sec
2015-04-07 07:37:20,193 Stage-8 map = 98%,  reduce = 12%, Cumulative CPU 981.15 sec
2015-04-07 07:37:21,257 Stage-8 map = 98%,  reduce = 15%, Cumulative CPU 989.21 sec
2015-04-07 07:37:22,338 Stage-8 map = 98%,  reduce = 16%, Cumulative CPU 995.85 sec
2015-04-07 07:37:24,461 Stage-8 map = 98%,  reduce = 17%, Cumulative CPU 1018.57 sec
2015-04-07 07:37:25,525 Stage-8 map = 98%,  reduce = 19%, Cumulative CPU 1026.93 sec
2015-04-07 07:37:26,584 Stage-8 map = 98%,  reduce = 22%, Cumulative CPU 1047.01 sec
2015-04-07 07:37:27,645 Stage-8 map = 100%,  reduce = 23%, Cumulative CPU 1058.46 sec
2015-04-07 07:37:28,707 Stage-8 map = 100%,  reduce = 25%, Cumulative CPU 1070.28 sec
2015-04-07 07:37:29,763 Stage-8 map = 100%,  reduce = 30%, Cumulative CPU 1107.19 sec
2015-04-07 07:37:30,823 Stage-8 map = 100%,  reduce = 37%, Cumulative CPU 1179.26 sec
2015-04-07 07:37:31,882 Stage-8 map = 100%,  reduce = 50%, Cumulative CPU 1343.91 sec
2015-04-07 07:37:32,944 Stage-8 map = 100%,  reduce = 53%, Cumulative CPU 1383.74 sec
2015-04-07 07:37:34,005 Stage-8 map = 100%,  reduce = 54%, Cumulative CPU 1390.25 sec
2015-04-07 07:37:35,043 Stage-8 map = 100%,  reduce = 60%, Cumulative CPU 1439.4 sec
2015-04-07 07:37:36,104 Stage-8 map = 100%,  reduce = 67%, Cumulative CPU 1505.45 sec
2015-04-07 07:37:37,163 Stage-8 map = 100%,  reduce = 76%, Cumulative CPU 1627.03 sec
2015-04-07 07:37:38,224 Stage-8 map = 100%,  reduce = 78%, Cumulative CPU 1645.35 sec
2015-04-07 07:37:39,285 Stage-8 map = 100%,  reduce = 97%, Cumulative CPU 1808.12 sec
2015-04-07 07:37:40,341 Stage-8 map = 100%,  reduce = 100%, Cumulative CPU 1832.51 sec
MapReduce Total cumulative CPU time: 30 minutes 32 seconds 510 msec
Ended Job = job_1428405026382_0036
SLF4J: Class path contains multiple SLF4J bindings.
SLF4J: Found binding in [jar:file:/usr/hdp/2.2.0.0-2041/hadoop/lib/slf4j-log4j12-1.7.5.jar!/org/slf4j/impl/StaticLoggerBinder.class]
SLF4J: Found binding in [jar:file:/usr/hdp/2.2.0.0-2041/hive/lib/hive-jdbc-0.14.0.2.2.0.0-2041-standalone.jar!/org/slf4j/impl/StaticLoggerBinder.class]
SLF4J: See http://www.slf4j.org/codes.html#multiple_bindings for an explanation.
SLF4J: Actual binding is of type [org.slf4j.impl.Log4jLoggerFactory]
15/04/07 07:37:47 WARN conf.HiveConf: HiveConf of name hive.optimize.mapjoin.mapreduce does not exist
15/04/07 07:37:47 WARN conf.HiveConf: HiveConf of name hive.heapsize does not exist
15/04/07 07:37:47 WARN conf.HiveConf: HiveConf of name hive.server2.enable.impersonation does not exist
15/04/07 07:37:47 WARN conf.HiveConf: HiveConf of name hive.auto.convert.sortmerge.join.noconditionaltask does not exist
Execution log at: /tmp/root/root_20150407073434_a444bbac-e76a-4c26-bc9a-a904853abb10.log
2015-04-07 07:37:48	Starting to launch local task to process map join;	maximum memory = 1065484288
2015-04-07 07:37:55	Processing rows:	200000	Hashtable size:	199999	Memory usage:	121276080	percentage:	0.114
2015-04-07 07:37:56	Dump the side-table for tag: 1 with group count: 204000 into file: file:/tmp/root/4a67d285-bc2b-4ac6-93ca-1c5fc8f0f454/hive_2015-04-07_07-34-48_981_7694972421282149539-1/-local-10012/HashTable-Stage-6/MapJoin-mapfile01--.hashtable
2015-04-07 07:37:56	Uploaded 1 File to: file:/tmp/root/4a67d285-bc2b-4ac6-93ca-1c5fc8f0f454/hive_2015-04-07_07-34-48_981_7694972421282149539-1/-local-10012/HashTable-Stage-6/MapJoin-mapfile01--.hashtable (28780161 bytes)
2015-04-07 07:37:56	Dump the side-table for tag: 1 with group count: 402 into file: file:/tmp/root/4a67d285-bc2b-4ac6-93ca-1c5fc8f0f454/hive_2015-04-07_07-34-48_981_7694972421282149539-1/-local-10012/HashTable-Stage-6/MapJoin-mapfile11--.hashtable
2015-04-07 07:37:56	Uploaded 1 File to: file:/tmp/root/4a67d285-bc2b-4ac6-93ca-1c5fc8f0f454/hive_2015-04-07_07-34-48_981_7694972421282149539-1/-local-10012/HashTable-Stage-6/MapJoin-mapfile11--.hashtable (17214 bytes)
2015-04-07 07:37:56	Dump the side-table for tag: 1 with group count: 1096 into file: file:/tmp/root/4a67d285-bc2b-4ac6-93ca-1c5fc8f0f454/hive_2015-04-07_07-34-48_981_7694972421282149539-1/-local-10012/HashTable-Stage-6/MapJoin-mapfile21--.hashtable
2015-04-07 07:37:56	Uploaded 1 File to: file:/tmp/root/4a67d285-bc2b-4ac6-93ca-1c5fc8f0f454/hive_2015-04-07_07-34-48_981_7694972421282149539-1/-local-10012/HashTable-Stage-6/MapJoin-mapfile21--.hashtable (27793 bytes)
2015-04-07 07:37:56	Dump the side-table for tag: 1 with group count: 121 into file: file:/tmp/root/4a67d285-bc2b-4ac6-93ca-1c5fc8f0f454/hive_2015-04-07_07-34-48_981_7694972421282149539-1/-local-10012/HashTable-Stage-6/MapJoin-mapfile31--.hashtable
2015-04-07 07:37:56	Uploaded 1 File to: file:/tmp/root/4a67d285-bc2b-4ac6-93ca-1c5fc8f0f454/hive_2015-04-07_07-34-48_981_7694972421282149539-1/-local-10012/HashTable-Stage-6/MapJoin-mapfile31--.hashtable (3056 bytes)
2015-04-07 07:37:56	Dump the side-table for tag: 1 with group count: 29 into file: file:/tmp/root/4a67d285-bc2b-4ac6-93ca-1c5fc8f0f454/hive_2015-04-07_07-34-48_981_7694972421282149539-1/-local-10012/HashTable-Stage-6/MapJoin-mapfile41--.hashtable
2015-04-07 07:37:56	Uploaded 1 File to: file:/tmp/root/4a67d285-bc2b-4ac6-93ca-1c5fc8f0f454/hive_2015-04-07_07-34-48_981_7694972421282149539-1/-local-10012/HashTable-Stage-6/MapJoin-mapfile41--.hashtable (872 bytes)
2015-04-07 07:37:56	End of local task; Time Taken: 8.608 sec.
Execution completed successfully
MapredLocal task succeeded
Launching Job 3 out of 6
Number of reduce tasks not specified. Estimated from input data size: 1
In order to change the average load for a reducer (in bytes):
  set hive.exec.reducers.bytes.per.reducer=<number>
In order to limit the maximum number of reducers:
  set hive.exec.reducers.max=<number>
In order to set a constant number of reducers:
  set mapreduce.job.reduces=<number>
Starting Job = job_1428405026382_0037, Tracking URL = http://f01hn02.hadoop:8088/proxy/application_1428405026382_0037/
Kill Command = /usr/hdp/2.2.0.0-2041/hadoop/bin/hadoop job  -kill job_1428405026382_0037
Hadoop job information for Stage-6: number of mappers: 4; number of reducers: 1
2015-04-07 07:38:05,052 Stage-6 map = 0%,  reduce = 0%
2015-04-07 07:38:11,389 Stage-6 map = 25%,  reduce = 0%, Cumulative CPU 2.56 sec
2015-04-07 07:38:12,449 Stage-6 map = 100%,  reduce = 0%, Cumulative CPU 12.01 sec
2015-04-07 07:38:17,667 Stage-6 map = 100%,  reduce = 100%, Cumulative CPU 13.62 sec
MapReduce Total cumulative CPU time: 13 seconds 620 msec
Ended Job = job_1428405026382_0037
Launching Job 4 out of 6
Number of reduce tasks determined at compile time: 1
In order to change the average load for a reducer (in bytes):
  set hive.exec.reducers.bytes.per.reducer=<number>
In order to limit the maximum number of reducers:
  set hive.exec.reducers.max=<number>
In order to set a constant number of reducers:
  set mapreduce.job.reduces=<number>
Starting Job = job_1428405026382_0038, Tracking URL = http://f01hn02.hadoop:8088/proxy/application_1428405026382_0038/
Kill Command = /usr/hdp/2.2.0.0-2041/hadoop/bin/hadoop job  -kill job_1428405026382_0038
Hadoop job information for Stage-7: number of mappers: 1; number of reducers: 1
2015-04-07 07:38:23,703 Stage-7 map = 0%,  reduce = 0%
2015-04-07 07:38:28,988 Stage-7 map = 100%,  reduce = 0%, Cumulative CPU 1.41 sec
2015-04-07 07:38:34,285 Stage-7 map = 100%,  reduce = 100%, Cumulative CPU 2.78 sec
MapReduce Total cumulative CPU time: 2 seconds 780 msec
Ended Job = job_1428405026382_0038
MapReduce Jobs Launched: 
Stage-Stage-12: Map: 53  Reduce: 199   Cumulative CPU: 3289.57 sec   HDFS Read: 2000839984 HDFS Write: 1081041203 SUCCESS
Stage-Stage-8: Map: 40  Reduce: 141   Cumulative CPU: 1832.51 sec   HDFS Read: 1657502422 HDFS Write: 596089 SUCCESS
Stage-Stage-6: Map: 4  Reduce: 1   Cumulative CPU: 13.62 sec   HDFS Read: 633470 HDFS Write: 4977 SUCCESS
Stage-Stage-7: Map: 1  Reduce: 1   Cumulative CPU: 2.78 sec   HDFS Read: 5383 HDFS Write: 4446 SUCCESS
Total MapReduce CPU Time Spent: 0 days 1 hours 25 minutes 38 seconds 480 msec
OK
AAAAAAAAAAHHCAAA	Original classes sh	AAAAAAAAHPAAAAAA	ation	53	49	9
AAAAAAAAAGKNAAAA	Advanced charts dine large, other words. Things back just raw suppliers. Terrible laboratories persuade gentlemen. Still precious eggs might not observe normally titles. Perhaps vari	AAAAAAAACIBAAAAA	cally	6	3	33
AAAAAAAAAJEPAAAA	Temporarily parental years should not make hence waves. Pp. give again. Hands try so. Then im	AAAAAAAAIJAAAAAA	able	75	72	37
AAAAAAAAAKPKAAAA	Humans ought to prevent almost secondary points. Heels will not move whole accounts. Positive efforts stay important 	AAAAAAAACIBAAAAA	cally	65	38	2
AAAAAAAAAPKNAAAA	Legal others should not put explanations. Economic, ot	AAAAAAAAMCAAAAAA	ese	38	35	56
AAAAAAAACFGIBAAA	Yesterday european ca	AAAAAAAAKCBAAAAA	eing	10	6	72
AAAAAAAACHKADAAA	Therefore full governme	AAAAAAAAEDBAAAAA	eing	13	9	89
AAAAAAAACMBOCAAA	Very able managers assist still; here social users must not make significantly important workers. New practices can tell of course criminal qualities. Old, new factors 	AAAAAAAAICBAAAAA	cally	36	17	53
AAAAAAAADDKPAAAA	Successfully adequate minutes must 	AAAAAAAAEEAAAAAA	eing	51	43	48
AAAAAAAADLGCAAAA	Really scottish appeals 	AAAAAAAAICAAAAAA	bar	25	10	82
AAAAAAAADPNDAAAA	Controversial funds dictate forward, national girls. Future, sharp years discuss special, envi	AAAAAAAAHGAAAAAA	pri	42	2	89
AAAAAAAAEAPJAAAA	As religious windows shall not teach then hands. Geographical details ought to carry conversely video-taped terms. Biological issues shall ask well comments. Long aspiratio	AAAAAAAAMLAAAAAA	eing	68	60	97
AAAAAAAAFCDNCAAA	Real hills feel real rates. Classic, daily variables point however similar, immediat	AAAAAAAAJDBAAAAA	pri	12	4	9
AAAAAAAAFDLPAAAA	However national rumours study so religious deposits. Due flights must	AAAAAAAAIAAAAAAA	eing	3	1	8
AAAAAAAAFHKECAAA	Experimentally funny priorities might call very; only poor rises project 	AAAAAAAAMFAAAAAA	able	6	5	21
AAAAAAAAGDDOAAAA	For the time being national programmes get sharply sharp rare years. Ranks w	AAAAAAAAKGBAAAAA	able	4	4	5
AAAAAAAAGFCFBAAA	Studies topple oft	AAAAAAAAGHAAAAAA	eing	5	3	18
AAAAAAAAHJDKCAAA	Just new rates should develop; heavy, new children contact even from a groups. Black, double descriptions correspond dependent dates. Of course unawar	AAAAAAAAFCAAAAAA	ation	82	65	73
AAAAAAAAIGAPCAAA	Successfully internal eyes take both only legal pictures. In order attractive bars shall run likely. Often wild statements ship now so equal institutions. Firm, available	AAAAAAAAMEBAAAAA	able	23	20	28
AAAAAAAAIIKNBAAA	Novel, joint circumstances condemn. Games use very. Political, international legs should kil	AAAAAAAAOOAAAAAA	eing	57	22	51
AAAAAAAAINAPCAAA	Functions will think forward now dead schools. New arrangements talk against a women. Weeks pick only with a exception	AAAAAAAAEAAAAAAA	ese	63	5	65
AAAAAAAAJAHAAAAA	Other, public activities fill there internal, forward cars. Consultants shall bel	AAAAAAAAAIAAAAAA	eing	66	55	90
AAAAAAAAJKCJBAAA	Ordinary cars desert yesterday though im	AAAAAAAAKEAAAAAA	ese	89	65	75
AAAAAAAAJKIDBAAA	Mutual accidents stop enough stable officers. Nerves may remember sadly in relatio	AAAAAAAAOOAAAAAA	eing	6	5	97
AAAAAAAAJMBOBAAA	Hence clear eyes get at least huge figures. Other pp. make new, appointed roads. New, rapid flowers should get m	AAAAAAAACCBAAAAA	bar	68	6	92
AAAAAAAAKFAEAAAA	Paintings marry only respect	AAAAAAAAOEBAAAAA	ese	27	10	11
AAAAAAAAKPCIAAAA	Correct, grey matters suggest. White, small premises stay as sufficiently alive firms. New, separate 	AAAAAAAAOIBAAAAA	eing	NULL	46	34
AAAAAAAALMKMBAAA	Services lift european deaths. Written guidelines must set then at a unions. Properly good animals ought to 	AAAAAAAAJGBAAAAA	ought	52	33	63
AAAAAAAAMJOPCAAA	Entire, great	AAAAAAAAGHBAAAAA	ese	54	46	4
AAAAAAAANGNEBAAA	For example different features hear nevertheless complex points. Journals cannot give probably voluntary, easy stairs; modern police increase since gen	AAAAAAAAGGBAAAAA	eing	64	13	21
AAAAAAAANICFAAAA		AAAAAAAAAABAAAAA	cally	46	30	6
AAAAAAAANMOHAAAA	Other relatives leave roman policemen. Steps can copy likely now minor documents; local, bad outcomes will not f	AAAAAAAAPKAAAAAA	anti	72	18	93
AAAAAAAAOCJNCAAA	Politicians improve top businesses. Outside, educational eyes would not stop slightly more elderly goods. Today teenage duties increase so political, other shows. Away full wor	AAAAAAAANGAAAAAA	n st	23	14	2
Time taken: 226.398 seconds, Fetched: 33 row(s)
hive> 