15/04/07 07:47:42 WARN conf.HiveConf: HiveConf of name hive.optimize.mapjoin.mapreduce does not exist
15/04/07 07:47:42 WARN conf.HiveConf: HiveConf of name hive.heapsize does not exist
15/04/07 07:47:42 WARN conf.HiveConf: HiveConf of name hive.server2.enable.impersonation does not exist
15/04/07 07:47:42 WARN conf.HiveConf: HiveConf of name hive.auto.convert.sortmerge.join.noconditionaltask does not exist

Logging initialized using configuration in file:/etc/hive/conf/hive-log4j.properties
SLF4J: Class path contains multiple SLF4J bindings.
SLF4J: Found binding in [jar:file:/usr/hdp/2.2.0.0-2041/hadoop/lib/slf4j-log4j12-1.7.5.jar!/org/slf4j/impl/StaticLoggerBinder.class]
SLF4J: Found binding in [jar:file:/usr/hdp/2.2.0.0-2041/hive/lib/hive-jdbc-0.14.0.2.2.0.0-2041-standalone.jar!/org/slf4j/impl/StaticLoggerBinder.class]
SLF4J: See http://www.slf4j.org/codes.html#multiple_bindings for an explanation.
SLF4J: Actual binding is of type [org.slf4j.impl.Log4jLoggerFactory]
hive> use tpcds_bin_partitioned_orc_100; source query32.sql;
OK
Time taken: 2.306 seconds
Query ID = root_20150407074747_b903162c-37b7-4892-b1fa-9bb4ea42d6de
Total jobs = 7
SLF4J: Class path contains multiple SLF4J bindings.
SLF4J: Found binding in [jar:file:/usr/hdp/2.2.0.0-2041/hadoop/lib/slf4j-log4j12-1.7.5.jar!/org/slf4j/impl/StaticLoggerBinder.class]
SLF4J: Found binding in [jar:file:/usr/hdp/2.2.0.0-2041/hive/lib/hive-jdbc-0.14.0.2.2.0.0-2041-standalone.jar!/org/slf4j/impl/StaticLoggerBinder.class]
SLF4J: See http://www.slf4j.org/codes.html#multiple_bindings for an explanation.
SLF4J: Actual binding is of type [org.slf4j.impl.Log4jLoggerFactory]
15/04/07 07:48:12 WARN conf.HiveConf: HiveConf of name hive.optimize.mapjoin.mapreduce does not exist
15/04/07 07:48:12 WARN conf.HiveConf: HiveConf of name hive.heapsize does not exist
15/04/07 07:48:12 WARN conf.HiveConf: HiveConf of name hive.server2.enable.impersonation does not exist
15/04/07 07:48:12 WARN conf.HiveConf: HiveConf of name hive.auto.convert.sortmerge.join.noconditionaltask does not exist
Execution log at: /tmp/root/root_20150407074747_b903162c-37b7-4892-b1fa-9bb4ea42d6de.log
2015-04-07 07:48:13	Starting to launch local task to process map join;	maximum memory = 1065484288
2015-04-07 07:48:17	Dump the side-table for tag: 1 with group count: 92 into file: file:/tmp/root/30260f31-e4d0-4949-b96d-de7b4b3de19b/hive_2015-04-07_07-47-49_297_101143407378709172-1/-local-10014/HashTable-Stage-13/MapJoin-mapfile31--.hashtable
2015-04-07 07:48:17	Uploaded 1 File to: file:/tmp/root/30260f31-e4d0-4949-b96d-de7b4b3de19b/hive_2015-04-07_07-47-49_297_101143407378709172-1/-local-10014/HashTable-Stage-13/MapJoin-mapfile31--.hashtable (2200 bytes)
2015-04-07 07:48:17	End of local task; Time Taken: 3.928 sec.
Execution completed successfully
MapredLocal task succeeded
SLF4J: Class path contains multiple SLF4J bindings.
SLF4J: Found binding in [jar:file:/usr/hdp/2.2.0.0-2041/hadoop/lib/slf4j-log4j12-1.7.5.jar!/org/slf4j/impl/StaticLoggerBinder.class]
SLF4J: Found binding in [jar:file:/usr/hdp/2.2.0.0-2041/hive/lib/hive-jdbc-0.14.0.2.2.0.0-2041-standalone.jar!/org/slf4j/impl/StaticLoggerBinder.class]
SLF4J: See http://www.slf4j.org/codes.html#multiple_bindings for an explanation.
SLF4J: Actual binding is of type [org.slf4j.impl.Log4jLoggerFactory]
15/04/07 07:48:23 WARN conf.HiveConf: HiveConf of name hive.optimize.mapjoin.mapreduce does not exist
15/04/07 07:48:23 WARN conf.HiveConf: HiveConf of name hive.heapsize does not exist
15/04/07 07:48:23 WARN conf.HiveConf: HiveConf of name hive.server2.enable.impersonation does not exist
15/04/07 07:48:23 WARN conf.HiveConf: HiveConf of name hive.auto.convert.sortmerge.join.noconditionaltask does not exist
Execution log at: /tmp/root/root_20150407074747_b903162c-37b7-4892-b1fa-9bb4ea42d6de.log
2015-04-07 07:48:25	Starting to launch local task to process map join;	maximum memory = 1065484288
2015-04-07 07:48:29	Dump the side-table for tag: 1 with group count: 92 into file: file:/tmp/root/30260f31-e4d0-4949-b96d-de7b4b3de19b/hive_2015-04-07_07-47-49_297_101143407378709172-1/-local-10016/HashTable-Stage-5/MapJoin-mapfile41--.hashtable
2015-04-07 07:48:29	Uploaded 1 File to: file:/tmp/root/30260f31-e4d0-4949-b96d-de7b4b3de19b/hive_2015-04-07_07-47-49_297_101143407378709172-1/-local-10016/HashTable-Stage-5/MapJoin-mapfile41--.hashtable (2200 bytes)
2015-04-07 07:48:29	End of local task; Time Taken: 4.095 sec.
Execution completed successfully
MapredLocal task succeeded
Launching Job 1 out of 7
Number of reduce tasks is set to 0 since there's no reduce operator
Starting Job = job_1428405026382_0049, Tracking URL = http://f01hn02.hadoop:8088/proxy/application_1428405026382_0049/
Kill Command = /usr/hdp/2.2.0.0-2041/hadoop/bin/hadoop job  -kill job_1428405026382_0049
Hadoop job information for Stage-13: number of mappers: 33; number of reducers: 0
2015-04-07 07:48:48,320 Stage-13 map = 0%,  reduce = 0%
2015-04-07 07:48:54,844 Stage-13 map = 6%,  reduce = 0%, Cumulative CPU 7.48 sec
2015-04-07 07:48:55,918 Stage-13 map = 21%,  reduce = 0%, Cumulative CPU 34.32 sec
2015-04-07 07:48:56,964 Stage-13 map = 91%,  reduce = 0%, Cumulative CPU 166.72 sec
2015-04-07 07:48:58,036 Stage-13 map = 97%,  reduce = 0%, Cumulative CPU 186.58 sec
2015-04-07 07:48:59,103 Stage-13 map = 100%,  reduce = 0%, Cumulative CPU 195.25 sec
MapReduce Total cumulative CPU time: 3 minutes 15 seconds 250 msec
Ended Job = job_1428405026382_0049
Launching Job 2 out of 7
Number of reduce tasks not specified. Estimated from input data size: 125
In order to change the average load for a reducer (in bytes):
  set hive.exec.reducers.bytes.per.reducer=<number>
In order to limit the maximum number of reducers:
  set hive.exec.reducers.max=<number>
In order to set a constant number of reducers:
  set mapreduce.job.reduces=<number>
Starting Job = job_1428405026382_0050, Tracking URL = http://f01hn02.hadoop:8088/proxy/application_1428405026382_0050/
Kill Command = /usr/hdp/2.2.0.0-2041/hadoop/bin/hadoop job  -kill job_1428405026382_0050
Hadoop job information for Stage-5: number of mappers: 33; number of reducers: 125
2015-04-07 07:49:12,844 Stage-5 map = 0%,  reduce = 0%
2015-04-07 07:49:19,280 Stage-5 map = 3%,  reduce = 0%, Cumulative CPU 3.6 sec
2015-04-07 07:49:20,355 Stage-5 map = 6%,  reduce = 0%, Cumulative CPU 7.87 sec
2015-04-07 07:49:21,426 Stage-5 map = 48%,  reduce = 0%, Cumulative CPU 87.56 sec
2015-04-07 07:49:22,780 Stage-5 map = 88%,  reduce = 0%, Cumulative CPU 166.43 sec
2015-04-07 07:49:23,852 Stage-5 map = 96%,  reduce = 0%, Cumulative CPU 202.39 sec
2015-04-07 07:49:25,996 Stage-5 map = 98%,  reduce = 0%, Cumulative CPU 206.24 sec
2015-04-07 07:49:27,067 Stage-5 map = 99%,  reduce = 0%, Cumulative CPU 209.97 sec
2015-04-07 07:49:28,143 Stage-5 map = 100%,  reduce = 0%, Cumulative CPU 211.09 sec
2015-04-07 07:49:29,226 Stage-5 map = 100%,  reduce = 24%, Cumulative CPU 309.46 sec
2015-04-07 07:49:30,300 Stage-5 map = 100%,  reduce = 52%, Cumulative CPU 430.68 sec
2015-04-07 07:49:31,379 Stage-5 map = 100%,  reduce = 58%, Cumulative CPU 452.92 sec
2015-04-07 07:49:32,455 Stage-5 map = 100%,  reduce = 65%, Cumulative CPU 482.11 sec
2015-04-07 07:49:33,528 Stage-5 map = 100%,  reduce = 92%, Cumulative CPU 589.03 sec
2015-04-07 07:49:34,600 Stage-5 map = 100%,  reduce = 100%, Cumulative CPU 618.53 sec
MapReduce Total cumulative CPU time: 10 minutes 18 seconds 530 msec
Ended Job = job_1428405026382_0050
Stage-15 is selected by condition resolver.
Stage-16 is filtered out by condition resolver.
Stage-17 is filtered out by condition resolver.
Stage-2 is filtered out by condition resolver.
SLF4J: Class path contains multiple SLF4J bindings.
SLF4J: Found binding in [jar:file:/usr/hdp/2.2.0.0-2041/hadoop/lib/slf4j-log4j12-1.7.5.jar!/org/slf4j/impl/StaticLoggerBinder.class]
SLF4J: Found binding in [jar:file:/usr/hdp/2.2.0.0-2041/hive/lib/hive-jdbc-0.14.0.2.2.0.0-2041-standalone.jar!/org/slf4j/impl/StaticLoggerBinder.class]
SLF4J: See http://www.slf4j.org/codes.html#multiple_bindings for an explanation.
SLF4J: Actual binding is of type [org.slf4j.impl.Log4jLoggerFactory]
15/04/07 07:49:41 WARN conf.HiveConf: HiveConf of name hive.optimize.mapjoin.mapreduce does not exist
15/04/07 07:49:41 WARN conf.HiveConf: HiveConf of name hive.heapsize does not exist
15/04/07 07:49:41 WARN conf.HiveConf: HiveConf of name hive.server2.enable.impersonation does not exist
15/04/07 07:49:41 WARN conf.HiveConf: HiveConf of name hive.auto.convert.sortmerge.join.noconditionaltask does not exist
Execution log at: /tmp/root/root_20150407074747_b903162c-37b7-4892-b1fa-9bb4ea42d6de.log
2015-04-07 07:49:42	Starting to launch local task to process map join;	maximum memory = 1065484288
2015-04-07 07:49:50	Dump the side-table for tag: 1 with group count: 223 into file: file:/tmp/root/30260f31-e4d0-4949-b96d-de7b4b3de19b/hive_2015-04-07_07-47-49_297_101143407378709172-1/-local-10008/HashTable-Stage-9/MapJoin-mapfile01--.hashtable
2015-04-07 07:49:50	Uploaded 1 File to: file:/tmp/root/30260f31-e4d0-4949-b96d-de7b4b3de19b/hive_2015-04-07_07-47-49_297_101143407378709172-1/-local-10008/HashTable-Stage-9/MapJoin-mapfile01--.hashtable (4885 bytes)
2015-04-07 07:49:50	Dump the side-table for tag: 2 with group count: 102000 into file: file:/tmp/root/30260f31-e4d0-4949-b96d-de7b4b3de19b/hive_2015-04-07_07-47-49_297_101143407378709172-1/-local-10008/HashTable-Stage-9/MapJoin-mapfile02--.hashtable
2015-04-07 07:49:50	Uploaded 1 File to: file:/tmp/root/30260f31-e4d0-4949-b96d-de7b4b3de19b/hive_2015-04-07_07-47-49_297_101143407378709172-1/-local-10008/HashTable-Stage-9/MapJoin-mapfile02--.hashtable (3042080 bytes)
2015-04-07 07:49:50	End of local task; Time Taken: 8.212 sec.
Execution completed successfully
MapredLocal task succeeded
Launching Job 4 out of 7
Number of reduce tasks is set to 0 since there's no reduce operator
Starting Job = job_1428405026382_0051, Tracking URL = http://f01hn02.hadoop:8088/proxy/application_1428405026382_0051/
Kill Command = /usr/hdp/2.2.0.0-2041/hadoop/bin/hadoop job  -kill job_1428405026382_0051
Hadoop job information for Stage-9: number of mappers: 3; number of reducers: 0
2015-04-07 07:49:57,386 Stage-9 map = 0%,  reduce = 0%
2015-04-07 07:50:02,717 Stage-9 map = 33%,  reduce = 0%, Cumulative CPU 1.75 sec
2015-04-07 07:50:06,986 Stage-9 map = 82%,  reduce = 0%, Cumulative CPU 17.8 sec
2015-04-07 07:50:08,053 Stage-9 map = 100%,  reduce = 0%, Cumulative CPU 19.42 sec
MapReduce Total cumulative CPU time: 19 seconds 420 msec
Ended Job = job_1428405026382_0051
Launching Job 5 out of 7
Number of reduce tasks determined at compile time: 1
In order to change the average load for a reducer (in bytes):
  set hive.exec.reducers.bytes.per.reducer=<number>
In order to limit the maximum number of reducers:
  set hive.exec.reducers.max=<number>
In order to set a constant number of reducers:
  set mapreduce.job.reduces=<number>
Starting Job = job_1428405026382_0052, Tracking URL = http://f01hn02.hadoop:8088/proxy/application_1428405026382_0052/
Kill Command = /usr/hdp/2.2.0.0-2041/hadoop/bin/hadoop job  -kill job_1428405026382_0052
Hadoop job information for Stage-3: number of mappers: 2; number of reducers: 1
2015-04-07 07:50:14,818 Stage-3 map = 0%,  reduce = 0%
2015-04-07 07:50:20,146 Stage-3 map = 100%,  reduce = 0%, Cumulative CPU 2.45 sec
2015-04-07 07:50:25,486 Stage-3 map = 100%,  reduce = 100%, Cumulative CPU 3.84 sec
MapReduce Total cumulative CPU time: 3 seconds 840 msec
Ended Job = job_1428405026382_0052
MapReduce Jobs Launched: 
Stage-Stage-13: Map: 33   Cumulative CPU: 195.25 sec   HDFS Read: 852021148 HDFS Write: 103731869 SUCCESS
Stage-Stage-5: Map: 33  Reduce: 125   Cumulative CPU: 618.53 sec   HDFS Read: 852021148 HDFS Write: 2964540 SUCCESS
Stage-Stage-9: Map: 3   Cumulative CPU: 19.42 sec   HDFS Read: 103740884 HDFS Write: 355 SUCCESS
Stage-Stage-3: Map: 2  Reduce: 1   Cumulative CPU: 3.84 sec   HDFS Read: 1425 HDFS Write: 18 SUCCESS
Total MapReduce CPU Time Spent: 13 minutes 57 seconds 40 msec
OK
8119270.359008789
Time taken: 157.297 seconds, Fetched: 1 row(s)
hive> 