15/04/07 07:40:18 WARN conf.HiveConf: HiveConf of name hive.optimize.mapjoin.mapreduce does not exist
15/04/07 07:40:18 WARN conf.HiveConf: HiveConf of name hive.heapsize does not exist
15/04/07 07:40:18 WARN conf.HiveConf: HiveConf of name hive.server2.enable.impersonation does not exist
15/04/07 07:40:18 WARN conf.HiveConf: HiveConf of name hive.auto.convert.sortmerge.join.noconditionaltask does not exist

Logging initialized using configuration in file:/etc/hive/conf/hive-log4j.properties
SLF4J: Class path contains multiple SLF4J bindings.
SLF4J: Found binding in [jar:file:/usr/hdp/2.2.0.0-2041/hadoop/lib/slf4j-log4j12-1.7.5.jar!/org/slf4j/impl/StaticLoggerBinder.class]
SLF4J: Found binding in [jar:file:/usr/hdp/2.2.0.0-2041/hive/lib/hive-jdbc-0.14.0.2.2.0.0-2041-standalone.jar!/org/slf4j/impl/StaticLoggerBinder.class]
SLF4J: See http://www.slf4j.org/codes.html#multiple_bindings for an explanation.
SLF4J: Actual binding is of type [org.slf4j.impl.Log4jLoggerFactory]
hive> use tpcds_bin_partitioned_orc_100; source query31.sql;
OK
Time taken: 2.947 seconds
Query ID = root_20150407074040_6c138d8b-13db-4c35-8c35-c455093e7f0e
Total jobs = 14
SLF4J: Class path contains multiple SLF4J bindings.
SLF4J: Found binding in [jar:file:/usr/hdp/2.2.0.0-2041/hadoop/lib/slf4j-log4j12-1.7.5.jar!/org/slf4j/impl/StaticLoggerBinder.class]
SLF4J: Found binding in [jar:file:/usr/hdp/2.2.0.0-2041/hive/lib/hive-jdbc-0.14.0.2.2.0.0-2041-standalone.jar!/org/slf4j/impl/StaticLoggerBinder.class]
SLF4J: See http://www.slf4j.org/codes.html#multiple_bindings for an explanation.
SLF4J: Actual binding is of type [org.slf4j.impl.Log4jLoggerFactory]
15/04/07 07:41:01 WARN conf.HiveConf: HiveConf of name hive.optimize.mapjoin.mapreduce does not exist
15/04/07 07:41:01 WARN conf.HiveConf: HiveConf of name hive.heapsize does not exist
15/04/07 07:41:01 WARN conf.HiveConf: HiveConf of name hive.server2.enable.impersonation does not exist
15/04/07 07:41:01 WARN conf.HiveConf: HiveConf of name hive.auto.convert.sortmerge.join.noconditionaltask does not exist
Execution log at: /tmp/root/root_20150407074040_6c138d8b-13db-4c35-8c35-c455093e7f0e.log
2015-04-07 07:41:03	Starting to launch local task to process map join;	maximum memory = 1065484288
2015-04-07 07:41:10	Processing rows:	200000	Hashtable size:	199999	Memory usage:	63995504	percentage:	0.06
2015-04-07 07:41:10	Processing rows:	300000	Hashtable size:	299999	Memory usage:	93352016	percentage:	0.088
2015-04-07 07:41:12	Processing rows:	400000	Hashtable size:	399999	Memory usage:	118113568	percentage:	0.111
2015-04-07 07:41:13	Processing rows:	500000	Hashtable size:	499999	Memory usage:	148978616	percentage:	0.14
2015-04-07 07:41:13	Processing rows:	600000	Hashtable size:	599999	Memory usage:	176075920	percentage:	0.165
2015-04-07 07:41:14	Processing rows:	700000	Hashtable size:	699999	Memory usage:	202343224	percentage:	0.19
2015-04-07 07:41:15	Processing rows:	800000	Hashtable size:	799999	Memory usage:	228931464	percentage:	0.215
2015-04-07 07:41:16	Processing rows:	900000	Hashtable size:	899999	Memory usage:	253151544	percentage:	0.238
2015-04-07 07:41:16	Processing rows:	1000000	Hashtable size:	999999	Memory usage:	279042992	percentage:	0.262
2015-04-07 07:41:16	Dump the side-table for tag: 1 with group count: 1000000 into file: file:/tmp/root/4b4256c3-ee33-4d7a-834c-763e48da4f07/hive_2015-04-07_07-40-26_314_3302598703643789450-1/-local-10035/HashTable-Stage-9/MapJoin-mapfile61--.hashtable
2015-04-07 07:41:17	Uploaded 1 File to: file:/tmp/root/4b4256c3-ee33-4d7a-834c-763e48da4f07/hive_2015-04-07_07-40-26_314_3302598703643789450-1/-local-10035/HashTable-Stage-9/MapJoin-mapfile61--.hashtable (36652714 bytes)
2015-04-07 07:41:17	Dump the side-table for tag: 1 with group count: 91 into file: file:/tmp/root/4b4256c3-ee33-4d7a-834c-763e48da4f07/hive_2015-04-07_07-40-26_314_3302598703643789450-1/-local-10035/HashTable-Stage-9/MapJoin-mapfile71--.hashtable
2015-04-07 07:41:17	Uploaded 1 File to: file:/tmp/root/4b4256c3-ee33-4d7a-834c-763e48da4f07/hive_2015-04-07_07-40-26_314_3302598703643789450-1/-local-10035/HashTable-Stage-9/MapJoin-mapfile71--.hashtable (2179 bytes)
2015-04-07 07:41:17	End of local task; Time Taken: 14.384 sec.
Execution completed successfully
MapredLocal task succeeded
SLF4J: Class path contains multiple SLF4J bindings.
SLF4J: Found binding in [jar:file:/usr/hdp/2.2.0.0-2041/hadoop/lib/slf4j-log4j12-1.7.5.jar!/org/slf4j/impl/StaticLoggerBinder.class]
SLF4J: Found binding in [jar:file:/usr/hdp/2.2.0.0-2041/hive/lib/hive-jdbc-0.14.0.2.2.0.0-2041-standalone.jar!/org/slf4j/impl/StaticLoggerBinder.class]
SLF4J: See http://www.slf4j.org/codes.html#multiple_bindings for an explanation.
SLF4J: Actual binding is of type [org.slf4j.impl.Log4jLoggerFactory]
15/04/07 07:41:24 WARN conf.HiveConf: HiveConf of name hive.optimize.mapjoin.mapreduce does not exist
15/04/07 07:41:24 WARN conf.HiveConf: HiveConf of name hive.heapsize does not exist
15/04/07 07:41:24 WARN conf.HiveConf: HiveConf of name hive.server2.enable.impersonation does not exist
15/04/07 07:41:24 WARN conf.HiveConf: HiveConf of name hive.auto.convert.sortmerge.join.noconditionaltask does not exist
Execution log at: /tmp/root/root_20150407074040_6c138d8b-13db-4c35-8c35-c455093e7f0e.log
2015-04-07 07:41:25	Starting to launch local task to process map join;	maximum memory = 1065484288
2015-04-07 07:41:31	Processing rows:	200000	Hashtable size:	199999	Memory usage:	63211048	percentage:	0.059
2015-04-07 07:41:32	Processing rows:	300000	Hashtable size:	299999	Memory usage:	92684080	percentage:	0.087
2015-04-07 07:41:33	Processing rows:	400000	Hashtable size:	399999	Memory usage:	119530544	percentage:	0.112
2015-04-07 07:41:34	Processing rows:	500000	Hashtable size:	499999	Memory usage:	146078560	percentage:	0.137
2015-04-07 07:41:35	Processing rows:	600000	Hashtable size:	599999	Memory usage:	172573104	percentage:	0.162
2015-04-07 07:41:36	Processing rows:	700000	Hashtable size:	699999	Memory usage:	199590000	percentage:	0.187
2015-04-07 07:41:37	Processing rows:	800000	Hashtable size:	799999	Memory usage:	226146184	percentage:	0.212
2015-04-07 07:41:37	Processing rows:	900000	Hashtable size:	899999	Memory usage:	252452040	percentage:	0.237
2015-04-07 07:41:38	Processing rows:	1000000	Hashtable size:	999999	Memory usage:	278878584	percentage:	0.262
2015-04-07 07:41:39	Dump the side-table for tag: 1 with group count: 1000000 into file: file:/tmp/root/4b4256c3-ee33-4d7a-834c-763e48da4f07/hive_2015-04-07_07-40-26_314_3302598703643789450-1/-local-10037/HashTable-Stage-6/MapJoin-mapfile81--.hashtable
2015-04-07 07:41:40	Uploaded 1 File to: file:/tmp/root/4b4256c3-ee33-4d7a-834c-763e48da4f07/hive_2015-04-07_07-40-26_314_3302598703643789450-1/-local-10037/HashTable-Stage-6/MapJoin-mapfile81--.hashtable (36652714 bytes)
2015-04-07 07:41:40	Dump the side-table for tag: 1 with group count: 92 into file: file:/tmp/root/4b4256c3-ee33-4d7a-834c-763e48da4f07/hive_2015-04-07_07-40-26_314_3302598703643789450-1/-local-10037/HashTable-Stage-6/MapJoin-mapfile91--.hashtable
2015-04-07 07:41:40	Uploaded 1 File to: file:/tmp/root/4b4256c3-ee33-4d7a-834c-763e48da4f07/hive_2015-04-07_07-40-26_314_3302598703643789450-1/-local-10037/HashTable-Stage-6/MapJoin-mapfile91--.hashtable (2200 bytes)
2015-04-07 07:41:40	End of local task; Time Taken: 14.983 sec.
Execution completed successfully
MapredLocal task succeeded
SLF4J: Class path contains multiple SLF4J bindings.
SLF4J: Found binding in [jar:file:/usr/hdp/2.2.0.0-2041/hadoop/lib/slf4j-log4j12-1.7.5.jar!/org/slf4j/impl/StaticLoggerBinder.class]
SLF4J: Found binding in [jar:file:/usr/hdp/2.2.0.0-2041/hive/lib/hive-jdbc-0.14.0.2.2.0.0-2041-standalone.jar!/org/slf4j/impl/StaticLoggerBinder.class]
SLF4J: See http://www.slf4j.org/codes.html#multiple_bindings for an explanation.
SLF4J: Actual binding is of type [org.slf4j.impl.Log4jLoggerFactory]
15/04/07 07:41:46 WARN conf.HiveConf: HiveConf of name hive.optimize.mapjoin.mapreduce does not exist
15/04/07 07:41:46 WARN conf.HiveConf: HiveConf of name hive.heapsize does not exist
15/04/07 07:41:46 WARN conf.HiveConf: HiveConf of name hive.server2.enable.impersonation does not exist
15/04/07 07:41:46 WARN conf.HiveConf: HiveConf of name hive.auto.convert.sortmerge.join.noconditionaltask does not exist
Execution log at: /tmp/root/root_20150407074040_6c138d8b-13db-4c35-8c35-c455093e7f0e.log
2015-04-07 07:41:47	Starting to launch local task to process map join;	maximum memory = 1065484288
2015-04-07 07:41:54	Processing rows:	200000	Hashtable size:	199999	Memory usage:	63945840	percentage:	0.06
2015-04-07 07:41:55	Processing rows:	300000	Hashtable size:	299999	Memory usage:	93345488	percentage:	0.088
2015-04-07 07:41:56	Processing rows:	400000	Hashtable size:	399999	Memory usage:	118209432	percentage:	0.111
2015-04-07 07:41:57	Processing rows:	500000	Hashtable size:	499999	Memory usage:	152994096	percentage:	0.144
2015-04-07 07:41:57	Processing rows:	600000	Hashtable size:	599999	Memory usage:	180219664	percentage:	0.169
2015-04-07 07:41:58	Processing rows:	700000	Hashtable size:	699999	Memory usage:	207321288	percentage:	0.195
2015-04-07 07:41:58	Processing rows:	800000	Hashtable size:	799999	Memory usage:	233740536	percentage:	0.219
2015-04-07 07:42:00	Processing rows:	900000	Hashtable size:	899999	Memory usage:	252592384	percentage:	0.237
2015-04-07 07:42:01	Processing rows:	1000000	Hashtable size:	999999	Memory usage:	278721128	percentage:	0.262
2015-04-07 07:42:01	Dump the side-table for tag: 1 with group count: 1000000 into file: file:/tmp/root/4b4256c3-ee33-4d7a-834c-763e48da4f07/hive_2015-04-07_07-40-26_314_3302598703643789450-1/-local-10039/HashTable-Stage-15/MapJoin-mapfile101--.hashtable
2015-04-07 07:42:02	Uploaded 1 File to: file:/tmp/root/4b4256c3-ee33-4d7a-834c-763e48da4f07/hive_2015-04-07_07-40-26_314_3302598703643789450-1/-local-10039/HashTable-Stage-15/MapJoin-mapfile101--.hashtable (36652714 bytes)
2015-04-07 07:42:02	Dump the side-table for tag: 1 with group count: 91 into file: file:/tmp/root/4b4256c3-ee33-4d7a-834c-763e48da4f07/hive_2015-04-07_07-40-26_314_3302598703643789450-1/-local-10039/HashTable-Stage-15/MapJoin-mapfile111--.hashtable
2015-04-07 07:42:02	Uploaded 1 File to: file:/tmp/root/4b4256c3-ee33-4d7a-834c-763e48da4f07/hive_2015-04-07_07-40-26_314_3302598703643789450-1/-local-10039/HashTable-Stage-15/MapJoin-mapfile111--.hashtable (2179 bytes)
2015-04-07 07:42:02	End of local task; Time Taken: 15.105 sec.
Execution completed successfully
MapredLocal task succeeded
SLF4J: Class path contains multiple SLF4J bindings.
SLF4J: Found binding in [jar:file:/usr/hdp/2.2.0.0-2041/hadoop/lib/slf4j-log4j12-1.7.5.jar!/org/slf4j/impl/StaticLoggerBinder.class]
SLF4J: Found binding in [jar:file:/usr/hdp/2.2.0.0-2041/hive/lib/hive-jdbc-0.14.0.2.2.0.0-2041-standalone.jar!/org/slf4j/impl/StaticLoggerBinder.class]
SLF4J: See http://www.slf4j.org/codes.html#multiple_bindings for an explanation.
SLF4J: Actual binding is of type [org.slf4j.impl.Log4jLoggerFactory]
15/04/07 07:42:08 WARN conf.HiveConf: HiveConf of name hive.optimize.mapjoin.mapreduce does not exist
15/04/07 07:42:08 WARN conf.HiveConf: HiveConf of name hive.heapsize does not exist
15/04/07 07:42:08 WARN conf.HiveConf: HiveConf of name hive.server2.enable.impersonation does not exist
15/04/07 07:42:08 WARN conf.HiveConf: HiveConf of name hive.auto.convert.sortmerge.join.noconditionaltask does not exist
Execution log at: /tmp/root/root_20150407074040_6c138d8b-13db-4c35-8c35-c455093e7f0e.log
2015-04-07 07:42:09	Starting to launch local task to process map join;	maximum memory = 1065484288
2015-04-07 07:42:16	Processing rows:	200000	Hashtable size:	199999	Memory usage:	63280464	percentage:	0.059
2015-04-07 07:42:17	Processing rows:	300000	Hashtable size:	299999	Memory usage:	92218328	percentage:	0.087
2015-04-07 07:42:17	Processing rows:	400000	Hashtable size:	399999	Memory usage:	119605768	percentage:	0.112
2015-04-07 07:42:18	Processing rows:	500000	Hashtable size:	499999	Memory usage:	146040368	percentage:	0.137
2015-04-07 07:42:19	Processing rows:	600000	Hashtable size:	599999	Memory usage:	172629120	percentage:	0.162
2015-04-07 07:42:20	Processing rows:	700000	Hashtable size:	699999	Memory usage:	199546616	percentage:	0.187
2015-04-07 07:42:21	Processing rows:	800000	Hashtable size:	799999	Memory usage:	226538584	percentage:	0.213
2015-04-07 07:42:21	Processing rows:	900000	Hashtable size:	899999	Memory usage:	252765520	percentage:	0.237
2015-04-07 07:42:22	Processing rows:	1000000	Hashtable size:	999999	Memory usage:	279015064	percentage:	0.262
2015-04-07 07:42:23	Dump the side-table for tag: 1 with group count: 1000000 into file: file:/tmp/root/4b4256c3-ee33-4d7a-834c-763e48da4f07/hive_2015-04-07_07-40-26_314_3302598703643789450-1/-local-10041/HashTable-Stage-12/MapJoin-mapfile121--.hashtable
2015-04-07 07:42:24	Uploaded 1 File to: file:/tmp/root/4b4256c3-ee33-4d7a-834c-763e48da4f07/hive_2015-04-07_07-40-26_314_3302598703643789450-1/-local-10041/HashTable-Stage-12/MapJoin-mapfile121--.hashtable (36652714 bytes)
2015-04-07 07:42:24	Dump the side-table for tag: 1 with group count: 92 into file: file:/tmp/root/4b4256c3-ee33-4d7a-834c-763e48da4f07/hive_2015-04-07_07-40-26_314_3302598703643789450-1/-local-10041/HashTable-Stage-12/MapJoin-mapfile131--.hashtable
2015-04-07 07:42:24	Uploaded 1 File to: file:/tmp/root/4b4256c3-ee33-4d7a-834c-763e48da4f07/hive_2015-04-07_07-40-26_314_3302598703643789450-1/-local-10041/HashTable-Stage-12/MapJoin-mapfile131--.hashtable (2200 bytes)
2015-04-07 07:42:24	End of local task; Time Taken: 14.309 sec.
Execution completed successfully
MapredLocal task succeeded
SLF4J: Class path contains multiple SLF4J bindings.
SLF4J: Found binding in [jar:file:/usr/hdp/2.2.0.0-2041/hadoop/lib/slf4j-log4j12-1.7.5.jar!/org/slf4j/impl/StaticLoggerBinder.class]
SLF4J: Found binding in [jar:file:/usr/hdp/2.2.0.0-2041/hive/lib/hive-jdbc-0.14.0.2.2.0.0-2041-standalone.jar!/org/slf4j/impl/StaticLoggerBinder.class]
SLF4J: See http://www.slf4j.org/codes.html#multiple_bindings for an explanation.
SLF4J: Actual binding is of type [org.slf4j.impl.Log4jLoggerFactory]
15/04/07 07:42:30 WARN conf.HiveConf: HiveConf of name hive.optimize.mapjoin.mapreduce does not exist
15/04/07 07:42:30 WARN conf.HiveConf: HiveConf of name hive.heapsize does not exist
15/04/07 07:42:30 WARN conf.HiveConf: HiveConf of name hive.server2.enable.impersonation does not exist
15/04/07 07:42:30 WARN conf.HiveConf: HiveConf of name hive.auto.convert.sortmerge.join.noconditionaltask does not exist
Execution log at: /tmp/root/root_20150407074040_6c138d8b-13db-4c35-8c35-c455093e7f0e.log
2015-04-07 07:42:31	Starting to launch local task to process map join;	maximum memory = 1065484288
2015-04-07 07:42:38	Processing rows:	200000	Hashtable size:	199999	Memory usage:	63289336	percentage:	0.059
2015-04-07 07:42:39	Processing rows:	300000	Hashtable size:	299999	Memory usage:	92296624	percentage:	0.087
2015-04-07 07:42:40	Processing rows:	400000	Hashtable size:	399999	Memory usage:	119632128	percentage:	0.112
2015-04-07 07:42:41	Processing rows:	500000	Hashtable size:	499999	Memory usage:	146197640	percentage:	0.137
2015-04-07 07:42:41	Processing rows:	600000	Hashtable size:	599999	Memory usage:	172549144	percentage:	0.162
2015-04-07 07:42:42	Processing rows:	700000	Hashtable size:	699999	Memory usage:	199672272	percentage:	0.187
2015-04-07 07:42:43	Processing rows:	800000	Hashtable size:	799999	Memory usage:	226430632	percentage:	0.213
2015-04-07 07:42:43	Processing rows:	900000	Hashtable size:	899999	Memory usage:	252807048	percentage:	0.237
2015-04-07 07:42:45	Processing rows:	1000000	Hashtable size:	999999	Memory usage:	279089568	percentage:	0.262
2015-04-07 07:42:45	Dump the side-table for tag: 1 with group count: 1000000 into file: file:/tmp/root/4b4256c3-ee33-4d7a-834c-763e48da4f07/hive_2015-04-07_07-40-26_314_3302598703643789450-1/-local-10043/HashTable-Stage-2/MapJoin-mapfile141--.hashtable
2015-04-07 07:42:46	Uploaded 1 File to: file:/tmp/root/4b4256c3-ee33-4d7a-834c-763e48da4f07/hive_2015-04-07_07-40-26_314_3302598703643789450-1/-local-10043/HashTable-Stage-2/MapJoin-mapfile141--.hashtable (36652714 bytes)
2015-04-07 07:42:46	Dump the side-table for tag: 1 with group count: 91 into file: file:/tmp/root/4b4256c3-ee33-4d7a-834c-763e48da4f07/hive_2015-04-07_07-40-26_314_3302598703643789450-1/-local-10043/HashTable-Stage-2/MapJoin-mapfile151--.hashtable
2015-04-07 07:42:46	Uploaded 1 File to: file:/tmp/root/4b4256c3-ee33-4d7a-834c-763e48da4f07/hive_2015-04-07_07-40-26_314_3302598703643789450-1/-local-10043/HashTable-Stage-2/MapJoin-mapfile151--.hashtable (2179 bytes)
2015-04-07 07:42:46	End of local task; Time Taken: 14.586 sec.
Execution completed successfully
MapredLocal task succeeded
SLF4J: Class path contains multiple SLF4J bindings.
SLF4J: Found binding in [jar:file:/usr/hdp/2.2.0.0-2041/hadoop/lib/slf4j-log4j12-1.7.5.jar!/org/slf4j/impl/StaticLoggerBinder.class]
SLF4J: Found binding in [jar:file:/usr/hdp/2.2.0.0-2041/hive/lib/hive-jdbc-0.14.0.2.2.0.0-2041-standalone.jar!/org/slf4j/impl/StaticLoggerBinder.class]
SLF4J: See http://www.slf4j.org/codes.html#multiple_bindings for an explanation.
SLF4J: Actual binding is of type [org.slf4j.impl.Log4jLoggerFactory]
15/04/07 07:42:52 WARN conf.HiveConf: HiveConf of name hive.optimize.mapjoin.mapreduce does not exist
15/04/07 07:42:52 WARN conf.HiveConf: HiveConf of name hive.heapsize does not exist
15/04/07 07:42:52 WARN conf.HiveConf: HiveConf of name hive.server2.enable.impersonation does not exist
15/04/07 07:42:52 WARN conf.HiveConf: HiveConf of name hive.auto.convert.sortmerge.join.noconditionaltask does not exist
Execution log at: /tmp/root/root_20150407074040_6c138d8b-13db-4c35-8c35-c455093e7f0e.log
2015-04-07 07:42:53	Starting to launch local task to process map join;	maximum memory = 1065484288
2015-04-07 07:42:59	Processing rows:	200000	Hashtable size:	199999	Memory usage:	63426152	percentage:	0.06
2015-04-07 07:43:00	Processing rows:	300000	Hashtable size:	299999	Memory usage:	92444296	percentage:	0.087
2015-04-07 07:43:02	Processing rows:	400000	Hashtable size:	399999	Memory usage:	117041712	percentage:	0.11
2015-04-07 07:43:02	Processing rows:	500000	Hashtable size:	499999	Memory usage:	148459568	percentage:	0.139
2015-04-07 07:43:03	Processing rows:	600000	Hashtable size:	599999	Memory usage:	175035384	percentage:	0.164
2015-04-07 07:43:04	Processing rows:	700000	Hashtable size:	699999	Memory usage:	201806032	percentage:	0.189
2015-04-07 07:43:05	Processing rows:	800000	Hashtable size:	799999	Memory usage:	228728200	percentage:	0.215
2015-04-07 07:43:06	Processing rows:	900000	Hashtable size:	899999	Memory usage:	251817504	percentage:	0.236
2015-04-07 07:43:06	Processing rows:	1000000	Hashtable size:	999999	Memory usage:	279182496	percentage:	0.262
2015-04-07 07:43:06	Dump the side-table for tag: 1 with group count: 1000000 into file: file:/tmp/root/4b4256c3-ee33-4d7a-834c-763e48da4f07/hive_2015-04-07_07-40-26_314_3302598703643789450-1/-local-10045/HashTable-Stage-20/MapJoin-mapfile161--.hashtable
2015-04-07 07:43:07	Uploaded 1 File to: file:/tmp/root/4b4256c3-ee33-4d7a-834c-763e48da4f07/hive_2015-04-07_07-40-26_314_3302598703643789450-1/-local-10045/HashTable-Stage-20/MapJoin-mapfile161--.hashtable (36652714 bytes)
2015-04-07 07:43:07	Dump the side-table for tag: 1 with group count: 91 into file: file:/tmp/root/4b4256c3-ee33-4d7a-834c-763e48da4f07/hive_2015-04-07_07-40-26_314_3302598703643789450-1/-local-10045/HashTable-Stage-20/MapJoin-mapfile171--.hashtable
2015-04-07 07:43:07	Uploaded 1 File to: file:/tmp/root/4b4256c3-ee33-4d7a-834c-763e48da4f07/hive_2015-04-07_07-40-26_314_3302598703643789450-1/-local-10045/HashTable-Stage-20/MapJoin-mapfile171--.hashtable (2179 bytes)
2015-04-07 07:43:07	End of local task; Time Taken: 14.427 sec.
Execution completed successfully
MapredLocal task succeeded
Launching Job 1 out of 14
Number of reduce tasks not specified. Estimated from input data size: 179
In order to change the average load for a reducer (in bytes):
  set hive.exec.reducers.bytes.per.reducer=<number>
In order to limit the maximum number of reducers:
  set hive.exec.reducers.max=<number>
In order to set a constant number of reducers:
  set mapreduce.job.reduces=<number>
Starting Job = job_1428405026382_0041, Tracking URL = http://f01hn02.hadoop:8088/proxy/application_1428405026382_0041/
Kill Command = /usr/hdp/2.2.0.0-2041/hadoop/bin/hadoop job  -kill job_1428405026382_0041
Hadoop job information for Stage-9: number of mappers: 46; number of reducers: 179
2015-04-07 07:43:25,656 Stage-9 map = 0%,  reduce = 0%
2015-04-07 07:43:34,270 Stage-9 map = 17%,  reduce = 0%, Cumulative CPU 70.75 sec
2015-04-07 07:43:35,329 Stage-9 map = 52%,  reduce = 0%, Cumulative CPU 220.28 sec
2015-04-07 07:43:36,376 Stage-9 map = 93%,  reduce = 0%, Cumulative CPU 452.82 sec
2015-04-07 07:43:37,444 Stage-9 map = 94%,  reduce = 0%, Cumulative CPU 453.4 sec
2015-04-07 07:43:38,511 Stage-9 map = 96%,  reduce = 0%, Cumulative CPU 455.84 sec
2015-04-07 07:43:39,586 Stage-9 map = 97%,  reduce = 0%, Cumulative CPU 462.32 sec
2015-04-07 07:43:41,706 Stage-9 map = 100%,  reduce = 0%, Cumulative CPU 467.89 sec
2015-04-07 07:43:42,756 Stage-9 map = 100%,  reduce = 7%, Cumulative CPU 489.42 sec
2015-04-07 07:43:43,798 Stage-9 map = 100%,  reduce = 29%, Cumulative CPU 565.77 sec
2015-04-07 07:43:44,850 Stage-9 map = 100%,  reduce = 34%, Cumulative CPU 581.53 sec
2015-04-07 07:43:45,902 Stage-9 map = 100%,  reduce = 39%, Cumulative CPU 597.48 sec
2015-04-07 07:43:46,956 Stage-9 map = 100%,  reduce = 47%, Cumulative CPU 622.85 sec
2015-04-07 07:43:48,002 Stage-9 map = 100%,  reduce = 68%, Cumulative CPU 693.94 sec
2015-04-07 07:43:49,069 Stage-9 map = 100%,  reduce = 78%, Cumulative CPU 724.51 sec
2015-04-07 07:43:50,119 Stage-9 map = 100%,  reduce = 93%, Cumulative CPU 772.18 sec
2015-04-07 07:43:51,154 Stage-9 map = 100%,  reduce = 100%, Cumulative CPU 794.73 sec
MapReduce Total cumulative CPU time: 13 minutes 14 seconds 730 msec
Ended Job = job_1428405026382_0041
Launching Job 2 out of 14
Number of reduce tasks not specified. Estimated from input data size: 179
In order to change the average load for a reducer (in bytes):
  set hive.exec.reducers.bytes.per.reducer=<number>
In order to limit the maximum number of reducers:
  set hive.exec.reducers.max=<number>
In order to set a constant number of reducers:
  set mapreduce.job.reduces=<number>
Starting Job = job_1428405026382_0042, Tracking URL = http://f01hn02.hadoop:8088/proxy/application_1428405026382_0042/
Kill Command = /usr/hdp/2.2.0.0-2041/hadoop/bin/hadoop job  -kill job_1428405026382_0042
Hadoop job information for Stage-6: number of mappers: 46; number of reducers: 179
2015-04-07 07:44:06,147 Stage-6 map = 0%,  reduce = 0%
2015-04-07 07:44:14,591 Stage-6 map = 2%,  reduce = 0%, Cumulative CPU 7.3 sec
2015-04-07 07:44:16,707 Stage-6 map = 68%,  reduce = 0%, Cumulative CPU 293.06 sec
2015-04-07 07:44:17,774 Stage-6 map = 92%,  reduce = 0%, Cumulative CPU 472.97 sec
2015-04-07 07:44:18,844 Stage-6 map = 93%,  reduce = 0%, Cumulative CPU 474.36 sec
2015-04-07 07:44:19,920 Stage-6 map = 97%,  reduce = 0%, Cumulative CPU 481.27 sec
2015-04-07 07:44:20,987 Stage-6 map = 98%,  reduce = 0%, Cumulative CPU 489.13 sec
2015-04-07 07:44:22,055 Stage-6 map = 99%,  reduce = 0%, Cumulative CPU 491.02 sec
2015-04-07 07:44:24,171 Stage-6 map = 100%,  reduce = 0%, Cumulative CPU 495.82 sec
2015-04-07 07:44:25,215 Stage-6 map = 100%,  reduce = 1%, Cumulative CPU 499.47 sec
2015-04-07 07:44:26,260 Stage-6 map = 100%,  reduce = 30%, Cumulative CPU 592.48 sec
2015-04-07 07:44:27,304 Stage-6 map = 100%,  reduce = 36%, Cumulative CPU 612.49 sec
2015-04-07 07:44:28,353 Stage-6 map = 100%,  reduce = 41%, Cumulative CPU 630.67 sec
2015-04-07 07:44:29,395 Stage-6 map = 100%,  reduce = 53%, Cumulative CPU 668.63 sec
2015-04-07 07:44:30,437 Stage-6 map = 100%,  reduce = 72%, Cumulative CPU 734.71 sec
2015-04-07 07:44:31,488 Stage-6 map = 100%,  reduce = 83%, Cumulative CPU 769.61 sec
2015-04-07 07:44:32,536 Stage-6 map = 100%,  reduce = 92%, Cumulative CPU 799.24 sec
2015-04-07 07:44:33,599 Stage-6 map = 100%,  reduce = 100%, Cumulative CPU 823.11 sec
MapReduce Total cumulative CPU time: 13 minutes 43 seconds 110 msec
Ended Job = job_1428405026382_0042
Launching Job 3 out of 14
Number of reduce tasks not specified. Estimated from input data size: 68
In order to change the average load for a reducer (in bytes):
  set hive.exec.reducers.bytes.per.reducer=<number>
In order to limit the maximum number of reducers:
  set hive.exec.reducers.max=<number>
In order to set a constant number of reducers:
  set mapreduce.job.reduces=<number>
Starting Job = job_1428405026382_0043, Tracking URL = http://f01hn02.hadoop:8088/proxy/application_1428405026382_0043/
Kill Command = /usr/hdp/2.2.0.0-2041/hadoop/bin/hadoop job  -kill job_1428405026382_0043
Hadoop job information for Stage-15: number of mappers: 18; number of reducers: 68
2015-04-07 07:44:47,328 Stage-15 map = 0%,  reduce = 0%
2015-04-07 07:44:55,792 Stage-15 map = 6%,  reduce = 0%, Cumulative CPU 8.05 sec
2015-04-07 07:44:57,923 Stage-15 map = 54%,  reduce = 0%, Cumulative CPU 128.16 sec
2015-04-07 07:44:58,990 Stage-15 map = 83%,  reduce = 0%, Cumulative CPU 224.65 sec
2015-04-07 07:45:00,055 Stage-15 map = 95%,  reduce = 0%, Cumulative CPU 230.31 sec
2015-04-07 07:45:01,141 Stage-15 map = 100%,  reduce = 0%, Cumulative CPU 234.43 sec
2015-04-07 07:45:02,190 Stage-15 map = 100%,  reduce = 7%, Cumulative CPU 243.7 sec
2015-04-07 07:45:03,236 Stage-15 map = 100%,  reduce = 38%, Cumulative CPU 280.04 sec
2015-04-07 07:45:04,306 Stage-15 map = 100%,  reduce = 53%, Cumulative CPU 297.07 sec
2015-04-07 07:45:05,346 Stage-15 map = 100%,  reduce = 68%, Cumulative CPU 314.13 sec
2015-04-07 07:45:06,405 Stage-15 map = 100%,  reduce = 97%, Cumulative CPU 347.56 sec
2015-04-07 07:45:07,470 Stage-15 map = 100%,  reduce = 100%, Cumulative CPU 350.77 sec
MapReduce Total cumulative CPU time: 5 minutes 50 seconds 770 msec
Ended Job = job_1428405026382_0043
Launching Job 4 out of 14
Number of reduce tasks not specified. Estimated from input data size: 68
In order to change the average load for a reducer (in bytes):
  set hive.exec.reducers.bytes.per.reducer=<number>
In order to limit the maximum number of reducers:
  set hive.exec.reducers.max=<number>
In order to set a constant number of reducers:
  set mapreduce.job.reduces=<number>
Starting Job = job_1428405026382_0044, Tracking URL = http://f01hn02.hadoop:8088/proxy/application_1428405026382_0044/
Kill Command = /usr/hdp/2.2.0.0-2041/hadoop/bin/hadoop job  -kill job_1428405026382_0044
Hadoop job information for Stage-12: number of mappers: 18; number of reducers: 68
2015-04-07 07:45:21,165 Stage-12 map = 0%,  reduce = 0%
2015-04-07 07:45:30,702 Stage-12 map = 11%,  reduce = 0%, Cumulative CPU 18.94 sec
2015-04-07 07:45:31,763 Stage-12 map = 53%,  reduce = 0%, Cumulative CPU 110.0 sec
2015-04-07 07:45:32,819 Stage-12 map = 89%,  reduce = 0%, Cumulative CPU 209.37 sec
2015-04-07 07:45:33,887 Stage-12 map = 92%,  reduce = 0%, Cumulative CPU 211.33 sec
2015-04-07 07:45:36,015 Stage-12 map = 100%,  reduce = 0%, Cumulative CPU 220.62 sec
2015-04-07 07:45:37,085 Stage-12 map = 100%,  reduce = 22%, Cumulative CPU 247.78 sec
2015-04-07 07:45:38,138 Stage-12 map = 100%,  reduce = 53%, Cumulative CPU 283.8 sec
2015-04-07 07:45:39,186 Stage-12 map = 100%,  reduce = 66%, Cumulative CPU 298.89 sec
2015-04-07 07:45:40,254 Stage-12 map = 100%,  reduce = 81%, Cumulative CPU 315.68 sec
2015-04-07 07:45:41,316 Stage-12 map = 100%,  reduce = 100%, Cumulative CPU 337.72 sec
MapReduce Total cumulative CPU time: 5 minutes 37 seconds 720 msec
Ended Job = job_1428405026382_0044
Launching Job 5 out of 14
Number of reduce tasks not specified. Estimated from input data size: 68
In order to change the average load for a reducer (in bytes):
  set hive.exec.reducers.bytes.per.reducer=<number>
In order to limit the maximum number of reducers:
  set hive.exec.reducers.max=<number>
In order to set a constant number of reducers:
  set mapreduce.job.reduces=<number>
Starting Job = job_1428405026382_0045, Tracking URL = http://f01hn02.hadoop:8088/proxy/application_1428405026382_0045/
Kill Command = /usr/hdp/2.2.0.0-2041/hadoop/bin/hadoop job  -kill job_1428405026382_0045
Hadoop job information for Stage-2: number of mappers: 18; number of reducers: 68
2015-04-07 07:45:54,624 Stage-2 map = 0%,  reduce = 0%
2015-04-07 07:46:03,121 Stage-2 map = 6%,  reduce = 0%, Cumulative CPU 8.83 sec
2015-04-07 07:46:04,186 Stage-2 map = 39%,  reduce = 0%, Cumulative CPU 87.24 sec
2015-04-07 07:46:05,258 Stage-2 map = 47%,  reduce = 0%, Cumulative CPU 110.99 sec
2015-04-07 07:46:06,321 Stage-2 map = 91%,  reduce = 0%, Cumulative CPU 220.87 sec
2015-04-07 07:46:07,390 Stage-2 map = 96%,  reduce = 0%, Cumulative CPU 223.66 sec
2015-04-07 07:46:08,450 Stage-2 map = 100%,  reduce = 0%, Cumulative CPU 227.88 sec
2015-04-07 07:46:09,516 Stage-2 map = 100%,  reduce = 10%, Cumulative CPU 240.13 sec
2015-04-07 07:46:10,584 Stage-2 map = 100%,  reduce = 51%, Cumulative CPU 290.54 sec
2015-04-07 07:46:11,624 Stage-2 map = 100%,  reduce = 66%, Cumulative CPU 307.71 sec
2015-04-07 07:46:12,667 Stage-2 map = 100%,  reduce = 82%, Cumulative CPU 326.38 sec
2015-04-07 07:46:13,728 Stage-2 map = 100%,  reduce = 100%, Cumulative CPU 346.15 sec
MapReduce Total cumulative CPU time: 5 minutes 46 seconds 150 msec
Ended Job = job_1428405026382_0045
Launching Job 6 out of 14
Number of reduce tasks not specified. Estimated from input data size: 179
In order to change the average load for a reducer (in bytes):
  set hive.exec.reducers.bytes.per.reducer=<number>
In order to limit the maximum number of reducers:
  set hive.exec.reducers.max=<number>
In order to set a constant number of reducers:
  set mapreduce.job.reduces=<number>
Starting Job = job_1428405026382_0046, Tracking URL = http://f01hn02.hadoop:8088/proxy/application_1428405026382_0046/
Kill Command = /usr/hdp/2.2.0.0-2041/hadoop/bin/hadoop job  -kill job_1428405026382_0046
Hadoop job information for Stage-20: number of mappers: 46; number of reducers: 179
2015-04-07 07:46:27,006 Stage-20 map = 0%,  reduce = 0%
2015-04-07 07:46:35,517 Stage-20 map = 2%,  reduce = 0%, Cumulative CPU 7.75 sec
2015-04-07 07:46:36,581 Stage-20 map = 28%,  reduce = 0%, Cumulative CPU 110.06 sec
2015-04-07 07:46:37,646 Stage-20 map = 59%,  reduce = 0%, Cumulative CPU 239.33 sec
2015-04-07 07:46:38,712 Stage-20 map = 96%,  reduce = 0%, Cumulative CPU 450.96 sec
2015-04-07 07:46:41,921 Stage-20 map = 98%,  reduce = 0%, Cumulative CPU 462.09 sec
2015-04-07 07:46:42,986 Stage-20 map = 99%,  reduce = 0%, Cumulative CPU 463.8 sec
2015-04-07 07:46:44,024 Stage-20 map = 100%,  reduce = 0%, Cumulative CPU 466.41 sec
2015-04-07 07:46:45,097 Stage-20 map = 100%,  reduce = 23%, Cumulative CPU 539.01 sec
2015-04-07 07:46:46,165 Stage-20 map = 100%,  reduce = 34%, Cumulative CPU 577.65 sec
2015-04-07 07:46:47,233 Stage-20 map = 100%,  reduce = 40%, Cumulative CPU 595.59 sec
2015-04-07 07:46:48,271 Stage-20 map = 100%,  reduce = 49%, Cumulative CPU 627.19 sec
2015-04-07 07:46:49,337 Stage-20 map = 100%,  reduce = 67%, Cumulative CPU 686.67 sec
2015-04-07 07:46:50,404 Stage-20 map = 100%,  reduce = 76%, Cumulative CPU 715.57 sec
2015-04-07 07:46:51,468 Stage-20 map = 100%,  reduce = 85%, Cumulative CPU 746.6 sec
2015-04-07 07:46:52,534 Stage-20 map = 100%,  reduce = 98%, Cumulative CPU 786.85 sec
2015-04-07 07:46:53,594 Stage-20 map = 100%,  reduce = 100%, Cumulative CPU 792.12 sec
MapReduce Total cumulative CPU time: 13 minutes 12 seconds 120 msec
Ended Job = job_1428405026382_0046
Stage-48 is selected by condition resolver.
Stage-49 is filtered out by condition resolver.
Stage-50 is filtered out by condition resolver.
Stage-51 is filtered out by condition resolver.
Stage-52 is filtered out by condition resolver.
Stage-53 is filtered out by condition resolver.
Stage-3 is filtered out by condition resolver.
SLF4J: Class path contains multiple SLF4J bindings.
SLF4J: Found binding in [jar:file:/usr/hdp/2.2.0.0-2041/hadoop/lib/slf4j-log4j12-1.7.5.jar!/org/slf4j/impl/StaticLoggerBinder.class]
SLF4J: Found binding in [jar:file:/usr/hdp/2.2.0.0-2041/hive/lib/hive-jdbc-0.14.0.2.2.0.0-2041-standalone.jar!/org/slf4j/impl/StaticLoggerBinder.class]
SLF4J: See http://www.slf4j.org/codes.html#multiple_bindings for an explanation.
SLF4J: Actual binding is of type [org.slf4j.impl.Log4jLoggerFactory]
15/04/07 07:47:00 WARN conf.HiveConf: HiveConf of name hive.optimize.mapjoin.mapreduce does not exist
15/04/07 07:47:00 WARN conf.HiveConf: HiveConf of name hive.heapsize does not exist
15/04/07 07:47:00 WARN conf.HiveConf: HiveConf of name hive.server2.enable.impersonation does not exist
15/04/07 07:47:00 WARN conf.HiveConf: HiveConf of name hive.auto.convert.sortmerge.join.noconditionaltask does not exist
Execution log at: /tmp/root/root_20150407074040_6c138d8b-13db-4c35-8c35-c455093e7f0e.log
2015-04-07 07:47:01	Starting to launch local task to process map join;	maximum memory = 1065484288
2015-04-07 07:47:08	Dump the side-table for tag: 1 with group count: 1847 into file: file:/tmp/root/4b4256c3-ee33-4d7a-834c-763e48da4f07/hive_2015-04-07_07-40-26_314_3302598703643789450-1/-local-10023/HashTable-Stage-29/MapJoin-mapfile01--.hashtable
2015-04-07 07:47:08	Uploaded 1 File to: file:/tmp/root/4b4256c3-ee33-4d7a-834c-763e48da4f07/hive_2015-04-07_07-40-26_314_3302598703643789450-1/-local-10023/HashTable-Stage-29/MapJoin-mapfile01--.hashtable (84213 bytes)
2015-04-07 07:47:08	Dump the side-table for tag: 2 with group count: 1847 into file: file:/tmp/root/4b4256c3-ee33-4d7a-834c-763e48da4f07/hive_2015-04-07_07-40-26_314_3302598703643789450-1/-local-10023/HashTable-Stage-29/MapJoin-mapfile02--.hashtable
2015-04-07 07:47:08	Uploaded 1 File to: file:/tmp/root/4b4256c3-ee33-4d7a-834c-763e48da4f07/hive_2015-04-07_07-40-26_314_3302598703643789450-1/-local-10023/HashTable-Stage-29/MapJoin-mapfile02--.hashtable (84213 bytes)
2015-04-07 07:47:08	Dump the side-table for tag: 3 with group count: 1847 into file: file:/tmp/root/4b4256c3-ee33-4d7a-834c-763e48da4f07/hive_2015-04-07_07-40-26_314_3302598703643789450-1/-local-10023/HashTable-Stage-29/MapJoin-mapfile03--.hashtable
2015-04-07 07:47:08	Uploaded 1 File to: file:/tmp/root/4b4256c3-ee33-4d7a-834c-763e48da4f07/hive_2015-04-07_07-40-26_314_3302598703643789450-1/-local-10023/HashTable-Stage-29/MapJoin-mapfile03--.hashtable (84213 bytes)
2015-04-07 07:47:08	Dump the side-table for tag: 4 with group count: 1847 into file: file:/tmp/root/4b4256c3-ee33-4d7a-834c-763e48da4f07/hive_2015-04-07_07-40-26_314_3302598703643789450-1/-local-10023/HashTable-Stage-29/MapJoin-mapfile04--.hashtable
2015-04-07 07:47:08	Uploaded 1 File to: file:/tmp/root/4b4256c3-ee33-4d7a-834c-763e48da4f07/hive_2015-04-07_07-40-26_314_3302598703643789450-1/-local-10023/HashTable-Stage-29/MapJoin-mapfile04--.hashtable (84213 bytes)
2015-04-07 07:47:08	Dump the side-table for tag: 5 with group count: 1847 into file: file:/tmp/root/4b4256c3-ee33-4d7a-834c-763e48da4f07/hive_2015-04-07_07-40-26_314_3302598703643789450-1/-local-10023/HashTable-Stage-29/MapJoin-mapfile05--.hashtable
2015-04-07 07:47:08	Uploaded 1 File to: file:/tmp/root/4b4256c3-ee33-4d7a-834c-763e48da4f07/hive_2015-04-07_07-40-26_314_3302598703643789450-1/-local-10023/HashTable-Stage-29/MapJoin-mapfile05--.hashtable (84213 bytes)
2015-04-07 07:47:08	End of local task; Time Taken: 7.398 sec.
Execution completed successfully
MapredLocal task succeeded
Launching Job 8 out of 14
Number of reduce tasks is set to 0 since there's no reduce operator
Starting Job = job_1428405026382_0047, Tracking URL = http://f01hn02.hadoop:8088/proxy/application_1428405026382_0047/
Kill Command = /usr/hdp/2.2.0.0-2041/hadoop/bin/hadoop job  -kill job_1428405026382_0047
Hadoop job information for Stage-29: number of mappers: 4; number of reducers: 0
2015-04-07 07:47:14,960 Stage-29 map = 0%,  reduce = 0%
2015-04-07 07:47:20,243 Stage-29 map = 25%,  reduce = 0%, Cumulative CPU 2.31 sec
2015-04-07 07:47:21,305 Stage-29 map = 100%,  reduce = 0%, Cumulative CPU 10.49 sec
MapReduce Total cumulative CPU time: 10 seconds 490 msec
Ended Job = job_1428405026382_0047
Launching Job 9 out of 14
Number of reduce tasks determined at compile time: 1
In order to change the average load for a reducer (in bytes):
  set hive.exec.reducers.bytes.per.reducer=<number>
In order to limit the maximum number of reducers:
  set hive.exec.reducers.max=<number>
In order to set a constant number of reducers:
  set mapreduce.job.reduces=<number>
Starting Job = job_1428405026382_0048, Tracking URL = http://f01hn02.hadoop:8088/proxy/application_1428405026382_0048/
Kill Command = /usr/hdp/2.2.0.0-2041/hadoop/bin/hadoop job  -kill job_1428405026382_0048
Hadoop job information for Stage-4: number of mappers: 2; number of reducers: 1
2015-04-07 07:47:27,380 Stage-4 map = 0%,  reduce = 0%
2015-04-07 07:47:32,721 Stage-4 map = 100%,  reduce = 0%, Cumulative CPU 2.85 sec
2015-04-07 07:47:37,991 Stage-4 map = 100%,  reduce = 100%, Cumulative CPU 4.36 sec
MapReduce Total cumulative CPU time: 4 seconds 360 msec
Ended Job = job_1428405026382_0048
MapReduce Jobs Launched: 
Stage-Stage-9: Map: 46  Reduce: 179   Cumulative CPU: 794.73 sec   HDFS Read: 1162350202 HDFS Write: 98882 SUCCESS
Stage-Stage-6: Map: 46  Reduce: 179   Cumulative CPU: 823.11 sec   HDFS Read: 1162350202 HDFS Write: 98882 SUCCESS
Stage-Stage-15: Map: 18  Reduce: 68   Cumulative CPU: 350.77 sec   HDFS Read: 326951703 HDFS Write: 88226 SUCCESS
Stage-Stage-12: Map: 18  Reduce: 68   Cumulative CPU: 337.72 sec   HDFS Read: 326951703 HDFS Write: 88226 SUCCESS
Stage-Stage-2: Map: 18  Reduce: 68   Cumulative CPU: 346.15 sec   HDFS Read: 326951703 HDFS Write: 88226 SUCCESS
Stage-Stage-20: Map: 46  Reduce: 179   Cumulative CPU: 792.12 sec   HDFS Read: 1162350202 HDFS Write: 98882 SUCCESS
Stage-Stage-29: Map: 4   Cumulative CPU: 10.49 sec   HDFS Read: 146181 HDFS Write: 19095 SUCCESS
Stage-Stage-4: Map: 2  Reduce: 1   Cumulative CPU: 4.36 sec   HDFS Read: 20429 HDFS Write: 27514 SUCCESS
Total MapReduce CPU Time Spent: 57 minutes 39 seconds 450 msec
OK
Judith Basin County	1998	0.823919348794565	0.8143290563091182	2.073515068017421	1.8695212528673748
Barnwell County	1998	0.8587417088457131	0.841237283326775	2.0388754725041918	1.9937279946819015
West Feliciana Parish	1998	0.8719339492655886	0.8414959580959901	2.2849935349600488	1.8979095802367598
Rappahannock County	1998	0.8764317178345707	0.8756511369081424	2.230400851780498	1.8380221753100763
Sandoval County	1998	0.8775811359136441	0.8524340905205751	2.0501071909484283	2.0048962662798964
Burleigh County	1998	0.8783765060193724	0.8668707595748588	2.26984153799746	1.9636257681237932
Amherst County	1998	0.8818709085055677	0.8606207868308755	1.9185318345685793	1.8498961568557046
Troup County	1998	0.893230164948362	0.811092140125012	2.058278482482533	1.936068330438717
Rensselaer County	1998	0.8989358787702049	0.845913726812999	2.5948766106172867	2.162094837098709
Northwest Arctic Borough	1998	0.9041827483394124	0.882894430860251	2.0438702774897064	1.8802083254754625
Anson County	1998	0.9114558411363578	0.9055623448058769	2.305171161479192	2.027189462886855
Maui County	1998	0.9209941675403995	0.9125720413331043	2.0039553534734718	1.847250391269382
Haywood County	1998	0.9211089460571403	0.9125793959798328	2.346561448677593	1.961174611624315
Person County	1998	0.9237563382404658	0.9143417401626099	2.412743010199853	1.9821899984777558
Sawyer County	1998	0.92575609789334	0.8605092876462844	2.3551617305377897	1.9929961409107915
Casey County	1998	0.9305935913952195	0.9299919184073392	2.073629592352769	1.8056068066242652
Callaway County	1998	0.9330975495078963	0.9312637846862463	1.9771022363474509	1.7246318224770067
El Dorado County	1998	0.9344890008073695	0.9011129988374795	1.9603772246459463	1.9588960912501292
Nicollet County	1998	0.9437350795408406	0.9315176388439351	2.332719197274817	2.025054156871048
Rankin County	1998	0.9445525888413936	0.9404922589484349	2.0403635983174224	1.994325126122508
Carver County	1998	0.9472674473061251	0.7770460117979783	2.715704558088741	2.1188703030533738
Colleton County	1998	0.9539766733349636	0.906295330693534	1.8038503844643745	1.780886484993762
Lenoir County	1998	0.9542961708504776	0.9406030780580753	2.024331604963684	1.9826561813337074
Duval County	1998	0.9598866055007651	0.9382694122696537	2.121039371636095	2.0532455672156975
Ouachita Parish	1998	0.9620365682265295	0.9057958876114232	2.8807978723468413	1.8881560991674426
Susquehanna County	1998	0.9624667121430517	0.9572576289801213	1.8455054879513824	1.7865126649830283
Beaufort County	1998	0.9638800243058387	0.9612637054934389	1.861058537924147	1.8595160099964358
Ramsey County	1998	0.9645405589820513	0.9101769540305027	1.882512782574332	1.8414002523903337
McKean County	1998	0.9672574869823973	0.7784463829346656	2.3597915194826573	1.9965656487610661
San Francisco County	1998	0.9684557783945988	0.9499563193742163	2.317641673324033	1.7218479330817067
Floyd County	1998	0.9711541582455054	0.93839230406057	1.8451535715860805	1.8184019646821856
Hood River County	1998	0.972084183280873	0.9575622538231283	2.1446179384717277	1.8885696463753157
Cotton County	1998	0.9734887160053608	0.940308396430077	1.7972357784063222	1.783723439130164
Sutton County	1998	0.9747381549395605	0.8879172892241161	2.4248656810408447	1.89672463000102
Ionia County	1998	0.977961035960822	0.886919966942703	2.229576228365703	2.157967529239212
Lyon County	1998	0.9806510482893697	0.9373469294898199	2.0153773267710764	1.8557866774736778
Fall River County	1998	0.9820314249020957	0.9678143265825265	1.9063950948037975	1.8055356927853274
Montmorency County	1998	0.982608088750383	0.9435805477831747	2.1286485380517246	1.8188144162098008
Hamlin County	1998	0.9830362035728888	0.947845596033908	1.8475196098649485	1.8418366768387506
Hughes County	1998	0.9833690911180502	0.9253157244122736	2.0613100024745363	1.981917835760299
Nodaway County	1998	0.9879175033726378	0.9861945328611095	1.9301959589421747	1.787994250286072
Henry County	1998	0.9918429740934007	0.9759040419521559	1.9188360976997356	1.8763214656172775
Linn County	1998	0.9930640248550925	0.9832663724687708	2.128745573246073	1.8616201753008232
Danville city	1998	0.9950150779099179	0.9432171118915152	2.898192720279572	2.206418532667715
Colfax County	1998	0.9957927092333527	0.9736592936682901	2.004725361263691	1.8781876409580782
Ingham County	1998	0.9962328779606336	0.954641179723145	2.060223678096075	1.9783879642599014
Paulding County	1998	0.9970714155396189	0.9575447745190339	2.221039887303823	2.0090161282914916
Rockingham County	1998	0.9981128898580894	0.9967444789554972	2.0014458023231807	1.8938287137038132
Barry County	1998	0.9984280672120374	0.969065135064062	1.857225044297816	1.7428129611055438
Wapello County	1998	1.0001437969039229	0.936181031031079	2.1956831180760674	1.6994096165664738
Rosebud County	1998	1.003040453419559	0.891214206617934	2.36375077741874	1.7378846238046604
Burleson County	1998	1.0038874206173618	0.9322045418957777	2.194762757988492	2.0560162884992317
Camden County	1998	1.0049461685240118	1.003267813475763	2.1111424274738706	1.9595267225473654
Laurens County	1998	1.0067391234918723	0.9842822062528465	2.1331825585649153	1.7821537141333348
Ouachita County	1998	1.0068695759794868	0.9844847648965822	1.9055869057488766	1.8122855422413384
Lorain County	1998	1.0086315997856534	0.9817822682221893	1.8992702456814465	1.7244708223022132
Franklin Parish	1998	1.0086794509945127	0.8647166460801604	2.2071190596290626	1.8205302652453086
Howard County	1998	1.009324356274839	0.9815717516894801	1.9666424559843814	1.9357041310562366
Fillmore County	1998	1.0138138748526795	0.9353457719971408	2.096042849118164	1.96180423099818
Acadia Parish	1998	1.0168210587304876	0.952864811159775	1.856848243068059	1.808035136031971
Dundy County	1998	1.0176259448265321	0.9015388437160607	2.151235432370933	1.88615478381655
Isabella County	1998	1.0207389522040293	0.9557825507365815	2.129276911056818	1.8077145316660348
Wilkes County	1998	1.0224624414755619	1.0207531910626595	1.8331110345338542	1.7777195422391974
Greenwood County	1998	1.02284821855044	0.9394999891958407	2.0003721143023014	1.7902228389124901
Benzie County	1998	1.0232863725094608	0.9064442383613699	2.135100460880608	1.9407697367072747
Pike County	1998	1.027489184536215	1.0118188185287793	1.9486349634397475	1.8376485621220795
Kearny County	1998	1.0307198706642824	0.9585250114091318	2.14938197545347	1.8638591349858666
Schuyler County	1998	1.0315406195848746	0.9768325354115895	2.0472413556120173	1.8038878289527698
Moffat County	1998	1.0325532106427657	0.9208929200631542	2.368188743214912	1.875491971077711
Klamath County	1998	1.0340523705076308	0.9852599974190861	1.9888275280262657	1.690264655655118
Tripp County	1998	1.0385856113172989	0.9049629154647509	2.2278712312959064	1.949877726444793
Benson County	1998	1.0389889643493226	0.9939379283928139	2.0455523987293014	1.7594861987399237
Mercer County	1998	1.039596064287808	1.0318370717182341	1.8785934408014497	1.772270794656689
Randolph County	1998	1.0402838773040401	0.9887448776865216	1.9727865449444655	1.8534921648701421
Sharkey County	1998	1.041346441647936	0.9318026449512673	2.400950780715636	2.021291632597335
Tucker County	1998	1.0418442172198052	0.9185318947298221	2.1074458548027635	1.9357993751397142
Yakutat Borough	1998	1.044085600020775	0.913663514645701	2.2238322492826845	2.1765389197887264
Hooker County	1998	1.0457539529014719	0.9438200464451081	1.9724303336904316	1.921380036821845
Hudspeth County	1998	1.0462240009921722	0.9348414301482169	2.2215427903739156	1.9076906090175736
Dyer County	1998	1.0493533139252305	1.0253023367546374	2.210191625534908	1.8345994455587993
Pontotoc County	1998	1.0495505572977795	0.9945386470662025	1.9490092559812884	1.9146537700662356
Albany County	1998	1.0520874390231505	1.0103372173631218	1.9402620778064936	1.7140615459876873
Robertson County	1998	1.056703404139664	1.031654093644438	1.877260058729596	1.7885684770386072
Clare County	1998	1.0572287096748298	0.8825484029363804	1.8494832846120455	1.7668945374320801
Albemarle County	1998	1.0576296757101848	1.0046632854300828	2.309625467320157	1.9699110143890364
Bureau County	1998	1.0593933919801934	0.9724237117133503	2.1344352274984444	2.0008997007837266
Sauk County	1998	1.0601729665982056	0.980834116460188	2.1762709974341705	2.078077373702428
Kershaw County	1998	1.0605023666933204	0.9707398652779077	2.0554083445193756	2.0028468793421226
Union County	1998	1.061272640305291	1.0045278924352257	1.8700130845262843	1.866807677501474
Chenango County	1998	1.062201682592666	1.0525758658487896	2.4071003617055347	1.7207114458054402
Rusk County	1998	1.0623337993901627	0.9786245556916442	1.883720313443834	1.772547007055769
Butler County	1998	1.063077068507343	1.0016474908056825	1.8008989593049067	1.7480730078079174
Dunn County	1998	1.0631562622659285	0.9748994397302388	2.045452605751486	1.9770441795354747
Oklahoma County	1998	1.0636733001362162	0.781513154051826	2.2311979701577336	2.0715831530316406
Gray County	1998	1.0650213526610597	1.0060511278979356	2.1445590956468368	1.8930831401634929
Montrose County	1998	1.0655135341961774	1.0436297074900576	1.8929294670413324	1.8529407588471778
Gasconade County	1998	1.0671853890199776	0.8606241036558211	2.1950872222651685	2.048219584873903
Nolan County	1998	1.0675080079358472	1.0056916663890791	2.0495965830952025	1.8019742907104357
Tattnall County	1998	1.0690933936666016	0.794201322509249	1.9318982884870681	1.8402419474011535
Blaine County	1998	1.069167549819507	1.0341935280982748	2.036027271808274	1.7388961930592004
Licking County	1998	1.0693364943127248	1.0654871000551225	2.1743550789600063	1.8221249672286142
Le Flore County	1998	1.0699560977431564	1.0539955593344907	2.335899416331706	1.7895786644378173
Wallowa County	1998	1.0702907956057266	0.9107163504289196	2.184734408448342	2.096235921868399
Frederick County	1998	1.0718004142314062	0.9447051319169357	1.85695439400894	1.820366878232666
Davis County	1998	1.0732713360770283	1.0162156491883274	1.8509495840724572	1.8323146487541053
Phillips County	1998	1.079146793633966	0.9893432617539454	2.0539423733523585	1.8692375626545374
Wilson County	1998	1.0792889229492884	0.9575074853661251	2.2008302884826785	1.9819532207982513
Jay County	1998	1.0805893334413328	1.007583269196069	2.0564157248072528	1.76688921693019
Tift County	1998	1.0809963057222607	0.978683269486612	2.3285847495121144	1.682703813267276
Val Verde County	1998	1.0814436591220977	0.9958860398662238	1.9937737732264844	1.7319473273223962
Sherman County	1998	1.0837825489246717	0.9816475436241501	1.950632588017124	1.9402437058258635
Lowndes County	1998	1.0861372539319034	1.0125500704533195	1.931934543806062	1.7528991160397012
Cowley County	1998	1.0863288566936673	0.9976960958954538	2.009554516899197	1.8733553783198533
Archuleta County	1998	1.0882518889760782	0.9686360405076804	1.7589427040670493	1.7217741626858838
Nelson County	1998	1.0903867506581724	1.0621352124180707	2.1335560051949867	1.8430599993748547
Wilkin County	1998	1.0920764118430266	1.0366473558807479	2.2587631021514323	1.871504569573609
Harnett County	1998	1.0933039002482647	0.9956521878009692	1.9318683143462592	1.7941253497148408
Ontario County	1998	1.0952821346192578	0.8932516132240277	1.9117425046664658	1.6762982289129424
Haskell County	1998	1.095882199587956	1.0559773219135378	1.8415911711244417	1.7454799570572517
Colbert County	1998	1.0974391611721293	1.0575145849259364	1.7807474628425015	1.7649462522428498
Covington city	1998	1.100007816902195	1.0903613452194003	1.8956441358536043	1.5659321768871572
Conejos County	1998	1.1006096472248845	0.8934439392714492	2.047373512597766	1.9951927204467748
Grays Harbor County	1998	1.1007174666143795	0.9593323107635905	1.8719566286142728	1.8528528835854639
Forsyth County	1998	1.101068856400887	0.9451527677217413	2.1283438022855816	1.9190442986336154
Barron County	1998	1.1016838583118997	1.0515328119524538	1.9310093851915695	1.8584132439512113
Aroostook County	1998	1.102021301633778	1.0159092681447188	1.854416642674715	1.743120774258246
Anne Arundel County	1998	1.1032884844572997	0.8686599260343794	2.1041043342652364	1.9262252160797506
Pearl River County	1998	1.105675752731771	0.946198609816912	1.9517929281825837	1.8805197843706176
Harlan County	1998	1.1065500688609056	0.9722903194101746	2.030395310869804	1.927843442131791
Bennett County	1998	1.1084999717113384	1.0691260516640264	1.802677253287444	1.7499980900476497
Dona Ana County	1998	1.1091805452623196	1.0154174611346503	1.8728300446094672	1.7048688579795663
Owen County	1998	1.1097970008834772	1.1011480063034287	1.881906534830349	1.712953380805383
Salem city	1998	1.1111431706732213	0.9912104820597334	2.0939466076952384	1.8208977672186213
Greensville County	1998	1.1112566884231116	0.8556776443712673	2.2102205628187432	2.05414257342495
Yukon-Koyukuk Census Area	1998	1.1123348530651151	1.0786294488254144	1.9103285891609671	1.8968752330694894
Berrien County	1998	1.1123983478968247	0.9774952472236516	1.878964655552754	1.5767234346572239
Brantley County	1998	1.1140271846775012	1.0195980125629174	2.1701408964589928	1.8270948352916132
Chesterfield County	1998	1.1145326231630432	1.0516728842420657	1.8521353550772748	1.70720016511299
Cortland County	1998	1.1158871978135443	0.9647928215431006	2.036424829201915	1.781740917810428
Houston County	1998	1.1174228462456413	1.0880093774042239	1.7948571751768427	1.7256998252420097
Ringgold County	1998	1.1178996036436155	0.8949446885774323	2.1583046510601114	1.7783841072555162
Garfield County	1998	1.1180006541014216	1.098921501356016	1.8309640409487669	1.7821688613163862
Crosby County	1998	1.118267271707661	0.9462325302153806	2.0239231901029444	1.9367496925852519
Prentiss County	1998	1.1188057699376037	1.1084997562013033	2.02343627324867	1.8317972506902156
Woodson County	1998	1.1221963583140668	1.0834825786378584	2.468829635630872	1.8543001021402084
Lapeer County	1998	1.122510416340885	1.0449701124900552	1.7945234982995089	1.7238824567113535
Gentry County	1998	1.123108536169517	1.0425588225462024	2.109787085221322	1.9513366040567326
Brooks County	1998	1.1237996032514672	1.083435200038286	1.931834265085911	1.8144186985589796
Bannock County	1998	1.1238013742650188	0.9481808702524577	2.0375712008307922	1.9727539284814073
Yuba County	1998	1.124211136576907	1.0244261144586846	2.0673798717153495	1.8828953871167706
Bedford County	1998	1.1242457390735623	1.0709327094813956	1.8097868646174502	1.7262596321853307
Powhatan County	1998	1.1248926968882398	1.0415924575733193	2.038269550107402	1.5834778274149883
Nueces County	1998	1.1250338786228746	0.9084566768603355	2.3317859900899016	2.151840517276065
Shawano County	1998	1.1252678079113327	1.1164489930532648	1.986326020716676	1.5958030170074682
Navajo County	1998	1.1270750692041147	1.0098556404333832	2.0736824294020755	1.61838976161773
Rowan County	1998	1.1285571051704053	0.979019720459519	2.0294892082313094	1.931793252469664
Steuben County	1998	1.1303361614920098	1.0765201997273293	2.066350687616352	1.6545060046825675
Laclede County	1998	1.1309768936075193	0.9873119274782922	1.947504481052349	1.930811644998593
Howell County	1998	1.1317273874672136	1.079564940955866	2.3598804022026973	1.7277710232704209
Coos County	1998	1.1318458842123895	1.033212318241303	1.8883604392817228	1.887868327713046
Darlington County	1998	1.1330449941895873	0.996328241851856	2.1979863059793665	1.8634367120165825
Calhoun County	1998	1.1343977378810672	0.9951791325429741	1.8914011393179844	1.845901948209494
Staunton city	1998	1.1361817304129374	1.056615958504923	1.9398184057032675	1.7177120651729658
Kidder County	1998	1.137487240853466	1.0673705122776023	2.0153067340974973	1.8509496952194895
Pocahontas County	1998	1.1381997017396195	0.9986494801338024	1.7736513674857732	1.7727827412472739
Blanco County	1998	1.1382177138293201	1.085279506700267	2.0320330662490314	1.6979203882599916
Smyth County	1998	1.1384877482611833	0.8955484978552127	2.112095219877841	1.8347987953611058
Atkinson County	1998	1.1395478554958747	0.9708259716532347	1.9963650340060715	1.7836535861371712
Pendleton County	1998	1.1398622178676352	0.9664285893082102	2.1810690417038696	1.7724269887022286
Johnston County	1998	1.1453514599952548	1.0153340933838757	2.143141817572744	1.8539309764406817
Penobscot County	1998	1.1459138724997444	1.0372396061947662	1.9940392204285635	1.8945918203303136
Dukes County	1998	1.146130762822245	0.9421832375039272	1.8304310250308167	1.8093078765235222
Iosco County	1998	1.1475335726075409	1.1384864968098578	2.086117173535055	1.8798217842576663
Beltrami County	1998	1.1487251287420412	0.9441140654429031	1.9769559277007882	1.8742888722871371
Allen Parish	1998	1.1491222336977938	1.0536782334762866	2.010444793588094	1.7895671652272318
Grand Isle County	1998	1.1525204648327037	1.0239176885772796	2.8910579299644534	1.8876605378773306
Abbeville County	1998	1.154261831720567	0.8096269766088313	2.382292905915827	1.8518229207925834
Dane County	1998	1.1588558541652274	0.9703178870636684	1.8903287744664112	1.8191347520580075
Minidoka County	1998	1.1607904437858851	0.8467072827957275	2.048242540847203	2.017977319943524
Cambria County	1998	1.1609277623629954	0.9531456993007208	1.9779068576106955	1.9139219394228302
Des Moines County	1998	1.1614750548219699	1.0001951045973818	1.90988030640369	1.8123192770740109
Boundary County	1998	1.1618894265893143	1.067959363697117	2.0230750986667854	1.9308718612746623
Cameron Parish	1998	1.1630109106521598	1.0805165478455478	1.9833350695876621	1.6460190615167816
Keweenaw County	1998	1.1635864535260656	1.146941379236973	2.02588829960959	1.7072597539822871
Stafford County	1998	1.166521471851572	1.0473794305855555	1.8624791144775408	1.7160605764156576
Caddo Parish	1998	1.1698613368188355	1.0814691758791364	1.740592425270893	1.7339797205596121
San Miguel County	1998	1.1701501027619752	0.9473867395927998	2.132276503343056	1.913635170490054
Bee County	1998	1.1711849655728692	0.988257813774103	2.251682151088045	1.774701464808352
Redwood County	1998	1.1756620767251316	1.0579125098352276	2.0348998100353675	1.7916833551282585
Waseca County	1998	1.177294675777032	1.0963923426929287	1.8449037366428218	1.7281395061611433
Salt Lake County	1998	1.1788423975315536	0.9881213027363015	1.7536811866263615	1.7278202769373618
Iredell County	1998	1.1836364392704106	1.04200472218026	2.145280020378511	1.7673530988464783
Gillespie County	1998	1.1841295258017028	0.9455535727642758	2.0703605130910128	1.9985579326483371
Sedgwick County	1998	1.1850302656007836	1.0312213339957268	2.3133272080776353	1.8660665670609782
Hot Springs County	1998	1.1857348719268785	1.074582374309812	1.799125211231124	1.7640652979196676
Cerro Gordo County	1998	1.1904140402704226	1.0989083786788811	2.057425586947787	1.9992079060709445
Hopkins County	1998	1.192700104614719	1.014836181481764	1.8288692128261785	1.682963425166214
Dauphin County	1998	1.1937585836510458	1.0678834023824046	2.2253724652213505	1.7819786709506242
Wharton County	1998	1.193827014722549	0.9982768885138172	1.9989976024252203	1.6802302698667335
Silver Bow County	1998	1.1945913502655663	0.9930717741712779	2.253562405926449	1.8923255747059375
Kendall County	1998	1.1968501591397176	1.0141215068518086	1.766007346267653	1.685361280055591
Josephine County	1998	1.197466820440788	0.925211171712066	1.9301825226600715	1.8142226670694475
San Augustine County	1998	1.1974894666491454	1.1596216195806155	1.9608043334578127	1.7075117427082498
Newport News city	1998	1.2036907661148681	1.0688264821330349	1.9876173106355521	1.7230522553597338
Sheboygan County	1998	1.205598948508555	1.1152373162748175	1.8146139256963552	1.8080315540144174
Jackson Parish	1998	1.2058995159987482	1.0895303712966473	2.058389649085418	1.7164118769221404
Saguache County	1998	1.206223912856776	0.9812682115460715	1.7783674909923983	1.7180471881887638
Suffolk city	1998	1.2068493412359338	1.1408532803193887	1.999446048746211	1.6829173939988649
Panola County	1998	1.21527100857463	1.190849841167797	2.12038453475492	1.745238742237927
Blount County	1998	1.2180873659051588	0.9330373834182714	1.8647668370910806	1.8389942221689743
Cheshire County	1998	1.22062552366833	1.123603430234513	1.989495136150724	1.8033668991787013
Shenandoah County	1998	1.2241466831708252	1.0682153765546303	1.9338798440203624	1.5933484054839866
Frontier County	1998	1.2241638609982435	1.023312287252015	1.8896148890208926	1.856466815311698
Leelanau County	1998	1.2295811342580827	0.9927596643637409	1.977382191721093	1.9396582786546337
De Witt County	1998	1.229938045799315	1.0621902161197965	1.9455876460815729	1.8340801910711926
Clifton Forge city	1998	1.2304321675810992	0.8629327126257884	2.6754040493006306	2.0824458877349987
Cullman County	1998	1.2307964405853793	1.0132058534873372	2.060812469317669	1.7725127867131116
Craig County	1998	1.230906231405306	0.9032902384879791	1.8226634946321822	1.8168710132185815
Bryan County	1998	1.2317077761598967	1.0099861422693486	1.8244632448876574	1.8156367232134083
Columbiana County	1998	1.2341739079775298	1.0468485660908202	1.8462834359947613	1.579781548485639
District of Columbia	1998	1.2345906459200142	1.0811834929296222	1.9920002027305157	1.8610071865641342
Pondera County	1998	1.2350514190482593	1.0282289065342107	1.8155709458287945	1.641863378756549
Deuel County	1998	1.2359240328475392	0.9709487103587423	2.3254541280670415	1.8138191369157648
Loudoun County	1998	1.2363407190096496	0.9973370539038151	1.7165994856815832	1.6452160780818332
Madera County	1998	1.2364124845579385	1.1363064059991486	1.8186643374786604	1.573187595152507
Cottonwood County	1998	1.2371880293975364	1.043681749595696	1.9798709320718966	1.8097002566197342
Waldo County	1998	1.2413098372643072	1.0832258826785301	2.0018476088093156	1.6115693630631627
Gonzales County	1998	1.2414326540847194	1.01903831554771	1.9387210319423138	1.8106402571103823
Green County	1998	1.241556043505631	1.0434141619815545	1.8861822174461145	1.8013973941203596
Walthall County	1998	1.2420540572080567	0.8971896005417682	2.1687032685055456	1.9343395533010266
Anchorage Borough	1998	1.24365917143958	1.158626832657498	1.5700081639179775	1.42673472551021
Alexandria city	1998	1.2443656151435223	0.9153794546821876	1.9787511818560215	1.7350477917741254
Churchill County	1998	1.2491461959746302	1.0162164312390687	1.852082487688943	1.7476796296799673
Fentress County	1998	1.2496241349506465	1.0175309337238019	1.9168252232850336	1.899264347246932
Lander County	1998	1.2503197219961548	0.9132742506547981	1.7796581995804754	1.7193766210036605
Sierra County	1998	1.2539285618917082	1.0831283596310752	1.8327877548771583	1.7448689962269321
Tooele County	1998	1.2551529954625504	0.9774014421544008	1.6480138272013964	1.587195141709022
Highland County	1998	1.255200358322946	1.1498199326898462	1.829707425692081	1.6725164187886865
Unicoi County	1998	1.2624814875632289	1.219510637087505	2.0310008819176364	1.8320297902781968
Bandera County	1998	1.2639227779817157	1.0266805879532295	2.481903539450853	2.1850103009117148
Brooke County	1998	1.265096757608792	1.0345117065930562	2.3993330062605795	2.0228400627825978
Matagorda County	1998	1.2655787207223264	1.1244276049191997	1.8271344192997199	1.7944280903872427
Stephenson County	1998	1.2711814026597548	1.150996119503508	1.9203166005755228	1.91200548304288
Luce County	1998	1.2737915478909638	1.0042375719823036	1.8331384373698791	1.6889827642333537
Kittson County	1998	1.2803864570844716	0.8994953844961608	2.137530185546615	1.9326722762575301
Juab County	1998	1.281309419378025	1.0696142461681086	1.836470118939406	1.8039752722608986
Poweshiek County	1998	1.285024332228626	0.9933933612747277	1.9934608246053023	1.627406688551193
Creek County	1998	1.2855631935355873	1.1617052239071062	1.6467794673578142	1.5775118816522016
Huerfano County	1998	1.2917063145606276	1.0887301844911554	1.7654504838660157	1.600403670208684
Pender County	1998	1.3039365275189332	1.1363346713140898	2.0325189704241917	1.61133224082877
McCulloch County	1998	1.30514748617754	1.0506580438606719	2.0229428896227692	1.7125168068949774
Baylor County	1998	1.306085227436886	1.1030706514090534	1.9442114406334152	1.52800020811418
Marlboro County	1998	1.3088948144933155	0.8884510514128139	2.030842337617081	1.8494606057395773
Siskiyou County	1998	1.3116341912278695	1.1128855169311622	2.133026867399025	2.0914707587811447
Pickaway County	1998	1.315856082379522	1.232546754032914	1.9259498623918982	1.5321969009893375
Garden County	1998	1.3168900501026117	0.8921997735839365	2.061267824819113	1.8241343044694596
Kitsap County	1998	1.3226500443760028	0.9716940348605386	1.967807489212136	1.8845793682136902
Collin County	1998	1.3244511534732895	1.1416763905945566	1.709025814147892	1.6595858549850309
Duplin County	1998	1.3330346121855736	0.9150615121827271	1.800195978341587	1.6590365395100282
Kern County	1998	1.3377876736900285	0.9807495408164355	1.8642417250963006	1.7882869707952158
Chesapeake city	1998	1.3527741772617563	1.0554642104210545	1.9147616987558624	1.8679903360885162
Hunterdon County	1998	1.3599774425874471	1.111346885106058	1.958305304173019	1.703889329356989
Edmonson County	1998	1.3618996920609254	0.964144640761925	1.830850351748836	1.7555598345941983
Brule County	1998	1.3676113219127843	1.1807724899251546	1.8598333453685703	1.5672398480184744
Muskingum County	1998	1.3739325364152926	1.2481912155350652	2.1206283368661567	1.8489283969811636
Bear Lake County	1998	1.3746509515369199	1.019039355568688	1.798334505690468	1.6858534030894685
De Kalb County	1998	1.376210785795449	1.213110285882458	1.5713174577385964	1.4815282112713726
Big Horn County	1998	1.3872759990362626	0.9450603140455358	1.7901425009090384	1.7592173235409314
Virginia Beach city	1998	1.4031825120976902	1.1509254649733174	1.838465834207427	1.7246144381594395
Taos County	1998	1.4104291289525208	0.9761833003991578	2.1895785742132294	1.7234731725776327
Brevard County	1998	1.411911429849256	1.1924488991016167	1.8597963402533755	1.7024552158429798
Mountrail County	1998	1.4133392775276454	0.9986863395576706	1.966977309291247	1.7477134972975472
Scotland County	1998	1.4133536472724577	1.1153296860424324	2.1310168607854427	1.8225810669759193
Hampton County	1998	1.4230826228771793	1.082439050851797	2.0739677192428507	1.6451054483912426
Hayes County	1998	1.4254629718072425	0.9424742291881963	2.1193214980076314	1.8703443164407285
Prince Edward County	1998	1.4280622845671729	0.9551800728432375	1.8731710877709933	1.8725456701991692
Oglethorpe County	1998	1.4347589517298387	1.3215249226764614	1.9069227026982398	1.6432523504798973
Isanti County	1998	1.438278863165549	1.1563767114806738	1.8359298609764214	1.8054116698017906
Seneca County	1998	1.4403938849150781	0.9517422268734835	1.8782060158479847	1.8350352739203097
Leflore County	1998	1.4536225813215042	1.1027788964531906	1.845862551693095	1.6647445092746584
Spink County	1998	1.462981373185198	1.0717096785580416	2.2014744307123424	1.8506221270173278
Love County	1998	1.466857910229467	1.2365953886423455	2.17885998738477	1.802688892065706
Ziebach County	1998	1.49438985555331	0.9892695356178618	1.6582414127016902	1.6560393942125933
Lumpkin County	1998	1.4971026020358058	1.1282928601935653	1.763001299455429	1.7316482101563866
Lehigh County	1998	1.5593006692888998	1.2191759187626168	1.8403500991174553	1.8177609097989587
Eastland County	1998	1.5970863368795647	1.0699207453426656	1.9422943526581002	1.7215741522665569
Coffey County	1998	1.741367402612424	0.9887045724998974	2.0328261103181093	1.9014447727917307
Chouteau County	1998	1.8897044549651894	1.100052226474285	2.1406366091326507	1.8962565003432381
Kankakee County	1998	2.0923388598672163	1.1045790454304691	1.5621774443483198	1.5069288053878667
Time taken: 432.776 seconds, Fetched: 289 row(s)
hive> 