15/04/07 08:19:32 WARN conf.HiveConf: HiveConf of name hive.optimize.mapjoin.mapreduce does not exist
15/04/07 08:19:32 WARN conf.HiveConf: HiveConf of name hive.heapsize does not exist
15/04/07 08:19:32 WARN conf.HiveConf: HiveConf of name hive.server2.enable.impersonation does not exist
15/04/07 08:19:32 WARN conf.HiveConf: HiveConf of name hive.auto.convert.sortmerge.join.noconditionaltask does not exist

Logging initialized using configuration in file:/etc/hive/conf/hive-log4j.properties
SLF4J: Class path contains multiple SLF4J bindings.
SLF4J: Found binding in [jar:file:/usr/hdp/2.2.0.0-2041/hadoop/lib/slf4j-log4j12-1.7.5.jar!/org/slf4j/impl/StaticLoggerBinder.class]
SLF4J: Found binding in [jar:file:/usr/hdp/2.2.0.0-2041/hive/lib/hive-jdbc-0.14.0.2.2.0.0-2041-standalone.jar!/org/slf4j/impl/StaticLoggerBinder.class]
SLF4J: See http://www.slf4j.org/codes.html#multiple_bindings for an explanation.
SLF4J: Actual binding is of type [org.slf4j.impl.Log4jLoggerFactory]
hive> use tpcds_bin_partitioned_orc_100; source query45.sql;
OK
Time taken: 2.874 seconds
Query ID = root_20150407081919_cdf44a42-5206-4867-a846-cdc1f73d8e86
Total jobs = 2
SLF4J: Class path contains multiple SLF4J bindings.
SLF4J: Found binding in [jar:file:/usr/hdp/2.2.0.0-2041/hadoop/lib/slf4j-log4j12-1.7.5.jar!/org/slf4j/impl/StaticLoggerBinder.class]
SLF4J: Found binding in [jar:file:/usr/hdp/2.2.0.0-2041/hive/lib/hive-jdbc-0.14.0.2.2.0.0-2041-standalone.jar!/org/slf4j/impl/StaticLoggerBinder.class]
SLF4J: See http://www.slf4j.org/codes.html#multiple_bindings for an explanation.
SLF4J: Actual binding is of type [org.slf4j.impl.Log4jLoggerFactory]
15/04/07 08:19:59 WARN conf.HiveConf: HiveConf of name hive.optimize.mapjoin.mapreduce does not exist
15/04/07 08:19:59 WARN conf.HiveConf: HiveConf of name hive.heapsize does not exist
15/04/07 08:19:59 WARN conf.HiveConf: HiveConf of name hive.server2.enable.impersonation does not exist
15/04/07 08:19:59 WARN conf.HiveConf: HiveConf of name hive.auto.convert.sortmerge.join.noconditionaltask does not exist
Execution log at: /tmp/root/root_20150407081919_cdf44a42-5206-4867-a846-cdc1f73d8e86.log
2015-04-07 08:20:00	Starting to launch local task to process map join;	maximum memory = 1065484288
2015-04-07 08:20:08	Processing rows:	200000	Hashtable size:	199999	Memory usage:	76530160	percentage:	0.072
2015-04-07 08:20:09	Processing rows:	300000	Hashtable size:	299999	Memory usage:	108003864	percentage:	0.101
2015-04-07 08:20:10	Processing rows:	400000	Hashtable size:	399999	Memory usage:	139662664	percentage:	0.131
2015-04-07 08:20:10	Processing rows:	500000	Hashtable size:	499999	Memory usage:	175274016	percentage:	0.165
2015-04-07 08:20:11	Processing rows:	600000	Hashtable size:	599999	Memory usage:	206481072	percentage:	0.194
2015-04-07 08:20:13	Processing rows:	700000	Hashtable size:	699999	Memory usage:	234830336	percentage:	0.22
2015-04-07 08:20:14	Processing rows:	800000	Hashtable size:	799999	Memory usage:	266078752	percentage:	0.25
2015-04-07 08:20:14	Processing rows:	900000	Hashtable size:	899999	Memory usage:	298537104	percentage:	0.28
2015-04-07 08:20:15	Processing rows:	1000000	Hashtable size:	999999	Memory usage:	329699376	percentage:	0.309
2015-04-07 08:20:17	Processing rows:	200000	Hashtable size:	199999	Memory usage:	388589536	percentage:	0.365
2015-04-07 08:20:18	Processing rows:	200000	Hashtable size:	199999	Memory usage:	441949384	percentage:	0.415
2015-04-07 08:20:20	Processing rows:	300000	Hashtable size:	299999	Memory usage:	453219928	percentage:	0.425
2015-04-07 08:20:20	Processing rows:	400000	Hashtable size:	399999	Memory usage:	475044288	percentage:	0.446
2015-04-07 08:20:20	Processing rows:	500000	Hashtable size:	499999	Memory usage:	499745192	percentage:	0.469
2015-04-07 08:20:20	Processing rows:	600000	Hashtable size:	599999	Memory usage:	526184304	percentage:	0.494
2015-04-07 08:20:22	Processing rows:	700000	Hashtable size:	699999	Memory usage:	548120512	percentage:	0.514
2015-04-07 08:20:22	Processing rows:	800000	Hashtable size:	799999	Memory usage:	572745536	percentage:	0.538
2015-04-07 08:20:22	Processing rows:	900000	Hashtable size:	899999	Memory usage:	602134688	percentage:	0.565
Execution failed with exit status: 3
Obtaining error information

Task failed!
Task ID:
  Stage-16

Logs:

/tmp/root/hive.log
FAILED: Execution Error, return code 3 from org.apache.hadoop.hive.ql.exec.mr.MapredLocalTask
hive> 