15/04/07 16:37:52 WARN conf.HiveConf: HiveConf of name hive.optimize.mapjoin.mapreduce does not exist
15/04/07 16:37:52 WARN conf.HiveConf: HiveConf of name hive.heapsize does not exist
15/04/07 16:37:52 WARN conf.HiveConf: HiveConf of name hive.server2.enable.impersonation does not exist
15/04/07 16:37:52 WARN conf.HiveConf: HiveConf of name hive.auto.convert.sortmerge.join.noconditionaltask does not exist

Logging initialized using configuration in file:/etc/hive/conf/hive-log4j.properties
SLF4J: Class path contains multiple SLF4J bindings.
SLF4J: Found binding in [jar:file:/usr/hdp/2.2.0.0-2041/hadoop/lib/slf4j-log4j12-1.7.5.jar!/org/slf4j/impl/StaticLoggerBinder.class]
SLF4J: Found binding in [jar:file:/usr/hdp/2.2.0.0-2041/hive/lib/hive-jdbc-0.14.0.2.2.0.0-2041-standalone.jar!/org/slf4j/impl/StaticLoggerBinder.class]
SLF4J: See http://www.slf4j.org/codes.html#multiple_bindings for an explanation.
SLF4J: Actual binding is of type [org.slf4j.impl.Log4jLoggerFactory]
hive> use tpcds_bin_partitioned_orc_100; source query96.sql;
OK
Time taken: 3.148 seconds
Query ID = root_20150407163838_28d73984-7d20-4e3d-bacb-740d8f58f4d9
Total jobs = 2
SLF4J: Class path contains multiple SLF4J bindings.
SLF4J: Found binding in [jar:file:/usr/hdp/2.2.0.0-2041/hadoop/lib/slf4j-log4j12-1.7.5.jar!/org/slf4j/impl/StaticLoggerBinder.class]
SLF4J: Found binding in [jar:file:/usr/hdp/2.2.0.0-2041/hive/lib/hive-jdbc-0.14.0.2.2.0.0-2041-standalone.jar!/org/slf4j/impl/StaticLoggerBinder.class]
SLF4J: See http://www.slf4j.org/codes.html#multiple_bindings for an explanation.
SLF4J: Actual binding is of type [org.slf4j.impl.Log4jLoggerFactory]
15/04/07 16:38:19 WARN conf.HiveConf: HiveConf of name hive.optimize.mapjoin.mapreduce does not exist
15/04/07 16:38:19 WARN conf.HiveConf: HiveConf of name hive.heapsize does not exist
15/04/07 16:38:19 WARN conf.HiveConf: HiveConf of name hive.server2.enable.impersonation does not exist
15/04/07 16:38:19 WARN conf.HiveConf: HiveConf of name hive.auto.convert.sortmerge.join.noconditionaltask does not exist
Execution log at: /tmp/root/root_20150407163838_28d73984-7d20-4e3d-bacb-740d8f58f4d9.log
2015-04-07 04:38:20	Starting to launch local task to process map join;	maximum memory = 1065484288
2015-04-07 04:38:25	Dump the side-table for tag: 1 with group count: 55 into file: file:/tmp/root/62e0a25b-961e-4301-a369-d28e0ed0ddcf/hive_2015-04-07_16-38-00_189_6190132910878713162-1/-local-10008/HashTable-Stage-4/MapJoin-mapfile01--.hashtable
2015-04-07 04:38:25	Uploaded 1 File to: file:/tmp/root/62e0a25b-961e-4301-a369-d28e0ed0ddcf/hive_2015-04-07_16-38-00_189_6190132910878713162-1/-local-10008/HashTable-Stage-4/MapJoin-mapfile01--.hashtable (1312 bytes)
2015-04-07 04:38:25	Dump the side-table for tag: 1 with group count: 1800 into file: file:/tmp/root/62e0a25b-961e-4301-a369-d28e0ed0ddcf/hive_2015-04-07_16-38-00_189_6190132910878713162-1/-local-10008/HashTable-Stage-4/MapJoin-mapfile11--.hashtable
2015-04-07 04:38:25	Uploaded 1 File to: file:/tmp/root/62e0a25b-961e-4301-a369-d28e0ed0ddcf/hive_2015-04-07_16-38-00_189_6190132910878713162-1/-local-10008/HashTable-Stage-4/MapJoin-mapfile11--.hashtable (40053 bytes)
2015-04-07 04:38:25	Dump the side-table for tag: 1 with group count: 720 into file: file:/tmp/root/62e0a25b-961e-4301-a369-d28e0ed0ddcf/hive_2015-04-07_16-38-00_189_6190132910878713162-1/-local-10008/HashTable-Stage-4/MapJoin-mapfile21--.hashtable
2015-04-07 04:38:25	Uploaded 1 File to: file:/tmp/root/62e0a25b-961e-4301-a369-d28e0ed0ddcf/hive_2015-04-07_16-38-00_189_6190132910878713162-1/-local-10008/HashTable-Stage-4/MapJoin-mapfile21--.hashtable (14730 bytes)
2015-04-07 04:38:25	End of local task; Time Taken: 4.891 sec.
Execution completed successfully
MapredLocal task succeeded
Launching Job 1 out of 2
Number of reduce tasks determined at compile time: 1
In order to change the average load for a reducer (in bytes):
  set hive.exec.reducers.bytes.per.reducer=<number>
In order to limit the maximum number of reducers:
  set hive.exec.reducers.max=<number>
In order to set a constant number of reducers:
  set mapreduce.job.reduces=<number>
Starting Job = job_1428405026382_0200, Tracking URL = http://f01hn02.hadoop:8088/proxy/application_1428405026382_0200/
Kill Command = /usr/hdp/2.2.0.0-2041/hadoop/bin/hadoop job  -kill job_1428405026382_0200
Hadoop job information for Stage-4: number of mappers: 48; number of reducers: 1
2015-04-07 16:38:45,900 Stage-4 map = 0%,  reduce = 0%
2015-04-07 16:38:52,505 Stage-4 map = 2%,  reduce = 0%, Cumulative CPU 4.22 sec
2015-04-07 16:38:55,737 Stage-4 map = 17%,  reduce = 0%, Cumulative CPU 75.18 sec
2015-04-07 16:38:56,810 Stage-4 map = 74%,  reduce = 0%, Cumulative CPU 304.05 sec
2015-04-07 16:38:57,883 Stage-4 map = 95%,  reduce = 0%, Cumulative CPU 320.91 sec
2015-04-07 16:38:58,960 Stage-4 map = 100%,  reduce = 0%, Cumulative CPU 325.29 sec
2015-04-07 16:39:01,122 Stage-4 map = 100%,  reduce = 100%, Cumulative CPU 327.0 sec
MapReduce Total cumulative CPU time: 5 minutes 27 seconds 0 msec
Ended Job = job_1428405026382_0200
Launching Job 2 out of 2
Number of reduce tasks determined at compile time: 1
In order to change the average load for a reducer (in bytes):
  set hive.exec.reducers.bytes.per.reducer=<number>
In order to limit the maximum number of reducers:
  set hive.exec.reducers.max=<number>
In order to set a constant number of reducers:
  set mapreduce.job.reduces=<number>
Starting Job = job_1428405026382_0201, Tracking URL = http://f01hn02.hadoop:8088/proxy/application_1428405026382_0201/
Kill Command = /usr/hdp/2.2.0.0-2041/hadoop/bin/hadoop job  -kill job_1428405026382_0201
Hadoop job information for Stage-5: number of mappers: 1; number of reducers: 1
2015-04-07 16:39:07,941 Stage-5 map = 0%,  reduce = 0%
2015-04-07 16:39:13,392 Stage-5 map = 100%,  reduce = 0%, Cumulative CPU 1.36 sec
2015-04-07 16:39:18,755 Stage-5 map = 100%,  reduce = 100%, Cumulative CPU 2.83 sec
MapReduce Total cumulative CPU time: 2 seconds 830 msec
Ended Job = job_1428405026382_0201
MapReduce Jobs Launched: 
Stage-Stage-4: Map: 48  Reduce: 1   Cumulative CPU: 327.0 sec   HDFS Read: 764872038 HDFS Write: 117 SUCCESS
Stage-Stage-5: Map: 1  Reduce: 1   Cumulative CPU: 2.83 sec   HDFS Read: 523 HDFS Write: 6 SUCCESS
Total MapReduce CPU Time Spent: 5 minutes 29 seconds 830 msec
OK
70657
Time taken: 79.673 seconds, Fetched: 1 row(s)
hive> 