15/04/07 08:23:15 WARN conf.HiveConf: HiveConf of name hive.optimize.mapjoin.mapreduce does not exist
15/04/07 08:23:15 WARN conf.HiveConf: HiveConf of name hive.heapsize does not exist
15/04/07 08:23:15 WARN conf.HiveConf: HiveConf of name hive.server2.enable.impersonation does not exist
15/04/07 08:23:15 WARN conf.HiveConf: HiveConf of name hive.auto.convert.sortmerge.join.noconditionaltask does not exist

Logging initialized using configuration in file:/etc/hive/conf/hive-log4j.properties
SLF4J: Class path contains multiple SLF4J bindings.
SLF4J: Found binding in [jar:file:/usr/hdp/2.2.0.0-2041/hadoop/lib/slf4j-log4j12-1.7.5.jar!/org/slf4j/impl/StaticLoggerBinder.class]
SLF4J: Found binding in [jar:file:/usr/hdp/2.2.0.0-2041/hive/lib/hive-jdbc-0.14.0.2.2.0.0-2041-standalone.jar!/org/slf4j/impl/StaticLoggerBinder.class]
SLF4J: See http://www.slf4j.org/codes.html#multiple_bindings for an explanation.
SLF4J: Actual binding is of type [org.slf4j.impl.Log4jLoggerFactory]
hive> use tpcds_bin_partitioned_orc_100; source query48.sql;
OK
Time taken: 2.836 seconds
Warning: Map Join MAPJOIN[40][bigTable=?] in task 'Stage-5:MAPRED' is a cross product
Warning: Map Join MAPJOIN[41][bigTable=?] in task 'Stage-5:MAPRED' is a cross product
Query ID = root_20150407082323_8d2824d3-db93-4a70-bbfa-50dcb9619b68
Total jobs = 1
SLF4J: Class path contains multiple SLF4J bindings.
SLF4J: Found binding in [jar:file:/usr/hdp/2.2.0.0-2041/hadoop/lib/slf4j-log4j12-1.7.5.jar!/org/slf4j/impl/StaticLoggerBinder.class]
SLF4J: Found binding in [jar:file:/usr/hdp/2.2.0.0-2041/hive/lib/hive-jdbc-0.14.0.2.2.0.0-2041-standalone.jar!/org/slf4j/impl/StaticLoggerBinder.class]
SLF4J: See http://www.slf4j.org/codes.html#multiple_bindings for an explanation.
SLF4J: Actual binding is of type [org.slf4j.impl.Log4jLoggerFactory]
15/04/07 08:23:42 WARN conf.HiveConf: HiveConf of name hive.optimize.mapjoin.mapreduce does not exist
15/04/07 08:23:42 WARN conf.HiveConf: HiveConf of name hive.heapsize does not exist
15/04/07 08:23:42 WARN conf.HiveConf: HiveConf of name hive.server2.enable.impersonation does not exist
15/04/07 08:23:42 WARN conf.HiveConf: HiveConf of name hive.auto.convert.sortmerge.join.noconditionaltask does not exist
Execution log at: /tmp/root/root_20150407082323_8d2824d3-db93-4a70-bbfa-50dcb9619b68.log
2015-04-07 08:23:43	Starting to launch local task to process map join;	maximum memory = 1065484288
2015-04-07 08:24:05	Dump the side-table for tag: 1 with group count: 365 into file: file:/tmp/root/a4ec1570-ed0f-4160-a86a-8768fad32841/hive_2015-04-07_08-23-22_774_3133758395455127733-1/-local-10008/HashTable-Stage-5/MapJoin-mapfile01--.hashtable
2015-04-07 08:24:05	Uploaded 1 File to: file:/tmp/root/a4ec1570-ed0f-4160-a86a-8768fad32841/hive_2015-04-07_08-23-22_774_3133758395455127733-1/-local-10008/HashTable-Stage-5/MapJoin-mapfile01--.hashtable (7963 bytes)
2015-04-07 08:24:05	Dump the side-table for tag: 1 with group count: 1 into file: file:/tmp/root/a4ec1570-ed0f-4160-a86a-8768fad32841/hive_2015-04-07_08-23-22_774_3133758395455127733-1/-local-10008/HashTable-Stage-5/MapJoin-mapfile11--.hashtable
2015-04-07 08:24:05	Uploaded 1 File to: file:/tmp/root/a4ec1570-ed0f-4160-a86a-8768fad32841/hive_2015-04-07_08-23-22_774_3133758395455127733-1/-local-10008/HashTable-Stage-5/MapJoin-mapfile11--.hashtable (25607274 bytes)
2015-04-07 08:24:05	Dump the side-table for tag: 1 with group count: 1 into file: file:/tmp/root/a4ec1570-ed0f-4160-a86a-8768fad32841/hive_2015-04-07_08-23-22_774_3133758395455127733-1/-local-10008/HashTable-Stage-5/MapJoin-mapfile21--.hashtable
2015-04-07 08:24:06	Uploaded 1 File to: file:/tmp/root/a4ec1570-ed0f-4160-a86a-8768fad32841/hive_2015-04-07_08-23-22_774_3133758395455127733-1/-local-10008/HashTable-Stage-5/MapJoin-mapfile21--.hashtable (41570748 bytes)
2015-04-07 08:24:06	Dump the side-table for tag: 1 with group count: 402 into file: file:/tmp/root/a4ec1570-ed0f-4160-a86a-8768fad32841/hive_2015-04-07_08-23-22_774_3133758395455127733-1/-local-10008/HashTable-Stage-5/MapJoin-mapfile31--.hashtable
2015-04-07 08:24:06	Uploaded 1 File to: file:/tmp/root/a4ec1570-ed0f-4160-a86a-8768fad32841/hive_2015-04-07_08-23-22_774_3133758395455127733-1/-local-10008/HashTable-Stage-5/MapJoin-mapfile31--.hashtable (7956 bytes)
2015-04-07 08:24:06	End of local task; Time Taken: 22.974 sec.
Execution completed successfully
MapredLocal task succeeded
Launching Job 1 out of 1
Number of reduce tasks determined at compile time: 1
In order to change the average load for a reducer (in bytes):
  set hive.exec.reducers.bytes.per.reducer=<number>
In order to limit the maximum number of reducers:
  set hive.exec.reducers.max=<number>
In order to set a constant number of reducers:
  set mapreduce.job.reduces=<number>
Starting Job = job_1428405026382_0072, Tracking URL = http://f01hn02.hadoop:8088/proxy/application_1428405026382_0072/
Kill Command = /usr/hdp/2.2.0.0-2041/hadoop/bin/hadoop job  -kill job_1428405026382_0072
Hadoop job information for Stage-5: number of mappers: 46; number of reducers: 1
2015-04-07 08:24:28,994 Stage-5 map = 0%,  reduce = 0%
2015-04-07 08:25:29,351 Stage-5 map = 0%,  reduce = 0%, Cumulative CPU 2984.75 sec
2015-04-07 08:26:30,367 Stage-5 map = 0%,  reduce = 0%, Cumulative CPU 2984.75 sec
2015-04-07 08:27:31,192 Stage-5 map = 0%,  reduce = 0%, Cumulative CPU 2984.75 sec
2015-04-07 08:28:32,254 Stage-5 map = 0%,  reduce = 0%, Cumulative CPU 2984.75 sec
2015-04-07 08:29:33,102 Stage-5 map = 0%,  reduce = 0%, Cumulative CPU 2984.75 sec
2015-04-07 08:30:33,692 Stage-5 map = 0%,  reduce = 0%, Cumulative CPU 2958.51 sec
2015-04-07 08:31:34,395 Stage-5 map = 0%,  reduce = 0%, Cumulative CPU 3013.6 sec
2015-04-07 08:32:35,096 Stage-5 map = 0%,  reduce = 0%, Cumulative CPU 3013.6 sec
2015-04-07 08:33:35,743 Stage-5 map = 0%,  reduce = 0%, Cumulative CPU 3013.6 sec
2015-04-07 08:34:36,431 Stage-5 map = 0%,  reduce = 0%, Cumulative CPU 3013.6 sec
2015-04-07 08:35:36,992 Stage-5 map = 0%,  reduce = 0%, Cumulative CPU 55.09 sec
2015-04-07 08:36:37,653 Stage-5 map = 0%,  reduce = 0%, Cumulative CPU 3195.51 sec
2015-04-07 08:37:38,198 Stage-5 map = 0%,  reduce = 0%, Cumulative CPU 3195.51 sec
2015-04-07 08:38:39,031 Stage-5 map = 0%,  reduce = 0%, Cumulative CPU 3195.51 sec
2015-04-07 08:39:39,674 Stage-5 map = 0%,  reduce = 0%, Cumulative CPU 3195.51 sec
2015-04-07 08:40:40,199 Stage-5 map = 0%,  reduce = 0%, Cumulative CPU 3195.51 sec
2015-04-07 08:41:40,819 Stage-5 map = 0%,  reduce = 0%, Cumulative CPU 3014.84 sec
2015-04-07 08:42:41,426 Stage-5 map = 0%,  reduce = 0%, Cumulative CPU 3019.89 sec
2015-04-07 08:43:41,975 Stage-5 map = 0%,  reduce = 0%, Cumulative CPU 3019.89 sec
2015-04-07 08:44:42,597 Stage-5 map = 0%,  reduce = 0%, Cumulative CPU 3019.89 sec
2015-04-07 08:45:43,200 Stage-5 map = 0%,  reduce = 0%, Cumulative CPU 3019.89 sec
2015-04-07 08:46:27,684 Stage-5 map = 98%,  reduce = 0%, Cumulative CPU 2894.87 sec
2015-04-07 08:46:28,744 Stage-5 map = 100%,  reduce = 100%
MapReduce Total cumulative CPU time: 48 minutes 14 seconds 870 msec
Ended Job = job_1428405026382_0072 with errors
Error during job, obtaining debugging information...
Examining task ID: task_1428405026382_0072_m_000042 (and more) from job job_1428405026382_0072
Examining task ID: task_1428405026382_0072_m_000010 (and more) from job job_1428405026382_0072
Examining task ID: task_1428405026382_0072_m_000045 (and more) from job job_1428405026382_0072
Examining task ID: task_1428405026382_0072_m_000027 (and more) from job job_1428405026382_0072
Examining task ID: task_1428405026382_0072_m_000030 (and more) from job job_1428405026382_0072
Examining task ID: task_1428405026382_0072_m_000017 (and more) from job job_1428405026382_0072
Examining task ID: task_1428405026382_0072_m_000023 (and more) from job job_1428405026382_0072
Examining task ID: task_1428405026382_0072_m_000033 (and more) from job job_1428405026382_0072
Examining task ID: task_1428405026382_0072_m_000035 (and more) from job job_1428405026382_0072
Examining task ID: task_1428405026382_0072_m_000006 (and more) from job job_1428405026382_0072
Examining task ID: task_1428405026382_0072_m_000007 (and more) from job job_1428405026382_0072
Examining task ID: task_1428405026382_0072_m_000015 (and more) from job job_1428405026382_0072
Examining task ID: task_1428405026382_0072_m_000004 (and more) from job job_1428405026382_0072
Examining task ID: task_1428405026382_0072_m_000041 (and more) from job job_1428405026382_0072

Task with the most failures(4): 
-----
Task ID:
  task_1428405026382_0072_m_000035

URL:
  http://f01hn02.hadoop:8088/taskdetails.jsp?jobid=job_1428405026382_0072&tipid=task_1428405026382_0072_m_000035
-----
Diagnostic Messages for this Task:
AttemptID:attempt_1428405026382_0072_m_000035_3 Timed out after 300 secs

FAILED: Execution Error, return code 2 from org.apache.hadoop.hive.ql.exec.mr.MapRedTask
MapReduce Jobs Launched: 
Stage-Stage-5: Map: 46  Reduce: 1   Cumulative CPU: 2894.87 sec   HDFS Read: 0 HDFS Write: 0 FAIL
Total MapReduce CPU Time Spent: 48 minutes 14 seconds 870 msec
hive> 