15/04/07 16:12:20 WARN conf.HiveConf: HiveConf of name hive.optimize.mapjoin.mapreduce does not exist
15/04/07 16:12:20 WARN conf.HiveConf: HiveConf of name hive.heapsize does not exist
15/04/07 16:12:20 WARN conf.HiveConf: HiveConf of name hive.server2.enable.impersonation does not exist
15/04/07 16:12:20 WARN conf.HiveConf: HiveConf of name hive.auto.convert.sortmerge.join.noconditionaltask does not exist

Logging initialized using configuration in file:/etc/hive/conf/hive-log4j.properties
SLF4J: Class path contains multiple SLF4J bindings.
SLF4J: Found binding in [jar:file:/usr/hdp/2.2.0.0-2041/hadoop/lib/slf4j-log4j12-1.7.5.jar!/org/slf4j/impl/StaticLoggerBinder.class]
SLF4J: Found binding in [jar:file:/usr/hdp/2.2.0.0-2041/hive/lib/hive-jdbc-0.14.0.2.2.0.0-2041-standalone.jar!/org/slf4j/impl/StaticLoggerBinder.class]
SLF4J: See http://www.slf4j.org/codes.html#multiple_bindings for an explanation.
SLF4J: Actual binding is of type [org.slf4j.impl.Log4jLoggerFactory]
hive> use tpcds_bin_partitioned_orc_100; source query93.sql;
OK
Time taken: 2.994 seconds
Query ID = root_20150407161212_35ec2975-6272-4392-8010-cbcb46efe856
Total jobs = 3
Stage-1 is selected by condition resolver.
Launching Job 1 out of 3
Number of reduce tasks not specified. Estimated from input data size: 205
In order to change the average load for a reducer (in bytes):
  set hive.exec.reducers.bytes.per.reducer=<number>
In order to limit the maximum number of reducers:
  set hive.exec.reducers.max=<number>
In order to set a constant number of reducers:
  set mapreduce.job.reduces=<number>
Starting Job = job_1428405026382_0189, Tracking URL = http://f01hn02.hadoop:8088/proxy/application_1428405026382_0189/
Kill Command = /usr/hdp/2.2.0.0-2041/hadoop/bin/hadoop job  -kill job_1428405026382_0189
Hadoop job information for Stage-1: number of mappers: 55; number of reducers: 205
2015-04-07 16:13:10,629 Stage-1 map = 0%,  reduce = 0%
2015-04-07 16:13:19,371 Stage-1 map = 2%,  reduce = 0%, Cumulative CPU 5.94 sec
2015-04-07 16:13:20,412 Stage-1 map = 3%,  reduce = 0%, Cumulative CPU 22.57 sec
2015-04-07 16:13:21,491 Stage-1 map = 24%,  reduce = 0%, Cumulative CPU 465.39 sec
2015-04-07 16:13:23,652 Stage-1 map = 27%,  reduce = 0%, Cumulative CPU 482.26 sec
2015-04-07 16:13:24,733 Stage-1 map = 45%,  reduce = 0%, Cumulative CPU 650.16 sec
2015-04-07 16:13:26,883 Stage-1 map = 51%,  reduce = 0%, Cumulative CPU 698.44 sec
2015-04-07 16:13:27,957 Stage-1 map = 65%,  reduce = 0%, Cumulative CPU 829.8 sec
2015-04-07 16:13:30,100 Stage-1 map = 66%,  reduce = 0%, Cumulative CPU 888.25 sec
2015-04-07 16:13:31,171 Stage-1 map = 67%,  reduce = 0%, Cumulative CPU 997.13 sec
2015-04-07 16:13:33,313 Stage-1 map = 68%,  reduce = 0%, Cumulative CPU 1096.36 sec
2015-04-07 16:13:34,386 Stage-1 map = 69%,  reduce = 0%, Cumulative CPU 1163.73 sec
2015-04-07 16:13:39,742 Stage-1 map = 72%,  reduce = 0%, Cumulative CPU 1495.24 sec
2015-04-07 16:13:40,815 Stage-1 map = 79%,  reduce = 0%, Cumulative CPU 1520.73 sec
2015-04-07 16:13:41,887 Stage-1 map = 90%,  reduce = 1%, Cumulative CPU 1560.82 sec
2015-04-07 16:13:42,969 Stage-1 map = 98%,  reduce = 2%, Cumulative CPU 1614.97 sec
2015-04-07 16:13:44,034 Stage-1 map = 99%,  reduce = 4%, Cumulative CPU 1624.41 sec
2015-04-07 16:13:45,099 Stage-1 map = 99%,  reduce = 6%, Cumulative CPU 1633.07 sec
2015-04-07 16:13:46,168 Stage-1 map = 99%,  reduce = 8%, Cumulative CPU 1649.02 sec
2015-04-07 16:13:47,235 Stage-1 map = 99%,  reduce = 9%, Cumulative CPU 1655.57 sec
2015-04-07 16:13:49,346 Stage-1 map = 99%,  reduce = 10%, Cumulative CPU 1670.77 sec
2015-04-07 16:13:50,387 Stage-1 map = 99%,  reduce = 12%, Cumulative CPU 1681.1 sec
2015-04-07 16:13:51,455 Stage-1 map = 99%,  reduce = 15%, Cumulative CPU 1691.13 sec
2015-04-07 16:13:53,587 Stage-1 map = 99%,  reduce = 17%, Cumulative CPU 1717.03 sec
2015-04-07 16:13:55,727 Stage-1 map = 100%,  reduce = 17%, Cumulative CPU 1737.39 sec
2015-04-07 16:13:56,799 Stage-1 map = 100%,  reduce = 22%, Cumulative CPU 1783.53 sec
2015-04-07 16:13:57,868 Stage-1 map = 100%,  reduce = 27%, Cumulative CPU 1867.37 sec
2015-04-07 16:13:58,937 Stage-1 map = 100%,  reduce = 33%, Cumulative CPU 2045.59 sec
2015-04-07 16:14:00,002 Stage-1 map = 100%,  reduce = 38%, Cumulative CPU 2272.98 sec
2015-04-07 16:14:01,070 Stage-1 map = 100%,  reduce = 44%, Cumulative CPU 2463.81 sec
2015-04-07 16:14:02,136 Stage-1 map = 100%,  reduce = 52%, Cumulative CPU 2681.1 sec
2015-04-07 16:14:03,205 Stage-1 map = 100%,  reduce = 53%, Cumulative CPU 2692.51 sec
2015-04-07 16:14:09,602 Stage-1 map = 100%,  reduce = 55%, Cumulative CPU 2728.57 sec
2015-04-07 16:14:10,669 Stage-1 map = 100%,  reduce = 87%, Cumulative CPU 3330.74 sec
2015-04-07 16:14:11,735 Stage-1 map = 100%,  reduce = 97%, Cumulative CPU 3541.02 sec
2015-04-07 16:14:12,801 Stage-1 map = 100%,  reduce = 100%, Cumulative CPU 3595.29 sec
MapReduce Total cumulative CPU time: 59 minutes 55 seconds 290 msec
Ended Job = job_1428405026382_0189
SLF4J: Class path contains multiple SLF4J bindings.
SLF4J: Found binding in [jar:file:/usr/hdp/2.2.0.0-2041/hadoop/lib/slf4j-log4j12-1.7.5.jar!/org/slf4j/impl/StaticLoggerBinder.class]
SLF4J: Found binding in [jar:file:/usr/hdp/2.2.0.0-2041/hive/lib/hive-jdbc-0.14.0.2.2.0.0-2041-standalone.jar!/org/slf4j/impl/StaticLoggerBinder.class]
SLF4J: See http://www.slf4j.org/codes.html#multiple_bindings for an explanation.
SLF4J: Actual binding is of type [org.slf4j.impl.Log4jLoggerFactory]
15/04/07 16:14:19 WARN conf.HiveConf: HiveConf of name hive.optimize.mapjoin.mapreduce does not exist
15/04/07 16:14:19 WARN conf.HiveConf: HiveConf of name hive.heapsize does not exist
15/04/07 16:14:19 WARN conf.HiveConf: HiveConf of name hive.server2.enable.impersonation does not exist
15/04/07 16:14:19 WARN conf.HiveConf: HiveConf of name hive.auto.convert.sortmerge.join.noconditionaltask does not exist
Execution log at: /tmp/root/root_20150407161212_35ec2975-6272-4392-8010-cbcb46efe856.log
2015-04-07 04:14:20	Starting to launch local task to process map join;	maximum memory = 1065484288
2015-04-07 04:14:23	Dump the side-table for tag: 1 with group count: 1 into file: file:/tmp/root/99d32c89-235f-4e2c-9b64-9e73f29bef7f/hive_2015-04-07_16-12-28_031_2064507823271221378-1/-local-10007/HashTable-Stage-3/MapJoin-mapfile01--.hashtable
2015-04-07 04:14:23	Uploaded 1 File to: file:/tmp/root/99d32c89-235f-4e2c-9b64-9e73f29bef7f/hive_2015-04-07_16-12-28_031_2064507823271221378-1/-local-10007/HashTable-Stage-3/MapJoin-mapfile01--.hashtable (278 bytes)
2015-04-07 04:14:23	End of local task; Time Taken: 3.637 sec.
Execution completed successfully
MapredLocal task succeeded
Launching Job 2 out of 3
Number of reduce tasks not specified. Estimated from input data size: 12
In order to change the average load for a reducer (in bytes):
  set hive.exec.reducers.bytes.per.reducer=<number>
In order to limit the maximum number of reducers:
  set hive.exec.reducers.max=<number>
In order to set a constant number of reducers:
  set mapreduce.job.reduces=<number>
Starting Job = job_1428405026382_0191, Tracking URL = http://f01hn02.hadoop:8088/proxy/application_1428405026382_0191/
Kill Command = /usr/hdp/2.2.0.0-2041/hadoop/bin/hadoop job  -kill job_1428405026382_0191
Hadoop job information for Stage-3: number of mappers: 5; number of reducers: 12
2015-04-07 16:23:06,761 Stage-3 map = 0%,  reduce = 0%
2015-04-07 16:24:06,975 Stage-3 map = 0%,  reduce = 0%
2015-04-07 16:25:07,134 Stage-3 map = 0%,  reduce = 0%
2015-04-07 16:26:07,396 Stage-3 map = 0%,  reduce = 0%
2015-04-07 16:27:07,737 Stage-3 map = 0%,  reduce = 0%
2015-04-07 16:28:07,779 Stage-3 map = 0%,  reduce = 0%
2015-04-07 16:28:30,220 Stage-3 map = 31%,  reduce = 0%, Cumulative CPU 27.03 sec
2015-04-07 16:28:33,409 Stage-3 map = 42%,  reduce = 0%, Cumulative CPU 36.69 sec
2015-04-07 16:28:35,531 Stage-3 map = 51%,  reduce = 0%, Cumulative CPU 38.98 sec
2015-04-07 16:28:36,591 Stage-3 map = 58%,  reduce = 0%, Cumulative CPU 45.24 sec
2015-04-07 16:28:39,770 Stage-3 map = 63%,  reduce = 0%, Cumulative CPU 51.05 sec
2015-04-07 16:28:40,835 Stage-3 map = 63%,  reduce = 11%, Cumulative CPU 54.31 sec
2015-04-07 16:28:41,897 Stage-3 map = 71%,  reduce = 13%, Cumulative CPU 56.68 sec
2015-04-07 16:28:42,964 Stage-3 map = 75%,  reduce = 13%, Cumulative CPU 60.63 sec
2015-04-07 16:28:44,030 Stage-3 map = 75%,  reduce = 20%, Cumulative CPU 61.77 sec
2015-04-07 16:28:45,096 Stage-3 map = 77%,  reduce = 20%, Cumulative CPU 64.05 sec
2015-04-07 16:28:48,286 Stage-3 map = 81%,  reduce = 20%, Cumulative CPU 70.65 sec
2015-04-07 16:28:50,359 Stage-3 map = 89%,  reduce = 23%, Cumulative CPU 73.76 sec
2015-04-07 16:28:51,423 Stage-3 map = 90%,  reduce = 23%, Cumulative CPU 75.1 sec
2015-04-07 16:28:53,546 Stage-3 map = 90%,  reduce = 27%, Cumulative CPU 78.73 sec
2015-04-07 16:28:54,610 Stage-3 map = 92%,  reduce = 27%, Cumulative CPU 80.38 sec
2015-04-07 16:28:56,732 Stage-3 map = 100%,  reduce = 33%, Cumulative CPU 84.12 sec
2015-04-07 16:28:57,793 Stage-3 map = 100%,  reduce = 51%, Cumulative CPU 95.1 sec
2015-04-07 16:28:58,855 Stage-3 map = 100%,  reduce = 100%, Cumulative CPU 118.91 sec
MapReduce Total cumulative CPU time: 1 minutes 58 seconds 910 msec
Ended Job = job_1428405026382_0191
Launching Job 3 out of 3
Number of reduce tasks determined at compile time: 1
In order to change the average load for a reducer (in bytes):
  set hive.exec.reducers.bytes.per.reducer=<number>
In order to limit the maximum number of reducers:
  set hive.exec.reducers.max=<number>
In order to set a constant number of reducers:
  set mapreduce.job.reduces=<number>
Starting Job = job_1428405026382_0192, Tracking URL = http://f01hn02.hadoop:8088/proxy/application_1428405026382_0192/
Kill Command = /usr/hdp/2.2.0.0-2041/hadoop/bin/hadoop job  -kill job_1428405026382_0192
Hadoop job information for Stage-4: number of mappers: 3; number of reducers: 1
2015-04-07 16:29:04,943 Stage-4 map = 0%,  reduce = 0%
2015-04-07 16:29:11,292 Stage-4 map = 100%,  reduce = 0%, Cumulative CPU 10.49 sec
2015-04-07 16:29:16,593 Stage-4 map = 100%,  reduce = 100%, Cumulative CPU 11.94 sec
MapReduce Total cumulative CPU time: 11 seconds 940 msec
Ended Job = job_1428405026382_0192
MapReduce Jobs Launched: 
Stage-Stage-1: Map: 55  Reduce: 205   Cumulative CPU: 3595.29 sec   HDFS Read: 2586428145 HDFS Write: 773014504 SUCCESS
Stage-Stage-3: Map: 5  Reduce: 12   Cumulative CPU: 118.91 sec   HDFS Read: 773068734 HDFS Write: 12359811 SUCCESS
Stage-Stage-4: Map: 3  Reduce: 1   Cumulative CPU: 11.94 sec   HDFS Read: 12363378 HDFS Write: 812 SUCCESS
Total MapReduce CPU Time Spent: 0 days 1 hours 2 minutes 6 seconds 140 msec
OK
16	NULL
122	NULL
150	NULL
440	NULL
473	NULL
721	NULL
750	NULL
751	NULL
1060	NULL
1081	NULL
1110	NULL
1229	NULL
1239	NULL
1259	NULL
1293	NULL
1649	NULL
1662	NULL
1876	NULL
2139	NULL
2231	NULL
2287	NULL
2328	NULL
2633	NULL
2912	NULL
2917	NULL
3105	NULL
3342	NULL
3418	NULL
3598	NULL
3756	NULL
3806	NULL
3919	NULL
4096	NULL
4155	NULL
4168	NULL
4343	NULL
4522	NULL
4983	NULL
5043	NULL
5120	NULL
5194	NULL
5232	NULL
5305	NULL
5416	NULL
5506	NULL
5830	NULL
6028	NULL
6088	NULL
6162	NULL
6370	NULL
6708	NULL
6720	NULL
6761	NULL
6869	NULL
7257	NULL
7351	NULL
7371	NULL
7470	NULL
7550	NULL
7663	NULL
7689	NULL
7744	NULL
7824	NULL
7880	NULL
7890	NULL
7955	NULL
8074	NULL
8639	NULL
8953	NULL
9038	NULL
9139	NULL
9468	NULL
9505	NULL
9703	NULL
9776	NULL
9779	NULL
9853	NULL
9901	NULL
9951	NULL
10424	NULL
10988	NULL
11063	NULL
11202	NULL
11246	NULL
11284	NULL
11564	NULL
11613	NULL
11905	NULL
12257	NULL
12273	NULL
12683	NULL
12702	NULL
12872	NULL
12878	NULL
12951	NULL
13008	NULL
13098	NULL
13144	NULL
13454	NULL
13842	NULL
Time taken: 1009.659 seconds, Fetched: 100 row(s)
hive> 