15/04/07 16:39:23 WARN conf.HiveConf: HiveConf of name hive.optimize.mapjoin.mapreduce does not exist
15/04/07 16:39:23 WARN conf.HiveConf: HiveConf of name hive.heapsize does not exist
15/04/07 16:39:23 WARN conf.HiveConf: HiveConf of name hive.server2.enable.impersonation does not exist
15/04/07 16:39:23 WARN conf.HiveConf: HiveConf of name hive.auto.convert.sortmerge.join.noconditionaltask does not exist

Logging initialized using configuration in file:/etc/hive/conf/hive-log4j.properties
SLF4J: Class path contains multiple SLF4J bindings.
SLF4J: Found binding in [jar:file:/usr/hdp/2.2.0.0-2041/hadoop/lib/slf4j-log4j12-1.7.5.jar!/org/slf4j/impl/StaticLoggerBinder.class]
SLF4J: Found binding in [jar:file:/usr/hdp/2.2.0.0-2041/hive/lib/hive-jdbc-0.14.0.2.2.0.0-2041-standalone.jar!/org/slf4j/impl/StaticLoggerBinder.class]
SLF4J: See http://www.slf4j.org/codes.html#multiple_bindings for an explanation.
SLF4J: Actual binding is of type [org.slf4j.impl.Log4jLoggerFactory]
hive> use tpcds_bin_partitioned_orc_100; source query97.sql;
OK
Time taken: 3.294 seconds
Query ID = root_20150407163939_d2bb2ef4-9ae2-40e5-8f74-545693bc6df5
Total jobs = 4
SLF4J: Class path contains multiple SLF4J bindings.
SLF4J: Found binding in [jar:file:/usr/hdp/2.2.0.0-2041/hadoop/lib/slf4j-log4j12-1.7.5.jar!/org/slf4j/impl/StaticLoggerBinder.class]
SLF4J: Found binding in [jar:file:/usr/hdp/2.2.0.0-2041/hive/lib/hive-jdbc-0.14.0.2.2.0.0-2041-standalone.jar!/org/slf4j/impl/StaticLoggerBinder.class]
SLF4J: See http://www.slf4j.org/codes.html#multiple_bindings for an explanation.
SLF4J: Actual binding is of type [org.slf4j.impl.Log4jLoggerFactory]
15/04/07 16:39:54 WARN conf.HiveConf: HiveConf of name hive.optimize.mapjoin.mapreduce does not exist
15/04/07 16:39:54 WARN conf.HiveConf: HiveConf of name hive.heapsize does not exist
15/04/07 16:39:54 WARN conf.HiveConf: HiveConf of name hive.server2.enable.impersonation does not exist
15/04/07 16:39:54 WARN conf.HiveConf: HiveConf of name hive.auto.convert.sortmerge.join.noconditionaltask does not exist
Execution log at: /tmp/root/root_20150407163939_d2bb2ef4-9ae2-40e5-8f74-545693bc6df5.log
2015-04-07 04:39:55	Starting to launch local task to process map join;	maximum memory = 1065484288
2015-04-07 04:39:59	Dump the side-table for tag: 1 with group count: 366 into file: file:/tmp/root/b0297c0d-cef3-4ec5-b1e3-01d0b23d7107/hive_2015-04-07_16-39-31_178_5946577367531476430-1/-local-10009/HashTable-Stage-2/MapJoin-mapfile01--.hashtable
2015-04-07 04:39:59	Uploaded 1 File to: file:/tmp/root/b0297c0d-cef3-4ec5-b1e3-01d0b23d7107/hive_2015-04-07_16-39-31_178_5946577367531476430-1/-local-10009/HashTable-Stage-2/MapJoin-mapfile01--.hashtable (7984 bytes)
2015-04-07 04:39:59	End of local task; Time Taken: 4.276 sec.
Execution completed successfully
MapredLocal task succeeded
SLF4J: Class path contains multiple SLF4J bindings.
SLF4J: Found binding in [jar:file:/usr/hdp/2.2.0.0-2041/hadoop/lib/slf4j-log4j12-1.7.5.jar!/org/slf4j/impl/StaticLoggerBinder.class]
SLF4J: Found binding in [jar:file:/usr/hdp/2.2.0.0-2041/hive/lib/hive-jdbc-0.14.0.2.2.0.0-2041-standalone.jar!/org/slf4j/impl/StaticLoggerBinder.class]
SLF4J: See http://www.slf4j.org/codes.html#multiple_bindings for an explanation.
SLF4J: Actual binding is of type [org.slf4j.impl.Log4jLoggerFactory]
15/04/07 16:40:07 WARN conf.HiveConf: HiveConf of name hive.optimize.mapjoin.mapreduce does not exist
15/04/07 16:40:07 WARN conf.HiveConf: HiveConf of name hive.heapsize does not exist
15/04/07 16:40:07 WARN conf.HiveConf: HiveConf of name hive.server2.enable.impersonation does not exist
15/04/07 16:40:07 WARN conf.HiveConf: HiveConf of name hive.auto.convert.sortmerge.join.noconditionaltask does not exist
Execution log at: /tmp/root/root_20150407163939_d2bb2ef4-9ae2-40e5-8f74-545693bc6df5.log
2015-04-07 04:40:08	Starting to launch local task to process map join;	maximum memory = 1065484288
2015-04-07 04:40:12	Dump the side-table for tag: 1 with group count: 366 into file: file:/tmp/root/b0297c0d-cef3-4ec5-b1e3-01d0b23d7107/hive_2015-04-07_16-39-31_178_5946577367531476430-1/-local-10011/HashTable-Stage-7/MapJoin-mapfile11--.hashtable
2015-04-07 04:40:12	Uploaded 1 File to: file:/tmp/root/b0297c0d-cef3-4ec5-b1e3-01d0b23d7107/hive_2015-04-07_16-39-31_178_5946577367531476430-1/-local-10011/HashTable-Stage-7/MapJoin-mapfile11--.hashtable (7984 bytes)
2015-04-07 04:40:12	End of local task; Time Taken: 4.106 sec.
Execution completed successfully
MapredLocal task succeeded
Launching Job 1 out of 4
Number of reduce tasks not specified. Estimated from input data size: 126
In order to change the average load for a reducer (in bytes):
  set hive.exec.reducers.bytes.per.reducer=<number>
In order to limit the maximum number of reducers:
  set hive.exec.reducers.max=<number>
In order to set a constant number of reducers:
  set mapreduce.job.reduces=<number>
Starting Job = job_1428405026382_0202, Tracking URL = http://f01hn02.hadoop:8088/proxy/application_1428405026382_0202/
Kill Command = /usr/hdp/2.2.0.0-2041/hadoop/bin/hadoop job  -kill job_1428405026382_0202
Hadoop job information for Stage-2: number of mappers: 33; number of reducers: 126
2015-04-07 16:40:30,570 Stage-2 map = 0%,  reduce = 0%
2015-04-07 16:40:38,156 Stage-2 map = 3%,  reduce = 0%, Cumulative CPU 4.06 sec
2015-04-07 16:40:40,310 Stage-2 map = 21%,  reduce = 0%, Cumulative CPU 35.53 sec
2015-04-07 16:40:41,386 Stage-2 map = 73%,  reduce = 0%, Cumulative CPU 203.06 sec
2015-04-07 16:40:42,474 Stage-2 map = 83%,  reduce = 0%, Cumulative CPU 209.47 sec
2015-04-07 16:40:43,549 Stage-2 map = 84%,  reduce = 0%, Cumulative CPU 215.84 sec
2015-04-07 16:40:44,623 Stage-2 map = 89%,  reduce = 0%, Cumulative CPU 233.01 sec
2015-04-07 16:40:46,776 Stage-2 map = 92%,  reduce = 0%, Cumulative CPU 251.7 sec
2015-04-07 16:40:47,851 Stage-2 map = 93%,  reduce = 0%, Cumulative CPU 257.85 sec
2015-04-07 16:40:51,089 Stage-2 map = 94%,  reduce = 3%, Cumulative CPU 285.82 sec
2015-04-07 16:40:52,162 Stage-2 map = 96%,  reduce = 6%, Cumulative CPU 294.97 sec
2015-04-07 16:40:53,239 Stage-2 map = 96%,  reduce = 8%, Cumulative CPU 311.61 sec
2015-04-07 16:40:54,329 Stage-2 map = 97%,  reduce = 10%, Cumulative CPU 317.97 sec
2015-04-07 16:40:55,403 Stage-2 map = 99%,  reduce = 13%, Cumulative CPU 326.37 sec
2015-04-07 16:40:56,476 Stage-2 map = 100%,  reduce = 15%, Cumulative CPU 334.68 sec
2015-04-07 16:40:57,549 Stage-2 map = 100%,  reduce = 21%, Cumulative CPU 357.43 sec
2015-04-07 16:40:58,621 Stage-2 map = 100%,  reduce = 37%, Cumulative CPU 457.87 sec
2015-04-07 16:40:59,697 Stage-2 map = 100%,  reduce = 83%, Cumulative CPU 835.77 sec
2015-04-07 16:41:00,771 Stage-2 map = 100%,  reduce = 85%, Cumulative CPU 844.35 sec
2015-04-07 16:41:01,817 Stage-2 map = 100%,  reduce = 86%, Cumulative CPU 848.36 sec
2015-04-07 16:41:02,888 Stage-2 map = 100%,  reduce = 87%, Cumulative CPU 852.36 sec
2015-04-07 16:41:03,965 Stage-2 map = 100%,  reduce = 95%, Cumulative CPU 897.52 sec
2015-04-07 16:41:05,032 Stage-2 map = 100%,  reduce = 100%, Cumulative CPU 924.31 sec
MapReduce Total cumulative CPU time: 15 minutes 24 seconds 310 msec
Ended Job = job_1428405026382_0202
Launching Job 2 out of 4
Number of reduce tasks not specified. Estimated from input data size: 185
In order to change the average load for a reducer (in bytes):
  set hive.exec.reducers.bytes.per.reducer=<number>
In order to limit the maximum number of reducers:
  set hive.exec.reducers.max=<number>
In order to set a constant number of reducers:
  set mapreduce.job.reduces=<number>
Starting Job = job_1428405026382_0203, Tracking URL = http://f01hn02.hadoop:8088/proxy/application_1428405026382_0203/
Kill Command = /usr/hdp/2.2.0.0-2041/hadoop/bin/hadoop job  -kill job_1428405026382_0203
Hadoop job information for Stage-7: number of mappers: 48; number of reducers: 185
2015-04-07 16:41:19,313 Stage-7 map = 0%,  reduce = 0%
2015-04-07 16:41:25,987 Stage-7 map = 2%,  reduce = 0%, Cumulative CPU 3.17 sec
2015-04-07 16:41:27,057 Stage-7 map = 4%,  reduce = 0%, Cumulative CPU 7.73 sec
2015-04-07 16:41:28,134 Stage-7 map = 19%,  reduce = 0%, Cumulative CPU 42.36 sec
2015-04-07 16:41:29,207 Stage-7 map = 49%,  reduce = 0%, Cumulative CPU 127.7 sec
2015-04-07 16:41:30,279 Stage-7 map = 79%,  reduce = 0%, Cumulative CPU 293.65 sec
2015-04-07 16:41:31,353 Stage-7 map = 83%,  reduce = 0%, Cumulative CPU 295.86 sec
2015-04-07 16:41:33,504 Stage-7 map = 90%,  reduce = 0%, Cumulative CPU 333.6 sec
2015-04-07 16:41:36,692 Stage-7 map = 93%,  reduce = 0%, Cumulative CPU 365.62 sec
2015-04-07 16:41:38,832 Stage-7 map = 94%,  reduce = 2%, Cumulative CPU 382.89 sec
2015-04-07 16:41:39,908 Stage-7 map = 94%,  reduce = 4%, Cumulative CPU 407.37 sec
2015-04-07 16:41:40,980 Stage-7 map = 94%,  reduce = 6%, Cumulative CPU 411.73 sec
2015-04-07 16:41:42,052 Stage-7 map = 94%,  reduce = 7%, Cumulative CPU 429.9 sec
2015-04-07 16:41:43,124 Stage-7 map = 94%,  reduce = 9%, Cumulative CPU 451.12 sec
2015-04-07 16:41:44,199 Stage-7 map = 94%,  reduce = 10%, Cumulative CPU 455.76 sec
2015-04-07 16:41:45,271 Stage-7 map = 95%,  reduce = 12%, Cumulative CPU 481.33 sec
2015-04-07 16:41:46,342 Stage-7 map = 96%,  reduce = 13%, Cumulative CPU 494.72 sec
2015-04-07 16:41:47,414 Stage-7 map = 97%,  reduce = 14%, Cumulative CPU 501.47 sec
2015-04-07 16:41:48,483 Stage-7 map = 99%,  reduce = 15%, Cumulative CPU 526.59 sec
2015-04-07 16:41:49,556 Stage-7 map = 100%,  reduce = 16%, Cumulative CPU 535.44 sec
2015-04-07 16:41:50,624 Stage-7 map = 100%,  reduce = 18%, Cumulative CPU 549.99 sec
2015-04-07 16:41:51,693 Stage-7 map = 100%,  reduce = 26%, Cumulative CPU 642.94 sec
2015-04-07 16:41:52,768 Stage-7 map = 100%,  reduce = 56%, Cumulative CPU 1063.9 sec
2015-04-07 16:41:54,909 Stage-7 map = 100%,  reduce = 58%, Cumulative CPU 1085.07 sec
2015-04-07 16:41:55,990 Stage-7 map = 100%,  reduce = 59%, Cumulative CPU 1095.06 sec
2015-04-07 16:41:58,135 Stage-7 map = 100%,  reduce = 91%, Cumulative CPU 1390.63 sec
2015-04-07 16:41:59,196 Stage-7 map = 100%,  reduce = 98%, Cumulative CPU 1448.3 sec
2015-04-07 16:42:00,264 Stage-7 map = 100%,  reduce = 100%, Cumulative CPU 1466.34 sec
MapReduce Total cumulative CPU time: 24 minutes 26 seconds 340 msec
Ended Job = job_1428405026382_0203
Launching Job 3 out of 4
Number of reduce tasks not specified. Estimated from input data size: 31
In order to change the average load for a reducer (in bytes):
  set hive.exec.reducers.bytes.per.reducer=<number>
In order to limit the maximum number of reducers:
  set hive.exec.reducers.max=<number>
In order to set a constant number of reducers:
  set mapreduce.job.reduces=<number>
Starting Job = job_1428405026382_0204, Tracking URL = http://f01hn02.hadoop:8088/proxy/application_1428405026382_0204/
Kill Command = /usr/hdp/2.2.0.0-2041/hadoop/bin/hadoop job  -kill job_1428405026382_0204
Hadoop job information for Stage-3: number of mappers: 12; number of reducers: 31
2015-04-07 16:42:07,101 Stage-3 map = 0%,  reduce = 0%
2015-04-07 16:42:16,673 Stage-3 map = 8%,  reduce = 0%, Cumulative CPU 6.01 sec
2015-04-07 16:42:17,712 Stage-3 map = 17%,  reduce = 0%, Cumulative CPU 13.88 sec
2015-04-07 16:42:18,785 Stage-3 map = 33%,  reduce = 0%, Cumulative CPU 95.55 sec
2015-04-07 16:42:20,884 Stage-3 map = 36%,  reduce = 0%, Cumulative CPU 98.56 sec
2015-04-07 16:42:21,949 Stage-3 map = 45%,  reduce = 0%, Cumulative CPU 130.83 sec
2015-04-07 16:42:24,088 Stage-3 map = 49%,  reduce = 0%, Cumulative CPU 138.33 sec
2015-04-07 16:42:25,152 Stage-3 map = 53%,  reduce = 0%, Cumulative CPU 163.81 sec
2015-04-07 16:42:27,283 Stage-3 map = 60%,  reduce = 3%, Cumulative CPU 192.16 sec
2015-04-07 16:42:28,350 Stage-3 map = 61%,  reduce = 5%, Cumulative CPU 202.38 sec
2015-04-07 16:42:29,421 Stage-3 map = 63%,  reduce = 8%, Cumulative CPU 207.41 sec
2015-04-07 16:42:30,488 Stage-3 map = 70%,  reduce = 9%, Cumulative CPU 239.08 sec
2015-04-07 16:42:31,556 Stage-3 map = 70%,  reduce = 10%, Cumulative CPU 239.89 sec
2015-04-07 16:42:32,622 Stage-3 map = 70%,  reduce = 11%, Cumulative CPU 240.69 sec
2015-04-07 16:42:33,688 Stage-3 map = 75%,  reduce = 11%, Cumulative CPU 271.22 sec
2015-04-07 16:42:36,888 Stage-3 map = 81%,  reduce = 11%, Cumulative CPU 302.21 sec
2015-04-07 16:42:37,956 Stage-3 map = 81%,  reduce = 12%, Cumulative CPU 303.68 sec
2015-04-07 16:42:39,021 Stage-3 map = 81%,  reduce = 13%, Cumulative CPU 305.24 sec
2015-04-07 16:42:40,089 Stage-3 map = 81%,  reduce = 14%, Cumulative CPU 331.77 sec
2015-04-07 16:42:42,194 Stage-3 map = 83%,  reduce = 14%, Cumulative CPU 337.19 sec
2015-04-07 16:42:43,259 Stage-3 map = 83%,  reduce = 16%, Cumulative CPU 359.0 sec
2015-04-07 16:42:45,391 Stage-3 map = 83%,  reduce = 17%, Cumulative CPU 360.89 sec
2015-04-07 16:42:50,708 Stage-3 map = 89%,  reduce = 17%, Cumulative CPU 408.23 sec
2015-04-07 16:42:51,772 Stage-3 map = 89%,  reduce = 19%, Cumulative CPU 418.98 sec
2015-04-07 16:42:52,834 Stage-3 map = 97%,  reduce = 20%, Cumulative CPU 424.82 sec
2015-04-07 16:42:53,898 Stage-3 map = 100%,  reduce = 24%, Cumulative CPU 427.06 sec
2015-04-07 16:42:54,961 Stage-3 map = 100%,  reduce = 91%, Cumulative CPU 477.12 sec
2015-04-07 16:42:56,027 Stage-3 map = 100%,  reduce = 98%, Cumulative CPU 483.16 sec
2015-04-07 16:43:32,401 Stage-3 map = 100%,  reduce = 99%, Cumulative CPU 525.58 sec
2015-04-07 16:44:32,887 Stage-3 map = 100%,  reduce = 99%, Cumulative CPU 593.51 sec
2015-04-07 16:45:33,532 Stage-3 map = 100%,  reduce = 99%, Cumulative CPU 660.99 sec
2015-04-07 16:46:33,895 Stage-3 map = 100%,  reduce = 99%, Cumulative CPU 728.45 sec
2015-04-07 16:46:48,754 Stage-3 map = 100%,  reduce = 100%, Cumulative CPU 744.31 sec
MapReduce Total cumulative CPU time: 12 minutes 24 seconds 310 msec
Ended Job = job_1428405026382_0204
Launching Job 4 out of 4
Number of reduce tasks determined at compile time: 1
In order to change the average load for a reducer (in bytes):
  set hive.exec.reducers.bytes.per.reducer=<number>
In order to limit the maximum number of reducers:
  set hive.exec.reducers.max=<number>
In order to set a constant number of reducers:
  set mapreduce.job.reduces=<number>
Starting Job = job_1428405026382_0205, Tracking URL = http://f01hn02.hadoop:8088/proxy/application_1428405026382_0205/
Kill Command = /usr/hdp/2.2.0.0-2041/hadoop/bin/hadoop job  -kill job_1428405026382_0205
Hadoop job information for Stage-4: number of mappers: 4; number of reducers: 1
2015-04-07 16:46:55,578 Stage-4 map = 0%,  reduce = 0%
2015-04-07 16:47:00,972 Stage-4 map = 100%,  reduce = 0%, Cumulative CPU 5.36 sec
2015-04-07 16:47:06,306 Stage-4 map = 100%,  reduce = 100%, Cumulative CPU 6.85 sec
MapReduce Total cumulative CPU time: 6 seconds 850 msec
Ended Job = job_1428405026382_0205
MapReduce Jobs Launched: 
Stage-Stage-2: Map: 33  Reduce: 126   Cumulative CPU: 924.31 sec   HDFS Read: 456809872 HDFS Write: 710359576 SUCCESS
Stage-Stage-7: Map: 48  Reduce: 185   Cumulative CPU: 1466.34 sec   HDFS Read: 1043589823 HDFS Write: 1343230823 SUCCESS
Stage-Stage-3: Map: 12  Reduce: 31   Cumulative CPU: 744.31 sec   HDFS Read: 2053673310 HDFS Write: 3516 SUCCESS
Stage-Stage-4: Map: 4  Reduce: 1   Cumulative CPU: 6.85 sec   HDFS Read: 12187 HDFS Write: 23 SUCCESS
Total MapReduce CPU Time Spent: 52 minutes 21 seconds 810 msec
OK
53849272	28489335	6612
Time taken: 456.227 seconds, Fetched: 1 row(s)
hive> 