15/04/07 08:46:50 WARN conf.HiveConf: HiveConf of name hive.optimize.mapjoin.mapreduce does not exist
15/04/07 08:46:50 WARN conf.HiveConf: HiveConf of name hive.heapsize does not exist
15/04/07 08:46:50 WARN conf.HiveConf: HiveConf of name hive.server2.enable.impersonation does not exist
15/04/07 08:46:50 WARN conf.HiveConf: HiveConf of name hive.auto.convert.sortmerge.join.noconditionaltask does not exist

Logging initialized using configuration in file:/etc/hive/conf/hive-log4j.properties
SLF4J: Class path contains multiple SLF4J bindings.
SLF4J: Found binding in [jar:file:/usr/hdp/2.2.0.0-2041/hadoop/lib/slf4j-log4j12-1.7.5.jar!/org/slf4j/impl/StaticLoggerBinder.class]
SLF4J: Found binding in [jar:file:/usr/hdp/2.2.0.0-2041/hive/lib/hive-jdbc-0.14.0.2.2.0.0-2041-standalone.jar!/org/slf4j/impl/StaticLoggerBinder.class]
SLF4J: See http://www.slf4j.org/codes.html#multiple_bindings for an explanation.
SLF4J: Actual binding is of type [org.slf4j.impl.Log4jLoggerFactory]
hive> use tpcds_bin_partitioned_orc_100; source query50.sql;
OK
Time taken: 3.135 seconds
Query ID = root_20150407084646_8fff6cbc-31c5-48ce-bdfc-7810cdc9c6a2
Total jobs = 3
Stage-7 is selected by condition resolver.
Launching Job 1 out of 3
Number of reduce tasks not specified. Estimated from input data size: 199
In order to change the average load for a reducer (in bytes):
  set hive.exec.reducers.bytes.per.reducer=<number>
In order to limit the maximum number of reducers:
  set hive.exec.reducers.max=<number>
In order to set a constant number of reducers:
  set mapreduce.job.reduces=<number>
Starting Job = job_1428405026382_0073, Tracking URL = http://f01hn02.hadoop:8088/proxy/application_1428405026382_0073/
Kill Command = /usr/hdp/2.2.0.0-2041/hadoop/bin/hadoop job  -kill job_1428405026382_0073
Hadoop job information for Stage-7: number of mappers: 53; number of reducers: 199
2015-04-07 08:47:42,135 Stage-7 map = 0%,  reduce = 0%
2015-04-07 08:47:51,881 Stage-7 map = 4%,  reduce = 0%, Cumulative CPU 51.2 sec
2015-04-07 08:47:52,965 Stage-7 map = 19%,  reduce = 0%, Cumulative CPU 455.38 sec
2015-04-07 08:47:55,116 Stage-7 map = 23%,  reduce = 0%, Cumulative CPU 495.24 sec
2015-04-07 08:47:56,195 Stage-7 map = 37%,  reduce = 0%, Cumulative CPU 635.33 sec
2015-04-07 08:47:58,344 Stage-7 map = 41%,  reduce = 0%, Cumulative CPU 675.29 sec
2015-04-07 08:47:59,420 Stage-7 map = 54%,  reduce = 0%, Cumulative CPU 816.65 sec
2015-04-07 08:48:01,561 Stage-7 map = 59%,  reduce = 0%, Cumulative CPU 885.05 sec
2015-04-07 08:48:02,629 Stage-7 map = 68%,  reduce = 0%, Cumulative CPU 983.96 sec
2015-04-07 08:48:05,832 Stage-7 map = 69%,  reduce = 0%, Cumulative CPU 1148.25 sec
2015-04-07 08:48:13,300 Stage-7 map = 74%,  reduce = 0%, Cumulative CPU 1487.19 sec
2015-04-07 08:48:14,362 Stage-7 map = 83%,  reduce = 0%, Cumulative CPU 1612.76 sec
2015-04-07 08:48:15,427 Stage-7 map = 95%,  reduce = 0%, Cumulative CPU 1637.68 sec
2015-04-07 08:48:16,508 Stage-7 map = 100%,  reduce = 0%, Cumulative CPU 1653.87 sec
2015-04-07 08:48:17,589 Stage-7 map = 100%,  reduce = 2%, Cumulative CPU 1658.31 sec
2015-04-07 08:48:18,654 Stage-7 map = 100%,  reduce = 3%, Cumulative CPU 1664.25 sec
2015-04-07 08:48:19,720 Stage-7 map = 100%,  reduce = 5%, Cumulative CPU 1680.07 sec
2015-04-07 08:48:20,785 Stage-7 map = 100%,  reduce = 9%, Cumulative CPU 1725.6 sec
2015-04-07 08:48:21,855 Stage-7 map = 100%,  reduce = 14%, Cumulative CPU 1806.53 sec
2015-04-07 08:48:22,921 Stage-7 map = 100%,  reduce = 22%, Cumulative CPU 1962.48 sec
2015-04-07 08:48:23,989 Stage-7 map = 100%,  reduce = 37%, Cumulative CPU 2210.97 sec
2015-04-07 08:48:25,076 Stage-7 map = 100%,  reduce = 50%, Cumulative CPU 2418.18 sec
2015-04-07 08:48:26,142 Stage-7 map = 100%,  reduce = 54%, Cumulative CPU 2485.62 sec
2015-04-07 08:48:27,213 Stage-7 map = 100%,  reduce = 55%, Cumulative CPU 2493.21 sec
2015-04-07 08:48:31,462 Stage-7 map = 100%,  reduce = 65%, Cumulative CPU 2651.62 sec
2015-04-07 08:48:32,504 Stage-7 map = 100%,  reduce = 87%, Cumulative CPU 2990.11 sec
2015-04-07 08:48:33,551 Stage-7 map = 100%,  reduce = 98%, Cumulative CPU 3147.42 sec
2015-04-07 08:48:34,614 Stage-7 map = 100%,  reduce = 100%, Cumulative CPU 3176.39 sec
MapReduce Total cumulative CPU time: 52 minutes 56 seconds 390 msec
Ended Job = job_1428405026382_0073
SLF4J: Class path contains multiple SLF4J bindings.
SLF4J: Found binding in [jar:file:/usr/hdp/2.2.0.0-2041/hadoop/lib/slf4j-log4j12-1.7.5.jar!/org/slf4j/impl/StaticLoggerBinder.class]
SLF4J: Found binding in [jar:file:/usr/hdp/2.2.0.0-2041/hive/lib/hive-jdbc-0.14.0.2.2.0.0-2041-standalone.jar!/org/slf4j/impl/StaticLoggerBinder.class]
SLF4J: See http://www.slf4j.org/codes.html#multiple_bindings for an explanation.
SLF4J: Actual binding is of type [org.slf4j.impl.Log4jLoggerFactory]
15/04/07 08:48:41 WARN conf.HiveConf: HiveConf of name hive.optimize.mapjoin.mapreduce does not exist
15/04/07 08:48:41 WARN conf.HiveConf: HiveConf of name hive.heapsize does not exist
15/04/07 08:48:41 WARN conf.HiveConf: HiveConf of name hive.server2.enable.impersonation does not exist
15/04/07 08:48:41 WARN conf.HiveConf: HiveConf of name hive.auto.convert.sortmerge.join.noconditionaltask does not exist
Execution log at: /tmp/root/root_20150407084646_8fff6cbc-31c5-48ce-bdfc-7810cdc9c6a2.log
2015-04-07 08:48:42	Starting to launch local task to process map join;	maximum memory = 1065484288
2015-04-07 08:48:47	Dump the side-table for tag: 1 with group count: 30 into file: file:/tmp/root/40b3a3ce-ae5c-47fd-894a-f05b5756a1c6/hive_2015-04-07_08-46-58_225_434880363786102336-1/-local-10009/HashTable-Stage-3/MapJoin-mapfile01--.hashtable
2015-04-07 08:48:47	Uploaded 1 File to: file:/tmp/root/40b3a3ce-ae5c-47fd-894a-f05b5756a1c6/hive_2015-04-07_08-46-58_225_434880363786102336-1/-local-10009/HashTable-Stage-3/MapJoin-mapfile01--.hashtable (893 bytes)
2015-04-07 08:48:47	Dump the side-table for tag: 1 with group count: 73049 into file: file:/tmp/root/40b3a3ce-ae5c-47fd-894a-f05b5756a1c6/hive_2015-04-07_08-46-58_225_434880363786102336-1/-local-10009/HashTable-Stage-3/MapJoin-mapfile11--.hashtable
2015-04-07 08:48:47	Uploaded 1 File to: file:/tmp/root/40b3a3ce-ae5c-47fd-894a-f05b5756a1c6/hive_2015-04-07_08-46-58_225_434880363786102336-1/-local-10009/HashTable-Stage-3/MapJoin-mapfile11--.hashtable (1541779 bytes)
2015-04-07 08:48:47	Dump the side-table for tag: 1 with group count: 402 into file: file:/tmp/root/40b3a3ce-ae5c-47fd-894a-f05b5756a1c6/hive_2015-04-07_08-46-58_225_434880363786102336-1/-local-10009/HashTable-Stage-3/MapJoin-mapfile21--.hashtable
2015-04-07 08:48:47	Uploaded 1 File to: file:/tmp/root/40b3a3ce-ae5c-47fd-894a-f05b5756a1c6/hive_2015-04-07_08-46-58_225_434880363786102336-1/-local-10009/HashTable-Stage-3/MapJoin-mapfile21--.hashtable (35959 bytes)
2015-04-07 08:48:47	End of local task; Time Taken: 5.383 sec.
Execution completed successfully
MapredLocal task succeeded
Launching Job 2 out of 3
Number of reduce tasks not specified. Estimated from input data size: 16
In order to change the average load for a reducer (in bytes):
  set hive.exec.reducers.bytes.per.reducer=<number>
In order to limit the maximum number of reducers:
  set hive.exec.reducers.max=<number>
In order to set a constant number of reducers:
  set mapreduce.job.reduces=<number>
Starting Job = job_1428405026382_0074, Tracking URL = http://f01hn02.hadoop:8088/proxy/application_1428405026382_0074/
Kill Command = /usr/hdp/2.2.0.0-2041/hadoop/bin/hadoop job  -kill job_1428405026382_0074
Hadoop job information for Stage-3: number of mappers: 6; number of reducers: 16
2015-04-07 08:48:53,851 Stage-3 map = 0%,  reduce = 0%
2015-04-07 08:49:02,427 Stage-3 map = 17%,  reduce = 0%, Cumulative CPU 6.33 sec
2015-04-07 08:49:04,559 Stage-3 map = 27%,  reduce = 0%, Cumulative CPU 47.75 sec
2015-04-07 08:49:07,759 Stage-3 map = 35%,  reduce = 0%, Cumulative CPU 65.06 sec
2015-04-07 08:49:09,887 Stage-3 map = 45%,  reduce = 0%, Cumulative CPU 70.92 sec
2015-04-07 08:49:10,955 Stage-3 map = 49%,  reduce = 0%, Cumulative CPU 81.51 sec
2015-04-07 08:49:13,081 Stage-3 map = 55%,  reduce = 1%, Cumulative CPU 95.63 sec
2015-04-07 08:49:14,151 Stage-3 map = 55%,  reduce = 11%, Cumulative CPU 99.97 sec
2015-04-07 08:49:16,284 Stage-3 map = 60%,  reduce = 11%, Cumulative CPU 114.32 sec
2015-04-07 08:49:19,462 Stage-3 map = 66%,  reduce = 11%, Cumulative CPU 130.23 sec
2015-04-07 08:49:20,529 Stage-3 map = 72%,  reduce = 11%, Cumulative CPU 133.26 sec
2015-04-07 08:49:22,663 Stage-3 map = 76%,  reduce = 15%, Cumulative CPU 144.76 sec
2015-04-07 08:49:23,729 Stage-3 map = 76%,  reduce = 17%, Cumulative CPU 145.5 sec
2015-04-07 08:49:25,859 Stage-3 map = 80%,  reduce = 17%, Cumulative CPU 158.45 sec
2015-04-07 08:49:26,923 Stage-3 map = 87%,  reduce = 17%, Cumulative CPU 161.84 sec
2015-04-07 08:49:27,991 Stage-3 map = 93%,  reduce = 17%, Cumulative CPU 164.36 sec
2015-04-07 08:49:29,055 Stage-3 map = 100%,  reduce = 38%, Cumulative CPU 171.6 sec
2015-04-07 08:49:30,120 Stage-3 map = 100%,  reduce = 100%, Cumulative CPU 191.02 sec
MapReduce Total cumulative CPU time: 3 minutes 11 seconds 20 msec
Ended Job = job_1428405026382_0074
Launching Job 3 out of 3
Number of reduce tasks determined at compile time: 1
In order to change the average load for a reducer (in bytes):
  set hive.exec.reducers.bytes.per.reducer=<number>
In order to limit the maximum number of reducers:
  set hive.exec.reducers.max=<number>
In order to set a constant number of reducers:
  set mapreduce.job.reduces=<number>
Starting Job = job_1428405026382_0075, Tracking URL = http://f01hn02.hadoop:8088/proxy/application_1428405026382_0075/
Kill Command = /usr/hdp/2.2.0.0-2041/hadoop/bin/hadoop job  -kill job_1428405026382_0075
Hadoop job information for Stage-4: number of mappers: 4; number of reducers: 1
2015-04-07 08:49:37,269 Stage-4 map = 0%,  reduce = 0%
2015-04-07 08:49:42,576 Stage-4 map = 100%,  reduce = 0%, Cumulative CPU 6.01 sec
2015-04-07 08:49:47,897 Stage-4 map = 100%,  reduce = 100%, Cumulative CPU 7.5 sec
MapReduce Total cumulative CPU time: 7 seconds 500 msec
Ended Job = job_1428405026382_0075
MapReduce Jobs Launched: 
Stage-Stage-7: Map: 53  Reduce: 199   Cumulative CPU: 3176.39 sec   HDFS Read: 1740090437 HDFS Write: 1041278099 SUCCESS
Stage-Stage-3: Map: 6  Reduce: 16   Cumulative CPU: 192.44 sec   HDFS Read: 1041330709 HDFS Write: 21232 SUCCESS
Stage-Stage-4: Map: 4  Reduce: 1   Cumulative CPU: 7.5 sec   HDFS Read: 25972 HDFS Write: 8822 SUCCESS
Total MapReduce CPU Time Spent: 56 minutes 16 seconds 330 msec
OK
	NULL		Valley Valley		Suite S				38721	327	249	169	162	335
able	1	128	15th 	RD	Suite T	Oakland	Luce County	MI	49843	346	239	166	144	342
able	1	227	8th 	Road	Suite 290	New Hope	Luce County	MI	49431	348	256	153	143	299
able	1	228	Cherry 	Avenue	Suite G	Centerville	Walker County	AL	30059	308	283	171	163	316
able	1	255	Sycamore 	Dr.	Suite 410	Midway	Ziebach County	SD	51904	324	246	179	194	325
able	1	292	Walnut North	Circle	Suite Q	Pleasant Valley	Franklin Parish	LA	72477	304	264	157	157	279
able	1	300	Forest 	Lane	Suite 230	Riverside	Walker County	AL	39231	331	265	152	135	307
able	1	302	Walnut Madison	Wy	Suite T	Oakland	Ziebach County	SD	59843	301	227	151	156	323
able	1	441	11th 	ST	Suite H	Union	Williamson County	TN	38721	357	227	158	154	332
able	1	443	Hickory Sycamore	Street	Suite C	Fairview	Richland County	OH	45709	336	265	175	145	297
able	1	479	Park First	Lane	Suite 20	Salem	Walker County	AL	38048	321	258	155	152	331
able	1	49	Highland 1st	Drive	Suite 80	Greenwood	Ziebach County	SD	58828	355	271	150	134	316
able	1	543	West Elm	Ln	Suite A	Pleasant Grove	Luce County	MI	44136	308	264	163	173	307
able	1	545	Pine 	ST	Suite D	Liberty	Richland County	OH	43451	291	286	151	158	301
able	1	557	Elevnth 7th	Pkwy	Suite L	Oakland	Walker County	AL	39843	377	267	183	146	319
able	1	605	Williams South	Ln	Suite D	Fairview	Richland County	OH	45709	305	264	134	180	298
able	1	667	Ridge Maple	Pkwy	Suite X	Bethel	Ziebach County	SD	55281	290	261	138	149	287
able	1	702	Cedar 6th	Blvd	Suite 370	Fairview	Richland County	OH	45709	344	238	161	157	334
able	1	722	Railroad Spring	Ct.	Suite M	Pleasant Grove	Richland County	OH	44136	348	251	142	189	329
able	1	738	Miller 	Court	Suite R	New Hope	Luce County	MI	49431	336	261	164	165	311
able	1	749	Railroad Maple	Drive	Suite 10	New Hope	Fairfield County	SC	29431	326	269	149	134	293
able	1	822	Johnson Third	ST	Suite P	Midway	Richland County	OH	41904	352	257	172	172	284
able	1	824	Valley 	Cir.	Suite A	Fairview	Daviess County	MO	65709	342	247	162	157	329
able	1	841	Mill Woodland	Pkwy	Suite S	Pleasant Grove	Luce County	MI	44136	296	256	139	159	332
able	1	868	Main Park	Ct.	Suite 240	Bethel	Daviess County	MO	65281	336	280	138	148	325
able	1	924	2nd Meadow	Way	Suite Y	Oak Grove	Fairfield County	SC	28370	327	272	173	140	331
able	1	954	Walnut 	Pkwy	Suite L	Oak Grove	Franklin Parish	LA	78370	340	267	150	143	318
able	1	972	Chestnut 	Wy	Suite S	Union	Walker County	AL	38721	334	304	187	169	339
anti	1	192	5th Highland	Blvd	Suite N	Bethel	Williamson County	TN	35281	268	280	175	152	292
anti	1	321	11th 	Parkway	Suite G	Pleasant Hill	Franklin Parish	LA	73604	337	270	141	164	313
anti	1	433	Cherry 	Boulevard	Suite G	Riverside	Barrow County	GA	39231	318	250	139	166	338
anti	1	536	5th 	Drive	Suite E	Shady Grove	Walker County	AL	32812	320	286	171	145	309
anti	1	630	Third Railroad	Ln	Suite D	Oakland	Walker County	AL	39843	312	283	156	163	343
anti	1	720	2nd Sycamore	Drive	Suite J	Fairview	Williamson County	TN	35709	312	254	162	178	298
anti	1	735	Walnut 	Blvd	Suite 360	Pleasant Grove	Luce County	MI	44136	284	240	177	162	306
anti	1	797	10th 14th	Cir.	Suite 470	Greenwood	Franklin Parish	LA	78828	352	265	157	174	333
anti	1	818	Central Valley	RD	Suite 210	Fairview	Barrow County	GA	35709	350	275	155	145	316
anti	1	897	Ash Oak	Circle	Suite T	Salem	Fairfield County	SC	28048	350	235	150	167	344
anti	1	921	Walnut Lake	Ave	Suite 400	Bethel	Richland County	OH	45281	304	244	168	149	306
anti	1	927	Main 	Dr.	Suite 210	Bethel	Williamson County	TN	35281	327	263	154	183	339
anti	1	984	Spring Railroad	Circle	Suite 300	Pleasant Grove	Ziebach County	SD	54136	314	296	159	156	311
ation	1	11	Broadway 	ST	Suite P	Fairview	Barrow County	GA	35709	315	252	158	134	314
ation	1	17	3rd 	Drive	Suite 20	Midway	Barrow County	GA	31904	317	255	152	153	326
ation	1	19	Fourth 	Boulevard	Suite N	Mount Pleasant	Luce County	MI	41933	331	259	149	152	324
ation	1	213	8th 	Road	Suite 490	Liberty	Daviess County	MO	63451	316	236	163	173	323
ation	1	226	5th 	Dr.	Suite 330	Liberty	Ziebach County	SD	53451	321	236	152	160	272
ation	1	232	5th Washington	RD	Suite R	Centerville	Richland County	OH	40059	322	252	160	151	330
ation	1	421	12th Center	Avenue	Suite J	Shady Grove	Daviess County	MO	62812	343	278	152	154	314
ation	1	421	Adams Madison	Ln	Suite P	Riverside	Fairfield County	SC	29231	329	268	128	151	302
ation	1	442	East 13th	Avenue	Suite 350	Pleasant Hill	Williamson County	TN	33604	303	255	137	138	319
ation	1	489	Cedar 	Cir.	Suite 450	Centerville	Ziebach County	SD	50059	333	240	165	175	325
ation	1	544	Lake Second	Court	Suite T	Midway	Ziebach County	SD	51904	328	242	174	165	323
ation	1	795	Oak 	Pkwy	Suite A	Midway	Franklin Parish	LA	71904	327	258	157	142	329
ation	1	8	Cedar Maple	ST	Suite 320	Salem	Daviess County	MO	68048	360	257	189	147	307
ation	1	811	Lee 	Circle	Suite T	Bethel	Richland County	OH	45281	356	247	153	169	315
bar	1	107	Poplar Wilson	RD	Suite R	Pleasant Hill	Williamson County	TN	33604	341	274	159	195	349
bar	1	126	2nd 12th	Circle	Suite 230	Pleasant Hill	Richland County	OH	43604	306	265	171	160	309
bar	1	147	Highland 	Ln	Suite 270	Oakland	Barrow County	GA	39843	332	250	169	173	327
bar	1	174	Sycamore 	Ln	Suite O	Fairview	Franklin Parish	LA	75709	325	247	132	150	309
bar	1	175	4th 	Court	Suite C	Bethel	Daviess County	MO	65281	357	278	147	163	306
bar	1	200	Lake 	RD	Suite 320	Liberty	Ziebach County	SD	53451	355	247	144	168	304
bar	1	265	Park South	RD	Suite 430	Pleasant Grove	Richland County	OH	44136	295	262	175	146	323
bar	1	33	Lincoln 	Ct.	Suite 410	Fairview	Franklin Parish	LA	75709	324	243	156	167	333
bar	1	363	Center 	ST	Suite E	Fairview	Franklin Parish	LA	75709	314	276	153	148	333
bar	1	365	Railroad Smith	Boulevard	Suite O	Pleasant Grove	Williamson County	TN	34136	318	264	156	169	312
bar	1	377	Pine 	Parkway	Suite 160	Midway	Luce County	MI	41904	317	249	150	158	344
bar	1	41	Oak 	Court	Suite 170	Oakland	Fairfield County	SC	29843	320	278	143	161	287
bar	1	427	Jefferson 	Road	Suite V	Fairview	Walker County	AL	35709	311	250	171	183	292
bar	1	448	Poplar Johnson	Court	Suite G	Liberty	Richland County	OH	43451	346	288	155	146	292
bar	1	540	Lakeview Center	Avenue	Suite C	Riverside	Fairfield County	SC	29231	308	258	163	161	310
bar	1	543	Twelfth 	Avenue	Suite L	Bethel	Barrow County	GA	35281	349	230	167	168	317
bar	1	582	Oak Washington	Drive	Suite S	Greenwood	Walker County	AL	38828	320	260	137	144	331
bar	1	599	Davis Poplar	Circle	Suite Q	New Hope	Ziebach County	SD	59431	316	255	154	164	337
bar	1	664	Third 	Drive	Suite 380	Liberty	Ziebach County	SD	53451	307	246	170	159	306
bar	1	700	Third View	Road	Suite 420	Oak Grove	Daviess County	MO	68370	310	278	146	194	313
bar	1	741	Hillcrest 	Ave	Suite 20	Bethel	Fairfield County	SC	25281	326	249	154	154	299
bar	1	766	6th 	Circle	Suite 360	Union	Franklin Parish	LA	78721	338	277	130	135	319
bar	1	818	1st Elm	Road	Suite 220	Pleasant Hill	Walker County	AL	33604	314	230	180	170	300
bar	1	824	Second 2nd	Parkway	Suite 90	Riverside	Daviess County	MO	69231	309	271	153	159	298
bar	1	829	Jefferson 	Lane	Suite 110	Five Points	Williamson County	TN	36098	353	251	145	152	293
bar	1	9	Third 	Circle	Suite 110	Greenwood	Walker County	AL	38828	324	272	147	165	323
bar	1	903	Sixth 	Court	Suite Q	Pleasant Grove	Barrow County	GA	34136	326	228	156	150	345
cally	NULL	688		Avenue	Suite 50			SC		346	237	143	173	311
cally	1	123	Valley 	Lane	Suite I	Liberty	Walker County	AL	33451	321	234	152	156	305
cally	1	145	Davis 1st	Street	Suite 430	Oakland	Richland County	OH	49843	323	274	168	141	313
cally	1	216	Laurel 	Drive	Suite 490	Oak Grove	Franklin Parish	LA	78370	352	253	161	166	302
cally	1	240	8th 	Wy	Suite K	Fairview	Richland County	OH	45709	321	273	157	166	313
cally	1	257	Cherry 	Avenue	Suite 310	Five Points	Williamson County	TN	36098	312	295	169	155	297
cally	1	317	Pine 	Boulevard	Suite 130	Oakland	Williamson County	TN	39843	340	266	165	165	306
cally	1	353	Third View	Drive	Suite 380	Midway	Daviess County	MO	61904	378	254	157	187	311
cally	1	392	15th 	Dr.	Suite W	Salem	Franklin Parish	LA	78048	341	259	150	168	333
cally	1	409	4th 15th	Drive	Suite Q	Salem	Luce County	MI	48048	287	270	141	159	298
cally	1	415	Church 	Court	Suite 280	Pleasant Hill	Franklin Parish	LA	73604	324	267	145	156	304
cally	1	482	Green 	Ct.	Suite 280	Pleasant Valley	Fairfield County	SC	22477	319	256	157	160	312
cally	1	496	3rd 	Ct.	Suite E	Oakland	Fairfield County	SC	29843	326	258	162	144	300
cally	1	552	Railroad 	Wy	Suite F	Pleasant Grove	Walker County	AL	34136	348	269	159	156	339
cally	1	561	1st 	ST	Suite B	Greenwood	Richland County	OH	48828	346	263	176	190	324
cally	1	588	River Thirteenth	Ct.	Suite A	Mount Pleasant	Luce County	MI	41933	309	262	152	173	322
cally	1	588	View Mill	Court	Suite 160	Greenwood	Ziebach County	SD	58828	315	263	164	163	321
cally	1	606	Lake Lincoln	Boulevard	Suite S	Greenwood	Williamson County	TN	38828	313	245	159	153	273
Time taken: 170.767 seconds, Fetched: 100 row(s)
hive> 