15/04/07 15:44:43 WARN conf.HiveConf: HiveConf of name hive.optimize.mapjoin.mapreduce does not exist
15/04/07 15:44:43 WARN conf.HiveConf: HiveConf of name hive.heapsize does not exist
15/04/07 15:44:43 WARN conf.HiveConf: HiveConf of name hive.server2.enable.impersonation does not exist
15/04/07 15:44:43 WARN conf.HiveConf: HiveConf of name hive.auto.convert.sortmerge.join.noconditionaltask does not exist

Logging initialized using configuration in file:/etc/hive/conf/hive-log4j.properties
SLF4J: Class path contains multiple SLF4J bindings.
SLF4J: Found binding in [jar:file:/usr/hdp/2.2.0.0-2041/hadoop/lib/slf4j-log4j12-1.7.5.jar!/org/slf4j/impl/StaticLoggerBinder.class]
SLF4J: Found binding in [jar:file:/usr/hdp/2.2.0.0-2041/hive/lib/hive-jdbc-0.14.0.2.2.0.0-2041-standalone.jar!/org/slf4j/impl/StaticLoggerBinder.class]
SLF4J: See http://www.slf4j.org/codes.html#multiple_bindings for an explanation.
SLF4J: Actual binding is of type [org.slf4j.impl.Log4jLoggerFactory]
hive> use tpcds_bin_partitioned_orc_100; source query84.sql;
OK
Time taken: 2.725 seconds
Query ID = root_20150407154444_81fe1ef6-df33-48e1-83f9-22029d4ae330
Total jobs = 5
SLF4J: Class path contains multiple SLF4J bindings.
SLF4J: Found binding in [jar:file:/usr/hdp/2.2.0.0-2041/hadoop/lib/slf4j-log4j12-1.7.5.jar!/org/slf4j/impl/StaticLoggerBinder.class]
SLF4J: Found binding in [jar:file:/usr/hdp/2.2.0.0-2041/hive/lib/hive-jdbc-0.14.0.2.2.0.0-2041-standalone.jar!/org/slf4j/impl/StaticLoggerBinder.class]
SLF4J: See http://www.slf4j.org/codes.html#multiple_bindings for an explanation.
SLF4J: Actual binding is of type [org.slf4j.impl.Log4jLoggerFactory]
15/04/07 15:45:14 WARN conf.HiveConf: HiveConf of name hive.optimize.mapjoin.mapreduce does not exist
15/04/07 15:45:14 WARN conf.HiveConf: HiveConf of name hive.heapsize does not exist
15/04/07 15:45:14 WARN conf.HiveConf: HiveConf of name hive.server2.enable.impersonation does not exist
15/04/07 15:45:14 WARN conf.HiveConf: HiveConf of name hive.auto.convert.sortmerge.join.noconditionaltask does not exist
Execution log at: /tmp/root/root_20150407154444_81fe1ef6-df33-48e1-83f9-22029d4ae330.log
2015-04-07 03:45:15	Starting to launch local task to process map join;	maximum memory = 1065484288
2015-04-07 03:45:19	Dump the side-table for tag: 1 with group count: 8240 into file: file:/tmp/root/304822ed-0fd5-4a8a-b2f5-77018d015802/hive_2015-04-07_15-44-50_088_6550457814713731090-1/-local-10014/HashTable-Stage-16/MapJoin-mapfile51--.hashtable
2015-04-07 03:45:20	Uploaded 1 File to: file:/tmp/root/304822ed-0fd5-4a8a-b2f5-77018d015802/hive_2015-04-07_15-44-50_088_6550457814713731090-1/-local-10014/HashTable-Stage-16/MapJoin-mapfile51--.hashtable (173569 bytes)
2015-04-07 03:45:20	End of local task; Time Taken: 4.842 sec.
Execution completed successfully
MapredLocal task succeeded
Launching Job 1 out of 5
Number of reduce tasks is set to 0 since there's no reduce operator
Starting Job = job_1428405026382_0158, Tracking URL = http://f01hn02.hadoop:8088/proxy/application_1428405026382_0158/
Kill Command = /usr/hdp/2.2.0.0-2041/hadoop/bin/hadoop job  -kill job_1428405026382_0158
Hadoop job information for Stage-16: number of mappers: 2; number of reducers: 0
2015-04-07 15:45:28,417 Stage-16 map = 0%,  reduce = 0%
2015-04-07 15:45:33,865 Stage-16 map = 100%,  reduce = 0%, Cumulative CPU 5.53 sec
MapReduce Total cumulative CPU time: 5 seconds 530 msec
Ended Job = job_1428405026382_0158
Stage-18 is filtered out by condition resolver.
Stage-19 is selected by condition resolver.
Stage-6 is filtered out by condition resolver.
SLF4J: Class path contains multiple SLF4J bindings.
SLF4J: Found binding in [jar:file:/usr/hdp/2.2.0.0-2041/hadoop/lib/slf4j-log4j12-1.7.5.jar!/org/slf4j/impl/StaticLoggerBinder.class]
SLF4J: Found binding in [jar:file:/usr/hdp/2.2.0.0-2041/hive/lib/hive-jdbc-0.14.0.2.2.0.0-2041-standalone.jar!/org/slf4j/impl/StaticLoggerBinder.class]
SLF4J: See http://www.slf4j.org/codes.html#multiple_bindings for an explanation.
SLF4J: Actual binding is of type [org.slf4j.impl.Log4jLoggerFactory]
15/04/07 15:45:40 WARN conf.HiveConf: HiveConf of name hive.optimize.mapjoin.mapreduce does not exist
15/04/07 15:45:40 WARN conf.HiveConf: HiveConf of name hive.heapsize does not exist
15/04/07 15:45:40 WARN conf.HiveConf: HiveConf of name hive.server2.enable.impersonation does not exist
15/04/07 15:45:40 WARN conf.HiveConf: HiveConf of name hive.auto.convert.sortmerge.join.noconditionaltask does not exist
Execution log at: /tmp/root/root_20150407154444_81fe1ef6-df33-48e1-83f9-22029d4ae330.log
2015-04-07 03:45:41	Starting to launch local task to process map join;	maximum memory = 1065484288
2015-04-07 03:45:48	Processing rows:	200000	Hashtable size:	184238	Memory usage:	32116584	percentage:	0.03
2015-04-07 03:45:48	Processing rows:	300000	Hashtable size:	284238	Memory usage:	43292600	percentage:	0.041
2015-04-07 03:45:49	Processing rows:	400000	Hashtable size:	384238	Memory usage:	52766312	percentage:	0.05
2015-04-07 03:45:49	Processing rows:	500000	Hashtable size:	484238	Memory usage:	59434864	percentage:	0.056
2015-04-07 03:45:50	Processing rows:	600000	Hashtable size:	584238	Memory usage:	73116992	percentage:	0.069
2015-04-07 03:45:50	Processing rows:	700000	Hashtable size:	684238	Memory usage:	82120120	percentage:	0.077
2015-04-07 03:45:50	Processing rows:	800000	Hashtable size:	784238	Memory usage:	91026616	percentage:	0.085
2015-04-07 03:45:51	Processing rows:	900000	Hashtable size:	884238	Memory usage:	99665984	percentage:	0.094
2015-04-07 03:45:51	Processing rows:	1000000	Hashtable size:	984238	Memory usage:	109356440	percentage:	0.103
2015-04-07 03:45:52	Processing rows:	1100000	Hashtable size:	1084238	Memory usage:	124498280	percentage:	0.117
2015-04-07 03:45:53	Processing rows:	1200000	Hashtable size:	1184238	Memory usage:	131667240	percentage:	0.124
2015-04-07 03:45:53	Processing rows:	1300000	Hashtable size:	1284238	Memory usage:	140979992	percentage:	0.132
2015-04-07 03:45:53	Processing rows:	1400000	Hashtable size:	1384238	Memory usage:	150039240	percentage:	0.141
2015-04-07 03:45:53	Processing rows:	1500000	Hashtable size:	1484238	Memory usage:	159171904	percentage:	0.149
2015-04-07 03:45:54	Processing rows:	1600000	Hashtable size:	1584238	Memory usage:	168054464	percentage:	0.158
2015-04-07 03:45:54	Processing rows:	1700000	Hashtable size:	1684238	Memory usage:	176853896	percentage:	0.166
2015-04-07 03:45:54	Processing rows:	1800000	Hashtable size:	1784238	Memory usage:	185481608	percentage:	0.174
2015-04-07 03:45:55	Processing rows:	1900000	Hashtable size:	1884238	Memory usage:	194024440	percentage:	0.182
2015-04-07 03:45:55	Dump the side-table for tag: 0 with group count: 15761 into file: file:/tmp/root/304822ed-0fd5-4a8a-b2f5-77018d015802/hive_2015-04-07_15-44-50_088_6550457814713731090-1/-local-10012/HashTable-Stage-14/MapJoin-mapfile40--.hashtable
2015-04-07 03:45:55	Uploaded 1 File to: file:/tmp/root/304822ed-0fd5-4a8a-b2f5-77018d015802/hive_2015-04-07_15-44-50_088_6550457814713731090-1/-local-10012/HashTable-Stage-14/MapJoin-mapfile40--.hashtable (1011507 bytes)
2015-04-07 03:45:55	Dump the side-table for tag: 1 with group count: 1920800 into file: file:/tmp/root/304822ed-0fd5-4a8a-b2f5-77018d015802/hive_2015-04-07_15-44-50_088_6550457814713731090-1/-local-10012/HashTable-Stage-14/MapJoin-mapfile41--.hashtable
2015-04-07 03:45:56	Uploaded 1 File to: file:/tmp/root/304822ed-0fd5-4a8a-b2f5-77018d015802/hive_2015-04-07_15-44-50_088_6550457814713731090-1/-local-10012/HashTable-Stage-14/MapJoin-mapfile41--.hashtable (40467778 bytes)
2015-04-07 03:45:56	End of local task; Time Taken: 14.333 sec.
Execution completed successfully
MapredLocal task succeeded
Launching Job 3 out of 5
Number of reduce tasks is set to 0 since there's no reduce operator
Starting Job = job_1428405026382_0159, Tracking URL = http://f01hn02.hadoop:8088/proxy/application_1428405026382_0159/
Kill Command = /usr/hdp/2.2.0.0-2041/hadoop/bin/hadoop job  -kill job_1428405026382_0159
Hadoop job information for Stage-14: number of mappers: 7; number of reducers: 0
2015-04-07 15:46:15,301 Stage-14 map = 0%,  reduce = 0%
2015-04-07 15:46:25,951 Stage-14 map = 25%,  reduce = 0%, Cumulative CPU 90.98 sec
2015-04-07 15:46:28,086 Stage-14 map = 39%,  reduce = 0%, Cumulative CPU 95.68 sec
2015-04-07 15:46:29,153 Stage-14 map = 54%,  reduce = 0%, Cumulative CPU 110.31 sec
2015-04-07 15:46:32,358 Stage-14 map = 71%,  reduce = 0%, Cumulative CPU 122.51 sec
2015-04-07 15:46:34,494 Stage-14 map = 85%,  reduce = 0%, Cumulative CPU 136.26 sec
2015-04-07 15:46:37,696 Stage-14 map = 98%,  reduce = 0%, Cumulative CPU 147.44 sec
2015-04-07 15:46:38,763 Stage-14 map = 100%,  reduce = 0%, Cumulative CPU 150.61 sec
MapReduce Total cumulative CPU time: 2 minutes 30 seconds 610 msec
Ended Job = job_1428405026382_0159
SLF4J: Class path contains multiple SLF4J bindings.
SLF4J: Found binding in [jar:file:/usr/hdp/2.2.0.0-2041/hadoop/lib/slf4j-log4j12-1.7.5.jar!/org/slf4j/impl/StaticLoggerBinder.class]
SLF4J: Found binding in [jar:file:/usr/hdp/2.2.0.0-2041/hive/lib/hive-jdbc-0.14.0.2.2.0.0-2041-standalone.jar!/org/slf4j/impl/StaticLoggerBinder.class]
SLF4J: See http://www.slf4j.org/codes.html#multiple_bindings for an explanation.
SLF4J: Actual binding is of type [org.slf4j.impl.Log4jLoggerFactory]
15/04/07 15:46:45 WARN conf.HiveConf: HiveConf of name hive.optimize.mapjoin.mapreduce does not exist
15/04/07 15:46:45 WARN conf.HiveConf: HiveConf of name hive.heapsize does not exist
15/04/07 15:46:45 WARN conf.HiveConf: HiveConf of name hive.server2.enable.impersonation does not exist
15/04/07 15:46:45 WARN conf.HiveConf: HiveConf of name hive.auto.convert.sortmerge.join.noconditionaltask does not exist
Execution log at: /tmp/root/root_20150407154444_81fe1ef6-df33-48e1-83f9-22029d4ae330.log
2015-04-07 03:46:46	Starting to launch local task to process map join;	maximum memory = 1065484288
2015-04-07 03:46:50	Dump the side-table for tag: 1 with group count: 4 into file: file:/tmp/root/304822ed-0fd5-4a8a-b2f5-77018d015802/hive_2015-04-07_15-44-50_088_6550457814713731090-1/-local-10008/HashTable-Stage-3/MapJoin-mapfile01--.hashtable
2015-04-07 03:46:50	Uploaded 1 File to: file:/tmp/root/304822ed-0fd5-4a8a-b2f5-77018d015802/hive_2015-04-07_15-44-50_088_6550457814713731090-1/-local-10008/HashTable-Stage-3/MapJoin-mapfile01--.hashtable (363 bytes)
2015-04-07 03:46:50	Dump the side-table for tag: 1 with group count: 7200 into file: file:/tmp/root/304822ed-0fd5-4a8a-b2f5-77018d015802/hive_2015-04-07_15-44-50_088_6550457814713731090-1/-local-10008/HashTable-Stage-3/MapJoin-mapfile11--.hashtable
2015-04-07 03:46:50	Uploaded 1 File to: file:/tmp/root/304822ed-0fd5-4a8a-b2f5-77018d015802/hive_2015-04-07_15-44-50_088_6550457814713731090-1/-local-10008/HashTable-Stage-3/MapJoin-mapfile11--.hashtable (159051 bytes)
2015-04-07 03:46:50	End of local task; Time Taken: 4.301 sec.
Execution completed successfully
MapredLocal task succeeded
Launching Job 4 out of 5
Number of reduce tasks determined at compile time: 1
In order to change the average load for a reducer (in bytes):
  set hive.exec.reducers.bytes.per.reducer=<number>
In order to limit the maximum number of reducers:
  set hive.exec.reducers.max=<number>
In order to set a constant number of reducers:
  set mapreduce.job.reduces=<number>
Starting Job = job_1428405026382_0160, Tracking URL = http://f01hn02.hadoop:8088/proxy/application_1428405026382_0160/
Kill Command = /usr/hdp/2.2.0.0-2041/hadoop/bin/hadoop job  -kill job_1428405026382_0160
Hadoop job information for Stage-3: number of mappers: 2; number of reducers: 1
2015-04-07 15:46:57,180 Stage-3 map = 0%,  reduce = 0%
2015-04-07 15:47:02,563 Stage-3 map = 50%,  reduce = 0%, Cumulative CPU 3.18 sec
2015-04-07 15:47:03,632 Stage-3 map = 100%,  reduce = 0%, Cumulative CPU 8.43 sec
2015-04-07 15:47:08,981 Stage-3 map = 100%,  reduce = 100%, Cumulative CPU 10.08 sec
MapReduce Total cumulative CPU time: 10 seconds 80 msec
Ended Job = job_1428405026382_0160
MapReduce Jobs Launched: 
Stage-Stage-16: Map: 2   Cumulative CPU: 5.53 sec   HDFS Read: 24548619 HDFS Write: 1001674 SUCCESS
Stage-Stage-14: Map: 7   Cumulative CPU: 150.61 sec   HDFS Read: 115433837 HDFS Write: 16462006 SUCCESS
Stage-Stage-3: Map: 2  Reduce: 1   Cumulative CPU: 10.08 sec   HDFS Read: 16464123 HDFS Write: 3265 SUCCESS
Total MapReduce CPU Time Spent: 2 minutes 46 seconds 220 msec
OK
AAAAAAAAAAAHJAAA	Heck, William
AAAAAAAAAAAHJAAA	Heck, William
AAAAAAAAAAAHJAAA	Heck, William
AAAAAAAAAAAHJAAA	Heck, William
AAAAAAAAAAAHJAAA	Heck, William
AAAAAAAAAAAHJAAA	Heck, William
AAAAAAAAAAAHJAAA	Heck, William
AAAAAAAAAAAHJAAA	Heck, William
AAAAAAAAAAAHJAAA	Heck, William
AAAAAAAAAAAHJAAA	Heck, William
AAAAAAAAAAAHJAAA	Heck, William
AAAAAAAAAAALFAAA	Weller, William
AAAAAAAAAAALFAAA	Weller, William
AAAAAAAAAAALFAAA	Weller, William
AAAAAAAAAAALFAAA	Weller, William
AAAAAAAAAAALFAAA	Weller, William
AAAAAAAAAAALFAAA	Weller, William
AAAAAAAAAAALFAAA	Weller, William
AAAAAAAAAAALFAAA	Weller, William
AAAAAAAAAAALFAAA	Weller, William
AAAAAAAAAAALFAAA	Weller, William
AAAAAAAAAAAOJBAA	Stevenson, Tillie
AAAAAAAAAAAOJBAA	Stevenson, Tillie
AAAAAAAAAAAOJBAA	Stevenson, Tillie
AAAAAAAAAAAOJBAA	Stevenson, Tillie
AAAAAAAAAAAOJBAA	Stevenson, Tillie
AAAAAAAAAAAOJBAA	Stevenson, Tillie
AAAAAAAAAAAOJBAA	Stevenson, Tillie
AAAAAAAAAAAOJBAA	Stevenson, Tillie
AAAAAAAAAAAOJBAA	Stevenson, Tillie
AAAAAAAAAAAOJBAA	Stevenson, Tillie
AAAAAAAAAAAOJBAA	Stevenson, Tillie
AAAAAAAAAAAOJBAA	Stevenson, Tillie
AAAAAAAAAAAOJBAA	Stevenson, Tillie
AAAAAAAAAAAOJBAA	Stevenson, Tillie
AAAAAAAAAAAOJBAA	Stevenson, Tillie
AAAAAAAAAAAOJBAA	Stevenson, Tillie
AAAAAAAAAAAOJBAA	Stevenson, Tillie
AAAAAAAAAABEKBAA	Lynch, Leila
AAAAAAAAAABEKBAA	Lynch, Leila
AAAAAAAAAABEKBAA	Lynch, Leila
AAAAAAAAAABEKBAA	Lynch, Leila
AAAAAAAAAABEKBAA	Lynch, Leila
AAAAAAAAAABEKBAA	Lynch, Leila
AAAAAAAAAABEKBAA	Lynch, Leila
AAAAAAAAAABEKBAA	Lynch, Leila
AAAAAAAAAABEKBAA	Lynch, Leila
AAAAAAAAAABEKBAA	Lynch, Leila
AAAAAAAAAABEKBAA	Lynch, Leila
AAAAAAAAAABEKBAA	Lynch, Leila
AAAAAAAAAABEKBAA	Lynch, Leila
AAAAAAAAAABEKBAA	Lynch, Leila
AAAAAAAAAABEKBAA	Lynch, Leila
AAAAAAAAAACADBAA	Carrington, Mattie
AAAAAAAAAACADBAA	Carrington, Mattie
AAAAAAAAAACADBAA	Carrington, Mattie
AAAAAAAAAACADBAA	Carrington, Mattie
AAAAAAAAAACADBAA	Carrington, Mattie
AAAAAAAAAACADBAA	Carrington, Mattie
AAAAAAAAAACADBAA	Carrington, Mattie
AAAAAAAAAACADBAA	Carrington, Mattie
AAAAAAAAAACADBAA	Carrington, Mattie
AAAAAAAAAACADBAA	Carrington, Mattie
AAAAAAAAAACADBAA	Carrington, Mattie
AAAAAAAAAACADBAA	Carrington, Mattie
AAAAAAAAAACGIBAA	Miller, Victoria
AAAAAAAAAACGIBAA	Miller, Victoria
AAAAAAAAAACGIBAA	Miller, Victoria
AAAAAAAAAACGIBAA	Miller, Victoria
AAAAAAAAAACGIBAA	Miller, Victoria
AAAAAAAAAACGIBAA	Miller, Victoria
AAAAAAAAAACGIBAA	Miller, Victoria
AAAAAAAAAACGIBAA	Miller, Victoria
AAAAAAAAAACGIBAA	Miller, Victoria
AAAAAAAAAACGIBAA	Miller, Victoria
AAAAAAAAAACGIBAA	Miller, Victoria
AAAAAAAAAACGIBAA	Miller, Victoria
AAAAAAAAAACGIBAA	Miller, Victoria
AAAAAAAAAACGIBAA	Miller, Victoria
AAAAAAAAAACGIBAA	Miller, Victoria
AAAAAAAAAACGIBAA	Miller, Victoria
AAAAAAAAAAECMAAA	Manns, Ralph
AAAAAAAAAAECMAAA	Manns, Ralph
AAAAAAAAAAECMAAA	Manns, Ralph
AAAAAAAAAAECMAAA	Manns, Ralph
AAAAAAAAAAECMAAA	Manns, Ralph
AAAAAAAAAAECMAAA	Manns, Ralph
AAAAAAAAAAECMAAA	Manns, Ralph
AAAAAAAAAAECMAAA	Manns, Ralph
AAAAAAAAAAECMAAA	Manns, Ralph
AAAAAAAAAAECMAAA	Manns, Ralph
AAAAAAAAAAECMAAA	Manns, Ralph
AAAAAAAAAAECMAAA	Manns, Ralph
AAAAAAAAAAECMAAA	Manns, Ralph
AAAAAAAAAAECMAAA	Manns, Ralph
AAAAAAAAAAECMAAA	Manns, Ralph
AAAAAAAAAAECMAAA	Manns, Ralph
AAAAAAAAAAEGLBAA	Spooner, Lena
AAAAAAAAAAEGLBAA	Spooner, Lena
AAAAAAAAAAEGLBAA	Spooner, Lena
Time taken: 140.003 seconds, Fetched: 100 row(s)
hive> 