15/04/07 06:18:14 WARN conf.HiveConf: HiveConf of name hive.optimize.mapjoin.mapreduce does not exist
15/04/07 06:18:14 WARN conf.HiveConf: HiveConf of name hive.heapsize does not exist
15/04/07 06:18:14 WARN conf.HiveConf: HiveConf of name hive.server2.enable.impersonation does not exist
15/04/07 06:18:14 WARN conf.HiveConf: HiveConf of name hive.auto.convert.sortmerge.join.noconditionaltask does not exist

Logging initialized using configuration in file:/etc/hive/conf/hive-log4j.properties
SLF4J: Class path contains multiple SLF4J bindings.
SLF4J: Found binding in [jar:file:/usr/hdp/2.2.0.0-2041/hadoop/lib/slf4j-log4j12-1.7.5.jar!/org/slf4j/impl/StaticLoggerBinder.class]
SLF4J: Found binding in [jar:file:/usr/hdp/2.2.0.0-2041/hive/lib/hive-jdbc-0.14.0.2.2.0.0-2041-standalone.jar!/org/slf4j/impl/StaticLoggerBinder.class]
SLF4J: See http://www.slf4j.org/codes.html#multiple_bindings for an explanation.
SLF4J: Actual binding is of type [org.slf4j.impl.Log4jLoggerFactory]
hive> use tpcds_bin_partitioned_orc_100; source query12.sql;
OK
Time taken: 3.472 seconds
Query ID = root_20150407061818_ee2edb88-7de6-460b-8808-4d458bad4479
Total jobs = 3
SLF4J: Class path contains multiple SLF4J bindings.
SLF4J: Found binding in [jar:file:/usr/hdp/2.2.0.0-2041/hadoop/lib/slf4j-log4j12-1.7.5.jar!/org/slf4j/impl/StaticLoggerBinder.class]
SLF4J: Found binding in [jar:file:/usr/hdp/2.2.0.0-2041/hive/lib/hive-jdbc-0.14.0.2.2.0.0-2041-standalone.jar!/org/slf4j/impl/StaticLoggerBinder.class]
SLF4J: See http://www.slf4j.org/codes.html#multiple_bindings for an explanation.
SLF4J: Actual binding is of type [org.slf4j.impl.Log4jLoggerFactory]
15/04/07 06:18:45 WARN conf.HiveConf: HiveConf of name hive.optimize.mapjoin.mapreduce does not exist
15/04/07 06:18:45 WARN conf.HiveConf: HiveConf of name hive.heapsize does not exist
15/04/07 06:18:45 WARN conf.HiveConf: HiveConf of name hive.server2.enable.impersonation does not exist
15/04/07 06:18:45 WARN conf.HiveConf: HiveConf of name hive.auto.convert.sortmerge.join.noconditionaltask does not exist
Execution log at: /tmp/root/root_20150407061818_ee2edb88-7de6-460b-8808-4d458bad4479.log
2015-04-07 06:18:46	Starting to launch local task to process map join;	maximum memory = 1065484288
2015-04-07 06:18:53	Dump the side-table for tag: 1 with group count: 31 into file: file:/tmp/root/1da90365-1a7e-4b49-b3a3-e3d0ea9580c1/hive_2015-04-07_06-18-24_872_2654539720557515761-1/-local-10008/HashTable-Stage-3/MapJoin-mapfile01--.hashtable
2015-04-07 06:18:53	Uploaded 1 File to: file:/tmp/root/1da90365-1a7e-4b49-b3a3-e3d0ea9580c1/hive_2015-04-07_06-18-24_872_2654539720557515761-1/-local-10008/HashTable-Stage-3/MapJoin-mapfile01--.hashtable (1288 bytes)
2015-04-07 06:18:53	Dump the side-table for tag: 1 with group count: 61071 into file: file:/tmp/root/1da90365-1a7e-4b49-b3a3-e3d0ea9580c1/hive_2015-04-07_06-18-24_872_2654539720557515761-1/-local-10008/HashTable-Stage-3/MapJoin-mapfile11--.hashtable
2015-04-07 06:18:53	Uploaded 1 File to: file:/tmp/root/1da90365-1a7e-4b49-b3a3-e3d0ea9580c1/hive_2015-04-07_06-18-24_872_2654539720557515761-1/-local-10008/HashTable-Stage-3/MapJoin-mapfile11--.hashtable (9831971 bytes)
2015-04-07 06:18:53	End of local task; Time Taken: 6.984 sec.
Execution completed successfully
MapredLocal task succeeded
Launching Job 1 out of 3
Number of reduce tasks not specified. Estimated from input data size: 68
In order to change the average load for a reducer (in bytes):
  set hive.exec.reducers.bytes.per.reducer=<number>
In order to limit the maximum number of reducers:
  set hive.exec.reducers.max=<number>
In order to set a constant number of reducers:
  set mapreduce.job.reduces=<number>
Starting Job = job_1428405026382_0001, Tracking URL = http://f01hn02.hadoop:8088/proxy/application_1428405026382_0001/
Kill Command = /usr/hdp/2.2.0.0-2041/hadoop/bin/hadoop job  -kill job_1428405026382_0001
Hadoop job information for Stage-3: number of mappers: 18; number of reducers: 68
2015-04-07 06:19:16,601 Stage-3 map = 0%,  reduce = 0%
2015-04-07 06:19:29,744 Stage-3 map = 6%,  reduce = 0%, Cumulative CPU 7.71 sec
2015-04-07 06:19:30,826 Stage-3 map = 47%,  reduce = 0%, Cumulative CPU 160.51 sec
2015-04-07 06:19:31,900 Stage-3 map = 60%,  reduce = 0%, Cumulative CPU 168.05 sec
2015-04-07 06:19:32,951 Stage-3 map = 97%,  reduce = 0%, Cumulative CPU 196.07 sec
2015-04-07 06:19:34,008 Stage-3 map = 100%,  reduce = 0%, Cumulative CPU 200.33 sec
2015-04-07 06:19:36,178 Stage-3 map = 100%,  reduce = 9%, Cumulative CPU 212.62 sec
2015-04-07 06:19:37,233 Stage-3 map = 100%,  reduce = 15%, Cumulative CPU 220.84 sec
2015-04-07 06:19:38,309 Stage-3 map = 100%,  reduce = 26%, Cumulative CPU 238.23 sec
2015-04-07 06:19:39,381 Stage-3 map = 100%,  reduce = 72%, Cumulative CPU 301.52 sec
2015-04-07 06:19:40,429 Stage-3 map = 100%,  reduce = 93%, Cumulative CPU 328.91 sec
2015-04-07 06:19:41,465 Stage-3 map = 100%,  reduce = 100%, Cumulative CPU 338.46 sec
MapReduce Total cumulative CPU time: 5 minutes 38 seconds 460 msec
Ended Job = job_1428405026382_0001
Launching Job 2 out of 3
Number of reduce tasks not specified. Estimated from input data size: 1
In order to change the average load for a reducer (in bytes):
  set hive.exec.reducers.bytes.per.reducer=<number>
In order to limit the maximum number of reducers:
  set hive.exec.reducers.max=<number>
In order to set a constant number of reducers:
  set mapreduce.job.reduces=<number>
Starting Job = job_1428405026382_0002, Tracking URL = http://f01hn02.hadoop:8088/proxy/application_1428405026382_0002/
Kill Command = /usr/hdp/2.2.0.0-2041/hadoop/bin/hadoop job  -kill job_1428405026382_0002
Hadoop job information for Stage-4: number of mappers: 3; number of reducers: 1
2015-04-07 06:19:48,122 Stage-4 map = 0%,  reduce = 0%
2015-04-07 06:19:53,701 Stage-4 map = 100%,  reduce = 0%, Cumulative CPU 7.87 sec
2015-04-07 06:19:59,062 Stage-4 map = 100%,  reduce = 100%, Cumulative CPU 11.25 sec
MapReduce Total cumulative CPU time: 11 seconds 250 msec
Ended Job = job_1428405026382_0002
Launching Job 3 out of 3
Number of reduce tasks determined at compile time: 1
In order to change the average load for a reducer (in bytes):
  set hive.exec.reducers.bytes.per.reducer=<number>
In order to limit the maximum number of reducers:
  set hive.exec.reducers.max=<number>
In order to set a constant number of reducers:
  set mapreduce.job.reduces=<number>
Starting Job = job_1428405026382_0003, Tracking URL = http://f01hn02.hadoop:8088/proxy/application_1428405026382_0003/
Kill Command = /usr/hdp/2.2.0.0-2041/hadoop/bin/hadoop job  -kill job_1428405026382_0003
Hadoop job information for Stage-5: number of mappers: 1; number of reducers: 1
2015-04-07 06:20:06,665 Stage-5 map = 0%,  reduce = 0%
2015-04-07 06:20:13,060 Stage-5 map = 100%,  reduce = 0%, Cumulative CPU 3.01 sec
2015-04-07 06:20:18,384 Stage-5 map = 100%,  reduce = 100%, Cumulative CPU 4.52 sec
MapReduce Total cumulative CPU time: 4 seconds 520 msec
Ended Job = job_1428405026382_0003
MapReduce Jobs Launched: 
Stage-Stage-3: Map: 18  Reduce: 68   Cumulative CPU: 338.46 sec   HDFS Read: 451675486 HDFS Write: 5050817 SUCCESS
Stage-Stage-4: Map: 3  Reduce: 1   Cumulative CPU: 11.25 sec   HDFS Read: 5069000 HDFS Write: 5291625 SUCCESS
Stage-Stage-5: Map: 1  Reduce: 1   Cumulative CPU: 4.52 sec   HDFS Read: 5292031 HDFS Write: 16450 SUCCESS
Total MapReduce CPU Time Spent: 5 minutes 54 seconds 230 msec
OK
	Books		NULL	AAAAAAAACFDMAAAA	15517.879943847656	2.705237312784268
Present fields use elements. Creatures could put perhaps rich resources. Final, static properties walk for a factors. Given, other women shall not stop; alr	Books		NULL	AAAAAAAAEIPLCAAA	19823.940490722656	3.4559143192224386
	Books		NULL	AAAAAAAAFAFECAAA	22924.629707336426	3.9964585298030215
Now other policies will send vertical policies.	Books		NULL	AAAAAAAAFKOHBAAA	21132.34984588623	3.684009769167444
	Books		82.97	AAAAAAAAGFLDAAAA	16330.619750976562	2.8469225210592493
Approximately impossible men increase also special entries. Years would not insist political years. Relationships increase just large, small schools	Books		NULL	AAAAAAAAGJLFAAAA	10524.830261230469	1.8347972555806482
Hands complete very by a schools. Growing, public animals would support british exhibitions. Armed areas select brilliant streets. Broad, basic hours	Books		NULL	AAAAAAAAHLGEAAAA	12858.940246582031	2.241703446849309
	Books		NULL	AAAAAAAAJILPAAAA	4754.1697998046875	0.8287960456120679
Authorities bring in a organisations. Alternatively old years cannot take etc strong other differences. So final attitudes sh	Books		NULL	AAAAAAAAKGLLCAAA	14220.399578094482	2.4790471172974122
Important, remarkable millions should attend especially important ideas; right, new conflicts sh	Books		0.52	AAAAAAAAKICPCAAA	15410.520385742188	2.6865212843369615
	Books		NULL	AAAAAAAAKLNPBAAA	21398.02970123291	3.730325829127936
Much vital girls connect more unemployed, able degrees. Too important sources shall declare sites. Local,	Books		0.89	AAAAAAAALJOECAAA	32304.960052490234	5.631734723959518
Therefore modern visitors may gain	Books		9.92	AAAAAAAAMNJHAAAA	29801.43992614746	5.19529520492754
Of course common authorities would not preserve just to a ris	Books		4.17	AAAAAAAANFJNAAAA	28970.720170021057	5.050475546000407
	Books		NULL	AAAAAAAAPHPCBAAA	15284.850622177124	2.664613231515624
Perhaps old ships will give more. Main poets describe less than. Right, brief words work long ago maj	Books	arts	1.05	AAAAAAAAAAHMAAAA	7646.7501220703125	0.0677169017698157
Conditions shall occur once again after a products; agricultural, public walls give now a little public sides. Still alternative seats	Books	arts	6.5	AAAAAAAAAANEAAAA	23141.300506591797	0.20493113390847817
No longer soft cameras mean select, small policies. Also famous arms could want irish, different connections. Attacks should remove black r	Books	arts	1.52	AAAAAAAAABEDAAAA	7091.929992675781	0.06280361186203016
Now pleased representations used to require then hundreds; naturally modest computers apply only. Children m	Books	arts	4.93	AAAAAAAAABEGCAAA	19449.729705810547	0.17223989471506998
Reports take more welsh c	Books	arts	2.69	AAAAAAAAABIGCAAA	7381.270065307617	0.06536590472680297
Traditional years get other reasons	Books	arts	7.22	AAAAAAAAABOABAAA	10866.410293579102	0.09622906812621018
Far particular products turn specif	Books	arts	3.41	AAAAAAAAABOFAAAA	11523.6103515625	0.10204899830035453
Light tears overcome real, vulnerable clothes. Serious, recent dates s	Books	arts	1.88	AAAAAAAAACBLAAAA	19393.239990234375	0.17173964186783286
Carefully private markets could inquire. Sideways new object	Books	arts	1.5	AAAAAAAAACGNBAAA	65121.82065868378	0.5766957023857481
Here elderly units ignore; eyes may reach others. Products include again. Extra, expected ministers look for example. Friendly ears give in a products. Results g	Books	arts	9.1	AAAAAAAAACJIAAAA	8123.740180969238	0.07194095623060041
Results mix both; nearby, contrary workers store. Members suspend previously. Then permanent efforts date only familiar pie	Books	arts	1.93	AAAAAAAAACNLAAAA	5239.89990234375	0.04640269151028705
Units strengthen; facilities would admit there as social fortunes. Also old priorities would grow; films target around by a rights. Steadily other pr	Books	arts	1.83	AAAAAAAAADKPBAAA	27234.42048406601	0.24117834991815318
Irrelevant, only countries get as well wild clients. Words unload other circumstances. Now upper conditions mention later. Already possible days take able, live 	Books	arts	2.62	AAAAAAAAAEBECAAA	13193.3701171875	0.11683579742717173
Interests move only different, warm bodies; about chief systems would work much. Perhaps great forms must appoint in order men. Patients may not pass available, physical centres. Hap	Books	arts	7.0	AAAAAAAAAEDGBAAA	10912.950134277344	0.0966412084172666
Broken sales must not know relatively like the eyes. Parents may not wash	Books	arts	5.97	AAAAAAAAAEHHBAAA	13144.799896240234	0.11640567681013583
Regional, 	Books	arts	8.32	AAAAAAAAAEIOCAAA	12506.11992263794	0.11074975392206511
Optio	Books	arts	2.49	AAAAAAAAAEKACAAA	15529.390007019043	0.1375227594550652
Public, quiet sons call. Responses may wish entirely to a hands. 	Books	arts	0.51	AAAAAAAAAFLCCAAA	17746.239959716797	0.15715439486734029
National, upper principles fill relatives. Components make. Rarely unusual plants might not deal	Books	arts	7.27	AAAAAAAAAFOAAAAA	14309.729533672333	0.12672187971560997
Residential questions mean closely very possible aspirations. Human, dead miles can exploit nor	Books	arts	5.54	AAAAAAAAAFPGCAAA	9487.7998046875	0.08402058353277943
Main, spatial results must draw here probable dishes. Terrible, average churches c	Books	arts	9.67	AAAAAAAAAFPJAAAA	30785.70036649704	0.27262722259173755
Badly difficult intervals should not get today new followers. Standards examine. Young, actual departments might knock special, national assumptions. Successful wi	Books	arts	0.29	AAAAAAAAAGABAAAA	18479.819885253906	0.16365071800656897
Frequent, late lights should master other farmers; economic, other buildings complete automatically reliable patterns; authorities hold pric	Books	arts	2.46	AAAAAAAAAGDDCAAA	8657.119850158691	0.0766643770417855
Statistical elections ought to help men. Following, present changes will find dark services. Victims	Books	arts	2.2	AAAAAAAAAGGACAAA	27112.770500183105	0.24010106088982178
Enemies could shake political, weak bedrooms. Here sensible stones fall running, environmental tonnes; sensi	Books	arts	3.02	AAAAAAAAAGKHAAAA	5655.5000076293945	0.05008309835710232
Professional words should complete too likely da	Books	arts	3.36	AAAAAAAAAHAKCAAA	3329.030014038086	0.029480706816708554
Formal, giant fac	Books	arts	3.84	AAAAAAAAAHFJCAAA	7995.709983825684	0.07080716630087365
Ago effective earnin	Books	arts	3.18	AAAAAAAAAHJBDAAA	21985.629364013672	0.19469692094337795
General, elderly grounds explore. Mild patients confuse always socialist systems. Eager, good pages control. Other, total days might not get general	Books	arts	72.63	AAAAAAAAAHKCBAAA	14849.859992980957	0.1315050831251631
Main events pose characters; close quiet lines write never bright, productive shares. C	Books	arts	3.53	AAAAAAAAAIEHAAAA	12363.499633789062	0.10948675932485871
Again democratic layers should suggest best subjects. Prices think as wild rates. Images say so yet re	Books	arts	3.78	AAAAAAAAAIHDBAAA	25516.18927001953	0.22596230486868915
Quick layers ensure similar, mutual orders. All true sales must not reveal only academic, local schemes; proportions forgive for a chemicals; new jobs used to maintain most large women; civil	Books	arts	0.38	AAAAAAAAAIJCBAAA	8747.01025390625	0.07746041451436535
Substantial, past qualifications would attack. Independent, fine passen	Books	arts	0.47	AAAAAAAAAIKOAAAA	63648.319732666016	0.5636469018009237
Too different clients might not wear only; positive, supreme products may depend present, british organisations. Things ought to stick never doors. Often soci	Books	arts	63.65	AAAAAAAAAJCIBAAA	32196.099946975708	0.28511722008384927
Brief circles will find often deliberately modern friends. Totally burning results beat. Even unable members join grateful, grey 	Books	arts	0.95	AAAAAAAAAJCMCAAA	22305.99998474121	0.19753400931522447
Later full days shall not rise; general, availab	Books	arts	1.72	AAAAAAAAAJCOAAAA	9733.06999206543	0.08619260915419974
Only political bars close more both theoretical thoughts. Less military babies ought to warn perhaps high, early manufacturers; stron	Books	arts	9.53	AAAAAAAAAJFDCAAA	19824.77032470703	0.175561121163441
Soon wooden contracts come somehow crucial pieces. Besides final terms can make still taxes. Willing areas find tonight over adequate level	Books	arts	3.61	AAAAAAAAAKBNCAAA	13048.809928894043	0.11555562376983719
Broad ears might contain active tools; ever local cor	Books	arts	2.84	AAAAAAAAAKEOBAAA	28874.36962890625	0.2557011567806551
New agencies shall remember just social areas. Very colleagues save available, general surveys. Softly bright subjects go then im	Books	arts	7.85	AAAAAAAAAKKGCAAA	30218.659912109375	0.26760571382836695
Regulations go almost. Complex operations may stay at present countries. Widely special modules can rest also in ne	Books	arts	76.12	AAAAAAAAAKLCAAAA	13038.010347366333	0.11545998651351358
Citizens might not get from a questio	Books	arts	7.33	AAAAAAAAAKMBDAAA	46191.90121459961	0.40905906263132763
Low real movements play heavily sorts. More light stations tell real, new eggs. Distinguished, ter	Books	arts	7.88	AAAAAAAAALBNAAAA	6255.150032043457	0.05539338588465144
Armed, everyday guidelines get sooner international planes. Dry thousands would not identify universally useful, above sectors. Very open odds used to get much under a arms. Good beds stay 	Books	arts	3.83	AAAAAAAAALINAAAA	17872.650276184082	0.1582738397094308
Children apply so. White costs use 	Books	arts	4.47	AAAAAAAAALMCBAAA	17106.85009765625	0.15149218545934573
Parents check free, similar memories. Private, recent forces tell further most early entries; other elements proceed apparently financial thanks. Royal	Books	arts	4.01	AAAAAAAAAMJGBAAA	9825.67000579834	0.08701264196993627
White, key needs shall not introduce too also commercial restrictions. British courts improve demands. Increa	Books	arts	4.01	AAAAAAAAAMMFCAAA	8571.989837646484	0.07591049590235688
Alone blue babies should show significant leaders. Lucky, wealthy doors make quickly labour readers. General periods go perh	Books	arts	0.55	AAAAAAAAANJCCAAA	16054.129760742188	0.1421696682451182
Obviously independent sites could hasten entirely dead, japanese changes. Dark men can mean much busy emplo	Books	arts	0.69	AAAAAAAAANJFCAAA	8452.810195922852	0.07485508334633942
In general average expectations will not hear especially straight soft times. Now formidable weeks might get enough primary demands. Wide, industrial women used to develop so coherent	Books	arts	2.89	AAAAAAAAANOPCAAA	18053.480682373047	0.159875209527643
Desirable friends would reflect however other hands. Involved personnel find again. Good items care firmly physical democrats; entries recognize well just social services.	Books	arts	5.54	AAAAAAAAAOIKAAAA	17454.759773254395	0.15457314991498422
Small thousands must not monitor more questions. Basic, fortunate folk find ever for a arm	Books	arts	1.0	AAAAAAAAAOLIBAAA	5396.489980459213	0.047789397597003236
Dry items manage hard, following arms. Per	Books	arts	2.91	AAAAAAAAAOLJBAAA	25925.899810791016	0.22959055582505347
Huge telecommunications occur new bones. Hard rights may	Books	arts	0.29	AAAAAAAAAONKBAAA	37152.78005218506	0.329011817714298
Initiatives take on a imports. Nonethe	Books	arts	3.94	AAAAAAAAAPDICAAA	43569.80041503906	0.38583866972716885
New, expected possibilities will not determine with a areas. Great friends fall probably other elections; internal, professional conservatives respond. Early planes establish in 	Books	arts	7.03	AAAAAAAAAPEDAAAA	3052.71004486084	0.027033715361370135
Homes paint response	Books	arts	4.6	AAAAAAAAAPFLAAAA	28013.48956298828	0.24807750883496069
Periods shall 	Books	arts	2.27	AAAAAAAAAPGEAAAA	6038.859962463379	0.05347799788821782
Badly fine gifts should allow more clear, modern materials. For example sudden price	Books	arts	7.23	AAAAAAAAAPGPBAAA	13262.099983215332	0.11744444469720954
Elements could stand more	Books	arts	4.95	AAAAAAAAAPLNCAAA	10918.049880981445	0.09668636996185741
Badly outside representatives should tax original decisions. Signs trust well front, literary laws. Social sizes can involve for example to a effects. Lists might appear small purposes. Conv	Books	arts	1.48	AAAAAAAAAPODAAAA	6053.830154418945	0.05361056858844307
However compatible interests should not comment advisory games. High commitments could take problems	Books	arts	0.44	AAAAAAAAAPOOBAAA	17049.350219726562	0.15098298697327217
Gover	Books	arts	0.73	AAAAAAAABDAKCAAA	18571.099548339844	0.1644590582661692
Liberal rules would believe actions. Heavy classes used to analyse by a blacks; fields might not solve most young children. Very absolute hands try most able, senior shapes	Books	arts	7.77	AAAAAAAABDIJBAAA	12213.519836425781	0.10815859153548724
Desirable, clear patients should forgive in a thousands. Natural quan	Books	arts	7.19	AAAAAAAABDJECAAA	25919.18032836914	0.22953105047652733
Adjacent, clear subjects shall not say deeply else rough boundaries. 	Books	arts	4.14	AAAAAAAABDMADAAA	20326.3101272583	0.1800025794301356
Words would advance fo	Books	arts	2.4	AAAAAAAABEEABAAA	12104.239700317383	0.10719084548335903
Weekly shows cannot suppose	Books	arts	8.71	AAAAAAAABELFBAAA	40269.33057785034	0.35661088168763533
Whole, different improvements used to distinguish as possible scales. Once flat c	Books	arts	0.65	AAAAAAAABFDGBAAA	15743.020208358765	0.13941459260355982
Little days answer in a emotions; players touch.	Books	arts	2.58	AAAAAAAABFHDAAAA	24524.959915161133	0.21718432994041587
As model thousands respond rather. Pounds ought to dedu	Books	arts	1.63	AAAAAAAABFNMAAAA	24483.760009765625	0.2168194782188275
Direct, dark years spend now to a programmes. Local, grand employers should alert far games. Used, present friends follow. Written firms used to get eve	Books	arts	24.48	AAAAAAAABGFOCAAA	32316.150009155273	0.28618034077411614
Minor heads close common children; recently strong firms provide. Useful, young men ought to create changes. Popular, common regulations might decide. Points fit. Obvious, glad officials 	Books	arts	3.88	AAAAAAAABHDCAAAA	28340.63067626953	0.2509745542829342
Video-taped, easy buildings replace actually free, formal stars. Large others could not help. Things deal gently goods. Additional, mediterranean minutes describe no	Books	arts	9.36	AAAAAAAABIDKAAAA	40894.22102355957	0.3621446894168634
Very red months used to help until a drugs. As well remaining transactions choose plea	Books	arts	1.99	AAAAAAAABIHMAAAA	11623.089706420898	0.10292995211648982
Companies get personally. Clever customers keep then opinions. Well obvious centres mention further both great f	Books	arts	1.79	AAAAAAAABJGNCAAA	15412.740142822266	0.13648974970985636
Most original children face so. National, dead relationships must participate patients. Strong eyes result huge others. Medical hands can mean so high, proper minutes. Employees may not expect al	Books	arts	2.04	AAAAAAAABKBBDAAA	1653.6899719238281	0.014644490744281896
French books undergo so technical figures; beings test then friends. Top, constant proceedings will not face too. Weakly public cuts change organic, resp	Books	arts	2.01	AAAAAAAABKDIAAAA	17169.809692382812	0.1520497332572345
Different, wild members see in a areas. Stairs shall achieve able police. Relat	Books	arts	5.34	AAAAAAAABLOMCAAA	8533.519897460938	0.07556981978256103
Yet electronic keys could not serve followers. Very relevant advertisements include neither before new reforms. Local, quiet arms would know other, other candidat	Books	arts	7.4	AAAAAAAABMIKAAAA	18078.630126953125	0.16009792407186213
Key girls cannot come cars. Rumours would imagine	Books	arts	8.87	AAAAAAAABMLNAAAA	15519.229919433594	0.13743278532984685
Private laws make respectively	Books	arts	59.57	AAAAAAAABNMJCAAA	12650.740173339844	0.11203045947074537
Quiet files can return mentally to a drugs. So british colleagues must not let for a cultures. Skills end careful, reasonable masters. Things might finance more than however final votes. Expected, old	Books	arts	1.11	AAAAAAAABNNFCAAA	34041.35008239746	0.3014580995641981
Most different rules must step away defendants.	Books	arts	1.04	AAAAAAAABOBLBAAA	12637.620040893555	0.1119142722401063
Local, religious hours turn always other prices. Tonight subject stars bring firmly members; high, full-time officials find over positions. Benefits may not relax far so various bonds. Direct feat	Books	arts	9.66	AAAAAAAABOFFAAAA	7855.300224304199	0.06956374736586789
Time taken: 114.624 seconds, Fetched: 100 row(s)
hive> 