15/04/07 06:48:33 WARN conf.HiveConf: HiveConf of name hive.optimize.mapjoin.mapreduce does not exist
15/04/07 06:48:33 WARN conf.HiveConf: HiveConf of name hive.heapsize does not exist
15/04/07 06:48:33 WARN conf.HiveConf: HiveConf of name hive.server2.enable.impersonation does not exist
15/04/07 06:48:33 WARN conf.HiveConf: HiveConf of name hive.auto.convert.sortmerge.join.noconditionaltask does not exist

Logging initialized using configuration in file:/etc/hive/conf/hive-log4j.properties
SLF4J: Class path contains multiple SLF4J bindings.
SLF4J: Found binding in [jar:file:/usr/hdp/2.2.0.0-2041/hadoop/lib/slf4j-log4j12-1.7.5.jar!/org/slf4j/impl/StaticLoggerBinder.class]
SLF4J: Found binding in [jar:file:/usr/hdp/2.2.0.0-2041/hive/lib/hive-jdbc-0.14.0.2.2.0.0-2041-standalone.jar!/org/slf4j/impl/StaticLoggerBinder.class]
SLF4J: See http://www.slf4j.org/codes.html#multiple_bindings for an explanation.
SLF4J: Actual binding is of type [org.slf4j.impl.Log4jLoggerFactory]
hive> use tpcds_bin_partitioned_orc_100; source query18.sql;
OK
Time taken: 2.886 seconds
Query ID = root_20150407064848_08192eb7-765a-4b1e-aa03-2b8fea4187d0
Total jobs = 2
SLF4J: Class path contains multiple SLF4J bindings.
SLF4J: Found binding in [jar:file:/usr/hdp/2.2.0.0-2041/hadoop/lib/slf4j-log4j12-1.7.5.jar!/org/slf4j/impl/StaticLoggerBinder.class]
SLF4J: Found binding in [jar:file:/usr/hdp/2.2.0.0-2041/hive/lib/hive-jdbc-0.14.0.2.2.0.0-2041-standalone.jar!/org/slf4j/impl/StaticLoggerBinder.class]
SLF4J: See http://www.slf4j.org/codes.html#multiple_bindings for an explanation.
SLF4J: Actual binding is of type [org.slf4j.impl.Log4jLoggerFactory]
15/04/07 06:49:01 WARN conf.HiveConf: HiveConf of name hive.optimize.mapjoin.mapreduce does not exist
15/04/07 06:49:01 WARN conf.HiveConf: HiveConf of name hive.heapsize does not exist
15/04/07 06:49:01 WARN conf.HiveConf: HiveConf of name hive.server2.enable.impersonation does not exist
15/04/07 06:49:01 WARN conf.HiveConf: HiveConf of name hive.auto.convert.sortmerge.join.noconditionaltask does not exist
Execution log at: /tmp/root/root_20150407064848_08192eb7-765a-4b1e-aa03-2b8fea4187d0.log
2015-04-07 06:49:02	Starting to launch local task to process map join;	maximum memory = 1065484288
2015-04-07 06:49:15	Processing rows:	200000	Hashtable size:	199999	Memory usage:	162686520	percentage:	0.153
2015-04-07 06:49:16	Processing rows:	200000	Hashtable size:	199999	Memory usage:	184744472	percentage:	0.173
2015-04-07 06:49:16	Processing rows:	300000	Hashtable size:	299999	Memory usage:	195037592	percentage:	0.183
2015-04-07 06:49:16	Processing rows:	400000	Hashtable size:	399999	Memory usage:	202883096	percentage:	0.19
2015-04-07 06:49:17	Processing rows:	500000	Hashtable size:	499999	Memory usage:	211231176	percentage:	0.198
2015-04-07 06:49:17	Processing rows:	600000	Hashtable size:	599999	Memory usage:	224476248	percentage:	0.211
2015-04-07 06:49:17	Processing rows:	700000	Hashtable size:	699999	Memory usage:	235827208	percentage:	0.221
2015-04-07 06:49:17	Processing rows:	800000	Hashtable size:	799999	Memory usage:	243524648	percentage:	0.229
2015-04-07 06:49:18	Processing rows:	900000	Hashtable size:	899999	Memory usage:	251435896	percentage:	0.236
2015-04-07 06:49:18	Processing rows:	1000000	Hashtable size:	999999	Memory usage:	262555856	percentage:	0.246
2015-04-07 06:49:18	Processing rows:	1100000	Hashtable size:	1099999	Memory usage:	276391552	percentage:	0.259
2015-04-07 06:49:18	Processing rows:	1200000	Hashtable size:	1199999	Memory usage:	287509160	percentage:	0.27
2015-04-07 06:49:19	Processing rows:	1300000	Hashtable size:	1299999	Memory usage:	283072584	percentage:	0.266
2015-04-07 06:49:19	Processing rows:	1400000	Hashtable size:	1399999	Memory usage:	294310616	percentage:	0.276
2015-04-07 06:49:20	Processing rows:	1500000	Hashtable size:	1499999	Memory usage:	301131712	percentage:	0.283
2015-04-07 06:49:20	Processing rows:	1600000	Hashtable size:	1599999	Memory usage:	312107392	percentage:	0.293
2015-04-07 06:49:20	Processing rows:	1700000	Hashtable size:	1699999	Memory usage:	318731112	percentage:	0.299
2015-04-07 06:49:20	Processing rows:	1800000	Hashtable size:	1799999	Memory usage:	330090832	percentage:	0.31
2015-04-07 06:49:21	Processing rows:	1900000	Hashtable size:	1899999	Memory usage:	336675784	percentage:	0.316
2015-04-07 06:49:23	Processing rows:	200000	Hashtable size:	199999	Memory usage:	421843992	percentage:	0.396
2015-04-07 06:49:24	Processing rows:	300000	Hashtable size:	299999	Memory usage:	449298072	percentage:	0.422
2015-04-07 06:49:24	Processing rows:	400000	Hashtable size:	399999	Memory usage:	481811176	percentage:	0.452
2015-04-07 06:49:26	Processing rows:	500000	Hashtable size:	499999	Memory usage:	521536656	percentage:	0.489
2015-04-07 06:49:26	Processing rows:	600000	Hashtable size:	599999	Memory usage:	547810328	percentage:	0.514
2015-04-07 06:49:26	Processing rows:	700000	Hashtable size:	699999	Memory usage:	575566824	percentage:	0.54
2015-04-07 06:49:29	Processing rows:	800000	Hashtable size:	799999	Memory usage:	584307704	percentage:	0.548
2015-04-07 06:49:29	Processing rows:	900000	Hashtable size:	899999	Memory usage:	616486416	percentage:	0.579
Execution failed with exit status: 3
Obtaining error information

Task failed!
Task ID:
  Stage-21

Logs:

/tmp/root/hive.log
FAILED: Execution Error, return code 3 from org.apache.hadoop.hive.ql.exec.mr.MapredLocalTask
hive> 