15/04/07 06:49:33 WARN conf.HiveConf: HiveConf of name hive.optimize.mapjoin.mapreduce does not exist
15/04/07 06:49:33 WARN conf.HiveConf: HiveConf of name hive.heapsize does not exist
15/04/07 06:49:33 WARN conf.HiveConf: HiveConf of name hive.server2.enable.impersonation does not exist
15/04/07 06:49:33 WARN conf.HiveConf: HiveConf of name hive.auto.convert.sortmerge.join.noconditionaltask does not exist

Logging initialized using configuration in file:/etc/hive/conf/hive-log4j.properties
SLF4J: Class path contains multiple SLF4J bindings.
SLF4J: Found binding in [jar:file:/usr/hdp/2.2.0.0-2041/hadoop/lib/slf4j-log4j12-1.7.5.jar!/org/slf4j/impl/StaticLoggerBinder.class]
SLF4J: Found binding in [jar:file:/usr/hdp/2.2.0.0-2041/hive/lib/hive-jdbc-0.14.0.2.2.0.0-2041-standalone.jar!/org/slf4j/impl/StaticLoggerBinder.class]
SLF4J: See http://www.slf4j.org/codes.html#multiple_bindings for an explanation.
SLF4J: Actual binding is of type [org.slf4j.impl.Log4jLoggerFactory]
hive> use tpcds_bin_partitioned_orc_100; source query19.sql;
OK
Time taken: 2.99 seconds
Query ID = root_20150407064949_45113e1e-e2fb-4b39-8b9c-be97177aae4e
Total jobs = 2
SLF4J: Class path contains multiple SLF4J bindings.
SLF4J: Found binding in [jar:file:/usr/hdp/2.2.0.0-2041/hadoop/lib/slf4j-log4j12-1.7.5.jar!/org/slf4j/impl/StaticLoggerBinder.class]
SLF4J: Found binding in [jar:file:/usr/hdp/2.2.0.0-2041/hive/lib/hive-jdbc-0.14.0.2.2.0.0-2041-standalone.jar!/org/slf4j/impl/StaticLoggerBinder.class]
SLF4J: See http://www.slf4j.org/codes.html#multiple_bindings for an explanation.
SLF4J: Actual binding is of type [org.slf4j.impl.Log4jLoggerFactory]
15/04/07 06:50:02 WARN conf.HiveConf: HiveConf of name hive.optimize.mapjoin.mapreduce does not exist
15/04/07 06:50:02 WARN conf.HiveConf: HiveConf of name hive.heapsize does not exist
15/04/07 06:50:02 WARN conf.HiveConf: HiveConf of name hive.server2.enable.impersonation does not exist
15/04/07 06:50:02 WARN conf.HiveConf: HiveConf of name hive.auto.convert.sortmerge.join.noconditionaltask does not exist
Execution log at: /tmp/root/root_20150407064949_45113e1e-e2fb-4b39-8b9c-be97177aae4e.log
2015-04-07 06:50:03	Starting to launch local task to process map join;	maximum memory = 1065484288
2015-04-07 06:50:10	Processing rows:	200000	Hashtable size:	199999	Memory usage:	62748984	percentage:	0.059
2015-04-07 06:50:11	Processing rows:	300000	Hashtable size:	299999	Memory usage:	90890320	percentage:	0.085
2015-04-07 06:50:11	Processing rows:	400000	Hashtable size:	399999	Memory usage:	116908832	percentage:	0.11
2015-04-07 06:50:12	Processing rows:	500000	Hashtable size:	499999	Memory usage:	142609744	percentage:	0.134
2015-04-07 06:50:13	Processing rows:	600000	Hashtable size:	599999	Memory usage:	169085320	percentage:	0.159
2015-04-07 06:50:14	Processing rows:	700000	Hashtable size:	699999	Memory usage:	195220784	percentage:	0.183
2015-04-07 06:50:14	Processing rows:	800000	Hashtable size:	799999	Memory usage:	221154232	percentage:	0.208
2015-04-07 06:50:15	Processing rows:	900000	Hashtable size:	899999	Memory usage:	246913816	percentage:	0.232
2015-04-07 06:50:17	Processing rows:	1000000	Hashtable size:	999999	Memory usage:	270929984	percentage:	0.254
2015-04-07 06:50:17	Processing rows:	200000	Hashtable size:	199999	Memory usage:	329221384	percentage:	0.309
2015-04-07 06:50:18	Processing rows:	300000	Hashtable size:	299999	Memory usage:	354354720	percentage:	0.333
2015-04-07 06:50:19	Processing rows:	400000	Hashtable size:	399999	Memory usage:	376980648	percentage:	0.354
2015-04-07 06:50:19	Processing rows:	500000	Hashtable size:	499999	Memory usage:	399499616	percentage:	0.375
2015-04-07 06:50:20	Processing rows:	600000	Hashtable size:	599999	Memory usage:	426329464	percentage:	0.40
2015-04-07 06:50:21	Processing rows:	700000	Hashtable size:	699999	Memory usage:	449274192	percentage:	0.422
2015-04-07 06:50:21	Processing rows:	800000	Hashtable size:	799999	Memory usage:	471145704	percentage:	0.442
2015-04-07 06:50:23	Processing rows:	900000	Hashtable size:	899999	Memory usage:	502422752	percentage:	0.472
2015-04-07 06:50:23	Processing rows:	1000000	Hashtable size:	999999	Memory usage:	529154720	percentage:	0.497
2015-04-07 06:50:23	Processing rows:	1100000	Hashtable size:	1099999	Memory usage:	555136192	percentage:	0.521
2015-04-07 06:50:23	Processing rows:	1200000	Hashtable size:	1199999	Memory usage:	579900336	percentage:	0.544
2015-04-07 06:50:25	Processing rows:	1300000	Hashtable size:	1299999	Memory usage:	575570960	percentage:	0.54
2015-04-07 06:50:26	Processing rows:	1400000	Hashtable size:	1399999	Memory usage:	596690864	percentage:	0.56
Execution failed with exit status: 3
Obtaining error information

Task failed!
Task ID:
  Stage-16

Logs:

/tmp/root/hive.log
FAILED: Execution Error, return code 3 from org.apache.hadoop.hive.ql.exec.mr.MapredLocalTask
hive> 