15/04/07 15:37:05 WARN conf.HiveConf: HiveConf of name hive.optimize.mapjoin.mapreduce does not exist
15/04/07 15:37:05 WARN conf.HiveConf: HiveConf of name hive.heapsize does not exist
15/04/07 15:37:05 WARN conf.HiveConf: HiveConf of name hive.server2.enable.impersonation does not exist
15/04/07 15:37:05 WARN conf.HiveConf: HiveConf of name hive.auto.convert.sortmerge.join.noconditionaltask does not exist

Logging initialized using configuration in file:/etc/hive/conf/hive-log4j.properties
SLF4J: Class path contains multiple SLF4J bindings.
SLF4J: Found binding in [jar:file:/usr/hdp/2.2.0.0-2041/hadoop/lib/slf4j-log4j12-1.7.5.jar!/org/slf4j/impl/StaticLoggerBinder.class]
SLF4J: Found binding in [jar:file:/usr/hdp/2.2.0.0-2041/hive/lib/hive-jdbc-0.14.0.2.2.0.0-2041-standalone.jar!/org/slf4j/impl/StaticLoggerBinder.class]
SLF4J: See http://www.slf4j.org/codes.html#multiple_bindings for an explanation.
SLF4J: Actual binding is of type [org.slf4j.impl.Log4jLoggerFactory]
hive> use tpcds_bin_partitioned_orc_100; source query80.sql;
OK
Time taken: 2.782 seconds
Query ID = root_20150407153737_606393c5-f7ba-4429-9744-00a690498df2
Total jobs = 7
Stage-20 is selected by condition resolver.
Stage-27 is selected by condition resolver.
SLF4J: Class path contains multiple SLF4J bindings.
SLF4J: Found binding in [jar:file:/usr/hdp/2.2.0.0-2041/hadoop/lib/slf4j-log4j12-1.7.5.jar!/org/slf4j/impl/StaticLoggerBinder.class]
SLF4J: Found binding in [jar:file:/usr/hdp/2.2.0.0-2041/hive/lib/hive-jdbc-0.14.0.2.2.0.0-2041-standalone.jar!/org/slf4j/impl/StaticLoggerBinder.class]
SLF4J: See http://www.slf4j.org/codes.html#multiple_bindings for an explanation.
SLF4J: Actual binding is of type [org.slf4j.impl.Log4jLoggerFactory]
15/04/07 15:37:56 WARN conf.HiveConf: HiveConf of name hive.optimize.mapjoin.mapreduce does not exist
15/04/07 15:37:56 WARN conf.HiveConf: HiveConf of name hive.heapsize does not exist
15/04/07 15:37:56 WARN conf.HiveConf: HiveConf of name hive.server2.enable.impersonation does not exist
15/04/07 15:37:56 WARN conf.HiveConf: HiveConf of name hive.auto.convert.sortmerge.join.noconditionaltask does not exist
Execution log at: /tmp/root/root_20150407153737_606393c5-f7ba-4429-9744-00a690498df2.log
2015-04-07 03:37:58	Starting to launch local task to process map join;	maximum memory = 1065484288
2015-04-07 03:38:11	Processing rows:	200000	Hashtable size:	199999	Memory usage:	78028344	percentage:	0.073
2015-04-07 03:38:13	Processing rows:	300000	Hashtable size:	299999	Memory usage:	106508304	percentage:	0.10
2015-04-07 03:38:15	Processing rows:	400000	Hashtable size:	399999	Memory usage:	135295528	percentage:	0.127
2015-04-07 03:38:16	Processing rows:	500000	Hashtable size:	499999	Memory usage:	150406232	percentage:	0.141
2015-04-07 03:38:17	Processing rows:	600000	Hashtable size:	599999	Memory usage:	174136288	percentage:	0.163
2015-04-07 03:38:19	Processing rows:	700000	Hashtable size:	699999	Memory usage:	205049840	percentage:	0.192
2015-04-07 03:38:21	Processing rows:	800000	Hashtable size:	799999	Memory usage:	243736440	percentage:	0.229
2015-04-07 03:38:23	Processing rows:	900000	Hashtable size:	899999	Memory usage:	283446976	percentage:	0.266
2015-04-07 03:38:26	Processing rows:	1000000	Hashtable size:	999999	Memory usage:	293127288	percentage:	0.275
2015-04-07 03:38:29	Processing rows:	1100000	Hashtable size:	1099999	Memory usage:	313193992	percentage:	0.294
2015-04-07 03:38:30	Processing rows:	1200000	Hashtable size:	1199999	Memory usage:	340160056	percentage:	0.319
2015-04-07 03:38:33	Processing rows:	1300000	Hashtable size:	1299999	Memory usage:	368261584	percentage:	0.346
2015-04-07 03:38:34	Processing rows:	1400000	Hashtable size:	1399999	Memory usage:	409484584	percentage:	0.384
2015-04-07 03:38:36	Processing rows:	1500000	Hashtable size:	1499999	Memory usage:	435577296	percentage:	0.409
2015-04-07 03:38:39	Processing rows:	1600000	Hashtable size:	1599999	Memory usage:	490838000	percentage:	0.461
2015-04-07 03:38:41	Processing rows:	1700000	Hashtable size:	1699999	Memory usage:	503213536	percentage:	0.472
2015-04-07 03:38:44	Processing rows:	1800000	Hashtable size:	1799999	Memory usage:	505956336	percentage:	0.475
2015-04-07 03:38:45	Processing rows:	1900000	Hashtable size:	1899999	Memory usage:	533863016	percentage:	0.501
2015-04-07 03:38:46	Processing rows:	2000000	Hashtable size:	1999999	Memory usage:	560369216	percentage:	0.526
2015-04-07 03:38:50	Processing rows:	2100000	Hashtable size:	2099999	Memory usage:	583943376	percentage:	0.548
2015-04-07 03:38:51	Processing rows:	2200000	Hashtable size:	2199999	Memory usage:	632471176	percentage:	0.594
Execution failed with exit status: 3
Obtaining error information

Task failed!
Task ID:
  Stage-49

Logs:

/tmp/root/hive.log
FAILED: Execution Error, return code 3 from org.apache.hadoop.hive.ql.exec.mr.MapredLocalTask
hive> 