15/04/07 15:21:25 WARN conf.HiveConf: HiveConf of name hive.optimize.mapjoin.mapreduce does not exist
15/04/07 15:21:25 WARN conf.HiveConf: HiveConf of name hive.heapsize does not exist
15/04/07 15:21:25 WARN conf.HiveConf: HiveConf of name hive.server2.enable.impersonation does not exist
15/04/07 15:21:25 WARN conf.HiveConf: HiveConf of name hive.auto.convert.sortmerge.join.noconditionaltask does not exist

Logging initialized using configuration in file:/etc/hive/conf/hive-log4j.properties
SLF4J: Class path contains multiple SLF4J bindings.
SLF4J: Found binding in [jar:file:/usr/hdp/2.2.0.0-2041/hadoop/lib/slf4j-log4j12-1.7.5.jar!/org/slf4j/impl/StaticLoggerBinder.class]
SLF4J: Found binding in [jar:file:/usr/hdp/2.2.0.0-2041/hive/lib/hive-jdbc-0.14.0.2.2.0.0-2041-standalone.jar!/org/slf4j/impl/StaticLoggerBinder.class]
SLF4J: See http://www.slf4j.org/codes.html#multiple_bindings for an explanation.
SLF4J: Actual binding is of type [org.slf4j.impl.Log4jLoggerFactory]
hive> use tpcds_bin_partitioned_orc_100; source query73.sql;
OK
Time taken: 3.037 seconds
Query ID = root_20150407152121_5d44fd76-8b78-416d-85c1-2b1a0b3223f6
Total jobs = 2
SLF4J: Class path contains multiple SLF4J bindings.
SLF4J: Found binding in [jar:file:/usr/hdp/2.2.0.0-2041/hadoop/lib/slf4j-log4j12-1.7.5.jar!/org/slf4j/impl/StaticLoggerBinder.class]
SLF4J: Found binding in [jar:file:/usr/hdp/2.2.0.0-2041/hive/lib/hive-jdbc-0.14.0.2.2.0.0-2041-standalone.jar!/org/slf4j/impl/StaticLoggerBinder.class]
SLF4J: See http://www.slf4j.org/codes.html#multiple_bindings for an explanation.
SLF4J: Actual binding is of type [org.slf4j.impl.Log4jLoggerFactory]
15/04/07 15:21:52 WARN conf.HiveConf: HiveConf of name hive.optimize.mapjoin.mapreduce does not exist
15/04/07 15:21:52 WARN conf.HiveConf: HiveConf of name hive.heapsize does not exist
15/04/07 15:21:52 WARN conf.HiveConf: HiveConf of name hive.server2.enable.impersonation does not exist
15/04/07 15:21:52 WARN conf.HiveConf: HiveConf of name hive.auto.convert.sortmerge.join.noconditionaltask does not exist
Execution log at: /tmp/root/root_20150407152121_5d44fd76-8b78-416d-85c1-2b1a0b3223f6.log
2015-04-07 03:21:53	Starting to launch local task to process map join;	maximum memory = 1065484288
2015-04-07 03:21:58	Dump the side-table for tag: 1 with group count: 1040 into file: file:/tmp/root/aba31760-2cf6-458b-af10-93ca0684e008/hive_2015-04-07_15-21-32_367_5124775871854834190-1/-local-10011/HashTable-Stage-2/MapJoin-mapfile11--.hashtable
2015-04-07 03:21:58	Uploaded 1 File to: file:/tmp/root/aba31760-2cf6-458b-af10-93ca0684e008/hive_2015-04-07_15-21-32_367_5124775871854834190-1/-local-10011/HashTable-Stage-2/MapJoin-mapfile11--.hashtable (35270 bytes)
2015-04-07 03:21:58	Dump the side-table for tag: 1 with group count: 50 into file: file:/tmp/root/aba31760-2cf6-458b-af10-93ca0684e008/hive_2015-04-07_15-21-32_367_5124775871854834190-1/-local-10011/HashTable-Stage-2/MapJoin-mapfile21--.hashtable
2015-04-07 03:21:58	Uploaded 1 File to: file:/tmp/root/aba31760-2cf6-458b-af10-93ca0684e008/hive_2015-04-07_15-21-32_367_5124775871854834190-1/-local-10011/HashTable-Stage-2/MapJoin-mapfile21--.hashtable (2075 bytes)
2015-04-07 03:21:58	Dump the side-table for tag: 1 with group count: 72 into file: file:/tmp/root/aba31760-2cf6-458b-af10-93ca0684e008/hive_2015-04-07_15-21-32_367_5124775871854834190-1/-local-10011/HashTable-Stage-2/MapJoin-mapfile31--.hashtable
2015-04-07 03:21:58	Uploaded 1 File to: file:/tmp/root/aba31760-2cf6-458b-af10-93ca0684e008/hive_2015-04-07_15-21-32_367_5124775871854834190-1/-local-10011/HashTable-Stage-2/MapJoin-mapfile31--.hashtable (2140 bytes)
2015-04-07 03:21:58	End of local task; Time Taken: 4.905 sec.
Execution completed successfully
MapredLocal task succeeded
Launching Job 1 out of 2
Number of reduce tasks not specified. Estimated from input data size: 179
In order to change the average load for a reducer (in bytes):
  set hive.exec.reducers.bytes.per.reducer=<number>
In order to limit the maximum number of reducers:
  set hive.exec.reducers.max=<number>
In order to set a constant number of reducers:
  set mapreduce.job.reduces=<number>
Starting Job = job_1428405026382_0144, Tracking URL = http://f01hn02.hadoop:8088/proxy/application_1428405026382_0144/
Kill Command = /usr/hdp/2.2.0.0-2041/hadoop/bin/hadoop job  -kill job_1428405026382_0144
Hadoop job information for Stage-2: number of mappers: 46; number of reducers: 179
2015-04-07 15:22:18,540 Stage-2 map = 0%,  reduce = 0%
2015-04-07 15:22:28,271 Stage-2 map = 3%,  reduce = 0%, Cumulative CPU 23.61 sec
2015-04-07 15:22:29,355 Stage-2 map = 39%,  reduce = 0%, Cumulative CPU 384.66 sec
2015-04-07 15:22:30,438 Stage-2 map = 40%,  reduce = 0%, Cumulative CPU 386.16 sec
2015-04-07 15:22:31,483 Stage-2 map = 64%,  reduce = 0%, Cumulative CPU 425.09 sec
2015-04-07 15:22:32,548 Stage-2 map = 99%,  reduce = 0%, Cumulative CPU 511.01 sec
2015-04-07 15:22:33,591 Stage-2 map = 100%,  reduce = 0%, Cumulative CPU 511.55 sec
2015-04-07 15:22:36,792 Stage-2 map = 100%,  reduce = 17%, Cumulative CPU 583.13 sec
2015-04-07 15:22:37,848 Stage-2 map = 100%,  reduce = 23%, Cumulative CPU 608.23 sec
2015-04-07 15:22:38,903 Stage-2 map = 100%,  reduce = 28%, Cumulative CPU 629.97 sec
2015-04-07 15:22:39,979 Stage-2 map = 100%,  reduce = 35%, Cumulative CPU 657.82 sec
2015-04-07 15:22:41,033 Stage-2 map = 100%,  reduce = 49%, Cumulative CPU 720.62 sec
2015-04-07 15:22:42,076 Stage-2 map = 100%,  reduce = 56%, Cumulative CPU 749.47 sec
2015-04-07 15:22:43,129 Stage-2 map = 100%,  reduce = 66%, Cumulative CPU 792.89 sec
2015-04-07 15:22:44,184 Stage-2 map = 100%,  reduce = 75%, Cumulative CPU 829.31 sec
2015-04-07 15:22:45,241 Stage-2 map = 100%,  reduce = 94%, Cumulative CPU 914.46 sec
2015-04-07 15:22:46,293 Stage-2 map = 100%,  reduce = 100%, Cumulative CPU 937.56 sec
MapReduce Total cumulative CPU time: 15 minutes 37 seconds 560 msec
Ended Job = job_1428405026382_0144
SLF4J: Class path contains multiple SLF4J bindings.
SLF4J: Found binding in [jar:file:/usr/hdp/2.2.0.0-2041/hadoop/lib/slf4j-log4j12-1.7.5.jar!/org/slf4j/impl/StaticLoggerBinder.class]
SLF4J: Found binding in [jar:file:/usr/hdp/2.2.0.0-2041/hive/lib/hive-jdbc-0.14.0.2.2.0.0-2041-standalone.jar!/org/slf4j/impl/StaticLoggerBinder.class]
SLF4J: See http://www.slf4j.org/codes.html#multiple_bindings for an explanation.
SLF4J: Actual binding is of type [org.slf4j.impl.Log4jLoggerFactory]
15/04/07 15:22:52 WARN conf.HiveConf: HiveConf of name hive.optimize.mapjoin.mapreduce does not exist
15/04/07 15:22:52 WARN conf.HiveConf: HiveConf of name hive.heapsize does not exist
15/04/07 15:22:52 WARN conf.HiveConf: HiveConf of name hive.server2.enable.impersonation does not exist
15/04/07 15:22:52 WARN conf.HiveConf: HiveConf of name hive.auto.convert.sortmerge.join.noconditionaltask does not exist
Execution log at: /tmp/root/root_20150407152121_5d44fd76-8b78-416d-85c1-2b1a0b3223f6.log
2015-04-07 03:22:53	Starting to launch local task to process map join;	maximum memory = 1065484288
2015-04-07 03:23:00	Processing rows:	200000	Hashtable size:	199999	Memory usage:	96484048	percentage:	0.091
2015-04-07 03:23:02	Processing rows:	300000	Hashtable size:	299999	Memory usage:	138325664	percentage:	0.13
2015-04-07 03:23:03	Processing rows:	400000	Hashtable size:	399999	Memory usage:	179614144	percentage:	0.169
2015-04-07 03:23:04	Processing rows:	500000	Hashtable size:	499999	Memory usage:	220832128	percentage:	0.207
2015-04-07 03:23:05	Processing rows:	600000	Hashtable size:	599999	Memory usage:	264127448	percentage:	0.248
2015-04-07 03:23:06	Processing rows:	700000	Hashtable size:	699999	Memory usage:	305407536	percentage:	0.287
2015-04-07 03:23:07	Processing rows:	800000	Hashtable size:	799999	Memory usage:	346453240	percentage:	0.325
2015-04-07 03:23:08	Processing rows:	900000	Hashtable size:	899999	Memory usage:	396294112	percentage:	0.372
2015-04-07 03:23:09	Processing rows:	1000000	Hashtable size:	999999	Memory usage:	446387016	percentage:	0.419
2015-04-07 03:23:11	Processing rows:	1100000	Hashtable size:	1099999	Memory usage:	469458392	percentage:	0.441
2015-04-07 03:23:12	Processing rows:	1200000	Hashtable size:	1199999	Memory usage:	510767280	percentage:	0.479
2015-04-07 03:23:12	Processing rows:	1300000	Hashtable size:	1299999	Memory usage:	551634048	percentage:	0.518
2015-04-07 03:23:14	Processing rows:	1400000	Hashtable size:	1399999	Memory usage:	593124568	percentage:	0.557
2015-04-07 03:23:14	Processing rows:	1500000	Hashtable size:	1499999	Memory usage:	634257040	percentage:	0.595
2015-04-07 03:23:14	Processing rows:	1600000	Hashtable size:	1599999	Memory usage:	675223240	percentage:	0.634
2015-04-07 03:23:17	Processing rows:	1700000	Hashtable size:	1699999	Memory usage:	716014200	percentage:	0.672
2015-04-07 03:23:17	Processing rows:	1800000	Hashtable size:	1799999	Memory usage:	756435824	percentage:	0.71
2015-04-07 03:23:17	Processing rows:	1900000	Hashtable size:	1899999	Memory usage:	798814824	percentage:	0.75
2015-04-07 03:23:20	Processing rows:	2000000	Hashtable size:	1999999	Memory usage:	841282984	percentage:	0.79
2015-04-07 03:23:20	Dump the side-table for tag: 1 with group count: 2000000 into file: file:/tmp/root/aba31760-2cf6-458b-af10-93ca0684e008/hive_2015-04-07_15-21-32_367_5124775871854834190-1/-local-10009/HashTable-Stage-4/MapJoin-mapfile01--.hashtable
2015-04-07 03:23:23	Uploaded 1 File to: file:/tmp/root/aba31760-2cf6-458b-af10-93ca0684e008/hive_2015-04-07_15-21-32_367_5124775871854834190-1/-local-10009/HashTable-Stage-4/MapJoin-mapfile01--.hashtable (83630525 bytes)
2015-04-07 03:23:23	End of local task; Time Taken: 30.106 sec.
Execution completed successfully
MapredLocal task succeeded
Launching Job 2 out of 2
Number of reduce tasks determined at compile time: 1
In order to change the average load for a reducer (in bytes):
  set hive.exec.reducers.bytes.per.reducer=<number>
In order to limit the maximum number of reducers:
  set hive.exec.reducers.max=<number>
In order to set a constant number of reducers:
  set mapreduce.job.reduces=<number>
Starting Job = job_1428405026382_0145, Tracking URL = http://f01hn02.hadoop:8088/proxy/application_1428405026382_0145/
Kill Command = /usr/hdp/2.2.0.0-2041/hadoop/bin/hadoop job  -kill job_1428405026382_0145
Hadoop job information for Stage-4: number of mappers: 4; number of reducers: 1
2015-04-07 15:23:35,435 Stage-4 map = 0%,  reduce = 0%
2015-04-07 15:23:50,589 Stage-4 map = 50%,  reduce = 0%, Cumulative CPU 159.26 sec
2015-04-07 15:23:51,665 Stage-4 map = 100%,  reduce = 0%, Cumulative CPU 251.98 sec
2015-04-07 15:23:57,023 Stage-4 map = 100%,  reduce = 100%, Cumulative CPU 370.36 sec
MapReduce Total cumulative CPU time: 6 minutes 10 seconds 360 msec
Ended Job = job_1428405026382_0145
MapReduce Jobs Launched: 
Stage-Stage-2: Map: 46  Reduce: 179   Cumulative CPU: 937.56 sec   HDFS Read: 991738418 HDFS Write: 18419 SUCCESS
Stage-Stage-4: Map: 4  Reduce: 1   Cumulative CPU: 370.36 sec   HDFS Read: 65718 HDFS Write: 1442 SUCCESS
Total MapReduce CPU Time Spent: 21 minutes 47 seconds 920 msec
OK
Norris	Olga	Dr.	N	19756721	5
Mcfarlane	Timothy	Dr.	N	14213315	5
Rauch	David	Dr.	Y	13809955	5
Bradshaw	Rosa	Miss	Y	2657194	5
Miller	Jennifer	Miss	Y	12660363	5
Smith	Charles	Sir	Y	23243572	5
Davis	Flora	Dr.	N	16684309	5
Woods	Preston	Mr.	Y	4476611	5
Thurston	Harry	Dr.	Y	6747823	5
Baker	Leanne	Mrs.	N	14005962	5
Marino	Cristen	Dr.	N	4326868	5
Hand	Rosalyn	Ms.	N	12534655	5
Cook	Dorothy	Mrs.	Y	83518	5
Jenkins	Jason	Sir	Y	22353085	5
Chambers	Andrew	Dr.	Y	13289088	5
Queen	Gabriella	Mrs.	Y	9359721	5
Chandler	Linda	Ms.	Y	16048233	5
Albright	Mario	Sir	N	12927870	5
Crutcher	Anthony	Miss	N	2956217	5
Prieto	Nicole	Miss	N	69676	5
Elliott	Emily	Mrs.	Y	13447001	5
Burgess	Kathlene	Miss	N	11077670	5
Ferry	Janice	Mrs.	Y	21574046	5
Villarreal	Polly	Ms.	Y	18713176	5
Pruitt	Gladys	Miss	Y	4721717	5
Gilson	Jeffery	Mr.	N	22226391	5
Wright		Miss		17152919	5
Bermudez	Robert	Sir	N	19701088	5
Aguilar	Concepcion	Ms.	Y	658867	5
Langston	James	Mr.	N	1666595	5
Warren	Ian	Sir	Y	715378	5
Jenkins	Roger	Sir	Y	14010119	5
Lara	Charles	Sir	N	23589854	5
Hart	Matthew	Sir	N	8540096	5
Henry	Joseph	Dr.	Y	6368172	5
Khan	Marshall	Dr.	Y	21211528	5
Michael	Dorothy	Dr.	N	400314	5
Harrison	John	Dr.	Y	20518382	5
Davis	William	Mr.	N	6499453	5
Wells	Sheri	Dr.	N	17729579	5
Blankenship	James	Sir	N	20073312	5
Clifford	Israel	Sir	N	11289191	5
Small	Rachal	Mrs.	Y	15238534	5
	Janna	Dr.	Y	23876043	4
Sharp	Gary	Dr.	N	16361198	4
	Maxine			7866117	4
Shelton	Ashley	Miss	N	20290585	4
Time taken: 145.768 seconds, Fetched: 47 row(s)
hive> 