Format csv is deprecated, please use csv2
Connecting to jdbc:hive2://h01hn02:10500/tpcds_bin_partitioned_orc_1000
Connected to: Apache Hive (version 2.1.0.2.5.1.0-43)
Driver: Hive JDBC (version 1.2.1000.2.5.1.0-43)
Transaction isolation: TRANSACTION_REPEATABLE_READ
Running init script bry.sql
No rows affected (0.035 seconds)
INFO  : Compiling command(queryId=hive_20161005093329_4a2890d2-2e70-4672-a87b-1521ba5d87b3): select  i_brand_id brand_id, i_brand brand,
 	sum(ss_ext_sales_price) ext_price
 from date_dim, store_sales, item
 where date_dim.d_date_sk = store_sales.ss_sold_date_sk
 	and store_sales.ss_item_sk = item.i_item_sk
 	and i_manager_id=36
 	and d_moy=12
 	and d_year=2001
 group by i_brand, i_brand_id
 order by ext_price desc, i_brand_id
limit 100
INFO  : Semantic Analysis Completed
INFO  : Returning Hive schema: Schema(fieldSchemas:[FieldSchema(name:brand_id, type:int, comment:null), FieldSchema(name:brand, type:string, comment:null), FieldSchema(name:ext_price, type:double, comment:null)], properties:null)
INFO  : Completed compiling command(queryId=hive_20161005093329_4a2890d2-2e70-4672-a87b-1521ba5d87b3); Time taken: 0.726 seconds
INFO  : Concurrency mode is disabled, not creating a lock manager
INFO  : Executing command(queryId=hive_20161005093329_4a2890d2-2e70-4672-a87b-1521ba5d87b3): select  i_brand_id brand_id, i_brand brand,
 	sum(ss_ext_sales_price) ext_price
 from date_dim, store_sales, item
 where date_dim.d_date_sk = store_sales.ss_sold_date_sk
 	and store_sales.ss_item_sk = item.i_item_sk
 	and i_manager_id=36
 	and d_moy=12
 	and d_year=2001
 group by i_brand, i_brand_id
 order by ext_price desc, i_brand_id
limit 100
INFO  : Query ID = hive_20161005093329_4a2890d2-2e70-4672-a87b-1521ba5d87b3
INFO  : Total jobs = 1
INFO  : Launching Job 1 out of 1
INFO  : Starting task [Stage-1:MAPRED] in serial mode
INFO  : Session is already open
INFO  : Dag name: select  i_brand_id brand_id, i_brand b...100(Stage-1)
INFO  : Setting tez.task.scale.memory.reserve-fraction to 0.30000001192092896
INFO  : 

INFO  : Status: Running (Executing on YARN cluster with App id application_1475632715284_0031)

INFO  : Map 1: 1/1	Map 2: 0(+31)/31	Map 5: 6/6	Reducer 3: 0/398	Reducer 4: 0/1	
INFO  : Map 1: 1/1	Map 2: 2(+29)/31	Map 5: 6/6	Reducer 3: 0/398	Reducer 4: 0/1	
INFO  : Map 1: 1/1	Map 2: 8(+23)/31	Map 5: 6/6	Reducer 3: 0/398	Reducer 4: 0/1	
INFO  : Map 1: 1/1	Map 2: 21(+10)/31	Map 5: 6/6	Reducer 3: 0/398	Reducer 4: 0/1	
INFO  : Map 1: 1/1	Map 2: 24(+7)/31	Map 5: 6/6	Reducer 3: 0(+50)/50	Reducer 4: 0/1	
INFO  : Map 1: 1/1	Map 2: 25(+6)/31	Map 5: 6/6	Reducer 3: 0(+50)/50	Reducer 4: 0/1	
INFO  : Map 1: 1/1	Map 2: 29(+2)/31	Map 5: 6/6	Reducer 3: 0(+50)/50	Reducer 4: 0/1	
INFO  : Map 1: 1/1	Map 2: 30(+1)/31	Map 5: 6/6	Reducer 3: 0(+50)/50	Reducer 4: 0/1	
INFO  : Map 1: 1/1	Map 2: 31/31	Map 5: 6/6	Reducer 3: 0(+50)/50	Reducer 4: 0/1	
INFO  : Map 1: 1/1	Map 2: 31/31	Map 5: 6/6	Reducer 3: 2(+48)/50	Reducer 4: 0/1	
INFO  : Map 1: 1/1	Map 2: 31/31	Map 5: 6/6	Reducer 3: 8(+42)/50	Reducer 4: 0/1	
INFO  : Map 1: 1/1	Map 2: 31/31	Map 5: 6/6	Reducer 3: 18(+32)/50	Reducer 4: 0(+1)/1	
INFO  : Map 1: 1/1	Map 2: 31/31	Map 5: 6/6	Reducer 3: 41(+9)/50	Reducer 4: 0(+1)/1	
INFO  : Map 1: 1/1	Map 2: 31/31	Map 5: 6/6	Reducer 3: 47(+3)/50	Reducer 4: 0(+1)/1	
INFO  : Map 1: 1/1	Map 2: 31/31	Map 5: 6/6	Reducer 3: 50/50	Reducer 4: 0(+1)/1	
INFO  : Map 1: 1/1	Map 2: 31/31	Map 5: 6/6	Reducer 3: 50/50	Reducer 4: 1/1	
INFO  : Status: DAG finished successfully in 4.80 seconds
INFO  : 
INFO  : Query Execution Summary
INFO  : ----------------------------------------------------------------------------------------------
INFO  : ----------------------------------------------------------------------------------------------
INFO  : Compile Query                           0.73s
INFO  : Prepare Plan                            0.24s
INFO  : Submit Plan                             0.17s
INFO  : Start DAG                               0.20s
INFO  : Run DAG                                 4.80s
INFO  : ----------------------------------------------------------------------------------------------
INFO  : 
INFO  : Task Execution Summary
INFO  : --------------------------------------------------------------------------------------------------------------------------------
INFO  : --------------------------------------------------------------------------------------------------------------------------------
INFO  :      Map 1            1                0             0           0.00             0            0         10,000              31
INFO  :      Map 2           31                0             0        1811.00             0            0     93,134,161          23,653
INFO  :      Map 5            6                0             0           0.00             0            0        300,000           2,724
INFO  :  Reducer 3           50                0             0        3642.00             0            0         23,653             763
INFO  :  Reducer 4            1                0             0        2387.00             0            0            763               0
INFO  : --------------------------------------------------------------------------------------------------------------------------------
INFO  : 
INFO  : LLAP IO Summary
INFO  : ----------------------------------------------------------------------------------------------
INFO  : ----------------------------------------------------------------------------------------------
INFO  :      Map 1         1         2          0    1.91KB         0B          0B       0B     0.00s
INFO  :      Map 2      9367       155          0  648.03MB         0B          0B       0B    12.04s
INFO  :      Map 5        31        12          0    1.68MB         0B          0B       0B     0.02s
INFO  : ----------------------------------------------------------------------------------------------
INFO  : 
INFO  : FileSystem Counters Summary
INFO  : 
INFO  : ----------------------------------------------------------------------------------------------
INFO  : ----------------------------------------------------------------------------------------------
INFO  :      Map 1              0B             0                  0               184B             0
INFO  :      Map 2        592.72KB             0                  0             1.31MB             0
INFO  :      Map 5              0B             0                  0            35.53KB             0
INFO  :  Reducer 3          3.20KB             0                  0            23.51KB             0
INFO  :  Reducer 4              0B             0                  0                 0B             0
INFO  : ----------------------------------------------------------------------------------------------
INFO  : 
INFO  : ----------------------------------------------------------------------------------------------
INFO  : ----------------------------------------------------------------------------------------------
INFO  :      Map 1              0B             0                  0                 0B             0
INFO  :      Map 2              0B             0                  0                 0B             0
INFO  :      Map 5              0B             0                  0                 0B             0
INFO  :  Reducer 3              0B             0                  0                 0B             0
INFO  :  Reducer 4              0B             2                  0             5.69KB             2
INFO  : ----------------------------------------------------------------------------------------------
INFO  : 
INFO  : org.apache.tez.common.counters.DAGCounter:
INFO  :    NUM_SUCCEEDED_TASKS: 89
INFO  :    TOTAL_LAUNCHED_TASKS: 89
INFO  :    DATA_LOCAL_TASKS: 38
INFO  :    AM_CPU_MILLISECONDS: 2680
INFO  :    AM_GC_TIME_MILLIS: 0
INFO  : File System Counters:
INFO  :    FILE_BYTES_READ: 595920
INFO  :    FILE_BYTES_WRITTEN: 1372120
INFO  :    FILE_READ_OPS: 0
INFO  :    FILE_LARGE_READ_OPS: 0
INFO  :    FILE_WRITE_OPS: 0
INFO  :    HDFS_BYTES_READ: 0
INFO  :    HDFS_BYTES_WRITTEN: 5685
INFO  :    HDFS_READ_OPS: 2
INFO  :    HDFS_LARGE_READ_OPS: 0
INFO  :    HDFS_WRITE_OPS: 2
INFO  : org.apache.tez.common.counters.TaskCounter:
INFO  :    REDUCE_INPUT_GROUPS: 1526
INFO  :    REDUCE_INPUT_RECORDS: 24416
INFO  :    COMBINE_INPUT_RECORDS: 0
INFO  :    SPILLED_RECORDS: 48832
INFO  :    NUM_SHUFFLED_INPUTS: 10529
INFO  :    NUM_SKIPPED_INPUTS: 1922
INFO  :    NUM_FAILED_SHUFFLE_INPUTS: 0
INFO  :    MERGED_MAP_OUTPUTS: 10466
INFO  :    INPUT_RECORDS_PROCESSED: 118248
INFO  :    INPUT_SPLIT_LENGTH_BYTES: 5367426991
INFO  :    OUTPUT_RECORDS: 27171
INFO  :    OUTPUT_LARGE_RECORDS: 0
INFO  :    OUTPUT_BYTES: 880555
INFO  :    OUTPUT_BYTES_WITH_OVERHEAD: 1009267
INFO  :    OUTPUT_BYTES_PHYSICAL: 1074104
INFO  :    ADDITIONAL_SPILLS_BYTES_WRITTEN: 184204
INFO  :    ADDITIONAL_SPILLS_BYTES_READ: 301288
INFO  :    ADDITIONAL_SPILL_COUNT: 0
INFO  :    SHUFFLE_CHUNK_COUNT: 81
INFO  :    SHUFFLE_BYTES: 1319448
INFO  :    SHUFFLE_BYTES_DECOMPRESSED: 1633343
INFO  :    SHUFFLE_BYTES_TO_MEM: 1166870
INFO  :    SHUFFLE_BYTES_TO_DISK: 0
INFO  :    SHUFFLE_BYTES_DISK_DIRECT: 152578
INFO  :    NUM_MEM_TO_DISK_MERGES: 0
INFO  :    NUM_DISK_TO_DISK_MERGES: 0
INFO  :    SHUFFLE_PHASE_TIME: 80409
INFO  :    MERGE_PHASE_TIME: 79506
INFO  :    FIRST_EVENT_RECEIVED: 2236
INFO  :    LAST_EVENT_RECEIVED: 47414
INFO  : HIVE:
INFO  :    CREATED_FILES: 1
INFO  :    DESERIALIZE_ERRORS: 0
INFO  :    RECORDS_IN_Map_1: 10000
INFO  :    RECORDS_IN_Map_2: 93131406
INFO  :    RECORDS_IN_Map_5: 300000
INFO  :    RECORDS_OUT_0: 100
INFO  :    RECORDS_OUT_INTERMEDIATE_Map_1: 31
INFO  :    RECORDS_OUT_INTERMEDIATE_Map_2: 23653
INFO  :    RECORDS_OUT_INTERMEDIATE_Map_5: 2724
INFO  :    RECORDS_OUT_INTERMEDIATE_Reducer_3: 763
INFO  : Shuffle Errors:
INFO  :    BAD_ID: 0
INFO  :    CONNECTION: 0
INFO  :    IO_ERROR: 0
INFO  :    WRONG_LENGTH: 0
INFO  :    WRONG_MAP: 0
INFO  :    WRONG_REDUCE: 0
INFO  : Shuffle Errors_Reducer_3_INPUT_Map_2:
INFO  :    BAD_ID: 0
INFO  :    CONNECTION: 0
INFO  :    IO_ERROR: 0
INFO  :    WRONG_LENGTH: 0
INFO  :    WRONG_MAP: 0
INFO  :    WRONG_REDUCE: 0
INFO  : Shuffle Errors_Reducer_4_INPUT_Reducer_3:
INFO  :    BAD_ID: 0
INFO  :    CONNECTION: 0
INFO  :    IO_ERROR: 0
INFO  :    WRONG_LENGTH: 0
INFO  :    WRONG_MAP: 0
INFO  :    WRONG_REDUCE: 0
INFO  : TaskCounter_Map_1_INPUT_date_dim:
INFO  :    INPUT_RECORDS_PROCESSED: 10
INFO  :    INPUT_SPLIT_LENGTH_BYTES: 759177
INFO  : TaskCounter_Map_1_OUTPUT_Map_2:
INFO  :    ADDITIONAL_SPILLS_BYTES_READ: 0
INFO  :    ADDITIONAL_SPILLS_BYTES_WRITTEN: 0
INFO  :    ADDITIONAL_SPILL_COUNT: 0
INFO  :    OUTPUT_BYTES: 155
INFO  :    OUTPUT_BYTES_PHYSICAL: 176
INFO  :    OUTPUT_BYTES_WITH_OVERHEAD: 223
INFO  :    OUTPUT_LARGE_RECORDS: 0
INFO  :    OUTPUT_RECORDS: 31
INFO  :    SPILLED_RECORDS: 0
INFO  : TaskCounter_Map_2_INPUT_Map_1:
INFO  :    FIRST_EVENT_RECEIVED: 100
INFO  :    INPUT_RECORDS_PROCESSED: 279
INFO  :    LAST_EVENT_RECEIVED: 100
INFO  :    NUM_FAILED_SHUFFLE_INPUTS: 0
INFO  :    NUM_SHUFFLED_INPUTS: 9
INFO  :    SHUFFLE_BYTES: 1368
INFO  :    SHUFFLE_BYTES_DECOMPRESSED: 2007
INFO  :    SHUFFLE_BYTES_DISK_DIRECT: 152
INFO  :    SHUFFLE_BYTES_TO_DISK: 0
INFO  :    SHUFFLE_BYTES_TO_MEM: 1216
INFO  :    SHUFFLE_PHASE_TIME: 437
INFO  : TaskCounter_Map_2_INPUT_Map_5:
INFO  :    FIRST_EVENT_RECEIVED: 60
INFO  :    INPUT_RECORDS_PROCESSED: 24516
INFO  :    LAST_EVENT_RECEIVED: 78
INFO  :    NUM_FAILED_SHUFFLE_INPUTS: 0
INFO  :    NUM_SHUFFLED_INPUTS: 54
INFO  :    SHUFFLE_BYTES: 318078
INFO  :    SHUFFLE_BYTES_DECOMPRESSED: 713052
INFO  :    SHUFFLE_BYTES_DISK_DIRECT: 35342
INFO  :    SHUFFLE_BYTES_TO_DISK: 0
INFO  :    SHUFFLE_BYTES_TO_MEM: 282736
INFO  :    SHUFFLE_PHASE_TIME: 1346
INFO  : TaskCounter_Map_2_INPUT_store_sales:
INFO  :    INPUT_RECORDS_PROCESSED: 93141
INFO  :    INPUT_SPLIT_LENGTH_BYTES: 5338214170
INFO  : TaskCounter_Map_2_OUTPUT_Reducer_3:
INFO  :    ADDITIONAL_SPILLS_BYTES_READ: 0
INFO  :    ADDITIONAL_SPILLS_BYTES_WRITTEN: 0
INFO  :    ADDITIONAL_SPILL_COUNT: 0
INFO  :    OUTPUT_BYTES: 781448
INFO  :    OUTPUT_BYTES_PHYSICAL: 1016533
INFO  :    OUTPUT_BYTES_WITH_OVERHEAD: 902782
INFO  :    OUTPUT_RECORDS: 23653
INFO  :    SHUFFLE_CHUNK_COUNT: 31
INFO  :    SPILLED_RECORDS: 23653
INFO  : TaskCounter_Map_5_INPUT_item:
INFO  :    INPUT_RECORDS_PROCESSED: 302
INFO  :    INPUT_SPLIT_LENGTH_BYTES: 28453644
INFO  : TaskCounter_Map_5_OUTPUT_Map_2:
INFO  :    ADDITIONAL_SPILLS_BYTES_READ: 0
INFO  :    ADDITIONAL_SPILLS_BYTES_WRITTEN: 0
INFO  :    ADDITIONAL_SPILL_COUNT: 0
INFO  :    OUTPUT_BYTES: 73744
INFO  :    OUTPUT_BYTES_PHYSICAL: 35486
INFO  :    OUTPUT_BYTES_WITH_OVERHEAD: 79228
INFO  :    OUTPUT_LARGE_RECORDS: 0
INFO  :    OUTPUT_RECORDS: 2724
INFO  :    SPILLED_RECORDS: 0
INFO  : TaskCounter_Reducer_3_INPUT_Map_2:
INFO  :    ADDITIONAL_SPILLS_BYTES_READ: 286046
INFO  :    ADDITIONAL_SPILLS_BYTES_WRITTEN: 171306
INFO  :    COMBINE_INPUT_RECORDS: 0
INFO  :    FIRST_EVENT_RECEIVED: 2061
INFO  :    LAST_EVENT_RECEIVED: 44929
INFO  :    MERGED_MAP_OUTPUTS: 10416
INFO  :    MERGE_PHASE_TIME: 77193
INFO  :    NUM_DISK_TO_DISK_MERGES: 0
INFO  :    NUM_FAILED_SHUFFLE_INPUTS: 0
INFO  :    NUM_MEM_TO_DISK_MERGES: 0
INFO  :    NUM_SHUFFLED_INPUTS: 10416
INFO  :    NUM_SKIPPED_INPUTS: 1922
INFO  :    REDUCE_INPUT_GROUPS: 763
INFO  :    REDUCE_INPUT_RECORDS: 23653
INFO  :    SHUFFLE_BYTES: 978093
INFO  :    SHUFFLE_BYTES_DECOMPRESSED: 891250
INFO  :    SHUFFLE_BYTES_DISK_DIRECT: 114740
INFO  :    SHUFFLE_BYTES_TO_DISK: 0
INFO  :    SHUFFLE_BYTES_TO_MEM: 863353
INFO  :    SHUFFLE_PHASE_TIME: 76316
INFO  :    SPILLED_RECORDS: 23653
INFO  : TaskCounter_Reducer_3_OUTPUT_Reducer_4:
INFO  :    ADDITIONAL_SPILLS_BYTES_READ: 0
INFO  :    ADDITIONAL_SPILLS_BYTES_WRITTEN: 0
INFO  :    ADDITIONAL_SPILL_COUNT: 0
INFO  :    OUTPUT_BYTES: 25208
INFO  :    OUTPUT_BYTES_PHYSICAL: 21909
INFO  :    OUTPUT_BYTES_WITH_OVERHEAD: 27034
INFO  :    OUTPUT_RECORDS: 763
INFO  :    SHUFFLE_CHUNK_COUNT: 50
INFO  :    SPILLED_RECORDS: 763
INFO  : TaskCounter_Reducer_4_INPUT_Reducer_3:
INFO  :    ADDITIONAL_SPILLS_BYTES_READ: 15242
INFO  :    ADDITIONAL_SPILLS_BYTES_WRITTEN: 12898
INFO  :    COMBINE_INPUT_RECORDS: 0
INFO  :    FIRST_EVENT_RECEIVED: 15
INFO  :    LAST_EVENT_RECEIVED: 2307
INFO  :    MERGED_MAP_OUTPUTS: 50
INFO  :    MERGE_PHASE_TIME: 2313
INFO  :    NUM_DISK_TO_DISK_MERGES: 0
INFO  :    NUM_FAILED_SHUFFLE_INPUTS: 0
INFO  :    NUM_MEM_TO_DISK_MERGES: 0
INFO  :    NUM_SHUFFLED_INPUTS: 50
INFO  :    NUM_SKIPPED_INPUTS: 0
INFO  :    REDUCE_INPUT_GROUPS: 763
INFO  :    REDUCE_INPUT_RECORDS: 763
INFO  :    SHUFFLE_BYTES: 21909
INFO  :    SHUFFLE_BYTES_DECOMPRESSED: 27034
INFO  :    SHUFFLE_BYTES_DISK_DIRECT: 2344
INFO  :    SHUFFLE_BYTES_TO_DISK: 0
INFO  :    SHUFFLE_BYTES_TO_MEM: 19565
INFO  :    SHUFFLE_PHASE_TIME: 2310
INFO  :    SPILLED_RECORDS: 763
INFO  : TaskCounter_Reducer_4_OUTPUT_out_Reducer_4:
INFO  :    OUTPUT_RECORDS: 0
INFO  : org.apache.hadoop.hive.llap.counters.LlapIOCounters:
INFO  :    CACHE_HIT_BYTES: 649707759
INFO  :    CACHE_MISS_BYTES: 0
INFO  :    CONSUMER_TIME_NS: 6951670491
INFO  :    DECODE_TIME_NS: 11475664998
INFO  :    HDFS_TIME_NS: 1925724
INFO  :    METADATA_CACHE_HIT: 169
INFO  :    NUM_DECODED_BATCHES: 9399
INFO  :    NUM_VECTOR_BATCHES: 93453
INFO  :    ROWS_EMITTED: 93441406
INFO  :    SELECTED_ROWGROUPS: 9399
INFO  :    TOTAL_IO_TIME_NS: 12067804603
INFO  : Completed executing command(queryId=hive_20161005093329_4a2890d2-2e70-4672-a87b-1521ba5d87b3); Time taken: 5.466 seconds
INFO  : OK
100 rows selected (6.254 seconds)
Closing: 0: jdbc:hive2://h01hn02:10500/tpcds_bin_partitioned_orc_1000
