Connecting to jdbc:hive2://h01hn02:10500/tpcds_bin_partitioned_orc_10000
Connected to: Apache Hive (version 2.1.0.2.5.1.0-43)
Driver: Hive JDBC (version 1.2.1000.2.5.1.0-43)
Transaction isolation: TRANSACTION_REPEATABLE_READ
Running init script bry.sql
No rows affected (0.037 seconds)
INFO  : Compiling command(queryId=hive_20161020152435_ea42075e-e6b2-4571-b911-119040f2f948): select  i_item_desc
      ,i_category 
      ,i_class 
      ,i_current_price
      ,i_item_id
      ,sum(ws_ext_sales_price) as itemrevenue 
      ,sum(ws_ext_sales_price)*100/sum(sum(ws_ext_sales_price)) over
          (partition by i_class) as revenueratio
from	
	web_sales
    	,item 
    	,date_dim
where 
	web_sales.ws_item_sk = item.i_item_sk 
  	and item.i_category in ('Jewelry', 'Sports', 'Books')
  	and web_sales.ws_sold_date_sk = date_dim.d_date_sk
	and date_dim.d_date between '2001-01-12' and '2001-02-11'
group by 
	i_item_id
        ,i_item_desc 
        ,i_category
        ,i_class
        ,i_current_price
order by 
	i_category
        ,i_class
        ,i_item_id
        ,i_item_desc
        ,revenueratio
limit 100
INFO  : Semantic Analysis Completed
INFO  : Returning Hive schema: Schema(fieldSchemas:[FieldSchema(name:i_item_desc, type:string, comment:null), FieldSchema(name:i_category, type:string, comment:null), FieldSchema(name:i_class, type:string, comment:null), FieldSchema(name:i_current_price, type:float, comment:null), FieldSchema(name:i_item_id, type:string, comment:null), FieldSchema(name:itemrevenue, type:double, comment:null), FieldSchema(name:revenueratio, type:double, comment:null)], properties:null)
INFO  : Completed compiling command(queryId=hive_20161020152435_ea42075e-e6b2-4571-b911-119040f2f948); Time taken: 0.763 seconds
INFO  : Concurrency mode is disabled, not creating a lock manager
INFO  : Executing command(queryId=hive_20161020152435_ea42075e-e6b2-4571-b911-119040f2f948): select  i_item_desc
      ,i_category 
      ,i_class 
      ,i_current_price
      ,i_item_id
      ,sum(ws_ext_sales_price) as itemrevenue 
      ,sum(ws_ext_sales_price)*100/sum(sum(ws_ext_sales_price)) over
          (partition by i_class) as revenueratio
from	
	web_sales
    	,item 
    	,date_dim
where 
	web_sales.ws_item_sk = item.i_item_sk 
  	and item.i_category in ('Jewelry', 'Sports', 'Books')
  	and web_sales.ws_sold_date_sk = date_dim.d_date_sk
	and date_dim.d_date between '2001-01-12' and '2001-02-11'
group by 
	i_item_id
        ,i_item_desc 
        ,i_category
        ,i_class
        ,i_current_price
order by 
	i_category
        ,i_class
        ,i_item_id
        ,i_item_desc
        ,revenueratio
limit 100
INFO  : Query ID = hive_20161020152435_ea42075e-e6b2-4571-b911-119040f2f948
INFO  : Total jobs = 1
INFO  : Launching Job 1 out of 1
INFO  : Starting task [Stage-1:MAPRED] in serial mode
INFO  : Session is already open
INFO  : Dag name: select  i_item_desc
      ,i_category ...100(Stage-1)
INFO  : Setting tez.task.scale.memory.reserve-fraction to 0.30000001192092896
INFO  : 

INFO  : Status: Running (Executing on YARN cluster with App id application_1476988466894_0240)

INFO  : Map 1: -/-	Map 5: 2(+5)/7	Map 6: 1/1	Reducer 2: 0/1009	Reducer 3: 0/520	Reducer 4: 0/1	
INFO  : Map 1: -/-	Map 5: 7/7	Map 6: 1/1	Reducer 2: 0/1009	Reducer 3: 0/520	Reducer 4: 0/1	
INFO  : Map 1: 0(+31)/31	Map 5: 7/7	Map 6: 1/1	Reducer 2: 0/1009	Reducer 3: 0/520	Reducer 4: 0/1	
INFO  : Map 1: 3(+28)/31	Map 5: 7/7	Map 6: 1/1	Reducer 2: 0/1009	Reducer 3: 0/520	Reducer 4: 0/1	
INFO  : Map 1: 20(+11)/31	Map 5: 7/7	Map 6: 1/1	Reducer 2: 0(+115)/145	Reducer 3: 0/520	Reducer 4: 0/1	
INFO  : Map 1: 31/31	Map 5: 7/7	Map 6: 1/1	Reducer 2: 0(+145)/145	Reducer 3: 0/520	Reducer 4: 0/1	
INFO  : Map 1: 31/31	Map 5: 7/7	Map 6: 1/1	Reducer 2: 6(+139)/145	Reducer 3: 0/520	Reducer 4: 0/1	
INFO  : Map 1: 31/31	Map 5: 7/7	Map 6: 1/1	Reducer 2: 24(+121)/145	Reducer 3: 0/520	Reducer 4: 0/1	
INFO  : Map 1: 31/31	Map 5: 7/7	Map 6: 1/1	Reducer 2: 30(+115)/145	Reducer 3: 0/520	Reducer 4: 0/1	
INFO  : Map 1: 31/31	Map 5: 7/7	Map 6: 1/1	Reducer 2: 31(+114)/145	Reducer 3: 0/520	Reducer 4: 0/1	
INFO  : Map 1: 31/31	Map 5: 7/7	Map 6: 1/1	Reducer 2: 98(+47)/145	Reducer 3: 0/520	Reducer 4: 0/1	
INFO  : Map 1: 31/31	Map 5: 7/7	Map 6: 1/1	Reducer 2: 143(+1)/145	Reducer 3: 0(+65)/65	Reducer 4: 0/1	
INFO  : Map 1: 31/31	Map 5: 7/7	Map 6: 1/1	Reducer 2: 145/145	Reducer 3: 47(+18)/65	Reducer 4: 0(+1)/1	
INFO  : Map 1: 31/31	Map 5: 7/7	Map 6: 1/1	Reducer 2: 145/145	Reducer 3: 65/65	Reducer 4: 0(+1)/1	
INFO  : Map 1: 31/31	Map 5: 7/7	Map 6: 1/1	Reducer 2: 145/145	Reducer 3: 65/65	Reducer 4: 1/1	
INFO  : Status: DAG finished successfully in 4.07 seconds
INFO  : 
INFO  : Query Execution Summary
INFO  : ----------------------------------------------------------------------------------------------
INFO  : ----------------------------------------------------------------------------------------------
INFO  : Compile Query                           0.76s
INFO  : Prepare Plan                            0.23s
INFO  : Submit Plan                             0.17s
INFO  : Start DAG                               0.24s
INFO  : Run DAG                                 4.07s
INFO  : ----------------------------------------------------------------------------------------------
INFO  : 
INFO  : Task Execution Summary
INFO  : --------------------------------------------------------------------------------------------------------------------------------
INFO  : --------------------------------------------------------------------------------------------------------------------------------
INFO  :      Map 1           31                0             0        2012.00             0            0     70,722,295       1,864,687
INFO  :      Map 5            7                0             0         201.00             0            0        402,000         120,072
INFO  :      Map 6            1                0             0           0.00             0            0         10,000              31
INFO  :  Reducer 2          145                0             0        1608.00             0            0      1,864,687          60,152
INFO  :  Reducer 3           65                0             0         402.00             0            0         60,152           3,774
INFO  :  Reducer 4            1                0             0         244.00             0            0          3,774               0
INFO  : --------------------------------------------------------------------------------------------------------------------------------
INFO  : 
INFO  : LLAP IO Summary
INFO  : ----------------------------------------------------------------------------------------------
INFO  : ----------------------------------------------------------------------------------------------
INFO  :      Map 1      7114         0        155        0B   494.52MB    529.40MB 494.62MB    14.49s
INFO  :      Map 5        42         7          7    1.78MB    21.86MB     49.28MB  33.53MB     0.80s
INFO  :      Map 6         1         1          1      580B   164.44KB    786.43KB 504.99KB     0.02s
INFO  : ----------------------------------------------------------------------------------------------
INFO  : 
INFO  : FileSystem Counters Summary
INFO  : 
INFO  : ----------------------------------------------------------------------------------------------
INFO  : ----------------------------------------------------------------------------------------------
INFO  :      Map 1          1.50MB             0                  0           205.65MB             0
INFO  :      Map 5              0B             0                  0            10.00MB             0
INFO  :      Map 6              0B             0                  0               183B             0
INFO  :  Reducer 2          3.62MB             0                  0            10.56MB             0
INFO  :  Reducer 3        237.74KB             0                  0           409.18KB             0
INFO  :  Reducer 4         86.67KB             0                  0                 0B             0
INFO  : ----------------------------------------------------------------------------------------------
INFO  : 
INFO  : ----------------------------------------------------------------------------------------------
INFO  : ----------------------------------------------------------------------------------------------
INFO  :      Map 1        495.49MB           124                  0                 0B             0
INFO  :      Map 5         21.87MB            14                  0                 0B             0
INFO  :      Map 6        165.28KB             2                  0                 0B             0
INFO  :  Reducer 2              0B             0                  0                 0B             0
INFO  :  Reducer 3              0B             0                  0                 0B             0
INFO  :  Reducer 4              0B             2                  0            17.21KB             2
INFO  : ----------------------------------------------------------------------------------------------
INFO  : 
INFO  : org.apache.tez.common.counters.DAGCounter:
INFO  :    NUM_SUCCEEDED_TASKS: 250
INFO  :    TOTAL_LAUNCHED_TASKS: 250
INFO  :    DATA_LOCAL_TASKS: 39
INFO  :    AM_CPU_MILLISECONDS: 3600
INFO  :    AM_GC_TIME_MILLIS: 0
INFO  : File System Counters:
INFO  :    FILE_BYTES_READ: 5447819
INFO  :    FILE_BYTES_WRITTEN: 226623538
INFO  :    FILE_READ_OPS: 0
INFO  :    FILE_LARGE_READ_OPS: 0
INFO  :    FILE_WRITE_OPS: 0
INFO  :    HDFS_BYTES_READ: 517528684
INFO  :    HDFS_BYTES_WRITTEN: 17211
INFO  :    HDFS_READ_OPS: 142
INFO  :    HDFS_LARGE_READ_OPS: 0
INFO  :    HDFS_WRITE_OPS: 2
INFO  : org.apache.tez.common.counters.TaskCounter:
INFO  :    REDUCE_INPUT_GROUPS: 63975
INFO  :    REDUCE_INPUT_RECORDS: 1928613
INFO  :    COMBINE_INPUT_RECORDS: 0
INFO  :    SPILLED_RECORDS: 3857226
INFO  :    NUM_SHUFFLED_INPUTS: 37944
INFO  :    NUM_SKIPPED_INPUTS: 68864
INFO  :    NUM_FAILED_SHUFFLE_INPUTS: 0
INFO  :    MERGED_MAP_OUTPUTS: 37880
INFO  :    INPUT_RECORDS_PROCESSED: 1031854
INFO  :    INPUT_SPLIT_LENGTH_BYTES: 6009518578
INFO  :    OUTPUT_RECORDS: 2048716
INFO  :    OUTPUT_LARGE_RECORDS: 0
INFO  :    OUTPUT_BYTES: 311871884
INFO  :    OUTPUT_BYTES_WITH_OVERHEAD: 317179574
INFO  :    OUTPUT_BYTES_PHYSICAL: 224059690
INFO  :    ADDITIONAL_SPILLS_BYTES_WRITTEN: 23308721
INFO  :    ADDITIONAL_SPILLS_BYTES_READ: 46075886
INFO  :    ADDITIONAL_SPILL_COUNT: 0
INFO  :    SHUFFLE_CHUNK_COUNT: 241
INFO  :    SHUFFLE_BYTES: 292666825
INFO  :    SHUFFLE_BYTES_DECOMPRESSED: 440180317
INFO  :    SHUFFLE_BYTES_TO_MEM: 261357292
INFO  :    SHUFFLE_BYTES_TO_DISK: 0
INFO  :    SHUFFLE_BYTES_DISK_DIRECT: 31309533
INFO  :    NUM_MEM_TO_DISK_MERGES: 0
INFO  :    NUM_DISK_TO_DISK_MERGES: 0
INFO  :    SHUFFLE_PHASE_TIME: 150612
INFO  :    MERGE_PHASE_TIME: 158020
INFO  :    FIRST_EVENT_RECEIVED: 2358
INFO  :    LAST_EVENT_RECEIVED: 44197
INFO  : HIVE:
INFO  :    CREATED_FILES: 1
INFO  :    DESERIALIZE_ERRORS: 0
INFO  :    RECORDS_IN_Map_1: 70602192
INFO  :    RECORDS_IN_Map_5: 402000
INFO  :    RECORDS_IN_Map_6: 10000
INFO  :    RECORDS_OUT_0: 100
INFO  :    RECORDS_OUT_INTERMEDIATE_Map_1: 1864687
INFO  :    RECORDS_OUT_INTERMEDIATE_Map_5: 120072
INFO  :    RECORDS_OUT_INTERMEDIATE_Map_6: 31
INFO  :    RECORDS_OUT_INTERMEDIATE_Reducer_2: 60152
INFO  :    RECORDS_OUT_INTERMEDIATE_Reducer_3: 3774
INFO  : Shuffle Errors:
INFO  :    BAD_ID: 0
INFO  :    CONNECTION: 0
INFO  :    IO_ERROR: 0
INFO  :    WRONG_LENGTH: 0
INFO  :    WRONG_MAP: 0
INFO  :    WRONG_REDUCE: 0
INFO  : Shuffle Errors_Reducer_2_INPUT_Map_1:
INFO  :    BAD_ID: 0
INFO  :    CONNECTION: 0
INFO  :    IO_ERROR: 0
INFO  :    WRONG_LENGTH: 0
INFO  :    WRONG_MAP: 0
INFO  :    WRONG_REDUCE: 0
INFO  : Shuffle Errors_Reducer_3_INPUT_Reducer_2:
INFO  :    BAD_ID: 0
INFO  :    CONNECTION: 0
INFO  :    IO_ERROR: 0
INFO  :    WRONG_LENGTH: 0
INFO  :    WRONG_MAP: 0
INFO  :    WRONG_REDUCE: 0
INFO  : Shuffle Errors_Reducer_4_INPUT_Reducer_3:
INFO  :    BAD_ID: 0
INFO  :    CONNECTION: 0
INFO  :    IO_ERROR: 0
INFO  :    WRONG_LENGTH: 0
INFO  :    WRONG_MAP: 0
INFO  :    WRONG_REDUCE: 0
INFO  : TaskCounter_Map_1_INPUT_Map_5:
INFO  :    FIRST_EVENT_RECEIVED: 10
INFO  :    INPUT_RECORDS_PROCESSED: 960576
INFO  :    LAST_EVENT_RECEIVED: 18
INFO  :    NUM_FAILED_SHUFFLE_INPUTS: 0
INFO  :    NUM_SHUFFLED_INPUTS: 56
INFO  :    SHUFFLE_BYTES: 79981200
INFO  :    SHUFFLE_BYTES_DECOMPRESSED: 141042704
INFO  :    SHUFFLE_BYTES_DISK_DIRECT: 8542217
INFO  :    SHUFFLE_BYTES_TO_DISK: 0
INFO  :    SHUFFLE_BYTES_TO_MEM: 71438983
INFO  :    SHUFFLE_PHASE_TIME: 224
INFO  : TaskCounter_Map_1_INPUT_Map_6:
INFO  :    FIRST_EVENT_RECEIVED: 9
INFO  :    INPUT_RECORDS_PROCESSED: 248
INFO  :    LAST_EVENT_RECEIVED: 9
INFO  :    NUM_FAILED_SHUFFLE_INPUTS: 0
INFO  :    NUM_SHUFFLED_INPUTS: 8
INFO  :    SHUFFLE_BYTES: 1208
INFO  :    SHUFFLE_BYTES_DECOMPRESSED: 1784
INFO  :    SHUFFLE_BYTES_DISK_DIRECT: 151
INFO  :    SHUFFLE_BYTES_TO_DISK: 0
INFO  :    SHUFFLE_BYTES_TO_MEM: 1057
INFO  :    SHUFFLE_PHASE_TIME: 74
INFO  : TaskCounter_Map_1_INPUT_web_sales:
INFO  :    INPUT_RECORDS_PROCESSED: 70615
INFO  :    INPUT_SPLIT_LENGTH_BYTES: 5970667063
INFO  : TaskCounter_Map_1_OUTPUT_Reducer_2:
INFO  :    ADDITIONAL_SPILLS_BYTES_READ: 0
INFO  :    ADDITIONAL_SPILLS_BYTES_WRITTEN: 0
INFO  :    ADDITIONAL_SPILL_COUNT: 0
INFO  :    OUTPUT_BYTES: 284971350
INFO  :    OUTPUT_BYTES_PHYSICAL: 204903944
INFO  :    OUTPUT_BYTES_WITH_OVERHEAD: 289972637
INFO  :    OUTPUT_RECORDS: 1864687
INFO  :    SHUFFLE_CHUNK_COUNT: 31
INFO  :    SPILLED_RECORDS: 1864687
INFO  : TaskCounter_Map_5_INPUT_item:
INFO  :    INPUT_RECORDS_PROCESSED: 405
INFO  :    INPUT_SPLIT_LENGTH_BYTES: 38092338
INFO  : TaskCounter_Map_5_OUTPUT_Map_1:
INFO  :    ADDITIONAL_SPILLS_BYTES_READ: 0
INFO  :    ADDITIONAL_SPILLS_BYTES_WRITTEN: 0
INFO  :    ADDITIONAL_SPILL_COUNT: 0
INFO  :    OUTPUT_BYTES: 17323365
INFO  :    OUTPUT_BYTES_PHYSICAL: 9997818
INFO  :    OUTPUT_BYTES_WITH_OVERHEAD: 17630338
INFO  :    OUTPUT_LARGE_RECORDS: 0
INFO  :    OUTPUT_RECORDS: 120072
INFO  :    SPILLED_RECORDS: 0
INFO  : TaskCounter_Map_6_INPUT_date_dim:
INFO  :    INPUT_RECORDS_PROCESSED: 10
INFO  :    INPUT_SPLIT_LENGTH_BYTES: 759177
INFO  : TaskCounter_Map_6_OUTPUT_Map_1:
INFO  :    ADDITIONAL_SPILLS_BYTES_READ: 0
INFO  :    ADDITIONAL_SPILLS_BYTES_WRITTEN: 0
INFO  :    ADDITIONAL_SPILL_COUNT: 0
INFO  :    OUTPUT_BYTES: 155
INFO  :    OUTPUT_BYTES_PHYSICAL: 175
INFO  :    OUTPUT_BYTES_WITH_OVERHEAD: 223
INFO  :    OUTPUT_LARGE_RECORDS: 0
INFO  :    OUTPUT_RECORDS: 31
INFO  :    SPILLED_RECORDS: 0
INFO  : TaskCounter_Reducer_2_INPUT_Map_1:
INFO  :    ADDITIONAL_SPILLS_BYTES_READ: 39967666
INFO  :    ADDITIONAL_SPILLS_BYTES_WRITTEN: 18032905
INFO  :    COMBINE_INPUT_RECORDS: 0
INFO  :    FIRST_EVENT_RECEIVED: 1594
INFO  :    LAST_EVENT_RECEIVED: 30644
INFO  :    MERGED_MAP_OUTPUTS: 31279
INFO  :    MERGE_PHASE_TIME: 143152
INFO  :    NUM_DISK_TO_DISK_MERGES: 0
INFO  :    NUM_FAILED_SHUFFLE_INPUTS: 0
INFO  :    NUM_MEM_TO_DISK_MERGES: 0
INFO  :    NUM_SHUFFLED_INPUTS: 31279
INFO  :    NUM_SKIPPED_INPUTS: 0
INFO  :    REDUCE_INPUT_GROUPS: 60152
INFO  :    REDUCE_INPUT_RECORDS: 1864687
INFO  :    SHUFFLE_BYTES: 204903944
INFO  :    SHUFFLE_BYTES_DECOMPRESSED: 289972637
INFO  :    SHUFFLE_BYTES_DISK_DIRECT: 21934761
INFO  :    SHUFFLE_BYTES_TO_DISK: 0
INFO  :    SHUFFLE_BYTES_TO_MEM: 182969183
INFO  :    SHUFFLE_PHASE_TIME: 136357
INFO  :    SPILLED_RECORDS: 1864687
INFO  : TaskCounter_Reducer_2_OUTPUT_Reducer_3:
INFO  :    ADDITIONAL_SPILLS_BYTES_READ: 0
INFO  :    ADDITIONAL_SPILLS_BYTES_WRITTEN: 0
INFO  :    ADDITIONAL_SPILL_COUNT: 0
INFO  :    OUTPUT_BYTES: 8973858
INFO  :    OUTPUT_BYTES_PHYSICAL: 8750652
INFO  :    OUTPUT_BYTES_WITH_OVERHEAD: 8963064
INFO  :    OUTPUT_RECORDS: 60152
INFO  :    SHUFFLE_CHUNK_COUNT: 145
INFO  :    SPILLED_RECORDS: 60152
INFO  : TaskCounter_Reducer_3_INPUT_Reducer_2:
INFO  :    ADDITIONAL_SPILLS_BYTES_READ: 5726578
INFO  :    ADDITIONAL_SPILLS_BYTES_WRITTEN: 4927001
INFO  :    COMBINE_INPUT_RECORDS: 0
INFO  :    FIRST_EVENT_RECEIVED: 744
INFO  :    LAST_EVENT_RECEIVED: 13327
INFO  :    MERGED_MAP_OUTPUTS: 6563
INFO  :    MERGE_PHASE_TIME: 14660
INFO  :    NUM_DISK_TO_DISK_MERGES: 0
INFO  :    NUM_FAILED_SHUFFLE_INPUTS: 0
INFO  :    NUM_MEM_TO_DISK_MERGES: 0
INFO  :    NUM_SHUFFLED_INPUTS: 6563
INFO  :    NUM_SKIPPED_INPUTS: 68837
INFO  :    REDUCE_INPUT_GROUPS: 49
INFO  :    REDUCE_INPUT_RECORDS: 60152
INFO  :    SHUFFLE_BYTES: 7373912
INFO  :    SHUFFLE_BYTES_DECOMPRESSED: 8550042
INFO  :    SHUFFLE_BYTES_DISK_DIRECT: 799577
INFO  :    SHUFFLE_BYTES_TO_DISK: 0
INFO  :    SHUFFLE_BYTES_TO_MEM: 6574335
INFO  :    SHUFFLE_PHASE_TIME: 13754
INFO  :    SPILLED_RECORDS: 60152
INFO  : TaskCounter_Reducer_3_OUTPUT_Reducer_4:
INFO  :    ADDITIONAL_SPILLS_BYTES_READ: 0
INFO  :    ADDITIONAL_SPILLS_BYTES_WRITTEN: 0
INFO  :    ADDITIONAL_SPILL_COUNT: 0
INFO  :    OUTPUT_BYTES: 603156
INFO  :    OUTPUT_BYTES_PHYSICAL: 407101
INFO  :    OUTPUT_BYTES_WITH_OVERHEAD: 613312
INFO  :    OUTPUT_RECORDS: 3774
INFO  :    SHUFFLE_CHUNK_COUNT: 65
INFO  :    SPILLED_RECORDS: 3774
INFO  : TaskCounter_Reducer_4_INPUT_Reducer_3:
INFO  :    ADDITIONAL_SPILLS_BYTES_READ: 381642
INFO  :    ADDITIONAL_SPILLS_BYTES_WRITTEN: 348815
INFO  :    COMBINE_INPUT_RECORDS: 0
INFO  :    FIRST_EVENT_RECEIVED: 1
INFO  :    LAST_EVENT_RECEIVED: 199
INFO  :    MERGED_MAP_OUTPUTS: 38
INFO  :    MERGE_PHASE_TIME: 208
INFO  :    NUM_DISK_TO_DISK_MERGES: 0
INFO  :    NUM_FAILED_SHUFFLE_INPUTS: 0
INFO  :    NUM_MEM_TO_DISK_MERGES: 0
INFO  :    NUM_SHUFFLED_INPUTS: 38
INFO  :    NUM_SKIPPED_INPUTS: 27
INFO  :    REDUCE_INPUT_GROUPS: 3774
INFO  :    REDUCE_INPUT_RECORDS: 3774
INFO  :    SHUFFLE_BYTES: 406561
INFO  :    SHUFFLE_BYTES_DECOMPRESSED: 613150
INFO  :    SHUFFLE_BYTES_DISK_DIRECT: 32827
INFO  :    SHUFFLE_BYTES_TO_DISK: 0
INFO  :    SHUFFLE_BYTES_TO_MEM: 373734
INFO  :    SHUFFLE_PHASE_TIME: 203
INFO  :    SPILLED_RECORDS: 3774
INFO  : TaskCounter_Reducer_4_OUTPUT_out_Reducer_4:
INFO  :    OUTPUT_RECORDS: 0
INFO  : org.apache.hadoop.hive.llap.counters.LlapIOCounters:
INFO  :    ALLOCATED_BYTES: 579469312
INFO  :    ALLOCATED_USED_BYTES: 528648411
INFO  :    CACHE_HIT_BYTES: 1779341
INFO  :    CACHE_MISS_BYTES: 516544531
INFO  :    CONSUMER_TIME_NS: 36056552800
INFO  :    DECODE_TIME_NS: 3670917627
INFO  :    HDFS_TIME_NS: 12538185903
INFO  :    METADATA_CACHE_HIT: 8
INFO  :    METADATA_CACHE_MISS: 163
INFO  :    NUM_DECODED_BATCHES: 7157
INFO  :    NUM_VECTOR_BATCHES: 71030
INFO  :    ROWS_EMITTED: 71014192
INFO  :    SELECTED_ROWGROUPS: 7157
INFO  :    TOTAL_IO_TIME_NS: 15313158442
INFO  : Completed executing command(queryId=hive_20161020152435_ea42075e-e6b2-4571-b911-119040f2f948); Time taken: 4.766 seconds
INFO  : OK
100 rows selected (5.585 seconds)
Closing: 0: jdbc:hive2://h01hn02:10500/tpcds_bin_partitioned_orc_10000
