0: jdbc:hive2://h01hn02:10500/tpcds_bin_parti> set ambari.hive.db.schema.name=hive;
0: jdbc:hive2://h01hn02:10500/tpcds_bin_parti> set fs.file.impl.disable.cache=true;
0: jdbc:hive2://h01hn02:10500/tpcds_bin_parti> set fs.hdfs.impl.disable.cache=true;
0: jdbc:hive2://h01hn02:10500/tpcds_bin_parti> set hive.auto.convert.join.noconditionaltask=true;
0: jdbc:hive2://h01hn02:10500/tpcds_bin_parti> set hive.auto.convert.join=true;
0: jdbc:hive2://h01hn02:10500/tpcds_bin_parti> -- set hive.auto.convert.sortmerge.join.noconditionaltask=true;
0: jdbc:hive2://h01hn02:10500/tpcds_bin_parti> set hive.auto.convert.sortmerge.join=true;
0: jdbc:hive2://h01hn02:10500/tpcds_bin_parti> set hive.compactor.abortedtxn.threshold=1000;
0: jdbc:hive2://h01hn02:10500/tpcds_bin_parti> set hive.compactor.check.interval=300;
0: jdbc:hive2://h01hn02:10500/tpcds_bin_parti> set hive.compactor.delta.num.threshold=10;
0: jdbc:hive2://h01hn02:10500/tpcds_bin_parti> set hive.compactor.delta.pct.threshold=0.1f;
0: jdbc:hive2://h01hn02:10500/tpcds_bin_parti> set hive.compactor.initiator.on=false;
0: jdbc:hive2://h01hn02:10500/tpcds_bin_parti> set hive.compactor.worker.threads=0;
0: jdbc:hive2://h01hn02:10500/tpcds_bin_parti> set hive.compactor.worker.timeout=86400;
0: jdbc:hive2://h01hn02:10500/tpcds_bin_parti> set hive.compute.query.using.stats=true;
0: jdbc:hive2://h01hn02:10500/tpcds_bin_parti> set hive.enforce.bucketing=true;
0: jdbc:hive2://h01hn02:10500/tpcds_bin_parti> set hive.enforce.sorting=true;
0: jdbc:hive2://h01hn02:10500/tpcds_bin_parti> set hive.enforce.sortmergebucketmapjoin=true;
0: jdbc:hive2://h01hn02:10500/tpcds_bin_parti> 
0: jdbc:hive2://h01hn02:10500/tpcds_bin_parti> set hive.limit.pushdown.memory.usage=0.04;
0: jdbc:hive2://h01hn02:10500/tpcds_bin_parti> set hive.map.aggr=true;
0: jdbc:hive2://h01hn02:10500/tpcds_bin_parti> set hive.mapjoin.bucket.cache.size=10000;
0: jdbc:hive2://h01hn02:10500/tpcds_bin_parti> set hive.mapred.reduce.tasks.speculative.execution=false;
0: jdbc:hive2://h01hn02:10500/tpcds_bin_parti> set hive.metastore.cache.pinobjtypes=Table,Database,Type,FieldSchema,Order;
0: jdbc:hive2://h01hn02:10500/tpcds_bin_parti> set hive.metastore.client.socket.timeout=60;
0: jdbc:hive2://h01hn02:10500/tpcds_bin_parti> set hive.metastore.execute.setugi=true;
0: jdbc:hive2://h01hn02:10500/tpcds_bin_parti> set hive.metastore.warehouse.dir=/apps/hive/warehouse;
0: jdbc:hive2://h01hn02:10500/tpcds_bin_parti> set hive.optimize.bucketmapjoin.sortedmerge=false;
0: jdbc:hive2://h01hn02:10500/tpcds_bin_parti> set hive.optimize.bucketmapjoin=true;
0: jdbc:hive2://h01hn02:10500/tpcds_bin_parti> set hive.optimize.index.filter=true;
0: jdbc:hive2://h01hn02:10500/tpcds_bin_parti> -- set hive.optimize.mapjoin.mapreduce=true;
0: jdbc:hive2://h01hn02:10500/tpcds_bin_parti> set hive.optimize.reducededuplication.min.reducer=4;
0: jdbc:hive2://h01hn02:10500/tpcds_bin_parti> set hive.optimize.reducededuplication=true;
0: jdbc:hive2://h01hn02:10500/tpcds_bin_parti> set hive.orc.splits.include.file.footer=false;
0: jdbc:hive2://h01hn02:10500/tpcds_bin_parti> set hive.security.authorization.enabled=false;
0: jdbc:hive2://h01hn02:10500/tpcds_bin_parti> set hive.security.metastore.authorization.manager=org.apache.hadoop.hive.ql.security.authorization.StorageBasedAuthorizationProvider;
0: jdbc:hive2://h01hn02:10500/tpcds_bin_parti> -- set hive.semantic.analyzer.factory.impl=org.apache.hivealog.cli.HCatSemanticAnalyzerFactory;
0: jdbc:hive2://h01hn02:10500/tpcds_bin_parti> set hive.server2.enable.doAs=false;
0: jdbc:hive2://h01hn02:10500/tpcds_bin_parti> set hive.server2.tez.default.queues=default;
0: jdbc:hive2://h01hn02:10500/tpcds_bin_parti> set hive.server2.tez.initialize.default.sessions=false;
0: jdbc:hive2://h01hn02:10500/tpcds_bin_parti> set hive.server2.tez.sessions.per.default.queue=1;
0: jdbc:hive2://h01hn02:10500/tpcds_bin_parti> set hive.stats.autogather=true;
0: jdbc:hive2://h01hn02:10500/tpcds_bin_parti> set hive.tez.input.format=org.apache.hadoop.hive.ql.io.HiveInputFormat;
0: jdbc:hive2://h01hn02:10500/tpcds_bin_parti> set hive.txn.manager=org.apache.hadoop.hive.ql.lockmgr.DummyTxnManager;
0: jdbc:hive2://h01hn02:10500/tpcds_bin_parti> set hive.txn.max.open.batch=1000;
0: jdbc:hive2://h01hn02:10500/tpcds_bin_parti> set hive.txn.timeout=300;
0: jdbc:hive2://h01hn02:10500/tpcds_bin_parti> set hive.vectorized.execution.enabled=true;
0: jdbc:hive2://h01hn02:10500/tpcds_bin_parti> set hive.vectorized.groupby.checkinterval=1024;
0: jdbc:hive2://h01hn02:10500/tpcds_bin_parti> set hive.vectorized.groupby.flush.percent=1;
0: jdbc:hive2://h01hn02:10500/tpcds_bin_parti> set hive.vectorized.groupby.maxentries=1024;
0: jdbc:hive2://h01hn02:10500/tpcds_bin_parti> 
0: jdbc:hive2://h01hn02:10500/tpcds_bin_parti> -- These values need to be tuned appropriately to your cluster. These examples are for reference.
0: jdbc:hive2://h01hn02:10500/tpcds_bin_parti> set hive.tez.container.size=6144;
0: jdbc:hive2://h01hn02:10500/tpcds_bin_parti> set hive.tez.java.opts=-Xmx5120m;
0: jdbc:hive2://h01hn02:10500/tpcds_bin_parti> --set hive.auto.convert.join.noconditionaltask.size=100000000;
0: jdbc:hive2://h01hn02:10500/tpcds_bin_parti> --set hive.auto.convert.join.noconditionaltask.size=320000000;
0: jdbc:hive2://h01hn02:10500/tpcds_bin_parti> set hive.auto.convert.join.noconditionaltask.size=629145600;
0: jdbc:hive2://h01hn02:10500/tpcds_bin_parti> -- set hive.auto.convert.join.noconditionaltask.size=720000000;
0: jdbc:hive2://h01hn02:10500/tpcds_bin_parti> -- set hive.auto.convert.join.noconditionaltask.size=1920000000;
0: jdbc:hive2://h01hn02:10500/tpcds_bin_parti> 
0: jdbc:hive2://h01hn02:10500/tpcds_bin_parti> set hive.execution.engine=tez;
0: jdbc:hive2://h01hn02:10500/tpcds_bin_parti> set hive.default.fileformat=orc;
0: jdbc:hive2://h01hn02:10500/tpcds_bin_parti> set hive.cbo.enable=true;
0: jdbc:hive2://h01hn02:10500/tpcds_bin_parti> set hive.stats.fetch.column.stats=true;
0: jdbc:hive2://h01hn02:10500/tpcds_bin_parti> set hive.exec.dynamic.partition.mode=nonstrict;
0: jdbc:hive2://h01hn02:10500/tpcds_bin_parti> set hive.tez.auto.reducer.parallelism=true;
0: jdbc:hive2://h01hn02:10500/tpcds_bin_parti> -- set hive.exec.reducers.bytes.per.reducer=1000000000;
0: jdbc:hive2://h01hn02:10500/tpcds_bin_parti> set hive.exec.reducers.bytes.per.reducer=67108864;
0: jdbc:hive2://h01hn02:10500/tpcds_bin_parti> set hive.txn.manager=org.apache.hadoop.hive.ql.lockmgr.DummyTxnManager;
0: jdbc:hive2://h01hn02:10500/tpcds_bin_parti> set hive.support.concurrency=false;
0: jdbc:hive2://h01hn02:10500/tpcds_bin_parti> set hive.tez.exec.print.summary=true;
0: jdbc:hive2://h01hn02:10500/tpcds_bin_parti> 
0: jdbc:hive2://h01hn02:10500/tpcds_bin_parti> set tez.grouping.min-size=16777216;
0: jdbc:hive2://h01hn02:10500/tpcds_bin_parti> --set tez.grouping.min-size=8388608;
0: jdbc:hive2://h01hn02:10500/tpcds_bin_parti> set tez.grouping.max-size=1073741824;
0: jdbc:hive2://h01hn02:10500/tpcds_bin_parti> --set tez.grouping.max-size=1342177280;
0: jdbc:hive2://h01hn02:10500/tpcds_bin_parti> 
0: jdbc:hive2://h01hn02:10500/tpcds_bin_parti> --set tez.grouping.split-waves=1.7;
0: jdbc:hive2://h01hn02:10500/tpcds_bin_parti> set tez.runtime.io.sort.mb=174;
0: jdbc:hive2://h01hn02:10500/tpcds_bin_parti> 
0: jdbc:hive2://h01hn02:10500/tpcds_bin_parti> select  i_item_id,
0: jdbc:hive2://h01hn02:10500/tpcds_bin_parti>         s_state,
0: jdbc:hive2://h01hn02:10500/tpcds_bin_parti>         avg(ss_quantity) agg1,
0: jdbc:hive2://h01hn02:10500/tpcds_bin_parti>         avg(ss_list_price) agg2,
0: jdbc:hive2://h01hn02:10500/tpcds_bin_parti>         avg(ss_coupon_amt) agg3,
0: jdbc:hive2://h01hn02:10500/tpcds_bin_parti>         avg(ss_sales_price) agg4
0: jdbc:hive2://h01hn02:10500/tpcds_bin_parti>  from store_sales, customer_demographics, date_dim, store, item
0: jdbc:hive2://h01hn02:10500/tpcds_bin_parti>  where store_sales.ss_sold_date_sk = date_dim.d_date_sk and
0: jdbc:hive2://h01hn02:10500/tpcds_bin_parti>        store_sales.ss_item_sk = item.i_item_sk and
0: jdbc:hive2://h01hn02:10500/tpcds_bin_parti>        store_sales.ss_store_sk = store.s_store_sk and
0: jdbc:hive2://h01hn02:10500/tpcds_bin_parti>        store_sales.ss_cdemo_sk = customer_demographics.cd_demo_sk and
0: jdbc:hive2://h01hn02:10500/tpcds_bin_parti>        customer_demographics.cd_gender = 'F' and
0: jdbc:hive2://h01hn02:10500/tpcds_bin_parti>        customer_demographics.cd_marital_status = 'D' and
0: jdbc:hive2://h01hn02:10500/tpcds_bin_parti>        customer_demographics.cd_education_status = 'Unknown' and
0: jdbc:hive2://h01hn02:10500/tpcds_bin_parti>        date_dim.d_year = 1998 and
0: jdbc:hive2://h01hn02:10500/tpcds_bin_parti>        store.s_state in ('KS','AL', 'MN', 'AL', 'SC', 'VT')
0: jdbc:hive2://h01hn02:10500/tpcds_bin_parti>  group by i_item_id, s_state
0: jdbc:hive2://h01hn02:10500/tpcds_bin_parti>  order by i_item_id
0: jdbc:hive2://h01hn02:10500/tpcds_bin_parti>          ,s_state
0: jdbc:hive2://h01hn02:10500/tpcds_bin_parti>  limit 100;
+-------------------+----------+---------------------+---------------------+---------------------+---------------------+--+
|     i_item_id     | s_state  |        agg1         |        agg2         |        agg3         |        agg4         |
+-------------------+----------+---------------------+---------------------+---------------------+---------------------+--+
| AAAAAAAAAAAABAAA  | AL       | 50.5                | 83.27166732152303   | 61.74833424886068   | 52.81666692097982   |
| AAAAAAAAAAAABAAA  | MN       | 47.0                | 82.74749898910522   | 237.83749389648438  | 48.29374997317791   |
| AAAAAAAAAAAABAAA  | SC       | 38.0                | 73.60000085830688   | 89.9499979019165    | 12.089999556541443  |
| AAAAAAAAAAAACAAA  | MN       | 56.42857142857143   | 83.98571368626186   | 437.1371547154018   | 44.765714917864116  |
| AAAAAAAAAAAACAAA  | SC       | 59.75               | 74.56750249862671   | 102.70249938964844  | 18.575000405311584  |
| AAAAAAAAAAAAEAAA  | AL       | 76.0                | 66.51666831970215   | 3.246666590372721   | 44.82666786511739   |
| AAAAAAAAAAAAEAAA  | MN       | 34.125              | 64.74125063419342   | 0.0                 | 39.07374966144562   |
| AAAAAAAAAAAAEAAA  | SC       | 45.0                | 6.610000133514404   | 0.0                 | 2.7100000381469727  |
| AAAAAAAAAAABAAAA  | AL       | 60.57142857142857   | 98.93857301984515   | 499.19572012765065  | 51.80571392604283   |
| AAAAAAAAAAABAAAA  | MN       | 35.75               | 36.21500110626221   | 5.347499847412109   | 19.56250011920929   |
| AAAAAAAAAAABAAAA  | SC       | 10.0                | 2.859999895095825   | 0.0                 | 0.9100000262260437  |
| AAAAAAAAAAABBAAA  | AL       | 47.0                | 53.57249826192856   | 7.03000020980835    | 45.56499993801117   |
| AAAAAAAAAAABBAAA  | MN       | 56.0                | 77.5599988301595    | 0.0                 | 27.593332131703693  |
| AAAAAAAAAAABBAAA  | SC       | 45.0                | 44.9900016784668    | 0.0                 | 16.190000534057617  |
| AAAAAAAAAAABDAAA  | AL       | 38.4                | 51.38400001525879   | 108.3219970703125   | 35.378000259399414  |
| AAAAAAAAAAABDAAA  | MN       | 47.166666666666664  | 80.41333325703938   | 0.0                 | 24.236666282018025  |
| AAAAAAAAAAABDAAA  | SC       | 50.0                | 80.8700008392334    | 0.0                 | 48.066665967305504  |
| AAAAAAAAAAABEAAA  | AL       | 83.0                | 114.96500015258789  | 0.0                 | 27.344999313354492  |
| AAAAAAAAAAABEAAA  | MN       | 25.333333333333332  | 57.12166698773702   | 169.3516642252604   | 29.37666666507721   |
| AAAAAAAAAAABEAAA  | SC       | 64.0                | 90.4800033569336    | 96.76000213623047   | 1.7999999523162842  |
| AAAAAAAAAAACAAAA  | AL       | 41.0                | 44.01666704813639   | 95.9066670735677    | 13.503333330154419  |
| AAAAAAAAAAACAAAA  | MN       | 42.8                | 63.12599964141846   | 412.01001129150393  | 28.228000044822693  |
| AAAAAAAAAAACAAAA  | SC       | 58.5                | 9.275000095367432   | 77.4749984741211    | 8.444999933242798   |
| AAAAAAAAAAACCAAA  | AL       | 95.0                | 69.70999908447266   | 0.0                 | 50.189998626708984  |
| AAAAAAAAAAACCAAA  | MN       | 37.75               | 57.55000150203705   | 52.432498931884766  | 37.13250097632408   |
| AAAAAAAAAAACDAAA  | AL       | 15.333333333333334  | 78.02333386739095   | 0.0                 | 16.24999976158142   |
| AAAAAAAAAAACDAAA  | MN       | 63.0                | 91.47250008583069   | 213.7324981689453   | 30.392499685287476  |
| AAAAAAAAAAACDAAA  | SC       | 44.4                | 95.49599952697754   | 120.5300048828125   | 43.015999746322635  |
| AAAAAAAAAAADBAAA  | AL       | 70.0                | 104.4066670735677   | 715.2333297729492   | 30.679999669392902  |
| AAAAAAAAAAADBAAA  | MN       | 45.166666666666664  | 85.08833122253418   | 0.0                 | 46.545000076293945  |
| AAAAAAAAAAADCAAA  | AL       | 59.2                | 41.72199897766113   | 0.0                 | 14.63600025177002   |
| AAAAAAAAAAADCAAA  | MN       | 34.2                | 52.448001098632815  | 0.0                 | 40.11999983787537   |
| AAAAAAAAAAADCAAA  | SC       | 52.0                | 84.62000274658203   | 0.0                 | 77.8499984741211    |
| AAAAAAAAAAADEAAA  | AL       | 49.142857142857146  | 92.13714054652623   | 261.65713936941967  | 61.398572019168306  |
| AAAAAAAAAAADEAAA  | MN       | 45.0                | 88.7140022277832    | 54.31400146484375   | 36.9060005903244    |
| AAAAAAAAAAADEAAA  | SC       | 15.0                | 29.46500015258789   | 0.0                 | 14.21500015258789   |
| AAAAAAAAAAAEAAAA  | AL       | 57.166666666666664  | 61.40666707356771   | 115.03666687011719  | 25.6883331934611    |
| AAAAAAAAAAAEAAAA  | MN       | 27.2                | 41.5880001783371    | 25.982000160217286  | 23.593999868631364  |
| AAAAAAAAAAAEBAAA  | AL       | 58.5                | 40.15750026702881   | 0.0                 | 22.56000006198883   |
| AAAAAAAAAAAEBAAA  | MN       | 48.142857142857146  | 94.73142950875419   | 426.48570803233554  | 34.76000072274889   |
| AAAAAAAAAAAEBAAA  | SC       | 61.0                | 87.63999652862549   | 0.0                 | 39.85999846458435   |
| AAAAAAAAAAAEDAAA  | AL       | 16.333333333333332  | 40.47666581471761   | 198.0133260091146   | 25.81333351135254   |
| AAAAAAAAAAAEDAAA  | MN       | 72.75               | 63.27250099182129   | 280.98748779296875  | 38.88499975204468   |
| AAAAAAAAAAAEDAAA  | SC       | 52.5                | 21.325000286102295  | 0.0                 | 2.1549999713897705  |
| AAAAAAAAAAAEEAAA  | AL       | 75.0                | 11.8100004196167    | 0.0                 | 4.599999904632568   |
| AAAAAAAAAAAEEAAA  | MN       | 51.75               | 79.75249969959259   | 56.630001068115234  | 24.759999871253967  |
| AAAAAAAAAAAEEAAA  | SC       | 87.0                | 87.2450008392334    | 565.844970703125    | 15.954999923706055  |
| AAAAAAAAAAAFAAAA  | AL       | 62.5                | 62.16499900817871   | 0.0                 | 23.934999465942383  |
| AAAAAAAAAAAFAAAA  | MN       | 52.857142857142854  | 92.8428568158831    | 1000.968599319458   | 39.919999258858816  |
| AAAAAAAAAAAFAAAA  | SC       | 34.5                | 60.614999771118164  | 0.0                 | 22.40499997138977   |
| AAAAAAAAAAAFCAAA  | AL       | 69.66666666666667   | 44.22333359718323   | 0.0                 | 16.570000330607098  |
| AAAAAAAAAAAFCAAA  | MN       | 54.4                | 103.48000030517578  | 694.4099853515625   | 61.60800056457519   |
| AAAAAAAAAAAFDAAA  | AL       | 76.66666666666667   | 123.07666778564453  | 420.2833251953125   | 41.44666544596354   |
| AAAAAAAAAAAFDAAA  | MN       | 38.5                | 114.65999984741211  | 103.5999984741211   | 25.134999871253967  |
| AAAAAAAAAAAGBAAA  | AL       | 53.666666666666664  | 57.72000137964884   | 0.0                 | 37.06333462397257   |
| AAAAAAAAAAAGBAAA  | MN       | 53.25               | 70.36750048398972   | 601.7674942016602   | 26.103750124573708  |
| AAAAAAAAAAAGCAAA  | AL       | 35.5                | 54.24500131607056   | 0.0                 | 18.550000190734863  |
| AAAAAAAAAAAGCAAA  | MN       | 51.0                | 62.03874844312668   | 522.6362607479095   | 40.60749910771847   |
| AAAAAAAAAAAGCAAA  | SC       | 72.0                | 101.22000122070312  | 0.0                 | 98.18000030517578   |
| AAAAAAAAAAAGEAAA  | AL       | 51.4                | 102.9               | 5.615999984741211   | 44.80799989700317   |
| AAAAAAAAAAAGEAAA  | MN       | 52.666666666666664  | 48.18500037988027   | 6.428333282470703   | 26.840000137065847  |
| AAAAAAAAAAAGEAAA  | SC       | 70.0                | 99.98999786376953   | 0.0                 | 43.64666620890299   |
| AAAAAAAAAAAHAAAA  | AL       | 62.5                | 50.3474999666214    | 419.1199951171875   | 29.502500653266907  |
| AAAAAAAAAAAHAAAA  | MN       | 36.5                | 110.1349983215332   | 0.0                 | 54.065001487731934  |
| AAAAAAAAAAAHAAAA  | SC       | 93.0                | 102.26000213623047  | 0.0                 | 86.91999816894531   |
| AAAAAAAAAAAHBAAA  | AL       | 58.6                | 61.45399932861328   | 0.0                 | 29.104000282287597  |
| AAAAAAAAAAAHBAAA  | MN       | 45.857142857142854  | 44.16428593226841   | 73.63428606305804   | 29.642856734139578  |
| AAAAAAAAAAAHBAAA  | SC       | 65.0                | 54.77000045776367   | 0.0                 | 15.880000114440918  |
| AAAAAAAAAAAHDAAA  | AL       | 18.5                | 133.4099998474121   | 236.8699951171875   | 29.850000381469727  |
| AAAAAAAAAAAHDAAA  | MN       | 63.0                | 100.20833269755046  | 5.201666514078776   | 54.254998207092285  |
| AAAAAAAAAAAHDAAA  | SC       | 42.0                | 101.97333399454753  | 0.4866666793823242  | 34.23333430290222   |
| AAAAAAAAAAAHEAAA  | AL       | 65.8                | 48.67200050354004   | 457.9700103759766   | 16.903999900817873  |
| AAAAAAAAAAAHEAAA  | MN       | 56.0                | 47.716667811075844  | 13.036666870117188  | 39.99000120162964   |
| AAAAAAAAAAAHEAAA  | SC       | 33.0                | 30.994999170303345  | 61.525001525878906  | 27.65000057220459   |
| AAAAAAAAAAAIAAAA  | AL       | 55.333333333333336  | 66.2516679763794    | 13.639999389648438  | 30.798332850138348  |
| AAAAAAAAAAAIAAAA  | MN       | 34.666666666666664  | 119.9000015258789   | 59.78333536783854   | 56.79333337148031   |
| AAAAAAAAAAAIAAAA  | SC       | 49.166666666666664  | 90.92333141962688   | 4.881666819254558   | 25.731667121251423  |
| AAAAAAAAAAAICAAA  | AL       | 72.66666666666667   | 85.62666511535645   | 976.6000162760416   | 34.38333304723104   |
| AAAAAAAAAAAICAAA  | MN       | 39.75               | 52.39000153541565   | 0.0                 | 23.50999939441681   |
| AAAAAAAAAAAICAAA  | SC       | 64.0                | 76.12000274658203   | 0.0                 | 70.02999877929688   |
| AAAAAAAAAAAIDAAA  | AL       | 61.166666666666664  | 73.87166690826416   | 51.9033317565918    | 21.478332936763763  |
| AAAAAAAAAAAIDAAA  | MN       | 46.5                | 79.22499752044678   | 125.14749908447266  | 61.50749969482422   |
| AAAAAAAAAAAIDAAA  | SC       | 36.0                | 94.54000091552734   | 0.0                 | 61.45000076293945   |
| AAAAAAAAAAAJBAAA  | AL       | 49.25               | 105.95124918222427  | 488.055002450943    | 60.64000007510185   |
| AAAAAAAAAAAJBAAA  | MN       | 36.333333333333336  | 67.07000144322713   | 2.2833333015441895  | 57.166666428248085  |
| AAAAAAAAAAAJBAAA  | SC       | 30.0                | 81.38000106811523   | 562.7999877929688   | 24.039999961853027  |
| AAAAAAAAAAAJCAAA  | AL       | 26.8                | 80.20400123596191   | 43.1200008392334    | 32.16599998474121   |
| AAAAAAAAAAAJCAAA  | MN       | 51.63636363636363   | 93.83181901411577   | 0.0                 | 31.38181781768799   |
| AAAAAAAAAAAJCAAA  | SC       | 62.0                | 53.06999969482422   | 0.0                 | 49.880001068115234  |
| AAAAAAAAAAAJEAAA  | AL       | 48.666666666666664  | 86.63666661580403   | 0.0                 | 65.88666661580403   |
| AAAAAAAAAAAJEAAA  | MN       | 52.142857142857146  | 98.5171424320766    | 0.0                 | 51.52428667885916   |
| AAAAAAAAAAAJEAAA  | SC       | 66.0                | 64.60999870300293   | 2883.5849609375     | 62.619998931884766  |
| AAAAAAAAAAAKAAAA  | AL       | 56.285714285714285  | 95.04428587641034   | 275.495717729841    | 38.360000831740244  |
| AAAAAAAAAAAKAAAA  | MN       | 60.75               | 114.47749900817871  | 459.4200134277344   | 40.60249948501587   |
| AAAAAAAAAAAKAAAA  | SC       | 43.0                | 97.11000061035156   | 222.1300048828125   | 73.80000305175781   |
| AAAAAAAAAAAKBAAA  | AL       | 34.5                | 92.94500172138214   | 353.6287364959717   | 56.38374924659729   |
| AAAAAAAAAAAKBAAA  | MN       | 61.666666666666664  | 103.06333414713542  | 0.0                 | 73.37666702270508   |
| AAAAAAAAAAAKDAAA  | AL       | 46.4                | 66.00999908447265   | 23.05399932861328   | 49.77599992752075   |
| AAAAAAAAAAAKDAAA  | MN       | 77.5                | 94.75499677658081   | 62.16999816894531   | 28.787500500679016  |
| AAAAAAAAAAAKDAAA  | SC       | 48.0                | 60.62499809265137   | 0.0                 | 32.59500136971474   |
+-------------------+----------+---------------------+---------------------+---------------------+---------------------+--+
0: jdbc:hive2://h01hn02:10500/tpcds_bin_parti> 
0: jdbc:hive2://h01hn02:10500/tpcds_bin_parti> 
0: jdbc:hive2://h01hn02:10500/tpcds_bin_parti> 
