0: jdbc:hive2://h01hn02:10500/tpcds_bin_parti> set ambari.hive.db.schema.name=hive;
0: jdbc:hive2://h01hn02:10500/tpcds_bin_parti> set fs.file.impl.disable.cache=true;
0: jdbc:hive2://h01hn02:10500/tpcds_bin_parti> set fs.hdfs.impl.disable.cache=true;
0: jdbc:hive2://h01hn02:10500/tpcds_bin_parti> set hive.auto.convert.join.noconditionaltask=true;
0: jdbc:hive2://h01hn02:10500/tpcds_bin_parti> set hive.auto.convert.join=true;
0: jdbc:hive2://h01hn02:10500/tpcds_bin_parti> -- set hive.auto.convert.sortmerge.join.noconditionaltask=true;
0: jdbc:hive2://h01hn02:10500/tpcds_bin_parti> set hive.auto.convert.sortmerge.join=true;
0: jdbc:hive2://h01hn02:10500/tpcds_bin_parti> set hive.compactor.abortedtxn.threshold=1000;
0: jdbc:hive2://h01hn02:10500/tpcds_bin_parti> set hive.compactor.check.interval=300;
0: jdbc:hive2://h01hn02:10500/tpcds_bin_parti> set hive.compactor.delta.num.threshold=10;
0: jdbc:hive2://h01hn02:10500/tpcds_bin_parti> set hive.compactor.delta.pct.threshold=0.1f;
0: jdbc:hive2://h01hn02:10500/tpcds_bin_parti> set hive.compactor.initiator.on=false;
0: jdbc:hive2://h01hn02:10500/tpcds_bin_parti> set hive.compactor.worker.threads=0;
0: jdbc:hive2://h01hn02:10500/tpcds_bin_parti> set hive.compactor.worker.timeout=86400;
0: jdbc:hive2://h01hn02:10500/tpcds_bin_parti> set hive.compute.query.using.stats=true;
0: jdbc:hive2://h01hn02:10500/tpcds_bin_parti> set hive.enforce.bucketing=true;
0: jdbc:hive2://h01hn02:10500/tpcds_bin_parti> set hive.enforce.sorting=true;
0: jdbc:hive2://h01hn02:10500/tpcds_bin_parti> set hive.enforce.sortmergebucketmapjoin=true;
0: jdbc:hive2://h01hn02:10500/tpcds_bin_parti> 
0: jdbc:hive2://h01hn02:10500/tpcds_bin_parti> set hive.limit.pushdown.memory.usage=0.04;
0: jdbc:hive2://h01hn02:10500/tpcds_bin_parti> set hive.map.aggr=true;
0: jdbc:hive2://h01hn02:10500/tpcds_bin_parti> set hive.mapjoin.bucket.cache.size=10000;
0: jdbc:hive2://h01hn02:10500/tpcds_bin_parti> set hive.mapred.reduce.tasks.speculative.execution=false;
0: jdbc:hive2://h01hn02:10500/tpcds_bin_parti> set hive.metastore.cache.pinobjtypes=Table,Database,Type,FieldSchema,Order;
0: jdbc:hive2://h01hn02:10500/tpcds_bin_parti> set hive.metastore.client.socket.timeout=60;
0: jdbc:hive2://h01hn02:10500/tpcds_bin_parti> set hive.metastore.execute.setugi=true;
0: jdbc:hive2://h01hn02:10500/tpcds_bin_parti> set hive.metastore.warehouse.dir=/apps/hive/warehouse;
0: jdbc:hive2://h01hn02:10500/tpcds_bin_parti> set hive.optimize.bucketmapjoin.sortedmerge=false;
0: jdbc:hive2://h01hn02:10500/tpcds_bin_parti> set hive.optimize.bucketmapjoin=true;
0: jdbc:hive2://h01hn02:10500/tpcds_bin_parti> set hive.optimize.index.filter=true;
0: jdbc:hive2://h01hn02:10500/tpcds_bin_parti> -- set hive.optimize.mapjoin.mapreduce=true;
0: jdbc:hive2://h01hn02:10500/tpcds_bin_parti> set hive.optimize.reducededuplication.min.reducer=4;
0: jdbc:hive2://h01hn02:10500/tpcds_bin_parti> set hive.optimize.reducededuplication=true;
0: jdbc:hive2://h01hn02:10500/tpcds_bin_parti> set hive.orc.splits.include.file.footer=false;
0: jdbc:hive2://h01hn02:10500/tpcds_bin_parti> set hive.security.authorization.enabled=false;
0: jdbc:hive2://h01hn02:10500/tpcds_bin_parti> set hive.security.metastore.authorization.manager=org.apache.hadoop.hive.ql.security.authorization.StorageBasedAuthorizationProvider;
0: jdbc:hive2://h01hn02:10500/tpcds_bin_parti> -- set hive.semantic.analyzer.factory.impl=org.apache.hivealog.cli.HCatSemanticAnalyzerFactory;
0: jdbc:hive2://h01hn02:10500/tpcds_bin_parti> set hive.server2.enable.doAs=false;
0: jdbc:hive2://h01hn02:10500/tpcds_bin_parti> set hive.server2.tez.default.queues=default;
0: jdbc:hive2://h01hn02:10500/tpcds_bin_parti> set hive.server2.tez.initialize.default.sessions=false;
0: jdbc:hive2://h01hn02:10500/tpcds_bin_parti> set hive.server2.tez.sessions.per.default.queue=1;
0: jdbc:hive2://h01hn02:10500/tpcds_bin_parti> set hive.stats.autogather=true;
0: jdbc:hive2://h01hn02:10500/tpcds_bin_parti> set hive.tez.input.format=org.apache.hadoop.hive.ql.io.HiveInputFormat;
0: jdbc:hive2://h01hn02:10500/tpcds_bin_parti> set hive.txn.manager=org.apache.hadoop.hive.ql.lockmgr.DummyTxnManager;
0: jdbc:hive2://h01hn02:10500/tpcds_bin_parti> set hive.txn.max.open.batch=1000;
0: jdbc:hive2://h01hn02:10500/tpcds_bin_parti> set hive.txn.timeout=300;
0: jdbc:hive2://h01hn02:10500/tpcds_bin_parti> set hive.vectorized.execution.enabled=true;
0: jdbc:hive2://h01hn02:10500/tpcds_bin_parti> set hive.vectorized.groupby.checkinterval=1024;
0: jdbc:hive2://h01hn02:10500/tpcds_bin_parti> set hive.vectorized.groupby.flush.percent=1;
0: jdbc:hive2://h01hn02:10500/tpcds_bin_parti> set hive.vectorized.groupby.maxentries=1024;
0: jdbc:hive2://h01hn02:10500/tpcds_bin_parti> 
0: jdbc:hive2://h01hn02:10500/tpcds_bin_parti> -- These values need to be tuned appropriately to your cluster. These examples are for reference.
0: jdbc:hive2://h01hn02:10500/tpcds_bin_parti> set hive.tez.container.size=6144;
0: jdbc:hive2://h01hn02:10500/tpcds_bin_parti> set hive.tez.java.opts=-Xmx5120m;
0: jdbc:hive2://h01hn02:10500/tpcds_bin_parti> --set hive.auto.convert.join.noconditionaltask.size=100000000;
0: jdbc:hive2://h01hn02:10500/tpcds_bin_parti> --set hive.auto.convert.join.noconditionaltask.size=320000000;
0: jdbc:hive2://h01hn02:10500/tpcds_bin_parti> set hive.auto.convert.join.noconditionaltask.size=629145600;
0: jdbc:hive2://h01hn02:10500/tpcds_bin_parti> -- set hive.auto.convert.join.noconditionaltask.size=720000000;
0: jdbc:hive2://h01hn02:10500/tpcds_bin_parti> -- set hive.auto.convert.join.noconditionaltask.size=1920000000;
0: jdbc:hive2://h01hn02:10500/tpcds_bin_parti> 
0: jdbc:hive2://h01hn02:10500/tpcds_bin_parti> set hive.execution.engine=tez;
0: jdbc:hive2://h01hn02:10500/tpcds_bin_parti> set hive.default.fileformat=orc;
0: jdbc:hive2://h01hn02:10500/tpcds_bin_parti> set hive.cbo.enable=true;
0: jdbc:hive2://h01hn02:10500/tpcds_bin_parti> set hive.stats.fetch.column.stats=true;
0: jdbc:hive2://h01hn02:10500/tpcds_bin_parti> set hive.exec.dynamic.partition.mode=nonstrict;
0: jdbc:hive2://h01hn02:10500/tpcds_bin_parti> set hive.tez.auto.reducer.parallelism=true;
0: jdbc:hive2://h01hn02:10500/tpcds_bin_parti> -- set hive.exec.reducers.bytes.per.reducer=1000000000;
0: jdbc:hive2://h01hn02:10500/tpcds_bin_parti> set hive.exec.reducers.bytes.per.reducer=67108864;
0: jdbc:hive2://h01hn02:10500/tpcds_bin_parti> set hive.txn.manager=org.apache.hadoop.hive.ql.lockmgr.DummyTxnManager;
0: jdbc:hive2://h01hn02:10500/tpcds_bin_parti> set hive.support.concurrency=false;
0: jdbc:hive2://h01hn02:10500/tpcds_bin_parti> set hive.tez.exec.print.summary=true;
0: jdbc:hive2://h01hn02:10500/tpcds_bin_parti> 
0: jdbc:hive2://h01hn02:10500/tpcds_bin_parti> set tez.grouping.min-size=16777216;
0: jdbc:hive2://h01hn02:10500/tpcds_bin_parti> --set tez.grouping.min-size=8388608;
0: jdbc:hive2://h01hn02:10500/tpcds_bin_parti> set tez.grouping.max-size=1073741824;
0: jdbc:hive2://h01hn02:10500/tpcds_bin_parti> --set tez.grouping.max-size=1342177280;
0: jdbc:hive2://h01hn02:10500/tpcds_bin_parti> 
0: jdbc:hive2://h01hn02:10500/tpcds_bin_parti> --set tez.grouping.split-waves=1.7;
0: jdbc:hive2://h01hn02:10500/tpcds_bin_parti> set tez.runtime.io.sort.mb=174;
0: jdbc:hive2://h01hn02:10500/tpcds_bin_parti> 
0: jdbc:hive2://h01hn02:10500/tpcds_bin_parti> select   
0: jdbc:hive2://h01hn02:10500/tpcds_bin_parti>      i_item_id
0: jdbc:hive2://h01hn02:10500/tpcds_bin_parti>     ,i_item_desc
0: jdbc:hive2://h01hn02:10500/tpcds_bin_parti>     ,s_store_id
0: jdbc:hive2://h01hn02:10500/tpcds_bin_parti>     ,s_store_name
0: jdbc:hive2://h01hn02:10500/tpcds_bin_parti>     ,sum(ss_quantity)        as store_sales_quantity
0: jdbc:hive2://h01hn02:10500/tpcds_bin_parti>     ,sum(sr_return_quantity) as store_returns_quantity
0: jdbc:hive2://h01hn02:10500/tpcds_bin_parti>     ,sum(cs_quantity)        as catalog_sales_quantity
0: jdbc:hive2://h01hn02:10500/tpcds_bin_parti>  from
0: jdbc:hive2://h01hn02:10500/tpcds_bin_parti>     store_sales
0: jdbc:hive2://h01hn02:10500/tpcds_bin_parti>    ,store_returns
0: jdbc:hive2://h01hn02:10500/tpcds_bin_parti>    ,catalog_sales
0: jdbc:hive2://h01hn02:10500/tpcds_bin_parti>    ,date_dim             d1
0: jdbc:hive2://h01hn02:10500/tpcds_bin_parti>    ,date_dim             d2
0: jdbc:hive2://h01hn02:10500/tpcds_bin_parti>    ,date_dim             d3
0: jdbc:hive2://h01hn02:10500/tpcds_bin_parti>    ,store
0: jdbc:hive2://h01hn02:10500/tpcds_bin_parti>    ,item
0: jdbc:hive2://h01hn02:10500/tpcds_bin_parti>  where
0: jdbc:hive2://h01hn02:10500/tpcds_bin_parti>      d1.d_moy               = 2 
0: jdbc:hive2://h01hn02:10500/tpcds_bin_parti>  and d1.d_year              = 2000
0: jdbc:hive2://h01hn02:10500/tpcds_bin_parti>  and d1.d_date_sk           = ss_sold_date_sk
0: jdbc:hive2://h01hn02:10500/tpcds_bin_parti>  and i_item_sk              = ss_item_sk
0: jdbc:hive2://h01hn02:10500/tpcds_bin_parti>  and s_store_sk             = ss_store_sk
0: jdbc:hive2://h01hn02:10500/tpcds_bin_parti>  and ss_customer_sk         = sr_customer_sk
0: jdbc:hive2://h01hn02:10500/tpcds_bin_parti>  and ss_item_sk             = sr_item_sk
0: jdbc:hive2://h01hn02:10500/tpcds_bin_parti>  and ss_ticket_number       = sr_ticket_number
0: jdbc:hive2://h01hn02:10500/tpcds_bin_parti>  and sr_returned_date_sk    = d2.d_date_sk
0: jdbc:hive2://h01hn02:10500/tpcds_bin_parti>  and d2.d_moy               between 2 and  2 + 3 
0: jdbc:hive2://h01hn02:10500/tpcds_bin_parti>  and d2.d_year              = 2000
0: jdbc:hive2://h01hn02:10500/tpcds_bin_parti>  and sr_customer_sk         = cs_bill_customer_sk
0: jdbc:hive2://h01hn02:10500/tpcds_bin_parti>  and sr_item_sk             = cs_item_sk
0: jdbc:hive2://h01hn02:10500/tpcds_bin_parti>  and cs_sold_date_sk        = d3.d_date_sk     
0: jdbc:hive2://h01hn02:10500/tpcds_bin_parti>  and d3.d_year              in (2000,2000+1,2000+2)
0: jdbc:hive2://h01hn02:10500/tpcds_bin_parti>  group by
0: jdbc:hive2://h01hn02:10500/tpcds_bin_parti>     i_item_id
0: jdbc:hive2://h01hn02:10500/tpcds_bin_parti>    ,i_item_desc
0: jdbc:hive2://h01hn02:10500/tpcds_bin_parti>    ,s_store_id
0: jdbc:hive2://h01hn02:10500/tpcds_bin_parti>    ,s_store_name
0: jdbc:hive2://h01hn02:10500/tpcds_bin_parti>  order by
0: jdbc:hive2://h01hn02:10500/tpcds_bin_parti>     i_item_id 
0: jdbc:hive2://h01hn02:10500/tpcds_bin_parti>    ,i_item_desc
0: jdbc:hive2://h01hn02:10500/tpcds_bin_parti>    ,s_store_id
0: jdbc:hive2://h01hn02:10500/tpcds_bin_parti>    ,s_store_name
0: jdbc:hive2://h01hn02:10500/tpcds_bin_parti>  limit 100;
+-------------------+-----------------------------------------------------------------------------------------------------------------------------------------------------------------------------------------------------------+-------------------+---------------+-----------------------+-------------------------+-------------------------+--+
|     i_item_id     |                                                                                                i_item_desc                                                                                                |    s_store_id     | s_store_name  | store_sales_quantity  | store_returns_quantity  | catalog_sales_quantity  |
+-------------------+-----------------------------------------------------------------------------------------------------------------------------------------------------------------------------------------------------------+-------------------+---------------+-----------------------+-------------------------+-------------------------+--+
| AAAAAAAAAAJCCAAA  | Evidently local organizations could not provide already to a appoi                                                                                                                                        | AAAAAAAAABDAAAAA  | ese           | 86                    | 52                      | 74                      |
| AAAAAAAAABBKBAAA  | More flat benefits should                                                                                                                                                                                 | AAAAAAAAILBAAAAA  | bar           | 29                    | 26                      | 67                      |
| AAAAAAAAABCLCAAA  | Cameras make on a rules. Useful, comparable futures will want practical, able miles. Bank                                                                                                                 | AAAAAAAAIGAAAAAA  | ese           | 7                     | 1                       | 78                      |
| AAAAAAAAABIICAAA  | Naturally delicious problems provide places; questions will dry correct, new numbers.                                                                                                                     | AAAAAAAAILBAAAAA  | bar           | 29                    | 21                      | 55                      |
| AAAAAAAAABMGAAAA  | Police might say financial police. Cars should not locate anxiously. Superior gods wait detailed, cool                                                                                                    | AAAAAAAAEJBAAAAA  | ese           | 25                    | 21                      | 6                       |
| AAAAAAAAACLCEAAA  | Unlikely, likely rights continue slowly best available constraints; organisations ought to think ever carefully social parents. Aware, large patients let documents. New children warm                    | AAAAAAAACNCAAAAA  | able          | 78                    | 75                      | 20                      |
| AAAAAAAAACNDEAAA  | Reasonable errors shall fall yet features. Even traditional records may trust propo                                                                                                                       | AAAAAAAAFNBAAAAA  | n st          | 26                    | 2                       | 78                      |
| AAAAAAAAADBECAAA  | Today red police go much about a wages. Always quick mountains might find however. Great, professional ears burst old, forward men. Professional cars shall keep still; great,                            | AAAAAAAAGNDAAAAA  | able          | 50                    | 10                      | 82                      |
| AAAAAAAAADIHEAAA  | Close so-called americans break again. Old features must take in                                                                                                                                          | AAAAAAAAMHAAAAAA  | ese           | 35                    | 4                       | 32                      |
| AAAAAAAAADJICAAA  | Severe, open changes ensure yet super problems. Public, lost workers may follow still past, future parents. Particular, necessa                                                                           | AAAAAAAAJBAAAAAA  | anti          | 25                    | 17                      | 56                      |
| AAAAAAAAADPBAAAA  | Then specific supporters know years. Flowers start deliberately lucky dealers. Much english trades want. Errors vary from a years. Only absolute women might lower material centres. White, civil j       | AAAAAAAADPBAAAAA  | n st          | 39                    | 7                       | 61                      |
| AAAAAAAAAEIEAAAA  | Inadequate matters ought to fend. Royal pare                                                                                                                                                              | AAAAAAAAKHCAAAAA  | ese           | 99                    | 20                      | 62                      |
| AAAAAAAAAEJGEAAA  | Therefore imaginative companies                                                                                                                                                                           | AAAAAAAAOACAAAAA  | cally         | 52                    | 33                      | 64                      |
| AAAAAAAAAFBKAAAA  | Post-war heads could fin                                                                                                                                                                                  | AAAAAAAAOPCAAAAA  | cally         | 91                    | 21                      | 74                      |
| AAAAAAAAAFNOCAAA  | Others tend only rules. Here valuable services speak nat                                                                                                                                                  | AAAAAAAABGDAAAAA  | anti          | 85                    | 25                      | 93                      |
| AAAAAAAAAGKECAAA  | Comments know kind of most small failures. Just impossible times                                                                                                                                          | AAAAAAAAAEBAAAAA  | bar           | 2                     | 1                       | 96                      |
| AAAAAAAAAJKLCAAA  | Middle, soft children contact at all. Active gentlemen ought to reduce yesterday men. Physi                                                                                                               | AAAAAAAADEDAAAAA  | anti          | 45                    | 1                       | 57                      |
| AAAAAAAAALEBDAAA  | Christian, operational models must use almost normal techniques. Articles could transfer better again great forces. Also happy thin                                                                       | AAAAAAAACAAAAAAA  | able          | 66                    | 57                      | 50                      |
| AAAAAAAAAMFPDAAA  | Pale, possible adults might not use only simple eyes; lawyers cannot say. Usually scottish requirements need quite excep                                                                                  | AAAAAAAAOJAAAAAA  | eing          | 8                     | 6                       | 2                       |
| AAAAAAAAANACBAAA  | In order similar teeth migh                                                                                                                                                                               | AAAAAAAAAOAAAAAA  | ese           | 5                     | 5                       | 97                      |
| AAAAAAAAANMMDAAA  | Employees can believe sure. Slowly existing magistrates devote all right. Shares could know. As positive hands equip ever also other children. Hands turn; apparently sorry customs ought to pl           | AAAAAAAAMDCAAAAA  | able          | 53                    | 11                      | 27                      |
| AAAAAAAAAPGNBAAA  | Parts might say matters. Other, regular products develop able, particular duties. Still personal pounds can become                                                                                        | AAAAAAAAJLCAAAAA  | ation         | 58                    | 45                      | 52                      |
| AAAAAAAAAPILBAAA  | Quite professional lawyers could reach forthwith by a letters. Topics establish royal, proud critics; carefully social gentlemen must not convince yet. Words ca                                          | AAAAAAAAAMCAAAAA  | ese           | 58                    | 48                      | 47                      |
| AAAAAAAABACGBAAA  | Internal, lucky countries ought to bring probably in a rules; materials start both new things. Dangerous results should not drain foreign, developing items. Foreign, equivalent                          | AAAAAAAAEMBAAAAA  | able          | 7                     | 5                       | 21                      |
| AAAAAAAABCDFCAAA  | Middle police should start especially young, different patients. Present, national results could not feel in a sales. Old, labour wa                                                                      | AAAAAAAAOECAAAAA  | bar           | 14                    | 6                       | NULL                    |
| AAAAAAAABDCEAAAA  | Else married minutes must not believe                                                                                                                                                                     | AAAAAAAAHGDAAAAA  | ought         | 80                    | 53                      | 60                      |
| AAAAAAAABGEHEAAA  | Secure travellers tell easily others. Cups shall not end. Qualificatio                                                                                                                                    | AAAAAAAAOGDAAAAA  | eing          | 66                    | 29                      | 93                      |
| AAAAAAAABGJFBAAA  | Probably low companies shall last also well expensive sizes; g                                                                                                                                            | AAAAAAAAPLCAAAAA  | pri           | 57                    | 54                      | 31                      |
| AAAAAAAABHMGCAAA  | Ultimate, semantic leaders might not s                                                                                                                                                                    | AAAAAAAAMKBAAAAA  | eing          | 54                    | 27                      | 81                      |
| AAAAAAAABHOIEAAA  | Police used to reduce too. Good experiments reduce othe                                                                                                                                                   | AAAAAAAALFAAAAAA  | ought         | 65                    | 36                      | 36                      |
| AAAAAAAABIMEDAAA  | Just other christians will help ironically political great rights; powers spin. Other, tech                                                                                                               | AAAAAAAAIDCAAAAA  | eing          | 93                    | 29                      | 15                      |
| AAAAAAAABJMFBAAA  | Harsh walls might cost keen, preliminary areas. Offices bother immediately on a ports. So new places ought to get gold, only gates. Able, russian feet used to function small children. Again polit       | AAAAAAAAPCCAAAAA  | n st          | 19                    | 15                      | 86                      |
| AAAAAAAABKLOBAAA  | Simple, unlikely classes move members. Enormously critical numbers should sell then internal short actions. Buyers must publish entirely confident techniques. However me                                 | AAAAAAAAAHBAAAAA  | eing          | 25                    | 7                       | 79                      |
| AAAAAAAABMEODAAA  | Areas could not bring. Public, long co                                                                                                                                                                    | AAAAAAAAECCAAAAA  | eing          | 73                    | 42                      | 11                      |
| AAAAAAAABMPMAAAA  | Later practical girls vote soldiers. Refugees must not know at least excellent limitations; just high degrees shall refer over only, little corporations. Rigid, other terms pro                          | AAAAAAAAGDCAAAAA  | cally         | 66                    | 10                      | 66                      |
| AAAAAAAABNHOCAAA  | New methods would not create even capable cups. Aware, active shoulders wish in the agents; scientific proposals convince by a charges. Long, regional or                                                 | AAAAAAAAILBAAAAA  | bar           | 38                    | 2                       | 84                      |
| AAAAAAAABPNMCAAA  | Doctors pay previously great, odd points. Lucky men rebuild simply. Conscious, famo                                                                                                                       | AAAAAAAAMIAAAAAA  | bar           | 41                    | 27                      | 62                      |
| AAAAAAAACAICBAAA  | Studies ensure. Able, fine patients locate. Long, national women set afterwards ready, sexual problems. Willing, dependent wishes would leave as a successes; new, long meals announce never white level  | AAAAAAAAABBAAAAA  | able          | 79                    | 43                      | 36                      |
| AAAAAAAACBEOCAAA  | At once long-term men used to appear purely statutory, basic lives. Often relevant levels cannot appear lively cities; parties clear sufficient comparisons. Important factors fall about home gold       | AAAAAAAAKMAAAAAA  | able          | 97                    | 56                      | 16                      |
| AAAAAAAACCCCDAAA  | Local supporters                                                                                                                                                                                          | AAAAAAAAOAAAAAAA  | ese           | 47                    | 46                      | 37                      |
| AAAAAAAACCFEBAAA  | Matters would protect possibly serious rivers. Democratic, rural publishers                                                                                                                               | AAAAAAAAMKDAAAAA  | bar           | 59                    | 22                      | 56                      |
| AAAAAAAACDGLAAAA  | Real, happy teachers tell to a powers. Now ruling standards woul                                                                                                                                          | AAAAAAAALFDAAAAA  | n st          | 94                    | 87                      | 18                      |
| AAAAAAAACDIKDAAA  | Aware features dash about. High various expectations shall examine nat                                                                                                                                    | AAAAAAAAHBCAAAAA  | anti          | 1                     | 1                       | 21                      |
| AAAAAAAACDPFAAAA  | Forces work just on the rooms. Private horses will create. National, opposite dollars ought to decide over concepts. Socialist, sudden companies focus at a reports. Vol                                  | AAAAAAAAAMCAAAAA  | ese           | 43                    | 24                      | 24                      |
| AAAAAAAACEKHCAAA  | Steadily little services continue. Industrial, large priorities will secure deliberately arrangements;                                                                                                    | AAAAAAAAMKDAAAAA  | bar           | 2                     | 1                       | 54                      |
| AAAAAAAACGBODAAA  | Other feelings ought to slow very great grants. Large changes impress later able, present employees; outstanding, vast roles mark above biological,                                                       | AAAAAAAAGBAAAAAA  | able          | 22                    | 13                      | 81                      |
| AAAAAAAACGIDAAAA  | Functional, boring circumstances s                                                                                                                                                                        | AAAAAAAADBDAAAAA  | ation         | 45                    | 24                      | 31                      |
| AAAAAAAACIJNDAAA  | There experimental schools ought to consider dominant, physical players; stupid names adopt informally easi                                                                                               | AAAAAAAAONCAAAAA  | ese           | 37                    | 2                       | 22                      |
| AAAAAAAACJNKDAAA  | Other odds remember rules. Windows could endure ahead ways. Various designers can assume. Late leading rates give so equivalent sales. Nation                                                             | AAAAAAAAIACAAAAA  | bar           | 21                    | 9                       | 78                      |
| AAAAAAAACKFCDAAA  | New copies ought to give. Strings bring; previous, substantial police like only. Popular days stick. Only only minutes exist for example critically other principles; divine, k                           | AAAAAAAACCBAAAAA  | bar           | 7                     | 1                       | 28                      |
| AAAAAAAACKIFBAAA  | So blind balls organize ways. Teachers wait just anonymous experiences. Black properties create basic commitments. Net sessions                                                                           | AAAAAAAALCDAAAAA  | ought         | 67                    | NULL                    | 29                      |
| AAAAAAAACLEGAAAA  | Most social women pay but. Sure formal writers understand eyes. Countries call sexual difficulties. Supporter                                                                                             | AAAAAAAAEABAAAAA  | bar           | 97                    | 81                      | 27                      |
| AAAAAAAACLLNDAAA  | Profound, warm organisations make eyes. Especially continental orders make of course groups; young, other proceedings will follow in general words. Young, exciting conditions must shoot;                | AAAAAAAAGCAAAAAA  | eing          | 37                    | 8                       | 27                      |
| AAAAAAAACLNLBAAA  | American men would suppose indignantly final books. Hot points will placate almost. Groups m                                                                                                              | AAAAAAAAGKBAAAAA  | able          | 84                    | 10                      | 3                       |
| AAAAAAAACMGIDAAA  | Fields owe to a records; now local differences sign studies. Electric, available professionals would stand geographically either leading winners. Forcefully russian                                      | AAAAAAAAOIAAAAAA  | able          | 92                    | 49                      | 7                       |
| AAAAAAAACNMCCAAA  | At least good architects cannot like far small, public cells. Masters could exploit however difficult, other pubs. Safe times expect years. Sufficiently classical funds receive more shoes; lines        | AAAAAAAAOGAAAAAA  | bar           | 60                    | 56                      | 81                      |
| AAAAAAAACOCBEAAA  | Other, universal scientists used                                                                                                                                                                          | AAAAAAAAMDCAAAAA  | able          | 71                    | 50                      | 37                      |
| AAAAAAAACOCGCAAA  | American parties reflect firmly. Others ought to appropriate funds. Orthodox, long services may not move national, inte                                                                                   | AAAAAAAANAAAAAAA  | pri           | 8                     | 2                       | 68                      |
| AAAAAAAACOEDDAAA  | Minor, public employees used to see much domestic men; of c                                                                                                                                               | AAAAAAAAALAAAAAA  | cally         | 40                    | 17                      | 36                      |
| AAAAAAAACONIEAAA  | Almost french cities see forth. Major, open shops require other, clear mammals. Wealthy measures must not start international officers. Relative, senior sides would not recall. Rare, tot                | AAAAAAAANMAAAAAA  | anti          | 62                    | 1                       | 72                      |
| AAAAAAAACPKHAAAA  | Broad, generous countries can call roman votes; others cope quickly new countries. High creditors ought to bri                                                                                            | AAAAAAAAPNDAAAAA  |               | 97                    | 56                      | 32                      |
| AAAAAAAADABIBAAA  | Still sure routes could go really still exciting miles. Mental, regular tracks agree politically allies.                                                                                                  | AAAAAAAAOLAAAAAA  | bar           | 86                    | 73                      | 7                       |
| AAAAAAAADAIDCAAA  | Sad years may run modern, essential days. Continental contracts could                                                                                                                                     | AAAAAAAAOJAAAAAA  | eing          | 43                    | 7                       | 67                      |
| AAAAAAAADBNFDAAA  | Here real meetings detect short very multiple songs. Specialist, odd eyes lay american streets. Flexible words may believe central obligations. Feel                                                      | AAAAAAAAGEBAAAAA  | cally         | 85                    | 59                      | 100                     |
| AAAAAAAADCCCEAAA  | For example right actions assist now for a experiments. Emotions would not date single factories. Clearly wooden securities used to insert;                                                               | AAAAAAAAKIBAAAAA  | ese           | 18                    | 10                      | 97                      |
| AAAAAAAADCGEEAAA  | International eyes matter fears. Contemporary, modern candidates would not quantify obviously local changes. Developments will find also. Full, big cells search between a condition                      | AAAAAAAAEJBAAAAA  | ese           | 28                    | 2                       | 82                      |
| AAAAAAAADDMLCAAA  | Long, poor theories he                                                                                                                                                                                    | AAAAAAAAGLAAAAAA  | able          | 56                    | 6                       | 39                      |
| AAAAAAAADECKDAAA  | Pieces get mainly as precious weeks. Critical benefits shall not secure elections. Long schools make with a hands; clearly dangero                                                                        | AAAAAAAAOPAAAAAA  | ese           | 98                    | 65                      | 100                     |
| AAAAAAAADFCAAAAA  | Areas can like traditional details. Sources hear well daily participants; cheap, russian jobs use with a feet. Just heavy relat                                                                           | AAAAAAAAEADAAAAA  | able          | 35                    | 26                      | 64                      |
| AAAAAAAADFEOCAAA  | Months work minutes. Again other courses set near                                                                                                                                                         | AAAAAAAANOBAAAAA  | pri           | 29                    | 3                       | 45                      |
| AAAAAAAADFMLDAAA  | There usual girls pass. Companies set wide rules; directors take now care                                                                                                                                 | AAAAAAAAEGAAAAAA  | bar           | 16                    | 9                       | 39                      |
| AAAAAAAADIJHEAAA  | Normally sophisticated authors might allow old results. Hence sad men might go. Economic colleagues may not come even clearly armed parties. Other problems walk very glad children. Joi                  | AAAAAAAACLAAAAAA  | eing          | 54                    | 2                       | 55                      |
| AAAAAAAADIMJCAAA  | Eventually good applications                                                                                                                                                                              | AAAAAAAAOGCAAAAA  | able          | 93                    | 8                       | 9                       |
| AAAAAAAADJAKAAAA  | Skills should subscribe laws. Full years may restore corporations. Empiric                                                                                                                                | AAAAAAAANCBAAAAA  | ought         | 36                    | 34                      | 65                      |
| AAAAAAAADKDKCAAA  | Short, dual wings ought to disturb yet now progressive questions. Chief, flat paintings should not tell nationally really official g                                                                      | AAAAAAAAGNDAAAAA  | able          | 36                    | 30                      | 52                      |
| AAAAAAAADKMPAAAA  | Current cells get private minutes. Other, arab knees return yet ancient eyes. Additional, major countries linger tomorrow only young fears                                                                | AAAAAAAAINBAAAAA  | able          | 14                    | 1                       | 42                      |
| AAAAAAAADKPJDAAA  | African, supreme interviews shall not work largely after a years. Yet private changes might reduce rarely appare                                                                                          | AAAAAAAAILBAAAAA  | bar           | 83                    | 50                      | 84                      |
| AAAAAAAADKPPAAAA  | Better old rules achieve later white workers. Relations must not make procedures. Hundreds draw so from a months.                                                                                         | AAAAAAAAJDBAAAAA  | pri           | 8                     | 2                       | 13                      |
| AAAAAAAADLKDEAAA  | Clear yards get. Equal companies will not mind once again; authorities remind then yet con                                                                                                                | AAAAAAAAHECAAAAA  | pri           | 75                    | 73                      | 91                      |
| AAAAAAAADMKFBAAA  | Personal, clea                                                                                                                                                                                            | AAAAAAAAOGDAAAAA  | eing          | 81                    | 27                      | 57                      |
| AAAAAAAADNDADAAA  | Jobs shall not join; different, inte                                                                                                                                                                      | AAAAAAAAOACAAAAA  | cally         | 98                    | 70                      | 37                      |
| AAAAAAAADNDMDAAA  | Pale, main thoughts ought to spend possibly clear, f                                                                                                                                                      | AAAAAAAACKBAAAAA  | eing          | 48                    | 14                      | 54                      |
| AAAAAAAADNIBAAAA  | Just presidential revenues exist home profitable, similar charges. Managers used to wonder there                                                                                                          | AAAAAAAAGPBAAAAA  | able          | 59                    | 2                       | 85                      |
| AAAAAAAADNMJAAAA  | Therefore great items believe soon goods. Important students ought to go most great, proud subsidies. Regulations cannot bear largely nearly spare sales. English, national ideas should                  | AAAAAAAAGFAAAAAA  | cally         | 98                    | 11                      | 42                      |
| AAAAAAAADNPPAAAA  | Men plead short recently public insects. Central origins increase original phases. Memories will provoke. Guests must not agree so programmes. Full are                                                   | AAAAAAAAFCAAAAAA  | ation         | 15                    | 2                       | 5                       |
| AAAAAAAADOKFCAAA  | Ethical deals restore that is as general words; similar eyes must not a                                                                                                                                   | AAAAAAAAEEDAAAAA  | cally         | 97                    | 36                      | 25                      |
| AAAAAAAAEAJEDAAA  | Recordings cross. Constant, old emotions must improve often. Pale, joint countries stop linguistic trials. Clean years achieve as well potential goals. Royal controls protect elsewhere camps;           | AAAAAAAANGAAAAAA  | n st          | 2                     | 1                       | 68                      |
| AAAAAAAAEANFAAAA  | Fall                                                                                                                                                                                                      | AAAAAAAAMABAAAAA  | eing          | 52                    | 27                      | 10                      |
| AAAAAAAAEBBGBAAA  | Cold, religious shops pick big movements. Now important processes shall not examine into a circumstances; red services manage most major workers; both difficult tools may define tonight freq            | AAAAAAAAAICAAAAA  | bar           | 8                     | 8                       | 88                      |
| AAAAAAAAEBBPBAAA  | Soviet, big papers shall ask; scottish powers will not support unusual customs. Matters may handle. Nice, fu                                                                                              | AAAAAAAAOPCAAAAA  | cally         | 7                     | 3                       | 52                      |
| AAAAAAAAEDCEEAAA  | Elderly, broken nerves want long international lists. Marine sente                                                                                                                                        | AAAAAAAAKJBAAAAA  | bar           | 68                    | 10                      | 49                      |
| AAAAAAAAEEAPAAAA  | Great, local marks should not turn countries. S                                                                                                                                                           | AAAAAAAABHCAAAAA  | anti          | 10                    | 2                       | 91                      |
| AAAAAAAAEHGLDAAA  | Affairs cannot pursue less huge days. Yet big words could start lovely factors; more distinct cells can address precisely origins; today great lives will expect eventually lik                           | AAAAAAAAGKDAAAAA  | ese           | 7                     | 3                       | 21                      |
| AAAAAAAAEJCACAAA  | New, exi                                                                                                                                                                                                  | AAAAAAAACGCAAAAA  | bar           | 45                    | 38                      | 34                      |
| AAAAAAAAEJFICAAA  | Enough available libraries should not exceed into a drugs. Violently general masters will not condemn hardly cognitive, central rooms. Professional hospitals would visual                                | AAAAAAAAGABAAAAA  | able          | 29                    | 6                       | 18                      |
| AAAAAAAAEKBDCAAA  | Open courts contain existing, small organisations. Clothes handle only                                                                                                                                    | AAAAAAAAPABAAAAA  | ought         | 97                    | 10                      | 73                      |
| AAAAAAAAEKOOBAAA  | Above hot insects should not own minutes; officials borrow. Children fin                                                                                                                                  | AAAAAAAAAJCAAAAA  | cally         | 63                    | 45                      | 98                      |
| AAAAAAAAEMDAEAAA  | Researchers can learn better chiefs. Foreign sisters can depend; narrow terms decide parental balls; famous, remarkable countries cannot write literally of cours                                         | AAAAAAAAAIDAAAAA  | cally         | 59                    | 25                      | 32                      |
| AAAAAAAAEOAGEAAA  | Labour, british condit                                                                                                                                                                                    | AAAAAAAAFIDAAAAA  | ought         | 48                    | 34                      | 14                      |
| AAAAAAAAEPLMBAAA  | Again important matters will affect more minutes. Different, real cells used to cry to a dogs. Generally initial secrets could not imply even o                                                           | AAAAAAAACACAAAAA  | ese           | 8                     | 8                       | 17                      |
+-------------------+-----------------------------------------------------------------------------------------------------------------------------------------------------------------------------------------------------------+-------------------+---------------+-----------------------+-------------------------+-------------------------+--+
0: jdbc:hive2://h01hn02:10500/tpcds_bin_parti> 
