0: jdbc:hive2://h01hn02:10500/tpcds_bin_parti> set ambari.hive.db.schema.name=hive;
0: jdbc:hive2://h01hn02:10500/tpcds_bin_parti> set fs.file.impl.disable.cache=true;
0: jdbc:hive2://h01hn02:10500/tpcds_bin_parti> set fs.hdfs.impl.disable.cache=true;
0: jdbc:hive2://h01hn02:10500/tpcds_bin_parti> set hive.auto.convert.join.noconditionaltask=true;
0: jdbc:hive2://h01hn02:10500/tpcds_bin_parti> set hive.auto.convert.join=true;
0: jdbc:hive2://h01hn02:10500/tpcds_bin_parti> -- set hive.auto.convert.sortmerge.join.noconditionaltask=true;
0: jdbc:hive2://h01hn02:10500/tpcds_bin_parti> set hive.auto.convert.sortmerge.join=true;
0: jdbc:hive2://h01hn02:10500/tpcds_bin_parti> set hive.compactor.abortedtxn.threshold=1000;
0: jdbc:hive2://h01hn02:10500/tpcds_bin_parti> set hive.compactor.check.interval=300;
0: jdbc:hive2://h01hn02:10500/tpcds_bin_parti> set hive.compactor.delta.num.threshold=10;
0: jdbc:hive2://h01hn02:10500/tpcds_bin_parti> set hive.compactor.delta.pct.threshold=0.1f;
0: jdbc:hive2://h01hn02:10500/tpcds_bin_parti> set hive.compactor.initiator.on=false;
0: jdbc:hive2://h01hn02:10500/tpcds_bin_parti> set hive.compactor.worker.threads=0;
0: jdbc:hive2://h01hn02:10500/tpcds_bin_parti> set hive.compactor.worker.timeout=86400;
0: jdbc:hive2://h01hn02:10500/tpcds_bin_parti> set hive.compute.query.using.stats=true;
0: jdbc:hive2://h01hn02:10500/tpcds_bin_parti> set hive.enforce.bucketing=true;
0: jdbc:hive2://h01hn02:10500/tpcds_bin_parti> set hive.enforce.sorting=true;
0: jdbc:hive2://h01hn02:10500/tpcds_bin_parti> set hive.enforce.sortmergebucketmapjoin=true;
0: jdbc:hive2://h01hn02:10500/tpcds_bin_parti> 
0: jdbc:hive2://h01hn02:10500/tpcds_bin_parti> set hive.limit.pushdown.memory.usage=0.04;
0: jdbc:hive2://h01hn02:10500/tpcds_bin_parti> set hive.map.aggr=true;
0: jdbc:hive2://h01hn02:10500/tpcds_bin_parti> set hive.mapjoin.bucket.cache.size=10000;
0: jdbc:hive2://h01hn02:10500/tpcds_bin_parti> set hive.mapred.reduce.tasks.speculative.execution=false;
0: jdbc:hive2://h01hn02:10500/tpcds_bin_parti> set hive.metastore.cache.pinobjtypes=Table,Database,Type,FieldSchema,Order;
0: jdbc:hive2://h01hn02:10500/tpcds_bin_parti> set hive.metastore.client.socket.timeout=60;
0: jdbc:hive2://h01hn02:10500/tpcds_bin_parti> set hive.metastore.execute.setugi=true;
0: jdbc:hive2://h01hn02:10500/tpcds_bin_parti> set hive.metastore.warehouse.dir=/apps/hive/warehouse;
0: jdbc:hive2://h01hn02:10500/tpcds_bin_parti> set hive.optimize.bucketmapjoin.sortedmerge=false;
0: jdbc:hive2://h01hn02:10500/tpcds_bin_parti> set hive.optimize.bucketmapjoin=true;
0: jdbc:hive2://h01hn02:10500/tpcds_bin_parti> set hive.optimize.index.filter=true;
0: jdbc:hive2://h01hn02:10500/tpcds_bin_parti> -- set hive.optimize.mapjoin.mapreduce=true;
0: jdbc:hive2://h01hn02:10500/tpcds_bin_parti> set hive.optimize.reducededuplication.min.reducer=4;
0: jdbc:hive2://h01hn02:10500/tpcds_bin_parti> set hive.optimize.reducededuplication=true;
0: jdbc:hive2://h01hn02:10500/tpcds_bin_parti> set hive.orc.splits.include.file.footer=false;
0: jdbc:hive2://h01hn02:10500/tpcds_bin_parti> set hive.security.authorization.enabled=false;
0: jdbc:hive2://h01hn02:10500/tpcds_bin_parti> set hive.security.metastore.authorization.manager=org.apache.hadoop.hive.ql.security.authorization.StorageBasedAuthorizationProvider;
0: jdbc:hive2://h01hn02:10500/tpcds_bin_parti> -- set hive.semantic.analyzer.factory.impl=org.apache.hivealog.cli.HCatSemanticAnalyzerFactory;
0: jdbc:hive2://h01hn02:10500/tpcds_bin_parti> set hive.server2.enable.doAs=false;
0: jdbc:hive2://h01hn02:10500/tpcds_bin_parti> set hive.server2.tez.default.queues=default;
0: jdbc:hive2://h01hn02:10500/tpcds_bin_parti> set hive.server2.tez.initialize.default.sessions=false;
0: jdbc:hive2://h01hn02:10500/tpcds_bin_parti> set hive.server2.tez.sessions.per.default.queue=1;
0: jdbc:hive2://h01hn02:10500/tpcds_bin_parti> set hive.stats.autogather=true;
0: jdbc:hive2://h01hn02:10500/tpcds_bin_parti> set hive.tez.input.format=org.apache.hadoop.hive.ql.io.HiveInputFormat;
0: jdbc:hive2://h01hn02:10500/tpcds_bin_parti> set hive.txn.manager=org.apache.hadoop.hive.ql.lockmgr.DummyTxnManager;
0: jdbc:hive2://h01hn02:10500/tpcds_bin_parti> set hive.txn.max.open.batch=1000;
0: jdbc:hive2://h01hn02:10500/tpcds_bin_parti> set hive.txn.timeout=300;
0: jdbc:hive2://h01hn02:10500/tpcds_bin_parti> set hive.vectorized.execution.enabled=true;
0: jdbc:hive2://h01hn02:10500/tpcds_bin_parti> set hive.vectorized.groupby.checkinterval=1024;
0: jdbc:hive2://h01hn02:10500/tpcds_bin_parti> set hive.vectorized.groupby.flush.percent=1;
0: jdbc:hive2://h01hn02:10500/tpcds_bin_parti> set hive.vectorized.groupby.maxentries=1024;
0: jdbc:hive2://h01hn02:10500/tpcds_bin_parti> 
0: jdbc:hive2://h01hn02:10500/tpcds_bin_parti> -- These values need to be tuned appropriately to your cluster. These examples are for reference.
0: jdbc:hive2://h01hn02:10500/tpcds_bin_parti> set hive.tez.container.size=6144;
0: jdbc:hive2://h01hn02:10500/tpcds_bin_parti> set hive.tez.java.opts=-Xmx5120m;
0: jdbc:hive2://h01hn02:10500/tpcds_bin_parti> --set hive.auto.convert.join.noconditionaltask.size=100000000;
0: jdbc:hive2://h01hn02:10500/tpcds_bin_parti> --set hive.auto.convert.join.noconditionaltask.size=320000000;
0: jdbc:hive2://h01hn02:10500/tpcds_bin_parti> set hive.auto.convert.join.noconditionaltask.size=629145600;
0: jdbc:hive2://h01hn02:10500/tpcds_bin_parti> -- set hive.auto.convert.join.noconditionaltask.size=720000000;
0: jdbc:hive2://h01hn02:10500/tpcds_bin_parti> -- set hive.auto.convert.join.noconditionaltask.size=1920000000;
0: jdbc:hive2://h01hn02:10500/tpcds_bin_parti> 
0: jdbc:hive2://h01hn02:10500/tpcds_bin_parti> set hive.execution.engine=tez;
0: jdbc:hive2://h01hn02:10500/tpcds_bin_parti> set hive.default.fileformat=orc;
0: jdbc:hive2://h01hn02:10500/tpcds_bin_parti> set hive.cbo.enable=true;
0: jdbc:hive2://h01hn02:10500/tpcds_bin_parti> set hive.stats.fetch.column.stats=true;
0: jdbc:hive2://h01hn02:10500/tpcds_bin_parti> set hive.exec.dynamic.partition.mode=nonstrict;
0: jdbc:hive2://h01hn02:10500/tpcds_bin_parti> set hive.tez.auto.reducer.parallelism=true;
0: jdbc:hive2://h01hn02:10500/tpcds_bin_parti> -- set hive.exec.reducers.bytes.per.reducer=1000000000;
0: jdbc:hive2://h01hn02:10500/tpcds_bin_parti> set hive.exec.reducers.bytes.per.reducer=67108864;
0: jdbc:hive2://h01hn02:10500/tpcds_bin_parti> set hive.txn.manager=org.apache.hadoop.hive.ql.lockmgr.DummyTxnManager;
0: jdbc:hive2://h01hn02:10500/tpcds_bin_parti> set hive.support.concurrency=false;
0: jdbc:hive2://h01hn02:10500/tpcds_bin_parti> set hive.tez.exec.print.summary=true;
0: jdbc:hive2://h01hn02:10500/tpcds_bin_parti> 
0: jdbc:hive2://h01hn02:10500/tpcds_bin_parti> set tez.grouping.min-size=16777216;
0: jdbc:hive2://h01hn02:10500/tpcds_bin_parti> --set tez.grouping.min-size=8388608;
0: jdbc:hive2://h01hn02:10500/tpcds_bin_parti> set tez.grouping.max-size=1073741824;
0: jdbc:hive2://h01hn02:10500/tpcds_bin_parti> --set tez.grouping.max-size=1342177280;
0: jdbc:hive2://h01hn02:10500/tpcds_bin_parti> 
0: jdbc:hive2://h01hn02:10500/tpcds_bin_parti> --set tez.grouping.split-waves=1.7;
0: jdbc:hive2://h01hn02:10500/tpcds_bin_parti> set tez.runtime.io.sort.mb=174;
0: jdbc:hive2://h01hn02:10500/tpcds_bin_parti> 
0: jdbc:hive2://h01hn02:10500/tpcds_bin_parti> 
0: jdbc:hive2://h01hn02:10500/tpcds_bin_parti> select  i_item_id, 
0: jdbc:hive2://h01hn02:10500/tpcds_bin_parti>         avg(ss_quantity) agg1,
0: jdbc:hive2://h01hn02:10500/tpcds_bin_parti>         avg(ss_list_price) agg2,
0: jdbc:hive2://h01hn02:10500/tpcds_bin_parti>         avg(ss_coupon_amt) agg3,
0: jdbc:hive2://h01hn02:10500/tpcds_bin_parti>         avg(ss_sales_price) agg4 
0: jdbc:hive2://h01hn02:10500/tpcds_bin_parti>  from store_sales, customer_demographics, date_dim, item, promotion
0: jdbc:hive2://h01hn02:10500/tpcds_bin_parti>  where store_sales.ss_sold_date_sk = date_dim.d_date_sk and
0: jdbc:hive2://h01hn02:10500/tpcds_bin_parti>        store_sales.ss_item_sk = item.i_item_sk and
0: jdbc:hive2://h01hn02:10500/tpcds_bin_parti>        store_sales.ss_cdemo_sk = customer_demographics.cd_demo_sk and
0: jdbc:hive2://h01hn02:10500/tpcds_bin_parti>        store_sales.ss_promo_sk = promotion.p_promo_sk and
0: jdbc:hive2://h01hn02:10500/tpcds_bin_parti>        cd_gender = 'F' and 
0: jdbc:hive2://h01hn02:10500/tpcds_bin_parti>        cd_marital_status = 'W' and
0: jdbc:hive2://h01hn02:10500/tpcds_bin_parti>        cd_education_status = 'Primary' and
0: jdbc:hive2://h01hn02:10500/tpcds_bin_parti>        (p_channel_email = 'N' or p_channel_event = 'N') and
0: jdbc:hive2://h01hn02:10500/tpcds_bin_parti>        d_year = 1998 
0: jdbc:hive2://h01hn02:10500/tpcds_bin_parti>  group by i_item_id
0: jdbc:hive2://h01hn02:10500/tpcds_bin_parti>  order by i_item_id
0: jdbc:hive2://h01hn02:10500/tpcds_bin_parti>  limit 100;
+-------------------+---------------------+--------------------+---------------------+---------------------+--+
|     i_item_id     |        agg1         |        agg2        |        agg3         |        agg4         |
+-------------------+---------------------+--------------------+---------------------+---------------------+--+
| AAAAAAAAAAAABAAA  | 53.84848484848485   | 84.56764726077809  | 166.2458812980091   | 32.74757609042254   |
| AAAAAAAAAAAACAAA  | 49.943396226415096  | 82.14641499069502  | 291.07811657887584  | 39.30962967431104   |
| AAAAAAAAAAAAEAAA  | 50.58974358974359   | 71.71359059749506  | 150.75025411752554  | 36.27256419719794   |
| AAAAAAAAAAABAAAA  | 51.725              | 76.25550000667572  | 171.91750478744507  | 34.70599987134337   |
| AAAAAAAAAAABBAAA  | 54.24074074074074   | 68.30037735093315  | 99.78703608336272   | 31.973962202387035  |
| AAAAAAAAAAABDAAA  | 53.333333333333336  | 81.68416661024094  | 72.70898126096142   | 42.09673466974375   |
| AAAAAAAAAAABEAAA  | 46.23529411764706   | 73.53803902046353  | 101.85352811626359  | 40.98686282424366   |
| AAAAAAAAAAACAAAA  | 49.55102040816327   | 74.71469409125191  | 76.91437514623006   | 32.48812493185202   |
| AAAAAAAAAAACCAAA  | 53.27450980392157   | 67.55450946209477  | 238.06705893722236  | 39.39254884743223   |
| AAAAAAAAAAACDAAA  | 43.707317073170735  | 76.1468291166352   | 70.42487698066526   | 34.58195136233074   |
| AAAAAAAAAAADBAAA  | 47.80769230769231   | 79.8813462807582   | 60.0269219325139    | 37.799423339275215  |
| AAAAAAAAAAADCAAA  | 53.61363636363637   | 79.60318195819855  | 53.25727226517417   | 47.97863644090566   |
| AAAAAAAAAAADEAAA  | 45.53448275862069   | 76.2743104079674   | 89.30568955016547   | 34.02293120324612   |
| AAAAAAAAAAAEAAAA  | 46.714285714285715  | 71.16946444766862  | 123.28642804282052  | 35.44421052305322   |
| AAAAAAAAAAAEBAAA  | 50.857142857142854  | 74.55428526352863  | 112.14770754178365  | 35.17489762695468   |
| AAAAAAAAAAAEDAAA  | 47.02777777777778   | 84.08527761035495  | 211.65250371230974  | 48.57027768343687   |
| AAAAAAAAAAAEEAAA  | 53.91111111111111   | 71.60826070671496  | 142.1341316803642   | 28.623260872519534  |
| AAAAAAAAAAAFAAAA  | 58.91304347826087   | 74.76956520909849  | 315.3049961483997   | 40.51543489098549   |
| AAAAAAAAAAAFCAAA  | 49.682539682539684  | 77.91920628244915  | 95.48746057540652   | 37.38603160731376   |
| AAAAAAAAAAAFDAAA  | 40.5                | 77.76361744454566  | 76.65127595942072   | 38.13456506314485   |
| AAAAAAAAAAAGBAAA  | 54.59183673469388   | 82.54166686534882  | 344.7577049334844   | 44.98625024035573   |
| AAAAAAAAAAAGCAAA  | 54.319148936170215  | 84.09739096268363  | 259.19999537260634  | 39.04446829126236   |
| AAAAAAAAAAAGEAAA  | 54.280701754385966  | 79.7575441410667   | 108.69859675357216  | 38.33947379547253   |
| AAAAAAAAAAAHAAAA  | 53.673469387755105  | 83.0330613778562   | 120.78081169906928  | 45.55183662687029   |
| AAAAAAAAAAAHBAAA  | 51.73770491803279   | 75.54516651630402  | 157.694917663199    | 38.97885214451884   |
| AAAAAAAAAAAHDAAA  | 49.43103448275862   | 76.52322013903472  | 98.61440805661476   | 32.57000005851358   |
| AAAAAAAAAAAHEAAA  | 47.241379310344826  | 82.32551689805656  | 320.0593051581547   | 42.919827697605925  |
| AAAAAAAAAAAIAAAA  | 50.04651162790697   | 89.38511598941892  | 59.334418363349386  | 40.93511624114458   |
| AAAAAAAAAAAICAAA  | 49.71052631578947   | 80.15026273852901  | 281.99605188871686  | 38.271842460099016  |
| AAAAAAAAAAAIDAAA  | 50.924528301886795  | 78.50113220934598  | 98.87075582090414   | 33.30245306300667   |
| AAAAAAAAAAAJBAAA  | 52.19642857142857   | 82.84124985337257  | 174.5816044977733   | 41.70124991770302   |
| AAAAAAAAAAAJCAAA  | 47.292682926829265  | 62.61122000508192  | 268.7997505187988   | 26.23249990828335   |
| AAAAAAAAAAAJEAAA  | 55.53488372093023   | 76.30093035587045  | 276.17650482266447  | 39.25907005820164   |
| AAAAAAAAAAAKAAAA  | 44.98360655737705   | 77.12918072841207  | 227.71852743430216  | 39.34836045102995   |
| AAAAAAAAAAAKBAAA  | 62.125              | 81.19325024485588  | 111.94249877929687  | 38.48224994391203   |
| AAAAAAAAAAAKDAAA  | 59.166666666666664  | 83.9612192177191   | 285.14174880981443  | 43.29146348557821   |
| AAAAAAAAAAALAAAA  | 46.59649122807018   | 82.69896577555558  | 367.7505294900191   | 47.58637909025982   |
| AAAAAAAAAAALCAAA  | 51.808510638297875  | 80.45085158246629  | 348.0851094367656   | 40.58446799060132   |
| AAAAAAAAAAALDAAA  | 39.87096774193548   | 81.95516146382978  | 134.76612740178263  | 45.778709757712576  |
| AAAAAAAAAAAMBAAA  | 43.048780487804876  | 77.74926808985268  | 401.24317155233246  | 37.76829266838911   |
| AAAAAAAAAAAMCAAA  | 57.53846153846154   | 72.14058858273076  | 155.95981067877548  | 34.303725648160075  |
| AAAAAAAAAAANAAAA  | 54.76923076923077   | 66.47942314239648  | 310.7580814178173   | 34.612884474774965  |
| AAAAAAAAAAANBAAA  | 59.5                | 67.51090902631933  | 80.41681601784445   | 28.494091058319267  |
| AAAAAAAAAAANDAAA  | 51.608695652173914  | 80.8199993164643   | 345.29043052507484  | 37.11934764229733   |
| AAAAAAAAAAAOAAAA  | 48.19047619047619   | 85.41071413812183  | 86.29762186322894   | 44.79547613539866   |
| AAAAAAAAAAAOCAAA  | 50.089285714285715  | 85.88053545355797  | 173.07196576254708  | 43.49894729779478   |
| AAAAAAAAAAAODAAA  | 44.13333333333333   | 74.29355572594537  | 83.62399944729275   | 42.78000044822693   |
| AAAAAAAAAAAPBAAA  | 52.72               | 74.45400027751923  | 166.86600001335145  | 37.49200000762939   |
| AAAAAAAAAAAPCAAA  | 54.03636363636364   | 76.60436359752308  | 188.9721785111861   | 40.258363771438596  |
| AAAAAAAAAABAAAAA  | 54.714285714285715  | 75.50238032568069  | 44.35333324614025   | 36.324285905985604  |
| AAAAAAAAAABABAAA  | 46.54761904761905   | 73.73780472685651  | 214.65643015361968  | 42.356097302785734  |
| AAAAAAAAAABADAAA  | 53.63461538461539   | 65.27235295725804  | 86.72599960327149   | 33.47117640457901   |
| AAAAAAAAAABAEAAA  | 50.0                | 76.89099992752075  | 205.14399688720704  | 42.15579994916916   |
| AAAAAAAAAABBAAAA  | 50.64               | 71.71062459051609  | 95.57265371205855   | 36.464897871017456  |
| AAAAAAAAAABBCAAA  | 43.642857142857146  | 63.51833334423247  | 165.18761870974586  | 32.197804674142745  |
| AAAAAAAAAABBDAAA  | 48.361111111111114  | 80.4705721105848   | 198.7722221215566   | 39.3027778474821    |
| AAAAAAAAAABCBAAA  | 47.94230769230769   | 69.0930771781848   | 352.6817227877103   | 44.014230779730354  |
| AAAAAAAAAABCCAAA  | 54.851063829787236  | 75.68787223734755  | 273.9863852034224   | 42.1385106707507    |
| AAAAAAAAAABCEAAA  | 50.146341463414636  | 72.58926807961812  | 38.586904525756836  | 30.874878293130458  |
| AAAAAAAAAABDAAAA  | 47.91935483870968   | 72.40758068715373  | 159.3036042275976   | 35.136774382764294  |
| AAAAAAAAAABDBAAA  | 48.71739130434783   | 88.50195625553961  | 236.7961708231175   | 50.348935987087     |
| AAAAAAAAAABDDAAA  | 46.32142857142857   | 73.55392868178231  | 22.581428119114467  | 37.97178552619049   |
| AAAAAAAAAABDEAAA  | 45.79032258064516   | 72.99145154414639  | 125.43951797485352  | 36.91999996285285   |
| AAAAAAAAAABEAAAA  | 57.294117647058826  | 64.96340011596679  | 299.47157251601124  | 35.00279963582754   |
| AAAAAAAAAABECAAA  | 56.25581395348837   | 80.6393018101537   | 372.4806937284248   | 42.69697673376216   |
| AAAAAAAAAABEDAAA  | 48.857142857142854  | 78.68333341677983  | 136.90791630744934  | 43.331458461781345  |
| AAAAAAAAAABFBAAA  | 45.12               | 78.86040018558502  | 168.86859649181366  | 36.1142000067234    |
| AAAAAAAAAABFCAAA  | 55.204081632653065  | 77.80040848011873  | 192.0497952286078   | 38.0551021123419    |
| AAAAAAAAAABFEAAA  | 52.40384615384615   | 67.82192331094008  | 170.58769244414108  | 32.42942289578227   |
| AAAAAAAAAABGAAAA  | 47.979166666666664  | 72.5052090237538   | 263.1499985679984   | 34.397021243546874  |
| AAAAAAAAAABGBAAA  | 55.48936170212766   | 88.38106380624974  | 467.94020567549035  | 41.41787269013993   |
| AAAAAAAAAABGDAAA  | 49.878787878787875  | 83.8645449407173   | 240.85453981341738  | 43.632424567684986  |
| AAAAAAAAAABGEAAA  | 58.28333333333333   | 86.90169480695563  | 399.16682664553326  | 48.2559321381278    |
| AAAAAAAAAABHAAAA  | 53.08108108108108   | 85.7275673183235   | 606.026571173417    | 48.10972968952076   |
| AAAAAAAAAABHCAAA  | 53.58695652173913   | 87.09888914426168  | 270.1528235362924   | 52.792222340901695  |
| AAAAAAAAAABHDAAA  | 47.30909090909091   | 64.86909051808443  | 97.81818327470259   | 32.53490928303112   |
| AAAAAAAAAABIBAAA  | 51.264150943396224  | 77.83433934877503  | 65.6381141374696    | 38.015094066565894  |
| AAAAAAAAAABICAAA  | 49.96078431372549   | 69.86588228450103  | 147.26568496928496  | 34.52215692357105   |
| AAAAAAAAAABIEAAA  | 53.97959183673469   | 79.32346892113588  | 101.35816225713613  | 41.98142870439558   |
| AAAAAAAAAABJAAAA  | 50.172413793103445  | 84.5912074878298   | 386.21841879058303  | 41.643275998275854  |
| AAAAAAAAAABJBAAA  | 49.63492063492063   | 85.38935494422913  | 280.31402887644305  | 42.81746028387357   |
| AAAAAAAAAABJDAAA  | 47.166666666666664  | 86.28829258244212  | 304.3031736001736   | 52.59642883603062   |
| AAAAAAAAAABJEAAA  | 54.05357142857143   | 82.39684232076009  | 159.3575035078185   | 37.26824557885789   |
| AAAAAAAAAABKAAAA  | 43.8235294117647    | 81.55647045023301  | 169.29117023243623  | 36.23911762588165   |
| AAAAAAAAAABKCAAA  | 54.630434782608695  | 73.40695676596269  | 175.9191311960635   | 34.85369524910398   |
| AAAAAAAAAABKDAAA  | 50.46296296296296   | 76.83055563326235  | 167.75870513916016  | 43.71000000227381   |
| AAAAAAAAAABLBAAA  | 42.8235294117647    | 64.67960821413526  | 121.83120433807373  | 26.27254906311339   |
| AAAAAAAAAABLCAAA  | 53.765957446808514  | 85.02574458020798  | 333.5080878886771   | 45.34446753593201   |
| AAAAAAAAAABMAAAA  | 52.88235294117647   | 61.10647099158343  | 32.796285792759484  | 22.667714500427245  |
| AAAAAAAAAABMBAAA  | 55.41935483870968   | 72.78483850340689  | 244.81822567601358  | 40.79806459334589   |
| AAAAAAAAAABMDAAA  | 51.97826086956522   | 74.87086959507154  | 480.34283293848455  | 40.539130584053375  |
| AAAAAAAAAABNAAAA  | 49.509803921568626  | 64.62098054324879  | 64.8052941490622    | 33.71843150842424   |
| AAAAAAAAAABNCAAA  | 45.659574468085104  | 74.98673901350602  | 125.79744631939747  | 33.17659551285683   |
| AAAAAAAAAABNDAAA  | 42.54347826086956   | 76.61978293501812  | 173.9380469114884   | 39.379130334957786  |
| AAAAAAAAAABOBAAA  | 55.867924528301884  | 74.25415090344987  | 109.73296225512469  | 40.2362266852046    |
| AAAAAAAAAABOCAAA  | 49.857142857142854  | 83.82053555761065  | 264.909289087568    | 42.47160712310246   |
| AAAAAAAAAABPAAAA  | 48.58536585365854   | 69.53048803457399  | 269.87902757598135  | 34.13414615247308   |
| AAAAAAAAAABPBAAA  | 47.23076923076923   | 82.99824994802475  | 152.34820402585544  | 39.002051408713065  |
| AAAAAAAAAABPDAAA  | 41.490196078431374  | 70.74196110519708  | 171.57372805651497  | 35.645882233685136  |
| AAAAAAAAAACAAAAA  | 50.016666666666666  | 68.32278670443863  | 201.61704687212335  | 32.62885265907303   |
+-------------------+---------------------+--------------------+---------------------+---------------------+--+
0: jdbc:hive2://h01hn02:10500/tpcds_bin_parti> 
0: jdbc:hive2://h01hn02:10500/tpcds_bin_parti> 
0: jdbc:hive2://h01hn02:10500/tpcds_bin_parti> 
