Connecting to jdbc:hive2://h01hn02:10500/tpcds_bin_partitioned_orc_10000
Connected to: Apache Hive (version 2.1.0.2.5.1.0-43)
Driver: Hive JDBC (version 1.2.1000.2.5.1.0-43)
Transaction isolation: TRANSACTION_REPEATABLE_READ
Running init script bry.sql
No rows affected (0.037 seconds)
INFO  : Compiling command(queryId=hive_20161020160257_bb23c1d2-460b-45f2-b73f-e748e3884328): select  *
from (select avg(ss_list_price) B1_LP
            ,count(ss_list_price) B1_CNT
            ,count(distinct ss_list_price) B1_CNTD
      from store_sales
      where ss_quantity between 0 and 5
        and (ss_list_price between 11 and 11+10 
             or ss_coupon_amt between 460 and 460+1000
             or ss_wholesale_cost between 14 and 14+20)) B1,
     (select avg(ss_list_price) B2_LP
            ,count(ss_list_price) B2_CNT
            ,count(distinct ss_list_price) B2_CNTD
      from store_sales
      where ss_quantity between 6 and 10
        and (ss_list_price between 91 and 91+10
          or ss_coupon_amt between 1430 and 1430+1000
          or ss_wholesale_cost between 32 and 32+20)) B2,
     (select avg(ss_list_price) B3_LP
            ,count(ss_list_price) B3_CNT
            ,count(distinct ss_list_price) B3_CNTD
      from store_sales
      where ss_quantity between 11 and 15
        and (ss_list_price between 66 and 66+10
          or ss_coupon_amt between 920 and 920+1000
          or ss_wholesale_cost between 4 and 4+20)) B3,
     (select avg(ss_list_price) B4_LP
            ,count(ss_list_price) B4_CNT
            ,count(distinct ss_list_price) B4_CNTD
      from store_sales
      where ss_quantity between 16 and 20
        and (ss_list_price between 142 and 142+10
          or ss_coupon_amt between 3054 and 3054+1000
          or ss_wholesale_cost between 80 and 80+20)) B4,
     (select avg(ss_list_price) B5_LP
            ,count(ss_list_price) B5_CNT
            ,count(distinct ss_list_price) B5_CNTD
      from store_sales
      where ss_quantity between 21 and 25
        and (ss_list_price between 135 and 135+10
          or ss_coupon_amt between 14180 and 14180+1000
          or ss_wholesale_cost between 38 and 38+20)) B5,
     (select avg(ss_list_price) B6_LP
            ,count(ss_list_price) B6_CNT
            ,count(distinct ss_list_price) B6_CNTD
      from store_sales
      where ss_quantity between 26 and 30
        and (ss_list_price between 28 and 28+10
          or ss_coupon_amt between 2513 and 2513+1000
          or ss_wholesale_cost between 42 and 42+20)) B6
limit 100
INFO  : Semantic Analysis Completed
INFO  : Returning Hive schema: Schema(fieldSchemas:[FieldSchema(name:b1.b1_lp, type:double, comment:null), FieldSchema(name:b1.b1_cnt, type:bigint, comment:null), FieldSchema(name:b1.b1_cntd, type:bigint, comment:null), FieldSchema(name:b2.b2_lp, type:double, comment:null), FieldSchema(name:b2.b2_cnt, type:bigint, comment:null), FieldSchema(name:b2.b2_cntd, type:bigint, comment:null), FieldSchema(name:b3.b3_lp, type:double, comment:null), FieldSchema(name:b3.b3_cnt, type:bigint, comment:null), FieldSchema(name:b3.b3_cntd, type:bigint, comment:null), FieldSchema(name:b4.b4_lp, type:double, comment:null), FieldSchema(name:b4.b4_cnt, type:bigint, comment:null), FieldSchema(name:b4.b4_cntd, type:bigint, comment:null), FieldSchema(name:b5.b5_lp, type:double, comment:null), FieldSchema(name:b5.b5_cnt, type:bigint, comment:null), FieldSchema(name:b5.b5_cntd, type:bigint, comment:null), FieldSchema(name:b6.b6_lp, type:double, comment:null), FieldSchema(name:b6.b6_cnt, type:bigint, comment:null), FieldSchema(name:b6.b6_cntd, type:bigint, comment:null)], properties:null)
INFO  : Completed compiling command(queryId=hive_20161020160257_bb23c1d2-460b-45f2-b73f-e748e3884328); Time taken: 1.775 seconds
INFO  : Concurrency mode is disabled, not creating a lock manager
INFO  : Executing command(queryId=hive_20161020160257_bb23c1d2-460b-45f2-b73f-e748e3884328): select  *
from (select avg(ss_list_price) B1_LP
            ,count(ss_list_price) B1_CNT
            ,count(distinct ss_list_price) B1_CNTD
      from store_sales
      where ss_quantity between 0 and 5
        and (ss_list_price between 11 and 11+10 
             or ss_coupon_amt between 460 and 460+1000
             or ss_wholesale_cost between 14 and 14+20)) B1,
     (select avg(ss_list_price) B2_LP
            ,count(ss_list_price) B2_CNT
            ,count(distinct ss_list_price) B2_CNTD
      from store_sales
      where ss_quantity between 6 and 10
        and (ss_list_price between 91 and 91+10
          or ss_coupon_amt between 1430 and 1430+1000
          or ss_wholesale_cost between 32 and 32+20)) B2,
     (select avg(ss_list_price) B3_LP
            ,count(ss_list_price) B3_CNT
            ,count(distinct ss_list_price) B3_CNTD
      from store_sales
      where ss_quantity between 11 and 15
        and (ss_list_price between 66 and 66+10
          or ss_coupon_amt between 920 and 920+1000
          or ss_wholesale_cost between 4 and 4+20)) B3,
     (select avg(ss_list_price) B4_LP
            ,count(ss_list_price) B4_CNT
            ,count(distinct ss_list_price) B4_CNTD
      from store_sales
      where ss_quantity between 16 and 20
        and (ss_list_price between 142 and 142+10
          or ss_coupon_amt between 3054 and 3054+1000
          or ss_wholesale_cost between 80 and 80+20)) B4,
     (select avg(ss_list_price) B5_LP
            ,count(ss_list_price) B5_CNT
            ,count(distinct ss_list_price) B5_CNTD
      from store_sales
      where ss_quantity between 21 and 25
        and (ss_list_price between 135 and 135+10
          or ss_coupon_amt between 14180 and 14180+1000
          or ss_wholesale_cost between 38 and 38+20)) B5,
     (select avg(ss_list_price) B6_LP
            ,count(ss_list_price) B6_CNT
            ,count(distinct ss_list_price) B6_CNTD
      from store_sales
      where ss_quantity between 26 and 30
        and (ss_list_price between 28 and 28+10
          or ss_coupon_amt between 2513 and 2513+1000
          or ss_wholesale_cost between 42 and 42+20)) B6
limit 100
INFO  : Query ID = hive_20161020160257_bb23c1d2-460b-45f2-b73f-e748e3884328
INFO  : Total jobs = 1
INFO  : Launching Job 1 out of 1
INFO  : Starting task [Stage-1:MAPRED] in serial mode
INFO  : Session is already open
INFO  : Dag name: select  *
from (select avg(ss_list_pri...100(Stage-1)
INFO  : Setting tez.task.scale.memory.reserve-fraction to 0.30000001192092896
INFO  : Tez session was closed. Reopening...
INFO  : Session re-established.
INFO  : 

INFO  : Status: Running (Executing on YARN cluster with App id application_1476988466894_0276)

INFO  : Map 1: -/-	Map 11: -/-	Map 3: -/-	Map 5: -/-	Map 7: -/-	Map 9: -/-	Reducer 10: 0/1	Reducer 12: 0/1	Reducer 2: 0/1	Reducer 4: 0/1	Reducer 6: 0/1	Reducer 8: 0/1	
INFO  : Map 1: -/-	Map 11: -/-	Map 3: -/-	Map 5: -/-	Map 7: -/-	Map 9: -/-	Reducer 10: 0/1	Reducer 12: 0/1	Reducer 2: 0/1	Reducer 4: 0/1	Reducer 6: 0/1	Reducer 8: 0/1	
INFO  : Map 1: -/-	Map 11: -/-	Map 3: -/-	Map 5: -/-	Map 7: -/-	Map 9: -/-	Reducer 10: 0/1	Reducer 12: 0/1	Reducer 2: 0/1	Reducer 4: 0/1	Reducer 6: 0/1	Reducer 8: 0/1	
INFO  : Map 1: -/-	Map 11: -/-	Map 3: -/-	Map 5: -/-	Map 7: 0/431	Map 9: -/-	Reducer 10: 0/1	Reducer 12: 0/1	Reducer 2: 0/1	Reducer 4: 0/1	Reducer 6: 0/1	Reducer 8: 0/1	
INFO  : Map 1: -/-	Map 11: -/-	Map 3: -/-	Map 5: -/-	Map 7: 0(+58)/431	Map 9: -/-	Reducer 10: 0/1	Reducer 12: 0/1	Reducer 2: 0/1	Reducer 4: 0/1	Reducer 6: 0/1	Reducer 8: 0/1	
INFO  : Map 1: -/-	Map 11: -/-	Map 3: -/-	Map 5: -/-	Map 7: 0(+83)/431	Map 9: -/-	Reducer 10: 0/1	Reducer 12: 0/1	Reducer 2: 0/1	Reducer 4: 0/1	Reducer 6: 0/1	Reducer 8: 0/1	
INFO  : Map 1: -/-	Map 11: -/-	Map 3: -/-	Map 5: -/-	Map 7: 0(+94)/431	Map 9: -/-	Reducer 10: 0/1	Reducer 12: 0/1	Reducer 2: 0/1	Reducer 4: 0/1	Reducer 6: 0/1	Reducer 8: 0/1	
INFO  : Map 1: -/-	Map 11: -/-	Map 3: -/-	Map 5: -/-	Map 7: 0(+431)/431	Map 9: -/-	Reducer 10: 0/1	Reducer 12: 0/1	Reducer 2: 0/1	Reducer 4: 0/1	Reducer 6: 0/1	Reducer 8: 0/1	
INFO  : Map 1: -/-	Map 11: -/-	Map 3: -/-	Map 5: 0(+28)/431	Map 7: 0(+431)/431	Map 9: -/-	Reducer 10: 0/1	Reducer 12: 0/1	Reducer 2: 0/1	Reducer 4: 0/1	Reducer 6: 0/1	Reducer 8: 0/1	
INFO  : Map 1: 0/431	Map 11: 0/431	Map 3: 0/431	Map 5: 0(+38)/431	Map 7: 0(+431)/431	Map 9: 0/431	Reducer 10: 0/1	Reducer 12: 0/1	Reducer 2: 0/1	Reducer 4: 0/1	Reducer 6: 0/1	Reducer 8: 0/1	
INFO  : Map 1: 0/431	Map 11: 0/431	Map 3: 0/431	Map 5: 0(+45)/431	Map 7: 0(+431)/431	Map 9: 0/431	Reducer 10: 0/1	Reducer 12: 0/1	Reducer 2: 0/1	Reducer 4: 0/1	Reducer 6: 0/1	Reducer 8: 0/1	
INFO  : Map 1: 0/431	Map 11: 0/431	Map 3: 0/431	Map 5: 0(+47)/431	Map 7: 0(+431)/431	Map 9: 0/431	Reducer 10: 0/1	Reducer 12: 0/1	Reducer 2: 0/1	Reducer 4: 0/1	Reducer 6: 0/1	Reducer 8: 0/1	
INFO  : Map 1: 0/431	Map 11: 0/431	Map 3: 0/431	Map 5: 0(+53)/431	Map 7: 0(+431)/431	Map 9: 0/431	Reducer 10: 0/1	Reducer 12: 0/1	Reducer 2: 0/1	Reducer 4: 0/1	Reducer 6: 0/1	Reducer 8: 0/1	
INFO  : Map 1: 0/431	Map 11: 0/431	Map 3: 0/431	Map 5: 0(+63)/431	Map 7: 0(+431)/431	Map 9: 0/431	Reducer 10: 0/1	Reducer 12: 0/1	Reducer 2: 0/1	Reducer 4: 0/1	Reducer 6: 0/1	Reducer 8: 0/1	
INFO  : Map 1: 0/431	Map 11: 0/431	Map 3: 0/431	Map 5: 0(+70)/431	Map 7: 0(+431)/431	Map 9: 0/431	Reducer 10: 0/1	Reducer 12: 0/1	Reducer 2: 0/1	Reducer 4: 0/1	Reducer 6: 0/1	Reducer 8: 0/1	
INFO  : Map 1: 0/431	Map 11: 0/431	Map 3: 0/431	Map 5: 0(+73)/431	Map 7: 0(+431)/431	Map 9: 0/431	Reducer 10: 0/1	Reducer 12: 0/1	Reducer 2: 0/1	Reducer 4: 0/1	Reducer 6: 0/1	Reducer 8: 0/1	
INFO  : Map 1: 0/431	Map 11: 0/431	Map 3: 0/431	Map 5: 0(+73)/431	Map 7: 0(+431)/431	Map 9: 0/431	Reducer 10: 0/1	Reducer 12: 0/1	Reducer 2: 0/1	Reducer 4: 0/1	Reducer 6: 0/1	Reducer 8: 0/1	
INFO  : Map 1: 0/431	Map 11: 0/431	Map 3: 0/431	Map 5: 0(+73)/431	Map 7: 0(+431)/431	Map 9: 0/431	Reducer 10: 0/1	Reducer 12: 0/1	Reducer 2: 0/1	Reducer 4: 0/1	Reducer 6: 0/1	Reducer 8: 0/1	
INFO  : Map 1: 0/431	Map 11: 0/431	Map 3: 0/431	Map 5: 0(+73)/431	Map 7: 0(+431)/431	Map 9: 0/431	Reducer 10: 0/1	Reducer 12: 0/1	Reducer 2: 0/1	Reducer 4: 0/1	Reducer 6: 0/1	Reducer 8: 0/1	
INFO  : Map 1: 0/431	Map 11: 0/431	Map 3: 0/431	Map 5: 0(+73)/431	Map 7: 0(+431)/431	Map 9: 0(+10)/431	Reducer 10: 0/1	Reducer 12: 0/1	Reducer 2: 0/1	Reducer 4: 0/1	Reducer 6: 0/1	Reducer 8: 0/1	
INFO  : Map 1: 0/431	Map 11: 0/431	Map 3: 0/431	Map 5: 0(+73)/431	Map 7: 0(+431)/431	Map 9: 0(+79)/431	Reducer 10: 0/1	Reducer 12: 0/1	Reducer 2: 0/1	Reducer 4: 0/1	Reducer 6: 0/1	Reducer 8: 0/1	
INFO  : Map 1: 0/431	Map 11: 0/431	Map 3: 0/431	Map 5: 0(+73)/431	Map 7: 0(+431)/431	Map 9: 0(+151)/431	Reducer 10: 0/1	Reducer 12: 0/1	Reducer 2: 0/1	Reducer 4: 0/1	Reducer 6: 0/1	Reducer 8: 0/1	
INFO  : Map 1: 0/431	Map 11: 0/431	Map 3: 0/431	Map 5: 0(+73)/431	Map 7: 0(+431)/431	Map 9: 0(+216)/431	Reducer 10: 0/1	Reducer 12: 0/1	Reducer 2: 0/1	Reducer 4: 0/1	Reducer 6: 0/1	Reducer 8: 0/1	
INFO  : Map 1: 0/431	Map 11: 0/431	Map 3: 0/431	Map 5: 0(+73)/431	Map 7: 0(+431)/431	Map 9: 0(+269)/431	Reducer 10: 0/1	Reducer 12: 0/1	Reducer 2: 0/1	Reducer 4: 0/1	Reducer 6: 0/1	Reducer 8: 0/1	
INFO  : Map 1: 0/431	Map 11: 0/431	Map 3: 0/431	Map 5: 0(+73)/431	Map 7: 0(+431)/431	Map 9: 0(+333)/431	Reducer 10: 0/1	Reducer 12: 0/1	Reducer 2: 0/1	Reducer 4: 0/1	Reducer 6: 0/1	Reducer 8: 0/1	
INFO  : Map 1: 0/431	Map 11: 0/431	Map 3: 0/431	Map 5: 0(+73)/431	Map 7: 0(+431)/431	Map 9: 0(+395)/431	Reducer 10: 0/1	Reducer 12: 0/1	Reducer 2: 0/1	Reducer 4: 0/1	Reducer 6: 0/1	Reducer 8: 0/1	
INFO  : Map 1: 0/431	Map 11: 0/431	Map 3: 0/431	Map 5: 0(+77)/431	Map 7: 0(+431)/431	Map 9: 0(+431)/431	Reducer 10: 0/1	Reducer 12: 0/1	Reducer 2: 0/1	Reducer 4: 0/1	Reducer 6: 0/1	Reducer 8: 0/1	
INFO  : Map 1: 0/431	Map 11: 0/431	Map 3: 0/431	Map 5: 0(+80)/431	Map 7: 0(+431)/431	Map 9: 0(+431)/431	Reducer 10: 0/1	Reducer 12: 0/1	Reducer 2: 0/1	Reducer 4: 0/1	Reducer 6: 0/1	Reducer 8: 0/1	
INFO  : Map 1: 0/431	Map 11: 0/431	Map 3: 0/431	Map 5: 0(+81)/431	Map 7: 0(+431)/431	Map 9: 0(+431)/431	Reducer 10: 0/1	Reducer 12: 0/1	Reducer 2: 0/1	Reducer 4: 0/1	Reducer 6: 0/1	Reducer 8: 0/1	
INFO  : Map 1: 0/431	Map 11: 0/431	Map 3: 0/431	Map 5: 0(+82)/431	Map 7: 0(+431)/431	Map 9: 0(+431)/431	Reducer 10: 0/1	Reducer 12: 0/1	Reducer 2: 0/1	Reducer 4: 0/1	Reducer 6: 0/1	Reducer 8: 0/1	
INFO  : Map 1: 0/431	Map 11: 0/431	Map 3: 0/431	Map 5: 0(+82,-1)/431	Map 7: 0(+431)/431	Map 9: 0(+431)/431	Reducer 10: 0/1	Reducer 12: 0/1	Reducer 2: 0/1	Reducer 4: 0/1	Reducer 6: 0/1	Reducer 8: 0/1	
INFO  : Map 1: 0/431	Map 11: 0/431	Map 3: 0/431	Map 5: 0(+83,-1)/431	Map 7: 0(+431)/431	Map 9: 0(+431)/431	Reducer 10: 0/1	Reducer 12: 0/1	Reducer 2: 0/1	Reducer 4: 0/1	Reducer 6: 0/1	Reducer 8: 0/1	
INFO  : Map 1: 0/431	Map 11: 0/431	Map 3: 0/431	Map 5: 0(+83,-2)/431	Map 7: 0(+431)/431	Map 9: 0(+431)/431	Reducer 10: 0/1	Reducer 12: 0/1	Reducer 2: 0/1	Reducer 4: 0/1	Reducer 6: 0/1	Reducer 8: 0/1	
INFO  : Map 1: 0/431	Map 11: 0/431	Map 3: 0/431	Map 5: 0(+84,-2)/431	Map 7: 0(+431)/431	Map 9: 0(+431,-1)/431	Reducer 10: 0/1	Reducer 12: 0/1	Reducer 2: 0/1	Reducer 4: 0/1	Reducer 6: 0/1	Reducer 8: 0/1	
INFO  : Map 1: 0/431	Map 11: 0/431	Map 3: 0/431	Map 5: 0(+84,-2)/431	Map 7: 0(+431)/431	Map 9: 0(+431,-2)/431	Reducer 10: 0/1	Reducer 12: 0/1	Reducer 2: 0/1	Reducer 4: 0/1	Reducer 6: 0/1	Reducer 8: 0/1	
INFO  : Map 1: 0/431	Map 11: 0/431	Map 3: 0/431	Map 5: 0(+86,-2)/431	Map 7: 0(+431)/431	Map 9: 0(+431,-3)/431	Reducer 10: 0/1	Reducer 12: 0/1	Reducer 2: 0/1	Reducer 4: 0/1	Reducer 6: 0/1	Reducer 8: 0/1	
INFO  : Map 1: 0/431	Map 11: 0/431	Map 3: 0/431	Map 5: 0(+87,-2)/431	Map 7: 0(+431)/431	Map 9: 0(+431,-4)/431	Reducer 10: 0/1	Reducer 12: 0/1	Reducer 2: 0/1	Reducer 4: 0/1	Reducer 6: 0/1	Reducer 8: 0/1	
INFO  : Map 1: 0/431	Map 11: 0/431	Map 3: 0/431	Map 5: 0(+88,-3)/431	Map 7: 0(+431)/431	Map 9: 0(+431,-5)/431	Reducer 10: 0/1	Reducer 12: 0/1	Reducer 2: 0/1	Reducer 4: 0/1	Reducer 6: 0/1	Reducer 8: 0/1	
INFO  : Map 1: 0/431	Map 11: 0/431	Map 3: 0/431	Map 5: 0(+90,-4)/431	Map 7: 0(+431)/431	Map 9: 0(+431,-6)/431	Reducer 10: 0/1	Reducer 12: 0/1	Reducer 2: 0/1	Reducer 4: 0/1	Reducer 6: 0/1	Reducer 8: 0/1	
INFO  : Map 1: 0/431	Map 11: 0/431	Map 3: 0/431	Map 5: 0(+90,-4)/431	Map 7: 0(+431)/431	Map 9: 0(+431,-7)/431	Reducer 10: 0/1	Reducer 12: 0/1	Reducer 2: 0/1	Reducer 4: 0/1	Reducer 6: 0/1	Reducer 8: 0/1	
INFO  : Map 1: 0/431	Map 11: 0/431	Map 3: 0/431	Map 5: 0(+93,-5)/431	Map 7: 0(+431)/431	Map 9: 0(+431,-9)/431	Reducer 10: 0/1	Reducer 12: 0/1	Reducer 2: 0/1	Reducer 4: 0/1	Reducer 6: 0/1	Reducer 8: 0/1	
INFO  : Map 1: 0/431	Map 11: 0/431	Map 3: 0/431	Map 5: 0(+94,-6)/431	Map 7: 0(+431)/431	Map 9: 0(+431,-10)/431	Reducer 10: 0/1	Reducer 12: 0/1	Reducer 2: 0/1	Reducer 4: 0/1	Reducer 6: 0/1	Reducer 8: 0/1	
INFO  : Map 1: 0/431	Map 11: 0/431	Map 3: 0/431	Map 5: 0(+94,-8)/431	Map 7: 0(+431)/431	Map 9: 0(+431,-15)/431	Reducer 10: 0/1	Reducer 12: 0/1	Reducer 2: 0/1	Reducer 4: 0/1	Reducer 6: 0/1	Reducer 8: 0/1	
INFO  : Map 1: 0/431	Map 11: 0/431	Map 3: 0/431	Map 5: 0(+104,-9)/431	Map 7: 0(+431)/431	Map 9: 0(+431,-18)/431	Reducer 10: 0/1	Reducer 12: 0/1	Reducer 2: 0/1	Reducer 4: 0/1	Reducer 6: 0/1	Reducer 8: 0/1	
INFO  : Map 1: 0/431	Map 11: 0/431	Map 3: 0/431	Map 5: 0(+104,-9)/431	Map 7: 0(+431)/431	Map 9: 0(+431,-21)/431	Reducer 10: 0/1	Reducer 12: 0/1	Reducer 2: 0/1	Reducer 4: 0/1	Reducer 6: 0/1	Reducer 8: 0/1	
INFO  : Map 1: 0/431	Map 11: 0/431	Map 3: 0/431	Map 5: 0(+108,-9)/431	Map 7: 0(+431)/431	Map 9: 0(+431,-21)/431	Reducer 10: 0/1	Reducer 12: 0/1	Reducer 2: 0/1	Reducer 4: 0/1	Reducer 6: 0/1	Reducer 8: 0/1	
INFO  : Map 1: 0/431	Map 11: 0/431	Map 3: 0/431	Map 5: 0(+108,-9)/431	Map 7: 0(+431)/431	Map 9: 0(+431,-22)/431	Reducer 10: 0/1	Reducer 12: 0/1	Reducer 2: 0/1	Reducer 4: 0/1	Reducer 6: 0/1	Reducer 8: 0/1	
INFO  : Map 1: 0/431	Map 11: 0/431	Map 3: 0/431	Map 5: 0(+108,-9)/431	Map 7: 0(+431)/431	Map 9: 0(+431,-24)/431	Reducer 10: 0/1	Reducer 12: 0/1	Reducer 2: 0/1	Reducer 4: 0/1	Reducer 6: 0/1	Reducer 8: 0/1	
INFO  : Map 1: 0/431	Map 11: 0/431	Map 3: 0/431	Map 5: 0(+111,-10)/431	Map 7: 0(+431)/431	Map 9: 0(+431,-26)/431	Reducer 10: 0/1	Reducer 12: 0/1	Reducer 2: 0/1	Reducer 4: 0/1	Reducer 6: 0/1	Reducer 8: 0/1	
INFO  : Map 1: 0/431	Map 11: 0/431	Map 3: 0/431	Map 5: 0(+112,-10)/431	Map 7: 0(+431)/431	Map 9: 0(+431,-27)/431	Reducer 10: 0/1	Reducer 12: 0/1	Reducer 2: 0/1	Reducer 4: 0/1	Reducer 6: 0/1	Reducer 8: 0/1	
INFO  : Map 1: 0/431	Map 11: 0/431	Map 3: 0/431	Map 5: 0(+114,-11)/431	Map 7: 0(+431)/431	Map 9: 0(+431,-29)/431	Reducer 10: 0/1	Reducer 12: 0/1	Reducer 2: 0/1	Reducer 4: 0/1	Reducer 6: 0/1	Reducer 8: 0/1	
INFO  : Map 1: 0/431	Map 11: 0/431	Map 3: 0/431	Map 5: 0(+115,-12)/431	Map 7: 0(+431)/431	Map 9: 0(+431,-31)/431	Reducer 10: 0/1	Reducer 12: 0/1	Reducer 2: 0/1	Reducer 4: 0/1	Reducer 6: 0/1	Reducer 8: 0/1	
INFO  : Map 1: 0/431	Map 11: 0/431	Map 3: 0/431	Map 5: 0(+117,-12)/431	Map 7: 0(+431)/431	Map 9: 0(+431,-38)/431	Reducer 10: 0/1	Reducer 12: 0/1	Reducer 2: 0/1	Reducer 4: 0/1	Reducer 6: 0/1	Reducer 8: 0/1	
INFO  : Map 1: 0/431	Map 11: 0/431	Map 3: 0/431	Map 5: 0(+120,-12)/431	Map 7: 0(+431)/431	Map 9: 0(+431,-42)/431	Reducer 10: 0/1	Reducer 12: 0/1	Reducer 2: 0/1	Reducer 4: 0/1	Reducer 6: 0/1	Reducer 8: 0/1	
INFO  : Map 1: 0/431	Map 11: 0/431	Map 3: 0/431	Map 5: 0(+129,-12)/431	Map 7: 0(+431)/431	Map 9: 0(+431,-42)/431	Reducer 10: 0/1	Reducer 12: 0/1	Reducer 2: 0/1	Reducer 4: 0/1	Reducer 6: 0/1	Reducer 8: 0/1	
INFO  : Map 1: 0/431	Map 11: 0/431	Map 3: 0/431	Map 5: 0(+129,-12)/431	Map 7: 0(+431)/431	Map 9: 0(+431,-46)/431	Reducer 10: 0/1	Reducer 12: 0/1	Reducer 2: 0/1	Reducer 4: 0/1	Reducer 6: 0/1	Reducer 8: 0/1	
INFO  : Map 1: 0/431	Map 11: 0/431	Map 3: 0/431	Map 5: 0(+129,-13)/431	Map 7: 0(+431)/431	Map 9: 0(+431,-47)/431	Reducer 10: 0/1	Reducer 12: 0/1	Reducer 2: 0/1	Reducer 4: 0/1	Reducer 6: 0/1	Reducer 8: 0/1	
INFO  : Map 1: 0/431	Map 11: 0/431	Map 3: 0/431	Map 5: 0(+130,-13)/431	Map 7: 0(+431)/431	Map 9: 0(+431,-52)/431	Reducer 10: 0/1	Reducer 12: 0/1	Reducer 2: 0/1	Reducer 4: 0/1	Reducer 6: 0/1	Reducer 8: 0/1	
INFO  : Map 1: 0/431	Map 11: 0/431	Map 3: 0/431	Map 5: 0(+132,-13)/431	Map 7: 0(+431)/431	Map 9: 0(+431,-53)/431	Reducer 10: 0/1	Reducer 12: 0/1	Reducer 2: 0/1	Reducer 4: 0/1	Reducer 6: 0/1	Reducer 8: 0/1	
INFO  : Map 1: 0/431	Map 11: 0/431	Map 3: 0/431	Map 5: 0(+132,-15)/431	Map 7: 0(+431)/431	Map 9: 0(+431,-55)/431	Reducer 10: 0/1	Reducer 12: 0/1	Reducer 2: 0/1	Reducer 4: 0/1	Reducer 6: 0/1	Reducer 8: 0/1	
INFO  : Map 1: 0/431	Map 11: 0/431	Map 3: 0/431	Map 5: 0(+134,-16)/431	Map 7: 0(+431)/431	Map 9: 0(+431,-55)/431	Reducer 10: 0/1	Reducer 12: 0/1	Reducer 2: 0/1	Reducer 4: 0/1	Reducer 6: 0/1	Reducer 8: 0/1	
INFO  : Map 1: 0/431	Map 11: 0/431	Map 3: 0/431	Map 5: 0(+134,-17)/431	Map 7: 0(+431)/431	Map 9: 0(+431,-57)/431	Reducer 10: 0/1	Reducer 12: 0/1	Reducer 2: 0/1	Reducer 4: 0/1	Reducer 6: 0/1	Reducer 8: 0/1	
INFO  : Map 1: 0/431	Map 11: 0/431	Map 3: 0/431	Map 5: 0(+138,-18)/431	Map 7: 0(+431)/431	Map 9: 1(+430,-61)/431	Reducer 10: 0/1	Reducer 12: 0/1	Reducer 2: 0/1	Reducer 4: 0/1	Reducer 6: 0/1	Reducer 8: 0/1	
INFO  : Map 1: 0/431	Map 11: 0/431	Map 3: 0/431	Map 5: 0(+138,-18)/431	Map 7: 0(+431)/431	Map 9: 1(+430,-66)/431	Reducer 10: 0/1	Reducer 12: 0/1	Reducer 2: 0/1	Reducer 4: 0/1	Reducer 6: 0/1	Reducer 8: 0/1	
INFO  : Map 1: 0/431	Map 11: 0/431	Map 3: 0/431	Map 5: 0(+138,-18)/431	Map 7: 0(+431)/431	Map 9: 1(+430,-74)/431	Reducer 10: 0/1	Reducer 12: 0/1	Reducer 2: 0/1	Reducer 4: 0/1	Reducer 6: 0/1	Reducer 8: 0/1	
INFO  : Map 1: 0/431	Map 11: 0/431	Map 3: 0/431	Map 5: 0(+143,-19)/431	Map 7: 0(+431)/431	Map 9: 1(+430,-75)/431	Reducer 10: 0/1	Reducer 12: 0/1	Reducer 2: 0/1	Reducer 4: 0/1	Reducer 6: 0/1	Reducer 8: 0/1	
INFO  : Map 1: 0/431	Map 11: 0/431	Map 3: 0/431	Map 5: 0(+145,-19)/431	Map 7: 0(+431)/431	Map 9: 1(+430,-80)/431	Reducer 10: 0/1	Reducer 12: 0/1	Reducer 2: 0/1	Reducer 4: 0/1	Reducer 6: 0/1	Reducer 8: 0/1	
INFO  : Map 1: 0/431	Map 11: 0/431	Map 3: 0/431	Map 5: 0(+147,-20)/431	Map 7: 0(+431)/431	Map 9: 1(+430,-88)/431	Reducer 10: 0/1	Reducer 12: 0/1	Reducer 2: 0/1	Reducer 4: 0/1	Reducer 6: 0/1	Reducer 8: 0/1	
INFO  : Map 1: 0/431	Map 11: 0/431	Map 3: 0/431	Map 5: 0(+149,-20)/431	Map 7: 0(+431)/431	Map 9: 1(+430,-91)/431	Reducer 10: 0/1	Reducer 12: 0/1	Reducer 2: 0/1	Reducer 4: 0/1	Reducer 6: 0/1	Reducer 8: 0/1	
INFO  : Map 1: 0/431	Map 11: 0/431	Map 3: 0/431	Map 5: 0(+149,-21)/431	Map 7: 0(+431)/431	Map 9: 1(+430,-103)/431	Reducer 10: 0/1	Reducer 12: 0/1	Reducer 2: 0/1	Reducer 4: 0/1	Reducer 6: 0/1	Reducer 8: 0/1	
INFO  : Map 1: 0/431	Map 11: 0/431	Map 3: 0/431	Map 5: 0(+149,-21)/431	Map 7: 0(+431)/431	Map 9: 1(+430,-107)/431	Reducer 10: 0/1	Reducer 12: 0/1	Reducer 2: 0/1	Reducer 4: 0/1	Reducer 6: 0/1	Reducer 8: 0/1	
INFO  : Map 1: 0/431	Map 11: 0/431	Map 3: 0/431	Map 5: 0(+151,-21)/431	Map 7: 0(+431)/431	Map 9: 1(+430,-108)/431	Reducer 10: 0/1	Reducer 12: 0/1	Reducer 2: 0/1	Reducer 4: 0/1	Reducer 6: 0/1	Reducer 8: 0/1	
INFO  : Map 1: 0/431	Map 11: 0/431	Map 3: 0/431	Map 5: 0(+151,-21)/431	Map 7: 0(+431)/431	Map 9: 1(+430,-110)/431	Reducer 10: 0/1	Reducer 12: 0/1	Reducer 2: 0/1	Reducer 4: 0/1	Reducer 6: 0/1	Reducer 8: 0/1	
INFO  : Map 1: 0/431	Map 11: 0/431	Map 3: 0/431	Map 5: 0(+151,-21)/431	Map 7: 0(+431)/431	Map 9: 1(+430,-112)/431	Reducer 10: 0/1	Reducer 12: 0/1	Reducer 2: 0/1	Reducer 4: 0/1	Reducer 6: 0/1	Reducer 8: 0/1	
INFO  : Map 1: 0/431	Map 11: 0/431	Map 3: 0/431	Map 5: 0(+151,-21)/431	Map 7: 0(+431)/431	Map 9: 1(+430,-114)/431	Reducer 10: 0/1	Reducer 12: 0/1	Reducer 2: 0/1	Reducer 4: 0/1	Reducer 6: 0/1	Reducer 8: 0/1	
INFO  : Map 1: 0/431	Map 11: 0/431	Map 3: 0/431	Map 5: 0(+151,-21)/431	Map 7: 0(+431)/431	Map 9: 1(+430,-117)/431	Reducer 10: 0/1	Reducer 12: 0/1	Reducer 2: 0/1	Reducer 4: 0/1	Reducer 6: 0/1	Reducer 8: 0/1	
INFO  : Map 1: 0/431	Map 11: 0/431	Map 3: 0/431	Map 5: 0(+169,-21)/431	Map 7: 0(+431)/431	Map 9: 1(+430,-123)/431	Reducer 10: 0/1	Reducer 12: 0/1	Reducer 2: 0/1	Reducer 4: 0/1	Reducer 6: 0/1	Reducer 8: 0/1	
INFO  : Map 1: 0/431	Map 11: 0/431	Map 3: 0/431	Map 5: 0(+169,-22)/431	Map 7: 0(+431)/431	Map 9: 1(+430,-127)/431	Reducer 10: 0/1	Reducer 12: 0/1	Reducer 2: 0/1	Reducer 4: 0/1	Reducer 6: 0/1	Reducer 8: 0/1	
INFO  : Map 1: 0/431	Map 11: 0/431	Map 3: 0/431	Map 5: 0(+180,-23)/431	Map 7: 0(+431)/431	Map 9: 1(+430,-128)/431	Reducer 10: 0/1	Reducer 12: 0/1	Reducer 2: 0/1	Reducer 4: 0/1	Reducer 6: 0/1	Reducer 8: 0/1	
INFO  : Map 1: 0/431	Map 11: 0/431	Map 3: 0/431	Map 5: 0(+180,-23)/431	Map 7: 0(+431)/431	Map 9: 1(+430,-129)/431	Reducer 10: 0/1	Reducer 12: 0/1	Reducer 2: 0/1	Reducer 4: 0/1	Reducer 6: 0/1	Reducer 8: 0/1	
INFO  : Map 1: 0/431	Map 11: 0/431	Map 3: 0/431	Map 5: 0(+191,-23)/431	Map 7: 0(+431)/431	Map 9: 1(+430,-129)/431	Reducer 10: 0/1	Reducer 12: 0/1	Reducer 2: 0/1	Reducer 4: 0/1	Reducer 6: 0/1	Reducer 8: 0/1	
INFO  : Map 1: 0/431	Map 11: 0/431	Map 3: 0/431	Map 5: 0(+191,-23)/431	Map 7: 0(+431)/431	Map 9: 1(+430,-130)/431	Reducer 10: 0/1	Reducer 12: 0/1	Reducer 2: 0/1	Reducer 4: 0/1	Reducer 6: 0/1	Reducer 8: 0/1	
INFO  : Map 1: 0/431	Map 11: 0/431	Map 3: 0/431	Map 5: 0(+191,-23)/431	Map 7: 0(+431)/431	Map 9: 1(+430,-135)/431	Reducer 10: 0/1	Reducer 12: 0/1	Reducer 2: 0/1	Reducer 4: 0/1	Reducer 6: 0/1	Reducer 8: 0/1	
INFO  : Map 1: 0/431	Map 11: 0/431	Map 3: 0/431	Map 5: 0(+191,-23)/431	Map 7: 0(+431)/431	Map 9: 1(+430,-139)/431	Reducer 10: 0/1	Reducer 12: 0/1	Reducer 2: 0/1	Reducer 4: 0/1	Reducer 6: 0/1	Reducer 8: 0/1	
INFO  : Map 1: 0/431	Map 11: 0/431	Map 3: 0/431	Map 5: 0(+201,-23)/431	Map 7: 0(+431)/431	Map 9: 1(+430,-139)/431	Reducer 10: 0/1	Reducer 12: 0/1	Reducer 2: 0/1	Reducer 4: 0/1	Reducer 6: 0/1	Reducer 8: 0/1	
INFO  : Map 1: 0/431	Map 11: 0/431	Map 3: 0/431	Map 5: 0(+202,-23)/431	Map 7: 0(+431)/431	Map 9: 1(+430,-139)/431	Reducer 10: 0/1	Reducer 12: 0/1	Reducer 2: 0/1	Reducer 4: 0/1	Reducer 6: 0/1	Reducer 8: 0/1	
INFO  : Map 1: 0/431	Map 11: 0/431	Map 3: 0/431	Map 5: 0(+203,-23)/431	Map 7: 0(+431)/431	Map 9: 1(+430,-140)/431	Reducer 10: 0/1	Reducer 12: 0/1	Reducer 2: 0/1	Reducer 4: 0/1	Reducer 6: 0/1	Reducer 8: 0/1	
INFO  : Map 1: 0/431	Map 11: 0/431	Map 3: 0/431	Map 5: 0(+204,-23)/431	Map 7: 0(+431)/431	Map 9: 1(+430,-141)/431	Reducer 10: 0/1	Reducer 12: 0/1	Reducer 2: 0/1	Reducer 4: 0/1	Reducer 6: 0/1	Reducer 8: 0/1	
INFO  : Map 1: 0/431	Map 11: 0/431	Map 3: 0/431	Map 5: 0(+204,-23)/431	Map 7: 0(+431)/431	Map 9: 1(+430,-143)/431	Reducer 10: 0/1	Reducer 12: 0/1	Reducer 2: 0/1	Reducer 4: 0/1	Reducer 6: 0/1	Reducer 8: 0/1	
INFO  : Map 1: 0/431	Map 11: 0/431	Map 3: 0/431	Map 5: 0(+205,-23)/431	Map 7: 0(+431)/431	Map 9: 1(+430,-144)/431	Reducer 10: 0/1	Reducer 12: 0/1	Reducer 2: 0/1	Reducer 4: 0/1	Reducer 6: 0/1	Reducer 8: 0/1	
INFO  : Map 1: 0/431	Map 11: 0/431	Map 3: 0/431	Map 5: 0(+206,-23)/431	Map 7: 0(+431)/431	Map 9: 1(+430,-146)/431	Reducer 10: 0/1	Reducer 12: 0/1	Reducer 2: 0/1	Reducer 4: 0/1	Reducer 6: 0/1	Reducer 8: 0/1	
INFO  : Map 1: 0/431	Map 11: 0/431	Map 3: 0/431	Map 5: 0(+207,-23)/431	Map 7: 0(+431)/431	Map 9: 1(+430,-148)/431	Reducer 10: 0/1	Reducer 12: 0/1	Reducer 2: 0/1	Reducer 4: 0/1	Reducer 6: 0/1	Reducer 8: 0/1	
INFO  : Map 1: 0/431	Map 11: 0/431	Map 3: 0/431	Map 5: 0(+208,-23)/431	Map 7: 0(+431)/431	Map 9: 1(+430,-151)/431	Reducer 10: 0/1	Reducer 12: 0/1	Reducer 2: 0/1	Reducer 4: 0/1	Reducer 6: 0/1	Reducer 8: 0/1	
INFO  : Map 1: 0/431	Map 11: 0/431	Map 3: 0/431	Map 5: 0(+208,-23)/431	Map 7: 0(+431)/431	Map 9: 1(+430,-154)/431	Reducer 10: 0/1	Reducer 12: 0/1	Reducer 2: 0/1	Reducer 4: 0/1	Reducer 6: 0/1	Reducer 8: 0/1	
INFO  : Map 1: 0/431	Map 11: 0/431	Map 3: 0/431	Map 5: 0(+209,-23)/431	Map 7: 0(+431)/431	Map 9: 1(+430,-156)/431	Reducer 10: 0/1	Reducer 12: 0/1	Reducer 2: 0/1	Reducer 4: 0/1	Reducer 6: 0/1	Reducer 8: 0/1	
INFO  : Map 1: 0/431	Map 11: 0/431	Map 3: 0/431	Map 5: 0(+209,-23)/431	Map 7: 0(+431)/431	Map 9: 1(+430,-161)/431	Reducer 10: 0/1	Reducer 12: 0/1	Reducer 2: 0/1	Reducer 4: 0/1	Reducer 6: 0/1	Reducer 8: 0/1	
INFO  : Map 1: 0/431	Map 11: 0/431	Map 3: 0/431	Map 5: 0(+209,-23)/431	Map 7: 0(+431)/431	Map 9: 1(+430,-162)/431	Reducer 10: 0/1	Reducer 12: 0/1	Reducer 2: 0/1	Reducer 4: 0/1	Reducer 6: 0/1	Reducer 8: 0/1	
INFO  : Map 1: 0/431	Map 11: 0/431	Map 3: 0/431	Map 5: 0(+209,-23)/431	Map 7: 0(+431)/431	Map 9: 1(+430,-165)/431	Reducer 10: 0/1	Reducer 12: 0/1	Reducer 2: 0/1	Reducer 4: 0/1	Reducer 6: 0/1	Reducer 8: 0/1	
INFO  : Map 1: 0/431	Map 11: 0/431	Map 3: 0/431	Map 5: 0(+222,-23)/431	Map 7: 0(+431)/431	Map 9: 1(+430,-165)/431	Reducer 10: 0/1	Reducer 12: 0/1	Reducer 2: 0/1	Reducer 4: 0/1	Reducer 6: 0/1	Reducer 8: 0/1	
INFO  : Map 1: 0/431	Map 11: 0/431	Map 3: 0/431	Map 5: 0(+228,-23)/431	Map 7: 0(+431)/431	Map 9: 1(+430,-165)/431	Reducer 10: 0/1	Reducer 12: 0/1	Reducer 2: 0/1	Reducer 4: 0/1	Reducer 6: 0/1	Reducer 8: 0/1	
INFO  : Map 1: 0/431	Map 11: 0/431	Map 3: 0/431	Map 5: 0(+228,-23)/431	Map 7: 0(+431)/431	Map 9: 1(+430,-168)/431	Reducer 10: 0/1	Reducer 12: 0/1	Reducer 2: 0/1	Reducer 4: 0/1	Reducer 6: 0/1	Reducer 8: 0/1	
INFO  : Map 1: 0/431	Map 11: 0/431	Map 3: 0/431	Map 5: 0(+232,-23)/431	Map 7: 0(+431)/431	Map 9: 1(+430,-168)/431	Reducer 10: 0/1	Reducer 12: 0/1	Reducer 2: 0/1	Reducer 4: 0/1	Reducer 6: 0/1	Reducer 8: 0/1	
INFO  : Map 1: 0/431	Map 11: 0/431	Map 3: 0/431	Map 5: 0(+232,-23)/431	Map 7: 0(+431)/431	Map 9: 1(+430,-169)/431	Reducer 10: 0/1	Reducer 12: 0/1	Reducer 2: 0/1	Reducer 4: 0/1	Reducer 6: 0/1	Reducer 8: 0/1	
INFO  : Map 1: 0/431	Map 11: 0/431	Map 3: 0/431	Map 5: 0(+232,-23)/431	Map 7: 0(+431)/431	Map 9: 1(+430,-171)/431	Reducer 10: 0/1	Reducer 12: 0/1	Reducer 2: 0/1	Reducer 4: 0/1	Reducer 6: 0/1	Reducer 8: 0/1	
INFO  : Map 1: 0/431	Map 11: 0/431	Map 3: 0/431	Map 5: 0(+232,-23)/431	Map 7: 0(+431)/431	Map 9: 1(+430,-172)/431	Reducer 10: 0/1	Reducer 12: 0/1	Reducer 2: 0/1	Reducer 4: 0/1	Reducer 6: 0/1	Reducer 8: 0/1	
INFO  : Map 1: 0/431	Map 11: 0/431	Map 3: 0/431	Map 5: 0(+238,-23)/431	Map 7: 0(+431)/431	Map 9: 1(+430,-172)/431	Reducer 10: 0/1	Reducer 12: 0/1	Reducer 2: 0/1	Reducer 4: 0/1	Reducer 6: 0/1	Reducer 8: 0/1	
INFO  : Map 1: 0/431	Map 11: 0/431	Map 3: 0/431	Map 5: 0(+238,-23)/431	Map 7: 0(+431)/431	Map 9: 1(+430,-173)/431	Reducer 10: 0/1	Reducer 12: 0/1	Reducer 2: 0/1	Reducer 4: 0/1	Reducer 6: 0/1	Reducer 8: 0/1	
INFO  : Map 1: 0/431	Map 11: 0/431	Map 3: 0/431	Map 5: 0(+238,-23)/431	Map 7: 0(+431)/431	Map 9: 1(+430,-175)/431	Reducer 10: 0/1	Reducer 12: 0/1	Reducer 2: 0/1	Reducer 4: 0/1	Reducer 6: 0/1	Reducer 8: 0/1	
INFO  : Map 1: 0/431	Map 11: 0/431	Map 3: 0/431	Map 5: 0(+239,-23)/431	Map 7: 0(+431)/431	Map 9: 2(+429,-175)/431	Reducer 10: 0/1	Reducer 12: 0/1	Reducer 2: 0/1	Reducer 4: 0/1	Reducer 6: 0/1	Reducer 8: 0/1	
INFO  : Map 1: 0/431	Map 11: 0/431	Map 3: 0/431	Map 5: 0(+239,-23)/431	Map 7: 0(+431)/431	Map 9: 2(+429,-176)/431	Reducer 10: 0/1	Reducer 12: 0/1	Reducer 2: 0/1	Reducer 4: 0/1	Reducer 6: 0/1	Reducer 8: 0/1	
INFO  : Map 1: 0/431	Map 11: 0/431	Map 3: 0/431	Map 5: 0(+239,-23)/431	Map 7: 0(+431)/431	Map 9: 2(+429,-178)/431	Reducer 10: 0/1	Reducer 12: 0/1	Reducer 2: 0/1	Reducer 4: 0/1	Reducer 6: 0/1	Reducer 8: 0/1	
INFO  : Map 1: 0/431	Map 11: 0/431	Map 3: 0/431	Map 5: 0(+239,-23)/431	Map 7: 0(+431)/431	Map 9: 2(+429,-179)/431	Reducer 10: 0/1	Reducer 12: 0/1	Reducer 2: 0/1	Reducer 4: 0/1	Reducer 6: 0/1	Reducer 8: 0/1	
INFO  : Map 1: 0/431	Map 11: 0/431	Map 3: 0/431	Map 5: 0(+239,-23)/431	Map 7: 0(+431)/431	Map 9: 2(+429,-182)/431	Reducer 10: 0/1	Reducer 12: 0/1	Reducer 2: 0/1	Reducer 4: 0/1	Reducer 6: 0/1	Reducer 8: 0/1	
INFO  : Map 1: 0/431	Map 11: 0/431	Map 3: 0/431	Map 5: 0(+240,-23)/431	Map 7: 0(+431)/431	Map 9: 3(+428,-182)/431	Reducer 10: 0/1	Reducer 12: 0/1	Reducer 2: 0/1	Reducer 4: 0/1	Reducer 6: 0/1	Reducer 8: 0/1	
INFO  : Map 1: 0/431	Map 11: 0/431	Map 3: 0/431	Map 5: 0(+241,-23)/431	Map 7: 0(+431)/431	Map 9: 4(+427,-182)/431	Reducer 10: 0/1	Reducer 12: 0/1	Reducer 2: 0/1	Reducer 4: 0/1	Reducer 6: 0/1	Reducer 8: 0/1	
INFO  : Map 1: 0/431	Map 11: 0/431	Map 3: 0/431	Map 5: 0(+242,-23)/431	Map 7: 0(+431)/431	Map 9: 5(+426,-182)/431	Reducer 10: 0/1	Reducer 12: 0/1	Reducer 2: 0/1	Reducer 4: 0/1	Reducer 6: 0/1	Reducer 8: 0/1	
INFO  : Map 1: 0/431	Map 11: 0/431	Map 3: 0/431	Map 5: 2(+242,-23)/431	Map 7: 0(+431)/431	Map 9: 5(+426,-182)/431	Reducer 10: 0/1	Reducer 12: 0/1	Reducer 2: 0/1	Reducer 4: 0/1	Reducer 6: 0/1	Reducer 8: 0/1	
INFO  : Map 1: 0/431	Map 11: 0/431	Map 3: 0/431	Map 5: 2(+243,-23)/431	Map 7: 0(+431)/431	Map 9: 6(+425,-182)/431	Reducer 10: 0/1	Reducer 12: 0/1	Reducer 2: 0/1	Reducer 4: 0/1	Reducer 6: 0/1	Reducer 8: 0/1	
INFO  : Map 1: 0/431	Map 11: 0/431	Map 3: 0/431	Map 5: 2(+261,-23)/431	Map 7: 0(+431)/431	Map 9: 7(+424,-182)/431	Reducer 10: 0/1	Reducer 12: 0/1	Reducer 2: 0/1	Reducer 4: 0/1	Reducer 6: 0/1	Reducer 8: 0/1	
INFO  : Map 1: 0/431	Map 11: 0/431	Map 3: 0/431	Map 5: 2(+261,-24)/431	Map 7: 0(+431)/431	Map 9: 7(+424,-186)/431	Reducer 10: 0/1	Reducer 12: 0/1	Reducer 2: 0/1	Reducer 4: 0/1	Reducer 6: 0/1	Reducer 8: 0/1	
INFO  : Map 1: 0/431	Map 11: 0/431	Map 3: 0/431	Map 5: 3(+266,-24)/431	Map 7: 0(+431)/431	Map 9: 7(+424,-186)/431	Reducer 10: 0/1	Reducer 12: 0/1	Reducer 2: 0/1	Reducer 4: 0/1	Reducer 6: 0/1	Reducer 8: 0/1	
INFO  : Map 1: 0/431	Map 11: 0/431	Map 3: 0/431	Map 5: 4(+268,-24)/431	Map 7: 0(+431)/431	Map 9: 9(+422,-186)/431	Reducer 10: 0/1	Reducer 12: 0/1	Reducer 2: 0/1	Reducer 4: 0/1	Reducer 6: 0/1	Reducer 8: 0/1	
INFO  : Map 1: 0/431	Map 11: 0/431	Map 3: 0/431	Map 5: 4(+269,-24)/431	Map 7: 0(+431)/431	Map 9: 10(+421,-186)/431	Reducer 10: 0/1	Reducer 12: 0/1	Reducer 2: 0/1	Reducer 4: 0/1	Reducer 6: 0/1	Reducer 8: 0/1	
INFO  : Map 1: 0/431	Map 11: 0/431	Map 3: 0/431	Map 5: 4(+271,-24)/431	Map 7: 0(+431)/431	Map 9: 11(+420,-186)/431	Reducer 10: 0/1	Reducer 12: 0/1	Reducer 2: 0/1	Reducer 4: 0/1	Reducer 6: 0/1	Reducer 8: 0/1	
INFO  : Map 1: 0/431	Map 11: 0/431	Map 3: 0/431	Map 5: 4(+277,-33)/431	Map 7: 0(+431)/431	Map 9: 11(+420,-214)/431	Reducer 10: 0/1	Reducer 12: 0/1	Reducer 2: 0/1	Reducer 4: 0/1	Reducer 6: 0/1	Reducer 8: 0/1	
INFO  : Map 1: 0/431	Map 11: 0/431	Map 3: 0/431	Map 5: 4(+278,-33)/431	Map 7: 0(+431)/431	Map 9: 11(+420,-215)/431	Reducer 10: 0/1	Reducer 12: 0/1	Reducer 2: 0/1	Reducer 4: 0/1	Reducer 6: 0/1	Reducer 8: 0/1	
INFO  : Map 1: 0/431	Map 11: 0/431	Map 3: 0/431	Map 5: 4(+279,-33)/431	Map 7: 0(+431)/431	Map 9: 11(+420,-215)/431	Reducer 10: 0/1	Reducer 12: 0/1	Reducer 2: 0/1	Reducer 4: 0/1	Reducer 6: 0/1	Reducer 8: 0/1	
INFO  : Map 1: 0/431	Map 11: 0/431	Map 3: 0/431	Map 5: 4(+280,-33)/431	Map 7: 0(+431)/431	Map 9: 11(+420,-215)/431	Reducer 10: 0/1	Reducer 12: 0/1	Reducer 2: 0/1	Reducer 4: 0/1	Reducer 6: 0/1	Reducer 8: 0/1	
INFO  : Map 1: 0/431	Map 11: 0/431	Map 3: 0/431	Map 5: 4(+280,-33)/431	Map 7: 0(+431)/431	Map 9: 11(+420,-215)/431	Reducer 10: 0/1	Reducer 12: 0/1	Reducer 2: 0/1	Reducer 4: 0/1	Reducer 6: 0/1	Reducer 8: 0/1	
INFO  : Map 1: 0/431	Map 11: 0/431	Map 3: 0/431	Map 5: 4(+280,-33)/431	Map 7: 0(+431)/431	Map 9: 11(+420,-215)/431	Reducer 10: 0/1	Reducer 12: 0/1	Reducer 2: 0/1	Reducer 4: 0/1	Reducer 6: 0/1	Reducer 8: 0/1	
INFO  : Map 1: 0/431	Map 11: 0/431	Map 3: 0/431	Map 5: 4(+280,-33)/431	Map 7: 0(+431)/431	Map 9: 11(+420,-215)/431	Reducer 10: 0/1	Reducer 12: 0/1	Reducer 2: 0/1	Reducer 4: 0/1	Reducer 6: 0/1	Reducer 8: 0/1	
INFO  : Map 1: 0/431	Map 11: 0/431	Map 3: 0/431	Map 5: 4(+280,-33)/431	Map 7: 0(+431)/431	Map 9: 11(+420,-215)/431	Reducer 10: 0/1	Reducer 12: 0/1	Reducer 2: 0/1	Reducer 4: 0/1	Reducer 6: 0/1	Reducer 8: 0/1	
INFO  : Map 1: 0/431	Map 11: 0/431	Map 3: 0/431	Map 5: 4(+281,-33)/431	Map 7: 0(+431)/431	Map 9: 11(+420,-215)/431	Reducer 10: 0/1	Reducer 12: 0/1	Reducer 2: 0/1	Reducer 4: 0/1	Reducer 6: 0/1	Reducer 8: 0/1	
INFO  : Map 1: 0/431	Map 11: 0/431	Map 3: 0/431	Map 5: 4(+282,-33)/431	Map 7: 0(+431)/431	Map 9: 11(+420,-215)/431	Reducer 10: 0/1	Reducer 12: 0/1	Reducer 2: 0/1	Reducer 4: 0/1	Reducer 6: 0/1	Reducer 8: 0/1	
INFO  : Map 1: 0/431	Map 11: 0/431	Map 3: 0/431	Map 5: 4(+282,-33)/431	Map 7: 0(+431)/431	Map 9: 11(+420,-215)/431	Reducer 10: 0/1	Reducer 12: 0/1	Reducer 2: 0/1	Reducer 4: 0/1	Reducer 6: 0/1	Reducer 8: 0/1	
INFO  : Map 1: 0/431	Map 11: 0/431	Map 3: 0/431	Map 5: 4(+283,-33)/431	Map 7: 0(+431)/431	Map 9: 11(+420,-215)/431	Reducer 10: 0/1	Reducer 12: 0/1	Reducer 2: 0/1	Reducer 4: 0/1	Reducer 6: 0/1	Reducer 8: 0/1	
INFO  : Map 1: 0/431	Map 11: 0/431	Map 3: 0/431	Map 5: 4(+283,-33)/431	Map 7: 0(+431)/431	Map 9: 11(+420,-215)/431	Reducer 10: 0/1	Reducer 12: 0/1	Reducer 2: 0/1	Reducer 4: 0/1	Reducer 6: 0/1	Reducer 8: 0/1	
INFO  : Map 1: 0/431	Map 11: 0/431	Map 3: 0/431	Map 5: 4(+283,-33)/431	Map 7: 0(+431)/431	Map 9: 11(+420,-215)/431	Reducer 10: 0/1	Reducer 12: 0/1	Reducer 2: 0/1	Reducer 4: 0/1	Reducer 6: 0/1	Reducer 8: 0/1	
INFO  : Map 1: 0/431	Map 11: 0/431	Map 3: 0/431	Map 5: 4(+283,-33)/431	Map 7: 0(+431)/431	Map 9: 11(+420,-215)/431	Reducer 10: 0/1	Reducer 12: 0/1	Reducer 2: 0/1	Reducer 4: 0/1	Reducer 6: 0/1	Reducer 8: 0/1	
INFO  : Map 1: 0/431	Map 11: 0/431	Map 3: 0/431	Map 5: 4(+283,-33)/431	Map 7: 0(+431)/431	Map 9: 11(+420,-215)/431	Reducer 10: 0/1	Reducer 12: 0/1	Reducer 2: 0/1	Reducer 4: 0/1	Reducer 6: 0/1	Reducer 8: 0/1	
INFO  : Map 1: 0/431	Map 11: 0/431	Map 3: 0/431	Map 5: 4(+283,-33)/431	Map 7: 0(+431)/431	Map 9: 11(+420,-215)/431	Reducer 10: 0/1	Reducer 12: 0/1	Reducer 2: 0/1	Reducer 4: 0/1	Reducer 6: 0/1	Reducer 8: 0/1	
INFO  : Map 1: 0/431	Map 11: 0/431	Map 3: 0/431	Map 5: 4(+283,-33)/431	Map 7: 0(+431)/431	Map 9: 11(+420,-215)/431	Reducer 10: 0/1	Reducer 12: 0/1	Reducer 2: 0/1	Reducer 4: 0/1	Reducer 6: 0/1	Reducer 8: 0/1	
INFO  : Map 1: 0/431	Map 11: 0/431	Map 3: 0/431	Map 5: 4(+283,-33)/431	Map 7: 0(+431)/431	Map 9: 11(+420,-215)/431	Reducer 10: 0/1	Reducer 12: 0/1	Reducer 2: 0/1	Reducer 4: 0/1	Reducer 6: 0/1	Reducer 8: 0/1	
INFO  : Map 1: 0/431	Map 11: 0/431	Map 3: 0/431	Map 5: 4(+283,-33)/431	Map 7: 0(+431)/431	Map 9: 11(+420,-215)/431	Reducer 10: 0/1	Reducer 12: 0/1	Reducer 2: 0/1	Reducer 4: 0/1	Reducer 6: 0/1	Reducer 8: 0/1	
INFO  : Map 1: 0/431	Map 11: 0/431	Map 3: 0/431	Map 5: 4(+283,-33)/431	Map 7: 0(+431)/431	Map 9: 11(+420,-215)/431	Reducer 10: 0/1	Reducer 12: 0/1	Reducer 2: 0/1	Reducer 4: 0/1	Reducer 6: 0/1	Reducer 8: 0/1	
INFO  : Map 1: 0/431	Map 11: 0/431	Map 3: 0/431	Map 5: 4(+283,-33)/431	Map 7: 0(+431)/431	Map 9: 11(+420,-215)/431	Reducer 10: 0/1	Reducer 12: 0/1	Reducer 2: 0/1	Reducer 4: 0/1	Reducer 6: 0/1	Reducer 8: 0/1	
INFO  : Map 1: 0/431	Map 11: 0/431	Map 3: 0/431	Map 5: 4(+283,-33)/431	Map 7: 0(+431)/431	Map 9: 11(+420,-215)/431	Reducer 10: 0/1	Reducer 12: 0/1	Reducer 2: 0/1	Reducer 4: 0/1	Reducer 6: 0/1	Reducer 8: 0/1	
INFO  : Map 1: 0/431	Map 11: 0/431	Map 3: 0/431	Map 5: 4(+283,-33)/431	Map 7: 0(+431)/431	Map 9: 11(+420,-215)/431	Reducer 10: 0/1	Reducer 12: 0/1	Reducer 2: 0/1	Reducer 4: 0/1	Reducer 6: 0/1	Reducer 8: 0/1	
INFO  : Map 1: 0/431	Map 11: 0/431	Map 3: 0/431	Map 5: 4(+283,-33)/431	Map 7: 0(+431)/431	Map 9: 11(+420,-215)/431	Reducer 10: 0/1	Reducer 12: 0/1	Reducer 2: 0/1	Reducer 4: 0/1	Reducer 6: 0/1	Reducer 8: 0/1	
INFO  : Map 1: 0/431	Map 11: 0/431	Map 3: 0/431	Map 5: 4(+283,-33)/431	Map 7: 0(+431)/431	Map 9: 11(+420,-215)/431	Reducer 10: 0/1	Reducer 12: 0/1	Reducer 2: 0/1	Reducer 4: 0/1	Reducer 6: 0/1	Reducer 8: 0/1	
INFO  : Map 1: 0/431	Map 11: 0/431	Map 3: 0/431	Map 5: 4(+283,-33)/431	Map 7: 0(+431)/431	Map 9: 11(+420,-215)/431	Reducer 10: 0/1	Reducer 12: 0/1	Reducer 2: 0/1	Reducer 4: 0/1	Reducer 6: 0/1	Reducer 8: 0/1	
INFO  : Map 1: 0/431	Map 11: 0/431	Map 3: 0/431	Map 5: 4(+283,-33)/431	Map 7: 0(+431)/431	Map 9: 11(+420,-215)/431	Reducer 10: 0/1	Reducer 12: 0/1	Reducer 2: 0/1	Reducer 4: 0/1	Reducer 6: 0/1	Reducer 8: 0/1	
INFO  : Map 1: 0/431	Map 11: 0/431	Map 3: 0/431	Map 5: 4(+283,-33)/431	Map 7: 0(+431)/431	Map 9: 11(+420,-215)/431	Reducer 10: 0/1	Reducer 12: 0/1	Reducer 2: 0/1	Reducer 4: 0/1	Reducer 6: 0/1	Reducer 8: 0/1	
INFO  : Map 1: 0/431	Map 11: 0/431	Map 3: 0/431	Map 5: 4(+283,-33)/431	Map 7: 0(+431)/431	Map 9: 11(+420,-215)/431	Reducer 10: 0/1	Reducer 12: 0/1	Reducer 2: 0/1	Reducer 4: 0/1	Reducer 6: 0/1	Reducer 8: 0/1	
INFO  : Map 1: 0/431	Map 11: 0/431	Map 3: 0/431	Map 5: 4(+283,-33)/431	Map 7: 0(+431)/431	Map 9: 11(+420,-215)/431	Reducer 10: 0/1	Reducer 12: 0/1	Reducer 2: 0/1	Reducer 4: 0/1	Reducer 6: 0/1	Reducer 8: 0/1	
INFO  : Map 1: 0/431	Map 11: 0/431	Map 3: 0/431	Map 5: 4(+283,-33)/431	Map 7: 0(+431)/431	Map 9: 11(+420,-215)/431	Reducer 10: 0/1	Reducer 12: 0/1	Reducer 2: 0/1	Reducer 4: 0/1	Reducer 6: 0/1	Reducer 8: 0/1	
INFO  : Map 1: 0/431	Map 11: 0/431	Map 3: 0/431	Map 5: 4(+283,-33)/431	Map 7: 0(+431)/431	Map 9: 11(+420,-215)/431	Reducer 10: 0/1	Reducer 12: 0/1	Reducer 2: 0/1	Reducer 4: 0/1	Reducer 6: 0/1	Reducer 8: 0/1	
INFO  : Map 1: 0/431	Map 11: 0/431	Map 3: 0/431	Map 5: 4(+283,-33)/431	Map 7: 0(+431)/431	Map 9: 11(+420,-215)/431	Reducer 10: 0/1	Reducer 12: 0/1	Reducer 2: 0/1	Reducer 4: 0/1	Reducer 6: 0/1	Reducer 8: 0/1	
INFO  : Map 1: 0/431	Map 11: 0/431	Map 3: 0/431	Map 5: 4(+283,-33)/431	Map 7: 0(+431)/431	Map 9: 11(+420,-215)/431	Reducer 10: 0/1	Reducer 12: 0/1	Reducer 2: 0/1	Reducer 4: 0/1	Reducer 6: 0/1	Reducer 8: 0/1	
INFO  : Map 1: 0/431	Map 11: 0/431	Map 3: 0/431	Map 5: 4(+283,-33)/431	Map 7: 0(+431)/431	Map 9: 11(+420,-215)/431	Reducer 10: 0/1	Reducer 12: 0/1	Reducer 2: 0/1	Reducer 4: 0/1	Reducer 6: 0/1	Reducer 8: 0/1	
INFO  : Map 1: 0/431	Map 11: 0/431	Map 3: 0/431	Map 5: 4(+283,-33)/431	Map 7: 0(+431)/431	Map 9: 11(+420,-215)/431	Reducer 10: 0/1	Reducer 12: 0/1	Reducer 2: 0/1	Reducer 4: 0/1	Reducer 6: 0/1	Reducer 8: 0/1	
INFO  : Map 1: 0/431	Map 11: 0/431	Map 3: 0/431	Map 5: 4(+283,-33)/431	Map 7: 0(+431)/431	Map 9: 11(+420,-215)/431	Reducer 10: 0/1	Reducer 12: 0/1	Reducer 2: 0/1	Reducer 4: 0/1	Reducer 6: 0/1	Reducer 8: 0/1	
INFO  : Map 1: 0/431	Map 11: 0/431	Map 3: 0/431	Map 5: 4(+283,-33)/431	Map 7: 0(+431)/431	Map 9: 11(+420,-215)/431	Reducer 10: 0/1	Reducer 12: 0/1	Reducer 2: 0/1	Reducer 4: 0/1	Reducer 6: 0/1	Reducer 8: 0/1	
ERROR : Status: Failed
ERROR : Dag received [DAG_TERMINATE, SERVICE_PLUGIN_ERROR] in RUNNING state.
ERROR : Error reported by TaskScheduler [[2:LLAP]][SERVICE_UNAVAILABLE] No LLAP Daemons are running
ERROR : Vertex killed, vertexName=Reducer 8, vertexId=vertex_1476988466894_0276_1_05, diagnostics=[Vertex received Kill while in RUNNING state., Vertex did not succeed due to DAG_TERMINATED, failedTasks:0 killedTasks:1, Vertex vertex_1476988466894_0276_1_05 [Reducer 8] killed/failed due to:DAG_TERMINATED]
ERROR : Vertex killed, vertexName=Reducer 4, vertexId=vertex_1476988466894_0276_1_08, diagnostics=[Vertex received Kill while in RUNNING state., Vertex did not succeed due to DAG_TERMINATED, failedTasks:0 killedTasks:1, Vertex vertex_1476988466894_0276_1_08 [Reducer 4] killed/failed due to:DAG_TERMINATED]
ERROR : Vertex killed, vertexName=Reducer 6, vertexId=vertex_1476988466894_0276_1_03, diagnostics=[Vertex received Kill while in RUNNING state., Vertex did not succeed due to DAG_TERMINATED, failedTasks:0 killedTasks:1, Vertex vertex_1476988466894_0276_1_03 [Reducer 6] killed/failed due to:DAG_TERMINATED]
ERROR : Vertex killed, vertexName=Reducer 12, vertexId=vertex_1476988466894_0276_1_10, diagnostics=[Vertex received Kill while in RUNNING state., Vertex did not succeed due to DAG_TERMINATED, failedTasks:0 killedTasks:1, Vertex vertex_1476988466894_0276_1_10 [Reducer 12] killed/failed due to:DAG_TERMINATED]
ERROR : Vertex killed, vertexName=Reducer 10, vertexId=vertex_1476988466894_0276_1_09, diagnostics=[Vertex received Kill while in RUNNING state., Vertex did not succeed due to DAG_TERMINATED, failedTasks:0 killedTasks:1, Vertex vertex_1476988466894_0276_1_09 [Reducer 10] killed/failed due to:DAG_TERMINATED]
ERROR : Vertex killed, vertexName=Reducer 2, vertexId=vertex_1476988466894_0276_1_11, diagnostics=[Vertex received Kill while in RUNNING state., Vertex did not succeed due to DAG_TERMINATED, failedTasks:0 killedTasks:1, Vertex vertex_1476988466894_0276_1_11 [Reducer 2] killed/failed due to:DAG_TERMINATED]
ERROR : Vertex killed, vertexName=Map 1, vertexId=vertex_1476988466894_0276_1_06, diagnostics=[Vertex received Kill while in RUNNING state., Vertex did not succeed due to DAG_TERMINATED, failedTasks:0 killedTasks:431, Vertex vertex_1476988466894_0276_1_06 [Map 1] killed/failed due to:DAG_TERMINATED]
ERROR : Vertex killed, vertexName=Map 3, vertexId=vertex_1476988466894_0276_1_07, diagnostics=[Vertex received Kill while in RUNNING state., Vertex did not succeed due to DAG_TERMINATED, failedTasks:0 killedTasks:431, Vertex vertex_1476988466894_0276_1_07 [Map 3] killed/failed due to:DAG_TERMINATED]
ERROR : Vertex killed, vertexName=Map 11, vertexId=vertex_1476988466894_0276_1_02, diagnostics=[Vertex received Kill while in RUNNING state., Vertex did not succeed due to DAG_TERMINATED, failedTasks:0 killedTasks:431, Vertex vertex_1476988466894_0276_1_02 [Map 11] killed/failed due to:DAG_TERMINATED]
ERROR : Vertex killed, vertexName=Map 5, vertexId=vertex_1476988466894_0276_1_01, diagnostics=[Vertex received Kill while in RUNNING state., Vertex did not succeed due to DAG_TERMINATED, failedTasks:0 killedTasks:427, Vertex vertex_1476988466894_0276_1_01 [Map 5] killed/failed due to:DAG_TERMINATED]
ERROR : Vertex killed, vertexName=Map 7, vertexId=vertex_1476988466894_0276_1_04, diagnostics=[Vertex received Kill while in RUNNING state., Vertex did not succeed due to DAG_TERMINATED, failedTasks:0 killedTasks:431, Vertex vertex_1476988466894_0276_1_04 [Map 7] killed/failed due to:DAG_TERMINATED]
ERROR : Vertex killed, vertexName=Map 9, vertexId=vertex_1476988466894_0276_1_00, diagnostics=[Vertex received Kill while in RUNNING state., Vertex did not succeed due to DAG_TERMINATED, failedTasks:0 killedTasks:420, Vertex vertex_1476988466894_0276_1_00 [Map 9] killed/failed due to:DAG_TERMINATED]
ERROR : DAG did not succeed due to SERVICE_PLUGIN_ERROR. failedVertices:0 killedVertices:12
INFO  : org.apache.tez.common.counters.DAGCounter:
INFO  :    NUM_FAILED_TASKS: 248
INFO  :    NUM_KILLED_TASKS: 3540
INFO  :    NUM_SUCCEEDED_TASKS: 15
INFO  :    TOTAL_LAUNCHED_TASKS: 1408
INFO  :    DATA_LOCAL_TASKS: 15
INFO  :    AM_CPU_MILLISECONDS: 302000
INFO  :    AM_GC_TIME_MILLIS: 7431
INFO  : File System Counters:
INFO  :    FILE_BYTES_READ: 960
INFO  :    FILE_BYTES_WRITTEN: 2397939
INFO  :    FILE_READ_OPS: 0
INFO  :    FILE_LARGE_READ_OPS: 0
INFO  :    FILE_WRITE_OPS: 0
INFO  :    HDFS_BYTES_READ: 3801129096
INFO  :    HDFS_BYTES_WRITTEN: 0
INFO  :    HDFS_READ_OPS: 252
INFO  :    HDFS_LARGE_READ_OPS: 0
INFO  :    HDFS_WRITE_OPS: 0
INFO  : org.apache.tez.common.counters.TaskCounter:
INFO  :    SPILLED_RECORDS: 183871
INFO  :    INPUT_RECORDS_PROCESSED: 925463
INFO  :    INPUT_SPLIT_LENGTH_BYTES: 51211859833
INFO  :    OUTPUT_RECORDS: 183871
INFO  :    OUTPUT_BYTES: 4677891
INFO  :    OUTPUT_BYTES_WITH_OVERHEAD: 5045723
INFO  :    OUTPUT_BYTES_PHYSICAL: 2397459
INFO  :    ADDITIONAL_SPILLS_BYTES_WRITTEN: 0
INFO  :    ADDITIONAL_SPILLS_BYTES_READ: 0
INFO  :    ADDITIONAL_SPILL_COUNT: 0
INFO  :    SHUFFLE_CHUNK_COUNT: 15
INFO  : HIVE:
INFO  :    DESERIALIZE_ERRORS: 0
INFO  :    RECORDS_IN_Map_5: 265465000
INFO  :    RECORDS_IN_Map_9: 659991784
INFO  :    RECORDS_OUT_INTERMEDIATE_Map_5: 34735
INFO  :    RECORDS_OUT_INTERMEDIATE_Map_9: 149136
INFO  : TaskCounter_Map_5_INPUT_store_sales:
INFO  :    INPUT_RECORDS_PROCESSED: 265465
INFO  :    INPUT_SPLIT_LENGTH_BYTES: 14637837070
INFO  : TaskCounter_Map_5_OUTPUT_Reducer_6:
INFO  :    ADDITIONAL_SPILLS_BYTES_READ: 0
INFO  :    ADDITIONAL_SPILLS_BYTES_WRITTEN: 0
INFO  :    ADDITIONAL_SPILL_COUNT: 0
INFO  :    OUTPUT_BYTES: 876781
INFO  :    OUTPUT_BYTES_PHYSICAL: 494151
INFO  :    OUTPUT_BYTES_WITH_OVERHEAD: 946275
INFO  :    OUTPUT_RECORDS: 34735
INFO  :    SHUFFLE_CHUNK_COUNT: 4
INFO  :    SPILLED_RECORDS: 34735
INFO  : TaskCounter_Map_9_INPUT_store_sales:
INFO  :    INPUT_RECORDS_PROCESSED: 659998
INFO  :    INPUT_SPLIT_LENGTH_BYTES: 36574022763
INFO  : TaskCounter_Map_9_OUTPUT_Reducer_10:
INFO  :    ADDITIONAL_SPILLS_BYTES_READ: 0
INFO  :    ADDITIONAL_SPILLS_BYTES_WRITTEN: 0
INFO  :    ADDITIONAL_SPILL_COUNT: 0
INFO  :    OUTPUT_BYTES: 3801110
INFO  :    OUTPUT_BYTES_PHYSICAL: 1903308
INFO  :    OUTPUT_BYTES_WITH_OVERHEAD: 4099448
INFO  :    OUTPUT_RECORDS: 149136
INFO  :    SHUFFLE_CHUNK_COUNT: 11
INFO  :    SPILLED_RECORDS: 149136
INFO  : org.apache.hadoop.hive.llap.counters.LlapIOCounters:
INFO  :    ALLOCATED_BYTES: 4660658176
INFO  :    ALLOCATED_USED_BYTES: 4082903298
INFO  :    CACHE_HIT_BYTES: 5112726661
INFO  :    CACHE_MISS_BYTES: 3797003863
INFO  :    CONSUMER_TIME_NS: 275502019326
INFO  :    DECODE_TIME_NS: 169462298608
INFO  :    HDFS_TIME_NS: 108858339275
INFO  :    METADATA_CACHE_HIT: 745
INFO  :    METADATA_CACHE_MISS: 459
INFO  :    NUM_DECODED_BATCHES: 92955
INFO  :    NUM_VECTOR_BATCHES: 925463
INFO  :    ROWS_EMITTED: 925456784
INFO  :    SELECTED_ROWGROUPS: 92955
INFO  :    TOTAL_IO_TIME_NS: 311989424343
ERROR : FAILED: Execution Error, return code 2 from org.apache.hadoop.hive.ql.exec.tez.TezTask. Dag received [DAG_TERMINATE, SERVICE_PLUGIN_ERROR] in RUNNING state.Error reported by TaskScheduler [[2:LLAP]][SERVICE_UNAVAILABLE] No LLAP Daemons are runningVertex killed, vertexName=Reducer 8, vertexId=vertex_1476988466894_0276_1_05, diagnostics=[Vertex received Kill while in RUNNING state., Vertex did not succeed due to DAG_TERMINATED, failedTasks:0 killedTasks:1, Vertex vertex_1476988466894_0276_1_05 [Reducer 8] killed/failed due to:DAG_TERMINATED]Vertex killed, vertexName=Reducer 4, vertexId=vertex_1476988466894_0276_1_08, diagnostics=[Vertex received Kill while in RUNNING state., Vertex did not succeed due to DAG_TERMINATED, failedTasks:0 killedTasks:1, Vertex vertex_1476988466894_0276_1_08 [Reducer 4] killed/failed due to:DAG_TERMINATED]Vertex killed, vertexName=Reducer 6, vertexId=vertex_1476988466894_0276_1_03, diagnostics=[Vertex received Kill while in RUNNING state., Vertex did not succeed due to DAG_TERMINATED, failedTasks:0 killedTasks:1, Vertex vertex_1476988466894_0276_1_03 [Reducer 6] killed/failed due to:DAG_TERMINATED]Vertex killed, vertexName=Reducer 12, vertexId=vertex_1476988466894_0276_1_10, diagnostics=[Vertex received Kill while in RUNNING state., Vertex did not succeed due to DAG_TERMINATED, failedTasks:0 killedTasks:1, Vertex vertex_1476988466894_0276_1_10 [Reducer 12] killed/failed due to:DAG_TERMINATED]Vertex killed, vertexName=Reducer 10, vertexId=vertex_1476988466894_0276_1_09, diagnostics=[Vertex received Kill while in RUNNING state., Vertex did not succeed due to DAG_TERMINATED, failedTasks:0 killedTasks:1, Vertex vertex_1476988466894_0276_1_09 [Reducer 10] killed/failed due to:DAG_TERMINATED]Vertex killed, vertexName=Reducer 2, vertexId=vertex_1476988466894_0276_1_11, diagnostics=[Vertex received Kill while in RUNNING state., Vertex did not succeed due to DAG_TERMINATED, failedTasks:0 killedTasks:1, Vertex vertex_1476988466894_0276_1_11 [Reducer 2] killed/failed due to:DAG_TERMINATED]Vertex killed, vertexName=Map 1, vertexId=vertex_1476988466894_0276_1_06, diagnostics=[Vertex received Kill while in RUNNING state., Vertex did not succeed due to DAG_TERMINATED, failedTasks:0 killedTasks:431, Vertex vertex_1476988466894_0276_1_06 [Map 1] killed/failed due to:DAG_TERMINATED]Vertex killed, vertexName=Map 3, vertexId=vertex_1476988466894_0276_1_07, diagnostics=[Vertex received Kill while in RUNNING state., Vertex did not succeed due to DAG_TERMINATED, failedTasks:0 killedTasks:431, Vertex vertex_1476988466894_0276_1_07 [Map 3] killed/failed due to:DAG_TERMINATED]Vertex killed, vertexName=Map 11, vertexId=vertex_1476988466894_0276_1_02, diagnostics=[Vertex received Kill while in RUNNING state., Vertex did not succeed due to DAG_TERMINATED, failedTasks:0 killedTasks:431, Vertex vertex_1476988466894_0276_1_02 [Map 11] killed/failed due to:DAG_TERMINATED]Vertex killed, vertexName=Map 5, vertexId=vertex_1476988466894_0276_1_01, diagnostics=[Vertex received Kill while in RUNNING state., Vertex did not succeed due to DAG_TERMINATED, failedTasks:0 killedTasks:427, Vertex vertex_1476988466894_0276_1_01 [Map 5] killed/failed due to:DAG_TERMINATED]Vertex killed, vertexName=Map 7, vertexId=vertex_1476988466894_0276_1_04, diagnostics=[Vertex received Kill while in RUNNING state., Vertex did not succeed due to DAG_TERMINATED, failedTasks:0 killedTasks:431, Vertex vertex_1476988466894_0276_1_04 [Map 7] killed/failed due to:DAG_TERMINATED]Vertex killed, vertexName=Map 9, vertexId=vertex_1476988466894_0276_1_00, diagnostics=[Vertex received Kill while in RUNNING state., Vertex did not succeed due to DAG_TERMINATED, failedTasks:0 killedTasks:420, Vertex vertex_1476988466894_0276_1_00 [Map 9] killed/failed due to:DAG_TERMINATED]DAG did not succeed due to SERVICE_PLUGIN_ERROR. failedVertices:0 killedVertices:12
INFO  : Completed executing command(queryId=hive_20161020160257_bb23c1d2-460b-45f2-b73f-e748e3884328); Time taken: 166.558 seconds
Error: Error while processing statement: FAILED: Execution Error, return code 2 from org.apache.hadoop.hive.ql.exec.tez.TezTask. Dag received [DAG_TERMINATE, SERVICE_PLUGIN_ERROR] in RUNNING state.Error reported by TaskScheduler [[2:LLAP]][SERVICE_UNAVAILABLE] No LLAP Daemons are runningVertex killed, vertexName=Reducer 8, vertexId=vertex_1476988466894_0276_1_05, diagnostics=[Vertex received Kill while in RUNNING state., Vertex did not succeed due to DAG_TERMINATED, failedTasks:0 killedTasks:1, Vertex vertex_1476988466894_0276_1_05 [Reducer 8] killed/failed due to:DAG_TERMINATED]Vertex killed, vertexName=Reducer 4, vertexId=vertex_1476988466894_0276_1_08, diagnostics=[Vertex received Kill while in RUNNING state., Vertex did not succeed due to DAG_TERMINATED, failedTasks:0 killedTasks:1, Vertex vertex_1476988466894_0276_1_08 [Reducer 4] killed/failed due to:DAG_TERMINATED]Vertex killed, vertexName=Reducer 6, vertexId=vertex_1476988466894_0276_1_03, diagnostics=[Vertex received Kill while in RUNNING state., Vertex did not succeed due to DAG_TERMINATED, failedTasks:0 killedTasks:1, Vertex vertex_1476988466894_0276_1_03 [Reducer 6] killed/failed due to:DAG_TERMINATED]Vertex killed, vertexName=Reducer 12, vertexId=vertex_1476988466894_0276_1_10, diagnostics=[Vertex received Kill while in RUNNING state., Vertex did not succeed due to DAG_TERMINATED, failedTasks:0 killedTasks:1, Vertex vertex_1476988466894_0276_1_10 [Reducer 12] killed/failed due to:DAG_TERMINATED]Vertex killed, vertexName=Reducer 10, vertexId=vertex_1476988466894_0276_1_09, diagnostics=[Vertex received Kill while in RUNNING state., Vertex did not succeed due to DAG_TERMINATED, failedTasks:0 killedTasks:1, Vertex vertex_1476988466894_0276_1_09 [Reducer 10] killed/failed due to:DAG_TERMINATED]Vertex killed, vertexName=Reducer 2, vertexId=vertex_1476988466894_0276_1_11, diagnostics=[Vertex received Kill while in RUNNING state., Vertex did not succeed due to DAG_TERMINATED, failedTasks:0 killedTasks:1, Vertex vertex_1476988466894_0276_1_11 [Reducer 2] killed/failed due to:DAG_TERMINATED]Vertex killed, vertexName=Map 1, vertexId=vertex_1476988466894_0276_1_06, diagnostics=[Vertex received Kill while in RUNNING state., Vertex did not succeed due to DAG_TERMINATED, failedTasks:0 killedTasks:431, Vertex vertex_1476988466894_0276_1_06 [Map 1] killed/failed due to:DAG_TERMINATED]Vertex killed, vertexName=Map 3, vertexId=vertex_1476988466894_0276_1_07, diagnostics=[Vertex received Kill while in RUNNING state., Vertex did not succeed due to DAG_TERMINATED, failedTasks:0 killedTasks:431, Vertex vertex_1476988466894_0276_1_07 [Map 3] killed/failed due to:DAG_TERMINATED]Vertex killed, vertexName=Map 11, vertexId=vertex_1476988466894_0276_1_02, diagnostics=[Vertex received Kill while in RUNNING state., Vertex did not succeed due to DAG_TERMINATED, failedTasks:0 killedTasks:431, Vertex vertex_1476988466894_0276_1_02 [Map 11] killed/failed due to:DAG_TERMINATED]Vertex killed, vertexName=Map 5, vertexId=vertex_1476988466894_0276_1_01, diagnostics=[Vertex received Kill while in RUNNING state., Vertex did not succeed due to DAG_TERMINATED, failedTasks:0 killedTasks:427, Vertex vertex_1476988466894_0276_1_01 [Map 5] killed/failed due to:DAG_TERMINATED]Vertex killed, vertexName=Map 7, vertexId=vertex_1476988466894_0276_1_04, diagnostics=[Vertex received Kill while in RUNNING state., Vertex did not succeed due to DAG_TERMINATED, failedTasks:0 killedTasks:431, Vertex vertex_1476988466894_0276_1_04 [Map 7] killed/failed due to:DAG_TERMINATED]Vertex killed, vertexName=Map 9, vertexId=vertex_1476988466894_0276_1_00, diagnostics=[Vertex received Kill while in RUNNING state., Vertex did not succeed due to DAG_TERMINATED, failedTasks:0 killedTasks:420, Vertex vertex_1476988466894_0276_1_00 [Map 9] killed/failed due to:DAG_TERMINATED]DAG did not succeed due to SERVICE_PLUGIN_ERROR. failedVertices:0 killedVertices:12 (state=08S01,code=2)
Closing: 0: jdbc:hive2://h01hn02:10500/tpcds_bin_partitioned_orc_10000
