Connecting to jdbc:hive2://h01hn02:10500/tpcds_bin_partitioned_orc_10000
Connected to: Apache Hive (version 2.1.0.2.5.1.0-43)
Driver: Hive JDBC (version 1.2.1000.2.5.1.0-43)
Transaction isolation: TRANSACTION_REPEATABLE_READ
Running init script bry.sql
No rows affected (0.036 seconds)
No rows affected (0.002 seconds)
INFO  : Compiling command(queryId=hive_20161019140318_862d18ff-53a4-4503-b622-aca07588d0a7): select c_last_name
       ,c_first_name
       ,c_salutation
       ,c_preferred_cust_flag 
       ,ss_ticket_number
       ,cnt from
   (select ss_ticket_number
          ,ss_customer_sk
          ,count(*) cnt
    from store_sales,date_dim,store,household_demographics
    where store_sales.ss_sold_date_sk = date_dim.d_date_sk
    and store_sales.ss_store_sk = store.s_store_sk  
    and store_sales.ss_hdemo_sk = household_demographics.hd_demo_sk
    and date_dim.d_dom between 1 and 2 
    and (household_demographics.hd_buy_potential = '1001-5000' or
         household_demographics.hd_buy_potential = '5001-10000')
    and household_demographics.hd_vehicle_count > 0
    and case when household_demographics.hd_vehicle_count > 0 then 
             household_demographics.hd_dep_count/ household_demographics.hd_vehicle_count else null end > 1
    and date_dim.d_year in (1998,1998+1,1998+2)
    and store.s_county in ('Kittitas County','Adams County','Richland County','Furnas County')
    group by ss_ticket_number,ss_customer_sk) dj,customer
    where dj.ss_customer_sk = customer.c_customer_sk
      and cnt between 1 and 5
    order by cnt desc
INFO  : Semantic Analysis Completed
INFO  : Returning Hive schema: Schema(fieldSchemas:[FieldSchema(name:c_last_name, type:string, comment:null), FieldSchema(name:c_first_name, type:string, comment:null), FieldSchema(name:c_salutation, type:string, comment:null), FieldSchema(name:c_preferred_cust_flag, type:string, comment:null), FieldSchema(name:ss_ticket_number, type:int, comment:null), FieldSchema(name:cnt, type:bigint, comment:null)], properties:null)
INFO  : Completed compiling command(queryId=hive_20161019140318_862d18ff-53a4-4503-b622-aca07588d0a7); Time taken: 0.603 seconds
INFO  : Concurrency mode is disabled, not creating a lock manager
INFO  : Executing command(queryId=hive_20161019140318_862d18ff-53a4-4503-b622-aca07588d0a7): select c_last_name
       ,c_first_name
       ,c_salutation
       ,c_preferred_cust_flag 
       ,ss_ticket_number
       ,cnt from
   (select ss_ticket_number
          ,ss_customer_sk
          ,count(*) cnt
    from store_sales,date_dim,store,household_demographics
    where store_sales.ss_sold_date_sk = date_dim.d_date_sk
    and store_sales.ss_store_sk = store.s_store_sk  
    and store_sales.ss_hdemo_sk = household_demographics.hd_demo_sk
    and date_dim.d_dom between 1 and 2 
    and (household_demographics.hd_buy_potential = '1001-5000' or
         household_demographics.hd_buy_potential = '5001-10000')
    and household_demographics.hd_vehicle_count > 0
    and case when household_demographics.hd_vehicle_count > 0 then 
             household_demographics.hd_dep_count/ household_demographics.hd_vehicle_count else null end > 1
    and date_dim.d_year in (1998,1998+1,1998+2)
    and store.s_county in ('Kittitas County','Adams County','Richland County','Furnas County')
    group by ss_ticket_number,ss_customer_sk) dj,customer
    where dj.ss_customer_sk = customer.c_customer_sk
      and cnt between 1 and 5
    order by cnt desc
INFO  : Query ID = hive_20161019140318_862d18ff-53a4-4503-b622-aca07588d0a7
INFO  : Total jobs = 1
INFO  : Launching Job 1 out of 1
INFO  : Starting task [Stage-1:MAPRED] in serial mode
INFO  : Session is already open
INFO  : Dag name: select c_last_name
       ,c_first_na...desc(Stage-1)
INFO  : Setting tez.task.scale.memory.reserve-fraction to 0.30000001192092896
INFO  : Setting tez.task.scale.memory.reserve-fraction to 0.30000001192092896
INFO  : Tez session was closed. Reopening...
INFO  : Session re-established.
INFO  : 

INFO  : Status: Running (Executing on YARN cluster with App id application_1476716628816_0176)

INFO  : Map 1: -/-	Map 5: -/-	Map 6: -/-	Map 7: -/-	Map 8: -/-	Reducer 2: 0/1009	Reducer 3: 0/1009	Reducer 4: 0/1	
INFO  : Map 1: -/-	Map 5: 0/1	Map 6: 0/1	Map 7: 0/1	Map 8: 0/116	Reducer 2: 0/1009	Reducer 3: 0/1009	Reducer 4: 0/1	
INFO  : Map 1: -/-	Map 5: 0(+1)/1	Map 6: 0(+1)/1	Map 7: 0(+1)/1	Map 8: 0(+116)/116	Reducer 2: 0/1009	Reducer 3: 0/1009	Reducer 4: 0/1	
INFO  : Map 1: -/-	Map 5: 1/1	Map 6: 1/1	Map 7: 0(+1)/1	Map 8: 0(+116)/116	Reducer 2: 0/1009	Reducer 3: 0/1009	Reducer 4: 0/1	
INFO  : Map 1: -/-	Map 5: 1/1	Map 6: 1/1	Map 7: 1/1	Map 8: 2(+114)/116	Reducer 2: 0/1009	Reducer 3: 0/1009	Reducer 4: 0/1	
INFO  : Map 1: 0(+16)/126	Map 5: 1/1	Map 6: 1/1	Map 7: 1/1	Map 8: 5(+111)/116	Reducer 2: 0/1009	Reducer 3: 0/1009	Reducer 4: 0/1	
INFO  : Map 1: 0(+126)/126	Map 5: 1/1	Map 6: 1/1	Map 7: 1/1	Map 8: 6(+110)/116	Reducer 2: 0/1009	Reducer 3: 0/1009	Reducer 4: 0/1	
INFO  : Map 1: 0(+126)/126	Map 5: 1/1	Map 6: 1/1	Map 7: 1/1	Map 8: 10(+106)/116	Reducer 2: 0/1009	Reducer 3: 0/1009	Reducer 4: 0/1	
INFO  : Map 1: 0(+126)/126	Map 5: 1/1	Map 6: 1/1	Map 7: 1/1	Map 8: 23(+93)/116	Reducer 2: 0/1009	Reducer 3: 0/1009	Reducer 4: 0/1	
INFO  : Map 1: 0(+126)/126	Map 5: 1/1	Map 6: 1/1	Map 7: 1/1	Map 8: 38(+78)/116	Reducer 2: 0/1009	Reducer 3: 0/1009	Reducer 4: 0/1	
INFO  : Map 1: 0(+126)/126	Map 5: 1/1	Map 6: 1/1	Map 7: 1/1	Map 8: 52(+64)/116	Reducer 2: 0/1009	Reducer 3: 0/1009	Reducer 4: 0/1	
INFO  : Map 1: 0(+126)/126	Map 5: 1/1	Map 6: 1/1	Map 7: 1/1	Map 8: 66(+50)/116	Reducer 2: 0/1009	Reducer 3: 0/1009	Reducer 4: 0/1	
INFO  : Map 1: 0(+126)/126	Map 5: 1/1	Map 6: 1/1	Map 7: 1/1	Map 8: 69(+47)/116	Reducer 2: 0/1009	Reducer 3: 0/1009	Reducer 4: 0/1	
INFO  : Map 1: 9(+117)/126	Map 5: 1/1	Map 6: 1/1	Map 7: 1/1	Map 8: 81(+35)/116	Reducer 2: 0/1009	Reducer 3: 0/1009	Reducer 4: 0/1	
INFO  : Map 1: 12(+114)/126	Map 5: 1/1	Map 6: 1/1	Map 7: 1/1	Map 8: 88(+28)/116	Reducer 2: 0/1009	Reducer 3: 0/1009	Reducer 4: 0/1	
INFO  : Map 1: 26(+100)/126	Map 5: 1/1	Map 6: 1/1	Map 7: 1/1	Map 8: 104(+12)/116	Reducer 2: 0/1009	Reducer 3: 0/1009	Reducer 4: 0/1	
INFO  : Map 1: 48(+78)/126	Map 5: 1/1	Map 6: 1/1	Map 7: 1/1	Map 8: 106(+10)/116	Reducer 2: 0/1009	Reducer 3: 0/1009	Reducer 4: 0/1	
INFO  : Map 1: 58(+68)/126	Map 5: 1/1	Map 6: 1/1	Map 7: 1/1	Map 8: 106(+10)/116	Reducer 2: 0/1009	Reducer 3: 0/1009	Reducer 4: 0/1	
INFO  : Map 1: 78(+48)/126	Map 5: 1/1	Map 6: 1/1	Map 7: 1/1	Map 8: 111(+5)/116	Reducer 2: 0/1009	Reducer 3: 0/1009	Reducer 4: 0/1	
INFO  : Map 1: 86(+40)/126	Map 5: 1/1	Map 6: 1/1	Map 7: 1/1	Map 8: 112(+4)/116	Reducer 2: 0/1009	Reducer 3: 0/1009	Reducer 4: 0/1	
INFO  : Map 1: 91(+35)/126	Map 5: 1/1	Map 6: 1/1	Map 7: 1/1	Map 8: 112(+4)/116	Reducer 2: 0/1009	Reducer 3: 0/1009	Reducer 4: 0/1	
INFO  : Map 1: 96(+30)/126	Map 5: 1/1	Map 6: 1/1	Map 7: 1/1	Map 8: 112(+4)/116	Reducer 2: 0/253	Reducer 3: 0/1009	Reducer 4: 0/1	
INFO  : Map 1: 96(+30)/126	Map 5: 1/1	Map 6: 1/1	Map 7: 1/1	Map 8: 112(+4)/116	Reducer 2: 0(+253)/253	Reducer 3: 0/1009	Reducer 4: 0/1	
INFO  : Map 1: 96(+30)/126	Map 5: 1/1	Map 6: 1/1	Map 7: 1/1	Map 8: 112(+4)/116	Reducer 2: 0(+253)/253	Reducer 3: 0/1009	Reducer 4: 0/1	
INFO  : Map 1: 96(+30)/126	Map 5: 1/1	Map 6: 1/1	Map 7: 1/1	Map 8: 112(+4)/116	Reducer 2: 0(+253)/253	Reducer 3: 0/1009	Reducer 4: 0/1	
INFO  : Map 1: 98(+28)/126	Map 5: 1/1	Map 6: 1/1	Map 7: 1/1	Map 8: 116/116	Reducer 2: 0(+253)/253	Reducer 3: 0/1009	Reducer 4: 0/1	
INFO  : Map 1: 102(+24)/126	Map 5: 1/1	Map 6: 1/1	Map 7: 1/1	Map 8: 116/116	Reducer 2: 0(+253)/253	Reducer 3: 0/1009	Reducer 4: 0/1	
INFO  : Map 1: 108(+18)/126	Map 5: 1/1	Map 6: 1/1	Map 7: 1/1	Map 8: 116/116	Reducer 2: 0(+253)/253	Reducer 3: 0/1009	Reducer 4: 0/1	
INFO  : Map 1: 112(+14)/126	Map 5: 1/1	Map 6: 1/1	Map 7: 1/1	Map 8: 116/116	Reducer 2: 0(+253)/253	Reducer 3: 0/1009	Reducer 4: 0/1	
INFO  : Map 1: 112(+14)/126	Map 5: 1/1	Map 6: 1/1	Map 7: 1/1	Map 8: 116/116	Reducer 2: 0(+253)/253	Reducer 3: 0/1009	Reducer 4: 0/1	
INFO  : Map 1: 118(+8)/126	Map 5: 1/1	Map 6: 1/1	Map 7: 1/1	Map 8: 116/116	Reducer 2: 0(+253)/253	Reducer 3: 0/1009	Reducer 4: 0/1	
INFO  : Map 1: 119(+7)/126	Map 5: 1/1	Map 6: 1/1	Map 7: 1/1	Map 8: 116/116	Reducer 2: 0(+253)/253	Reducer 3: 0/1009	Reducer 4: 0/1	
INFO  : Map 1: 122(+4)/126	Map 5: 1/1	Map 6: 1/1	Map 7: 1/1	Map 8: 116/116	Reducer 2: 0(+253)/253	Reducer 3: 0/1009	Reducer 4: 0/1	
INFO  : Map 1: 126/126	Map 5: 1/1	Map 6: 1/1	Map 7: 1/1	Map 8: 116/116	Reducer 2: 4(+249)/253	Reducer 3: 0/1009	Reducer 4: 0/1	
INFO  : Map 1: 126/126	Map 5: 1/1	Map 6: 1/1	Map 7: 1/1	Map 8: 116/116	Reducer 2: 26(+226)/253	Reducer 3: 0/1009	Reducer 4: 0/1	
INFO  : Map 1: 126/126	Map 5: 1/1	Map 6: 1/1	Map 7: 1/1	Map 8: 116/116	Reducer 2: 34(+219)/253	Reducer 3: 0/1009	Reducer 4: 0/1	
INFO  : Map 1: 126/126	Map 5: 1/1	Map 6: 1/1	Map 7: 1/1	Map 8: 116/116	Reducer 2: 47(+206)/253	Reducer 3: 0/1009	Reducer 4: 0/1	
INFO  : Map 1: 126/126	Map 5: 1/1	Map 6: 1/1	Map 7: 1/1	Map 8: 116/116	Reducer 2: 81(+172)/253	Reducer 3: 0(+290)/1009	Reducer 4: 0/1	
INFO  : Map 1: 126/126	Map 5: 1/1	Map 6: 1/1	Map 7: 1/1	Map 8: 116/116	Reducer 2: 83(+170)/253	Reducer 3: 0(+334)/1009	Reducer 4: 0/1	
INFO  : Map 1: 126/126	Map 5: 1/1	Map 6: 1/1	Map 7: 1/1	Map 8: 116/116	Reducer 2: 90(+163)/253	Reducer 3: 0(+340)/1009	Reducer 4: 0/1	
INFO  : Map 1: 126/126	Map 5: 1/1	Map 6: 1/1	Map 7: 1/1	Map 8: 116/116	Reducer 2: 102(+151)/253	Reducer 3: 0(+353)/1009	Reducer 4: 0/1	
INFO  : Map 1: 126/126	Map 5: 1/1	Map 6: 1/1	Map 7: 1/1	Map 8: 116/116	Reducer 2: 123(+130)/253	Reducer 3: 0(+374)/1009	Reducer 4: 0/1	
INFO  : Map 1: 126/126	Map 5: 1/1	Map 6: 1/1	Map 7: 1/1	Map 8: 116/116	Reducer 2: 141(+112)/253	Reducer 3: 0(+391)/1009	Reducer 4: 0/1	
INFO  : Map 1: 126/126	Map 5: 1/1	Map 6: 1/1	Map 7: 1/1	Map 8: 116/116	Reducer 2: 143(+110)/253	Reducer 3: 0(+394)/1009	Reducer 4: 0/1	
INFO  : Map 1: 126/126	Map 5: 1/1	Map 6: 1/1	Map 7: 1/1	Map 8: 116/116	Reducer 2: 157(+96)/253	Reducer 3: 0(+408)/1009	Reducer 4: 0/1	
INFO  : Map 1: 126/126	Map 5: 1/1	Map 6: 1/1	Map 7: 1/1	Map 8: 116/116	Reducer 2: 160(+93)/253	Reducer 3: 0(+411)/1009	Reducer 4: 0/1	
INFO  : Map 1: 126/126	Map 5: 1/1	Map 6: 1/1	Map 7: 1/1	Map 8: 116/116	Reducer 2: 177(+76)/253	Reducer 3: 0(+428)/1009	Reducer 4: 0/1	
INFO  : Map 1: 126/126	Map 5: 1/1	Map 6: 1/1	Map 7: 1/1	Map 8: 116/116	Reducer 2: 211(+42)/253	Reducer 3: 0(+465)/1009	Reducer 4: 0/1	
INFO  : Map 1: 126/126	Map 5: 1/1	Map 6: 1/1	Map 7: 1/1	Map 8: 116/116	Reducer 2: 223(+30)/253	Reducer 3: 0(+486)/1009	Reducer 4: 0/1	
INFO  : Map 1: 126/126	Map 5: 1/1	Map 6: 1/1	Map 7: 1/1	Map 8: 116/116	Reducer 2: 233(+20)/253	Reducer 3: 0(+498)/1009	Reducer 4: 0/1	
INFO  : Map 1: 126/126	Map 5: 1/1	Map 6: 1/1	Map 7: 1/1	Map 8: 116/116	Reducer 2: 244(+9)/253	Reducer 3: 0(+509)/1009	Reducer 4: 0/1	
INFO  : Map 1: 126/126	Map 5: 1/1	Map 6: 1/1	Map 7: 1/1	Map 8: 116/116	Reducer 2: 249(+4)/253	Reducer 3: 0(+514)/1009	Reducer 4: 0/1	
INFO  : Map 1: 126/126	Map 5: 1/1	Map 6: 1/1	Map 7: 1/1	Map 8: 116/116	Reducer 2: 253/253	Reducer 3: 19(+503)/1009	Reducer 4: 0/1	
INFO  : Map 1: 126/126	Map 5: 1/1	Map 6: 1/1	Map 7: 1/1	Map 8: 116/116	Reducer 2: 253/253	Reducer 3: 198(+494)/1009	Reducer 4: 0/1	
INFO  : Map 1: 126/126	Map 5: 1/1	Map 6: 1/1	Map 7: 1/1	Map 8: 116/116	Reducer 2: 253/253	Reducer 3: 385(+526)/1009	Reducer 4: 0/1	
INFO  : Map 1: 126/126	Map 5: 1/1	Map 6: 1/1	Map 7: 1/1	Map 8: 116/116	Reducer 2: 253/253	Reducer 3: 420(+531)/1009	Reducer 4: 0/1	
INFO  : Map 1: 126/126	Map 5: 1/1	Map 6: 1/1	Map 7: 1/1	Map 8: 116/116	Reducer 2: 253/253	Reducer 3: 438(+539)/1009	Reducer 4: 0/1	
INFO  : Map 1: 126/126	Map 5: 1/1	Map 6: 1/1	Map 7: 1/1	Map 8: 116/116	Reducer 2: 253/253	Reducer 3: 452(+539)/1009	Reducer 4: 0/1	
INFO  : Map 1: 126/126	Map 5: 1/1	Map 6: 1/1	Map 7: 1/1	Map 8: 116/116	Reducer 2: 253/253	Reducer 3: 487(+522)/1009	Reducer 4: 0/1	
INFO  : Map 1: 126/126	Map 5: 1/1	Map 6: 1/1	Map 7: 1/1	Map 8: 116/116	Reducer 2: 253/253	Reducer 3: 536(+473)/1009	Reducer 4: 0(+1)/1	
INFO  : Map 1: 126/126	Map 5: 1/1	Map 6: 1/1	Map 7: 1/1	Map 8: 116/116	Reducer 2: 253/253	Reducer 3: 582(+427)/1009	Reducer 4: 0(+1)/1	
INFO  : Map 1: 126/126	Map 5: 1/1	Map 6: 1/1	Map 7: 1/1	Map 8: 116/116	Reducer 2: 253/253	Reducer 3: 671(+337)/1009	Reducer 4: 0(+1)/1	
INFO  : Map 1: 126/126	Map 5: 1/1	Map 6: 1/1	Map 7: 1/1	Map 8: 116/116	Reducer 2: 253/253	Reducer 3: 732(+276)/1009	Reducer 4: 0(+1)/1	
INFO  : Map 1: 126/126	Map 5: 1/1	Map 6: 1/1	Map 7: 1/1	Map 8: 116/116	Reducer 2: 253/253	Reducer 3: 759(+250)/1009	Reducer 4: 0(+1)/1	
INFO  : Map 1: 126/126	Map 5: 1/1	Map 6: 1/1	Map 7: 1/1	Map 8: 116/116	Reducer 2: 253/253	Reducer 3: 785(+224)/1009	Reducer 4: 0(+1)/1	
INFO  : Map 1: 126/126	Map 5: 1/1	Map 6: 1/1	Map 7: 1/1	Map 8: 116/116	Reducer 2: 253/253	Reducer 3: 786(+223)/1009	Reducer 4: 0(+1)/1	
INFO  : Map 1: 126/126	Map 5: 1/1	Map 6: 1/1	Map 7: 1/1	Map 8: 116/116	Reducer 2: 253/253	Reducer 3: 798(+211)/1009	Reducer 4: 0(+1)/1	
INFO  : Map 1: 126/126	Map 5: 1/1	Map 6: 1/1	Map 7: 1/1	Map 8: 116/116	Reducer 2: 253/253	Reducer 3: 808(+201)/1009	Reducer 4: 0(+1)/1	
INFO  : Map 1: 126/126	Map 5: 1/1	Map 6: 1/1	Map 7: 1/1	Map 8: 116/116	Reducer 2: 253/253	Reducer 3: 852(+153)/1009	Reducer 4: 0(+1)/1	
INFO  : Map 1: 126/126	Map 5: 1/1	Map 6: 1/1	Map 7: 1/1	Map 8: 116/116	Reducer 2: 253/253	Reducer 3: 948(+61)/1009	Reducer 4: 0(+1)/1	
INFO  : Map 1: 126/126	Map 5: 1/1	Map 6: 1/1	Map 7: 1/1	Map 8: 116/116	Reducer 2: 253/253	Reducer 3: 967(+42)/1009	Reducer 4: 0(+1)/1	
INFO  : Map 1: 126/126	Map 5: 1/1	Map 6: 1/1	Map 7: 1/1	Map 8: 116/116	Reducer 2: 253/253	Reducer 3: 994(+15)/1009	Reducer 4: 0(+1)/1	
INFO  : Map 1: 126/126	Map 5: 1/1	Map 6: 1/1	Map 7: 1/1	Map 8: 116/116	Reducer 2: 253/253	Reducer 3: 1005(+4)/1009	Reducer 4: 0(+1)/1	
INFO  : Map 1: 126/126	Map 5: 1/1	Map 6: 1/1	Map 7: 1/1	Map 8: 116/116	Reducer 2: 253/253	Reducer 3: 1008(+1)/1009	Reducer 4: 0(+1)/1	
INFO  : Map 1: 126/126	Map 5: 1/1	Map 6: 1/1	Map 7: 1/1	Map 8: 116/116	Reducer 2: 253/253	Reducer 3: 1008(+1)/1009	Reducer 4: 0(+1)/1	
INFO  : Map 1: 126/126	Map 5: 1/1	Map 6: 1/1	Map 7: 1/1	Map 8: 116/116	Reducer 2: 253/253	Reducer 3: 1008(+1)/1009	Reducer 4: 0(+1)/1	
INFO  : Map 1: 126/126	Map 5: 1/1	Map 6: 1/1	Map 7: 1/1	Map 8: 116/116	Reducer 2: 253/253	Reducer 3: 1008(+1)/1009	Reducer 4: 0(+1)/1	
INFO  : Map 1: 126/126	Map 5: 1/1	Map 6: 1/1	Map 7: 1/1	Map 8: 116/116	Reducer 2: 253/253	Reducer 3: 1008(+1)/1009	Reducer 4: 0(+1)/1	
INFO  : Map 1: 126/126	Map 5: 1/1	Map 6: 1/1	Map 7: 1/1	Map 8: 116/116	Reducer 2: 253/253	Reducer 3: 1008(+1)/1009	Reducer 4: 0(+1)/1	
INFO  : Map 1: 126/126	Map 5: 1/1	Map 6: 1/1	Map 7: 1/1	Map 8: 116/116	Reducer 2: 253/253	Reducer 3: 1008(+1)/1009	Reducer 4: 0(+1)/1	
INFO  : Map 1: 126/126	Map 5: 1/1	Map 6: 1/1	Map 7: 1/1	Map 8: 116/116	Reducer 2: 253/253	Reducer 3: 1008(+1)/1009	Reducer 4: 0(+1)/1	
INFO  : Map 1: 126/126	Map 5: 1/1	Map 6: 1/1	Map 7: 1/1	Map 8: 116/116	Reducer 2: 253/253	Reducer 3: 1008(+1)/1009	Reducer 4: 0(+1)/1	
INFO  : Map 1: 126/126	Map 5: 1/1	Map 6: 1/1	Map 7: 1/1	Map 8: 116/116	Reducer 2: 253/253	Reducer 3: 1008(+1)/1009	Reducer 4: 0(+1)/1	
INFO  : Map 1: 126/126	Map 5: 1/1	Map 6: 1/1	Map 7: 1/1	Map 8: 116/116	Reducer 2: 253/253	Reducer 3: 1008(+1)/1009	Reducer 4: 0(+1)/1	
INFO  : Map 1: 126/126	Map 5: 1/1	Map 6: 1/1	Map 7: 1/1	Map 8: 116/116	Reducer 2: 253/253	Reducer 3: 1008(+1)/1009	Reducer 4: 0(+1)/1	
INFO  : Map 1: 126/126	Map 5: 1/1	Map 6: 1/1	Map 7: 1/1	Map 8: 116/116	Reducer 2: 253/253	Reducer 3: 1008(+1)/1009	Reducer 4: 0(+1)/1	
INFO  : Map 1: 126/126	Map 5: 1/1	Map 6: 1/1	Map 7: 1/1	Map 8: 116/116	Reducer 2: 253/253	Reducer 3: 1008(+1)/1009	Reducer 4: 0(+1)/1	
INFO  : Map 1: 126/126	Map 5: 1/1	Map 6: 1/1	Map 7: 1/1	Map 8: 116/116	Reducer 2: 253/253	Reducer 3: 1008(+1)/1009	Reducer 4: 0(+1)/1	
INFO  : Map 1: 126/126	Map 5: 1/1	Map 6: 1/1	Map 7: 1/1	Map 8: 116/116	Reducer 2: 253/253	Reducer 3: 1008(+1)/1009	Reducer 4: 0(+1)/1	
INFO  : Map 1: 126/126	Map 5: 1/1	Map 6: 1/1	Map 7: 1/1	Map 8: 116/116	Reducer 2: 253/253	Reducer 3: 1008(+1)/1009	Reducer 4: 0(+1)/1	
INFO  : Map 1: 126/126	Map 5: 1/1	Map 6: 1/1	Map 7: 1/1	Map 8: 116/116	Reducer 2: 253/253	Reducer 3: 1008(+1)/1009	Reducer 4: 0(+1)/1	
INFO  : Map 1: 126/126	Map 5: 1/1	Map 6: 1/1	Map 7: 1/1	Map 8: 116/116	Reducer 2: 253/253	Reducer 3: 1008(+1)/1009	Reducer 4: 0(+1)/1	
INFO  : Map 1: 126/126	Map 5: 1/1	Map 6: 1/1	Map 7: 1/1	Map 8: 116/116	Reducer 2: 253/253	Reducer 3: 1009/1009	Reducer 4: 0(+1)/1	
INFO  : Map 1: 126/126	Map 5: 1/1	Map 6: 1/1	Map 7: 1/1	Map 8: 116/116	Reducer 2: 253/253	Reducer 3: 1009/1009	Reducer 4: 1/1	
INFO  : Status: DAG finished successfully in 85.30 seconds
INFO  : 
INFO  : Query Execution Summary
INFO  : ----------------------------------------------------------------------------------------------
INFO  : ----------------------------------------------------------------------------------------------
INFO  : Compile Query                           0.60s
INFO  : Prepare Plan                            0.30s
INFO  : Submit Plan                             4.80s
INFO  : Start DAG                               0.42s
INFO  : Run DAG                                85.30s
INFO  : ----------------------------------------------------------------------------------------------
INFO  : 
INFO  : Task Execution Summary
INFO  : --------------------------------------------------------------------------------------------------------------------------------
INFO  : --------------------------------------------------------------------------------------------------------------------------------
INFO  :      Map 1          126                0             0       19373.00             0            0  1,052,951,612         600,797
INFO  :      Map 5            1                0             0         202.00             0            0         10,000              72
INFO  :      Map 6            1                0             0         202.00             0            0          1,500              80
INFO  :      Map 7            1                0             0         404.00             0            0          7,200           1,040
INFO  :      Map 8          116                0             0       12892.00             0            0     65,000,000      65,000,000
INFO  :  Reducer 2          253                0             0       19973.00             0            0        600,797           1,952
INFO  :  Reducer 3         1009                0            35       63868.00             0            0     65,001,952           1,952
INFO  :  Reducer 4            1                0             0       59455.00             0            0          1,952               0
INFO  : --------------------------------------------------------------------------------------------------------------------------------
INFO  : 
INFO  : LLAP IO Summary
INFO  : ----------------------------------------------------------------------------------------------
INFO  : ----------------------------------------------------------------------------------------------
INFO  :      Map 1    105637      1456          0    5.48GB         0B          0B       0B   280.61s
INFO  :      Map 5         1         2          0    6.18KB         0B          0B       0B     0.01s
INFO  :      Map 6         1         2          0    2.34KB         0B          0B       0B     0.01s
INFO  :      Map 7         1         2          0      453B         0B          0B       0B     0.01s
INFO  :      Map 8      6667       579        533  288.70MB    62.96MB    874.51MB  75.54MB    47.44s
INFO  : ----------------------------------------------------------------------------------------------
INFO  : 
INFO  : FileSystem Counters Summary
INFO  : 
INFO  : ----------------------------------------------------------------------------------------------
INFO  : ----------------------------------------------------------------------------------------------
INFO  :      Map 1          6.10MB             0                  0            14.16MB             0
INFO  :      Map 5              0B             0                  0               351B             0
INFO  :      Map 6              0B             0                  0               376B             0
INFO  :      Map 7              0B             0                  0             4.52KB             0
INFO  :      Map 8              0B             0                  0             1.29GB             0
INFO  :  Reducer 2              0B             0                  0             6.20MB             0
INFO  :  Reducer 3          1.70GB             0                  0           113.85KB             0
INFO  :  Reducer 4              0B             0                  0                 0B             0
INFO  : ----------------------------------------------------------------------------------------------
INFO  : 
INFO  : ----------------------------------------------------------------------------------------------
INFO  : ----------------------------------------------------------------------------------------------
INFO  :      Map 1              0B             0                  0                 0B             0
INFO  :      Map 5              0B             0                  0                 0B             0
INFO  :      Map 6              0B             0                  0                 0B             0
INFO  :      Map 7              0B             0                  0                 0B             0
INFO  :      Map 8         63.43MB          1089                  0                 0B             0
INFO  :  Reducer 2              0B             0                  0                 0B             0
INFO  :  Reducer 3              0B             0                  0                 0B             0
INFO  :  Reducer 4              0B             2                  0            86.94KB             2
INFO  : ----------------------------------------------------------------------------------------------
INFO  : 
INFO  : org.apache.tez.common.counters.DAGCounter:
INFO  :    NUM_KILLED_TASKS: 35
INFO  :    NUM_SUCCEEDED_TASKS: 1508
INFO  :    TOTAL_LAUNCHED_TASKS: 1543
INFO  :    DATA_LOCAL_TASKS: 245
INFO  :    AM_CPU_MILLISECONDS: 45520
INFO  :    AM_GC_TIME_MILLIS: 358
INFO  : File System Counters:
INFO  :    FILE_BYTES_READ: 1702517420
INFO  :    FILE_BYTES_WRITTEN: 1314119785
INFO  :    FILE_READ_OPS: 0
INFO  :    FILE_LARGE_READ_OPS: 0
INFO  :    FILE_WRITE_OPS: 0
INFO  :    HDFS_BYTES_READ: 63428893
INFO  :    HDFS_BYTES_WRITTEN: 86940
INFO  :    HDFS_READ_OPS: 1091
INFO  :    HDFS_LARGE_READ_OPS: 0
INFO  :    HDFS_WRITE_OPS: 2
INFO  : org.apache.tez.common.counters.TaskCounter:
INFO  :    REDUCE_INPUT_GROUPS: 600588
INFO  :    REDUCE_INPUT_RECORDS: 602749
INFO  :    COMBINE_INPUT_RECORDS: 0
INFO  :    SPILLED_RECORDS: 1205498
INFO  :    NUM_SHUFFLED_INPUTS: 244298
INFO  :    NUM_SKIPPED_INPUTS: 2859
INFO  :    NUM_FAILED_SHUFFLE_INPUTS: 1
INFO  :    MERGED_MAP_OUTPUTS: 125284
INFO  :    INPUT_RECORDS_PROCESSED: 66130680
INFO  :    INPUT_SPLIT_LENGTH_BYTES: 62269125910
INFO  :    OUTPUT_RECORDS: 65605893
INFO  :    OUTPUT_LARGE_RECORDS: 0
INFO  :    OUTPUT_BYTES: 1674652426
INFO  :    OUTPUT_BYTES_WITH_OVERHEAD: 2554995328
INFO  :    OUTPUT_BYTES_PHYSICAL: 1311032297
INFO  :    ADDITIONAL_SPILLS_BYTES_WRITTEN: 5971540
INFO  :    ADDITIONAL_SPILLS_BYTES_READ: 7217291
INFO  :    ADDITIONAL_SPILL_COUNT: 0
INFO  :    SHUFFLE_CHUNK_COUNT: 1135
INFO  :    SHUFFLE_BYTES: 1302080541
INFO  :    SHUFFLE_BYTES_DECOMPRESSED: 1807387375
INFO  :    SHUFFLE_BYTES_TO_MEM: 1157279766
INFO  :    SHUFFLE_BYTES_TO_DISK: 0
INFO  :    SHUFFLE_BYTES_DISK_DIRECT: 144800775
INFO  :    NUM_MEM_TO_DISK_MERGES: 0
INFO  :    NUM_DISK_TO_DISK_MERGES: 0
INFO  :    SHUFFLE_PHASE_TIME: 7930668
INFO  :    MERGE_PHASE_TIME: 4235185
INFO  :    FIRST_EVENT_RECEIVED: 61458
INFO  :    LAST_EVENT_RECEIVED: 5313080
INFO  : HIVE:
INFO  :    CREATED_FILES: 1
INFO  :    DESERIALIZE_ERRORS: 0
INFO  :    RECORDS_IN_Map_1: 1052950420
INFO  :    RECORDS_IN_Map_5: 10000
INFO  :    RECORDS_IN_Map_6: 1500
INFO  :    RECORDS_IN_Map_7: 7200
INFO  :    RECORDS_IN_Map_8: 65000000
INFO  :    RECORDS_OUT_0: 1952
INFO  :    RECORDS_OUT_INTERMEDIATE_Map_1: 600797
INFO  :    RECORDS_OUT_INTERMEDIATE_Map_5: 72
INFO  :    RECORDS_OUT_INTERMEDIATE_Map_6: 80
INFO  :    RECORDS_OUT_INTERMEDIATE_Map_7: 1040
INFO  :    RECORDS_OUT_INTERMEDIATE_Map_8: 65000000
INFO  :    RECORDS_OUT_INTERMEDIATE_Reducer_2: 1952
INFO  :    RECORDS_OUT_INTERMEDIATE_Reducer_3: 1952
INFO  : Shuffle Errors:
INFO  :    BAD_ID: 0
INFO  :    CONNECTION: 0
INFO  :    IO_ERROR: 0
INFO  :    WRONG_LENGTH: 0
INFO  :    WRONG_MAP: 0
INFO  :    WRONG_REDUCE: 0
INFO  : Shuffle Errors_Reducer_2_INPUT_Map_1:
INFO  :    BAD_ID: 0
INFO  :    CONNECTION: 0
INFO  :    IO_ERROR: 0
INFO  :    WRONG_LENGTH: 0
INFO  :    WRONG_MAP: 0
INFO  :    WRONG_REDUCE: 0
INFO  : Shuffle Errors_Reducer_4_INPUT_Reducer_3:
INFO  :    BAD_ID: 0
INFO  :    CONNECTION: 0
INFO  :    IO_ERROR: 0
INFO  :    WRONG_LENGTH: 0
INFO  :    WRONG_MAP: 0
INFO  :    WRONG_REDUCE: 0
INFO  : TaskCounter_Map_1_INPUT_Map_5:
INFO  :    FIRST_EVENT_RECEIVED: 230
INFO  :    INPUT_RECORDS_PROCESSED: 648
INFO  :    LAST_EVENT_RECEIVED: 230
INFO  :    NUM_FAILED_SHUFFLE_INPUTS: 0
INFO  :    NUM_SHUFFLED_INPUTS: 9
INFO  :    SHUFFLE_BYTES: 2871
INFO  :    SHUFFLE_BYTES_DECOMPRESSED: 4590
INFO  :    SHUFFLE_BYTES_DISK_DIRECT: 319
INFO  :    SHUFFLE_BYTES_TO_DISK: 0
INFO  :    SHUFFLE_BYTES_TO_MEM: 2552
INFO  :    SHUFFLE_PHASE_TIME: 7732
INFO  : TaskCounter_Map_1_INPUT_Map_6:
INFO  :    FIRST_EVENT_RECEIVED: 10
INFO  :    INPUT_RECORDS_PROCESSED: 720
INFO  :    LAST_EVENT_RECEIVED: 10
INFO  :    NUM_FAILED_SHUFFLE_INPUTS: 0
INFO  :    NUM_SHUFFLED_INPUTS: 9
INFO  :    SHUFFLE_BYTES: 3096
INFO  :    SHUFFLE_BYTES_DECOMPRESSED: 5094
INFO  :    SHUFFLE_BYTES_DISK_DIRECT: 344
INFO  :    SHUFFLE_BYTES_TO_DISK: 0
INFO  :    SHUFFLE_BYTES_TO_MEM: 2752
INFO  :    SHUFFLE_PHASE_TIME: 1742
INFO  : TaskCounter_Map_1_INPUT_Map_7:
INFO  :    FIRST_EVENT_RECEIVED: 11
INFO  :    INPUT_RECORDS_PROCESSED: 9360
INFO  :    LAST_EVENT_RECEIVED: 11
INFO  :    NUM_FAILED_SHUFFLE_INPUTS: 0
INFO  :    NUM_SHUFFLED_INPUTS: 9
INFO  :    SHUFFLE_BYTES: 40383
INFO  :    SHUFFLE_BYTES_DECOMPRESSED: 65574
INFO  :    SHUFFLE_BYTES_DISK_DIRECT: 4487
INFO  :    SHUFFLE_BYTES_TO_DISK: 0
INFO  :    SHUFFLE_BYTES_TO_MEM: 35896
INFO  :    SHUFFLE_PHASE_TIME: 16666
INFO  : TaskCounter_Map_1_INPUT_store_sales:
INFO  :    INPUT_RECORDS_PROCESSED: 1052979
INFO  :    INPUT_SPLIT_LENGTH_BYTES: 58739289020
INFO  : TaskCounter_Map_1_OUTPUT_Reducer_2:
INFO  :    ADDITIONAL_SPILLS_BYTES_READ: 0
INFO  :    ADDITIONAL_SPILLS_BYTES_WRITTEN: 0
INFO  :    ADDITIONAL_SPILL_COUNT: 0
INFO  :    OUTPUT_BYTES: 7809765
INFO  :    OUTPUT_BYTES_PHYSICAL: 11105947
INFO  :    OUTPUT_BYTES_WITH_OVERHEAD: 9774163
INFO  :    OUTPUT_RECORDS: 600797
INFO  :    SHUFFLE_CHUNK_COUNT: 126
INFO  :    SPILLED_RECORDS: 600797
INFO  : TaskCounter_Map_5_INPUT_date_dim:
INFO  :    INPUT_RECORDS_PROCESSED: 10
INFO  :    INPUT_SPLIT_LENGTH_BYTES: 759177
INFO  : TaskCounter_Map_5_OUTPUT_Map_1:
INFO  :    ADDITIONAL_SPILLS_BYTES_READ: 0
INFO  :    ADDITIONAL_SPILLS_BYTES_WRITTEN: 0
INFO  :    ADDITIONAL_SPILL_COUNT: 0
INFO  :    OUTPUT_BYTES: 360
INFO  :    OUTPUT_BYTES_PHYSICAL: 343
INFO  :    OUTPUT_BYTES_WITH_OVERHEAD: 510
INFO  :    OUTPUT_LARGE_RECORDS: 0
INFO  :    OUTPUT_RECORDS: 72
INFO  :    SPILLED_RECORDS: 0
INFO  : TaskCounter_Map_6_INPUT_store:
INFO  :    INPUT_RECORDS_PROCESSED: 2
INFO  :    INPUT_SPLIT_LENGTH_BYTES: 127422
INFO  : TaskCounter_Map_6_OUTPUT_Map_1:
INFO  :    ADDITIONAL_SPILLS_BYTES_READ: 0
INFO  :    ADDITIONAL_SPILLS_BYTES_WRITTEN: 0
INFO  :    ADDITIONAL_SPILL_COUNT: 0
INFO  :    OUTPUT_BYTES: 400
INFO  :    OUTPUT_BYTES_PHYSICAL: 368
INFO  :    OUTPUT_BYTES_WITH_OVERHEAD: 566
INFO  :    OUTPUT_LARGE_RECORDS: 0
INFO  :    OUTPUT_RECORDS: 80
INFO  :    SPILLED_RECORDS: 0
INFO  : TaskCounter_Map_7_INPUT_household_demographics:
INFO  :    INPUT_RECORDS_PROCESSED: 8
INFO  :    INPUT_SPLIT_LENGTH_BYTES: 1147
INFO  : TaskCounter_Map_7_OUTPUT_Map_1:
INFO  :    ADDITIONAL_SPILLS_BYTES_READ: 0
INFO  :    ADDITIONAL_SPILLS_BYTES_WRITTEN: 0
INFO  :    ADDITIONAL_SPILL_COUNT: 0
INFO  :    OUTPUT_BYTES: 5200
INFO  :    OUTPUT_BYTES_PHYSICAL: 4511
INFO  :    OUTPUT_BYTES_WITH_OVERHEAD: 7286
INFO  :    OUTPUT_LARGE_RECORDS: 0
INFO  :    OUTPUT_RECORDS: 1040
INFO  :    SPILLED_RECORDS: 0
INFO  : TaskCounter_Map_8_INPUT_customer:
INFO  :    INPUT_RECORDS_PROCESSED: 65001
INFO  :    INPUT_SPLIT_LENGTH_BYTES: 3528949144
INFO  : TaskCounter_Map_8_OUTPUT_Reducer_3:
INFO  :    ADDITIONAL_SPILLS_BYTES_READ: 0
INFO  :    ADDITIONAL_SPILLS_BYTES_WRITTEN: 0
INFO  :    ADDITIONAL_SPILL_COUNT: 0
INFO  :    OUTPUT_BYTES: 1666741876
INFO  :    OUTPUT_BYTES_PHYSICAL: 1293644800
INFO  :    OUTPUT_BYTES_WITH_OVERHEAD: 2545088930
INFO  :    OUTPUT_LARGE_RECORDS: 0
INFO  :    OUTPUT_RECORDS: 65000000
INFO  :    SPILLED_RECORDS: 0
INFO  : TaskCounter_Reducer_2_INPUT_Map_1:
INFO  :    ADDITIONAL_SPILLS_BYTES_READ: 7175728
INFO  :    ADDITIONAL_SPILLS_BYTES_WRITTEN: 5938566
INFO  :    COMBINE_INPUT_RECORDS: 0
INFO  :    FIRST_EVENT_RECEIVED: 6341
INFO  :    LAST_EVENT_RECEIVED: 3756183
INFO  :    MERGED_MAP_OUTPUTS: 124440
INFO  :    MERGE_PHASE_TIME: 4175908
INFO  :    NUM_DISK_TO_DISK_MERGES: 0
INFO  :    NUM_FAILED_SHUFFLE_INPUTS: 0
INFO  :    NUM_MEM_TO_DISK_MERGES: 0
INFO  :    NUM_SHUFFLED_INPUTS: 124440
INFO  :    NUM_SKIPPED_INPUTS: 2694
INFO  :    REDUCE_INPUT_GROUPS: 600584
INFO  :    REDUCE_INPUT_RECORDS: 600797
INFO  :    SHUFFLE_BYTES: 11052067
INFO  :    SHUFFLE_BYTES_DECOMPRESSED: 9757999
INFO  :    SHUFFLE_BYTES_DISK_DIRECT: 1237162
INFO  :    SHUFFLE_BYTES_TO_DISK: 0
INFO  :    SHUFFLE_BYTES_TO_MEM: 9814905
INFO  :    SHUFFLE_PHASE_TIME: 4162958
INFO  :    SPILLED_RECORDS: 600797
INFO  : TaskCounter_Reducer_2_OUTPUT_Reducer_3:
INFO  :    ADDITIONAL_SPILLS_BYTES_READ: 0
INFO  :    ADDITIONAL_SPILLS_BYTES_WRITTEN: 0
INFO  :    ADDITIONAL_SPILL_COUNT: 0
INFO  :    OUTPUT_BYTES: 25358
INFO  :    OUTPUT_BYTES_PHYSICAL: 6194769
INFO  :    OUTPUT_BYTES_WITH_OVERHEAD: 53825
INFO  :    OUTPUT_LARGE_RECORDS: 0
INFO  :    OUTPUT_RECORDS: 1952
INFO  :    SPILLED_RECORDS: 0
INFO  : TaskCounter_Reducer_3_INPUT_Map_8:
INFO  :    FIRST_EVENT_RECEIVED: 19622
INFO  :    INPUT_RECORDS_PROCESSED: 65000000
INFO  :    LAST_EVENT_RECEIVED: 153865
INFO  :    NUM_FAILED_SHUFFLE_INPUTS: 1
INFO  :    NUM_SHUFFLED_INPUTS: 117044
INFO  :    SHUFFLE_BYTES: 1290835744
INFO  :    SHUFFLE_BYTES_DECOMPRESSED: 1797444140
INFO  :    SHUFFLE_BYTES_DISK_DIRECT: 143542439
INFO  :    SHUFFLE_BYTES_TO_DISK: 0
INFO  :    SHUFFLE_BYTES_TO_MEM: 1147293305
INFO  :    SHUFFLE_PHASE_TIME: 2098426
INFO  : TaskCounter_Reducer_3_INPUT_Reducer_2:
INFO  :    FIRST_EVENT_RECEIVED: 35243
INFO  :    INPUT_RECORDS_PROCESSED: 1952
INFO  :    LAST_EVENT_RECEIVED: 1343518
INFO  :    NUM_FAILED_SHUFFLE_INPUTS: 0
INFO  :    NUM_SHUFFLED_INPUTS: 1943
INFO  :    SHUFFLE_BYTES: 68121
INFO  :    SHUFFLE_BYTES_DECOMPRESSED: 40920
INFO  :    SHUFFLE_BYTES_DISK_DIRECT: 7435
INFO  :    SHUFFLE_BYTES_TO_DISK: 0
INFO  :    SHUFFLE_BYTES_TO_MEM: 60686
INFO  :    SHUFFLE_PHASE_TIME: 1583881
INFO  : TaskCounter_Reducer_3_OUTPUT_Reducer_4:
INFO  :    ADDITIONAL_SPILLS_BYTES_READ: 0
INFO  :    ADDITIONAL_SPILLS_BYTES_WRITTEN: 0
INFO  :    ADDITIONAL_SPILL_COUNT: 0
INFO  :    OUTPUT_BYTES: 69467
INFO  :    OUTPUT_BYTES_PHYSICAL: 81559
INFO  :    OUTPUT_BYTES_WITH_OVERHEAD: 70048
INFO  :    OUTPUT_RECORDS: 1952
INFO  :    SHUFFLE_CHUNK_COUNT: 1009
INFO  :    SPILLED_RECORDS: 1952
INFO  : TaskCounter_Reducer_4_INPUT_Reducer_3:
INFO  :    ADDITIONAL_SPILLS_BYTES_READ: 41563
INFO  :    ADDITIONAL_SPILLS_BYTES_WRITTEN: 32974
INFO  :    COMBINE_INPUT_RECORDS: 0
INFO  :    FIRST_EVENT_RECEIVED: 1
INFO  :    LAST_EVENT_RECEIVED: 59263
INFO  :    MERGED_MAP_OUTPUTS: 844
INFO  :    MERGE_PHASE_TIME: 59277
INFO  :    NUM_DISK_TO_DISK_MERGES: 0
INFO  :    NUM_FAILED_SHUFFLE_INPUTS: 0
INFO  :    NUM_MEM_TO_DISK_MERGES: 0
INFO  :    NUM_SHUFFLED_INPUTS: 844
INFO  :    NUM_SKIPPED_INPUTS: 165
INFO  :    REDUCE_INPUT_GROUPS: 4
INFO  :    REDUCE_INPUT_RECORDS: 1952
INFO  :    SHUFFLE_BYTES: 78259
INFO  :    SHUFFLE_BYTES_DECOMPRESSED: 69058
INFO  :    SHUFFLE_BYTES_DISK_DIRECT: 8589
INFO  :    SHUFFLE_BYTES_TO_DISK: 0
INFO  :    SHUFFLE_BYTES_TO_MEM: 69670
INFO  :    SHUFFLE_PHASE_TIME: 59263
INFO  :    SPILLED_RECORDS: 1952
INFO  : TaskCounter_Reducer_4_OUTPUT_out_Reducer_4:
INFO  :    OUTPUT_RECORDS: 0
INFO  : org.apache.hadoop.hive.llap.counters.LlapIOCounters:
INFO  :    ALLOCATED_BYTES: 874512384
INFO  :    ALLOCATED_USED_BYTES: 75537677
INFO  :    CACHE_HIT_BYTES: 5770448694
INFO  :    CACHE_MISS_BYTES: 62958209
INFO  :    CONSUMER_TIME_NS: 294671931953
INFO  :    DECODE_TIME_NS: 287354172851
INFO  :    HDFS_TIME_NS: 36331491607
INFO  :    METADATA_CACHE_HIT: 2041
INFO  :    METADATA_CACHE_MISS: 533
INFO  :    NUM_DECODED_BATCHES: 112307
INFO  :    NUM_VECTOR_BATCHES: 1118001
INFO  :    ROWS_EMITTED: 1117969120
INFO  :    SELECTED_ROWGROUPS: 112307
INFO  :    TOTAL_IO_TIME_NS: 328094013611
INFO  : Completed executing command(queryId=hive_20161019140318_862d18ff-53a4-4503-b622-aca07588d0a7); Time taken: 90.91 seconds
INFO  : OK
1,952 rows selected (91.631 seconds)
Closing: 0: jdbc:hive2://h01hn02:10500/tpcds_bin_partitioned_orc_10000
