Connecting to jdbc:hive2://h01hn02:10500/tpcds_bin_partitioned_orc_10000
Connected to: Apache Hive (version 2.1.0.2.5.1.0-43)
Driver: Hive JDBC (version 1.2.1000.2.5.1.0-43)
Transaction isolation: TRANSACTION_REPEATABLE_READ
Running init script bry.sql
No rows affected (0.036 seconds)
INFO  : Compiling command(queryId=hive_20161020163055_d27cc368-f997-4e15-9096-a0c23d8b6da5): select
   w_state
  ,i_item_id
  ,sum(case when (cast(d_date as date) < cast ('1998-04-08' as date)) 
 		then cs_sales_price - coalesce(cr_refunded_cash,0) else 0 end) as sales_before
  ,sum(case when (cast(d_date as date) >= cast ('1998-04-08' as date)) 
 		then cs_sales_price - coalesce(cr_refunded_cash,0) else 0 end) as sales_after
 from
   catalog_sales left outer join catalog_returns on
       (catalog_sales.cs_order_number = catalog_returns.cr_order_number 
        and catalog_sales.cs_item_sk = catalog_returns.cr_item_sk)
  ,warehouse 
  ,item
  ,date_dim
 where
     i_current_price between 0.99 and 1.49
 and item.i_item_sk          = catalog_sales.cs_item_sk
 and catalog_sales.cs_warehouse_sk    = warehouse.w_warehouse_sk 
 and catalog_sales.cs_sold_date_sk    = date_dim.d_date_sk
 and date_dim.d_date between '1998-03-09' and '1998-05-08'
 group by
    w_state,i_item_id
 order by w_state,i_item_id
limit 100
INFO  : Semantic Analysis Completed
INFO  : Returning Hive schema: Schema(fieldSchemas:[FieldSchema(name:w_state, type:string, comment:null), FieldSchema(name:i_item_id, type:string, comment:null), FieldSchema(name:sales_before, type:double, comment:null), FieldSchema(name:sales_after, type:double, comment:null)], properties:null)
INFO  : Completed compiling command(queryId=hive_20161020163055_d27cc368-f997-4e15-9096-a0c23d8b6da5); Time taken: 1.109 seconds
INFO  : Concurrency mode is disabled, not creating a lock manager
INFO  : Executing command(queryId=hive_20161020163055_d27cc368-f997-4e15-9096-a0c23d8b6da5): select
   w_state
  ,i_item_id
  ,sum(case when (cast(d_date as date) < cast ('1998-04-08' as date)) 
 		then cs_sales_price - coalesce(cr_refunded_cash,0) else 0 end) as sales_before
  ,sum(case when (cast(d_date as date) >= cast ('1998-04-08' as date)) 
 		then cs_sales_price - coalesce(cr_refunded_cash,0) else 0 end) as sales_after
 from
   catalog_sales left outer join catalog_returns on
       (catalog_sales.cs_order_number = catalog_returns.cr_order_number 
        and catalog_sales.cs_item_sk = catalog_returns.cr_item_sk)
  ,warehouse 
  ,item
  ,date_dim
 where
     i_current_price between 0.99 and 1.49
 and item.i_item_sk          = catalog_sales.cs_item_sk
 and catalog_sales.cs_warehouse_sk    = warehouse.w_warehouse_sk 
 and catalog_sales.cs_sold_date_sk    = date_dim.d_date_sk
 and date_dim.d_date between '1998-03-09' and '1998-05-08'
 group by
    w_state,i_item_id
 order by w_state,i_item_id
limit 100
INFO  : Query ID = hive_20161020163055_d27cc368-f997-4e15-9096-a0c23d8b6da5
INFO  : Total jobs = 1
INFO  : Launching Job 1 out of 1
INFO  : Starting task [Stage-1:MAPRED] in serial mode
INFO  : Session is already open
INFO  : Dag name: select
   w_state
  ,i_item_id
  ,sum(...100(Stage-1)
INFO  : Setting tez.task.scale.memory.reserve-fraction to 0.30000001192092896
INFO  : 

INFO  : Status: Running (Executing on YARN cluster with App id application_1476988466894_0256)

INFO  : Map 1: -/-	Map 5: -/-	Map 6: 1/1	Map 7: 5(+2)/7	Map 8: 1/1	Reducer 2: 0/1009	Reducer 3: 0/1009	Reducer 4: 0/1	
INFO  : Map 1: -/-	Map 5: -/-	Map 6: 1/1	Map 7: 7/7	Map 8: 1/1	Reducer 2: 0/1009	Reducer 3: 0/1009	Reducer 4: 0/1	
INFO  : Map 1: 0/122	Map 5: 0/303	Map 6: 1/1	Map 7: 7/7	Map 8: 1/1	Reducer 2: 0/1009	Reducer 3: 0/1009	Reducer 4: 0/1	
INFO  : Map 1: 0(+122)/122	Map 5: 0(+303)/303	Map 6: 1/1	Map 7: 7/7	Map 8: 1/1	Reducer 2: 0/1009	Reducer 3: 0/1009	Reducer 4: 0/1	
INFO  : Map 1: 2(+120)/122	Map 5: 0(+303)/303	Map 6: 1/1	Map 7: 7/7	Map 8: 1/1	Reducer 2: 0/1009	Reducer 3: 0/1009	Reducer 4: 0/1	
INFO  : Map 1: 5(+117)/122	Map 5: 0(+303)/303	Map 6: 1/1	Map 7: 7/7	Map 8: 1/1	Reducer 2: 0/1009	Reducer 3: 0/1009	Reducer 4: 0/1	
INFO  : Map 1: 10(+112)/122	Map 5: 0(+303)/303	Map 6: 1/1	Map 7: 7/7	Map 8: 1/1	Reducer 2: 0/1009	Reducer 3: 0/1009	Reducer 4: 0/1	
INFO  : Map 1: 15(+107)/122	Map 5: 0(+303)/303	Map 6: 1/1	Map 7: 7/7	Map 8: 1/1	Reducer 2: 0/1009	Reducer 3: 0/1009	Reducer 4: 0/1	
INFO  : Map 1: 32(+90)/122	Map 5: 0(+303)/303	Map 6: 1/1	Map 7: 7/7	Map 8: 1/1	Reducer 2: 0/1009	Reducer 3: 0/1009	Reducer 4: 0/1	
INFO  : Map 1: 44(+78)/122	Map 5: 0(+303)/303	Map 6: 1/1	Map 7: 7/7	Map 8: 1/1	Reducer 2: 0/1009	Reducer 3: 0/1009	Reducer 4: 0/1	
INFO  : Map 1: 55(+67)/122	Map 5: 0(+303)/303	Map 6: 1/1	Map 7: 7/7	Map 8: 1/1	Reducer 2: 0/1009	Reducer 3: 0/1009	Reducer 4: 0/1	
INFO  : Map 1: 60(+62)/122	Map 5: 0(+303)/303	Map 6: 1/1	Map 7: 7/7	Map 8: 1/1	Reducer 2: 0/1009	Reducer 3: 0/1009	Reducer 4: 0/1	
INFO  : Map 1: 61(+61)/122	Map 5: 0(+303)/303	Map 6: 1/1	Map 7: 7/7	Map 8: 1/1	Reducer 2: 0/1009	Reducer 3: 0/1009	Reducer 4: 0/1	
INFO  : Map 1: 61(+61)/122	Map 5: 1(+302)/303	Map 6: 1/1	Map 7: 7/7	Map 8: 1/1	Reducer 2: 0/1009	Reducer 3: 0/1009	Reducer 4: 0/1	
INFO  : Map 1: 63(+59)/122	Map 5: 1(+302)/303	Map 6: 1/1	Map 7: 7/7	Map 8: 1/1	Reducer 2: 0/1009	Reducer 3: 0/1009	Reducer 4: 0/1	
INFO  : Map 1: 70(+52)/122	Map 5: 1(+302)/303	Map 6: 1/1	Map 7: 7/7	Map 8: 1/1	Reducer 2: 0/1009	Reducer 3: 0/1009	Reducer 4: 0/1	
INFO  : Map 1: 75(+47)/122	Map 5: 3(+300)/303	Map 6: 1/1	Map 7: 7/7	Map 8: 1/1	Reducer 2: 0/1009	Reducer 3: 0/1009	Reducer 4: 0/1	
INFO  : Map 1: 84(+38)/122	Map 5: 4(+299)/303	Map 6: 1/1	Map 7: 7/7	Map 8: 1/1	Reducer 2: 0/1009	Reducer 3: 0/1009	Reducer 4: 0/1	
INFO  : Map 1: 93(+29)/122	Map 5: 4(+299)/303	Map 6: 1/1	Map 7: 7/7	Map 8: 1/1	Reducer 2: 0/1009	Reducer 3: 0/1009	Reducer 4: 0/1	
INFO  : Map 1: 100(+22)/122	Map 5: 5(+298)/303	Map 6: 1/1	Map 7: 7/7	Map 8: 1/1	Reducer 2: 0/1009	Reducer 3: 0/1009	Reducer 4: 0/1	
INFO  : Map 1: 103(+19)/122	Map 5: 6(+297)/303	Map 6: 1/1	Map 7: 7/7	Map 8: 1/1	Reducer 2: 0/1009	Reducer 3: 0/1009	Reducer 4: 0/1	
INFO  : Map 1: 112(+10)/122	Map 5: 9(+294)/303	Map 6: 1/1	Map 7: 7/7	Map 8: 1/1	Reducer 2: 0/1009	Reducer 3: 0/1009	Reducer 4: 0/1	
INFO  : Map 1: 112(+10)/122	Map 5: 14(+289)/303	Map 6: 1/1	Map 7: 7/7	Map 8: 1/1	Reducer 2: 0/1009	Reducer 3: 0/1009	Reducer 4: 0/1	
INFO  : Map 1: 113(+9)/122	Map 5: 18(+285)/303	Map 6: 1/1	Map 7: 7/7	Map 8: 1/1	Reducer 2: 0/1009	Reducer 3: 0/1009	Reducer 4: 0/1	
INFO  : Map 1: 115(+7)/122	Map 5: 27(+276)/303	Map 6: 1/1	Map 7: 7/7	Map 8: 1/1	Reducer 2: 0/1009	Reducer 3: 0/1009	Reducer 4: 0/1	
INFO  : Map 1: 115(+7)/122	Map 5: 41(+262)/303	Map 6: 1/1	Map 7: 7/7	Map 8: 1/1	Reducer 2: 0/1009	Reducer 3: 0/1009	Reducer 4: 0/1	
INFO  : Map 1: 119(+3)/122	Map 5: 49(+254)/303	Map 6: 1/1	Map 7: 7/7	Map 8: 1/1	Reducer 2: 0/1009	Reducer 3: 0/1009	Reducer 4: 0/1	
INFO  : Map 1: 119(+3)/122	Map 5: 59(+244)/303	Map 6: 1/1	Map 7: 7/7	Map 8: 1/1	Reducer 2: 0/1009	Reducer 3: 0/1009	Reducer 4: 0/1	
INFO  : Map 1: 119(+3)/122	Map 5: 67(+236)/303	Map 6: 1/1	Map 7: 7/7	Map 8: 1/1	Reducer 2: 0(+107)/1009	Reducer 3: 0/1009	Reducer 4: 0/1	
INFO  : Map 1: 119(+3)/122	Map 5: 77(+226)/303	Map 6: 1/1	Map 7: 7/7	Map 8: 1/1	Reducer 2: 0(+245)/1009	Reducer 3: 0/1009	Reducer 4: 0/1	
INFO  : Map 1: 119(+3)/122	Map 5: 83(+220)/303	Map 6: 1/1	Map 7: 7/7	Map 8: 1/1	Reducer 2: 0(+373)/1009	Reducer 3: 0/1009	Reducer 4: 0/1	
INFO  : Map 1: 119(+3)/122	Map 5: 95(+208)/303	Map 6: 1/1	Map 7: 7/7	Map 8: 1/1	Reducer 2: 0(+440)/1009	Reducer 3: 0/1009	Reducer 4: 0/1	
INFO  : Map 1: 119(+3)/122	Map 5: 109(+194)/303	Map 6: 1/1	Map 7: 7/7	Map 8: 1/1	Reducer 2: 0(+573)/1009	Reducer 3: 0/1009	Reducer 4: 0/1	
INFO  : Map 1: 119(+3)/122	Map 5: 128(+175)/303	Map 6: 1/1	Map 7: 7/7	Map 8: 1/1	Reducer 2: 0(+806)/1009	Reducer 3: 0/1009	Reducer 4: 0/1	
INFO  : Map 1: 120(+2)/122	Map 5: 136(+167)/303	Map 6: 1/1	Map 7: 7/7	Map 8: 1/1	Reducer 2: 0(+806)/1009	Reducer 3: 0/1009	Reducer 4: 0/1	
INFO  : Map 1: 121(+1)/122	Map 5: 154(+149)/303	Map 6: 1/1	Map 7: 7/7	Map 8: 1/1	Reducer 2: 0(+944)/1009	Reducer 3: 0/1009	Reducer 4: 0/1	
INFO  : Map 1: 121(+1)/122	Map 5: 169(+134)/303	Map 6: 1/1	Map 7: 7/7	Map 8: 1/1	Reducer 2: 0(+990)/1009	Reducer 3: 0/1009	Reducer 4: 0/1	
INFO  : Map 1: 121(+1)/122	Map 5: 179(+124)/303	Map 6: 1/1	Map 7: 7/7	Map 8: 1/1	Reducer 2: 0(+1009)/1009	Reducer 3: 0/1009	Reducer 4: 0/1	
INFO  : Map 1: 121(+1)/122	Map 5: 195(+108)/303	Map 6: 1/1	Map 7: 7/7	Map 8: 1/1	Reducer 2: 0(+1009)/1009	Reducer 3: 0/1009	Reducer 4: 0/1	
INFO  : Map 1: 122/122	Map 5: 203(+100)/303	Map 6: 1/1	Map 7: 7/7	Map 8: 1/1	Reducer 2: 0(+1009)/1009	Reducer 3: 0/1009	Reducer 4: 0/1	
INFO  : Map 1: 122/122	Map 5: 214(+89)/303	Map 6: 1/1	Map 7: 7/7	Map 8: 1/1	Reducer 2: 0(+1009)/1009	Reducer 3: 0/1009	Reducer 4: 0/1	
INFO  : Map 1: 122/122	Map 5: 226(+77)/303	Map 6: 1/1	Map 7: 7/7	Map 8: 1/1	Reducer 2: 0(+1009)/1009	Reducer 3: 0/1009	Reducer 4: 0/1	
INFO  : Map 1: 122/122	Map 5: 237(+66)/303	Map 6: 1/1	Map 7: 7/7	Map 8: 1/1	Reducer 2: 0(+1009)/1009	Reducer 3: 0/1009	Reducer 4: 0/1	
INFO  : Map 1: 122/122	Map 5: 243(+60)/303	Map 6: 1/1	Map 7: 7/7	Map 8: 1/1	Reducer 2: 0(+1009)/1009	Reducer 3: 0/1009	Reducer 4: 0/1	
INFO  : Map 1: 122/122	Map 5: 250(+53)/303	Map 6: 1/1	Map 7: 7/7	Map 8: 1/1	Reducer 2: 0(+1009)/1009	Reducer 3: 0/1009	Reducer 4: 0/1	
INFO  : Map 1: 122/122	Map 5: 255(+48)/303	Map 6: 1/1	Map 7: 7/7	Map 8: 1/1	Reducer 2: 0(+1009)/1009	Reducer 3: 0/1009	Reducer 4: 0/1	
INFO  : Map 1: 122/122	Map 5: 258(+45)/303	Map 6: 1/1	Map 7: 7/7	Map 8: 1/1	Reducer 2: 0(+1009)/1009	Reducer 3: 0/1009	Reducer 4: 0/1	
INFO  : Map 1: 122/122	Map 5: 264(+39)/303	Map 6: 1/1	Map 7: 7/7	Map 8: 1/1	Reducer 2: 0(+1009)/1009	Reducer 3: 0/1009	Reducer 4: 0/1	
INFO  : Map 1: 122/122	Map 5: 270(+33)/303	Map 6: 1/1	Map 7: 7/7	Map 8: 1/1	Reducer 2: 0(+1009)/1009	Reducer 3: 0/1009	Reducer 4: 0/1	
INFO  : Map 1: 122/122	Map 5: 273(+30)/303	Map 6: 1/1	Map 7: 7/7	Map 8: 1/1	Reducer 2: 0(+1009)/1009	Reducer 3: 0/1009	Reducer 4: 0/1	
INFO  : Map 1: 122/122	Map 5: 280(+23)/303	Map 6: 1/1	Map 7: 7/7	Map 8: 1/1	Reducer 2: 0(+1009)/1009	Reducer 3: 0/1009	Reducer 4: 0/1	
INFO  : Map 1: 122/122	Map 5: 286(+17)/303	Map 6: 1/1	Map 7: 7/7	Map 8: 1/1	Reducer 2: 0(+1009)/1009	Reducer 3: 0/1009	Reducer 4: 0/1	
INFO  : Map 1: 122/122	Map 5: 288(+15)/303	Map 6: 1/1	Map 7: 7/7	Map 8: 1/1	Reducer 2: 0(+1009)/1009	Reducer 3: 0/1009	Reducer 4: 0/1	
INFO  : Map 1: 122/122	Map 5: 291(+12)/303	Map 6: 1/1	Map 7: 7/7	Map 8: 1/1	Reducer 2: 0(+1009)/1009	Reducer 3: 0/1009	Reducer 4: 0/1	
INFO  : Map 1: 122/122	Map 5: 294(+9)/303	Map 6: 1/1	Map 7: 7/7	Map 8: 1/1	Reducer 2: 0(+1009)/1009	Reducer 3: 0/1009	Reducer 4: 0/1	
INFO  : Map 1: 122/122	Map 5: 296(+7)/303	Map 6: 1/1	Map 7: 7/7	Map 8: 1/1	Reducer 2: 0(+1009)/1009	Reducer 3: 0/1009	Reducer 4: 0/1	
INFO  : Map 1: 122/122	Map 5: 297(+6)/303	Map 6: 1/1	Map 7: 7/7	Map 8: 1/1	Reducer 2: 0(+1009)/1009	Reducer 3: 0/1009	Reducer 4: 0/1	
INFO  : Map 1: 122/122	Map 5: 299(+4)/303	Map 6: 1/1	Map 7: 7/7	Map 8: 1/1	Reducer 2: 0(+1009)/1009	Reducer 3: 0/1009	Reducer 4: 0/1	
INFO  : Map 1: 122/122	Map 5: 301(+2)/303	Map 6: 1/1	Map 7: 7/7	Map 8: 1/1	Reducer 2: 0(+1009)/1009	Reducer 3: 0/1009	Reducer 4: 0/1	
INFO  : Map 1: 122/122	Map 5: 302(+1)/303	Map 6: 1/1	Map 7: 7/7	Map 8: 1/1	Reducer 2: 0(+1009)/1009	Reducer 3: 0/1009	Reducer 4: 0/1	
INFO  : Map 1: 122/122	Map 5: 303/303	Map 6: 1/1	Map 7: 7/7	Map 8: 1/1	Reducer 2: 0(+1009)/1009	Reducer 3: 0/1009	Reducer 4: 0/1	
INFO  : Map 1: 122/122	Map 5: 303/303	Map 6: 1/1	Map 7: 7/7	Map 8: 1/1	Reducer 2: 4(+1005)/1009	Reducer 3: 0/1009	Reducer 4: 0/1	
INFO  : Map 1: 122/122	Map 5: 303/303	Map 6: 1/1	Map 7: 7/7	Map 8: 1/1	Reducer 2: 23(+986)/1009	Reducer 3: 0/1009	Reducer 4: 0/1	
INFO  : Map 1: 122/122	Map 5: 303/303	Map 6: 1/1	Map 7: 7/7	Map 8: 1/1	Reducer 2: 60(+949)/1009	Reducer 3: 0/1009	Reducer 4: 0/1	
INFO  : Map 1: 122/122	Map 5: 303/303	Map 6: 1/1	Map 7: 7/7	Map 8: 1/1	Reducer 2: 86(+921)/1009	Reducer 3: 0/1009	Reducer 4: 0/1	
INFO  : Map 1: 122/122	Map 5: 303/303	Map 6: 1/1	Map 7: 7/7	Map 8: 1/1	Reducer 2: 250(+757)/1009	Reducer 3: 0/1009	Reducer 4: 0/1	
INFO  : Map 1: 122/122	Map 5: 303/303	Map 6: 1/1	Map 7: 7/7	Map 8: 1/1	Reducer 2: 321(+626)/1009	Reducer 3: 0/1009	Reducer 4: 0/1	
INFO  : Map 1: 122/122	Map 5: 303/303	Map 6: 1/1	Map 7: 7/7	Map 8: 1/1	Reducer 2: 468(+541)/1009	Reducer 3: 0/1009	Reducer 4: 0/1	
INFO  : Map 1: 122/122	Map 5: 303/303	Map 6: 1/1	Map 7: 7/7	Map 8: 1/1	Reducer 2: 502(+507)/1009	Reducer 3: 0/1009	Reducer 4: 0/1	
INFO  : Map 1: 122/122	Map 5: 303/303	Map 6: 1/1	Map 7: 7/7	Map 8: 1/1	Reducer 2: 503(+506)/1009	Reducer 3: 0/1009	Reducer 4: 0/1	
INFO  : Map 1: 122/122	Map 5: 303/303	Map 6: 1/1	Map 7: 7/7	Map 8: 1/1	Reducer 2: 505(+504)/1009	Reducer 3: 0/1009	Reducer 4: 0/1	
INFO  : Map 1: 122/122	Map 5: 303/303	Map 6: 1/1	Map 7: 7/7	Map 8: 1/1	Reducer 2: 506(+503)/1009	Reducer 3: 0/1009	Reducer 4: 0/1	
INFO  : Map 1: 122/122	Map 5: 303/303	Map 6: 1/1	Map 7: 7/7	Map 8: 1/1	Reducer 2: 510(+499)/1009	Reducer 3: 0/1009	Reducer 4: 0/1	
INFO  : Map 1: 122/122	Map 5: 303/303	Map 6: 1/1	Map 7: 7/7	Map 8: 1/1	Reducer 2: 515(+494)/1009	Reducer 3: 0/1009	Reducer 4: 0/1	
INFO  : Map 1: 122/122	Map 5: 303/303	Map 6: 1/1	Map 7: 7/7	Map 8: 1/1	Reducer 2: 522(+487)/1009	Reducer 3: 0/1009	Reducer 4: 0/1	
INFO  : Map 1: 122/122	Map 5: 303/303	Map 6: 1/1	Map 7: 7/7	Map 8: 1/1	Reducer 2: 526(+483)/1009	Reducer 3: 0/1009	Reducer 4: 0/1	
INFO  : Map 1: 122/122	Map 5: 303/303	Map 6: 1/1	Map 7: 7/7	Map 8: 1/1	Reducer 2: 532(+477)/1009	Reducer 3: 0/1009	Reducer 4: 0/1	
INFO  : Map 1: 122/122	Map 5: 303/303	Map 6: 1/1	Map 7: 7/7	Map 8: 1/1	Reducer 2: 538(+471)/1009	Reducer 3: 0/1009	Reducer 4: 0/1	
INFO  : Map 1: 122/122	Map 5: 303/303	Map 6: 1/1	Map 7: 7/7	Map 8: 1/1	Reducer 2: 548(+461)/1009	Reducer 3: 0/1009	Reducer 4: 0/1	
INFO  : Map 1: 122/122	Map 5: 303/303	Map 6: 1/1	Map 7: 7/7	Map 8: 1/1	Reducer 2: 553(+456)/1009	Reducer 3: 0/1009	Reducer 4: 0/1	
INFO  : Map 1: 122/122	Map 5: 303/303	Map 6: 1/1	Map 7: 7/7	Map 8: 1/1	Reducer 2: 562(+447)/1009	Reducer 3: 0/1009	Reducer 4: 0/1	
INFO  : Map 1: 122/122	Map 5: 303/303	Map 6: 1/1	Map 7: 7/7	Map 8: 1/1	Reducer 2: 571(+438)/1009	Reducer 3: 0/1009	Reducer 4: 0/1	
INFO  : Map 1: 122/122	Map 5: 303/303	Map 6: 1/1	Map 7: 7/7	Map 8: 1/1	Reducer 2: 581(+428)/1009	Reducer 3: 0/1009	Reducer 4: 0/1	
INFO  : Map 1: 122/122	Map 5: 303/303	Map 6: 1/1	Map 7: 7/7	Map 8: 1/1	Reducer 2: 600(+409)/1009	Reducer 3: 0/1009	Reducer 4: 0/1	
INFO  : Map 1: 122/122	Map 5: 303/303	Map 6: 1/1	Map 7: 7/7	Map 8: 1/1	Reducer 2: 626(+383)/1009	Reducer 3: 0/1009	Reducer 4: 0/1	
INFO  : Map 1: 122/122	Map 5: 303/303	Map 6: 1/1	Map 7: 7/7	Map 8: 1/1	Reducer 2: 664(+345)/1009	Reducer 3: 0/1009	Reducer 4: 0/1	
INFO  : Map 1: 122/122	Map 5: 303/303	Map 6: 1/1	Map 7: 7/7	Map 8: 1/1	Reducer 2: 700(+309)/1009	Reducer 3: 0/1009	Reducer 4: 0/1	
INFO  : Map 1: 122/122	Map 5: 303/303	Map 6: 1/1	Map 7: 7/7	Map 8: 1/1	Reducer 2: 742(+267)/1009	Reducer 3: 0/1009	Reducer 4: 0/1	
INFO  : Map 1: 122/122	Map 5: 303/303	Map 6: 1/1	Map 7: 7/7	Map 8: 1/1	Reducer 2: 768(+241)/1009	Reducer 3: 0(+253)/253	Reducer 4: 0/1	
INFO  : Map 1: 122/122	Map 5: 303/303	Map 6: 1/1	Map 7: 7/7	Map 8: 1/1	Reducer 2: 797(+212)/1009	Reducer 3: 0(+253)/253	Reducer 4: 0/1	
INFO  : Map 1: 122/122	Map 5: 303/303	Map 6: 1/1	Map 7: 7/7	Map 8: 1/1	Reducer 2: 826(+183)/1009	Reducer 3: 0(+253)/253	Reducer 4: 0/1	
INFO  : Map 1: 122/122	Map 5: 303/303	Map 6: 1/1	Map 7: 7/7	Map 8: 1/1	Reducer 2: 847(+162)/1009	Reducer 3: 0(+253)/253	Reducer 4: 0/1	
INFO  : Map 1: 122/122	Map 5: 303/303	Map 6: 1/1	Map 7: 7/7	Map 8: 1/1	Reducer 2: 856(+153)/1009	Reducer 3: 0(+253)/253	Reducer 4: 0/1	
INFO  : Map 1: 122/122	Map 5: 303/303	Map 6: 1/1	Map 7: 7/7	Map 8: 1/1	Reducer 2: 859(+150)/1009	Reducer 3: 0(+253)/253	Reducer 4: 0/1	
INFO  : Map 1: 122/122	Map 5: 303/303	Map 6: 1/1	Map 7: 7/7	Map 8: 1/1	Reducer 2: 862(+147)/1009	Reducer 3: 0(+253)/253	Reducer 4: 0/1	
INFO  : Map 1: 122/122	Map 5: 303/303	Map 6: 1/1	Map 7: 7/7	Map 8: 1/1	Reducer 2: 878(+131)/1009	Reducer 3: 0(+253)/253	Reducer 4: 0/1	
INFO  : Map 1: 122/122	Map 5: 303/303	Map 6: 1/1	Map 7: 7/7	Map 8: 1/1	Reducer 2: 904(+105)/1009	Reducer 3: 0(+253)/253	Reducer 4: 0/1	
INFO  : Map 1: 122/122	Map 5: 303/303	Map 6: 1/1	Map 7: 7/7	Map 8: 1/1	Reducer 2: 928(+81)/1009	Reducer 3: 0(+253)/253	Reducer 4: 0/1	
INFO  : Map 1: 122/122	Map 5: 303/303	Map 6: 1/1	Map 7: 7/7	Map 8: 1/1	Reducer 2: 959(+50)/1009	Reducer 3: 0(+253)/253	Reducer 4: 0/1	
INFO  : Map 1: 122/122	Map 5: 303/303	Map 6: 1/1	Map 7: 7/7	Map 8: 1/1	Reducer 2: 995(+14)/1009	Reducer 3: 0(+253)/253	Reducer 4: 0/1	
INFO  : Map 1: 122/122	Map 5: 303/303	Map 6: 1/1	Map 7: 7/7	Map 8: 1/1	Reducer 2: 1008(+1)/1009	Reducer 3: 0(+253)/253	Reducer 4: 0/1	
INFO  : Map 1: 122/122	Map 5: 303/303	Map 6: 1/1	Map 7: 7/7	Map 8: 1/1	Reducer 2: 1008(+1)/1009	Reducer 3: 0(+253)/253	Reducer 4: 0/1	
INFO  : Map 1: 122/122	Map 5: 303/303	Map 6: 1/1	Map 7: 7/7	Map 8: 1/1	Reducer 2: 1008(+1)/1009	Reducer 3: 0(+253)/253	Reducer 4: 0/1	
INFO  : Map 1: 122/122	Map 5: 303/303	Map 6: 1/1	Map 7: 7/7	Map 8: 1/1	Reducer 2: 1008(+1)/1009	Reducer 3: 0(+253)/253	Reducer 4: 0/1	
INFO  : Map 1: 122/122	Map 5: 303/303	Map 6: 1/1	Map 7: 7/7	Map 8: 1/1	Reducer 2: 1008(+1)/1009	Reducer 3: 0(+253)/253	Reducer 4: 0/1	
INFO  : Map 1: 122/122	Map 5: 303/303	Map 6: 1/1	Map 7: 7/7	Map 8: 1/1	Reducer 2: 1008(+1)/1009	Reducer 3: 0(+253)/253	Reducer 4: 0/1	
INFO  : Map 1: 122/122	Map 5: 303/303	Map 6: 1/1	Map 7: 7/7	Map 8: 1/1	Reducer 2: 1008(+1)/1009	Reducer 3: 0(+253)/253	Reducer 4: 0/1	
INFO  : Map 1: 122/122	Map 5: 303/303	Map 6: 1/1	Map 7: 7/7	Map 8: 1/1	Reducer 2: 1008(+1)/1009	Reducer 3: 0(+253)/253	Reducer 4: 0/1	
INFO  : Map 1: 122/122	Map 5: 303/303	Map 6: 1/1	Map 7: 7/7	Map 8: 1/1	Reducer 2: 1008(+1)/1009	Reducer 3: 0(+253)/253	Reducer 4: 0/1	
INFO  : Map 1: 122/122	Map 5: 303/303	Map 6: 1/1	Map 7: 7/7	Map 8: 1/1	Reducer 2: 1008(+1)/1009	Reducer 3: 0(+253)/253	Reducer 4: 0/1	
INFO  : Map 1: 122/122	Map 5: 303/303	Map 6: 1/1	Map 7: 7/7	Map 8: 1/1	Reducer 2: 1008(+1)/1009	Reducer 3: 0(+253)/253	Reducer 4: 0/1	
INFO  : Map 1: 122/122	Map 5: 303/303	Map 6: 1/1	Map 7: 7/7	Map 8: 1/1	Reducer 2: 1008(+1)/1009	Reducer 3: 0(+253)/253	Reducer 4: 0/1	
INFO  : Map 1: 122/122	Map 5: 303/303	Map 6: 1/1	Map 7: 7/7	Map 8: 1/1	Reducer 2: 1008(+1)/1009	Reducer 3: 0(+253)/253	Reducer 4: 0/1	
INFO  : Map 1: 122/122	Map 5: 303/303	Map 6: 1/1	Map 7: 7/7	Map 8: 1/1	Reducer 2: 1008(+1)/1009	Reducer 3: 0(+253)/253	Reducer 4: 0/1	
INFO  : Map 1: 122/122	Map 5: 303/303	Map 6: 1/1	Map 7: 7/7	Map 8: 1/1	Reducer 2: 1008(+1)/1009	Reducer 3: 0(+253)/253	Reducer 4: 0/1	
INFO  : Map 1: 122/122	Map 5: 303/303	Map 6: 1/1	Map 7: 7/7	Map 8: 1/1	Reducer 2: 1009/1009	Reducer 3: 21(+231)/253	Reducer 4: 0/1	
INFO  : Map 1: 122/122	Map 5: 303/303	Map 6: 1/1	Map 7: 7/7	Map 8: 1/1	Reducer 2: 1009/1009	Reducer 3: 247(+6)/253	Reducer 4: 0(+1)/1	
INFO  : Map 1: 122/122	Map 5: 303/303	Map 6: 1/1	Map 7: 7/7	Map 8: 1/1	Reducer 2: 1009/1009	Reducer 3: 253/253	Reducer 4: 0(+1)/1	
INFO  : Map 1: 122/122	Map 5: 303/303	Map 6: 1/1	Map 7: 7/7	Map 8: 1/1	Reducer 2: 1009/1009	Reducer 3: 253/253	Reducer 4: 1/1	
INFO  : Status: DAG finished successfully in 71.17 seconds
INFO  : 
INFO  : Query Execution Summary
INFO  : ----------------------------------------------------------------------------------------------
INFO  : ----------------------------------------------------------------------------------------------
INFO  : Compile Query                           1.11s
INFO  : Prepare Plan                            0.28s
INFO  : Submit Plan                             0.13s
INFO  : Start DAG                               0.34s
INFO  : Run DAG                                71.17s
INFO  : ----------------------------------------------------------------------------------------------
INFO  : 
INFO  : Task Execution Summary
INFO  : --------------------------------------------------------------------------------------------------------------------------------
INFO  : --------------------------------------------------------------------------------------------------------------------------------
INFO  :      Map 1          122                0             0        9752.00             0            0    276,718,755     276,023,482
INFO  :      Map 5          303                0             0       14622.00             0            0  1,440,033,112   1,440,033,112
INFO  :      Map 6            1                0             0           0.00             0            0             25              25
INFO  :      Map 7            7                0             0         343.00             0            0        402,000          24,594
INFO  :      Map 8            1                0             0           0.00             0            0         10,000              61
INFO  :  Reducer 2         1009                0          5621       62120.00             0            0  1,716,081,274         100,900
INFO  :  Reducer 3          253                0            20       47721.00             0            0        100,900             533
INFO  :  Reducer 4            1                0             0         370.00             0            0            533               0
INFO  : --------------------------------------------------------------------------------------------------------------------------------
INFO  : 
INFO  : LLAP IO Summary
INFO  : ----------------------------------------------------------------------------------------------
INFO  : ----------------------------------------------------------------------------------------------
INFO  :      Map 1     27791         4        545        0B     2.38GB      3.15GB   2.91GB   272.85s
INFO  :      Map 5    145058         0       5169        0B    15.77GB     16.72GB  15.81GB  1410.35s
INFO  :      Map 6         1         1          1        7B        56B    786.43KB      47B     0.01s
INFO  :      Map 7        42         7          7    1.78MB     1.26MB      3.67MB   1.61MB     0.26s
INFO  :      Map 8         1         2          0  165.02KB         0B          0B       0B     0.00s
INFO  : ----------------------------------------------------------------------------------------------
INFO  : 
INFO  : FileSystem Counters Summary
INFO  : 
INFO  : ----------------------------------------------------------------------------------------------
INFO  : ----------------------------------------------------------------------------------------------
INFO  :      Map 1              0B             0                  0             4.13GB             0
INFO  :      Map 5              0B             0                  0            20.64GB             0
INFO  :      Map 6              0B             0                  0               217B             0
INFO  :      Map 7              0B             0                  0           189.79KB             0
INFO  :      Map 8              0B             0                  0               471B             0
INFO  :  Reducer 2          6.27GB             0                  0            48.24MB             0
INFO  :  Reducer 3         16.19KB             0                  0            29.32KB             0
INFO  :  Reducer 4              0B             0                  0                 0B             0
INFO  : ----------------------------------------------------------------------------------------------
INFO  : 
INFO  : ----------------------------------------------------------------------------------------------
INFO  : ----------------------------------------------------------------------------------------------
INFO  :      Map 1          2.39GB           480                  0                 0B             0
INFO  :      Map 5         15.82GB          8416                  0                 0B             0
INFO  :      Map 6            441B             2                  0                 0B             0
INFO  :      Map 7          1.26MB            14                  0                 0B             0
INFO  :      Map 8              0B             0                  0                 0B             0
INFO  :  Reducer 2              0B             0                  0                 0B             0
INFO  :  Reducer 3              0B             0                  0                 0B             0
INFO  :  Reducer 4              0B             2                  0             7.04KB             2
INFO  : ----------------------------------------------------------------------------------------------
INFO  : 
INFO  : org.apache.tez.common.counters.DAGCounter:
INFO  :    NUM_KILLED_TASKS: 5641
INFO  :    NUM_SUCCEEDED_TASKS: 1697
INFO  :    TOTAL_LAUNCHED_TASKS: 7338
INFO  :    DATA_LOCAL_TASKS: 434
INFO  :    AM_CPU_MILLISECONDS: 46540
INFO  :    AM_GC_TIME_MILLIS: 614
INFO  : File System Counters:
INFO  :    FILE_BYTES_READ: 6266557270
INFO  :    FILE_BYTES_WRITTEN: 24819773992
INFO  :    FILE_READ_OPS: 0
INFO  :    FILE_LARGE_READ_OPS: 0
INFO  :    FILE_WRITE_OPS: 0
INFO  :    HDFS_BYTES_READ: 18207762717
INFO  :    HDFS_BYTES_WRITTEN: 7043
INFO  :    HDFS_READ_OPS: 8914
INFO  :    HDFS_LARGE_READ_OPS: 0
INFO  :    HDFS_WRITE_OPS: 2
INFO  : org.apache.tez.common.counters.TaskCounter:
INFO  :    REDUCE_INPUT_GROUPS: 1066
INFO  :    REDUCE_INPUT_RECORDS: 101433
INFO  :    COMBINE_INPUT_RECORDS: 0
INFO  :    SPILLED_RECORDS: 202091
INFO  :    NUM_SHUFFLED_INPUTS: 525876
INFO  :    NUM_SKIPPED_INPUTS: 921364
INFO  :    NUM_FAILED_SHUFFLE_INPUTS: 1
INFO  :    MERGED_MAP_OUTPUTS: 96970
INFO  :    INPUT_RECORDS_PROCESSED: 1717996748
INFO  :    INPUT_SPLIT_LENGTH_BYTES: 133642144898
INFO  :    OUTPUT_RECORDS: 1716182707
INFO  :    OUTPUT_LARGE_RECORDS: 0
INFO  :    OUTPUT_BYTES: 27285051842
INFO  :    OUTPUT_BYTES_WITH_OVERHEAD: 50152196143
INFO  :    OUTPUT_BYTES_PHYSICAL: 24795320408
INFO  :    ADDITIONAL_SPILLS_BYTES_WRITTEN: 659092
INFO  :    ADDITIONAL_SPILLS_BYTES_READ: 1303763
INFO  :    ADDITIONAL_SPILL_COUNT: 0
INFO  :    SHUFFLE_CHUNK_COUNT: 1262
INFO  :    SHUFFLE_BYTES: 24768122592
INFO  :    SHUFFLE_BYTES_DECOMPRESSED: 30725502784
INFO  :    SHUFFLE_BYTES_TO_MEM: 22022533563
INFO  :    SHUFFLE_BYTES_TO_DISK: 0
INFO  :    SHUFFLE_BYTES_DISK_DIRECT: 2745589029
INFO  :    NUM_MEM_TO_DISK_MERGES: 0
INFO  :    NUM_DISK_TO_DISK_MERGES: 0
INFO  :    SHUFFLE_PHASE_TIME: 19739803
INFO  :    MERGE_PHASE_TIME: 11963217
INFO  :    FIRST_EVENT_RECEIVED: 46962
INFO  :    LAST_EVENT_RECEIVED: 15733149
INFO  : HIVE:
INFO  :    CREATED_FILES: 1
INFO  :    DESERIALIZE_ERRORS: 0
INFO  :    RECORDS_IN_Map_1: 276718755
INFO  :    RECORDS_IN_Map_5: 1440033112
INFO  :    RECORDS_IN_Map_6: 25
INFO  :    RECORDS_IN_Map_7: 402000
INFO  :    RECORDS_IN_Map_8: 10000
INFO  :    RECORDS_OUT_0: 100
INFO  :    RECORDS_OUT_INTERMEDIATE_Map_1: 276023482
INFO  :    RECORDS_OUT_INTERMEDIATE_Map_5: 1440033112
INFO  :    RECORDS_OUT_INTERMEDIATE_Map_6: 25
INFO  :    RECORDS_OUT_INTERMEDIATE_Map_7: 24594
INFO  :    RECORDS_OUT_INTERMEDIATE_Map_8: 61
INFO  :    RECORDS_OUT_INTERMEDIATE_Reducer_2: 100900
INFO  :    RECORDS_OUT_INTERMEDIATE_Reducer_3: 533
INFO  : Shuffle Errors:
INFO  :    BAD_ID: 0
INFO  :    CONNECTION: 0
INFO  :    IO_ERROR: 0
INFO  :    WRONG_LENGTH: 0
INFO  :    WRONG_MAP: 0
INFO  :    WRONG_REDUCE: 0
INFO  : Shuffle Errors_Reducer_3_INPUT_Reducer_2:
INFO  :    BAD_ID: 0
INFO  :    CONNECTION: 0
INFO  :    IO_ERROR: 0
INFO  :    WRONG_LENGTH: 0
INFO  :    WRONG_MAP: 0
INFO  :    WRONG_REDUCE: 0
INFO  : Shuffle Errors_Reducer_4_INPUT_Reducer_3:
INFO  :    BAD_ID: 0
INFO  :    CONNECTION: 0
INFO  :    IO_ERROR: 0
INFO  :    WRONG_LENGTH: 0
INFO  :    WRONG_MAP: 0
INFO  :    WRONG_REDUCE: 0
INFO  : TaskCounter_Map_1_INPUT_catalog_sales:
INFO  :    INPUT_RECORDS_PROCESSED: 276738
INFO  :    INPUT_SPLIT_LENGTH_BYTES: 21180178306
INFO  : TaskCounter_Map_1_OUTPUT_Reducer_2:
INFO  :    ADDITIONAL_SPILLS_BYTES_READ: 0
INFO  :    ADDITIONAL_SPILLS_BYTES_WRITTEN: 0
INFO  :    ADDITIONAL_SPILL_COUNT: 0
INFO  :    OUTPUT_BYTES: 5795100950
INFO  :    OUTPUT_BYTES_PHYSICAL: 4128406808
INFO  :    OUTPUT_BYTES_WITH_OVERHEAD: 9935452814
INFO  :    OUTPUT_LARGE_RECORDS: 0
INFO  :    OUTPUT_RECORDS: 276023482
INFO  :    SPILLED_RECORDS: 0
INFO  : TaskCounter_Map_5_INPUT_catalog_returns:
INFO  :    INPUT_RECORDS_PROCESSED: 1440880
INFO  :    INPUT_SPLIT_LENGTH_BYTES: 112423112355
INFO  : TaskCounter_Map_5_OUTPUT_Reducer_2:
INFO  :    ADDITIONAL_SPILLS_BYTES_READ: 0
INFO  :    ADDITIONAL_SPILLS_BYTES_WRITTEN: 0
INFO  :    ADDITIONAL_SPILL_COUNT: 0
INFO  :    OUTPUT_BYTES: 21485327480
INFO  :    OUTPUT_BYTES_PHYSICAL: 20642903206
INFO  :    OUTPUT_BYTES_WITH_OVERHEAD: 40205757633
INFO  :    OUTPUT_LARGE_RECORDS: 0
INFO  :    OUTPUT_RECORDS: 1440033112
INFO  :    SPILLED_RECORDS: 0
INFO  : TaskCounter_Map_6_INPUT_warehouse:
INFO  :    INPUT_RECORDS_PROCESSED: 1
INFO  :    INPUT_SPLIT_LENGTH_BYTES: 2722
INFO  : TaskCounter_Map_6_OUTPUT_Reducer_2:
INFO  :    ADDITIONAL_SPILLS_BYTES_READ: 0
INFO  :    ADDITIONAL_SPILLS_BYTES_WRITTEN: 0
INFO  :    ADDITIONAL_SPILL_COUNT: 0
INFO  :    OUTPUT_BYTES: 225
INFO  :    OUTPUT_BYTES_PHYSICAL: 209
INFO  :    OUTPUT_BYTES_WITH_OVERHEAD: 281
INFO  :    OUTPUT_LARGE_RECORDS: 0
INFO  :    OUTPUT_RECORDS: 25
INFO  :    SPILLED_RECORDS: 0
INFO  : TaskCounter_Map_7_INPUT_item:
INFO  :    INPUT_RECORDS_PROCESSED: 405
INFO  :    INPUT_SPLIT_LENGTH_BYTES: 38092338
INFO  : TaskCounter_Map_7_OUTPUT_Reducer_2:
INFO  :    ADDITIONAL_SPILLS_BYTES_READ: 0
INFO  :    ADDITIONAL_SPILLS_BYTES_WRITTEN: 0
INFO  :    ADDITIONAL_SPILL_COUNT: 0
INFO  :    OUTPUT_BYTES: 565662
INFO  :    OUTPUT_BYTES_PHYSICAL: 189729
INFO  :    OUTPUT_BYTES_WITH_OVERHEAD: 614892
INFO  :    OUTPUT_LARGE_RECORDS: 0
INFO  :    OUTPUT_RECORDS: 24594
INFO  :    SPILLED_RECORDS: 0
INFO  : TaskCounter_Map_8_INPUT_date_dim:
INFO  :    INPUT_RECORDS_PROCESSED: 10
INFO  :    INPUT_SPLIT_LENGTH_BYTES: 759177
INFO  : TaskCounter_Map_8_OUTPUT_Reducer_2:
INFO  :    ADDITIONAL_SPILLS_BYTES_READ: 0
INFO  :    ADDITIONAL_SPILLS_BYTES_WRITTEN: 0
INFO  :    ADDITIONAL_SPILL_COUNT: 0
INFO  :    OUTPUT_BYTES: 1037
INFO  :    OUTPUT_BYTES_PHYSICAL: 463
INFO  :    OUTPUT_BYTES_WITH_OVERHEAD: 1165
INFO  :    OUTPUT_LARGE_RECORDS: 0
INFO  :    OUTPUT_RECORDS: 61
INFO  :    SPILLED_RECORDS: 0
INFO  : TaskCounter_Reducer_2_INPUT_Map_1:
INFO  :    FIRST_EVENT_RECEIVED: 18075
INFO  :    INPUT_RECORDS_PROCESSED: 276023482
INFO  :    LAST_EVENT_RECEIVED: 721238
INFO  :    NUM_FAILED_SHUFFLE_INPUTS: 0
INFO  :    NUM_SHUFFLED_INPUTS: 123098
INFO  :    SHUFFLE_BYTES: 4125452456
INFO  :    SHUFFLE_BYTES_DECOMPRESSED: 6347886502
INFO  :    SHUFFLE_BYTES_DISK_DIRECT: 456854667
INFO  :    SHUFFLE_BYTES_TO_DISK: 0
INFO  :    SHUFFLE_BYTES_TO_MEM: 3668597789
INFO  :    SHUFFLE_PHASE_TIME: 2685353
INFO  : TaskCounter_Reducer_2_INPUT_Map_5:
INFO  :    FIRST_EVENT_RECEIVED: 23917
INFO  :    INPUT_RECORDS_PROCESSED: 1440033112
INFO  :    LAST_EVENT_RECEIVED: 3058791
INFO  :    NUM_FAILED_SHUFFLE_INPUTS: 1
INFO  :    NUM_SHUFFLED_INPUTS: 305727
INFO  :    SHUFFLE_BYTES: 20635565758
INFO  :    SHUFFLE_BYTES_DECOMPRESSED: 24367228066
INFO  :    SHUFFLE_BYTES_DISK_DIRECT: 2287947189
INFO  :    SHUFFLE_BYTES_TO_DISK: 0
INFO  :    SHUFFLE_BYTES_TO_MEM: 18347618569
INFO  :    SHUFFLE_PHASE_TIME: 5098173
INFO  : TaskCounter_Reducer_2_INPUT_Map_6:
INFO  :    FIRST_EVENT_RECEIVED: 70
INFO  :    INPUT_RECORDS_PROCESSED: 225
INFO  :    LAST_EVENT_RECEIVED: 70
INFO  :    NUM_FAILED_SHUFFLE_INPUTS: 0
INFO  :    NUM_SHUFFLED_INPUTS: 9
INFO  :    SHUFFLE_BYTES: 1665
INFO  :    SHUFFLE_BYTES_DECOMPRESSED: 2529
INFO  :    SHUFFLE_BYTES_DISK_DIRECT: 185
INFO  :    SHUFFLE_BYTES_TO_DISK: 0
INFO  :    SHUFFLE_BYTES_TO_MEM: 1480
INFO  :    SHUFFLE_PHASE_TIME: 586
INFO  : TaskCounter_Reducer_2_INPUT_Map_7:
INFO  :    FIRST_EVENT_RECEIVED: 30
INFO  :    INPUT_RECORDS_PROCESSED: 221346
INFO  :    LAST_EVENT_RECEIVED: 53
INFO  :    NUM_FAILED_SHUFFLE_INPUTS: 0
INFO  :    NUM_SHUFFLED_INPUTS: 63
INFO  :    SHUFFLE_BYTES: 1706049
INFO  :    SHUFFLE_BYTES_DECOMPRESSED: 5534028
INFO  :    SHUFFLE_BYTES_DISK_DIRECT: 189561
INFO  :    SHUFFLE_BYTES_TO_DISK: 0
INFO  :    SHUFFLE_BYTES_TO_MEM: 1516488
INFO  :    SHUFFLE_PHASE_TIME: 783
INFO  : TaskCounter_Reducer_2_INPUT_Map_8:
INFO  :    FIRST_EVENT_RECEIVED: 72
INFO  :    INPUT_RECORDS_PROCESSED: 549
INFO  :    LAST_EVENT_RECEIVED: 72
INFO  :    NUM_FAILED_SHUFFLE_INPUTS: 0
INFO  :    NUM_SHUFFLED_INPUTS: 9
INFO  :    SHUFFLE_BYTES: 3951
INFO  :    SHUFFLE_BYTES_DECOMPRESSED: 10485
INFO  :    SHUFFLE_BYTES_DISK_DIRECT: 439
INFO  :    SHUFFLE_BYTES_TO_DISK: 0
INFO  :    SHUFFLE_BYTES_TO_MEM: 3512
INFO  :    SHUFFLE_PHASE_TIME: 170
INFO  : TaskCounter_Reducer_2_OUTPUT_Reducer_3:
INFO  :    ADDITIONAL_SPILLS_BYTES_READ: 0
INFO  :    ADDITIONAL_SPILLS_BYTES_WRITTEN: 0
INFO  :    ADDITIONAL_SPILL_COUNT: 0
INFO  :    OUTPUT_BYTES: 4035168
INFO  :    OUTPUT_BYTES_PHYSICAL: 23798768
INFO  :    OUTPUT_BYTES_WITH_OVERHEAD: 10345454
INFO  :    OUTPUT_RECORDS: 100900
INFO  :    SHUFFLE_CHUNK_COUNT: 1009
INFO  :    SPILLED_RECORDS: 100900
INFO  : TaskCounter_Reducer_3_INPUT_Reducer_2:
INFO  :    ADDITIONAL_SPILLS_BYTES_READ: 1291577
INFO  :    ADDITIONAL_SPILLS_BYTES_WRITTEN: 648818
INFO  :    COMBINE_INPUT_RECORDS: 0
INFO  :    FIRST_EVENT_RECEIVED: 4797
INFO  :    LAST_EVENT_RECEIVED: 11952679
INFO  :    MERGED_MAP_OUTPUTS: 96750
INFO  :    MERGE_PHASE_TIME: 11962957
INFO  :    NUM_DISK_TO_DISK_MERGES: 0
INFO  :    NUM_FAILED_SHUFFLE_INPUTS: 0
INFO  :    NUM_MEM_TO_DISK_MERGES: 0
INFO  :    NUM_SHUFFLED_INPUTS: 96750
INFO  :    NUM_SKIPPED_INPUTS: 921331
INFO  :    REDUCE_INPUT_GROUPS: 533
INFO  :    REDUCE_INPUT_RECORDS: 100900
INFO  :    SHUFFLE_BYTES: 5372148
INFO  :    SHUFFLE_BYTES_DECOMPRESSED: 4817468
INFO  :    SHUFFLE_BYTES_DISK_DIRECT: 595076
INFO  :    SHUFFLE_BYTES_TO_DISK: 0
INFO  :    SHUFFLE_BYTES_TO_MEM: 4777072
INFO  :    SHUFFLE_PHASE_TIME: 11954486
INFO  :    SPILLED_RECORDS: 100125
INFO  : TaskCounter_Reducer_3_OUTPUT_Reducer_4:
INFO  :    ADDITIONAL_SPILLS_BYTES_READ: 0
INFO  :    ADDITIONAL_SPILLS_BYTES_WRITTEN: 0
INFO  :    ADDITIONAL_SPILL_COUNT: 0
INFO  :    OUTPUT_BYTES: 21320
INFO  :    OUTPUT_BYTES_PHYSICAL: 21225
INFO  :    OUTPUT_BYTES_WITH_OVERHEAD: 23904
INFO  :    OUTPUT_RECORDS: 533
INFO  :    SHUFFLE_CHUNK_COUNT: 253
INFO  :    SPILLED_RECORDS: 533
INFO  : TaskCounter_Reducer_4_INPUT_Reducer_3:
INFO  :    ADDITIONAL_SPILLS_BYTES_READ: 12186
INFO  :    ADDITIONAL_SPILLS_BYTES_WRITTEN: 10274
INFO  :    COMBINE_INPUT_RECORDS: 0
INFO  :    FIRST_EVENT_RECEIVED: 1
INFO  :    LAST_EVENT_RECEIVED: 246
INFO  :    MERGED_MAP_OUTPUTS: 220
INFO  :    MERGE_PHASE_TIME: 260
INFO  :    NUM_DISK_TO_DISK_MERGES: 0
INFO  :    NUM_FAILED_SHUFFLE_INPUTS: 0
INFO  :    NUM_MEM_TO_DISK_MERGES: 0
INFO  :    NUM_SHUFFLED_INPUTS: 220
INFO  :    NUM_SKIPPED_INPUTS: 33
INFO  :    REDUCE_INPUT_GROUPS: 533
INFO  :    REDUCE_INPUT_RECORDS: 533
INFO  :    SHUFFLE_BYTES: 20565
INFO  :    SHUFFLE_BYTES_DECOMPRESSED: 23706
INFO  :    SHUFFLE_BYTES_DISK_DIRECT: 1912
INFO  :    SHUFFLE_BYTES_TO_DISK: 0
INFO  :    SHUFFLE_BYTES_TO_MEM: 18653
INFO  :    SHUFFLE_PHASE_TIME: 252
INFO  :    SPILLED_RECORDS: 533
INFO  : TaskCounter_Reducer_4_OUTPUT_out_Reducer_4:
INFO  :    OUTPUT_RECORDS: 0
INFO  : org.apache.hadoop.hive.llap.counters.LlapIOCounters:
INFO  :    ALLOCATED_BYTES: 19868418048
INFO  :    ALLOCATED_USED_BYTES: 18720027368
INFO  :    CACHE_HIT_BYTES: 1943792
INFO  :    CACHE_MISS_BYTES: 18154066814
INFO  :    CONSUMER_TIME_NS: 961741355565
INFO  :    DECODE_TIME_NS: 294376477471
INFO  :    HDFS_TIME_NS: 1319644190550
INFO  :    METADATA_CACHE_HIT: 14
INFO  :    METADATA_CACHE_MISS: 5722
INFO  :    NUM_DECODED_BATCHES: 172893
INFO  :    NUM_VECTOR_BATCHES: 1718035
INFO  :    ROWS_EMITTED: 1717163892
INFO  :    SELECTED_ROWGROUPS: 172893
INFO  :    TOTAL_IO_TIME_NS: 1683476057536
INFO  : Completed executing command(queryId=hive_20161020163055_d27cc368-f997-4e15-9096-a0c23d8b6da5); Time taken: 71.984 seconds
INFO  : OK
100 rows selected (73.157 seconds)
Closing: 0: jdbc:hive2://h01hn02:10500/tpcds_bin_partitioned_orc_10000
