0: jdbc:hive2://h01hn02:10500/tpcds_bin_parti> set ambari.hive.db.schema.name=hive;
0: jdbc:hive2://h01hn02:10500/tpcds_bin_parti> set fs.file.impl.disable.cache=true;
0: jdbc:hive2://h01hn02:10500/tpcds_bin_parti> set fs.hdfs.impl.disable.cache=true;
0: jdbc:hive2://h01hn02:10500/tpcds_bin_parti> set hive.auto.convert.join.noconditionaltask=true;
0: jdbc:hive2://h01hn02:10500/tpcds_bin_parti> set hive.auto.convert.join=true;
0: jdbc:hive2://h01hn02:10500/tpcds_bin_parti> -- set hive.auto.convert.sortmerge.join.noconditionaltask=true;
0: jdbc:hive2://h01hn02:10500/tpcds_bin_parti> set hive.auto.convert.sortmerge.join=true;
0: jdbc:hive2://h01hn02:10500/tpcds_bin_parti> set hive.compactor.abortedtxn.threshold=1000;
0: jdbc:hive2://h01hn02:10500/tpcds_bin_parti> set hive.compactor.check.interval=300;
0: jdbc:hive2://h01hn02:10500/tpcds_bin_parti> set hive.compactor.delta.num.threshold=10;
0: jdbc:hive2://h01hn02:10500/tpcds_bin_parti> set hive.compactor.delta.pct.threshold=0.1f;
0: jdbc:hive2://h01hn02:10500/tpcds_bin_parti> set hive.compactor.initiator.on=false;
0: jdbc:hive2://h01hn02:10500/tpcds_bin_parti> set hive.compactor.worker.threads=0;
0: jdbc:hive2://h01hn02:10500/tpcds_bin_parti> set hive.compactor.worker.timeout=86400;
0: jdbc:hive2://h01hn02:10500/tpcds_bin_parti> set hive.compute.query.using.stats=true;
0: jdbc:hive2://h01hn02:10500/tpcds_bin_parti> set hive.enforce.bucketing=true;
0: jdbc:hive2://h01hn02:10500/tpcds_bin_parti> set hive.enforce.sorting=true;
0: jdbc:hive2://h01hn02:10500/tpcds_bin_parti> set hive.enforce.sortmergebucketmapjoin=true;
0: jdbc:hive2://h01hn02:10500/tpcds_bin_parti> 
0: jdbc:hive2://h01hn02:10500/tpcds_bin_parti> set hive.limit.pushdown.memory.usage=0.04;
0: jdbc:hive2://h01hn02:10500/tpcds_bin_parti> set hive.map.aggr=true;
0: jdbc:hive2://h01hn02:10500/tpcds_bin_parti> set hive.mapjoin.bucket.cache.size=10000;
0: jdbc:hive2://h01hn02:10500/tpcds_bin_parti> set hive.mapred.reduce.tasks.speculative.execution=false;
0: jdbc:hive2://h01hn02:10500/tpcds_bin_parti> set hive.metastore.cache.pinobjtypes=Table,Database,Type,FieldSchema,Order;
0: jdbc:hive2://h01hn02:10500/tpcds_bin_parti> set hive.metastore.client.socket.timeout=60;
0: jdbc:hive2://h01hn02:10500/tpcds_bin_parti> set hive.metastore.execute.setugi=true;
0: jdbc:hive2://h01hn02:10500/tpcds_bin_parti> set hive.metastore.warehouse.dir=/apps/hive/warehouse;
0: jdbc:hive2://h01hn02:10500/tpcds_bin_parti> set hive.optimize.bucketmapjoin.sortedmerge=false;
0: jdbc:hive2://h01hn02:10500/tpcds_bin_parti> set hive.optimize.bucketmapjoin=true;
0: jdbc:hive2://h01hn02:10500/tpcds_bin_parti> set hive.optimize.index.filter=true;
0: jdbc:hive2://h01hn02:10500/tpcds_bin_parti> -- set hive.optimize.mapjoin.mapreduce=true;
0: jdbc:hive2://h01hn02:10500/tpcds_bin_parti> set hive.optimize.reducededuplication.min.reducer=4;
0: jdbc:hive2://h01hn02:10500/tpcds_bin_parti> set hive.optimize.reducededuplication=true;
0: jdbc:hive2://h01hn02:10500/tpcds_bin_parti> set hive.orc.splits.include.file.footer=false;
0: jdbc:hive2://h01hn02:10500/tpcds_bin_parti> set hive.security.authorization.enabled=false;
0: jdbc:hive2://h01hn02:10500/tpcds_bin_parti> set hive.security.metastore.authorization.manager=org.apache.hadoop.hive.ql.security.authorization.StorageBasedAuthorizationProvider;
0: jdbc:hive2://h01hn02:10500/tpcds_bin_parti> -- set hive.semantic.analyzer.factory.impl=org.apache.hivealog.cli.HCatSemanticAnalyzerFactory;
0: jdbc:hive2://h01hn02:10500/tpcds_bin_parti> set hive.server2.enable.doAs=false;
0: jdbc:hive2://h01hn02:10500/tpcds_bin_parti> set hive.server2.tez.default.queues=default;
0: jdbc:hive2://h01hn02:10500/tpcds_bin_parti> set hive.server2.tez.initialize.default.sessions=false;
0: jdbc:hive2://h01hn02:10500/tpcds_bin_parti> set hive.server2.tez.sessions.per.default.queue=1;
0: jdbc:hive2://h01hn02:10500/tpcds_bin_parti> set hive.stats.autogather=true;
0: jdbc:hive2://h01hn02:10500/tpcds_bin_parti> set hive.tez.input.format=org.apache.hadoop.hive.ql.io.HiveInputFormat;
0: jdbc:hive2://h01hn02:10500/tpcds_bin_parti> set hive.txn.manager=org.apache.hadoop.hive.ql.lockmgr.DummyTxnManager;
0: jdbc:hive2://h01hn02:10500/tpcds_bin_parti> set hive.txn.max.open.batch=1000;
0: jdbc:hive2://h01hn02:10500/tpcds_bin_parti> set hive.txn.timeout=300;
0: jdbc:hive2://h01hn02:10500/tpcds_bin_parti> set hive.vectorized.execution.enabled=true;
0: jdbc:hive2://h01hn02:10500/tpcds_bin_parti> set hive.vectorized.groupby.checkinterval=1024;
0: jdbc:hive2://h01hn02:10500/tpcds_bin_parti> set hive.vectorized.groupby.flush.percent=1;
0: jdbc:hive2://h01hn02:10500/tpcds_bin_parti> set hive.vectorized.groupby.maxentries=1024;
0: jdbc:hive2://h01hn02:10500/tpcds_bin_parti> 
0: jdbc:hive2://h01hn02:10500/tpcds_bin_parti> -- These values need to be tuned appropriately to your cluster. These examples are for reference.
0: jdbc:hive2://h01hn02:10500/tpcds_bin_parti> set hive.tez.container.size=6144;
0: jdbc:hive2://h01hn02:10500/tpcds_bin_parti> set hive.tez.java.opts=-Xmx5120m;
0: jdbc:hive2://h01hn02:10500/tpcds_bin_parti> --set hive.auto.convert.join.noconditionaltask.size=100000000;
0: jdbc:hive2://h01hn02:10500/tpcds_bin_parti> --set hive.auto.convert.join.noconditionaltask.size=320000000;
0: jdbc:hive2://h01hn02:10500/tpcds_bin_parti> set hive.auto.convert.join.noconditionaltask.size=629145600;
0: jdbc:hive2://h01hn02:10500/tpcds_bin_parti> -- set hive.auto.convert.join.noconditionaltask.size=720000000;
0: jdbc:hive2://h01hn02:10500/tpcds_bin_parti> -- set hive.auto.convert.join.noconditionaltask.size=1920000000;
0: jdbc:hive2://h01hn02:10500/tpcds_bin_parti> 
0: jdbc:hive2://h01hn02:10500/tpcds_bin_parti> set hive.execution.engine=tez;
0: jdbc:hive2://h01hn02:10500/tpcds_bin_parti> set hive.default.fileformat=orc;
0: jdbc:hive2://h01hn02:10500/tpcds_bin_parti> set hive.cbo.enable=true;
0: jdbc:hive2://h01hn02:10500/tpcds_bin_parti> set hive.stats.fetch.column.stats=true;
0: jdbc:hive2://h01hn02:10500/tpcds_bin_parti> set hive.exec.dynamic.partition.mode=nonstrict;
0: jdbc:hive2://h01hn02:10500/tpcds_bin_parti> set hive.tez.auto.reducer.parallelism=true;
0: jdbc:hive2://h01hn02:10500/tpcds_bin_parti> -- set hive.exec.reducers.bytes.per.reducer=1000000000;
0: jdbc:hive2://h01hn02:10500/tpcds_bin_parti> set hive.exec.reducers.bytes.per.reducer=67108864;
0: jdbc:hive2://h01hn02:10500/tpcds_bin_parti> set hive.txn.manager=org.apache.hadoop.hive.ql.lockmgr.DummyTxnManager;
0: jdbc:hive2://h01hn02:10500/tpcds_bin_parti> set hive.support.concurrency=false;
0: jdbc:hive2://h01hn02:10500/tpcds_bin_parti> set hive.tez.exec.print.summary=true;
0: jdbc:hive2://h01hn02:10500/tpcds_bin_parti> 
0: jdbc:hive2://h01hn02:10500/tpcds_bin_parti> set tez.grouping.min-size=16777216;
0: jdbc:hive2://h01hn02:10500/tpcds_bin_parti> --set tez.grouping.min-size=8388608;
0: jdbc:hive2://h01hn02:10500/tpcds_bin_parti> set tez.grouping.max-size=1073741824;
0: jdbc:hive2://h01hn02:10500/tpcds_bin_parti> --set tez.grouping.max-size=1342177280;
0: jdbc:hive2://h01hn02:10500/tpcds_bin_parti> 
0: jdbc:hive2://h01hn02:10500/tpcds_bin_parti> --set tez.grouping.split-waves=1.7;
0: jdbc:hive2://h01hn02:10500/tpcds_bin_parti> set tez.runtime.io.sort.mb=174;
0: jdbc:hive2://h01hn02:10500/tpcds_bin_parti> 
0: jdbc:hive2://h01hn02:10500/tpcds_bin_parti> SELECT count(distinct ws_order_number) as order_count,
0: jdbc:hive2://h01hn02:10500/tpcds_bin_parti>                sum(ws_ext_ship_cost) as total_shipping_cost,
0: jdbc:hive2://h01hn02:10500/tpcds_bin_parti>                sum(ws_net_profit) as total_net_profit
0: jdbc:hive2://h01hn02:10500/tpcds_bin_parti> FROM web_sales ws1
0: jdbc:hive2://h01hn02:10500/tpcds_bin_parti> JOIN customer_address ca ON (ws1.ws_ship_addr_sk = ca.ca_address_sk)
0: jdbc:hive2://h01hn02:10500/tpcds_bin_parti> JOIN web_site s ON (ws1.ws_web_site_sk = s.web_site_sk)
0: jdbc:hive2://h01hn02:10500/tpcds_bin_parti> JOIN date_dim d ON (ws1.ws_ship_date_sk = d.d_date_sk)
0: jdbc:hive2://h01hn02:10500/tpcds_bin_parti> LEFT SEMI JOIN (SELECT ws2.ws_order_number as ws_order_number
0: jdbc:hive2://h01hn02:10500/tpcds_bin_parti>                                FROM web_sales ws2 JOIN web_sales ws3
0: jdbc:hive2://h01hn02:10500/tpcds_bin_parti>                                ON (ws2.ws_order_number = ws3.ws_order_number)
0: jdbc:hive2://h01hn02:10500/tpcds_bin_parti>                                WHERE ws2.ws_warehouse_sk <> ws3.ws_warehouse_sk
0: jdbc:hive2://h01hn02:10500/tpcds_bin_parti> ) ws_wh1
0: jdbc:hive2://h01hn02:10500/tpcds_bin_parti> ON (ws1.ws_order_number = ws_wh1.ws_order_number)
0: jdbc:hive2://h01hn02:10500/tpcds_bin_parti> LEFT OUTER JOIN web_returns wr1 ON (ws1.ws_order_number = wr1.wr_order_number)
0: jdbc:hive2://h01hn02:10500/tpcds_bin_parti> WHERE d.d_date between '1999-05-01' and '1999-07-01' and
0: jdbc:hive2://h01hn02:10500/tpcds_bin_parti>                ca.ca_state = 'TX' and
0: jdbc:hive2://h01hn02:10500/tpcds_bin_parti>                s.web_company_name = 'pri' and
0: jdbc:hive2://h01hn02:10500/tpcds_bin_parti>                wr1.wr_order_number is null
0: jdbc:hive2://h01hn02:10500/tpcds_bin_parti> limit 100;

