Connecting to jdbc:hive2://h01hn02:10500/tpcds_bin_partitioned_orc_10000
Connected to: Apache Hive (version 2.1.0.2.5.1.0-43)
Driver: Hive JDBC (version 1.2.1000.2.5.1.0-43)
Transaction isolation: TRANSACTION_REPEATABLE_READ
Running init script bry.sql
No rows affected (0.036 seconds)
No rows affected (0.002 seconds)
INFO  : Compiling command(queryId=hive_20161019030534_157c2e13-b9ca-49fc-b3f9-d3d33b74cbba): select  c_last_name
       ,c_first_name
       ,ca_city
       ,bought_city
       ,ss_ticket_number
       ,extended_price
       ,extended_tax
       ,list_price
 from (select ss_ticket_number
             ,ss_customer_sk
             ,ca_city bought_city
             ,sum(ss_ext_sales_price) extended_price 
             ,sum(ss_ext_list_price) list_price
             ,sum(ss_ext_tax) extended_tax 
       from store_sales
           ,date_dim
           ,store
           ,household_demographics
           ,customer_address 
       where store_sales.ss_sold_date_sk = date_dim.d_date_sk
         and store_sales.ss_store_sk = store.s_store_sk  
        and store_sales.ss_hdemo_sk = household_demographics.hd_demo_sk
        and store_sales.ss_addr_sk = customer_address.ca_address_sk
        and date_dim.d_dom between 1 and 2 
        and (household_demographics.hd_dep_count = 4 or
             household_demographics.hd_vehicle_count= 2)
        and date_dim.d_year in (1998,1998+1,1998+2)
        and store.s_city in ('Rosedale','Bethlehem')
       group by ss_ticket_number
               ,ss_customer_sk
               ,ss_addr_sk,ca_city) dn
      ,customer
      ,customer_address current_addr
 where dn.ss_customer_sk = customer.c_customer_sk
   and customer.c_current_addr_sk = current_addr.ca_address_sk
   and current_addr.ca_city <> bought_city
 order by c_last_name
         ,ss_ticket_number
 limit 100
INFO  : Semantic Analysis Completed
INFO  : Returning Hive schema: Schema(fieldSchemas:[FieldSchema(name:c_last_name, type:string, comment:null), FieldSchema(name:c_first_name, type:string, comment:null), FieldSchema(name:ca_city, type:string, comment:null), FieldSchema(name:bought_city, type:string, comment:null), FieldSchema(name:ss_ticket_number, type:int, comment:null), FieldSchema(name:extended_price, type:double, comment:null), FieldSchema(name:extended_tax, type:double, comment:null), FieldSchema(name:list_price, type:double, comment:null)], properties:null)
INFO  : Completed compiling command(queryId=hive_20161019030534_157c2e13-b9ca-49fc-b3f9-d3d33b74cbba); Time taken: 0.677 seconds
INFO  : Concurrency mode is disabled, not creating a lock manager
INFO  : Executing command(queryId=hive_20161019030534_157c2e13-b9ca-49fc-b3f9-d3d33b74cbba): select  c_last_name
       ,c_first_name
       ,ca_city
       ,bought_city
       ,ss_ticket_number
       ,extended_price
       ,extended_tax
       ,list_price
 from (select ss_ticket_number
             ,ss_customer_sk
             ,ca_city bought_city
             ,sum(ss_ext_sales_price) extended_price 
             ,sum(ss_ext_list_price) list_price
             ,sum(ss_ext_tax) extended_tax 
       from store_sales
           ,date_dim
           ,store
           ,household_demographics
           ,customer_address 
       where store_sales.ss_sold_date_sk = date_dim.d_date_sk
         and store_sales.ss_store_sk = store.s_store_sk  
        and store_sales.ss_hdemo_sk = household_demographics.hd_demo_sk
        and store_sales.ss_addr_sk = customer_address.ca_address_sk
        and date_dim.d_dom between 1 and 2 
        and (household_demographics.hd_dep_count = 4 or
             household_demographics.hd_vehicle_count= 2)
        and date_dim.d_year in (1998,1998+1,1998+2)
        and store.s_city in ('Rosedale','Bethlehem')
       group by ss_ticket_number
               ,ss_customer_sk
               ,ss_addr_sk,ca_city) dn
      ,customer
      ,customer_address current_addr
 where dn.ss_customer_sk = customer.c_customer_sk
   and customer.c_current_addr_sk = current_addr.ca_address_sk
   and current_addr.ca_city <> bought_city
 order by c_last_name
         ,ss_ticket_number
 limit 100
INFO  : Query ID = hive_20161019030534_157c2e13-b9ca-49fc-b3f9-d3d33b74cbba
INFO  : Total jobs = 1
INFO  : Launching Job 1 out of 1
INFO  : Starting task [Stage-1:MAPRED] in serial mode
INFO  : Session is already open
INFO  : Dag name: select  c_last_name
       ,c_first_na...100(Stage-1)
INFO  : Setting tez.task.scale.memory.reserve-fraction to 0.30000001192092896
INFO  : Setting tez.task.scale.memory.reserve-fraction to 0.30000001192092896
INFO  : Setting tez.task.scale.memory.reserve-fraction to 0.30000001192092896
INFO  : Setting tez.task.scale.memory.reserve-fraction to 0.30000001192092896
INFO  : Tez session was closed. Reopening...
INFO  : Session re-established.
INFO  : 

INFO  : Status: Running (Executing on YARN cluster with App id application_1476716628816_0168)

INFO  : Map 1: -/-	Map 10: -/-	Map 11: -/-	Map 12: -/-	Map 7: -/-	Map 8: -/-	Map 9: -/-	Reducer 2: 0/1009	Reducer 3: 0/1009	Reducer 4: 0/1009	Reducer 5: 0/1009	Reducer 6: 0/1	
INFO  : Map 1: -/-	Map 10: 0/48	Map 11: 0/116	Map 12: 0/48	Map 7: 0/1	Map 8: 0/1	Map 9: 0/1	Reducer 2: 0/1009	Reducer 3: 0/1009	Reducer 4: 0/1009	Reducer 5: 0/1009	Reducer 6: 0/1	
INFO  : Map 1: -/-	Map 10: 0(+45)/48	Map 11: 0/116	Map 12: 0/48	Map 7: 0/1	Map 8: 0/1	Map 9: 0/1	Reducer 2: 0/1009	Reducer 3: 0/1009	Reducer 4: 0/1009	Reducer 5: 0/1009	Reducer 6: 0/1	
INFO  : Map 1: -/-	Map 10: 0(+48)/48	Map 11: 0(+116)/116	Map 12: 0(+48)/48	Map 7: 0(+1)/1	Map 8: 0(+1)/1	Map 9: 0(+1)/1	Reducer 2: 0/1009	Reducer 3: 0/1009	Reducer 4: 0/1009	Reducer 5: 0/1009	Reducer 6: 0/1	
INFO  : Map 1: -/-	Map 10: 0(+48)/48	Map 11: 0(+116)/116	Map 12: 0(+48)/48	Map 7: 0(+1)/1	Map 8: 1/1	Map 9: 0(+1)/1	Reducer 2: 0/1009	Reducer 3: 0/1009	Reducer 4: 0/1009	Reducer 5: 0/1009	Reducer 6: 0/1	
INFO  : Map 1: -/-	Map 10: 1(+47)/48	Map 11: 0(+116)/116	Map 12: 1(+47)/48	Map 7: 0(+1)/1	Map 8: 1/1	Map 9: 0(+1)/1	Reducer 2: 0/1009	Reducer 3: 0/1009	Reducer 4: 0/1009	Reducer 5: 0/1009	Reducer 6: 0/1	
INFO  : Map 1: -/-	Map 10: 3(+45)/48	Map 11: 0(+116)/116	Map 12: 2(+46)/48	Map 7: 1/1	Map 8: 1/1	Map 9: 0(+1)/1	Reducer 2: 0/1009	Reducer 3: 0/1009	Reducer 4: 0/1009	Reducer 5: 0/1009	Reducer 6: 0/1	
INFO  : Map 1: -/-	Map 10: 6(+40)/48	Map 11: 0(+116)/116	Map 12: 3(+45)/48	Map 7: 1/1	Map 8: 1/1	Map 9: 0/1	Reducer 2: 0/1009	Reducer 3: 0/1009	Reducer 4: 0/1009	Reducer 5: 0/1009	Reducer 6: 0/1	
INFO  : Map 1: -/-	Map 10: 8(+40)/48	Map 11: 1(+115)/116	Map 12: 3(+45)/48	Map 7: 1/1	Map 8: 1/1	Map 9: 1/1	Reducer 2: 0/1009	Reducer 3: 0/1009	Reducer 4: 0/1009	Reducer 5: 0/1009	Reducer 6: 0/1	
INFO  : Map 1: 0/127	Map 10: 10(+38)/48	Map 11: 1(+115)/116	Map 12: 7(+41)/48	Map 7: 1/1	Map 8: 1/1	Map 9: 1/1	Reducer 2: 0/1009	Reducer 3: 0/1009	Reducer 4: 0/1009	Reducer 5: 0/1009	Reducer 6: 0/1	
INFO  : Map 1: 0(+127)/127	Map 10: 10(+38)/48	Map 11: 2(+114)/116	Map 12: 9(+39)/48	Map 7: 1/1	Map 8: 1/1	Map 9: 1/1	Reducer 2: 0/1009	Reducer 3: 0/1009	Reducer 4: 0/1009	Reducer 5: 0/1009	Reducer 6: 0/1	
INFO  : Map 1: 0(+127)/127	Map 10: 10(+38)/48	Map 11: 4(+112)/116	Map 12: 10(+38)/48	Map 7: 1/1	Map 8: 1/1	Map 9: 1/1	Reducer 2: 0/1009	Reducer 3: 0/1009	Reducer 4: 0/1009	Reducer 5: 0/1009	Reducer 6: 0/1	
INFO  : Map 1: 0(+127)/127	Map 10: 15(+33)/48	Map 11: 9(+107)/116	Map 12: 14(+34)/48	Map 7: 1/1	Map 8: 1/1	Map 9: 1/1	Reducer 2: 0/1009	Reducer 3: 0/1009	Reducer 4: 0/1009	Reducer 5: 0/1009	Reducer 6: 0/1	
INFO  : Map 1: 0(+127)/127	Map 10: 17(+31)/48	Map 11: 11(+105)/116	Map 12: 17(+31)/48	Map 7: 1/1	Map 8: 1/1	Map 9: 1/1	Reducer 2: 0/1009	Reducer 3: 0/1009	Reducer 4: 0/1009	Reducer 5: 0/1009	Reducer 6: 0/1	
INFO  : Map 1: 0(+127)/127	Map 10: 17(+31)/48	Map 11: 12(+104)/116	Map 12: 18(+30)/48	Map 7: 1/1	Map 8: 1/1	Map 9: 1/1	Reducer 2: 0/1009	Reducer 3: 0/1009	Reducer 4: 0/1009	Reducer 5: 0/1009	Reducer 6: 0/1	
INFO  : Map 1: 0(+127)/127	Map 10: 19(+29)/48	Map 11: 27(+89)/116	Map 12: 21(+27)/48	Map 7: 1/1	Map 8: 1/1	Map 9: 1/1	Reducer 2: 0/1009	Reducer 3: 0/1009	Reducer 4: 0/1009	Reducer 5: 0/1009	Reducer 6: 0/1	
INFO  : Map 1: 0(+127)/127	Map 10: 22(+26)/48	Map 11: 45(+71)/116	Map 12: 23(+25)/48	Map 7: 1/1	Map 8: 1/1	Map 9: 1/1	Reducer 2: 0/1009	Reducer 3: 0/1009	Reducer 4: 0/1009	Reducer 5: 0/1009	Reducer 6: 0/1	
INFO  : Map 1: 0(+127)/127	Map 10: 25(+23)/48	Map 11: 50(+66)/116	Map 12: 27(+21)/48	Map 7: 1/1	Map 8: 1/1	Map 9: 1/1	Reducer 2: 0/1009	Reducer 3: 0/1009	Reducer 4: 0/1009	Reducer 5: 0/1009	Reducer 6: 0/1	
INFO  : Map 1: 0(+127)/127	Map 10: 27(+21)/48	Map 11: 57(+59)/116	Map 12: 27(+21)/48	Map 7: 1/1	Map 8: 1/1	Map 9: 1/1	Reducer 2: 0/1009	Reducer 3: 0/1009	Reducer 4: 0/1009	Reducer 5: 0/1009	Reducer 6: 0/1	
INFO  : Map 1: 1(+126)/127	Map 10: 28(+20)/48	Map 11: 57(+59)/116	Map 12: 27(+21)/48	Map 7: 1/1	Map 8: 1/1	Map 9: 1/1	Reducer 2: 0/1009	Reducer 3: 0/1009	Reducer 4: 0/1009	Reducer 5: 0/1009	Reducer 6: 0/1	
INFO  : Map 1: 1(+126)/127	Map 10: 28(+20)/48	Map 11: 59(+57)/116	Map 12: 28(+20)/48	Map 7: 1/1	Map 8: 1/1	Map 9: 1/1	Reducer 2: 0/1009	Reducer 3: 0/1009	Reducer 4: 0/1009	Reducer 5: 0/1009	Reducer 6: 0/1	
INFO  : Map 1: 1(+126)/127	Map 10: 32(+16)/48	Map 11: 64(+52)/116	Map 12: 32(+16)/48	Map 7: 1/1	Map 8: 1/1	Map 9: 1/1	Reducer 2: 0/1009	Reducer 3: 0/1009	Reducer 4: 0/1009	Reducer 5: 0/1009	Reducer 6: 0/1	
INFO  : Map 1: 1(+126)/127	Map 10: 32(+16)/48	Map 11: 71(+45)/116	Map 12: 32(+16)/48	Map 7: 1/1	Map 8: 1/1	Map 9: 1/1	Reducer 2: 0/1009	Reducer 3: 0/1009	Reducer 4: 0/1009	Reducer 5: 0/1009	Reducer 6: 0/1	
INFO  : Map 1: 2(+125)/127	Map 10: 32(+16)/48	Map 11: 71(+45)/116	Map 12: 32(+16)/48	Map 7: 1/1	Map 8: 1/1	Map 9: 1/1	Reducer 2: 0/1009	Reducer 3: 0/1009	Reducer 4: 0/1009	Reducer 5: 0/1009	Reducer 6: 0/1	
INFO  : Map 1: 3(+124)/127	Map 10: 32(+16)/48	Map 11: 71(+45)/116	Map 12: 32(+16)/48	Map 7: 1/1	Map 8: 1/1	Map 9: 1/1	Reducer 2: 0/1009	Reducer 3: 0/1009	Reducer 4: 0/1009	Reducer 5: 0/1009	Reducer 6: 0/1	
INFO  : Map 1: 3(+123)/127	Map 10: 32(+16)/48	Map 11: 72(+44)/116	Map 12: 32(+16)/48	Map 7: 1/1	Map 8: 1/1	Map 9: 1/1	Reducer 2: 0/1009	Reducer 3: 0/1009	Reducer 4: 0/1009	Reducer 5: 0/1009	Reducer 6: 0/1	
INFO  : Map 1: 6(+121)/127	Map 10: 32(+16)/48	Map 11: 72(+44)/116	Map 12: 32(+16)/48	Map 7: 1/1	Map 8: 1/1	Map 9: 1/1	Reducer 2: 0/1009	Reducer 3: 0/1009	Reducer 4: 0/1009	Reducer 5: 0/1009	Reducer 6: 0/1	
INFO  : Map 1: 7(+120)/127	Map 10: 32(+16)/48	Map 11: 72(+44)/116	Map 12: 32(+16)/48	Map 7: 1/1	Map 8: 1/1	Map 9: 1/1	Reducer 2: 0/1009	Reducer 3: 0/1009	Reducer 4: 0/1009	Reducer 5: 0/1009	Reducer 6: 0/1	
INFO  : Map 1: 8(+119)/127	Map 10: 32(+16)/48	Map 11: 72(+44)/116	Map 12: 32(+16)/48	Map 7: 1/1	Map 8: 1/1	Map 9: 1/1	Reducer 2: 0/1009	Reducer 3: 0/1009	Reducer 4: 0/1009	Reducer 5: 0/1009	Reducer 6: 0/1	
INFO  : Map 1: 10(+117)/127	Map 10: 32(+16)/48	Map 11: 72(+44)/116	Map 12: 32(+16)/48	Map 7: 1/1	Map 8: 1/1	Map 9: 1/1	Reducer 2: 0/1009	Reducer 3: 0/1009	Reducer 4: 0/1009	Reducer 5: 0/1009	Reducer 6: 0/1	
INFO  : Map 1: 13(+114)/127	Map 10: 32(+16)/48	Map 11: 72(+44)/116	Map 12: 32(+16)/48	Map 7: 1/1	Map 8: 1/1	Map 9: 1/1	Reducer 2: 0/1009	Reducer 3: 0/1009	Reducer 4: 0/1009	Reducer 5: 0/1009	Reducer 6: 0/1	
INFO  : Map 1: 14(+113)/127	Map 10: 32(+16)/48	Map 11: 72(+44)/116	Map 12: 32(+16)/48	Map 7: 1/1	Map 8: 1/1	Map 9: 1/1	Reducer 2: 0/1009	Reducer 3: 0/1009	Reducer 4: 0/1009	Reducer 5: 0/1009	Reducer 6: 0/1	
INFO  : Map 1: 15(+112)/127	Map 10: 32(+16)/48	Map 11: 72(+44)/116	Map 12: 32(+16)/48	Map 7: 1/1	Map 8: 1/1	Map 9: 1/1	Reducer 2: 0/1009	Reducer 3: 0/1009	Reducer 4: 0/1009	Reducer 5: 0/1009	Reducer 6: 0/1	
INFO  : Map 1: 16(+111)/127	Map 10: 32(+16)/48	Map 11: 72(+44)/116	Map 12: 32(+16)/48	Map 7: 1/1	Map 8: 1/1	Map 9: 1/1	Reducer 2: 0/1009	Reducer 3: 0/1009	Reducer 4: 0/1009	Reducer 5: 0/1009	Reducer 6: 0/1	
INFO  : Map 1: 17(+110)/127	Map 10: 33(+15)/48	Map 11: 72(+44)/116	Map 12: 33(+15)/48	Map 7: 1/1	Map 8: 1/1	Map 9: 1/1	Reducer 2: 0/1009	Reducer 3: 0/1009	Reducer 4: 0/1009	Reducer 5: 0/1009	Reducer 6: 0/1	
INFO  : Map 1: 17(+110)/127	Map 10: 33(+15)/48	Map 11: 72(+44)/116	Map 12: 33(+15)/48	Map 7: 1/1	Map 8: 1/1	Map 9: 1/1	Reducer 2: 0/1009	Reducer 3: 0/1009	Reducer 4: 0/1009	Reducer 5: 0/1009	Reducer 6: 0/1	
INFO  : Map 1: 69(+58)/127	Map 10: 45(+3)/48	Map 11: 102(+14)/116	Map 12: 47(+1)/48	Map 7: 1/1	Map 8: 1/1	Map 9: 1/1	Reducer 2: 0(+12)/1009	Reducer 3: 0/1009	Reducer 4: 0/1009	Reducer 5: 0/1009	Reducer 6: 0/1	
INFO  : Map 1: 74(+53)/127	Map 10: 48/48	Map 11: 116/116	Map 12: 48/48	Map 7: 1/1	Map 8: 1/1	Map 9: 1/1	Reducer 2: 0(+21)/1009	Reducer 3: 0/1009	Reducer 4: 0/1009	Reducer 5: 0/1009	Reducer 6: 0/1	
INFO  : Map 1: 76(+51)/127	Map 10: 48/48	Map 11: 116/116	Map 12: 48/48	Map 7: 1/1	Map 8: 1/1	Map 9: 1/1	Reducer 2: 0(+453)/1009	Reducer 3: 0/1009	Reducer 4: 0/1009	Reducer 5: 0/1009	Reducer 6: 0/1	
INFO  : Map 1: 77(+50)/127	Map 10: 48/48	Map 11: 116/116	Map 12: 48/48	Map 7: 1/1	Map 8: 1/1	Map 9: 1/1	Reducer 2: 0(+454)/1009	Reducer 3: 0/1009	Reducer 4: 0/1009	Reducer 5: 0/1009	Reducer 6: 0/1	
INFO  : Map 1: 78(+49)/127	Map 10: 48/48	Map 11: 116/116	Map 12: 48/48	Map 7: 1/1	Map 8: 1/1	Map 9: 1/1	Reducer 2: 0(+455)/1009	Reducer 3: 0/1009	Reducer 4: 0/1009	Reducer 5: 0/1009	Reducer 6: 0/1	
INFO  : Map 1: 83(+44)/127	Map 10: 48/48	Map 11: 116/116	Map 12: 48/48	Map 7: 1/1	Map 8: 1/1	Map 9: 1/1	Reducer 2: 0(+460)/1009	Reducer 3: 0/1009	Reducer 4: 0/1009	Reducer 5: 0/1009	Reducer 6: 0/1	
INFO  : Map 1: 87(+40)/127	Map 10: 48/48	Map 11: 116/116	Map 12: 48/48	Map 7: 1/1	Map 8: 1/1	Map 9: 1/1	Reducer 2: 0(+464)/1009	Reducer 3: 0/1009	Reducer 4: 0/1009	Reducer 5: 0/1009	Reducer 6: 0/1	
INFO  : Map 1: 90(+37)/127	Map 10: 48/48	Map 11: 116/116	Map 12: 48/48	Map 7: 1/1	Map 8: 1/1	Map 9: 1/1	Reducer 2: 0(+467)/1009	Reducer 3: 0/1009	Reducer 4: 0/1009	Reducer 5: 0/1009	Reducer 6: 0/1	
INFO  : Map 1: 126(+1)/127	Map 10: 48/48	Map 11: 116/116	Map 12: 48/48	Map 7: 1/1	Map 8: 1/1	Map 9: 1/1	Reducer 2: 0(+503)/1009	Reducer 3: 0/1009	Reducer 4: 0/1009	Reducer 5: 0/1009	Reducer 6: 0/1	
INFO  : Map 1: 127/127	Map 10: 48/48	Map 11: 116/116	Map 12: 48/48	Map 7: 1/1	Map 8: 1/1	Map 9: 1/1	Reducer 2: 0(+504)/1009	Reducer 3: 0/1009	Reducer 4: 0/1009	Reducer 5: 0/1009	Reducer 6: 0/1	
INFO  : Map 1: 127/127	Map 10: 48/48	Map 11: 116/116	Map 12: 48/48	Map 7: 1/1	Map 8: 1/1	Map 9: 1/1	Reducer 2: 3(+504)/1009	Reducer 3: 0/1009	Reducer 4: 0/1009	Reducer 5: 0/1009	Reducer 6: 0/1	
INFO  : Map 1: 127/127	Map 10: 48/48	Map 11: 116/116	Map 12: 48/48	Map 7: 1/1	Map 8: 1/1	Map 9: 1/1	Reducer 2: 20(+504)/1009	Reducer 3: 0/1009	Reducer 4: 0/1009	Reducer 5: 0/1009	Reducer 6: 0/1	
INFO  : Map 1: 127/127	Map 10: 48/48	Map 11: 116/116	Map 12: 48/48	Map 7: 1/1	Map 8: 1/1	Map 9: 1/1	Reducer 2: 48(+503)/1009	Reducer 3: 0/1009	Reducer 4: 0/1009	Reducer 5: 0/1009	Reducer 6: 0/1	
INFO  : Map 1: 127/127	Map 10: 48/48	Map 11: 116/116	Map 12: 48/48	Map 7: 1/1	Map 8: 1/1	Map 9: 1/1	Reducer 2: 77(+504)/1009	Reducer 3: 0/1009	Reducer 4: 0/1009	Reducer 5: 0/1009	Reducer 6: 0/1	
INFO  : Map 1: 127/127	Map 10: 48/48	Map 11: 116/116	Map 12: 48/48	Map 7: 1/1	Map 8: 1/1	Map 9: 1/1	Reducer 2: 127(+504)/1009	Reducer 3: 0/1009	Reducer 4: 0/1009	Reducer 5: 0/1009	Reducer 6: 0/1	
INFO  : Map 1: 127/127	Map 10: 48/48	Map 11: 116/116	Map 12: 48/48	Map 7: 1/1	Map 8: 1/1	Map 9: 1/1	Reducer 2: 141(+504)/1009	Reducer 3: 0/1009	Reducer 4: 0/1009	Reducer 5: 0/1009	Reducer 6: 0/1	
INFO  : Map 1: 127/127	Map 10: 48/48	Map 11: 116/116	Map 12: 48/48	Map 7: 1/1	Map 8: 1/1	Map 9: 1/1	Reducer 2: 151(+504)/1009	Reducer 3: 0/1009	Reducer 4: 0/1009	Reducer 5: 0/1009	Reducer 6: 0/1	
INFO  : Map 1: 127/127	Map 10: 48/48	Map 11: 116/116	Map 12: 48/48	Map 7: 1/1	Map 8: 1/1	Map 9: 1/1	Reducer 2: 165(+504)/1009	Reducer 3: 0/1009	Reducer 4: 0/1009	Reducer 5: 0/1009	Reducer 6: 0/1	
INFO  : Map 1: 127/127	Map 10: 48/48	Map 11: 116/116	Map 12: 48/48	Map 7: 1/1	Map 8: 1/1	Map 9: 1/1	Reducer 2: 192(+506)/1009	Reducer 3: 0/1009	Reducer 4: 0/1009	Reducer 5: 0/1009	Reducer 6: 0/1	
INFO  : Map 1: 127/127	Map 10: 48/48	Map 11: 116/116	Map 12: 48/48	Map 7: 1/1	Map 8: 1/1	Map 9: 1/1	Reducer 2: 227(+506)/1009	Reducer 3: 0/1009	Reducer 4: 0/1009	Reducer 5: 0/1009	Reducer 6: 0/1	
INFO  : Map 1: 127/127	Map 10: 48/48	Map 11: 116/116	Map 12: 48/48	Map 7: 1/1	Map 8: 1/1	Map 9: 1/1	Reducer 2: 260(+506)/1009	Reducer 3: 0/1009	Reducer 4: 0/1009	Reducer 5: 0/1009	Reducer 6: 0/1	
INFO  : Map 1: 127/127	Map 10: 48/48	Map 11: 116/116	Map 12: 48/48	Map 7: 1/1	Map 8: 1/1	Map 9: 1/1	Reducer 2: 284(+505)/1009	Reducer 3: 0/1009	Reducer 4: 0/1009	Reducer 5: 0/1009	Reducer 6: 0/1	
INFO  : Map 1: 127/127	Map 10: 48/48	Map 11: 116/116	Map 12: 48/48	Map 7: 1/1	Map 8: 1/1	Map 9: 1/1	Reducer 2: 339(+506)/1009	Reducer 3: 0/1009	Reducer 4: 0/1009	Reducer 5: 0/1009	Reducer 6: 0/1	
INFO  : Map 1: 127/127	Map 10: 48/48	Map 11: 116/116	Map 12: 48/48	Map 7: 1/1	Map 8: 1/1	Map 9: 1/1	Reducer 2: 373(+523)/1009	Reducer 3: 0/1009	Reducer 4: 0/1009	Reducer 5: 0/1009	Reducer 6: 0/1	
INFO  : Map 1: 127/127	Map 10: 48/48	Map 11: 116/116	Map 12: 48/48	Map 7: 1/1	Map 8: 1/1	Map 9: 1/1	Reducer 2: 378(+529)/1009	Reducer 3: 0/1009	Reducer 4: 0/1009	Reducer 5: 0/1009	Reducer 6: 0/1	
INFO  : Map 1: 127/127	Map 10: 48/48	Map 11: 116/116	Map 12: 48/48	Map 7: 1/1	Map 8: 1/1	Map 9: 1/1	Reducer 2: 406(+529)/1009	Reducer 3: 0/1009	Reducer 4: 0/1009	Reducer 5: 0/1009	Reducer 6: 0/1	
INFO  : Map 1: 127/127	Map 10: 48/48	Map 11: 116/116	Map 12: 48/48	Map 7: 1/1	Map 8: 1/1	Map 9: 1/1	Reducer 2: 433(+529)/1009	Reducer 3: 0/1009	Reducer 4: 0/1009	Reducer 5: 0/1009	Reducer 6: 0/1	
INFO  : Map 1: 127/127	Map 10: 48/48	Map 11: 116/116	Map 12: 48/48	Map 7: 1/1	Map 8: 1/1	Map 9: 1/1	Reducer 2: 440(+529)/1009	Reducer 3: 0/1009	Reducer 4: 0/1009	Reducer 5: 0/1009	Reducer 6: 0/1	
INFO  : Map 1: 127/127	Map 10: 48/48	Map 11: 116/116	Map 12: 48/48	Map 7: 1/1	Map 8: 1/1	Map 9: 1/1	Reducer 2: 467(+529)/1009	Reducer 3: 0/1009	Reducer 4: 0/1009	Reducer 5: 0/1009	Reducer 6: 0/1	
INFO  : Map 1: 127/127	Map 10: 48/48	Map 11: 116/116	Map 12: 48/48	Map 7: 1/1	Map 8: 1/1	Map 9: 1/1	Reducer 2: 489(+520)/1009	Reducer 3: 0/1009	Reducer 4: 0/1009	Reducer 5: 0/1009	Reducer 6: 0/1	
INFO  : Map 1: 127/127	Map 10: 48/48	Map 11: 116/116	Map 12: 48/48	Map 7: 1/1	Map 8: 1/1	Map 9: 1/1	Reducer 2: 507(+502)/1009	Reducer 3: 0/1009	Reducer 4: 0/1009	Reducer 5: 0/1009	Reducer 6: 0/1	
INFO  : Map 1: 127/127	Map 10: 48/48	Map 11: 116/116	Map 12: 48/48	Map 7: 1/1	Map 8: 1/1	Map 9: 1/1	Reducer 2: 532(+477)/1009	Reducer 3: 0/1009	Reducer 4: 0/1009	Reducer 5: 0/1009	Reducer 6: 0/1	
INFO  : Map 1: 127/127	Map 10: 48/48	Map 11: 116/116	Map 12: 48/48	Map 7: 1/1	Map 8: 1/1	Map 9: 1/1	Reducer 2: 554(+455)/1009	Reducer 3: 0/1009	Reducer 4: 0/1009	Reducer 5: 0/1009	Reducer 6: 0/1	
INFO  : Map 1: 127/127	Map 10: 48/48	Map 11: 116/116	Map 12: 48/48	Map 7: 1/1	Map 8: 1/1	Map 9: 1/1	Reducer 2: 570(+439)/1009	Reducer 3: 0/1009	Reducer 4: 0/1009	Reducer 5: 0/1009	Reducer 6: 0/1	
INFO  : Map 1: 127/127	Map 10: 48/48	Map 11: 116/116	Map 12: 48/48	Map 7: 1/1	Map 8: 1/1	Map 9: 1/1	Reducer 2: 585(+424)/1009	Reducer 3: 0/1009	Reducer 4: 0/1009	Reducer 5: 0/1009	Reducer 6: 0/1	
INFO  : Map 1: 127/127	Map 10: 48/48	Map 11: 116/116	Map 12: 48/48	Map 7: 1/1	Map 8: 1/1	Map 9: 1/1	Reducer 2: 620(+389)/1009	Reducer 3: 0/1009	Reducer 4: 0/1009	Reducer 5: 0/1009	Reducer 6: 0/1	
INFO  : Map 1: 127/127	Map 10: 48/48	Map 11: 116/116	Map 12: 48/48	Map 7: 1/1	Map 8: 1/1	Map 9: 1/1	Reducer 2: 685(+324)/1009	Reducer 3: 0/1009	Reducer 4: 0/1009	Reducer 5: 0/1009	Reducer 6: 0/1	
INFO  : Map 1: 127/127	Map 10: 48/48	Map 11: 116/116	Map 12: 48/48	Map 7: 1/1	Map 8: 1/1	Map 9: 1/1	Reducer 2: 724(+285)/1009	Reducer 3: 0/1009	Reducer 4: 0/1009	Reducer 5: 0/1009	Reducer 6: 0/1	
INFO  : Map 1: 127/127	Map 10: 48/48	Map 11: 116/116	Map 12: 48/48	Map 7: 1/1	Map 8: 1/1	Map 9: 1/1	Reducer 2: 731(+278)/1009	Reducer 3: 0/1009	Reducer 4: 0/1009	Reducer 5: 0/1009	Reducer 6: 0/1	
INFO  : Map 1: 127/127	Map 10: 48/48	Map 11: 116/116	Map 12: 48/48	Map 7: 1/1	Map 8: 1/1	Map 9: 1/1	Reducer 2: 751(+258)/1009	Reducer 3: 0/1009	Reducer 4: 0/1009	Reducer 5: 0/1009	Reducer 6: 0/1	
INFO  : Map 1: 127/127	Map 10: 48/48	Map 11: 116/116	Map 12: 48/48	Map 7: 1/1	Map 8: 1/1	Map 9: 1/1	Reducer 2: 773(+236)/1009	Reducer 3: 0(+2)/253	Reducer 4: 0/1009	Reducer 5: 0/1009	Reducer 6: 0/1	
INFO  : Map 1: 127/127	Map 10: 48/48	Map 11: 116/116	Map 12: 48/48	Map 7: 1/1	Map 8: 1/1	Map 9: 1/1	Reducer 2: 773(+236)/1009	Reducer 3: 0(+4)/253	Reducer 4: 0/1009	Reducer 5: 0/1009	Reducer 6: 0/1	
INFO  : Map 1: 127/127	Map 10: 48/48	Map 11: 116/116	Map 12: 48/48	Map 7: 1/1	Map 8: 1/1	Map 9: 1/1	Reducer 2: 781(+210)/1009	Reducer 3: 0(+253)/253	Reducer 4: 0/1009	Reducer 5: 0/1009	Reducer 6: 0/1	
INFO  : Map 1: 127/127	Map 10: 48/48	Map 11: 116/116	Map 12: 48/48	Map 7: 1/1	Map 8: 1/1	Map 9: 1/1	Reducer 2: 896(+113)/1009	Reducer 3: 0(+253)/253	Reducer 4: 0/1009	Reducer 5: 0/1009	Reducer 6: 0/1	
INFO  : Map 1: 127/127	Map 10: 48/48	Map 11: 116/116	Map 12: 48/48	Map 7: 1/1	Map 8: 1/1	Map 9: 1/1	Reducer 2: 898(+111)/1009	Reducer 3: 0(+253)/253	Reducer 4: 0/1009	Reducer 5: 0/1009	Reducer 6: 0/1	
INFO  : Map 1: 127/127	Map 10: 48/48	Map 11: 116/116	Map 12: 48/48	Map 7: 1/1	Map 8: 1/1	Map 9: 1/1	Reducer 2: 905(+104)/1009	Reducer 3: 0(+253)/253	Reducer 4: 0/1009	Reducer 5: 0/1009	Reducer 6: 0/1	
INFO  : Map 1: 127/127	Map 10: 48/48	Map 11: 116/116	Map 12: 48/48	Map 7: 1/1	Map 8: 1/1	Map 9: 1/1	Reducer 2: 914(+95)/1009	Reducer 3: 0(+253)/253	Reducer 4: 0/1009	Reducer 5: 0/1009	Reducer 6: 0/1	
INFO  : Map 1: 127/127	Map 10: 48/48	Map 11: 116/116	Map 12: 48/48	Map 7: 1/1	Map 8: 1/1	Map 9: 1/1	Reducer 2: 920(+89)/1009	Reducer 3: 0(+253)/253	Reducer 4: 0/1009	Reducer 5: 0/1009	Reducer 6: 0/1	
INFO  : Map 1: 127/127	Map 10: 48/48	Map 11: 116/116	Map 12: 48/48	Map 7: 1/1	Map 8: 1/1	Map 9: 1/1	Reducer 2: 921(+88)/1009	Reducer 3: 0(+253)/253	Reducer 4: 0/1009	Reducer 5: 0/1009	Reducer 6: 0/1	
INFO  : Map 1: 127/127	Map 10: 48/48	Map 11: 116/116	Map 12: 48/48	Map 7: 1/1	Map 8: 1/1	Map 9: 1/1	Reducer 2: 924(+85)/1009	Reducer 3: 0(+253)/253	Reducer 4: 0/1009	Reducer 5: 0/1009	Reducer 6: 0/1	
INFO  : Map 1: 127/127	Map 10: 48/48	Map 11: 116/116	Map 12: 48/48	Map 7: 1/1	Map 8: 1/1	Map 9: 1/1	Reducer 2: 928(+81)/1009	Reducer 3: 0(+253)/253	Reducer 4: 0/1009	Reducer 5: 0/1009	Reducer 6: 0/1	
INFO  : Map 1: 127/127	Map 10: 48/48	Map 11: 116/116	Map 12: 48/48	Map 7: 1/1	Map 8: 1/1	Map 9: 1/1	Reducer 2: 931(+78)/1009	Reducer 3: 0(+253)/253	Reducer 4: 0/1009	Reducer 5: 0/1009	Reducer 6: 0/1	
INFO  : Map 1: 127/127	Map 10: 48/48	Map 11: 116/116	Map 12: 48/48	Map 7: 1/1	Map 8: 1/1	Map 9: 1/1	Reducer 2: 942(+67)/1009	Reducer 3: 0(+253)/253	Reducer 4: 0/1009	Reducer 5: 0/1009	Reducer 6: 0/1	
INFO  : Map 1: 127/127	Map 10: 48/48	Map 11: 116/116	Map 12: 48/48	Map 7: 1/1	Map 8: 1/1	Map 9: 1/1	Reducer 2: 944(+65)/1009	Reducer 3: 0(+253)/253	Reducer 4: 0/1009	Reducer 5: 0/1009	Reducer 6: 0/1	
INFO  : Map 1: 127/127	Map 10: 48/48	Map 11: 116/116	Map 12: 48/48	Map 7: 1/1	Map 8: 1/1	Map 9: 1/1	Reducer 2: 948(+61)/1009	Reducer 3: 0(+253)/253	Reducer 4: 0/1009	Reducer 5: 0/1009	Reducer 6: 0/1	
INFO  : Map 1: 127/127	Map 10: 48/48	Map 11: 116/116	Map 12: 48/48	Map 7: 1/1	Map 8: 1/1	Map 9: 1/1	Reducer 2: 960(+49)/1009	Reducer 3: 0(+253)/253	Reducer 4: 0/1009	Reducer 5: 0/1009	Reducer 6: 0/1	
INFO  : Map 1: 127/127	Map 10: 48/48	Map 11: 116/116	Map 12: 48/48	Map 7: 1/1	Map 8: 1/1	Map 9: 1/1	Reducer 2: 962(+47)/1009	Reducer 3: 0(+253)/253	Reducer 4: 0/1009	Reducer 5: 0/1009	Reducer 6: 0/1	
INFO  : Map 1: 127/127	Map 10: 48/48	Map 11: 116/116	Map 12: 48/48	Map 7: 1/1	Map 8: 1/1	Map 9: 1/1	Reducer 2: 976(+33)/1009	Reducer 3: 0(+253)/253	Reducer 4: 0/1009	Reducer 5: 0/1009	Reducer 6: 0/1	
INFO  : Map 1: 127/127	Map 10: 48/48	Map 11: 116/116	Map 12: 48/48	Map 7: 1/1	Map 8: 1/1	Map 9: 1/1	Reducer 2: 979(+30)/1009	Reducer 3: 0(+253)/253	Reducer 4: 0/1009	Reducer 5: 0/1009	Reducer 6: 0/1	
INFO  : Map 1: 127/127	Map 10: 48/48	Map 11: 116/116	Map 12: 48/48	Map 7: 1/1	Map 8: 1/1	Map 9: 1/1	Reducer 2: 982(+27)/1009	Reducer 3: 0(+253)/253	Reducer 4: 0/1009	Reducer 5: 0/1009	Reducer 6: 0/1	
INFO  : Map 1: 127/127	Map 10: 48/48	Map 11: 116/116	Map 12: 48/48	Map 7: 1/1	Map 8: 1/1	Map 9: 1/1	Reducer 2: 988(+21)/1009	Reducer 3: 0(+253)/253	Reducer 4: 0/1009	Reducer 5: 0/1009	Reducer 6: 0/1	
INFO  : Map 1: 127/127	Map 10: 48/48	Map 11: 116/116	Map 12: 48/48	Map 7: 1/1	Map 8: 1/1	Map 9: 1/1	Reducer 2: 988(+21)/1009	Reducer 3: 0(+253)/253	Reducer 4: 0/1009	Reducer 5: 0/1009	Reducer 6: 0/1	
INFO  : Map 1: 127/127	Map 10: 48/48	Map 11: 116/116	Map 12: 48/48	Map 7: 1/1	Map 8: 1/1	Map 9: 1/1	Reducer 2: 1001(+8)/1009	Reducer 3: 0(+253)/253	Reducer 4: 0/1009	Reducer 5: 0/1009	Reducer 6: 0/1	
INFO  : Map 1: 127/127	Map 10: 48/48	Map 11: 116/116	Map 12: 48/48	Map 7: 1/1	Map 8: 1/1	Map 9: 1/1	Reducer 2: 1004(+5)/1009	Reducer 3: 0(+253)/253	Reducer 4: 0/1009	Reducer 5: 0/1009	Reducer 6: 0/1	
INFO  : Map 1: 127/127	Map 10: 48/48	Map 11: 116/116	Map 12: 48/48	Map 7: 1/1	Map 8: 1/1	Map 9: 1/1	Reducer 2: 1009/1009	Reducer 3: 3(+250)/253	Reducer 4: 0/1009	Reducer 5: 0/1009	Reducer 6: 0/1	
INFO  : Map 1: 127/127	Map 10: 48/48	Map 11: 116/116	Map 12: 48/48	Map 7: 1/1	Map 8: 1/1	Map 9: 1/1	Reducer 2: 1009/1009	Reducer 3: 17(+236)/253	Reducer 4: 0/1009	Reducer 5: 0/1009	Reducer 6: 0/1	
INFO  : Map 1: 127/127	Map 10: 48/48	Map 11: 116/116	Map 12: 48/48	Map 7: 1/1	Map 8: 1/1	Map 9: 1/1	Reducer 2: 1009/1009	Reducer 3: 25(+228)/253	Reducer 4: 0/1009	Reducer 5: 0/1009	Reducer 6: 0/1	
INFO  : Map 1: 127/127	Map 10: 48/48	Map 11: 116/116	Map 12: 48/48	Map 7: 1/1	Map 8: 1/1	Map 9: 1/1	Reducer 2: 1009/1009	Reducer 3: 50(+203)/253	Reducer 4: 0/1009	Reducer 5: 0/1009	Reducer 6: 0/1	
INFO  : Map 1: 127/127	Map 10: 48/48	Map 11: 116/116	Map 12: 48/48	Map 7: 1/1	Map 8: 1/1	Map 9: 1/1	Reducer 2: 1009/1009	Reducer 3: 80(+173)/253	Reducer 4: 0(+76)/1009	Reducer 5: 0/1009	Reducer 6: 0/1	
INFO  : Map 1: 127/127	Map 10: 48/48	Map 11: 116/116	Map 12: 48/48	Map 7: 1/1	Map 8: 1/1	Map 9: 1/1	Reducer 2: 1009/1009	Reducer 3: 80(+172)/253	Reducer 4: 0(+331)/1009	Reducer 5: 0/1009	Reducer 6: 0/1	
INFO  : Map 1: 127/127	Map 10: 48/48	Map 11: 116/116	Map 12: 48/48	Map 7: 1/1	Map 8: 1/1	Map 9: 1/1	Reducer 2: 1009/1009	Reducer 3: 96(+157)/253	Reducer 4: 0(+347)/1009	Reducer 5: 0/1009	Reducer 6: 0/1	
INFO  : Map 1: 127/127	Map 10: 48/48	Map 11: 116/116	Map 12: 48/48	Map 7: 1/1	Map 8: 1/1	Map 9: 1/1	Reducer 2: 1009/1009	Reducer 3: 109(+144)/253	Reducer 4: 0(+359)/1009	Reducer 5: 0/1009	Reducer 6: 0/1	
INFO  : Map 1: 127/127	Map 10: 48/48	Map 11: 116/116	Map 12: 48/48	Map 7: 1/1	Map 8: 1/1	Map 9: 1/1	Reducer 2: 1009/1009	Reducer 3: 148(+105)/253	Reducer 4: 0(+399)/1009	Reducer 5: 0/1009	Reducer 6: 0/1	
INFO  : Map 1: 127/127	Map 10: 48/48	Map 11: 116/116	Map 12: 48/48	Map 7: 1/1	Map 8: 1/1	Map 9: 1/1	Reducer 2: 1009/1009	Reducer 3: 182(+71)/253	Reducer 4: 0(+444)/1009	Reducer 5: 0/1009	Reducer 6: 0/1	
INFO  : Map 1: 127/127	Map 10: 48/48	Map 11: 116/116	Map 12: 48/48	Map 7: 1/1	Map 8: 1/1	Map 9: 1/1	Reducer 2: 1009/1009	Reducer 3: 182(+71)/253	Reducer 4: 0(+456)/1009	Reducer 5: 0/1009	Reducer 6: 0/1	
INFO  : Map 1: 127/127	Map 10: 48/48	Map 11: 116/116	Map 12: 48/48	Map 7: 1/1	Map 8: 1/1	Map 9: 1/1	Reducer 2: 1009/1009	Reducer 3: 206(+47)/253	Reducer 4: 0(+480)/1009	Reducer 5: 0/1009	Reducer 6: 0/1	
INFO  : Map 1: 127/127	Map 10: 48/48	Map 11: 116/116	Map 12: 48/48	Map 7: 1/1	Map 8: 1/1	Map 9: 1/1	Reducer 2: 1009/1009	Reducer 3: 206(+47)/253	Reducer 4: 0(+486)/1009	Reducer 5: 0/1009	Reducer 6: 0/1	
INFO  : Map 1: 127/127	Map 10: 48/48	Map 11: 116/116	Map 12: 48/48	Map 7: 1/1	Map 8: 1/1	Map 9: 1/1	Reducer 2: 1009/1009	Reducer 3: 206(+47)/253	Reducer 4: 0(+486)/1009	Reducer 5: 0/1009	Reducer 6: 0/1	
INFO  : Map 1: 127/127	Map 10: 48/48	Map 11: 116/116	Map 12: 48/48	Map 7: 1/1	Map 8: 1/1	Map 9: 1/1	Reducer 2: 1009/1009	Reducer 3: 221(+32)/253	Reducer 4: 0(+501)/1009	Reducer 5: 0/1009	Reducer 6: 0/1	
INFO  : Map 1: 127/127	Map 10: 48/48	Map 11: 116/116	Map 12: 48/48	Map 7: 1/1	Map 8: 1/1	Map 9: 1/1	Reducer 2: 1009/1009	Reducer 3: 231(+22)/253	Reducer 4: 0(+511)/1009	Reducer 5: 0/1009	Reducer 6: 0/1	
INFO  : Map 1: 127/127	Map 10: 48/48	Map 11: 116/116	Map 12: 48/48	Map 7: 1/1	Map 8: 1/1	Map 9: 1/1	Reducer 2: 1009/1009	Reducer 3: 253/253	Reducer 4: 0(+535)/1009	Reducer 5: 0/1009	Reducer 6: 0/1	
INFO  : Map 1: 127/127	Map 10: 48/48	Map 11: 116/116	Map 12: 48/48	Map 7: 1/1	Map 8: 1/1	Map 9: 1/1	Reducer 2: 1009/1009	Reducer 3: 253/253	Reducer 4: 0(+536)/1009	Reducer 5: 0/1009	Reducer 6: 0/1	
INFO  : Map 1: 127/127	Map 10: 48/48	Map 11: 116/116	Map 12: 48/48	Map 7: 1/1	Map 8: 1/1	Map 9: 1/1	Reducer 2: 1009/1009	Reducer 3: 253/253	Reducer 4: 0(+540)/1009	Reducer 5: 0/1009	Reducer 6: 0/1	
INFO  : Map 1: 127/127	Map 10: 48/48	Map 11: 116/116	Map 12: 48/48	Map 7: 1/1	Map 8: 1/1	Map 9: 1/1	Reducer 2: 1009/1009	Reducer 3: 253/253	Reducer 4: 1(+540)/1009	Reducer 5: 0/1009	Reducer 6: 0/1	
INFO  : Map 1: 127/127	Map 10: 48/48	Map 11: 116/116	Map 12: 48/48	Map 7: 1/1	Map 8: 1/1	Map 9: 1/1	Reducer 2: 1009/1009	Reducer 3: 253/253	Reducer 4: 2(+540)/1009	Reducer 5: 0/1009	Reducer 6: 0/1	
INFO  : Map 1: 127/127	Map 10: 48/48	Map 11: 116/116	Map 12: 48/48	Map 7: 1/1	Map 8: 1/1	Map 9: 1/1	Reducer 2: 1009/1009	Reducer 3: 253/253	Reducer 4: 9(+540)/1009	Reducer 5: 0/1009	Reducer 6: 0/1	
INFO  : Map 1: 127/127	Map 10: 48/48	Map 11: 116/116	Map 12: 48/48	Map 7: 1/1	Map 8: 1/1	Map 9: 1/1	Reducer 2: 1009/1009	Reducer 3: 253/253	Reducer 4: 10(+540)/1009	Reducer 5: 0/1009	Reducer 6: 0/1	
INFO  : Map 1: 127/127	Map 10: 48/48	Map 11: 116/116	Map 12: 48/48	Map 7: 1/1	Map 8: 1/1	Map 9: 1/1	Reducer 2: 1009/1009	Reducer 3: 253/253	Reducer 4: 13(+540)/1009	Reducer 5: 0/1009	Reducer 6: 0/1	
INFO  : Map 1: 127/127	Map 10: 48/48	Map 11: 116/116	Map 12: 48/48	Map 7: 1/1	Map 8: 1/1	Map 9: 1/1	Reducer 2: 1009/1009	Reducer 3: 253/253	Reducer 4: 16(+540)/1009	Reducer 5: 0/1009	Reducer 6: 0/1	
INFO  : Map 1: 127/127	Map 10: 48/48	Map 11: 116/116	Map 12: 48/48	Map 7: 1/1	Map 8: 1/1	Map 9: 1/1	Reducer 2: 1009/1009	Reducer 3: 253/253	Reducer 4: 20(+540)/1009	Reducer 5: 0/1009	Reducer 6: 0/1	
INFO  : Map 1: 127/127	Map 10: 48/48	Map 11: 116/116	Map 12: 48/48	Map 7: 1/1	Map 8: 1/1	Map 9: 1/1	Reducer 2: 1009/1009	Reducer 3: 253/253	Reducer 4: 57(+540)/1009	Reducer 5: 0/1009	Reducer 6: 0/1	
INFO  : Map 1: 127/127	Map 10: 48/48	Map 11: 116/116	Map 12: 48/48	Map 7: 1/1	Map 8: 1/1	Map 9: 1/1	Reducer 2: 1009/1009	Reducer 3: 253/253	Reducer 4: 63(+540)/1009	Reducer 5: 0/1009	Reducer 6: 0/1	
INFO  : Map 1: 127/127	Map 10: 48/48	Map 11: 116/116	Map 12: 48/48	Map 7: 1/1	Map 8: 1/1	Map 9: 1/1	Reducer 2: 1009/1009	Reducer 3: 253/253	Reducer 4: 113(+542)/1009	Reducer 5: 0/1009	Reducer 6: 0/1	
INFO  : Map 1: 127/127	Map 10: 48/48	Map 11: 116/116	Map 12: 48/48	Map 7: 1/1	Map 8: 1/1	Map 9: 1/1	Reducer 2: 1009/1009	Reducer 3: 253/253	Reducer 4: 113(+550)/1009	Reducer 5: 0/1009	Reducer 6: 0/1	
INFO  : Map 1: 127/127	Map 10: 48/48	Map 11: 116/116	Map 12: 48/48	Map 7: 1/1	Map 8: 1/1	Map 9: 1/1	Reducer 2: 1009/1009	Reducer 3: 253/253	Reducer 4: 126(+537)/1009	Reducer 5: 0/1009	Reducer 6: 0/1	
INFO  : Map 1: 127/127	Map 10: 48/48	Map 11: 116/116	Map 12: 48/48	Map 7: 1/1	Map 8: 1/1	Map 9: 1/1	Reducer 2: 1009/1009	Reducer 3: 253/253	Reducer 4: 151(+571)/1009	Reducer 5: 0/1009	Reducer 6: 0/1	
INFO  : Map 1: 127/127	Map 10: 48/48	Map 11: 116/116	Map 12: 48/48	Map 7: 1/1	Map 8: 1/1	Map 9: 1/1	Reducer 2: 1009/1009	Reducer 3: 253/253	Reducer 4: 160(+600)/1009	Reducer 5: 0/1009	Reducer 6: 0/1	
INFO  : Map 1: 127/127	Map 10: 48/48	Map 11: 116/116	Map 12: 48/48	Map 7: 1/1	Map 8: 1/1	Map 9: 1/1	Reducer 2: 1009/1009	Reducer 3: 253/253	Reducer 4: 160(+613)/1009	Reducer 5: 0/1009	Reducer 6: 0/1	
INFO  : Map 1: 127/127	Map 10: 48/48	Map 11: 116/116	Map 12: 48/48	Map 7: 1/1	Map 8: 1/1	Map 9: 1/1	Reducer 2: 1009/1009	Reducer 3: 253/253	Reducer 4: 170(+613)/1009	Reducer 5: 0/1009	Reducer 6: 0/1	
INFO  : Map 1: 127/127	Map 10: 48/48	Map 11: 116/116	Map 12: 48/48	Map 7: 1/1	Map 8: 1/1	Map 9: 1/1	Reducer 2: 1009/1009	Reducer 3: 253/253	Reducer 4: 175(+613)/1009	Reducer 5: 0/1009	Reducer 6: 0/1	
INFO  : Map 1: 127/127	Map 10: 48/48	Map 11: 116/116	Map 12: 48/48	Map 7: 1/1	Map 8: 1/1	Map 9: 1/1	Reducer 2: 1009/1009	Reducer 3: 253/253	Reducer 4: 188(+613)/1009	Reducer 5: 0/1009	Reducer 6: 0/1	
INFO  : Map 1: 127/127	Map 10: 48/48	Map 11: 116/116	Map 12: 48/48	Map 7: 1/1	Map 8: 1/1	Map 9: 1/1	Reducer 2: 1009/1009	Reducer 3: 253/253	Reducer 4: 219(+613)/1009	Reducer 5: 0/1009	Reducer 6: 0/1	
INFO  : Map 1: 127/127	Map 10: 48/48	Map 11: 116/116	Map 12: 48/48	Map 7: 1/1	Map 8: 1/1	Map 9: 1/1	Reducer 2: 1009/1009	Reducer 3: 253/253	Reducer 4: 220(+613)/1009	Reducer 5: 0/1009	Reducer 6: 0/1	
INFO  : Map 1: 127/127	Map 10: 48/48	Map 11: 116/116	Map 12: 48/48	Map 7: 1/1	Map 8: 1/1	Map 9: 1/1	Reducer 2: 1009/1009	Reducer 3: 253/253	Reducer 4: 240(+613)/1009	Reducer 5: 0/1009	Reducer 6: 0/1	
INFO  : Map 1: 127/127	Map 10: 48/48	Map 11: 116/116	Map 12: 48/48	Map 7: 1/1	Map 8: 1/1	Map 9: 1/1	Reducer 2: 1009/1009	Reducer 3: 253/253	Reducer 4: 245(+627)/1009	Reducer 5: 0/1009	Reducer 6: 0/1	
INFO  : Map 1: 127/127	Map 10: 48/48	Map 11: 116/116	Map 12: 48/48	Map 7: 1/1	Map 8: 1/1	Map 9: 1/1	Reducer 2: 1009/1009	Reducer 3: 253/253	Reducer 4: 251(+627)/1009	Reducer 5: 0/1009	Reducer 6: 0/1	
INFO  : Map 1: 127/127	Map 10: 48/48	Map 11: 116/116	Map 12: 48/48	Map 7: 1/1	Map 8: 1/1	Map 9: 1/1	Reducer 2: 1009/1009	Reducer 3: 253/253	Reducer 4: 284(+602)/1009	Reducer 5: 0/1009	Reducer 6: 0/1	
INFO  : Map 1: 127/127	Map 10: 48/48	Map 11: 116/116	Map 12: 48/48	Map 7: 1/1	Map 8: 1/1	Map 9: 1/1	Reducer 2: 1009/1009	Reducer 3: 253/253	Reducer 4: 310(+627)/1009	Reducer 5: 0/1009	Reducer 6: 0/1	
INFO  : Map 1: 127/127	Map 10: 48/48	Map 11: 116/116	Map 12: 48/48	Map 7: 1/1	Map 8: 1/1	Map 9: 1/1	Reducer 2: 1009/1009	Reducer 3: 253/253	Reducer 4: 313(+627)/1009	Reducer 5: 0/1009	Reducer 6: 0/1	
INFO  : Map 1: 127/127	Map 10: 48/48	Map 11: 116/116	Map 12: 48/48	Map 7: 1/1	Map 8: 1/1	Map 9: 1/1	Reducer 2: 1009/1009	Reducer 3: 253/253	Reducer 4: 318(+622)/1009	Reducer 5: 0/1009	Reducer 6: 0/1	
INFO  : Map 1: 127/127	Map 10: 48/48	Map 11: 116/116	Map 12: 48/48	Map 7: 1/1	Map 8: 1/1	Map 9: 1/1	Reducer 2: 1009/1009	Reducer 3: 253/253	Reducer 4: 318(+627)/1009	Reducer 5: 0/1009	Reducer 6: 0/1	
INFO  : Map 1: 127/127	Map 10: 48/48	Map 11: 116/116	Map 12: 48/48	Map 7: 1/1	Map 8: 1/1	Map 9: 1/1	Reducer 2: 1009/1009	Reducer 3: 253/253	Reducer 4: 319(+627)/1009	Reducer 5: 0/1009	Reducer 6: 0/1	
INFO  : Map 1: 127/127	Map 10: 48/48	Map 11: 116/116	Map 12: 48/48	Map 7: 1/1	Map 8: 1/1	Map 9: 1/1	Reducer 2: 1009/1009	Reducer 3: 253/253	Reducer 4: 363(+616)/1009	Reducer 5: 0/1009	Reducer 6: 0/1	
INFO  : Map 1: 127/127	Map 10: 48/48	Map 11: 116/116	Map 12: 48/48	Map 7: 1/1	Map 8: 1/1	Map 9: 1/1	Reducer 2: 1009/1009	Reducer 3: 253/253	Reducer 4: 368(+641)/1009	Reducer 5: 0/1009	Reducer 6: 0/1	
INFO  : Map 1: 127/127	Map 10: 48/48	Map 11: 116/116	Map 12: 48/48	Map 7: 1/1	Map 8: 1/1	Map 9: 1/1	Reducer 2: 1009/1009	Reducer 3: 253/253	Reducer 4: 373(+636)/1009	Reducer 5: 0/1009	Reducer 6: 0/1	
INFO  : Map 1: 127/127	Map 10: 48/48	Map 11: 116/116	Map 12: 48/48	Map 7: 1/1	Map 8: 1/1	Map 9: 1/1	Reducer 2: 1009/1009	Reducer 3: 253/253	Reducer 4: 374(+635)/1009	Reducer 5: 0/1009	Reducer 6: 0/1	
INFO  : Map 1: 127/127	Map 10: 48/48	Map 11: 116/116	Map 12: 48/48	Map 7: 1/1	Map 8: 1/1	Map 9: 1/1	Reducer 2: 1009/1009	Reducer 3: 253/253	Reducer 4: 382(+627)/1009	Reducer 5: 0/1009	Reducer 6: 0/1	
INFO  : Map 1: 127/127	Map 10: 48/48	Map 11: 116/116	Map 12: 48/48	Map 7: 1/1	Map 8: 1/1	Map 9: 1/1	Reducer 2: 1009/1009	Reducer 3: 253/253	Reducer 4: 410(+599)/1009	Reducer 5: 0/1009	Reducer 6: 0/1	
INFO  : Map 1: 127/127	Map 10: 48/48	Map 11: 116/116	Map 12: 48/48	Map 7: 1/1	Map 8: 1/1	Map 9: 1/1	Reducer 2: 1009/1009	Reducer 3: 253/253	Reducer 4: 415(+594)/1009	Reducer 5: 0/1009	Reducer 6: 0/1	
INFO  : Map 1: 127/127	Map 10: 48/48	Map 11: 116/116	Map 12: 48/48	Map 7: 1/1	Map 8: 1/1	Map 9: 1/1	Reducer 2: 1009/1009	Reducer 3: 253/253	Reducer 4: 417(+592)/1009	Reducer 5: 0/1009	Reducer 6: 0/1	
INFO  : Map 1: 127/127	Map 10: 48/48	Map 11: 116/116	Map 12: 48/48	Map 7: 1/1	Map 8: 1/1	Map 9: 1/1	Reducer 2: 1009/1009	Reducer 3: 253/253	Reducer 4: 418(+591)/1009	Reducer 5: 0/1009	Reducer 6: 0/1	
INFO  : Map 1: 127/127	Map 10: 48/48	Map 11: 116/116	Map 12: 48/48	Map 7: 1/1	Map 8: 1/1	Map 9: 1/1	Reducer 2: 1009/1009	Reducer 3: 253/253	Reducer 4: 424(+585)/1009	Reducer 5: 0/1009	Reducer 6: 0/1	
INFO  : Map 1: 127/127	Map 10: 48/48	Map 11: 116/116	Map 12: 48/48	Map 7: 1/1	Map 8: 1/1	Map 9: 1/1	Reducer 2: 1009/1009	Reducer 3: 253/253	Reducer 4: 462(+547)/1009	Reducer 5: 0/1009	Reducer 6: 0/1	
INFO  : Map 1: 127/127	Map 10: 48/48	Map 11: 116/116	Map 12: 48/48	Map 7: 1/1	Map 8: 1/1	Map 9: 1/1	Reducer 2: 1009/1009	Reducer 3: 253/253	Reducer 4: 464(+545)/1009	Reducer 5: 0/1009	Reducer 6: 0/1	
INFO  : Map 1: 127/127	Map 10: 48/48	Map 11: 116/116	Map 12: 48/48	Map 7: 1/1	Map 8: 1/1	Map 9: 1/1	Reducer 2: 1009/1009	Reducer 3: 253/253	Reducer 4: 474(+535)/1009	Reducer 5: 0/1009	Reducer 6: 0/1	
INFO  : Map 1: 127/127	Map 10: 48/48	Map 11: 116/116	Map 12: 48/48	Map 7: 1/1	Map 8: 1/1	Map 9: 1/1	Reducer 2: 1009/1009	Reducer 3: 253/253	Reducer 4: 477(+532)/1009	Reducer 5: 0/1009	Reducer 6: 0/1	
INFO  : Map 1: 127/127	Map 10: 48/48	Map 11: 116/116	Map 12: 48/48	Map 7: 1/1	Map 8: 1/1	Map 9: 1/1	Reducer 2: 1009/1009	Reducer 3: 253/253	Reducer 4: 501(+508)/1009	Reducer 5: 0/1009	Reducer 6: 0/1	
INFO  : Map 1: 127/127	Map 10: 48/48	Map 11: 116/116	Map 12: 48/48	Map 7: 1/1	Map 8: 1/1	Map 9: 1/1	Reducer 2: 1009/1009	Reducer 3: 253/253	Reducer 4: 519(+490)/1009	Reducer 5: 0(+16)/1009	Reducer 6: 0/1	
INFO  : Map 1: 127/127	Map 10: 48/48	Map 11: 116/116	Map 12: 48/48	Map 7: 1/1	Map 8: 1/1	Map 9: 1/1	Reducer 2: 1009/1009	Reducer 3: 253/253	Reducer 4: 524(+485)/1009	Reducer 5: 0(+23)/1009	Reducer 6: 0/1	
INFO  : Map 1: 127/127	Map 10: 48/48	Map 11: 116/116	Map 12: 48/48	Map 7: 1/1	Map 8: 1/1	Map 9: 1/1	Reducer 2: 1009/1009	Reducer 3: 253/253	Reducer 4: 552(+457)/1009	Reducer 5: 0(+57)/1009	Reducer 6: 0/1	
INFO  : Map 1: 127/127	Map 10: 48/48	Map 11: 116/116	Map 12: 48/48	Map 7: 1/1	Map 8: 1/1	Map 9: 1/1	Reducer 2: 1009/1009	Reducer 3: 253/253	Reducer 4: 574(+435)/1009	Reducer 5: 0(+123)/1009	Reducer 6: 0/1	
INFO  : Map 1: 127/127	Map 10: 48/48	Map 11: 116/116	Map 12: 48/48	Map 7: 1/1	Map 8: 1/1	Map 9: 1/1	Reducer 2: 1009/1009	Reducer 3: 253/253	Reducer 4: 574(+435)/1009	Reducer 5: 0(+149)/1009	Reducer 6: 0/1	
INFO  : Map 1: 127/127	Map 10: 48/48	Map 11: 116/116	Map 12: 48/48	Map 7: 1/1	Map 8: 1/1	Map 9: 1/1	Reducer 2: 1009/1009	Reducer 3: 253/253	Reducer 4: 580(+429)/1009	Reducer 5: 0(+157)/1009	Reducer 6: 0/1	
INFO  : Map 1: 127/127	Map 10: 48/48	Map 11: 116/116	Map 12: 48/48	Map 7: 1/1	Map 8: 1/1	Map 9: 1/1	Reducer 2: 1009/1009	Reducer 3: 253/253	Reducer 4: 584(+425)/1009	Reducer 5: 0(+161)/1009	Reducer 6: 0/1	
INFO  : Map 1: 127/127	Map 10: 48/48	Map 11: 116/116	Map 12: 48/48	Map 7: 1/1	Map 8: 1/1	Map 9: 1/1	Reducer 2: 1009/1009	Reducer 3: 253/253	Reducer 4: 607(+402)/1009	Reducer 5: 0(+184)/1009	Reducer 6: 0/1	
INFO  : Map 1: 127/127	Map 10: 48/48	Map 11: 116/116	Map 12: 48/48	Map 7: 1/1	Map 8: 1/1	Map 9: 1/1	Reducer 2: 1009/1009	Reducer 3: 253/253	Reducer 4: 616(+393)/1009	Reducer 5: 0(+193)/1009	Reducer 6: 0/1	
INFO  : Map 1: 127/127	Map 10: 48/48	Map 11: 116/116	Map 12: 48/48	Map 7: 1/1	Map 8: 1/1	Map 9: 1/1	Reducer 2: 1009/1009	Reducer 3: 253/253	Reducer 4: 649(+360)/1009	Reducer 5: 0(+226)/1009	Reducer 6: 0/1	
INFO  : Map 1: 127/127	Map 10: 48/48	Map 11: 116/116	Map 12: 48/48	Map 7: 1/1	Map 8: 1/1	Map 9: 1/1	Reducer 2: 1009/1009	Reducer 3: 253/253	Reducer 4: 650(+359)/1009	Reducer 5: 0(+227)/1009	Reducer 6: 0/1	
INFO  : Map 1: 127/127	Map 10: 48/48	Map 11: 116/116	Map 12: 48/48	Map 7: 1/1	Map 8: 1/1	Map 9: 1/1	Reducer 2: 1009/1009	Reducer 3: 253/253	Reducer 4: 651(+358)/1009	Reducer 5: 0(+228)/1009	Reducer 6: 0/1	
INFO  : Map 1: 127/127	Map 10: 48/48	Map 11: 116/116	Map 12: 48/48	Map 7: 1/1	Map 8: 1/1	Map 9: 1/1	Reducer 2: 1009/1009	Reducer 3: 253/253	Reducer 4: 652(+357)/1009	Reducer 5: 0(+229)/1009	Reducer 6: 0/1	
INFO  : Map 1: 127/127	Map 10: 48/48	Map 11: 116/116	Map 12: 48/48	Map 7: 1/1	Map 8: 1/1	Map 9: 1/1	Reducer 2: 1009/1009	Reducer 3: 253/253	Reducer 4: 655(+354)/1009	Reducer 5: 0(+232)/1009	Reducer 6: 0/1	
INFO  : Map 1: 127/127	Map 10: 48/48	Map 11: 116/116	Map 12: 48/48	Map 7: 1/1	Map 8: 1/1	Map 9: 1/1	Reducer 2: 1009/1009	Reducer 3: 253/253	Reducer 4: 669(+340)/1009	Reducer 5: 0(+246)/1009	Reducer 6: 0/1	
INFO  : Map 1: 127/127	Map 10: 48/48	Map 11: 116/116	Map 12: 48/48	Map 7: 1/1	Map 8: 1/1	Map 9: 1/1	Reducer 2: 1009/1009	Reducer 3: 253/253	Reducer 4: 672(+337)/1009	Reducer 5: 0(+249)/1009	Reducer 6: 0/1	
INFO  : Map 1: 127/127	Map 10: 48/48	Map 11: 116/116	Map 12: 48/48	Map 7: 1/1	Map 8: 1/1	Map 9: 1/1	Reducer 2: 1009/1009	Reducer 3: 253/253	Reducer 4: 677(+332)/1009	Reducer 5: 0(+254)/1009	Reducer 6: 0/1	
INFO  : Map 1: 127/127	Map 10: 48/48	Map 11: 116/116	Map 12: 48/48	Map 7: 1/1	Map 8: 1/1	Map 9: 1/1	Reducer 2: 1009/1009	Reducer 3: 253/253	Reducer 4: 678(+331)/1009	Reducer 5: 0(+255)/1009	Reducer 6: 0/1	
INFO  : Map 1: 127/127	Map 10: 48/48	Map 11: 116/116	Map 12: 48/48	Map 7: 1/1	Map 8: 1/1	Map 9: 1/1	Reducer 2: 1009/1009	Reducer 3: 253/253	Reducer 4: 691(+318)/1009	Reducer 5: 0(+268)/1009	Reducer 6: 0/1	
INFO  : Map 1: 127/127	Map 10: 48/48	Map 11: 116/116	Map 12: 48/48	Map 7: 1/1	Map 8: 1/1	Map 9: 1/1	Reducer 2: 1009/1009	Reducer 3: 253/253	Reducer 4: 692(+317)/1009	Reducer 5: 0(+269)/1009	Reducer 6: 0/1	
INFO  : Map 1: 127/127	Map 10: 48/48	Map 11: 116/116	Map 12: 48/48	Map 7: 1/1	Map 8: 1/1	Map 9: 1/1	Reducer 2: 1009/1009	Reducer 3: 253/253	Reducer 4: 694(+315)/1009	Reducer 5: 0(+271)/1009	Reducer 6: 0/1	
INFO  : Map 1: 127/127	Map 10: 48/48	Map 11: 116/116	Map 12: 48/48	Map 7: 1/1	Map 8: 1/1	Map 9: 1/1	Reducer 2: 1009/1009	Reducer 3: 253/253	Reducer 4: 711(+298)/1009	Reducer 5: 0(+288)/1009	Reducer 6: 0/1	
INFO  : Map 1: 127/127	Map 10: 48/48	Map 11: 116/116	Map 12: 48/48	Map 7: 1/1	Map 8: 1/1	Map 9: 1/1	Reducer 2: 1009/1009	Reducer 3: 253/253	Reducer 4: 721(+288)/1009	Reducer 5: 0(+298)/1009	Reducer 6: 0/1	
INFO  : Map 1: 127/127	Map 10: 48/48	Map 11: 116/116	Map 12: 48/48	Map 7: 1/1	Map 8: 1/1	Map 9: 1/1	Reducer 2: 1009/1009	Reducer 3: 253/253	Reducer 4: 726(+283)/1009	Reducer 5: 0(+304)/1009	Reducer 6: 0/1	
INFO  : Map 1: 127/127	Map 10: 48/48	Map 11: 116/116	Map 12: 48/48	Map 7: 1/1	Map 8: 1/1	Map 9: 1/1	Reducer 2: 1009/1009	Reducer 3: 253/253	Reducer 4: 727(+278)/1009	Reducer 5: 0(+304)/1009	Reducer 6: 0/1	
INFO  : Map 1: 127/127	Map 10: 48/48	Map 11: 116/116	Map 12: 48/48	Map 7: 1/1	Map 8: 1/1	Map 9: 1/1	Reducer 2: 1009/1009	Reducer 3: 253/253	Reducer 4: 731(+278)/1009	Reducer 5: 0(+309)/1009	Reducer 6: 0/1	
INFO  : Map 1: 127/127	Map 10: 48/48	Map 11: 116/116	Map 12: 48/48	Map 7: 1/1	Map 8: 1/1	Map 9: 1/1	Reducer 2: 1009/1009	Reducer 3: 253/253	Reducer 4: 742(+267)/1009	Reducer 5: 0(+329)/1009	Reducer 6: 0/1	
INFO  : Map 1: 127/127	Map 10: 48/48	Map 11: 116/116	Map 12: 48/48	Map 7: 1/1	Map 8: 1/1	Map 9: 1/1	Reducer 2: 1009/1009	Reducer 3: 253/253	Reducer 4: 744(+265)/1009	Reducer 5: 0(+331)/1009	Reducer 6: 0/1	
INFO  : Map 1: 127/127	Map 10: 48/48	Map 11: 116/116	Map 12: 48/48	Map 7: 1/1	Map 8: 1/1	Map 9: 1/1	Reducer 2: 1009/1009	Reducer 3: 253/253	Reducer 4: 747(+262)/1009	Reducer 5: 0(+334)/1009	Reducer 6: 0/1	
INFO  : Map 1: 127/127	Map 10: 48/48	Map 11: 116/116	Map 12: 48/48	Map 7: 1/1	Map 8: 1/1	Map 9: 1/1	Reducer 2: 1009/1009	Reducer 3: 253/253	Reducer 4: 753(+256)/1009	Reducer 5: 0(+348)/1009	Reducer 6: 0/1	
INFO  : Map 1: 127/127	Map 10: 48/48	Map 11: 116/116	Map 12: 48/48	Map 7: 1/1	Map 8: 1/1	Map 9: 1/1	Reducer 2: 1009/1009	Reducer 3: 253/253	Reducer 4: 763(+246)/1009	Reducer 5: 0(+361)/1009	Reducer 6: 0/1	
INFO  : Map 1: 127/127	Map 10: 48/48	Map 11: 116/116	Map 12: 48/48	Map 7: 1/1	Map 8: 1/1	Map 9: 1/1	Reducer 2: 1009/1009	Reducer 3: 253/253	Reducer 4: 779(+230)/1009	Reducer 5: 0(+389)/1009	Reducer 6: 0/1	
INFO  : Map 1: 127/127	Map 10: 48/48	Map 11: 116/116	Map 12: 48/48	Map 7: 1/1	Map 8: 1/1	Map 9: 1/1	Reducer 2: 1009/1009	Reducer 3: 253/253	Reducer 4: 792(+217)/1009	Reducer 5: 0(+425)/1009	Reducer 6: 0/1	
INFO  : Map 1: 127/127	Map 10: 48/48	Map 11: 116/116	Map 12: 48/48	Map 7: 1/1	Map 8: 1/1	Map 9: 1/1	Reducer 2: 1009/1009	Reducer 3: 253/253	Reducer 4: 799(+210)/1009	Reducer 5: 0(+432)/1009	Reducer 6: 0/1	
INFO  : Map 1: 127/127	Map 10: 48/48	Map 11: 116/116	Map 12: 48/48	Map 7: 1/1	Map 8: 1/1	Map 9: 1/1	Reducer 2: 1009/1009	Reducer 3: 253/253	Reducer 4: 805(+204)/1009	Reducer 5: 0(+438)/1009	Reducer 6: 0/1	
INFO  : Map 1: 127/127	Map 10: 48/48	Map 11: 116/116	Map 12: 48/48	Map 7: 1/1	Map 8: 1/1	Map 9: 1/1	Reducer 2: 1009/1009	Reducer 3: 253/253	Reducer 4: 821(+188)/1009	Reducer 5: 0(+454)/1009	Reducer 6: 0/1	
INFO  : Map 1: 127/127	Map 10: 48/48	Map 11: 116/116	Map 12: 48/48	Map 7: 1/1	Map 8: 1/1	Map 9: 1/1	Reducer 2: 1009/1009	Reducer 3: 253/253	Reducer 4: 822(+187)/1009	Reducer 5: 0(+455)/1009	Reducer 6: 0/1	
INFO  : Map 1: 127/127	Map 10: 48/48	Map 11: 116/116	Map 12: 48/48	Map 7: 1/1	Map 8: 1/1	Map 9: 1/1	Reducer 2: 1009/1009	Reducer 3: 253/253	Reducer 4: 823(+186)/1009	Reducer 5: 0(+456)/1009	Reducer 6: 0/1	
INFO  : Map 1: 127/127	Map 10: 48/48	Map 11: 116/116	Map 12: 48/48	Map 7: 1/1	Map 8: 1/1	Map 9: 1/1	Reducer 2: 1009/1009	Reducer 3: 253/253	Reducer 4: 825(+184)/1009	Reducer 5: 0(+458)/1009	Reducer 6: 0/1	
INFO  : Map 1: 127/127	Map 10: 48/48	Map 11: 116/116	Map 12: 48/48	Map 7: 1/1	Map 8: 1/1	Map 9: 1/1	Reducer 2: 1009/1009	Reducer 3: 253/253	Reducer 4: 829(+180)/1009	Reducer 5: 0(+462)/1009	Reducer 6: 0/1	
INFO  : Map 1: 127/127	Map 10: 48/48	Map 11: 116/116	Map 12: 48/48	Map 7: 1/1	Map 8: 1/1	Map 9: 1/1	Reducer 2: 1009/1009	Reducer 3: 253/253	Reducer 4: 830(+179)/1009	Reducer 5: 0(+463)/1009	Reducer 6: 0/1	
INFO  : Map 1: 127/127	Map 10: 48/48	Map 11: 116/116	Map 12: 48/48	Map 7: 1/1	Map 8: 1/1	Map 9: 1/1	Reducer 2: 1009/1009	Reducer 3: 253/253	Reducer 4: 831(+178)/1009	Reducer 5: 0(+464)/1009	Reducer 6: 0/1	
INFO  : Map 1: 127/127	Map 10: 48/48	Map 11: 116/116	Map 12: 48/48	Map 7: 1/1	Map 8: 1/1	Map 9: 1/1	Reducer 2: 1009/1009	Reducer 3: 253/253	Reducer 4: 839(+170)/1009	Reducer 5: 0(+472)/1009	Reducer 6: 0/1	
INFO  : Map 1: 127/127	Map 10: 48/48	Map 11: 116/116	Map 12: 48/48	Map 7: 1/1	Map 8: 1/1	Map 9: 1/1	Reducer 2: 1009/1009	Reducer 3: 253/253	Reducer 4: 841(+168)/1009	Reducer 5: 0(+474)/1009	Reducer 6: 0/1	
INFO  : Map 1: 127/127	Map 10: 48/48	Map 11: 116/116	Map 12: 48/48	Map 7: 1/1	Map 8: 1/1	Map 9: 1/1	Reducer 2: 1009/1009	Reducer 3: 253/253	Reducer 4: 850(+159)/1009	Reducer 5: 0(+483)/1009	Reducer 6: 0/1	
INFO  : Map 1: 127/127	Map 10: 48/48	Map 11: 116/116	Map 12: 48/48	Map 7: 1/1	Map 8: 1/1	Map 9: 1/1	Reducer 2: 1009/1009	Reducer 3: 253/253	Reducer 4: 857(+152)/1009	Reducer 5: 0(+490)/1009	Reducer 6: 0/1	
INFO  : Map 1: 127/127	Map 10: 48/48	Map 11: 116/116	Map 12: 48/48	Map 7: 1/1	Map 8: 1/1	Map 9: 1/1	Reducer 2: 1009/1009	Reducer 3: 253/253	Reducer 4: 859(+150)/1009	Reducer 5: 0(+492)/1009	Reducer 6: 0/1	
INFO  : Map 1: 127/127	Map 10: 48/48	Map 11: 116/116	Map 12: 48/48	Map 7: 1/1	Map 8: 1/1	Map 9: 1/1	Reducer 2: 1009/1009	Reducer 3: 253/253	Reducer 4: 863(+146)/1009	Reducer 5: 0(+496)/1009	Reducer 6: 0/1	
INFO  : Map 1: 127/127	Map 10: 48/48	Map 11: 116/116	Map 12: 48/48	Map 7: 1/1	Map 8: 1/1	Map 9: 1/1	Reducer 2: 1009/1009	Reducer 3: 253/253	Reducer 4: 869(+140)/1009	Reducer 5: 0(+502)/1009	Reducer 6: 0/1	
INFO  : Map 1: 127/127	Map 10: 48/48	Map 11: 116/116	Map 12: 48/48	Map 7: 1/1	Map 8: 1/1	Map 9: 1/1	Reducer 2: 1009/1009	Reducer 3: 253/253	Reducer 4: 871(+138)/1009	Reducer 5: 0(+508)/1009	Reducer 6: 0/1	
INFO  : Map 1: 127/127	Map 10: 48/48	Map 11: 116/116	Map 12: 48/48	Map 7: 1/1	Map 8: 1/1	Map 9: 1/1	Reducer 2: 1009/1009	Reducer 3: 253/253	Reducer 4: 872(+137)/1009	Reducer 5: 0(+508)/1009	Reducer 6: 0/1	
INFO  : Map 1: 127/127	Map 10: 48/48	Map 11: 116/116	Map 12: 48/48	Map 7: 1/1	Map 8: 1/1	Map 9: 1/1	Reducer 2: 1009/1009	Reducer 3: 253/253	Reducer 4: 872(+137)/1009	Reducer 5: 0(+509)/1009	Reducer 6: 0/1	
INFO  : Map 1: 127/127	Map 10: 48/48	Map 11: 116/116	Map 12: 48/48	Map 7: 1/1	Map 8: 1/1	Map 9: 1/1	Reducer 2: 1009/1009	Reducer 3: 253/253	Reducer 4: 878(+131)/1009	Reducer 5: 0(+515)/1009	Reducer 6: 0/1	
INFO  : Map 1: 127/127	Map 10: 48/48	Map 11: 116/116	Map 12: 48/48	Map 7: 1/1	Map 8: 1/1	Map 9: 1/1	Reducer 2: 1009/1009	Reducer 3: 253/253	Reducer 4: 881(+128)/1009	Reducer 5: 0(+518)/1009	Reducer 6: 0/1	
INFO  : Map 1: 127/127	Map 10: 48/48	Map 11: 116/116	Map 12: 48/48	Map 7: 1/1	Map 8: 1/1	Map 9: 1/1	Reducer 2: 1009/1009	Reducer 3: 253/253	Reducer 4: 890(+119)/1009	Reducer 5: 0(+527)/1009	Reducer 6: 0/1	
INFO  : Map 1: 127/127	Map 10: 48/48	Map 11: 116/116	Map 12: 48/48	Map 7: 1/1	Map 8: 1/1	Map 9: 1/1	Reducer 2: 1009/1009	Reducer 3: 253/253	Reducer 4: 891(+118)/1009	Reducer 5: 0(+528)/1009	Reducer 6: 0/1	
INFO  : Map 1: 127/127	Map 10: 48/48	Map 11: 116/116	Map 12: 48/48	Map 7: 1/1	Map 8: 1/1	Map 9: 1/1	Reducer 2: 1009/1009	Reducer 3: 253/253	Reducer 4: 901(+108)/1009	Reducer 5: 0(+538)/1009	Reducer 6: 0/1	
INFO  : Map 1: 127/127	Map 10: 48/48	Map 11: 116/116	Map 12: 48/48	Map 7: 1/1	Map 8: 1/1	Map 9: 1/1	Reducer 2: 1009/1009	Reducer 3: 253/253	Reducer 4: 914(+95)/1009	Reducer 5: 0(+551)/1009	Reducer 6: 0/1	
INFO  : Map 1: 127/127	Map 10: 48/48	Map 11: 116/116	Map 12: 48/48	Map 7: 1/1	Map 8: 1/1	Map 9: 1/1	Reducer 2: 1009/1009	Reducer 3: 253/253	Reducer 4: 924(+85)/1009	Reducer 5: 0(+561)/1009	Reducer 6: 0/1	
INFO  : Map 1: 127/127	Map 10: 48/48	Map 11: 116/116	Map 12: 48/48	Map 7: 1/1	Map 8: 1/1	Map 9: 1/1	Reducer 2: 1009/1009	Reducer 3: 253/253	Reducer 4: 953(+56)/1009	Reducer 5: 0(+590)/1009	Reducer 6: 0/1	
INFO  : Map 1: 127/127	Map 10: 48/48	Map 11: 116/116	Map 12: 48/48	Map 7: 1/1	Map 8: 1/1	Map 9: 1/1	Reducer 2: 1009/1009	Reducer 3: 253/253	Reducer 4: 953(+56)/1009	Reducer 5: 0(+597)/1009	Reducer 6: 0/1	
INFO  : Map 1: 127/127	Map 10: 48/48	Map 11: 116/116	Map 12: 48/48	Map 7: 1/1	Map 8: 1/1	Map 9: 1/1	Reducer 2: 1009/1009	Reducer 3: 253/253	Reducer 4: 959(+50)/1009	Reducer 5: 0(+603)/1009	Reducer 6: 0/1	
INFO  : Map 1: 127/127	Map 10: 48/48	Map 11: 116/116	Map 12: 48/48	Map 7: 1/1	Map 8: 1/1	Map 9: 1/1	Reducer 2: 1009/1009	Reducer 3: 253/253	Reducer 4: 959(+50)/1009	Reducer 5: 0(+607)/1009	Reducer 6: 0/1	
INFO  : Map 1: 127/127	Map 10: 48/48	Map 11: 116/116	Map 12: 48/48	Map 7: 1/1	Map 8: 1/1	Map 9: 1/1	Reducer 2: 1009/1009	Reducer 3: 253/253	Reducer 4: 976(+33)/1009	Reducer 5: 0(+624)/1009	Reducer 6: 0/1	
INFO  : Map 1: 127/127	Map 10: 48/48	Map 11: 116/116	Map 12: 48/48	Map 7: 1/1	Map 8: 1/1	Map 9: 1/1	Reducer 2: 1009/1009	Reducer 3: 253/253	Reducer 4: 986(+23)/1009	Reducer 5: 0(+640)/1009	Reducer 6: 0/1	
INFO  : Map 1: 127/127	Map 10: 48/48	Map 11: 116/116	Map 12: 48/48	Map 7: 1/1	Map 8: 1/1	Map 9: 1/1	Reducer 2: 1009/1009	Reducer 3: 253/253	Reducer 4: 986(+23)/1009	Reducer 5: 0(+645)/1009	Reducer 6: 0/1	
INFO  : Map 1: 127/127	Map 10: 48/48	Map 11: 116/116	Map 12: 48/48	Map 7: 1/1	Map 8: 1/1	Map 9: 1/1	Reducer 2: 1009/1009	Reducer 3: 253/253	Reducer 4: 986(+23)/1009	Reducer 5: 0(+649)/1009	Reducer 6: 0/1	
INFO  : Map 1: 127/127	Map 10: 48/48	Map 11: 116/116	Map 12: 48/48	Map 7: 1/1	Map 8: 1/1	Map 9: 1/1	Reducer 2: 1009/1009	Reducer 3: 253/253	Reducer 4: 986(+23)/1009	Reducer 5: 0(+649)/1009	Reducer 6: 0/1	
INFO  : Map 1: 127/127	Map 10: 48/48	Map 11: 116/116	Map 12: 48/48	Map 7: 1/1	Map 8: 1/1	Map 9: 1/1	Reducer 2: 1009/1009	Reducer 3: 253/253	Reducer 4: 986(+23)/1009	Reducer 5: 0(+649)/1009	Reducer 6: 0/1	
INFO  : Map 1: 127/127	Map 10: 48/48	Map 11: 116/116	Map 12: 48/48	Map 7: 1/1	Map 8: 1/1	Map 9: 1/1	Reducer 2: 1009/1009	Reducer 3: 253/253	Reducer 4: 986(+23)/1009	Reducer 5: 0(+649)/1009	Reducer 6: 0/1	
INFO  : Map 1: 127/127	Map 10: 48/48	Map 11: 116/116	Map 12: 48/48	Map 7: 1/1	Map 8: 1/1	Map 9: 1/1	Reducer 2: 1009/1009	Reducer 3: 253/253	Reducer 4: 986(+23)/1009	Reducer 5: 0(+649)/1009	Reducer 6: 0/1	
INFO  : Map 1: 127/127	Map 10: 48/48	Map 11: 116/116	Map 12: 48/48	Map 7: 1/1	Map 8: 1/1	Map 9: 1/1	Reducer 2: 1009/1009	Reducer 3: 253/253	Reducer 4: 986(+23)/1009	Reducer 5: 0(+649)/1009	Reducer 6: 0/1	
INFO  : Map 1: 127/127	Map 10: 48/48	Map 11: 116/116	Map 12: 48/48	Map 7: 1/1	Map 8: 1/1	Map 9: 1/1	Reducer 2: 1009/1009	Reducer 3: 253/253	Reducer 4: 987(+22)/1009	Reducer 5: 0(+650)/1009	Reducer 6: 0/1	
INFO  : Map 1: 127/127	Map 10: 48/48	Map 11: 116/116	Map 12: 48/48	Map 7: 1/1	Map 8: 1/1	Map 9: 1/1	Reducer 2: 1009/1009	Reducer 3: 253/253	Reducer 4: 987(+22)/1009	Reducer 5: 0(+650)/1009	Reducer 6: 0/1	
INFO  : Map 1: 127/127	Map 10: 48/48	Map 11: 116/116	Map 12: 48/48	Map 7: 1/1	Map 8: 1/1	Map 9: 1/1	Reducer 2: 1009/1009	Reducer 3: 253/253	Reducer 4: 987(+22)/1009	Reducer 5: 0(+650)/1009	Reducer 6: 0/1	
INFO  : Map 1: 127/127	Map 10: 48/48	Map 11: 116/116	Map 12: 48/48	Map 7: 1/1	Map 8: 1/1	Map 9: 1/1	Reducer 2: 1009/1009	Reducer 3: 253/253	Reducer 4: 988(+21)/1009	Reducer 5: 0(+651)/1009	Reducer 6: 0/1	
INFO  : Map 1: 127/127	Map 10: 48/48	Map 11: 116/116	Map 12: 48/48	Map 7: 1/1	Map 8: 1/1	Map 9: 1/1	Reducer 2: 1009/1009	Reducer 3: 253/253	Reducer 4: 1008(+1)/1009	Reducer 5: 0(+670)/1009	Reducer 6: 0/1	
INFO  : Map 1: 127/127	Map 10: 48/48	Map 11: 116/116	Map 12: 48/48	Map 7: 1/1	Map 8: 1/1	Map 9: 1/1	Reducer 2: 1009/1009	Reducer 3: 253/253	Reducer 4: 1009/1009	Reducer 5: 10(+672)/1009	Reducer 6: 0/1	
INFO  : Map 1: 127/127	Map 10: 48/48	Map 11: 116/116	Map 12: 48/48	Map 7: 1/1	Map 8: 1/1	Map 9: 1/1	Reducer 2: 1009/1009	Reducer 3: 253/253	Reducer 4: 1009/1009	Reducer 5: 98(+677)/1009	Reducer 6: 0/1	
INFO  : Map 1: 127/127	Map 10: 48/48	Map 11: 116/116	Map 12: 48/48	Map 7: 1/1	Map 8: 1/1	Map 9: 1/1	Reducer 2: 1009/1009	Reducer 3: 253/253	Reducer 4: 1009/1009	Reducer 5: 126(+677)/1009	Reducer 6: 0/1	
INFO  : Map 1: 127/127	Map 10: 48/48	Map 11: 116/116	Map 12: 48/48	Map 7: 1/1	Map 8: 1/1	Map 9: 1/1	Reducer 2: 1009/1009	Reducer 3: 253/253	Reducer 4: 1009/1009	Reducer 5: 131(+687)/1009	Reducer 6: 0/1	
INFO  : Map 1: 127/127	Map 10: 48/48	Map 11: 116/116	Map 12: 48/48	Map 7: 1/1	Map 8: 1/1	Map 9: 1/1	Reducer 2: 1009/1009	Reducer 3: 253/253	Reducer 4: 1009/1009	Reducer 5: 143(+687)/1009	Reducer 6: 0/1	
INFO  : Map 1: 127/127	Map 10: 48/48	Map 11: 116/116	Map 12: 48/48	Map 7: 1/1	Map 8: 1/1	Map 9: 1/1	Reducer 2: 1009/1009	Reducer 3: 253/253	Reducer 4: 1009/1009	Reducer 5: 215(+687)/1009	Reducer 6: 0/1	
INFO  : Map 1: 127/127	Map 10: 48/48	Map 11: 116/116	Map 12: 48/48	Map 7: 1/1	Map 8: 1/1	Map 9: 1/1	Reducer 2: 1009/1009	Reducer 3: 253/253	Reducer 4: 1009/1009	Reducer 5: 240(+666)/1009	Reducer 6: 0/1	
INFO  : Map 1: 127/127	Map 10: 48/48	Map 11: 116/116	Map 12: 48/48	Map 7: 1/1	Map 8: 1/1	Map 9: 1/1	Reducer 2: 1009/1009	Reducer 3: 253/253	Reducer 4: 1009/1009	Reducer 5: 240(+688)/1009	Reducer 6: 0/1	
INFO  : Map 1: 127/127	Map 10: 48/48	Map 11: 116/116	Map 12: 48/48	Map 7: 1/1	Map 8: 1/1	Map 9: 1/1	Reducer 2: 1009/1009	Reducer 3: 253/253	Reducer 4: 1009/1009	Reducer 5: 240(+699)/1009	Reducer 6: 0/1	
INFO  : Map 1: 127/127	Map 10: 48/48	Map 11: 116/116	Map 12: 48/48	Map 7: 1/1	Map 8: 1/1	Map 9: 1/1	Reducer 2: 1009/1009	Reducer 3: 253/253	Reducer 4: 1009/1009	Reducer 5: 244(+699)/1009	Reducer 6: 0/1	
INFO  : Map 1: 127/127	Map 10: 48/48	Map 11: 116/116	Map 12: 48/48	Map 7: 1/1	Map 8: 1/1	Map 9: 1/1	Reducer 2: 1009/1009	Reducer 3: 253/253	Reducer 4: 1009/1009	Reducer 5: 245(+699)/1009	Reducer 6: 0/1	
INFO  : Map 1: 127/127	Map 10: 48/48	Map 11: 116/116	Map 12: 48/48	Map 7: 1/1	Map 8: 1/1	Map 9: 1/1	Reducer 2: 1009/1009	Reducer 3: 253/253	Reducer 4: 1009/1009	Reducer 5: 266(+699)/1009	Reducer 6: 0/1	
INFO  : Map 1: 127/127	Map 10: 48/48	Map 11: 116/116	Map 12: 48/48	Map 7: 1/1	Map 8: 1/1	Map 9: 1/1	Reducer 2: 1009/1009	Reducer 3: 253/253	Reducer 4: 1009/1009	Reducer 5: 274(+699)/1009	Reducer 6: 0/1	
INFO  : Map 1: 127/127	Map 10: 48/48	Map 11: 116/116	Map 12: 48/48	Map 7: 1/1	Map 8: 1/1	Map 9: 1/1	Reducer 2: 1009/1009	Reducer 3: 253/253	Reducer 4: 1009/1009	Reducer 5: 283(+699)/1009	Reducer 6: 0/1	
INFO  : Map 1: 127/127	Map 10: 48/48	Map 11: 116/116	Map 12: 48/48	Map 7: 1/1	Map 8: 1/1	Map 9: 1/1	Reducer 2: 1009/1009	Reducer 3: 253/253	Reducer 4: 1009/1009	Reducer 5: 284(+699)/1009	Reducer 6: 0/1	
INFO  : Map 1: 127/127	Map 10: 48/48	Map 11: 116/116	Map 12: 48/48	Map 7: 1/1	Map 8: 1/1	Map 9: 1/1	Reducer 2: 1009/1009	Reducer 3: 253/253	Reducer 4: 1009/1009	Reducer 5: 340(+669)/1009	Reducer 6: 0/1	
INFO  : Map 1: 127/127	Map 10: 48/48	Map 11: 116/116	Map 12: 48/48	Map 7: 1/1	Map 8: 1/1	Map 9: 1/1	Reducer 2: 1009/1009	Reducer 3: 253/253	Reducer 4: 1009/1009	Reducer 5: 371(+638)/1009	Reducer 6: 0/1	
INFO  : Map 1: 127/127	Map 10: 48/48	Map 11: 116/116	Map 12: 48/48	Map 7: 1/1	Map 8: 1/1	Map 9: 1/1	Reducer 2: 1009/1009	Reducer 3: 253/253	Reducer 4: 1009/1009	Reducer 5: 389(+620)/1009	Reducer 6: 0/1	
INFO  : Map 1: 127/127	Map 10: 48/48	Map 11: 116/116	Map 12: 48/48	Map 7: 1/1	Map 8: 1/1	Map 9: 1/1	Reducer 2: 1009/1009	Reducer 3: 253/253	Reducer 4: 1009/1009	Reducer 5: 390(+619)/1009	Reducer 6: 0/1	
INFO  : Map 1: 127/127	Map 10: 48/48	Map 11: 116/116	Map 12: 48/48	Map 7: 1/1	Map 8: 1/1	Map 9: 1/1	Reducer 2: 1009/1009	Reducer 3: 253/253	Reducer 4: 1009/1009	Reducer 5: 400(+609)/1009	Reducer 6: 0/1	
INFO  : Map 1: 127/127	Map 10: 48/48	Map 11: 116/116	Map 12: 48/48	Map 7: 1/1	Map 8: 1/1	Map 9: 1/1	Reducer 2: 1009/1009	Reducer 3: 253/253	Reducer 4: 1009/1009	Reducer 5: 405(+604)/1009	Reducer 6: 0/1	
INFO  : Map 1: 127/127	Map 10: 48/48	Map 11: 116/116	Map 12: 48/48	Map 7: 1/1	Map 8: 1/1	Map 9: 1/1	Reducer 2: 1009/1009	Reducer 3: 253/253	Reducer 4: 1009/1009	Reducer 5: 406(+603)/1009	Reducer 6: 0/1	
INFO  : Map 1: 127/127	Map 10: 48/48	Map 11: 116/116	Map 12: 48/48	Map 7: 1/1	Map 8: 1/1	Map 9: 1/1	Reducer 2: 1009/1009	Reducer 3: 253/253	Reducer 4: 1009/1009	Reducer 5: 409(+600)/1009	Reducer 6: 0/1	
INFO  : Map 1: 127/127	Map 10: 48/48	Map 11: 116/116	Map 12: 48/48	Map 7: 1/1	Map 8: 1/1	Map 9: 1/1	Reducer 2: 1009/1009	Reducer 3: 253/253	Reducer 4: 1009/1009	Reducer 5: 413(+596)/1009	Reducer 6: 0/1	
INFO  : Map 1: 127/127	Map 10: 48/48	Map 11: 116/116	Map 12: 48/48	Map 7: 1/1	Map 8: 1/1	Map 9: 1/1	Reducer 2: 1009/1009	Reducer 3: 253/253	Reducer 4: 1009/1009	Reducer 5: 414(+595)/1009	Reducer 6: 0/1	
INFO  : Map 1: 127/127	Map 10: 48/48	Map 11: 116/116	Map 12: 48/48	Map 7: 1/1	Map 8: 1/1	Map 9: 1/1	Reducer 2: 1009/1009	Reducer 3: 253/253	Reducer 4: 1009/1009	Reducer 5: 425(+584)/1009	Reducer 6: 0/1	
INFO  : Map 1: 127/127	Map 10: 48/48	Map 11: 116/116	Map 12: 48/48	Map 7: 1/1	Map 8: 1/1	Map 9: 1/1	Reducer 2: 1009/1009	Reducer 3: 253/253	Reducer 4: 1009/1009	Reducer 5: 436(+573)/1009	Reducer 6: 0/1	
INFO  : Map 1: 127/127	Map 10: 48/48	Map 11: 116/116	Map 12: 48/48	Map 7: 1/1	Map 8: 1/1	Map 9: 1/1	Reducer 2: 1009/1009	Reducer 3: 253/253	Reducer 4: 1009/1009	Reducer 5: 461(+548)/1009	Reducer 6: 0/1	
INFO  : Map 1: 127/127	Map 10: 48/48	Map 11: 116/116	Map 12: 48/48	Map 7: 1/1	Map 8: 1/1	Map 9: 1/1	Reducer 2: 1009/1009	Reducer 3: 253/253	Reducer 4: 1009/1009	Reducer 5: 479(+530)/1009	Reducer 6: 0/1	
INFO  : Map 1: 127/127	Map 10: 48/48	Map 11: 116/116	Map 12: 48/48	Map 7: 1/1	Map 8: 1/1	Map 9: 1/1	Reducer 2: 1009/1009	Reducer 3: 253/253	Reducer 4: 1009/1009	Reducer 5: 488(+521)/1009	Reducer 6: 0/1	
INFO  : Map 1: 127/127	Map 10: 48/48	Map 11: 116/116	Map 12: 48/48	Map 7: 1/1	Map 8: 1/1	Map 9: 1/1	Reducer 2: 1009/1009	Reducer 3: 253/253	Reducer 4: 1009/1009	Reducer 5: 498(+511)/1009	Reducer 6: 0/1	
INFO  : Map 1: 127/127	Map 10: 48/48	Map 11: 116/116	Map 12: 48/48	Map 7: 1/1	Map 8: 1/1	Map 9: 1/1	Reducer 2: 1009/1009	Reducer 3: 253/253	Reducer 4: 1009/1009	Reducer 5: 506(+503)/1009	Reducer 6: 0(+1)/1	
INFO  : Map 1: 127/127	Map 10: 48/48	Map 11: 116/116	Map 12: 48/48	Map 7: 1/1	Map 8: 1/1	Map 9: 1/1	Reducer 2: 1009/1009	Reducer 3: 253/253	Reducer 4: 1009/1009	Reducer 5: 579(+430)/1009	Reducer 6: 0(+1)/1	
INFO  : Map 1: 127/127	Map 10: 48/48	Map 11: 116/116	Map 12: 48/48	Map 7: 1/1	Map 8: 1/1	Map 9: 1/1	Reducer 2: 1009/1009	Reducer 3: 253/253	Reducer 4: 1009/1009	Reducer 5: 689(+320)/1009	Reducer 6: 0(+1)/1	
INFO  : Map 1: 127/127	Map 10: 48/48	Map 11: 116/116	Map 12: 48/48	Map 7: 1/1	Map 8: 1/1	Map 9: 1/1	Reducer 2: 1009/1009	Reducer 3: 253/253	Reducer 4: 1009/1009	Reducer 5: 725(+284)/1009	Reducer 6: 0(+1)/1	
INFO  : Map 1: 127/127	Map 10: 48/48	Map 11: 116/116	Map 12: 48/48	Map 7: 1/1	Map 8: 1/1	Map 9: 1/1	Reducer 2: 1009/1009	Reducer 3: 253/253	Reducer 4: 1009/1009	Reducer 5: 756(+253)/1009	Reducer 6: 0(+1)/1	
INFO  : Map 1: 127/127	Map 10: 48/48	Map 11: 116/116	Map 12: 48/48	Map 7: 1/1	Map 8: 1/1	Map 9: 1/1	Reducer 2: 1009/1009	Reducer 3: 253/253	Reducer 4: 1009/1009	Reducer 5: 770(+239)/1009	Reducer 6: 0(+1)/1	
INFO  : Map 1: 127/127	Map 10: 48/48	Map 11: 116/116	Map 12: 48/48	Map 7: 1/1	Map 8: 1/1	Map 9: 1/1	Reducer 2: 1009/1009	Reducer 3: 253/253	Reducer 4: 1009/1009	Reducer 5: 783(+226)/1009	Reducer 6: 0(+1)/1	
INFO  : Map 1: 127/127	Map 10: 48/48	Map 11: 116/116	Map 12: 48/48	Map 7: 1/1	Map 8: 1/1	Map 9: 1/1	Reducer 2: 1009/1009	Reducer 3: 253/253	Reducer 4: 1009/1009	Reducer 5: 804(+205)/1009	Reducer 6: 0(+1)/1	
INFO  : Map 1: 127/127	Map 10: 48/48	Map 11: 116/116	Map 12: 48/48	Map 7: 1/1	Map 8: 1/1	Map 9: 1/1	Reducer 2: 1009/1009	Reducer 3: 253/253	Reducer 4: 1009/1009	Reducer 5: 840(+169)/1009	Reducer 6: 0(+1)/1	
INFO  : Map 1: 127/127	Map 10: 48/48	Map 11: 116/116	Map 12: 48/48	Map 7: 1/1	Map 8: 1/1	Map 9: 1/1	Reducer 2: 1009/1009	Reducer 3: 253/253	Reducer 4: 1009/1009	Reducer 5: 849(+160)/1009	Reducer 6: 0(+1)/1	
INFO  : Map 1: 127/127	Map 10: 48/48	Map 11: 116/116	Map 12: 48/48	Map 7: 1/1	Map 8: 1/1	Map 9: 1/1	Reducer 2: 1009/1009	Reducer 3: 253/253	Reducer 4: 1009/1009	Reducer 5: 888(+121)/1009	Reducer 6: 0(+1)/1	
INFO  : Map 1: 127/127	Map 10: 48/48	Map 11: 116/116	Map 12: 48/48	Map 7: 1/1	Map 8: 1/1	Map 9: 1/1	Reducer 2: 1009/1009	Reducer 3: 253/253	Reducer 4: 1009/1009	Reducer 5: 900(+109)/1009	Reducer 6: 0(+1)/1	
INFO  : Map 1: 127/127	Map 10: 48/48	Map 11: 116/116	Map 12: 48/48	Map 7: 1/1	Map 8: 1/1	Map 9: 1/1	Reducer 2: 1009/1009	Reducer 3: 253/253	Reducer 4: 1009/1009	Reducer 5: 917(+92)/1009	Reducer 6: 0(+1)/1	
INFO  : Map 1: 127/127	Map 10: 48/48	Map 11: 116/116	Map 12: 48/48	Map 7: 1/1	Map 8: 1/1	Map 9: 1/1	Reducer 2: 1009/1009	Reducer 3: 253/253	Reducer 4: 1009/1009	Reducer 5: 922(+87)/1009	Reducer 6: 0(+1)/1	
INFO  : Map 1: 127/127	Map 10: 48/48	Map 11: 116/116	Map 12: 48/48	Map 7: 1/1	Map 8: 1/1	Map 9: 1/1	Reducer 2: 1009/1009	Reducer 3: 253/253	Reducer 4: 1009/1009	Reducer 5: 925(+84)/1009	Reducer 6: 0(+1)/1	
INFO  : Map 1: 127/127	Map 10: 48/48	Map 11: 116/116	Map 12: 48/48	Map 7: 1/1	Map 8: 1/1	Map 9: 1/1	Reducer 2: 1009/1009	Reducer 3: 253/253	Reducer 4: 1009/1009	Reducer 5: 935(+74)/1009	Reducer 6: 0(+1)/1	
INFO  : Map 1: 127/127	Map 10: 48/48	Map 11: 116/116	Map 12: 48/48	Map 7: 1/1	Map 8: 1/1	Map 9: 1/1	Reducer 2: 1009/1009	Reducer 3: 253/253	Reducer 4: 1009/1009	Reducer 5: 943(+66)/1009	Reducer 6: 0(+1)/1	
INFO  : Map 1: 127/127	Map 10: 48/48	Map 11: 116/116	Map 12: 48/48	Map 7: 1/1	Map 8: 1/1	Map 9: 1/1	Reducer 2: 1009/1009	Reducer 3: 253/253	Reducer 4: 1009/1009	Reducer 5: 949(+60)/1009	Reducer 6: 0(+1)/1	
INFO  : Map 1: 127/127	Map 10: 48/48	Map 11: 116/116	Map 12: 48/48	Map 7: 1/1	Map 8: 1/1	Map 9: 1/1	Reducer 2: 1009/1009	Reducer 3: 253/253	Reducer 4: 1009/1009	Reducer 5: 971(+38)/1009	Reducer 6: 0(+1)/1	
INFO  : Map 1: 127/127	Map 10: 48/48	Map 11: 116/116	Map 12: 48/48	Map 7: 1/1	Map 8: 1/1	Map 9: 1/1	Reducer 2: 1009/1009	Reducer 3: 253/253	Reducer 4: 1009/1009	Reducer 5: 972(+36)/1009	Reducer 6: 0(+1)/1	
INFO  : Map 1: 127/127	Map 10: 48/48	Map 11: 116/116	Map 12: 48/48	Map 7: 1/1	Map 8: 1/1	Map 9: 1/1	Reducer 2: 1009/1009	Reducer 3: 253/253	Reducer 4: 1009/1009	Reducer 5: 980(+29)/1009	Reducer 6: 0(+1)/1	
INFO  : Map 1: 127/127	Map 10: 48/48	Map 11: 116/116	Map 12: 48/48	Map 7: 1/1	Map 8: 1/1	Map 9: 1/1	Reducer 2: 1009/1009	Reducer 3: 253/253	Reducer 4: 1009/1009	Reducer 5: 988(+21)/1009	Reducer 6: 0(+1)/1	
INFO  : Map 1: 127/127	Map 10: 48/48	Map 11: 116/116	Map 12: 48/48	Map 7: 1/1	Map 8: 1/1	Map 9: 1/1	Reducer 2: 1009/1009	Reducer 3: 253/253	Reducer 4: 1009/1009	Reducer 5: 1001(+8)/1009	Reducer 6: 0(+1)/1	
INFO  : Map 1: 127/127	Map 10: 48/48	Map 11: 116/116	Map 12: 48/48	Map 7: 1/1	Map 8: 1/1	Map 9: 1/1	Reducer 2: 1009/1009	Reducer 3: 253/253	Reducer 4: 1009/1009	Reducer 5: 1006(+3)/1009	Reducer 6: 0(+1)/1	
INFO  : Map 1: 127/127	Map 10: 48/48	Map 11: 116/116	Map 12: 48/48	Map 7: 1/1	Map 8: 1/1	Map 9: 1/1	Reducer 2: 1009/1009	Reducer 3: 253/253	Reducer 4: 1009/1009	Reducer 5: 1007(+2)/1009	Reducer 6: 0(+1)/1	
INFO  : Map 1: 127/127	Map 10: 48/48	Map 11: 116/116	Map 12: 48/48	Map 7: 1/1	Map 8: 1/1	Map 9: 1/1	Reducer 2: 1009/1009	Reducer 3: 253/253	Reducer 4: 1009/1009	Reducer 5: 1008(+1)/1009	Reducer 6: 0(+1)/1	
INFO  : Map 1: 127/127	Map 10: 48/48	Map 11: 116/116	Map 12: 48/48	Map 7: 1/1	Map 8: 1/1	Map 9: 1/1	Reducer 2: 1009/1009	Reducer 3: 253/253	Reducer 4: 1009/1009	Reducer 5: 1008(+1)/1009	Reducer 6: 0(+1)/1	
INFO  : Map 1: 127/127	Map 10: 48/48	Map 11: 116/116	Map 12: 48/48	Map 7: 1/1	Map 8: 1/1	Map 9: 1/1	Reducer 2: 1009/1009	Reducer 3: 253/253	Reducer 4: 1009/1009	Reducer 5: 1008(+1)/1009	Reducer 6: 0(+1)/1	
INFO  : Map 1: 127/127	Map 10: 48/48	Map 11: 116/116	Map 12: 48/48	Map 7: 1/1	Map 8: 1/1	Map 9: 1/1	Reducer 2: 1009/1009	Reducer 3: 253/253	Reducer 4: 1009/1009	Reducer 5: 1008(+1)/1009	Reducer 6: 0(+1)/1	
INFO  : Map 1: 127/127	Map 10: 48/48	Map 11: 116/116	Map 12: 48/48	Map 7: 1/1	Map 8: 1/1	Map 9: 1/1	Reducer 2: 1009/1009	Reducer 3: 253/253	Reducer 4: 1009/1009	Reducer 5: 1008(+1)/1009	Reducer 6: 0(+1)/1	
INFO  : Map 1: 127/127	Map 10: 48/48	Map 11: 116/116	Map 12: 48/48	Map 7: 1/1	Map 8: 1/1	Map 9: 1/1	Reducer 2: 1009/1009	Reducer 3: 253/253	Reducer 4: 1009/1009	Reducer 5: 1008(+1)/1009	Reducer 6: 0(+1)/1	
INFO  : Map 1: 127/127	Map 10: 48/48	Map 11: 116/116	Map 12: 48/48	Map 7: 1/1	Map 8: 1/1	Map 9: 1/1	Reducer 2: 1009/1009	Reducer 3: 253/253	Reducer 4: 1009/1009	Reducer 5: 1008(+1)/1009	Reducer 6: 0(+1)/1	
INFO  : Map 1: 127/127	Map 10: 48/48	Map 11: 116/116	Map 12: 48/48	Map 7: 1/1	Map 8: 1/1	Map 9: 1/1	Reducer 2: 1009/1009	Reducer 3: 253/253	Reducer 4: 1009/1009	Reducer 5: 1008(+1)/1009	Reducer 6: 0(+1)/1	
INFO  : Map 1: 127/127	Map 10: 48/48	Map 11: 116/116	Map 12: 48/48	Map 7: 1/1	Map 8: 1/1	Map 9: 1/1	Reducer 2: 1009/1009	Reducer 3: 253/253	Reducer 4: 1009/1009	Reducer 5: 1008(+1)/1009	Reducer 6: 0(+1)/1	
INFO  : Map 1: 127/127	Map 10: 48/48	Map 11: 116/116	Map 12: 48/48	Map 7: 1/1	Map 8: 1/1	Map 9: 1/1	Reducer 2: 1009/1009	Reducer 3: 253/253	Reducer 4: 1009/1009	Reducer 5: 1008(+1)/1009	Reducer 6: 0(+1)/1	
INFO  : Map 1: 127/127	Map 10: 48/48	Map 11: 116/116	Map 12: 48/48	Map 7: 1/1	Map 8: 1/1	Map 9: 1/1	Reducer 2: 1009/1009	Reducer 3: 253/253	Reducer 4: 1009/1009	Reducer 5: 1008(+1)/1009	Reducer 6: 0(+1)/1	
INFO  : Map 1: 127/127	Map 10: 48/48	Map 11: 116/116	Map 12: 48/48	Map 7: 1/1	Map 8: 1/1	Map 9: 1/1	Reducer 2: 1009/1009	Reducer 3: 253/253	Reducer 4: 1009/1009	Reducer 5: 1008(+1)/1009	Reducer 6: 0(+1)/1	
INFO  : Map 1: 127/127	Map 10: 48/48	Map 11: 116/116	Map 12: 48/48	Map 7: 1/1	Map 8: 1/1	Map 9: 1/1	Reducer 2: 1009/1009	Reducer 3: 253/253	Reducer 4: 1009/1009	Reducer 5: 1008(+1)/1009	Reducer 6: 0(+1)/1	
INFO  : Map 1: 127/127	Map 10: 48/48	Map 11: 116/116	Map 12: 48/48	Map 7: 1/1	Map 8: 1/1	Map 9: 1/1	Reducer 2: 1009/1009	Reducer 3: 253/253	Reducer 4: 1009/1009	Reducer 5: 1008(+1)/1009	Reducer 6: 0(+1)/1	
INFO  : Map 1: 127/127	Map 10: 48/48	Map 11: 116/116	Map 12: 48/48	Map 7: 1/1	Map 8: 1/1	Map 9: 1/1	Reducer 2: 1009/1009	Reducer 3: 253/253	Reducer 4: 1009/1009	Reducer 5: 1008(+1)/1009	Reducer 6: 0(+1)/1	
INFO  : Map 1: 127/127	Map 10: 48/48	Map 11: 116/116	Map 12: 48/48	Map 7: 1/1	Map 8: 1/1	Map 9: 1/1	Reducer 2: 1009/1009	Reducer 3: 253/253	Reducer 4: 1009/1009	Reducer 5: 1008(+1)/1009	Reducer 6: 0(+1)/1	
INFO  : Map 1: 127/127	Map 10: 48/48	Map 11: 116/116	Map 12: 48/48	Map 7: 1/1	Map 8: 1/1	Map 9: 1/1	Reducer 2: 1009/1009	Reducer 3: 253/253	Reducer 4: 1009/1009	Reducer 5: 1008(+1)/1009	Reducer 6: 0(+1)/1	
INFO  : Map 1: 127/127	Map 10: 48/48	Map 11: 116/116	Map 12: 48/48	Map 7: 1/1	Map 8: 1/1	Map 9: 1/1	Reducer 2: 1009/1009	Reducer 3: 253/253	Reducer 4: 1009/1009	Reducer 5: 1009/1009	Reducer 6: 0(+1)/1	
INFO  : Map 1: 127/127	Map 10: 48/48	Map 11: 116/116	Map 12: 48/48	Map 7: 1/1	Map 8: 1/1	Map 9: 1/1	Reducer 2: 1009/1009	Reducer 3: 253/253	Reducer 4: 1009/1009	Reducer 5: 1009/1009	Reducer 6: 1/1	
INFO  : Status: DAG finished successfully in 175.22 seconds
INFO  : 
INFO  : Query Execution Summary
INFO  : ----------------------------------------------------------------------------------------------
INFO  : ----------------------------------------------------------------------------------------------
INFO  : Compile Query                           0.68s
INFO  : Prepare Plan                            0.32s
INFO  : Submit Plan                             8.81s
INFO  : Start DAG                               0.60s
INFO  : Run DAG                               175.22s
INFO  : ----------------------------------------------------------------------------------------------
INFO  : 
INFO  : Task Execution Summary
INFO  : --------------------------------------------------------------------------------------------------------------------------------
INFO  : --------------------------------------------------------------------------------------------------------------------------------
INFO  :      Map 1          127                0             0       16168.00             0            0  1,052,952,316       3,794,881
INFO  :     Map 10           48                0             0       11549.00             0            0     32,500,000      32,500,000
INFO  :     Map 11          116                0             0       11345.00             0            0     65,000,000      65,000,000
INFO  :     Map 12           48                0             0       11345.00             0            0     32,500,000      32,500,000
INFO  :      Map 7            1                0             0         613.00             0            0         10,000              72
INFO  :      Map 8            1                0             0         204.00             0            0          1,500              24
INFO  :      Map 9            1                0             0        1018.00             0            0          7,200           1,800
INFO  :  Reducer 2         1009                0            25       23032.00             0            0     36,294,881         300,804
INFO  :  Reducer 3          253                0             0       18403.00             0            0        300,804         300,804
INFO  :  Reducer 4         1009                0           217       72491.00             0            0     65,300,804         300,804
INFO  :  Reducer 5         1009                0           249      114725.00             0            0     32,800,804         100,900
INFO  :  Reducer 6            1                0             0       60056.00             0            0        100,900               0
INFO  : --------------------------------------------------------------------------------------------------------------------------------
INFO  : 
INFO  : LLAP IO Summary
INFO  : ----------------------------------------------------------------------------------------------
INFO  : ----------------------------------------------------------------------------------------------
INFO  :      Map 1    105637       177       1279    2.37GB    16.49GB     24.93GB  22.13GB   963.81s
INFO  :     Map 10      3331       347         99   49.14MB    15.39MB     52.17MB  13.69MB    18.39s
INFO  :     Map 11      6667       187        925   74.18MB   474.77MB      1.19GB 487.86MB   145.77s
INFO  :     Map 12      3331       378         68   51.17MB    13.36MB     24.90MB   6.27MB     9.18s
INFO  :      Map 7         1         2          0    1.39KB     4.79KB    131.07KB  73.34KB     0.06s
INFO  :      Map 8         1         2          0       17B     2.78KB    393.22KB   3.05KB     0.07s
INFO  :      Map 9         1         0          2        0B       298B    786.43KB   2.42KB     0.05s
INFO  : ----------------------------------------------------------------------------------------------
INFO  : 
INFO  : FileSystem Counters Summary
INFO  : 
INFO  : ----------------------------------------------------------------------------------------------
INFO  : ----------------------------------------------------------------------------------------------
INFO  :      Map 1              0B             0                  0            61.12MB             0
INFO  :     Map 10              0B             0                  0           338.48MB             0
INFO  :     Map 11              0B             0                  0             1.43GB             0
INFO  :     Map 12              0B             0                  0           338.48MB             0
INFO  :      Map 7              0B             0                  0               351B             0
INFO  :      Map 8              0B             0                  0               160B             0
INFO  :      Map 9              0B             0                  0             7.36KB             0
INFO  :  Reducer 2          2.16GB             0                  0            60.96MB             0
INFO  :  Reducer 3              0B             0                  0            24.05MB             0
INFO  :  Reducer 4          2.36GB             0                  0            48.22MB             0
INFO  :  Reducer 5          1.05GB             0                  0             5.57MB             0
INFO  :  Reducer 6          3.80MB             0                  0                 0B             0
INFO  : ----------------------------------------------------------------------------------------------
INFO  : 
INFO  : ----------------------------------------------------------------------------------------------
INFO  : ----------------------------------------------------------------------------------------------
INFO  :      Map 1         16.51GB           742                  0                 0B             0
INFO  :     Map 10         16.25MB           202                  0                 0B             0
INFO  :     Map 11        482.01MB          1873                  0                 0B             0
INFO  :     Map 12         13.91MB           146                  0                 0B             0
INFO  :      Map 7          4.79KB             1                  0                 0B             0
INFO  :      Map 8          2.78KB             1                  0                 0B             0
INFO  :      Map 9          1.98KB             4                  0                 0B             0
INFO  :  Reducer 2              0B             0                  0                 0B             0
INFO  :  Reducer 3              0B             0                  0                 0B             0
INFO  :  Reducer 4              0B             0                  0                 0B             0
INFO  :  Reducer 5              0B             0                  0                 0B             0
INFO  :  Reducer 6              0B             2                  0            10.25KB             2
INFO  : ----------------------------------------------------------------------------------------------
INFO  : 
INFO  : org.apache.tez.common.counters.DAGCounter:
INFO  :    NUM_KILLED_TASKS: 491
INFO  :    NUM_SUCCEEDED_TASKS: 3623
INFO  :    TOTAL_LAUNCHED_TASKS: 4114
INFO  :    DATA_LOCAL_TASKS: 342
INFO  :    AM_CPU_MILLISECONDS: 567830
INFO  :    AM_GC_TIME_MILLIS: 13389
INFO  : File System Counters:
INFO  :    FILE_BYTES_READ: 5573462460
INFO  :    FILE_BYTES_WRITTEN: 2305850944
INFO  :    FILE_READ_OPS: 0
INFO  :    FILE_LARGE_READ_OPS: 0
INFO  :    FILE_WRITE_OPS: 0
INFO  :    HDFS_BYTES_READ: 17021219098
INFO  :    HDFS_BYTES_WRITTEN: 10246
INFO  :    HDFS_READ_OPS: 2971
INFO  :    HDFS_LARGE_READ_OPS: 0
INFO  :    HDFS_WRITE_OPS: 2
INFO  : org.apache.tez.common.counters.TaskCounter:
INFO  :    REDUCE_INPUT_GROUPS: 401704
INFO  :    REDUCE_INPUT_RECORDS: 401704
INFO  :    COMBINE_INPUT_RECORDS: 0
INFO  :    SPILLED_RECORDS: 805887
INFO  :    NUM_SHUFFLED_INPUTS: 1025039
INFO  :    NUM_SKIPPED_INPUTS: 757527
INFO  :    NUM_FAILED_SHUFFLE_INPUTS: 13
INFO  :    MERGED_MAP_OUTPUTS: 261563
INFO  :    INPUT_RECORDS_PROCESSED: 135596881
INFO  :    INPUT_SPLIT_LENGTH_BYTES: 63596591266
INFO  :    OUTPUT_RECORDS: 134800089
INFO  :    OUTPUT_LARGE_RECORDS: 0
INFO  :    OUTPUT_BYTES: 2741459859
INFO  :    OUTPUT_BYTES_WITH_OVERHEAD: 4566933140
INFO  :    OUTPUT_BYTES_PHYSICAL: 2281363808
INFO  :    ADDITIONAL_SPILLS_BYTES_WRITTEN: 5483107
INFO  :    ADDITIONAL_SPILLS_BYTES_READ: 18268691
INFO  :    ADDITIONAL_SPILL_COUNT: 0
INFO  :    SHUFFLE_CHUNK_COUNT: 2018
INFO  :    SHUFFLE_BYTES: 2227505580
INFO  :    SHUFFLE_BYTES_DECOMPRESSED: 3017316447
INFO  :    SHUFFLE_BYTES_TO_MEM: 1980625086
INFO  :    SHUFFLE_BYTES_TO_DISK: 0
INFO  :    SHUFFLE_BYTES_DISK_DIRECT: 246880494
INFO  :    NUM_MEM_TO_DISK_MERGES: 0
INFO  :    NUM_DISK_TO_DISK_MERGES: 0
INFO  :    SHUFFLE_PHASE_TIME: 62126946
INFO  :    MERGE_PHASE_TIME: 2693470
INFO  :    FIRST_EVENT_RECEIVED: 303665
INFO  :    LAST_EVENT_RECEIVED: 27619759
INFO  : HIVE:
INFO  :    CREATED_FILES: 1
INFO  :    DESERIALIZE_ERRORS: 0
INFO  :    RECORDS_IN_Map_1: 1052950420
INFO  :    RECORDS_IN_Map_10: 32500000
INFO  :    RECORDS_IN_Map_11: 65000000
INFO  :    RECORDS_IN_Map_12: 32500000
INFO  :    RECORDS_IN_Map_7: 10000
INFO  :    RECORDS_IN_Map_8: 1500
INFO  :    RECORDS_IN_Map_9: 7200
INFO  :    RECORDS_OUT_0: 100
INFO  :    RECORDS_OUT_INTERMEDIATE_Map_1: 3794881
INFO  :    RECORDS_OUT_INTERMEDIATE_Map_10: 32500000
INFO  :    RECORDS_OUT_INTERMEDIATE_Map_11: 65000000
INFO  :    RECORDS_OUT_INTERMEDIATE_Map_12: 32500000
INFO  :    RECORDS_OUT_INTERMEDIATE_Map_7: 72
INFO  :    RECORDS_OUT_INTERMEDIATE_Map_8: 24
INFO  :    RECORDS_OUT_INTERMEDIATE_Map_9: 1800
INFO  :    RECORDS_OUT_INTERMEDIATE_Reducer_2: 300804
INFO  :    RECORDS_OUT_INTERMEDIATE_Reducer_3: 300804
INFO  :    RECORDS_OUT_INTERMEDIATE_Reducer_4: 300804
INFO  :    RECORDS_OUT_INTERMEDIATE_Reducer_5: 100900
INFO  : Shuffle Errors:
INFO  :    BAD_ID: 0
INFO  :    CONNECTION: 0
INFO  :    IO_ERROR: 0
INFO  :    WRONG_LENGTH: 0
INFO  :    WRONG_MAP: 0
INFO  :    WRONG_REDUCE: 0
INFO  : Shuffle Errors_Reducer_3_INPUT_Reducer_2:
INFO  :    BAD_ID: 0
INFO  :    CONNECTION: 0
INFO  :    IO_ERROR: 0
INFO  :    WRONG_LENGTH: 0
INFO  :    WRONG_MAP: 0
INFO  :    WRONG_REDUCE: 0
INFO  : Shuffle Errors_Reducer_6_INPUT_Reducer_5:
INFO  :    BAD_ID: 0
INFO  :    CONNECTION: 0
INFO  :    IO_ERROR: 0
INFO  :    WRONG_LENGTH: 0
INFO  :    WRONG_MAP: 0
INFO  :    WRONG_REDUCE: 0
INFO  : TaskCounter_Map_10_INPUT_customer_address:
INFO  :    INPUT_RECORDS_PROCESSED: 32664
INFO  :    INPUT_SPLIT_LENGTH_BYTES: 663732678
INFO  : TaskCounter_Map_10_OUTPUT_Reducer_2:
INFO  :    ADDITIONAL_SPILLS_BYTES_READ: 0
INFO  :    ADDITIONAL_SPILLS_BYTES_WRITTEN: 0
INFO  :    ADDITIONAL_SPILL_COUNT: 0
INFO  :    OUTPUT_BYTES: 509736315
INFO  :    OUTPUT_BYTES_PHYSICAL: 338480924
INFO  :    OUTPUT_BYTES_WITH_OVERHEAD: 949888360
INFO  :    OUTPUT_LARGE_RECORDS: 0
INFO  :    OUTPUT_RECORDS: 32500000
INFO  :    SPILLED_RECORDS: 0
INFO  : TaskCounter_Map_11_INPUT_customer:
INFO  :    INPUT_RECORDS_PROCESSED: 65001
INFO  :    INPUT_SPLIT_LENGTH_BYTES: 3528949144
INFO  : TaskCounter_Map_11_OUTPUT_Reducer_4:
INFO  :    ADDITIONAL_SPILLS_BYTES_READ: 0
INFO  :    ADDITIONAL_SPILLS_BYTES_WRITTEN: 0
INFO  :    ADDITIONAL_SPILL_COUNT: 0
INFO  :    OUTPUT_BYTES: 1561933780
INFO  :    OUTPUT_BYTES_PHYSICAL: 1428952917
INFO  :    OUTPUT_BYTES_WITH_OVERHEAD: 2439127182
INFO  :    OUTPUT_LARGE_RECORDS: 0
INFO  :    OUTPUT_RECORDS: 65000000
INFO  :    SPILLED_RECORDS: 0
INFO  : TaskCounter_Map_12_INPUT_customer_address:
INFO  :    INPUT_RECORDS_PROCESSED: 32664
INFO  :    INPUT_SPLIT_LENGTH_BYTES: 663732678
INFO  : TaskCounter_Map_12_OUTPUT_Reducer_5:
INFO  :    ADDITIONAL_SPILLS_BYTES_READ: 0
INFO  :    ADDITIONAL_SPILLS_BYTES_WRITTEN: 0
INFO  :    ADDITIONAL_SPILL_COUNT: 0
INFO  :    OUTPUT_BYTES: 509736315
INFO  :    OUTPUT_BYTES_PHYSICAL: 338480924
INFO  :    OUTPUT_BYTES_WITH_OVERHEAD: 949888360
INFO  :    OUTPUT_LARGE_RECORDS: 0
INFO  :    OUTPUT_RECORDS: 32500000
INFO  :    SPILLED_RECORDS: 0
INFO  : TaskCounter_Map_1_INPUT_Map_7:
INFO  :    FIRST_EVENT_RECEIVED: 1639
INFO  :    INPUT_RECORDS_PROCESSED: 648
INFO  :    LAST_EVENT_RECEIVED: 1639
INFO  :    NUM_FAILED_SHUFFLE_INPUTS: 0
INFO  :    NUM_SHUFFLED_INPUTS: 9
INFO  :    SHUFFLE_BYTES: 2871
INFO  :    SHUFFLE_BYTES_DECOMPRESSED: 4590
INFO  :    SHUFFLE_BYTES_DISK_DIRECT: 319
INFO  :    SHUFFLE_BYTES_TO_DISK: 0
INFO  :    SHUFFLE_BYTES_TO_MEM: 2552
INFO  :    SHUFFLE_PHASE_TIME: 21737
INFO  : TaskCounter_Map_1_INPUT_Map_8:
INFO  :    FIRST_EVENT_RECEIVED: 444
INFO  :    INPUT_RECORDS_PROCESSED: 216
INFO  :    LAST_EVENT_RECEIVED: 444
INFO  :    NUM_FAILED_SHUFFLE_INPUTS: 0
INFO  :    NUM_SHUFFLED_INPUTS: 9
INFO  :    SHUFFLE_BYTES: 1152
INFO  :    SHUFFLE_BYTES_DECOMPRESSED: 1566
INFO  :    SHUFFLE_BYTES_DISK_DIRECT: 128
INFO  :    SHUFFLE_BYTES_TO_DISK: 0
INFO  :    SHUFFLE_BYTES_TO_MEM: 1024
INFO  :    SHUFFLE_PHASE_TIME: 2218
INFO  : TaskCounter_Map_1_INPUT_Map_9:
INFO  :    FIRST_EVENT_RECEIVED: 799
INFO  :    INPUT_RECORDS_PROCESSED: 16200
INFO  :    LAST_EVENT_RECEIVED: 799
INFO  :    NUM_FAILED_SHUFFLE_INPUTS: 0
INFO  :    NUM_SHUFFLED_INPUTS: 9
INFO  :    SHUFFLE_BYTES: 65952
INFO  :    SHUFFLE_BYTES_DECOMPRESSED: 113454
INFO  :    SHUFFLE_BYTES_DISK_DIRECT: 7328
INFO  :    SHUFFLE_BYTES_TO_DISK: 0
INFO  :    SHUFFLE_BYTES_TO_MEM: 58624
INFO  :    SHUFFLE_PHASE_TIME: 6285
INFO  : TaskCounter_Map_1_INPUT_store_sales:
INFO  :    INPUT_RECORDS_PROCESSED: 1052979
INFO  :    INPUT_SPLIT_LENGTH_BYTES: 58739289020
INFO  : TaskCounter_Map_1_OUTPUT_Reducer_2:
INFO  :    ADDITIONAL_SPILLS_BYTES_READ: 0
INFO  :    ADDITIONAL_SPILLS_BYTES_WRITTEN: 0
INFO  :    ADDITIONAL_SPILL_COUNT: 0
INFO  :    OUTPUT_BYTES: 106454305
INFO  :    OUTPUT_BYTES_PHYSICAL: 61117963
INFO  :    OUTPUT_BYTES_WITH_OVERHEAD: 159407135
INFO  :    OUTPUT_LARGE_RECORDS: 0
INFO  :    OUTPUT_RECORDS: 3794881
INFO  :    SPILLED_RECORDS: 0
INFO  : TaskCounter_Map_7_INPUT_date_dim:
INFO  :    INPUT_RECORDS_PROCESSED: 10
INFO  :    INPUT_SPLIT_LENGTH_BYTES: 759177
INFO  : TaskCounter_Map_7_OUTPUT_Map_1:
INFO  :    ADDITIONAL_SPILLS_BYTES_READ: 0
INFO  :    ADDITIONAL_SPILLS_BYTES_WRITTEN: 0
INFO  :    ADDITIONAL_SPILL_COUNT: 0
INFO  :    OUTPUT_BYTES: 360
INFO  :    OUTPUT_BYTES_PHYSICAL: 343
INFO  :    OUTPUT_BYTES_WITH_OVERHEAD: 510
INFO  :    OUTPUT_LARGE_RECORDS: 0
INFO  :    OUTPUT_RECORDS: 72
INFO  :    SPILLED_RECORDS: 0
INFO  : TaskCounter_Map_8_INPUT_store:
INFO  :    INPUT_RECORDS_PROCESSED: 2
INFO  :    INPUT_SPLIT_LENGTH_BYTES: 127422
INFO  : TaskCounter_Map_8_OUTPUT_Map_1:
INFO  :    ADDITIONAL_SPILLS_BYTES_READ: 0
INFO  :    ADDITIONAL_SPILLS_BYTES_WRITTEN: 0
INFO  :    ADDITIONAL_SPILL_COUNT: 0
INFO  :    OUTPUT_BYTES: 120
INFO  :    OUTPUT_BYTES_PHYSICAL: 152
INFO  :    OUTPUT_BYTES_WITH_OVERHEAD: 174
INFO  :    OUTPUT_LARGE_RECORDS: 0
INFO  :    OUTPUT_RECORDS: 24
INFO  :    SPILLED_RECORDS: 0
INFO  : TaskCounter_Map_9_INPUT_household_demographics:
INFO  :    INPUT_RECORDS_PROCESSED: 8
INFO  :    INPUT_SPLIT_LENGTH_BYTES: 1147
INFO  : TaskCounter_Map_9_OUTPUT_Map_1:
INFO  :    ADDITIONAL_SPILLS_BYTES_READ: 0
INFO  :    ADDITIONAL_SPILLS_BYTES_WRITTEN: 0
INFO  :    ADDITIONAL_SPILL_COUNT: 0
INFO  :    OUTPUT_BYTES: 9000
INFO  :    OUTPUT_BYTES_PHYSICAL: 7352
INFO  :    OUTPUT_BYTES_WITH_OVERHEAD: 12606
INFO  :    OUTPUT_LARGE_RECORDS: 0
INFO  :    OUTPUT_RECORDS: 1800
INFO  :    SPILLED_RECORDS: 0
INFO  : TaskCounter_Reducer_2_INPUT_Map_1:
INFO  :    FIRST_EVENT_RECEIVED: 21043
INFO  :    INPUT_RECORDS_PROCESSED: 3794881
INFO  :    LAST_EVENT_RECEIVED: 2951104
INFO  :    NUM_FAILED_SHUFFLE_INPUTS: 4
INFO  :    NUM_SHUFFLED_INPUTS: 113489
INFO  :    SHUFFLE_BYTES: 58042531
INFO  :    SHUFFLE_BYTES_DECOMPRESSED: 114725001
INFO  :    SHUFFLE_BYTES_DISK_DIRECT: 6484360
INFO  :    SHUFFLE_BYTES_TO_DISK: 0
INFO  :    SHUFFLE_BYTES_TO_MEM: 51558171
INFO  :    SHUFFLE_PHASE_TIME: 5826585
INFO  : TaskCounter_Reducer_2_INPUT_Map_10:
INFO  :    FIRST_EVENT_RECEIVED: 29361
INFO  :    INPUT_RECORDS_PROCESSED: 32500000
INFO  :    LAST_EVENT_RECEIVED: 175103
INFO  :    NUM_FAILED_SHUFFLE_INPUTS: 0
INFO  :    NUM_SHUFFLED_INPUTS: 48432
INFO  :    SHUFFLE_BYTES: 337318556
INFO  :    SHUFFLE_BYTES_DECOMPRESSED: 575026907
INFO  :    SHUFFLE_BYTES_DISK_DIRECT: 37504554
INFO  :    SHUFFLE_BYTES_TO_DISK: 0
INFO  :    SHUFFLE_BYTES_TO_MEM: 299814002
INFO  :    SHUFFLE_PHASE_TIME: 2449243
INFO  : TaskCounter_Reducer_2_OUTPUT_Reducer_3:
INFO  :    ADDITIONAL_SPILLS_BYTES_READ: 0
INFO  :    ADDITIONAL_SPILLS_BYTES_WRITTEN: 0
INFO  :    ADDITIONAL_SPILL_COUNT: 0
INFO  :    OUTPUT_BYTES: 15546543
INFO  :    OUTPUT_BYTES_PHYSICAL: 36515964
INFO  :    OUTPUT_BYTES_WITH_OVERHEAD: 22256637
INFO  :    OUTPUT_RECORDS: 300804
INFO  :    SHUFFLE_CHUNK_COUNT: 1009
INFO  :    SPILLED_RECORDS: 300804
INFO  : TaskCounter_Reducer_3_INPUT_Reducer_2:
INFO  :    ADDITIONAL_SPILLS_BYTES_READ: 13665776
INFO  :    ADDITIONAL_SPILLS_BYTES_WRITTEN: 1418501
INFO  :    COMBINE_INPUT_RECORDS: 0
INFO  :    FIRST_EVENT_RECEIVED: 18259
INFO  :    LAST_EVENT_RECEIVED: 2418274
INFO  :    MERGED_MAP_OUTPUTS: 260554
INFO  :    MERGE_PHASE_TIME: 2633761
INFO  :    NUM_DISK_TO_DISK_MERGES: 0
INFO  :    NUM_FAILED_SHUFFLE_INPUTS: 0
INFO  :    NUM_MEM_TO_DISK_MERGES: 0
INFO  :    NUM_SHUFFLED_INPUTS: 260554
INFO  :    NUM_SKIPPED_INPUTS: 757527
INFO  :    REDUCE_INPUT_GROUPS: 300804
INFO  :    REDUCE_INPUT_RECORDS: 300804
INFO  :    SHUFFLE_BYTES: 21365424
INFO  :    SHUFFLE_BYTES_DECOMPRESSED: 17711475
INFO  :    SHUFFLE_BYTES_DISK_DIRECT: 2404628
INFO  :    SHUFFLE_BYTES_TO_DISK: 0
INFO  :    SHUFFLE_BYTES_TO_MEM: 18960796
INFO  :    SHUFFLE_PHASE_TIME: 2428964
INFO  :    SPILLED_RECORDS: 303283
INFO  : TaskCounter_Reducer_3_OUTPUT_Reducer_4:
INFO  :    ADDITIONAL_SPILLS_BYTES_READ: 0
INFO  :    ADDITIONAL_SPILLS_BYTES_WRITTEN: 0
INFO  :    ADDITIONAL_SPILL_COUNT: 0
INFO  :    OUTPUT_BYTES: 13739244
INFO  :    OUTPUT_BYTES_PHYSICAL: 24052652
INFO  :    OUTPUT_BYTES_WITH_OVERHEAD: 17781443
INFO  :    OUTPUT_LARGE_RECORDS: 0
INFO  :    OUTPUT_RECORDS: 300804
INFO  :    SPILLED_RECORDS: 0
INFO  : TaskCounter_Reducer_4_INPUT_Map_11:
INFO  :    FIRST_EVENT_RECEIVED: 53833
INFO  :    INPUT_RECORDS_PROCESSED: 65000000
INFO  :    LAST_EVENT_RECEIVED: 182043
INFO  :    NUM_FAILED_SHUFFLE_INPUTS: 0
INFO  :    NUM_SHUFFLED_INPUTS: 117044
INFO  :    SHUFFLE_BYTES: 1426143861
INFO  :    SHUFFLE_BYTES_DECOMPRESSED: 1692636044
INFO  :    SHUFFLE_BYTES_DISK_DIRECT: 157429652
INFO  :    SHUFFLE_BYTES_TO_DISK: 0
INFO  :    SHUFFLE_BYTES_TO_MEM: 1268714209
INFO  :    SHUFFLE_PHASE_TIME: 11625353
INFO  : TaskCounter_Reducer_4_INPUT_Reducer_3:
INFO  :    FIRST_EVENT_RECEIVED: 40642
INFO  :    INPUT_RECORDS_PROCESSED: 300804
INFO  :    LAST_EVENT_RECEIVED: 3694733
INFO  :    NUM_FAILED_SHUFFLE_INPUTS: 9
INFO  :    NUM_SHUFFLED_INPUTS: 176292
INFO  :    SHUFFLE_BYTES: 17926004
INFO  :    SHUFFLE_BYTES_DECOMPRESSED: 15398604
INFO  :    SHUFFLE_BYTES_DISK_DIRECT: 1928308
INFO  :    SHUFFLE_BYTES_TO_DISK: 0
INFO  :    SHUFFLE_BYTES_TO_MEM: 15997696
INFO  :    SHUFFLE_PHASE_TIME: 14294994
INFO  : TaskCounter_Reducer_4_OUTPUT_Reducer_5:
INFO  :    ADDITIONAL_SPILLS_BYTES_READ: 0
INFO  :    ADDITIONAL_SPILLS_BYTES_WRITTEN: 0
INFO  :    ADDITIONAL_SPILL_COUNT: 0
INFO  :    OUTPUT_BYTES: 17816501
INFO  :    OUTPUT_BYTES_PHYSICAL: 48216242
INFO  :    OUTPUT_BYTES_WITH_OVERHEAD: 21875503
INFO  :    OUTPUT_LARGE_RECORDS: 0
INFO  :    OUTPUT_RECORDS: 300804
INFO  :    SPILLED_RECORDS: 0
INFO  : TaskCounter_Reducer_5_INPUT_Map_12:
INFO  :    FIRST_EVENT_RECEIVED: 77621
INFO  :    INPUT_RECORDS_PROCESSED: 32500000
INFO  :    LAST_EVENT_RECEIVED: 108537
INFO  :    NUM_FAILED_SHUFFLE_INPUTS: 0
INFO  :    NUM_SHUFFLED_INPUTS: 48432
INFO  :    SHUFFLE_BYTES: 337318556
INFO  :    SHUFFLE_BYTES_DECOMPRESSED: 575026907
INFO  :    SHUFFLE_BYTES_DISK_DIRECT: 37947027
INFO  :    SHUFFLE_BYTES_TO_DISK: 0
INFO  :    SHUFFLE_BYTES_TO_MEM: 299371529
INFO  :    SHUFFLE_PHASE_TIME: 3337594
INFO  : TaskCounter_Reducer_5_INPUT_Reducer_4:
INFO  :    FIRST_EVENT_RECEIVED: 60023
INFO  :    INPUT_RECORDS_PROCESSED: 300804
INFO  :    LAST_EVENT_RECEIVED: 18027558
INFO  :    NUM_FAILED_SHUFFLE_INPUTS: 0
INFO  :    NUM_SHUFFLED_INPUTS: 259760
INFO  :    SHUFFLE_BYTES: 23782298
INFO  :    SHUFFLE_BYTES_DECOMPRESSED: 19976669
INFO  :    SHUFFLE_BYTES_DISK_DIRECT: 2635881
INFO  :    SHUFFLE_BYTES_TO_DISK: 0
INFO  :    SHUFFLE_BYTES_TO_MEM: 21146417
INFO  :    SHUFFLE_PHASE_TIME: 22074384
INFO  : TaskCounter_Reducer_5_OUTPUT_Reducer_6:
INFO  :    ADDITIONAL_SPILLS_BYTES_READ: 0
INFO  :    ADDITIONAL_SPILLS_BYTES_WRITTEN: 0
INFO  :    ADDITIONAL_SPILL_COUNT: 0
INFO  :    OUTPUT_BYTES: 6487376
INFO  :    OUTPUT_BYTES_PHYSICAL: 5538375
INFO  :    OUTPUT_BYTES_WITH_OVERHEAD: 6695230
INFO  :    OUTPUT_RECORDS: 100900
INFO  :    SHUFFLE_CHUNK_COUNT: 1009
INFO  :    SPILLED_RECORDS: 100900
INFO  : TaskCounter_Reducer_6_INPUT_Reducer_5:
INFO  :    ADDITIONAL_SPILLS_BYTES_READ: 4602915
INFO  :    ADDITIONAL_SPILLS_BYTES_WRITTEN: 4064606
INFO  :    COMBINE_INPUT_RECORDS: 0
INFO  :    FIRST_EVENT_RECEIVED: 1
INFO  :    LAST_EVENT_RECEIVED: 59525
INFO  :    MERGED_MAP_OUTPUTS: 1009
INFO  :    MERGE_PHASE_TIME: 59709
INFO  :    NUM_DISK_TO_DISK_MERGES: 0
INFO  :    NUM_FAILED_SHUFFLE_INPUTS: 0
INFO  :    NUM_MEM_TO_DISK_MERGES: 0
INFO  :    NUM_SHUFFLED_INPUTS: 1009
INFO  :    NUM_SKIPPED_INPUTS: 0
INFO  :    REDUCE_INPUT_GROUPS: 100900
INFO  :    REDUCE_INPUT_RECORDS: 100900
INFO  :    SHUFFLE_BYTES: 5538375
INFO  :    SHUFFLE_BYTES_DECOMPRESSED: 6695230
INFO  :    SHUFFLE_BYTES_DISK_DIRECT: 538309
INFO  :    SHUFFLE_BYTES_TO_DISK: 0
INFO  :    SHUFFLE_BYTES_TO_MEM: 5000066
INFO  :    SHUFFLE_PHASE_TIME: 59589
INFO  :    SPILLED_RECORDS: 100900
INFO  : TaskCounter_Reducer_6_OUTPUT_out_Reducer_6:
INFO  :    OUTPUT_RECORDS: 0
INFO  : org.apache.hadoop.hive.llap.counters.LlapIOCounters:
INFO  :    ALLOCATED_BYTES: 26200244224
INFO  :    ALLOCATED_USED_BYTES: 22638942460
INFO  :    CACHE_HIT_BYTES: 2544273841
INFO  :    CACHE_MISS_BYTES: 16990183312
INFO  :    CONSUMER_TIME_NS: 557883020152
INFO  :    DECODE_TIME_NS: 274211975736
INFO  :    HDFS_TIME_NS: 855037186741
INFO  :    METADATA_CACHE_HIT: 1093
INFO  :    METADATA_CACHE_MISS: 2373
INFO  :    NUM_DECODED_BATCHES: 118969
INFO  :    NUM_VECTOR_BATCHES: 1183329
INFO  :    ROWS_EMITTED: 1182969120
INFO  :    SELECTED_ROWGROUPS: 118969
INFO  :    TOTAL_IO_TIME_NS: 1137330795060
INFO  : Completed executing command(queryId=hive_20161019030534_157c2e13-b9ca-49fc-b3f9-d3d33b74cbba); Time taken: 185.049 seconds
INFO  : OK
100 rows selected (185.78 seconds)
Closing: 0: jdbc:hive2://h01hn02:10500/tpcds_bin_partitioned_orc_10000
