Connecting to jdbc:hive2://h01hn02:10500/tpcds_bin_partitioned_orc_10000
Connected to: Apache Hive (version 2.1.0.2.5.1.0-43)
Driver: Hive JDBC (version 1.2.1000.2.5.1.0-43)
Transaction isolation: TRANSACTION_REPEATABLE_READ
Running init script bry.sql
No rows affected (0.036 seconds)
No rows affected (0.001 seconds)
INFO  : Compiling command(queryId=hive_20161017164543_d5e850c5-39f5-464d-a4bf-50fc2a49f4d3): select  i_item_id,
        ca_country,
        ca_state, 
        ca_county,
        avg( cast(cs_quantity as decimal(12,2))) agg1,
        avg( cast(cs_list_price as decimal(12,2))) agg2,
        avg( cast(cs_coupon_amt as decimal(12,2))) agg3,
        avg( cast(cs_sales_price as decimal(12,2))) agg4,
        avg( cast(cs_net_profit as decimal(12,2))) agg5,
        avg( cast(c_birth_year as decimal(12,2))) agg6,
        avg( cast(cd1.cd_dep_count as decimal(12,2))) agg7
 from catalog_sales, date_dim, customer_demographics cd1, item, customer, customer_address, 
      customer_demographics cd2
 where catalog_sales.cs_sold_date_sk = date_dim.d_date_sk and
       catalog_sales.cs_item_sk = item.i_item_sk and
       catalog_sales.cs_bill_cdemo_sk = cd1.cd_demo_sk and
       catalog_sales.cs_bill_customer_sk = customer.c_customer_sk and
       cd1.cd_gender = 'M' and 
       cd1.cd_education_status = 'College' and
       customer.c_current_cdemo_sk = cd2.cd_demo_sk and
       customer.c_current_addr_sk = customer_address.ca_address_sk and
       c_birth_month in (9,5,12,4,1,10) and
       d_year = 2001 and
       ca_state in ('ND','WI','AL'
                   ,'NC','OK','MS','TN')
 group by i_item_id, ca_country, ca_state, ca_county with rollup
 order by ca_country,
        ca_state, 
        ca_county,
	i_item_id
 limit 100
INFO  : Semantic Analysis Completed
INFO  : Returning Hive schema: Schema(fieldSchemas:[FieldSchema(name:i_item_id, type:string, comment:null), FieldSchema(name:ca_country, type:string, comment:null), FieldSchema(name:ca_state, type:string, comment:null), FieldSchema(name:ca_county, type:string, comment:null), FieldSchema(name:agg1, type:decimal(16,6), comment:null), FieldSchema(name:agg2, type:decimal(16,6), comment:null), FieldSchema(name:agg3, type:decimal(16,6), comment:null), FieldSchema(name:agg4, type:decimal(16,6), comment:null), FieldSchema(name:agg5, type:decimal(16,6), comment:null), FieldSchema(name:agg6, type:decimal(16,6), comment:null), FieldSchema(name:agg7, type:decimal(16,6), comment:null)], properties:null)
INFO  : Completed compiling command(queryId=hive_20161017164543_d5e850c5-39f5-464d-a4bf-50fc2a49f4d3); Time taken: 0.797 seconds
INFO  : Concurrency mode is disabled, not creating a lock manager
INFO  : Executing command(queryId=hive_20161017164543_d5e850c5-39f5-464d-a4bf-50fc2a49f4d3): select  i_item_id,
        ca_country,
        ca_state, 
        ca_county,
        avg( cast(cs_quantity as decimal(12,2))) agg1,
        avg( cast(cs_list_price as decimal(12,2))) agg2,
        avg( cast(cs_coupon_amt as decimal(12,2))) agg3,
        avg( cast(cs_sales_price as decimal(12,2))) agg4,
        avg( cast(cs_net_profit as decimal(12,2))) agg5,
        avg( cast(c_birth_year as decimal(12,2))) agg6,
        avg( cast(cd1.cd_dep_count as decimal(12,2))) agg7
 from catalog_sales, date_dim, customer_demographics cd1, item, customer, customer_address, 
      customer_demographics cd2
 where catalog_sales.cs_sold_date_sk = date_dim.d_date_sk and
       catalog_sales.cs_item_sk = item.i_item_sk and
       catalog_sales.cs_bill_cdemo_sk = cd1.cd_demo_sk and
       catalog_sales.cs_bill_customer_sk = customer.c_customer_sk and
       cd1.cd_gender = 'M' and 
       cd1.cd_education_status = 'College' and
       customer.c_current_cdemo_sk = cd2.cd_demo_sk and
       customer.c_current_addr_sk = customer_address.ca_address_sk and
       c_birth_month in (9,5,12,4,1,10) and
       d_year = 2001 and
       ca_state in ('ND','WI','AL'
                   ,'NC','OK','MS','TN')
 group by i_item_id, ca_country, ca_state, ca_county with rollup
 order by ca_country,
        ca_state, 
        ca_county,
	i_item_id
 limit 100
INFO  : Query ID = hive_20161017164543_d5e850c5-39f5-464d-a4bf-50fc2a49f4d3
INFO  : Total jobs = 1
INFO  : Launching Job 1 out of 1
INFO  : Starting task [Stage-1:MAPRED] in serial mode
INFO  : Session is already open
INFO  : Dag name: select  i_item_id,
        ca_country,...100(Stage-1)
INFO  : Setting tez.task.scale.memory.reserve-fraction to 0.30000001192092896
INFO  : Setting tez.task.scale.memory.reserve-fraction to 0.30000001192092896
INFO  : Setting tez.task.scale.memory.reserve-fraction to 0.30000001192092896
INFO  : Tez session was closed. Reopening...
INFO  : Session re-established.
INFO  : 

INFO  : Status: Running (Executing on YARN cluster with App id application_1476716628816_0101)

INFO  : Map 1: -/-	Map 10: 0/49	Map 11: 0/6	Map 6: 0/1	Map 7: 0/6	Map 8: 0/7	Map 9: 0/113	Reducer 2: 0/1009	Reducer 3: 0/1009	Reducer 4: 0/1009	Reducer 5: 0/1	
INFO  : Map 1: -/-	Map 10: 0(+49)/49	Map 11: 0(+6)/6	Map 6: 1/1	Map 7: 0(+6)/6	Map 8: 0(+7)/7	Map 9: 0(+113)/113	Reducer 2: 0/1009	Reducer 3: 0/1009	Reducer 4: 0/1009	Reducer 5: 0/1	
INFO  : Map 1: -/-	Map 10: 0(+49)/49	Map 11: 3(+3)/6	Map 6: 1/1	Map 7: 5(+1)/6	Map 8: 6(+1)/7	Map 9: 0(+113)/113	Reducer 2: 0/1009	Reducer 3: 0/1009	Reducer 4: 0/1009	Reducer 5: 0/1	
INFO  : Map 1: -/-	Map 10: 4(+45)/49	Map 11: 4(+2)/6	Map 6: 1/1	Map 7: 5(+1)/6	Map 8: 6(+1)/7	Map 9: 0(+113)/113	Reducer 2: 0/1009	Reducer 3: 0/1009	Reducer 4: 0/1009	Reducer 5: 0/1	
INFO  : Map 1: -/-	Map 10: 12(+37)/49	Map 11: 5(+1)/6	Map 6: 1/1	Map 7: 6/6	Map 8: 7/7	Map 9: 8(+105)/113	Reducer 2: 0/1009	Reducer 3: 0/1009	Reducer 4: 0/1009	Reducer 5: 0/1	
INFO  : Map 1: 0(+40)/115	Map 10: 20(+29)/49	Map 11: 5(+1)/6	Map 6: 1/1	Map 7: 6/6	Map 8: 7/7	Map 9: 12(+101)/113	Reducer 2: 0/1009	Reducer 3: 0/1009	Reducer 4: 0/1009	Reducer 5: 0/1	
INFO  : Map 1: 0(+115)/115	Map 10: 20(+29)/49	Map 11: 5(+1)/6	Map 6: 1/1	Map 7: 6/6	Map 8: 7/7	Map 9: 17(+96)/113	Reducer 2: 0/1009	Reducer 3: 0/1009	Reducer 4: 0/1009	Reducer 5: 0/1	
INFO  : Map 1: 0(+115)/115	Map 10: 24(+25)/49	Map 11: 5(+1)/6	Map 6: 1/1	Map 7: 6/6	Map 8: 7/7	Map 9: 20(+93)/113	Reducer 2: 0/1009	Reducer 3: 0/1009	Reducer 4: 0/1009	Reducer 5: 0/1	
INFO  : Map 1: 0(+115)/115	Map 10: 28(+21)/49	Map 11: 6/6	Map 6: 1/1	Map 7: 6/6	Map 8: 7/7	Map 9: 29(+84)/113	Reducer 2: 0/1009	Reducer 3: 0/1009	Reducer 4: 0/1009	Reducer 5: 0/1	
INFO  : Map 1: 0(+115)/115	Map 10: 30(+19)/49	Map 11: 6/6	Map 6: 1/1	Map 7: 6/6	Map 8: 7/7	Map 9: 35(+78)/113	Reducer 2: 0/1009	Reducer 3: 0/1009	Reducer 4: 0/1009	Reducer 5: 0/1	
INFO  : Map 1: 0(+115)/115	Map 10: 32(+17)/49	Map 11: 6/6	Map 6: 1/1	Map 7: 6/6	Map 8: 7/7	Map 9: 35(+78)/113	Reducer 2: 0/1009	Reducer 3: 0/1009	Reducer 4: 0/1009	Reducer 5: 0/1	
INFO  : Map 1: 0(+115)/115	Map 10: 37(+12)/49	Map 11: 6/6	Map 6: 1/1	Map 7: 6/6	Map 8: 7/7	Map 9: 72(+41)/113	Reducer 2: 0/1009	Reducer 3: 0/1009	Reducer 4: 0/1009	Reducer 5: 0/1	
INFO  : Map 1: 0(+115)/115	Map 10: 45(+4)/49	Map 11: 6/6	Map 6: 1/1	Map 7: 6/6	Map 8: 7/7	Map 9: 85(+28)/113	Reducer 2: 0/1009	Reducer 3: 0/1009	Reducer 4: 0/1009	Reducer 5: 0/1	
INFO  : Map 1: 0(+115)/115	Map 10: 46(+3)/49	Map 11: 6/6	Map 6: 1/1	Map 7: 6/6	Map 8: 7/7	Map 9: 89(+24)/113	Reducer 2: 0/1009	Reducer 3: 0/1009	Reducer 4: 0/1009	Reducer 5: 0/1	
INFO  : Map 1: 0(+115)/115	Map 10: 49/49	Map 11: 6/6	Map 6: 1/1	Map 7: 6/6	Map 8: 7/7	Map 9: 113/113	Reducer 2: 0/1009	Reducer 3: 0/1009	Reducer 4: 0/1009	Reducer 5: 0/1	
INFO  : Map 1: 1(+114)/115	Map 10: 49/49	Map 11: 6/6	Map 6: 1/1	Map 7: 6/6	Map 8: 7/7	Map 9: 113/113	Reducer 2: 0/1009	Reducer 3: 0/1009	Reducer 4: 0/1009	Reducer 5: 0/1	
INFO  : Map 1: 2(+113)/115	Map 10: 49/49	Map 11: 6/6	Map 6: 1/1	Map 7: 6/6	Map 8: 7/7	Map 9: 113/113	Reducer 2: 0/1009	Reducer 3: 0/1009	Reducer 4: 0/1009	Reducer 5: 0/1	
INFO  : Map 1: 3(+112)/115	Map 10: 49/49	Map 11: 6/6	Map 6: 1/1	Map 7: 6/6	Map 8: 7/7	Map 9: 113/113	Reducer 2: 0/1009	Reducer 3: 0/1009	Reducer 4: 0/1009	Reducer 5: 0/1	
INFO  : Map 1: 4(+111)/115	Map 10: 49/49	Map 11: 6/6	Map 6: 1/1	Map 7: 6/6	Map 8: 7/7	Map 9: 113/113	Reducer 2: 0/1009	Reducer 3: 0/1009	Reducer 4: 0/1009	Reducer 5: 0/1	
INFO  : Map 1: 5(+110)/115	Map 10: 49/49	Map 11: 6/6	Map 6: 1/1	Map 7: 6/6	Map 8: 7/7	Map 9: 113/113	Reducer 2: 0/1009	Reducer 3: 0/1009	Reducer 4: 0/1009	Reducer 5: 0/1	
INFO  : Map 1: 12(+103)/115	Map 10: 49/49	Map 11: 6/6	Map 6: 1/1	Map 7: 6/6	Map 8: 7/7	Map 9: 113/113	Reducer 2: 0/1009	Reducer 3: 0/1009	Reducer 4: 0/1009	Reducer 5: 0/1	
INFO  : Map 1: 19(+96)/115	Map 10: 49/49	Map 11: 6/6	Map 6: 1/1	Map 7: 6/6	Map 8: 7/7	Map 9: 113/113	Reducer 2: 0/1009	Reducer 3: 0/1009	Reducer 4: 0/1009	Reducer 5: 0/1	
INFO  : Map 1: 27(+88)/115	Map 10: 49/49	Map 11: 6/6	Map 6: 1/1	Map 7: 6/6	Map 8: 7/7	Map 9: 113/113	Reducer 2: 0(+132)/1009	Reducer 3: 0/1009	Reducer 4: 0/1009	Reducer 5: 0/1	
INFO  : Map 1: 31(+84)/115	Map 10: 49/49	Map 11: 6/6	Map 6: 1/1	Map 7: 6/6	Map 8: 7/7	Map 9: 113/113	Reducer 2: 0(+310)/1009	Reducer 3: 0/1009	Reducer 4: 0/1009	Reducer 5: 0/1	
INFO  : Map 1: 32(+83)/115	Map 10: 49/49	Map 11: 6/6	Map 6: 1/1	Map 7: 6/6	Map 8: 7/7	Map 9: 113/113	Reducer 2: 0(+395)/1009	Reducer 3: 0/1009	Reducer 4: 0/1009	Reducer 5: 0/1	
INFO  : Map 1: 40(+75)/115	Map 10: 49/49	Map 11: 6/6	Map 6: 1/1	Map 7: 6/6	Map 8: 7/7	Map 9: 113/113	Reducer 2: 0(+429)/1009	Reducer 3: 0/1009	Reducer 4: 0/1009	Reducer 5: 0/1	
INFO  : Map 1: 53(+62)/115	Map 10: 49/49	Map 11: 6/6	Map 6: 1/1	Map 7: 6/6	Map 8: 7/7	Map 9: 113/113	Reducer 2: 0(+442)/1009	Reducer 3: 0/1009	Reducer 4: 0/1009	Reducer 5: 0/1	
INFO  : Map 1: 69(+46)/115	Map 10: 49/49	Map 11: 6/6	Map 6: 1/1	Map 7: 6/6	Map 8: 7/7	Map 9: 113/113	Reducer 2: 0(+458)/1009	Reducer 3: 0/1009	Reducer 4: 0/1009	Reducer 5: 0/1	
INFO  : Map 1: 77(+38)/115	Map 10: 49/49	Map 11: 6/6	Map 6: 1/1	Map 7: 6/6	Map 8: 7/7	Map 9: 113/113	Reducer 2: 0(+466)/1009	Reducer 3: 0/1009	Reducer 4: 0/1009	Reducer 5: 0/1	
INFO  : Map 1: 86(+29)/115	Map 10: 49/49	Map 11: 6/6	Map 6: 1/1	Map 7: 6/6	Map 8: 7/7	Map 9: 113/113	Reducer 2: 0(+475)/1009	Reducer 3: 0/1009	Reducer 4: 0/1009	Reducer 5: 0/1	
INFO  : Map 1: 93(+22)/115	Map 10: 49/49	Map 11: 6/6	Map 6: 1/1	Map 7: 6/6	Map 8: 7/7	Map 9: 113/113	Reducer 2: 0(+482)/1009	Reducer 3: 0/1009	Reducer 4: 0/1009	Reducer 5: 0/1	
INFO  : Map 1: 99(+16)/115	Map 10: 49/49	Map 11: 6/6	Map 6: 1/1	Map 7: 6/6	Map 8: 7/7	Map 9: 113/113	Reducer 2: 0(+488)/1009	Reducer 3: 0/1009	Reducer 4: 0/1009	Reducer 5: 0/1	
INFO  : Map 1: 103(+12)/115	Map 10: 49/49	Map 11: 6/6	Map 6: 1/1	Map 7: 6/6	Map 8: 7/7	Map 9: 113/113	Reducer 2: 0(+492)/1009	Reducer 3: 0/1009	Reducer 4: 0/1009	Reducer 5: 0/1	
INFO  : Map 1: 109(+6)/115	Map 10: 49/49	Map 11: 6/6	Map 6: 1/1	Map 7: 6/6	Map 8: 7/7	Map 9: 113/113	Reducer 2: 0(+498)/1009	Reducer 3: 0/1009	Reducer 4: 0/1009	Reducer 5: 0/1	
INFO  : Map 1: 110(+5)/115	Map 10: 49/49	Map 11: 6/6	Map 6: 1/1	Map 7: 6/6	Map 8: 7/7	Map 9: 113/113	Reducer 2: 0(+499)/1009	Reducer 3: 0/1009	Reducer 4: 0/1009	Reducer 5: 0/1	
INFO  : Map 1: 111(+4)/115	Map 10: 49/49	Map 11: 6/6	Map 6: 1/1	Map 7: 6/6	Map 8: 7/7	Map 9: 113/113	Reducer 2: 0(+500)/1009	Reducer 3: 0/1009	Reducer 4: 0/1009	Reducer 5: 0/1	
INFO  : Map 1: 113(+2)/115	Map 10: 49/49	Map 11: 6/6	Map 6: 1/1	Map 7: 6/6	Map 8: 7/7	Map 9: 113/113	Reducer 2: 0(+502)/1009	Reducer 3: 0/1009	Reducer 4: 0/1009	Reducer 5: 0/1	
INFO  : Map 1: 114(+1)/115	Map 10: 49/49	Map 11: 6/6	Map 6: 1/1	Map 7: 6/6	Map 8: 7/7	Map 9: 113/113	Reducer 2: 0(+503)/1009	Reducer 3: 0/1009	Reducer 4: 0/1009	Reducer 5: 0/1	
INFO  : Map 1: 115/115	Map 10: 49/49	Map 11: 6/6	Map 6: 1/1	Map 7: 6/6	Map 8: 7/7	Map 9: 113/113	Reducer 2: 0(+503)/1009	Reducer 3: 0/1009	Reducer 4: 0/1009	Reducer 5: 0/1	
INFO  : Map 1: 115/115	Map 10: 49/49	Map 11: 6/6	Map 6: 1/1	Map 7: 6/6	Map 8: 7/7	Map 9: 113/113	Reducer 2: 0(+504)/1009	Reducer 3: 0/1009	Reducer 4: 0/1009	Reducer 5: 0/1	
INFO  : Map 1: 115/115	Map 10: 49/49	Map 11: 6/6	Map 6: 1/1	Map 7: 6/6	Map 8: 7/7	Map 9: 113/113	Reducer 2: 3(+504)/1009	Reducer 3: 0/1009	Reducer 4: 0/1009	Reducer 5: 0/1	
INFO  : Map 1: 115/115	Map 10: 49/49	Map 11: 6/6	Map 6: 1/1	Map 7: 6/6	Map 8: 7/7	Map 9: 113/113	Reducer 2: 9(+504)/1009	Reducer 3: 0/1009	Reducer 4: 0/1009	Reducer 5: 0/1	
INFO  : Map 1: 115/115	Map 10: 49/49	Map 11: 6/6	Map 6: 1/1	Map 7: 6/6	Map 8: 7/7	Map 9: 113/113	Reducer 2: 16(+504)/1009	Reducer 3: 0/1009	Reducer 4: 0/1009	Reducer 5: 0/1	
INFO  : Map 1: 115/115	Map 10: 49/49	Map 11: 6/6	Map 6: 1/1	Map 7: 6/6	Map 8: 7/7	Map 9: 113/113	Reducer 2: 19(+504)/1009	Reducer 3: 0/1009	Reducer 4: 0/1009	Reducer 5: 0/1	
INFO  : Map 1: 115/115	Map 10: 49/49	Map 11: 6/6	Map 6: 1/1	Map 7: 6/6	Map 8: 7/7	Map 9: 113/113	Reducer 2: 24(+504)/1009	Reducer 3: 0/1009	Reducer 4: 0/1009	Reducer 5: 0/1	
INFO  : Map 1: 115/115	Map 10: 49/49	Map 11: 6/6	Map 6: 1/1	Map 7: 6/6	Map 8: 7/7	Map 9: 113/113	Reducer 2: 44(+504)/1009	Reducer 3: 0/1009	Reducer 4: 0/1009	Reducer 5: 0/1	
INFO  : Map 1: 115/115	Map 10: 49/49	Map 11: 6/6	Map 6: 1/1	Map 7: 6/6	Map 8: 7/7	Map 9: 113/113	Reducer 2: 64(+504)/1009	Reducer 3: 0/1009	Reducer 4: 0/1009	Reducer 5: 0/1	
INFO  : Map 1: 115/115	Map 10: 49/49	Map 11: 6/6	Map 6: 1/1	Map 7: 6/6	Map 8: 7/7	Map 9: 113/113	Reducer 2: 79(+504)/1009	Reducer 3: 0/1009	Reducer 4: 0/1009	Reducer 5: 0/1	
INFO  : Map 1: 115/115	Map 10: 49/49	Map 11: 6/6	Map 6: 1/1	Map 7: 6/6	Map 8: 7/7	Map 9: 113/113	Reducer 2: 86(+504)/1009	Reducer 3: 0/1009	Reducer 4: 0/1009	Reducer 5: 0/1	
INFO  : Map 1: 115/115	Map 10: 49/49	Map 11: 6/6	Map 6: 1/1	Map 7: 6/6	Map 8: 7/7	Map 9: 113/113	Reducer 2: 136(+509)/1009	Reducer 3: 0/1009	Reducer 4: 0/1009	Reducer 5: 0/1	
INFO  : Map 1: 115/115	Map 10: 49/49	Map 11: 6/6	Map 6: 1/1	Map 7: 6/6	Map 8: 7/7	Map 9: 113/113	Reducer 2: 142(+515)/1009	Reducer 3: 0/1009	Reducer 4: 0/1009	Reducer 5: 0/1	
INFO  : Map 1: 115/115	Map 10: 49/49	Map 11: 6/6	Map 6: 1/1	Map 7: 6/6	Map 8: 7/7	Map 9: 113/113	Reducer 2: 142(+527)/1009	Reducer 3: 0/1009	Reducer 4: 0/1009	Reducer 5: 0/1	
INFO  : Map 1: 115/115	Map 10: 49/49	Map 11: 6/6	Map 6: 1/1	Map 7: 6/6	Map 8: 7/7	Map 9: 113/113	Reducer 2: 144(+527)/1009	Reducer 3: 0/1009	Reducer 4: 0/1009	Reducer 5: 0/1	
INFO  : Map 1: 115/115	Map 10: 49/49	Map 11: 6/6	Map 6: 1/1	Map 7: 6/6	Map 8: 7/7	Map 9: 113/113	Reducer 2: 148(+527)/1009	Reducer 3: 0/1009	Reducer 4: 0/1009	Reducer 5: 0/1	
INFO  : Map 1: 115/115	Map 10: 49/49	Map 11: 6/6	Map 6: 1/1	Map 7: 6/6	Map 8: 7/7	Map 9: 113/113	Reducer 2: 161(+527)/1009	Reducer 3: 0/1009	Reducer 4: 0/1009	Reducer 5: 0/1	
INFO  : Map 1: 115/115	Map 10: 49/49	Map 11: 6/6	Map 6: 1/1	Map 7: 6/6	Map 8: 7/7	Map 9: 113/113	Reducer 2: 188(+527)/1009	Reducer 3: 0/1009	Reducer 4: 0/1009	Reducer 5: 0/1	
INFO  : Map 1: 115/115	Map 10: 49/49	Map 11: 6/6	Map 6: 1/1	Map 7: 6/6	Map 8: 7/7	Map 9: 113/113	Reducer 2: 236(+505)/1009	Reducer 3: 0/1009	Reducer 4: 0/1009	Reducer 5: 0/1	
INFO  : Map 1: 115/115	Map 10: 49/49	Map 11: 6/6	Map 6: 1/1	Map 7: 6/6	Map 8: 7/7	Map 9: 113/113	Reducer 2: 292(+526)/1009	Reducer 3: 0/1009	Reducer 4: 0/1009	Reducer 5: 0/1	
INFO  : Map 1: 115/115	Map 10: 49/49	Map 11: 6/6	Map 6: 1/1	Map 7: 6/6	Map 8: 7/7	Map 9: 113/113	Reducer 2: 343(+526)/1009	Reducer 3: 0/1009	Reducer 4: 0/1009	Reducer 5: 0/1	
INFO  : Map 1: 115/115	Map 10: 49/49	Map 11: 6/6	Map 6: 1/1	Map 7: 6/6	Map 8: 7/7	Map 9: 113/113	Reducer 2: 429(+521,-3)/1009	Reducer 3: 0/1009	Reducer 4: 0/1009	Reducer 5: 0/1	
INFO  : Map 1: 115/115	Map 10: 49/49	Map 11: 6/6	Map 6: 1/1	Map 7: 6/6	Map 8: 7/7	Map 9: 113/113	Reducer 2: 521(+488,-3)/1009	Reducer 3: 0(+15)/1009	Reducer 4: 0/1009	Reducer 5: 0/1	
INFO  : Map 1: 115/115	Map 10: 49/49	Map 11: 6/6	Map 6: 1/1	Map 7: 6/6	Map 8: 7/7	Map 9: 113/113	Reducer 2: 528(+481,-3)/1009	Reducer 3: 0(+24)/1009	Reducer 4: 0/1009	Reducer 5: 0/1	
INFO  : Map 1: 115/115	Map 10: 49/49	Map 11: 6/6	Map 6: 1/1	Map 7: 6/6	Map 8: 7/7	Map 9: 113/113	Reducer 2: 534(+475,-3)/1009	Reducer 3: 0(+31)/1009	Reducer 4: 0/1009	Reducer 5: 0/1	
INFO  : Map 1: 115/115	Map 10: 49/49	Map 11: 6/6	Map 6: 1/1	Map 7: 6/6	Map 8: 7/7	Map 9: 113/113	Reducer 2: 537(+472,-3)/1009	Reducer 3: 0(+34)/1009	Reducer 4: 0/1009	Reducer 5: 0/1	
INFO  : Map 1: 115/115	Map 10: 49/49	Map 11: 6/6	Map 6: 1/1	Map 7: 6/6	Map 8: 7/7	Map 9: 113/113	Reducer 2: 538(+471,-3)/1009	Reducer 3: 0(+35)/1009	Reducer 4: 0/1009	Reducer 5: 0/1	
INFO  : Map 1: 115/115	Map 10: 49/49	Map 11: 6/6	Map 6: 1/1	Map 7: 6/6	Map 8: 7/7	Map 9: 113/113	Reducer 2: 541(+468,-3)/1009	Reducer 3: 0(+38)/1009	Reducer 4: 0/1009	Reducer 5: 0/1	
INFO  : Map 1: 115/115	Map 10: 49/49	Map 11: 6/6	Map 6: 1/1	Map 7: 6/6	Map 8: 7/7	Map 9: 113/113	Reducer 2: 544(+465,-3)/1009	Reducer 3: 0(+41)/1009	Reducer 4: 0/1009	Reducer 5: 0/1	
INFO  : Map 1: 115/115	Map 10: 49/49	Map 11: 6/6	Map 6: 1/1	Map 7: 6/6	Map 8: 7/7	Map 9: 113/113	Reducer 2: 548(+461,-3)/1009	Reducer 3: 0(+45)/1009	Reducer 4: 0/1009	Reducer 5: 0/1	
INFO  : Map 1: 115/115	Map 10: 49/49	Map 11: 6/6	Map 6: 1/1	Map 7: 6/6	Map 8: 7/7	Map 9: 113/113	Reducer 2: 553(+456,-3)/1009	Reducer 3: 0(+49)/1009	Reducer 4: 0/1009	Reducer 5: 0/1	
INFO  : Map 1: 115/115	Map 10: 49/49	Map 11: 6/6	Map 6: 1/1	Map 7: 6/6	Map 8: 7/7	Map 9: 113/113	Reducer 2: 566(+443,-3)/1009	Reducer 3: 0(+63)/1009	Reducer 4: 0/1009	Reducer 5: 0/1	
INFO  : Map 1: 115/115	Map 10: 49/49	Map 11: 6/6	Map 6: 1/1	Map 7: 6/6	Map 8: 7/7	Map 9: 113/113	Reducer 2: 581(+428,-3)/1009	Reducer 3: 0(+78)/1009	Reducer 4: 0/1009	Reducer 5: 0/1	
INFO  : Map 1: 115/115	Map 10: 49/49	Map 11: 6/6	Map 6: 1/1	Map 7: 6/6	Map 8: 7/7	Map 9: 113/113	Reducer 2: 594(+415,-3)/1009	Reducer 3: 0(+91)/1009	Reducer 4: 0/1009	Reducer 5: 0/1	
INFO  : Map 1: 115/115	Map 10: 49/49	Map 11: 6/6	Map 6: 1/1	Map 7: 6/6	Map 8: 7/7	Map 9: 113/113	Reducer 2: 604(+405,-3)/1009	Reducer 3: 0(+101)/1009	Reducer 4: 0/1009	Reducer 5: 0/1	
INFO  : Map 1: 115/115	Map 10: 49/49	Map 11: 6/6	Map 6: 1/1	Map 7: 6/6	Map 8: 7/7	Map 9: 113/113	Reducer 2: 615(+394,-3)/1009	Reducer 3: 0(+112)/1009	Reducer 4: 0/1009	Reducer 5: 0/1	
INFO  : Map 1: 115/115	Map 10: 49/49	Map 11: 6/6	Map 6: 1/1	Map 7: 6/6	Map 8: 7/7	Map 9: 113/113	Reducer 2: 619(+390,-3)/1009	Reducer 3: 0(+116)/1009	Reducer 4: 0/1009	Reducer 5: 0/1	
INFO  : Map 1: 115/115	Map 10: 49/49	Map 11: 6/6	Map 6: 1/1	Map 7: 6/6	Map 8: 7/7	Map 9: 113/113	Reducer 2: 622(+387,-3)/1009	Reducer 3: 0(+119)/1009	Reducer 4: 0/1009	Reducer 5: 0/1	
INFO  : Map 1: 115/115	Map 10: 49/49	Map 11: 6/6	Map 6: 1/1	Map 7: 6/6	Map 8: 7/7	Map 9: 113/113	Reducer 2: 630(+379,-3)/1009	Reducer 3: 0(+127)/1009	Reducer 4: 0/1009	Reducer 5: 0/1	
INFO  : Map 1: 115/115	Map 10: 49/49	Map 11: 6/6	Map 6: 1/1	Map 7: 6/6	Map 8: 7/7	Map 9: 113/113	Reducer 2: 642(+367,-3)/1009	Reducer 3: 0(+139)/1009	Reducer 4: 0/1009	Reducer 5: 0/1	
INFO  : Map 1: 115/115	Map 10: 49/49	Map 11: 6/6	Map 6: 1/1	Map 7: 6/6	Map 8: 7/7	Map 9: 113/113	Reducer 2: 667(+342,-3)/1009	Reducer 3: 0(+164)/1009	Reducer 4: 0/1009	Reducer 5: 0/1	
INFO  : Map 1: 115/115	Map 10: 49/49	Map 11: 6/6	Map 6: 1/1	Map 7: 6/6	Map 8: 7/7	Map 9: 113/113	Reducer 2: 684(+325,-3)/1009	Reducer 3: 0(+181)/1009	Reducer 4: 0/1009	Reducer 5: 0/1	
INFO  : Map 1: 115/115	Map 10: 49/49	Map 11: 6/6	Map 6: 1/1	Map 7: 6/6	Map 8: 7/7	Map 9: 113/113	Reducer 2: 693(+316,-3)/1009	Reducer 3: 0(+190)/1009	Reducer 4: 0/1009	Reducer 5: 0/1	
INFO  : Map 1: 115/115	Map 10: 49/49	Map 11: 6/6	Map 6: 1/1	Map 7: 6/6	Map 8: 7/7	Map 9: 113/113	Reducer 2: 698(+311,-3)/1009	Reducer 3: 0(+195)/1009	Reducer 4: 0/1009	Reducer 5: 0/1	
INFO  : Map 1: 115/115	Map 10: 49/49	Map 11: 6/6	Map 6: 1/1	Map 7: 6/6	Map 8: 7/7	Map 9: 113/113	Reducer 2: 699(+310,-3)/1009	Reducer 3: 0(+196)/1009	Reducer 4: 0/1009	Reducer 5: 0/1	
INFO  : Map 1: 115/115	Map 10: 49/49	Map 11: 6/6	Map 6: 1/1	Map 7: 6/6	Map 8: 7/7	Map 9: 113/113	Reducer 2: 701(+308,-3)/1009	Reducer 3: 0(+198)/1009	Reducer 4: 0/1009	Reducer 5: 0/1	
INFO  : Map 1: 115/115	Map 10: 49/49	Map 11: 6/6	Map 6: 1/1	Map 7: 6/6	Map 8: 7/7	Map 9: 113/113	Reducer 2: 702(+307,-3)/1009	Reducer 3: 0(+199)/1009	Reducer 4: 0/1009	Reducer 5: 0/1	
INFO  : Map 1: 115/115	Map 10: 49/49	Map 11: 6/6	Map 6: 1/1	Map 7: 6/6	Map 8: 7/7	Map 9: 113/113	Reducer 2: 705(+304,-3)/1009	Reducer 3: 0(+202)/1009	Reducer 4: 0/1009	Reducer 5: 0/1	
INFO  : Map 1: 115/115	Map 10: 49/49	Map 11: 6/6	Map 6: 1/1	Map 7: 6/6	Map 8: 7/7	Map 9: 113/113	Reducer 2: 706(+303,-3)/1009	Reducer 3: 0(+203)/1009	Reducer 4: 0/1009	Reducer 5: 0/1	
INFO  : Map 1: 115/115	Map 10: 49/49	Map 11: 6/6	Map 6: 1/1	Map 7: 6/6	Map 8: 7/7	Map 9: 113/113	Reducer 2: 708(+301,-3)/1009	Reducer 3: 0(+205)/1009	Reducer 4: 0/1009	Reducer 5: 0/1	
INFO  : Map 1: 115/115	Map 10: 49/49	Map 11: 6/6	Map 6: 1/1	Map 7: 6/6	Map 8: 7/7	Map 9: 113/113	Reducer 2: 710(+299,-3)/1009	Reducer 3: 0(+207)/1009	Reducer 4: 0/1009	Reducer 5: 0/1	
INFO  : Map 1: 115/115	Map 10: 49/49	Map 11: 6/6	Map 6: 1/1	Map 7: 6/6	Map 8: 7/7	Map 9: 113/113	Reducer 2: 715(+294,-3)/1009	Reducer 3: 0(+212)/1009	Reducer 4: 0/1009	Reducer 5: 0/1	
INFO  : Map 1: 115/115	Map 10: 49/49	Map 11: 6/6	Map 6: 1/1	Map 7: 6/6	Map 8: 7/7	Map 9: 113/113	Reducer 2: 720(+289,-3)/1009	Reducer 3: 0(+217)/1009	Reducer 4: 0/1009	Reducer 5: 0/1	
INFO  : Map 1: 115/115	Map 10: 49/49	Map 11: 6/6	Map 6: 1/1	Map 7: 6/6	Map 8: 7/7	Map 9: 113/113	Reducer 2: 729(+280,-3)/1009	Reducer 3: 0(+226)/1009	Reducer 4: 0/1009	Reducer 5: 0/1	
INFO  : Map 1: 115/115	Map 10: 49/49	Map 11: 6/6	Map 6: 1/1	Map 7: 6/6	Map 8: 7/7	Map 9: 113/113	Reducer 2: 736(+273,-3)/1009	Reducer 3: 0(+233)/1009	Reducer 4: 0/1009	Reducer 5: 0/1	
INFO  : Map 1: 115/115	Map 10: 49/49	Map 11: 6/6	Map 6: 1/1	Map 7: 6/6	Map 8: 7/7	Map 9: 113/113	Reducer 2: 741(+268,-3)/1009	Reducer 3: 0(+238)/1009	Reducer 4: 0/1009	Reducer 5: 0/1	
INFO  : Map 1: 115/115	Map 10: 49/49	Map 11: 6/6	Map 6: 1/1	Map 7: 6/6	Map 8: 7/7	Map 9: 113/113	Reducer 2: 744(+265,-3)/1009	Reducer 3: 0(+241)/1009	Reducer 4: 0/1009	Reducer 5: 0/1	
INFO  : Map 1: 115/115	Map 10: 49/49	Map 11: 6/6	Map 6: 1/1	Map 7: 6/6	Map 8: 7/7	Map 9: 113/113	Reducer 2: 750(+259,-3)/1009	Reducer 3: 0(+247)/1009	Reducer 4: 0/1009	Reducer 5: 0/1	
INFO  : Map 1: 115/115	Map 10: 49/49	Map 11: 6/6	Map 6: 1/1	Map 7: 6/6	Map 8: 7/7	Map 9: 113/113	Reducer 2: 767(+242,-3)/1009	Reducer 3: 0(+264)/1009	Reducer 4: 0/1009	Reducer 5: 0/1	
INFO  : Map 1: 115/115	Map 10: 49/49	Map 11: 6/6	Map 6: 1/1	Map 7: 6/6	Map 8: 7/7	Map 9: 113/113	Reducer 2: 773(+236,-3)/1009	Reducer 3: 0(+270)/1009	Reducer 4: 0/1009	Reducer 5: 0/1	
INFO  : Map 1: 115/115	Map 10: 49/49	Map 11: 6/6	Map 6: 1/1	Map 7: 6/6	Map 8: 7/7	Map 9: 113/113	Reducer 2: 780(+229,-3)/1009	Reducer 3: 0(+277)/1009	Reducer 4: 0/1009	Reducer 5: 0/1	
INFO  : Map 1: 115/115	Map 10: 49/49	Map 11: 6/6	Map 6: 1/1	Map 7: 6/6	Map 8: 7/7	Map 9: 113/113	Reducer 2: 787(+222,-3)/1009	Reducer 3: 0(+284)/1009	Reducer 4: 0/1009	Reducer 5: 0/1	
INFO  : Map 1: 115/115	Map 10: 49/49	Map 11: 6/6	Map 6: 1/1	Map 7: 6/6	Map 8: 7/7	Map 9: 113/113	Reducer 2: 790(+219,-3)/1009	Reducer 3: 0(+287)/1009	Reducer 4: 0/1009	Reducer 5: 0/1	
INFO  : Map 1: 115/115	Map 10: 49/49	Map 11: 6/6	Map 6: 1/1	Map 7: 6/6	Map 8: 7/7	Map 9: 113/113	Reducer 2: 791(+218,-3)/1009	Reducer 3: 0(+288)/1009	Reducer 4: 0/1009	Reducer 5: 0/1	
INFO  : Map 1: 115/115	Map 10: 49/49	Map 11: 6/6	Map 6: 1/1	Map 7: 6/6	Map 8: 7/7	Map 9: 113/113	Reducer 2: 792(+217,-3)/1009	Reducer 3: 0(+289)/1009	Reducer 4: 0/1009	Reducer 5: 0/1	
INFO  : Map 1: 115/115	Map 10: 49/49	Map 11: 6/6	Map 6: 1/1	Map 7: 6/6	Map 8: 7/7	Map 9: 113/113	Reducer 2: 797(+212,-3)/1009	Reducer 3: 0(+294)/1009	Reducer 4: 0/1009	Reducer 5: 0/1	
INFO  : Map 1: 115/115	Map 10: 49/49	Map 11: 6/6	Map 6: 1/1	Map 7: 6/6	Map 8: 7/7	Map 9: 113/113	Reducer 2: 800(+209,-3)/1009	Reducer 3: 0(+297)/1009	Reducer 4: 0/1009	Reducer 5: 0/1	
INFO  : Map 1: 115/115	Map 10: 49/49	Map 11: 6/6	Map 6: 1/1	Map 7: 6/6	Map 8: 7/7	Map 9: 113/113	Reducer 2: 809(+200,-3)/1009	Reducer 3: 0(+306)/1009	Reducer 4: 0/1009	Reducer 5: 0/1	
INFO  : Map 1: 115/115	Map 10: 49/49	Map 11: 6/6	Map 6: 1/1	Map 7: 6/6	Map 8: 7/7	Map 9: 113/113	Reducer 2: 824(+185,-3)/1009	Reducer 3: 0(+321)/1009	Reducer 4: 0/1009	Reducer 5: 0/1	
INFO  : Map 1: 115/115	Map 10: 49/49	Map 11: 6/6	Map 6: 1/1	Map 7: 6/6	Map 8: 7/7	Map 9: 113/113	Reducer 2: 824(+185,-3)/1009	Reducer 3: 0(+321)/1009	Reducer 4: 0/1009	Reducer 5: 0/1	
INFO  : Map 1: 115/115	Map 10: 49/49	Map 11: 6/6	Map 6: 1/1	Map 7: 6/6	Map 8: 7/7	Map 9: 113/113	Reducer 2: 825(+184,-3)/1009	Reducer 3: 0(+322)/1009	Reducer 4: 0/1009	Reducer 5: 0/1	
INFO  : Map 1: 115/115	Map 10: 49/49	Map 11: 6/6	Map 6: 1/1	Map 7: 6/6	Map 8: 7/7	Map 9: 113/113	Reducer 2: 828(+181,-3)/1009	Reducer 3: 0(+325)/1009	Reducer 4: 0/1009	Reducer 5: 0/1	
INFO  : Map 1: 115/115	Map 10: 49/49	Map 11: 6/6	Map 6: 1/1	Map 7: 6/6	Map 8: 7/7	Map 9: 113/113	Reducer 2: 833(+176,-3)/1009	Reducer 3: 0(+330)/1009	Reducer 4: 0/1009	Reducer 5: 0/1	
INFO  : Map 1: 115/115	Map 10: 49/49	Map 11: 6/6	Map 6: 1/1	Map 7: 6/6	Map 8: 7/7	Map 9: 113/113	Reducer 2: 843(+166,-3)/1009	Reducer 3: 0(+340)/1009	Reducer 4: 0/1009	Reducer 5: 0/1	
INFO  : Map 1: 115/115	Map 10: 49/49	Map 11: 6/6	Map 6: 1/1	Map 7: 6/6	Map 8: 7/7	Map 9: 113/113	Reducer 2: 849(+160,-3)/1009	Reducer 3: 0(+346)/1009	Reducer 4: 0/1009	Reducer 5: 0/1	
INFO  : Map 1: 115/115	Map 10: 49/49	Map 11: 6/6	Map 6: 1/1	Map 7: 6/6	Map 8: 7/7	Map 9: 113/113	Reducer 2: 868(+141,-3)/1009	Reducer 3: 0(+365)/1009	Reducer 4: 0/1009	Reducer 5: 0/1	
INFO  : Map 1: 115/115	Map 10: 49/49	Map 11: 6/6	Map 6: 1/1	Map 7: 6/6	Map 8: 7/7	Map 9: 113/113	Reducer 2: 890(+119,-3)/1009	Reducer 3: 0(+387)/1009	Reducer 4: 0/1009	Reducer 5: 0/1	
INFO  : Map 1: 115/115	Map 10: 49/49	Map 11: 6/6	Map 6: 1/1	Map 7: 6/6	Map 8: 7/7	Map 9: 113/113	Reducer 2: 898(+111,-3)/1009	Reducer 3: 0(+395)/1009	Reducer 4: 0/1009	Reducer 5: 0/1	
INFO  : Map 1: 115/115	Map 10: 49/49	Map 11: 6/6	Map 6: 1/1	Map 7: 6/6	Map 8: 7/7	Map 9: 113/113	Reducer 2: 926(+83,-3)/1009	Reducer 3: 0(+423)/1009	Reducer 4: 0/1009	Reducer 5: 0/1	
INFO  : Map 1: 115/115	Map 10: 49/49	Map 11: 6/6	Map 6: 1/1	Map 7: 6/6	Map 8: 7/7	Map 9: 113/113	Reducer 2: 943(+66,-3)/1009	Reducer 3: 0(+440)/1009	Reducer 4: 0/1009	Reducer 5: 0/1	
INFO  : Map 1: 115/115	Map 10: 49/49	Map 11: 6/6	Map 6: 1/1	Map 7: 6/6	Map 8: 7/7	Map 9: 113/113	Reducer 2: 949(+60,-3)/1009	Reducer 3: 0(+446)/1009	Reducer 4: 0/1009	Reducer 5: 0/1	
INFO  : Map 1: 115/115	Map 10: 49/49	Map 11: 6/6	Map 6: 1/1	Map 7: 6/6	Map 8: 7/7	Map 9: 113/113	Reducer 2: 967(+42,-3)/1009	Reducer 3: 0(+464)/1009	Reducer 4: 0/1009	Reducer 5: 0/1	
INFO  : Map 1: 115/115	Map 10: 49/49	Map 11: 6/6	Map 6: 1/1	Map 7: 6/6	Map 8: 7/7	Map 9: 113/113	Reducer 2: 968(+41,-3)/1009	Reducer 3: 0(+465)/1009	Reducer 4: 0/1009	Reducer 5: 0/1	
INFO  : Map 1: 115/115	Map 10: 49/49	Map 11: 6/6	Map 6: 1/1	Map 7: 6/6	Map 8: 7/7	Map 9: 113/113	Reducer 2: 978(+31,-3)/1009	Reducer 3: 0(+475)/1009	Reducer 4: 0/1009	Reducer 5: 0/1	
INFO  : Map 1: 115/115	Map 10: 49/49	Map 11: 6/6	Map 6: 1/1	Map 7: 6/6	Map 8: 7/7	Map 9: 113/113	Reducer 2: 987(+22,-3)/1009	Reducer 3: 0(+484)/1009	Reducer 4: 0/1009	Reducer 5: 0/1	
INFO  : Map 1: 115/115	Map 10: 49/49	Map 11: 6/6	Map 6: 1/1	Map 7: 6/6	Map 8: 7/7	Map 9: 113/113	Reducer 2: 1005(+4,-3)/1009	Reducer 3: 0(+502)/1009	Reducer 4: 0/1009	Reducer 5: 0/1	
INFO  : Map 1: 115/115	Map 10: 49/49	Map 11: 6/6	Map 6: 1/1	Map 7: 6/6	Map 8: 7/7	Map 9: 113/113	Reducer 2: 1005(+4,-3)/1009	Reducer 3: 0(+502)/1009	Reducer 4: 0/1009	Reducer 5: 0/1	
INFO  : Map 1: 115/115	Map 10: 49/49	Map 11: 6/6	Map 6: 1/1	Map 7: 6/6	Map 8: 7/7	Map 9: 113/113	Reducer 2: 1006(+3,-3)/1009	Reducer 3: 0(+503)/1009	Reducer 4: 0/1009	Reducer 5: 0/1	
INFO  : Map 1: 115/115	Map 10: 49/49	Map 11: 6/6	Map 6: 1/1	Map 7: 6/6	Map 8: 7/7	Map 9: 113/113	Reducer 2: 1008(+1,-3)/1009	Reducer 3: 0(+505)/1009	Reducer 4: 0/1009	Reducer 5: 0/1	
INFO  : Map 1: 115/115	Map 10: 49/49	Map 11: 6/6	Map 6: 1/1	Map 7: 6/6	Map 8: 7/7	Map 9: 113/113	Reducer 2: 1009(-3)/1009	Reducer 3: 0(+506)/1009	Reducer 4: 0/1009	Reducer 5: 0/1	
INFO  : Map 1: 115/115	Map 10: 49/49	Map 11: 6/6	Map 6: 1/1	Map 7: 6/6	Map 8: 7/7	Map 9: 113/113	Reducer 2: 1009(-3)/1009	Reducer 3: 2(+506)/1009	Reducer 4: 0/1009	Reducer 5: 0/1	
INFO  : Map 1: 115/115	Map 10: 49/49	Map 11: 6/6	Map 6: 1/1	Map 7: 6/6	Map 8: 7/7	Map 9: 113/113	Reducer 2: 1009(-3)/1009	Reducer 3: 3(+506)/1009	Reducer 4: 0/1009	Reducer 5: 0/1	
INFO  : Map 1: 115/115	Map 10: 49/49	Map 11: 6/6	Map 6: 1/1	Map 7: 6/6	Map 8: 7/7	Map 9: 113/113	Reducer 2: 1009(-3)/1009	Reducer 3: 4(+506)/1009	Reducer 4: 0/1009	Reducer 5: 0/1	
INFO  : Map 1: 115/115	Map 10: 49/49	Map 11: 6/6	Map 6: 1/1	Map 7: 6/6	Map 8: 7/7	Map 9: 113/113	Reducer 2: 1009(-3)/1009	Reducer 3: 9(+506)/1009	Reducer 4: 0/1009	Reducer 5: 0/1	
INFO  : Map 1: 115/115	Map 10: 49/49	Map 11: 6/6	Map 6: 1/1	Map 7: 6/6	Map 8: 7/7	Map 9: 113/113	Reducer 2: 1009(-3)/1009	Reducer 3: 11(+506)/1009	Reducer 4: 0/1009	Reducer 5: 0/1	
INFO  : Map 1: 115/115	Map 10: 49/49	Map 11: 6/6	Map 6: 1/1	Map 7: 6/6	Map 8: 7/7	Map 9: 113/113	Reducer 2: 1009(-3)/1009	Reducer 3: 14(+506)/1009	Reducer 4: 0/1009	Reducer 5: 0/1	
INFO  : Map 1: 115/115	Map 10: 49/49	Map 11: 6/6	Map 6: 1/1	Map 7: 6/6	Map 8: 7/7	Map 9: 113/113	Reducer 2: 1009(-3)/1009	Reducer 3: 15(+506)/1009	Reducer 4: 0/1009	Reducer 5: 0/1	
INFO  : Map 1: 115/115	Map 10: 49/49	Map 11: 6/6	Map 6: 1/1	Map 7: 6/6	Map 8: 7/7	Map 9: 113/113	Reducer 2: 1009(-3)/1009	Reducer 3: 19(+506)/1009	Reducer 4: 0/1009	Reducer 5: 0/1	
INFO  : Map 1: 115/115	Map 10: 49/49	Map 11: 6/6	Map 6: 1/1	Map 7: 6/6	Map 8: 7/7	Map 9: 113/113	Reducer 2: 1009(-3)/1009	Reducer 3: 23(+506)/1009	Reducer 4: 0/1009	Reducer 5: 0/1	
INFO  : Map 1: 115/115	Map 10: 49/49	Map 11: 6/6	Map 6: 1/1	Map 7: 6/6	Map 8: 7/7	Map 9: 113/113	Reducer 2: 1009(-3)/1009	Reducer 3: 26(+506)/1009	Reducer 4: 0/1009	Reducer 5: 0/1	
INFO  : Map 1: 115/115	Map 10: 49/49	Map 11: 6/6	Map 6: 1/1	Map 7: 6/6	Map 8: 7/7	Map 9: 113/113	Reducer 2: 1009(-3)/1009	Reducer 3: 29(+506)/1009	Reducer 4: 0/1009	Reducer 5: 0/1	
INFO  : Map 1: 115/115	Map 10: 49/49	Map 11: 6/6	Map 6: 1/1	Map 7: 6/6	Map 8: 7/7	Map 9: 113/113	Reducer 2: 1009(-3)/1009	Reducer 3: 35(+506)/1009	Reducer 4: 0/1009	Reducer 5: 0/1	
INFO  : Map 1: 115/115	Map 10: 49/49	Map 11: 6/6	Map 6: 1/1	Map 7: 6/6	Map 8: 7/7	Map 9: 113/113	Reducer 2: 1009(-3)/1009	Reducer 3: 43(+506)/1009	Reducer 4: 0/1009	Reducer 5: 0/1	
INFO  : Map 1: 115/115	Map 10: 49/49	Map 11: 6/6	Map 6: 1/1	Map 7: 6/6	Map 8: 7/7	Map 9: 113/113	Reducer 2: 1009(-3)/1009	Reducer 3: 50(+506)/1009	Reducer 4: 0/1009	Reducer 5: 0/1	
INFO  : Map 1: 115/115	Map 10: 49/49	Map 11: 6/6	Map 6: 1/1	Map 7: 6/6	Map 8: 7/7	Map 9: 113/113	Reducer 2: 1009(-3)/1009	Reducer 3: 65(+506)/1009	Reducer 4: 0/1009	Reducer 5: 0/1	
INFO  : Map 1: 115/115	Map 10: 49/49	Map 11: 6/6	Map 6: 1/1	Map 7: 6/6	Map 8: 7/7	Map 9: 113/113	Reducer 2: 1009(-3)/1009	Reducer 3: 85(+506)/1009	Reducer 4: 0/1009	Reducer 5: 0/1	
INFO  : Map 1: 115/115	Map 10: 49/49	Map 11: 6/6	Map 6: 1/1	Map 7: 6/6	Map 8: 7/7	Map 9: 113/113	Reducer 2: 1009(-3)/1009	Reducer 3: 115(+506)/1009	Reducer 4: 0/1009	Reducer 5: 0/1	
INFO  : Map 1: 115/115	Map 10: 49/49	Map 11: 6/6	Map 6: 1/1	Map 7: 6/6	Map 8: 7/7	Map 9: 113/113	Reducer 2: 1009(-3)/1009	Reducer 3: 152(+506)/1009	Reducer 4: 0/1009	Reducer 5: 0/1	
INFO  : Map 1: 115/115	Map 10: 49/49	Map 11: 6/6	Map 6: 1/1	Map 7: 6/6	Map 8: 7/7	Map 9: 113/113	Reducer 2: 1009(-3)/1009	Reducer 3: 178(+506)/1009	Reducer 4: 0/1009	Reducer 5: 0/1	
INFO  : Map 1: 115/115	Map 10: 49/49	Map 11: 6/6	Map 6: 1/1	Map 7: 6/6	Map 8: 7/7	Map 9: 113/113	Reducer 2: 1009(-3)/1009	Reducer 3: 199(+506)/1009	Reducer 4: 0/1009	Reducer 5: 0/1	
INFO  : Map 1: 115/115	Map 10: 49/49	Map 11: 6/6	Map 6: 1/1	Map 7: 6/6	Map 8: 7/7	Map 9: 113/113	Reducer 2: 1009(-3)/1009	Reducer 3: 217(+506)/1009	Reducer 4: 0/1009	Reducer 5: 0/1	
INFO  : Map 1: 115/115	Map 10: 49/49	Map 11: 6/6	Map 6: 1/1	Map 7: 6/6	Map 8: 7/7	Map 9: 113/113	Reducer 2: 1009(-3)/1009	Reducer 3: 247(+506)/1009	Reducer 4: 0/1009	Reducer 5: 0/1	
INFO  : Map 1: 115/115	Map 10: 49/49	Map 11: 6/6	Map 6: 1/1	Map 7: 6/6	Map 8: 7/7	Map 9: 113/113	Reducer 2: 1009(-3)/1009	Reducer 3: 277(+506)/1009	Reducer 4: 0/253	Reducer 5: 0/1	
INFO  : Map 1: 115/115	Map 10: 49/49	Map 11: 6/6	Map 6: 1/1	Map 7: 6/6	Map 8: 7/7	Map 9: 113/113	Reducer 2: 1009(-3)/1009	Reducer 3: 291(+505)/1009	Reducer 4: 0/253	Reducer 5: 0/1	
INFO  : Map 1: 115/115	Map 10: 49/49	Map 11: 6/6	Map 6: 1/1	Map 7: 6/6	Map 8: 7/7	Map 9: 113/113	Reducer 2: 1009(-3)/1009	Reducer 3: 309(+506)/1009	Reducer 4: 0/253	Reducer 5: 0/1	
INFO  : Map 1: 115/115	Map 10: 49/49	Map 11: 6/6	Map 6: 1/1	Map 7: 6/6	Map 8: 7/7	Map 9: 113/113	Reducer 2: 1009(-3)/1009	Reducer 3: 326(+506)/1009	Reducer 4: 0/253	Reducer 5: 0/1	
INFO  : Map 1: 115/115	Map 10: 49/49	Map 11: 6/6	Map 6: 1/1	Map 7: 6/6	Map 8: 7/7	Map 9: 113/113	Reducer 2: 1009(-3)/1009	Reducer 3: 334(+505)/1009	Reducer 4: 0/253	Reducer 5: 0/1	
INFO  : Map 1: 115/115	Map 10: 49/49	Map 11: 6/6	Map 6: 1/1	Map 7: 6/6	Map 8: 7/7	Map 9: 113/113	Reducer 2: 1009(-3)/1009	Reducer 3: 342(+506)/1009	Reducer 4: 0/253	Reducer 5: 0/1	
INFO  : Map 1: 115/115	Map 10: 49/49	Map 11: 6/6	Map 6: 1/1	Map 7: 6/6	Map 8: 7/7	Map 9: 113/113	Reducer 2: 1009(-3)/1009	Reducer 3: 347(+505)/1009	Reducer 4: 0/253	Reducer 5: 0/1	
INFO  : Map 1: 115/115	Map 10: 49/49	Map 11: 6/6	Map 6: 1/1	Map 7: 6/6	Map 8: 7/7	Map 9: 113/113	Reducer 2: 1009(-3)/1009	Reducer 3: 350(+506)/1009	Reducer 4: 0/253	Reducer 5: 0/1	
INFO  : Map 1: 115/115	Map 10: 49/49	Map 11: 6/6	Map 6: 1/1	Map 7: 6/6	Map 8: 7/7	Map 9: 113/113	Reducer 2: 1009(-3)/1009	Reducer 3: 352(+506)/1009	Reducer 4: 0/253	Reducer 5: 0/1	
INFO  : Map 1: 115/115	Map 10: 49/49	Map 11: 6/6	Map 6: 1/1	Map 7: 6/6	Map 8: 7/7	Map 9: 113/113	Reducer 2: 1009(-3)/1009	Reducer 3: 353(+506)/1009	Reducer 4: 0/253	Reducer 5: 0/1	
INFO  : Map 1: 115/115	Map 10: 49/49	Map 11: 6/6	Map 6: 1/1	Map 7: 6/6	Map 8: 7/7	Map 9: 113/113	Reducer 2: 1009(-3)/1009	Reducer 3: 356(+506)/1009	Reducer 4: 0/253	Reducer 5: 0/1	
INFO  : Map 1: 115/115	Map 10: 49/49	Map 11: 6/6	Map 6: 1/1	Map 7: 6/6	Map 8: 7/7	Map 9: 113/113	Reducer 2: 1009(-3)/1009	Reducer 3: 358(+506)/1009	Reducer 4: 0/253	Reducer 5: 0/1	
INFO  : Map 1: 115/115	Map 10: 49/49	Map 11: 6/6	Map 6: 1/1	Map 7: 6/6	Map 8: 7/7	Map 9: 113/113	Reducer 2: 1009(-3)/1009	Reducer 3: 360(+506)/1009	Reducer 4: 0/253	Reducer 5: 0/1	
INFO  : Map 1: 115/115	Map 10: 49/49	Map 11: 6/6	Map 6: 1/1	Map 7: 6/6	Map 8: 7/7	Map 9: 113/113	Reducer 2: 1009(-3)/1009	Reducer 3: 362(+506)/1009	Reducer 4: 0/253	Reducer 5: 0/1	
INFO  : Map 1: 115/115	Map 10: 49/49	Map 11: 6/6	Map 6: 1/1	Map 7: 6/6	Map 8: 7/7	Map 9: 113/113	Reducer 2: 1009(-3)/1009	Reducer 3: 363(+506)/1009	Reducer 4: 0/253	Reducer 5: 0/1	
INFO  : Map 1: 115/115	Map 10: 49/49	Map 11: 6/6	Map 6: 1/1	Map 7: 6/6	Map 8: 7/7	Map 9: 113/113	Reducer 2: 1009(-3)/1009	Reducer 3: 364(+506)/1009	Reducer 4: 0/253	Reducer 5: 0/1	
INFO  : Map 1: 115/115	Map 10: 49/49	Map 11: 6/6	Map 6: 1/1	Map 7: 6/6	Map 8: 7/7	Map 9: 113/113	Reducer 2: 1009(-3)/1009	Reducer 3: 366(+506)/1009	Reducer 4: 0/253	Reducer 5: 0/1	
INFO  : Map 1: 115/115	Map 10: 49/49	Map 11: 6/6	Map 6: 1/1	Map 7: 6/6	Map 8: 7/7	Map 9: 113/113	Reducer 2: 1009(-3)/1009	Reducer 3: 368(+506)/1009	Reducer 4: 0/253	Reducer 5: 0/1	
INFO  : Map 1: 115/115	Map 10: 49/49	Map 11: 6/6	Map 6: 1/1	Map 7: 6/6	Map 8: 7/7	Map 9: 113/113	Reducer 2: 1009(-3)/1009	Reducer 3: 369(+506)/1009	Reducer 4: 0/253	Reducer 5: 0/1	
INFO  : Map 1: 115/115	Map 10: 49/49	Map 11: 6/6	Map 6: 1/1	Map 7: 6/6	Map 8: 7/7	Map 9: 113/113	Reducer 2: 1009(-3)/1009	Reducer 3: 372(+506)/1009	Reducer 4: 0/253	Reducer 5: 0/1	
INFO  : Map 1: 115/115	Map 10: 49/49	Map 11: 6/6	Map 6: 1/1	Map 7: 6/6	Map 8: 7/7	Map 9: 113/113	Reducer 2: 1009(-3)/1009	Reducer 3: 377(+506)/1009	Reducer 4: 0/253	Reducer 5: 0/1	
INFO  : Map 1: 115/115	Map 10: 49/49	Map 11: 6/6	Map 6: 1/1	Map 7: 6/6	Map 8: 7/7	Map 9: 113/113	Reducer 2: 1009(-3)/1009	Reducer 3: 380(+506)/1009	Reducer 4: 0/253	Reducer 5: 0/1	
INFO  : Map 1: 115/115	Map 10: 49/49	Map 11: 6/6	Map 6: 1/1	Map 7: 6/6	Map 8: 7/7	Map 9: 113/113	Reducer 2: 1009(-3)/1009	Reducer 3: 384(+506)/1009	Reducer 4: 0/253	Reducer 5: 0/1	
INFO  : Map 1: 115/115	Map 10: 49/49	Map 11: 6/6	Map 6: 1/1	Map 7: 6/6	Map 8: 7/7	Map 9: 113/113	Reducer 2: 1009(-3)/1009	Reducer 3: 386(+506)/1009	Reducer 4: 0/253	Reducer 5: 0/1	
INFO  : Map 1: 115/115	Map 10: 49/49	Map 11: 6/6	Map 6: 1/1	Map 7: 6/6	Map 8: 7/7	Map 9: 113/113	Reducer 2: 1009(-3)/1009	Reducer 3: 389(+506)/1009	Reducer 4: 0/253	Reducer 5: 0/1	
INFO  : Map 1: 115/115	Map 10: 49/49	Map 11: 6/6	Map 6: 1/1	Map 7: 6/6	Map 8: 7/7	Map 9: 113/113	Reducer 2: 1009(-3)/1009	Reducer 3: 392(+506)/1009	Reducer 4: 0/253	Reducer 5: 0/1	
INFO  : Map 1: 115/115	Map 10: 49/49	Map 11: 6/6	Map 6: 1/1	Map 7: 6/6	Map 8: 7/7	Map 9: 113/113	Reducer 2: 1009(-3)/1009	Reducer 3: 397(+506)/1009	Reducer 4: 0/253	Reducer 5: 0/1	
INFO  : Map 1: 115/115	Map 10: 49/49	Map 11: 6/6	Map 6: 1/1	Map 7: 6/6	Map 8: 7/7	Map 9: 113/113	Reducer 2: 1009(-3)/1009	Reducer 3: 402(+506)/1009	Reducer 4: 0/253	Reducer 5: 0/1	
INFO  : Map 1: 115/115	Map 10: 49/49	Map 11: 6/6	Map 6: 1/1	Map 7: 6/6	Map 8: 7/7	Map 9: 113/113	Reducer 2: 1009(-3)/1009	Reducer 3: 409(+506)/1009	Reducer 4: 0/253	Reducer 5: 0/1	
INFO  : Map 1: 115/115	Map 10: 49/49	Map 11: 6/6	Map 6: 1/1	Map 7: 6/6	Map 8: 7/7	Map 9: 113/113	Reducer 2: 1009(-3)/1009	Reducer 3: 415(+505)/1009	Reducer 4: 0/253	Reducer 5: 0/1	
INFO  : Map 1: 115/115	Map 10: 49/49	Map 11: 6/6	Map 6: 1/1	Map 7: 6/6	Map 8: 7/7	Map 9: 113/113	Reducer 2: 1009(-3)/1009	Reducer 3: 426(+506)/1009	Reducer 4: 0/253	Reducer 5: 0/1	
INFO  : Map 1: 115/115	Map 10: 49/49	Map 11: 6/6	Map 6: 1/1	Map 7: 6/6	Map 8: 7/7	Map 9: 113/113	Reducer 2: 1009(-3)/1009	Reducer 3: 448(+506)/1009	Reducer 4: 0/253	Reducer 5: 0/1	
INFO  : Map 1: 115/115	Map 10: 49/49	Map 11: 6/6	Map 6: 1/1	Map 7: 6/6	Map 8: 7/7	Map 9: 113/113	Reducer 2: 1009(-3)/1009	Reducer 3: 458(+506)/1009	Reducer 4: 0/253	Reducer 5: 0/1	
INFO  : Map 1: 115/115	Map 10: 49/49	Map 11: 6/6	Map 6: 1/1	Map 7: 6/6	Map 8: 7/7	Map 9: 113/113	Reducer 2: 1009(-3)/1009	Reducer 3: 472(+506)/1009	Reducer 4: 0/253	Reducer 5: 0/1	
INFO  : Map 1: 115/115	Map 10: 49/49	Map 11: 6/6	Map 6: 1/1	Map 7: 6/6	Map 8: 7/7	Map 9: 113/113	Reducer 2: 1009(-3)/1009	Reducer 3: 488(+506)/1009	Reducer 4: 0/253	Reducer 5: 0/1	
INFO  : Map 1: 115/115	Map 10: 49/49	Map 11: 6/6	Map 6: 1/1	Map 7: 6/6	Map 8: 7/7	Map 9: 113/113	Reducer 2: 1009(-3)/1009	Reducer 3: 501(+506)/1009	Reducer 4: 0/253	Reducer 5: 0/1	
INFO  : Map 1: 115/115	Map 10: 49/49	Map 11: 6/6	Map 6: 1/1	Map 7: 6/6	Map 8: 7/7	Map 9: 113/113	Reducer 2: 1009(-3)/1009	Reducer 3: 522(+487)/1009	Reducer 4: 0(+17)/253	Reducer 5: 0/1	
INFO  : Map 1: 115/115	Map 10: 49/49	Map 11: 6/6	Map 6: 1/1	Map 7: 6/6	Map 8: 7/7	Map 9: 113/113	Reducer 2: 1009(-3)/1009	Reducer 3: 538(+471)/1009	Reducer 4: 0(+33)/253	Reducer 5: 0/1	
INFO  : Map 1: 115/115	Map 10: 49/49	Map 11: 6/6	Map 6: 1/1	Map 7: 6/6	Map 8: 7/7	Map 9: 113/113	Reducer 2: 1009(-3)/1009	Reducer 3: 546(+462)/1009	Reducer 4: 0(+41)/253	Reducer 5: 0/1	
INFO  : Map 1: 115/115	Map 10: 49/49	Map 11: 6/6	Map 6: 1/1	Map 7: 6/6	Map 8: 7/7	Map 9: 113/113	Reducer 2: 1009(-3)/1009	Reducer 3: 557(+452)/1009	Reducer 4: 0(+52)/253	Reducer 5: 0/1	
INFO  : Map 1: 115/115	Map 10: 49/49	Map 11: 6/6	Map 6: 1/1	Map 7: 6/6	Map 8: 7/7	Map 9: 113/113	Reducer 2: 1009(-3)/1009	Reducer 3: 561(+448)/1009	Reducer 4: 0(+56)/253	Reducer 5: 0/1	
INFO  : Map 1: 115/115	Map 10: 49/49	Map 11: 6/6	Map 6: 1/1	Map 7: 6/6	Map 8: 7/7	Map 9: 113/113	Reducer 2: 1009(-3)/1009	Reducer 3: 566(+443)/1009	Reducer 4: 0(+61)/253	Reducer 5: 0/1	
INFO  : Map 1: 115/115	Map 10: 49/49	Map 11: 6/6	Map 6: 1/1	Map 7: 6/6	Map 8: 7/7	Map 9: 113/113	Reducer 2: 1009(-3)/1009	Reducer 3: 572(+437)/1009	Reducer 4: 0(+67)/253	Reducer 5: 0/1	
INFO  : Map 1: 115/115	Map 10: 49/49	Map 11: 6/6	Map 6: 1/1	Map 7: 6/6	Map 8: 7/7	Map 9: 113/113	Reducer 2: 1009(-3)/1009	Reducer 3: 575(+434)/1009	Reducer 4: 0(+70)/253	Reducer 5: 0/1	
INFO  : Map 1: 115/115	Map 10: 49/49	Map 11: 6/6	Map 6: 1/1	Map 7: 6/6	Map 8: 7/7	Map 9: 113/113	Reducer 2: 1009(-3)/1009	Reducer 3: 579(+430)/1009	Reducer 4: 0(+74)/253	Reducer 5: 0/1	
INFO  : Map 1: 115/115	Map 10: 49/49	Map 11: 6/6	Map 6: 1/1	Map 7: 6/6	Map 8: 7/7	Map 9: 113/113	Reducer 2: 1009(-3)/1009	Reducer 3: 586(+423)/1009	Reducer 4: 0(+81)/253	Reducer 5: 0/1	
INFO  : Map 1: 115/115	Map 10: 49/49	Map 11: 6/6	Map 6: 1/1	Map 7: 6/6	Map 8: 7/7	Map 9: 113/113	Reducer 2: 1009(-3)/1009	Reducer 3: 588(+421)/1009	Reducer 4: 0(+83)/253	Reducer 5: 0/1	
INFO  : Map 1: 115/115	Map 10: 49/49	Map 11: 6/6	Map 6: 1/1	Map 7: 6/6	Map 8: 7/7	Map 9: 113/113	Reducer 2: 1009(-3)/1009	Reducer 3: 590(+419)/1009	Reducer 4: 0(+85)/253	Reducer 5: 0/1	
INFO  : Map 1: 115/115	Map 10: 49/49	Map 11: 6/6	Map 6: 1/1	Map 7: 6/6	Map 8: 7/7	Map 9: 113/113	Reducer 2: 1009(-3)/1009	Reducer 3: 598(+411)/1009	Reducer 4: 0(+93)/253	Reducer 5: 0/1	
INFO  : Map 1: 115/115	Map 10: 49/49	Map 11: 6/6	Map 6: 1/1	Map 7: 6/6	Map 8: 7/7	Map 9: 113/113	Reducer 2: 1009(-3)/1009	Reducer 3: 605(+404)/1009	Reducer 4: 0(+100)/253	Reducer 5: 0/1	
INFO  : Map 1: 115/115	Map 10: 49/49	Map 11: 6/6	Map 6: 1/1	Map 7: 6/6	Map 8: 7/7	Map 9: 113/113	Reducer 2: 1009(-3)/1009	Reducer 3: 615(+394)/1009	Reducer 4: 0(+110)/253	Reducer 5: 0/1	
INFO  : Map 1: 115/115	Map 10: 49/49	Map 11: 6/6	Map 6: 1/1	Map 7: 6/6	Map 8: 7/7	Map 9: 113/113	Reducer 2: 1009(-3)/1009	Reducer 3: 622(+387)/1009	Reducer 4: 0(+117)/253	Reducer 5: 0/1	
INFO  : Map 1: 115/115	Map 10: 49/49	Map 11: 6/6	Map 6: 1/1	Map 7: 6/6	Map 8: 7/7	Map 9: 113/113	Reducer 2: 1009(-3)/1009	Reducer 3: 630(+379)/1009	Reducer 4: 0(+125)/253	Reducer 5: 0/1	
INFO  : Map 1: 115/115	Map 10: 49/49	Map 11: 6/6	Map 6: 1/1	Map 7: 6/6	Map 8: 7/7	Map 9: 113/113	Reducer 2: 1009(-3)/1009	Reducer 3: 647(+362)/1009	Reducer 4: 0(+142)/253	Reducer 5: 0/1	
INFO  : Map 1: 115/115	Map 10: 49/49	Map 11: 6/6	Map 6: 1/1	Map 7: 6/6	Map 8: 7/7	Map 9: 113/113	Reducer 2: 1009(-3)/1009	Reducer 3: 653(+356)/1009	Reducer 4: 0(+148)/253	Reducer 5: 0/1	
INFO  : Map 1: 115/115	Map 10: 49/49	Map 11: 6/6	Map 6: 1/1	Map 7: 6/6	Map 8: 7/7	Map 9: 113/113	Reducer 2: 1009(-3)/1009	Reducer 3: 662(+346)/1009	Reducer 4: 0(+157)/253	Reducer 5: 0/1	
INFO  : Map 1: 115/115	Map 10: 49/49	Map 11: 6/6	Map 6: 1/1	Map 7: 6/6	Map 8: 7/7	Map 9: 113/113	Reducer 2: 1009(-3)/1009	Reducer 3: 671(+338)/1009	Reducer 4: 0(+166)/253	Reducer 5: 0/1	
INFO  : Map 1: 115/115	Map 10: 49/49	Map 11: 6/6	Map 6: 1/1	Map 7: 6/6	Map 8: 7/7	Map 9: 113/113	Reducer 2: 1009(-3)/1009	Reducer 3: 686(+323)/1009	Reducer 4: 0(+181)/253	Reducer 5: 0/1	
INFO  : Map 1: 115/115	Map 10: 49/49	Map 11: 6/6	Map 6: 1/1	Map 7: 6/6	Map 8: 7/7	Map 9: 113/113	Reducer 2: 1009(-3)/1009	Reducer 3: 693(+316)/1009	Reducer 4: 0(+188)/253	Reducer 5: 0/1	
INFO  : Map 1: 115/115	Map 10: 49/49	Map 11: 6/6	Map 6: 1/1	Map 7: 6/6	Map 8: 7/7	Map 9: 113/113	Reducer 2: 1009(-3)/1009	Reducer 3: 700(+309)/1009	Reducer 4: 0(+195)/253	Reducer 5: 0/1	
INFO  : Map 1: 115/115	Map 10: 49/49	Map 11: 6/6	Map 6: 1/1	Map 7: 6/6	Map 8: 7/7	Map 9: 113/113	Reducer 2: 1009(-3)/1009	Reducer 3: 715(+294)/1009	Reducer 4: 0(+210)/253	Reducer 5: 0/1	
INFO  : Map 1: 115/115	Map 10: 49/49	Map 11: 6/6	Map 6: 1/1	Map 7: 6/6	Map 8: 7/7	Map 9: 113/113	Reducer 2: 1009(-3)/1009	Reducer 3: 728(+281)/1009	Reducer 4: 0(+223)/253	Reducer 5: 0/1	
INFO  : Map 1: 115/115	Map 10: 49/49	Map 11: 6/6	Map 6: 1/1	Map 7: 6/6	Map 8: 7/7	Map 9: 113/113	Reducer 2: 1009(-3)/1009	Reducer 3: 735(+274)/1009	Reducer 4: 0(+230)/253	Reducer 5: 0/1	
INFO  : Map 1: 115/115	Map 10: 49/49	Map 11: 6/6	Map 6: 1/1	Map 7: 6/6	Map 8: 7/7	Map 9: 113/113	Reducer 2: 1009(-3)/1009	Reducer 3: 744(+265)/1009	Reducer 4: 0(+239)/253	Reducer 5: 0/1	
INFO  : Map 1: 115/115	Map 10: 49/49	Map 11: 6/6	Map 6: 1/1	Map 7: 6/6	Map 8: 7/7	Map 9: 113/113	Reducer 2: 1009(-3)/1009	Reducer 3: 753(+256)/1009	Reducer 4: 0(+248)/253	Reducer 5: 0/1	
INFO  : Map 1: 115/115	Map 10: 49/49	Map 11: 6/6	Map 6: 1/1	Map 7: 6/6	Map 8: 7/7	Map 9: 113/113	Reducer 2: 1009(-3)/1009	Reducer 3: 761(+248)/1009	Reducer 4: 0(+253)/253	Reducer 5: 0/1	
INFO  : Map 1: 115/115	Map 10: 49/49	Map 11: 6/6	Map 6: 1/1	Map 7: 6/6	Map 8: 7/7	Map 9: 113/113	Reducer 2: 1009(-3)/1009	Reducer 3: 772(+237)/1009	Reducer 4: 0(+253)/253	Reducer 5: 0/1	
INFO  : Map 1: 115/115	Map 10: 49/49	Map 11: 6/6	Map 6: 1/1	Map 7: 6/6	Map 8: 7/7	Map 9: 113/113	Reducer 2: 1009(-3)/1009	Reducer 3: 785(+224)/1009	Reducer 4: 0(+253)/253	Reducer 5: 0/1	
INFO  : Map 1: 115/115	Map 10: 49/49	Map 11: 6/6	Map 6: 1/1	Map 7: 6/6	Map 8: 7/7	Map 9: 113/113	Reducer 2: 1009(-3)/1009	Reducer 3: 792(+217)/1009	Reducer 4: 0(+253)/253	Reducer 5: 0/1	
INFO  : Map 1: 115/115	Map 10: 49/49	Map 11: 6/6	Map 6: 1/1	Map 7: 6/6	Map 8: 7/7	Map 9: 113/113	Reducer 2: 1009(-3)/1009	Reducer 3: 802(+207)/1009	Reducer 4: 0(+253)/253	Reducer 5: 0/1	
INFO  : Map 1: 115/115	Map 10: 49/49	Map 11: 6/6	Map 6: 1/1	Map 7: 6/6	Map 8: 7/7	Map 9: 113/113	Reducer 2: 1009(-3)/1009	Reducer 3: 807(+202)/1009	Reducer 4: 0(+253)/253	Reducer 5: 0/1	
INFO  : Map 1: 115/115	Map 10: 49/49	Map 11: 6/6	Map 6: 1/1	Map 7: 6/6	Map 8: 7/7	Map 9: 113/113	Reducer 2: 1009(-3)/1009	Reducer 3: 813(+196)/1009	Reducer 4: 0(+253)/253	Reducer 5: 0/1	
INFO  : Map 1: 115/115	Map 10: 49/49	Map 11: 6/6	Map 6: 1/1	Map 7: 6/6	Map 8: 7/7	Map 9: 113/113	Reducer 2: 1009(-3)/1009	Reducer 3: 820(+189)/1009	Reducer 4: 0(+253)/253	Reducer 5: 0/1	
INFO  : Map 1: 115/115	Map 10: 49/49	Map 11: 6/6	Map 6: 1/1	Map 7: 6/6	Map 8: 7/7	Map 9: 113/113	Reducer 2: 1009(-3)/1009	Reducer 3: 824(+185)/1009	Reducer 4: 0(+253)/253	Reducer 5: 0/1	
INFO  : Map 1: 115/115	Map 10: 49/49	Map 11: 6/6	Map 6: 1/1	Map 7: 6/6	Map 8: 7/7	Map 9: 113/113	Reducer 2: 1009(-3)/1009	Reducer 3: 826(+183)/1009	Reducer 4: 0(+253)/253	Reducer 5: 0/1	
INFO  : Map 1: 115/115	Map 10: 49/49	Map 11: 6/6	Map 6: 1/1	Map 7: 6/6	Map 8: 7/7	Map 9: 113/113	Reducer 2: 1009(-3)/1009	Reducer 3: 830(+179)/1009	Reducer 4: 0(+253)/253	Reducer 5: 0/1	
INFO  : Map 1: 115/115	Map 10: 49/49	Map 11: 6/6	Map 6: 1/1	Map 7: 6/6	Map 8: 7/7	Map 9: 113/113	Reducer 2: 1009(-3)/1009	Reducer 3: 839(+170)/1009	Reducer 4: 0(+253)/253	Reducer 5: 0/1	
INFO  : Map 1: 115/115	Map 10: 49/49	Map 11: 6/6	Map 6: 1/1	Map 7: 6/6	Map 8: 7/7	Map 9: 113/113	Reducer 2: 1009(-3)/1009	Reducer 3: 848(+161)/1009	Reducer 4: 0(+253)/253	Reducer 5: 0/1	
INFO  : Map 1: 115/115	Map 10: 49/49	Map 11: 6/6	Map 6: 1/1	Map 7: 6/6	Map 8: 7/7	Map 9: 113/113	Reducer 2: 1009(-3)/1009	Reducer 3: 852(+157)/1009	Reducer 4: 0(+253)/253	Reducer 5: 0/1	
INFO  : Map 1: 115/115	Map 10: 49/49	Map 11: 6/6	Map 6: 1/1	Map 7: 6/6	Map 8: 7/7	Map 9: 113/113	Reducer 2: 1009(-3)/1009	Reducer 3: 853(+156)/1009	Reducer 4: 0(+253)/253	Reducer 5: 0/1	
INFO  : Map 1: 115/115	Map 10: 49/49	Map 11: 6/6	Map 6: 1/1	Map 7: 6/6	Map 8: 7/7	Map 9: 113/113	Reducer 2: 1009(-3)/1009	Reducer 3: 860(+149)/1009	Reducer 4: 0(+253)/253	Reducer 5: 0/1	
INFO  : Map 1: 115/115	Map 10: 49/49	Map 11: 6/6	Map 6: 1/1	Map 7: 6/6	Map 8: 7/7	Map 9: 113/113	Reducer 2: 1009(-3)/1009	Reducer 3: 863(+146)/1009	Reducer 4: 0(+253)/253	Reducer 5: 0/1	
INFO  : Map 1: 115/115	Map 10: 49/49	Map 11: 6/6	Map 6: 1/1	Map 7: 6/6	Map 8: 7/7	Map 9: 113/113	Reducer 2: 1009(-3)/1009	Reducer 3: 874(+135)/1009	Reducer 4: 0(+253)/253	Reducer 5: 0/1	
INFO  : Map 1: 115/115	Map 10: 49/49	Map 11: 6/6	Map 6: 1/1	Map 7: 6/6	Map 8: 7/7	Map 9: 113/113	Reducer 2: 1009(-3)/1009	Reducer 3: 876(+133)/1009	Reducer 4: 0(+253)/253	Reducer 5: 0/1	
INFO  : Map 1: 115/115	Map 10: 49/49	Map 11: 6/6	Map 6: 1/1	Map 7: 6/6	Map 8: 7/7	Map 9: 113/113	Reducer 2: 1009(-3)/1009	Reducer 3: 878(+131)/1009	Reducer 4: 0(+253)/253	Reducer 5: 0/1	
INFO  : Map 1: 115/115	Map 10: 49/49	Map 11: 6/6	Map 6: 1/1	Map 7: 6/6	Map 8: 7/7	Map 9: 113/113	Reducer 2: 1009(-3)/1009	Reducer 3: 880(+129)/1009	Reducer 4: 0(+253)/253	Reducer 5: 0/1	
INFO  : Map 1: 115/115	Map 10: 49/49	Map 11: 6/6	Map 6: 1/1	Map 7: 6/6	Map 8: 7/7	Map 9: 113/113	Reducer 2: 1009(-3)/1009	Reducer 3: 890(+119)/1009	Reducer 4: 0(+253)/253	Reducer 5: 0/1	
INFO  : Map 1: 115/115	Map 10: 49/49	Map 11: 6/6	Map 6: 1/1	Map 7: 6/6	Map 8: 7/7	Map 9: 113/113	Reducer 2: 1009(-3)/1009	Reducer 3: 891(+118)/1009	Reducer 4: 0(+253)/253	Reducer 5: 0/1	
INFO  : Map 1: 115/115	Map 10: 49/49	Map 11: 6/6	Map 6: 1/1	Map 7: 6/6	Map 8: 7/7	Map 9: 113/113	Reducer 2: 1009(-3)/1009	Reducer 3: 893(+116)/1009	Reducer 4: 0(+253)/253	Reducer 5: 0/1	
INFO  : Map 1: 115/115	Map 10: 49/49	Map 11: 6/6	Map 6: 1/1	Map 7: 6/6	Map 8: 7/7	Map 9: 113/113	Reducer 2: 1009(-3)/1009	Reducer 3: 897(+112)/1009	Reducer 4: 0(+253)/253	Reducer 5: 0/1	
INFO  : Map 1: 115/115	Map 10: 49/49	Map 11: 6/6	Map 6: 1/1	Map 7: 6/6	Map 8: 7/7	Map 9: 113/113	Reducer 2: 1009(-3)/1009	Reducer 3: 899(+110)/1009	Reducer 4: 0(+253)/253	Reducer 5: 0/1	
INFO  : Map 1: 115/115	Map 10: 49/49	Map 11: 6/6	Map 6: 1/1	Map 7: 6/6	Map 8: 7/7	Map 9: 113/113	Reducer 2: 1009(-3)/1009	Reducer 3: 901(+108)/1009	Reducer 4: 0(+253)/253	Reducer 5: 0/1	
INFO  : Map 1: 115/115	Map 10: 49/49	Map 11: 6/6	Map 6: 1/1	Map 7: 6/6	Map 8: 7/7	Map 9: 113/113	Reducer 2: 1009(-3)/1009	Reducer 3: 912(+97)/1009	Reducer 4: 0(+253)/253	Reducer 5: 0/1	
INFO  : Map 1: 115/115	Map 10: 49/49	Map 11: 6/6	Map 6: 1/1	Map 7: 6/6	Map 8: 7/7	Map 9: 113/113	Reducer 2: 1009(-3)/1009	Reducer 3: 922(+87)/1009	Reducer 4: 0(+253)/253	Reducer 5: 0/1	
INFO  : Map 1: 115/115	Map 10: 49/49	Map 11: 6/6	Map 6: 1/1	Map 7: 6/6	Map 8: 7/7	Map 9: 113/113	Reducer 2: 1009(-3)/1009	Reducer 3: 923(+86)/1009	Reducer 4: 0(+253)/253	Reducer 5: 0/1	
INFO  : Map 1: 115/115	Map 10: 49/49	Map 11: 6/6	Map 6: 1/1	Map 7: 6/6	Map 8: 7/7	Map 9: 113/113	Reducer 2: 1009(-3)/1009	Reducer 3: 926(+83)/1009	Reducer 4: 0(+253)/253	Reducer 5: 0/1	
INFO  : Map 1: 115/115	Map 10: 49/49	Map 11: 6/6	Map 6: 1/1	Map 7: 6/6	Map 8: 7/7	Map 9: 113/113	Reducer 2: 1009(-3)/1009	Reducer 3: 934(+75)/1009	Reducer 4: 0(+253)/253	Reducer 5: 0/1	
INFO  : Map 1: 115/115	Map 10: 49/49	Map 11: 6/6	Map 6: 1/1	Map 7: 6/6	Map 8: 7/7	Map 9: 113/113	Reducer 2: 1009(-3)/1009	Reducer 3: 937(+72)/1009	Reducer 4: 0(+253)/253	Reducer 5: 0/1	
INFO  : Map 1: 115/115	Map 10: 49/49	Map 11: 6/6	Map 6: 1/1	Map 7: 6/6	Map 8: 7/7	Map 9: 113/113	Reducer 2: 1009(-3)/1009	Reducer 3: 941(+68)/1009	Reducer 4: 0(+253)/253	Reducer 5: 0/1	
INFO  : Map 1: 115/115	Map 10: 49/49	Map 11: 6/6	Map 6: 1/1	Map 7: 6/6	Map 8: 7/7	Map 9: 113/113	Reducer 2: 1009(-3)/1009	Reducer 3: 953(+56)/1009	Reducer 4: 0(+253)/253	Reducer 5: 0/1	
INFO  : Map 1: 115/115	Map 10: 49/49	Map 11: 6/6	Map 6: 1/1	Map 7: 6/6	Map 8: 7/7	Map 9: 113/113	Reducer 2: 1009(-3)/1009	Reducer 3: 962(+47)/1009	Reducer 4: 0(+253)/253	Reducer 5: 0/1	
INFO  : Map 1: 115/115	Map 10: 49/49	Map 11: 6/6	Map 6: 1/1	Map 7: 6/6	Map 8: 7/7	Map 9: 113/113	Reducer 2: 1009(-3)/1009	Reducer 3: 964(+45)/1009	Reducer 4: 0(+253)/253	Reducer 5: 0/1	
INFO  : Map 1: 115/115	Map 10: 49/49	Map 11: 6/6	Map 6: 1/1	Map 7: 6/6	Map 8: 7/7	Map 9: 113/113	Reducer 2: 1009(-3)/1009	Reducer 3: 969(+40)/1009	Reducer 4: 0(+253)/253	Reducer 5: 0/1	
INFO  : Map 1: 115/115	Map 10: 49/49	Map 11: 6/6	Map 6: 1/1	Map 7: 6/6	Map 8: 7/7	Map 9: 113/113	Reducer 2: 1009(-3)/1009	Reducer 3: 979(+30)/1009	Reducer 4: 0(+253)/253	Reducer 5: 0/1	
INFO  : Map 1: 115/115	Map 10: 49/49	Map 11: 6/6	Map 6: 1/1	Map 7: 6/6	Map 8: 7/7	Map 9: 113/113	Reducer 2: 1009(-3)/1009	Reducer 3: 980(+29)/1009	Reducer 4: 0(+253)/253	Reducer 5: 0/1	
INFO  : Map 1: 115/115	Map 10: 49/49	Map 11: 6/6	Map 6: 1/1	Map 7: 6/6	Map 8: 7/7	Map 9: 113/113	Reducer 2: 1009(-3)/1009	Reducer 3: 980(+29)/1009	Reducer 4: 0(+253)/253	Reducer 5: 0/1	
INFO  : Map 1: 115/115	Map 10: 49/49	Map 11: 6/6	Map 6: 1/1	Map 7: 6/6	Map 8: 7/7	Map 9: 113/113	Reducer 2: 1009(-3)/1009	Reducer 3: 980(+29)/1009	Reducer 4: 0(+253)/253	Reducer 5: 0/1	
INFO  : Map 1: 115/115	Map 10: 49/49	Map 11: 6/6	Map 6: 1/1	Map 7: 6/6	Map 8: 7/7	Map 9: 113/113	Reducer 2: 1009(-3)/1009	Reducer 3: 980(+29)/1009	Reducer 4: 0(+253)/253	Reducer 5: 0/1	
INFO  : Map 1: 115/115	Map 10: 49/49	Map 11: 6/6	Map 6: 1/1	Map 7: 6/6	Map 8: 7/7	Map 9: 113/113	Reducer 2: 1009(-3)/1009	Reducer 3: 980(+29)/1009	Reducer 4: 0(+253)/253	Reducer 5: 0/1	
INFO  : Map 1: 115/115	Map 10: 49/49	Map 11: 6/6	Map 6: 1/1	Map 7: 6/6	Map 8: 7/7	Map 9: 113/113	Reducer 2: 1009(-3)/1009	Reducer 3: 980(+29)/1009	Reducer 4: 0(+253)/253	Reducer 5: 0/1	
INFO  : Map 1: 115/115	Map 10: 49/49	Map 11: 6/6	Map 6: 1/1	Map 7: 6/6	Map 8: 7/7	Map 9: 113/113	Reducer 2: 1009(-3)/1009	Reducer 3: 980(+29)/1009	Reducer 4: 0(+253)/253	Reducer 5: 0/1	
INFO  : Map 1: 115/115	Map 10: 49/49	Map 11: 6/6	Map 6: 1/1	Map 7: 6/6	Map 8: 7/7	Map 9: 113/113	Reducer 2: 1009(-3)/1009	Reducer 3: 980(+29)/1009	Reducer 4: 0(+253)/253	Reducer 5: 0/1	
INFO  : Map 1: 115/115	Map 10: 49/49	Map 11: 6/6	Map 6: 1/1	Map 7: 6/6	Map 8: 7/7	Map 9: 113/113	Reducer 2: 1009(-3)/1009	Reducer 3: 980(+29)/1009	Reducer 4: 0(+253)/253	Reducer 5: 0/1	
INFO  : Map 1: 115/115	Map 10: 49/49	Map 11: 6/6	Map 6: 1/1	Map 7: 6/6	Map 8: 7/7	Map 9: 113/113	Reducer 2: 1009(-3)/1009	Reducer 3: 980(+29)/1009	Reducer 4: 0(+253)/253	Reducer 5: 0/1	
INFO  : Map 1: 115/115	Map 10: 49/49	Map 11: 6/6	Map 6: 1/1	Map 7: 6/6	Map 8: 7/7	Map 9: 113/113	Reducer 2: 1009(-3)/1009	Reducer 3: 981(+28)/1009	Reducer 4: 0(+253)/253	Reducer 5: 0/1	
INFO  : Map 1: 115/115	Map 10: 49/49	Map 11: 6/6	Map 6: 1/1	Map 7: 6/6	Map 8: 7/7	Map 9: 113/113	Reducer 2: 1009(-3)/1009	Reducer 3: 989(+20)/1009	Reducer 4: 0(+253)/253	Reducer 5: 0/1	
INFO  : Map 1: 115/115	Map 10: 49/49	Map 11: 6/6	Map 6: 1/1	Map 7: 6/6	Map 8: 7/7	Map 9: 113/113	Reducer 2: 1009(-3)/1009	Reducer 3: 999(+10)/1009	Reducer 4: 0(+253)/253	Reducer 5: 0/1	
INFO  : Map 1: 115/115	Map 10: 49/49	Map 11: 6/6	Map 6: 1/1	Map 7: 6/6	Map 8: 7/7	Map 9: 113/113	Reducer 2: 1009(-3)/1009	Reducer 3: 1009/1009	Reducer 4: 0(+253)/253	Reducer 5: 0/1	
INFO  : Map 1: 115/115	Map 10: 49/49	Map 11: 6/6	Map 6: 1/1	Map 7: 6/6	Map 8: 7/7	Map 9: 113/113	Reducer 2: 1009(-3)/1009	Reducer 3: 1009/1009	Reducer 4: 1(+252)/253	Reducer 5: 0/1	
INFO  : Map 1: 115/115	Map 10: 49/49	Map 11: 6/6	Map 6: 1/1	Map 7: 6/6	Map 8: 7/7	Map 9: 113/113	Reducer 2: 1009(-3)/1009	Reducer 3: 1009/1009	Reducer 4: 4(+249)/253	Reducer 5: 0/1	
INFO  : Map 1: 115/115	Map 10: 49/49	Map 11: 6/6	Map 6: 1/1	Map 7: 6/6	Map 8: 7/7	Map 9: 113/113	Reducer 2: 1009(-3)/1009	Reducer 3: 1009/1009	Reducer 4: 6(+247)/253	Reducer 5: 0/1	
INFO  : Map 1: 115/115	Map 10: 49/49	Map 11: 6/6	Map 6: 1/1	Map 7: 6/6	Map 8: 7/7	Map 9: 113/113	Reducer 2: 1009(-3)/1009	Reducer 3: 1009/1009	Reducer 4: 19(+234)/253	Reducer 5: 0/1	
INFO  : Map 1: 115/115	Map 10: 49/49	Map 11: 6/6	Map 6: 1/1	Map 7: 6/6	Map 8: 7/7	Map 9: 113/113	Reducer 2: 1009(-3)/1009	Reducer 3: 1009/1009	Reducer 4: 29(+224)/253	Reducer 5: 0/1	
INFO  : Map 1: 115/115	Map 10: 49/49	Map 11: 6/6	Map 6: 1/1	Map 7: 6/6	Map 8: 7/7	Map 9: 113/113	Reducer 2: 1009(-3)/1009	Reducer 3: 1009/1009	Reducer 4: 34(+219)/253	Reducer 5: 0/1	
INFO  : Map 1: 115/115	Map 10: 49/49	Map 11: 6/6	Map 6: 1/1	Map 7: 6/6	Map 8: 7/7	Map 9: 113/113	Reducer 2: 1009(-3)/1009	Reducer 3: 1009/1009	Reducer 4: 37(+216)/253	Reducer 5: 0/1	
INFO  : Map 1: 115/115	Map 10: 49/49	Map 11: 6/6	Map 6: 1/1	Map 7: 6/6	Map 8: 7/7	Map 9: 113/113	Reducer 2: 1009(-3)/1009	Reducer 3: 1009/1009	Reducer 4: 50(+203)/253	Reducer 5: 0/1	
INFO  : Map 1: 115/115	Map 10: 49/49	Map 11: 6/6	Map 6: 1/1	Map 7: 6/6	Map 8: 7/7	Map 9: 113/113	Reducer 2: 1009(-3)/1009	Reducer 3: 1009/1009	Reducer 4: 55(+198)/253	Reducer 5: 0(+1)/1	
INFO  : Map 1: 115/115	Map 10: 49/49	Map 11: 6/6	Map 6: 1/1	Map 7: 6/6	Map 8: 7/7	Map 9: 113/113	Reducer 2: 1009(-3)/1009	Reducer 3: 1009/1009	Reducer 4: 68(+185)/253	Reducer 5: 0(+1)/1	
INFO  : Map 1: 115/115	Map 10: 49/49	Map 11: 6/6	Map 6: 1/1	Map 7: 6/6	Map 8: 7/7	Map 9: 113/113	Reducer 2: 1009(-3)/1009	Reducer 3: 1009/1009	Reducer 4: 77(+176)/253	Reducer 5: 0(+1)/1	
INFO  : Map 1: 115/115	Map 10: 49/49	Map 11: 6/6	Map 6: 1/1	Map 7: 6/6	Map 8: 7/7	Map 9: 113/113	Reducer 2: 1009(-3)/1009	Reducer 3: 1009/1009	Reducer 4: 98(+155)/253	Reducer 5: 0(+1)/1	
INFO  : Map 1: 115/115	Map 10: 49/49	Map 11: 6/6	Map 6: 1/1	Map 7: 6/6	Map 8: 7/7	Map 9: 113/113	Reducer 2: 1009(-3)/1009	Reducer 3: 1009/1009	Reducer 4: 109(+144)/253	Reducer 5: 0(+1)/1	
INFO  : Map 1: 115/115	Map 10: 49/49	Map 11: 6/6	Map 6: 1/1	Map 7: 6/6	Map 8: 7/7	Map 9: 113/113	Reducer 2: 1009(-3)/1009	Reducer 3: 1009/1009	Reducer 4: 116(+137)/253	Reducer 5: 0(+1)/1	
INFO  : Map 1: 115/115	Map 10: 49/49	Map 11: 6/6	Map 6: 1/1	Map 7: 6/6	Map 8: 7/7	Map 9: 113/113	Reducer 2: 1009(-3)/1009	Reducer 3: 1009/1009	Reducer 4: 129(+124)/253	Reducer 5: 0(+1)/1	
INFO  : Map 1: 115/115	Map 10: 49/49	Map 11: 6/6	Map 6: 1/1	Map 7: 6/6	Map 8: 7/7	Map 9: 113/113	Reducer 2: 1009(-3)/1009	Reducer 3: 1009/1009	Reducer 4: 147(+106)/253	Reducer 5: 0(+1)/1	
INFO  : Map 1: 115/115	Map 10: 49/49	Map 11: 6/6	Map 6: 1/1	Map 7: 6/6	Map 8: 7/7	Map 9: 113/113	Reducer 2: 1009(-3)/1009	Reducer 3: 1009/1009	Reducer 4: 160(+93)/253	Reducer 5: 0(+1)/1	
INFO  : Map 1: 115/115	Map 10: 49/49	Map 11: 6/6	Map 6: 1/1	Map 7: 6/6	Map 8: 7/7	Map 9: 113/113	Reducer 2: 1009(-3)/1009	Reducer 3: 1009/1009	Reducer 4: 170(+83)/253	Reducer 5: 0(+1)/1	
INFO  : Map 1: 115/115	Map 10: 49/49	Map 11: 6/6	Map 6: 1/1	Map 7: 6/6	Map 8: 7/7	Map 9: 113/113	Reducer 2: 1009(-3)/1009	Reducer 3: 1009/1009	Reducer 4: 180(+73)/253	Reducer 5: 0(+1)/1	
INFO  : Map 1: 115/115	Map 10: 49/49	Map 11: 6/6	Map 6: 1/1	Map 7: 6/6	Map 8: 7/7	Map 9: 113/113	Reducer 2: 1009(-3)/1009	Reducer 3: 1009/1009	Reducer 4: 190(+63)/253	Reducer 5: 0(+1)/1	
INFO  : Map 1: 115/115	Map 10: 49/49	Map 11: 6/6	Map 6: 1/1	Map 7: 6/6	Map 8: 7/7	Map 9: 113/113	Reducer 2: 1009(-3)/1009	Reducer 3: 1009/1009	Reducer 4: 200(+53)/253	Reducer 5: 0(+1)/1	
INFO  : Map 1: 115/115	Map 10: 49/49	Map 11: 6/6	Map 6: 1/1	Map 7: 6/6	Map 8: 7/7	Map 9: 113/113	Reducer 2: 1009(-3)/1009	Reducer 3: 1009/1009	Reducer 4: 214(+39)/253	Reducer 5: 0(+1)/1	
INFO  : Map 1: 115/115	Map 10: 49/49	Map 11: 6/6	Map 6: 1/1	Map 7: 6/6	Map 8: 7/7	Map 9: 113/113	Reducer 2: 1009(-3)/1009	Reducer 3: 1009/1009	Reducer 4: 226(+27)/253	Reducer 5: 0(+1)/1	
INFO  : Map 1: 115/115	Map 10: 49/49	Map 11: 6/6	Map 6: 1/1	Map 7: 6/6	Map 8: 7/7	Map 9: 113/113	Reducer 2: 1009(-3)/1009	Reducer 3: 1009/1009	Reducer 4: 242(+11)/253	Reducer 5: 0(+1)/1	
INFO  : Map 1: 115/115	Map 10: 49/49	Map 11: 6/6	Map 6: 1/1	Map 7: 6/6	Map 8: 7/7	Map 9: 113/113	Reducer 2: 1009(-3)/1009	Reducer 3: 1009/1009	Reducer 4: 250(+3)/253	Reducer 5: 0(+1)/1	
INFO  : Map 1: 115/115	Map 10: 49/49	Map 11: 6/6	Map 6: 1/1	Map 7: 6/6	Map 8: 7/7	Map 9: 113/113	Reducer 2: 1009(-3)/1009	Reducer 3: 1009/1009	Reducer 4: 253/253	Reducer 5: 0(+1)/1	
INFO  : Map 1: 115/115	Map 10: 49/49	Map 11: 6/6	Map 6: 1/1	Map 7: 6/6	Map 8: 7/7	Map 9: 113/113	Reducer 2: 1009(-3)/1009	Reducer 3: 1009/1009	Reducer 4: 253/253	Reducer 5: 1/1	
INFO  : Status: DAG finished successfully in 106.53 seconds
INFO  : 
INFO  : Query Execution Summary
INFO  : ----------------------------------------------------------------------------------------------
INFO  : ----------------------------------------------------------------------------------------------
INFO  : Compile Query                           0.80s
INFO  : Prepare Plan                            0.32s
INFO  : Submit Plan                             4.64s
INFO  : Start DAG                               0.37s
INFO  : Run DAG                               106.53s
INFO  : ----------------------------------------------------------------------------------------------
INFO  : 
INFO  : Task Execution Summary
INFO  : --------------------------------------------------------------------------------------------------------------------------------
INFO  : --------------------------------------------------------------------------------------------------------------------------------
INFO  :      Map 1          115                0             0       10033.00             0            0  2,850,542,190     202,792,435
INFO  :     Map 10           49                0             0        2713.00             0            0     32,500,000       5,517,348
INFO  :     Map 11            6                0             0        1456.00             0            0      1,920,800       1,920,800
INFO  :      Map 6            1                0             0           0.00             0            0         10,000             365
INFO  :      Map 7            6                0             0         617.00             0            0      1,920,800         137,200
INFO  :      Map 8            7                0             0         617.00             0            0        402,000         402,000
INFO  :      Map 9          113                0             0        2713.00             0            0     65,000,000      31,022,947
INFO  :  Reducer 2         1009                3            33       33073.00             0            0    233,815,382      96,790,821
INFO  :  Reducer 3         1009                0             2       79951.00             0            0    104,228,969      64,247,428
INFO  :  Reducer 4          253                0             0       52444.00             0            0     64,247,428          25,300
INFO  :  Reducer 5            1                0             0        3832.00             0            0         25,300               0
INFO  : --------------------------------------------------------------------------------------------------------------------------------
INFO  : 
INFO  : LLAP IO Summary
INFO  : ----------------------------------------------------------------------------------------------
INFO  : ----------------------------------------------------------------------------------------------
INFO  :      Map 1    285942      5227          0   53.78GB         0B          0B       0B   581.25s
INFO  :     Map 10      3331       446          0  104.02MB         0B          0B       0B     8.84s
INFO  :     Map 11       195        12          0  206.84KB         0B          0B       0B     0.44s
INFO  :      Map 6         1         2          0    1.39KB         0B          0B       0B     0.00s
INFO  :      Map 7       195        12          0  299.30KB         0B          0B       0B     0.62s
INFO  :      Map 8        42        14          0    1.78MB         0B          0B       0B     0.52s
INFO  :      Map 9      6667      1112          0  621.54MB         0B          0B       0B    28.04s
INFO  : ----------------------------------------------------------------------------------------------
INFO  : 
INFO  : FileSystem Counters Summary
INFO  : 
INFO  : ----------------------------------------------------------------------------------------------
INFO  : ----------------------------------------------------------------------------------------------
INFO  :      Map 1              0B             0                  0             5.37GB             0
INFO  :     Map 10              0B             0                  0            98.22MB             0
INFO  :     Map 11              0B             0                  0             8.26MB             0
INFO  :      Map 6              0B             0                  0             1.51KB             0
INFO  :      Map 7              0B             0                  0           671.38KB             0
INFO  :      Map 8              0B             0                  0             2.74MB             0
INFO  :      Map 9              0B             0                  0           535.38MB             0
INFO  :  Reducer 2          3.32GB             0                  0             2.82GB             0
INFO  :  Reducer 3         15.22GB             0                  0             3.20GB             0
INFO  :  Reducer 4          2.12GB             0                  0             1.23MB             0
INFO  :  Reducer 5        755.96KB             0                  0                 0B             0
INFO  : ----------------------------------------------------------------------------------------------
INFO  : 
INFO  : ----------------------------------------------------------------------------------------------
INFO  : ----------------------------------------------------------------------------------------------
INFO  :      Map 1              0B             0                  0                 0B             0
INFO  :     Map 10              0B             0                  0                 0B             0
INFO  :     Map 11              0B             0                  0                 0B             0
INFO  :      Map 6              0B             0                  0                 0B             0
INFO  :      Map 7              0B             0                  0                 0B             0
INFO  :      Map 8              0B             0                  0                 0B             0
INFO  :      Map 9              0B             0                  0                 0B             0
INFO  :  Reducer 2              0B             0                  0                 0B             0
INFO  :  Reducer 3              0B             0                  0                 0B             0
INFO  :  Reducer 4              0B             0                  0                 0B             0
INFO  :  Reducer 5              0B             2                  0            11.40KB             2
INFO  : ----------------------------------------------------------------------------------------------
INFO  : 
INFO  : org.apache.tez.common.counters.DAGCounter:
INFO  :    NUM_FAILED_TASKS: 3
INFO  :    NUM_KILLED_TASKS: 35
INFO  :    NUM_SUCCEEDED_TASKS: 2569
INFO  :    TOTAL_LAUNCHED_TASKS: 2607
INFO  :    DATA_LOCAL_TASKS: 297
INFO  :    AM_CPU_MILLISECONDS: 81830
INFO  :    AM_GC_TIME_MILLIS: 395
INFO  : File System Counters:
INFO  :    FILE_BYTES_READ: 20653228907
INFO  :    FILE_BYTES_WRITTEN: 12033706580
INFO  :    FILE_READ_OPS: 0
INFO  :    FILE_LARGE_READ_OPS: 0
INFO  :    FILE_WRITE_OPS: 0
INFO  :    HDFS_BYTES_READ: 0
INFO  :    HDFS_BYTES_WRITTEN: 11399
INFO  :    HDFS_READ_OPS: 2
INFO  :    HDFS_LARGE_READ_OPS: 0
INFO  :    HDFS_WRITE_OPS: 2
INFO  : org.apache.tez.common.counters.TaskCounter:
INFO  :    REDUCE_INPUT_GROUPS: 17479804
INFO  :    REDUCE_INPUT_RECORDS: 64272728
INFO  :    COMBINE_INPUT_RECORDS: 0
INFO  :    SPILLED_RECORDS: 133999520
INFO  :    NUM_SHUFFLED_INPUTS: 2315920
INFO  :    NUM_SKIPPED_INPUTS: 0
INFO  :    NUM_FAILED_SHUFFLE_INPUTS: 0
INFO  :    MERGED_MAP_OUTPUTS: 239029001
INFO  :    INPUT_RECORDS_PROCESSED: 361218905
INFO  :    INPUT_SPLIT_LENGTH_BYTES: 223092880101
INFO  :    OUTPUT_RECORDS: 402856644
INFO  :    OUTPUT_LARGE_RECORDS: 0
INFO  :    OUTPUT_BYTES: 21163783964
INFO  :    OUTPUT_BYTES_WITH_OVERHEAD: 26023504390
INFO  :    OUTPUT_BYTES_PHYSICAL: 12009246020
INFO  :    ADDITIONAL_SPILLS_BYTES_WRITTEN: 201258493
INFO  :    ADDITIONAL_SPILLS_BYTES_READ: 2375862664
INFO  :    ADDITIONAL_SPILL_COUNT: 0
INFO  :    SHUFFLE_CHUNK_COUNT: 1262
INFO  :    SHUFFLE_BYTES: 12071461308
INFO  :    SHUFFLE_BYTES_DECOMPRESSED: 22181256412
INFO  :    SHUFFLE_BYTES_TO_MEM: 10725405703
INFO  :    SHUFFLE_BYTES_TO_DISK: 0
INFO  :    SHUFFLE_BYTES_DISK_DIRECT: 1346055605
INFO  :    NUM_MEM_TO_DISK_MERGES: 0
INFO  :    NUM_DISK_TO_DISK_MERGES: 804
INFO  :    SHUFFLE_PHASE_TIME: 39551953
INFO  :    MERGE_PHASE_TIME: 10458370
INFO  :    FIRST_EVENT_RECEIVED: 181320
INFO  :    LAST_EVENT_RECEIVED: 19556676
INFO  : HIVE:
INFO  :    CREATED_FILES: 1
INFO  :    DESERIALIZE_ERRORS: 0
INFO  :    RECORDS_IN_Map_1: 2850002625
INFO  :    RECORDS_IN_Map_10: 32500000
INFO  :    RECORDS_IN_Map_11: 1920800
INFO  :    RECORDS_IN_Map_6: 10000
INFO  :    RECORDS_IN_Map_7: 1920800
INFO  :    RECORDS_IN_Map_8: 402000
INFO  :    RECORDS_IN_Map_9: 65000000
INFO  :    RECORDS_OUT_0: 100
INFO  :    RECORDS_OUT_INTERMEDIATE_Map_1: 202792435
INFO  :    RECORDS_OUT_INTERMEDIATE_Map_10: 5517348
INFO  :    RECORDS_OUT_INTERMEDIATE_Map_11: 1920800
INFO  :    RECORDS_OUT_INTERMEDIATE_Map_6: 365
INFO  :    RECORDS_OUT_INTERMEDIATE_Map_7: 137200
INFO  :    RECORDS_OUT_INTERMEDIATE_Map_8: 402000
INFO  :    RECORDS_OUT_INTERMEDIATE_Map_9: 31022947
INFO  :    RECORDS_OUT_INTERMEDIATE_Reducer_2: 96790821
INFO  :    RECORDS_OUT_INTERMEDIATE_Reducer_3: 64247428
INFO  :    RECORDS_OUT_INTERMEDIATE_Reducer_4: 25300
INFO  : Shuffle Errors:
INFO  :    BAD_ID: 0
INFO  :    CONNECTION: 0
INFO  :    IO_ERROR: 0
INFO  :    WRONG_LENGTH: 0
INFO  :    WRONG_MAP: 0
INFO  :    WRONG_REDUCE: 0
INFO  : Shuffle Errors_Reducer_4_INPUT_Reducer_3:
INFO  :    BAD_ID: 0
INFO  :    CONNECTION: 0
INFO  :    IO_ERROR: 0
INFO  :    WRONG_LENGTH: 0
INFO  :    WRONG_MAP: 0
INFO  :    WRONG_REDUCE: 0
INFO  : Shuffle Errors_Reducer_5_INPUT_Reducer_4:
INFO  :    BAD_ID: 0
INFO  :    CONNECTION: 0
INFO  :    IO_ERROR: 0
INFO  :    WRONG_LENGTH: 0
INFO  :    WRONG_MAP: 0
INFO  :    WRONG_REDUCE: 0
INFO  : TaskCounter_Map_10_INPUT_customer_address:
INFO  :    INPUT_RECORDS_PROCESSED: 32664
INFO  :    INPUT_SPLIT_LENGTH_BYTES: 663732678
INFO  : TaskCounter_Map_10_OUTPUT_Reducer_3:
INFO  :    ADDITIONAL_SPILLS_BYTES_READ: 0
INFO  :    ADDITIONAL_SPILLS_BYTES_WRITTEN: 0
INFO  :    ADDITIONAL_SPILL_COUNT: 0
INFO  :    OUTPUT_BYTES: 206351862
INFO  :    OUTPUT_BYTES_PHYSICAL: 98220913
INFO  :    OUTPUT_BYTES_WITH_OVERHEAD: 280992143
INFO  :    OUTPUT_LARGE_RECORDS: 0
INFO  :    OUTPUT_RECORDS: 5517348
INFO  :    SPILLED_RECORDS: 0
INFO  : TaskCounter_Map_11_INPUT_cd1:
INFO  :    INPUT_RECORDS_PROCESSED: 1923
INFO  :    INPUT_SPLIT_LENGTH_BYTES: 541712
INFO  : TaskCounter_Map_11_OUTPUT_Reducer_3:
INFO  :    ADDITIONAL_SPILLS_BYTES_READ: 0
INFO  :    ADDITIONAL_SPILLS_BYTES_WRITTEN: 0
INFO  :    ADDITIONAL_SPILL_COUNT: 0
INFO  :    OUTPUT_BYTES: 9604000
INFO  :    OUTPUT_BYTES_PHYSICAL: 8255640
INFO  :    OUTPUT_BYTES_WITH_OVERHEAD: 13445636
INFO  :    OUTPUT_LARGE_RECORDS: 0
INFO  :    OUTPUT_RECORDS: 1920800
INFO  :    SPILLED_RECORDS: 0
INFO  : TaskCounter_Map_1_INPUT_Map_6:
INFO  :    FIRST_EVENT_RECEIVED: 718
INFO  :    INPUT_RECORDS_PROCESSED: 3285
INFO  :    LAST_EVENT_RECEIVED: 718
INFO  :    NUM_FAILED_SHUFFLE_INPUTS: 0
INFO  :    NUM_SHUFFLED_INPUTS: 9
INFO  :    SHUFFLE_BYTES: 13329
INFO  :    SHUFFLE_BYTES_DECOMPRESSED: 23049
INFO  :    SHUFFLE_BYTES_DISK_DIRECT: 1481
INFO  :    SHUFFLE_BYTES_TO_DISK: 0
INFO  :    SHUFFLE_BYTES_TO_MEM: 11848
INFO  :    SHUFFLE_PHASE_TIME: 2221
INFO  : TaskCounter_Map_1_INPUT_Map_7:
INFO  :    FIRST_EVENT_RECEIVED: 22
INFO  :    INPUT_RECORDS_PROCESSED: 1234800
INFO  :    LAST_EVENT_RECEIVED: 27
INFO  :    NUM_FAILED_SHUFFLE_INPUTS: 0
INFO  :    NUM_SHUFFLED_INPUTS: 54
INFO  :    SHUFFLE_BYTES: 6040683
INFO  :    SHUFFLE_BYTES_DECOMPRESSED: 11113524
INFO  :    SHUFFLE_BYTES_DISK_DIRECT: 671187
INFO  :    SHUFFLE_BYTES_TO_DISK: 0
INFO  :    SHUFFLE_BYTES_TO_MEM: 5369496
INFO  :    SHUFFLE_PHASE_TIME: 3016
INFO  : TaskCounter_Map_1_INPUT_Map_8:
INFO  :    FIRST_EVENT_RECEIVED: 9
INFO  :    INPUT_RECORDS_PROCESSED: 3618000
INFO  :    LAST_EVENT_RECEIVED: 53
INFO  :    NUM_FAILED_SHUFFLE_INPUTS: 0
INFO  :    NUM_SHUFFLED_INPUTS: 63
INFO  :    SHUFFLE_BYTES: 24673761
INFO  :    SHUFFLE_BYTES_DECOMPRESSED: 90450378
INFO  :    SHUFFLE_BYTES_DISK_DIRECT: 2741529
INFO  :    SHUFFLE_BYTES_TO_DISK: 0
INFO  :    SHUFFLE_BYTES_TO_MEM: 21932232
INFO  :    SHUFFLE_PHASE_TIME: 3323
INFO  : TaskCounter_Map_1_INPUT_catalog_sales:
INFO  :    INPUT_RECORDS_PROCESSED: 2850143
INFO  :    INPUT_SPLIT_LENGTH_BYTES: 218860263340
INFO  : TaskCounter_Map_1_OUTPUT_Reducer_2:
INFO  :    ADDITIONAL_SPILLS_BYTES_READ: 0
INFO  :    ADDITIONAL_SPILLS_BYTES_WRITTEN: 0
INFO  :    ADDITIONAL_SPILL_COUNT: 0
INFO  :    OUTPUT_BYTES: 8515619190
INFO  :    OUTPUT_BYTES_PHYSICAL: 5373959895
INFO  :    OUTPUT_BYTES_WITH_OVERHEAD: 11354840982
INFO  :    OUTPUT_LARGE_RECORDS: 0
INFO  :    OUTPUT_RECORDS: 202792435
INFO  :    SPILLED_RECORDS: 0
INFO  : TaskCounter_Map_6_INPUT_date_dim:
INFO  :    INPUT_RECORDS_PROCESSED: 10
INFO  :    INPUT_SPLIT_LENGTH_BYTES: 759177
INFO  : TaskCounter_Map_6_OUTPUT_Map_1:
INFO  :    ADDITIONAL_SPILLS_BYTES_READ: 0
INFO  :    ADDITIONAL_SPILLS_BYTES_WRITTEN: 0
INFO  :    ADDITIONAL_SPILL_COUNT: 0
INFO  :    OUTPUT_BYTES: 1825
INFO  :    OUTPUT_BYTES_PHYSICAL: 1505
INFO  :    OUTPUT_BYTES_WITH_OVERHEAD: 2561
INFO  :    OUTPUT_LARGE_RECORDS: 0
INFO  :    OUTPUT_RECORDS: 365
INFO  :    SPILLED_RECORDS: 0
INFO  : TaskCounter_Map_7_INPUT_cd1:
INFO  :    INPUT_RECORDS_PROCESSED: 1923
INFO  :    INPUT_SPLIT_LENGTH_BYTES: 541712
INFO  : TaskCounter_Map_7_OUTPUT_Map_1:
INFO  :    ADDITIONAL_SPILLS_BYTES_READ: 0
INFO  :    ADDITIONAL_SPILLS_BYTES_WRITTEN: 0
INFO  :    ADDITIONAL_SPILL_COUNT: 0
INFO  :    OUTPUT_BYTES: 960400
INFO  :    OUTPUT_BYTES_PHYSICAL: 671331
INFO  :    OUTPUT_BYTES_WITH_OVERHEAD: 1234836
INFO  :    OUTPUT_LARGE_RECORDS: 0
INFO  :    OUTPUT_RECORDS: 137200
INFO  :    SPILLED_RECORDS: 0
INFO  : TaskCounter_Map_8_INPUT_item:
INFO  :    INPUT_RECORDS_PROCESSED: 405
INFO  :    INPUT_SPLIT_LENGTH_BYTES: 38092338
INFO  : TaskCounter_Map_8_OUTPUT_Map_1:
INFO  :    ADDITIONAL_SPILLS_BYTES_READ: 0
INFO  :    ADDITIONAL_SPILLS_BYTES_WRITTEN: 0
INFO  :    ADDITIONAL_SPILL_COUNT: 0
INFO  :    OUTPUT_BYTES: 9246000
INFO  :    OUTPUT_BYTES_PHYSICAL: 2741697
INFO  :    OUTPUT_BYTES_WITH_OVERHEAD: 10050042
INFO  :    OUTPUT_LARGE_RECORDS: 0
INFO  :    OUTPUT_RECORDS: 402000
INFO  :    SPILLED_RECORDS: 0
INFO  : TaskCounter_Map_9_INPUT_customer:
INFO  :    INPUT_RECORDS_PROCESSED: 65001
INFO  :    INPUT_SPLIT_LENGTH_BYTES: 3528949144
INFO  : TaskCounter_Map_9_OUTPUT_Reducer_2:
INFO  :    ADDITIONAL_SPILLS_BYTES_READ: 0
INFO  :    ADDITIONAL_SPILLS_BYTES_WRITTEN: 0
INFO  :    ADDITIONAL_SPILL_COUNT: 0
INFO  :    OUTPUT_BYTES: 540393198
INFO  :    OUTPUT_BYTES_PHYSICAL: 535382853
INFO  :    OUTPUT_BYTES_WITH_OVERHEAD: 989168824
INFO  :    OUTPUT_LARGE_RECORDS: 0
INFO  :    OUTPUT_RECORDS: 31022947
INFO  :    SPILLED_RECORDS: 0
INFO  : TaskCounter_Reducer_2_INPUT_Map_1:
INFO  :    FIRST_EVENT_RECEIVED: 26282
INFO  :    INPUT_RECORDS_PROCESSED: 202792435
INFO  :    LAST_EVENT_RECEIVED: 2272345
INFO  :    NUM_FAILED_SHUFFLE_INPUTS: 0
INFO  :    NUM_SHUFFLED_INPUTS: 116035
INFO  :    SHUFFLE_BYTES: 5371175055
INFO  :    SHUFFLE_BYTES_DECOMPRESSED: 8921900270
INFO  :    SHUFFLE_BYTES_DISK_DIRECT: 596300633
INFO  :    SHUFFLE_BYTES_TO_DISK: 0
INFO  :    SHUFFLE_BYTES_TO_MEM: 4774874422
INFO  :    SHUFFLE_PHASE_TIME: 7696898
INFO  : TaskCounter_Reducer_2_INPUT_Map_9:
INFO  :    FIRST_EVENT_RECEIVED: 25278
INFO  :    INPUT_RECORDS_PROCESSED: 31022947
INFO  :    LAST_EVENT_RECEIVED: 105059
INFO  :    NUM_FAILED_SHUFFLE_INPUTS: 0
INFO  :    NUM_SHUFFLED_INPUTS: 114017
INFO  :    SHUFFLE_BYTES: 532646445
INFO  :    SHUFFLE_BYTES_DECOMPRESSED: 603123194
INFO  :    SHUFFLE_BYTES_DISK_DIRECT: 59048915
INFO  :    SHUFFLE_BYTES_TO_DISK: 0
INFO  :    SHUFFLE_BYTES_TO_MEM: 473597530
INFO  :    SHUFFLE_PHASE_TIME: 4824418
INFO  : TaskCounter_Reducer_2_OUTPUT_Reducer_3:
INFO  :    ADDITIONAL_SPILLS_BYTES_READ: 0
INFO  :    ADDITIONAL_SPILLS_BYTES_WRITTEN: 0
INFO  :    ADDITIONAL_SPILL_COUNT: 0
INFO  :    OUTPUT_BYTES: 4832740572
INFO  :    OUTPUT_BYTES_PHYSICAL: 2815851240
INFO  :    OUTPUT_BYTES_WITH_OVERHEAD: 6190246989
INFO  :    OUTPUT_LARGE_RECORDS: 0
INFO  :    OUTPUT_RECORDS: 96790821
INFO  :    SPILLED_RECORDS: 0
INFO  : TaskCounter_Reducer_3_INPUT_Map_10:
INFO  :    FIRST_EVENT_RECEIVED: 65266
INFO  :    INPUT_RECORDS_PROCESSED: 5517348
INFO  :    LAST_EVENT_RECEIVED: 78007
INFO  :    NUM_FAILED_SHUFFLE_INPUTS: 0
INFO  :    NUM_SHUFFLED_INPUTS: 49441
INFO  :    SHUFFLE_BYTES: 97034329
INFO  :    SHUFFLE_BYTES_DECOMPRESSED: 217683204
INFO  :    SHUFFLE_BYTES_DISK_DIRECT: 10696073
INFO  :    SHUFFLE_BYTES_TO_DISK: 0
INFO  :    SHUFFLE_BYTES_TO_MEM: 86338256
INFO  :    SHUFFLE_PHASE_TIME: 2326591
INFO  : TaskCounter_Reducer_3_INPUT_Map_11:
INFO  :    FIRST_EVENT_RECEIVED: 137
INFO  :    INPUT_RECORDS_PROCESSED: 17287200
INFO  :    LAST_EVENT_RECEIVED: 172
INFO  :    NUM_FAILED_SHUFFLE_INPUTS: 0
INFO  :    NUM_SHUFFLED_INPUTS: 54
INFO  :    SHUFFLE_BYTES: 74299464
INFO  :    SHUFFLE_BYTES_DECOMPRESSED: 121010724
INFO  :    SHUFFLE_BYTES_DISK_DIRECT: 8255496
INFO  :    SHUFFLE_BYTES_TO_DISK: 0
INFO  :    SHUFFLE_BYTES_TO_MEM: 66043968
INFO  :    SHUFFLE_PHASE_TIME: 7422
INFO  : TaskCounter_Reducer_3_INPUT_Reducer_2:
INFO  :    FIRST_EVENT_RECEIVED: 61290
INFO  :    INPUT_RECORDS_PROCESSED: 96790821
INFO  :    LAST_EVENT_RECEIVED: 6949135
INFO  :    NUM_FAILED_SHUFFLE_INPUTS: 0
INFO  :    NUM_SHUFFLED_INPUTS: 1017913
INFO  :    SHUFFLE_BYTES: 2791417296
INFO  :    SHUFFLE_BYTES_DECOMPRESSED: 5032429692
INFO  :    SHUFFLE_BYTES_DISK_DIRECT: 309976086
INFO  :    SHUFFLE_BYTES_TO_DISK: 0
INFO  :    SHUFFLE_BYTES_TO_MEM: 2481441210
INFO  :    SHUFFLE_PHASE_TIME: 14411201
INFO  : TaskCounter_Reducer_3_OUTPUT_Reducer_4:
INFO  :    ADDITIONAL_SPILLS_BYTES_READ: 0
INFO  :    ADDITIONAL_SPILLS_BYTES_WRITTEN: 0
INFO  :    ADDITIONAL_SPILL_COUNT: 0
INFO  :    OUTPUT_BYTES: 7047269503
INFO  :    OUTPUT_BYTES_PHYSICAL: 3172937753
INFO  :    OUTPUT_BYTES_WITH_OVERHEAD: 7181872845
INFO  :    OUTPUT_RECORDS: 64247428
INFO  :    SHUFFLE_CHUNK_COUNT: 1009
INFO  :    SPILLED_RECORDS: 64247428
INFO  : TaskCounter_Reducer_4_INPUT_Reducer_3:
INFO  :    ADDITIONAL_SPILLS_BYTES_READ: 2374704278
INFO  :    ADDITIONAL_SPILLS_BYTES_WRITTEN: 200240386
INFO  :    COMBINE_INPUT_RECORDS: 0
INFO  :    FIRST_EVENT_RECEIVED: 2316
INFO  :    LAST_EVENT_RECEIVED: 10147654
INFO  :    MERGED_MAP_OUTPUTS: 239028748
INFO  :    MERGE_PHASE_TIME: 10454836
INFO  :    NUM_DISK_TO_DISK_MERGES: 804
INFO  :    NUM_FAILED_SHUFFLE_INPUTS: 0
INFO  :    NUM_MEM_TO_DISK_MERGES: 0
INFO  :    NUM_SHUFFLED_INPUTS: 1018081
INFO  :    NUM_SKIPPED_INPUTS: 0
INFO  :    REDUCE_INPUT_GROUPS: 17454504
INFO  :    REDUCE_INPUT_RECORDS: 64247428
INFO  :    SHUFFLE_BYTES: 3172937753
INFO  :    SHUFFLE_BYTES_DECOMPRESSED: 7181872845
INFO  :    SHUFFLE_BYTES_DISK_DIRECT: 358223926
INFO  :    SHUFFLE_BYTES_TO_DISK: 0
INFO  :    SHUFFLE_BYTES_TO_MEM: 2814713827
INFO  :    SHUFFLE_PHASE_TIME: 10273355
INFO  :    SPILLED_RECORDS: 69701492
INFO  : TaskCounter_Reducer_4_OUTPUT_Reducer_5:
INFO  :    ADDITIONAL_SPILLS_BYTES_READ: 0
INFO  :    ADDITIONAL_SPILLS_BYTES_WRITTEN: 0
INFO  :    ADDITIONAL_SPILL_COUNT: 0
INFO  :    OUTPUT_BYTES: 1597414
INFO  :    OUTPUT_BYTES_PHYSICAL: 1223193
INFO  :    OUTPUT_BYTES_WITH_OVERHEAD: 1649532
INFO  :    OUTPUT_RECORDS: 25300
INFO  :    SHUFFLE_CHUNK_COUNT: 253
INFO  :    SPILLED_RECORDS: 25300
INFO  : TaskCounter_Reducer_5_INPUT_Reducer_4:
INFO  :    ADDITIONAL_SPILLS_BYTES_READ: 1158386
INFO  :    ADDITIONAL_SPILLS_BYTES_WRITTEN: 1018107
INFO  :    COMBINE_INPUT_RECORDS: 0
INFO  :    FIRST_EVENT_RECEIVED: 2
INFO  :    LAST_EVENT_RECEIVED: 3506
INFO  :    MERGED_MAP_OUTPUTS: 253
INFO  :    MERGE_PHASE_TIME: 3534
INFO  :    NUM_DISK_TO_DISK_MERGES: 0
INFO  :    NUM_FAILED_SHUFFLE_INPUTS: 0
INFO  :    NUM_MEM_TO_DISK_MERGES: 0
INFO  :    NUM_SHUFFLED_INPUTS: 253
INFO  :    NUM_SKIPPED_INPUTS: 0
INFO  :    REDUCE_INPUT_GROUPS: 25300
INFO  :    REDUCE_INPUT_RECORDS: 25300
INFO  :    SHUFFLE_BYTES: 1223193
INFO  :    SHUFFLE_BYTES_DECOMPRESSED: 1649532
INFO  :    SHUFFLE_BYTES_DISK_DIRECT: 140279
INFO  :    SHUFFLE_BYTES_TO_DISK: 0
INFO  :    SHUFFLE_BYTES_TO_MEM: 1082914
INFO  :    SHUFFLE_PHASE_TIME: 3508
INFO  :    SPILLED_RECORDS: 25300
INFO  : TaskCounter_Reducer_5_OUTPUT_out_Reducer_5:
INFO  :    OUTPUT_RECORDS: 0
INFO  : org.apache.hadoop.hive.llap.counters.LlapIOCounters:
INFO  :    CACHE_HIT_BYTES: 54509375582
INFO  :    CACHE_MISS_BYTES: 0
INFO  :    CONSUMER_TIME_NS: 543774005240
INFO  :    DECODE_TIME_NS: 611406958928
INFO  :    HDFS_TIME_NS: 24477585
INFO  :    METADATA_CACHE_HIT: 6825
INFO  :    NUM_DECODED_BATCHES: 296373
INFO  :    NUM_VECTOR_BATCHES: 2952070
INFO  :    ROWS_EMITTED: 2951756225
INFO  :    SELECTED_ROWGROUPS: 296373
INFO  :    TOTAL_IO_TIME_NS: 619710967895
INFO  : Completed executing command(queryId=hive_20161017164543_d5e850c5-39f5-464d-a4bf-50fc2a49f4d3); Time taken: 111.998 seconds
INFO  : OK
100 rows selected (112.882 seconds)
Closing: 0: jdbc:hive2://h01hn02:10500/tpcds_bin_partitioned_orc_10000
