Connecting to jdbc:hive2://h01hn02:10500/tpcds_bin_partitioned_orc_10000
Connected to: Apache Hive (version 2.1.0.2.5.1.0-43)
Driver: Hive JDBC (version 1.2.1000.2.5.1.0-43)
Transaction isolation: TRANSACTION_REPEATABLE_READ
Running init script bry.sql
No rows affected (0.036 seconds)
No rows affected (0.001 seconds)
INFO  : Compiling command(queryId=hive_20161019181833_b2a960b8-0767-4e77-9d5a-e358ab991806): select  count(*) as c
from store_sales
    ,household_demographics 
    ,time_dim, store
where store_sales.ss_sold_time_sk = time_dim.t_time_sk   
    and store_sales.ss_hdemo_sk = household_demographics.hd_demo_sk 
    and store_sales.ss_store_sk = store.s_store_sk
    and time_dim.t_hour = 8
    and time_dim.t_minute >= 30
    and household_demographics.hd_dep_count = 5
    and store.s_store_name = 'ese'
order by c
limit 100
INFO  : Semantic Analysis Completed
INFO  : Returning Hive schema: Schema(fieldSchemas:[FieldSchema(name:c, type:bigint, comment:null)], properties:null)
INFO  : Completed compiling command(queryId=hive_20161019181833_b2a960b8-0767-4e77-9d5a-e358ab991806); Time taken: 0.582 seconds
INFO  : Concurrency mode is disabled, not creating a lock manager
INFO  : Executing command(queryId=hive_20161019181833_b2a960b8-0767-4e77-9d5a-e358ab991806): select  count(*) as c
from store_sales
    ,household_demographics 
    ,time_dim, store
where store_sales.ss_sold_time_sk = time_dim.t_time_sk   
    and store_sales.ss_hdemo_sk = household_demographics.hd_demo_sk 
    and store_sales.ss_store_sk = store.s_store_sk
    and time_dim.t_hour = 8
    and time_dim.t_minute >= 30
    and household_demographics.hd_dep_count = 5
    and store.s_store_name = 'ese'
order by c
limit 100
INFO  : Query ID = hive_20161019181833_b2a960b8-0767-4e77-9d5a-e358ab991806
INFO  : Total jobs = 1
INFO  : Launching Job 1 out of 1
INFO  : Starting task [Stage-1:MAPRED] in serial mode
INFO  : Session is already open
INFO  : Dag name: select  count(*) as c
from store_sales...100(Stage-1)
INFO  : Setting tez.task.scale.memory.reserve-fraction to 0.30000001192092896
INFO  : Tez session was closed. Reopening...
INFO  : Session re-established.
INFO  : 

INFO  : Status: Running (Executing on YARN cluster with App id application_1476716628816_0220)

INFO  : Map 1: -/-	Map 4: -/-	Map 5: -/-	Map 6: -/-	Reducer 2: 0/1	Reducer 3: 0/1	
INFO  : Map 1: -/-	Map 4: 0/1	Map 5: 0/1	Map 6: 0/1	Reducer 2: 0/1	Reducer 3: 0/1	
INFO  : Map 1: -/-	Map 4: 0/1	Map 5: 0(+1)/1	Map 6: 0(+1)/1	Reducer 2: 0/1	Reducer 3: 0/1	
INFO  : Map 1: -/-	Map 4: 1/1	Map 5: 0(+1)/1	Map 6: 0(+1)/1	Reducer 2: 0/1	Reducer 3: 0/1	
INFO  : Map 1: -/-	Map 4: 1/1	Map 5: 0(+1)/1	Map 6: 1/1	Reducer 2: 0/1	Reducer 3: 0/1	
INFO  : Map 1: -/-	Map 4: 1/1	Map 5: 1/1	Map 6: 1/1	Reducer 2: 0/1	Reducer 3: 0/1	
INFO  : Map 1: -/-	Map 4: 1/1	Map 5: 1/1	Map 6: 1/1	Reducer 2: 0/1	Reducer 3: 0/1	
INFO  : Map 1: 0/322	Map 4: 1/1	Map 5: 1/1	Map 6: 1/1	Reducer 2: 0/1	Reducer 3: 0/1	
INFO  : Map 1: 0(+18)/322	Map 4: 1/1	Map 5: 1/1	Map 6: 1/1	Reducer 2: 0/1	Reducer 3: 0/1	
INFO  : Map 1: 0(+80)/322	Map 4: 1/1	Map 5: 1/1	Map 6: 1/1	Reducer 2: 0/1	Reducer 3: 0/1	
INFO  : Map 1: 0(+322)/322	Map 4: 1/1	Map 5: 1/1	Map 6: 1/1	Reducer 2: 0/1	Reducer 3: 0/1	
INFO  : Map 1: 0(+322)/322	Map 4: 1/1	Map 5: 1/1	Map 6: 1/1	Reducer 2: 0/1	Reducer 3: 0/1	
INFO  : Map 1: 0(+322)/322	Map 4: 1/1	Map 5: 1/1	Map 6: 1/1	Reducer 2: 0/1	Reducer 3: 0/1	
INFO  : Map 1: 0(+322)/322	Map 4: 1/1	Map 5: 1/1	Map 6: 1/1	Reducer 2: 0/1	Reducer 3: 0/1	
INFO  : Map 1: 1(+321)/322	Map 4: 1/1	Map 5: 1/1	Map 6: 1/1	Reducer 2: 0/1	Reducer 3: 0/1	
INFO  : Map 1: 2(+320)/322	Map 4: 1/1	Map 5: 1/1	Map 6: 1/1	Reducer 2: 0/1	Reducer 3: 0/1	
INFO  : Map 1: 2(+320)/322	Map 4: 1/1	Map 5: 1/1	Map 6: 1/1	Reducer 2: 0/1	Reducer 3: 0/1	
INFO  : Map 1: 2(+320)/322	Map 4: 1/1	Map 5: 1/1	Map 6: 1/1	Reducer 2: 0/1	Reducer 3: 0/1	
INFO  : Map 1: 3(+319)/322	Map 4: 1/1	Map 5: 1/1	Map 6: 1/1	Reducer 2: 0/1	Reducer 3: 0/1	
INFO  : Map 1: 3(+319,-16)/322	Map 4: 1/1	Map 5: 1/1	Map 6: 1/1	Reducer 2: 0/1	Reducer 3: 0/1	
INFO  : Map 1: 4(+318,-16)/322	Map 4: 1/1	Map 5: 1/1	Map 6: 1/1	Reducer 2: 0/1	Reducer 3: 0/1	
INFO  : Map 1: 5(+317,-46)/322	Map 4: 1/1	Map 5: 1/1	Map 6: 1/1	Reducer 2: 0/1	Reducer 3: 0/1	
INFO  : Map 1: 5(+317,-47)/322	Map 4: 1/1	Map 5: 1/1	Map 6: 1/1	Reducer 2: 0/1	Reducer 3: 0/1	
INFO  : Map 1: 6(+316,-47)/322	Map 4: 1/1	Map 5: 1/1	Map 6: 1/1	Reducer 2: 0/1	Reducer 3: 0/1	
INFO  : Map 1: 7(+315,-47)/322	Map 4: 1/1	Map 5: 1/1	Map 6: 1/1	Reducer 2: 0/1	Reducer 3: 0/1	
INFO  : Map 1: 8(+314,-47)/322	Map 4: 1/1	Map 5: 1/1	Map 6: 1/1	Reducer 2: 0/1	Reducer 3: 0/1	
INFO  : Map 1: 10(+312,-47)/322	Map 4: 1/1	Map 5: 1/1	Map 6: 1/1	Reducer 2: 0/1	Reducer 3: 0/1	
INFO  : Map 1: 11(+311,-47)/322	Map 4: 1/1	Map 5: 1/1	Map 6: 1/1	Reducer 2: 0/1	Reducer 3: 0/1	
INFO  : Map 1: 12(+310,-47)/322	Map 4: 1/1	Map 5: 1/1	Map 6: 1/1	Reducer 2: 0/1	Reducer 3: 0/1	
INFO  : Map 1: 13(+309,-47)/322	Map 4: 1/1	Map 5: 1/1	Map 6: 1/1	Reducer 2: 0/1	Reducer 3: 0/1	
INFO  : Map 1: 15(+307,-47)/322	Map 4: 1/1	Map 5: 1/1	Map 6: 1/1	Reducer 2: 0/1	Reducer 3: 0/1	
INFO  : Map 1: 17(+305,-47)/322	Map 4: 1/1	Map 5: 1/1	Map 6: 1/1	Reducer 2: 0/1	Reducer 3: 0/1	
INFO  : Map 1: 19(+303,-47)/322	Map 4: 1/1	Map 5: 1/1	Map 6: 1/1	Reducer 2: 0/1	Reducer 3: 0/1	
INFO  : Map 1: 20(+302,-47)/322	Map 4: 1/1	Map 5: 1/1	Map 6: 1/1	Reducer 2: 0/1	Reducer 3: 0/1	
INFO  : Map 1: 21(+301,-47)/322	Map 4: 1/1	Map 5: 1/1	Map 6: 1/1	Reducer 2: 0/1	Reducer 3: 0/1	
INFO  : Map 1: 22(+300,-47)/322	Map 4: 1/1	Map 5: 1/1	Map 6: 1/1	Reducer 2: 0/1	Reducer 3: 0/1	
INFO  : Map 1: 23(+299,-47)/322	Map 4: 1/1	Map 5: 1/1	Map 6: 1/1	Reducer 2: 0/1	Reducer 3: 0/1	
INFO  : Map 1: 25(+297,-47)/322	Map 4: 1/1	Map 5: 1/1	Map 6: 1/1	Reducer 2: 0/1	Reducer 3: 0/1	
INFO  : Map 1: 27(+295,-47)/322	Map 4: 1/1	Map 5: 1/1	Map 6: 1/1	Reducer 2: 0/1	Reducer 3: 0/1	
INFO  : Map 1: 28(+294,-47)/322	Map 4: 1/1	Map 5: 1/1	Map 6: 1/1	Reducer 2: 0/1	Reducer 3: 0/1	
INFO  : Map 1: 31(+291,-47)/322	Map 4: 1/1	Map 5: 1/1	Map 6: 1/1	Reducer 2: 0/1	Reducer 3: 0/1	
INFO  : Map 1: 33(+289,-47)/322	Map 4: 1/1	Map 5: 1/1	Map 6: 1/1	Reducer 2: 0/1	Reducer 3: 0/1	
INFO  : Map 1: 36(+286,-47)/322	Map 4: 1/1	Map 5: 1/1	Map 6: 1/1	Reducer 2: 0/1	Reducer 3: 0/1	
INFO  : Map 1: 39(+283,-47)/322	Map 4: 1/1	Map 5: 1/1	Map 6: 1/1	Reducer 2: 0/1	Reducer 3: 0/1	
INFO  : Map 1: 41(+281,-47)/322	Map 4: 1/1	Map 5: 1/1	Map 6: 1/1	Reducer 2: 0/1	Reducer 3: 0/1	
INFO  : Map 1: 43(+279,-47)/322	Map 4: 1/1	Map 5: 1/1	Map 6: 1/1	Reducer 2: 0/1	Reducer 3: 0/1	
INFO  : Map 1: 45(+277,-47)/322	Map 4: 1/1	Map 5: 1/1	Map 6: 1/1	Reducer 2: 0/1	Reducer 3: 0/1	
INFO  : Map 1: 48(+274,-47)/322	Map 4: 1/1	Map 5: 1/1	Map 6: 1/1	Reducer 2: 0/1	Reducer 3: 0/1	
INFO  : Map 1: 51(+271,-47)/322	Map 4: 1/1	Map 5: 1/1	Map 6: 1/1	Reducer 2: 0/1	Reducer 3: 0/1	
INFO  : Map 1: 53(+269,-47)/322	Map 4: 1/1	Map 5: 1/1	Map 6: 1/1	Reducer 2: 0/1	Reducer 3: 0/1	
INFO  : Map 1: 55(+267,-47)/322	Map 4: 1/1	Map 5: 1/1	Map 6: 1/1	Reducer 2: 0/1	Reducer 3: 0/1	
INFO  : Map 1: 59(+263,-47)/322	Map 4: 1/1	Map 5: 1/1	Map 6: 1/1	Reducer 2: 0/1	Reducer 3: 0/1	
INFO  : Map 1: 63(+259,-47)/322	Map 4: 1/1	Map 5: 1/1	Map 6: 1/1	Reducer 2: 0/1	Reducer 3: 0/1	
INFO  : Map 1: 66(+256,-47)/322	Map 4: 1/1	Map 5: 1/1	Map 6: 1/1	Reducer 2: 0(+1)/1	Reducer 3: 0/1	
INFO  : Map 1: 66(+256,-48)/322	Map 4: 1/1	Map 5: 1/1	Map 6: 1/1	Reducer 2: 0(+1)/1	Reducer 3: 0/1	
INFO  : Map 1: 68(+254,-48)/322	Map 4: 1/1	Map 5: 1/1	Map 6: 1/1	Reducer 2: 0(+1)/1	Reducer 3: 0/1	
INFO  : Map 1: 71(+251,-48)/322	Map 4: 1/1	Map 5: 1/1	Map 6: 1/1	Reducer 2: 0(+1)/1	Reducer 3: 0/1	
INFO  : Map 1: 73(+249,-48)/322	Map 4: 1/1	Map 5: 1/1	Map 6: 1/1	Reducer 2: 0(+1)/1	Reducer 3: 0/1	
INFO  : Map 1: 75(+247,-48)/322	Map 4: 1/1	Map 5: 1/1	Map 6: 1/1	Reducer 2: 0(+1)/1	Reducer 3: 0/1	
INFO  : Map 1: 77(+245,-48)/322	Map 4: 1/1	Map 5: 1/1	Map 6: 1/1	Reducer 2: 0(+1)/1	Reducer 3: 0/1	
INFO  : Map 1: 78(+244,-48)/322	Map 4: 1/1	Map 5: 1/1	Map 6: 1/1	Reducer 2: 0(+1)/1	Reducer 3: 0/1	
INFO  : Map 1: 80(+242,-48)/322	Map 4: 1/1	Map 5: 1/1	Map 6: 1/1	Reducer 2: 0(+1)/1	Reducer 3: 0/1	
INFO  : Map 1: 81(+241,-48)/322	Map 4: 1/1	Map 5: 1/1	Map 6: 1/1	Reducer 2: 0(+1)/1	Reducer 3: 0/1	
INFO  : Map 1: 83(+239,-48)/322	Map 4: 1/1	Map 5: 1/1	Map 6: 1/1	Reducer 2: 0(+1)/1	Reducer 3: 0/1	
INFO  : Map 1: 85(+237,-48)/322	Map 4: 1/1	Map 5: 1/1	Map 6: 1/1	Reducer 2: 0(+1)/1	Reducer 3: 0/1	
INFO  : Map 1: 88(+234,-48)/322	Map 4: 1/1	Map 5: 1/1	Map 6: 1/1	Reducer 2: 0(+1)/1	Reducer 3: 0/1	
INFO  : Map 1: 90(+232,-48)/322	Map 4: 1/1	Map 5: 1/1	Map 6: 1/1	Reducer 2: 0(+1)/1	Reducer 3: 0/1	
INFO  : Map 1: 95(+227,-48)/322	Map 4: 1/1	Map 5: 1/1	Map 6: 1/1	Reducer 2: 0(+1)/1	Reducer 3: 0/1	
INFO  : Map 1: 99(+223,-48)/322	Map 4: 1/1	Map 5: 1/1	Map 6: 1/1	Reducer 2: 0(+1)/1	Reducer 3: 0/1	
INFO  : Map 1: 100(+222,-48)/322	Map 4: 1/1	Map 5: 1/1	Map 6: 1/1	Reducer 2: 0(+1)/1	Reducer 3: 0/1	
INFO  : Map 1: 101(+221,-48)/322	Map 4: 1/1	Map 5: 1/1	Map 6: 1/1	Reducer 2: 0(+1)/1	Reducer 3: 0/1	
INFO  : Map 1: 106(+216,-48)/322	Map 4: 1/1	Map 5: 1/1	Map 6: 1/1	Reducer 2: 0(+1)/1	Reducer 3: 0/1	
INFO  : Map 1: 110(+212,-48)/322	Map 4: 1/1	Map 5: 1/1	Map 6: 1/1	Reducer 2: 0(+1)/1	Reducer 3: 0/1	
INFO  : Map 1: 112(+210,-48)/322	Map 4: 1/1	Map 5: 1/1	Map 6: 1/1	Reducer 2: 0(+1)/1	Reducer 3: 0/1	
INFO  : Map 1: 114(+208,-48)/322	Map 4: 1/1	Map 5: 1/1	Map 6: 1/1	Reducer 2: 0(+1)/1	Reducer 3: 0/1	
INFO  : Map 1: 117(+205,-48)/322	Map 4: 1/1	Map 5: 1/1	Map 6: 1/1	Reducer 2: 0(+1)/1	Reducer 3: 0/1	
INFO  : Map 1: 121(+201,-48)/322	Map 4: 1/1	Map 5: 1/1	Map 6: 1/1	Reducer 2: 0(+1)/1	Reducer 3: 0/1	
INFO  : Map 1: 123(+199,-48)/322	Map 4: 1/1	Map 5: 1/1	Map 6: 1/1	Reducer 2: 0(+1)/1	Reducer 3: 0/1	
INFO  : Map 1: 126(+196,-48)/322	Map 4: 1/1	Map 5: 1/1	Map 6: 1/1	Reducer 2: 0(+1)/1	Reducer 3: 0/1	
INFO  : Map 1: 131(+191,-48)/322	Map 4: 1/1	Map 5: 1/1	Map 6: 1/1	Reducer 2: 0(+1)/1	Reducer 3: 0/1	
INFO  : Map 1: 133(+189,-48)/322	Map 4: 1/1	Map 5: 1/1	Map 6: 1/1	Reducer 2: 0(+1)/1	Reducer 3: 0/1	
INFO  : Map 1: 135(+187,-48)/322	Map 4: 1/1	Map 5: 1/1	Map 6: 1/1	Reducer 2: 0(+1)/1	Reducer 3: 0/1	
INFO  : Map 1: 140(+182,-48)/322	Map 4: 1/1	Map 5: 1/1	Map 6: 1/1	Reducer 2: 0(+1)/1	Reducer 3: 0/1	
INFO  : Map 1: 145(+177,-48)/322	Map 4: 1/1	Map 5: 1/1	Map 6: 1/1	Reducer 2: 0(+1)/1	Reducer 3: 0/1	
INFO  : Map 1: 147(+175,-48)/322	Map 4: 1/1	Map 5: 1/1	Map 6: 1/1	Reducer 2: 0(+1)/1	Reducer 3: 0/1	
INFO  : Map 1: 150(+172,-48)/322	Map 4: 1/1	Map 5: 1/1	Map 6: 1/1	Reducer 2: 0(+1)/1	Reducer 3: 0/1	
INFO  : Map 1: 151(+171,-48)/322	Map 4: 1/1	Map 5: 1/1	Map 6: 1/1	Reducer 2: 0(+1)/1	Reducer 3: 0/1	
INFO  : Map 1: 152(+170,-48)/322	Map 4: 1/1	Map 5: 1/1	Map 6: 1/1	Reducer 2: 0(+1)/1	Reducer 3: 0/1	
INFO  : Map 1: 154(+168,-48)/322	Map 4: 1/1	Map 5: 1/1	Map 6: 1/1	Reducer 2: 0(+1)/1	Reducer 3: 0/1	
INFO  : Map 1: 156(+166,-48)/322	Map 4: 1/1	Map 5: 1/1	Map 6: 1/1	Reducer 2: 0(+1)/1	Reducer 3: 0/1	
INFO  : Map 1: 157(+165,-48)/322	Map 4: 1/1	Map 5: 1/1	Map 6: 1/1	Reducer 2: 0(+1)/1	Reducer 3: 0/1	
INFO  : Map 1: 160(+162,-48)/322	Map 4: 1/1	Map 5: 1/1	Map 6: 1/1	Reducer 2: 0(+1)/1	Reducer 3: 0/1	
INFO  : Map 1: 162(+160,-48)/322	Map 4: 1/1	Map 5: 1/1	Map 6: 1/1	Reducer 2: 0(+1)/1	Reducer 3: 0/1	
INFO  : Map 1: 165(+157,-48)/322	Map 4: 1/1	Map 5: 1/1	Map 6: 1/1	Reducer 2: 0(+1)/1	Reducer 3: 0/1	
INFO  : Map 1: 169(+153,-48)/322	Map 4: 1/1	Map 5: 1/1	Map 6: 1/1	Reducer 2: 0(+1)/1	Reducer 3: 0/1	
INFO  : Map 1: 171(+151,-48)/322	Map 4: 1/1	Map 5: 1/1	Map 6: 1/1	Reducer 2: 0(+1)/1	Reducer 3: 0/1	
INFO  : Map 1: 177(+145,-48)/322	Map 4: 1/1	Map 5: 1/1	Map 6: 1/1	Reducer 2: 0(+1)/1	Reducer 3: 0/1	
INFO  : Map 1: 179(+143,-48)/322	Map 4: 1/1	Map 5: 1/1	Map 6: 1/1	Reducer 2: 0(+1)/1	Reducer 3: 0/1	
INFO  : Map 1: 181(+141,-48)/322	Map 4: 1/1	Map 5: 1/1	Map 6: 1/1	Reducer 2: 0(+1)/1	Reducer 3: 0/1	
INFO  : Map 1: 185(+137,-48)/322	Map 4: 1/1	Map 5: 1/1	Map 6: 1/1	Reducer 2: 0(+1)/1	Reducer 3: 0/1	
INFO  : Map 1: 188(+134,-48)/322	Map 4: 1/1	Map 5: 1/1	Map 6: 1/1	Reducer 2: 0(+1)/1	Reducer 3: 0/1	
INFO  : Map 1: 189(+133,-48)/322	Map 4: 1/1	Map 5: 1/1	Map 6: 1/1	Reducer 2: 0(+1)/1	Reducer 3: 0/1	
INFO  : Map 1: 190(+132,-48)/322	Map 4: 1/1	Map 5: 1/1	Map 6: 1/1	Reducer 2: 0(+1)/1	Reducer 3: 0/1	
INFO  : Map 1: 193(+129,-48)/322	Map 4: 1/1	Map 5: 1/1	Map 6: 1/1	Reducer 2: 0(+1)/1	Reducer 3: 0/1	
INFO  : Map 1: 196(+126,-48)/322	Map 4: 1/1	Map 5: 1/1	Map 6: 1/1	Reducer 2: 0(+1)/1	Reducer 3: 0/1	
INFO  : Map 1: 198(+124,-48)/322	Map 4: 1/1	Map 5: 1/1	Map 6: 1/1	Reducer 2: 0(+1)/1	Reducer 3: 0/1	
INFO  : Map 1: 202(+120,-48)/322	Map 4: 1/1	Map 5: 1/1	Map 6: 1/1	Reducer 2: 0(+1)/1	Reducer 3: 0/1	
INFO  : Map 1: 205(+117,-48)/322	Map 4: 1/1	Map 5: 1/1	Map 6: 1/1	Reducer 2: 0(+1)/1	Reducer 3: 0/1	
INFO  : Map 1: 209(+113,-48)/322	Map 4: 1/1	Map 5: 1/1	Map 6: 1/1	Reducer 2: 0(+1)/1	Reducer 3: 0/1	
INFO  : Map 1: 211(+111,-48)/322	Map 4: 1/1	Map 5: 1/1	Map 6: 1/1	Reducer 2: 0(+1)/1	Reducer 3: 0/1	
INFO  : Map 1: 212(+110,-48)/322	Map 4: 1/1	Map 5: 1/1	Map 6: 1/1	Reducer 2: 0(+1)/1	Reducer 3: 0/1	
INFO  : Map 1: 214(+108,-48)/322	Map 4: 1/1	Map 5: 1/1	Map 6: 1/1	Reducer 2: 0(+1)/1	Reducer 3: 0/1	
INFO  : Map 1: 217(+105,-48)/322	Map 4: 1/1	Map 5: 1/1	Map 6: 1/1	Reducer 2: 0(+1)/1	Reducer 3: 0/1	
INFO  : Map 1: 218(+104,-48)/322	Map 4: 1/1	Map 5: 1/1	Map 6: 1/1	Reducer 2: 0(+1)/1	Reducer 3: 0/1	
INFO  : Map 1: 220(+102,-48)/322	Map 4: 1/1	Map 5: 1/1	Map 6: 1/1	Reducer 2: 0(+1)/1	Reducer 3: 0/1	
INFO  : Map 1: 222(+100,-48)/322	Map 4: 1/1	Map 5: 1/1	Map 6: 1/1	Reducer 2: 0(+1)/1	Reducer 3: 0/1	
INFO  : Map 1: 223(+99,-48)/322	Map 4: 1/1	Map 5: 1/1	Map 6: 1/1	Reducer 2: 0(+1)/1	Reducer 3: 0/1	
INFO  : Map 1: 226(+96,-48)/322	Map 4: 1/1	Map 5: 1/1	Map 6: 1/1	Reducer 2: 0(+1)/1	Reducer 3: 0/1	
INFO  : Map 1: 227(+95,-48)/322	Map 4: 1/1	Map 5: 1/1	Map 6: 1/1	Reducer 2: 0(+1)/1	Reducer 3: 0/1	
INFO  : Map 1: 228(+94,-48)/322	Map 4: 1/1	Map 5: 1/1	Map 6: 1/1	Reducer 2: 0(+1)/1	Reducer 3: 0/1	
INFO  : Map 1: 232(+90,-48)/322	Map 4: 1/1	Map 5: 1/1	Map 6: 1/1	Reducer 2: 0(+1)/1	Reducer 3: 0/1	
INFO  : Map 1: 233(+89,-48)/322	Map 4: 1/1	Map 5: 1/1	Map 6: 1/1	Reducer 2: 0(+1)/1	Reducer 3: 0/1	
INFO  : Map 1: 235(+87,-48)/322	Map 4: 1/1	Map 5: 1/1	Map 6: 1/1	Reducer 2: 0(+1)/1	Reducer 3: 0/1	
INFO  : Map 1: 238(+84,-48)/322	Map 4: 1/1	Map 5: 1/1	Map 6: 1/1	Reducer 2: 0(+1)/1	Reducer 3: 0/1	
INFO  : Map 1: 241(+81,-48)/322	Map 4: 1/1	Map 5: 1/1	Map 6: 1/1	Reducer 2: 0(+1)/1	Reducer 3: 0/1	
INFO  : Map 1: 243(+79,-48)/322	Map 4: 1/1	Map 5: 1/1	Map 6: 1/1	Reducer 2: 0(+1)/1	Reducer 3: 0/1	
INFO  : Map 1: 245(+77,-48)/322	Map 4: 1/1	Map 5: 1/1	Map 6: 1/1	Reducer 2: 0(+1)/1	Reducer 3: 0/1	
INFO  : Map 1: 246(+76,-48)/322	Map 4: 1/1	Map 5: 1/1	Map 6: 1/1	Reducer 2: 0(+1)/1	Reducer 3: 0/1	
INFO  : Map 1: 247(+75,-48)/322	Map 4: 1/1	Map 5: 1/1	Map 6: 1/1	Reducer 2: 0(+1)/1	Reducer 3: 0/1	
INFO  : Map 1: 248(+74,-48)/322	Map 4: 1/1	Map 5: 1/1	Map 6: 1/1	Reducer 2: 0(+1)/1	Reducer 3: 0/1	
INFO  : Map 1: 249(+73,-48)/322	Map 4: 1/1	Map 5: 1/1	Map 6: 1/1	Reducer 2: 0(+1)/1	Reducer 3: 0/1	
INFO  : Map 1: 251(+71,-48)/322	Map 4: 1/1	Map 5: 1/1	Map 6: 1/1	Reducer 2: 0(+1)/1	Reducer 3: 0/1	
INFO  : Map 1: 252(+70,-48)/322	Map 4: 1/1	Map 5: 1/1	Map 6: 1/1	Reducer 2: 0(+1)/1	Reducer 3: 0/1	
INFO  : Map 1: 253(+69,-48)/322	Map 4: 1/1	Map 5: 1/1	Map 6: 1/1	Reducer 2: 0(+1)/1	Reducer 3: 0/1	
INFO  : Map 1: 253(+69,-48)/322	Map 4: 1/1	Map 5: 1/1	Map 6: 1/1	Reducer 2: 0(+1)/1	Reducer 3: 0/1	
INFO  : Map 1: 253(+69,-48)/322	Map 4: 1/1	Map 5: 1/1	Map 6: 1/1	Reducer 2: 0(+1)/1	Reducer 3: 0/1	
INFO  : Map 1: 253(+69,-48)/322	Map 4: 1/1	Map 5: 1/1	Map 6: 1/1	Reducer 2: 0(+1)/1	Reducer 3: 0/1	
INFO  : Map 1: 253(+69,-48)/322	Map 4: 1/1	Map 5: 1/1	Map 6: 1/1	Reducer 2: 0(+1)/1	Reducer 3: 0/1	
INFO  : Map 1: 253(+69,-48)/322	Map 4: 1/1	Map 5: 1/1	Map 6: 1/1	Reducer 2: 0(+1)/1	Reducer 3: 0/1	
INFO  : Map 1: 253(+69,-48)/322	Map 4: 1/1	Map 5: 1/1	Map 6: 1/1	Reducer 2: 0(+1)/1	Reducer 3: 0/1	
INFO  : Map 1: 253(+69,-48)/322	Map 4: 1/1	Map 5: 1/1	Map 6: 1/1	Reducer 2: 0(+1)/1	Reducer 3: 0/1	
INFO  : Map 1: 253(+69,-48)/322	Map 4: 1/1	Map 5: 1/1	Map 6: 1/1	Reducer 2: 0(+1)/1	Reducer 3: 0/1	
INFO  : Map 1: 253(+69,-48)/322	Map 4: 1/1	Map 5: 1/1	Map 6: 1/1	Reducer 2: 0(+1)/1	Reducer 3: 0/1	
INFO  : Map 1: 253(+69,-48)/322	Map 4: 1/1	Map 5: 1/1	Map 6: 1/1	Reducer 2: 0(+1)/1	Reducer 3: 0/1	
INFO  : Map 1: 253(+69,-48)/322	Map 4: 1/1	Map 5: 1/1	Map 6: 1/1	Reducer 2: 0(+1)/1	Reducer 3: 0/1	
INFO  : Map 1: 253(+69,-48)/322	Map 4: 1/1	Map 5: 1/1	Map 6: 1/1	Reducer 2: 0(+1)/1	Reducer 3: 0/1	
INFO  : Map 1: 253(+69,-48)/322	Map 4: 1/1	Map 5: 1/1	Map 6: 1/1	Reducer 2: 0(+1)/1	Reducer 3: 0/1	
INFO  : Map 1: 253(+69,-48)/322	Map 4: 1/1	Map 5: 1/1	Map 6: 1/1	Reducer 2: 0(+1)/1	Reducer 3: 0/1	
INFO  : Map 1: 253(+69,-48)/322	Map 4: 1/1	Map 5: 1/1	Map 6: 1/1	Reducer 2: 0(+1)/1	Reducer 3: 0/1	
INFO  : Map 1: 253(+69,-48)/322	Map 4: 1/1	Map 5: 1/1	Map 6: 1/1	Reducer 2: 0(+1)/1	Reducer 3: 0/1	
INFO  : Map 1: 253(+69,-48)/322	Map 4: 1/1	Map 5: 1/1	Map 6: 1/1	Reducer 2: 0(+1)/1	Reducer 3: 0/1	
INFO  : Map 1: 253(+69,-48)/322	Map 4: 1/1	Map 5: 1/1	Map 6: 1/1	Reducer 2: 0(+1)/1	Reducer 3: 0/1	
INFO  : Map 1: 253(+69,-48)/322	Map 4: 1/1	Map 5: 1/1	Map 6: 1/1	Reducer 2: 0(+1)/1	Reducer 3: 0/1	
INFO  : Map 1: 253(+69,-48)/322	Map 4: 1/1	Map 5: 1/1	Map 6: 1/1	Reducer 2: 0(+1)/1	Reducer 3: 0/1	
INFO  : Map 1: 253(+69,-48)/322	Map 4: 1/1	Map 5: 1/1	Map 6: 1/1	Reducer 2: 0(+1)/1	Reducer 3: 0/1	
INFO  : Map 1: 253(+69,-48)/322	Map 4: 1/1	Map 5: 1/1	Map 6: 1/1	Reducer 2: 0(+1)/1	Reducer 3: 0/1	
INFO  : Map 1: 253(+69,-48)/322	Map 4: 1/1	Map 5: 1/1	Map 6: 1/1	Reducer 2: 0(+1)/1	Reducer 3: 0/1	
INFO  : Map 1: 253(+69,-48)/322	Map 4: 1/1	Map 5: 1/1	Map 6: 1/1	Reducer 2: 0(+1)/1	Reducer 3: 0/1	
INFO  : Map 1: 253(+69,-48)/322	Map 4: 1/1	Map 5: 1/1	Map 6: 1/1	Reducer 2: 0(+1)/1	Reducer 3: 0/1	
INFO  : Map 1: 253(+69,-48)/322	Map 4: 1/1	Map 5: 1/1	Map 6: 1/1	Reducer 2: 0(+1)/1	Reducer 3: 0/1	
INFO  : Map 1: 253(+69,-48)/322	Map 4: 1/1	Map 5: 1/1	Map 6: 1/1	Reducer 2: 0(+1)/1	Reducer 3: 0/1	
INFO  : Map 1: 253(+69,-48)/322	Map 4: 1/1	Map 5: 1/1	Map 6: 1/1	Reducer 2: 0(+1)/1	Reducer 3: 0/1	
INFO  : Map 1: 253(+69,-48)/322	Map 4: 1/1	Map 5: 1/1	Map 6: 1/1	Reducer 2: 0(+1)/1	Reducer 3: 0/1	
INFO  : Map 1: 253(+69,-48)/322	Map 4: 1/1	Map 5: 1/1	Map 6: 1/1	Reducer 2: 0(+1)/1	Reducer 3: 0/1	
INFO  : Map 1: 253(+69,-48)/322	Map 4: 1/1	Map 5: 1/1	Map 6: 1/1	Reducer 2: 0(+1)/1	Reducer 3: 0/1	
INFO  : Map 1: 253(+69,-48)/322	Map 4: 1/1	Map 5: 1/1	Map 6: 1/1	Reducer 2: 0(+1)/1	Reducer 3: 0/1	
INFO  : Map 1: 253(+69,-48)/322	Map 4: 1/1	Map 5: 1/1	Map 6: 1/1	Reducer 2: 0(+1)/1	Reducer 3: 0/1	
INFO  : Map 1: 253(+69,-48)/322	Map 4: 1/1	Map 5: 1/1	Map 6: 1/1	Reducer 2: 0(+1)/1	Reducer 3: 0/1	
INFO  : Map 1: 253(+69,-48)/322	Map 4: 1/1	Map 5: 1/1	Map 6: 1/1	Reducer 2: 0(+1)/1	Reducer 3: 0/1	
INFO  : Map 1: 253(+69,-48)/322	Map 4: 1/1	Map 5: 1/1	Map 6: 1/1	Reducer 2: 0(+1)/1	Reducer 3: 0/1	
INFO  : Map 1: 253(+69,-48)/322	Map 4: 1/1	Map 5: 1/1	Map 6: 1/1	Reducer 2: 0(+1)/1	Reducer 3: 0/1	
INFO  : Map 1: 253(+69,-48)/322	Map 4: 1/1	Map 5: 1/1	Map 6: 1/1	Reducer 2: 0(+1)/1	Reducer 3: 0/1	
INFO  : Map 1: 253(+69,-48)/322	Map 4: 1/1	Map 5: 1/1	Map 6: 1/1	Reducer 2: 0(+1)/1	Reducer 3: 0/1	
INFO  : Map 1: 253(+69,-48)/322	Map 4: 1/1	Map 5: 1/1	Map 6: 1/1	Reducer 2: 0(+1)/1	Reducer 3: 0/1	
INFO  : Map 1: 253(+69,-48)/322	Map 4: 1/1	Map 5: 1/1	Map 6: 1/1	Reducer 2: 0(+1)/1	Reducer 3: 0/1	
INFO  : Map 1: 253(+69,-48)/322	Map 4: 1/1	Map 5: 1/1	Map 6: 1/1	Reducer 2: 0(+1)/1	Reducer 3: 0/1	
INFO  : Map 1: 253(+69,-48)/322	Map 4: 1/1	Map 5: 1/1	Map 6: 1/1	Reducer 2: 0(+1)/1	Reducer 3: 0/1	
INFO  : Map 1: 253(+69,-48)/322	Map 4: 1/1	Map 5: 1/1	Map 6: 1/1	Reducer 2: 0(+1)/1	Reducer 3: 0/1	
INFO  : Map 1: 253(+69,-48)/322	Map 4: 1/1	Map 5: 1/1	Map 6: 1/1	Reducer 2: 0(+1)/1	Reducer 3: 0/1	
INFO  : Map 1: 253(+69,-48)/322	Map 4: 1/1	Map 5: 1/1	Map 6: 1/1	Reducer 2: 0(+1)/1	Reducer 3: 0/1	
INFO  : Map 1: 253(+69,-48)/322	Map 4: 1/1	Map 5: 1/1	Map 6: 1/1	Reducer 2: 0(+1)/1	Reducer 3: 0/1	
INFO  : Map 1: 253(+69,-48)/322	Map 4: 1/1	Map 5: 1/1	Map 6: 1/1	Reducer 2: 0(+1)/1	Reducer 3: 0/1	
INFO  : Map 1: 253(+69,-48)/322	Map 4: 1/1	Map 5: 1/1	Map 6: 1/1	Reducer 2: 0(+1)/1	Reducer 3: 0/1	
INFO  : Map 1: 253(+69,-48)/322	Map 4: 1/1	Map 5: 1/1	Map 6: 1/1	Reducer 2: 0(+1)/1	Reducer 3: 0/1	
INFO  : Map 1: 253(+69,-48)/322	Map 4: 1/1	Map 5: 1/1	Map 6: 1/1	Reducer 2: 0(+1)/1	Reducer 3: 0/1	
INFO  : Map 1: 253(+69,-48)/322	Map 4: 1/1	Map 5: 1/1	Map 6: 1/1	Reducer 2: 0(+1)/1	Reducer 3: 0/1	
INFO  : Map 1: 253(+69,-48)/322	Map 4: 1/1	Map 5: 1/1	Map 6: 1/1	Reducer 2: 0(+1)/1	Reducer 3: 0/1	
INFO  : Map 1: 253(+69,-48)/322	Map 4: 1/1	Map 5: 1/1	Map 6: 1/1	Reducer 2: 0(+1)/1	Reducer 3: 0/1	
INFO  : Map 1: 253(+69,-48)/322	Map 4: 1/1	Map 5: 1/1	Map 6: 1/1	Reducer 2: 0(+1)/1	Reducer 3: 0/1	
INFO  : Map 1: 253(+69,-48)/322	Map 4: 1/1	Map 5: 1/1	Map 6: 1/1	Reducer 2: 0(+1)/1	Reducer 3: 0/1	
INFO  : Map 1: 253(+69,-48)/322	Map 4: 1/1	Map 5: 1/1	Map 6: 1/1	Reducer 2: 0(+1)/1	Reducer 3: 0/1	
INFO  : Map 1: 253(+69,-48)/322	Map 4: 1/1	Map 5: 1/1	Map 6: 1/1	Reducer 2: 0(+1)/1	Reducer 3: 0/1	
INFO  : Map 1: 253(+69,-48)/322	Map 4: 1/1	Map 5: 1/1	Map 6: 1/1	Reducer 2: 0(+1)/1	Reducer 3: 0/1	
INFO  : Map 1: 253(+69,-48)/322	Map 4: 1/1	Map 5: 1/1	Map 6: 1/1	Reducer 2: 0(+1)/1	Reducer 3: 0/1	
INFO  : Map 1: 253(+69,-48)/322	Map 4: 1/1	Map 5: 1/1	Map 6: 1/1	Reducer 2: 0(+1)/1	Reducer 3: 0/1	
INFO  : Map 1: 253(+69,-48)/322	Map 4: 1/1	Map 5: 1/1	Map 6: 1/1	Reducer 2: 0(+1)/1	Reducer 3: 0/1	
INFO  : Map 1: 253(+69,-48)/322	Map 4: 1/1	Map 5: 1/1	Map 6: 1/1	Reducer 2: 0(+1)/1	Reducer 3: 0/1	
INFO  : Map 1: 253(+69,-48)/322	Map 4: 1/1	Map 5: 1/1	Map 6: 1/1	Reducer 2: 0(+1)/1	Reducer 3: 0/1	
INFO  : Map 1: 253(+69,-48)/322	Map 4: 1/1	Map 5: 1/1	Map 6: 1/1	Reducer 2: 0(+1)/1	Reducer 3: 0/1	
INFO  : Map 1: 253(+69,-48)/322	Map 4: 1/1	Map 5: 1/1	Map 6: 1/1	Reducer 2: 0(+1)/1	Reducer 3: 0/1	
INFO  : Map 1: 253(+69,-48)/322	Map 4: 1/1	Map 5: 1/1	Map 6: 1/1	Reducer 2: 0(+1)/1	Reducer 3: 0/1	
INFO  : Map 1: 253(+69,-48)/322	Map 4: 1/1	Map 5: 1/1	Map 6: 1/1	Reducer 2: 0(+1)/1	Reducer 3: 0/1	
INFO  : Map 1: 253(+69,-48)/322	Map 4: 1/1	Map 5: 1/1	Map 6: 1/1	Reducer 2: 0(+1)/1	Reducer 3: 0/1	
INFO  : Map 1: 253(+69,-48)/322	Map 4: 1/1	Map 5: 1/1	Map 6: 1/1	Reducer 2: 0(+1)/1	Reducer 3: 0/1	
INFO  : Map 1: 253(+69,-48)/322	Map 4: 1/1	Map 5: 1/1	Map 6: 1/1	Reducer 2: 0(+1)/1	Reducer 3: 0/1	
INFO  : Map 1: 253(+69,-48)/322	Map 4: 1/1	Map 5: 1/1	Map 6: 1/1	Reducer 2: 0(+1)/1	Reducer 3: 0/1	
INFO  : Map 1: 253(+69,-48)/322	Map 4: 1/1	Map 5: 1/1	Map 6: 1/1	Reducer 2: 0(+1)/1	Reducer 3: 0/1	
INFO  : Map 1: 253(+69,-48)/322	Map 4: 1/1	Map 5: 1/1	Map 6: 1/1	Reducer 2: 0(+1)/1	Reducer 3: 0/1	
INFO  : Map 1: 253(+69,-48)/322	Map 4: 1/1	Map 5: 1/1	Map 6: 1/1	Reducer 2: 0(+1)/1	Reducer 3: 0/1	
INFO  : Map 1: 253(+69,-48)/322	Map 4: 1/1	Map 5: 1/1	Map 6: 1/1	Reducer 2: 0(+1)/1	Reducer 3: 0/1	
INFO  : Map 1: 253(+69,-48)/322	Map 4: 1/1	Map 5: 1/1	Map 6: 1/1	Reducer 2: 0(+1)/1	Reducer 3: 0/1	
INFO  : Map 1: 253(+69,-48)/322	Map 4: 1/1	Map 5: 1/1	Map 6: 1/1	Reducer 2: 0(+1)/1	Reducer 3: 0/1	
INFO  : Map 1: 253(+69,-48)/322	Map 4: 1/1	Map 5: 1/1	Map 6: 1/1	Reducer 2: 0(+1)/1	Reducer 3: 0/1	
INFO  : Map 1: 253(+69,-48)/322	Map 4: 1/1	Map 5: 1/1	Map 6: 1/1	Reducer 2: 0(+1)/1	Reducer 3: 0/1	
INFO  : Map 1: 253(+69,-48)/322	Map 4: 1/1	Map 5: 1/1	Map 6: 1/1	Reducer 2: 0(+1)/1	Reducer 3: 0/1	
INFO  : Map 1: 253(+69,-48)/322	Map 4: 1/1	Map 5: 1/1	Map 6: 1/1	Reducer 2: 0(+1)/1	Reducer 3: 0/1	
INFO  : Map 1: 253(+69,-48)/322	Map 4: 1/1	Map 5: 1/1	Map 6: 1/1	Reducer 2: 0(+1)/1	Reducer 3: 0/1	
INFO  : Map 1: 253(+69,-48)/322	Map 4: 1/1	Map 5: 1/1	Map 6: 1/1	Reducer 2: 0(+1)/1	Reducer 3: 0/1	
INFO  : Map 1: 253(+69,-48)/322	Map 4: 1/1	Map 5: 1/1	Map 6: 1/1	Reducer 2: 0(+1)/1	Reducer 3: 0/1	
INFO  : Map 1: 253(+69,-48)/322	Map 4: 1/1	Map 5: 1/1	Map 6: 1/1	Reducer 2: 0(+1)/1	Reducer 3: 0/1	
INFO  : Map 1: 253(+69,-48)/322	Map 4: 1/1	Map 5: 1/1	Map 6: 1/1	Reducer 2: 0(+1)/1	Reducer 3: 0/1	
INFO  : Map 1: 253(+69,-103)/322	Map 4: 1/1	Map 5: 1/1	Map 6: 1/1	Reducer 2: 0(+1)/1	Reducer 3: 0/1	
INFO  : Map 1: 253(+69,-103)/322	Map 4: 1/1	Map 5: 1/1	Map 6: 1/1	Reducer 2: 0(+1)/1	Reducer 3: 0/1	
INFO  : Map 1: 253(+69,-103)/322	Map 4: 1/1	Map 5: 1/1	Map 6: 1/1	Reducer 2: 0(+1)/1	Reducer 3: 0/1	
INFO  : Map 1: 254(+68,-103)/322	Map 4: 1/1	Map 5: 1/1	Map 6: 1/1	Reducer 2: 0(+1)/1	Reducer 3: 0/1	
INFO  : Map 1: 254(+68,-103)/322	Map 4: 1/1	Map 5: 1/1	Map 6: 1/1	Reducer 2: 0(+1)/1	Reducer 3: 0/1	
INFO  : Map 1: 254(+68,-103)/322	Map 4: 1/1	Map 5: 1/1	Map 6: 1/1	Reducer 2: 0(+1)/1	Reducer 3: 0/1	
INFO  : Map 1: 255(+67,-103)/322	Map 4: 1/1	Map 5: 1/1	Map 6: 1/1	Reducer 2: 0(+1)/1	Reducer 3: 0/1	
INFO  : Map 1: 256(+66,-103)/322	Map 4: 1/1	Map 5: 1/1	Map 6: 1/1	Reducer 2: 0(+1)/1	Reducer 3: 0/1	
INFO  : Map 1: 258(+64,-103)/322	Map 4: 1/1	Map 5: 1/1	Map 6: 1/1	Reducer 2: 0(+1)/1	Reducer 3: 0/1	
INFO  : Map 1: 261(+61,-103)/322	Map 4: 1/1	Map 5: 1/1	Map 6: 1/1	Reducer 2: 0(+1)/1	Reducer 3: 0/1	
INFO  : Map 1: 262(+60,-103)/322	Map 4: 1/1	Map 5: 1/1	Map 6: 1/1	Reducer 2: 0(+1)/1	Reducer 3: 0/1	
INFO  : Map 1: 265(+57,-103)/322	Map 4: 1/1	Map 5: 1/1	Map 6: 1/1	Reducer 2: 0(+1)/1	Reducer 3: 0/1	
INFO  : Map 1: 266(+56,-103)/322	Map 4: 1/1	Map 5: 1/1	Map 6: 1/1	Reducer 2: 0(+1)/1	Reducer 3: 0/1	
INFO  : Map 1: 269(+53,-103)/322	Map 4: 1/1	Map 5: 1/1	Map 6: 1/1	Reducer 2: 0(+1)/1	Reducer 3: 0/1	
INFO  : Map 1: 272(+50,-103)/322	Map 4: 1/1	Map 5: 1/1	Map 6: 1/1	Reducer 2: 0(+1)/1	Reducer 3: 0/1	
INFO  : Map 1: 274(+48,-103)/322	Map 4: 1/1	Map 5: 1/1	Map 6: 1/1	Reducer 2: 0(+1)/1	Reducer 3: 0/1	
INFO  : Map 1: 275(+47,-103)/322	Map 4: 1/1	Map 5: 1/1	Map 6: 1/1	Reducer 2: 0(+1)/1	Reducer 3: 0/1	
INFO  : Map 1: 277(+45,-103)/322	Map 4: 1/1	Map 5: 1/1	Map 6: 1/1	Reducer 2: 0(+1)/1	Reducer 3: 0/1	
INFO  : Map 1: 278(+44,-103)/322	Map 4: 1/1	Map 5: 1/1	Map 6: 1/1	Reducer 2: 0(+1)/1	Reducer 3: 0/1	
INFO  : Map 1: 282(+40,-103)/322	Map 4: 1/1	Map 5: 1/1	Map 6: 1/1	Reducer 2: 0(+1)/1	Reducer 3: 0/1	
INFO  : Map 1: 284(+38,-103)/322	Map 4: 1/1	Map 5: 1/1	Map 6: 1/1	Reducer 2: 0(+1)/1	Reducer 3: 0/1	
INFO  : Map 1: 290(+32,-103)/322	Map 4: 1/1	Map 5: 1/1	Map 6: 1/1	Reducer 2: 0(+1)/1	Reducer 3: 0/1	
INFO  : Map 1: 293(+29,-103)/322	Map 4: 1/1	Map 5: 1/1	Map 6: 1/1	Reducer 2: 0(+1)/1	Reducer 3: 0/1	
INFO  : Map 1: 296(+26,-103)/322	Map 4: 1/1	Map 5: 1/1	Map 6: 1/1	Reducer 2: 0(+1)/1	Reducer 3: 0/1	
INFO  : Map 1: 297(+25,-103)/322	Map 4: 1/1	Map 5: 1/1	Map 6: 1/1	Reducer 2: 0(+1)/1	Reducer 3: 0/1	
INFO  : Map 1: 298(+24,-103)/322	Map 4: 1/1	Map 5: 1/1	Map 6: 1/1	Reducer 2: 0(+1)/1	Reducer 3: 0/1	
INFO  : Map 1: 299(+23,-103)/322	Map 4: 1/1	Map 5: 1/1	Map 6: 1/1	Reducer 2: 0(+1)/1	Reducer 3: 0/1	
INFO  : Map 1: 303(+19,-103)/322	Map 4: 1/1	Map 5: 1/1	Map 6: 1/1	Reducer 2: 0(+1)/1	Reducer 3: 0/1	
INFO  : Map 1: 304(+18,-103)/322	Map 4: 1/1	Map 5: 1/1	Map 6: 1/1	Reducer 2: 0(+1)/1	Reducer 3: 0/1	
INFO  : Map 1: 305(+17,-103)/322	Map 4: 1/1	Map 5: 1/1	Map 6: 1/1	Reducer 2: 0(+1)/1	Reducer 3: 0/1	
INFO  : Map 1: 306(+16,-103)/322	Map 4: 1/1	Map 5: 1/1	Map 6: 1/1	Reducer 2: 0(+1)/1	Reducer 3: 0/1	
INFO  : Map 1: 308(+14,-103)/322	Map 4: 1/1	Map 5: 1/1	Map 6: 1/1	Reducer 2: 0(+1)/1	Reducer 3: 0/1	
INFO  : Map 1: 309(+13,-103)/322	Map 4: 1/1	Map 5: 1/1	Map 6: 1/1	Reducer 2: 0(+1)/1	Reducer 3: 0/1	
INFO  : Map 1: 311(+11,-103)/322	Map 4: 1/1	Map 5: 1/1	Map 6: 1/1	Reducer 2: 0(+1)/1	Reducer 3: 0/1	
INFO  : Map 1: 312(+10,-103)/322	Map 4: 1/1	Map 5: 1/1	Map 6: 1/1	Reducer 2: 0(+1)/1	Reducer 3: 0/1	
INFO  : Map 1: 312(+10,-103)/322	Map 4: 1/1	Map 5: 1/1	Map 6: 1/1	Reducer 2: 0(+1)/1	Reducer 3: 0/1	
INFO  : Map 1: 312(+10,-113)/322	Map 4: 1/1	Map 5: 1/1	Map 6: 1/1	Reducer 2: 0(+1)/1	Reducer 3: 0/1	
INFO  : Map 1: 312(+10,-113)/322	Map 4: 1/1	Map 5: 1/1	Map 6: 1/1	Reducer 2: 0(+1)/1	Reducer 3: 0/1	
INFO  : Map 1: 312(+10,-113)/322	Map 4: 1/1	Map 5: 1/1	Map 6: 1/1	Reducer 2: 0(+1)/1	Reducer 3: 0/1	
INFO  : Map 1: 312(+10,-113)/322	Map 4: 1/1	Map 5: 1/1	Map 6: 1/1	Reducer 2: 0(+1)/1	Reducer 3: 0/1	
INFO  : Map 1: 313(+9,-113)/322	Map 4: 1/1	Map 5: 1/1	Map 6: 1/1	Reducer 2: 0(+1)/1	Reducer 3: 0/1	
INFO  : Map 1: 314(+8,-113)/322	Map 4: 1/1	Map 5: 1/1	Map 6: 1/1	Reducer 2: 0(+1)/1	Reducer 3: 0/1	
INFO  : Map 1: 315(+7,-113)/322	Map 4: 1/1	Map 5: 1/1	Map 6: 1/1	Reducer 2: 0(+1)/1	Reducer 3: 0/1	
INFO  : Map 1: 316(+6,-113)/322	Map 4: 1/1	Map 5: 1/1	Map 6: 1/1	Reducer 2: 0(+1)/1	Reducer 3: 0/1	
INFO  : Map 1: 317(+5,-113)/322	Map 4: 1/1	Map 5: 1/1	Map 6: 1/1	Reducer 2: 0(+1)/1	Reducer 3: 0/1	
INFO  : Map 1: 318(+4,-113)/322	Map 4: 1/1	Map 5: 1/1	Map 6: 1/1	Reducer 2: 0(+1)/1	Reducer 3: 0/1	
INFO  : Map 1: 319(+3,-113)/322	Map 4: 1/1	Map 5: 1/1	Map 6: 1/1	Reducer 2: 0(+1)/1	Reducer 3: 0/1	
INFO  : Map 1: 320(+2,-113)/322	Map 4: 1/1	Map 5: 1/1	Map 6: 1/1	Reducer 2: 0(+1)/1	Reducer 3: 0/1	
INFO  : Map 1: 321(+1,-113)/322	Map 4: 1/1	Map 5: 1/1	Map 6: 1/1	Reducer 2: 0(+1)/1	Reducer 3: 0/1	
INFO  : Map 1: 321(+1,-113)/322	Map 4: 1/1	Map 5: 1/1	Map 6: 1/1	Reducer 2: 0(+1)/1	Reducer 3: 0/1	
INFO  : Map 1: 322(-113)/322	Map 4: 1/1	Map 5: 1/1	Map 6: 1/1	Reducer 2: 1/1	Reducer 3: 0(+1)/1	
INFO  : Map 1: 322(-113)/322	Map 4: 1/1	Map 5: 1/1	Map 6: 1/1	Reducer 2: 1/1	Reducer 3: 1/1	
INFO  : Status: DAG finished successfully in 379.01 seconds
INFO  : 
INFO  : Query Execution Summary
INFO  : ----------------------------------------------------------------------------------------------
INFO  : ----------------------------------------------------------------------------------------------
INFO  : Compile Query                           0.58s
INFO  : Prepare Plan                            0.26s
INFO  : Submit Plan                             8.22s
INFO  : Start DAG                               0.55s
INFO  : Run DAG                               379.01s
INFO  : ----------------------------------------------------------------------------------------------
INFO  : 
INFO  : Task Execution Summary
INFO  : --------------------------------------------------------------------------------------------------------------------------------
INFO  : --------------------------------------------------------------------------------------------------------------------------------
INFO  :      Map 1          322              113             5      370902.00             0            0 28,800,428,969             322
INFO  :      Map 4            1                0             0           0.00             0            0          7,200             720
INFO  :      Map 5            1                0             0        2724.00             0            0         20,000           1,800
INFO  :      Map 6            1                0             0         402.00             0            0          1,500             181
INFO  :  Reducer 2            1                0             0      336589.00             0            0            322               1
INFO  :  Reducer 3            1                0             0         475.00             0            0              1               0
INFO  : --------------------------------------------------------------------------------------------------------------------------------
INFO  : 
INFO  : LLAP IO Summary
INFO  : ----------------------------------------------------------------------------------------------
INFO  : ----------------------------------------------------------------------------------------------
INFO  :      Map 1   2890472     15537      23645        0B   109.14GB    205.87GB 174.48GB 10097.83s
INFO  :      Map 4         1         0          2        0B       134B    524.29KB     317B     0.01s
INFO  :      Map 5         2         0          2        0B     4.74KB    786.43KB  76.63KB     0.03s
INFO  :      Map 6         1         0          2        0B       671B    524.29KB     958B     0.04s
INFO  : ----------------------------------------------------------------------------------------------
INFO  : 
INFO  : FileSystem Counters Summary
INFO  : 
INFO  : ----------------------------------------------------------------------------------------------
INFO  : ----------------------------------------------------------------------------------------------
INFO  :      Map 1         20.61KB             0                  0            19.00KB             0
INFO  :      Map 4              0B             0                  0             3.08KB             0
INFO  :      Map 5              0B             0                  0             7.23KB             0
INFO  :      Map 6              0B             0                  0               773B             0
INFO  :  Reducer 2             64B             0                  0                64B             0
INFO  :  Reducer 3              0B             0                  0                 0B             0
INFO  : ----------------------------------------------------------------------------------------------
INFO  : 
INFO  : ----------------------------------------------------------------------------------------------
INFO  : ----------------------------------------------------------------------------------------------
INFO  :      Map 1        109.36GB         17507                  0                 0B             0
INFO  :      Map 4          1.79KB             4                  0                 0B             0
INFO  :      Map 5         21.95KB             4                  0                 0B             0
INFO  :      Map 6         17.90KB             4                  0                 0B             0
INFO  :  Reducer 2              0B             0                  0                 0B             0
INFO  :  Reducer 3              0B             2                  0               107B             2
INFO  : ----------------------------------------------------------------------------------------------
INFO  : 
INFO  : org.apache.tez.common.counters.DAGCounter:
INFO  :    NUM_FAILED_TASKS: 113
INFO  :    NUM_KILLED_TASKS: 5
INFO  :    NUM_SUCCEEDED_TASKS: 328
INFO  :    TOTAL_LAUNCHED_TASKS: 445
INFO  :    DATA_LOCAL_TASKS: 228
INFO  :    RACK_LOCAL_TASKS: 97
INFO  :    AM_CPU_MILLISECONDS: 120670
INFO  :    AM_GC_TIME_MILLIS: 2017
INFO  : File System Counters:
INFO  :    FILE_BYTES_READ: 20672
INFO  :    FILE_BYTES_WRITTEN: 30146
INFO  :    FILE_READ_OPS: 0
INFO  :    FILE_LARGE_READ_OPS: 0
INFO  :    FILE_WRITE_OPS: 0
INFO  :    HDFS_BYTES_READ: 109360898035
INFO  :    HDFS_BYTES_WRITTEN: 107
INFO  :    HDFS_READ_OPS: 17521
INFO  :    HDFS_LARGE_READ_OPS: 0
INFO  :    HDFS_WRITE_OPS: 2
INFO  : org.apache.tez.common.counters.TaskCounter:
INFO  :    REDUCE_INPUT_GROUPS: 2
INFO  :    REDUCE_INPUT_RECORDS: 323
INFO  :    COMBINE_INPUT_RECORDS: 0
INFO  :    SPILLED_RECORDS: 646
INFO  :    NUM_SHUFFLED_INPUTS: 350
INFO  :    NUM_SKIPPED_INPUTS: 0
INFO  :    NUM_FAILED_SHUFFLE_INPUTS: 1416000
INFO  :    MERGED_MAP_OUTPUTS: 323
INFO  :    INPUT_RECORDS_PROCESSED: 28825478
INFO  :    INPUT_SPLIT_LENGTH_BYTES: 1581157819084
INFO  :    OUTPUT_RECORDS: 3024
INFO  :    OUTPUT_LARGE_RECORDS: 0
INFO  :    OUTPUT_BYTES: 15125
INFO  :    OUTPUT_BYTES_WITH_OVERHEAD: 23129
INFO  :    OUTPUT_BYTES_PHYSICAL: 19786
INFO  :    ADDITIONAL_SPILLS_BYTES_WRITTEN: 1171
INFO  :    ADDITIONAL_SPILLS_BYTES_READ: 2521
INFO  :    ADDITIONAL_SPILL_COUNT: 0
INFO  :    SHUFFLE_CHUNK_COUNT: 323
INFO  :    SHUFFLE_BYTES: 107618
INFO  :    SHUFFLE_BYTES_DECOMPRESSED: 174529
INFO  :    SHUFFLE_BYTES_TO_MEM: 95280
INFO  :    SHUFFLE_BYTES_TO_DISK: 0
INFO  :    SHUFFLE_BYTES_DISK_DIRECT: 12338
INFO  :    NUM_MEM_TO_DISK_MERGES: 0
INFO  :    NUM_DISK_TO_DISK_MERGES: 0
INFO  :    SHUFFLE_PHASE_TIME: 874377
INFO  :    MERGE_PHASE_TIME: 336642
INFO  :    FIRST_EVENT_RECEIVED: 106
INFO  :    LAST_EVENT_RECEIVED: 336652
INFO  : HIVE:
INFO  :    CREATED_FILES: 1
INFO  :    DESERIALIZE_ERRORS: 0
INFO  :    RECORDS_IN_Map_1: 28800426268
INFO  :    RECORDS_IN_Map_4: 7200
INFO  :    RECORDS_IN_Map_5: 20000
INFO  :    RECORDS_IN_Map_6: 1500
INFO  :    RECORDS_OUT_0: 1
INFO  :    RECORDS_OUT_INTERMEDIATE_Map_1: 322
INFO  :    RECORDS_OUT_INTERMEDIATE_Map_4: 720
INFO  :    RECORDS_OUT_INTERMEDIATE_Map_5: 1800
INFO  :    RECORDS_OUT_INTERMEDIATE_Map_6: 181
INFO  :    RECORDS_OUT_INTERMEDIATE_Reducer_2: 1
INFO  : Shuffle Errors:
INFO  :    BAD_ID: 0
INFO  :    CONNECTION: 0
INFO  :    IO_ERROR: 1
INFO  :    WRONG_LENGTH: 0
INFO  :    WRONG_MAP: 0
INFO  :    WRONG_REDUCE: 0
INFO  : Shuffle Errors_Reducer_2_INPUT_Map_1:
INFO  :    BAD_ID: 0
INFO  :    CONNECTION: 0
INFO  :    IO_ERROR: 1
INFO  :    WRONG_LENGTH: 0
INFO  :    WRONG_MAP: 0
INFO  :    WRONG_REDUCE: 0
INFO  : Shuffle Errors_Reducer_3_INPUT_Reducer_2:
INFO  :    BAD_ID: 0
INFO  :    CONNECTION: 0
INFO  :    IO_ERROR: 0
INFO  :    WRONG_LENGTH: 0
INFO  :    WRONG_MAP: 0
INFO  :    WRONG_REDUCE: 0
INFO  : TaskCounter_Map_1_INPUT_Map_4:
INFO  :    FIRST_EVENT_RECEIVED: 71
INFO  :    INPUT_RECORDS_PROCESSED: 6480
INFO  :    LAST_EVENT_RECEIVED: 71
INFO  :    NUM_FAILED_SHUFFLE_INPUTS: 1415999
INFO  :    NUM_SHUFFLED_INPUTS: 9
INFO  :    SHUFFLE_BYTES: 27441
INFO  :    SHUFFLE_BYTES_DECOMPRESSED: 45414
INFO  :    SHUFFLE_BYTES_DISK_DIRECT: 3049
INFO  :    SHUFFLE_BYTES_TO_DISK: 0
INFO  :    SHUFFLE_BYTES_TO_MEM: 24392
INFO  :    SHUFFLE_PHASE_TIME: 537646
INFO  : TaskCounter_Map_1_INPUT_Map_5:
INFO  :    FIRST_EVENT_RECEIVED: 9
INFO  :    INPUT_RECORDS_PROCESSED: 16200
INFO  :    LAST_EVENT_RECEIVED: 9
INFO  :    NUM_FAILED_SHUFFLE_INPUTS: 0
INFO  :    NUM_SHUFFLED_INPUTS: 9
INFO  :    SHUFFLE_BYTES: 64782
INFO  :    SHUFFLE_BYTES_DECOMPRESSED: 113454
INFO  :    SHUFFLE_BYTES_DISK_DIRECT: 7198
INFO  :    SHUFFLE_BYTES_TO_DISK: 0
INFO  :    SHUFFLE_BYTES_TO_MEM: 57584
INFO  :    SHUFFLE_PHASE_TIME: 59
INFO  : TaskCounter_Map_1_INPUT_Map_6:
INFO  :    FIRST_EVENT_RECEIVED: 6
INFO  :    INPUT_RECORDS_PROCESSED: 1629
INFO  :    LAST_EVENT_RECEIVED: 6
INFO  :    NUM_FAILED_SHUFFLE_INPUTS: 0
INFO  :    NUM_SHUFFLED_INPUTS: 9
INFO  :    SHUFFLE_BYTES: 6669
INFO  :    SHUFFLE_BYTES_DECOMPRESSED: 11457
INFO  :    SHUFFLE_BYTES_DISK_DIRECT: 741
INFO  :    SHUFFLE_BYTES_TO_DISK: 0
INFO  :    SHUFFLE_BYTES_TO_MEM: 5928
INFO  :    SHUFFLE_PHASE_TIME: 45
INFO  : TaskCounter_Map_1_INPUT_store_sales:
INFO  :    INPUT_RECORDS_PROCESSED: 28801139
INFO  :    INPUT_SPLIT_LENGTH_BYTES: 1581157241936
INFO  : TaskCounter_Map_1_OUTPUT_Reducer_2:
INFO  :    ADDITIONAL_SPILLS_BYTES_READ: 0
INFO  :    ADDITIONAL_SPILLS_BYTES_WRITTEN: 0
INFO  :    ADDITIONAL_SPILL_COUNT: 0
INFO  :    OUTPUT_BYTES: 1610
INFO  :    OUTPUT_BYTES_PHYSICAL: 8694
INFO  :    OUTPUT_BYTES_WITH_OVERHEAD: 4186
INFO  :    OUTPUT_RECORDS: 322
INFO  :    SHUFFLE_CHUNK_COUNT: 322
INFO  :    SPILLED_RECORDS: 322
INFO  : TaskCounter_Map_4_INPUT_household_demographics:
INFO  :    INPUT_RECORDS_PROCESSED: 8
INFO  :    INPUT_SPLIT_LENGTH_BYTES: 1147
INFO  : TaskCounter_Map_4_OUTPUT_Map_1:
INFO  :    ADDITIONAL_SPILLS_BYTES_READ: 0
INFO  :    ADDITIONAL_SPILLS_BYTES_WRITTEN: 0
INFO  :    ADDITIONAL_SPILL_COUNT: 0
INFO  :    OUTPUT_BYTES: 3600
INFO  :    OUTPUT_BYTES_PHYSICAL: 3073
INFO  :    OUTPUT_BYTES_WITH_OVERHEAD: 5046
INFO  :    OUTPUT_LARGE_RECORDS: 0
INFO  :    OUTPUT_RECORDS: 720
INFO  :    SPILLED_RECORDS: 0
INFO  : TaskCounter_Map_5_INPUT_time_dim:
INFO  :    INPUT_RECORDS_PROCESSED: 20
INFO  :    INPUT_SPLIT_LENGTH_BYTES: 448579
INFO  : TaskCounter_Map_5_OUTPUT_Map_1:
INFO  :    ADDITIONAL_SPILLS_BYTES_READ: 0
INFO  :    ADDITIONAL_SPILLS_BYTES_WRITTEN: 0
INFO  :    ADDITIONAL_SPILL_COUNT: 0
INFO  :    OUTPUT_BYTES: 9000
INFO  :    OUTPUT_BYTES_PHYSICAL: 7222
INFO  :    OUTPUT_BYTES_WITH_OVERHEAD: 12606
INFO  :    OUTPUT_LARGE_RECORDS: 0
INFO  :    OUTPUT_RECORDS: 1800
INFO  :    SPILLED_RECORDS: 0
INFO  : TaskCounter_Map_6_INPUT_store:
INFO  :    INPUT_RECORDS_PROCESSED: 2
INFO  :    INPUT_SPLIT_LENGTH_BYTES: 127422
INFO  : TaskCounter_Map_6_OUTPUT_Map_1:
INFO  :    ADDITIONAL_SPILLS_BYTES_READ: 0
INFO  :    ADDITIONAL_SPILLS_BYTES_WRITTEN: 0
INFO  :    ADDITIONAL_SPILL_COUNT: 0
INFO  :    OUTPUT_BYTES: 905
INFO  :    OUTPUT_BYTES_PHYSICAL: 765
INFO  :    OUTPUT_BYTES_WITH_OVERHEAD: 1273
INFO  :    OUTPUT_LARGE_RECORDS: 0
INFO  :    OUTPUT_RECORDS: 181
INFO  :    SPILLED_RECORDS: 0
INFO  : TaskCounter_Reducer_2_INPUT_Map_1:
INFO  :    ADDITIONAL_SPILLS_BYTES_READ: 2489
INFO  :    ADDITIONAL_SPILLS_BYTES_WRITTEN: 1139
INFO  :    COMBINE_INPUT_RECORDS: 0
INFO  :    FIRST_EVENT_RECEIVED: 2
INFO  :    LAST_EVENT_RECEIVED: 336548
INFO  :    MERGED_MAP_OUTPUTS: 322
INFO  :    MERGE_PHASE_TIME: 336610
INFO  :    NUM_DISK_TO_DISK_MERGES: 0
INFO  :    NUM_FAILED_SHUFFLE_INPUTS: 1
INFO  :    NUM_MEM_TO_DISK_MERGES: 0
INFO  :    NUM_SHUFFLED_INPUTS: 322
INFO  :    NUM_SKIPPED_INPUTS: 0
INFO  :    REDUCE_INPUT_GROUPS: 1
INFO  :    REDUCE_INPUT_RECORDS: 322
INFO  :    SHUFFLE_BYTES: 8694
INFO  :    SHUFFLE_BYTES_DECOMPRESSED: 4186
INFO  :    SHUFFLE_BYTES_DISK_DIRECT: 1350
INFO  :    SHUFFLE_BYTES_TO_DISK: 0
INFO  :    SHUFFLE_BYTES_TO_MEM: 7344
INFO  :    SHUFFLE_PHASE_TIME: 336602
INFO  :    SPILLED_RECORDS: 322
INFO  : TaskCounter_Reducer_2_OUTPUT_Reducer_3:
INFO  :    ADDITIONAL_SPILLS_BYTES_READ: 0
INFO  :    ADDITIONAL_SPILLS_BYTES_WRITTEN: 0
INFO  :    ADDITIONAL_SPILL_COUNT: 0
INFO  :    OUTPUT_BYTES: 10
INFO  :    OUTPUT_BYTES_PHYSICAL: 32
INFO  :    OUTPUT_BYTES_WITH_OVERHEAD: 18
INFO  :    OUTPUT_RECORDS: 1
INFO  :    SHUFFLE_CHUNK_COUNT: 1
INFO  :    SPILLED_RECORDS: 1
INFO  : TaskCounter_Reducer_3_INPUT_Reducer_2:
INFO  :    ADDITIONAL_SPILLS_BYTES_READ: 32
INFO  :    ADDITIONAL_SPILLS_BYTES_WRITTEN: 32
INFO  :    COMBINE_INPUT_RECORDS: 0
INFO  :    FIRST_EVENT_RECEIVED: 18
INFO  :    LAST_EVENT_RECEIVED: 18
INFO  :    MERGED_MAP_OUTPUTS: 1
INFO  :    MERGE_PHASE_TIME: 32
INFO  :    NUM_DISK_TO_DISK_MERGES: 0
INFO  :    NUM_FAILED_SHUFFLE_INPUTS: 0
INFO  :    NUM_MEM_TO_DISK_MERGES: 0
INFO  :    NUM_SHUFFLED_INPUTS: 1
INFO  :    NUM_SKIPPED_INPUTS: 0
INFO  :    REDUCE_INPUT_GROUPS: 1
INFO  :    REDUCE_INPUT_RECORDS: 1
INFO  :    SHUFFLE_BYTES: 32
INFO  :    SHUFFLE_BYTES_DECOMPRESSED: 18
INFO  :    SHUFFLE_BYTES_DISK_DIRECT: 0
INFO  :    SHUFFLE_BYTES_TO_DISK: 0
INFO  :    SHUFFLE_BYTES_TO_MEM: 32
INFO  :    SHUFFLE_PHASE_TIME: 25
INFO  :    SPILLED_RECORDS: 1
INFO  : TaskCounter_Reducer_3_OUTPUT_out_Reducer_3:
INFO  :    OUTPUT_RECORDS: 0
INFO  : org.apache.hadoop.hive.llap.counters.LlapIOCounters:
INFO  :    ALLOCATED_BYTES: 205868761088
INFO  :    ALLOCATED_USED_BYTES: 174482738491
INFO  :    CACHE_HIT_BYTES: 0
INFO  :    CACHE_MISS_BYTES: 109144083057
INFO  :    CONSUMER_TIME_NS: 6933838449477
INFO  :    DECODE_TIME_NS: 2187991515658
INFO  :    HDFS_TIME_NS: 7647538003511
INFO  :    METADATA_CACHE_HIT: 15537
INFO  :    METADATA_CACHE_MISS: 23651
INFO  :    NUM_DECODED_BATCHES: 2890476
INFO  :    NUM_VECTOR_BATCHES: 28801171
INFO  :    ROWS_EMITTED: 28800454968
INFO  :    SELECTED_ROWGROUPS: 2890476
INFO  :    TOTAL_IO_TIME_NS: 10097903558731
INFO  : Completed executing command(queryId=hive_20161019181833_b2a960b8-0767-4e77-9d5a-e358ab991806); Time taken: 388.128 seconds
INFO  : OK
1 row selected (388.751 seconds)
Closing: 0: jdbc:hive2://h01hn02:10500/tpcds_bin_partitioned_orc_10000
