Connecting to jdbc:hive2://h01hn02:10500/tpcds_bin_partitioned_orc_10000
Connected to: Apache Hive (version 2.1.0.2.5.1.0-43)
Driver: Hive JDBC (version 1.2.1000.2.5.1.0-43)
Transaction isolation: TRANSACTION_REPEATABLE_READ
Running init script bry.sql
No rows affected (0.036 seconds)
No rows affected (0.002 seconds)
INFO  : Compiling command(queryId=hive_20161017154931_a523b301-a6b8-4e8f-a591-ffaf1952b2f9): select  dt.d_year
       ,item.i_brand_id brand_id 
       ,item.i_brand brand
       ,sum(ss_ext_sales_price) sum_agg
 from  date_dim dt 
      ,store_sales
      ,item
 where dt.d_date_sk = store_sales.ss_sold_date_sk
   and store_sales.ss_item_sk = item.i_item_sk
   and item.i_manufact_id = 436
   and dt.d_moy=12
 group by dt.d_year
      ,item.i_brand
      ,item.i_brand_id
 order by dt.d_year
         ,sum_agg desc
         ,brand_id
 limit 100
INFO  : Semantic Analysis Completed
INFO  : Returning Hive schema: Schema(fieldSchemas:[FieldSchema(name:dt.d_year, type:int, comment:null), FieldSchema(name:brand_id, type:int, comment:null), FieldSchema(name:brand, type:string, comment:null), FieldSchema(name:sum_agg, type:double, comment:null)], properties:null)
INFO  : Completed compiling command(queryId=hive_20161017154931_a523b301-a6b8-4e8f-a591-ffaf1952b2f9); Time taken: 0.594 seconds
INFO  : Concurrency mode is disabled, not creating a lock manager
INFO  : Executing command(queryId=hive_20161017154931_a523b301-a6b8-4e8f-a591-ffaf1952b2f9): select  dt.d_year
       ,item.i_brand_id brand_id 
       ,item.i_brand brand
       ,sum(ss_ext_sales_price) sum_agg
 from  date_dim dt 
      ,store_sales
      ,item
 where dt.d_date_sk = store_sales.ss_sold_date_sk
   and store_sales.ss_item_sk = item.i_item_sk
   and item.i_manufact_id = 436
   and dt.d_moy=12
 group by dt.d_year
      ,item.i_brand
      ,item.i_brand_id
 order by dt.d_year
         ,sum_agg desc
         ,brand_id
 limit 100
INFO  : Query ID = hive_20161017154931_a523b301-a6b8-4e8f-a591-ffaf1952b2f9
INFO  : Total jobs = 1
INFO  : Launching Job 1 out of 1
INFO  : Starting task [Stage-1:MAPRED] in serial mode
INFO  : Session is already open
INFO  : Dag name: select  dt.d_year
       ,item.i_brand...100(Stage-1)
INFO  : Setting tez.task.scale.memory.reserve-fraction to 0.30000001192092896
INFO  : Tez session was closed. Reopening...
INFO  : Session re-established.
INFO  : 

INFO  : Status: Running (Executing on YARN cluster with App id application_1476716628816_0084)

INFO  : Map 1: 0/1	Map 2: -/-	Map 5: 0/7	Reducer 3: 0/1009	Reducer 4: 0/1	
INFO  : Map 1: 0(+1)/1	Map 2: -/-	Map 5: 0(+7)/7	Reducer 3: 0/1009	Reducer 4: 0/1	
INFO  : Map 1: 1/1	Map 2: -/-	Map 5: 7/7	Reducer 3: 0/1009	Reducer 4: 0/1	
INFO  : Map 1: 1/1	Map 2: 0(+62)/112	Map 5: 7/7	Reducer 3: 0/1009	Reducer 4: 0/1	
INFO  : Map 1: 1/1	Map 2: 0(+112)/112	Map 5: 7/7	Reducer 3: 0/1009	Reducer 4: 0/1	
INFO  : Map 1: 1/1	Map 2: 1(+111)/112	Map 5: 7/7	Reducer 3: 0/1009	Reducer 4: 0/1	
INFO  : Map 1: 1/1	Map 2: 2(+110)/112	Map 5: 7/7	Reducer 3: 0/1009	Reducer 4: 0/1	
INFO  : Map 1: 1/1	Map 2: 4(+108)/112	Map 5: 7/7	Reducer 3: 0/1009	Reducer 4: 0/1	
INFO  : Map 1: 1/1	Map 2: 5(+107)/112	Map 5: 7/7	Reducer 3: 0/1009	Reducer 4: 0/1	
INFO  : Map 1: 1/1	Map 2: 7(+105)/112	Map 5: 7/7	Reducer 3: 0/1009	Reducer 4: 0/1	
INFO  : Map 1: 1/1	Map 2: 11(+101)/112	Map 5: 7/7	Reducer 3: 0/1009	Reducer 4: 0/1	
INFO  : Map 1: 1/1	Map 2: 14(+98)/112	Map 5: 7/7	Reducer 3: 0/1009	Reducer 4: 0/1	
INFO  : Map 1: 1/1	Map 2: 21(+91)/112	Map 5: 7/7	Reducer 3: 0/1009	Reducer 4: 0/1	
INFO  : Map 1: 1/1	Map 2: 24(+88)/112	Map 5: 7/7	Reducer 3: 0/1009	Reducer 4: 0/1	
INFO  : Map 1: 1/1	Map 2: 32(+80)/112	Map 5: 7/7	Reducer 3: 0/1009	Reducer 4: 0/1	
INFO  : Map 1: 1/1	Map 2: 37(+75)/112	Map 5: 7/7	Reducer 3: 0/1009	Reducer 4: 0/1	
INFO  : Map 1: 1/1	Map 2: 46(+66)/112	Map 5: 7/7	Reducer 3: 0/1009	Reducer 4: 0/1	
INFO  : Map 1: 1/1	Map 2: 52(+60)/112	Map 5: 7/7	Reducer 3: 0/1009	Reducer 4: 0/1	
INFO  : Map 1: 1/1	Map 2: 58(+54)/112	Map 5: 7/7	Reducer 3: 0/1009	Reducer 4: 0/1	
INFO  : Map 1: 1/1	Map 2: 61(+51)/112	Map 5: 7/7	Reducer 3: 0/1009	Reducer 4: 0/1	
INFO  : Map 1: 1/1	Map 2: 64(+48)/112	Map 5: 7/7	Reducer 3: 0/1009	Reducer 4: 0/1	
INFO  : Map 1: 1/1	Map 2: 71(+41)/112	Map 5: 7/7	Reducer 3: 0/1009	Reducer 4: 0/1	
INFO  : Map 1: 1/1	Map 2: 81(+31)/112	Map 5: 7/7	Reducer 3: 0/1009	Reducer 4: 0/1	
INFO  : Map 1: 1/1	Map 2: 85(+27)/112	Map 5: 7/7	Reducer 3: 0(+3)/253	Reducer 4: 0/1	
INFO  : Map 1: 1/1	Map 2: 85(+27)/112	Map 5: 7/7	Reducer 3: 0(+253)/253	Reducer 4: 0/1	
INFO  : Map 1: 1/1	Map 2: 86(+26)/112	Map 5: 7/7	Reducer 3: 0(+253)/253	Reducer 4: 0/1	
INFO  : Map 1: 1/1	Map 2: 87(+25)/112	Map 5: 7/7	Reducer 3: 0(+253)/253	Reducer 4: 0/1	
INFO  : Map 1: 1/1	Map 2: 91(+21)/112	Map 5: 7/7	Reducer 3: 0(+253)/253	Reducer 4: 0/1	
INFO  : Map 1: 1/1	Map 2: 92(+20)/112	Map 5: 7/7	Reducer 3: 0(+253)/253	Reducer 4: 0/1	
INFO  : Map 1: 1/1	Map 2: 94(+18)/112	Map 5: 7/7	Reducer 3: 0(+253)/253	Reducer 4: 0/1	
INFO  : Map 1: 1/1	Map 2: 97(+15)/112	Map 5: 7/7	Reducer 3: 0(+253)/253	Reducer 4: 0/1	
INFO  : Map 1: 1/1	Map 2: 99(+13)/112	Map 5: 7/7	Reducer 3: 0(+253)/253	Reducer 4: 0/1	
INFO  : Map 1: 1/1	Map 2: 100(+12)/112	Map 5: 7/7	Reducer 3: 0(+253)/253	Reducer 4: 0/1	
INFO  : Map 1: 1/1	Map 2: 103(+9)/112	Map 5: 7/7	Reducer 3: 0(+253)/253	Reducer 4: 0/1	
INFO  : Map 1: 1/1	Map 2: 105(+7)/112	Map 5: 7/7	Reducer 3: 0(+253)/253	Reducer 4: 0/1	
INFO  : Map 1: 1/1	Map 2: 106(+6)/112	Map 5: 7/7	Reducer 3: 0(+253)/253	Reducer 4: 0/1	
INFO  : Map 1: 1/1	Map 2: 108(+4)/112	Map 5: 7/7	Reducer 3: 0(+253)/253	Reducer 4: 0/1	
INFO  : Map 1: 1/1	Map 2: 110(+2)/112	Map 5: 7/7	Reducer 3: 0(+253)/253	Reducer 4: 0/1	
INFO  : Map 1: 1/1	Map 2: 111(+1)/112	Map 5: 7/7	Reducer 3: 0(+253)/253	Reducer 4: 0/1	
INFO  : Map 1: 1/1	Map 2: 112/112	Map 5: 7/7	Reducer 3: 0(+253)/253	Reducer 4: 0/1	
INFO  : Map 1: 1/1	Map 2: 112/112	Map 5: 7/7	Reducer 3: 30(+223)/253	Reducer 4: 0/1	
INFO  : Map 1: 1/1	Map 2: 112/112	Map 5: 7/7	Reducer 3: 231(+22)/253	Reducer 4: 0(+1)/1	
INFO  : Map 1: 1/1	Map 2: 112/112	Map 5: 7/7	Reducer 3: 249(+4)/253	Reducer 4: 0(+1)/1	
INFO  : Map 1: 1/1	Map 2: 112/112	Map 5: 7/7	Reducer 3: 250(+3)/253	Reducer 4: 0(+1)/1	
INFO  : Map 1: 1/1	Map 2: 112/112	Map 5: 7/7	Reducer 3: 252(+1)/253	Reducer 4: 0(+1)/1	
INFO  : Map 1: 1/1	Map 2: 112/112	Map 5: 7/7	Reducer 3: 253/253	Reducer 4: 0(+1)/1	
INFO  : Map 1: 1/1	Map 2: 112/112	Map 5: 7/7	Reducer 3: 253/253	Reducer 4: 1/1	
INFO  : Status: DAG finished successfully in 23.93 seconds
INFO  : 
INFO  : Query Execution Summary
INFO  : ----------------------------------------------------------------------------------------------
INFO  : ----------------------------------------------------------------------------------------------
INFO  : Compile Query                           0.59s
INFO  : Prepare Plan                            0.33s
INFO  : Submit Plan                             4.06s
INFO  : Start DAG                               0.38s
INFO  : Run DAG                                23.93s
INFO  : ----------------------------------------------------------------------------------------------
INFO  : 
INFO  : Task Execution Summary
INFO  : --------------------------------------------------------------------------------------------------------------------------------
INFO  : --------------------------------------------------------------------------------------------------------------------------------
INFO  :      Map 1            1                0             0        1208.00             0            0         73,049           6,200
INFO  :      Map 2          112                0             0       14391.00             0            0  4,655,006,291          69,764
INFO  :      Map 5            7                0             0        1208.00             0            0        402,000             412
INFO  :  Reducer 3          253                0             0       11722.00             0            0         69,764             707
INFO  :  Reducer 4            1                0             0        7275.00             0            0            707               0
INFO  : --------------------------------------------------------------------------------------------------------------------------------
INFO  : 
INFO  : LLAP IO Summary
INFO  : ----------------------------------------------------------------------------------------------
INFO  : ----------------------------------------------------------------------------------------------
INFO  :      Map 1         8         0          2        0B     1.91KB    393.22KB  11.61KB     0.07s
INFO  :      Map 2    467043       359       5973        0B    31.75GB     35.60GB  32.47GB   849.69s
INFO  :      Map 5        42         0         14        0B     2.61MB     14.68MB   3.16MB     0.85s
INFO  : ----------------------------------------------------------------------------------------------
INFO  : 
INFO  : FileSystem Counters Summary
INFO  : 
INFO  : ----------------------------------------------------------------------------------------------
INFO  : ----------------------------------------------------------------------------------------------
INFO  :      Map 1              0B             0                  0            31.64KB             0
INFO  :      Map 2          5.43MB             0                  0             7.64MB             0
INFO  :      Map 5              0B             0                  0             7.12KB             0
INFO  :  Reducer 3         16.19KB             0                  0            39.34KB             0
INFO  :  Reducer 4              0B             0                  0                 0B             0
INFO  : ----------------------------------------------------------------------------------------------
INFO  : 
INFO  : ----------------------------------------------------------------------------------------------
INFO  : ----------------------------------------------------------------------------------------------
INFO  :      Map 1         19.40KB             4                  0                 0B             0
INFO  :      Map 2         31.79GB          3934                  0                 0B             0
INFO  :      Map 5          2.74MB            28                  0                 0B             0
INFO  :  Reducer 3              0B             0                  0                 0B             0
INFO  :  Reducer 4              0B             2                  0             6.27KB             2
INFO  : ----------------------------------------------------------------------------------------------
INFO  : 
INFO  : org.apache.tez.common.counters.DAGCounter:
INFO  :    NUM_SUCCEEDED_TASKS: 374
INFO  :    TOTAL_LAUNCHED_TASKS: 374
INFO  :    DATA_LOCAL_TASKS: 120
INFO  :    AM_CPU_MILLISECONDS: 19540
INFO  :    AM_GC_TIME_MILLIS: 48
INFO  : File System Counters:
INFO  :    FILE_BYTES_READ: 5442368
INFO  :    FILE_BYTES_WRITTEN: 7719188
INFO  :    FILE_READ_OPS: 0
INFO  :    FILE_LARGE_READ_OPS: 0
INFO  :    FILE_WRITE_OPS: 0
INFO  :    HDFS_BYTES_READ: 31796158673
INFO  :    HDFS_BYTES_WRITTEN: 6265
INFO  :    HDFS_READ_OPS: 3968
INFO  :    HDFS_LARGE_READ_OPS: 0
INFO  :    HDFS_WRITE_OPS: 2
INFO  : org.apache.tez.common.counters.TaskCounter:
INFO  :    REDUCE_INPUT_GROUPS: 1414
INFO  :    REDUCE_INPUT_RECORDS: 70471
INFO  :    COMBINE_INPUT_RECORDS: 0
INFO  :    SPILLED_RECORDS: 140942
INFO  :    NUM_SHUFFLED_INPUTS: 52081
INFO  :    NUM_SKIPPED_INPUTS: 61252
INFO  :    NUM_FAILED_SHUFFLE_INPUTS: 0
INFO  :    MERGED_MAP_OUTPUTS: 52009
INFO  :    INPUT_RECORDS_PROCESSED: 4715043
INFO  :    INPUT_SPLIT_LENGTH_BYTES: 260975315123
INFO  :    OUTPUT_RECORDS: 77083
INFO  :    OUTPUT_LARGE_RECORDS: 0
INFO  :    OUTPUT_BYTES: 2748717
INFO  :    OUTPUT_BYTES_WITH_OVERHEAD: 3582497
INFO  :    OUTPUT_BYTES_PHYSICAL: 4997940
INFO  :    ADDITIONAL_SPILLS_BYTES_WRITTEN: 535848
INFO  :    ADDITIONAL_SPILLS_BYTES_READ: 949945
INFO  :    ADDITIONAL_SPILL_COUNT: 0
INFO  :    SHUFFLE_CHUNK_COUNT: 365
INFO  :    SHUFFLE_BYTES: 4080748
INFO  :    SHUFFLE_BYTES_DECOMPRESSED: 3857241
INFO  :    SHUFFLE_BYTES_TO_MEM: 3628146
INFO  :    SHUFFLE_BYTES_TO_DISK: 0
INFO  :    SHUFFLE_BYTES_DISK_DIRECT: 452602
INFO  :    NUM_MEM_TO_DISK_MERGES: 0
INFO  :    NUM_DISK_TO_DISK_MERGES: 0
INFO  :    SHUFFLE_PHASE_TIME: 1094617
INFO  :    MERGE_PHASE_TIME: 1125536
INFO  :    FIRST_EVENT_RECEIVED: 23804
INFO  :    LAST_EVENT_RECEIVED: 1048095
INFO  : HIVE:
INFO  :    CREATED_FILES: 1
INFO  :    DESERIALIZE_ERRORS: 0
INFO  :    RECORDS_IN_Map_1: 73049
INFO  :    RECORDS_IN_Map_2: 4654999679
INFO  :    RECORDS_IN_Map_5: 402000
INFO  :    RECORDS_OUT_0: 100
INFO  :    RECORDS_OUT_INTERMEDIATE_Map_1: 6200
INFO  :    RECORDS_OUT_INTERMEDIATE_Map_2: 69764
INFO  :    RECORDS_OUT_INTERMEDIATE_Map_5: 412
INFO  :    RECORDS_OUT_INTERMEDIATE_Reducer_3: 707
INFO  : Shuffle Errors:
INFO  :    BAD_ID: 0
INFO  :    CONNECTION: 0
INFO  :    IO_ERROR: 0
INFO  :    WRONG_LENGTH: 0
INFO  :    WRONG_MAP: 0
INFO  :    WRONG_REDUCE: 0
INFO  : Shuffle Errors_Reducer_3_INPUT_Map_2:
INFO  :    BAD_ID: 0
INFO  :    CONNECTION: 0
INFO  :    IO_ERROR: 0
INFO  :    WRONG_LENGTH: 0
INFO  :    WRONG_MAP: 0
INFO  :    WRONG_REDUCE: 0
INFO  : Shuffle Errors_Reducer_4_INPUT_Reducer_3:
INFO  :    BAD_ID: 0
INFO  :    CONNECTION: 0
INFO  :    IO_ERROR: 0
INFO  :    WRONG_LENGTH: 0
INFO  :    WRONG_MAP: 0
INFO  :    WRONG_REDUCE: 0
INFO  : TaskCounter_Map_1_INPUT_dt:
INFO  :    INPUT_RECORDS_PROCESSED: 73
INFO  :    INPUT_SPLIT_LENGTH_BYTES: 759177
INFO  : TaskCounter_Map_1_OUTPUT_Map_2:
INFO  :    ADDITIONAL_SPILLS_BYTES_READ: 0
INFO  :    ADDITIONAL_SPILLS_BYTES_WRITTEN: 0
INFO  :    ADDITIONAL_SPILL_COUNT: 0
INFO  :    OUTPUT_BYTES: 55800
INFO  :    OUTPUT_BYTES_PHYSICAL: 31629
INFO  :    OUTPUT_BYTES_WITH_OVERHEAD: 68206
INFO  :    OUTPUT_LARGE_RECORDS: 0
INFO  :    OUTPUT_RECORDS: 6200
INFO  :    SPILLED_RECORDS: 0
INFO  : TaskCounter_Map_2_INPUT_Map_1:
INFO  :    FIRST_EVENT_RECEIVED: 172
INFO  :    INPUT_RECORDS_PROCESSED: 55800
INFO  :    LAST_EVENT_RECEIVED: 172
INFO  :    NUM_FAILED_SHUFFLE_INPUTS: 0
INFO  :    NUM_SHUFFLED_INPUTS: 9
INFO  :    SHUFFLE_BYTES: 284445
INFO  :    SHUFFLE_BYTES_DECOMPRESSED: 613854
INFO  :    SHUFFLE_BYTES_DISK_DIRECT: 31605
INFO  :    SHUFFLE_BYTES_TO_DISK: 0
INFO  :    SHUFFLE_BYTES_TO_MEM: 252840
INFO  :    SHUFFLE_PHASE_TIME: 611
INFO  : TaskCounter_Map_2_INPUT_Map_5:
INFO  :    FIRST_EVENT_RECEIVED: 23
INFO  :    INPUT_RECORDS_PROCESSED: 3708
INFO  :    LAST_EVENT_RECEIVED: 70
INFO  :    NUM_FAILED_SHUFFLE_INPUTS: 0
INFO  :    NUM_SHUFFLED_INPUTS: 63
INFO  :    SHUFFLE_BYTES: 62100
INFO  :    SHUFFLE_BYTES_DECOMPRESSED: 108684
INFO  :    SHUFFLE_BYTES_DISK_DIRECT: 6900
INFO  :    SHUFFLE_BYTES_TO_DISK: 0
INFO  :    SHUFFLE_BYTES_TO_MEM: 55200
INFO  :    SHUFFLE_PHASE_TIME: 380
INFO  : TaskCounter_Map_2_INPUT_store_sales:
INFO  :    INPUT_RECORDS_PROCESSED: 4655057
INFO  :    INPUT_SPLIT_LENGTH_BYTES: 260936463608
INFO  : TaskCounter_Map_2_OUTPUT_Reducer_3:
INFO  :    ADDITIONAL_SPILLS_BYTES_READ: 0
INFO  :    ADDITIONAL_SPILLS_BYTES_WRITTEN: 0
INFO  :    ADDITIONAL_SPILL_COUNT: 0
INFO  :    OUTPUT_BYTES: 2654801
INFO  :    OUTPUT_BYTES_PHYSICAL: 4928004
INFO  :    OUTPUT_BYTES_WITH_OVERHEAD: 3472377
INFO  :    OUTPUT_RECORDS: 69764
INFO  :    SHUFFLE_CHUNK_COUNT: 112
INFO  :    SPILLED_RECORDS: 69764
INFO  : TaskCounter_Map_5_INPUT_item:
INFO  :    INPUT_RECORDS_PROCESSED: 405
INFO  :    INPUT_SPLIT_LENGTH_BYTES: 38092338
INFO  : TaskCounter_Map_5_OUTPUT_Map_2:
INFO  :    ADDITIONAL_SPILLS_BYTES_READ: 0
INFO  :    ADDITIONAL_SPILLS_BYTES_WRITTEN: 0
INFO  :    ADDITIONAL_SPILL_COUNT: 0
INFO  :    OUTPUT_BYTES: 11210
INFO  :    OUTPUT_BYTES_PHYSICAL: 7068
INFO  :    OUTPUT_BYTES_WITH_OVERHEAD: 12076
INFO  :    OUTPUT_LARGE_RECORDS: 0
INFO  :    OUTPUT_RECORDS: 412
INFO  :    SPILLED_RECORDS: 0
INFO  : TaskCounter_Reducer_3_INPUT_Map_2:
INFO  :    ADDITIONAL_SPILLS_BYTES_READ: 935205
INFO  :    ADDITIONAL_SPILLS_BYTES_WRITTEN: 524890
INFO  :    COMBINE_INPUT_RECORDS: 0
INFO  :    FIRST_EVENT_RECEIVED: 23606
INFO  :    LAST_EVENT_RECEIVED: 1040700
INFO  :    MERGED_MAP_OUTPUTS: 51771
INFO  :    MERGE_PHASE_TIME: 1118373
INFO  :    NUM_DISK_TO_DISK_MERGES: 0
INFO  :    NUM_FAILED_SHUFFLE_INPUTS: 0
INFO  :    NUM_MEM_TO_DISK_MERGES: 0
INFO  :    NUM_SHUFFLED_INPUTS: 51771
INFO  :    NUM_SKIPPED_INPUTS: 61237
INFO  :    REDUCE_INPUT_GROUPS: 707
INFO  :    REDUCE_INPUT_RECORDS: 69764
INFO  :    SHUFFLE_BYTES: 3703264
INFO  :    SHUFFLE_BYTES_DECOMPRESSED: 3104955
INFO  :    SHUFFLE_BYTES_DISK_DIRECT: 410315
INFO  :    SHUFFLE_BYTES_TO_DISK: 0
INFO  :    SHUFFLE_BYTES_TO_MEM: 3292949
INFO  :    SHUFFLE_PHASE_TIME: 1086471
INFO  :    SPILLED_RECORDS: 69764
INFO  : TaskCounter_Reducer_3_OUTPUT_Reducer_4:
INFO  :    ADDITIONAL_SPILLS_BYTES_READ: 0
INFO  :    ADDITIONAL_SPILLS_BYTES_WRITTEN: 0
INFO  :    ADDITIONAL_SPILL_COUNT: 0
INFO  :    OUTPUT_BYTES: 26906
INFO  :    OUTPUT_BYTES_PHYSICAL: 31239
INFO  :    OUTPUT_BYTES_WITH_OVERHEAD: 29838
INFO  :    OUTPUT_RECORDS: 707
INFO  :    SHUFFLE_CHUNK_COUNT: 253
INFO  :    SPILLED_RECORDS: 707
INFO  : TaskCounter_Reducer_4_INPUT_Reducer_3:
INFO  :    ADDITIONAL_SPILLS_BYTES_READ: 14740
INFO  :    ADDITIONAL_SPILLS_BYTES_WRITTEN: 10958
INFO  :    COMBINE_INPUT_RECORDS: 0
INFO  :    FIRST_EVENT_RECEIVED: 3
INFO  :    LAST_EVENT_RECEIVED: 7153
INFO  :    MERGED_MAP_OUTPUTS: 238
INFO  :    MERGE_PHASE_TIME: 7163
INFO  :    NUM_DISK_TO_DISK_MERGES: 0
INFO  :    NUM_FAILED_SHUFFLE_INPUTS: 0
INFO  :    NUM_MEM_TO_DISK_MERGES: 0
INFO  :    NUM_SHUFFLED_INPUTS: 238
INFO  :    NUM_SKIPPED_INPUTS: 15
INFO  :    REDUCE_INPUT_GROUPS: 707
INFO  :    REDUCE_INPUT_RECORDS: 707
INFO  :    SHUFFLE_BYTES: 30939
INFO  :    SHUFFLE_BYTES_DECOMPRESSED: 29748
INFO  :    SHUFFLE_BYTES_DISK_DIRECT: 3782
INFO  :    SHUFFLE_BYTES_TO_DISK: 0
INFO  :    SHUFFLE_BYTES_TO_MEM: 27157
INFO  :    SHUFFLE_PHASE_TIME: 7155
INFO  :    SPILLED_RECORDS: 707
INFO  : TaskCounter_Reducer_4_OUTPUT_out_Reducer_4:
INFO  :    OUTPUT_RECORDS: 0
INFO  : org.apache.hadoop.hive.llap.counters.LlapIOCounters:
INFO  :    ALLOCATED_BYTES: 35615277056
INFO  :    ALLOCATED_USED_BYTES: 32477813128
INFO  :    CACHE_HIT_BYTES: 0
INFO  :    CACHE_MISS_BYTES: 31755808101
INFO  :    CONSUMER_TIME_NS: 706876634519
INFO  :    DECODE_TIME_NS: 253585666653
INFO  :    HDFS_TIME_NS: 525782727693
INFO  :    METADATA_CACHE_HIT: 359
INFO  :    METADATA_CACHE_MISS: 5989
INFO  :    NUM_DECODED_BATCHES: 467093
INFO  :    NUM_VECTOR_BATCHES: 4655535
INFO  :    ROWS_EMITTED: 4655474728
INFO  :    SELECTED_ROWGROUPS: 467093
INFO  :    TOTAL_IO_TIME_NS: 850613253785
INFO  : Completed executing command(queryId=hive_20161017154931_a523b301-a6b8-4e8f-a591-ffaf1952b2f9); Time taken: 28.768 seconds
INFO  : OK
100 rows selected (29.415 seconds)
Closing: 0: jdbc:hive2://h01hn02:10500/tpcds_bin_partitioned_orc_10000
