Connecting to jdbc:hive2://h01hn02:10500/tpcds_bin_partitioned_orc_10000
Connected to: Apache Hive (version 2.1.0.2.5.1.0-43)
Driver: Hive JDBC (version 1.2.1000.2.5.1.0-43)
Transaction isolation: TRANSACTION_REPEATABLE_READ
Running init script bry.sql
No rows affected (0.042 seconds)
INFO  : Compiling command(queryId=hive_20161020152727_8a54c8e1-85b5-426d-a9ed-fafa6e52e248): select  i_item_id
       ,i_item_desc
       ,s_state
       ,count(ss_quantity) as store_sales_quantitycount
       ,avg(ss_quantity) as store_sales_quantityave
       ,stddev_samp(ss_quantity) as store_sales_quantitystdev
       ,stddev_samp(ss_quantity)/avg(ss_quantity) as store_sales_quantitycov
       ,count(sr_return_quantity) as_store_returns_quantitycount
       ,avg(sr_return_quantity) as_store_returns_quantityave
       ,stddev_samp(sr_return_quantity) as_store_returns_quantitystdev
       ,stddev_samp(sr_return_quantity)/avg(sr_return_quantity) as store_returns_quantitycov
       ,count(cs_quantity) as catalog_sales_quantitycount ,avg(cs_quantity) as catalog_sales_quantityave
       ,stddev_samp(cs_quantity)/avg(cs_quantity) as catalog_sales_quantitystdev
       ,stddev_samp(cs_quantity)/avg(cs_quantity) as catalog_sales_quantitycov
 from store_sales
     ,store_returns
     ,catalog_sales
     ,date_dim d1
     ,date_dim d2
     ,date_dim d3
     ,store
     ,item
 where d1.d_quarter_name = '2000Q1'
   and d1.d_date_sk = store_sales.ss_sold_date_sk
   and item.i_item_sk = store_sales.ss_item_sk
   and store.s_store_sk = store_sales.ss_store_sk
   and store_sales.ss_customer_sk = store_returns.sr_customer_sk
   and store_sales.ss_item_sk = store_returns.sr_item_sk
   and store_sales.ss_ticket_number = store_returns.sr_ticket_number
   and store_returns.sr_returned_date_sk = d2.d_date_sk
   and d2.d_quarter_name in ('2000Q1','2000Q2','2000Q3')
   and store_returns.sr_customer_sk = catalog_sales.cs_bill_customer_sk
   and store_returns.sr_item_sk = catalog_sales.cs_item_sk
   and catalog_sales.cs_sold_date_sk = d3.d_date_sk
   and d3.d_quarter_name in ('2000Q1','2000Q2','2000Q3')
 group by i_item_id
         ,i_item_desc
         ,s_state
 order by i_item_id
         ,i_item_desc
         ,s_state
limit 100
INFO  : Semantic Analysis Completed
INFO  : Returning Hive schema: Schema(fieldSchemas:[FieldSchema(name:i_item_id, type:string, comment:null), FieldSchema(name:i_item_desc, type:string, comment:null), FieldSchema(name:s_state, type:string, comment:null), FieldSchema(name:store_sales_quantitycount, type:bigint, comment:null), FieldSchema(name:store_sales_quantityave, type:double, comment:null), FieldSchema(name:store_sales_quantitystdev, type:double, comment:null), FieldSchema(name:store_sales_quantitycov, type:double, comment:null), FieldSchema(name:as_store_returns_quantitycount, type:bigint, comment:null), FieldSchema(name:as_store_returns_quantityave, type:double, comment:null), FieldSchema(name:as_store_returns_quantitystdev, type:double, comment:null), FieldSchema(name:store_returns_quantitycov, type:double, comment:null), FieldSchema(name:catalog_sales_quantitycount, type:bigint, comment:null), FieldSchema(name:catalog_sales_quantityave, type:double, comment:null), FieldSchema(name:catalog_sales_quantitystdev, type:double, comment:null), FieldSchema(name:catalog_sales_quantitycov, type:double, comment:null)], properties:null)
INFO  : Completed compiling command(queryId=hive_20161020152727_8a54c8e1-85b5-426d-a9ed-fafa6e52e248); Time taken: 1.815 seconds
INFO  : Concurrency mode is disabled, not creating a lock manager
INFO  : Executing command(queryId=hive_20161020152727_8a54c8e1-85b5-426d-a9ed-fafa6e52e248): select  i_item_id
       ,i_item_desc
       ,s_state
       ,count(ss_quantity) as store_sales_quantitycount
       ,avg(ss_quantity) as store_sales_quantityave
       ,stddev_samp(ss_quantity) as store_sales_quantitystdev
       ,stddev_samp(ss_quantity)/avg(ss_quantity) as store_sales_quantitycov
       ,count(sr_return_quantity) as_store_returns_quantitycount
       ,avg(sr_return_quantity) as_store_returns_quantityave
       ,stddev_samp(sr_return_quantity) as_store_returns_quantitystdev
       ,stddev_samp(sr_return_quantity)/avg(sr_return_quantity) as store_returns_quantitycov
       ,count(cs_quantity) as catalog_sales_quantitycount ,avg(cs_quantity) as catalog_sales_quantityave
       ,stddev_samp(cs_quantity)/avg(cs_quantity) as catalog_sales_quantitystdev
       ,stddev_samp(cs_quantity)/avg(cs_quantity) as catalog_sales_quantitycov
 from store_sales
     ,store_returns
     ,catalog_sales
     ,date_dim d1
     ,date_dim d2
     ,date_dim d3
     ,store
     ,item
 where d1.d_quarter_name = '2000Q1'
   and d1.d_date_sk = store_sales.ss_sold_date_sk
   and item.i_item_sk = store_sales.ss_item_sk
   and store.s_store_sk = store_sales.ss_store_sk
   and store_sales.ss_customer_sk = store_returns.sr_customer_sk
   and store_sales.ss_item_sk = store_returns.sr_item_sk
   and store_sales.ss_ticket_number = store_returns.sr_ticket_number
   and store_returns.sr_returned_date_sk = d2.d_date_sk
   and d2.d_quarter_name in ('2000Q1','2000Q2','2000Q3')
   and store_returns.sr_customer_sk = catalog_sales.cs_bill_customer_sk
   and store_returns.sr_item_sk = catalog_sales.cs_item_sk
   and catalog_sales.cs_sold_date_sk = d3.d_date_sk
   and d3.d_quarter_name in ('2000Q1','2000Q2','2000Q3')
 group by i_item_id
         ,i_item_desc
         ,s_state
 order by i_item_id
         ,i_item_desc
         ,s_state
limit 100
INFO  : Query ID = hive_20161020152727_8a54c8e1-85b5-426d-a9ed-fafa6e52e248
INFO  : Total jobs = 1
INFO  : Launching Job 1 out of 1
INFO  : Starting task [Stage-1:MAPRED] in serial mode
INFO  : Session is already open
INFO  : Dag name: select  i_item_id
       ,i_item_desc
...100(Stage-1)
INFO  : Setting tez.task.scale.memory.reserve-fraction to 0.30000001192092896
INFO  : Setting tez.task.scale.memory.reserve-fraction to 0.30000001192092896
INFO  : 

INFO  : Status: Running (Executing on YARN cluster with App id application_1476988466894_0248)

INFO  : Map 1: -/-	Map 10: 1/1	Map 11: 1/1	Map 12: 0(+7)/7	Map 6: -/-	Map 7: -/-	Map 8: 1/1	Map 9: 1/1	Reducer 2: 0/1009	Reducer 3: 0/1009	Reducer 4: 0/1009	Reducer 5: 0/1	
INFO  : Map 1: -/-	Map 10: 1/1	Map 11: 1/1	Map 12: 7/7	Map 6: -/-	Map 7: -/-	Map 8: 1/1	Map 9: 1/1	Reducer 2: 0/1009	Reducer 3: 0/1009	Reducer 4: 0/1009	Reducer 5: 0/1	
INFO  : Map 1: 0(+1)/240	Map 10: 1/1	Map 11: 1/1	Map 12: 7/7	Map 6: -/-	Map 7: -/-	Map 8: 1/1	Map 9: 1/1	Reducer 2: 0/1009	Reducer 3: 0/1009	Reducer 4: 0/1009	Reducer 5: 0/1	
INFO  : Map 1: 0(+240)/240	Map 10: 1/1	Map 11: 1/1	Map 12: 7/7	Map 6: -/-	Map 7: -/-	Map 8: 1/1	Map 9: 1/1	Reducer 2: 0/1009	Reducer 3: 0/1009	Reducer 4: 0/1009	Reducer 5: 0/1	
INFO  : Map 1: 4(+236)/240	Map 10: 1/1	Map 11: 1/1	Map 12: 7/7	Map 6: -/-	Map 7: 0(+2)/435	Map 8: 1/1	Map 9: 1/1	Reducer 2: 0/1009	Reducer 3: 0/1009	Reducer 4: 0/1009	Reducer 5: 0/1	
INFO  : Map 1: 7(+233)/240	Map 10: 1/1	Map 11: 1/1	Map 12: 7/7	Map 6: -/-	Map 7: 0(+9)/435	Map 8: 1/1	Map 9: 1/1	Reducer 2: 0/1009	Reducer 3: 0/1009	Reducer 4: 0/1009	Reducer 5: 0/1	
INFO  : Map 1: 18(+222)/240	Map 10: 1/1	Map 11: 1/1	Map 12: 7/7	Map 6: -/-	Map 7: 0(+19)/435	Map 8: 1/1	Map 9: 1/1	Reducer 2: 0/1009	Reducer 3: 0/1009	Reducer 4: 0/1009	Reducer 5: 0/1	
INFO  : Map 1: 22(+218)/240	Map 10: 1/1	Map 11: 1/1	Map 12: 7/7	Map 6: 0/274	Map 7: 0(+25)/435	Map 8: 1/1	Map 9: 1/1	Reducer 2: 0/1009	Reducer 3: 0/1009	Reducer 4: 0/1009	Reducer 5: 0/1	
INFO  : Map 1: 26(+214)/240	Map 10: 1/1	Map 11: 1/1	Map 12: 7/7	Map 6: 0/274	Map 7: 0(+35)/435	Map 8: 1/1	Map 9: 1/1	Reducer 2: 0/1009	Reducer 3: 0/1009	Reducer 4: 0/1009	Reducer 5: 0/1	
INFO  : Map 1: 29(+211)/240	Map 10: 1/1	Map 11: 1/1	Map 12: 7/7	Map 6: 0/274	Map 7: 0(+39)/435	Map 8: 1/1	Map 9: 1/1	Reducer 2: 0/1009	Reducer 3: 0/1009	Reducer 4: 0/1009	Reducer 5: 0/1	
INFO  : Map 1: 31(+209)/240	Map 10: 1/1	Map 11: 1/1	Map 12: 7/7	Map 6: 0/274	Map 7: 0(+45)/435	Map 8: 1/1	Map 9: 1/1	Reducer 2: 0/1009	Reducer 3: 0/1009	Reducer 4: 0/1009	Reducer 5: 0/1	
INFO  : Map 1: 37(+203)/240	Map 10: 1/1	Map 11: 1/1	Map 12: 7/7	Map 6: 0/274	Map 7: 0(+48)/435	Map 8: 1/1	Map 9: 1/1	Reducer 2: 0/1009	Reducer 3: 0/1009	Reducer 4: 0/1009	Reducer 5: 0/1	
INFO  : Map 1: 42(+198)/240	Map 10: 1/1	Map 11: 1/1	Map 12: 7/7	Map 6: 0/274	Map 7: 0(+227)/435	Map 8: 1/1	Map 9: 1/1	Reducer 2: 0/1009	Reducer 3: 0/1009	Reducer 4: 0/1009	Reducer 5: 0/1	
INFO  : Map 1: 44(+196)/240	Map 10: 1/1	Map 11: 1/1	Map 12: 7/7	Map 6: 0/274	Map 7: 0(+229)/435	Map 8: 1/1	Map 9: 1/1	Reducer 2: 0/1009	Reducer 3: 0/1009	Reducer 4: 0/1009	Reducer 5: 0/1	
INFO  : Map 1: 45(+195)/240	Map 10: 1/1	Map 11: 1/1	Map 12: 7/7	Map 6: 0/274	Map 7: 0(+230)/435	Map 8: 1/1	Map 9: 1/1	Reducer 2: 0/1009	Reducer 3: 0/1009	Reducer 4: 0/1009	Reducer 5: 0/1	
INFO  : Map 1: 48(+192)/240	Map 10: 1/1	Map 11: 1/1	Map 12: 7/7	Map 6: 0/274	Map 7: 0(+233)/435	Map 8: 1/1	Map 9: 1/1	Reducer 2: 0/1009	Reducer 3: 0/1009	Reducer 4: 0/1009	Reducer 5: 0/1	
INFO  : Map 1: 48(+192)/240	Map 10: 1/1	Map 11: 1/1	Map 12: 7/7	Map 6: 0/274	Map 7: 0(+234)/435	Map 8: 1/1	Map 9: 1/1	Reducer 2: 0/1009	Reducer 3: 0/1009	Reducer 4: 0/1009	Reducer 5: 0/1	
INFO  : Map 1: 48(+192)/240	Map 10: 1/1	Map 11: 1/1	Map 12: 7/7	Map 6: 0/274	Map 7: 0(+238)/435	Map 8: 1/1	Map 9: 1/1	Reducer 2: 0/1009	Reducer 3: 0/1009	Reducer 4: 0/1009	Reducer 5: 0/1	
INFO  : Map 1: 49(+191)/240	Map 10: 1/1	Map 11: 1/1	Map 12: 7/7	Map 6: 0/274	Map 7: 0(+267)/435	Map 8: 1/1	Map 9: 1/1	Reducer 2: 0/1009	Reducer 3: 0/1009	Reducer 4: 0/1009	Reducer 5: 0/1	
INFO  : Map 1: 53(+187)/240	Map 10: 1/1	Map 11: 1/1	Map 12: 7/7	Map 6: 0/274	Map 7: 0(+313)/435	Map 8: 1/1	Map 9: 1/1	Reducer 2: 0/1009	Reducer 3: 0/1009	Reducer 4: 0/1009	Reducer 5: 0/1	
INFO  : Map 1: 56(+184)/240	Map 10: 1/1	Map 11: 1/1	Map 12: 7/7	Map 6: 0/274	Map 7: 0(+315)/435	Map 8: 1/1	Map 9: 1/1	Reducer 2: 0/1009	Reducer 3: 0/1009	Reducer 4: 0/1009	Reducer 5: 0/1	
INFO  : Map 1: 62(+178)/240	Map 10: 1/1	Map 11: 1/1	Map 12: 7/7	Map 6: 0/274	Map 7: 0(+315)/435	Map 8: 1/1	Map 9: 1/1	Reducer 2: 0/1009	Reducer 3: 0/1009	Reducer 4: 0/1009	Reducer 5: 0/1	
INFO  : Map 1: 63(+177)/240	Map 10: 1/1	Map 11: 1/1	Map 12: 7/7	Map 6: 0/274	Map 7: 0(+315)/435	Map 8: 1/1	Map 9: 1/1	Reducer 2: 0/1009	Reducer 3: 0/1009	Reducer 4: 0/1009	Reducer 5: 0/1	
INFO  : Map 1: 67(+173)/240	Map 10: 1/1	Map 11: 1/1	Map 12: 7/7	Map 6: 0/274	Map 7: 0(+324)/435	Map 8: 1/1	Map 9: 1/1	Reducer 2: 0/1009	Reducer 3: 0/1009	Reducer 4: 0/1009	Reducer 5: 0/1	
INFO  : Map 1: 72(+168)/240	Map 10: 1/1	Map 11: 1/1	Map 12: 7/7	Map 6: 0/274	Map 7: 1(+323)/435	Map 8: 1/1	Map 9: 1/1	Reducer 2: 0/1009	Reducer 3: 0/1009	Reducer 4: 0/1009	Reducer 5: 0/1	
INFO  : Map 1: 74(+166)/240	Map 10: 1/1	Map 11: 1/1	Map 12: 7/7	Map 6: 0/274	Map 7: 1(+325)/435	Map 8: 1/1	Map 9: 1/1	Reducer 2: 0/1009	Reducer 3: 0/1009	Reducer 4: 0/1009	Reducer 5: 0/1	
INFO  : Map 1: 75(+165)/240	Map 10: 1/1	Map 11: 1/1	Map 12: 7/7	Map 6: 0/274	Map 7: 1(+329)/435	Map 8: 1/1	Map 9: 1/1	Reducer 2: 0/1009	Reducer 3: 0/1009	Reducer 4: 0/1009	Reducer 5: 0/1	
INFO  : Map 1: 78(+162)/240	Map 10: 1/1	Map 11: 1/1	Map 12: 7/7	Map 6: 0/274	Map 7: 1(+345)/435	Map 8: 1/1	Map 9: 1/1	Reducer 2: 0/1009	Reducer 3: 0/1009	Reducer 4: 0/1009	Reducer 5: 0/1	
INFO  : Map 1: 85(+155)/240	Map 10: 1/1	Map 11: 1/1	Map 12: 7/7	Map 6: 0/274	Map 7: 2(+349)/435	Map 8: 1/1	Map 9: 1/1	Reducer 2: 0/1009	Reducer 3: 0/1009	Reducer 4: 0/1009	Reducer 5: 0/1	
INFO  : Map 1: 87(+153)/240	Map 10: 1/1	Map 11: 1/1	Map 12: 7/7	Map 6: 0/274	Map 7: 3(+359)/435	Map 8: 1/1	Map 9: 1/1	Reducer 2: 0/1009	Reducer 3: 0/1009	Reducer 4: 0/1009	Reducer 5: 0/1	
INFO  : Map 1: 109(+131)/240	Map 10: 1/1	Map 11: 1/1	Map 12: 7/7	Map 6: 0/274	Map 7: 23(+345)/435	Map 8: 1/1	Map 9: 1/1	Reducer 2: 0/1009	Reducer 3: 0/1009	Reducer 4: 0/1009	Reducer 5: 0/1	
INFO  : Map 1: 120(+120)/240	Map 10: 1/1	Map 11: 1/1	Map 12: 7/7	Map 6: 0/274	Map 7: 39(+331)/435	Map 8: 1/1	Map 9: 1/1	Reducer 2: 0/1009	Reducer 3: 0/1009	Reducer 4: 0/1009	Reducer 5: 0/1	
INFO  : Map 1: 128(+112)/240	Map 10: 1/1	Map 11: 1/1	Map 12: 7/7	Map 6: 0/274	Map 7: 59(+313)/435	Map 8: 1/1	Map 9: 1/1	Reducer 2: 0/1009	Reducer 3: 0/1009	Reducer 4: 0/1009	Reducer 5: 0/1	
INFO  : Map 1: 136(+104)/240	Map 10: 1/1	Map 11: 1/1	Map 12: 7/7	Map 6: 0/274	Map 7: 79(+295)/435	Map 8: 1/1	Map 9: 1/1	Reducer 2: 0/1009	Reducer 3: 0/1009	Reducer 4: 0/1009	Reducer 5: 0/1	
INFO  : Map 1: 143(+97)/240	Map 10: 1/1	Map 11: 1/1	Map 12: 7/7	Map 6: 0/274	Map 7: 94(+281)/435	Map 8: 1/1	Map 9: 1/1	Reducer 2: 0/1009	Reducer 3: 0/1009	Reducer 4: 0/1009	Reducer 5: 0/1	
INFO  : Map 1: 151(+89)/240	Map 10: 1/1	Map 11: 1/1	Map 12: 7/7	Map 6: 0/274	Map 7: 116(+263)/435	Map 8: 1/1	Map 9: 1/1	Reducer 2: 0/1009	Reducer 3: 0/1009	Reducer 4: 0/1009	Reducer 5: 0/1	
INFO  : Map 1: 161(+79)/240	Map 10: 1/1	Map 11: 1/1	Map 12: 7/7	Map 6: 0/274	Map 7: 145(+235)/435	Map 8: 1/1	Map 9: 1/1	Reducer 2: 0/1009	Reducer 3: 0/1009	Reducer 4: 0/1009	Reducer 5: 0/1	
INFO  : Map 1: 165(+75)/240	Map 10: 1/1	Map 11: 1/1	Map 12: 7/7	Map 6: 0/274	Map 7: 183(+201)/435	Map 8: 1/1	Map 9: 1/1	Reducer 2: 0/1009	Reducer 3: 0/1009	Reducer 4: 0/1009	Reducer 5: 0/1	
INFO  : Map 1: 172(+68)/240	Map 10: 1/1	Map 11: 1/1	Map 12: 7/7	Map 6: 0/274	Map 7: 230(+156)/435	Map 8: 1/1	Map 9: 1/1	Reducer 2: 0/1009	Reducer 3: 0/1009	Reducer 4: 0/1009	Reducer 5: 0/1	
INFO  : Map 1: 180(+60)/240	Map 10: 1/1	Map 11: 1/1	Map 12: 7/7	Map 6: 0/274	Map 7: 265(+121)/435	Map 8: 1/1	Map 9: 1/1	Reducer 2: 0/1009	Reducer 3: 0/1009	Reducer 4: 0/1009	Reducer 5: 0/1	
INFO  : Map 1: 183(+57)/240	Map 10: 1/1	Map 11: 1/1	Map 12: 7/7	Map 6: 0/274	Map 7: 282(+104)/435	Map 8: 1/1	Map 9: 1/1	Reducer 2: 0/1009	Reducer 3: 0/1009	Reducer 4: 0/1009	Reducer 5: 0/1	
INFO  : Map 1: 187(+53)/240	Map 10: 1/1	Map 11: 1/1	Map 12: 7/7	Map 6: 0/274	Map 7: 305(+81)/435	Map 8: 1/1	Map 9: 1/1	Reducer 2: 0/1009	Reducer 3: 0/1009	Reducer 4: 0/1009	Reducer 5: 0/1	
INFO  : Map 1: 194(+46)/240	Map 10: 1/1	Map 11: 1/1	Map 12: 7/7	Map 6: 0/274	Map 7: 317(+69)/435	Map 8: 1/1	Map 9: 1/1	Reducer 2: 0/1009	Reducer 3: 0/1009	Reducer 4: 0/1009	Reducer 5: 0/1	
INFO  : Map 1: 195(+45)/240	Map 10: 1/1	Map 11: 1/1	Map 12: 7/7	Map 6: 0/274	Map 7: 330(+57)/435	Map 8: 1/1	Map 9: 1/1	Reducer 2: 0/1009	Reducer 3: 0/1009	Reducer 4: 0/1009	Reducer 5: 0/1	
INFO  : Map 1: 197(+43)/240	Map 10: 1/1	Map 11: 1/1	Map 12: 7/7	Map 6: 0/274	Map 7: 342(+45)/435	Map 8: 1/1	Map 9: 1/1	Reducer 2: 0/1009	Reducer 3: 0/1009	Reducer 4: 0/1009	Reducer 5: 0/1	
INFO  : Map 1: 198(+42)/240	Map 10: 1/1	Map 11: 1/1	Map 12: 7/7	Map 6: 0/274	Map 7: 344(+43)/435	Map 8: 1/1	Map 9: 1/1	Reducer 2: 0/1009	Reducer 3: 0/1009	Reducer 4: 0/1009	Reducer 5: 0/1	
INFO  : Map 1: 199(+41)/240	Map 10: 1/1	Map 11: 1/1	Map 12: 7/7	Map 6: 0/274	Map 7: 352(+35)/435	Map 8: 1/1	Map 9: 1/1	Reducer 2: 0/1009	Reducer 3: 0/1009	Reducer 4: 0/1009	Reducer 5: 0/1	
INFO  : Map 1: 199(+41)/240	Map 10: 1/1	Map 11: 1/1	Map 12: 7/7	Map 6: 0/274	Map 7: 359(+28)/435	Map 8: 1/1	Map 9: 1/1	Reducer 2: 0/1009	Reducer 3: 0/1009	Reducer 4: 0/1009	Reducer 5: 0/1	
INFO  : Map 1: 199(+41)/240	Map 10: 1/1	Map 11: 1/1	Map 12: 7/7	Map 6: 0/274	Map 7: 365(+22)/435	Map 8: 1/1	Map 9: 1/1	Reducer 2: 0/1009	Reducer 3: 0/1009	Reducer 4: 0/1009	Reducer 5: 0/1	
INFO  : Map 1: 199(+41)/240	Map 10: 1/1	Map 11: 1/1	Map 12: 7/7	Map 6: 0/274	Map 7: 368(+19)/435	Map 8: 1/1	Map 9: 1/1	Reducer 2: 0/1009	Reducer 3: 0/1009	Reducer 4: 0/1009	Reducer 5: 0/1	
INFO  : Map 1: 199(+41)/240	Map 10: 1/1	Map 11: 1/1	Map 12: 7/7	Map 6: 0/274	Map 7: 369(+18)/435	Map 8: 1/1	Map 9: 1/1	Reducer 2: 0/1009	Reducer 3: 0/1009	Reducer 4: 0/1009	Reducer 5: 0/1	
INFO  : Map 1: 199(+41)/240	Map 10: 1/1	Map 11: 1/1	Map 12: 7/7	Map 6: 0/274	Map 7: 374(+13)/435	Map 8: 1/1	Map 9: 1/1	Reducer 2: 0/1009	Reducer 3: 0/1009	Reducer 4: 0/1009	Reducer 5: 0/1	
INFO  : Map 1: 199(+41)/240	Map 10: 1/1	Map 11: 1/1	Map 12: 7/7	Map 6: 0(+274)/274	Map 7: 374(+61)/435	Map 8: 1/1	Map 9: 1/1	Reducer 2: 0/1009	Reducer 3: 0/1009	Reducer 4: 0/1009	Reducer 5: 0/1	
INFO  : Map 1: 199(+41)/240	Map 10: 1/1	Map 11: 1/1	Map 12: 7/7	Map 6: 0(+274)/274	Map 7: 375(+60)/435	Map 8: 1/1	Map 9: 1/1	Reducer 2: 0/1009	Reducer 3: 0/1009	Reducer 4: 0/1009	Reducer 5: 0/1	
INFO  : Map 1: 199(+41)/240	Map 10: 1/1	Map 11: 1/1	Map 12: 7/7	Map 6: 0(+274)/274	Map 7: 377(+58)/435	Map 8: 1/1	Map 9: 1/1	Reducer 2: 0/1009	Reducer 3: 0/1009	Reducer 4: 0/1009	Reducer 5: 0/1	
INFO  : Map 1: 199(+41)/240	Map 10: 1/1	Map 11: 1/1	Map 12: 7/7	Map 6: 0(+274)/274	Map 7: 379(+56)/435	Map 8: 1/1	Map 9: 1/1	Reducer 2: 0/1009	Reducer 3: 0/1009	Reducer 4: 0/1009	Reducer 5: 0/1	
INFO  : Map 1: 199(+41)/240	Map 10: 1/1	Map 11: 1/1	Map 12: 7/7	Map 6: 0(+274)/274	Map 7: 380(+55)/435	Map 8: 1/1	Map 9: 1/1	Reducer 2: 0/1009	Reducer 3: 0/1009	Reducer 4: 0/1009	Reducer 5: 0/1	
INFO  : Map 1: 199(+41)/240	Map 10: 1/1	Map 11: 1/1	Map 12: 7/7	Map 6: 1(+273)/274	Map 7: 382(+53)/435	Map 8: 1/1	Map 9: 1/1	Reducer 2: 0/1009	Reducer 3: 0/1009	Reducer 4: 0/1009	Reducer 5: 0/1	
INFO  : Map 1: 199(+41)/240	Map 10: 1/1	Map 11: 1/1	Map 12: 7/7	Map 6: 3(+271)/274	Map 7: 382(+53)/435	Map 8: 1/1	Map 9: 1/1	Reducer 2: 0/1009	Reducer 3: 0/1009	Reducer 4: 0/1009	Reducer 5: 0/1	
INFO  : Map 1: 199(+41)/240	Map 10: 1/1	Map 11: 1/1	Map 12: 7/7	Map 6: 6(+268)/274	Map 7: 382(+53)/435	Map 8: 1/1	Map 9: 1/1	Reducer 2: 0/1009	Reducer 3: 0/1009	Reducer 4: 0/1009	Reducer 5: 0/1	
INFO  : Map 1: 199(+41)/240	Map 10: 1/1	Map 11: 1/1	Map 12: 7/7	Map 6: 16(+258)/274	Map 7: 382(+53)/435	Map 8: 1/1	Map 9: 1/1	Reducer 2: 0/1009	Reducer 3: 0/1009	Reducer 4: 0/1009	Reducer 5: 0/1	
INFO  : Map 1: 199(+41)/240	Map 10: 1/1	Map 11: 1/1	Map 12: 7/7	Map 6: 32(+242)/274	Map 7: 382(+53)/435	Map 8: 1/1	Map 9: 1/1	Reducer 2: 0/1009	Reducer 3: 0/1009	Reducer 4: 0/1009	Reducer 5: 0/1	
INFO  : Map 1: 199(+41)/240	Map 10: 1/1	Map 11: 1/1	Map 12: 7/7	Map 6: 46(+228)/274	Map 7: 382(+53)/435	Map 8: 1/1	Map 9: 1/1	Reducer 2: 0/1009	Reducer 3: 0/1009	Reducer 4: 0/1009	Reducer 5: 0/1	
INFO  : Map 1: 199(+41)/240	Map 10: 1/1	Map 11: 1/1	Map 12: 7/7	Map 6: 64(+210)/274	Map 7: 382(+53)/435	Map 8: 1/1	Map 9: 1/1	Reducer 2: 0/1009	Reducer 3: 0/1009	Reducer 4: 0/1009	Reducer 5: 0/1	
INFO  : Map 1: 199(+41)/240	Map 10: 1/1	Map 11: 1/1	Map 12: 7/7	Map 6: 87(+187)/274	Map 7: 383(+52)/435	Map 8: 1/1	Map 9: 1/1	Reducer 2: 0/1009	Reducer 3: 0/1009	Reducer 4: 0/1009	Reducer 5: 0/1	
INFO  : Map 1: 199(+41)/240	Map 10: 1/1	Map 11: 1/1	Map 12: 7/7	Map 6: 101(+173)/274	Map 7: 383(+52)/435	Map 8: 1/1	Map 9: 1/1	Reducer 2: 0/1009	Reducer 3: 0/1009	Reducer 4: 0/1009	Reducer 5: 0/1	
INFO  : Map 1: 202(+38)/240	Map 10: 1/1	Map 11: 1/1	Map 12: 7/7	Map 6: 128(+146)/274	Map 7: 384(+51)/435	Map 8: 1/1	Map 9: 1/1	Reducer 2: 0/1009	Reducer 3: 0/1009	Reducer 4: 0/1009	Reducer 5: 0/1	
INFO  : Map 1: 203(+37)/240	Map 10: 1/1	Map 11: 1/1	Map 12: 7/7	Map 6: 152(+122)/274	Map 7: 385(+50)/435	Map 8: 1/1	Map 9: 1/1	Reducer 2: 0(+50)/1009	Reducer 3: 0/1009	Reducer 4: 0/1009	Reducer 5: 0/1	
INFO  : Map 1: 203(+37)/240	Map 10: 1/1	Map 11: 1/1	Map 12: 7/7	Map 6: 161(+113)/274	Map 7: 385(+50)/435	Map 8: 1/1	Map 9: 1/1	Reducer 2: 0(+303)/1009	Reducer 3: 0/1009	Reducer 4: 0/1009	Reducer 5: 0/1	
INFO  : Map 1: 203(+37)/240	Map 10: 1/1	Map 11: 1/1	Map 12: 7/7	Map 6: 169(+105)/274	Map 7: 387(+48)/435	Map 8: 1/1	Map 9: 1/1	Reducer 2: 0(+314)/1009	Reducer 3: 0/1009	Reducer 4: 0/1009	Reducer 5: 0/1	
INFO  : Map 1: 204(+36)/240	Map 10: 1/1	Map 11: 1/1	Map 12: 7/7	Map 6: 173(+101)/274	Map 7: 387(+48)/435	Map 8: 1/1	Map 9: 1/1	Reducer 2: 0(+319)/1009	Reducer 3: 0/1009	Reducer 4: 0/1009	Reducer 5: 0/1	
INFO  : Map 1: 205(+35)/240	Map 10: 1/1	Map 11: 1/1	Map 12: 7/7	Map 6: 198(+76)/274	Map 7: 388(+47)/435	Map 8: 1/1	Map 9: 1/1	Reducer 2: 0(+345)/1009	Reducer 3: 0/1009	Reducer 4: 0/1009	Reducer 5: 0/1	
INFO  : Map 1: 209(+31)/240	Map 10: 1/1	Map 11: 1/1	Map 12: 7/7	Map 6: 211(+63)/274	Map 7: 389(+46)/435	Map 8: 1/1	Map 9: 1/1	Reducer 2: 0(+364)/1009	Reducer 3: 0/1009	Reducer 4: 0/1009	Reducer 5: 0/1	
INFO  : Map 1: 212(+28)/240	Map 10: 1/1	Map 11: 1/1	Map 12: 7/7	Map 6: 223(+51)/274	Map 7: 389(+46)/435	Map 8: 1/1	Map 9: 1/1	Reducer 2: 0(+379)/1009	Reducer 3: 0/1009	Reducer 4: 0/1009	Reducer 5: 0/1	
INFO  : Map 1: 215(+25)/240	Map 10: 1/1	Map 11: 1/1	Map 12: 7/7	Map 6: 232(+42)/274	Map 7: 391(+44)/435	Map 8: 1/1	Map 9: 1/1	Reducer 2: 0(+393)/1009	Reducer 3: 0/1009	Reducer 4: 0/1009	Reducer 5: 0/1	
INFO  : Map 1: 216(+24)/240	Map 10: 1/1	Map 11: 1/1	Map 12: 7/7	Map 6: 250(+24)/274	Map 7: 392(+43)/435	Map 8: 1/1	Map 9: 1/1	Reducer 2: 0(+413)/1009	Reducer 3: 0/1009	Reducer 4: 0/1009	Reducer 5: 0/1	
INFO  : Map 1: 217(+23)/240	Map 10: 1/1	Map 11: 1/1	Map 12: 7/7	Map 6: 256(+18)/274	Map 7: 394(+41)/435	Map 8: 1/1	Map 9: 1/1	Reducer 2: 0(+422)/1009	Reducer 3: 0/1009	Reducer 4: 0/1009	Reducer 5: 0/1	
INFO  : Map 1: 220(+20)/240	Map 10: 1/1	Map 11: 1/1	Map 12: 7/7	Map 6: 264(+10)/274	Map 7: 395(+40)/435	Map 8: 1/1	Map 9: 1/1	Reducer 2: 0(+434)/1009	Reducer 3: 0/1009	Reducer 4: 0/1009	Reducer 5: 0/1	
INFO  : Map 1: 221(+19)/240	Map 10: 1/1	Map 11: 1/1	Map 12: 7/7	Map 6: 268(+6)/274	Map 7: 395(+40)/435	Map 8: 1/1	Map 9: 1/1	Reducer 2: 0(+439)/1009	Reducer 3: 0/1009	Reducer 4: 0/1009	Reducer 5: 0/1	
INFO  : Map 1: 222(+18)/240	Map 10: 1/1	Map 11: 1/1	Map 12: 7/7	Map 6: 268(+6)/274	Map 7: 395(+40)/435	Map 8: 1/1	Map 9: 1/1	Reducer 2: 0(+440)/1009	Reducer 3: 0/1009	Reducer 4: 0/1009	Reducer 5: 0/1	
INFO  : Map 1: 223(+17)/240	Map 10: 1/1	Map 11: 1/1	Map 12: 7/7	Map 6: 269(+5)/274	Map 7: 398(+37)/435	Map 8: 1/1	Map 9: 1/1	Reducer 2: 0(+445)/1009	Reducer 3: 0/1009	Reducer 4: 0/1009	Reducer 5: 0/1	
INFO  : Map 1: 226(+14)/240	Map 10: 1/1	Map 11: 1/1	Map 12: 7/7	Map 6: 269(+5)/274	Map 7: 401(+34)/435	Map 8: 1/1	Map 9: 1/1	Reducer 2: 0(+451)/1009	Reducer 3: 0/1009	Reducer 4: 0/1009	Reducer 5: 0/1	
INFO  : Map 1: 230(+10)/240	Map 10: 1/1	Map 11: 1/1	Map 12: 7/7	Map 6: 270(+4)/274	Map 7: 407(+28)/435	Map 8: 1/1	Map 9: 1/1	Reducer 2: 0(+462)/1009	Reducer 3: 0/1009	Reducer 4: 0/1009	Reducer 5: 0/1	
INFO  : Map 1: 236(+4)/240	Map 10: 1/1	Map 11: 1/1	Map 12: 7/7	Map 6: 271(+3)/274	Map 7: 409(+26)/435	Map 8: 1/1	Map 9: 1/1	Reducer 2: 0(+471)/1009	Reducer 3: 0/1009	Reducer 4: 0/1009	Reducer 5: 0/1	
INFO  : Map 1: 238(+2)/240	Map 10: 1/1	Map 11: 1/1	Map 12: 7/7	Map 6: 272(+2)/274	Map 7: 413(+22)/435	Map 8: 1/1	Map 9: 1/1	Reducer 2: 0(+478)/1009	Reducer 3: 0/1009	Reducer 4: 0/1009	Reducer 5: 0/1	
INFO  : Map 1: 238(+2)/240	Map 10: 1/1	Map 11: 1/1	Map 12: 7/7	Map 6: 272(+2)/274	Map 7: 414(+21)/435	Map 8: 1/1	Map 9: 1/1	Reducer 2: 0(+479)/1009	Reducer 3: 0/1009	Reducer 4: 0/1009	Reducer 5: 0/1	
INFO  : Map 1: 238(+2)/240	Map 10: 1/1	Map 11: 1/1	Map 12: 7/7	Map 6: 272(+2)/274	Map 7: 417(+18)/435	Map 8: 1/1	Map 9: 1/1	Reducer 2: 0(+482)/1009	Reducer 3: 0/1009	Reducer 4: 0/1009	Reducer 5: 0/1	
INFO  : Map 1: 238(+2)/240	Map 10: 1/1	Map 11: 1/1	Map 12: 7/7	Map 6: 272(+2)/274	Map 7: 418(+17)/435	Map 8: 1/1	Map 9: 1/1	Reducer 2: 0(+483)/1009	Reducer 3: 0/1009	Reducer 4: 0/1009	Reducer 5: 0/1	
INFO  : Map 1: 239(+1)/240	Map 10: 1/1	Map 11: 1/1	Map 12: 7/7	Map 6: 272(+2)/274	Map 7: 423(+12)/435	Map 8: 1/1	Map 9: 1/1	Reducer 2: 0(+489)/1009	Reducer 3: 0/1009	Reducer 4: 0/1009	Reducer 5: 0/1	
INFO  : Map 1: 240/240	Map 10: 1/1	Map 11: 1/1	Map 12: 7/7	Map 6: 272(+2)/274	Map 7: 423(+12)/435	Map 8: 1/1	Map 9: 1/1	Reducer 2: 0(+490)/1009	Reducer 3: 0/1009	Reducer 4: 0/1009	Reducer 5: 0/1	
INFO  : Map 1: 240/240	Map 10: 1/1	Map 11: 1/1	Map 12: 7/7	Map 6: 273(+1)/274	Map 7: 423(+12)/435	Map 8: 1/1	Map 9: 1/1	Reducer 2: 0(+491)/1009	Reducer 3: 0/1009	Reducer 4: 0/1009	Reducer 5: 0/1	
INFO  : Map 1: 240/240	Map 10: 1/1	Map 11: 1/1	Map 12: 7/7	Map 6: 273(+1)/274	Map 7: 425(+10)/435	Map 8: 1/1	Map 9: 1/1	Reducer 2: 0(+493)/1009	Reducer 3: 0/1009	Reducer 4: 0/1009	Reducer 5: 0/1	
INFO  : Map 1: 240/240	Map 10: 1/1	Map 11: 1/1	Map 12: 7/7	Map 6: 273(+1)/274	Map 7: 427(+8)/435	Map 8: 1/1	Map 9: 1/1	Reducer 2: 0(+495)/1009	Reducer 3: 0/1009	Reducer 4: 0/1009	Reducer 5: 0/1	
INFO  : Map 1: 240/240	Map 10: 1/1	Map 11: 1/1	Map 12: 7/7	Map 6: 273(+1)/274	Map 7: 428(+7)/435	Map 8: 1/1	Map 9: 1/1	Reducer 2: 0(+496)/1009	Reducer 3: 0/1009	Reducer 4: 0/1009	Reducer 5: 0/1	
INFO  : Map 1: 240/240	Map 10: 1/1	Map 11: 1/1	Map 12: 7/7	Map 6: 274/274	Map 7: 429(+6)/435	Map 8: 1/1	Map 9: 1/1	Reducer 2: 0(+498)/1009	Reducer 3: 0/1009	Reducer 4: 0/1009	Reducer 5: 0/1	
INFO  : Map 1: 240/240	Map 10: 1/1	Map 11: 1/1	Map 12: 7/7	Map 6: 274/274	Map 7: 431(+4)/435	Map 8: 1/1	Map 9: 1/1	Reducer 2: 0(+500)/1009	Reducer 3: 0/1009	Reducer 4: 0/1009	Reducer 5: 0/1	
INFO  : Map 1: 240/240	Map 10: 1/1	Map 11: 1/1	Map 12: 7/7	Map 6: 274/274	Map 7: 431(+4)/435	Map 8: 1/1	Map 9: 1/1	Reducer 2: 1(+500)/1009	Reducer 3: 0/1009	Reducer 4: 0/1009	Reducer 5: 0/1	
INFO  : Map 1: 240/240	Map 10: 1/1	Map 11: 1/1	Map 12: 7/7	Map 6: 274/274	Map 7: 431(+4)/435	Map 8: 1/1	Map 9: 1/1	Reducer 2: 3(+500)/1009	Reducer 3: 0/1009	Reducer 4: 0/1009	Reducer 5: 0/1	
INFO  : Map 1: 240/240	Map 10: 1/1	Map 11: 1/1	Map 12: 7/7	Map 6: 274/274	Map 7: 431(+4)/435	Map 8: 1/1	Map 9: 1/1	Reducer 2: 10(+500)/1009	Reducer 3: 0/1009	Reducer 4: 0/1009	Reducer 5: 0/1	
INFO  : Map 1: 240/240	Map 10: 1/1	Map 11: 1/1	Map 12: 7/7	Map 6: 274/274	Map 7: 431(+4)/435	Map 8: 1/1	Map 9: 1/1	Reducer 2: 12(+500)/1009	Reducer 3: 0/1009	Reducer 4: 0/1009	Reducer 5: 0/1	
INFO  : Map 1: 240/240	Map 10: 1/1	Map 11: 1/1	Map 12: 7/7	Map 6: 274/274	Map 7: 431(+4)/435	Map 8: 1/1	Map 9: 1/1	Reducer 2: 17(+500)/1009	Reducer 3: 0/1009	Reducer 4: 0/1009	Reducer 5: 0/1	
INFO  : Map 1: 240/240	Map 10: 1/1	Map 11: 1/1	Map 12: 7/7	Map 6: 274/274	Map 7: 431(+4)/435	Map 8: 1/1	Map 9: 1/1	Reducer 2: 23(+500)/1009	Reducer 3: 0/1009	Reducer 4: 0/1009	Reducer 5: 0/1	
INFO  : Map 1: 240/240	Map 10: 1/1	Map 11: 1/1	Map 12: 7/7	Map 6: 274/274	Map 7: 431(+4)/435	Map 8: 1/1	Map 9: 1/1	Reducer 2: 30(+500)/1009	Reducer 3: 0/1009	Reducer 4: 0/1009	Reducer 5: 0/1	
INFO  : Map 1: 240/240	Map 10: 1/1	Map 11: 1/1	Map 12: 7/7	Map 6: 274/274	Map 7: 431(+4)/435	Map 8: 1/1	Map 9: 1/1	Reducer 2: 44(+500)/1009	Reducer 3: 0/1009	Reducer 4: 0/1009	Reducer 5: 0/1	
INFO  : Map 1: 240/240	Map 10: 1/1	Map 11: 1/1	Map 12: 7/7	Map 6: 274/274	Map 7: 431(+4)/435	Map 8: 1/1	Map 9: 1/1	Reducer 2: 59(+500)/1009	Reducer 3: 0/1009	Reducer 4: 0/1009	Reducer 5: 0/1	
INFO  : Map 1: 240/240	Map 10: 1/1	Map 11: 1/1	Map 12: 7/7	Map 6: 274/274	Map 7: 431(+4)/435	Map 8: 1/1	Map 9: 1/1	Reducer 2: 65(+500)/1009	Reducer 3: 0/1009	Reducer 4: 0/1009	Reducer 5: 0/1	
INFO  : Map 1: 240/240	Map 10: 1/1	Map 11: 1/1	Map 12: 7/7	Map 6: 274/274	Map 7: 431(+4)/435	Map 8: 1/1	Map 9: 1/1	Reducer 2: 77(+500)/1009	Reducer 3: 0/1009	Reducer 4: 0/1009	Reducer 5: 0/1	
INFO  : Map 1: 240/240	Map 10: 1/1	Map 11: 1/1	Map 12: 7/7	Map 6: 274/274	Map 7: 432(+3)/435	Map 8: 1/1	Map 9: 1/1	Reducer 2: 95(+501)/1009	Reducer 3: 0/1009	Reducer 4: 0/1009	Reducer 5: 0/1	
INFO  : Map 1: 240/240	Map 10: 1/1	Map 11: 1/1	Map 12: 7/7	Map 6: 274/274	Map 7: 432(+3)/435	Map 8: 1/1	Map 9: 1/1	Reducer 2: 124(+501)/1009	Reducer 3: 0/1009	Reducer 4: 0/1009	Reducer 5: 0/1	
INFO  : Map 1: 240/240	Map 10: 1/1	Map 11: 1/1	Map 12: 7/7	Map 6: 274/274	Map 7: 432(+3)/435	Map 8: 1/1	Map 9: 1/1	Reducer 2: 148(+501)/1009	Reducer 3: 0/1009	Reducer 4: 0/1009	Reducer 5: 0/1	
INFO  : Map 1: 240/240	Map 10: 1/1	Map 11: 1/1	Map 12: 7/7	Map 6: 274/274	Map 7: 432(+3)/435	Map 8: 1/1	Map 9: 1/1	Reducer 2: 168(+501)/1009	Reducer 3: 0/1009	Reducer 4: 0/1009	Reducer 5: 0/1	
INFO  : Map 1: 240/240	Map 10: 1/1	Map 11: 1/1	Map 12: 7/7	Map 6: 274/274	Map 7: 432(+3)/435	Map 8: 1/1	Map 9: 1/1	Reducer 2: 183(+501)/1009	Reducer 3: 0/1009	Reducer 4: 0/1009	Reducer 5: 0/1	
INFO  : Map 1: 240/240	Map 10: 1/1	Map 11: 1/1	Map 12: 7/7	Map 6: 274/274	Map 7: 432(+3)/435	Map 8: 1/1	Map 9: 1/1	Reducer 2: 203(+501)/1009	Reducer 3: 0/1009	Reducer 4: 0/1009	Reducer 5: 0/1	
INFO  : Map 1: 240/240	Map 10: 1/1	Map 11: 1/1	Map 12: 7/7	Map 6: 274/274	Map 7: 432(+3)/435	Map 8: 1/1	Map 9: 1/1	Reducer 2: 216(+501)/1009	Reducer 3: 0/1009	Reducer 4: 0/1009	Reducer 5: 0/1	
INFO  : Map 1: 240/240	Map 10: 1/1	Map 11: 1/1	Map 12: 7/7	Map 6: 274/274	Map 7: 432(+3)/435	Map 8: 1/1	Map 9: 1/1	Reducer 2: 241(+501)/1009	Reducer 3: 0/1009	Reducer 4: 0/1009	Reducer 5: 0/1	
INFO  : Map 1: 240/240	Map 10: 1/1	Map 11: 1/1	Map 12: 7/7	Map 6: 274/274	Map 7: 432(+3)/435	Map 8: 1/1	Map 9: 1/1	Reducer 2: 272(+501)/1009	Reducer 3: 0/1009	Reducer 4: 0/1009	Reducer 5: 0/1	
INFO  : Map 1: 240/240	Map 10: 1/1	Map 11: 1/1	Map 12: 7/7	Map 6: 274/274	Map 7: 432(+3)/435	Map 8: 1/1	Map 9: 1/1	Reducer 2: 293(+501)/1009	Reducer 3: 0/1009	Reducer 4: 0/1009	Reducer 5: 0/1	
INFO  : Map 1: 240/240	Map 10: 1/1	Map 11: 1/1	Map 12: 7/7	Map 6: 274/274	Map 7: 432(+3)/435	Map 8: 1/1	Map 9: 1/1	Reducer 2: 311(+500)/1009	Reducer 3: 0/1009	Reducer 4: 0/1009	Reducer 5: 0/1	
INFO  : Map 1: 240/240	Map 10: 1/1	Map 11: 1/1	Map 12: 7/7	Map 6: 274/274	Map 7: 432(+3)/435	Map 8: 1/1	Map 9: 1/1	Reducer 2: 339(+501)/1009	Reducer 3: 0/1009	Reducer 4: 0/1009	Reducer 5: 0/1	
INFO  : Map 1: 240/240	Map 10: 1/1	Map 11: 1/1	Map 12: 7/7	Map 6: 274/274	Map 7: 433(+2)/435	Map 8: 1/1	Map 9: 1/1	Reducer 2: 376(+502)/1009	Reducer 3: 0/1009	Reducer 4: 0/1009	Reducer 5: 0/1	
INFO  : Map 1: 240/240	Map 10: 1/1	Map 11: 1/1	Map 12: 7/7	Map 6: 274/274	Map 7: 434(+1)/435	Map 8: 1/1	Map 9: 1/1	Reducer 2: 401(+503)/1009	Reducer 3: 0/1009	Reducer 4: 0/1009	Reducer 5: 0/1	
INFO  : Map 1: 240/240	Map 10: 1/1	Map 11: 1/1	Map 12: 7/7	Map 6: 274/274	Map 7: 434(+1)/435	Map 8: 1/1	Map 9: 1/1	Reducer 2: 437(+502)/1009	Reducer 3: 0/1009	Reducer 4: 0/1009	Reducer 5: 0/1	
INFO  : Map 1: 240/240	Map 10: 1/1	Map 11: 1/1	Map 12: 7/7	Map 6: 274/274	Map 7: 434(+1)/435	Map 8: 1/1	Map 9: 1/1	Reducer 2: 468(+503)/1009	Reducer 3: 0/1009	Reducer 4: 0/1009	Reducer 5: 0/1	
INFO  : Map 1: 240/240	Map 10: 1/1	Map 11: 1/1	Map 12: 7/7	Map 6: 274/274	Map 7: 434(+1)/435	Map 8: 1/1	Map 9: 1/1	Reducer 2: 503(+503)/1009	Reducer 3: 0/1009	Reducer 4: 0/1009	Reducer 5: 0/1	
INFO  : Map 1: 240/240	Map 10: 1/1	Map 11: 1/1	Map 12: 7/7	Map 6: 274/274	Map 7: 434(+1)/435	Map 8: 1/1	Map 9: 1/1	Reducer 2: 521(+488)/1009	Reducer 3: 0(+15)/1009	Reducer 4: 0/1009	Reducer 5: 0/1	
INFO  : Map 1: 240/240	Map 10: 1/1	Map 11: 1/1	Map 12: 7/7	Map 6: 274/274	Map 7: 434(+1)/435	Map 8: 1/1	Map 9: 1/1	Reducer 2: 529(+480)/1009	Reducer 3: 0(+23)/1009	Reducer 4: 0/1009	Reducer 5: 0/1	
INFO  : Map 1: 240/240	Map 10: 1/1	Map 11: 1/1	Map 12: 7/7	Map 6: 274/274	Map 7: 434(+1)/435	Map 8: 1/1	Map 9: 1/1	Reducer 2: 531(+478)/1009	Reducer 3: 0(+25)/1009	Reducer 4: 0/1009	Reducer 5: 0/1	
INFO  : Map 1: 240/240	Map 10: 1/1	Map 11: 1/1	Map 12: 7/7	Map 6: 274/274	Map 7: 434(+1)/435	Map 8: 1/1	Map 9: 1/1	Reducer 2: 532(+477)/1009	Reducer 3: 0(+26)/1009	Reducer 4: 0/1009	Reducer 5: 0/1	
INFO  : Map 1: 240/240	Map 10: 1/1	Map 11: 1/1	Map 12: 7/7	Map 6: 274/274	Map 7: 435/435	Map 8: 1/1	Map 9: 1/1	Reducer 2: 539(+470)/1009	Reducer 3: 0(+33)/1009	Reducer 4: 0/1009	Reducer 5: 0/1	
INFO  : Map 1: 240/240	Map 10: 1/1	Map 11: 1/1	Map 12: 7/7	Map 6: 274/274	Map 7: 435/435	Map 8: 1/1	Map 9: 1/1	Reducer 2: 546(+463)/1009	Reducer 3: 0(+41)/1009	Reducer 4: 0/1009	Reducer 5: 0/1	
INFO  : Map 1: 240/240	Map 10: 1/1	Map 11: 1/1	Map 12: 7/7	Map 6: 274/274	Map 7: 435/435	Map 8: 1/1	Map 9: 1/1	Reducer 2: 556(+453)/1009	Reducer 3: 0(+51)/1009	Reducer 4: 0/1009	Reducer 5: 0/1	
INFO  : Map 1: 240/240	Map 10: 1/1	Map 11: 1/1	Map 12: 7/7	Map 6: 274/274	Map 7: 435/435	Map 8: 1/1	Map 9: 1/1	Reducer 2: 562(+447)/1009	Reducer 3: 0(+57)/1009	Reducer 4: 0/1009	Reducer 5: 0/1	
INFO  : Map 1: 240/240	Map 10: 1/1	Map 11: 1/1	Map 12: 7/7	Map 6: 274/274	Map 7: 435/435	Map 8: 1/1	Map 9: 1/1	Reducer 2: 572(+437)/1009	Reducer 3: 0(+67)/1009	Reducer 4: 0/1009	Reducer 5: 0/1	
INFO  : Map 1: 240/240	Map 10: 1/1	Map 11: 1/1	Map 12: 7/7	Map 6: 274/274	Map 7: 435/435	Map 8: 1/1	Map 9: 1/1	Reducer 2: 585(+424)/1009	Reducer 3: 0(+80)/1009	Reducer 4: 0/1009	Reducer 5: 0/1	
INFO  : Map 1: 240/240	Map 10: 1/1	Map 11: 1/1	Map 12: 7/7	Map 6: 274/274	Map 7: 435/435	Map 8: 1/1	Map 9: 1/1	Reducer 2: 598(+411)/1009	Reducer 3: 0(+93)/1009	Reducer 4: 0/1009	Reducer 5: 0/1	
INFO  : Map 1: 240/240	Map 10: 1/1	Map 11: 1/1	Map 12: 7/7	Map 6: 274/274	Map 7: 435/435	Map 8: 1/1	Map 9: 1/1	Reducer 2: 618(+390)/1009	Reducer 3: 0(+112)/1009	Reducer 4: 0/1009	Reducer 5: 0/1	
INFO  : Map 1: 240/240	Map 10: 1/1	Map 11: 1/1	Map 12: 7/7	Map 6: 274/274	Map 7: 435/435	Map 8: 1/1	Map 9: 1/1	Reducer 2: 631(+378)/1009	Reducer 3: 0(+126)/1009	Reducer 4: 0/1009	Reducer 5: 0/1	
INFO  : Map 1: 240/240	Map 10: 1/1	Map 11: 1/1	Map 12: 7/7	Map 6: 274/274	Map 7: 435/435	Map 8: 1/1	Map 9: 1/1	Reducer 2: 635(+374)/1009	Reducer 3: 0(+130)/1009	Reducer 4: 0/1009	Reducer 5: 0/1	
INFO  : Map 1: 240/240	Map 10: 1/1	Map 11: 1/1	Map 12: 7/7	Map 6: 274/274	Map 7: 435/435	Map 8: 1/1	Map 9: 1/1	Reducer 2: 644(+365)/1009	Reducer 3: 0(+139)/1009	Reducer 4: 0/1009	Reducer 5: 0/1	
INFO  : Map 1: 240/240	Map 10: 1/1	Map 11: 1/1	Map 12: 7/7	Map 6: 274/274	Map 7: 435/435	Map 8: 1/1	Map 9: 1/1	Reducer 2: 665(+344)/1009	Reducer 3: 0(+160)/1009	Reducer 4: 0/1009	Reducer 5: 0/1	
INFO  : Map 1: 240/240	Map 10: 1/1	Map 11: 1/1	Map 12: 7/7	Map 6: 274/274	Map 7: 435/435	Map 8: 1/1	Map 9: 1/1	Reducer 2: 679(+330)/1009	Reducer 3: 0(+173)/1009	Reducer 4: 0/1009	Reducer 5: 0/1	
INFO  : Map 1: 240/240	Map 10: 1/1	Map 11: 1/1	Map 12: 7/7	Map 6: 274/274	Map 7: 435/435	Map 8: 1/1	Map 9: 1/1	Reducer 2: 691(+318)/1009	Reducer 3: 0(+186)/1009	Reducer 4: 0/1009	Reducer 5: 0/1	
INFO  : Map 1: 240/240	Map 10: 1/1	Map 11: 1/1	Map 12: 7/7	Map 6: 274/274	Map 7: 435/435	Map 8: 1/1	Map 9: 1/1	Reducer 2: 704(+305)/1009	Reducer 3: 0(+199)/1009	Reducer 4: 0/1009	Reducer 5: 0/1	
INFO  : Map 1: 240/240	Map 10: 1/1	Map 11: 1/1	Map 12: 7/7	Map 6: 274/274	Map 7: 435/435	Map 8: 1/1	Map 9: 1/1	Reducer 2: 721(+288)/1009	Reducer 3: 0(+216)/1009	Reducer 4: 0/1009	Reducer 5: 0/1	
INFO  : Map 1: 240/240	Map 10: 1/1	Map 11: 1/1	Map 12: 7/7	Map 6: 274/274	Map 7: 435/435	Map 8: 1/1	Map 9: 1/1	Reducer 2: 734(+275)/1009	Reducer 3: 0(+228)/1009	Reducer 4: 0/1009	Reducer 5: 0/1	
INFO  : Map 1: 240/240	Map 10: 1/1	Map 11: 1/1	Map 12: 7/7	Map 6: 274/274	Map 7: 435/435	Map 8: 1/1	Map 9: 1/1	Reducer 2: 749(+260)/1009	Reducer 3: 0(+243)/1009	Reducer 4: 0/1009	Reducer 5: 0/1	
INFO  : Map 1: 240/240	Map 10: 1/1	Map 11: 1/1	Map 12: 7/7	Map 6: 274/274	Map 7: 435/435	Map 8: 1/1	Map 9: 1/1	Reducer 2: 764(+245)/1009	Reducer 3: 0(+259)/1009	Reducer 4: 0/1009	Reducer 5: 0/1	
INFO  : Map 1: 240/240	Map 10: 1/1	Map 11: 1/1	Map 12: 7/7	Map 6: 274/274	Map 7: 435/435	Map 8: 1/1	Map 9: 1/1	Reducer 2: 774(+235)/1009	Reducer 3: 0(+269)/1009	Reducer 4: 0/1009	Reducer 5: 0/1	
INFO  : Map 1: 240/240	Map 10: 1/1	Map 11: 1/1	Map 12: 7/7	Map 6: 274/274	Map 7: 435/435	Map 8: 1/1	Map 9: 1/1	Reducer 2: 786(+223)/1009	Reducer 3: 0(+281)/1009	Reducer 4: 0/1009	Reducer 5: 0/1	
INFO  : Map 1: 240/240	Map 10: 1/1	Map 11: 1/1	Map 12: 7/7	Map 6: 274/274	Map 7: 435/435	Map 8: 1/1	Map 9: 1/1	Reducer 2: 794(+215)/1009	Reducer 3: 0(+289)/1009	Reducer 4: 0/1009	Reducer 5: 0/1	
INFO  : Map 1: 240/240	Map 10: 1/1	Map 11: 1/1	Map 12: 7/7	Map 6: 274/274	Map 7: 435/435	Map 8: 1/1	Map 9: 1/1	Reducer 2: 805(+204)/1009	Reducer 3: 0(+300)/1009	Reducer 4: 0/1009	Reducer 5: 0/1	
INFO  : Map 1: 240/240	Map 10: 1/1	Map 11: 1/1	Map 12: 7/7	Map 6: 274/274	Map 7: 435/435	Map 8: 1/1	Map 9: 1/1	Reducer 2: 814(+195)/1009	Reducer 3: 0(+309)/1009	Reducer 4: 0/1009	Reducer 5: 0/1	
INFO  : Map 1: 240/240	Map 10: 1/1	Map 11: 1/1	Map 12: 7/7	Map 6: 274/274	Map 7: 435/435	Map 8: 1/1	Map 9: 1/1	Reducer 2: 819(+190)/1009	Reducer 3: 0(+314)/1009	Reducer 4: 0/1009	Reducer 5: 0/1	
INFO  : Map 1: 240/240	Map 10: 1/1	Map 11: 1/1	Map 12: 7/7	Map 6: 274/274	Map 7: 435/435	Map 8: 1/1	Map 9: 1/1	Reducer 2: 826(+183)/1009	Reducer 3: 0(+320)/1009	Reducer 4: 0/1009	Reducer 5: 0/1	
INFO  : Map 1: 240/240	Map 10: 1/1	Map 11: 1/1	Map 12: 7/7	Map 6: 274/274	Map 7: 435/435	Map 8: 1/1	Map 9: 1/1	Reducer 2: 830(+179)/1009	Reducer 3: 0(+325)/1009	Reducer 4: 0/1009	Reducer 5: 0/1	
INFO  : Map 1: 240/240	Map 10: 1/1	Map 11: 1/1	Map 12: 7/7	Map 6: 274/274	Map 7: 435/435	Map 8: 1/1	Map 9: 1/1	Reducer 2: 835(+174)/1009	Reducer 3: 0(+330)/1009	Reducer 4: 0/1009	Reducer 5: 0/1	
INFO  : Map 1: 240/240	Map 10: 1/1	Map 11: 1/1	Map 12: 7/7	Map 6: 274/274	Map 7: 435/435	Map 8: 1/1	Map 9: 1/1	Reducer 2: 839(+170)/1009	Reducer 3: 0(+334)/1009	Reducer 4: 0/1009	Reducer 5: 0/1	
INFO  : Map 1: 240/240	Map 10: 1/1	Map 11: 1/1	Map 12: 7/7	Map 6: 274/274	Map 7: 435/435	Map 8: 1/1	Map 9: 1/1	Reducer 2: 844(+165)/1009	Reducer 3: 0(+339)/1009	Reducer 4: 0/1009	Reducer 5: 0/1	
INFO  : Map 1: 240/240	Map 10: 1/1	Map 11: 1/1	Map 12: 7/7	Map 6: 274/274	Map 7: 435/435	Map 8: 1/1	Map 9: 1/1	Reducer 2: 848(+161)/1009	Reducer 3: 0(+343)/1009	Reducer 4: 0/1009	Reducer 5: 0/1	
INFO  : Map 1: 240/240	Map 10: 1/1	Map 11: 1/1	Map 12: 7/7	Map 6: 274/274	Map 7: 435/435	Map 8: 1/1	Map 9: 1/1	Reducer 2: 849(+160)/1009	Reducer 3: 0(+344)/1009	Reducer 4: 0/1009	Reducer 5: 0/1	
INFO  : Map 1: 240/240	Map 10: 1/1	Map 11: 1/1	Map 12: 7/7	Map 6: 274/274	Map 7: 435/435	Map 8: 1/1	Map 9: 1/1	Reducer 2: 853(+156)/1009	Reducer 3: 0(+348)/1009	Reducer 4: 0/1009	Reducer 5: 0/1	
INFO  : Map 1: 240/240	Map 10: 1/1	Map 11: 1/1	Map 12: 7/7	Map 6: 274/274	Map 7: 435/435	Map 8: 1/1	Map 9: 1/1	Reducer 2: 859(+150)/1009	Reducer 3: 0(+354)/1009	Reducer 4: 0/1009	Reducer 5: 0/1	
INFO  : Map 1: 240/240	Map 10: 1/1	Map 11: 1/1	Map 12: 7/7	Map 6: 274/274	Map 7: 435/435	Map 8: 1/1	Map 9: 1/1	Reducer 2: 867(+142)/1009	Reducer 3: 0(+362)/1009	Reducer 4: 0/1009	Reducer 5: 0/1	
INFO  : Map 1: 240/240	Map 10: 1/1	Map 11: 1/1	Map 12: 7/7	Map 6: 274/274	Map 7: 435/435	Map 8: 1/1	Map 9: 1/1	Reducer 2: 875(+134)/1009	Reducer 3: 0(+370)/1009	Reducer 4: 0/1009	Reducer 5: 0/1	
INFO  : Map 1: 240/240	Map 10: 1/1	Map 11: 1/1	Map 12: 7/7	Map 6: 274/274	Map 7: 435/435	Map 8: 1/1	Map 9: 1/1	Reducer 2: 877(+132)/1009	Reducer 3: 0(+372)/1009	Reducer 4: 0/1009	Reducer 5: 0/1	
INFO  : Map 1: 240/240	Map 10: 1/1	Map 11: 1/1	Map 12: 7/7	Map 6: 274/274	Map 7: 435/435	Map 8: 1/1	Map 9: 1/1	Reducer 2: 878(+131)/1009	Reducer 3: 0(+373)/1009	Reducer 4: 0/1009	Reducer 5: 0/1	
INFO  : Map 1: 240/240	Map 10: 1/1	Map 11: 1/1	Map 12: 7/7	Map 6: 274/274	Map 7: 435/435	Map 8: 1/1	Map 9: 1/1	Reducer 2: 885(+124)/1009	Reducer 3: 0(+380)/1009	Reducer 4: 0/1009	Reducer 5: 0/1	
INFO  : Map 1: 240/240	Map 10: 1/1	Map 11: 1/1	Map 12: 7/7	Map 6: 274/274	Map 7: 435/435	Map 8: 1/1	Map 9: 1/1	Reducer 2: 892(+117)/1009	Reducer 3: 0(+387)/1009	Reducer 4: 0/1009	Reducer 5: 0/1	
INFO  : Map 1: 240/240	Map 10: 1/1	Map 11: 1/1	Map 12: 7/7	Map 6: 274/274	Map 7: 435/435	Map 8: 1/1	Map 9: 1/1	Reducer 2: 898(+111)/1009	Reducer 3: 0(+392)/1009	Reducer 4: 0/1009	Reducer 5: 0/1	
INFO  : Map 1: 240/240	Map 10: 1/1	Map 11: 1/1	Map 12: 7/7	Map 6: 274/274	Map 7: 435/435	Map 8: 1/1	Map 9: 1/1	Reducer 2: 899(+110)/1009	Reducer 3: 0(+394)/1009	Reducer 4: 0/1009	Reducer 5: 0/1	
INFO  : Map 1: 240/240	Map 10: 1/1	Map 11: 1/1	Map 12: 7/7	Map 6: 274/274	Map 7: 435/435	Map 8: 1/1	Map 9: 1/1	Reducer 2: 900(+109)/1009	Reducer 3: 0(+395)/1009	Reducer 4: 0/1009	Reducer 5: 0/1	
INFO  : Map 1: 240/240	Map 10: 1/1	Map 11: 1/1	Map 12: 7/7	Map 6: 274/274	Map 7: 435/435	Map 8: 1/1	Map 9: 1/1	Reducer 2: 900(+109)/1009	Reducer 3: 0(+395)/1009	Reducer 4: 0/1009	Reducer 5: 0/1	
INFO  : Map 1: 240/240	Map 10: 1/1	Map 11: 1/1	Map 12: 7/7	Map 6: 274/274	Map 7: 435/435	Map 8: 1/1	Map 9: 1/1	Reducer 2: 904(+105)/1009	Reducer 3: 0(+399)/1009	Reducer 4: 0/1009	Reducer 5: 0/1	
INFO  : Map 1: 240/240	Map 10: 1/1	Map 11: 1/1	Map 12: 7/7	Map 6: 274/274	Map 7: 435/435	Map 8: 1/1	Map 9: 1/1	Reducer 2: 913(+96)/1009	Reducer 3: 0(+408)/1009	Reducer 4: 0/1009	Reducer 5: 0/1	
INFO  : Map 1: 240/240	Map 10: 1/1	Map 11: 1/1	Map 12: 7/7	Map 6: 274/274	Map 7: 435/435	Map 8: 1/1	Map 9: 1/1	Reducer 2: 917(+92)/1009	Reducer 3: 0(+412)/1009	Reducer 4: 0/1009	Reducer 5: 0/1	
INFO  : Map 1: 240/240	Map 10: 1/1	Map 11: 1/1	Map 12: 7/7	Map 6: 274/274	Map 7: 435/435	Map 8: 1/1	Map 9: 1/1	Reducer 2: 936(+73)/1009	Reducer 3: 0(+431)/1009	Reducer 4: 0/1009	Reducer 5: 0/1	
INFO  : Map 1: 240/240	Map 10: 1/1	Map 11: 1/1	Map 12: 7/7	Map 6: 274/274	Map 7: 435/435	Map 8: 1/1	Map 9: 1/1	Reducer 2: 954(+55)/1009	Reducer 3: 0(+449)/1009	Reducer 4: 0/1009	Reducer 5: 0/1	
INFO  : Map 1: 240/240	Map 10: 1/1	Map 11: 1/1	Map 12: 7/7	Map 6: 274/274	Map 7: 435/435	Map 8: 1/1	Map 9: 1/1	Reducer 2: 957(+52)/1009	Reducer 3: 0(+452)/1009	Reducer 4: 0/1009	Reducer 5: 0/1	
INFO  : Map 1: 240/240	Map 10: 1/1	Map 11: 1/1	Map 12: 7/7	Map 6: 274/274	Map 7: 435/435	Map 8: 1/1	Map 9: 1/1	Reducer 2: 959(+50)/1009	Reducer 3: 0(+454)/1009	Reducer 4: 0/1009	Reducer 5: 0/1	
INFO  : Map 1: 240/240	Map 10: 1/1	Map 11: 1/1	Map 12: 7/7	Map 6: 274/274	Map 7: 435/435	Map 8: 1/1	Map 9: 1/1	Reducer 2: 968(+41)/1009	Reducer 3: 0(+463)/1009	Reducer 4: 0/1009	Reducer 5: 0/1	
INFO  : Map 1: 240/240	Map 10: 1/1	Map 11: 1/1	Map 12: 7/7	Map 6: 274/274	Map 7: 435/435	Map 8: 1/1	Map 9: 1/1	Reducer 2: 978(+31)/1009	Reducer 3: 0(+473)/1009	Reducer 4: 0/1009	Reducer 5: 0/1	
INFO  : Map 1: 240/240	Map 10: 1/1	Map 11: 1/1	Map 12: 7/7	Map 6: 274/274	Map 7: 435/435	Map 8: 1/1	Map 9: 1/1	Reducer 2: 982(+27)/1009	Reducer 3: 0(+477)/1009	Reducer 4: 0/1009	Reducer 5: 0/1	
INFO  : Map 1: 240/240	Map 10: 1/1	Map 11: 1/1	Map 12: 7/7	Map 6: 274/274	Map 7: 435/435	Map 8: 1/1	Map 9: 1/1	Reducer 2: 986(+23)/1009	Reducer 3: 0(+481)/1009	Reducer 4: 0/1009	Reducer 5: 0/1	
INFO  : Map 1: 240/240	Map 10: 1/1	Map 11: 1/1	Map 12: 7/7	Map 6: 274/274	Map 7: 435/435	Map 8: 1/1	Map 9: 1/1	Reducer 2: 990(+19)/1009	Reducer 3: 0(+485)/1009	Reducer 4: 0/1009	Reducer 5: 0/1	
INFO  : Map 1: 240/240	Map 10: 1/1	Map 11: 1/1	Map 12: 7/7	Map 6: 274/274	Map 7: 435/435	Map 8: 1/1	Map 9: 1/1	Reducer 2: 994(+15)/1009	Reducer 3: 0(+489)/1009	Reducer 4: 0/1009	Reducer 5: 0/1	
INFO  : Map 1: 240/240	Map 10: 1/1	Map 11: 1/1	Map 12: 7/7	Map 6: 274/274	Map 7: 435/435	Map 8: 1/1	Map 9: 1/1	Reducer 2: 1002(+7)/1009	Reducer 3: 0(+497)/1009	Reducer 4: 0/1009	Reducer 5: 0/1	
INFO  : Map 1: 240/240	Map 10: 1/1	Map 11: 1/1	Map 12: 7/7	Map 6: 274/274	Map 7: 435/435	Map 8: 1/1	Map 9: 1/1	Reducer 2: 1009/1009	Reducer 3: 0(+504)/1009	Reducer 4: 0/1009	Reducer 5: 0/1	
INFO  : Map 1: 240/240	Map 10: 1/1	Map 11: 1/1	Map 12: 7/7	Map 6: 274/274	Map 7: 435/435	Map 8: 1/1	Map 9: 1/1	Reducer 2: 1009/1009	Reducer 3: 2(+504)/1009	Reducer 4: 0/1009	Reducer 5: 0/1	
INFO  : Map 1: 240/240	Map 10: 1/1	Map 11: 1/1	Map 12: 7/7	Map 6: 274/274	Map 7: 435/435	Map 8: 1/1	Map 9: 1/1	Reducer 2: 1009/1009	Reducer 3: 5(+504)/1009	Reducer 4: 0/1009	Reducer 5: 0/1	
INFO  : Map 1: 240/240	Map 10: 1/1	Map 11: 1/1	Map 12: 7/7	Map 6: 274/274	Map 7: 435/435	Map 8: 1/1	Map 9: 1/1	Reducer 2: 1009/1009	Reducer 3: 16(+504)/1009	Reducer 4: 0/1009	Reducer 5: 0/1	
INFO  : Map 1: 240/240	Map 10: 1/1	Map 11: 1/1	Map 12: 7/7	Map 6: 274/274	Map 7: 435/435	Map 8: 1/1	Map 9: 1/1	Reducer 2: 1009/1009	Reducer 3: 55(+504)/1009	Reducer 4: 0/1009	Reducer 5: 0/1	
INFO  : Map 1: 240/240	Map 10: 1/1	Map 11: 1/1	Map 12: 7/7	Map 6: 274/274	Map 7: 435/435	Map 8: 1/1	Map 9: 1/1	Reducer 2: 1009/1009	Reducer 3: 108(+504)/1009	Reducer 4: 0/1009	Reducer 5: 0/1	
INFO  : Map 1: 240/240	Map 10: 1/1	Map 11: 1/1	Map 12: 7/7	Map 6: 274/274	Map 7: 435/435	Map 8: 1/1	Map 9: 1/1	Reducer 2: 1009/1009	Reducer 3: 151(+504)/1009	Reducer 4: 0/1009	Reducer 5: 0/1	
INFO  : Map 1: 240/240	Map 10: 1/1	Map 11: 1/1	Map 12: 7/7	Map 6: 274/274	Map 7: 435/435	Map 8: 1/1	Map 9: 1/1	Reducer 2: 1009/1009	Reducer 3: 163(+504)/1009	Reducer 4: 0/1009	Reducer 5: 0/1	
INFO  : Map 1: 240/240	Map 10: 1/1	Map 11: 1/1	Map 12: 7/7	Map 6: 274/274	Map 7: 435/435	Map 8: 1/1	Map 9: 1/1	Reducer 2: 1009/1009	Reducer 3: 163(+504)/1009	Reducer 4: 0/1009	Reducer 5: 0/1	
INFO  : Map 1: 240/240	Map 10: 1/1	Map 11: 1/1	Map 12: 7/7	Map 6: 274/274	Map 7: 435/435	Map 8: 1/1	Map 9: 1/1	Reducer 2: 1009/1009	Reducer 3: 165(+504)/1009	Reducer 4: 0/1009	Reducer 5: 0/1	
INFO  : Map 1: 240/240	Map 10: 1/1	Map 11: 1/1	Map 12: 7/7	Map 6: 274/274	Map 7: 435/435	Map 8: 1/1	Map 9: 1/1	Reducer 2: 1009/1009	Reducer 3: 182(+504)/1009	Reducer 4: 0/1009	Reducer 5: 0/1	
INFO  : Map 1: 240/240	Map 10: 1/1	Map 11: 1/1	Map 12: 7/7	Map 6: 274/274	Map 7: 435/435	Map 8: 1/1	Map 9: 1/1	Reducer 2: 1009/1009	Reducer 3: 197(+504)/1009	Reducer 4: 0/1009	Reducer 5: 0/1	
INFO  : Map 1: 240/240	Map 10: 1/1	Map 11: 1/1	Map 12: 7/7	Map 6: 274/274	Map 7: 435/435	Map 8: 1/1	Map 9: 1/1	Reducer 2: 1009/1009	Reducer 3: 199(+504)/1009	Reducer 4: 0/1009	Reducer 5: 0/1	
INFO  : Map 1: 240/240	Map 10: 1/1	Map 11: 1/1	Map 12: 7/7	Map 6: 274/274	Map 7: 435/435	Map 8: 1/1	Map 9: 1/1	Reducer 2: 1009/1009	Reducer 3: 206(+504)/1009	Reducer 4: 0/1009	Reducer 5: 0/1	
INFO  : Map 1: 240/240	Map 10: 1/1	Map 11: 1/1	Map 12: 7/7	Map 6: 274/274	Map 7: 435/435	Map 8: 1/1	Map 9: 1/1	Reducer 2: 1009/1009	Reducer 3: 230(+504)/1009	Reducer 4: 0/1009	Reducer 5: 0/1	
INFO  : Map 1: 240/240	Map 10: 1/1	Map 11: 1/1	Map 12: 7/7	Map 6: 274/274	Map 7: 435/435	Map 8: 1/1	Map 9: 1/1	Reducer 2: 1009/1009	Reducer 3: 238(+504)/1009	Reducer 4: 0/1009	Reducer 5: 0/1	
INFO  : Map 1: 240/240	Map 10: 1/1	Map 11: 1/1	Map 12: 7/7	Map 6: 274/274	Map 7: 435/435	Map 8: 1/1	Map 9: 1/1	Reducer 2: 1009/1009	Reducer 3: 244(+504)/1009	Reducer 4: 0/1009	Reducer 5: 0/1	
INFO  : Map 1: 240/240	Map 10: 1/1	Map 11: 1/1	Map 12: 7/7	Map 6: 274/274	Map 7: 435/435	Map 8: 1/1	Map 9: 1/1	Reducer 2: 1009/1009	Reducer 3: 250(+504)/1009	Reducer 4: 0/1009	Reducer 5: 0/1	
INFO  : Map 1: 240/240	Map 10: 1/1	Map 11: 1/1	Map 12: 7/7	Map 6: 274/274	Map 7: 435/435	Map 8: 1/1	Map 9: 1/1	Reducer 2: 1009/1009	Reducer 3: 251(+504)/1009	Reducer 4: 0/1009	Reducer 5: 0/1	
INFO  : Map 1: 240/240	Map 10: 1/1	Map 11: 1/1	Map 12: 7/7	Map 6: 274/274	Map 7: 435/435	Map 8: 1/1	Map 9: 1/1	Reducer 2: 1009/1009	Reducer 3: 256(+504)/1009	Reducer 4: 0/1009	Reducer 5: 0/1	
INFO  : Map 1: 240/240	Map 10: 1/1	Map 11: 1/1	Map 12: 7/7	Map 6: 274/274	Map 7: 435/435	Map 8: 1/1	Map 9: 1/1	Reducer 2: 1009/1009	Reducer 3: 258(+504)/1009	Reducer 4: 0/1009	Reducer 5: 0/1	
INFO  : Map 1: 240/240	Map 10: 1/1	Map 11: 1/1	Map 12: 7/7	Map 6: 274/274	Map 7: 435/435	Map 8: 1/1	Map 9: 1/1	Reducer 2: 1009/1009	Reducer 3: 262(+504)/1009	Reducer 4: 0/1009	Reducer 5: 0/1	
INFO  : Map 1: 240/240	Map 10: 1/1	Map 11: 1/1	Map 12: 7/7	Map 6: 274/274	Map 7: 435/435	Map 8: 1/1	Map 9: 1/1	Reducer 2: 1009/1009	Reducer 3: 264(+504)/1009	Reducer 4: 0/1009	Reducer 5: 0/1	
INFO  : Map 1: 240/240	Map 10: 1/1	Map 11: 1/1	Map 12: 7/7	Map 6: 274/274	Map 7: 435/435	Map 8: 1/1	Map 9: 1/1	Reducer 2: 1009/1009	Reducer 3: 271(+504)/1009	Reducer 4: 0/1009	Reducer 5: 0/1	
INFO  : Map 1: 240/240	Map 10: 1/1	Map 11: 1/1	Map 12: 7/7	Map 6: 274/274	Map 7: 435/435	Map 8: 1/1	Map 9: 1/1	Reducer 2: 1009/1009	Reducer 3: 281(+504)/1009	Reducer 4: 0/1009	Reducer 5: 0/1	
INFO  : Map 1: 240/240	Map 10: 1/1	Map 11: 1/1	Map 12: 7/7	Map 6: 274/274	Map 7: 435/435	Map 8: 1/1	Map 9: 1/1	Reducer 2: 1009/1009	Reducer 3: 299(+504)/1009	Reducer 4: 0/1009	Reducer 5: 0/1	
INFO  : Map 1: 240/240	Map 10: 1/1	Map 11: 1/1	Map 12: 7/7	Map 6: 274/274	Map 7: 435/435	Map 8: 1/1	Map 9: 1/1	Reducer 2: 1009/1009	Reducer 3: 306(+504)/1009	Reducer 4: 0/1009	Reducer 5: 0/1	
INFO  : Map 1: 240/240	Map 10: 1/1	Map 11: 1/1	Map 12: 7/7	Map 6: 274/274	Map 7: 435/435	Map 8: 1/1	Map 9: 1/1	Reducer 2: 1009/1009	Reducer 3: 309(+505)/1009	Reducer 4: 0/1009	Reducer 5: 0/1	
INFO  : Map 1: 240/240	Map 10: 1/1	Map 11: 1/1	Map 12: 7/7	Map 6: 274/274	Map 7: 435/435	Map 8: 1/1	Map 9: 1/1	Reducer 2: 1009/1009	Reducer 3: 310(+505)/1009	Reducer 4: 0/1009	Reducer 5: 0/1	
INFO  : Map 1: 240/240	Map 10: 1/1	Map 11: 1/1	Map 12: 7/7	Map 6: 274/274	Map 7: 435/435	Map 8: 1/1	Map 9: 1/1	Reducer 2: 1009/1009	Reducer 3: 311(+505)/1009	Reducer 4: 0/1009	Reducer 5: 0/1	
INFO  : Map 1: 240/240	Map 10: 1/1	Map 11: 1/1	Map 12: 7/7	Map 6: 274/274	Map 7: 435/435	Map 8: 1/1	Map 9: 1/1	Reducer 2: 1009/1009	Reducer 3: 312(+505)/1009	Reducer 4: 0/1009	Reducer 5: 0/1	
INFO  : Map 1: 240/240	Map 10: 1/1	Map 11: 1/1	Map 12: 7/7	Map 6: 274/274	Map 7: 435/435	Map 8: 1/1	Map 9: 1/1	Reducer 2: 1009/1009	Reducer 3: 313(+505)/1009	Reducer 4: 0/1009	Reducer 5: 0/1	
INFO  : Map 1: 240/240	Map 10: 1/1	Map 11: 1/1	Map 12: 7/7	Map 6: 274/274	Map 7: 435/435	Map 8: 1/1	Map 9: 1/1	Reducer 2: 1009/1009	Reducer 3: 315(+505)/1009	Reducer 4: 0/1009	Reducer 5: 0/1	
INFO  : Map 1: 240/240	Map 10: 1/1	Map 11: 1/1	Map 12: 7/7	Map 6: 274/274	Map 7: 435/435	Map 8: 1/1	Map 9: 1/1	Reducer 2: 1009/1009	Reducer 3: 318(+505)/1009	Reducer 4: 0/1009	Reducer 5: 0/1	
INFO  : Map 1: 240/240	Map 10: 1/1	Map 11: 1/1	Map 12: 7/7	Map 6: 274/274	Map 7: 435/435	Map 8: 1/1	Map 9: 1/1	Reducer 2: 1009/1009	Reducer 3: 319(+505)/1009	Reducer 4: 0/1009	Reducer 5: 0/1	
INFO  : Map 1: 240/240	Map 10: 1/1	Map 11: 1/1	Map 12: 7/7	Map 6: 274/274	Map 7: 435/435	Map 8: 1/1	Map 9: 1/1	Reducer 2: 1009/1009	Reducer 3: 320(+505)/1009	Reducer 4: 0/1009	Reducer 5: 0/1	
INFO  : Map 1: 240/240	Map 10: 1/1	Map 11: 1/1	Map 12: 7/7	Map 6: 274/274	Map 7: 435/435	Map 8: 1/1	Map 9: 1/1	Reducer 2: 1009/1009	Reducer 3: 328(+505)/1009	Reducer 4: 0/1009	Reducer 5: 0/1	
INFO  : Map 1: 240/240	Map 10: 1/1	Map 11: 1/1	Map 12: 7/7	Map 6: 274/274	Map 7: 435/435	Map 8: 1/1	Map 9: 1/1	Reducer 2: 1009/1009	Reducer 3: 330(+505)/1009	Reducer 4: 0/1009	Reducer 5: 0/1	
INFO  : Map 1: 240/240	Map 10: 1/1	Map 11: 1/1	Map 12: 7/7	Map 6: 274/274	Map 7: 435/435	Map 8: 1/1	Map 9: 1/1	Reducer 2: 1009/1009	Reducer 3: 331(+505)/1009	Reducer 4: 0/1009	Reducer 5: 0/1	
INFO  : Map 1: 240/240	Map 10: 1/1	Map 11: 1/1	Map 12: 7/7	Map 6: 274/274	Map 7: 435/435	Map 8: 1/1	Map 9: 1/1	Reducer 2: 1009/1009	Reducer 3: 342(+504)/1009	Reducer 4: 0/1009	Reducer 5: 0/1	
INFO  : Map 1: 240/240	Map 10: 1/1	Map 11: 1/1	Map 12: 7/7	Map 6: 274/274	Map 7: 435/435	Map 8: 1/1	Map 9: 1/1	Reducer 2: 1009/1009	Reducer 3: 373(+505)/1009	Reducer 4: 0/1009	Reducer 5: 0/1	
INFO  : Map 1: 240/240	Map 10: 1/1	Map 11: 1/1	Map 12: 7/7	Map 6: 274/274	Map 7: 435/435	Map 8: 1/1	Map 9: 1/1	Reducer 2: 1009/1009	Reducer 3: 377(+505)/1009	Reducer 4: 0/1009	Reducer 5: 0/1	
INFO  : Map 1: 240/240	Map 10: 1/1	Map 11: 1/1	Map 12: 7/7	Map 6: 274/274	Map 7: 435/435	Map 8: 1/1	Map 9: 1/1	Reducer 2: 1009/1009	Reducer 3: 394(+505)/1009	Reducer 4: 0/1009	Reducer 5: 0/1	
INFO  : Map 1: 240/240	Map 10: 1/1	Map 11: 1/1	Map 12: 7/7	Map 6: 274/274	Map 7: 435/435	Map 8: 1/1	Map 9: 1/1	Reducer 2: 1009/1009	Reducer 3: 396(+505)/1009	Reducer 4: 0/1009	Reducer 5: 0/1	
INFO  : Map 1: 240/240	Map 10: 1/1	Map 11: 1/1	Map 12: 7/7	Map 6: 274/274	Map 7: 435/435	Map 8: 1/1	Map 9: 1/1	Reducer 2: 1009/1009	Reducer 3: 401(+505)/1009	Reducer 4: 0/1009	Reducer 5: 0/1	
INFO  : Map 1: 240/240	Map 10: 1/1	Map 11: 1/1	Map 12: 7/7	Map 6: 274/274	Map 7: 435/435	Map 8: 1/1	Map 9: 1/1	Reducer 2: 1009/1009	Reducer 3: 407(+505)/1009	Reducer 4: 0/1009	Reducer 5: 0/1	
INFO  : Map 1: 240/240	Map 10: 1/1	Map 11: 1/1	Map 12: 7/7	Map 6: 274/274	Map 7: 435/435	Map 8: 1/1	Map 9: 1/1	Reducer 2: 1009/1009	Reducer 3: 413(+505)/1009	Reducer 4: 0/1009	Reducer 5: 0/1	
INFO  : Map 1: 240/240	Map 10: 1/1	Map 11: 1/1	Map 12: 7/7	Map 6: 274/274	Map 7: 435/435	Map 8: 1/1	Map 9: 1/1	Reducer 2: 1009/1009	Reducer 3: 421(+505)/1009	Reducer 4: 0/1009	Reducer 5: 0/1	
INFO  : Map 1: 240/240	Map 10: 1/1	Map 11: 1/1	Map 12: 7/7	Map 6: 274/274	Map 7: 435/435	Map 8: 1/1	Map 9: 1/1	Reducer 2: 1009/1009	Reducer 3: 436(+505)/1009	Reducer 4: 0/1009	Reducer 5: 0/1	
INFO  : Map 1: 240/240	Map 10: 1/1	Map 11: 1/1	Map 12: 7/7	Map 6: 274/274	Map 7: 435/435	Map 8: 1/1	Map 9: 1/1	Reducer 2: 1009/1009	Reducer 3: 454(+505)/1009	Reducer 4: 0/1009	Reducer 5: 0/1	
INFO  : Map 1: 240/240	Map 10: 1/1	Map 11: 1/1	Map 12: 7/7	Map 6: 274/274	Map 7: 435/435	Map 8: 1/1	Map 9: 1/1	Reducer 2: 1009/1009	Reducer 3: 473(+505)/1009	Reducer 4: 0/1009	Reducer 5: 0/1	
INFO  : Map 1: 240/240	Map 10: 1/1	Map 11: 1/1	Map 12: 7/7	Map 6: 274/274	Map 7: 435/435	Map 8: 1/1	Map 9: 1/1	Reducer 2: 1009/1009	Reducer 3: 480(+505)/1009	Reducer 4: 0/1009	Reducer 5: 0/1	
INFO  : Map 1: 240/240	Map 10: 1/1	Map 11: 1/1	Map 12: 7/7	Map 6: 274/274	Map 7: 435/435	Map 8: 1/1	Map 9: 1/1	Reducer 2: 1009/1009	Reducer 3: 486(+505)/1009	Reducer 4: 0/1009	Reducer 5: 0/1	
INFO  : Map 1: 240/240	Map 10: 1/1	Map 11: 1/1	Map 12: 7/7	Map 6: 274/274	Map 7: 435/435	Map 8: 1/1	Map 9: 1/1	Reducer 2: 1009/1009	Reducer 3: 497(+505)/1009	Reducer 4: 0/1009	Reducer 5: 0/1	
INFO  : Map 1: 240/240	Map 10: 1/1	Map 11: 1/1	Map 12: 7/7	Map 6: 274/274	Map 7: 435/435	Map 8: 1/1	Map 9: 1/1	Reducer 2: 1009/1009	Reducer 3: 505(+503)/1009	Reducer 4: 0/1009	Reducer 5: 0/1	
INFO  : Map 1: 240/240	Map 10: 1/1	Map 11: 1/1	Map 12: 7/7	Map 6: 274/274	Map 7: 435/435	Map 8: 1/1	Map 9: 1/1	Reducer 2: 1009/1009	Reducer 3: 524(+485)/1009	Reducer 4: 0/1009	Reducer 5: 0/1	
INFO  : Map 1: 240/240	Map 10: 1/1	Map 11: 1/1	Map 12: 7/7	Map 6: 274/274	Map 7: 435/435	Map 8: 1/1	Map 9: 1/1	Reducer 2: 1009/1009	Reducer 3: 540(+469)/1009	Reducer 4: 0/1009	Reducer 5: 0/1	
INFO  : Map 1: 240/240	Map 10: 1/1	Map 11: 1/1	Map 12: 7/7	Map 6: 274/274	Map 7: 435/435	Map 8: 1/1	Map 9: 1/1	Reducer 2: 1009/1009	Reducer 3: 550(+459)/1009	Reducer 4: 0/1009	Reducer 5: 0/1	
INFO  : Map 1: 240/240	Map 10: 1/1	Map 11: 1/1	Map 12: 7/7	Map 6: 274/274	Map 7: 435/435	Map 8: 1/1	Map 9: 1/1	Reducer 2: 1009/1009	Reducer 3: 553(+456)/1009	Reducer 4: 0/1009	Reducer 5: 0/1	
INFO  : Map 1: 240/240	Map 10: 1/1	Map 11: 1/1	Map 12: 7/7	Map 6: 274/274	Map 7: 435/435	Map 8: 1/1	Map 9: 1/1	Reducer 2: 1009/1009	Reducer 3: 575(+434)/1009	Reducer 4: 0/1009	Reducer 5: 0/1	
INFO  : Map 1: 240/240	Map 10: 1/1	Map 11: 1/1	Map 12: 7/7	Map 6: 274/274	Map 7: 435/435	Map 8: 1/1	Map 9: 1/1	Reducer 2: 1009/1009	Reducer 3: 601(+408)/1009	Reducer 4: 0/1009	Reducer 5: 0/1	
INFO  : Map 1: 240/240	Map 10: 1/1	Map 11: 1/1	Map 12: 7/7	Map 6: 274/274	Map 7: 435/435	Map 8: 1/1	Map 9: 1/1	Reducer 2: 1009/1009	Reducer 3: 620(+389)/1009	Reducer 4: 0/1009	Reducer 5: 0/1	
INFO  : Map 1: 240/240	Map 10: 1/1	Map 11: 1/1	Map 12: 7/7	Map 6: 274/274	Map 7: 435/435	Map 8: 1/1	Map 9: 1/1	Reducer 2: 1009/1009	Reducer 3: 635(+374)/1009	Reducer 4: 0/1009	Reducer 5: 0/1	
INFO  : Map 1: 240/240	Map 10: 1/1	Map 11: 1/1	Map 12: 7/7	Map 6: 274/274	Map 7: 435/435	Map 8: 1/1	Map 9: 1/1	Reducer 2: 1009/1009	Reducer 3: 650(+359)/1009	Reducer 4: 0/1009	Reducer 5: 0/1	
INFO  : Map 1: 240/240	Map 10: 1/1	Map 11: 1/1	Map 12: 7/7	Map 6: 274/274	Map 7: 435/435	Map 8: 1/1	Map 9: 1/1	Reducer 2: 1009/1009	Reducer 3: 658(+351)/1009	Reducer 4: 0/1009	Reducer 5: 0/1	
INFO  : Map 1: 240/240	Map 10: 1/1	Map 11: 1/1	Map 12: 7/7	Map 6: 274/274	Map 7: 435/435	Map 8: 1/1	Map 9: 1/1	Reducer 2: 1009/1009	Reducer 3: 677(+331)/1009	Reducer 4: 0/1009	Reducer 5: 0/1	
INFO  : Map 1: 240/240	Map 10: 1/1	Map 11: 1/1	Map 12: 7/7	Map 6: 274/274	Map 7: 435/435	Map 8: 1/1	Map 9: 1/1	Reducer 2: 1009/1009	Reducer 3: 690(+319)/1009	Reducer 4: 0/1009	Reducer 5: 0/1	
INFO  : Map 1: 240/240	Map 10: 1/1	Map 11: 1/1	Map 12: 7/7	Map 6: 274/274	Map 7: 435/435	Map 8: 1/1	Map 9: 1/1	Reducer 2: 1009/1009	Reducer 3: 709(+300)/1009	Reducer 4: 0/1009	Reducer 5: 0/1	
INFO  : Map 1: 240/240	Map 10: 1/1	Map 11: 1/1	Map 12: 7/7	Map 6: 274/274	Map 7: 435/435	Map 8: 1/1	Map 9: 1/1	Reducer 2: 1009/1009	Reducer 3: 726(+283)/1009	Reducer 4: 0/1009	Reducer 5: 0/1	
INFO  : Map 1: 240/240	Map 10: 1/1	Map 11: 1/1	Map 12: 7/7	Map 6: 274/274	Map 7: 435/435	Map 8: 1/1	Map 9: 1/1	Reducer 2: 1009/1009	Reducer 3: 727(+282)/1009	Reducer 4: 0/1009	Reducer 5: 0/1	
INFO  : Map 1: 240/240	Map 10: 1/1	Map 11: 1/1	Map 12: 7/7	Map 6: 274/274	Map 7: 435/435	Map 8: 1/1	Map 9: 1/1	Reducer 2: 1009/1009	Reducer 3: 728(+281)/1009	Reducer 4: 0/1009	Reducer 5: 0/1	
INFO  : Map 1: 240/240	Map 10: 1/1	Map 11: 1/1	Map 12: 7/7	Map 6: 274/274	Map 7: 435/435	Map 8: 1/1	Map 9: 1/1	Reducer 2: 1009/1009	Reducer 3: 730(+279)/1009	Reducer 4: 0/1009	Reducer 5: 0/1	
INFO  : Map 1: 240/240	Map 10: 1/1	Map 11: 1/1	Map 12: 7/7	Map 6: 274/274	Map 7: 435/435	Map 8: 1/1	Map 9: 1/1	Reducer 2: 1009/1009	Reducer 3: 735(+274)/1009	Reducer 4: 0/1009	Reducer 5: 0/1	
INFO  : Map 1: 240/240	Map 10: 1/1	Map 11: 1/1	Map 12: 7/7	Map 6: 274/274	Map 7: 435/435	Map 8: 1/1	Map 9: 1/1	Reducer 2: 1009/1009	Reducer 3: 743(+266)/1009	Reducer 4: 0/1009	Reducer 5: 0/1	
INFO  : Map 1: 240/240	Map 10: 1/1	Map 11: 1/1	Map 12: 7/7	Map 6: 274/274	Map 7: 435/435	Map 8: 1/1	Map 9: 1/1	Reducer 2: 1009/1009	Reducer 3: 751(+258)/1009	Reducer 4: 0/1009	Reducer 5: 0/1	
INFO  : Map 1: 240/240	Map 10: 1/1	Map 11: 1/1	Map 12: 7/7	Map 6: 274/274	Map 7: 435/435	Map 8: 1/1	Map 9: 1/1	Reducer 2: 1009/1009	Reducer 3: 760(+249)/1009	Reducer 4: 0(+253)/253	Reducer 5: 0/1	
INFO  : Map 1: 240/240	Map 10: 1/1	Map 11: 1/1	Map 12: 7/7	Map 6: 274/274	Map 7: 435/435	Map 8: 1/1	Map 9: 1/1	Reducer 2: 1009/1009	Reducer 3: 783(+226)/1009	Reducer 4: 0(+253)/253	Reducer 5: 0/1	
INFO  : Map 1: 240/240	Map 10: 1/1	Map 11: 1/1	Map 12: 7/7	Map 6: 274/274	Map 7: 435/435	Map 8: 1/1	Map 9: 1/1	Reducer 2: 1009/1009	Reducer 3: 809(+200)/1009	Reducer 4: 0(+253)/253	Reducer 5: 0/1	
INFO  : Map 1: 240/240	Map 10: 1/1	Map 11: 1/1	Map 12: 7/7	Map 6: 274/274	Map 7: 435/435	Map 8: 1/1	Map 9: 1/1	Reducer 2: 1009/1009	Reducer 3: 823(+186)/1009	Reducer 4: 0(+253)/253	Reducer 5: 0/1	
INFO  : Map 1: 240/240	Map 10: 1/1	Map 11: 1/1	Map 12: 7/7	Map 6: 274/274	Map 7: 435/435	Map 8: 1/1	Map 9: 1/1	Reducer 2: 1009/1009	Reducer 3: 826(+183)/1009	Reducer 4: 0(+253)/253	Reducer 5: 0/1	
INFO  : Map 1: 240/240	Map 10: 1/1	Map 11: 1/1	Map 12: 7/7	Map 6: 274/274	Map 7: 435/435	Map 8: 1/1	Map 9: 1/1	Reducer 2: 1009/1009	Reducer 3: 832(+177)/1009	Reducer 4: 0(+253)/253	Reducer 5: 0/1	
INFO  : Map 1: 240/240	Map 10: 1/1	Map 11: 1/1	Map 12: 7/7	Map 6: 274/274	Map 7: 435/435	Map 8: 1/1	Map 9: 1/1	Reducer 2: 1009/1009	Reducer 3: 832(+177)/1009	Reducer 4: 0(+253)/253	Reducer 5: 0/1	
INFO  : Map 1: 240/240	Map 10: 1/1	Map 11: 1/1	Map 12: 7/7	Map 6: 274/274	Map 7: 435/435	Map 8: 1/1	Map 9: 1/1	Reducer 2: 1009/1009	Reducer 3: 842(+167)/1009	Reducer 4: 0(+253)/253	Reducer 5: 0/1	
INFO  : Map 1: 240/240	Map 10: 1/1	Map 11: 1/1	Map 12: 7/7	Map 6: 274/274	Map 7: 435/435	Map 8: 1/1	Map 9: 1/1	Reducer 2: 1009/1009	Reducer 3: 843(+166)/1009	Reducer 4: 0(+253)/253	Reducer 5: 0/1	
INFO  : Map 1: 240/240	Map 10: 1/1	Map 11: 1/1	Map 12: 7/7	Map 6: 274/274	Map 7: 435/435	Map 8: 1/1	Map 9: 1/1	Reducer 2: 1009/1009	Reducer 3: 856(+153)/1009	Reducer 4: 0(+253)/253	Reducer 5: 0/1	
INFO  : Map 1: 240/240	Map 10: 1/1	Map 11: 1/1	Map 12: 7/7	Map 6: 274/274	Map 7: 435/435	Map 8: 1/1	Map 9: 1/1	Reducer 2: 1009/1009	Reducer 3: 994(+15)/1009	Reducer 4: 0(+253)/253	Reducer 5: 0/1	
INFO  : Map 1: 240/240	Map 10: 1/1	Map 11: 1/1	Map 12: 7/7	Map 6: 274/274	Map 7: 435/435	Map 8: 1/1	Map 9: 1/1	Reducer 2: 1009/1009	Reducer 3: 999(+10)/1009	Reducer 4: 0(+253)/253	Reducer 5: 0/1	
INFO  : Map 1: 240/240	Map 10: 1/1	Map 11: 1/1	Map 12: 7/7	Map 6: 274/274	Map 7: 435/435	Map 8: 1/1	Map 9: 1/1	Reducer 2: 1009/1009	Reducer 3: 1000(+9)/1009	Reducer 4: 0(+253)/253	Reducer 5: 0/1	
INFO  : Map 1: 240/240	Map 10: 1/1	Map 11: 1/1	Map 12: 7/7	Map 6: 274/274	Map 7: 435/435	Map 8: 1/1	Map 9: 1/1	Reducer 2: 1009/1009	Reducer 3: 1001(+8)/1009	Reducer 4: 0(+253)/253	Reducer 5: 0/1	
INFO  : Map 1: 240/240	Map 10: 1/1	Map 11: 1/1	Map 12: 7/7	Map 6: 274/274	Map 7: 435/435	Map 8: 1/1	Map 9: 1/1	Reducer 2: 1009/1009	Reducer 3: 1001(+8)/1009	Reducer 4: 0(+253)/253	Reducer 5: 0/1	
INFO  : Map 1: 240/240	Map 10: 1/1	Map 11: 1/1	Map 12: 7/7	Map 6: 274/274	Map 7: 435/435	Map 8: 1/1	Map 9: 1/1	Reducer 2: 1009/1009	Reducer 3: 1001(+8)/1009	Reducer 4: 0(+253)/253	Reducer 5: 0/1	
INFO  : Map 1: 240/240	Map 10: 1/1	Map 11: 1/1	Map 12: 7/7	Map 6: 274/274	Map 7: 435/435	Map 8: 1/1	Map 9: 1/1	Reducer 2: 1009/1009	Reducer 3: 1001(+8)/1009	Reducer 4: 0(+253)/253	Reducer 5: 0/1	
INFO  : Map 1: 240/240	Map 10: 1/1	Map 11: 1/1	Map 12: 7/7	Map 6: 274/274	Map 7: 435/435	Map 8: 1/1	Map 9: 1/1	Reducer 2: 1009/1009	Reducer 3: 1005(+4)/1009	Reducer 4: 0(+253)/253	Reducer 5: 0/1	
INFO  : Map 1: 240/240	Map 10: 1/1	Map 11: 1/1	Map 12: 7/7	Map 6: 274/274	Map 7: 435/435	Map 8: 1/1	Map 9: 1/1	Reducer 2: 1009/1009	Reducer 3: 1009/1009	Reducer 4: 0(+253)/253	Reducer 5: 0/1	
INFO  : Map 1: 240/240	Map 10: 1/1	Map 11: 1/1	Map 12: 7/7	Map 6: 274/274	Map 7: 435/435	Map 8: 1/1	Map 9: 1/1	Reducer 2: 1009/1009	Reducer 3: 1009/1009	Reducer 4: 195(+58)/253	Reducer 5: 0(+1)/1	
INFO  : Map 1: 240/240	Map 10: 1/1	Map 11: 1/1	Map 12: 7/7	Map 6: 274/274	Map 7: 435/435	Map 8: 1/1	Map 9: 1/1	Reducer 2: 1009/1009	Reducer 3: 1009/1009	Reducer 4: 253/253	Reducer 5: 0(+1)/1	
INFO  : Map 1: 240/240	Map 10: 1/1	Map 11: 1/1	Map 12: 7/7	Map 6: 274/274	Map 7: 435/435	Map 8: 1/1	Map 9: 1/1	Reducer 2: 1009/1009	Reducer 3: 1009/1009	Reducer 4: 253/253	Reducer 5: 1/1	
INFO  : Status: DAG finished successfully in 89.27 seconds
INFO  : 
INFO  : Query Execution Summary
INFO  : ----------------------------------------------------------------------------------------------
INFO  : ----------------------------------------------------------------------------------------------
INFO  : Compile Query                           1.81s
INFO  : Prepare Plan                            0.34s
INFO  : Submit Plan                             0.14s
INFO  : Start DAG                               0.24s
INFO  : Run DAG                                89.27s
INFO  : ----------------------------------------------------------------------------------------------
INFO  : 
INFO  : Task Execution Summary
INFO  : --------------------------------------------------------------------------------------------------------------------------------
INFO  : --------------------------------------------------------------------------------------------------------------------------------
INFO  :      Map 1          240                0            41       20894.00             0            0    842,479,007     727,248,907
INFO  :     Map 10            1                0             0           0.00             0            0         10,000             274
INFO  :     Map 11            1                0             0           0.00             0            0          1,500           1,500
INFO  :     Map 12            7                0             0         202.00             0            0        402,000         402,000
INFO  :      Map 6          274                0             0       10351.00             0            0    408,342,762     358,921,514
INFO  :      Map 7          435                0             0       29222.00             0            0  1,593,378,549   1,589,376,431
INFO  :      Map 8            1                0             0           0.00             0            0         10,000              91
INFO  :      Map 9            1                0             0           0.00             0            0         10,000             274
INFO  :  Reducer 2         1009                0             0       30673.00             0            0  1,086,170,421      54,454,022
INFO  :  Reducer 3         1009                0             1       57950.00             0            0  1,644,234,592           6,628
INFO  :  Reducer 4          253                0             0       17735.00             0            0          6,628           6,627
INFO  :  Reducer 5            1                0             0         564.00             0            0          6,627               0
INFO  : --------------------------------------------------------------------------------------------------------------------------------
INFO  : 
INFO  : LLAP IO Summary
INFO  : ----------------------------------------------------------------------------------------------
INFO  : ----------------------------------------------------------------------------------------------
INFO  :      Map 1     84554       214        991    1.02GB     5.75GB     10.07GB   8.87GB   646.08s
INFO  :     Map 10         1         1          1      580B     6.39KB          0B       0B     0.02s
INFO  :     Map 11         1         1          1       17B     1.59KB    393.22KB   1.58KB     0.03s
INFO  :     Map 12        42        14          0   21.76MB         0B          0B       0B     0.10s
INFO  :      Map 6     41009         0        840        0B     4.52GB      5.44GB   4.74GB   549.16s
INFO  :      Map 7    159930       216       2799  351.42MB     7.42GB     10.56GB   9.59GB   975.44s
INFO  :      Map 8         1         1          1      580B     6.39KB    393.22KB   8.94KB     0.02s
INFO  :      Map 9         1         1          1      580B     6.39KB          0B       0B     0.04s
INFO  : ----------------------------------------------------------------------------------------------
INFO  : 
INFO  : FileSystem Counters Summary
INFO  : 
INFO  : ----------------------------------------------------------------------------------------------
INFO  : ----------------------------------------------------------------------------------------------
INFO  :      Map 1              0B             0                  0            15.21GB             0
INFO  :     Map 10              0B             0                  0             1.15KB             0
INFO  :     Map 11              0B             0                  0             6.79KB             0
INFO  :     Map 12              0B             0                  0            25.36MB             0
INFO  :      Map 6              0B             0                  0             5.87GB             0
INFO  :      Map 7              0B             0                  0            17.96GB             0
INFO  :      Map 8              0B             0                  0               423B             0
INFO  :      Map 9              0B             0                  0             1.15KB             0
INFO  :  Reducer 2          7.51GB             0                  0             1.56GB             0
INFO  :  Reducer 3         20.54GB             0                  0            46.02MB             0
INFO  :  Reducer 4         16.19KB             0                  0           807.82KB             0
INFO  :  Reducer 5        428.97KB             0                  0                 0B             0
INFO  : ----------------------------------------------------------------------------------------------
INFO  : 
INFO  : ----------------------------------------------------------------------------------------------
INFO  : ----------------------------------------------------------------------------------------------
INFO  :      Map 1          5.77GB           775                  0                 0B             0
INFO  :     Map 10          6.39KB             1                  0                 0B             0
INFO  :     Map 11          2.39KB             2                  0                 0B             0
INFO  :     Map 12              0B             0                  0                 0B             0
INFO  :      Map 6          4.53GB          1096                  0                 0B             0
INFO  :      Map 7          7.44GB          2004                  0                 0B             0
INFO  :      Map 8          7.12KB             2                  0                 0B             0
INFO  :      Map 9          6.39KB             1                  0                 0B             0
INFO  :  Reducer 2              0B             0                  0                 0B             0
INFO  :  Reducer 3              0B             0                  0                 0B             0
INFO  :  Reducer 4              0B             0                  0                 0B             0
INFO  :  Reducer 5              0B             2                  0            17.82KB             2
INFO  : ----------------------------------------------------------------------------------------------
INFO  : 
INFO  : org.apache.tez.common.counters.DAGCounter:
INFO  :    NUM_KILLED_TASKS: 42
INFO  :    NUM_SUCCEEDED_TASKS: 3232
INFO  :    TOTAL_LAUNCHED_TASKS: 3274
INFO  :    DATA_LOCAL_TASKS: 960
INFO  :    AM_CPU_MILLISECONDS: 101690
INFO  :    AM_GC_TIME_MILLIS: 2133
INFO  : File System Counters:
INFO  :    FILE_BYTES_READ: 28054552962
INFO  :    FILE_BYTES_WRITTEN: 40671024282
INFO  :    FILE_READ_OPS: 0
INFO  :    FILE_LARGE_READ_OPS: 0
INFO  :    FILE_WRITE_OPS: 0
INFO  :    HDFS_BYTES_READ: 17738503888
INFO  :    HDFS_BYTES_WRITTEN: 17818
INFO  :    HDFS_READ_OPS: 3883
INFO  :    HDFS_LARGE_READ_OPS: 0
INFO  :    HDFS_WRITE_OPS: 2
INFO  : org.apache.tez.common.counters.TaskCounter:
INFO  :    REDUCE_INPUT_GROUPS: 13254
INFO  :    REDUCE_INPUT_RECORDS: 13255
INFO  :    COMBINE_INPUT_RECORDS: 0
INFO  :    SPILLED_RECORDS: 26510
INFO  :    NUM_SHUFFLED_INPUTS: 1982583
INFO  :    NUM_SKIPPED_INPUTS: 1011472
INFO  :    NUM_FAILED_SHUFFLE_INPUTS: 0
INFO  :    MERGED_MAP_OUTPUTS: 6862
INFO  :    INPUT_RECORDS_PROCESSED: 2736483004
INFO  :    INPUT_SPLIT_LENGTH_BYTES: 192394382207
INFO  :    OUTPUT_RECORDS: 2730418268
INFO  :    OUTPUT_LARGE_RECORDS: 0
INFO  :    OUTPUT_BYTES: 52561053199
INFO  :    OUTPUT_BYTES_WITH_OVERHEAD: 88376202153
INFO  :    OUTPUT_BYTES_PHYSICAL: 40646558418
INFO  :    ADDITIONAL_SPILLS_BYTES_WRITTEN: 1371443
INFO  :    ADDITIONAL_SPILLS_BYTES_READ: 1621760
INFO  :    ADDITIONAL_SPILL_COUNT: 0
INFO  :    SHUFFLE_CHUNK_COUNT: 1262
INFO  :    SHUFFLE_BYTES: 40781849594
INFO  :    SHUFFLE_BYTES_DECOMPRESSED: 58442860532
INFO  :    SHUFFLE_BYTES_TO_MEM: 36296514001
INFO  :    SHUFFLE_BYTES_TO_DISK: 0
INFO  :    SHUFFLE_BYTES_DISK_DIRECT: 4485335593
INFO  :    NUM_MEM_TO_DISK_MERGES: 0
INFO  :    NUM_DISK_TO_DISK_MERGES: 0
INFO  :    SHUFFLE_PHASE_TIME: 39348827
INFO  :    MERGE_PHASE_TIME: 4469086
INFO  :    FIRST_EVENT_RECEIVED: 347385
INFO  :    LAST_EVENT_RECEIVED: 15236679
INFO  : HIVE:
INFO  :    CREATED_FILES: 1
INFO  :    DESERIALIZE_ERRORS: 0
INFO  :    RECORDS_IN_Map_1: 842479007
INFO  :    RECORDS_IN_Map_10: 10000
INFO  :    RECORDS_IN_Map_11: 1500
INFO  :    RECORDS_IN_Map_12: 402000
INFO  :    RECORDS_IN_Map_6: 408342762
INFO  :    RECORDS_IN_Map_7: 1593378549
INFO  :    RECORDS_IN_Map_8: 10000
INFO  :    RECORDS_IN_Map_9: 10000
INFO  :    RECORDS_OUT_0: 100
INFO  :    RECORDS_OUT_INTERMEDIATE_Map_1: 727248907
INFO  :    RECORDS_OUT_INTERMEDIATE_Map_10: 274
INFO  :    RECORDS_OUT_INTERMEDIATE_Map_11: 1500
INFO  :    RECORDS_OUT_INTERMEDIATE_Map_12: 402000
INFO  :    RECORDS_OUT_INTERMEDIATE_Map_6: 358921514
INFO  :    RECORDS_OUT_INTERMEDIATE_Map_7: 1589376431
INFO  :    RECORDS_OUT_INTERMEDIATE_Map_8: 91
INFO  :    RECORDS_OUT_INTERMEDIATE_Map_9: 274
INFO  :    RECORDS_OUT_INTERMEDIATE_Reducer_2: 54454022
INFO  :    RECORDS_OUT_INTERMEDIATE_Reducer_3: 6628
INFO  :    RECORDS_OUT_INTERMEDIATE_Reducer_4: 6627
INFO  : Shuffle Errors:
INFO  :    BAD_ID: 0
INFO  :    CONNECTION: 0
INFO  :    IO_ERROR: 0
INFO  :    WRONG_LENGTH: 0
INFO  :    WRONG_MAP: 0
INFO  :    WRONG_REDUCE: 0
INFO  : Shuffle Errors_Reducer_4_INPUT_Reducer_3:
INFO  :    BAD_ID: 0
INFO  :    CONNECTION: 0
INFO  :    IO_ERROR: 0
INFO  :    WRONG_LENGTH: 0
INFO  :    WRONG_MAP: 0
INFO  :    WRONG_REDUCE: 0
INFO  : Shuffle Errors_Reducer_5_INPUT_Reducer_4:
INFO  :    BAD_ID: 0
INFO  :    CONNECTION: 0
INFO  :    IO_ERROR: 0
INFO  :    WRONG_LENGTH: 0
INFO  :    WRONG_MAP: 0
INFO  :    WRONG_REDUCE: 0
INFO  : TaskCounter_Map_10_INPUT_d1:
INFO  :    INPUT_RECORDS_PROCESSED: 10
INFO  :    INPUT_SPLIT_LENGTH_BYTES: 759177
INFO  : TaskCounter_Map_10_OUTPUT_Reducer_3:
INFO  :    ADDITIONAL_SPILLS_BYTES_READ: 0
INFO  :    ADDITIONAL_SPILLS_BYTES_WRITTEN: 0
INFO  :    ADDITIONAL_SPILL_COUNT: 0
INFO  :    OUTPUT_BYTES: 1370
INFO  :    OUTPUT_BYTES_PHYSICAL: 1145
INFO  :    OUTPUT_BYTES_WITH_OVERHEAD: 1924
INFO  :    OUTPUT_LARGE_RECORDS: 0
INFO  :    OUTPUT_RECORDS: 274
INFO  :    SPILLED_RECORDS: 0
INFO  : TaskCounter_Map_11_INPUT_store:
INFO  :    INPUT_RECORDS_PROCESSED: 2
INFO  :    INPUT_SPLIT_LENGTH_BYTES: 127422
INFO  : TaskCounter_Map_11_OUTPUT_Reducer_3:
INFO  :    ADDITIONAL_SPILLS_BYTES_READ: 0
INFO  :    ADDITIONAL_SPILLS_BYTES_WRITTEN: 0
INFO  :    ADDITIONAL_SPILL_COUNT: 0
INFO  :    OUTPUT_BYTES: 13484
INFO  :    OUTPUT_BYTES_PHYSICAL: 6781
INFO  :    OUTPUT_BYTES_WITH_OVERHEAD: 16490
INFO  :    OUTPUT_LARGE_RECORDS: 0
INFO  :    OUTPUT_RECORDS: 1500
INFO  :    SPILLED_RECORDS: 0
INFO  : TaskCounter_Map_12_INPUT_item:
INFO  :    INPUT_RECORDS_PROCESSED: 405
INFO  :    INPUT_SPLIT_LENGTH_BYTES: 38092338
INFO  : TaskCounter_Map_12_OUTPUT_Reducer_3:
INFO  :    ADDITIONAL_SPILLS_BYTES_READ: 0
INFO  :    ADDITIONAL_SPILLS_BYTES_WRITTEN: 0
INFO  :    ADDITIONAL_SPILL_COUNT: 0
INFO  :    OUTPUT_BYTES: 50101076
INFO  :    OUTPUT_BYTES_PHYSICAL: 25357754
INFO  :    OUTPUT_BYTES_WITH_OVERHEAD: 51089626
INFO  :    OUTPUT_LARGE_RECORDS: 0
INFO  :    OUTPUT_RECORDS: 402000
INFO  :    SPILLED_RECORDS: 0
INFO  : TaskCounter_Map_1_INPUT_store_sales:
INFO  :    INPUT_RECORDS_PROCESSED: 842515
INFO  :    INPUT_SPLIT_LENGTH_BYTES: 46620633140
INFO  : TaskCounter_Map_1_OUTPUT_Reducer_2:
INFO  :    ADDITIONAL_SPILLS_BYTES_READ: 0
INFO  :    ADDITIONAL_SPILLS_BYTES_WRITTEN: 0
INFO  :    ADDITIONAL_SPILL_COUNT: 0
INFO  :    OUTPUT_BYTES: 17990551198
INFO  :    OUTPUT_BYTES_PHYSICAL: 15206985074
INFO  :    OUTPUT_BYTES_WITH_OVERHEAD: 28578599800
INFO  :    OUTPUT_LARGE_RECORDS: 0
INFO  :    OUTPUT_RECORDS: 727248907
INFO  :    SPILLED_RECORDS: 0
INFO  : TaskCounter_Map_6_INPUT_store_returns:
INFO  :    INPUT_RECORDS_PROCESSED: 408448
INFO  :    INPUT_SPLIT_LENGTH_BYTES: 23522273822
INFO  : TaskCounter_Map_6_OUTPUT_Reducer_2:
INFO  :    ADDITIONAL_SPILLS_BYTES_READ: 0
INFO  :    ADDITIONAL_SPILLS_BYTES_WRITTEN: 0
INFO  :    ADDITIONAL_SPILL_COUNT: 0
INFO  :    OUTPUT_BYTES: 7534041016
INFO  :    OUTPUT_BYTES_PHYSICAL: 5873327312
INFO  :    OUTPUT_BYTES_WITH_OVERHEAD: 12907930576
INFO  :    OUTPUT_LARGE_RECORDS: 0
INFO  :    OUTPUT_RECORDS: 358921514
INFO  :    SPILLED_RECORDS: 0
INFO  : TaskCounter_Map_7_INPUT_catalog_sales:
INFO  :    INPUT_RECORDS_PROCESSED: 1593479
INFO  :    INPUT_SPLIT_LENGTH_BYTES: 122210977954
INFO  : TaskCounter_Map_7_OUTPUT_Reducer_3:
INFO  :    ADDITIONAL_SPILLS_BYTES_READ: 0
INFO  :    ADDITIONAL_SPILLS_BYTES_WRITTEN: 0
INFO  :    ADDITIONAL_SPILL_COUNT: 0
INFO  :    OUTPUT_BYTES: 25428022688
INFO  :    OUTPUT_BYTES_PHYSICAL: 17959585791
INFO  :    OUTPUT_BYTES_WITH_OVERHEAD: 44502540068
INFO  :    OUTPUT_LARGE_RECORDS: 0
INFO  :    OUTPUT_RECORDS: 1589376431
INFO  :    SPILLED_RECORDS: 0
INFO  : TaskCounter_Map_8_INPUT_d1:
INFO  :    INPUT_RECORDS_PROCESSED: 10
INFO  :    INPUT_SPLIT_LENGTH_BYTES: 759177
INFO  : TaskCounter_Map_8_OUTPUT_Reducer_3:
INFO  :    ADDITIONAL_SPILLS_BYTES_READ: 0
INFO  :    ADDITIONAL_SPILLS_BYTES_WRITTEN: 0
INFO  :    ADDITIONAL_SPILL_COUNT: 0
INFO  :    OUTPUT_BYTES: 455
INFO  :    OUTPUT_BYTES_PHYSICAL: 415
INFO  :    OUTPUT_BYTES_WITH_OVERHEAD: 643
INFO  :    OUTPUT_LARGE_RECORDS: 0
INFO  :    OUTPUT_RECORDS: 91
INFO  :    SPILLED_RECORDS: 0
INFO  : TaskCounter_Map_9_INPUT_d1:
INFO  :    INPUT_RECORDS_PROCESSED: 10
INFO  :    INPUT_SPLIT_LENGTH_BYTES: 759177
INFO  : TaskCounter_Map_9_OUTPUT_Reducer_3:
INFO  :    ADDITIONAL_SPILLS_BYTES_READ: 0
INFO  :    ADDITIONAL_SPILLS_BYTES_WRITTEN: 0
INFO  :    ADDITIONAL_SPILL_COUNT: 0
INFO  :    OUTPUT_BYTES: 1370
INFO  :    OUTPUT_BYTES_PHYSICAL: 1145
INFO  :    OUTPUT_BYTES_WITH_OVERHEAD: 1924
INFO  :    OUTPUT_LARGE_RECORDS: 0
INFO  :    OUTPUT_RECORDS: 274
INFO  :    SPILLED_RECORDS: 0
INFO  : TaskCounter_Reducer_2_INPUT_Map_1:
INFO  :    FIRST_EVENT_RECEIVED: 29228
INFO  :    INPUT_RECORDS_PROCESSED: 727248907
INFO  :    LAST_EVENT_RECEIVED: 1972514
INFO  :    NUM_FAILED_SHUFFLE_INPUTS: 0
INFO  :    NUM_SHUFFLED_INPUTS: 242160
INFO  :    SHUFFLE_BYTES: 15201173234
INFO  :    SHUFFLE_BYTES_DECOMPRESSED: 19446501972
INFO  :    SHUFFLE_BYTES_DISK_DIRECT: 1686608864
INFO  :    SHUFFLE_BYTES_TO_DISK: 0
INFO  :    SHUFFLE_BYTES_TO_MEM: 13514564370
INFO  :    SHUFFLE_PHASE_TIME: 6352215
INFO  : TaskCounter_Reducer_2_INPUT_Map_6:
INFO  :    FIRST_EVENT_RECEIVED: 44981
INFO  :    INPUT_RECORDS_PROCESSED: 358921514
INFO  :    LAST_EVENT_RECEIVED: 2924605
INFO  :    NUM_FAILED_SHUFFLE_INPUTS: 0
INFO  :    NUM_SHUFFLED_INPUTS: 276466
INFO  :    SHUFFLE_BYTES: 5866692128
INFO  :    SHUFFLE_BYTES_DECOMPRESSED: 8253542840
INFO  :    SHUFFLE_BYTES_DISK_DIRECT: 648270444
INFO  :    SHUFFLE_BYTES_TO_DISK: 0
INFO  :    SHUFFLE_BYTES_TO_MEM: 5218421684
INFO  :    SHUFFLE_PHASE_TIME: 6817485
INFO  : TaskCounter_Reducer_2_OUTPUT_Reducer_3:
INFO  :    ADDITIONAL_SPILLS_BYTES_READ: 0
INFO  :    ADDITIONAL_SPILLS_BYTES_WRITTEN: 0
INFO  :    ADDITIONAL_SPILL_COUNT: 0
INFO  :    OUTPUT_BYTES: 1555462590
INFO  :    OUTPUT_BYTES_PHYSICAL: 1558918397
INFO  :    OUTPUT_BYTES_WITH_OVERHEAD: 2327020173
INFO  :    OUTPUT_LARGE_RECORDS: 0
INFO  :    OUTPUT_RECORDS: 54454022
INFO  :    SPILLED_RECORDS: 0
INFO  : TaskCounter_Reducer_3_INPUT_Map_10:
INFO  :    FIRST_EVENT_RECEIVED: 169
INFO  :    INPUT_RECORDS_PROCESSED: 2466
INFO  :    LAST_EVENT_RECEIVED: 169
INFO  :    NUM_FAILED_SHUFFLE_INPUTS: 0
INFO  :    NUM_SHUFFLED_INPUTS: 9
INFO  :    SHUFFLE_BYTES: 10089
INFO  :    SHUFFLE_BYTES_DECOMPRESSED: 17316
INFO  :    SHUFFLE_BYTES_DISK_DIRECT: 1121
INFO  :    SHUFFLE_BYTES_TO_DISK: 0
INFO  :    SHUFFLE_BYTES_TO_MEM: 8968
INFO  :    SHUFFLE_PHASE_TIME: 1753
INFO  : TaskCounter_Reducer_3_INPUT_Map_11:
INFO  :    FIRST_EVENT_RECEIVED: 207
INFO  :    INPUT_RECORDS_PROCESSED: 13500
INFO  :    LAST_EVENT_RECEIVED: 207
INFO  :    NUM_FAILED_SHUFFLE_INPUTS: 0
INFO  :    NUM_SHUFFLED_INPUTS: 9
INFO  :    SHUFFLE_BYTES: 60813
INFO  :    SHUFFLE_BYTES_DECOMPRESSED: 148410
INFO  :    SHUFFLE_BYTES_DISK_DIRECT: 6757
INFO  :    SHUFFLE_BYTES_TO_DISK: 0
INFO  :    SHUFFLE_BYTES_TO_MEM: 54056
INFO  :    SHUFFLE_PHASE_TIME: 11288
INFO  : TaskCounter_Reducer_3_INPUT_Map_12:
INFO  :    FIRST_EVENT_RECEIVED: 49
INFO  :    INPUT_RECORDS_PROCESSED: 3618000
INFO  :    LAST_EVENT_RECEIVED: 51
INFO  :    NUM_FAILED_SHUFFLE_INPUTS: 0
INFO  :    NUM_SHUFFLED_INPUTS: 63
INFO  :    SHUFFLE_BYTES: 228218274
INFO  :    SHUFFLE_BYTES_DECOMPRESSED: 459806634
INFO  :    SHUFFLE_BYTES_DISK_DIRECT: 25357586
INFO  :    SHUFFLE_BYTES_TO_DISK: 0
INFO  :    SHUFFLE_BYTES_TO_MEM: 202860688
INFO  :    SHUFFLE_PHASE_TIME: 15138
INFO  : TaskCounter_Reducer_3_INPUT_Map_7:
INFO  :    FIRST_EVENT_RECEIVED: 152171
INFO  :    INPUT_RECORDS_PROCESSED: 1589376431
INFO  :    LAST_EVENT_RECEIVED: 324885
INFO  :    NUM_FAILED_SHUFFLE_INPUTS: 0
INFO  :    NUM_SHUFFLED_INPUTS: 438915
INFO  :    SHUFFLE_BYTES: 17949051831
INFO  :    SHUFFLE_BYTES_DECOMPRESSED: 28609409040
INFO  :    SHUFFLE_BYTES_DISK_DIRECT: 1953853266
INFO  :    SHUFFLE_BYTES_TO_DISK: 0
INFO  :    SHUFFLE_BYTES_TO_MEM: 15995198565
INFO  :    SHUFFLE_PHASE_TIME: 5562196
INFO  : TaskCounter_Reducer_3_INPUT_Map_8:
INFO  :    FIRST_EVENT_RECEIVED: 1223
INFO  :    INPUT_RECORDS_PROCESSED: 819
INFO  :    LAST_EVENT_RECEIVED: 1223
INFO  :    NUM_FAILED_SHUFFLE_INPUTS: 0
INFO  :    NUM_SHUFFLED_INPUTS: 9
INFO  :    SHUFFLE_BYTES: 3519
INFO  :    SHUFFLE_BYTES_DECOMPRESSED: 5787
INFO  :    SHUFFLE_BYTES_DISK_DIRECT: 391
INFO  :    SHUFFLE_BYTES_TO_DISK: 0
INFO  :    SHUFFLE_BYTES_TO_MEM: 3128
INFO  :    SHUFFLE_PHASE_TIME: 5127
INFO  : TaskCounter_Reducer_3_INPUT_Map_9:
INFO  :    FIRST_EVENT_RECEIVED: 664
INFO  :    INPUT_RECORDS_PROCESSED: 2466
INFO  :    LAST_EVENT_RECEIVED: 664
INFO  :    NUM_FAILED_SHUFFLE_INPUTS: 0
INFO  :    NUM_SHUFFLED_INPUTS: 9
INFO  :    SHUFFLE_BYTES: 10089
INFO  :    SHUFFLE_BYTES_DECOMPRESSED: 17316
INFO  :    SHUFFLE_BYTES_DISK_DIRECT: 1121
INFO  :    SHUFFLE_BYTES_TO_DISK: 0
INFO  :    SHUFFLE_BYTES_TO_MEM: 8968
INFO  :    SHUFFLE_PHASE_TIME: 6990
INFO  : TaskCounter_Reducer_3_INPUT_Reducer_2:
INFO  :    FIRST_EVENT_RECEIVED: 90246
INFO  :    INPUT_RECORDS_PROCESSED: 54454022
INFO  :    LAST_EVENT_RECEIVED: 5551180
INFO  :    NUM_FAILED_SHUFFLE_INPUTS: 0
INFO  :    NUM_SHUFFLED_INPUTS: 1018081
INFO  :    SHUFFLE_BYTES: 1534484453
INFO  :    SHUFFLE_BYTES_DECOMPRESSED: 1670479120
INFO  :    SHUFFLE_BYTES_DISK_DIRECT: 170985726
INFO  :    SHUFFLE_BYTES_TO_DISK: 0
INFO  :    SHUFFLE_BYTES_TO_MEM: 1363498727
INFO  :    SHUFFLE_PHASE_TIME: 16112427
INFO  : TaskCounter_Reducer_3_OUTPUT_Reducer_4:
INFO  :    ADDITIONAL_SPILLS_BYTES_READ: 0
INFO  :    ADDITIONAL_SPILLS_BYTES_WRITTEN: 0
INFO  :    ADDITIONAL_SPILL_COUNT: 0
INFO  :    OUTPUT_BYTES: 1574228
INFO  :    OUTPUT_BYTES_PHYSICAL: 21574881
INFO  :    OUTPUT_BYTES_WITH_OVERHEAD: 7699202
INFO  :    OUTPUT_RECORDS: 6628
INFO  :    SHUFFLE_CHUNK_COUNT: 1009
INFO  :    SPILLED_RECORDS: 6628
INFO  : TaskCounter_Reducer_4_INPUT_Reducer_3:
INFO  :    ADDITIONAL_SPILLS_BYTES_READ: 978179
INFO  :    ADDITIONAL_SPILLS_BYTES_WRITTEN: 811399
INFO  :    COMBINE_INPUT_RECORDS: 0
INFO  :    FIRST_EVENT_RECEIVED: 28446
INFO  :    LAST_EVENT_RECEIVED: 4460786
INFO  :    MERGED_MAP_OUTPUTS: 6609
INFO  :    MERGE_PHASE_TIME: 4468662
INFO  :    NUM_DISK_TO_DISK_MERGES: 0
INFO  :    NUM_FAILED_SHUFFLE_INPUTS: 0
INFO  :    NUM_MEM_TO_DISK_MERGES: 0
INFO  :    NUM_SHUFFLED_INPUTS: 6609
INFO  :    NUM_SKIPPED_INPUTS: 1011472
INFO  :    REDUCE_INPUT_GROUPS: 6627
INFO  :    REDUCE_INPUT_RECORDS: 6628
INFO  :    SHUFFLE_BYTES: 1345441
INFO  :    SHUFFLE_BYTES_DECOMPRESSED: 1630370
INFO  :    SHUFFLE_BYTES_DISK_DIRECT: 166780
INFO  :    SHUFFLE_BYTES_TO_DISK: 0
INFO  :    SHUFFLE_BYTES_TO_MEM: 1178661
INFO  :    SHUFFLE_PHASE_TIME: 4463798
INFO  :    SPILLED_RECORDS: 6628
INFO  : TaskCounter_Reducer_4_OUTPUT_Reducer_5:
INFO  :    ADDITIONAL_SPILLS_BYTES_READ: 0
INFO  :    ADDITIONAL_SPILLS_BYTES_WRITTEN: 0
INFO  :    ADDITIONAL_SPILL_COUNT: 0
INFO  :    OUTPUT_BYTES: 1283724
INFO  :    OUTPUT_BYTES_PHYSICAL: 799723
INFO  :    OUTPUT_BYTES_WITH_OVERHEAD: 1301727
INFO  :    OUTPUT_RECORDS: 6627
INFO  :    SHUFFLE_CHUNK_COUNT: 253
INFO  :    SPILLED_RECORDS: 6627
INFO  : TaskCounter_Reducer_5_INPUT_Reducer_4:
INFO  :    ADDITIONAL_SPILLS_BYTES_READ: 643581
INFO  :    ADDITIONAL_SPILLS_BYTES_WRITTEN: 560044
INFO  :    COMBINE_INPUT_RECORDS: 0
INFO  :    FIRST_EVENT_RECEIVED: 1
INFO  :    LAST_EVENT_RECEIVED: 395
INFO  :    MERGED_MAP_OUTPUTS: 253
INFO  :    MERGE_PHASE_TIME: 424
INFO  :    NUM_DISK_TO_DISK_MERGES: 0
INFO  :    NUM_FAILED_SHUFFLE_INPUTS: 0
INFO  :    NUM_MEM_TO_DISK_MERGES: 0
INFO  :    NUM_SHUFFLED_INPUTS: 253
INFO  :    NUM_SKIPPED_INPUTS: 0
INFO  :    REDUCE_INPUT_GROUPS: 6627
INFO  :    REDUCE_INPUT_RECORDS: 6627
INFO  :    SHUFFLE_BYTES: 799723
INFO  :    SHUFFLE_BYTES_DECOMPRESSED: 1301727
INFO  :    SHUFFLE_BYTES_DISK_DIRECT: 83537
INFO  :    SHUFFLE_BYTES_TO_DISK: 0
INFO  :    SHUFFLE_BYTES_TO_MEM: 716186
INFO  :    SHUFFLE_PHASE_TIME: 410
INFO  :    SPILLED_RECORDS: 6627
INFO  : TaskCounter_Reducer_5_OUTPUT_out_Reducer_5:
INFO  :    OUTPUT_RECORDS: 0
INFO  : org.apache.hadoop.hive.llap.counters.LlapIOCounters:
INFO  :    ALLOCATED_BYTES: 26075463680
INFO  :    ALLOCATED_USED_BYTES: 23207767871
INFO  :    CACHE_HIT_BYTES: 1390741378
INFO  :    CACHE_MISS_BYTES: 17696598220
INFO  :    CONSUMER_TIME_NS: 2230549058325
INFO  :    DECODE_TIME_NS: 571322189425
INFO  :    HDFS_TIME_NS: 1165075970869
INFO  :    METADATA_CACHE_HIT: 448
INFO  :    METADATA_CACHE_MISS: 4634
INFO  :    NUM_DECODED_BATCHES: 285539
INFO  :    NUM_VECTOR_BATCHES: 2844879
INFO  :    ROWS_EMITTED: 2844633818
INFO  :    SELECTED_ROWGROUPS: 285539
INFO  :    TOTAL_IO_TIME_NS: 2170893900262
INFO  : Completed executing command(queryId=hive_20161020152727_8a54c8e1-85b5-426d-a9ed-fafa6e52e248); Time taken: 90.091 seconds
INFO  : OK
100 rows selected (91.978 seconds)
Closing: 0: jdbc:hive2://h01hn02:10500/tpcds_bin_partitioned_orc_10000
