Connecting to jdbc:hive2://h01hn02:10500/tpcds_bin_partitioned_orc_10000
Connected to: Apache Hive (version 2.1.0.2.5.1.0-43)
Driver: Hive JDBC (version 1.2.1000.2.5.1.0-43)
Transaction isolation: TRANSACTION_REPEATABLE_READ
Running init script bry.sql
No rows affected (0.035 seconds)
INFO  : Compiling command(queryId=hive_20161020162902_5ac39af0-309c-4caf-944d-6e04a6d11811): select  dt.d_year
       ,item.i_brand_id brand_id 
       ,item.i_brand brand
       ,sum(ss_ext_sales_price) sum_agg
 from  date_dim dt 
      ,store_sales
      ,item
 where dt.d_date_sk = store_sales.ss_sold_date_sk
   and store_sales.ss_item_sk = item.i_item_sk
   and item.i_manufact_id = 436
   and dt.d_moy=12
 group by dt.d_year
      ,item.i_brand
      ,item.i_brand_id
 order by dt.d_year
         ,sum_agg desc
         ,brand_id
 limit 100
INFO  : Semantic Analysis Completed
INFO  : Returning Hive schema: Schema(fieldSchemas:[FieldSchema(name:dt.d_year, type:int, comment:null), FieldSchema(name:brand_id, type:int, comment:null), FieldSchema(name:brand, type:string, comment:null), FieldSchema(name:sum_agg, type:double, comment:null)], properties:null)
INFO  : Completed compiling command(queryId=hive_20161020162902_5ac39af0-309c-4caf-944d-6e04a6d11811); Time taken: 0.517 seconds
INFO  : Concurrency mode is disabled, not creating a lock manager
INFO  : Executing command(queryId=hive_20161020162902_5ac39af0-309c-4caf-944d-6e04a6d11811): select  dt.d_year
       ,item.i_brand_id brand_id 
       ,item.i_brand brand
       ,sum(ss_ext_sales_price) sum_agg
 from  date_dim dt 
      ,store_sales
      ,item
 where dt.d_date_sk = store_sales.ss_sold_date_sk
   and store_sales.ss_item_sk = item.i_item_sk
   and item.i_manufact_id = 436
   and dt.d_moy=12
 group by dt.d_year
      ,item.i_brand
      ,item.i_brand_id
 order by dt.d_year
         ,sum_agg desc
         ,brand_id
 limit 100
INFO  : Query ID = hive_20161020162902_5ac39af0-309c-4caf-944d-6e04a6d11811
INFO  : Total jobs = 1
INFO  : Launching Job 1 out of 1
INFO  : Starting task [Stage-1:MAPRED] in serial mode
INFO  : Session is already open
INFO  : Dag name: select  dt.d_year
       ,item.i_brand...100(Stage-1)
INFO  : Setting tez.task.scale.memory.reserve-fraction to 0.30000001192092896
INFO  : 

INFO  : Status: Running (Executing on YARN cluster with App id application_1476988466894_0254)

INFO  : Map 1: 1/1	Map 2: 0/327	Map 5: 7/7	Reducer 3: 0/1009	Reducer 4: 0/1	
INFO  : Map 1: 1/1	Map 2: 0(+327)/327	Map 5: 7/7	Reducer 3: 0/1009	Reducer 4: 0/1	
INFO  : Map 1: 1/1	Map 2: 3(+324)/327	Map 5: 7/7	Reducer 3: 0/1009	Reducer 4: 0/1	
INFO  : Map 1: 1/1	Map 2: 5(+322)/327	Map 5: 7/7	Reducer 3: 0/1009	Reducer 4: 0/1	
INFO  : Map 1: 1/1	Map 2: 13(+314)/327	Map 5: 7/7	Reducer 3: 0/1009	Reducer 4: 0/1	
INFO  : Map 1: 1/1	Map 2: 57(+270)/327	Map 5: 7/7	Reducer 3: 0/1009	Reducer 4: 0/1	
INFO  : Map 1: 1/1	Map 2: 146(+181)/327	Map 5: 7/7	Reducer 3: 0/1009	Reducer 4: 0/1	
INFO  : Map 1: 1/1	Map 2: 206(+121)/327	Map 5: 7/7	Reducer 3: 0/1009	Reducer 4: 0/1	
INFO  : Map 1: 1/1	Map 2: 258(+69)/327	Map 5: 7/7	Reducer 3: 0(+15)/253	Reducer 4: 0/1	
INFO  : Map 1: 1/1	Map 2: 281(+45)/327	Map 5: 7/7	Reducer 3: 0(+253)/253	Reducer 4: 0/1	
INFO  : Map 1: 1/1	Map 2: 327/327	Map 5: 7/7	Reducer 3: 0(+253)/253	Reducer 4: 0/1	
INFO  : Map 1: 1/1	Map 2: 327/327	Map 5: 7/7	Reducer 3: 25(+228)/253	Reducer 4: 0/1	
INFO  : Map 1: 1/1	Map 2: 327/327	Map 5: 7/7	Reducer 3: 48(+205)/253	Reducer 4: 0/1	
INFO  : Map 1: 1/1	Map 2: 327/327	Map 5: 7/7	Reducer 3: 82(+171)/253	Reducer 4: 0(+1)/1	
INFO  : Map 1: 1/1	Map 2: 327/327	Map 5: 7/7	Reducer 3: 83(+170)/253	Reducer 4: 0(+1)/1	
INFO  : Map 1: 1/1	Map 2: 327/327	Map 5: 7/7	Reducer 3: 197(+56)/253	Reducer 4: 0(+1)/1	
INFO  : Map 1: 1/1	Map 2: 327/327	Map 5: 7/7	Reducer 3: 198(+55)/253	Reducer 4: 0(+1)/1	
INFO  : Map 1: 1/1	Map 2: 327/327	Map 5: 7/7	Reducer 3: 252(+1)/253	Reducer 4: 0(+1)/1	
INFO  : Map 1: 1/1	Map 2: 327/327	Map 5: 7/7	Reducer 3: 252(+1)/253	Reducer 4: 0(+1)/1	
INFO  : Map 1: 1/1	Map 2: 327/327	Map 5: 7/7	Reducer 3: 252(+1)/253	Reducer 4: 0(+1)/1	
INFO  : Map 1: 1/1	Map 2: 327/327	Map 5: 7/7	Reducer 3: 252(+1)/253	Reducer 4: 0(+1)/1	
INFO  : Map 1: 1/1	Map 2: 327/327	Map 5: 7/7	Reducer 3: 252(+1)/253	Reducer 4: 0(+1)/1	
INFO  : Map 1: 1/1	Map 2: 327/327	Map 5: 7/7	Reducer 3: 252(+1)/253	Reducer 4: 0(+1)/1	
INFO  : Map 1: 1/1	Map 2: 327/327	Map 5: 7/7	Reducer 3: 252(+1)/253	Reducer 4: 0(+1)/1	
INFO  : Map 1: 1/1	Map 2: 327/327	Map 5: 7/7	Reducer 3: 252(+1)/253	Reducer 4: 0(+1)/1	
INFO  : Map 1: 1/1	Map 2: 327/327	Map 5: 7/7	Reducer 3: 252(+1)/253	Reducer 4: 0(+1)/1	
INFO  : Map 1: 1/1	Map 2: 327/327	Map 5: 7/7	Reducer 3: 252(+1)/253	Reducer 4: 0(+1)/1	
INFO  : Map 1: 1/1	Map 2: 327/327	Map 5: 7/7	Reducer 3: 252(+1)/253	Reducer 4: 0(+1)/1	
INFO  : Map 1: 1/1	Map 2: 327/327	Map 5: 7/7	Reducer 3: 252(+1)/253	Reducer 4: 0(+1)/1	
INFO  : Map 1: 1/1	Map 2: 327/327	Map 5: 7/7	Reducer 3: 252(+1)/253	Reducer 4: 0(+1)/1	
INFO  : Map 1: 1/1	Map 2: 327/327	Map 5: 7/7	Reducer 3: 252(+1)/253	Reducer 4: 0(+1)/1	
INFO  : Map 1: 1/1	Map 2: 327/327	Map 5: 7/7	Reducer 3: 252(+1)/253	Reducer 4: 0(+1)/1	
INFO  : Map 1: 1/1	Map 2: 327/327	Map 5: 7/7	Reducer 3: 252(+1)/253	Reducer 4: 0(+1)/1	
INFO  : Map 1: 1/1	Map 2: 327/327	Map 5: 7/7	Reducer 3: 252(+1)/253	Reducer 4: 0(+1)/1	
INFO  : Map 1: 1/1	Map 2: 327/327	Map 5: 7/7	Reducer 3: 252(+1)/253	Reducer 4: 0(+1)/1	
INFO  : Map 1: 1/1	Map 2: 327/327	Map 5: 7/7	Reducer 3: 252(+1)/253	Reducer 4: 0(+1)/1	
INFO  : Map 1: 1/1	Map 2: 327/327	Map 5: 7/7	Reducer 3: 252(+1)/253	Reducer 4: 0(+1)/1	
INFO  : Map 1: 1/1	Map 2: 327/327	Map 5: 7/7	Reducer 3: 253/253	Reducer 4: 0(+1)/1	
INFO  : Map 1: 1/1	Map 2: 327/327	Map 5: 7/7	Reducer 3: 253/253	Reducer 4: 1/1	
INFO  : Status: DAG finished successfully in 65.84 seconds
INFO  : 
INFO  : Query Execution Summary
INFO  : ----------------------------------------------------------------------------------------------
INFO  : ----------------------------------------------------------------------------------------------
INFO  : Compile Query                           0.52s
INFO  : Prepare Plan                            0.33s
INFO  : Submit Plan                             0.13s
INFO  : Start DAG                               0.20s
INFO  : Run DAG                                65.84s
INFO  : ----------------------------------------------------------------------------------------------
INFO  : 
INFO  : Task Execution Summary
INFO  : --------------------------------------------------------------------------------------------------------------------------------
INFO  : --------------------------------------------------------------------------------------------------------------------------------
INFO  :      Map 1            1                0             0           0.00             0            0         73,049           6,200
INFO  :      Map 2          327                0             0        3624.00             0            0  4,655,006,291         121,199
INFO  :      Map 5            7                0             0           0.00             0            0        402,000             412
INFO  :  Reducer 3          253                0             0       62784.00             0            0        121,199             707
INFO  :  Reducer 4            1                0             0       61417.00             0            0            707               0
INFO  : --------------------------------------------------------------------------------------------------------------------------------
INFO  : 
INFO  : LLAP IO Summary
INFO  : ----------------------------------------------------------------------------------------------
INFO  : ----------------------------------------------------------------------------------------------
INFO  :      Map 1         8         2          0    1.91KB         0B          0B       0B     0.00s
INFO  :      Map 2    467043      6332          0   31.75GB         0B          0B       0B   531.45s
INFO  :      Map 5        42        14          0    2.61MB         0B          0B       0B     0.04s
INFO  : ----------------------------------------------------------------------------------------------
INFO  : 
INFO  : FileSystem Counters Summary
INFO  : 
INFO  : ----------------------------------------------------------------------------------------------
INFO  : ----------------------------------------------------------------------------------------------
INFO  :      Map 1              0B             0                  0            31.64KB             0
INFO  :      Map 2         15.84MB             0                  0            19.20MB             0
INFO  :      Map 5              0B             0                  0             7.12KB             0
INFO  :  Reducer 3         16.19KB             0                  0            39.34KB             0
INFO  :  Reducer 4              0B             0                  0                 0B             0
INFO  : ----------------------------------------------------------------------------------------------
INFO  : 
INFO  : ----------------------------------------------------------------------------------------------
INFO  : ----------------------------------------------------------------------------------------------
INFO  :      Map 1              0B             0                  0                 0B             0
INFO  :      Map 2              0B             0                  0                 0B             0
INFO  :      Map 5              0B             0                  0                 0B             0
INFO  :  Reducer 3              0B             0                  0                 0B             0
INFO  :  Reducer 4              0B             2                  0             6.27KB             2
INFO  : ----------------------------------------------------------------------------------------------
INFO  : 
INFO  : org.apache.tez.common.counters.DAGCounter:
INFO  :    NUM_SUCCEEDED_TASKS: 589
INFO  :    TOTAL_LAUNCHED_TASKS: 589
INFO  :    DATA_LOCAL_TASKS: 335
INFO  :    AM_CPU_MILLISECONDS: 11040
INFO  :    AM_GC_TIME_MILLIS: 217
INFO  : File System Counters:
INFO  :    FILE_BYTES_READ: 15858688
INFO  :    FILE_BYTES_WRITTEN: 19282707
INFO  :    FILE_READ_OPS: 0
INFO  :    FILE_LARGE_READ_OPS: 0
INFO  :    FILE_WRITE_OPS: 0
INFO  :    HDFS_BYTES_READ: 0
INFO  :    HDFS_BYTES_WRITTEN: 6265
INFO  :    HDFS_READ_OPS: 2
INFO  :    HDFS_LARGE_READ_OPS: 0
INFO  :    HDFS_WRITE_OPS: 2
INFO  : org.apache.tez.common.counters.TaskCounter:
INFO  :    REDUCE_INPUT_GROUPS: 1414
INFO  :    REDUCE_INPUT_RECORDS: 121906
INFO  :    COMBINE_INPUT_RECORDS: 0
INFO  :    SPILLED_RECORDS: 243833
INFO  :    NUM_SHUFFLED_INPUTS: 100985
INFO  :    NUM_SKIPPED_INPUTS: 229283
INFO  :    NUM_FAILED_SHUFFLE_INPUTS: 1
INFO  :    MERGED_MAP_OUTPUTS: 100913
INFO  :    INPUT_RECORDS_PROCESSED: 4715043
INFO  :    INPUT_SPLIT_LENGTH_BYTES: 260975315123
INFO  :    OUTPUT_RECORDS: 128518
INFO  :    OUTPUT_LARGE_RECORDS: 0
INFO  :    OUTPUT_BYTES: 4706341
INFO  :    OUTPUT_BYTES_WITH_OVERHEAD: 6944601
INFO  :    OUTPUT_BYTES_PHYSICAL: 11353299
INFO  :    ADDITIONAL_SPILLS_BYTES_WRITTEN: 831396
INFO  :    ADDITIONAL_SPILLS_BYTES_READ: 1598649
INFO  :    ADDITIONAL_SPILL_COUNT: 0
INFO  :    SHUFFLE_CHUNK_COUNT: 580
INFO  :    SHUFFLE_BYTES: 7075487
INFO  :    SHUFFLE_BYTES_DECOMPRESSED: 6211159
INFO  :    SHUFFLE_BYTES_TO_MEM: 6293032
INFO  :    SHUFFLE_BYTES_TO_DISK: 0
INFO  :    SHUFFLE_BYTES_DISK_DIRECT: 782455
INFO  :    NUM_MEM_TO_DISK_MERGES: 0
INFO  :    NUM_DISK_TO_DISK_MERGES: 0
INFO  :    SHUFFLE_PHASE_TIME: 583457
INFO  :    MERGE_PHASE_TIME: 584654
INFO  :    FIRST_EVENT_RECEIVED: 10351
INFO  :    LAST_EVENT_RECEIVED: 256255
INFO  : HIVE:
INFO  :    CREATED_FILES: 1
INFO  :    DESERIALIZE_ERRORS: 0
INFO  :    RECORDS_IN_Map_1: 73049
INFO  :    RECORDS_IN_Map_2: 4654999679
INFO  :    RECORDS_IN_Map_5: 402000
INFO  :    RECORDS_OUT_0: 100
INFO  :    RECORDS_OUT_INTERMEDIATE_Map_1: 6200
INFO  :    RECORDS_OUT_INTERMEDIATE_Map_2: 121199
INFO  :    RECORDS_OUT_INTERMEDIATE_Map_5: 412
INFO  :    RECORDS_OUT_INTERMEDIATE_Reducer_3: 707
INFO  : Shuffle Errors:
INFO  :    BAD_ID: 0
INFO  :    CONNECTION: 0
INFO  :    IO_ERROR: 1
INFO  :    WRONG_LENGTH: 0
INFO  :    WRONG_MAP: 0
INFO  :    WRONG_REDUCE: 0
INFO  : Shuffle Errors_Reducer_3_INPUT_Map_2:
INFO  :    BAD_ID: 0
INFO  :    CONNECTION: 0
INFO  :    IO_ERROR: 1
INFO  :    WRONG_LENGTH: 0
INFO  :    WRONG_MAP: 0
INFO  :    WRONG_REDUCE: 0
INFO  : Shuffle Errors_Reducer_4_INPUT_Reducer_3:
INFO  :    BAD_ID: 0
INFO  :    CONNECTION: 0
INFO  :    IO_ERROR: 0
INFO  :    WRONG_LENGTH: 0
INFO  :    WRONG_MAP: 0
INFO  :    WRONG_REDUCE: 0
INFO  : TaskCounter_Map_1_INPUT_dt:
INFO  :    INPUT_RECORDS_PROCESSED: 73
INFO  :    INPUT_SPLIT_LENGTH_BYTES: 759177
INFO  : TaskCounter_Map_1_OUTPUT_Map_2:
INFO  :    ADDITIONAL_SPILLS_BYTES_READ: 0
INFO  :    ADDITIONAL_SPILLS_BYTES_WRITTEN: 0
INFO  :    ADDITIONAL_SPILL_COUNT: 0
INFO  :    OUTPUT_BYTES: 55800
INFO  :    OUTPUT_BYTES_PHYSICAL: 31629
INFO  :    OUTPUT_BYTES_WITH_OVERHEAD: 68206
INFO  :    OUTPUT_LARGE_RECORDS: 0
INFO  :    OUTPUT_RECORDS: 6200
INFO  :    SPILLED_RECORDS: 0
INFO  : TaskCounter_Map_2_INPUT_Map_1:
INFO  :    FIRST_EVENT_RECEIVED: 388
INFO  :    INPUT_RECORDS_PROCESSED: 55800
INFO  :    LAST_EVENT_RECEIVED: 388
INFO  :    NUM_FAILED_SHUFFLE_INPUTS: 0
INFO  :    NUM_SHUFFLED_INPUTS: 9
INFO  :    SHUFFLE_BYTES: 284445
INFO  :    SHUFFLE_BYTES_DECOMPRESSED: 613854
INFO  :    SHUFFLE_BYTES_DISK_DIRECT: 31605
INFO  :    SHUFFLE_BYTES_TO_DISK: 0
INFO  :    SHUFFLE_BYTES_TO_MEM: 252840
INFO  :    SHUFFLE_PHASE_TIME: 901
INFO  : TaskCounter_Map_2_INPUT_Map_5:
INFO  :    FIRST_EVENT_RECEIVED: 22
INFO  :    INPUT_RECORDS_PROCESSED: 3708
INFO  :    LAST_EVENT_RECEIVED: 289
INFO  :    NUM_FAILED_SHUFFLE_INPUTS: 0
INFO  :    NUM_SHUFFLED_INPUTS: 63
INFO  :    SHUFFLE_BYTES: 62100
INFO  :    SHUFFLE_BYTES_DECOMPRESSED: 108684
INFO  :    SHUFFLE_BYTES_DISK_DIRECT: 6900
INFO  :    SHUFFLE_BYTES_TO_DISK: 0
INFO  :    SHUFFLE_BYTES_TO_MEM: 55200
INFO  :    SHUFFLE_PHASE_TIME: 2012
INFO  : TaskCounter_Map_2_INPUT_store_sales:
INFO  :    INPUT_RECORDS_PROCESSED: 4655057
INFO  :    INPUT_SPLIT_LENGTH_BYTES: 260936463608
INFO  : TaskCounter_Map_2_OUTPUT_Reducer_3:
INFO  :    ADDITIONAL_SPILLS_BYTES_READ: 0
INFO  :    ADDITIONAL_SPILLS_BYTES_WRITTEN: 0
INFO  :    ADDITIONAL_SPILL_COUNT: 0
INFO  :    OUTPUT_BYTES: 4612425
INFO  :    OUTPUT_BYTES_PHYSICAL: 11283363
INFO  :    OUTPUT_BYTES_WITH_OVERHEAD: 6834481
INFO  :    OUTPUT_RECORDS: 121199
INFO  :    SHUFFLE_CHUNK_COUNT: 327
INFO  :    SPILLED_RECORDS: 121199
INFO  : TaskCounter_Map_5_INPUT_item:
INFO  :    INPUT_RECORDS_PROCESSED: 405
INFO  :    INPUT_SPLIT_LENGTH_BYTES: 38092338
INFO  : TaskCounter_Map_5_OUTPUT_Map_2:
INFO  :    ADDITIONAL_SPILLS_BYTES_READ: 0
INFO  :    ADDITIONAL_SPILLS_BYTES_WRITTEN: 0
INFO  :    ADDITIONAL_SPILL_COUNT: 0
INFO  :    OUTPUT_BYTES: 11210
INFO  :    OUTPUT_BYTES_PHYSICAL: 7068
INFO  :    OUTPUT_BYTES_WITH_OVERHEAD: 12076
INFO  :    OUTPUT_LARGE_RECORDS: 0
INFO  :    OUTPUT_RECORDS: 412
INFO  :    SPILLED_RECORDS: 0
INFO  : TaskCounter_Reducer_3_INPUT_Map_2:
INFO  :    ADDITIONAL_SPILLS_BYTES_READ: 1583917
INFO  :    ADDITIONAL_SPILLS_BYTES_WRITTEN: 820346
INFO  :    COMBINE_INPUT_RECORDS: 0
INFO  :    FIRST_EVENT_RECEIVED: 9940
INFO  :    LAST_EVENT_RECEIVED: 194130
INFO  :    MERGED_MAP_OUTPUTS: 100675
INFO  :    MERGE_PHASE_TIME: 523199
INFO  :    NUM_DISK_TO_DISK_MERGES: 0
INFO  :    NUM_FAILED_SHUFFLE_INPUTS: 1
INFO  :    NUM_MEM_TO_DISK_MERGES: 0
INFO  :    NUM_SHUFFLED_INPUTS: 100675
INFO  :    NUM_SKIPPED_INPUTS: 229268
INFO  :    REDUCE_INPUT_GROUPS: 707
INFO  :    REDUCE_INPUT_RECORDS: 121199
INFO  :    SHUFFLE_BYTES: 6698003
INFO  :    SHUFFLE_BYTES_DECOMPRESSED: 5458873
INFO  :    SHUFFLE_BYTES_DISK_DIRECT: 740268
INFO  :    SHUFFLE_BYTES_TO_DISK: 0
INFO  :    SHUFFLE_BYTES_TO_MEM: 5957735
INFO  :    SHUFFLE_PHASE_TIME: 519094
INFO  :    SPILLED_RECORDS: 121220
INFO  : TaskCounter_Reducer_3_OUTPUT_Reducer_4:
INFO  :    ADDITIONAL_SPILLS_BYTES_READ: 0
INFO  :    ADDITIONAL_SPILLS_BYTES_WRITTEN: 0
INFO  :    ADDITIONAL_SPILL_COUNT: 0
INFO  :    OUTPUT_BYTES: 26906
INFO  :    OUTPUT_BYTES_PHYSICAL: 31239
INFO  :    OUTPUT_BYTES_WITH_OVERHEAD: 29838
INFO  :    OUTPUT_RECORDS: 707
INFO  :    SHUFFLE_CHUNK_COUNT: 253
INFO  :    SPILLED_RECORDS: 707
INFO  : TaskCounter_Reducer_4_INPUT_Reducer_3:
INFO  :    ADDITIONAL_SPILLS_BYTES_READ: 14732
INFO  :    ADDITIONAL_SPILLS_BYTES_WRITTEN: 11050
INFO  :    COMBINE_INPUT_RECORDS: 0
INFO  :    FIRST_EVENT_RECEIVED: 1
INFO  :    LAST_EVENT_RECEIVED: 61448
INFO  :    MERGED_MAP_OUTPUTS: 238
INFO  :    MERGE_PHASE_TIME: 61455
INFO  :    NUM_DISK_TO_DISK_MERGES: 0
INFO  :    NUM_FAILED_SHUFFLE_INPUTS: 0
INFO  :    NUM_MEM_TO_DISK_MERGES: 0
INFO  :    NUM_SHUFFLED_INPUTS: 238
INFO  :    NUM_SKIPPED_INPUTS: 15
INFO  :    REDUCE_INPUT_GROUPS: 707
INFO  :    REDUCE_INPUT_RECORDS: 707
INFO  :    SHUFFLE_BYTES: 30939
INFO  :    SHUFFLE_BYTES_DECOMPRESSED: 29748
INFO  :    SHUFFLE_BYTES_DISK_DIRECT: 3682
INFO  :    SHUFFLE_BYTES_TO_DISK: 0
INFO  :    SHUFFLE_BYTES_TO_MEM: 27257
INFO  :    SHUFFLE_PHASE_TIME: 61450
INFO  :    SPILLED_RECORDS: 707
INFO  : TaskCounter_Reducer_4_OUTPUT_out_Reducer_4:
INFO  :    OUTPUT_RECORDS: 0
INFO  : org.apache.hadoop.hive.llap.counters.LlapIOCounters:
INFO  :    CACHE_HIT_BYTES: 31755808101
INFO  :    CACHE_MISS_BYTES: 0
INFO  :    CONSUMER_TIME_NS: 627260703523
INFO  :    DECODE_TIME_NS: 466510352069
INFO  :    HDFS_TIME_NS: 23414010
INFO  :    METADATA_CACHE_HIT: 6348
INFO  :    NUM_DECODED_BATCHES: 467093
INFO  :    NUM_VECTOR_BATCHES: 4655535
INFO  :    ROWS_EMITTED: 4655474728
INFO  :    SELECTED_ROWGROUPS: 467093
INFO  :    TOTAL_IO_TIME_NS: 531488615062
INFO  : Completed executing command(queryId=hive_20161020162902_5ac39af0-309c-4caf-944d-6e04a6d11811); Time taken: 66.588 seconds
INFO  : OK
100 rows selected (67.346 seconds)
Closing: 0: jdbc:hive2://h01hn02:10500/tpcds_bin_partitioned_orc_10000
