Connecting to jdbc:hive2://h01hn02:10500/tpcds_bin_partitioned_orc_10000
Connected to: Apache Hive (version 2.1.0.2.5.1.0-43)
Driver: Hive JDBC (version 1.2.1000.2.5.1.0-43)
Transaction isolation: TRANSACTION_REPEATABLE_READ
Running init script bry.sql
No rows affected (0.039 seconds)
INFO  : Compiling command(queryId=hive_20161020155010_b5c913cc-2f57-4b35-84c9-ae5a805d00a8): select  i_product_name
             ,i_brand
             ,i_class
             ,i_category
             ,avg(inv_quantity_on_hand) qoh
       from inventory
           ,date_dim
           ,item
           ,warehouse
       where inventory.inv_date_sk=date_dim.d_date_sk
              and inventory.inv_item_sk=item.i_item_sk
              and inventory.inv_warehouse_sk = warehouse.w_warehouse_sk
              and date_dim.d_month_seq between 1193 and 1193 + 11
       group by i_product_name
                       ,i_brand
                       ,i_class
                       ,i_category with rollup
order by qoh, i_product_name, i_brand, i_class, i_category
limit 100
INFO  : Semantic Analysis Completed
INFO  : Returning Hive schema: Schema(fieldSchemas:[FieldSchema(name:i_product_name, type:string, comment:null), FieldSchema(name:i_brand, type:string, comment:null), FieldSchema(name:i_class, type:string, comment:null), FieldSchema(name:i_category, type:string, comment:null), FieldSchema(name:qoh, type:double, comment:null)], properties:null)
INFO  : Completed compiling command(queryId=hive_20161020155010_b5c913cc-2f57-4b35-84c9-ae5a805d00a8); Time taken: 0.242 seconds
INFO  : Concurrency mode is disabled, not creating a lock manager
INFO  : Executing command(queryId=hive_20161020155010_b5c913cc-2f57-4b35-84c9-ae5a805d00a8): select  i_product_name
             ,i_brand
             ,i_class
             ,i_category
             ,avg(inv_quantity_on_hand) qoh
       from inventory
           ,date_dim
           ,item
           ,warehouse
       where inventory.inv_date_sk=date_dim.d_date_sk
              and inventory.inv_item_sk=item.i_item_sk
              and inventory.inv_warehouse_sk = warehouse.w_warehouse_sk
              and date_dim.d_month_seq between 1193 and 1193 + 11
       group by i_product_name
                       ,i_brand
                       ,i_class
                       ,i_category with rollup
order by qoh, i_product_name, i_brand, i_class, i_category
limit 100
INFO  : Query ID = hive_20161020155010_b5c913cc-2f57-4b35-84c9-ae5a805d00a8
INFO  : Total jobs = 1
INFO  : Launching Job 1 out of 1
INFO  : Starting task [Stage-1:MAPRED] in serial mode
INFO  : Session is already open
INFO  : Dag name: select  i_product_name
             ,i...100(Stage-1)
INFO  : Setting tez.task.scale.memory.reserve-fraction to 0.30000001192092896
INFO  : 

INFO  : Status: Running (Executing on YARN cluster with App id application_1476988466894_0260)

INFO  : Map 1: -/-	Map 4: 1/1	Map 5: 6(+1)/7	Map 6: 1/1	Reducer 2: 0/1009	Reducer 3: 0/1	
INFO  : Map 1: -/-	Map 4: 1/1	Map 5: 7/7	Map 6: 1/1	Reducer 2: 0/1009	Reducer 3: 0/1	
INFO  : Map 1: 0(+24)/261	Map 4: 1/1	Map 5: 7/7	Map 6: 1/1	Reducer 2: 0/1009	Reducer 3: 0/1	
INFO  : Map 1: 0(+261)/261	Map 4: 1/1	Map 5: 7/7	Map 6: 1/1	Reducer 2: 0/1009	Reducer 3: 0/1	
INFO  : Map 1: 0(+261)/261	Map 4: 1/1	Map 5: 7/7	Map 6: 1/1	Reducer 2: 0/1009	Reducer 3: 0/1	
INFO  : Map 1: 0(+261)/261	Map 4: 1/1	Map 5: 7/7	Map 6: 1/1	Reducer 2: 0/1009	Reducer 3: 0/1	
INFO  : Map 1: 9(+252)/261	Map 4: 1/1	Map 5: 7/7	Map 6: 1/1	Reducer 2: 0/1009	Reducer 3: 0/1	
INFO  : Map 1: 14(+247)/261	Map 4: 1/1	Map 5: 7/7	Map 6: 1/1	Reducer 2: 0/1009	Reducer 3: 0/1	
INFO  : Map 1: 23(+238)/261	Map 4: 1/1	Map 5: 7/7	Map 6: 1/1	Reducer 2: 0/1009	Reducer 3: 0/1	
INFO  : Map 1: 25(+236)/261	Map 4: 1/1	Map 5: 7/7	Map 6: 1/1	Reducer 2: 0/1009	Reducer 3: 0/1	
INFO  : Map 1: 30(+231)/261	Map 4: 1/1	Map 5: 7/7	Map 6: 1/1	Reducer 2: 0/1009	Reducer 3: 0/1	
INFO  : Map 1: 32(+229)/261	Map 4: 1/1	Map 5: 7/7	Map 6: 1/1	Reducer 2: 0/1009	Reducer 3: 0/1	
INFO  : Map 1: 39(+222)/261	Map 4: 1/1	Map 5: 7/7	Map 6: 1/1	Reducer 2: 0/1009	Reducer 3: 0/1	
INFO  : Map 1: 47(+214)/261	Map 4: 1/1	Map 5: 7/7	Map 6: 1/1	Reducer 2: 0/1009	Reducer 3: 0/1	
INFO  : Map 1: 60(+201)/261	Map 4: 1/1	Map 5: 7/7	Map 6: 1/1	Reducer 2: 0/1009	Reducer 3: 0/1	
INFO  : Map 1: 69(+192)/261	Map 4: 1/1	Map 5: 7/7	Map 6: 1/1	Reducer 2: 0/1009	Reducer 3: 0/1	
INFO  : Map 1: 83(+178)/261	Map 4: 1/1	Map 5: 7/7	Map 6: 1/1	Reducer 2: 0/1009	Reducer 3: 0/1	
INFO  : Map 1: 97(+164)/261	Map 4: 1/1	Map 5: 7/7	Map 6: 1/1	Reducer 2: 0/1009	Reducer 3: 0/1	
INFO  : Map 1: 116(+145)/261	Map 4: 1/1	Map 5: 7/7	Map 6: 1/1	Reducer 2: 0/1009	Reducer 3: 0/1	
INFO  : Map 1: 127(+134)/261	Map 4: 1/1	Map 5: 7/7	Map 6: 1/1	Reducer 2: 0/1009	Reducer 3: 0/1	
INFO  : Map 1: 140(+121)/261	Map 4: 1/1	Map 5: 7/7	Map 6: 1/1	Reducer 2: 0/1009	Reducer 3: 0/1	
INFO  : Map 1: 145(+116)/261	Map 4: 1/1	Map 5: 7/7	Map 6: 1/1	Reducer 2: 0/1009	Reducer 3: 0/1	
INFO  : Map 1: 146(+115)/261	Map 4: 1/1	Map 5: 7/7	Map 6: 1/1	Reducer 2: 0/1009	Reducer 3: 0/1	
INFO  : Map 1: 147(+114)/261	Map 4: 1/1	Map 5: 7/7	Map 6: 1/1	Reducer 2: 0/1009	Reducer 3: 0/1	
INFO  : Map 1: 149(+112)/261	Map 4: 1/1	Map 5: 7/7	Map 6: 1/1	Reducer 2: 0/1009	Reducer 3: 0/1	
INFO  : Map 1: 150(+111)/261	Map 4: 1/1	Map 5: 7/7	Map 6: 1/1	Reducer 2: 0/1009	Reducer 3: 0/1	
INFO  : Map 1: 155(+106)/261	Map 4: 1/1	Map 5: 7/7	Map 6: 1/1	Reducer 2: 0/1009	Reducer 3: 0/1	
INFO  : Map 1: 156(+105)/261	Map 4: 1/1	Map 5: 7/7	Map 6: 1/1	Reducer 2: 0/1009	Reducer 3: 0/1	
INFO  : Map 1: 159(+102)/261	Map 4: 1/1	Map 5: 7/7	Map 6: 1/1	Reducer 2: 0/1009	Reducer 3: 0/1	
INFO  : Map 1: 162(+99)/261	Map 4: 1/1	Map 5: 7/7	Map 6: 1/1	Reducer 2: 0/1009	Reducer 3: 0/1	
INFO  : Map 1: 166(+95)/261	Map 4: 1/1	Map 5: 7/7	Map 6: 1/1	Reducer 2: 0/1009	Reducer 3: 0/1	
INFO  : Map 1: 168(+93)/261	Map 4: 1/1	Map 5: 7/7	Map 6: 1/1	Reducer 2: 0/1009	Reducer 3: 0/1	
INFO  : Map 1: 173(+88)/261	Map 4: 1/1	Map 5: 7/7	Map 6: 1/1	Reducer 2: 0/1009	Reducer 3: 0/1	
INFO  : Map 1: 176(+85)/261	Map 4: 1/1	Map 5: 7/7	Map 6: 1/1	Reducer 2: 0/1009	Reducer 3: 0/1	
INFO  : Map 1: 181(+80)/261	Map 4: 1/1	Map 5: 7/7	Map 6: 1/1	Reducer 2: 0/1009	Reducer 3: 0/1	
INFO  : Map 1: 182(+79)/261	Map 4: 1/1	Map 5: 7/7	Map 6: 1/1	Reducer 2: 0/1009	Reducer 3: 0/1	
INFO  : Map 1: 184(+76)/261	Map 4: 1/1	Map 5: 7/7	Map 6: 1/1	Reducer 2: 0/1009	Reducer 3: 0/1	
INFO  : Map 1: 186(+75)/261	Map 4: 1/1	Map 5: 7/7	Map 6: 1/1	Reducer 2: 0/1009	Reducer 3: 0/1	
INFO  : Map 1: 186(+75)/261	Map 4: 1/1	Map 5: 7/7	Map 6: 1/1	Reducer 2: 0/1009	Reducer 3: 0/1	
INFO  : Map 1: 186(+75)/261	Map 4: 1/1	Map 5: 7/7	Map 6: 1/1	Reducer 2: 0/1009	Reducer 3: 0/1	
INFO  : Map 1: 186(+75)/261	Map 4: 1/1	Map 5: 7/7	Map 6: 1/1	Reducer 2: 0/1009	Reducer 3: 0/1	
INFO  : Map 1: 188(+73)/261	Map 4: 1/1	Map 5: 7/7	Map 6: 1/1	Reducer 2: 0/1009	Reducer 3: 0/1	
INFO  : Map 1: 191(+70)/261	Map 4: 1/1	Map 5: 7/7	Map 6: 1/1	Reducer 2: 0/1009	Reducer 3: 0/1	
INFO  : Map 1: 192(+69)/261	Map 4: 1/1	Map 5: 7/7	Map 6: 1/1	Reducer 2: 0/1009	Reducer 3: 0/1	
INFO  : Map 1: 193(+68)/261	Map 4: 1/1	Map 5: 7/7	Map 6: 1/1	Reducer 2: 0/1009	Reducer 3: 0/1	
INFO  : Map 1: 194(+67)/261	Map 4: 1/1	Map 5: 7/7	Map 6: 1/1	Reducer 2: 0/1009	Reducer 3: 0/1	
INFO  : Map 1: 196(+65)/261	Map 4: 1/1	Map 5: 7/7	Map 6: 1/1	Reducer 2: 0(+6)/253	Reducer 3: 0/1	
INFO  : Map 1: 196(+65)/261	Map 4: 1/1	Map 5: 7/7	Map 6: 1/1	Reducer 2: 0(+253)/253	Reducer 3: 0/1	
INFO  : Map 1: 198(+63)/261	Map 4: 1/1	Map 5: 7/7	Map 6: 1/1	Reducer 2: 0(+253)/253	Reducer 3: 0/1	
INFO  : Map 1: 200(+61)/261	Map 4: 1/1	Map 5: 7/7	Map 6: 1/1	Reducer 2: 0(+253)/253	Reducer 3: 0/1	
INFO  : Map 1: 201(+60)/261	Map 4: 1/1	Map 5: 7/7	Map 6: 1/1	Reducer 2: 0(+253)/253	Reducer 3: 0/1	
INFO  : Map 1: 203(+58)/261	Map 4: 1/1	Map 5: 7/7	Map 6: 1/1	Reducer 2: 0(+253)/253	Reducer 3: 0/1	
INFO  : Map 1: 207(+54)/261	Map 4: 1/1	Map 5: 7/7	Map 6: 1/1	Reducer 2: 0(+253)/253	Reducer 3: 0/1	
INFO  : Map 1: 209(+52)/261	Map 4: 1/1	Map 5: 7/7	Map 6: 1/1	Reducer 2: 0(+253)/253	Reducer 3: 0/1	
INFO  : Map 1: 209(+52)/261	Map 4: 1/1	Map 5: 7/7	Map 6: 1/1	Reducer 2: 0(+253)/253	Reducer 3: 0/1	
INFO  : Map 1: 209(+52)/261	Map 4: 1/1	Map 5: 7/7	Map 6: 1/1	Reducer 2: 0(+253)/253	Reducer 3: 0/1	
INFO  : Map 1: 209(+52)/261	Map 4: 1/1	Map 5: 7/7	Map 6: 1/1	Reducer 2: 0(+253)/253	Reducer 3: 0/1	
INFO  : Map 1: 209(+52)/261	Map 4: 1/1	Map 5: 7/7	Map 6: 1/1	Reducer 2: 0(+253)/253	Reducer 3: 0/1	
INFO  : Map 1: 209(+52)/261	Map 4: 1/1	Map 5: 7/7	Map 6: 1/1	Reducer 2: 0(+253)/253	Reducer 3: 0/1	
INFO  : Map 1: 209(+52)/261	Map 4: 1/1	Map 5: 7/7	Map 6: 1/1	Reducer 2: 0(+253)/253	Reducer 3: 0/1	
INFO  : Map 1: 209(+52)/261	Map 4: 1/1	Map 5: 7/7	Map 6: 1/1	Reducer 2: 0(+253)/253	Reducer 3: 0/1	
INFO  : Map 1: 209(+52)/261	Map 4: 1/1	Map 5: 7/7	Map 6: 1/1	Reducer 2: 0(+253)/253	Reducer 3: 0/1	
INFO  : Map 1: 209(+52)/261	Map 4: 1/1	Map 5: 7/7	Map 6: 1/1	Reducer 2: 0(+253)/253	Reducer 3: 0/1	
INFO  : Map 1: 209(+52)/261	Map 4: 1/1	Map 5: 7/7	Map 6: 1/1	Reducer 2: 0(+253)/253	Reducer 3: 0/1	
INFO  : Map 1: 209(+52)/261	Map 4: 1/1	Map 5: 7/7	Map 6: 1/1	Reducer 2: 0(+253)/253	Reducer 3: 0/1	
INFO  : Map 1: 209(+52)/261	Map 4: 1/1	Map 5: 7/7	Map 6: 1/1	Reducer 2: 0(+253)/253	Reducer 3: 0/1	
INFO  : Map 1: 209(+52)/261	Map 4: 1/1	Map 5: 7/7	Map 6: 1/1	Reducer 2: 0(+253)/253	Reducer 3: 0/1	
INFO  : Map 1: 209(+52)/261	Map 4: 1/1	Map 5: 7/7	Map 6: 1/1	Reducer 2: 0(+253)/253	Reducer 3: 0/1	
INFO  : Map 1: 209(+52)/261	Map 4: 1/1	Map 5: 7/7	Map 6: 1/1	Reducer 2: 0(+253)/253	Reducer 3: 0/1	
INFO  : Map 1: 209(+52)/261	Map 4: 1/1	Map 5: 7/7	Map 6: 1/1	Reducer 2: 0(+253)/253	Reducer 3: 0/1	
INFO  : Map 1: 209(+52)/261	Map 4: 1/1	Map 5: 7/7	Map 6: 1/1	Reducer 2: 0(+253)/253	Reducer 3: 0/1	
INFO  : Map 1: 209(+52)/261	Map 4: 1/1	Map 5: 7/7	Map 6: 1/1	Reducer 2: 0(+253)/253	Reducer 3: 0/1	
INFO  : Map 1: 209(+52)/261	Map 4: 1/1	Map 5: 7/7	Map 6: 1/1	Reducer 2: 0(+253)/253	Reducer 3: 0/1	
INFO  : Map 1: 209(+52)/261	Map 4: 1/1	Map 5: 7/7	Map 6: 1/1	Reducer 2: 0(+253)/253	Reducer 3: 0/1	
INFO  : Map 1: 209(+52)/261	Map 4: 1/1	Map 5: 7/7	Map 6: 1/1	Reducer 2: 0(+253)/253	Reducer 3: 0/1	
INFO  : Map 1: 209(+52)/261	Map 4: 1/1	Map 5: 7/7	Map 6: 1/1	Reducer 2: 0(+253)/253	Reducer 3: 0/1	
INFO  : Map 1: 209(+52)/261	Map 4: 1/1	Map 5: 7/7	Map 6: 1/1	Reducer 2: 0(+253)/253	Reducer 3: 0/1	
INFO  : Map 1: 209(+52)/261	Map 4: 1/1	Map 5: 7/7	Map 6: 1/1	Reducer 2: 0(+253)/253	Reducer 3: 0/1	
INFO  : Map 1: 209(+52)/261	Map 4: 1/1	Map 5: 7/7	Map 6: 1/1	Reducer 2: 0(+253)/253	Reducer 3: 0/1	
INFO  : Map 1: 209(+52)/261	Map 4: 1/1	Map 5: 7/7	Map 6: 1/1	Reducer 2: 0(+253)/253	Reducer 3: 0/1	
INFO  : Map 1: 210(+51)/261	Map 4: 1/1	Map 5: 7/7	Map 6: 1/1	Reducer 2: 0(+253)/253	Reducer 3: 0/1	
INFO  : Map 1: 211(+50)/261	Map 4: 1/1	Map 5: 7/7	Map 6: 1/1	Reducer 2: 0(+253)/253	Reducer 3: 0/1	
INFO  : Map 1: 211(+50)/261	Map 4: 1/1	Map 5: 7/7	Map 6: 1/1	Reducer 2: 0(+253)/253	Reducer 3: 0/1	
INFO  : Map 1: 211(+50)/261	Map 4: 1/1	Map 5: 7/7	Map 6: 1/1	Reducer 2: 0(+253)/253	Reducer 3: 0/1	
INFO  : Map 1: 212(+49)/261	Map 4: 1/1	Map 5: 7/7	Map 6: 1/1	Reducer 2: 0(+253)/253	Reducer 3: 0/1	
INFO  : Map 1: 213(+48)/261	Map 4: 1/1	Map 5: 7/7	Map 6: 1/1	Reducer 2: 0(+253)/253	Reducer 3: 0/1	
INFO  : Map 1: 214(+47)/261	Map 4: 1/1	Map 5: 7/7	Map 6: 1/1	Reducer 2: 0(+253)/253	Reducer 3: 0/1	
INFO  : Map 1: 214(+47)/261	Map 4: 1/1	Map 5: 7/7	Map 6: 1/1	Reducer 2: 0(+253)/253	Reducer 3: 0/1	
INFO  : Map 1: 215(+46)/261	Map 4: 1/1	Map 5: 7/7	Map 6: 1/1	Reducer 2: 0(+253)/253	Reducer 3: 0/1	
INFO  : Map 1: 216(+45)/261	Map 4: 1/1	Map 5: 7/7	Map 6: 1/1	Reducer 2: 0(+253)/253	Reducer 3: 0/1	
INFO  : Map 1: 217(+44)/261	Map 4: 1/1	Map 5: 7/7	Map 6: 1/1	Reducer 2: 0(+253)/253	Reducer 3: 0/1	
INFO  : Map 1: 218(+43)/261	Map 4: 1/1	Map 5: 7/7	Map 6: 1/1	Reducer 2: 0(+253)/253	Reducer 3: 0/1	
INFO  : Map 1: 218(+43)/261	Map 4: 1/1	Map 5: 7/7	Map 6: 1/1	Reducer 2: 0(+253)/253	Reducer 3: 0/1	
INFO  : Map 1: 219(+42)/261	Map 4: 1/1	Map 5: 7/7	Map 6: 1/1	Reducer 2: 0(+253)/253	Reducer 3: 0/1	
INFO  : Map 1: 220(+41)/261	Map 4: 1/1	Map 5: 7/7	Map 6: 1/1	Reducer 2: 0(+253)/253	Reducer 3: 0/1	
INFO  : Map 1: 222(+39)/261	Map 4: 1/1	Map 5: 7/7	Map 6: 1/1	Reducer 2: 0(+253)/253	Reducer 3: 0/1	
INFO  : Map 1: 224(+37)/261	Map 4: 1/1	Map 5: 7/7	Map 6: 1/1	Reducer 2: 0(+253)/253	Reducer 3: 0/1	
INFO  : Map 1: 226(+35)/261	Map 4: 1/1	Map 5: 7/7	Map 6: 1/1	Reducer 2: 0(+253)/253	Reducer 3: 0/1	
INFO  : Map 1: 227(+34)/261	Map 4: 1/1	Map 5: 7/7	Map 6: 1/1	Reducer 2: 0(+253)/253	Reducer 3: 0/1	
INFO  : Map 1: 228(+33)/261	Map 4: 1/1	Map 5: 7/7	Map 6: 1/1	Reducer 2: 0(+253)/253	Reducer 3: 0/1	
INFO  : Map 1: 229(+32)/261	Map 4: 1/1	Map 5: 7/7	Map 6: 1/1	Reducer 2: 0(+253)/253	Reducer 3: 0/1	
INFO  : Map 1: 230(+31)/261	Map 4: 1/1	Map 5: 7/7	Map 6: 1/1	Reducer 2: 0(+253)/253	Reducer 3: 0/1	
INFO  : Map 1: 231(+30)/261	Map 4: 1/1	Map 5: 7/7	Map 6: 1/1	Reducer 2: 0(+253)/253	Reducer 3: 0/1	
INFO  : Map 1: 232(+29)/261	Map 4: 1/1	Map 5: 7/7	Map 6: 1/1	Reducer 2: 0(+253)/253	Reducer 3: 0/1	
INFO  : Map 1: 233(+28)/261	Map 4: 1/1	Map 5: 7/7	Map 6: 1/1	Reducer 2: 0(+253)/253	Reducer 3: 0/1	
INFO  : Map 1: 234(+27)/261	Map 4: 1/1	Map 5: 7/7	Map 6: 1/1	Reducer 2: 0(+253)/253	Reducer 3: 0/1	
INFO  : Map 1: 235(+26)/261	Map 4: 1/1	Map 5: 7/7	Map 6: 1/1	Reducer 2: 0(+253)/253	Reducer 3: 0/1	
INFO  : Map 1: 237(+24)/261	Map 4: 1/1	Map 5: 7/7	Map 6: 1/1	Reducer 2: 0(+253)/253	Reducer 3: 0/1	
INFO  : Map 1: 238(+23)/261	Map 4: 1/1	Map 5: 7/7	Map 6: 1/1	Reducer 2: 0(+253)/253	Reducer 3: 0/1	
INFO  : Map 1: 239(+22)/261	Map 4: 1/1	Map 5: 7/7	Map 6: 1/1	Reducer 2: 0(+253)/253	Reducer 3: 0/1	
INFO  : Map 1: 239(+22)/261	Map 4: 1/1	Map 5: 7/7	Map 6: 1/1	Reducer 2: 0(+253)/253	Reducer 3: 0/1	
INFO  : Map 1: 239(+22)/261	Map 4: 1/1	Map 5: 7/7	Map 6: 1/1	Reducer 2: 0(+253)/253	Reducer 3: 0/1	
INFO  : Map 1: 239(+22)/261	Map 4: 1/1	Map 5: 7/7	Map 6: 1/1	Reducer 2: 0(+253)/253	Reducer 3: 0/1	
INFO  : Map 1: 240(+21)/261	Map 4: 1/1	Map 5: 7/7	Map 6: 1/1	Reducer 2: 0(+253)/253	Reducer 3: 0/1	
INFO  : Map 1: 241(+20)/261	Map 4: 1/1	Map 5: 7/7	Map 6: 1/1	Reducer 2: 0(+253)/253	Reducer 3: 0/1	
INFO  : Map 1: 242(+19)/261	Map 4: 1/1	Map 5: 7/7	Map 6: 1/1	Reducer 2: 0(+253)/253	Reducer 3: 0/1	
INFO  : Map 1: 243(+18)/261	Map 4: 1/1	Map 5: 7/7	Map 6: 1/1	Reducer 2: 0(+253)/253	Reducer 3: 0/1	
INFO  : Map 1: 244(+17)/261	Map 4: 1/1	Map 5: 7/7	Map 6: 1/1	Reducer 2: 0(+253)/253	Reducer 3: 0/1	
INFO  : Map 1: 245(+16)/261	Map 4: 1/1	Map 5: 7/7	Map 6: 1/1	Reducer 2: 0(+253)/253	Reducer 3: 0/1	
INFO  : Map 1: 246(+15)/261	Map 4: 1/1	Map 5: 7/7	Map 6: 1/1	Reducer 2: 0(+253)/253	Reducer 3: 0/1	
INFO  : Map 1: 246(+15)/261	Map 4: 1/1	Map 5: 7/7	Map 6: 1/1	Reducer 2: 0(+253)/253	Reducer 3: 0/1	
INFO  : Map 1: 246(+15)/261	Map 4: 1/1	Map 5: 7/7	Map 6: 1/1	Reducer 2: 0(+253)/253	Reducer 3: 0/1	
INFO  : Map 1: 246(+15)/261	Map 4: 1/1	Map 5: 7/7	Map 6: 1/1	Reducer 2: 0(+253)/253	Reducer 3: 0/1	
INFO  : Map 1: 246(+15)/261	Map 4: 1/1	Map 5: 7/7	Map 6: 1/1	Reducer 2: 0(+253)/253	Reducer 3: 0/1	
INFO  : Map 1: 246(+15)/261	Map 4: 1/1	Map 5: 7/7	Map 6: 1/1	Reducer 2: 0(+253)/253	Reducer 3: 0/1	
INFO  : Map 1: 246(+15)/261	Map 4: 1/1	Map 5: 7/7	Map 6: 1/1	Reducer 2: 0(+253)/253	Reducer 3: 0/1	
INFO  : Map 1: 246(+15)/261	Map 4: 1/1	Map 5: 7/7	Map 6: 1/1	Reducer 2: 0(+253)/253	Reducer 3: 0/1	
INFO  : Map 1: 246(+15)/261	Map 4: 1/1	Map 5: 7/7	Map 6: 1/1	Reducer 2: 0(+253)/253	Reducer 3: 0/1	
INFO  : Map 1: 246(+15)/261	Map 4: 1/1	Map 5: 7/7	Map 6: 1/1	Reducer 2: 0(+253)/253	Reducer 3: 0/1	
INFO  : Map 1: 246(+15)/261	Map 4: 1/1	Map 5: 7/7	Map 6: 1/1	Reducer 2: 0(+253)/253	Reducer 3: 0/1	
INFO  : Map 1: 246(+15)/261	Map 4: 1/1	Map 5: 7/7	Map 6: 1/1	Reducer 2: 0(+253)/253	Reducer 3: 0/1	
INFO  : Map 1: 246(+15)/261	Map 4: 1/1	Map 5: 7/7	Map 6: 1/1	Reducer 2: 0(+253)/253	Reducer 3: 0/1	
INFO  : Map 1: 246(+15)/261	Map 4: 1/1	Map 5: 7/7	Map 6: 1/1	Reducer 2: 0(+253)/253	Reducer 3: 0/1	
INFO  : Map 1: 246(+15)/261	Map 4: 1/1	Map 5: 7/7	Map 6: 1/1	Reducer 2: 0(+253)/253	Reducer 3: 0/1	
INFO  : Map 1: 246(+15)/261	Map 4: 1/1	Map 5: 7/7	Map 6: 1/1	Reducer 2: 0(+253)/253	Reducer 3: 0/1	
INFO  : Map 1: 246(+15)/261	Map 4: 1/1	Map 5: 7/7	Map 6: 1/1	Reducer 2: 0(+253)/253	Reducer 3: 0/1	
INFO  : Map 1: 246(+15)/261	Map 4: 1/1	Map 5: 7/7	Map 6: 1/1	Reducer 2: 0(+253)/253	Reducer 3: 0/1	
INFO  : Map 1: 246(+15)/261	Map 4: 1/1	Map 5: 7/7	Map 6: 1/1	Reducer 2: 0(+253)/253	Reducer 3: 0/1	
INFO  : Map 1: 246(+15)/261	Map 4: 1/1	Map 5: 7/7	Map 6: 1/1	Reducer 2: 0(+253)/253	Reducer 3: 0/1	
INFO  : Map 1: 246(+15)/261	Map 4: 1/1	Map 5: 7/7	Map 6: 1/1	Reducer 2: 0(+253)/253	Reducer 3: 0/1	
INFO  : Map 1: 246(+15)/261	Map 4: 1/1	Map 5: 7/7	Map 6: 1/1	Reducer 2: 0(+253)/253	Reducer 3: 0/1	
INFO  : Map 1: 246(+15)/261	Map 4: 1/1	Map 5: 7/7	Map 6: 1/1	Reducer 2: 0(+253)/253	Reducer 3: 0/1	
INFO  : Map 1: 246(+15)/261	Map 4: 1/1	Map 5: 7/7	Map 6: 1/1	Reducer 2: 0(+253)/253	Reducer 3: 0/1	
INFO  : Map 1: 246(+15)/261	Map 4: 1/1	Map 5: 7/7	Map 6: 1/1	Reducer 2: 0(+253)/253	Reducer 3: 0/1	
INFO  : Map 1: 246(+15)/261	Map 4: 1/1	Map 5: 7/7	Map 6: 1/1	Reducer 2: 0(+253)/253	Reducer 3: 0/1	
INFO  : Map 1: 246(+15)/261	Map 4: 1/1	Map 5: 7/7	Map 6: 1/1	Reducer 2: 0(+253)/253	Reducer 3: 0/1	
INFO  : Map 1: 246(+15)/261	Map 4: 1/1	Map 5: 7/7	Map 6: 1/1	Reducer 2: 0(+253)/253	Reducer 3: 0/1	
INFO  : Map 1: 246(+15)/261	Map 4: 1/1	Map 5: 7/7	Map 6: 1/1	Reducer 2: 0(+253)/253	Reducer 3: 0/1	
INFO  : Map 1: 246(+15)/261	Map 4: 1/1	Map 5: 7/7	Map 6: 1/1	Reducer 2: 0(+253)/253	Reducer 3: 0/1	
INFO  : Map 1: 246(+15)/261	Map 4: 1/1	Map 5: 7/7	Map 6: 1/1	Reducer 2: 0(+253)/253	Reducer 3: 0/1	
INFO  : Map 1: 246(+15)/261	Map 4: 1/1	Map 5: 7/7	Map 6: 1/1	Reducer 2: 0(+253)/253	Reducer 3: 0/1	
INFO  : Map 1: 246(+15)/261	Map 4: 1/1	Map 5: 7/7	Map 6: 1/1	Reducer 2: 0(+253)/253	Reducer 3: 0/1	
INFO  : Map 1: 246(+15)/261	Map 4: 1/1	Map 5: 7/7	Map 6: 1/1	Reducer 2: 0(+253)/253	Reducer 3: 0/1	
INFO  : Map 1: 246(+15)/261	Map 4: 1/1	Map 5: 7/7	Map 6: 1/1	Reducer 2: 0(+253)/253	Reducer 3: 0/1	
INFO  : Map 1: 246(+15)/261	Map 4: 1/1	Map 5: 7/7	Map 6: 1/1	Reducer 2: 0(+253)/253	Reducer 3: 0/1	
INFO  : Map 1: 246(+15)/261	Map 4: 1/1	Map 5: 7/7	Map 6: 1/1	Reducer 2: 0(+253)/253	Reducer 3: 0/1	
INFO  : Map 1: 246(+15)/261	Map 4: 1/1	Map 5: 7/7	Map 6: 1/1	Reducer 2: 0(+253)/253	Reducer 3: 0/1	
INFO  : Map 1: 247(+14)/261	Map 4: 1/1	Map 5: 7/7	Map 6: 1/1	Reducer 2: 0(+253)/253	Reducer 3: 0/1	
INFO  : Map 1: 247(+14)/261	Map 4: 1/1	Map 5: 7/7	Map 6: 1/1	Reducer 2: 0(+253)/253	Reducer 3: 0/1	
INFO  : Map 1: 248(+13)/261	Map 4: 1/1	Map 5: 7/7	Map 6: 1/1	Reducer 2: 0(+253)/253	Reducer 3: 0/1	
INFO  : Map 1: 249(+12)/261	Map 4: 1/1	Map 5: 7/7	Map 6: 1/1	Reducer 2: 0(+253)/253	Reducer 3: 0/1	
INFO  : Map 1: 250(+11)/261	Map 4: 1/1	Map 5: 7/7	Map 6: 1/1	Reducer 2: 0(+253)/253	Reducer 3: 0/1	
INFO  : Map 1: 251(+10)/261	Map 4: 1/1	Map 5: 7/7	Map 6: 1/1	Reducer 2: 0(+253)/253	Reducer 3: 0/1	
INFO  : Map 1: 252(+9)/261	Map 4: 1/1	Map 5: 7/7	Map 6: 1/1	Reducer 2: 0(+253)/253	Reducer 3: 0/1	
INFO  : Map 1: 253(+8)/261	Map 4: 1/1	Map 5: 7/7	Map 6: 1/1	Reducer 2: 0(+253)/253	Reducer 3: 0/1	
INFO  : Map 1: 254(+7)/261	Map 4: 1/1	Map 5: 7/7	Map 6: 1/1	Reducer 2: 0(+253)/253	Reducer 3: 0/1	
INFO  : Map 1: 255(+6)/261	Map 4: 1/1	Map 5: 7/7	Map 6: 1/1	Reducer 2: 0(+253)/253	Reducer 3: 0/1	
INFO  : Map 1: 256(+5)/261	Map 4: 1/1	Map 5: 7/7	Map 6: 1/1	Reducer 2: 0(+253)/253	Reducer 3: 0/1	
INFO  : Map 1: 258(+3)/261	Map 4: 1/1	Map 5: 7/7	Map 6: 1/1	Reducer 2: 0(+253)/253	Reducer 3: 0/1	
INFO  : Map 1: 259(+2)/261	Map 4: 1/1	Map 5: 7/7	Map 6: 1/1	Reducer 2: 0(+253)/253	Reducer 3: 0/1	
INFO  : Map 1: 260(+1)/261	Map 4: 1/1	Map 5: 7/7	Map 6: 1/1	Reducer 2: 0(+253)/253	Reducer 3: 0/1	
INFO  : Map 1: 261/261	Map 4: 1/1	Map 5: 7/7	Map 6: 1/1	Reducer 2: 0(+253)/253	Reducer 3: 0/1	
INFO  : Map 1: 261/261	Map 4: 1/1	Map 5: 7/7	Map 6: 1/1	Reducer 2: 1(+252)/253	Reducer 3: 0/1	
INFO  : Map 1: 261/261	Map 4: 1/1	Map 5: 7/7	Map 6: 1/1	Reducer 2: 18(+235)/253	Reducer 3: 0/1	
INFO  : Map 1: 261/261	Map 4: 1/1	Map 5: 7/7	Map 6: 1/1	Reducer 2: 55(+198)/253	Reducer 3: 0(+1)/1	
INFO  : Map 1: 261/261	Map 4: 1/1	Map 5: 7/7	Map 6: 1/1	Reducer 2: 83(+170)/253	Reducer 3: 0(+1)/1	
INFO  : Map 1: 261/261	Map 4: 1/1	Map 5: 7/7	Map 6: 1/1	Reducer 2: 107(+146)/253	Reducer 3: 0(+1)/1	
INFO  : Map 1: 261/261	Map 4: 1/1	Map 5: 7/7	Map 6: 1/1	Reducer 2: 115(+138)/253	Reducer 3: 0(+1)/1	
INFO  : Map 1: 261/261	Map 4: 1/1	Map 5: 7/7	Map 6: 1/1	Reducer 2: 133(+120)/253	Reducer 3: 0(+1)/1	
INFO  : Map 1: 261/261	Map 4: 1/1	Map 5: 7/7	Map 6: 1/1	Reducer 2: 154(+99)/253	Reducer 3: 0(+1)/1	
INFO  : Map 1: 261/261	Map 4: 1/1	Map 5: 7/7	Map 6: 1/1	Reducer 2: 172(+81)/253	Reducer 3: 0(+1)/1	
INFO  : Map 1: 261/261	Map 4: 1/1	Map 5: 7/7	Map 6: 1/1	Reducer 2: 198(+55)/253	Reducer 3: 0(+1)/1	
INFO  : Map 1: 261/261	Map 4: 1/1	Map 5: 7/7	Map 6: 1/1	Reducer 2: 210(+43)/253	Reducer 3: 0(+1)/1	
INFO  : Map 1: 261/261	Map 4: 1/1	Map 5: 7/7	Map 6: 1/1	Reducer 2: 224(+29)/253	Reducer 3: 0(+1)/1	
INFO  : Map 1: 261/261	Map 4: 1/1	Map 5: 7/7	Map 6: 1/1	Reducer 2: 231(+22)/253	Reducer 3: 0(+1)/1	
INFO  : Map 1: 261/261	Map 4: 1/1	Map 5: 7/7	Map 6: 1/1	Reducer 2: 236(+17)/253	Reducer 3: 0(+1)/1	
INFO  : Map 1: 261/261	Map 4: 1/1	Map 5: 7/7	Map 6: 1/1	Reducer 2: 239(+14)/253	Reducer 3: 0(+1)/1	
INFO  : Map 1: 261/261	Map 4: 1/1	Map 5: 7/7	Map 6: 1/1	Reducer 2: 241(+12)/253	Reducer 3: 0(+1)/1	
INFO  : Map 1: 261/261	Map 4: 1/1	Map 5: 7/7	Map 6: 1/1	Reducer 2: 246(+7)/253	Reducer 3: 0(+1)/1	
INFO  : Map 1: 261/261	Map 4: 1/1	Map 5: 7/7	Map 6: 1/1	Reducer 2: 248(+5)/253	Reducer 3: 0(+1)/1	
INFO  : Map 1: 261/261	Map 4: 1/1	Map 5: 7/7	Map 6: 1/1	Reducer 2: 250(+3)/253	Reducer 3: 0(+1)/1	
INFO  : Map 1: 261/261	Map 4: 1/1	Map 5: 7/7	Map 6: 1/1	Reducer 2: 251(+2)/253	Reducer 3: 0(+1)/1	
INFO  : Map 1: 261/261	Map 4: 1/1	Map 5: 7/7	Map 6: 1/1	Reducer 2: 252(+1)/253	Reducer 3: 0(+1)/1	
INFO  : Map 1: 261/261	Map 4: 1/1	Map 5: 7/7	Map 6: 1/1	Reducer 2: 252(+1)/253	Reducer 3: 0(+1)/1	
INFO  : Map 1: 261/261	Map 4: 1/1	Map 5: 7/7	Map 6: 1/1	Reducer 2: 252(+1)/253	Reducer 3: 0(+1)/1	
INFO  : Map 1: 261/261	Map 4: 1/1	Map 5: 7/7	Map 6: 1/1	Reducer 2: 252(+1)/253	Reducer 3: 0(+1)/1	
INFO  : Map 1: 261/261	Map 4: 1/1	Map 5: 7/7	Map 6: 1/1	Reducer 2: 252(+1)/253	Reducer 3: 0(+1)/1	
INFO  : Map 1: 261/261	Map 4: 1/1	Map 5: 7/7	Map 6: 1/1	Reducer 2: 252(+1)/253	Reducer 3: 0(+1)/1	
INFO  : Map 1: 261/261	Map 4: 1/1	Map 5: 7/7	Map 6: 1/1	Reducer 2: 252(+1)/253	Reducer 3: 0(+1)/1	
INFO  : Map 1: 261/261	Map 4: 1/1	Map 5: 7/7	Map 6: 1/1	Reducer 2: 252(+1)/253	Reducer 3: 0(+1)/1	
INFO  : Map 1: 261/261	Map 4: 1/1	Map 5: 7/7	Map 6: 1/1	Reducer 2: 252(+1)/253	Reducer 3: 0(+1)/1	
INFO  : Map 1: 261/261	Map 4: 1/1	Map 5: 7/7	Map 6: 1/1	Reducer 2: 252(+1)/253	Reducer 3: 0(+1)/1	
INFO  : Map 1: 261/261	Map 4: 1/1	Map 5: 7/7	Map 6: 1/1	Reducer 2: 252(+1)/253	Reducer 3: 0(+1)/1	
INFO  : Map 1: 261/261	Map 4: 1/1	Map 5: 7/7	Map 6: 1/1	Reducer 2: 252(+1)/253	Reducer 3: 0(+1)/1	
INFO  : Map 1: 261/261	Map 4: 1/1	Map 5: 7/7	Map 6: 1/1	Reducer 2: 252(+1)/253	Reducer 3: 0(+1)/1	
INFO  : Map 1: 261/261	Map 4: 1/1	Map 5: 7/7	Map 6: 1/1	Reducer 2: 252(+1)/253	Reducer 3: 0(+1)/1	
INFO  : Map 1: 261/261	Map 4: 1/1	Map 5: 7/7	Map 6: 1/1	Reducer 2: 252(+1)/253	Reducer 3: 0(+1)/1	
INFO  : Map 1: 261/261	Map 4: 1/1	Map 5: 7/7	Map 6: 1/1	Reducer 2: 252(+1)/253	Reducer 3: 0(+1)/1	
INFO  : Map 1: 261/261	Map 4: 1/1	Map 5: 7/7	Map 6: 1/1	Reducer 2: 252(+1)/253	Reducer 3: 0(+1)/1	
INFO  : Map 1: 261/261	Map 4: 1/1	Map 5: 7/7	Map 6: 1/1	Reducer 2: 252(+1)/253	Reducer 3: 0(+1)/1	
INFO  : Map 1: 261/261	Map 4: 1/1	Map 5: 7/7	Map 6: 1/1	Reducer 2: 252(+1)/253	Reducer 3: 0(+1)/1	
INFO  : Map 1: 261/261	Map 4: 1/1	Map 5: 7/7	Map 6: 1/1	Reducer 2: 252(+1)/253	Reducer 3: 0(+1)/1	
INFO  : Map 1: 261/261	Map 4: 1/1	Map 5: 7/7	Map 6: 1/1	Reducer 2: 252(+1)/253	Reducer 3: 0(+1)/1	
INFO  : Map 1: 261/261	Map 4: 1/1	Map 5: 7/7	Map 6: 1/1	Reducer 2: 252(+1)/253	Reducer 3: 0(+1)/1	
INFO  : Map 1: 261/261	Map 4: 1/1	Map 5: 7/7	Map 6: 1/1	Reducer 2: 252(+1)/253	Reducer 3: 0(+1)/1	
INFO  : Map 1: 261/261	Map 4: 1/1	Map 5: 7/7	Map 6: 1/1	Reducer 2: 252(+1)/253	Reducer 3: 0(+1)/1	
INFO  : Map 1: 261/261	Map 4: 1/1	Map 5: 7/7	Map 6: 1/1	Reducer 2: 252(+1)/253	Reducer 3: 0(+1)/1	
INFO  : Map 1: 261/261	Map 4: 1/1	Map 5: 7/7	Map 6: 1/1	Reducer 2: 252(+1)/253	Reducer 3: 0(+1)/1	
INFO  : Map 1: 261/261	Map 4: 1/1	Map 5: 7/7	Map 6: 1/1	Reducer 2: 252(+1)/253	Reducer 3: 0(+1)/1	
INFO  : Map 1: 261/261	Map 4: 1/1	Map 5: 7/7	Map 6: 1/1	Reducer 2: 252(+1)/253	Reducer 3: 0(+1)/1	
INFO  : Map 1: 261/261	Map 4: 1/1	Map 5: 7/7	Map 6: 1/1	Reducer 2: 252(+1)/253	Reducer 3: 0(+1)/1	
INFO  : Map 1: 261/261	Map 4: 1/1	Map 5: 7/7	Map 6: 1/1	Reducer 2: 252(+1)/253	Reducer 3: 0(+1)/1	
INFO  : Map 1: 261/261	Map 4: 1/1	Map 5: 7/7	Map 6: 1/1	Reducer 2: 252(+1)/253	Reducer 3: 0(+1)/1	
INFO  : Map 1: 261/261	Map 4: 1/1	Map 5: 7/7	Map 6: 1/1	Reducer 2: 252(+1)/253	Reducer 3: 0(+1)/1	
INFO  : Map 1: 261/261	Map 4: 1/1	Map 5: 7/7	Map 6: 1/1	Reducer 2: 252(+1)/253	Reducer 3: 0(+1)/1	
INFO  : Map 1: 261/261	Map 4: 1/1	Map 5: 7/7	Map 6: 1/1	Reducer 2: 252(+1)/253	Reducer 3: 0(+1)/1	
INFO  : Map 1: 261/261	Map 4: 1/1	Map 5: 7/7	Map 6: 1/1	Reducer 2: 252(+1)/253	Reducer 3: 0(+1)/1	
INFO  : Map 1: 261/261	Map 4: 1/1	Map 5: 7/7	Map 6: 1/1	Reducer 2: 252(+1)/253	Reducer 3: 0(+1)/1	
INFO  : Map 1: 261/261	Map 4: 1/1	Map 5: 7/7	Map 6: 1/1	Reducer 2: 252(+1)/253	Reducer 3: 0(+1)/1	
INFO  : Map 1: 261/261	Map 4: 1/1	Map 5: 7/7	Map 6: 1/1	Reducer 2: 252(+1)/253	Reducer 3: 0(+1)/1	
INFO  : Map 1: 261/261	Map 4: 1/1	Map 5: 7/7	Map 6: 1/1	Reducer 2: 252(+1)/253	Reducer 3: 0(+1)/1	
INFO  : Map 1: 261/261	Map 4: 1/1	Map 5: 7/7	Map 6: 1/1	Reducer 2: 252(+1)/253	Reducer 3: 0(+1)/1	
INFO  : Map 1: 261/261	Map 4: 1/1	Map 5: 7/7	Map 6: 1/1	Reducer 2: 252(+1)/253	Reducer 3: 0(+1)/1	
INFO  : Map 1: 261/261	Map 4: 1/1	Map 5: 7/7	Map 6: 1/1	Reducer 2: 252(+1)/253	Reducer 3: 0(+1)/1	
INFO  : Map 1: 261/261	Map 4: 1/1	Map 5: 7/7	Map 6: 1/1	Reducer 2: 252(+1)/253	Reducer 3: 0(+1)/1	
INFO  : Map 1: 261/261	Map 4: 1/1	Map 5: 7/7	Map 6: 1/1	Reducer 2: 252(+1)/253	Reducer 3: 0(+1)/1	
INFO  : Map 1: 261/261	Map 4: 1/1	Map 5: 7/7	Map 6: 1/1	Reducer 2: 252(+1)/253	Reducer 3: 0(+1)/1	
INFO  : Map 1: 261/261	Map 4: 1/1	Map 5: 7/7	Map 6: 1/1	Reducer 2: 252(+1)/253	Reducer 3: 0(+1)/1	
INFO  : Map 1: 261/261	Map 4: 1/1	Map 5: 7/7	Map 6: 1/1	Reducer 2: 252(+1)/253	Reducer 3: 0(+1)/1	
INFO  : Map 1: 261/261	Map 4: 1/1	Map 5: 7/7	Map 6: 1/1	Reducer 2: 252(+1)/253	Reducer 3: 0(+1)/1	
INFO  : Map 1: 261/261	Map 4: 1/1	Map 5: 7/7	Map 6: 1/1	Reducer 2: 252(+1)/253	Reducer 3: 0(+1)/1	
INFO  : Map 1: 261/261	Map 4: 1/1	Map 5: 7/7	Map 6: 1/1	Reducer 2: 252(+1)/253	Reducer 3: 0(+1)/1	
INFO  : Map 1: 261/261	Map 4: 1/1	Map 5: 7/7	Map 6: 1/1	Reducer 2: 252(+1)/253	Reducer 3: 0(+1)/1	
INFO  : Map 1: 261/261	Map 4: 1/1	Map 5: 7/7	Map 6: 1/1	Reducer 2: 252(+1)/253	Reducer 3: 0(+1)/1	
INFO  : Map 1: 261/261	Map 4: 1/1	Map 5: 7/7	Map 6: 1/1	Reducer 2: 252(+1)/253	Reducer 3: 0(+1)/1	
INFO  : Map 1: 261/261	Map 4: 1/1	Map 5: 7/7	Map 6: 1/1	Reducer 2: 252(+1)/253	Reducer 3: 0(+1)/1	
INFO  : Map 1: 261/261	Map 4: 1/1	Map 5: 7/7	Map 6: 1/1	Reducer 2: 252(+1)/253	Reducer 3: 0(+1)/1	
INFO  : Map 1: 261/261	Map 4: 1/1	Map 5: 7/7	Map 6: 1/1	Reducer 2: 252(+1)/253	Reducer 3: 0(+1)/1	
INFO  : Map 1: 261/261	Map 4: 1/1	Map 5: 7/7	Map 6: 1/1	Reducer 2: 253/253	Reducer 3: 1/1	
INFO  : Status: DAG finished successfully in 456.52 seconds
INFO  : 
INFO  : Query Execution Summary
INFO  : ----------------------------------------------------------------------------------------------
INFO  : ----------------------------------------------------------------------------------------------
INFO  : Compile Query                           0.24s
INFO  : Prepare Plan                            0.26s
INFO  : Submit Plan                             0.17s
INFO  : Start DAG                               0.21s
INFO  : Run DAG                               456.51s
INFO  : ----------------------------------------------------------------------------------------------
INFO  : 
INFO  : Task Execution Summary
INFO  : --------------------------------------------------------------------------------------------------------------------------------
INFO  : --------------------------------------------------------------------------------------------------------------------------------
INFO  :      Map 1          261                0             0      281246.00             0            0  1,311,927,391   1,301,082,731
INFO  :      Map 4            1                0             0           0.00             0            0         10,000             366
INFO  :      Map 5            7                0             0         201.00             0            0        402,000         402,000
INFO  :      Map 6            1                0             0           0.00             0            0             25              25
INFO  :  Reducer 2          253                0             0      431287.00             0            0  1,301,082,731          25,300
INFO  :  Reducer 3            1                0             0      170644.00             0            0         25,300               0
INFO  : --------------------------------------------------------------------------------------------------------------------------------
INFO  : 
INFO  : LLAP IO Summary
INFO  : ----------------------------------------------------------------------------------------------
INFO  : ----------------------------------------------------------------------------------------------
INFO  :      Map 1    131283       522          0    2.89GB         0B          0B       0B   174.90s
INFO  :      Map 4         1         2          0   10.13KB         0B          0B       0B     0.01s
INFO  :      Map 5        42        14          0    3.76MB         0B          0B       0B     0.13s
INFO  :      Map 6         1         2          0        7B         0B          0B       0B     0.01s
INFO  : ----------------------------------------------------------------------------------------------
INFO  : 
INFO  : FileSystem Counters Summary
INFO  : 
INFO  : ----------------------------------------------------------------------------------------------
INFO  : ----------------------------------------------------------------------------------------------
INFO  :      Map 1         56.45GB             0                  0            14.94GB             0
INFO  :      Map 4              0B             0                  0             1.52KB             0
INFO  :      Map 5              0B             0                  0             7.61MB             0
INFO  :      Map 6              0B             0                  0               160B             0
INFO  :  Reducer 2          4.55GB             0                  0           810.92KB             0
INFO  :  Reducer 3        193.16KB             0                  0                 0B             0
INFO  : ----------------------------------------------------------------------------------------------
INFO  : 
INFO  : ----------------------------------------------------------------------------------------------
INFO  : ----------------------------------------------------------------------------------------------
INFO  :      Map 1              0B             0                  0                 0B             0
INFO  :      Map 4              0B             0                  0                 0B             0
INFO  :      Map 5              0B             0                  0                 0B             0
INFO  :      Map 6              0B             0                  0                 0B             0
INFO  :  Reducer 2              0B             0                  0                 0B             0
INFO  :  Reducer 3              0B             2                  0             7.78KB             2
INFO  : ----------------------------------------------------------------------------------------------
INFO  : 
INFO  : org.apache.tez.common.counters.DAGCounter:
INFO  :    NUM_SUCCEEDED_TASKS: 524
INFO  :    TOTAL_LAUNCHED_TASKS: 524
INFO  :    DATA_LOCAL_TASKS: 270
INFO  :    AM_CPU_MILLISECONDS: 65450
INFO  :    AM_GC_TIME_MILLIS: 635
INFO  : File System Counters:
INFO  :    FILE_BYTES_READ: 60994483543
INFO  :    FILE_BYTES_WRITTEN: 14949423538
INFO  :    FILE_READ_OPS: 0
INFO  :    FILE_LARGE_READ_OPS: 0
INFO  :    FILE_WRITE_OPS: 0
INFO  :    HDFS_BYTES_READ: 0
INFO  :    HDFS_BYTES_WRITTEN: 7780
INFO  :    HDFS_READ_OPS: 2
INFO  :    HDFS_LARGE_READ_OPS: 0
INFO  :    HDFS_WRITE_OPS: 2
INFO  : org.apache.tez.common.counters.TaskCounter:
INFO  :    REDUCE_INPUT_GROUPS: 1095558
INFO  :    REDUCE_INPUT_RECORDS: 1301108031
INFO  :    COMBINE_INPUT_RECORDS: 0
INFO  :    SPILLED_RECORDS: 3903298793
INFO  :    NUM_SHUFFLED_INPUTS: 52802
INFO  :    NUM_SKIPPED_INPUTS: 210881
INFO  :    NUM_FAILED_SHUFFLE_INPUTS: 0
INFO  :    MERGED_MAP_OUTPUTS: 52721
INFO  :    INPUT_RECORDS_PROCESSED: 1315146935
INFO  :    INPUT_SPLIT_LENGTH_BYTES: 2934821665
INFO  :    OUTPUT_RECORDS: 1301510422
INFO  :    OUTPUT_LARGE_RECORDS: 0
INFO  :    OUTPUT_BYTES: 75178058603
INFO  :    OUTPUT_BYTES_WITH_OVERHEAD: 23114490467
INFO  :    OUTPUT_BYTES_PHYSICAL: 6169717428
INFO  :    ADDITIONAL_SPILLS_BYTES_WRITTEN: 8194273013
INFO  :    ADDITIONAL_SPILLS_BYTES_READ: 13916138286
INFO  :    ADDITIONAL_SPILL_COUNT: 371
INFO  :    SHUFFLE_CHUNK_COUNT: 514
INFO  :    SHUFFLE_BYTES: 6226375832
INFO  :    SHUFFLE_BYTES_DECOMPRESSED: 23321109125
INFO  :    SHUFFLE_BYTES_TO_MEM: 5532700790
INFO  :    SHUFFLE_BYTES_TO_DISK: 0
INFO  :    SHUFFLE_BYTES_DISK_DIRECT: 693675042
INFO  :    NUM_MEM_TO_DISK_MERGES: 5
INFO  :    NUM_DISK_TO_DISK_MERGES: 0
INFO  :    SHUFFLE_PHASE_TIME: 65158176
INFO  :    MERGE_PHASE_TIME: 65425303
INFO  :    FIRST_EVENT_RECEIVED: 9207
INFO  :    LAST_EVENT_RECEIVED: 65051011
INFO  : HIVE:
INFO  :    CREATED_FILES: 1
INFO  :    DESERIALIZE_ERRORS: 0
INFO  :    RECORDS_IN_Map_1: 1311525000
INFO  :    RECORDS_IN_Map_4: 10000
INFO  :    RECORDS_IN_Map_5: 402000
INFO  :    RECORDS_IN_Map_6: 25
INFO  :    RECORDS_OUT_0: 100
INFO  :    RECORDS_OUT_INTERMEDIATE_Map_1: 1301082731
INFO  :    RECORDS_OUT_INTERMEDIATE_Map_4: 366
INFO  :    RECORDS_OUT_INTERMEDIATE_Map_5: 402000
INFO  :    RECORDS_OUT_INTERMEDIATE_Map_6: 25
INFO  :    RECORDS_OUT_INTERMEDIATE_Reducer_2: 25300
INFO  : Shuffle Errors:
INFO  :    BAD_ID: 0
INFO  :    CONNECTION: 0
INFO  :    IO_ERROR: 0
INFO  :    WRONG_LENGTH: 0
INFO  :    WRONG_MAP: 0
INFO  :    WRONG_REDUCE: 0
INFO  : Shuffle Errors_Reducer_2_INPUT_Map_1:
INFO  :    BAD_ID: 0
INFO  :    CONNECTION: 0
INFO  :    IO_ERROR: 0
INFO  :    WRONG_LENGTH: 0
INFO  :    WRONG_MAP: 0
INFO  :    WRONG_REDUCE: 0
INFO  : Shuffle Errors_Reducer_3_INPUT_Reducer_2:
INFO  :    BAD_ID: 0
INFO  :    CONNECTION: 0
INFO  :    IO_ERROR: 0
INFO  :    WRONG_LENGTH: 0
INFO  :    WRONG_MAP: 0
INFO  :    WRONG_REDUCE: 0
INFO  : TaskCounter_Map_1_INPUT_Map_4:
INFO  :    FIRST_EVENT_RECEIVED: 7
INFO  :    INPUT_RECORDS_PROCESSED: 3294
INFO  :    LAST_EVENT_RECEIVED: 7
INFO  :    NUM_FAILED_SHUFFLE_INPUTS: 0
INFO  :    NUM_SHUFFLED_INPUTS: 9
INFO  :    SHUFFLE_BYTES: 13356
INFO  :    SHUFFLE_BYTES_DECOMPRESSED: 23112
INFO  :    SHUFFLE_BYTES_DISK_DIRECT: 1484
INFO  :    SHUFFLE_BYTES_TO_DISK: 0
INFO  :    SHUFFLE_BYTES_TO_MEM: 11872
INFO  :    SHUFFLE_PHASE_TIME: 38
INFO  : TaskCounter_Map_1_INPUT_Map_5:
INFO  :    FIRST_EVENT_RECEIVED: 24
INFO  :    INPUT_RECORDS_PROCESSED: 3618000
INFO  :    LAST_EVENT_RECEIVED: 36
INFO  :    NUM_FAILED_SHUFFLE_INPUTS: 0
INFO  :    NUM_SHUFFLED_INPUTS: 63
INFO  :    SHUFFLE_BYTES: 68471262
INFO  :    SHUFFLE_BYTES_DECOMPRESSED: 233844696
INFO  :    SHUFFLE_BYTES_DISK_DIRECT: 7607918
INFO  :    SHUFFLE_BYTES_TO_DISK: 0
INFO  :    SHUFFLE_BYTES_TO_MEM: 60863344
INFO  :    SHUFFLE_PHASE_TIME: 956
INFO  : TaskCounter_Map_1_INPUT_Map_6:
INFO  :    FIRST_EVENT_RECEIVED: 44
INFO  :    INPUT_RECORDS_PROCESSED: 225
INFO  :    LAST_EVENT_RECEIVED: 44
INFO  :    NUM_FAILED_SHUFFLE_INPUTS: 0
INFO  :    NUM_SHUFFLED_INPUTS: 9
INFO  :    SHUFFLE_BYTES: 1152
INFO  :    SHUFFLE_BYTES_DECOMPRESSED: 1629
INFO  :    SHUFFLE_BYTES_DISK_DIRECT: 128
INFO  :    SHUFFLE_BYTES_TO_DISK: 0
INFO  :    SHUFFLE_BYTES_TO_MEM: 1024
INFO  :    SHUFFLE_PHASE_TIME: 165
INFO  : TaskCounter_Map_1_INPUT_inventory:
INFO  :    INPUT_RECORDS_PROCESSED: 1311525000
INFO  :    INPUT_SPLIT_LENGTH_BYTES: 2895967428
INFO  : TaskCounter_Map_1_OUTPUT_Reducer_2:
INFO  :    ADDITIONAL_SPILLS_BYTES_READ: 8763128726
INFO  :    ADDITIONAL_SPILLS_BYTES_WRITTEN: 3727328965
INFO  :    ADDITIONAL_SPILL_COUNT: 371
INFO  :    OUTPUT_BYTES: 75151436968
INFO  :    OUTPUT_BYTES_PHYSICAL: 6161304861
INFO  :    OUTPUT_BYTES_WITH_OVERHEAD: 23087011878
INFO  :    OUTPUT_RECORDS: 1301082731
INFO  :    SHUFFLE_CHUNK_COUNT: 261
INFO  :    SPILLED_RECORDS: 2602165462
INFO  : TaskCounter_Map_4_INPUT_date_dim:
INFO  :    INPUT_RECORDS_PROCESSED: 10
INFO  :    INPUT_SPLIT_LENGTH_BYTES: 759177
INFO  : TaskCounter_Map_4_OUTPUT_Map_1:
INFO  :    ADDITIONAL_SPILLS_BYTES_READ: 0
INFO  :    ADDITIONAL_SPILLS_BYTES_WRITTEN: 0
INFO  :    ADDITIONAL_SPILL_COUNT: 0
INFO  :    OUTPUT_BYTES: 1830
INFO  :    OUTPUT_BYTES_PHYSICAL: 1508
INFO  :    OUTPUT_BYTES_WITH_OVERHEAD: 2568
INFO  :    OUTPUT_LARGE_RECORDS: 0
INFO  :    OUTPUT_RECORDS: 366
INFO  :    SPILLED_RECORDS: 0
INFO  : TaskCounter_Map_5_INPUT_item:
INFO  :    INPUT_RECORDS_PROCESSED: 405
INFO  :    INPUT_SPLIT_LENGTH_BYTES: 38092338
INFO  : TaskCounter_Map_5_OUTPUT_Map_1:
INFO  :    ADDITIONAL_SPILLS_BYTES_READ: 0
INFO  :    ADDITIONAL_SPILLS_BYTES_WRITTEN: 0
INFO  :    ADDITIONAL_SPILL_COUNT: 0
INFO  :    OUTPUT_BYTES: 25178702
INFO  :    OUTPUT_BYTES_PHYSICAL: 7608086
INFO  :    OUTPUT_BYTES_WITH_OVERHEAD: 25982744
INFO  :    OUTPUT_LARGE_RECORDS: 0
INFO  :    OUTPUT_RECORDS: 402000
INFO  :    SPILLED_RECORDS: 0
INFO  : TaskCounter_Map_6_INPUT_warehouse:
INFO  :    INPUT_RECORDS_PROCESSED: 1
INFO  :    INPUT_SPLIT_LENGTH_BYTES: 2722
INFO  : TaskCounter_Map_6_OUTPUT_Map_1:
INFO  :    ADDITIONAL_SPILLS_BYTES_READ: 0
INFO  :    ADDITIONAL_SPILLS_BYTES_WRITTEN: 0
INFO  :    ADDITIONAL_SPILL_COUNT: 0
INFO  :    OUTPUT_BYTES: 125
INFO  :    OUTPUT_BYTES_PHYSICAL: 152
INFO  :    OUTPUT_BYTES_WITH_OVERHEAD: 181
INFO  :    OUTPUT_LARGE_RECORDS: 0
INFO  :    OUTPUT_RECORDS: 25
INFO  :    SPILLED_RECORDS: 0
INFO  : TaskCounter_Reducer_2_INPUT_Map_1:
INFO  :    ADDITIONAL_SPILLS_BYTES_READ: 5152577023
INFO  :    ADDITIONAL_SPILLS_BYTES_WRITTEN: 4466619820
INFO  :    COMBINE_INPUT_RECORDS: 0
INFO  :    FIRST_EVENT_RECEIVED: 9131
INFO  :    LAST_EVENT_RECEIVED: 64880421
INFO  :    MERGED_MAP_OUTPUTS: 52468
INFO  :    MERGE_PHASE_TIME: 65254773
INFO  :    NUM_DISK_TO_DISK_MERGES: 0
INFO  :    NUM_FAILED_SHUFFLE_INPUTS: 0
INFO  :    NUM_MEM_TO_DISK_MERGES: 5
INFO  :    NUM_SHUFFLED_INPUTS: 52468
INFO  :    NUM_SKIPPED_INPUTS: 210881
INFO  :    REDUCE_INPUT_GROUPS: 1070258
INFO  :    REDUCE_INPUT_RECORDS: 1301082731
INFO  :    SHUFFLE_BYTES: 6157087241
INFO  :    SHUFFLE_BYTES_DECOMPRESSED: 23085746592
INFO  :    SHUFFLE_BYTES_DISK_DIRECT: 685957203
INFO  :    SHUFFLE_BYTES_TO_DISK: 0
INFO  :    SHUFFLE_BYTES_TO_MEM: 5471130038
INFO  :    SHUFFLE_PHASE_TIME: 64986511
INFO  :    SPILLED_RECORDS: 1301082731
INFO  : TaskCounter_Reducer_2_OUTPUT_Reducer_3:
INFO  :    ADDITIONAL_SPILLS_BYTES_READ: 0
INFO  :    ADDITIONAL_SPILLS_BYTES_WRITTEN: 0
INFO  :    ADDITIONAL_SPILL_COUNT: 0
INFO  :    OUTPUT_BYTES: 1440978
INFO  :    OUTPUT_BYTES_PHYSICAL: 802821
INFO  :    OUTPUT_BYTES_WITH_OVERHEAD: 1493096
INFO  :    OUTPUT_RECORDS: 25300
INFO  :    SHUFFLE_CHUNK_COUNT: 253
INFO  :    SPILLED_RECORDS: 25300
INFO  : TaskCounter_Reducer_3_INPUT_Reducer_2:
INFO  :    ADDITIONAL_SPILLS_BYTES_READ: 432537
INFO  :    ADDITIONAL_SPILLS_BYTES_WRITTEN: 324228
INFO  :    COMBINE_INPUT_RECORDS: 0
INFO  :    FIRST_EVENT_RECEIVED: 1
INFO  :    LAST_EVENT_RECEIVED: 170503
INFO  :    MERGED_MAP_OUTPUTS: 253
INFO  :    MERGE_PHASE_TIME: 170530
INFO  :    NUM_DISK_TO_DISK_MERGES: 0
INFO  :    NUM_FAILED_SHUFFLE_INPUTS: 0
INFO  :    NUM_MEM_TO_DISK_MERGES: 0
INFO  :    NUM_SHUFFLED_INPUTS: 253
INFO  :    NUM_SKIPPED_INPUTS: 0
INFO  :    REDUCE_INPUT_GROUPS: 25300
INFO  :    REDUCE_INPUT_RECORDS: 25300
INFO  :    SHUFFLE_BYTES: 802821
INFO  :    SHUFFLE_BYTES_DECOMPRESSED: 1493096
INFO  :    SHUFFLE_BYTES_DISK_DIRECT: 108309
INFO  :    SHUFFLE_BYTES_TO_DISK: 0
INFO  :    SHUFFLE_BYTES_TO_MEM: 694512
INFO  :    SHUFFLE_PHASE_TIME: 170506
INFO  :    SPILLED_RECORDS: 25300
INFO  : TaskCounter_Reducer_3_OUTPUT_out_Reducer_3:
INFO  :    OUTPUT_RECORDS: 0
INFO  : org.apache.hadoop.hive.llap.counters.LlapIOCounters:
INFO  :    CACHE_HIT_BYTES: 2891090917
INFO  :    CACHE_MISS_BYTES: 0
INFO  :    CONSUMER_TIME_NS: 10656102830351
INFO  :    DECODE_TIME_NS: 168936179635
INFO  :    HDFS_TIME_NS: 28226126
INFO  :    METADATA_CACHE_HIT: 540
INFO  :    NUM_DECODED_BATCHES: 131327
INFO  :    NUM_VECTOR_BATCHES: 1311941
INFO  :    ROWS_EMITTED: 1311937025
INFO  :    SELECTED_ROWGROUPS: 131327
INFO  :    TOTAL_IO_TIME_NS: 175041431781
INFO  : Completed executing command(queryId=hive_20161020155010_b5c913cc-2f57-4b35-84c9-ae5a805d00a8); Time taken: 457.221 seconds
INFO  : OK
100 rows selected (457.513 seconds)
Closing: 0: jdbc:hive2://h01hn02:10500/tpcds_bin_partitioned_orc_10000
