Connecting to jdbc:hive2://h01hn02:10500/tpcds_bin_partitioned_orc_10000
Connected to: Apache Hive (version 2.1.0.2.5.1.0-43)
Driver: Hive JDBC (version 1.2.1000.2.5.1.0-43)
Transaction isolation: TRANSACTION_REPEATABLE_READ
Running init script bry.sql
No rows affected (0.037 seconds)
No rows affected (0.002 seconds)
INFO  : Compiling command(queryId=hive_20161019162448_588a03f7-900f-4d27-ab97-deba8009f219): select  substr(r_reason_desc,1,20) as r
       ,avg(ws_quantity) wq
       ,avg(wr_refunded_cash) ref
       ,avg(wr_fee) fee
 from web_sales, web_returns, web_page, customer_demographics cd1,
      customer_demographics cd2, customer_address, date_dim, reason 
 where web_sales.ws_web_page_sk = web_page.wp_web_page_sk
   and web_sales.ws_item_sk = web_returns.wr_item_sk
   and web_sales.ws_order_number = web_returns.wr_order_number
   and web_sales.ws_sold_date_sk = date_dim.d_date_sk and d_year = 1998
   and cd1.cd_demo_sk = web_returns.wr_refunded_cdemo_sk 
   and cd2.cd_demo_sk = web_returns.wr_returning_cdemo_sk
   and customer_address.ca_address_sk = web_returns.wr_refunded_addr_sk
   and reason.r_reason_sk = web_returns.wr_reason_sk
   and
   (
    (
     cd1.cd_marital_status = 'M'
     and
     cd1.cd_marital_status = cd2.cd_marital_status
     and
     cd1.cd_education_status = '4 yr Degree'
     and 
     cd1.cd_education_status = cd2.cd_education_status
     and
     ws_sales_price between 100.00 and 150.00
    )
   or
    (
     cd1.cd_marital_status = 'D'
     and
     cd1.cd_marital_status = cd2.cd_marital_status
     and
     cd1.cd_education_status = 'Primary' 
     and
     cd1.cd_education_status = cd2.cd_education_status
     and
     ws_sales_price between 50.00 and 100.00
    )
   or
    (
     cd1.cd_marital_status = 'U'
     and
     cd1.cd_marital_status = cd2.cd_marital_status
     and
     cd1.cd_education_status = 'Advanced Degree'
     and
     cd1.cd_education_status = cd2.cd_education_status
     and
     ws_sales_price between 150.00 and 200.00
    )
   )
   and
   (
    (
     ca_country = 'United States'
     and
     ca_state in ('KY', 'GA', 'NM')
     and ws_net_profit between 100 and 200  
    )
    or
    (
     ca_country = 'United States'
     and
     ca_state in ('MT', 'OR', 'IN')
     and ws_net_profit between 150 and 300  
    )
    or
    (
     ca_country = 'United States'
     and
     ca_state in ('WI', 'MO', 'WV')
     and ws_net_profit between 50 and 250  
    )
   )
group by r_reason_desc
order by r, wq, ref, fee
limit 100
INFO  : Semantic Analysis Completed
INFO  : Returning Hive schema: Schema(fieldSchemas:[FieldSchema(name:r, type:string, comment:null), FieldSchema(name:wq, type:double, comment:null), FieldSchema(name:ref, type:double, comment:null), FieldSchema(name:fee, type:double, comment:null)], properties:null)
INFO  : Completed compiling command(queryId=hive_20161019162448_588a03f7-900f-4d27-ab97-deba8009f219); Time taken: 1.203 seconds
INFO  : Concurrency mode is disabled, not creating a lock manager
INFO  : Executing command(queryId=hive_20161019162448_588a03f7-900f-4d27-ab97-deba8009f219): select  substr(r_reason_desc,1,20) as r
       ,avg(ws_quantity) wq
       ,avg(wr_refunded_cash) ref
       ,avg(wr_fee) fee
 from web_sales, web_returns, web_page, customer_demographics cd1,
      customer_demographics cd2, customer_address, date_dim, reason 
 where web_sales.ws_web_page_sk = web_page.wp_web_page_sk
   and web_sales.ws_item_sk = web_returns.wr_item_sk
   and web_sales.ws_order_number = web_returns.wr_order_number
   and web_sales.ws_sold_date_sk = date_dim.d_date_sk and d_year = 1998
   and cd1.cd_demo_sk = web_returns.wr_refunded_cdemo_sk 
   and cd2.cd_demo_sk = web_returns.wr_returning_cdemo_sk
   and customer_address.ca_address_sk = web_returns.wr_refunded_addr_sk
   and reason.r_reason_sk = web_returns.wr_reason_sk
   and
   (
    (
     cd1.cd_marital_status = 'M'
     and
     cd1.cd_marital_status = cd2.cd_marital_status
     and
     cd1.cd_education_status = '4 yr Degree'
     and 
     cd1.cd_education_status = cd2.cd_education_status
     and
     ws_sales_price between 100.00 and 150.00
    )
   or
    (
     cd1.cd_marital_status = 'D'
     and
     cd1.cd_marital_status = cd2.cd_marital_status
     and
     cd1.cd_education_status = 'Primary' 
     and
     cd1.cd_education_status = cd2.cd_education_status
     and
     ws_sales_price between 50.00 and 100.00
    )
   or
    (
     cd1.cd_marital_status = 'U'
     and
     cd1.cd_marital_status = cd2.cd_marital_status
     and
     cd1.cd_education_status = 'Advanced Degree'
     and
     cd1.cd_education_status = cd2.cd_education_status
     and
     ws_sales_price between 150.00 and 200.00
    )
   )
   and
   (
    (
     ca_country = 'United States'
     and
     ca_state in ('KY', 'GA', 'NM')
     and ws_net_profit between 100 and 200  
    )
    or
    (
     ca_country = 'United States'
     and
     ca_state in ('MT', 'OR', 'IN')
     and ws_net_profit between 150 and 300  
    )
    or
    (
     ca_country = 'United States'
     and
     ca_state in ('WI', 'MO', 'WV')
     and ws_net_profit between 50 and 250  
    )
   )
group by r_reason_desc
order by r, wq, ref, fee
limit 100
INFO  : Query ID = hive_20161019162448_588a03f7-900f-4d27-ab97-deba8009f219
INFO  : Total jobs = 1
INFO  : Launching Job 1 out of 1
INFO  : Starting task [Stage-1:MAPRED] in serial mode
INFO  : Session is already open
INFO  : Dag name: select  substr(r_reason_desc,1,20) as ...100(Stage-1)
INFO  : Setting tez.task.scale.memory.reserve-fraction to 0.30000001192092896
INFO  : Setting tez.task.scale.memory.reserve-fraction to 0.30000001192092896
INFO  : Tez session was closed. Reopening...
INFO  : Session re-established.
INFO  : 

INFO  : Status: Running (Executing on YARN cluster with App id application_1476716628816_0201)

INFO  : Map 1: -/-	Map 10: 0/49	Map 11: 0/1	Map 12: 0/1	Map 6: -/-	Map 7: 0/1	Map 8: 0/6	Map 9: 0/6	Reducer 2: 0/1009	Reducer 3: 0/718	Reducer 4: 0/472	Reducer 5: 0/1	
INFO  : Map 1: -/-	Map 10: 0/49	Map 11: 0/1	Map 12: 0/1	Map 6: 0/110	Map 7: 0/1	Map 8: 0/6	Map 9: 0/6	Reducer 2: 0/1009	Reducer 3: 0/718	Reducer 4: 0/472	Reducer 5: 0/1	
INFO  : Map 1: -/-	Map 10: 0(+49)/49	Map 11: 1/1	Map 12: 1/1	Map 6: 0(+5)/110	Map 7: 1/1	Map 8: 1(+5)/6	Map 9: 1(+5)/6	Reducer 2: 0/1009	Reducer 3: 0/718	Reducer 4: 0/472	Reducer 5: 0/1	
INFO  : Map 1: -/-	Map 10: 7(+42)/49	Map 11: 1/1	Map 12: 1/1	Map 6: 0(+110)/110	Map 7: 1/1	Map 8: 4(+2)/6	Map 9: 5(+1)/6	Reducer 2: 0/1009	Reducer 3: 0/718	Reducer 4: 0/472	Reducer 5: 0/1	
INFO  : Map 1: -/-	Map 10: 13(+34)/49	Map 11: 1/1	Map 12: 1/1	Map 6: 0(+110)/110	Map 7: 1/1	Map 8: 4(+2)/6	Map 9: 5(+1)/6	Reducer 2: 0/1009	Reducer 3: 0/718	Reducer 4: 0/472	Reducer 5: 0/1	
INFO  : Map 1: 0(+8)/119	Map 10: 31(+16)/49	Map 11: 1/1	Map 12: 1/1	Map 6: 0(+110)/110	Map 7: 1/1	Map 8: 5(+1)/6	Map 9: 5(+1)/6	Reducer 2: 0/1009	Reducer 3: 0/718	Reducer 4: 0/472	Reducer 5: 0/1	
INFO  : Map 1: 0(+10)/119	Map 10: 33(+15)/49	Map 11: 1/1	Map 12: 1/1	Map 6: 0(+110)/110	Map 7: 1/1	Map 8: 5(+1)/6	Map 9: 5(+1)/6	Reducer 2: 0/1009	Reducer 3: 0/718	Reducer 4: 0/472	Reducer 5: 0/1	
INFO  : Map 1: 0(+41)/119	Map 10: 49/49	Map 11: 1/1	Map 12: 1/1	Map 6: 0(+110)/110	Map 7: 1/1	Map 8: 6/6	Map 9: 6/6	Reducer 2: 0/1009	Reducer 3: 0/718	Reducer 4: 0/472	Reducer 5: 0/1	
INFO  : Map 1: 0(+119)/119	Map 10: 49/49	Map 11: 1/1	Map 12: 1/1	Map 6: 0(+110)/110	Map 7: 1/1	Map 8: 6/6	Map 9: 6/6	Reducer 2: 0/1009	Reducer 3: 0/718	Reducer 4: 0/472	Reducer 5: 0/1	
INFO  : Map 1: 3(+116)/119	Map 10: 49/49	Map 11: 1/1	Map 12: 1/1	Map 6: 0(+110)/110	Map 7: 1/1	Map 8: 6/6	Map 9: 6/6	Reducer 2: 0/1009	Reducer 3: 0/718	Reducer 4: 0/472	Reducer 5: 0/1	
INFO  : Map 1: 7(+112)/119	Map 10: 49/49	Map 11: 1/1	Map 12: 1/1	Map 6: 0(+110)/110	Map 7: 1/1	Map 8: 6/6	Map 9: 6/6	Reducer 2: 0/1009	Reducer 3: 0/718	Reducer 4: 0/472	Reducer 5: 0/1	
INFO  : Map 1: 19(+100)/119	Map 10: 49/49	Map 11: 1/1	Map 12: 1/1	Map 6: 1(+109)/110	Map 7: 1/1	Map 8: 6/6	Map 9: 6/6	Reducer 2: 0/1009	Reducer 3: 0/718	Reducer 4: 0/472	Reducer 5: 0/1	
INFO  : Map 1: 28(+91)/119	Map 10: 49/49	Map 11: 1/1	Map 12: 1/1	Map 6: 2(+108)/110	Map 7: 1/1	Map 8: 6/6	Map 9: 6/6	Reducer 2: 0/1009	Reducer 3: 0/718	Reducer 4: 0/472	Reducer 5: 0/1	
INFO  : Map 1: 47(+72)/119	Map 10: 49/49	Map 11: 1/1	Map 12: 1/1	Map 6: 2(+108)/110	Map 7: 1/1	Map 8: 6/6	Map 9: 6/6	Reducer 2: 0/1009	Reducer 3: 0/718	Reducer 4: 0/472	Reducer 5: 0/1	
INFO  : Map 1: 50(+69)/119	Map 10: 49/49	Map 11: 1/1	Map 12: 1/1	Map 6: 4(+106)/110	Map 7: 1/1	Map 8: 6/6	Map 9: 6/6	Reducer 2: 0/1009	Reducer 3: 0/718	Reducer 4: 0/472	Reducer 5: 0/1	
INFO  : Map 1: 58(+61)/119	Map 10: 49/49	Map 11: 1/1	Map 12: 1/1	Map 6: 4(+106)/110	Map 7: 1/1	Map 8: 6/6	Map 9: 6/6	Reducer 2: 0/1009	Reducer 3: 0/718	Reducer 4: 0/472	Reducer 5: 0/1	
INFO  : Map 1: 61(+58)/119	Map 10: 49/49	Map 11: 1/1	Map 12: 1/1	Map 6: 5(+105)/110	Map 7: 1/1	Map 8: 6/6	Map 9: 6/6	Reducer 2: 0/1009	Reducer 3: 0/718	Reducer 4: 0/472	Reducer 5: 0/1	
INFO  : Map 1: 63(+56)/119	Map 10: 49/49	Map 11: 1/1	Map 12: 1/1	Map 6: 5(+105)/110	Map 7: 1/1	Map 8: 6/6	Map 9: 6/6	Reducer 2: 0/1009	Reducer 3: 0/718	Reducer 4: 0/472	Reducer 5: 0/1	
INFO  : Map 1: 70(+49)/119	Map 10: 49/49	Map 11: 1/1	Map 12: 1/1	Map 6: 5(+105)/110	Map 7: 1/1	Map 8: 6/6	Map 9: 6/6	Reducer 2: 0/1009	Reducer 3: 0/718	Reducer 4: 0/472	Reducer 5: 0/1	
INFO  : Map 1: 73(+46)/119	Map 10: 49/49	Map 11: 1/1	Map 12: 1/1	Map 6: 5(+105)/110	Map 7: 1/1	Map 8: 6/6	Map 9: 6/6	Reducer 2: 0/1009	Reducer 3: 0/718	Reducer 4: 0/472	Reducer 5: 0/1	
INFO  : Map 1: 79(+40)/119	Map 10: 49/49	Map 11: 1/1	Map 12: 1/1	Map 6: 5(+105)/110	Map 7: 1/1	Map 8: 6/6	Map 9: 6/6	Reducer 2: 0/1009	Reducer 3: 0/718	Reducer 4: 0/472	Reducer 5: 0/1	
INFO  : Map 1: 82(+37)/119	Map 10: 49/49	Map 11: 1/1	Map 12: 1/1	Map 6: 6(+104)/110	Map 7: 1/1	Map 8: 6/6	Map 9: 6/6	Reducer 2: 0/1009	Reducer 3: 0/718	Reducer 4: 0/472	Reducer 5: 0/1	
INFO  : Map 1: 90(+29)/119	Map 10: 49/49	Map 11: 1/1	Map 12: 1/1	Map 6: 6(+104)/110	Map 7: 1/1	Map 8: 6/6	Map 9: 6/6	Reducer 2: 0/1009	Reducer 3: 0/718	Reducer 4: 0/472	Reducer 5: 0/1	
INFO  : Map 1: 96(+23)/119	Map 10: 49/49	Map 11: 1/1	Map 12: 1/1	Map 6: 7(+103)/110	Map 7: 1/1	Map 8: 6/6	Map 9: 6/6	Reducer 2: 0/1009	Reducer 3: 0/718	Reducer 4: 0/472	Reducer 5: 0/1	
INFO  : Map 1: 102(+17)/119	Map 10: 49/49	Map 11: 1/1	Map 12: 1/1	Map 6: 7(+103)/110	Map 7: 1/1	Map 8: 6/6	Map 9: 6/6	Reducer 2: 0/1009	Reducer 3: 0/718	Reducer 4: 0/472	Reducer 5: 0/1	
INFO  : Map 1: 110(+9)/119	Map 10: 49/49	Map 11: 1/1	Map 12: 1/1	Map 6: 8(+102)/110	Map 7: 1/1	Map 8: 6/6	Map 9: 6/6	Reducer 2: 0/1009	Reducer 3: 0/718	Reducer 4: 0/472	Reducer 5: 0/1	
INFO  : Map 1: 113(+6)/119	Map 10: 49/49	Map 11: 1/1	Map 12: 1/1	Map 6: 8(+102)/110	Map 7: 1/1	Map 8: 6/6	Map 9: 6/6	Reducer 2: 0/1009	Reducer 3: 0/718	Reducer 4: 0/472	Reducer 5: 0/1	
INFO  : Map 1: 118(+1)/119	Map 10: 49/49	Map 11: 1/1	Map 12: 1/1	Map 6: 8(+102)/110	Map 7: 1/1	Map 8: 6/6	Map 9: 6/6	Reducer 2: 0/1009	Reducer 3: 0/718	Reducer 4: 0/472	Reducer 5: 0/1	
INFO  : Map 1: 119/119	Map 10: 49/49	Map 11: 1/1	Map 12: 1/1	Map 6: 8(+102)/110	Map 7: 1/1	Map 8: 6/6	Map 9: 6/6	Reducer 2: 0/1009	Reducer 3: 0/718	Reducer 4: 0/472	Reducer 5: 0/1	
INFO  : Map 1: 119/119	Map 10: 49/49	Map 11: 1/1	Map 12: 1/1	Map 6: 9(+101)/110	Map 7: 1/1	Map 8: 6/6	Map 9: 6/6	Reducer 2: 0/1009	Reducer 3: 0/718	Reducer 4: 0/472	Reducer 5: 0/1	
INFO  : Map 1: 119/119	Map 10: 49/49	Map 11: 1/1	Map 12: 1/1	Map 6: 11(+99)/110	Map 7: 1/1	Map 8: 6/6	Map 9: 6/6	Reducer 2: 0/1009	Reducer 3: 0/718	Reducer 4: 0/472	Reducer 5: 0/1	
INFO  : Map 1: 119/119	Map 10: 49/49	Map 11: 1/1	Map 12: 1/1	Map 6: 12(+98)/110	Map 7: 1/1	Map 8: 6/6	Map 9: 6/6	Reducer 2: 0/1009	Reducer 3: 0/718	Reducer 4: 0/472	Reducer 5: 0/1	
INFO  : Map 1: 119/119	Map 10: 49/49	Map 11: 1/1	Map 12: 1/1	Map 6: 12(+97)/110	Map 7: 1/1	Map 8: 6/6	Map 9: 6/6	Reducer 2: 0/1009	Reducer 3: 0/718	Reducer 4: 0/472	Reducer 5: 0/1	
INFO  : Map 1: 119/119	Map 10: 49/49	Map 11: 1/1	Map 12: 1/1	Map 6: 13(+97)/110	Map 7: 1/1	Map 8: 6/6	Map 9: 6/6	Reducer 2: 0/1009	Reducer 3: 0/718	Reducer 4: 0/472	Reducer 5: 0/1	
INFO  : Map 1: 119/119	Map 10: 49/49	Map 11: 1/1	Map 12: 1/1	Map 6: 14(+96)/110	Map 7: 1/1	Map 8: 6/6	Map 9: 6/6	Reducer 2: 0/1009	Reducer 3: 0/718	Reducer 4: 0/472	Reducer 5: 0/1	
INFO  : Map 1: 119/119	Map 10: 49/49	Map 11: 1/1	Map 12: 1/1	Map 6: 16(+94)/110	Map 7: 1/1	Map 8: 6/6	Map 9: 6/6	Reducer 2: 0/1009	Reducer 3: 0/718	Reducer 4: 0/472	Reducer 5: 0/1	
INFO  : Map 1: 119/119	Map 10: 49/49	Map 11: 1/1	Map 12: 1/1	Map 6: 24(+86)/110	Map 7: 1/1	Map 8: 6/6	Map 9: 6/6	Reducer 2: 0(+1)/1009	Reducer 3: 0/718	Reducer 4: 0/472	Reducer 5: 0/1	
INFO  : Map 1: 119/119	Map 10: 49/49	Map 11: 1/1	Map 12: 1/1	Map 6: 30(+80)/110	Map 7: 1/1	Map 8: 6/6	Map 9: 6/6	Reducer 2: 0(+235)/1009	Reducer 3: 0/718	Reducer 4: 0/472	Reducer 5: 0/1	
INFO  : Map 1: 119/119	Map 10: 49/49	Map 11: 1/1	Map 12: 1/1	Map 6: 41(+69)/110	Map 7: 1/1	Map 8: 6/6	Map 9: 6/6	Reducer 2: 0(+280)/1009	Reducer 3: 0/718	Reducer 4: 0/472	Reducer 5: 0/1	
INFO  : Map 1: 119/119	Map 10: 49/49	Map 11: 1/1	Map 12: 1/1	Map 6: 48(+62)/110	Map 7: 1/1	Map 8: 6/6	Map 9: 6/6	Reducer 2: 0(+442)/1009	Reducer 3: 0/718	Reducer 4: 0/472	Reducer 5: 0/1	
INFO  : Map 1: 119/119	Map 10: 49/49	Map 11: 1/1	Map 12: 1/1	Map 6: 54(+56)/110	Map 7: 1/1	Map 8: 6/6	Map 9: 6/6	Reducer 2: 0(+448)/1009	Reducer 3: 0/718	Reducer 4: 0/472	Reducer 5: 0/1	
INFO  : Map 1: 119/119	Map 10: 49/49	Map 11: 1/1	Map 12: 1/1	Map 6: 65(+45)/110	Map 7: 1/1	Map 8: 6/6	Map 9: 6/6	Reducer 2: 0(+459)/1009	Reducer 3: 0/718	Reducer 4: 0/472	Reducer 5: 0/1	
INFO  : Map 1: 119/119	Map 10: 49/49	Map 11: 1/1	Map 12: 1/1	Map 6: 77(+33)/110	Map 7: 1/1	Map 8: 6/6	Map 9: 6/6	Reducer 2: 0(+471)/1009	Reducer 3: 0/718	Reducer 4: 0/472	Reducer 5: 0/1	
INFO  : Map 1: 119/119	Map 10: 49/49	Map 11: 1/1	Map 12: 1/1	Map 6: 83(+26)/110	Map 7: 1/1	Map 8: 6/6	Map 9: 6/6	Reducer 2: 0(+477)/1009	Reducer 3: 0/718	Reducer 4: 0/472	Reducer 5: 0/1	
INFO  : Map 1: 119/119	Map 10: 49/49	Map 11: 1/1	Map 12: 1/1	Map 6: 96(+14)/110	Map 7: 1/1	Map 8: 6/6	Map 9: 6/6	Reducer 2: 0(+490)/1009	Reducer 3: 0/718	Reducer 4: 0/472	Reducer 5: 0/1	
INFO  : Map 1: 119/119	Map 10: 49/49	Map 11: 1/1	Map 12: 1/1	Map 6: 98(+12)/110	Map 7: 1/1	Map 8: 6/6	Map 9: 6/6	Reducer 2: 0(+492)/1009	Reducer 3: 0/718	Reducer 4: 0/472	Reducer 5: 0/1	
INFO  : Map 1: 119/119	Map 10: 49/49	Map 11: 1/1	Map 12: 1/1	Map 6: 103(+7)/110	Map 7: 1/1	Map 8: 6/6	Map 9: 6/6	Reducer 2: 0(+497)/1009	Reducer 3: 0/718	Reducer 4: 0/472	Reducer 5: 0/1	
INFO  : Map 1: 119/119	Map 10: 49/49	Map 11: 1/1	Map 12: 1/1	Map 6: 105(+5)/110	Map 7: 1/1	Map 8: 6/6	Map 9: 6/6	Reducer 2: 0(+499)/1009	Reducer 3: 0/718	Reducer 4: 0/472	Reducer 5: 0/1	
INFO  : Map 1: 119/119	Map 10: 49/49	Map 11: 1/1	Map 12: 1/1	Map 6: 107(+3)/110	Map 7: 1/1	Map 8: 6/6	Map 9: 6/6	Reducer 2: 0(+501)/1009	Reducer 3: 0/718	Reducer 4: 0/472	Reducer 5: 0/1	
INFO  : Map 1: 119/119	Map 10: 49/49	Map 11: 1/1	Map 12: 1/1	Map 6: 109(+1)/110	Map 7: 1/1	Map 8: 6/6	Map 9: 6/6	Reducer 2: 0(+503)/1009	Reducer 3: 0/718	Reducer 4: 0/472	Reducer 5: 0/1	
INFO  : Map 1: 119/119	Map 10: 49/49	Map 11: 1/1	Map 12: 1/1	Map 6: 110/110	Map 7: 1/1	Map 8: 6/6	Map 9: 6/6	Reducer 2: 0(+504)/1009	Reducer 3: 0/718	Reducer 4: 0/472	Reducer 5: 0/1	
INFO  : Map 1: 119/119	Map 10: 49/49	Map 11: 1/1	Map 12: 1/1	Map 6: 110/110	Map 7: 1/1	Map 8: 6/6	Map 9: 6/6	Reducer 2: 6(+504)/1009	Reducer 3: 0/718	Reducer 4: 0/472	Reducer 5: 0/1	
INFO  : Map 1: 119/119	Map 10: 49/49	Map 11: 1/1	Map 12: 1/1	Map 6: 110/110	Map 7: 1/1	Map 8: 6/6	Map 9: 6/6	Reducer 2: 8(+504)/1009	Reducer 3: 0/718	Reducer 4: 0/472	Reducer 5: 0/1	
INFO  : Map 1: 119/119	Map 10: 49/49	Map 11: 1/1	Map 12: 1/1	Map 6: 110/110	Map 7: 1/1	Map 8: 6/6	Map 9: 6/6	Reducer 2: 12(+504)/1009	Reducer 3: 0/718	Reducer 4: 0/472	Reducer 5: 0/1	
INFO  : Map 1: 119/119	Map 10: 49/49	Map 11: 1/1	Map 12: 1/1	Map 6: 110/110	Map 7: 1/1	Map 8: 6/6	Map 9: 6/6	Reducer 2: 41(+504)/1009	Reducer 3: 0/718	Reducer 4: 0/472	Reducer 5: 0/1	
INFO  : Map 1: 119/119	Map 10: 49/49	Map 11: 1/1	Map 12: 1/1	Map 6: 110/110	Map 7: 1/1	Map 8: 6/6	Map 9: 6/6	Reducer 2: 51(+504)/1009	Reducer 3: 0/718	Reducer 4: 0/472	Reducer 5: 0/1	
INFO  : Map 1: 119/119	Map 10: 49/49	Map 11: 1/1	Map 12: 1/1	Map 6: 110/110	Map 7: 1/1	Map 8: 6/6	Map 9: 6/6	Reducer 2: 57(+504)/1009	Reducer 3: 0/718	Reducer 4: 0/472	Reducer 5: 0/1	
INFO  : Map 1: 119/119	Map 10: 49/49	Map 11: 1/1	Map 12: 1/1	Map 6: 110/110	Map 7: 1/1	Map 8: 6/6	Map 9: 6/6	Reducer 2: 83(+504)/1009	Reducer 3: 0/718	Reducer 4: 0/472	Reducer 5: 0/1	
INFO  : Map 1: 119/119	Map 10: 49/49	Map 11: 1/1	Map 12: 1/1	Map 6: 110/110	Map 7: 1/1	Map 8: 6/6	Map 9: 6/6	Reducer 2: 91(+504)/1009	Reducer 3: 0/718	Reducer 4: 0/472	Reducer 5: 0/1	
INFO  : Map 1: 119/119	Map 10: 49/49	Map 11: 1/1	Map 12: 1/1	Map 6: 110/110	Map 7: 1/1	Map 8: 6/6	Map 9: 6/6	Reducer 2: 146(+504)/1009	Reducer 3: 0/718	Reducer 4: 0/472	Reducer 5: 0/1	
INFO  : Map 1: 119/119	Map 10: 49/49	Map 11: 1/1	Map 12: 1/1	Map 6: 110/110	Map 7: 1/1	Map 8: 6/6	Map 9: 6/6	Reducer 2: 149(+505)/1009	Reducer 3: 0/718	Reducer 4: 0/472	Reducer 5: 0/1	
INFO  : Map 1: 119/119	Map 10: 49/49	Map 11: 1/1	Map 12: 1/1	Map 6: 110/110	Map 7: 1/1	Map 8: 6/6	Map 9: 6/6	Reducer 2: 173(+504)/1009	Reducer 3: 0/718	Reducer 4: 0/472	Reducer 5: 0/1	
INFO  : Map 1: 119/119	Map 10: 49/49	Map 11: 1/1	Map 12: 1/1	Map 6: 110/110	Map 7: 1/1	Map 8: 6/6	Map 9: 6/6	Reducer 2: 205(+509)/1009	Reducer 3: 0/718	Reducer 4: 0/472	Reducer 5: 0/1	
INFO  : Map 1: 119/119	Map 10: 49/49	Map 11: 1/1	Map 12: 1/1	Map 6: 110/110	Map 7: 1/1	Map 8: 6/6	Map 9: 6/6	Reducer 2: 264(+520)/1009	Reducer 3: 0/718	Reducer 4: 0/472	Reducer 5: 0/1	
INFO  : Map 1: 119/119	Map 10: 49/49	Map 11: 1/1	Map 12: 1/1	Map 6: 110/110	Map 7: 1/1	Map 8: 6/6	Map 9: 6/6	Reducer 2: 307(+522)/1009	Reducer 3: 0/718	Reducer 4: 0/472	Reducer 5: 0/1	
INFO  : Map 1: 119/119	Map 10: 49/49	Map 11: 1/1	Map 12: 1/1	Map 6: 110/110	Map 7: 1/1	Map 8: 6/6	Map 9: 6/6	Reducer 2: 323(+522)/1009	Reducer 3: 0/718	Reducer 4: 0/472	Reducer 5: 0/1	
INFO  : Map 1: 119/119	Map 10: 49/49	Map 11: 1/1	Map 12: 1/1	Map 6: 110/110	Map 7: 1/1	Map 8: 6/6	Map 9: 6/6	Reducer 2: 328(+522)/1009	Reducer 3: 0/718	Reducer 4: 0/472	Reducer 5: 0/1	
INFO  : Map 1: 119/119	Map 10: 49/49	Map 11: 1/1	Map 12: 1/1	Map 6: 110/110	Map 7: 1/1	Map 8: 6/6	Map 9: 6/6	Reducer 2: 366(+526)/1009	Reducer 3: 0/718	Reducer 4: 0/472	Reducer 5: 0/1	
INFO  : Map 1: 119/119	Map 10: 49/49	Map 11: 1/1	Map 12: 1/1	Map 6: 110/110	Map 7: 1/1	Map 8: 6/6	Map 9: 6/6	Reducer 2: 368(+526)/1009	Reducer 3: 0/718	Reducer 4: 0/472	Reducer 5: 0/1	
INFO  : Map 1: 119/119	Map 10: 49/49	Map 11: 1/1	Map 12: 1/1	Map 6: 110/110	Map 7: 1/1	Map 8: 6/6	Map 9: 6/6	Reducer 2: 371(+526)/1009	Reducer 3: 0/718	Reducer 4: 0/472	Reducer 5: 0/1	
INFO  : Map 1: 119/119	Map 10: 49/49	Map 11: 1/1	Map 12: 1/1	Map 6: 110/110	Map 7: 1/1	Map 8: 6/6	Map 9: 6/6	Reducer 2: 372(+526)/1009	Reducer 3: 0/718	Reducer 4: 0/472	Reducer 5: 0/1	
INFO  : Map 1: 119/119	Map 10: 49/49	Map 11: 1/1	Map 12: 1/1	Map 6: 110/110	Map 7: 1/1	Map 8: 6/6	Map 9: 6/6	Reducer 2: 383(+526)/1009	Reducer 3: 0/718	Reducer 4: 0/472	Reducer 5: 0/1	
INFO  : Map 1: 119/119	Map 10: 49/49	Map 11: 1/1	Map 12: 1/1	Map 6: 110/110	Map 7: 1/1	Map 8: 6/6	Map 9: 6/6	Reducer 2: 453(+526)/1009	Reducer 3: 0/718	Reducer 4: 0/472	Reducer 5: 0/1	
INFO  : Map 1: 119/119	Map 10: 49/49	Map 11: 1/1	Map 12: 1/1	Map 6: 110/110	Map 7: 1/1	Map 8: 6/6	Map 9: 6/6	Reducer 2: 472(+526)/1009	Reducer 3: 0/718	Reducer 4: 0/472	Reducer 5: 0/1	
INFO  : Map 1: 119/119	Map 10: 49/49	Map 11: 1/1	Map 12: 1/1	Map 6: 110/110	Map 7: 1/1	Map 8: 6/6	Map 9: 6/6	Reducer 2: 486(+523)/1009	Reducer 3: 0/718	Reducer 4: 0/472	Reducer 5: 0/1	
INFO  : Map 1: 119/119	Map 10: 49/49	Map 11: 1/1	Map 12: 1/1	Map 6: 110/110	Map 7: 1/1	Map 8: 6/6	Map 9: 6/6	Reducer 2: 508(+501)/1009	Reducer 3: 0(+3)/718	Reducer 4: 0/472	Reducer 5: 0/1	
INFO  : Map 1: 119/119	Map 10: 49/49	Map 11: 1/1	Map 12: 1/1	Map 6: 110/110	Map 7: 1/1	Map 8: 6/6	Map 9: 6/6	Reducer 2: 513(+496)/1009	Reducer 3: 0(+8)/718	Reducer 4: 0/472	Reducer 5: 0/1	
INFO  : Map 1: 119/119	Map 10: 49/49	Map 11: 1/1	Map 12: 1/1	Map 6: 110/110	Map 7: 1/1	Map 8: 6/6	Map 9: 6/6	Reducer 2: 518(+491)/1009	Reducer 3: 0(+13)/718	Reducer 4: 0/472	Reducer 5: 0/1	
INFO  : Map 1: 119/119	Map 10: 49/49	Map 11: 1/1	Map 12: 1/1	Map 6: 110/110	Map 7: 1/1	Map 8: 6/6	Map 9: 6/6	Reducer 2: 525(+484)/1009	Reducer 3: 0(+20)/718	Reducer 4: 0/472	Reducer 5: 0/1	
INFO  : Map 1: 119/119	Map 10: 49/49	Map 11: 1/1	Map 12: 1/1	Map 6: 110/110	Map 7: 1/1	Map 8: 6/6	Map 9: 6/6	Reducer 2: 534(+475)/1009	Reducer 3: 0(+29)/718	Reducer 4: 0/472	Reducer 5: 0/1	
INFO  : Map 1: 119/119	Map 10: 49/49	Map 11: 1/1	Map 12: 1/1	Map 6: 110/110	Map 7: 1/1	Map 8: 6/6	Map 9: 6/6	Reducer 2: 541(+468)/1009	Reducer 3: 0(+36)/718	Reducer 4: 0/472	Reducer 5: 0/1	
INFO  : Map 1: 119/119	Map 10: 49/49	Map 11: 1/1	Map 12: 1/1	Map 6: 110/110	Map 7: 1/1	Map 8: 6/6	Map 9: 6/6	Reducer 2: 559(+450)/1009	Reducer 3: 0(+54)/718	Reducer 4: 0/472	Reducer 5: 0/1	
INFO  : Map 1: 119/119	Map 10: 49/49	Map 11: 1/1	Map 12: 1/1	Map 6: 110/110	Map 7: 1/1	Map 8: 6/6	Map 9: 6/6	Reducer 2: 566(+443)/1009	Reducer 3: 0(+61)/718	Reducer 4: 0/472	Reducer 5: 0/1	
INFO  : Map 1: 119/119	Map 10: 49/49	Map 11: 1/1	Map 12: 1/1	Map 6: 110/110	Map 7: 1/1	Map 8: 6/6	Map 9: 6/6	Reducer 2: 572(+437)/1009	Reducer 3: 0(+67)/718	Reducer 4: 0/472	Reducer 5: 0/1	
INFO  : Map 1: 119/119	Map 10: 49/49	Map 11: 1/1	Map 12: 1/1	Map 6: 110/110	Map 7: 1/1	Map 8: 6/6	Map 9: 6/6	Reducer 2: 586(+423)/1009	Reducer 3: 0(+81)/718	Reducer 4: 0/472	Reducer 5: 0/1	
INFO  : Map 1: 119/119	Map 10: 49/49	Map 11: 1/1	Map 12: 1/1	Map 6: 110/110	Map 7: 1/1	Map 8: 6/6	Map 9: 6/6	Reducer 2: 591(+418)/1009	Reducer 3: 0(+86)/718	Reducer 4: 0/472	Reducer 5: 0/1	
INFO  : Map 1: 119/119	Map 10: 49/49	Map 11: 1/1	Map 12: 1/1	Map 6: 110/110	Map 7: 1/1	Map 8: 6/6	Map 9: 6/6	Reducer 2: 623(+386)/1009	Reducer 3: 0(+119)/718	Reducer 4: 0/472	Reducer 5: 0/1	
INFO  : Map 1: 119/119	Map 10: 49/49	Map 11: 1/1	Map 12: 1/1	Map 6: 110/110	Map 7: 1/1	Map 8: 6/6	Map 9: 6/6	Reducer 2: 630(+379)/1009	Reducer 3: 0(+128)/718	Reducer 4: 0/472	Reducer 5: 0/1	
INFO  : Map 1: 119/119	Map 10: 49/49	Map 11: 1/1	Map 12: 1/1	Map 6: 110/110	Map 7: 1/1	Map 8: 6/6	Map 9: 6/6	Reducer 2: 636(+373)/1009	Reducer 3: 0(+134)/718	Reducer 4: 0/472	Reducer 5: 0/1	
INFO  : Map 1: 119/119	Map 10: 49/49	Map 11: 1/1	Map 12: 1/1	Map 6: 110/110	Map 7: 1/1	Map 8: 6/6	Map 9: 6/6	Reducer 2: 647(+362)/1009	Reducer 3: 0(+145)/718	Reducer 4: 0/472	Reducer 5: 0/1	
INFO  : Map 1: 119/119	Map 10: 49/49	Map 11: 1/1	Map 12: 1/1	Map 6: 110/110	Map 7: 1/1	Map 8: 6/6	Map 9: 6/6	Reducer 2: 653(+356)/1009	Reducer 3: 0(+151)/718	Reducer 4: 0/472	Reducer 5: 0/1	
INFO  : Map 1: 119/119	Map 10: 49/49	Map 11: 1/1	Map 12: 1/1	Map 6: 110/110	Map 7: 1/1	Map 8: 6/6	Map 9: 6/6	Reducer 2: 666(+343)/1009	Reducer 3: 0(+164)/718	Reducer 4: 0/472	Reducer 5: 0/1	
INFO  : Map 1: 119/119	Map 10: 49/49	Map 11: 1/1	Map 12: 1/1	Map 6: 110/110	Map 7: 1/1	Map 8: 6/6	Map 9: 6/6	Reducer 2: 704(+305)/1009	Reducer 3: 0(+203)/718	Reducer 4: 0/472	Reducer 5: 0/1	
INFO  : Map 1: 119/119	Map 10: 49/49	Map 11: 1/1	Map 12: 1/1	Map 6: 110/110	Map 7: 1/1	Map 8: 6/6	Map 9: 6/6	Reducer 2: 737(+272)/1009	Reducer 3: 0(+259)/718	Reducer 4: 0/472	Reducer 5: 0/1	
INFO  : Map 1: 119/119	Map 10: 49/49	Map 11: 1/1	Map 12: 1/1	Map 6: 110/110	Map 7: 1/1	Map 8: 6/6	Map 9: 6/6	Reducer 2: 751(+258)/1009	Reducer 3: 0(+286)/718	Reducer 4: 0/472	Reducer 5: 0/1	
INFO  : Map 1: 119/119	Map 10: 49/49	Map 11: 1/1	Map 12: 1/1	Map 6: 110/110	Map 7: 1/1	Map 8: 6/6	Map 9: 6/6	Reducer 2: 763(+246)/1009	Reducer 3: 0(+305)/718	Reducer 4: 0/472	Reducer 5: 0/1	
INFO  : Map 1: 119/119	Map 10: 49/49	Map 11: 1/1	Map 12: 1/1	Map 6: 110/110	Map 7: 1/1	Map 8: 6/6	Map 9: 6/6	Reducer 2: 770(+239)/1009	Reducer 3: 0(+312)/718	Reducer 4: 0/472	Reducer 5: 0/1	
INFO  : Map 1: 119/119	Map 10: 49/49	Map 11: 1/1	Map 12: 1/1	Map 6: 110/110	Map 7: 1/1	Map 8: 6/6	Map 9: 6/6	Reducer 2: 777(+232)/1009	Reducer 3: 0(+319)/718	Reducer 4: 0/472	Reducer 5: 0/1	
INFO  : Map 1: 119/119	Map 10: 49/49	Map 11: 1/1	Map 12: 1/1	Map 6: 110/110	Map 7: 1/1	Map 8: 6/6	Map 9: 6/6	Reducer 2: 806(+203)/1009	Reducer 3: 0(+349)/718	Reducer 4: 0/472	Reducer 5: 0/1	
INFO  : Map 1: 119/119	Map 10: 49/49	Map 11: 1/1	Map 12: 1/1	Map 6: 110/110	Map 7: 1/1	Map 8: 6/6	Map 9: 6/6	Reducer 2: 807(+202)/1009	Reducer 3: 0(+350)/718	Reducer 4: 0/472	Reducer 5: 0/1	
INFO  : Map 1: 119/119	Map 10: 49/49	Map 11: 1/1	Map 12: 1/1	Map 6: 110/110	Map 7: 1/1	Map 8: 6/6	Map 9: 6/6	Reducer 2: 811(+198)/1009	Reducer 3: 0(+354)/718	Reducer 4: 0/472	Reducer 5: 0/1	
INFO  : Map 1: 119/119	Map 10: 49/49	Map 11: 1/1	Map 12: 1/1	Map 6: 110/110	Map 7: 1/1	Map 8: 6/6	Map 9: 6/6	Reducer 2: 841(+168)/1009	Reducer 3: 0(+384)/718	Reducer 4: 0/472	Reducer 5: 0/1	
INFO  : Map 1: 119/119	Map 10: 49/49	Map 11: 1/1	Map 12: 1/1	Map 6: 110/110	Map 7: 1/1	Map 8: 6/6	Map 9: 6/6	Reducer 2: 854(+155)/1009	Reducer 3: 0(+418)/718	Reducer 4: 0/472	Reducer 5: 0/1	
INFO  : Map 1: 119/119	Map 10: 49/49	Map 11: 1/1	Map 12: 1/1	Map 6: 110/110	Map 7: 1/1	Map 8: 6/6	Map 9: 6/6	Reducer 2: 861(+148)/1009	Reducer 3: 0(+441)/718	Reducer 4: 0/472	Reducer 5: 0/1	
INFO  : Map 1: 119/119	Map 10: 49/49	Map 11: 1/1	Map 12: 1/1	Map 6: 110/110	Map 7: 1/1	Map 8: 6/6	Map 9: 6/6	Reducer 2: 880(+129)/1009	Reducer 3: 0(+479)/718	Reducer 4: 0/472	Reducer 5: 0/1	
INFO  : Map 1: 119/119	Map 10: 49/49	Map 11: 1/1	Map 12: 1/1	Map 6: 110/110	Map 7: 1/1	Map 8: 6/6	Map 9: 6/6	Reducer 2: 886(+123)/1009	Reducer 3: 0(+485)/718	Reducer 4: 0/472	Reducer 5: 0/1	
INFO  : Map 1: 119/119	Map 10: 49/49	Map 11: 1/1	Map 12: 1/1	Map 6: 110/110	Map 7: 1/1	Map 8: 6/6	Map 9: 6/6	Reducer 2: 893(+116)/1009	Reducer 3: 0(+523)/718	Reducer 4: 0/472	Reducer 5: 0/1	
INFO  : Map 1: 119/119	Map 10: 49/49	Map 11: 1/1	Map 12: 1/1	Map 6: 110/110	Map 7: 1/1	Map 8: 6/6	Map 9: 6/6	Reducer 2: 901(+108)/1009	Reducer 3: 0(+554)/718	Reducer 4: 0/472	Reducer 5: 0/1	
INFO  : Map 1: 119/119	Map 10: 49/49	Map 11: 1/1	Map 12: 1/1	Map 6: 110/110	Map 7: 1/1	Map 8: 6/6	Map 9: 6/6	Reducer 2: 913(+96)/1009	Reducer 3: 0(+587)/718	Reducer 4: 0/472	Reducer 5: 0/1	
INFO  : Map 1: 119/119	Map 10: 49/49	Map 11: 1/1	Map 12: 1/1	Map 6: 110/110	Map 7: 1/1	Map 8: 6/6	Map 9: 6/6	Reducer 2: 918(+91)/1009	Reducer 3: 0(+597)/718	Reducer 4: 0/472	Reducer 5: 0/1	
INFO  : Map 1: 119/119	Map 10: 49/49	Map 11: 1/1	Map 12: 1/1	Map 6: 110/110	Map 7: 1/1	Map 8: 6/6	Map 9: 6/6	Reducer 2: 924(+85)/1009	Reducer 3: 0(+603)/718	Reducer 4: 0/472	Reducer 5: 0/1	
INFO  : Map 1: 119/119	Map 10: 49/49	Map 11: 1/1	Map 12: 1/1	Map 6: 110/110	Map 7: 1/1	Map 8: 6/6	Map 9: 6/6	Reducer 2: 934(+75)/1009	Reducer 3: 0(+613)/718	Reducer 4: 0/472	Reducer 5: 0/1	
INFO  : Map 1: 119/119	Map 10: 49/49	Map 11: 1/1	Map 12: 1/1	Map 6: 110/110	Map 7: 1/1	Map 8: 6/6	Map 9: 6/6	Reducer 2: 943(+66)/1009	Reducer 3: 0(+622)/718	Reducer 4: 0/472	Reducer 5: 0/1	
INFO  : Map 1: 119/119	Map 10: 49/49	Map 11: 1/1	Map 12: 1/1	Map 6: 110/110	Map 7: 1/1	Map 8: 6/6	Map 9: 6/6	Reducer 2: 946(+63)/1009	Reducer 3: 0(+625)/718	Reducer 4: 0/472	Reducer 5: 0/1	
INFO  : Map 1: 119/119	Map 10: 49/49	Map 11: 1/1	Map 12: 1/1	Map 6: 110/110	Map 7: 1/1	Map 8: 6/6	Map 9: 6/6	Reducer 2: 947(+62)/1009	Reducer 3: 0(+626)/718	Reducer 4: 0/472	Reducer 5: 0/1	
INFO  : Map 1: 119/119	Map 10: 49/49	Map 11: 1/1	Map 12: 1/1	Map 6: 110/110	Map 7: 1/1	Map 8: 6/6	Map 9: 6/6	Reducer 2: 955(+53)/1009	Reducer 3: 0(+633)/718	Reducer 4: 0/472	Reducer 5: 0/1	
INFO  : Map 1: 119/119	Map 10: 49/49	Map 11: 1/1	Map 12: 1/1	Map 6: 110/110	Map 7: 1/1	Map 8: 6/6	Map 9: 6/6	Reducer 2: 975(+34)/1009	Reducer 3: 0(+654)/718	Reducer 4: 0/472	Reducer 5: 0/1	
INFO  : Map 1: 119/119	Map 10: 49/49	Map 11: 1/1	Map 12: 1/1	Map 6: 110/110	Map 7: 1/1	Map 8: 6/6	Map 9: 6/6	Reducer 2: 981(+28)/1009	Reducer 3: 0(+660)/718	Reducer 4: 0/472	Reducer 5: 0/1	
INFO  : Map 1: 119/119	Map 10: 49/49	Map 11: 1/1	Map 12: 1/1	Map 6: 110/110	Map 7: 1/1	Map 8: 6/6	Map 9: 6/6	Reducer 2: 993(+16)/1009	Reducer 3: 0(+672)/718	Reducer 4: 0/472	Reducer 5: 0/1	
INFO  : Map 1: 119/119	Map 10: 49/49	Map 11: 1/1	Map 12: 1/1	Map 6: 110/110	Map 7: 1/1	Map 8: 6/6	Map 9: 6/6	Reducer 2: 995(+14)/1009	Reducer 3: 0(+674)/718	Reducer 4: 0/472	Reducer 5: 0/1	
INFO  : Map 1: 119/119	Map 10: 49/49	Map 11: 1/1	Map 12: 1/1	Map 6: 110/110	Map 7: 1/1	Map 8: 6/6	Map 9: 6/6	Reducer 2: 998(+11)/1009	Reducer 3: 0(+677)/718	Reducer 4: 0/472	Reducer 5: 0/1	
INFO  : Map 1: 119/119	Map 10: 49/49	Map 11: 1/1	Map 12: 1/1	Map 6: 110/110	Map 7: 1/1	Map 8: 6/6	Map 9: 6/6	Reducer 2: 1002(+7)/1009	Reducer 3: 0(+681)/718	Reducer 4: 0/472	Reducer 5: 0/1	
INFO  : Map 1: 119/119	Map 10: 49/49	Map 11: 1/1	Map 12: 1/1	Map 6: 110/110	Map 7: 1/1	Map 8: 6/6	Map 9: 6/6	Reducer 2: 1003(+6)/1009	Reducer 3: 0(+682)/718	Reducer 4: 0/472	Reducer 5: 0/1	
INFO  : Map 1: 119/119	Map 10: 49/49	Map 11: 1/1	Map 12: 1/1	Map 6: 110/110	Map 7: 1/1	Map 8: 6/6	Map 9: 6/6	Reducer 2: 1009/1009	Reducer 3: 0(+686)/718	Reducer 4: 0/472	Reducer 5: 0/1	
INFO  : Map 1: 119/119	Map 10: 49/49	Map 11: 1/1	Map 12: 1/1	Map 6: 110/110	Map 7: 1/1	Map 8: 6/6	Map 9: 6/6	Reducer 2: 1009/1009	Reducer 3: 102(+613)/718	Reducer 4: 0/472	Reducer 5: 0/1	
INFO  : Map 1: 119/119	Map 10: 49/49	Map 11: 1/1	Map 12: 1/1	Map 6: 110/110	Map 7: 1/1	Map 8: 6/6	Map 9: 6/6	Reducer 2: 1009/1009	Reducer 3: 229(+489)/718	Reducer 4: 0/472	Reducer 5: 0/1	
INFO  : Map 1: 119/119	Map 10: 49/49	Map 11: 1/1	Map 12: 1/1	Map 6: 110/110	Map 7: 1/1	Map 8: 6/6	Map 9: 6/6	Reducer 2: 1009/1009	Reducer 3: 251(+467)/718	Reducer 4: 0/472	Reducer 5: 0/1	
INFO  : Map 1: 119/119	Map 10: 49/49	Map 11: 1/1	Map 12: 1/1	Map 6: 110/110	Map 7: 1/1	Map 8: 6/6	Map 9: 6/6	Reducer 2: 1009/1009	Reducer 3: 322(+394)/718	Reducer 4: 0/472	Reducer 5: 0/1	
INFO  : Map 1: 119/119	Map 10: 49/49	Map 11: 1/1	Map 12: 1/1	Map 6: 110/110	Map 7: 1/1	Map 8: 6/6	Map 9: 6/6	Reducer 2: 1009/1009	Reducer 3: 359(+359)/718	Reducer 4: 0/472	Reducer 5: 0/1	
INFO  : Map 1: 119/119	Map 10: 49/49	Map 11: 1/1	Map 12: 1/1	Map 6: 110/110	Map 7: 1/1	Map 8: 6/6	Map 9: 6/6	Reducer 2: 1009/1009	Reducer 3: 413(+303)/718	Reducer 4: 0/472	Reducer 5: 0/1	
INFO  : Map 1: 119/119	Map 10: 49/49	Map 11: 1/1	Map 12: 1/1	Map 6: 110/110	Map 7: 1/1	Map 8: 6/6	Map 9: 6/6	Reducer 2: 1009/1009	Reducer 3: 482(+236)/718	Reducer 4: 0/472	Reducer 5: 0/1	
INFO  : Map 1: 119/119	Map 10: 49/49	Map 11: 1/1	Map 12: 1/1	Map 6: 110/110	Map 7: 1/1	Map 8: 6/6	Map 9: 6/6	Reducer 2: 1009/1009	Reducer 3: 548(+170)/718	Reducer 4: 0(+1)/59	Reducer 5: 0/1	
INFO  : Map 1: 119/119	Map 10: 49/49	Map 11: 1/1	Map 12: 1/1	Map 6: 110/110	Map 7: 1/1	Map 8: 6/6	Map 9: 6/6	Reducer 2: 1009/1009	Reducer 3: 595(+123)/718	Reducer 4: 0(+59)/59	Reducer 5: 0/1	
INFO  : Map 1: 119/119	Map 10: 49/49	Map 11: 1/1	Map 12: 1/1	Map 6: 110/110	Map 7: 1/1	Map 8: 6/6	Map 9: 6/6	Reducer 2: 1009/1009	Reducer 3: 605(+113)/718	Reducer 4: 0(+59)/59	Reducer 5: 0/1	
INFO  : Map 1: 119/119	Map 10: 49/49	Map 11: 1/1	Map 12: 1/1	Map 6: 110/110	Map 7: 1/1	Map 8: 6/6	Map 9: 6/6	Reducer 2: 1009/1009	Reducer 3: 619(+99)/718	Reducer 4: 0(+59)/59	Reducer 5: 0/1	
INFO  : Map 1: 119/119	Map 10: 49/49	Map 11: 1/1	Map 12: 1/1	Map 6: 110/110	Map 7: 1/1	Map 8: 6/6	Map 9: 6/6	Reducer 2: 1009/1009	Reducer 3: 694(+24)/718	Reducer 4: 0(+59)/59	Reducer 5: 0/1	
INFO  : Map 1: 119/119	Map 10: 49/49	Map 11: 1/1	Map 12: 1/1	Map 6: 110/110	Map 7: 1/1	Map 8: 6/6	Map 9: 6/6	Reducer 2: 1009/1009	Reducer 3: 718/718	Reducer 4: 43(+15)/59	Reducer 5: 0(+1)/1	
INFO  : Map 1: 119/119	Map 10: 49/49	Map 11: 1/1	Map 12: 1/1	Map 6: 110/110	Map 7: 1/1	Map 8: 6/6	Map 9: 6/6	Reducer 2: 1009/1009	Reducer 3: 718/718	Reducer 4: 59/59	Reducer 5: 0(+1)/1	
INFO  : Map 1: 119/119	Map 10: 49/49	Map 11: 1/1	Map 12: 1/1	Map 6: 110/110	Map 7: 1/1	Map 8: 6/6	Map 9: 6/6	Reducer 2: 1009/1009	Reducer 3: 718/718	Reducer 4: 59/59	Reducer 5: 1/1	
INFO  : Status: DAG finished successfully in 40.89 seconds
INFO  : 
INFO  : Query Execution Summary
INFO  : ----------------------------------------------------------------------------------------------
INFO  : ----------------------------------------------------------------------------------------------
INFO  : Compile Query                           1.20s
INFO  : Prepare Plan                            0.29s
INFO  : Submit Plan                             8.08s
INFO  : Start DAG                               0.91s
INFO  : Run DAG                                40.89s
INFO  : ----------------------------------------------------------------------------------------------
INFO  : 
INFO  : Task Execution Summary
INFO  : --------------------------------------------------------------------------------------------------------------------------------
INFO  : --------------------------------------------------------------------------------------------------------------------------------
INFO  :      Map 1          119                0             0        5695.00             0            0  1,423,891,975      50,598,492
INFO  :     Map 10           49                0             0        1384.00             0            0     32,500,000       7,291,638
INFO  :     Map 11            1                0             0           0.00             0            0         10,000             365
INFO  :     Map 12            1                0             0           0.00             0            0             70              70
INFO  :      Map 6          110                0             0       12454.00             0            0    720,020,485     659,272,076
INFO  :      Map 7            1                0             0           0.00             0            0          4,002           4,002
INFO  :      Map 8            6                0             0        1384.00             0            0      1,920,800         493,920
INFO  :      Map 9            6                0             0        1384.00             0            0      1,920,800         493,920
INFO  :  Reducer 2         1009                0            22       26872.00             0            0    710,862,410         131,962
INFO  :  Reducer 3          718                0           185       19206.00             0            0      7,424,035          14,321
INFO  :  Reducer 4           59                0             0        2377.00             0            0         14,321              69
INFO  :  Reducer 5            1                0             0         349.00             0            0             69               0
INFO  : --------------------------------------------------------------------------------------------------------------------------------
INFO  : 
INFO  : LLAP IO Summary
INFO  : ----------------------------------------------------------------------------------------------
INFO  : ----------------------------------------------------------------------------------------------
INFO  :      Map 1    142812      2867          0   21.77GB         0B          0B       0B   294.62s
INFO  :     Map 10      3331       446          0   35.59MB         0B          0B       0B     4.17s
INFO  :     Map 11         1         2          0    1.39KB         0B          0B       0B     0.02s
INFO  :     Map 12         1         2          0      603B         0B          0B       0B     0.00s
INFO  :      Map 6     73098      4403          0   18.24GB         0B          0B       0B   238.62s
INFO  :      Map 7         1         2          0       40B         0B          0B       0B     0.00s
INFO  :      Map 8       195        12          0  320.13KB         0B          0B       0B     0.20s
INFO  :      Map 9       195        12          0  320.13KB         0B          0B       0B     0.16s
INFO  : ----------------------------------------------------------------------------------------------
INFO  : 
INFO  : FileSystem Counters Summary
INFO  : 
INFO  : ----------------------------------------------------------------------------------------------
INFO  : ----------------------------------------------------------------------------------------------
INFO  :      Map 1              0B             0                  0             1.21GB             0
INFO  :     Map 10              0B             0                  0            45.52MB             0
INFO  :     Map 11              0B             0                  0             1.51KB             0
INFO  :     Map 12              0B             0                  0               895B             0
INFO  :      Map 6         25.65GB             0                  0            20.77GB             0
INFO  :      Map 7              0B             0                  0            15.99KB             0
INFO  :      Map 8              0B             0                  0             3.11MB             0
INFO  :      Map 9              0B             0                  0             3.00MB             0
INFO  :  Reducer 2          4.84GB             0                  0            23.36MB             0
INFO  :  Reducer 3        525.66MB             0                  0            15.64MB             0
INFO  :  Reducer 4          3.78KB             0                  0             5.99KB             0
INFO  :  Reducer 5              0B             0                  0                 0B             0
INFO  : ----------------------------------------------------------------------------------------------
INFO  : 
INFO  : ----------------------------------------------------------------------------------------------
INFO  : ----------------------------------------------------------------------------------------------
INFO  :      Map 1              0B             0                  0                 0B             0
INFO  :     Map 10              0B             0                  0                 0B             0
INFO  :     Map 11              0B             0                  0                 0B             0
INFO  :     Map 12              0B             0                  0                 0B             0
INFO  :      Map 6              0B             0                  0                 0B             0
INFO  :      Map 7              0B             0                  0                 0B             0
INFO  :      Map 8              0B             0                  0                 0B             0
INFO  :      Map 9              0B             0                  0                 0B             0
INFO  :  Reducer 2              0B             0                  0                 0B             0
INFO  :  Reducer 3              0B             0                  0                 0B             0
INFO  :  Reducer 4              0B             0                  0                 0B             0
INFO  :  Reducer 5              0B             2                  0             5.59KB             2
INFO  : ----------------------------------------------------------------------------------------------
INFO  : 
INFO  : org.apache.tez.common.counters.DAGCounter:
INFO  :    NUM_KILLED_TASKS: 207
INFO  :    NUM_SUCCEEDED_TASKS: 2080
INFO  :    TOTAL_LAUNCHED_TASKS: 2287
INFO  :    DATA_LOCAL_TASKS: 293
INFO  :    AM_CPU_MILLISECONDS: 75740
INFO  :    AM_GC_TIME_MILLIS: 1079
INFO  : File System Counters:
INFO  :    FILE_BYTES_READ: 31009896483
INFO  :    FILE_BYTES_WRITTEN: 22061963935
INFO  :    FILE_READ_OPS: 0
INFO  :    FILE_LARGE_READ_OPS: 0
INFO  :    FILE_WRITE_OPS: 0
INFO  :    HDFS_BYTES_READ: 0
INFO  :    HDFS_BYTES_WRITTEN: 5591
INFO  :    HDFS_READ_OPS: 2
INFO  :    HDFS_LARGE_READ_OPS: 0
INFO  :    HDFS_WRITE_OPS: 2
INFO  : org.apache.tez.common.counters.TaskCounter:
INFO  :    REDUCE_INPUT_GROUPS: 138
INFO  :    REDUCE_INPUT_RECORDS: 14390
INFO  :    COMBINE_INPUT_RECORDS: 0
INFO  :    SPILLED_RECORDS: 510215506
INFO  :    NUM_SHUFFLED_INPUTS: 401203
INFO  :    NUM_SKIPPED_INPUTS: 324767
INFO  :    NUM_FAILED_SHUFFLE_INPUTS: 0
INFO  :    MERGED_MAP_OUTPUTS: 14188
INFO  :    INPUT_RECORDS_PROCESSED: 728406127
INFO  :    INPUT_SPLIT_LENGTH_BYTES: 172244316310
INFO  :    OUTPUT_RECORDS: 718300835
INFO  :    OUTPUT_LARGE_RECORDS: 0
INFO  :    OUTPUT_BYTES: 22854390343
INFO  :    OUTPUT_BYTES_WITH_OVERHEAD: 32451682210
INFO  :    OUTPUT_BYTES_PHYSICAL: 22053812383
INFO  :    ADDITIONAL_SPILLS_BYTES_WRITTEN: 16071360956
INFO  :    ADDITIONAL_SPILLS_BYTES_READ: 16071484077
INFO  :    ADDITIONAL_SPILL_COUNT: 97
INFO  :    SHUFFLE_CHUNK_COUNT: 777
INFO  :    SHUFFLE_BYTES: 22072513131
INFO  :    SHUFFLE_BYTES_DECOMPRESSED: 24471467167
INFO  :    SHUFFLE_BYTES_TO_MEM: 19620160817
INFO  :    SHUFFLE_BYTES_TO_DISK: 0
INFO  :    SHUFFLE_BYTES_DISK_DIRECT: 2452352314
INFO  :    NUM_MEM_TO_DISK_MERGES: 0
INFO  :    NUM_DISK_TO_DISK_MERGES: 0
INFO  :    SHUFFLE_PHASE_TIME: 17754791
INFO  :    MERGE_PHASE_TIME: 121468
INFO  :    FIRST_EVENT_RECEIVED: 136816
INFO  :    LAST_EVENT_RECEIVED: 6793331
INFO  : HIVE:
INFO  :    CREATED_FILES: 1
INFO  :    DESERIALIZE_ERRORS: 0
INFO  :    RECORDS_IN_Map_1: 1423891975
INFO  :    RECORDS_IN_Map_10: 32500000
INFO  :    RECORDS_IN_Map_11: 10000
INFO  :    RECORDS_IN_Map_12: 70
INFO  :    RECORDS_IN_Map_6: 720020485
INFO  :    RECORDS_IN_Map_7: 4002
INFO  :    RECORDS_IN_Map_8: 1920800
INFO  :    RECORDS_IN_Map_9: 1920800
INFO  :    RECORDS_OUT_0: 69
INFO  :    RECORDS_OUT_INTERMEDIATE_Map_1: 50598492
INFO  :    RECORDS_OUT_INTERMEDIATE_Map_10: 7291638
INFO  :    RECORDS_OUT_INTERMEDIATE_Map_11: 365
INFO  :    RECORDS_OUT_INTERMEDIATE_Map_12: 70
INFO  :    RECORDS_OUT_INTERMEDIATE_Map_6: 659272076
INFO  :    RECORDS_OUT_INTERMEDIATE_Map_7: 4002
INFO  :    RECORDS_OUT_INTERMEDIATE_Map_8: 493920
INFO  :    RECORDS_OUT_INTERMEDIATE_Map_9: 493920
INFO  :    RECORDS_OUT_INTERMEDIATE_Reducer_2: 131962
INFO  :    RECORDS_OUT_INTERMEDIATE_Reducer_3: 14321
INFO  :    RECORDS_OUT_INTERMEDIATE_Reducer_4: 69
INFO  : Shuffle Errors:
INFO  :    BAD_ID: 0
INFO  :    CONNECTION: 0
INFO  :    IO_ERROR: 0
INFO  :    WRONG_LENGTH: 0
INFO  :    WRONG_MAP: 0
INFO  :    WRONG_REDUCE: 0
INFO  : Shuffle Errors_Reducer_4_INPUT_Reducer_3:
INFO  :    BAD_ID: 0
INFO  :    CONNECTION: 0
INFO  :    IO_ERROR: 0
INFO  :    WRONG_LENGTH: 0
INFO  :    WRONG_MAP: 0
INFO  :    WRONG_REDUCE: 0
INFO  : Shuffle Errors_Reducer_5_INPUT_Reducer_4:
INFO  :    BAD_ID: 0
INFO  :    CONNECTION: 0
INFO  :    IO_ERROR: 0
INFO  :    WRONG_LENGTH: 0
INFO  :    WRONG_MAP: 0
INFO  :    WRONG_REDUCE: 0
INFO  : TaskCounter_Map_10_INPUT_customer_address:
INFO  :    INPUT_RECORDS_PROCESSED: 32664
INFO  :    INPUT_SPLIT_LENGTH_BYTES: 663732678
INFO  : TaskCounter_Map_10_OUTPUT_Reducer_3:
INFO  :    ADDITIONAL_SPILLS_BYTES_READ: 0
INFO  :    ADDITIONAL_SPILLS_BYTES_WRITTEN: 0
INFO  :    ADDITIONAL_SPILL_COUNT: 0
INFO  :    OUTPUT_BYTES: 65624742
INFO  :    OUTPUT_BYTES_PHYSICAL: 45518279
INFO  :    OUTPUT_BYTES_WITH_OVERHEAD: 174999165
INFO  :    OUTPUT_LARGE_RECORDS: 0
INFO  :    OUTPUT_RECORDS: 7291638
INFO  :    SPILLED_RECORDS: 0
INFO  : TaskCounter_Map_11_INPUT_date_dim:
INFO  :    INPUT_RECORDS_PROCESSED: 10
INFO  :    INPUT_SPLIT_LENGTH_BYTES: 759177
INFO  : TaskCounter_Map_11_OUTPUT_Reducer_3:
INFO  :    ADDITIONAL_SPILLS_BYTES_READ: 0
INFO  :    ADDITIONAL_SPILLS_BYTES_WRITTEN: 0
INFO  :    ADDITIONAL_SPILL_COUNT: 0
INFO  :    OUTPUT_BYTES: 1825
INFO  :    OUTPUT_BYTES_PHYSICAL: 1503
INFO  :    OUTPUT_BYTES_WITH_OVERHEAD: 2561
INFO  :    OUTPUT_LARGE_RECORDS: 0
INFO  :    OUTPUT_RECORDS: 365
INFO  :    SPILLED_RECORDS: 0
INFO  : TaskCounter_Map_12_INPUT_reason:
INFO  :    INPUT_RECORDS_PROCESSED: 1
INFO  :    INPUT_SPLIT_LENGTH_BYTES: 1216
INFO  : TaskCounter_Map_12_OUTPUT_Reducer_3:
INFO  :    ADDITIONAL_SPILLS_BYTES_READ: 0
INFO  :    ADDITIONAL_SPILLS_BYTES_WRITTEN: 0
INFO  :    ADDITIONAL_SPILL_COUNT: 0
INFO  :    OUTPUT_BYTES: 1383
INFO  :    OUTPUT_BYTES_PHYSICAL: 887
INFO  :    OUTPUT_BYTES_WITH_OVERHEAD: 1529
INFO  :    OUTPUT_LARGE_RECORDS: 0
INFO  :    OUTPUT_RECORDS: 70
INFO  :    SPILLED_RECORDS: 0
INFO  : TaskCounter_Map_1_INPUT_web_sales:
INFO  :    INPUT_RECORDS_PROCESSED: 1424036
INFO  :    INPUT_SPLIT_LENGTH_BYTES: 118689493499
INFO  : TaskCounter_Map_1_OUTPUT_Reducer_2:
INFO  :    ADDITIONAL_SPILLS_BYTES_READ: 0
INFO  :    ADDITIONAL_SPILLS_BYTES_WRITTEN: 0
INFO  :    ADDITIONAL_SPILL_COUNT: 0
INFO  :    OUTPUT_BYTES: 1411901160
INFO  :    OUTPUT_BYTES_PHYSICAL: 1205923349
INFO  :    OUTPUT_BYTES_WITH_OVERHEAD: 2023939666
INFO  :    OUTPUT_LARGE_RECORDS: 0
INFO  :    OUTPUT_RECORDS: 50598492
INFO  :    SPILLED_RECORDS: 0
INFO  : TaskCounter_Map_6_INPUT_web_returns:
INFO  :    INPUT_RECORDS_PROCESSED: 720905
INFO  :    INPUT_SPLIT_LENGTH_BYTES: 52889185186
INFO  : TaskCounter_Map_6_OUTPUT_Reducer_2:
INFO  :    ADDITIONAL_SPILLS_BYTES_READ: 16071139628
INFO  :    ADDITIONAL_SPILLS_BYTES_WRITTEN: 16071139628
INFO  :    ADDITIONAL_SPILL_COUNT: 97
INFO  :    OUTPUT_BYTES: 21352451011
INFO  :    OUTPUT_BYTES_PHYSICAL: 20765389443
INFO  :    OUTPUT_BYTES_WITH_OVERHEAD: 30222306407
INFO  :    OUTPUT_LARGE_RECORDS: 0
INFO  :    OUTPUT_RECORDS: 659272076
INFO  :    SPILLED_RECORDS: 510186710
INFO  : TaskCounter_Map_7_INPUT_web_page:
INFO  :    INPUT_RECORDS_PROCESSED: 4
INFO  :    INPUT_SPLIT_LENGTH_BYTES: 61130
INFO  : TaskCounter_Map_7_OUTPUT_Reducer_2:
INFO  :    ADDITIONAL_SPILLS_BYTES_READ: 0
INFO  :    ADDITIONAL_SPILLS_BYTES_WRITTEN: 0
INFO  :    ADDITIONAL_SPILL_COUNT: 0
INFO  :    OUTPUT_BYTES: 20010
INFO  :    OUTPUT_BYTES_PHYSICAL: 15977
INFO  :    OUTPUT_BYTES_WITH_OVERHEAD: 28020
INFO  :    OUTPUT_LARGE_RECORDS: 0
INFO  :    OUTPUT_RECORDS: 4002
INFO  :    SPILLED_RECORDS: 0
INFO  : TaskCounter_Map_8_INPUT_cd1:
INFO  :    INPUT_RECORDS_PROCESSED: 1923
INFO  :    INPUT_SPLIT_LENGTH_BYTES: 541712
INFO  : TaskCounter_Map_8_OUTPUT_Reducer_2:
INFO  :    ADDITIONAL_SPILLS_BYTES_READ: 0
INFO  :    ADDITIONAL_SPILLS_BYTES_WRITTEN: 0
INFO  :    ADDITIONAL_SPILL_COUNT: 0
INFO  :    OUTPUT_BYTES: 9878400
INFO  :    OUTPUT_BYTES_PHYSICAL: 3108562
INFO  :    OUTPUT_BYTES_WITH_OVERHEAD: 10866276
INFO  :    OUTPUT_LARGE_RECORDS: 0
INFO  :    OUTPUT_RECORDS: 493920
INFO  :    SPILLED_RECORDS: 0
INFO  : TaskCounter_Map_9_INPUT_cd1:
INFO  :    INPUT_RECORDS_PROCESSED: 1923
INFO  :    INPUT_SPLIT_LENGTH_BYTES: 541712
INFO  : TaskCounter_Map_9_OUTPUT_Reducer_2:
INFO  :    ADDITIONAL_SPILLS_BYTES_READ: 0
INFO  :    ADDITIONAL_SPILLS_BYTES_WRITTEN: 0
INFO  :    ADDITIONAL_SPILL_COUNT: 0
INFO  :    OUTPUT_BYTES: 10372320
INFO  :    OUTPUT_BYTES_PHYSICAL: 2995102
INFO  :    OUTPUT_BYTES_WITH_OVERHEAD: 11360196
INFO  :    OUTPUT_LARGE_RECORDS: 0
INFO  :    OUTPUT_RECORDS: 493920
INFO  :    SPILLED_RECORDS: 0
INFO  : TaskCounter_Reducer_2_INPUT_Map_1:
INFO  :    FIRST_EVENT_RECEIVED: 35341
INFO  :    INPUT_RECORDS_PROCESSED: 50598492
INFO  :    LAST_EVENT_RECEIVED: 118074
INFO  :    NUM_FAILED_SHUFFLE_INPUTS: 0
INFO  :    NUM_SHUFFLED_INPUTS: 120071
INFO  :    SHUFFLE_BYTES: 1203041645
INFO  :    SHUFFLE_BYTES_DECOMPRESSED: 1513818570
INFO  :    SHUFFLE_BYTES_DISK_DIRECT: 133602676
INFO  :    SHUFFLE_BYTES_TO_DISK: 0
INFO  :    SHUFFLE_BYTES_TO_MEM: 1069438969
INFO  :    SHUFFLE_PHASE_TIME: 4386722
INFO  : TaskCounter_Reducer_2_INPUT_Map_6:
INFO  :    FIRST_EVENT_RECEIVED: 32247
INFO  :    INPUT_RECORDS_PROCESSED: 659272076
INFO  :    LAST_EVENT_RECEIVED: 1278088
INFO  :    NUM_FAILED_SHUFFLE_INPUTS: 0
INFO  :    NUM_SHUFFLED_INPUTS: 110990
INFO  :    SHUFFLE_BYTES: 20762725683
INFO  :    SHUFFLE_BYTES_DECOMPRESSED: 22671661103
INFO  :    SHUFFLE_BYTES_DISK_DIRECT: 2306874541
INFO  :    SHUFFLE_BYTES_TO_DISK: 0
INFO  :    SHUFFLE_BYTES_TO_MEM: 18455851142
INFO  :    SHUFFLE_PHASE_TIME: 5452739
INFO  : TaskCounter_Reducer_2_INPUT_Map_7:
INFO  :    FIRST_EVENT_RECEIVED: 17
INFO  :    INPUT_RECORDS_PROCESSED: 36018
INFO  :    LAST_EVENT_RECEIVED: 17
INFO  :    NUM_FAILED_SHUFFLE_INPUTS: 0
INFO  :    NUM_SHUFFLED_INPUTS: 9
INFO  :    SHUFFLE_BYTES: 143577
INFO  :    SHUFFLE_BYTES_DECOMPRESSED: 252180
INFO  :    SHUFFLE_BYTES_DISK_DIRECT: 15953
INFO  :    SHUFFLE_BYTES_TO_DISK: 0
INFO  :    SHUFFLE_BYTES_TO_MEM: 127624
INFO  :    SHUFFLE_PHASE_TIME: 72
INFO  : TaskCounter_Reducer_2_INPUT_Map_8:
INFO  :    FIRST_EVENT_RECEIVED: 26
INFO  :    INPUT_RECORDS_PROCESSED: 4445280
INFO  :    LAST_EVENT_RECEIVED: 40
INFO  :    NUM_FAILED_SHUFFLE_INPUTS: 0
INFO  :    NUM_SHUFFLED_INPUTS: 54
INFO  :    SHUFFLE_BYTES: 27975762
INFO  :    SHUFFLE_BYTES_DECOMPRESSED: 97796484
INFO  :    SHUFFLE_BYTES_DISK_DIRECT: 3108418
INFO  :    SHUFFLE_BYTES_TO_DISK: 0
INFO  :    SHUFFLE_BYTES_TO_MEM: 24867344
INFO  :    SHUFFLE_PHASE_TIME: 2530
INFO  : TaskCounter_Reducer_2_INPUT_Map_9:
INFO  :    FIRST_EVENT_RECEIVED: 7
INFO  :    INPUT_RECORDS_PROCESSED: 4445280
INFO  :    LAST_EVENT_RECEIVED: 7
INFO  :    NUM_FAILED_SHUFFLE_INPUTS: 0
INFO  :    NUM_SHUFFLED_INPUTS: 54
INFO  :    SHUFFLE_BYTES: 26954622
INFO  :    SHUFFLE_BYTES_DECOMPRESSED: 102241764
INFO  :    SHUFFLE_BYTES_DISK_DIRECT: 2994958
INFO  :    SHUFFLE_BYTES_TO_DISK: 0
INFO  :    SHUFFLE_BYTES_TO_MEM: 23959664
INFO  :    SHUFFLE_PHASE_TIME: 3680
INFO  : TaskCounter_Reducer_2_OUTPUT_Reducer_3:
INFO  :    ADDITIONAL_SPILLS_BYTES_READ: 0
INFO  :    ADDITIONAL_SPILLS_BYTES_WRITTEN: 0
INFO  :    ADDITIONAL_SPILL_COUNT: 0
INFO  :    OUTPUT_BYTES: 3295861
INFO  :    OUTPUT_BYTES_PHYSICAL: 23354385
INFO  :    OUTPUT_BYTES_WITH_OVERHEAD: 5272249
INFO  :    OUTPUT_LARGE_RECORDS: 0
INFO  :    OUTPUT_RECORDS: 131962
INFO  :    SPILLED_RECORDS: 0
INFO  : TaskCounter_Reducer_3_INPUT_Map_10:
INFO  :    FIRST_EVENT_RECEIVED: 37937
INFO  :    INPUT_RECORDS_PROCESSED: 7291638
INFO  :    LAST_EVENT_RECEIVED: 67111
INFO  :    NUM_FAILED_SHUFFLE_INPUTS: 0
INFO  :    NUM_SHUFFLED_INPUTS: 35182
INFO  :    SHUFFLE_BYTES: 44673911
INFO  :    SHUFFLE_BYTES_DECOMPRESSED: 80419110
INFO  :    SHUFFLE_BYTES_DISK_DIRECT: 4981618
INFO  :    SHUFFLE_BYTES_TO_DISK: 0
INFO  :    SHUFFLE_BYTES_TO_MEM: 39692293
INFO  :    SHUFFLE_PHASE_TIME: 1955145
INFO  : TaskCounter_Reducer_3_INPUT_Map_11:
INFO  :    FIRST_EVENT_RECEIVED: 402
INFO  :    INPUT_RECORDS_PROCESSED: 3285
INFO  :    LAST_EVENT_RECEIVED: 402
INFO  :    NUM_FAILED_SHUFFLE_INPUTS: 0
INFO  :    NUM_SHUFFLED_INPUTS: 9
INFO  :    SHUFFLE_BYTES: 13311
INFO  :    SHUFFLE_BYTES_DECOMPRESSED: 23049
INFO  :    SHUFFLE_BYTES_DISK_DIRECT: 1479
INFO  :    SHUFFLE_BYTES_TO_DISK: 0
INFO  :    SHUFFLE_BYTES_TO_MEM: 11832
INFO  :    SHUFFLE_PHASE_TIME: 29193
INFO  : TaskCounter_Reducer_3_INPUT_Map_12:
INFO  :    FIRST_EVENT_RECEIVED: 204
INFO  :    INPUT_RECORDS_PROCESSED: 630
INFO  :    LAST_EVENT_RECEIVED: 204
INFO  :    NUM_FAILED_SHUFFLE_INPUTS: 0
INFO  :    NUM_SHUFFLED_INPUTS: 9
INFO  :    SHUFFLE_BYTES: 7767
INFO  :    SHUFFLE_BYTES_DECOMPRESSED: 13761
INFO  :    SHUFFLE_BYTES_DISK_DIRECT: 863
INFO  :    SHUFFLE_BYTES_TO_DISK: 0
INFO  :    SHUFFLE_BYTES_TO_MEM: 6904
INFO  :    SHUFFLE_PHASE_TIME: 241
INFO  : TaskCounter_Reducer_3_INPUT_Reducer_2:
INFO  :    FIRST_EVENT_RECEIVED: 19591
INFO  :    INPUT_RECORDS_PROCESSED: 131962
INFO  :    LAST_EVENT_RECEIVED: 5208350
INFO  :    NUM_FAILED_SHUFFLE_INPUTS: 0
INFO  :    NUM_SHUFFLED_INPUTS: 120637
INFO  :    SHUFFLE_BYTES: 5967297
INFO  :    SHUFFLE_BYTES_DECOMPRESSED: 4283607
INFO  :    SHUFFLE_BYTES_DISK_DIRECT: 664627
INFO  :    SHUFFLE_BYTES_TO_DISK: 0
INFO  :    SHUFFLE_BYTES_TO_MEM: 5302670
INFO  :    SHUFFLE_PHASE_TIME: 5803364
INFO  : TaskCounter_Reducer_3_OUTPUT_Reducer_4:
INFO  :    ADDITIONAL_SPILLS_BYTES_READ: 0
INFO  :    ADDITIONAL_SPILLS_BYTES_WRITTEN: 0
INFO  :    ADDITIONAL_SPILL_COUNT: 0
INFO  :    OUTPUT_BYTES: 840764
INFO  :    OUTPUT_BYTES_PHYSICAL: 7500792
INFO  :    OUTPUT_BYTES_WITH_OVERHEAD: 2902782
INFO  :    OUTPUT_RECORDS: 14321
INFO  :    SHUFFLE_CHUNK_COUNT: 718
INFO  :    SPILLED_RECORDS: 14321
INFO  : TaskCounter_Reducer_4_INPUT_Reducer_3:
INFO  :    ADDITIONAL_SPILLS_BYTES_READ: 341872
INFO  :    ADDITIONAL_SPILLS_BYTES_WRITTEN: 219192
INFO  :    COMBINE_INPUT_RECORDS: 0
INFO  :    FIRST_EVENT_RECEIVED: 11042
INFO  :    LAST_EVENT_RECEIVED: 120939
INFO  :    MERGED_MAP_OUTPUTS: 14148
INFO  :    MERGE_PHASE_TIME: 121362
INFO  :    NUM_DISK_TO_DISK_MERGES: 0
INFO  :    NUM_FAILED_SHUFFLE_INPUTS: 0
INFO  :    NUM_MEM_TO_DISK_MERGES: 0
INFO  :    NUM_SHUFFLED_INPUTS: 14148
INFO  :    NUM_SKIPPED_INPUTS: 324748
INFO  :    REDUCE_INPUT_GROUPS: 69
INFO  :    REDUCE_INPUT_RECORDS: 14321
INFO  :    SHUFFLE_BYTES: 1005832
INFO  :    SHUFFLE_BYTES_DECOMPRESSED: 954294
INFO  :    SHUFFLE_BYTES_DISK_DIRECT: 106740
INFO  :    SHUFFLE_BYTES_TO_DISK: 0
INFO  :    SHUFFLE_BYTES_TO_MEM: 899092
INFO  :    SHUFFLE_PHASE_TIME: 121001
INFO  :    SPILLED_RECORDS: 14337
INFO  : TaskCounter_Reducer_4_OUTPUT_Reducer_5:
INFO  :    ADDITIONAL_SPILLS_BYTES_READ: 0
INFO  :    ADDITIONAL_SPILLS_BYTES_WRITTEN: 0
INFO  :    ADDITIONAL_SPILL_COUNT: 0
INFO  :    OUTPUT_BYTES: 2867
INFO  :    OUTPUT_BYTES_PHYSICAL: 4104
INFO  :    OUTPUT_BYTES_WITH_OVERHEAD: 3359
INFO  :    OUTPUT_RECORDS: 69
INFO  :    SHUFFLE_CHUNK_COUNT: 59
INFO  :    SPILLED_RECORDS: 69
INFO  : TaskCounter_Reducer_5_INPUT_Reducer_4:
INFO  :    ADDITIONAL_SPILLS_BYTES_READ: 2577
INFO  :    ADDITIONAL_SPILLS_BYTES_WRITTEN: 2136
INFO  :    COMBINE_INPUT_RECORDS: 0
INFO  :    FIRST_EVENT_RECEIVED: 2
INFO  :    LAST_EVENT_RECEIVED: 99
INFO  :    MERGED_MAP_OUTPUTS: 40
INFO  :    MERGE_PHASE_TIME: 106
INFO  :    NUM_DISK_TO_DISK_MERGES: 0
INFO  :    NUM_FAILED_SHUFFLE_INPUTS: 0
INFO  :    NUM_MEM_TO_DISK_MERGES: 0
INFO  :    NUM_SHUFFLED_INPUTS: 40
INFO  :    NUM_SKIPPED_INPUTS: 19
INFO  :    REDUCE_INPUT_GROUPS: 69
INFO  :    REDUCE_INPUT_RECORDS: 69
INFO  :    SHUFFLE_BYTES: 3724
INFO  :    SHUFFLE_BYTES_DECOMPRESSED: 3245
INFO  :    SHUFFLE_BYTES_DISK_DIRECT: 441
INFO  :    SHUFFLE_BYTES_TO_DISK: 0
INFO  :    SHUFFLE_BYTES_TO_MEM: 3283
INFO  :    SHUFFLE_PHASE_TIME: 104
INFO  :    SPILLED_RECORDS: 69
INFO  : TaskCounter_Reducer_5_OUTPUT_out_Reducer_5:
INFO  :    OUTPUT_RECORDS: 0
INFO  : org.apache.hadoop.hive.llap.counters.LlapIOCounters:
INFO  :    CACHE_HIT_BYTES: 40045824444
INFO  :    CACHE_MISS_BYTES: 0
INFO  :    CONSUMER_TIME_NS: 746852990007
INFO  :    DECODE_TIME_NS: 530069229697
INFO  :    HDFS_TIME_NS: 32552389
INFO  :    METADATA_CACHE_HIT: 7746
INFO  :    NUM_DECODED_BATCHES: 219634
INFO  :    NUM_VECTOR_BATCHES: 2181467
INFO  :    ROWS_EMITTED: 2180268132
INFO  :    SELECTED_ROWGROUPS: 219634
INFO  :    TOTAL_IO_TIME_NS: 537791299533
INFO  : Completed executing command(queryId=hive_20161019162448_588a03f7-900f-4d27-ab97-deba8009f219); Time taken: 50.282 seconds
INFO  : OK
69 rows selected (51.535 seconds)
Closing: 0: jdbc:hive2://h01hn02:10500/tpcds_bin_partitioned_orc_10000
