Connecting to jdbc:hive2://h01hn02:10500/tpcds_bin_partitioned_orc_10000
Connected to: Apache Hive (version 2.1.0.2.5.1.0-43)
Driver: Hive JDBC (version 1.2.1000.2.5.1.0-43)
Transaction isolation: TRANSACTION_REPEATABLE_READ
Running init script bry.sql
No rows affected (0.037 seconds)
INFO  : Compiling command(queryId=hive_20161020163240_01c31ccd-eab4-41c3-8589-e60af9e12eee): select  dt.d_year
 	,item.i_category_id
 	,item.i_category
 	,sum(ss_ext_sales_price) as s
 from 	date_dim dt
 	,store_sales
 	,item
 where dt.d_date_sk = store_sales.ss_sold_date_sk
 	and store_sales.ss_item_sk = item.i_item_sk
 	and item.i_manager_id = 1  	
 	and dt.d_moy=12
 	and dt.d_year=1998
 group by 	dt.d_year
 		,item.i_category_id
 		,item.i_category
 order by       s desc,dt.d_year
 		,item.i_category_id
 		,item.i_category
limit 100
INFO  : Semantic Analysis Completed
INFO  : Returning Hive schema: Schema(fieldSchemas:[FieldSchema(name:dt.d_year, type:int, comment:null), FieldSchema(name:item.i_category_id, type:int, comment:null), FieldSchema(name:item.i_category, type:string, comment:null), FieldSchema(name:s, type:double, comment:null)], properties:null)
INFO  : Completed compiling command(queryId=hive_20161020163240_01c31ccd-eab4-41c3-8589-e60af9e12eee); Time taken: 0.507 seconds
INFO  : Concurrency mode is disabled, not creating a lock manager
INFO  : Executing command(queryId=hive_20161020163240_01c31ccd-eab4-41c3-8589-e60af9e12eee): select  dt.d_year
 	,item.i_category_id
 	,item.i_category
 	,sum(ss_ext_sales_price) as s
 from 	date_dim dt
 	,store_sales
 	,item
 where dt.d_date_sk = store_sales.ss_sold_date_sk
 	and store_sales.ss_item_sk = item.i_item_sk
 	and item.i_manager_id = 1  	
 	and dt.d_moy=12
 	and dt.d_year=1998
 group by 	dt.d_year
 		,item.i_category_id
 		,item.i_category
 order by       s desc,dt.d_year
 		,item.i_category_id
 		,item.i_category
limit 100
INFO  : Query ID = hive_20161020163240_01c31ccd-eab4-41c3-8589-e60af9e12eee
INFO  : Total jobs = 1
INFO  : Launching Job 1 out of 1
INFO  : Starting task [Stage-1:MAPRED] in serial mode
INFO  : Session is already open
INFO  : Dag name: select  dt.d_year
 	,item.i_category_i...100(Stage-1)
INFO  : Setting tez.task.scale.memory.reserve-fraction to 0.30000001192092896
INFO  : 

INFO  : Status: Running (Executing on YARN cluster with App id application_1476988466894_0250)

INFO  : Map 1: 1/1	Map 2: 0/230	Map 5: 7/7	Reducer 3: 0/1009	Reducer 4: 0/1	
INFO  : Map 1: 1/1	Map 2: 0(+230)/230	Map 5: 7/7	Reducer 3: 0/1009	Reducer 4: 0/1	
INFO  : Map 1: 1/1	Map 2: 4(+226)/230	Map 5: 7/7	Reducer 3: 0/1009	Reducer 4: 0/1	
INFO  : Map 1: 1/1	Map 2: 74(+156)/230	Map 5: 7/7	Reducer 3: 0/1009	Reducer 4: 0/1	
INFO  : Map 1: 1/1	Map 2: 189(+41)/230	Map 5: 7/7	Reducer 3: 0(+17)/253	Reducer 4: 0/1	
INFO  : Map 1: 1/1	Map 2: 220(+10)/230	Map 5: 7/7	Reducer 3: 0(+253)/253	Reducer 4: 0/1	
INFO  : Map 1: 1/1	Map 2: 230/230	Map 5: 7/7	Reducer 3: 107(+146)/253	Reducer 4: 0(+1)/1	
INFO  : Map 1: 1/1	Map 2: 230/230	Map 5: 7/7	Reducer 3: 253/253	Reducer 4: 1/1	
INFO  : Status: DAG finished successfully in 1.48 seconds
INFO  : 
INFO  : Query Execution Summary
INFO  : ----------------------------------------------------------------------------------------------
INFO  : ----------------------------------------------------------------------------------------------
INFO  : Compile Query                           0.51s
INFO  : Prepare Plan                            0.23s
INFO  : Submit Plan                             0.13s
INFO  : Start DAG                               0.20s
INFO  : Run DAG                                 1.48s
INFO  : ----------------------------------------------------------------------------------------------
INFO  : 
INFO  : Task Execution Summary
INFO  : --------------------------------------------------------------------------------------------------------------------------------
INFO  : --------------------------------------------------------------------------------------------------------------------------------
INFO  :      Map 1            1                0             0           0.00             0            0         10,000              31
INFO  :      Map 2          230                0             0        1084.00             0            0    931,881,389           2,982
INFO  :      Map 5            7                0             0           0.00             0            0        402,000           7,196
INFO  :  Reducer 3          253                0             0         672.00             0            0          2,982              13
INFO  :  Reducer 4            1                0             0         191.00             0            0             13               0
INFO  : --------------------------------------------------------------------------------------------------------------------------------
INFO  : 
INFO  : LLAP IO Summary
INFO  : ----------------------------------------------------------------------------------------------
INFO  : ----------------------------------------------------------------------------------------------
INFO  :      Map 1         1         2          0    1.91KB         0B          0B       0B     0.00s
INFO  :      Map 2     93500      1259          0    6.34GB         0B          0B       0B    82.15s
INFO  :      Map 5        42        14          0  967.94KB         0B          0B       0B     0.05s
INFO  : ----------------------------------------------------------------------------------------------
INFO  : 
INFO  : FileSystem Counters Summary
INFO  : 
INFO  : ----------------------------------------------------------------------------------------------
INFO  : ----------------------------------------------------------------------------------------------
INFO  :      Map 1              0B             0                  0               184B             0
INFO  :      Map 2         11.14MB             0                  0            10.28MB             0
INFO  :      Map 5              0B             0                  0            48.62KB             0
INFO  :  Reducer 3         16.19KB             0                  0            13.46KB             0
INFO  :  Reducer 4              0B             0                  0                 0B             0
INFO  : ----------------------------------------------------------------------------------------------
INFO  : 
INFO  : ----------------------------------------------------------------------------------------------
INFO  : ----------------------------------------------------------------------------------------------
INFO  :      Map 1              0B             0                  0                 0B             0
INFO  :      Map 2              0B             0                  0                 0B             0
INFO  :      Map 5              0B             0                  0                 0B             0
INFO  :  Reducer 3              0B             0                  0                 0B             0
INFO  :  Reducer 4              0B             2                  0               670B             2
INFO  : ----------------------------------------------------------------------------------------------
INFO  : 
INFO  : org.apache.tez.common.counters.DAGCounter:
INFO  :    NUM_SUCCEEDED_TASKS: 492
INFO  :    TOTAL_LAUNCHED_TASKS: 492
INFO  :    DATA_LOCAL_TASKS: 238
INFO  :    AM_CPU_MILLISECONDS: 3160
INFO  :    AM_GC_TIME_MILLIS: 26
INFO  : File System Counters:
INFO  :    FILE_BYTES_READ: 11159232
INFO  :    FILE_BYTES_WRITTEN: 10344497
INFO  :    FILE_READ_OPS: 0
INFO  :    FILE_LARGE_READ_OPS: 0
INFO  :    FILE_WRITE_OPS: 0
INFO  :    HDFS_BYTES_READ: 0
INFO  :    HDFS_BYTES_WRITTEN: 670
INFO  :    HDFS_READ_OPS: 2
INFO  :    HDFS_LARGE_READ_OPS: 0
INFO  :    HDFS_WRITE_OPS: 2
INFO  : org.apache.tez.common.counters.TaskCounter:
INFO  :    REDUCE_INPUT_GROUPS: 26
INFO  :    REDUCE_INPUT_RECORDS: 2995
INFO  :    COMBINE_INPUT_RECORDS: 0
INFO  :    SPILLED_RECORDS: 5990
INFO  :    NUM_SHUFFLED_INPUTS: 3067
INFO  :    NUM_SKIPPED_INPUTS: 229328
INFO  :    NUM_FAILED_SHUFFLE_INPUTS: 0
INFO  :    MERGED_MAP_OUTPUTS: 2995
INFO  :    INPUT_RECORDS_PROCESSED: 997344
INFO  :    INPUT_SPLIT_LENGTH_BYTES: 52089565114
INFO  :    OUTPUT_RECORDS: 10222
INFO  :    OUTPUT_LARGE_RECORDS: 0
INFO  :    OUTPUT_BYTES: 163930
INFO  :    OUTPUT_BYTES_WITH_OVERHEAD: 1578360
INFO  :    OUTPUT_BYTES_PHYSICAL: 4764817
INFO  :    ADDITIONAL_SPILLS_BYTES_WRITTEN: 23707
INFO  :    ADDITIONAL_SPILLS_BYTES_READ: 38698
INFO  :    ADDITIONAL_SPILL_COUNT: 0
INFO  :    SHUFFLE_CHUNK_COUNT: 483
INFO  :    SHUFFLE_BYTES: 566409
INFO  :    SHUFFLE_BYTES_DECOMPRESSED: 1120792
INFO  :    SHUFFLE_BYTES_TO_MEM: 502875
INFO  :    SHUFFLE_BYTES_TO_DISK: 0
INFO  :    SHUFFLE_BYTES_DISK_DIRECT: 63534
INFO  :    NUM_MEM_TO_DISK_MERGES: 0
INFO  :    NUM_DISK_TO_DISK_MERGES: 0
INFO  :    SHUFFLE_PHASE_TIME: 86761
INFO  :    MERGE_PHASE_TIME: 86562
INFO  :    FIRST_EVENT_RECEIVED: 4187
INFO  :    LAST_EVENT_RECEIVED: 85413
INFO  : HIVE:
INFO  :    CREATED_FILES: 1
INFO  :    DESERIALIZE_ERRORS: 0
INFO  :    RECORDS_IN_Map_1: 10000
INFO  :    RECORDS_IN_Map_2: 931874162
INFO  :    RECORDS_IN_Map_5: 402000
INFO  :    RECORDS_OUT_0: 13
INFO  :    RECORDS_OUT_INTERMEDIATE_Map_1: 31
INFO  :    RECORDS_OUT_INTERMEDIATE_Map_2: 2982
INFO  :    RECORDS_OUT_INTERMEDIATE_Map_5: 7196
INFO  :    RECORDS_OUT_INTERMEDIATE_Reducer_3: 13
INFO  : Shuffle Errors:
INFO  :    BAD_ID: 0
INFO  :    CONNECTION: 0
INFO  :    IO_ERROR: 0
INFO  :    WRONG_LENGTH: 0
INFO  :    WRONG_MAP: 0
INFO  :    WRONG_REDUCE: 0
INFO  : Shuffle Errors_Reducer_3_INPUT_Map_2:
INFO  :    BAD_ID: 0
INFO  :    CONNECTION: 0
INFO  :    IO_ERROR: 0
INFO  :    WRONG_LENGTH: 0
INFO  :    WRONG_MAP: 0
INFO  :    WRONG_REDUCE: 0
INFO  : Shuffle Errors_Reducer_4_INPUT_Reducer_3:
INFO  :    BAD_ID: 0
INFO  :    CONNECTION: 0
INFO  :    IO_ERROR: 0
INFO  :    WRONG_LENGTH: 0
INFO  :    WRONG_MAP: 0
INFO  :    WRONG_REDUCE: 0
INFO  : TaskCounter_Map_1_INPUT_dt:
INFO  :    INPUT_RECORDS_PROCESSED: 10
INFO  :    INPUT_SPLIT_LENGTH_BYTES: 759177
INFO  : TaskCounter_Map_1_OUTPUT_Map_2:
INFO  :    ADDITIONAL_SPILLS_BYTES_READ: 0
INFO  :    ADDITIONAL_SPILLS_BYTES_WRITTEN: 0
INFO  :    ADDITIONAL_SPILL_COUNT: 0
INFO  :    OUTPUT_BYTES: 155
INFO  :    OUTPUT_BYTES_PHYSICAL: 176
INFO  :    OUTPUT_BYTES_WITH_OVERHEAD: 223
INFO  :    OUTPUT_LARGE_RECORDS: 0
INFO  :    OUTPUT_RECORDS: 31
INFO  :    SPILLED_RECORDS: 0
INFO  : TaskCounter_Map_2_INPUT_Map_1:
INFO  :    FIRST_EVENT_RECEIVED: 9
INFO  :    INPUT_RECORDS_PROCESSED: 279
INFO  :    LAST_EVENT_RECEIVED: 9
INFO  :    NUM_FAILED_SHUFFLE_INPUTS: 0
INFO  :    NUM_SHUFFLED_INPUTS: 9
INFO  :    SHUFFLE_BYTES: 1368
INFO  :    SHUFFLE_BYTES_DECOMPRESSED: 2007
INFO  :    SHUFFLE_BYTES_DISK_DIRECT: 152
INFO  :    SHUFFLE_BYTES_TO_DISK: 0
INFO  :    SHUFFLE_BYTES_TO_MEM: 1216
INFO  :    SHUFFLE_PHASE_TIME: 335
INFO  : TaskCounter_Map_2_INPUT_Map_5:
INFO  :    FIRST_EVENT_RECEIVED: 9
INFO  :    INPUT_RECORDS_PROCESSED: 64764
INFO  :    LAST_EVENT_RECEIVED: 33
INFO  :    NUM_FAILED_SHUFFLE_INPUTS: 0
INFO  :    NUM_SHUFFLED_INPUTS: 63
INFO  :    SHUFFLE_BYTES: 435519
INFO  :    SHUFFLE_BYTES_DECOMPRESSED: 1031193
INFO  :    SHUFFLE_BYTES_DISK_DIRECT: 48391
INFO  :    SHUFFLE_BYTES_TO_DISK: 0
INFO  :    SHUFFLE_BYTES_TO_MEM: 387128
INFO  :    SHUFFLE_PHASE_TIME: 835
INFO  : TaskCounter_Map_2_INPUT_store_sales:
INFO  :    INPUT_RECORDS_PROCESSED: 931886
INFO  :    INPUT_SPLIT_LENGTH_BYTES: 52050713599
INFO  : TaskCounter_Map_2_OUTPUT_Reducer_3:
INFO  :    ADDITIONAL_SPILLS_BYTES_READ: 0
INFO  :    ADDITIONAL_SPILLS_BYTES_WRITTEN: 0
INFO  :    ADDITIONAL_SPILL_COUNT: 0
INFO  :    OUTPUT_BYTES: 63356
INFO  :    OUTPUT_BYTES_PHYSICAL: 4710720
INFO  :    OUTPUT_BYTES_WITH_OVERHEAD: 1461740
INFO  :    OUTPUT_RECORDS: 2982
INFO  :    SHUFFLE_CHUNK_COUNT: 230
INFO  :    SPILLED_RECORDS: 2982
INFO  : TaskCounter_Map_5_INPUT_item:
INFO  :    INPUT_RECORDS_PROCESSED: 405
INFO  :    INPUT_SPLIT_LENGTH_BYTES: 38092338
INFO  : TaskCounter_Map_5_OUTPUT_Map_2:
INFO  :    ADDITIONAL_SPILLS_BYTES_READ: 0
INFO  :    ADDITIONAL_SPILLS_BYTES_WRITTEN: 0
INFO  :    ADDITIONAL_SPILL_COUNT: 0
INFO  :    OUTPUT_BYTES: 100143
INFO  :    OUTPUT_BYTES_PHYSICAL: 48559
INFO  :    OUTPUT_BYTES_WITH_OVERHEAD: 114577
INFO  :    OUTPUT_LARGE_RECORDS: 0
INFO  :    OUTPUT_RECORDS: 7196
INFO  :    SPILLED_RECORDS: 0
INFO  : TaskCounter_Reducer_3_INPUT_Map_2:
INFO  :    ADDITIONAL_SPILLS_BYTES_READ: 38383
INFO  :    ADDITIONAL_SPILLS_BYTES_WRITTEN: 23442
INFO  :    COMBINE_INPUT_RECORDS: 0
INFO  :    FIRST_EVENT_RECEIVED: 4164
INFO  :    LAST_EVENT_RECEIVED: 85170
INFO  :    MERGED_MAP_OUTPUTS: 2982
INFO  :    MERGE_PHASE_TIME: 86357
INFO  :    NUM_DISK_TO_DISK_MERGES: 0
INFO  :    NUM_FAILED_SHUFFLE_INPUTS: 0
INFO  :    NUM_MEM_TO_DISK_MERGES: 0
INFO  :    NUM_SHUFFLED_INPUTS: 2982
INFO  :    NUM_SKIPPED_INPUTS: 229088
INFO  :    REDUCE_INPUT_GROUPS: 13
INFO  :    REDUCE_INPUT_RECORDS: 2982
INFO  :    SHUFFLE_BYTES: 128960
INFO  :    SHUFFLE_BYTES_DECOMPRESSED: 87212
INFO  :    SHUFFLE_BYTES_DISK_DIRECT: 14941
INFO  :    SHUFFLE_BYTES_TO_DISK: 0
INFO  :    SHUFFLE_BYTES_TO_MEM: 114019
INFO  :    SHUFFLE_PHASE_TIME: 85388
INFO  :    SPILLED_RECORDS: 2982
INFO  : TaskCounter_Reducer_3_OUTPUT_Reducer_4:
INFO  :    ADDITIONAL_SPILLS_BYTES_READ: 0
INFO  :    ADDITIONAL_SPILLS_BYTES_WRITTEN: 0
INFO  :    ADDITIONAL_SPILL_COUNT: 0
INFO  :    OUTPUT_BYTES: 276
INFO  :    OUTPUT_BYTES_PHYSICAL: 5362
INFO  :    OUTPUT_BYTES_WITH_OVERHEAD: 1820
INFO  :    OUTPUT_RECORDS: 13
INFO  :    SHUFFLE_CHUNK_COUNT: 253
INFO  :    SPILLED_RECORDS: 13
INFO  : TaskCounter_Reducer_4_INPUT_Reducer_3:
INFO  :    ADDITIONAL_SPILLS_BYTES_READ: 315
INFO  :    ADDITIONAL_SPILLS_BYTES_WRITTEN: 265
INFO  :    COMBINE_INPUT_RECORDS: 0
INFO  :    FIRST_EVENT_RECEIVED: 5
INFO  :    LAST_EVENT_RECEIVED: 201
INFO  :    MERGED_MAP_OUTPUTS: 13
INFO  :    MERGE_PHASE_TIME: 205
INFO  :    NUM_DISK_TO_DISK_MERGES: 0
INFO  :    NUM_FAILED_SHUFFLE_INPUTS: 0
INFO  :    NUM_MEM_TO_DISK_MERGES: 0
INFO  :    NUM_SHUFFLED_INPUTS: 13
INFO  :    NUM_SKIPPED_INPUTS: 240
INFO  :    REDUCE_INPUT_GROUPS: 13
INFO  :    REDUCE_INPUT_RECORDS: 13
INFO  :    SHUFFLE_BYTES: 562
INFO  :    SHUFFLE_BYTES_DECOMPRESSED: 380
INFO  :    SHUFFLE_BYTES_DISK_DIRECT: 50
INFO  :    SHUFFLE_BYTES_TO_DISK: 0
INFO  :    SHUFFLE_BYTES_TO_MEM: 512
INFO  :    SHUFFLE_PHASE_TIME: 203
INFO  :    SPILLED_RECORDS: 13
INFO  : TaskCounter_Reducer_4_OUTPUT_out_Reducer_4:
INFO  :    OUTPUT_RECORDS: 0
INFO  : org.apache.hadoop.hive.llap.counters.LlapIOCounters:
INFO  :    CACHE_HIT_BYTES: 6336089404
INFO  :    CACHE_MISS_BYTES: 0
INFO  :    CONSUMER_TIME_NS: 57827395679
INFO  :    DECODE_TIME_NS: 80837742686
INFO  :    HDFS_TIME_NS: 6738171
INFO  :    METADATA_CACHE_HIT: 1275
INFO  :    NUM_DECODED_BATCHES: 93543
INFO  :    NUM_VECTOR_BATCHES: 932301
INFO  :    ROWS_EMITTED: 932286162
INFO  :    SELECTED_ROWGROUPS: 93543
INFO  :    TOTAL_IO_TIME_NS: 82201770990
INFO  : Completed executing command(queryId=hive_20161020163240_01c31ccd-eab4-41c3-8589-e60af9e12eee); Time taken: 2.113 seconds
INFO  : OK
13 rows selected (2.666 seconds)
Closing: 0: jdbc:hive2://h01hn02:10500/tpcds_bin_partitioned_orc_10000
