Connecting to jdbc:hive2://h01hn02:10500/tpcds_bin_partitioned_orc_10000
Connected to: Apache Hive (version 2.1.0.2.5.1.0-43)
Driver: Hive JDBC (version 1.2.1000.2.5.1.0-43)
Transaction isolation: TRANSACTION_REPEATABLE_READ
Running init script bry.sql
No rows affected (0.036 seconds)
No rows affected (0.002 seconds)
INFO  : Compiling command(queryId=hive_20161019183812_8e51ca37-ffb1-4e68-bbfe-d0a2868bc0bf): select i_item_desc
      ,i_category 
      ,i_class 
      ,i_current_price
      ,i_item_id
      ,sum(ss_ext_sales_price) as itemrevenue 
      ,sum(ss_ext_sales_price)*100/sum(sum(ss_ext_sales_price)) over
          (partition by i_class) as revenueratio
from	
	store_sales
    	,item 
    	,date_dim
where 
	store_sales.ss_item_sk = item.i_item_sk 
  	and i_category in ('Jewelry', 'Sports', 'Books')
  	and store_sales.ss_sold_date_sk = date_dim.d_date_sk
	and d_date between cast('2001-01-12' as date) 
				and (cast('2001-02-11' as date))
group by 
	i_item_id
        ,i_item_desc 
        ,i_category
        ,i_class
        ,i_current_price
order by 
	i_category
        ,i_class
        ,i_item_id
        ,i_item_desc
        ,revenueratio
INFO  : Semantic Analysis Completed
INFO  : Returning Hive schema: Schema(fieldSchemas:[FieldSchema(name:i_item_desc, type:string, comment:null), FieldSchema(name:i_category, type:string, comment:null), FieldSchema(name:i_class, type:string, comment:null), FieldSchema(name:i_current_price, type:float, comment:null), FieldSchema(name:i_item_id, type:string, comment:null), FieldSchema(name:itemrevenue, type:double, comment:null), FieldSchema(name:revenueratio, type:double, comment:null)], properties:null)
INFO  : Completed compiling command(queryId=hive_20161019183812_8e51ca37-ffb1-4e68-bbfe-d0a2868bc0bf); Time taken: 0.568 seconds
INFO  : Concurrency mode is disabled, not creating a lock manager
INFO  : Executing command(queryId=hive_20161019183812_8e51ca37-ffb1-4e68-bbfe-d0a2868bc0bf): select i_item_desc
      ,i_category 
      ,i_class 
      ,i_current_price
      ,i_item_id
      ,sum(ss_ext_sales_price) as itemrevenue 
      ,sum(ss_ext_sales_price)*100/sum(sum(ss_ext_sales_price)) over
          (partition by i_class) as revenueratio
from	
	store_sales
    	,item 
    	,date_dim
where 
	store_sales.ss_item_sk = item.i_item_sk 
  	and i_category in ('Jewelry', 'Sports', 'Books')
  	and store_sales.ss_sold_date_sk = date_dim.d_date_sk
	and d_date between cast('2001-01-12' as date) 
				and (cast('2001-02-11' as date))
group by 
	i_item_id
        ,i_item_desc 
        ,i_category
        ,i_class
        ,i_current_price
order by 
	i_category
        ,i_class
        ,i_item_id
        ,i_item_desc
        ,revenueratio
INFO  : Query ID = hive_20161019183812_8e51ca37-ffb1-4e68-bbfe-d0a2868bc0bf
INFO  : Total jobs = 1
INFO  : Launching Job 1 out of 1
INFO  : Starting task [Stage-1:MAPRED] in serial mode
INFO  : Session is already open
INFO  : Dag name: select i_item_desc
      ,i_...,revenueratio(Stage-1)
INFO  : Setting tez.task.scale.memory.reserve-fraction to 0.30000001192092896
INFO  : Tez session was closed. Reopening...
INFO  : Session re-established.
INFO  : 

INFO  : Status: Running (Executing on YARN cluster with App id application_1476716628816_0224)

INFO  : Map 1: -/-	Map 5: -/-	Map 6: 0/1	Reducer 2: 0/1009	Reducer 3: 0/1009	Reducer 4: 0/1	
INFO  : Map 1: -/-	Map 5: 0/7	Map 6: 0/1	Reducer 2: 0/1009	Reducer 3: 0/1009	Reducer 4: 0/1	
INFO  : Map 1: -/-	Map 5: 0(+6)/7	Map 6: 0(+1)/1	Reducer 2: 0/1009	Reducer 3: 0/1009	Reducer 4: 0/1	
INFO  : Map 1: -/-	Map 5: 5(+2)/7	Map 6: 1/1	Reducer 2: 0/1009	Reducer 3: 0/1009	Reducer 4: 0/1	
INFO  : Map 1: 0(+1)/72	Map 5: 6(+1)/7	Map 6: 1/1	Reducer 2: 0/1009	Reducer 3: 0/1009	Reducer 4: 0/1	
INFO  : Map 1: 0(+72)/72	Map 5: 7/7	Map 6: 1/1	Reducer 2: 0/1009	Reducer 3: 0/1009	Reducer 4: 0/1	
INFO  : Map 1: 4(+68)/72	Map 5: 7/7	Map 6: 1/1	Reducer 2: 0/1009	Reducer 3: 0/1009	Reducer 4: 0/1	
INFO  : Map 1: 8(+64)/72	Map 5: 7/7	Map 6: 1/1	Reducer 2: 0/1009	Reducer 3: 0/1009	Reducer 4: 0/1	
INFO  : Map 1: 9(+63)/72	Map 5: 7/7	Map 6: 1/1	Reducer 2: 0/1009	Reducer 3: 0/1009	Reducer 4: 0/1	
INFO  : Map 1: 10(+62)/72	Map 5: 7/7	Map 6: 1/1	Reducer 2: 0/1009	Reducer 3: 0/1009	Reducer 4: 0/1	
INFO  : Map 1: 11(+61)/72	Map 5: 7/7	Map 6: 1/1	Reducer 2: 0/1009	Reducer 3: 0/1009	Reducer 4: 0/1	
INFO  : Map 1: 14(+58)/72	Map 5: 7/7	Map 6: 1/1	Reducer 2: 0/1009	Reducer 3: 0/1009	Reducer 4: 0/1	
INFO  : Map 1: 20(+52)/72	Map 5: 7/7	Map 6: 1/1	Reducer 2: 0/253	Reducer 3: 0/1009	Reducer 4: 0/1	
INFO  : Map 1: 62(+10)/72	Map 5: 7/7	Map 6: 1/1	Reducer 2: 0(+109)/253	Reducer 3: 0/1009	Reducer 4: 0/1	
INFO  : Map 1: 65(+7)/72	Map 5: 7/7	Map 6: 1/1	Reducer 2: 0(+253)/253	Reducer 3: 0/1009	Reducer 4: 0/1	
INFO  : Map 1: 67(+5)/72	Map 5: 7/7	Map 6: 1/1	Reducer 2: 0(+253)/253	Reducer 3: 0/1009	Reducer 4: 0/1	
INFO  : Map 1: 70(+2)/72	Map 5: 7/7	Map 6: 1/1	Reducer 2: 0(+253)/253	Reducer 3: 0/1009	Reducer 4: 0/1	
INFO  : Map 1: 72/72	Map 5: 7/7	Map 6: 1/1	Reducer 2: 0(+253)/253	Reducer 3: 0/1009	Reducer 4: 0/1	
INFO  : Map 1: 72/72	Map 5: 7/7	Map 6: 1/1	Reducer 2: 27(+226)/253	Reducer 3: 0/1009	Reducer 4: 0/1	
INFO  : Map 1: 72/72	Map 5: 7/7	Map 6: 1/1	Reducer 2: 52(+200)/253	Reducer 3: 0/1009	Reducer 4: 0/1	
INFO  : Map 1: 72/72	Map 5: 7/7	Map 6: 1/1	Reducer 2: 127(+126)/253	Reducer 3: 0/1009	Reducer 4: 0/1	
INFO  : Map 1: 72/72	Map 5: 7/7	Map 6: 1/1	Reducer 2: 147(+106)/253	Reducer 3: 0/1009	Reducer 4: 0/1	
INFO  : Map 1: 72/72	Map 5: 7/7	Map 6: 1/1	Reducer 2: 164(+89)/253	Reducer 3: 0/1009	Reducer 4: 0/1	
INFO  : Map 1: 72/72	Map 5: 7/7	Map 6: 1/1	Reducer 2: 191(+61)/253	Reducer 3: 0/253	Reducer 4: 0/1	
INFO  : Map 1: 72/72	Map 5: 7/7	Map 6: 1/1	Reducer 2: 232(+21)/253	Reducer 3: 0(+2)/253	Reducer 4: 0/1	
INFO  : Map 1: 72/72	Map 5: 7/7	Map 6: 1/1	Reducer 2: 253/253	Reducer 3: 95(+157)/253	Reducer 4: 0(+1)/1	
INFO  : Map 1: 72/72	Map 5: 7/7	Map 6: 1/1	Reducer 2: 253/253	Reducer 3: 205(+48)/253	Reducer 4: 0(+1)/1	
INFO  : Map 1: 72/72	Map 5: 7/7	Map 6: 1/1	Reducer 2: 253/253	Reducer 3: 253/253	Reducer 4: 0(+1)/1	
INFO  : Map 1: 72/72	Map 5: 7/7	Map 6: 1/1	Reducer 2: 253/253	Reducer 3: 253/253	Reducer 4: 1/1	
INFO  : Status: DAG finished successfully in 9.61 seconds
INFO  : 
INFO  : Query Execution Summary
INFO  : ----------------------------------------------------------------------------------------------
INFO  : ----------------------------------------------------------------------------------------------
INFO  : Compile Query                           0.57s
INFO  : Prepare Plan                            0.20s
INFO  : Submit Plan                             8.87s
INFO  : Start DAG                               0.69s
INFO  : Run DAG                                 9.62s
INFO  : ----------------------------------------------------------------------------------------------
INFO  : 
INFO  : Task Execution Summary
INFO  : --------------------------------------------------------------------------------------------------------------------------------
INFO  : --------------------------------------------------------------------------------------------------------------------------------
INFO  :      Map 1           72                0             0        4386.00             0            0    270,043,374       4,316,595
INFO  :      Map 5            7                0             0         606.00             0            0        402,000         120,072
INFO  :      Map 6            1                0             0         202.00             0            0         10,000              31
INFO  :  Reducer 2          253                0             0        4237.00             0            0      4,316,595          60,152
INFO  :  Reducer 3          253                0             0         603.00             0            0         60,152          60,152
INFO  :  Reducer 4            1                0             0         981.00             0            0         60,152               0
INFO  : --------------------------------------------------------------------------------------------------------------------------------
INFO  : 
INFO  : LLAP IO Summary
INFO  : ----------------------------------------------------------------------------------------------
INFO  : ----------------------------------------------------------------------------------------------
INFO  :      Map 1     27085        72        308   40.49MB     1.74GB      2.01GB   1.84GB    60.40s
INFO  :      Map 5        42         0         14        0B    23.64MB     58.46MB  37.68MB     0.90s
INFO  :      Map 6         1         2          0  165.02KB         0B          0B       0B     0.01s
INFO  : ----------------------------------------------------------------------------------------------
INFO  : 
INFO  : FileSystem Counters Summary
INFO  : 
INFO  : ----------------------------------------------------------------------------------------------
INFO  : ----------------------------------------------------------------------------------------------
INFO  :      Map 1          3.49MB             0                  0           476.35MB             0
INFO  :      Map 5              0B             0                  0            10.00MB             0
INFO  :      Map 6              0B             0                  0               183B             0
INFO  :  Reducer 2         12.26MB             0                  0            18.86MB             0
INFO  :  Reducer 3         16.19KB             0                  0             6.05MB             0
INFO  :  Reducer 4          4.90MB             0                  0                 0B             0
INFO  : ----------------------------------------------------------------------------------------------
INFO  : 
INFO  : ----------------------------------------------------------------------------------------------
INFO  : ----------------------------------------------------------------------------------------------
INFO  :      Map 1          1.75GB           144                  0                 0B             0
INFO  :      Map 5         23.77MB            28                  0                 0B             0
INFO  :      Map 6              0B             0                  0                 0B             0
INFO  :  Reducer 2              0B             0                  0                 0B             0
INFO  :  Reducer 3              0B             0                  0                 0B             0
INFO  :  Reducer 4              0B             2                  0            11.54MB             2
INFO  : ----------------------------------------------------------------------------------------------
INFO  : 
INFO  : org.apache.tez.common.counters.DAGCounter:
INFO  :    NUM_SUCCEEDED_TASKS: 587
INFO  :    TOTAL_LAUNCHED_TASKS: 587
INFO  :    DATA_LOCAL_TASKS: 80
INFO  :    AM_CPU_MILLISECONDS: 79220
INFO  :    AM_GC_TIME_MILLIS: 1630
INFO  : File System Counters:
INFO  :    FILE_BYTES_READ: 20662962
INFO  :    FILE_BYTES_WRITTEN: 511249923
INFO  :    FILE_READ_OPS: 0
INFO  :    FILE_LARGE_READ_OPS: 0
INFO  :    FILE_WRITE_OPS: 0
INFO  :    HDFS_BYTES_READ: 1769802010
INFO  :    HDFS_BYTES_WRITTEN: 11538400
INFO  :    HDFS_READ_OPS: 174
INFO  :    HDFS_LARGE_READ_OPS: 0
INFO  :    HDFS_WRITE_OPS: 2
INFO  : org.apache.tez.common.counters.TaskCounter:
INFO  :    REDUCE_INPUT_GROUPS: 120353
INFO  :    REDUCE_INPUT_RECORDS: 4436899
INFO  :    COMBINE_INPUT_RECORDS: 0
INFO  :    SPILLED_RECORDS: 8873798
INFO  :    NUM_SHUFFLED_INPUTS: 84624
INFO  :    NUM_SKIPPED_INPUTS: 243626
INFO  :    NUM_FAILED_SHUFFLE_INPUTS: 0
INFO  :    MERGED_MAP_OUTPUTS: 84552
INFO  :    INPUT_RECORDS_PROCESSED: 1351276
INFO  :    INPUT_SPLIT_LENGTH_BYTES: 15059084041
INFO  :    OUTPUT_RECORDS: 4557002
INFO  :    OUTPUT_LARGE_RECORDS: 0
INFO  :    OUTPUT_BYTES: 695649286
INFO  :    OUTPUT_BYTES_WITH_OVERHEAD: 708831656
INFO  :    OUTPUT_BYTES_PHYSICAL: 503368963
INFO  :    ADDITIONAL_SPILLS_BYTES_WRITTEN: 44263493
INFO  :    ADDITIONAL_SPILLS_BYTES_READ: 100611014
INFO  :    ADDITIONAL_SPILL_COUNT: 0
INFO  :    SHUFFLE_CHUNK_COUNT: 578
INFO  :    SHUFFLE_BYTES: 578478659
INFO  :    SHUFFLE_BYTES_DECOMPRESSED: 848414388
INFO  :    SHUFFLE_BYTES_TO_MEM: 512133337
INFO  :    SHUFFLE_BYTES_TO_DISK: 0
INFO  :    SHUFFLE_BYTES_DISK_DIRECT: 66345322
INFO  :    NUM_MEM_TO_DISK_MERGES: 0
INFO  :    NUM_DISK_TO_DISK_MERGES: 0
INFO  :    SHUFFLE_PHASE_TIME: 556346
INFO  :    MERGE_PHASE_TIME: 581604
INFO  :    FIRST_EVENT_RECEIVED: 21840
INFO  :    LAST_EVENT_RECEIVED: 272093
INFO  : HIVE:
INFO  :    CREATED_FILES: 1
INFO  :    DESERIALIZE_ERRORS: 0
INFO  :    RECORDS_IN_Map_1: 269923271
INFO  :    RECORDS_IN_Map_5: 402000
INFO  :    RECORDS_IN_Map_6: 10000
INFO  :    RECORDS_OUT_0: 60152
INFO  :    RECORDS_OUT_INTERMEDIATE_Map_1: 4316595
INFO  :    RECORDS_OUT_INTERMEDIATE_Map_5: 120072
INFO  :    RECORDS_OUT_INTERMEDIATE_Map_6: 31
INFO  :    RECORDS_OUT_INTERMEDIATE_Reducer_2: 60152
INFO  :    RECORDS_OUT_INTERMEDIATE_Reducer_3: 60152
INFO  : Shuffle Errors:
INFO  :    BAD_ID: 0
INFO  :    CONNECTION: 0
INFO  :    IO_ERROR: 0
INFO  :    WRONG_LENGTH: 0
INFO  :    WRONG_MAP: 0
INFO  :    WRONG_REDUCE: 0
INFO  : Shuffle Errors_Reducer_2_INPUT_Map_1:
INFO  :    BAD_ID: 0
INFO  :    CONNECTION: 0
INFO  :    IO_ERROR: 0
INFO  :    WRONG_LENGTH: 0
INFO  :    WRONG_MAP: 0
INFO  :    WRONG_REDUCE: 0
INFO  : Shuffle Errors_Reducer_3_INPUT_Reducer_2:
INFO  :    BAD_ID: 0
INFO  :    CONNECTION: 0
INFO  :    IO_ERROR: 0
INFO  :    WRONG_LENGTH: 0
INFO  :    WRONG_MAP: 0
INFO  :    WRONG_REDUCE: 0
INFO  : Shuffle Errors_Reducer_4_INPUT_Reducer_3:
INFO  :    BAD_ID: 0
INFO  :    CONNECTION: 0
INFO  :    IO_ERROR: 0
INFO  :    WRONG_LENGTH: 0
INFO  :    WRONG_MAP: 0
INFO  :    WRONG_REDUCE: 0
INFO  : TaskCounter_Map_1_INPUT_Map_5:
INFO  :    FIRST_EVENT_RECEIVED: 11
INFO  :    INPUT_RECORDS_PROCESSED: 1080648
INFO  :    LAST_EVENT_RECEIVED: 134
INFO  :    NUM_FAILED_SHUFFLE_INPUTS: 0
INFO  :    NUM_SHUFFLED_INPUTS: 63
INFO  :    SHUFFLE_BYTES: 89978850
INFO  :    SHUFFLE_BYTES_DECOMPRESSED: 158673042
INFO  :    SHUFFLE_BYTES_DISK_DIRECT: 9997650
INFO  :    SHUFFLE_BYTES_TO_DISK: 0
INFO  :    SHUFFLE_BYTES_TO_MEM: 79981200
INFO  :    SHUFFLE_PHASE_TIME: 364
INFO  : TaskCounter_Map_1_INPUT_Map_6:
INFO  :    FIRST_EVENT_RECEIVED: 5
INFO  :    INPUT_RECORDS_PROCESSED: 279
INFO  :    LAST_EVENT_RECEIVED: 5
INFO  :    NUM_FAILED_SHUFFLE_INPUTS: 0
INFO  :    NUM_SHUFFLED_INPUTS: 9
INFO  :    SHUFFLE_BYTES: 1359
INFO  :    SHUFFLE_BYTES_DECOMPRESSED: 2007
INFO  :    SHUFFLE_BYTES_DISK_DIRECT: 151
INFO  :    SHUFFLE_BYTES_TO_DISK: 0
INFO  :    SHUFFLE_BYTES_TO_MEM: 1208
INFO  :    SHUFFLE_PHASE_TIME: 49
INFO  : TaskCounter_Map_1_INPUT_store_sales:
INFO  :    INPUT_RECORDS_PROCESSED: 269934
INFO  :    INPUT_SPLIT_LENGTH_BYTES: 15020232526
INFO  : TaskCounter_Map_1_OUTPUT_Reducer_2:
INFO  :    ADDITIONAL_SPILLS_BYTES_READ: 0
INFO  :    ADDITIONAL_SPILLS_BYTES_WRITTEN: 0
INFO  :    ADDITIONAL_SPILL_COUNT: 0
INFO  :    OUTPUT_BYTES: 659677939
INFO  :    OUTPUT_BYTES_PHYSICAL: 474601786
INFO  :    OUTPUT_BYTES_WITH_OVERHEAD: 671256917
INFO  :    OUTPUT_RECORDS: 4316595
INFO  :    SHUFFLE_CHUNK_COUNT: 72
INFO  :    SPILLED_RECORDS: 4316595
INFO  : TaskCounter_Map_5_INPUT_item:
INFO  :    INPUT_RECORDS_PROCESSED: 405
INFO  :    INPUT_SPLIT_LENGTH_BYTES: 38092338
INFO  : TaskCounter_Map_5_OUTPUT_Map_1:
INFO  :    ADDITIONAL_SPILLS_BYTES_READ: 0
INFO  :    ADDITIONAL_SPILLS_BYTES_WRITTEN: 0
INFO  :    ADDITIONAL_SPILL_COUNT: 0
INFO  :    OUTPUT_BYTES: 17323365
INFO  :    OUTPUT_BYTES_PHYSICAL: 9997818
INFO  :    OUTPUT_BYTES_WITH_OVERHEAD: 17630338
INFO  :    OUTPUT_LARGE_RECORDS: 0
INFO  :    OUTPUT_RECORDS: 120072
INFO  :    SPILLED_RECORDS: 0
INFO  : TaskCounter_Map_6_INPUT_date_dim:
INFO  :    INPUT_RECORDS_PROCESSED: 10
INFO  :    INPUT_SPLIT_LENGTH_BYTES: 759177
INFO  : TaskCounter_Map_6_OUTPUT_Map_1:
INFO  :    ADDITIONAL_SPILLS_BYTES_READ: 0
INFO  :    ADDITIONAL_SPILLS_BYTES_WRITTEN: 0
INFO  :    ADDITIONAL_SPILL_COUNT: 0
INFO  :    OUTPUT_BYTES: 155
INFO  :    OUTPUT_BYTES_PHYSICAL: 175
INFO  :    OUTPUT_BYTES_WITH_OVERHEAD: 223
INFO  :    OUTPUT_LARGE_RECORDS: 0
INFO  :    OUTPUT_RECORDS: 31
INFO  :    SPILLED_RECORDS: 0
INFO  : TaskCounter_Reducer_2_INPUT_Map_1:
INFO  :    ADDITIONAL_SPILLS_BYTES_READ: 88780758
INFO  :    ADDITIONAL_SPILLS_BYTES_WRITTEN: 34164491
INFO  :    COMBINE_INPUT_RECORDS: 0
INFO  :    FIRST_EVENT_RECEIVED: 3100
INFO  :    LAST_EVENT_RECEIVED: 211871
INFO  :    MERGED_MAP_OUTPUTS: 72648
INFO  :    MERGE_PHASE_TIME: 511269
INFO  :    NUM_DISK_TO_DISK_MERGES: 0
INFO  :    NUM_FAILED_SHUFFLE_INPUTS: 0
INFO  :    NUM_MEM_TO_DISK_MERGES: 0
INFO  :    NUM_SHUFFLED_INPUTS: 72648
INFO  :    NUM_SKIPPED_INPUTS: 0
INFO  :    REDUCE_INPUT_GROUPS: 60152
INFO  :    REDUCE_INPUT_RECORDS: 4316595
INFO  :    SHUFFLE_BYTES: 474601786
INFO  :    SHUFFLE_BYTES_DECOMPRESSED: 671256917
INFO  :    SHUFFLE_BYTES_DISK_DIRECT: 54616267
INFO  :    SHUFFLE_BYTES_TO_DISK: 0
INFO  :    SHUFFLE_BYTES_TO_MEM: 419985519
INFO  :    SHUFFLE_PHASE_TIME: 487101
INFO  :    SPILLED_RECORDS: 4316595
INFO  : TaskCounter_Reducer_2_OUTPUT_Reducer_3:
INFO  :    ADDITIONAL_SPILLS_BYTES_READ: 0
INFO  :    ADDITIONAL_SPILLS_BYTES_WRITTEN: 0
INFO  :    ADDITIONAL_SPILL_COUNT: 0
INFO  :    OUTPUT_BYTES: 8973858
INFO  :    OUTPUT_BYTES_PHYSICAL: 12730130
INFO  :    OUTPUT_BYTES_WITH_OVERHEAD: 10112222
INFO  :    OUTPUT_RECORDS: 60152
INFO  :    SHUFFLE_CHUNK_COUNT: 253
INFO  :    SPILLED_RECORDS: 60152
INFO  : TaskCounter_Reducer_3_INPUT_Reducer_2:
INFO  :    ADDITIONAL_SPILLS_BYTES_READ: 5784121
INFO  :    ADDITIONAL_SPILLS_BYTES_WRITTEN: 4946039
INFO  :    COMBINE_INPUT_RECORDS: 0
INFO  :    FIRST_EVENT_RECEIVED: 18722
INFO  :    LAST_EVENT_RECEIVED: 59687
INFO  :    MERGED_MAP_OUTPUTS: 11859
INFO  :    MERGE_PHASE_TIME: 69873
INFO  :    NUM_DISK_TO_DISK_MERGES: 0
INFO  :    NUM_FAILED_SHUFFLE_INPUTS: 0
INFO  :    NUM_MEM_TO_DISK_MERGES: 0
INFO  :    NUM_SHUFFLED_INPUTS: 11859
INFO  :    NUM_SKIPPED_INPUTS: 243418
INFO  :    REDUCE_INPUT_GROUPS: 49
INFO  :    REDUCE_INPUT_RECORDS: 60152
INFO  :    SHUFFLE_BYTES: 7861770
INFO  :    SHUFFLE_BYTES_DECOMPRESSED: 8651714
INFO  :    SHUFFLE_BYTES_DISK_DIRECT: 838082
INFO  :    SHUFFLE_BYTES_TO_DISK: 0
INFO  :    SHUFFLE_BYTES_TO_MEM: 7023688
INFO  :    SHUFFLE_PHASE_TIME: 68428
INFO  :    SPILLED_RECORDS: 60152
INFO  : TaskCounter_Reducer_3_OUTPUT_Reducer_4:
INFO  :    ADDITIONAL_SPILLS_BYTES_READ: 0
INFO  :    ADDITIONAL_SPILLS_BYTES_WRITTEN: 0
INFO  :    ADDITIONAL_SPILL_COUNT: 0
INFO  :    OUTPUT_BYTES: 9673969
INFO  :    OUTPUT_BYTES_PHYSICAL: 6039054
INFO  :    OUTPUT_BYTES_WITH_OVERHEAD: 9831956
INFO  :    OUTPUT_RECORDS: 60152
INFO  :    SHUFFLE_CHUNK_COUNT: 253
INFO  :    SPILLED_RECORDS: 60152
INFO  : TaskCounter_Reducer_4_INPUT_Reducer_3:
INFO  :    ADDITIONAL_SPILLS_BYTES_READ: 6046135
INFO  :    ADDITIONAL_SPILLS_BYTES_WRITTEN: 5152963
INFO  :    COMBINE_INPUT_RECORDS: 0
INFO  :    FIRST_EVENT_RECEIVED: 2
INFO  :    LAST_EVENT_RECEIVED: 396
INFO  :    MERGED_MAP_OUTPUTS: 45
INFO  :    MERGE_PHASE_TIME: 462
INFO  :    NUM_DISK_TO_DISK_MERGES: 0
INFO  :    NUM_FAILED_SHUFFLE_INPUTS: 0
INFO  :    NUM_MEM_TO_DISK_MERGES: 0
INFO  :    NUM_SHUFFLED_INPUTS: 45
INFO  :    NUM_SKIPPED_INPUTS: 208
INFO  :    REDUCE_INPUT_GROUPS: 60152
INFO  :    REDUCE_INPUT_RECORDS: 60152
INFO  :    SHUFFLE_BYTES: 6034894
INFO  :    SHUFFLE_BYTES_DECOMPRESSED: 9830708
INFO  :    SHUFFLE_BYTES_DISK_DIRECT: 893172
INFO  :    SHUFFLE_BYTES_TO_DISK: 0
INFO  :    SHUFFLE_BYTES_TO_MEM: 5141722
INFO  :    SHUFFLE_PHASE_TIME: 404
INFO  :    SPILLED_RECORDS: 60152
INFO  : TaskCounter_Reducer_4_OUTPUT_out_Reducer_4:
INFO  :    OUTPUT_RECORDS: 0
INFO  : org.apache.hadoop.hive.llap.counters.LlapIOCounters:
INFO  :    ALLOCATED_BYTES: 2069364736
INFO  :    ALLOCATED_USED_BYTES: 1877218487
INFO  :    CACHE_HIT_BYTES: 40653906
INFO  :    CACHE_MISS_BYTES: 1768309613
INFO  :    CONSUMER_TIME_NS: 145707377101
INFO  :    DECODE_TIME_NS: 13533844743
INFO  :    HDFS_TIME_NS: 42353324567
INFO  :    METADATA_CACHE_HIT: 74
INFO  :    METADATA_CACHE_MISS: 322
INFO  :    NUM_DECODED_BATCHES: 27128
INFO  :    NUM_VECTOR_BATCHES: 270349
INFO  :    ROWS_EMITTED: 270335271
INFO  :    SELECTED_ROWGROUPS: 27128
INFO  :    TOTAL_IO_TIME_NS: 61305823641
INFO  : Completed executing command(queryId=hive_20161019183812_8e51ca37-ffb1-4e68-bbfe-d0a2868bc0bf); Time taken: 19.44 seconds
INFO  : OK
60,152 rows selected (21.798 seconds)
Closing: 0: jdbc:hive2://h01hn02:10500/tpcds_bin_partitioned_orc_10000
