Connecting to jdbc:hive2://h01hn02:10500/tpcds_bin_partitioned_orc_10000
Connected to: Apache Hive (version 2.1.0.2.5.1.0-43)
Driver: Hive JDBC (version 1.2.1000.2.5.1.0-43)
Transaction isolation: TRANSACTION_REPEATABLE_READ
Running init script bry.sql
No rows affected (0.037 seconds)
INFO  : Compiling command(queryId=hive_20161020154217_ea8dbea0-4637-49d9-9d7e-453c5ab52d20): select  i_product_name
             ,i_brand
             ,i_class
             ,i_category
             ,avg(inv_quantity_on_hand) qoh
       from inventory
           ,date_dim
           ,item
           ,warehouse
       where inventory.inv_date_sk=date_dim.d_date_sk
              and inventory.inv_item_sk=item.i_item_sk
              and inventory.inv_warehouse_sk = warehouse.w_warehouse_sk
              and date_dim.d_month_seq between 1193 and 1193 + 11
       group by i_product_name
                       ,i_brand
                       ,i_class
                       ,i_category with rollup
order by qoh, i_product_name, i_brand, i_class, i_category
limit 100
INFO  : Semantic Analysis Completed
INFO  : Returning Hive schema: Schema(fieldSchemas:[FieldSchema(name:i_product_name, type:string, comment:null), FieldSchema(name:i_brand, type:string, comment:null), FieldSchema(name:i_class, type:string, comment:null), FieldSchema(name:i_category, type:string, comment:null), FieldSchema(name:qoh, type:double, comment:null)], properties:null)
INFO  : Completed compiling command(queryId=hive_20161020154217_ea8dbea0-4637-49d9-9d7e-453c5ab52d20); Time taken: 0.229 seconds
INFO  : Concurrency mode is disabled, not creating a lock manager
INFO  : Executing command(queryId=hive_20161020154217_ea8dbea0-4637-49d9-9d7e-453c5ab52d20): select  i_product_name
             ,i_brand
             ,i_class
             ,i_category
             ,avg(inv_quantity_on_hand) qoh
       from inventory
           ,date_dim
           ,item
           ,warehouse
       where inventory.inv_date_sk=date_dim.d_date_sk
              and inventory.inv_item_sk=item.i_item_sk
              and inventory.inv_warehouse_sk = warehouse.w_warehouse_sk
              and date_dim.d_month_seq between 1193 and 1193 + 11
       group by i_product_name
                       ,i_brand
                       ,i_class
                       ,i_category with rollup
order by qoh, i_product_name, i_brand, i_class, i_category
limit 100
INFO  : Query ID = hive_20161020154217_ea8dbea0-4637-49d9-9d7e-453c5ab52d20
INFO  : Total jobs = 1
INFO  : Launching Job 1 out of 1
INFO  : Starting task [Stage-1:MAPRED] in serial mode
INFO  : Session is already open
INFO  : Dag name: select  i_product_name
             ,i...100(Stage-1)
INFO  : Setting tez.task.scale.memory.reserve-fraction to 0.30000001192092896
INFO  : 

INFO  : Status: Running (Executing on YARN cluster with App id application_1476988466894_0257)

INFO  : Map 1: -/-	Map 4: 1/1	Map 5: 7/7	Map 6: 1/1	Reducer 2: 0/1009	Reducer 3: 0/1	
INFO  : Map 1: 0(+261)/261	Map 4: 1/1	Map 5: 7/7	Map 6: 1/1	Reducer 2: 0/1009	Reducer 3: 0/1	
INFO  : Map 1: 0(+261)/261	Map 4: 1/1	Map 5: 7/7	Map 6: 1/1	Reducer 2: 0/1009	Reducer 3: 0/1	
INFO  : Map 1: 0(+261)/261	Map 4: 1/1	Map 5: 7/7	Map 6: 1/1	Reducer 2: 0/1009	Reducer 3: 0/1	
INFO  : Map 1: 4(+257)/261	Map 4: 1/1	Map 5: 7/7	Map 6: 1/1	Reducer 2: 0/1009	Reducer 3: 0/1	
INFO  : Map 1: 11(+250)/261	Map 4: 1/1	Map 5: 7/7	Map 6: 1/1	Reducer 2: 0/1009	Reducer 3: 0/1	
INFO  : Map 1: 13(+248)/261	Map 4: 1/1	Map 5: 7/7	Map 6: 1/1	Reducer 2: 0/1009	Reducer 3: 0/1	
INFO  : Map 1: 15(+246)/261	Map 4: 1/1	Map 5: 7/7	Map 6: 1/1	Reducer 2: 0/1009	Reducer 3: 0/1	
INFO  : Map 1: 22(+239)/261	Map 4: 1/1	Map 5: 7/7	Map 6: 1/1	Reducer 2: 0/1009	Reducer 3: 0/1	
INFO  : Map 1: 26(+235)/261	Map 4: 1/1	Map 5: 7/7	Map 6: 1/1	Reducer 2: 0/1009	Reducer 3: 0/1	
INFO  : Map 1: 31(+230)/261	Map 4: 1/1	Map 5: 7/7	Map 6: 1/1	Reducer 2: 0/1009	Reducer 3: 0/1	
INFO  : Map 1: 39(+222)/261	Map 4: 1/1	Map 5: 7/7	Map 6: 1/1	Reducer 2: 0/1009	Reducer 3: 0/1	
INFO  : Map 1: 49(+212)/261	Map 4: 1/1	Map 5: 7/7	Map 6: 1/1	Reducer 2: 0/1009	Reducer 3: 0/1	
INFO  : Map 1: 61(+200)/261	Map 4: 1/1	Map 5: 7/7	Map 6: 1/1	Reducer 2: 0/1009	Reducer 3: 0/1	
INFO  : Map 1: 80(+181)/261	Map 4: 1/1	Map 5: 7/7	Map 6: 1/1	Reducer 2: 0/1009	Reducer 3: 0/1	
INFO  : Map 1: 103(+158)/261	Map 4: 1/1	Map 5: 7/7	Map 6: 1/1	Reducer 2: 0/1009	Reducer 3: 0/1	
INFO  : Map 1: 119(+142)/261	Map 4: 1/1	Map 5: 7/7	Map 6: 1/1	Reducer 2: 0/1009	Reducer 3: 0/1	
INFO  : Map 1: 135(+126)/261	Map 4: 1/1	Map 5: 7/7	Map 6: 1/1	Reducer 2: 0/1009	Reducer 3: 0/1	
INFO  : Map 1: 140(+121)/261	Map 4: 1/1	Map 5: 7/7	Map 6: 1/1	Reducer 2: 0/1009	Reducer 3: 0/1	
INFO  : Map 1: 146(+115)/261	Map 4: 1/1	Map 5: 7/7	Map 6: 1/1	Reducer 2: 0/1009	Reducer 3: 0/1	
INFO  : Map 1: 156(+105)/261	Map 4: 1/1	Map 5: 7/7	Map 6: 1/1	Reducer 2: 0/1009	Reducer 3: 0/1	
INFO  : Map 1: 161(+100)/261	Map 4: 1/1	Map 5: 7/7	Map 6: 1/1	Reducer 2: 0/1009	Reducer 3: 0/1	
INFO  : Map 1: 167(+94)/261	Map 4: 1/1	Map 5: 7/7	Map 6: 1/1	Reducer 2: 0/1009	Reducer 3: 0/1	
INFO  : Map 1: 172(+89)/261	Map 4: 1/1	Map 5: 7/7	Map 6: 1/1	Reducer 2: 0/1009	Reducer 3: 0/1	
INFO  : Map 1: 176(+85)/261	Map 4: 1/1	Map 5: 7/7	Map 6: 1/1	Reducer 2: 0/1009	Reducer 3: 0/1	
INFO  : Map 1: 178(+83)/261	Map 4: 1/1	Map 5: 7/7	Map 6: 1/1	Reducer 2: 0/1009	Reducer 3: 0/1	
INFO  : Map 1: 180(+81)/261	Map 4: 1/1	Map 5: 7/7	Map 6: 1/1	Reducer 2: 0/1009	Reducer 3: 0/1	
INFO  : Map 1: 183(+78)/261	Map 4: 1/1	Map 5: 7/7	Map 6: 1/1	Reducer 2: 0/1009	Reducer 3: 0/1	
INFO  : Map 1: 186(+75)/261	Map 4: 1/1	Map 5: 7/7	Map 6: 1/1	Reducer 2: 0/1009	Reducer 3: 0/1	
INFO  : Map 1: 186(+75)/261	Map 4: 1/1	Map 5: 7/7	Map 6: 1/1	Reducer 2: 0/1009	Reducer 3: 0/1	
INFO  : Map 1: 186(+75)/261	Map 4: 1/1	Map 5: 7/7	Map 6: 1/1	Reducer 2: 0/1009	Reducer 3: 0/1	
INFO  : Map 1: 186(+75)/261	Map 4: 1/1	Map 5: 7/7	Map 6: 1/1	Reducer 2: 0/1009	Reducer 3: 0/1	
INFO  : Map 1: 187(+74)/261	Map 4: 1/1	Map 5: 7/7	Map 6: 1/1	Reducer 2: 0/1009	Reducer 3: 0/1	
INFO  : Map 1: 189(+72)/261	Map 4: 1/1	Map 5: 7/7	Map 6: 1/1	Reducer 2: 0/1009	Reducer 3: 0/1	
INFO  : Map 1: 190(+71)/261	Map 4: 1/1	Map 5: 7/7	Map 6: 1/1	Reducer 2: 0/1009	Reducer 3: 0/1	
INFO  : Map 1: 191(+70)/261	Map 4: 1/1	Map 5: 7/7	Map 6: 1/1	Reducer 2: 0/1009	Reducer 3: 0/1	
INFO  : Map 1: 194(+67)/261	Map 4: 1/1	Map 5: 7/7	Map 6: 1/1	Reducer 2: 0/1009	Reducer 3: 0/1	
INFO  : Map 1: 198(+63)/261	Map 4: 1/1	Map 5: 7/7	Map 6: 1/1	Reducer 2: 0(+253)/253	Reducer 3: 0/1	
INFO  : Map 1: 199(+62)/261	Map 4: 1/1	Map 5: 7/7	Map 6: 1/1	Reducer 2: 0(+253)/253	Reducer 3: 0/1	
INFO  : Map 1: 201(+60)/261	Map 4: 1/1	Map 5: 7/7	Map 6: 1/1	Reducer 2: 0(+253)/253	Reducer 3: 0/1	
INFO  : Map 1: 203(+58)/261	Map 4: 1/1	Map 5: 7/7	Map 6: 1/1	Reducer 2: 0(+253)/253	Reducer 3: 0/1	
INFO  : Map 1: 205(+56)/261	Map 4: 1/1	Map 5: 7/7	Map 6: 1/1	Reducer 2: 0(+253)/253	Reducer 3: 0/1	
INFO  : Map 1: 208(+53)/261	Map 4: 1/1	Map 5: 7/7	Map 6: 1/1	Reducer 2: 0(+253)/253	Reducer 3: 0/1	
INFO  : Map 1: 209(+52)/261	Map 4: 1/1	Map 5: 7/7	Map 6: 1/1	Reducer 2: 0(+253)/253	Reducer 3: 0/1	
INFO  : Map 1: 209(+52)/261	Map 4: 1/1	Map 5: 7/7	Map 6: 1/1	Reducer 2: 0(+253)/253	Reducer 3: 0/1	
INFO  : Map 1: 209(+52)/261	Map 4: 1/1	Map 5: 7/7	Map 6: 1/1	Reducer 2: 0(+253)/253	Reducer 3: 0/1	
INFO  : Map 1: 209(+52)/261	Map 4: 1/1	Map 5: 7/7	Map 6: 1/1	Reducer 2: 0(+253)/253	Reducer 3: 0/1	
INFO  : Map 1: 209(+52)/261	Map 4: 1/1	Map 5: 7/7	Map 6: 1/1	Reducer 2: 0(+253)/253	Reducer 3: 0/1	
INFO  : Map 1: 209(+52)/261	Map 4: 1/1	Map 5: 7/7	Map 6: 1/1	Reducer 2: 0(+253)/253	Reducer 3: 0/1	
INFO  : Map 1: 209(+52)/261	Map 4: 1/1	Map 5: 7/7	Map 6: 1/1	Reducer 2: 0(+253)/253	Reducer 3: 0/1	
INFO  : Map 1: 209(+52)/261	Map 4: 1/1	Map 5: 7/7	Map 6: 1/1	Reducer 2: 0(+253)/253	Reducer 3: 0/1	
INFO  : Map 1: 209(+52)/261	Map 4: 1/1	Map 5: 7/7	Map 6: 1/1	Reducer 2: 0(+253)/253	Reducer 3: 0/1	
INFO  : Map 1: 209(+52)/261	Map 4: 1/1	Map 5: 7/7	Map 6: 1/1	Reducer 2: 0(+253)/253	Reducer 3: 0/1	
INFO  : Map 1: 209(+52)/261	Map 4: 1/1	Map 5: 7/7	Map 6: 1/1	Reducer 2: 0(+253)/253	Reducer 3: 0/1	
INFO  : Map 1: 209(+52)/261	Map 4: 1/1	Map 5: 7/7	Map 6: 1/1	Reducer 2: 0(+253)/253	Reducer 3: 0/1	
INFO  : Map 1: 209(+52)/261	Map 4: 1/1	Map 5: 7/7	Map 6: 1/1	Reducer 2: 0(+253)/253	Reducer 3: 0/1	
INFO  : Map 1: 209(+52)/261	Map 4: 1/1	Map 5: 7/7	Map 6: 1/1	Reducer 2: 0(+253)/253	Reducer 3: 0/1	
INFO  : Map 1: 209(+52)/261	Map 4: 1/1	Map 5: 7/7	Map 6: 1/1	Reducer 2: 0(+253)/253	Reducer 3: 0/1	
INFO  : Map 1: 209(+52)/261	Map 4: 1/1	Map 5: 7/7	Map 6: 1/1	Reducer 2: 0(+253)/253	Reducer 3: 0/1	
INFO  : Map 1: 209(+52)/261	Map 4: 1/1	Map 5: 7/7	Map 6: 1/1	Reducer 2: 0(+253)/253	Reducer 3: 0/1	
INFO  : Map 1: 209(+52)/261	Map 4: 1/1	Map 5: 7/7	Map 6: 1/1	Reducer 2: 0(+253)/253	Reducer 3: 0/1	
INFO  : Map 1: 209(+52)/261	Map 4: 1/1	Map 5: 7/7	Map 6: 1/1	Reducer 2: 0(+253)/253	Reducer 3: 0/1	
INFO  : Map 1: 209(+52)/261	Map 4: 1/1	Map 5: 7/7	Map 6: 1/1	Reducer 2: 0(+253)/253	Reducer 3: 0/1	
INFO  : Map 1: 209(+52)/261	Map 4: 1/1	Map 5: 7/7	Map 6: 1/1	Reducer 2: 0(+253)/253	Reducer 3: 0/1	
INFO  : Map 1: 209(+52)/261	Map 4: 1/1	Map 5: 7/7	Map 6: 1/1	Reducer 2: 0(+253)/253	Reducer 3: 0/1	
INFO  : Map 1: 209(+52)/261	Map 4: 1/1	Map 5: 7/7	Map 6: 1/1	Reducer 2: 0(+253)/253	Reducer 3: 0/1	
INFO  : Map 1: 209(+52)/261	Map 4: 1/1	Map 5: 7/7	Map 6: 1/1	Reducer 2: 0(+253)/253	Reducer 3: 0/1	
INFO  : Map 1: 209(+52)/261	Map 4: 1/1	Map 5: 7/7	Map 6: 1/1	Reducer 2: 0(+253)/253	Reducer 3: 0/1	
INFO  : Map 1: 209(+52)/261	Map 4: 1/1	Map 5: 7/7	Map 6: 1/1	Reducer 2: 0(+253)/253	Reducer 3: 0/1	
INFO  : Map 1: 209(+52)/261	Map 4: 1/1	Map 5: 7/7	Map 6: 1/1	Reducer 2: 0(+253)/253	Reducer 3: 0/1	
INFO  : Map 1: 210(+51)/261	Map 4: 1/1	Map 5: 7/7	Map 6: 1/1	Reducer 2: 0(+253)/253	Reducer 3: 0/1	
INFO  : Map 1: 211(+50)/261	Map 4: 1/1	Map 5: 7/7	Map 6: 1/1	Reducer 2: 0(+253)/253	Reducer 3: 0/1	
INFO  : Map 1: 212(+49)/261	Map 4: 1/1	Map 5: 7/7	Map 6: 1/1	Reducer 2: 0(+253)/253	Reducer 3: 0/1	
INFO  : Map 1: 213(+48)/261	Map 4: 1/1	Map 5: 7/7	Map 6: 1/1	Reducer 2: 0(+253)/253	Reducer 3: 0/1	
INFO  : Map 1: 214(+47)/261	Map 4: 1/1	Map 5: 7/7	Map 6: 1/1	Reducer 2: 0(+253)/253	Reducer 3: 0/1	
INFO  : Map 1: 215(+46)/261	Map 4: 1/1	Map 5: 7/7	Map 6: 1/1	Reducer 2: 0(+253)/253	Reducer 3: 0/1	
INFO  : Map 1: 216(+45)/261	Map 4: 1/1	Map 5: 7/7	Map 6: 1/1	Reducer 2: 0(+253)/253	Reducer 3: 0/1	
INFO  : Map 1: 217(+44)/261	Map 4: 1/1	Map 5: 7/7	Map 6: 1/1	Reducer 2: 0(+253)/253	Reducer 3: 0/1	
INFO  : Map 1: 218(+43)/261	Map 4: 1/1	Map 5: 7/7	Map 6: 1/1	Reducer 2: 0(+253)/253	Reducer 3: 0/1	
INFO  : Map 1: 218(+43)/261	Map 4: 1/1	Map 5: 7/7	Map 6: 1/1	Reducer 2: 0(+253)/253	Reducer 3: 0/1	
INFO  : Map 1: 218(+43)/261	Map 4: 1/1	Map 5: 7/7	Map 6: 1/1	Reducer 2: 0(+253)/253	Reducer 3: 0/1	
INFO  : Map 1: 218(+43)/261	Map 4: 1/1	Map 5: 7/7	Map 6: 1/1	Reducer 2: 0(+253)/253	Reducer 3: 0/1	
INFO  : Map 1: 220(+41)/261	Map 4: 1/1	Map 5: 7/7	Map 6: 1/1	Reducer 2: 0(+253)/253	Reducer 3: 0/1	
INFO  : Map 1: 221(+40)/261	Map 4: 1/1	Map 5: 7/7	Map 6: 1/1	Reducer 2: 0(+253)/253	Reducer 3: 0/1	
INFO  : Map 1: 222(+39)/261	Map 4: 1/1	Map 5: 7/7	Map 6: 1/1	Reducer 2: 0(+253)/253	Reducer 3: 0/1	
INFO  : Map 1: 223(+38)/261	Map 4: 1/1	Map 5: 7/7	Map 6: 1/1	Reducer 2: 0(+253)/253	Reducer 3: 0/1	
INFO  : Map 1: 224(+37)/261	Map 4: 1/1	Map 5: 7/7	Map 6: 1/1	Reducer 2: 0(+253)/253	Reducer 3: 0/1	
INFO  : Map 1: 225(+36)/261	Map 4: 1/1	Map 5: 7/7	Map 6: 1/1	Reducer 2: 0(+253)/253	Reducer 3: 0/1	
INFO  : Map 1: 226(+35)/261	Map 4: 1/1	Map 5: 7/7	Map 6: 1/1	Reducer 2: 0(+253)/253	Reducer 3: 0/1	
INFO  : Map 1: 227(+34)/261	Map 4: 1/1	Map 5: 7/7	Map 6: 1/1	Reducer 2: 0(+253)/253	Reducer 3: 0/1	
INFO  : Map 1: 228(+33)/261	Map 4: 1/1	Map 5: 7/7	Map 6: 1/1	Reducer 2: 0(+253)/253	Reducer 3: 0/1	
INFO  : Map 1: 229(+32)/261	Map 4: 1/1	Map 5: 7/7	Map 6: 1/1	Reducer 2: 0(+253)/253	Reducer 3: 0/1	
INFO  : Map 1: 230(+31)/261	Map 4: 1/1	Map 5: 7/7	Map 6: 1/1	Reducer 2: 0(+253)/253	Reducer 3: 0/1	
INFO  : Map 1: 231(+30)/261	Map 4: 1/1	Map 5: 7/7	Map 6: 1/1	Reducer 2: 0(+253)/253	Reducer 3: 0/1	
INFO  : Map 1: 233(+28)/261	Map 4: 1/1	Map 5: 7/7	Map 6: 1/1	Reducer 2: 0(+253)/253	Reducer 3: 0/1	
INFO  : Map 1: 234(+27)/261	Map 4: 1/1	Map 5: 7/7	Map 6: 1/1	Reducer 2: 0(+253)/253	Reducer 3: 0/1	
INFO  : Map 1: 235(+26)/261	Map 4: 1/1	Map 5: 7/7	Map 6: 1/1	Reducer 2: 0(+253)/253	Reducer 3: 0/1	
INFO  : Map 1: 236(+25)/261	Map 4: 1/1	Map 5: 7/7	Map 6: 1/1	Reducer 2: 0(+253)/253	Reducer 3: 0/1	
INFO  : Map 1: 237(+24)/261	Map 4: 1/1	Map 5: 7/7	Map 6: 1/1	Reducer 2: 0(+253)/253	Reducer 3: 0/1	
INFO  : Map 1: 238(+23)/261	Map 4: 1/1	Map 5: 7/7	Map 6: 1/1	Reducer 2: 0(+253)/253	Reducer 3: 0/1	
INFO  : Map 1: 239(+22)/261	Map 4: 1/1	Map 5: 7/7	Map 6: 1/1	Reducer 2: 0(+253)/253	Reducer 3: 0/1	
INFO  : Map 1: 239(+22)/261	Map 4: 1/1	Map 5: 7/7	Map 6: 1/1	Reducer 2: 0(+253)/253	Reducer 3: 0/1	
INFO  : Map 1: 239(+22)/261	Map 4: 1/1	Map 5: 7/7	Map 6: 1/1	Reducer 2: 0(+253)/253	Reducer 3: 0/1	
INFO  : Map 1: 240(+21)/261	Map 4: 1/1	Map 5: 7/7	Map 6: 1/1	Reducer 2: 0(+253)/253	Reducer 3: 0/1	
INFO  : Map 1: 242(+19)/261	Map 4: 1/1	Map 5: 7/7	Map 6: 1/1	Reducer 2: 0(+253)/253	Reducer 3: 0/1	
INFO  : Map 1: 243(+18)/261	Map 4: 1/1	Map 5: 7/7	Map 6: 1/1	Reducer 2: 0(+253)/253	Reducer 3: 0/1	
INFO  : Map 1: 244(+17)/261	Map 4: 1/1	Map 5: 7/7	Map 6: 1/1	Reducer 2: 0(+253)/253	Reducer 3: 0/1	
INFO  : Map 1: 245(+16)/261	Map 4: 1/1	Map 5: 7/7	Map 6: 1/1	Reducer 2: 0(+253)/253	Reducer 3: 0/1	
INFO  : Map 1: 246(+15)/261	Map 4: 1/1	Map 5: 7/7	Map 6: 1/1	Reducer 2: 0(+253)/253	Reducer 3: 0/1	
INFO  : Map 1: 246(+15)/261	Map 4: 1/1	Map 5: 7/7	Map 6: 1/1	Reducer 2: 0(+253)/253	Reducer 3: 0/1	
INFO  : Map 1: 246(+15)/261	Map 4: 1/1	Map 5: 7/7	Map 6: 1/1	Reducer 2: 0(+253)/253	Reducer 3: 0/1	
INFO  : Map 1: 246(+15)/261	Map 4: 1/1	Map 5: 7/7	Map 6: 1/1	Reducer 2: 0(+253)/253	Reducer 3: 0/1	
INFO  : Map 1: 246(+15)/261	Map 4: 1/1	Map 5: 7/7	Map 6: 1/1	Reducer 2: 0(+253)/253	Reducer 3: 0/1	
INFO  : Map 1: 246(+15)/261	Map 4: 1/1	Map 5: 7/7	Map 6: 1/1	Reducer 2: 0(+253)/253	Reducer 3: 0/1	
INFO  : Map 1: 246(+15)/261	Map 4: 1/1	Map 5: 7/7	Map 6: 1/1	Reducer 2: 0(+253)/253	Reducer 3: 0/1	
INFO  : Map 1: 246(+15)/261	Map 4: 1/1	Map 5: 7/7	Map 6: 1/1	Reducer 2: 0(+253)/253	Reducer 3: 0/1	
INFO  : Map 1: 246(+15)/261	Map 4: 1/1	Map 5: 7/7	Map 6: 1/1	Reducer 2: 0(+253)/253	Reducer 3: 0/1	
INFO  : Map 1: 246(+15)/261	Map 4: 1/1	Map 5: 7/7	Map 6: 1/1	Reducer 2: 0(+253)/253	Reducer 3: 0/1	
INFO  : Map 1: 246(+15)/261	Map 4: 1/1	Map 5: 7/7	Map 6: 1/1	Reducer 2: 0(+253)/253	Reducer 3: 0/1	
INFO  : Map 1: 246(+15)/261	Map 4: 1/1	Map 5: 7/7	Map 6: 1/1	Reducer 2: 0(+253)/253	Reducer 3: 0/1	
INFO  : Map 1: 246(+15)/261	Map 4: 1/1	Map 5: 7/7	Map 6: 1/1	Reducer 2: 0(+253)/253	Reducer 3: 0/1	
INFO  : Map 1: 246(+15)/261	Map 4: 1/1	Map 5: 7/7	Map 6: 1/1	Reducer 2: 0(+253)/253	Reducer 3: 0/1	
INFO  : Map 1: 246(+15)/261	Map 4: 1/1	Map 5: 7/7	Map 6: 1/1	Reducer 2: 0(+253)/253	Reducer 3: 0/1	
INFO  : Map 1: 246(+15)/261	Map 4: 1/1	Map 5: 7/7	Map 6: 1/1	Reducer 2: 0(+253)/253	Reducer 3: 0/1	
INFO  : Map 1: 246(+15)/261	Map 4: 1/1	Map 5: 7/7	Map 6: 1/1	Reducer 2: 0(+253)/253	Reducer 3: 0/1	
INFO  : Map 1: 246(+15)/261	Map 4: 1/1	Map 5: 7/7	Map 6: 1/1	Reducer 2: 0(+253)/253	Reducer 3: 0/1	
INFO  : Map 1: 246(+15)/261	Map 4: 1/1	Map 5: 7/7	Map 6: 1/1	Reducer 2: 0(+253)/253	Reducer 3: 0/1	
INFO  : Map 1: 246(+15)/261	Map 4: 1/1	Map 5: 7/7	Map 6: 1/1	Reducer 2: 0(+253)/253	Reducer 3: 0/1	
INFO  : Map 1: 246(+15)/261	Map 4: 1/1	Map 5: 7/7	Map 6: 1/1	Reducer 2: 0(+253)/253	Reducer 3: 0/1	
INFO  : Map 1: 246(+15)/261	Map 4: 1/1	Map 5: 7/7	Map 6: 1/1	Reducer 2: 0(+253)/253	Reducer 3: 0/1	
INFO  : Map 1: 246(+15)/261	Map 4: 1/1	Map 5: 7/7	Map 6: 1/1	Reducer 2: 0(+253)/253	Reducer 3: 0/1	
INFO  : Map 1: 246(+15)/261	Map 4: 1/1	Map 5: 7/7	Map 6: 1/1	Reducer 2: 0(+253)/253	Reducer 3: 0/1	
INFO  : Map 1: 246(+15)/261	Map 4: 1/1	Map 5: 7/7	Map 6: 1/1	Reducer 2: 0(+253)/253	Reducer 3: 0/1	
INFO  : Map 1: 246(+15)/261	Map 4: 1/1	Map 5: 7/7	Map 6: 1/1	Reducer 2: 0(+253)/253	Reducer 3: 0/1	
INFO  : Map 1: 246(+15)/261	Map 4: 1/1	Map 5: 7/7	Map 6: 1/1	Reducer 2: 0(+253)/253	Reducer 3: 0/1	
INFO  : Map 1: 246(+15)/261	Map 4: 1/1	Map 5: 7/7	Map 6: 1/1	Reducer 2: 0(+253)/253	Reducer 3: 0/1	
INFO  : Map 1: 246(+15)/261	Map 4: 1/1	Map 5: 7/7	Map 6: 1/1	Reducer 2: 0(+253)/253	Reducer 3: 0/1	
INFO  : Map 1: 246(+15)/261	Map 4: 1/1	Map 5: 7/7	Map 6: 1/1	Reducer 2: 0(+253)/253	Reducer 3: 0/1	
INFO  : Map 1: 246(+15)/261	Map 4: 1/1	Map 5: 7/7	Map 6: 1/1	Reducer 2: 0(+253)/253	Reducer 3: 0/1	
INFO  : Map 1: 246(+15)/261	Map 4: 1/1	Map 5: 7/7	Map 6: 1/1	Reducer 2: 0(+253)/253	Reducer 3: 0/1	
INFO  : Map 1: 246(+15)/261	Map 4: 1/1	Map 5: 7/7	Map 6: 1/1	Reducer 2: 0(+253)/253	Reducer 3: 0/1	
INFO  : Map 1: 246(+15)/261	Map 4: 1/1	Map 5: 7/7	Map 6: 1/1	Reducer 2: 0(+253)/253	Reducer 3: 0/1	
INFO  : Map 1: 246(+15)/261	Map 4: 1/1	Map 5: 7/7	Map 6: 1/1	Reducer 2: 0(+253)/253	Reducer 3: 0/1	
INFO  : Map 1: 246(+15)/261	Map 4: 1/1	Map 5: 7/7	Map 6: 1/1	Reducer 2: 0(+253)/253	Reducer 3: 0/1	
INFO  : Map 1: 246(+15)/261	Map 4: 1/1	Map 5: 7/7	Map 6: 1/1	Reducer 2: 0(+253)/253	Reducer 3: 0/1	
INFO  : Map 1: 246(+15)/261	Map 4: 1/1	Map 5: 7/7	Map 6: 1/1	Reducer 2: 0(+253)/253	Reducer 3: 0/1	
INFO  : Map 1: 246(+15)/261	Map 4: 1/1	Map 5: 7/7	Map 6: 1/1	Reducer 2: 0(+253)/253	Reducer 3: 0/1	
INFO  : Map 1: 246(+15)/261	Map 4: 1/1	Map 5: 7/7	Map 6: 1/1	Reducer 2: 0(+253)/253	Reducer 3: 0/1	
INFO  : Map 1: 247(+14)/261	Map 4: 1/1	Map 5: 7/7	Map 6: 1/1	Reducer 2: 0(+253)/253	Reducer 3: 0/1	
INFO  : Map 1: 248(+13)/261	Map 4: 1/1	Map 5: 7/7	Map 6: 1/1	Reducer 2: 0(+253)/253	Reducer 3: 0/1	
INFO  : Map 1: 248(+13)/261	Map 4: 1/1	Map 5: 7/7	Map 6: 1/1	Reducer 2: 0(+253)/253	Reducer 3: 0/1	
INFO  : Map 1: 248(+13)/261	Map 4: 1/1	Map 5: 7/7	Map 6: 1/1	Reducer 2: 0(+253)/253	Reducer 3: 0/1	
INFO  : Map 1: 249(+12)/261	Map 4: 1/1	Map 5: 7/7	Map 6: 1/1	Reducer 2: 0(+253)/253	Reducer 3: 0/1	
INFO  : Map 1: 250(+11)/261	Map 4: 1/1	Map 5: 7/7	Map 6: 1/1	Reducer 2: 0(+253)/253	Reducer 3: 0/1	
INFO  : Map 1: 251(+10)/261	Map 4: 1/1	Map 5: 7/7	Map 6: 1/1	Reducer 2: 0(+253)/253	Reducer 3: 0/1	
INFO  : Map 1: 252(+9)/261	Map 4: 1/1	Map 5: 7/7	Map 6: 1/1	Reducer 2: 0(+253)/253	Reducer 3: 0/1	
INFO  : Map 1: 253(+8)/261	Map 4: 1/1	Map 5: 7/7	Map 6: 1/1	Reducer 2: 0(+253)/253	Reducer 3: 0/1	
INFO  : Map 1: 254(+7)/261	Map 4: 1/1	Map 5: 7/7	Map 6: 1/1	Reducer 2: 0(+253)/253	Reducer 3: 0/1	
INFO  : Map 1: 255(+6)/261	Map 4: 1/1	Map 5: 7/7	Map 6: 1/1	Reducer 2: 0(+253)/253	Reducer 3: 0/1	
INFO  : Map 1: 257(+4)/261	Map 4: 1/1	Map 5: 7/7	Map 6: 1/1	Reducer 2: 0(+253)/253	Reducer 3: 0/1	
INFO  : Map 1: 258(+3)/261	Map 4: 1/1	Map 5: 7/7	Map 6: 1/1	Reducer 2: 0(+253)/253	Reducer 3: 0/1	
INFO  : Map 1: 259(+2)/261	Map 4: 1/1	Map 5: 7/7	Map 6: 1/1	Reducer 2: 0(+253)/253	Reducer 3: 0/1	
INFO  : Map 1: 260(+1)/261	Map 4: 1/1	Map 5: 7/7	Map 6: 1/1	Reducer 2: 0(+253)/253	Reducer 3: 0/1	
INFO  : Map 1: 261/261	Map 4: 1/1	Map 5: 7/7	Map 6: 1/1	Reducer 2: 0(+253)/253	Reducer 3: 0/1	
INFO  : Map 1: 261/261	Map 4: 1/1	Map 5: 7/7	Map 6: 1/1	Reducer 2: 1(+252)/253	Reducer 3: 0/1	
INFO  : Map 1: 261/261	Map 4: 1/1	Map 5: 7/7	Map 6: 1/1	Reducer 2: 2(+251)/253	Reducer 3: 0/1	
INFO  : Map 1: 261/261	Map 4: 1/1	Map 5: 7/7	Map 6: 1/1	Reducer 2: 6(+247)/253	Reducer 3: 0/1	
INFO  : Map 1: 261/261	Map 4: 1/1	Map 5: 7/7	Map 6: 1/1	Reducer 2: 32(+221)/253	Reducer 3: 0/1	
INFO  : Map 1: 261/261	Map 4: 1/1	Map 5: 7/7	Map 6: 1/1	Reducer 2: 54(+199)/253	Reducer 3: 0(+1)/1	
INFO  : Map 1: 261/261	Map 4: 1/1	Map 5: 7/7	Map 6: 1/1	Reducer 2: 73(+180)/253	Reducer 3: 0(+1)/1	
INFO  : Map 1: 261/261	Map 4: 1/1	Map 5: 7/7	Map 6: 1/1	Reducer 2: 93(+160)/253	Reducer 3: 0(+1)/1	
INFO  : Map 1: 261/261	Map 4: 1/1	Map 5: 7/7	Map 6: 1/1	Reducer 2: 116(+137)/253	Reducer 3: 0(+1)/1	
INFO  : Map 1: 261/261	Map 4: 1/1	Map 5: 7/7	Map 6: 1/1	Reducer 2: 128(+125)/253	Reducer 3: 0(+1)/1	
INFO  : Map 1: 261/261	Map 4: 1/1	Map 5: 7/7	Map 6: 1/1	Reducer 2: 135(+118)/253	Reducer 3: 0(+1)/1	
INFO  : Map 1: 261/261	Map 4: 1/1	Map 5: 7/7	Map 6: 1/1	Reducer 2: 142(+111)/253	Reducer 3: 0(+1)/1	
INFO  : Map 1: 261/261	Map 4: 1/1	Map 5: 7/7	Map 6: 1/1	Reducer 2: 152(+101)/253	Reducer 3: 0(+1)/1	
INFO  : Map 1: 261/261	Map 4: 1/1	Map 5: 7/7	Map 6: 1/1	Reducer 2: 158(+95)/253	Reducer 3: 0(+1)/1	
INFO  : Map 1: 261/261	Map 4: 1/1	Map 5: 7/7	Map 6: 1/1	Reducer 2: 159(+94)/253	Reducer 3: 0(+1)/1	
INFO  : Map 1: 261/261	Map 4: 1/1	Map 5: 7/7	Map 6: 1/1	Reducer 2: 165(+88)/253	Reducer 3: 0(+1)/1	
INFO  : Map 1: 261/261	Map 4: 1/1	Map 5: 7/7	Map 6: 1/1	Reducer 2: 170(+83)/253	Reducer 3: 0(+1)/1	
INFO  : Map 1: 261/261	Map 4: 1/1	Map 5: 7/7	Map 6: 1/1	Reducer 2: 179(+74)/253	Reducer 3: 0(+1)/1	
INFO  : Map 1: 261/261	Map 4: 1/1	Map 5: 7/7	Map 6: 1/1	Reducer 2: 182(+71)/253	Reducer 3: 0(+1)/1	
INFO  : Map 1: 261/261	Map 4: 1/1	Map 5: 7/7	Map 6: 1/1	Reducer 2: 193(+60)/253	Reducer 3: 0(+1)/1	
INFO  : Map 1: 261/261	Map 4: 1/1	Map 5: 7/7	Map 6: 1/1	Reducer 2: 197(+56)/253	Reducer 3: 0(+1)/1	
INFO  : Map 1: 261/261	Map 4: 1/1	Map 5: 7/7	Map 6: 1/1	Reducer 2: 203(+50)/253	Reducer 3: 0(+1)/1	
INFO  : Map 1: 261/261	Map 4: 1/1	Map 5: 7/7	Map 6: 1/1	Reducer 2: 211(+42)/253	Reducer 3: 0(+1)/1	
INFO  : Map 1: 261/261	Map 4: 1/1	Map 5: 7/7	Map 6: 1/1	Reducer 2: 220(+33)/253	Reducer 3: 0(+1)/1	
INFO  : Map 1: 261/261	Map 4: 1/1	Map 5: 7/7	Map 6: 1/1	Reducer 2: 224(+29)/253	Reducer 3: 0(+1)/1	
INFO  : Map 1: 261/261	Map 4: 1/1	Map 5: 7/7	Map 6: 1/1	Reducer 2: 226(+27)/253	Reducer 3: 0(+1)/1	
INFO  : Map 1: 261/261	Map 4: 1/1	Map 5: 7/7	Map 6: 1/1	Reducer 2: 232(+21)/253	Reducer 3: 0(+1)/1	
INFO  : Map 1: 261/261	Map 4: 1/1	Map 5: 7/7	Map 6: 1/1	Reducer 2: 237(+16)/253	Reducer 3: 0(+1)/1	
INFO  : Map 1: 261/261	Map 4: 1/1	Map 5: 7/7	Map 6: 1/1	Reducer 2: 241(+12)/253	Reducer 3: 0(+1)/1	
INFO  : Map 1: 261/261	Map 4: 1/1	Map 5: 7/7	Map 6: 1/1	Reducer 2: 244(+9)/253	Reducer 3: 0(+1)/1	
INFO  : Map 1: 261/261	Map 4: 1/1	Map 5: 7/7	Map 6: 1/1	Reducer 2: 250(+3)/253	Reducer 3: 0(+1)/1	
INFO  : Map 1: 261/261	Map 4: 1/1	Map 5: 7/7	Map 6: 1/1	Reducer 2: 252(+1)/253	Reducer 3: 0(+1)/1	
INFO  : Map 1: 261/261	Map 4: 1/1	Map 5: 7/7	Map 6: 1/1	Reducer 2: 252(+1)/253	Reducer 3: 0(+1)/1	
INFO  : Map 1: 261/261	Map 4: 1/1	Map 5: 7/7	Map 6: 1/1	Reducer 2: 252(+1)/253	Reducer 3: 0(+1)/1	
INFO  : Map 1: 261/261	Map 4: 1/1	Map 5: 7/7	Map 6: 1/1	Reducer 2: 252(+1)/253	Reducer 3: 0(+1)/1	
INFO  : Map 1: 261/261	Map 4: 1/1	Map 5: 7/7	Map 6: 1/1	Reducer 2: 252(+1)/253	Reducer 3: 0(+1)/1	
INFO  : Map 1: 261/261	Map 4: 1/1	Map 5: 7/7	Map 6: 1/1	Reducer 2: 252(+1)/253	Reducer 3: 0(+1)/1	
INFO  : Map 1: 261/261	Map 4: 1/1	Map 5: 7/7	Map 6: 1/1	Reducer 2: 252(+1)/253	Reducer 3: 0(+1)/1	
INFO  : Map 1: 261/261	Map 4: 1/1	Map 5: 7/7	Map 6: 1/1	Reducer 2: 252(+1)/253	Reducer 3: 0(+1)/1	
INFO  : Map 1: 261/261	Map 4: 1/1	Map 5: 7/7	Map 6: 1/1	Reducer 2: 252(+1)/253	Reducer 3: 0(+1)/1	
INFO  : Map 1: 261/261	Map 4: 1/1	Map 5: 7/7	Map 6: 1/1	Reducer 2: 252(+1)/253	Reducer 3: 0(+1)/1	
INFO  : Map 1: 261/261	Map 4: 1/1	Map 5: 7/7	Map 6: 1/1	Reducer 2: 252(+1)/253	Reducer 3: 0(+1)/1	
INFO  : Map 1: 261/261	Map 4: 1/1	Map 5: 7/7	Map 6: 1/1	Reducer 2: 252(+1)/253	Reducer 3: 0(+1)/1	
INFO  : Map 1: 261/261	Map 4: 1/1	Map 5: 7/7	Map 6: 1/1	Reducer 2: 252(+1)/253	Reducer 3: 0(+1)/1	
INFO  : Map 1: 261/261	Map 4: 1/1	Map 5: 7/7	Map 6: 1/1	Reducer 2: 252(+1)/253	Reducer 3: 0(+1)/1	
INFO  : Map 1: 261/261	Map 4: 1/1	Map 5: 7/7	Map 6: 1/1	Reducer 2: 252(+1)/253	Reducer 3: 0(+1)/1	
INFO  : Map 1: 261/261	Map 4: 1/1	Map 5: 7/7	Map 6: 1/1	Reducer 2: 252(+1)/253	Reducer 3: 0(+1)/1	
INFO  : Map 1: 261/261	Map 4: 1/1	Map 5: 7/7	Map 6: 1/1	Reducer 2: 252(+1)/253	Reducer 3: 0(+1)/1	
INFO  : Map 1: 261/261	Map 4: 1/1	Map 5: 7/7	Map 6: 1/1	Reducer 2: 252(+1)/253	Reducer 3: 0(+1)/1	
INFO  : Map 1: 261/261	Map 4: 1/1	Map 5: 7/7	Map 6: 1/1	Reducer 2: 252(+1)/253	Reducer 3: 0(+1)/1	
INFO  : Map 1: 261/261	Map 4: 1/1	Map 5: 7/7	Map 6: 1/1	Reducer 2: 252(+1)/253	Reducer 3: 0(+1)/1	
INFO  : Map 1: 261/261	Map 4: 1/1	Map 5: 7/7	Map 6: 1/1	Reducer 2: 252(+1)/253	Reducer 3: 0(+1)/1	
INFO  : Map 1: 261/261	Map 4: 1/1	Map 5: 7/7	Map 6: 1/1	Reducer 2: 252(+1)/253	Reducer 3: 0(+1)/1	
INFO  : Map 1: 261/261	Map 4: 1/1	Map 5: 7/7	Map 6: 1/1	Reducer 2: 252(+1)/253	Reducer 3: 0(+1)/1	
INFO  : Map 1: 261/261	Map 4: 1/1	Map 5: 7/7	Map 6: 1/1	Reducer 2: 252(+1)/253	Reducer 3: 0(+1)/1	
INFO  : Map 1: 261/261	Map 4: 1/1	Map 5: 7/7	Map 6: 1/1	Reducer 2: 252(+1)/253	Reducer 3: 0(+1)/1	
INFO  : Map 1: 261/261	Map 4: 1/1	Map 5: 7/7	Map 6: 1/1	Reducer 2: 252(+1)/253	Reducer 3: 0(+1)/1	
INFO  : Map 1: 261/261	Map 4: 1/1	Map 5: 7/7	Map 6: 1/1	Reducer 2: 252(+1)/253	Reducer 3: 0(+1)/1	
INFO  : Map 1: 261/261	Map 4: 1/1	Map 5: 7/7	Map 6: 1/1	Reducer 2: 252(+1)/253	Reducer 3: 0(+1)/1	
INFO  : Map 1: 261/261	Map 4: 1/1	Map 5: 7/7	Map 6: 1/1	Reducer 2: 252(+1)/253	Reducer 3: 0(+1)/1	
INFO  : Map 1: 261/261	Map 4: 1/1	Map 5: 7/7	Map 6: 1/1	Reducer 2: 252(+1)/253	Reducer 3: 0(+1)/1	
INFO  : Map 1: 261/261	Map 4: 1/1	Map 5: 7/7	Map 6: 1/1	Reducer 2: 252(+1)/253	Reducer 3: 0(+1)/1	
INFO  : Map 1: 261/261	Map 4: 1/1	Map 5: 7/7	Map 6: 1/1	Reducer 2: 252(+1)/253	Reducer 3: 0(+1)/1	
INFO  : Map 1: 261/261	Map 4: 1/1	Map 5: 7/7	Map 6: 1/1	Reducer 2: 252(+1)/253	Reducer 3: 0(+1)/1	
INFO  : Map 1: 261/261	Map 4: 1/1	Map 5: 7/7	Map 6: 1/1	Reducer 2: 252(+1)/253	Reducer 3: 0(+1)/1	
INFO  : Map 1: 261/261	Map 4: 1/1	Map 5: 7/7	Map 6: 1/1	Reducer 2: 252(+1)/253	Reducer 3: 0(+1)/1	
INFO  : Map 1: 261/261	Map 4: 1/1	Map 5: 7/7	Map 6: 1/1	Reducer 2: 252(+1)/253	Reducer 3: 0(+1)/1	
INFO  : Map 1: 261/261	Map 4: 1/1	Map 5: 7/7	Map 6: 1/1	Reducer 2: 252(+1)/253	Reducer 3: 0(+1)/1	
INFO  : Map 1: 261/261	Map 4: 1/1	Map 5: 7/7	Map 6: 1/1	Reducer 2: 252(+1)/253	Reducer 3: 0(+1)/1	
INFO  : Map 1: 261/261	Map 4: 1/1	Map 5: 7/7	Map 6: 1/1	Reducer 2: 252(+1)/253	Reducer 3: 0(+1)/1	
INFO  : Map 1: 261/261	Map 4: 1/1	Map 5: 7/7	Map 6: 1/1	Reducer 2: 252(+1)/253	Reducer 3: 0(+1)/1	
INFO  : Map 1: 261/261	Map 4: 1/1	Map 5: 7/7	Map 6: 1/1	Reducer 2: 252(+1)/253	Reducer 3: 0(+1)/1	
INFO  : Map 1: 261/261	Map 4: 1/1	Map 5: 7/7	Map 6: 1/1	Reducer 2: 252(+1)/253	Reducer 3: 0(+1)/1	
INFO  : Map 1: 261/261	Map 4: 1/1	Map 5: 7/7	Map 6: 1/1	Reducer 2: 252(+1)/253	Reducer 3: 0(+1)/1	
INFO  : Map 1: 261/261	Map 4: 1/1	Map 5: 7/7	Map 6: 1/1	Reducer 2: 252(+1)/253	Reducer 3: 0(+1)/1	
INFO  : Map 1: 261/261	Map 4: 1/1	Map 5: 7/7	Map 6: 1/1	Reducer 2: 252(+1)/253	Reducer 3: 0(+1)/1	
INFO  : Map 1: 261/261	Map 4: 1/1	Map 5: 7/7	Map 6: 1/1	Reducer 2: 252(+1)/253	Reducer 3: 0(+1)/1	
INFO  : Map 1: 261/261	Map 4: 1/1	Map 5: 7/7	Map 6: 1/1	Reducer 2: 252(+1)/253	Reducer 3: 0(+1)/1	
INFO  : Map 1: 261/261	Map 4: 1/1	Map 5: 7/7	Map 6: 1/1	Reducer 2: 252(+1)/253	Reducer 3: 0(+1)/1	
INFO  : Map 1: 261/261	Map 4: 1/1	Map 5: 7/7	Map 6: 1/1	Reducer 2: 252(+1)/253	Reducer 3: 0(+1)/1	
INFO  : Map 1: 261/261	Map 4: 1/1	Map 5: 7/7	Map 6: 1/1	Reducer 2: 252(+1)/253	Reducer 3: 0(+1)/1	
INFO  : Map 1: 261/261	Map 4: 1/1	Map 5: 7/7	Map 6: 1/1	Reducer 2: 252(+1)/253	Reducer 3: 0(+1)/1	
INFO  : Map 1: 261/261	Map 4: 1/1	Map 5: 7/7	Map 6: 1/1	Reducer 2: 252(+1)/253	Reducer 3: 0(+1)/1	
INFO  : Map 1: 261/261	Map 4: 1/1	Map 5: 7/7	Map 6: 1/1	Reducer 2: 252(+1)/253	Reducer 3: 0(+1)/1	
INFO  : Map 1: 261/261	Map 4: 1/1	Map 5: 7/7	Map 6: 1/1	Reducer 2: 252(+1)/253	Reducer 3: 0(+1)/1	
INFO  : Map 1: 261/261	Map 4: 1/1	Map 5: 7/7	Map 6: 1/1	Reducer 2: 252(+1)/253	Reducer 3: 0(+1)/1	
INFO  : Map 1: 261/261	Map 4: 1/1	Map 5: 7/7	Map 6: 1/1	Reducer 2: 252(+1)/253	Reducer 3: 0(+1)/1	
INFO  : Map 1: 261/261	Map 4: 1/1	Map 5: 7/7	Map 6: 1/1	Reducer 2: 252(+1)/253	Reducer 3: 0(+1)/1	
INFO  : Map 1: 261/261	Map 4: 1/1	Map 5: 7/7	Map 6: 1/1	Reducer 2: 252(+1)/253	Reducer 3: 0(+1)/1	
INFO  : Map 1: 261/261	Map 4: 1/1	Map 5: 7/7	Map 6: 1/1	Reducer 2: 253/253	Reducer 3: 0(+1)/1	
INFO  : Map 1: 261/261	Map 4: 1/1	Map 5: 7/7	Map 6: 1/1	Reducer 2: 253/253	Reducer 3: 1/1	
INFO  : Status: DAG finished successfully in 470.69 seconds
INFO  : 
INFO  : Query Execution Summary
INFO  : ----------------------------------------------------------------------------------------------
INFO  : ----------------------------------------------------------------------------------------------
INFO  : Compile Query                           0.23s
INFO  : Prepare Plan                            0.25s
INFO  : Submit Plan                             0.13s
INFO  : Start DAG                               0.28s
INFO  : Run DAG                               470.69s
INFO  : ----------------------------------------------------------------------------------------------
INFO  : 
INFO  : Task Execution Summary
INFO  : --------------------------------------------------------------------------------------------------------------------------------
INFO  : --------------------------------------------------------------------------------------------------------------------------------
INFO  :      Map 1          261                0             0      286625.00             0            0  1,311,927,391   1,301,082,731
INFO  :      Map 4            1                0             0           0.00             0            0         10,000             366
INFO  :      Map 5            7                0             0           0.00             0            0        402,000         402,000
INFO  :      Map 6            1                0             0           0.00             0            0             25              25
INFO  :  Reducer 2          253                0             0      445218.00             0            0  1,301,082,731          25,300
INFO  :  Reducer 3            1                0             0      179639.00             0            0         25,300               0
INFO  : --------------------------------------------------------------------------------------------------------------------------------
INFO  : 
INFO  : LLAP IO Summary
INFO  : ----------------------------------------------------------------------------------------------
INFO  : ----------------------------------------------------------------------------------------------
INFO  :      Map 1    131283       522          0    2.89GB         0B          0B       0B   149.50s
INFO  :      Map 4         1         1          1      580B     9.55KB    131.07KB  11.94KB     0.01s
INFO  :      Map 5        42         7          7    1.41MB     2.35MB     13.89MB   9.60MB     0.16s
INFO  :      Map 6         1         2          0        7B         0B          0B       0B     0.01s
INFO  : ----------------------------------------------------------------------------------------------
INFO  : 
INFO  : FileSystem Counters Summary
INFO  : 
INFO  : ----------------------------------------------------------------------------------------------
INFO  : ----------------------------------------------------------------------------------------------
INFO  :      Map 1         56.45GB             0                  0            14.94GB             0
INFO  :      Map 4              0B             0                  0             1.52KB             0
INFO  :      Map 5              0B             0                  0             7.61MB             0
INFO  :      Map 6              0B             0                  0               160B             0
INFO  :  Reducer 2          4.54GB             0                  0           810.92KB             0
INFO  :  Reducer 3        193.32KB             0                  0                 0B             0
INFO  : ----------------------------------------------------------------------------------------------
INFO  : 
INFO  : ----------------------------------------------------------------------------------------------
INFO  : ----------------------------------------------------------------------------------------------
INFO  :      Map 1              0B             0                  0                 0B             0
INFO  :      Map 4         10.27KB             2                  0                 0B             0
INFO  :      Map 5          2.36MB            14                  0                 0B             0
INFO  :      Map 6              0B             0                  0                 0B             0
INFO  :  Reducer 2              0B             0                  0                 0B             0
INFO  :  Reducer 3              0B             2                  0             7.78KB             2
INFO  : ----------------------------------------------------------------------------------------------
INFO  : 
INFO  : org.apache.tez.common.counters.DAGCounter:
INFO  :    NUM_SUCCEEDED_TASKS: 524
INFO  :    TOTAL_LAUNCHED_TASKS: 524
INFO  :    DATA_LOCAL_TASKS: 270
INFO  :    AM_CPU_MILLISECONDS: 71450
INFO  :    AM_GC_TIME_MILLIS: 784
INFO  : File System Counters:
INFO  :    FILE_BYTES_READ: 60991001190
INFO  :    FILE_BYTES_WRITTEN: 14949423538
INFO  :    FILE_READ_OPS: 0
INFO  :    FILE_LARGE_READ_OPS: 0
INFO  :    FILE_WRITE_OPS: 0
INFO  :    HDFS_BYTES_READ: 2366619
INFO  :    HDFS_BYTES_WRITTEN: 7780
INFO  :    HDFS_READ_OPS: 18
INFO  :    HDFS_LARGE_READ_OPS: 0
INFO  :    HDFS_WRITE_OPS: 2
INFO  : org.apache.tez.common.counters.TaskCounter:
INFO  :    REDUCE_INPUT_GROUPS: 1095558
INFO  :    REDUCE_INPUT_RECORDS: 1301108031
INFO  :    COMBINE_INPUT_RECORDS: 0
INFO  :    SPILLED_RECORDS: 3903298793
INFO  :    NUM_SHUFFLED_INPUTS: 52802
INFO  :    NUM_SKIPPED_INPUTS: 210881
INFO  :    NUM_FAILED_SHUFFLE_INPUTS: 0
INFO  :    MERGED_MAP_OUTPUTS: 52721
INFO  :    INPUT_RECORDS_PROCESSED: 1315146935
INFO  :    INPUT_SPLIT_LENGTH_BYTES: 2934821665
INFO  :    OUTPUT_RECORDS: 1301510422
INFO  :    OUTPUT_LARGE_RECORDS: 0
INFO  :    OUTPUT_BYTES: 75178058603
INFO  :    OUTPUT_BYTES_WITH_OVERHEAD: 23114490467
INFO  :    OUTPUT_BYTES_PHYSICAL: 6169717428
INFO  :    ADDITIONAL_SPILLS_BYTES_WRITTEN: 8171785220
INFO  :    ADDITIONAL_SPILLS_BYTES_READ: 13917211356
INFO  :    ADDITIONAL_SPILL_COUNT: 371
INFO  :    SHUFFLE_CHUNK_COUNT: 514
INFO  :    SHUFFLE_BYTES: 6226375832
INFO  :    SHUFFLE_BYTES_DECOMPRESSED: 23321109125
INFO  :    SHUFFLE_BYTES_TO_MEM: 5509139927
INFO  :    SHUFFLE_BYTES_TO_DISK: 0
INFO  :    SHUFFLE_BYTES_DISK_DIRECT: 717235905
INFO  :    NUM_MEM_TO_DISK_MERGES: 5
INFO  :    NUM_DISK_TO_DISK_MERGES: 0
INFO  :    SHUFFLE_PHASE_TIME: 66394777
INFO  :    MERGE_PHASE_TIME: 66691560
INFO  :    FIRST_EVENT_RECEIVED: 6807
INFO  :    LAST_EVENT_RECEIVED: 66362246
INFO  : HIVE:
INFO  :    CREATED_FILES: 1
INFO  :    DESERIALIZE_ERRORS: 0
INFO  :    RECORDS_IN_Map_1: 1311525000
INFO  :    RECORDS_IN_Map_4: 10000
INFO  :    RECORDS_IN_Map_5: 402000
INFO  :    RECORDS_IN_Map_6: 25
INFO  :    RECORDS_OUT_0: 100
INFO  :    RECORDS_OUT_INTERMEDIATE_Map_1: 1301082731
INFO  :    RECORDS_OUT_INTERMEDIATE_Map_4: 366
INFO  :    RECORDS_OUT_INTERMEDIATE_Map_5: 402000
INFO  :    RECORDS_OUT_INTERMEDIATE_Map_6: 25
INFO  :    RECORDS_OUT_INTERMEDIATE_Reducer_2: 25300
INFO  : Shuffle Errors:
INFO  :    BAD_ID: 0
INFO  :    CONNECTION: 0
INFO  :    IO_ERROR: 0
INFO  :    WRONG_LENGTH: 0
INFO  :    WRONG_MAP: 0
INFO  :    WRONG_REDUCE: 0
INFO  : Shuffle Errors_Reducer_2_INPUT_Map_1:
INFO  :    BAD_ID: 0
INFO  :    CONNECTION: 0
INFO  :    IO_ERROR: 0
INFO  :    WRONG_LENGTH: 0
INFO  :    WRONG_MAP: 0
INFO  :    WRONG_REDUCE: 0
INFO  : Shuffle Errors_Reducer_3_INPUT_Reducer_2:
INFO  :    BAD_ID: 0
INFO  :    CONNECTION: 0
INFO  :    IO_ERROR: 0
INFO  :    WRONG_LENGTH: 0
INFO  :    WRONG_MAP: 0
INFO  :    WRONG_REDUCE: 0
INFO  : TaskCounter_Map_1_INPUT_Map_4:
INFO  :    FIRST_EVENT_RECEIVED: 86
INFO  :    INPUT_RECORDS_PROCESSED: 3294
INFO  :    LAST_EVENT_RECEIVED: 86
INFO  :    NUM_FAILED_SHUFFLE_INPUTS: 0
INFO  :    NUM_SHUFFLED_INPUTS: 9
INFO  :    SHUFFLE_BYTES: 13356
INFO  :    SHUFFLE_BYTES_DECOMPRESSED: 23112
INFO  :    SHUFFLE_BYTES_DISK_DIRECT: 1484
INFO  :    SHUFFLE_BYTES_TO_DISK: 0
INFO  :    SHUFFLE_BYTES_TO_MEM: 11872
INFO  :    SHUFFLE_PHASE_TIME: 163
INFO  : TaskCounter_Map_1_INPUT_Map_5:
INFO  :    FIRST_EVENT_RECEIVED: 21
INFO  :    INPUT_RECORDS_PROCESSED: 3618000
INFO  :    LAST_EVENT_RECEIVED: 119
INFO  :    NUM_FAILED_SHUFFLE_INPUTS: 0
INFO  :    NUM_SHUFFLED_INPUTS: 63
INFO  :    SHUFFLE_BYTES: 68471262
INFO  :    SHUFFLE_BYTES_DECOMPRESSED: 233844696
INFO  :    SHUFFLE_BYTES_DISK_DIRECT: 7607918
INFO  :    SHUFFLE_BYTES_TO_DISK: 0
INFO  :    SHUFFLE_BYTES_TO_MEM: 60863344
INFO  :    SHUFFLE_PHASE_TIME: 664
INFO  : TaskCounter_Map_1_INPUT_Map_6:
INFO  :    FIRST_EVENT_RECEIVED: 14
INFO  :    INPUT_RECORDS_PROCESSED: 225
INFO  :    LAST_EVENT_RECEIVED: 14
INFO  :    NUM_FAILED_SHUFFLE_INPUTS: 0
INFO  :    NUM_SHUFFLED_INPUTS: 9
INFO  :    SHUFFLE_BYTES: 1152
INFO  :    SHUFFLE_BYTES_DECOMPRESSED: 1629
INFO  :    SHUFFLE_BYTES_DISK_DIRECT: 128
INFO  :    SHUFFLE_BYTES_TO_DISK: 0
INFO  :    SHUFFLE_BYTES_TO_MEM: 1024
INFO  :    SHUFFLE_PHASE_TIME: 59
INFO  : TaskCounter_Map_1_INPUT_inventory:
INFO  :    INPUT_RECORDS_PROCESSED: 1311525000
INFO  :    INPUT_SPLIT_LENGTH_BYTES: 2895967428
INFO  : TaskCounter_Map_1_OUTPUT_Reducer_2:
INFO  :    ADDITIONAL_SPILLS_BYTES_READ: 8763128726
INFO  :    ADDITIONAL_SPILLS_BYTES_WRITTEN: 3727328965
INFO  :    ADDITIONAL_SPILL_COUNT: 371
INFO  :    OUTPUT_BYTES: 75151436968
INFO  :    OUTPUT_BYTES_PHYSICAL: 6161304861
INFO  :    OUTPUT_BYTES_WITH_OVERHEAD: 23087011878
INFO  :    OUTPUT_RECORDS: 1301082731
INFO  :    SHUFFLE_CHUNK_COUNT: 261
INFO  :    SPILLED_RECORDS: 2602165462
INFO  : TaskCounter_Map_4_INPUT_date_dim:
INFO  :    INPUT_RECORDS_PROCESSED: 10
INFO  :    INPUT_SPLIT_LENGTH_BYTES: 759177
INFO  : TaskCounter_Map_4_OUTPUT_Map_1:
INFO  :    ADDITIONAL_SPILLS_BYTES_READ: 0
INFO  :    ADDITIONAL_SPILLS_BYTES_WRITTEN: 0
INFO  :    ADDITIONAL_SPILL_COUNT: 0
INFO  :    OUTPUT_BYTES: 1830
INFO  :    OUTPUT_BYTES_PHYSICAL: 1508
INFO  :    OUTPUT_BYTES_WITH_OVERHEAD: 2568
INFO  :    OUTPUT_LARGE_RECORDS: 0
INFO  :    OUTPUT_RECORDS: 366
INFO  :    SPILLED_RECORDS: 0
INFO  : TaskCounter_Map_5_INPUT_item:
INFO  :    INPUT_RECORDS_PROCESSED: 405
INFO  :    INPUT_SPLIT_LENGTH_BYTES: 38092338
INFO  : TaskCounter_Map_5_OUTPUT_Map_1:
INFO  :    ADDITIONAL_SPILLS_BYTES_READ: 0
INFO  :    ADDITIONAL_SPILLS_BYTES_WRITTEN: 0
INFO  :    ADDITIONAL_SPILL_COUNT: 0
INFO  :    OUTPUT_BYTES: 25178702
INFO  :    OUTPUT_BYTES_PHYSICAL: 7608086
INFO  :    OUTPUT_BYTES_WITH_OVERHEAD: 25982744
INFO  :    OUTPUT_LARGE_RECORDS: 0
INFO  :    OUTPUT_RECORDS: 402000
INFO  :    SPILLED_RECORDS: 0
INFO  : TaskCounter_Map_6_INPUT_warehouse:
INFO  :    INPUT_RECORDS_PROCESSED: 1
INFO  :    INPUT_SPLIT_LENGTH_BYTES: 2722
INFO  : TaskCounter_Map_6_OUTPUT_Map_1:
INFO  :    ADDITIONAL_SPILLS_BYTES_READ: 0
INFO  :    ADDITIONAL_SPILLS_BYTES_WRITTEN: 0
INFO  :    ADDITIONAL_SPILL_COUNT: 0
INFO  :    OUTPUT_BYTES: 125
INFO  :    OUTPUT_BYTES_PHYSICAL: 152
INFO  :    OUTPUT_BYTES_WITH_OVERHEAD: 181
INFO  :    OUTPUT_LARGE_RECORDS: 0
INFO  :    OUTPUT_RECORDS: 25
INFO  :    SPILLED_RECORDS: 0
INFO  : TaskCounter_Reducer_2_INPUT_Map_1:
INFO  :    ADDITIONAL_SPILLS_BYTES_READ: 5153646676
INFO  :    ADDITIONAL_SPILLS_BYTES_WRITTEN: 4444131863
INFO  :    COMBINE_INPUT_RECORDS: 0
INFO  :    FIRST_EVENT_RECEIVED: 6685
INFO  :    LAST_EVENT_RECEIVED: 66182606
INFO  :    MERGED_MAP_OUTPUTS: 52468
INFO  :    MERGE_PHASE_TIME: 66512110
INFO  :    NUM_DISK_TO_DISK_MERGES: 0
INFO  :    NUM_FAILED_SHUFFLE_INPUTS: 0
INFO  :    NUM_MEM_TO_DISK_MERGES: 5
INFO  :    NUM_SHUFFLED_INPUTS: 52468
INFO  :    NUM_SKIPPED_INPUTS: 210881
INFO  :    REDUCE_INPUT_GROUPS: 1070258
INFO  :    REDUCE_INPUT_RECORDS: 1301082731
INFO  :    SHUFFLE_BYTES: 6157087241
INFO  :    SHUFFLE_BYTES_DECOMPRESSED: 23085746592
INFO  :    SHUFFLE_BYTES_DISK_DIRECT: 709514813
INFO  :    SHUFFLE_BYTES_TO_DISK: 0
INFO  :    SHUFFLE_BYTES_TO_MEM: 5447572428
INFO  :    SHUFFLE_PHASE_TIME: 66214467
INFO  :    SPILLED_RECORDS: 1301082731
INFO  : TaskCounter_Reducer_2_OUTPUT_Reducer_3:
INFO  :    ADDITIONAL_SPILLS_BYTES_READ: 0
INFO  :    ADDITIONAL_SPILLS_BYTES_WRITTEN: 0
INFO  :    ADDITIONAL_SPILL_COUNT: 0
INFO  :    OUTPUT_BYTES: 1440978
INFO  :    OUTPUT_BYTES_PHYSICAL: 802821
INFO  :    OUTPUT_BYTES_WITH_OVERHEAD: 1493096
INFO  :    OUTPUT_RECORDS: 25300
INFO  :    SHUFFLE_CHUNK_COUNT: 253
INFO  :    SPILLED_RECORDS: 25300
INFO  : TaskCounter_Reducer_3_INPUT_Reducer_2:
INFO  :    ADDITIONAL_SPILLS_BYTES_READ: 435954
INFO  :    ADDITIONAL_SPILLS_BYTES_WRITTEN: 324392
INFO  :    COMBINE_INPUT_RECORDS: 0
INFO  :    FIRST_EVENT_RECEIVED: 1
INFO  :    LAST_EVENT_RECEIVED: 179421
INFO  :    MERGED_MAP_OUTPUTS: 253
INFO  :    MERGE_PHASE_TIME: 179450
INFO  :    NUM_DISK_TO_DISK_MERGES: 0
INFO  :    NUM_FAILED_SHUFFLE_INPUTS: 0
INFO  :    NUM_MEM_TO_DISK_MERGES: 0
INFO  :    NUM_SHUFFLED_INPUTS: 253
INFO  :    NUM_SKIPPED_INPUTS: 0
INFO  :    REDUCE_INPUT_GROUPS: 25300
INFO  :    REDUCE_INPUT_RECORDS: 25300
INFO  :    SHUFFLE_BYTES: 802821
INFO  :    SHUFFLE_BYTES_DECOMPRESSED: 1493096
INFO  :    SHUFFLE_BYTES_DISK_DIRECT: 111562
INFO  :    SHUFFLE_BYTES_TO_DISK: 0
INFO  :    SHUFFLE_BYTES_TO_MEM: 691259
INFO  :    SHUFFLE_PHASE_TIME: 179424
INFO  :    SPILLED_RECORDS: 25300
INFO  : TaskCounter_Reducer_3_OUTPUT_out_Reducer_3:
INFO  :    OUTPUT_RECORDS: 0
INFO  : org.apache.hadoop.hive.llap.counters.LlapIOCounters:
INFO  :    ALLOCATED_BYTES: 14024704
INFO  :    ALLOCATED_USED_BYTES: 9609276
INFO  :    CACHE_HIT_BYTES: 2888731186
INFO  :    CACHE_MISS_BYTES: 2359731
INFO  :    CONSUMER_TIME_NS: 10571546023380
INFO  :    DECODE_TIME_NS: 144861077672
INFO  :    HDFS_TIME_NS: 88277316
INFO  :    METADATA_CACHE_HIT: 532
INFO  :    METADATA_CACHE_MISS: 8
INFO  :    NUM_DECODED_BATCHES: 131327
INFO  :    NUM_VECTOR_BATCHES: 1311941
INFO  :    ROWS_EMITTED: 1311937025
INFO  :    SELECTED_ROWGROUPS: 131327
INFO  :    TOTAL_IO_TIME_NS: 149672997780
INFO  : Completed executing command(queryId=hive_20161020154217_ea8dbea0-4637-49d9-9d7e-453c5ab52d20); Time taken: 471.424 seconds
INFO  : OK
100 rows selected (471.714 seconds)
Closing: 0: jdbc:hive2://h01hn02:10500/tpcds_bin_partitioned_orc_10000
