Connecting to jdbc:hive2://h01hn02:10500/tpcds_bin_partitioned_orc_10000
Connected to: Apache Hive (version 2.1.0.2.5.1.0-43)
Driver: Hive JDBC (version 1.2.1000.2.5.1.0-43)
Transaction isolation: TRANSACTION_REPEATABLE_READ
Running init script bry.sql
No rows affected (0.036 seconds)
No rows affected (0.002 seconds)
INFO  : Compiling command(queryId=hive_20161019161504_2c83bdea-7d95-4a71-bd1c-b75149a97507): select  i_item_id
       ,i_item_desc
       ,i_current_price
 from item, inventory, date_dim, store_sales
 where i_current_price between 30 and 30+30
 and inv_item_sk = i_item_sk
 and d_date_sk=inv_date_sk
 and d_date between '2002-05-30' and '2002-07-30'
 and i_manufact_id in (437,129,727,663)
 and inv_quantity_on_hand between 100 and 500
 and ss_item_sk = i_item_sk
 group by i_item_id,i_item_desc,i_current_price
 order by i_item_id
 limit 100
INFO  : Semantic Analysis Completed
INFO  : Returning Hive schema: Schema(fieldSchemas:[FieldSchema(name:i_item_id, type:string, comment:null), FieldSchema(name:i_item_desc, type:string, comment:null), FieldSchema(name:i_current_price, type:float, comment:null)], properties:null)
INFO  : Completed compiling command(queryId=hive_20161019161504_2c83bdea-7d95-4a71-bd1c-b75149a97507); Time taken: 0.63 seconds
INFO  : Concurrency mode is disabled, not creating a lock manager
INFO  : Executing command(queryId=hive_20161019161504_2c83bdea-7d95-4a71-bd1c-b75149a97507): select  i_item_id
       ,i_item_desc
       ,i_current_price
 from item, inventory, date_dim, store_sales
 where i_current_price between 30 and 30+30
 and inv_item_sk = i_item_sk
 and d_date_sk=inv_date_sk
 and d_date between '2002-05-30' and '2002-07-30'
 and i_manufact_id in (437,129,727,663)
 and inv_quantity_on_hand between 100 and 500
 and ss_item_sk = i_item_sk
 group by i_item_id,i_item_desc,i_current_price
 order by i_item_id
 limit 100
INFO  : Query ID = hive_20161019161504_2c83bdea-7d95-4a71-bd1c-b75149a97507
INFO  : Total jobs = 1
INFO  : Launching Job 1 out of 1
INFO  : Starting task [Stage-1:MAPRED] in serial mode
INFO  : Session is already open
INFO  : Dag name: select  i_item_id
       ,i_item_desc
...100(Stage-1)
INFO  : Setting tez.task.scale.memory.reserve-fraction to 0.30000001192092896
INFO  : Tez session was closed. Reopening...
INFO  : Session re-established.
INFO  : 

INFO  : Status: Running (Executing on YARN cluster with App id application_1476716628816_0197)

INFO  : Map 1: 0/7	Map 2: -/-	Map 3: 0/1	Map 4: -/-	Reducer 5: 0/1009	Reducer 6: 0/1009	Reducer 7: 0/1	
INFO  : Map 1: 0(+7)/7	Map 2: -/-	Map 3: 0(+1)/1	Map 4: -/-	Reducer 5: 0/1009	Reducer 6: 0/1009	Reducer 7: 0/1	
INFO  : Map 1: 7/7	Map 2: 0(+7)/128	Map 3: 1/1	Map 4: -/-	Reducer 5: 0/1009	Reducer 6: 0/1009	Reducer 7: 0/1	
INFO  : Map 1: 7/7	Map 2: 0(+14)/128	Map 3: 1/1	Map 4: -/-	Reducer 5: 0/1009	Reducer 6: 0/1009	Reducer 7: 0/1	
INFO  : Map 1: 7/7	Map 2: 0(+128)/128	Map 3: 1/1	Map 4: -/-	Reducer 5: 0/1009	Reducer 6: 0/1009	Reducer 7: 0/1	
INFO  : Map 1: 7/7	Map 2: 0(+127)/128	Map 3: 1/1	Map 4: -/-	Reducer 5: 0/1009	Reducer 6: 0/1009	Reducer 7: 0/1	
INFO  : Map 1: 7/7	Map 2: 1(+127)/128	Map 3: 1/1	Map 4: -/-	Reducer 5: 0/1009	Reducer 6: 0/1009	Reducer 7: 0/1	
INFO  : Map 1: 7/7	Map 2: 8(+120)/128	Map 3: 1/1	Map 4: -/-	Reducer 5: 0/1009	Reducer 6: 0/1009	Reducer 7: 0/1	
INFO  : Map 1: 7/7	Map 2: 13(+115)/128	Map 3: 1/1	Map 4: 0(+13)/114	Reducer 5: 0/1009	Reducer 6: 0/1009	Reducer 7: 0/1	
INFO  : Map 1: 7/7	Map 2: 18(+110)/128	Map 3: 1/1	Map 4: 0(+114)/114	Reducer 5: 0/1009	Reducer 6: 0/1009	Reducer 7: 0/1	
INFO  : Map 1: 7/7	Map 2: 22(+106)/128	Map 3: 1/1	Map 4: 0(+114)/114	Reducer 5: 0/1009	Reducer 6: 0/1009	Reducer 7: 0/1	
INFO  : Map 1: 7/7	Map 2: 24(+104)/128	Map 3: 1/1	Map 4: 0(+114)/114	Reducer 5: 0/1009	Reducer 6: 0/1009	Reducer 7: 0/1	
INFO  : Map 1: 7/7	Map 2: 30(+98)/128	Map 3: 1/1	Map 4: 0(+114)/114	Reducer 5: 0/1009	Reducer 6: 0/1009	Reducer 7: 0/1	
INFO  : Map 1: 7/7	Map 2: 44(+84)/128	Map 3: 1/1	Map 4: 0(+114)/114	Reducer 5: 0/1009	Reducer 6: 0/1009	Reducer 7: 0/1	
INFO  : Map 1: 7/7	Map 2: 52(+76)/128	Map 3: 1/1	Map 4: 0(+114)/114	Reducer 5: 0/1009	Reducer 6: 0/1009	Reducer 7: 0/1	
INFO  : Map 1: 7/7	Map 2: 58(+70)/128	Map 3: 1/1	Map 4: 0(+114)/114	Reducer 5: 0/1009	Reducer 6: 0/1009	Reducer 7: 0/1	
INFO  : Map 1: 7/7	Map 2: 69(+59)/128	Map 3: 1/1	Map 4: 0(+114)/114	Reducer 5: 0/1009	Reducer 6: 0/1009	Reducer 7: 0/1	
INFO  : Map 1: 7/7	Map 2: 82(+46)/128	Map 3: 1/1	Map 4: 0(+114)/114	Reducer 5: 0/1009	Reducer 6: 0/1009	Reducer 7: 0/1	
INFO  : Map 1: 7/7	Map 2: 91(+37)/128	Map 3: 1/1	Map 4: 0(+114)/114	Reducer 5: 0/1009	Reducer 6: 0/1009	Reducer 7: 0/1	
INFO  : Map 1: 7/7	Map 2: 97(+31)/128	Map 3: 1/1	Map 4: 0(+114)/114	Reducer 5: 0/1009	Reducer 6: 0/1009	Reducer 7: 0/1	
INFO  : Map 1: 7/7	Map 2: 107(+21)/128	Map 3: 1/1	Map 4: 0(+114)/114	Reducer 5: 0/1009	Reducer 6: 0/1009	Reducer 7: 0/1	
INFO  : Map 1: 7/7	Map 2: 109(+19)/128	Map 3: 1/1	Map 4: 0(+114)/114	Reducer 5: 0/1009	Reducer 6: 0/1009	Reducer 7: 0/1	
INFO  : Map 1: 7/7	Map 2: 115(+13)/128	Map 3: 1/1	Map 4: 0(+114)/114	Reducer 5: 0/1009	Reducer 6: 0/1009	Reducer 7: 0/1	
INFO  : Map 1: 7/7	Map 2: 116(+12)/128	Map 3: 1/1	Map 4: 0(+114)/114	Reducer 5: 0/1009	Reducer 6: 0/1009	Reducer 7: 0/1	
INFO  : Map 1: 7/7	Map 2: 118(+10)/128	Map 3: 1/1	Map 4: 0(+114)/114	Reducer 5: 0/1009	Reducer 6: 0/1009	Reducer 7: 0/1	
INFO  : Map 1: 7/7	Map 2: 118(+10)/128	Map 3: 1/1	Map 4: 1(+113)/114	Reducer 5: 0/1009	Reducer 6: 0/1009	Reducer 7: 0/1	
INFO  : Map 1: 7/7	Map 2: 119(+9)/128	Map 3: 1/1	Map 4: 1(+113)/114	Reducer 5: 0/1009	Reducer 6: 0/1009	Reducer 7: 0/1	
INFO  : Map 1: 7/7	Map 2: 120(+8)/128	Map 3: 1/1	Map 4: 1(+113)/114	Reducer 5: 0/1009	Reducer 6: 0/1009	Reducer 7: 0/1	
INFO  : Map 1: 7/7	Map 2: 121(+7)/128	Map 3: 1/1	Map 4: 1(+113)/114	Reducer 5: 0/1009	Reducer 6: 0/1009	Reducer 7: 0/1	
INFO  : Map 1: 7/7	Map 2: 122(+6)/128	Map 3: 1/1	Map 4: 1(+113)/114	Reducer 5: 0/1009	Reducer 6: 0/1009	Reducer 7: 0/1	
INFO  : Map 1: 7/7	Map 2: 124(+4)/128	Map 3: 1/1	Map 4: 1(+113)/114	Reducer 5: 0/1009	Reducer 6: 0/1009	Reducer 7: 0/1	
INFO  : Map 1: 7/7	Map 2: 125(+3)/128	Map 3: 1/1	Map 4: 1(+113)/114	Reducer 5: 0/1009	Reducer 6: 0/1009	Reducer 7: 0/1	
INFO  : Map 1: 7/7	Map 2: 127(+1)/128	Map 3: 1/1	Map 4: 1(+113)/114	Reducer 5: 0/1009	Reducer 6: 0/1009	Reducer 7: 0/1	
INFO  : Map 1: 7/7	Map 2: 128/128	Map 3: 1/1	Map 4: 1(+113)/114	Reducer 5: 0/1009	Reducer 6: 0/1009	Reducer 7: 0/1	
INFO  : Map 1: 7/7	Map 2: 128/128	Map 3: 1/1	Map 4: 1(+113)/114	Reducer 5: 0/1009	Reducer 6: 0/1009	Reducer 7: 0/1	
INFO  : Map 1: 7/7	Map 2: 128/128	Map 3: 1/1	Map 4: 1(+113)/114	Reducer 5: 0/1009	Reducer 6: 0/1009	Reducer 7: 0/1	
INFO  : Map 1: 7/7	Map 2: 128/128	Map 3: 1/1	Map 4: 1(+113)/114	Reducer 5: 0/1009	Reducer 6: 0/1009	Reducer 7: 0/1	
INFO  : Map 1: 7/7	Map 2: 128/128	Map 3: 1/1	Map 4: 1(+113)/114	Reducer 5: 0/1009	Reducer 6: 0/1009	Reducer 7: 0/1	
INFO  : Map 1: 7/7	Map 2: 128/128	Map 3: 1/1	Map 4: 1(+113)/114	Reducer 5: 0/1009	Reducer 6: 0/1009	Reducer 7: 0/1	
INFO  : Map 1: 7/7	Map 2: 128/128	Map 3: 1/1	Map 4: 1(+113)/114	Reducer 5: 0/1009	Reducer 6: 0/1009	Reducer 7: 0/1	
INFO  : Map 1: 7/7	Map 2: 128/128	Map 3: 1/1	Map 4: 2(+112)/114	Reducer 5: 0/1009	Reducer 6: 0/1009	Reducer 7: 0/1	
INFO  : Map 1: 7/7	Map 2: 128/128	Map 3: 1/1	Map 4: 2(+112)/114	Reducer 5: 0/1009	Reducer 6: 0/1009	Reducer 7: 0/1	
INFO  : Map 1: 7/7	Map 2: 128/128	Map 3: 1/1	Map 4: 2(+112)/114	Reducer 5: 0/1009	Reducer 6: 0/1009	Reducer 7: 0/1	
INFO  : Map 1: 7/7	Map 2: 128/128	Map 3: 1/1	Map 4: 2(+112)/114	Reducer 5: 0/1009	Reducer 6: 0/1009	Reducer 7: 0/1	
INFO  : Map 1: 7/7	Map 2: 128/128	Map 3: 1/1	Map 4: 3(+111)/114	Reducer 5: 0/1009	Reducer 6: 0/1009	Reducer 7: 0/1	
INFO  : Map 1: 7/7	Map 2: 128/128	Map 3: 1/1	Map 4: 3(+111)/114	Reducer 5: 0/1009	Reducer 6: 0/1009	Reducer 7: 0/1	
INFO  : Map 1: 7/7	Map 2: 128/128	Map 3: 1/1	Map 4: 3(+111)/114	Reducer 5: 0/1009	Reducer 6: 0/1009	Reducer 7: 0/1	
INFO  : Map 1: 7/7	Map 2: 128/128	Map 3: 1/1	Map 4: 3(+111)/114	Reducer 5: 0/1009	Reducer 6: 0/1009	Reducer 7: 0/1	
INFO  : Map 1: 7/7	Map 2: 128/128	Map 3: 1/1	Map 4: 3(+111)/114	Reducer 5: 0/1009	Reducer 6: 0/1009	Reducer 7: 0/1	
INFO  : Map 1: 7/7	Map 2: 128/128	Map 3: 1/1	Map 4: 3(+111)/114	Reducer 5: 0/1009	Reducer 6: 0/1009	Reducer 7: 0/1	
INFO  : Map 1: 7/7	Map 2: 128/128	Map 3: 1/1	Map 4: 3(+111)/114	Reducer 5: 0/1009	Reducer 6: 0/1009	Reducer 7: 0/1	
INFO  : Map 1: 7/7	Map 2: 128/128	Map 3: 1/1	Map 4: 3(+111)/114	Reducer 5: 0/1009	Reducer 6: 0/1009	Reducer 7: 0/1	
INFO  : Map 1: 7/7	Map 2: 128/128	Map 3: 1/1	Map 4: 4(+110)/114	Reducer 5: 0/1009	Reducer 6: 0/1009	Reducer 7: 0/1	
INFO  : Map 1: 7/7	Map 2: 128/128	Map 3: 1/1	Map 4: 5(+109)/114	Reducer 5: 0/1009	Reducer 6: 0/1009	Reducer 7: 0/1	
INFO  : Map 1: 7/7	Map 2: 128/128	Map 3: 1/1	Map 4: 5(+109)/114	Reducer 5: 0/1009	Reducer 6: 0/1009	Reducer 7: 0/1	
INFO  : Map 1: 7/7	Map 2: 128/128	Map 3: 1/1	Map 4: 6(+108)/114	Reducer 5: 0/1009	Reducer 6: 0/1009	Reducer 7: 0/1	
INFO  : Map 1: 7/7	Map 2: 128/128	Map 3: 1/1	Map 4: 6(+108)/114	Reducer 5: 0/1009	Reducer 6: 0/1009	Reducer 7: 0/1	
INFO  : Map 1: 7/7	Map 2: 128/128	Map 3: 1/1	Map 4: 7(+107)/114	Reducer 5: 0/1009	Reducer 6: 0/1009	Reducer 7: 0/1	
INFO  : Map 1: 7/7	Map 2: 128/128	Map 3: 1/1	Map 4: 7(+107)/114	Reducer 5: 0/1009	Reducer 6: 0/1009	Reducer 7: 0/1	
INFO  : Map 1: 7/7	Map 2: 128/128	Map 3: 1/1	Map 4: 7(+107)/114	Reducer 5: 0/1009	Reducer 6: 0/1009	Reducer 7: 0/1	
INFO  : Map 1: 7/7	Map 2: 128/128	Map 3: 1/1	Map 4: 7(+107)/114	Reducer 5: 0/1009	Reducer 6: 0/1009	Reducer 7: 0/1	
INFO  : Map 1: 7/7	Map 2: 128/128	Map 3: 1/1	Map 4: 7(+107)/114	Reducer 5: 0/1009	Reducer 6: 0/1009	Reducer 7: 0/1	
INFO  : Map 1: 7/7	Map 2: 128/128	Map 3: 1/1	Map 4: 7(+107)/114	Reducer 5: 0/1009	Reducer 6: 0/1009	Reducer 7: 0/1	
INFO  : Map 1: 7/7	Map 2: 128/128	Map 3: 1/1	Map 4: 7(+107)/114	Reducer 5: 0/1009	Reducer 6: 0/1009	Reducer 7: 0/1	
INFO  : Map 1: 7/7	Map 2: 128/128	Map 3: 1/1	Map 4: 7(+107)/114	Reducer 5: 0/1009	Reducer 6: 0/1009	Reducer 7: 0/1	
INFO  : Map 1: 7/7	Map 2: 128/128	Map 3: 1/1	Map 4: 7(+107)/114	Reducer 5: 0/1009	Reducer 6: 0/1009	Reducer 7: 0/1	
INFO  : Map 1: 7/7	Map 2: 128/128	Map 3: 1/1	Map 4: 7(+107)/114	Reducer 5: 0/1009	Reducer 6: 0/1009	Reducer 7: 0/1	
INFO  : Map 1: 7/7	Map 2: 128/128	Map 3: 1/1	Map 4: 7(+107)/114	Reducer 5: 0/1009	Reducer 6: 0/1009	Reducer 7: 0/1	
INFO  : Map 1: 7/7	Map 2: 128/128	Map 3: 1/1	Map 4: 7(+107)/114	Reducer 5: 0/1009	Reducer 6: 0/1009	Reducer 7: 0/1	
INFO  : Map 1: 7/7	Map 2: 128/128	Map 3: 1/1	Map 4: 7(+107)/114	Reducer 5: 0/1009	Reducer 6: 0/1009	Reducer 7: 0/1	
INFO  : Map 1: 7/7	Map 2: 128/128	Map 3: 1/1	Map 4: 8(+106)/114	Reducer 5: 0/1009	Reducer 6: 0/1009	Reducer 7: 0/1	
INFO  : Map 1: 7/7	Map 2: 128/128	Map 3: 1/1	Map 4: 8(+106)/114	Reducer 5: 0/1009	Reducer 6: 0/1009	Reducer 7: 0/1	
INFO  : Map 1: 7/7	Map 2: 128/128	Map 3: 1/1	Map 4: 8(+106)/114	Reducer 5: 0/1009	Reducer 6: 0/1009	Reducer 7: 0/1	
INFO  : Map 1: 7/7	Map 2: 128/128	Map 3: 1/1	Map 4: 9(+105)/114	Reducer 5: 0/1009	Reducer 6: 0/1009	Reducer 7: 0/1	
INFO  : Map 1: 7/7	Map 2: 128/128	Map 3: 1/1	Map 4: 9(+105)/114	Reducer 5: 0/1009	Reducer 6: 0/1009	Reducer 7: 0/1	
INFO  : Map 1: 7/7	Map 2: 128/128	Map 3: 1/1	Map 4: 10(+104)/114	Reducer 5: 0/1009	Reducer 6: 0/1009	Reducer 7: 0/1	
INFO  : Map 1: 7/7	Map 2: 128/128	Map 3: 1/1	Map 4: 11(+103)/114	Reducer 5: 0/1009	Reducer 6: 0/1009	Reducer 7: 0/1	
INFO  : Map 1: 7/7	Map 2: 128/128	Map 3: 1/1	Map 4: 12(+102)/114	Reducer 5: 0/1009	Reducer 6: 0/1009	Reducer 7: 0/1	
INFO  : Map 1: 7/7	Map 2: 128/128	Map 3: 1/1	Map 4: 13(+101)/114	Reducer 5: 0/1009	Reducer 6: 0/1009	Reducer 7: 0/1	
INFO  : Map 1: 7/7	Map 2: 128/128	Map 3: 1/1	Map 4: 14(+100)/114	Reducer 5: 0/1009	Reducer 6: 0/1009	Reducer 7: 0/1	
INFO  : Map 1: 7/7	Map 2: 128/128	Map 3: 1/1	Map 4: 15(+99)/114	Reducer 5: 0/1009	Reducer 6: 0/1009	Reducer 7: 0/1	
INFO  : Map 1: 7/7	Map 2: 128/128	Map 3: 1/1	Map 4: 17(+97)/114	Reducer 5: 0/1009	Reducer 6: 0/1009	Reducer 7: 0/1	
INFO  : Map 1: 7/7	Map 2: 128/128	Map 3: 1/1	Map 4: 19(+95)/114	Reducer 5: 0/1009	Reducer 6: 0/1009	Reducer 7: 0/1	
INFO  : Map 1: 7/7	Map 2: 128/128	Map 3: 1/1	Map 4: 21(+93)/114	Reducer 5: 0/1009	Reducer 6: 0/1009	Reducer 7: 0/1	
INFO  : Map 1: 7/7	Map 2: 128/128	Map 3: 1/1	Map 4: 22(+92)/114	Reducer 5: 0/1009	Reducer 6: 0/1009	Reducer 7: 0/1	
INFO  : Map 1: 7/7	Map 2: 128/128	Map 3: 1/1	Map 4: 24(+90)/114	Reducer 5: 0(+54)/1009	Reducer 6: 0/1009	Reducer 7: 0/1	
INFO  : Map 1: 7/7	Map 2: 128/128	Map 3: 1/1	Map 4: 25(+89)/114	Reducer 5: 0(+98)/1009	Reducer 6: 0/1009	Reducer 7: 0/1	
INFO  : Map 1: 7/7	Map 2: 128/128	Map 3: 1/1	Map 4: 26(+88)/114	Reducer 5: 0(+142)/1009	Reducer 6: 0/1009	Reducer 7: 0/1	
INFO  : Map 1: 7/7	Map 2: 128/128	Map 3: 1/1	Map 4: 29(+85)/114	Reducer 5: 0(+237)/1009	Reducer 6: 0/1009	Reducer 7: 0/1	
INFO  : Map 1: 7/7	Map 2: 128/128	Map 3: 1/1	Map 4: 29(+85)/114	Reducer 5: 0(+275)/1009	Reducer 6: 0/1009	Reducer 7: 0/1	
INFO  : Map 1: 7/7	Map 2: 128/128	Map 3: 1/1	Map 4: 30(+84)/114	Reducer 5: 0(+282)/1009	Reducer 6: 0/1009	Reducer 7: 0/1	
INFO  : Map 1: 7/7	Map 2: 128/128	Map 3: 1/1	Map 4: 30(+84)/114	Reducer 5: 0(+319)/1009	Reducer 6: 0/1009	Reducer 7: 0/1	
INFO  : Map 1: 7/7	Map 2: 128/128	Map 3: 1/1	Map 4: 32(+82)/114	Reducer 5: 0(+368)/1009	Reducer 6: 0/1009	Reducer 7: 0/1	
INFO  : Map 1: 7/7	Map 2: 128/128	Map 3: 1/1	Map 4: 32(+82)/114	Reducer 5: 0(+408)/1009	Reducer 6: 0/1009	Reducer 7: 0/1	
INFO  : Map 1: 7/7	Map 2: 128/128	Map 3: 1/1	Map 4: 34(+80)/114	Reducer 5: 0(+424)/1009	Reducer 6: 0/1009	Reducer 7: 0/1	
INFO  : Map 1: 7/7	Map 2: 128/128	Map 3: 1/1	Map 4: 35(+79)/114	Reducer 5: 0(+425)/1009	Reducer 6: 0/1009	Reducer 7: 0/1	
INFO  : Map 1: 7/7	Map 2: 128/128	Map 3: 1/1	Map 4: 37(+77)/114	Reducer 5: 0(+427)/1009	Reducer 6: 0/1009	Reducer 7: 0/1	
INFO  : Map 1: 7/7	Map 2: 128/128	Map 3: 1/1	Map 4: 40(+74)/114	Reducer 5: 0(+430)/1009	Reducer 6: 0/1009	Reducer 7: 0/1	
INFO  : Map 1: 7/7	Map 2: 128/128	Map 3: 1/1	Map 4: 41(+73)/114	Reducer 5: 0(+431)/1009	Reducer 6: 0/1009	Reducer 7: 0/1	
INFO  : Map 1: 7/7	Map 2: 128/128	Map 3: 1/1	Map 4: 44(+70)/114	Reducer 5: 0(+434)/1009	Reducer 6: 0/1009	Reducer 7: 0/1	
INFO  : Map 1: 7/7	Map 2: 128/128	Map 3: 1/1	Map 4: 45(+69)/114	Reducer 5: 0(+435)/1009	Reducer 6: 0/1009	Reducer 7: 0/1	
INFO  : Map 1: 7/7	Map 2: 128/128	Map 3: 1/1	Map 4: 46(+68)/114	Reducer 5: 0(+435)/1009	Reducer 6: 0/1009	Reducer 7: 0/1	
INFO  : Map 1: 7/7	Map 2: 128/128	Map 3: 1/1	Map 4: 46(+68)/114	Reducer 5: 0(+436)/1009	Reducer 6: 0/1009	Reducer 7: 0/1	
INFO  : Map 1: 7/7	Map 2: 128/128	Map 3: 1/1	Map 4: 47(+67)/114	Reducer 5: 0(+437)/1009	Reducer 6: 0/1009	Reducer 7: 0/1	
INFO  : Map 1: 7/7	Map 2: 128/128	Map 3: 1/1	Map 4: 48(+66)/114	Reducer 5: 0(+438)/1009	Reducer 6: 0/1009	Reducer 7: 0/1	
INFO  : Map 1: 7/7	Map 2: 128/128	Map 3: 1/1	Map 4: 49(+65)/114	Reducer 5: 0(+439)/1009	Reducer 6: 0/1009	Reducer 7: 0/1	
INFO  : Map 1: 7/7	Map 2: 128/128	Map 3: 1/1	Map 4: 50(+64)/114	Reducer 5: 0(+440)/1009	Reducer 6: 0/1009	Reducer 7: 0/1	
INFO  : Map 1: 7/7	Map 2: 128/128	Map 3: 1/1	Map 4: 54(+60)/114	Reducer 5: 0(+444)/1009	Reducer 6: 0/1009	Reducer 7: 0/1	
INFO  : Map 1: 7/7	Map 2: 128/128	Map 3: 1/1	Map 4: 55(+59)/114	Reducer 5: 0(+445)/1009	Reducer 6: 0/1009	Reducer 7: 0/1	
INFO  : Map 1: 7/7	Map 2: 128/128	Map 3: 1/1	Map 4: 56(+58)/114	Reducer 5: 0(+446)/1009	Reducer 6: 0/1009	Reducer 7: 0/1	
INFO  : Map 1: 7/7	Map 2: 128/128	Map 3: 1/1	Map 4: 57(+57)/114	Reducer 5: 0(+447)/1009	Reducer 6: 0/1009	Reducer 7: 0/1	
INFO  : Map 1: 7/7	Map 2: 128/128	Map 3: 1/1	Map 4: 59(+55)/114	Reducer 5: 0(+449)/1009	Reducer 6: 0/1009	Reducer 7: 0/1	
INFO  : Map 1: 7/7	Map 2: 128/128	Map 3: 1/1	Map 4: 60(+54)/114	Reducer 5: 0(+450)/1009	Reducer 6: 0/1009	Reducer 7: 0/1	
INFO  : Map 1: 7/7	Map 2: 128/128	Map 3: 1/1	Map 4: 62(+52)/114	Reducer 5: 0(+452)/1009	Reducer 6: 0/1009	Reducer 7: 0/1	
INFO  : Map 1: 7/7	Map 2: 128/128	Map 3: 1/1	Map 4: 64(+50)/114	Reducer 5: 0(+454)/1009	Reducer 6: 0/1009	Reducer 7: 0/1	
INFO  : Map 1: 7/7	Map 2: 128/128	Map 3: 1/1	Map 4: 66(+48)/114	Reducer 5: 0(+456)/1009	Reducer 6: 0/1009	Reducer 7: 0/1	
INFO  : Map 1: 7/7	Map 2: 128/128	Map 3: 1/1	Map 4: 67(+47)/114	Reducer 5: 0(+457)/1009	Reducer 6: 0/1009	Reducer 7: 0/1	
INFO  : Map 1: 7/7	Map 2: 128/128	Map 3: 1/1	Map 4: 69(+45)/114	Reducer 5: 0(+459)/1009	Reducer 6: 0/1009	Reducer 7: 0/1	
INFO  : Map 1: 7/7	Map 2: 128/128	Map 3: 1/1	Map 4: 71(+43)/114	Reducer 5: 0(+461)/1009	Reducer 6: 0/1009	Reducer 7: 0/1	
INFO  : Map 1: 7/7	Map 2: 128/128	Map 3: 1/1	Map 4: 73(+41)/114	Reducer 5: 0(+463)/1009	Reducer 6: 0/1009	Reducer 7: 0/1	
INFO  : Map 1: 7/7	Map 2: 128/128	Map 3: 1/1	Map 4: 76(+38)/114	Reducer 5: 0(+466)/1009	Reducer 6: 0/1009	Reducer 7: 0/1	
INFO  : Map 1: 7/7	Map 2: 128/128	Map 3: 1/1	Map 4: 78(+36)/114	Reducer 5: 0(+468)/1009	Reducer 6: 0/1009	Reducer 7: 0/1	
INFO  : Map 1: 7/7	Map 2: 128/128	Map 3: 1/1	Map 4: 79(+35)/114	Reducer 5: 0(+469)/1009	Reducer 6: 0/1009	Reducer 7: 0/1	
INFO  : Map 1: 7/7	Map 2: 128/128	Map 3: 1/1	Map 4: 80(+34)/114	Reducer 5: 0(+470)/1009	Reducer 6: 0/1009	Reducer 7: 0/1	
INFO  : Map 1: 7/7	Map 2: 128/128	Map 3: 1/1	Map 4: 82(+32)/114	Reducer 5: 0(+472)/1009	Reducer 6: 0/1009	Reducer 7: 0/1	
INFO  : Map 1: 7/7	Map 2: 128/128	Map 3: 1/1	Map 4: 83(+31)/114	Reducer 5: 0(+473)/1009	Reducer 6: 0/1009	Reducer 7: 0/1	
INFO  : Map 1: 7/7	Map 2: 128/128	Map 3: 1/1	Map 4: 85(+29)/114	Reducer 5: 0(+475)/1009	Reducer 6: 0/1009	Reducer 7: 0/1	
INFO  : Map 1: 7/7	Map 2: 128/128	Map 3: 1/1	Map 4: 86(+28)/114	Reducer 5: 0(+476)/1009	Reducer 6: 0/1009	Reducer 7: 0/1	
INFO  : Map 1: 7/7	Map 2: 128/128	Map 3: 1/1	Map 4: 89(+25)/114	Reducer 5: 0(+479)/1009	Reducer 6: 0/1009	Reducer 7: 0/1	
INFO  : Map 1: 7/7	Map 2: 128/128	Map 3: 1/1	Map 4: 91(+23)/114	Reducer 5: 0(+481)/1009	Reducer 6: 0/1009	Reducer 7: 0/1	
INFO  : Map 1: 7/7	Map 2: 128/128	Map 3: 1/1	Map 4: 94(+20)/114	Reducer 5: 0(+484)/1009	Reducer 6: 0/1009	Reducer 7: 0/1	
INFO  : Map 1: 7/7	Map 2: 128/128	Map 3: 1/1	Map 4: 95(+19)/114	Reducer 5: 0(+485)/1009	Reducer 6: 0/1009	Reducer 7: 0/1	
INFO  : Map 1: 7/7	Map 2: 128/128	Map 3: 1/1	Map 4: 97(+17)/114	Reducer 5: 0(+487)/1009	Reducer 6: 0/1009	Reducer 7: 0/1	
INFO  : Map 1: 7/7	Map 2: 128/128	Map 3: 1/1	Map 4: 98(+16)/114	Reducer 5: 0(+488)/1009	Reducer 6: 0/1009	Reducer 7: 0/1	
INFO  : Map 1: 7/7	Map 2: 128/128	Map 3: 1/1	Map 4: 99(+15)/114	Reducer 5: 0(+489)/1009	Reducer 6: 0/1009	Reducer 7: 0/1	
INFO  : Map 1: 7/7	Map 2: 128/128	Map 3: 1/1	Map 4: 100(+14)/114	Reducer 5: 0(+490)/1009	Reducer 6: 0/1009	Reducer 7: 0/1	
INFO  : Map 1: 7/7	Map 2: 128/128	Map 3: 1/1	Map 4: 101(+13)/114	Reducer 5: 0(+491)/1009	Reducer 6: 0/1009	Reducer 7: 0/1	
INFO  : Map 1: 7/7	Map 2: 128/128	Map 3: 1/1	Map 4: 102(+12)/114	Reducer 5: 0(+492)/1009	Reducer 6: 0/1009	Reducer 7: 0/1	
INFO  : Map 1: 7/7	Map 2: 128/128	Map 3: 1/1	Map 4: 103(+11)/114	Reducer 5: 0(+493)/1009	Reducer 6: 0/1009	Reducer 7: 0/1	
INFO  : Map 1: 7/7	Map 2: 128/128	Map 3: 1/1	Map 4: 104(+10)/114	Reducer 5: 0(+494)/1009	Reducer 6: 0/1009	Reducer 7: 0/1	
INFO  : Map 1: 7/7	Map 2: 128/128	Map 3: 1/1	Map 4: 105(+9)/114	Reducer 5: 0(+495)/1009	Reducer 6: 0/1009	Reducer 7: 0/1	
INFO  : Map 1: 7/7	Map 2: 128/128	Map 3: 1/1	Map 4: 106(+8)/114	Reducer 5: 0(+496)/1009	Reducer 6: 0/1009	Reducer 7: 0/1	
INFO  : Map 1: 7/7	Map 2: 128/128	Map 3: 1/1	Map 4: 107(+7)/114	Reducer 5: 0(+497)/1009	Reducer 6: 0/1009	Reducer 7: 0/1	
INFO  : Map 1: 7/7	Map 2: 128/128	Map 3: 1/1	Map 4: 108(+6)/114	Reducer 5: 0(+498)/1009	Reducer 6: 0/1009	Reducer 7: 0/1	
INFO  : Map 1: 7/7	Map 2: 128/128	Map 3: 1/1	Map 4: 109(+5)/114	Reducer 5: 0(+499)/1009	Reducer 6: 0/1009	Reducer 7: 0/1	
INFO  : Map 1: 7/7	Map 2: 128/128	Map 3: 1/1	Map 4: 109(+5)/114	Reducer 5: 0(+499)/1009	Reducer 6: 0/1009	Reducer 7: 0/1	
INFO  : Map 1: 7/7	Map 2: 128/128	Map 3: 1/1	Map 4: 109(+5)/114	Reducer 5: 0(+499)/1009	Reducer 6: 0/1009	Reducer 7: 0/1	
INFO  : Map 1: 7/7	Map 2: 128/128	Map 3: 1/1	Map 4: 110(+4)/114	Reducer 5: 0(+500)/1009	Reducer 6: 0/1009	Reducer 7: 0/1	
INFO  : Map 1: 7/7	Map 2: 128/128	Map 3: 1/1	Map 4: 111(+3)/114	Reducer 5: 0(+501)/1009	Reducer 6: 0/1009	Reducer 7: 0/1	
INFO  : Map 1: 7/7	Map 2: 128/128	Map 3: 1/1	Map 4: 112(+2)/114	Reducer 5: 0(+502)/1009	Reducer 6: 0/1009	Reducer 7: 0/1	
INFO  : Map 1: 7/7	Map 2: 128/128	Map 3: 1/1	Map 4: 112(+2)/114	Reducer 5: 0(+502)/1009	Reducer 6: 0/1009	Reducer 7: 0/1	
INFO  : Map 1: 7/7	Map 2: 128/128	Map 3: 1/1	Map 4: 113(+1)/114	Reducer 5: 0(+503)/1009	Reducer 6: 0/1009	Reducer 7: 0/1	
INFO  : Map 1: 7/7	Map 2: 128/128	Map 3: 1/1	Map 4: 113(+1)/114	Reducer 5: 0(+503)/1009	Reducer 6: 0/1009	Reducer 7: 0/1	
INFO  : Map 1: 7/7	Map 2: 128/128	Map 3: 1/1	Map 4: 113(+1)/114	Reducer 5: 0(+503)/1009	Reducer 6: 0/1009	Reducer 7: 0/1	
INFO  : Map 1: 7/7	Map 2: 128/128	Map 3: 1/1	Map 4: 113(+1)/114	Reducer 5: 0(+503)/1009	Reducer 6: 0/1009	Reducer 7: 0/1	
INFO  : Map 1: 7/7	Map 2: 128/128	Map 3: 1/1	Map 4: 114/114	Reducer 5: 0(+504)/1009	Reducer 6: 0/1009	Reducer 7: 0/1	
INFO  : Map 1: 7/7	Map 2: 128/128	Map 3: 1/1	Map 4: 114/114	Reducer 5: 13(+504)/1009	Reducer 6: 0/1009	Reducer 7: 0/1	
INFO  : Map 1: 7/7	Map 2: 128/128	Map 3: 1/1	Map 4: 114/114	Reducer 5: 53(+501)/1009	Reducer 6: 0/1009	Reducer 7: 0/1	
INFO  : Map 1: 7/7	Map 2: 128/128	Map 3: 1/1	Map 4: 114/114	Reducer 5: 121(+502)/1009	Reducer 6: 0/1009	Reducer 7: 0/1	
INFO  : Map 1: 7/7	Map 2: 128/128	Map 3: 1/1	Map 4: 114/114	Reducer 5: 200(+487)/1009	Reducer 6: 0/1009	Reducer 7: 0/1	
INFO  : Map 1: 7/7	Map 2: 128/128	Map 3: 1/1	Map 4: 114/114	Reducer 5: 281(+501)/1009	Reducer 6: 0/1009	Reducer 7: 0/1	
INFO  : Map 1: 7/7	Map 2: 128/128	Map 3: 1/1	Map 4: 114/114	Reducer 5: 349(+506)/1009	Reducer 6: 0/1009	Reducer 7: 0/1	
INFO  : Map 1: 7/7	Map 2: 128/128	Map 3: 1/1	Map 4: 114/114	Reducer 5: 417(+506)/1009	Reducer 6: 0/1009	Reducer 7: 0/1	
INFO  : Map 1: 7/7	Map 2: 128/128	Map 3: 1/1	Map 4: 114/114	Reducer 5: 434(+506)/1009	Reducer 6: 0/1009	Reducer 7: 0/1	
INFO  : Map 1: 7/7	Map 2: 128/128	Map 3: 1/1	Map 4: 114/114	Reducer 5: 447(+506)/1009	Reducer 6: 0/1009	Reducer 7: 0/1	
INFO  : Map 1: 7/7	Map 2: 128/128	Map 3: 1/1	Map 4: 114/114	Reducer 5: 453(+506)/1009	Reducer 6: 0/1009	Reducer 7: 0/1	
INFO  : Map 1: 7/7	Map 2: 128/128	Map 3: 1/1	Map 4: 114/114	Reducer 5: 461(+506)/1009	Reducer 6: 0/1009	Reducer 7: 0/1	
INFO  : Map 1: 7/7	Map 2: 128/128	Map 3: 1/1	Map 4: 114/114	Reducer 5: 465(+506)/1009	Reducer 6: 0/1009	Reducer 7: 0/1	
INFO  : Map 1: 7/7	Map 2: 128/128	Map 3: 1/1	Map 4: 114/114	Reducer 5: 469(+506)/1009	Reducer 6: 0/1009	Reducer 7: 0/1	
INFO  : Map 1: 7/7	Map 2: 128/128	Map 3: 1/1	Map 4: 114/114	Reducer 5: 474(+506)/1009	Reducer 6: 0/1009	Reducer 7: 0/1	
INFO  : Map 1: 7/7	Map 2: 128/128	Map 3: 1/1	Map 4: 114/114	Reducer 5: 480(+506)/1009	Reducer 6: 0/1009	Reducer 7: 0/1	
INFO  : Map 1: 7/7	Map 2: 128/128	Map 3: 1/1	Map 4: 114/114	Reducer 5: 481(+506)/1009	Reducer 6: 0/1009	Reducer 7: 0/1	
INFO  : Map 1: 7/7	Map 2: 128/128	Map 3: 1/1	Map 4: 114/114	Reducer 5: 482(+506)/1009	Reducer 6: 0/1009	Reducer 7: 0/1	
INFO  : Map 1: 7/7	Map 2: 128/128	Map 3: 1/1	Map 4: 114/114	Reducer 5: 483(+506)/1009	Reducer 6: 0/1009	Reducer 7: 0/1	
INFO  : Map 1: 7/7	Map 2: 128/128	Map 3: 1/1	Map 4: 114/114	Reducer 5: 485(+506)/1009	Reducer 6: 0/1009	Reducer 7: 0/1	
INFO  : Map 1: 7/7	Map 2: 128/128	Map 3: 1/1	Map 4: 114/114	Reducer 5: 486(+506)/1009	Reducer 6: 0/1009	Reducer 7: 0/1	
INFO  : Map 1: 7/7	Map 2: 128/128	Map 3: 1/1	Map 4: 114/114	Reducer 5: 487(+506)/1009	Reducer 6: 0/1009	Reducer 7: 0/1	
INFO  : Map 1: 7/7	Map 2: 128/128	Map 3: 1/1	Map 4: 114/114	Reducer 5: 488(+506)/1009	Reducer 6: 0/1009	Reducer 7: 0/1	
INFO  : Map 1: 7/7	Map 2: 128/128	Map 3: 1/1	Map 4: 114/114	Reducer 5: 489(+506)/1009	Reducer 6: 0/1009	Reducer 7: 0/1	
INFO  : Map 1: 7/7	Map 2: 128/128	Map 3: 1/1	Map 4: 114/114	Reducer 5: 490(+506)/1009	Reducer 6: 0/1009	Reducer 7: 0/1	
INFO  : Map 1: 7/7	Map 2: 128/128	Map 3: 1/1	Map 4: 114/114	Reducer 5: 491(+506)/1009	Reducer 6: 0/1009	Reducer 7: 0/1	
INFO  : Map 1: 7/7	Map 2: 128/128	Map 3: 1/1	Map 4: 114/114	Reducer 5: 491(+506)/1009	Reducer 6: 0/1009	Reducer 7: 0/1	
INFO  : Map 1: 7/7	Map 2: 128/128	Map 3: 1/1	Map 4: 114/114	Reducer 5: 491(+506)/1009	Reducer 6: 0/1009	Reducer 7: 0/1	
INFO  : Map 1: 7/7	Map 2: 128/128	Map 3: 1/1	Map 4: 114/114	Reducer 5: 492(+506)/1009	Reducer 6: 0/1009	Reducer 7: 0/1	
INFO  : Map 1: 7/7	Map 2: 128/128	Map 3: 1/1	Map 4: 114/114	Reducer 5: 493(+506)/1009	Reducer 6: 0/1009	Reducer 7: 0/1	
INFO  : Map 1: 7/7	Map 2: 128/128	Map 3: 1/1	Map 4: 114/114	Reducer 5: 494(+506)/1009	Reducer 6: 0/1009	Reducer 7: 0/1	
INFO  : Map 1: 7/7	Map 2: 128/128	Map 3: 1/1	Map 4: 114/114	Reducer 5: 495(+506)/1009	Reducer 6: 0/1009	Reducer 7: 0/1	
INFO  : Map 1: 7/7	Map 2: 128/128	Map 3: 1/1	Map 4: 114/114	Reducer 5: 497(+506)/1009	Reducer 6: 0/1009	Reducer 7: 0/1	
INFO  : Map 1: 7/7	Map 2: 128/128	Map 3: 1/1	Map 4: 114/114	Reducer 5: 499(+506)/1009	Reducer 6: 0/1009	Reducer 7: 0/1	
INFO  : Map 1: 7/7	Map 2: 128/128	Map 3: 1/1	Map 4: 114/114	Reducer 5: 502(+506)/1009	Reducer 6: 0/1009	Reducer 7: 0/1	
INFO  : Map 1: 7/7	Map 2: 128/128	Map 3: 1/1	Map 4: 114/114	Reducer 5: 505(+504)/1009	Reducer 6: 0/1009	Reducer 7: 0/1	
INFO  : Map 1: 7/7	Map 2: 128/128	Map 3: 1/1	Map 4: 114/114	Reducer 5: 510(+499)/1009	Reducer 6: 0/1009	Reducer 7: 0/1	
INFO  : Map 1: 7/7	Map 2: 128/128	Map 3: 1/1	Map 4: 114/114	Reducer 5: 516(+493)/1009	Reducer 6: 0/1009	Reducer 7: 0/1	
INFO  : Map 1: 7/7	Map 2: 128/128	Map 3: 1/1	Map 4: 114/114	Reducer 5: 518(+491)/1009	Reducer 6: 0/1009	Reducer 7: 0/1	
INFO  : Map 1: 7/7	Map 2: 128/128	Map 3: 1/1	Map 4: 114/114	Reducer 5: 524(+485)/1009	Reducer 6: 0/1009	Reducer 7: 0/1	
INFO  : Map 1: 7/7	Map 2: 128/128	Map 3: 1/1	Map 4: 114/114	Reducer 5: 528(+481)/1009	Reducer 6: 0/1009	Reducer 7: 0/1	
INFO  : Map 1: 7/7	Map 2: 128/128	Map 3: 1/1	Map 4: 114/114	Reducer 5: 536(+473)/1009	Reducer 6: 0/1009	Reducer 7: 0/1	
INFO  : Map 1: 7/7	Map 2: 128/128	Map 3: 1/1	Map 4: 114/114	Reducer 5: 542(+467)/1009	Reducer 6: 0/1009	Reducer 7: 0/1	
INFO  : Map 1: 7/7	Map 2: 128/128	Map 3: 1/1	Map 4: 114/114	Reducer 5: 549(+460)/1009	Reducer 6: 0/1009	Reducer 7: 0/1	
INFO  : Map 1: 7/7	Map 2: 128/128	Map 3: 1/1	Map 4: 114/114	Reducer 5: 552(+457)/1009	Reducer 6: 0/1009	Reducer 7: 0/1	
INFO  : Map 1: 7/7	Map 2: 128/128	Map 3: 1/1	Map 4: 114/114	Reducer 5: 562(+447)/1009	Reducer 6: 0/1009	Reducer 7: 0/1	
INFO  : Map 1: 7/7	Map 2: 128/128	Map 3: 1/1	Map 4: 114/114	Reducer 5: 573(+436)/1009	Reducer 6: 0/1009	Reducer 7: 0/1	
INFO  : Map 1: 7/7	Map 2: 128/128	Map 3: 1/1	Map 4: 114/114	Reducer 5: 581(+428)/1009	Reducer 6: 0/1009	Reducer 7: 0/1	
INFO  : Map 1: 7/7	Map 2: 128/128	Map 3: 1/1	Map 4: 114/114	Reducer 5: 591(+418)/1009	Reducer 6: 0/1009	Reducer 7: 0/1	
INFO  : Map 1: 7/7	Map 2: 128/128	Map 3: 1/1	Map 4: 114/114	Reducer 5: 600(+409)/1009	Reducer 6: 0/1009	Reducer 7: 0/1	
INFO  : Map 1: 7/7	Map 2: 128/128	Map 3: 1/1	Map 4: 114/114	Reducer 5: 609(+400)/1009	Reducer 6: 0/1009	Reducer 7: 0/1	
INFO  : Map 1: 7/7	Map 2: 128/128	Map 3: 1/1	Map 4: 114/114	Reducer 5: 618(+391)/1009	Reducer 6: 0/1009	Reducer 7: 0/1	
INFO  : Map 1: 7/7	Map 2: 128/128	Map 3: 1/1	Map 4: 114/114	Reducer 5: 632(+377)/1009	Reducer 6: 0/1009	Reducer 7: 0/1	
INFO  : Map 1: 7/7	Map 2: 128/128	Map 3: 1/1	Map 4: 114/114	Reducer 5: 641(+368)/1009	Reducer 6: 0/1009	Reducer 7: 0/1	
INFO  : Map 1: 7/7	Map 2: 128/128	Map 3: 1/1	Map 4: 114/114	Reducer 5: 652(+356)/1009	Reducer 6: 0/1009	Reducer 7: 0/1	
INFO  : Map 1: 7/7	Map 2: 128/128	Map 3: 1/1	Map 4: 114/114	Reducer 5: 667(+342)/1009	Reducer 6: 0/1009	Reducer 7: 0/1	
INFO  : Map 1: 7/7	Map 2: 128/128	Map 3: 1/1	Map 4: 114/114	Reducer 5: 685(+324)/1009	Reducer 6: 0/1009	Reducer 7: 0/1	
INFO  : Map 1: 7/7	Map 2: 128/128	Map 3: 1/1	Map 4: 114/114	Reducer 5: 694(+315)/1009	Reducer 6: 0/1009	Reducer 7: 0/1	
INFO  : Map 1: 7/7	Map 2: 128/128	Map 3: 1/1	Map 4: 114/114	Reducer 5: 709(+300)/1009	Reducer 6: 0/1009	Reducer 7: 0/1	
INFO  : Map 1: 7/7	Map 2: 128/128	Map 3: 1/1	Map 4: 114/114	Reducer 5: 720(+289)/1009	Reducer 6: 0/1009	Reducer 7: 0/1	
INFO  : Map 1: 7/7	Map 2: 128/128	Map 3: 1/1	Map 4: 114/114	Reducer 5: 735(+274)/1009	Reducer 6: 0/1009	Reducer 7: 0/1	
INFO  : Map 1: 7/7	Map 2: 128/128	Map 3: 1/1	Map 4: 114/114	Reducer 5: 746(+263)/1009	Reducer 6: 0/1009	Reducer 7: 0/1	
INFO  : Map 1: 7/7	Map 2: 128/128	Map 3: 1/1	Map 4: 114/114	Reducer 5: 763(+246)/1009	Reducer 6: 0/253	Reducer 7: 0/1	
INFO  : Map 1: 7/7	Map 2: 128/128	Map 3: 1/1	Map 4: 114/114	Reducer 5: 770(+239)/1009	Reducer 6: 0(+1)/253	Reducer 7: 0/1	
INFO  : Map 1: 7/7	Map 2: 128/128	Map 3: 1/1	Map 4: 114/114	Reducer 5: 787(+222)/1009	Reducer 6: 0(+253)/253	Reducer 7: 0/1	
INFO  : Map 1: 7/7	Map 2: 128/128	Map 3: 1/1	Map 4: 114/114	Reducer 5: 795(+214)/1009	Reducer 6: 0(+253)/253	Reducer 7: 0/1	
INFO  : Map 1: 7/7	Map 2: 128/128	Map 3: 1/1	Map 4: 114/114	Reducer 5: 815(+194)/1009	Reducer 6: 0(+253)/253	Reducer 7: 0/1	
INFO  : Map 1: 7/7	Map 2: 128/128	Map 3: 1/1	Map 4: 114/114	Reducer 5: 825(+184)/1009	Reducer 6: 0(+253)/253	Reducer 7: 0/1	
INFO  : Map 1: 7/7	Map 2: 128/128	Map 3: 1/1	Map 4: 114/114	Reducer 5: 840(+169)/1009	Reducer 6: 0(+253)/253	Reducer 7: 0/1	
INFO  : Map 1: 7/7	Map 2: 128/128	Map 3: 1/1	Map 4: 114/114	Reducer 5: 852(+157)/1009	Reducer 6: 0(+253)/253	Reducer 7: 0/1	
INFO  : Map 1: 7/7	Map 2: 128/128	Map 3: 1/1	Map 4: 114/114	Reducer 5: 862(+147)/1009	Reducer 6: 0(+253)/253	Reducer 7: 0/1	
INFO  : Map 1: 7/7	Map 2: 128/128	Map 3: 1/1	Map 4: 114/114	Reducer 5: 870(+139)/1009	Reducer 6: 0(+253)/253	Reducer 7: 0/1	
INFO  : Map 1: 7/7	Map 2: 128/128	Map 3: 1/1	Map 4: 114/114	Reducer 5: 872(+137)/1009	Reducer 6: 0(+253)/253	Reducer 7: 0/1	
INFO  : Map 1: 7/7	Map 2: 128/128	Map 3: 1/1	Map 4: 114/114	Reducer 5: 880(+129)/1009	Reducer 6: 0(+253)/253	Reducer 7: 0/1	
INFO  : Map 1: 7/7	Map 2: 128/128	Map 3: 1/1	Map 4: 114/114	Reducer 5: 889(+120)/1009	Reducer 6: 0(+253)/253	Reducer 7: 0/1	
INFO  : Map 1: 7/7	Map 2: 128/128	Map 3: 1/1	Map 4: 114/114	Reducer 5: 898(+111)/1009	Reducer 6: 0(+253)/253	Reducer 7: 0/1	
INFO  : Map 1: 7/7	Map 2: 128/128	Map 3: 1/1	Map 4: 114/114	Reducer 5: 903(+106)/1009	Reducer 6: 0(+253)/253	Reducer 7: 0/1	
INFO  : Map 1: 7/7	Map 2: 128/128	Map 3: 1/1	Map 4: 114/114	Reducer 5: 912(+97)/1009	Reducer 6: 0(+253)/253	Reducer 7: 0/1	
INFO  : Map 1: 7/7	Map 2: 128/128	Map 3: 1/1	Map 4: 114/114	Reducer 5: 916(+93)/1009	Reducer 6: 0(+253)/253	Reducer 7: 0/1	
INFO  : Map 1: 7/7	Map 2: 128/128	Map 3: 1/1	Map 4: 114/114	Reducer 5: 923(+86)/1009	Reducer 6: 0(+253)/253	Reducer 7: 0/1	
INFO  : Map 1: 7/7	Map 2: 128/128	Map 3: 1/1	Map 4: 114/114	Reducer 5: 928(+81)/1009	Reducer 6: 0(+253)/253	Reducer 7: 0/1	
INFO  : Map 1: 7/7	Map 2: 128/128	Map 3: 1/1	Map 4: 114/114	Reducer 5: 932(+77)/1009	Reducer 6: 0(+253)/253	Reducer 7: 0/1	
INFO  : Map 1: 7/7	Map 2: 128/128	Map 3: 1/1	Map 4: 114/114	Reducer 5: 935(+74)/1009	Reducer 6: 0(+253)/253	Reducer 7: 0/1	
INFO  : Map 1: 7/7	Map 2: 128/128	Map 3: 1/1	Map 4: 114/114	Reducer 5: 940(+69)/1009	Reducer 6: 0(+253)/253	Reducer 7: 0/1	
INFO  : Map 1: 7/7	Map 2: 128/128	Map 3: 1/1	Map 4: 114/114	Reducer 5: 942(+67)/1009	Reducer 6: 0(+253)/253	Reducer 7: 0/1	
INFO  : Map 1: 7/7	Map 2: 128/128	Map 3: 1/1	Map 4: 114/114	Reducer 5: 944(+65)/1009	Reducer 6: 0(+253)/253	Reducer 7: 0/1	
INFO  : Map 1: 7/7	Map 2: 128/128	Map 3: 1/1	Map 4: 114/114	Reducer 5: 947(+62)/1009	Reducer 6: 0(+253)/253	Reducer 7: 0/1	
INFO  : Map 1: 7/7	Map 2: 128/128	Map 3: 1/1	Map 4: 114/114	Reducer 5: 948(+61)/1009	Reducer 6: 0(+253)/253	Reducer 7: 0/1	
INFO  : Map 1: 7/7	Map 2: 128/128	Map 3: 1/1	Map 4: 114/114	Reducer 5: 950(+59)/1009	Reducer 6: 0(+253)/253	Reducer 7: 0/1	
INFO  : Map 1: 7/7	Map 2: 128/128	Map 3: 1/1	Map 4: 114/114	Reducer 5: 952(+57)/1009	Reducer 6: 0(+253)/253	Reducer 7: 0/1	
INFO  : Map 1: 7/7	Map 2: 128/128	Map 3: 1/1	Map 4: 114/114	Reducer 5: 953(+56)/1009	Reducer 6: 0(+253)/253	Reducer 7: 0/1	
INFO  : Map 1: 7/7	Map 2: 128/128	Map 3: 1/1	Map 4: 114/114	Reducer 5: 954(+55)/1009	Reducer 6: 0(+253)/253	Reducer 7: 0/1	
INFO  : Map 1: 7/7	Map 2: 128/128	Map 3: 1/1	Map 4: 114/114	Reducer 5: 955(+54)/1009	Reducer 6: 0(+253)/253	Reducer 7: 0/1	
INFO  : Map 1: 7/7	Map 2: 128/128	Map 3: 1/1	Map 4: 114/114	Reducer 5: 957(+52)/1009	Reducer 6: 0(+253)/253	Reducer 7: 0/1	
INFO  : Map 1: 7/7	Map 2: 128/128	Map 3: 1/1	Map 4: 114/114	Reducer 5: 958(+51)/1009	Reducer 6: 0(+253)/253	Reducer 7: 0/1	
INFO  : Map 1: 7/7	Map 2: 128/128	Map 3: 1/1	Map 4: 114/114	Reducer 5: 960(+49)/1009	Reducer 6: 0(+253)/253	Reducer 7: 0/1	
INFO  : Map 1: 7/7	Map 2: 128/128	Map 3: 1/1	Map 4: 114/114	Reducer 5: 962(+47)/1009	Reducer 6: 0(+253)/253	Reducer 7: 0/1	
INFO  : Map 1: 7/7	Map 2: 128/128	Map 3: 1/1	Map 4: 114/114	Reducer 5: 963(+46)/1009	Reducer 6: 0(+253)/253	Reducer 7: 0/1	
INFO  : Map 1: 7/7	Map 2: 128/128	Map 3: 1/1	Map 4: 114/114	Reducer 5: 964(+45)/1009	Reducer 6: 0(+253)/253	Reducer 7: 0/1	
INFO  : Map 1: 7/7	Map 2: 128/128	Map 3: 1/1	Map 4: 114/114	Reducer 5: 965(+44)/1009	Reducer 6: 0(+253)/253	Reducer 7: 0/1	
INFO  : Map 1: 7/7	Map 2: 128/128	Map 3: 1/1	Map 4: 114/114	Reducer 5: 967(+42)/1009	Reducer 6: 0(+253)/253	Reducer 7: 0/1	
INFO  : Map 1: 7/7	Map 2: 128/128	Map 3: 1/1	Map 4: 114/114	Reducer 5: 968(+41)/1009	Reducer 6: 0(+253)/253	Reducer 7: 0/1	
INFO  : Map 1: 7/7	Map 2: 128/128	Map 3: 1/1	Map 4: 114/114	Reducer 5: 969(+40)/1009	Reducer 6: 0(+253)/253	Reducer 7: 0/1	
INFO  : Map 1: 7/7	Map 2: 128/128	Map 3: 1/1	Map 4: 114/114	Reducer 5: 971(+38)/1009	Reducer 6: 0(+253)/253	Reducer 7: 0/1	
INFO  : Map 1: 7/7	Map 2: 128/128	Map 3: 1/1	Map 4: 114/114	Reducer 5: 972(+37)/1009	Reducer 6: 0(+253)/253	Reducer 7: 0/1	
INFO  : Map 1: 7/7	Map 2: 128/128	Map 3: 1/1	Map 4: 114/114	Reducer 5: 974(+35)/1009	Reducer 6: 0(+253)/253	Reducer 7: 0/1	
INFO  : Map 1: 7/7	Map 2: 128/128	Map 3: 1/1	Map 4: 114/114	Reducer 5: 975(+34)/1009	Reducer 6: 0(+253)/253	Reducer 7: 0/1	
INFO  : Map 1: 7/7	Map 2: 128/128	Map 3: 1/1	Map 4: 114/114	Reducer 5: 976(+33)/1009	Reducer 6: 0(+253)/253	Reducer 7: 0/1	
INFO  : Map 1: 7/7	Map 2: 128/128	Map 3: 1/1	Map 4: 114/114	Reducer 5: 977(+32)/1009	Reducer 6: 0(+253)/253	Reducer 7: 0/1	
INFO  : Map 1: 7/7	Map 2: 128/128	Map 3: 1/1	Map 4: 114/114	Reducer 5: 978(+31)/1009	Reducer 6: 0(+253)/253	Reducer 7: 0/1	
INFO  : Map 1: 7/7	Map 2: 128/128	Map 3: 1/1	Map 4: 114/114	Reducer 5: 979(+30)/1009	Reducer 6: 0(+253)/253	Reducer 7: 0/1	
INFO  : Map 1: 7/7	Map 2: 128/128	Map 3: 1/1	Map 4: 114/114	Reducer 5: 980(+29)/1009	Reducer 6: 0(+253)/253	Reducer 7: 0/1	
INFO  : Map 1: 7/7	Map 2: 128/128	Map 3: 1/1	Map 4: 114/114	Reducer 5: 981(+28)/1009	Reducer 6: 0(+253)/253	Reducer 7: 0/1	
INFO  : Map 1: 7/7	Map 2: 128/128	Map 3: 1/1	Map 4: 114/114	Reducer 5: 982(+27)/1009	Reducer 6: 0(+253)/253	Reducer 7: 0/1	
INFO  : Map 1: 7/7	Map 2: 128/128	Map 3: 1/1	Map 4: 114/114	Reducer 5: 983(+26)/1009	Reducer 6: 0(+253)/253	Reducer 7: 0/1	
INFO  : Map 1: 7/7	Map 2: 128/128	Map 3: 1/1	Map 4: 114/114	Reducer 5: 984(+25)/1009	Reducer 6: 0(+253)/253	Reducer 7: 0/1	
INFO  : Map 1: 7/7	Map 2: 128/128	Map 3: 1/1	Map 4: 114/114	Reducer 5: 985(+24)/1009	Reducer 6: 0(+253)/253	Reducer 7: 0/1	
INFO  : Map 1: 7/7	Map 2: 128/128	Map 3: 1/1	Map 4: 114/114	Reducer 5: 986(+23)/1009	Reducer 6: 0(+253)/253	Reducer 7: 0/1	
INFO  : Map 1: 7/7	Map 2: 128/128	Map 3: 1/1	Map 4: 114/114	Reducer 5: 987(+22)/1009	Reducer 6: 0(+253)/253	Reducer 7: 0/1	
INFO  : Map 1: 7/7	Map 2: 128/128	Map 3: 1/1	Map 4: 114/114	Reducer 5: 989(+20)/1009	Reducer 6: 0(+253)/253	Reducer 7: 0/1	
INFO  : Map 1: 7/7	Map 2: 128/128	Map 3: 1/1	Map 4: 114/114	Reducer 5: 990(+19)/1009	Reducer 6: 0(+253)/253	Reducer 7: 0/1	
INFO  : Map 1: 7/7	Map 2: 128/128	Map 3: 1/1	Map 4: 114/114	Reducer 5: 991(+18)/1009	Reducer 6: 0(+253)/253	Reducer 7: 0/1	
INFO  : Map 1: 7/7	Map 2: 128/128	Map 3: 1/1	Map 4: 114/114	Reducer 5: 991(+18)/1009	Reducer 6: 0(+253)/253	Reducer 7: 0/1	
INFO  : Map 1: 7/7	Map 2: 128/128	Map 3: 1/1	Map 4: 114/114	Reducer 5: 991(+18)/1009	Reducer 6: 0(+253)/253	Reducer 7: 0/1	
INFO  : Map 1: 7/7	Map 2: 128/128	Map 3: 1/1	Map 4: 114/114	Reducer 5: 991(+18)/1009	Reducer 6: 0(+253)/253	Reducer 7: 0/1	
INFO  : Map 1: 7/7	Map 2: 128/128	Map 3: 1/1	Map 4: 114/114	Reducer 5: 992(+17)/1009	Reducer 6: 0(+253)/253	Reducer 7: 0/1	
INFO  : Map 1: 7/7	Map 2: 128/128	Map 3: 1/1	Map 4: 114/114	Reducer 5: 993(+16)/1009	Reducer 6: 0(+253)/253	Reducer 7: 0/1	
INFO  : Map 1: 7/7	Map 2: 128/128	Map 3: 1/1	Map 4: 114/114	Reducer 5: 994(+15)/1009	Reducer 6: 0(+253)/253	Reducer 7: 0/1	
INFO  : Map 1: 7/7	Map 2: 128/128	Map 3: 1/1	Map 4: 114/114	Reducer 5: 995(+14)/1009	Reducer 6: 0(+253)/253	Reducer 7: 0/1	
INFO  : Map 1: 7/7	Map 2: 128/128	Map 3: 1/1	Map 4: 114/114	Reducer 5: 996(+13)/1009	Reducer 6: 0(+253)/253	Reducer 7: 0/1	
INFO  : Map 1: 7/7	Map 2: 128/128	Map 3: 1/1	Map 4: 114/114	Reducer 5: 997(+12)/1009	Reducer 6: 0(+253)/253	Reducer 7: 0/1	
INFO  : Map 1: 7/7	Map 2: 128/128	Map 3: 1/1	Map 4: 114/114	Reducer 5: 998(+11)/1009	Reducer 6: 0(+253)/253	Reducer 7: 0/1	
INFO  : Map 1: 7/7	Map 2: 128/128	Map 3: 1/1	Map 4: 114/114	Reducer 5: 998(+11)/1009	Reducer 6: 0(+253)/253	Reducer 7: 0/1	
INFO  : Map 1: 7/7	Map 2: 128/128	Map 3: 1/1	Map 4: 114/114	Reducer 5: 998(+11)/1009	Reducer 6: 0(+253)/253	Reducer 7: 0/1	
INFO  : Map 1: 7/7	Map 2: 128/128	Map 3: 1/1	Map 4: 114/114	Reducer 5: 998(+11)/1009	Reducer 6: 0(+253)/253	Reducer 7: 0/1	
INFO  : Map 1: 7/7	Map 2: 128/128	Map 3: 1/1	Map 4: 114/114	Reducer 5: 998(+11)/1009	Reducer 6: 0(+253)/253	Reducer 7: 0/1	
INFO  : Map 1: 7/7	Map 2: 128/128	Map 3: 1/1	Map 4: 114/114	Reducer 5: 998(+11)/1009	Reducer 6: 0(+253)/253	Reducer 7: 0/1	
INFO  : Map 1: 7/7	Map 2: 128/128	Map 3: 1/1	Map 4: 114/114	Reducer 5: 999(+10)/1009	Reducer 6: 0(+253)/253	Reducer 7: 0/1	
INFO  : Map 1: 7/7	Map 2: 128/128	Map 3: 1/1	Map 4: 114/114	Reducer 5: 999(+10)/1009	Reducer 6: 0(+253)/253	Reducer 7: 0/1	
INFO  : Map 1: 7/7	Map 2: 128/128	Map 3: 1/1	Map 4: 114/114	Reducer 5: 999(+10)/1009	Reducer 6: 0(+253)/253	Reducer 7: 0/1	
INFO  : Map 1: 7/7	Map 2: 128/128	Map 3: 1/1	Map 4: 114/114	Reducer 5: 999(+10)/1009	Reducer 6: 0(+253)/253	Reducer 7: 0/1	
INFO  : Map 1: 7/7	Map 2: 128/128	Map 3: 1/1	Map 4: 114/114	Reducer 5: 999(+10)/1009	Reducer 6: 0(+253)/253	Reducer 7: 0/1	
INFO  : Map 1: 7/7	Map 2: 128/128	Map 3: 1/1	Map 4: 114/114	Reducer 5: 1000(+9)/1009	Reducer 6: 0(+253)/253	Reducer 7: 0/1	
INFO  : Map 1: 7/7	Map 2: 128/128	Map 3: 1/1	Map 4: 114/114	Reducer 5: 1000(+9)/1009	Reducer 6: 0(+253)/253	Reducer 7: 0/1	
INFO  : Map 1: 7/7	Map 2: 128/128	Map 3: 1/1	Map 4: 114/114	Reducer 5: 1000(+9)/1009	Reducer 6: 0(+253)/253	Reducer 7: 0/1	
INFO  : Map 1: 7/7	Map 2: 128/128	Map 3: 1/1	Map 4: 114/114	Reducer 5: 1001(+8)/1009	Reducer 6: 0(+253)/253	Reducer 7: 0/1	
INFO  : Map 1: 7/7	Map 2: 128/128	Map 3: 1/1	Map 4: 114/114	Reducer 5: 1002(+7)/1009	Reducer 6: 0(+253)/253	Reducer 7: 0/1	
INFO  : Map 1: 7/7	Map 2: 128/128	Map 3: 1/1	Map 4: 114/114	Reducer 5: 1002(+7)/1009	Reducer 6: 0(+253)/253	Reducer 7: 0/1	
INFO  : Map 1: 7/7	Map 2: 128/128	Map 3: 1/1	Map 4: 114/114	Reducer 5: 1004(+5)/1009	Reducer 6: 0(+253)/253	Reducer 7: 0/1	
INFO  : Map 1: 7/7	Map 2: 128/128	Map 3: 1/1	Map 4: 114/114	Reducer 5: 1005(+4)/1009	Reducer 6: 0(+253)/253	Reducer 7: 0/1	
INFO  : Map 1: 7/7	Map 2: 128/128	Map 3: 1/1	Map 4: 114/114	Reducer 5: 1005(+4)/1009	Reducer 6: 0(+253)/253	Reducer 7: 0/1	
INFO  : Map 1: 7/7	Map 2: 128/128	Map 3: 1/1	Map 4: 114/114	Reducer 5: 1005(+4)/1009	Reducer 6: 0(+253)/253	Reducer 7: 0/1	
INFO  : Map 1: 7/7	Map 2: 128/128	Map 3: 1/1	Map 4: 114/114	Reducer 5: 1005(+4)/1009	Reducer 6: 0(+253)/253	Reducer 7: 0/1	
INFO  : Map 1: 7/7	Map 2: 128/128	Map 3: 1/1	Map 4: 114/114	Reducer 5: 1006(+3)/1009	Reducer 6: 0(+253)/253	Reducer 7: 0/1	
INFO  : Map 1: 7/7	Map 2: 128/128	Map 3: 1/1	Map 4: 114/114	Reducer 5: 1006(+3)/1009	Reducer 6: 0(+253)/253	Reducer 7: 0/1	
INFO  : Map 1: 7/7	Map 2: 128/128	Map 3: 1/1	Map 4: 114/114	Reducer 5: 1006(+3)/1009	Reducer 6: 0(+253)/253	Reducer 7: 0/1	
INFO  : Map 1: 7/7	Map 2: 128/128	Map 3: 1/1	Map 4: 114/114	Reducer 5: 1006(+3)/1009	Reducer 6: 0(+253)/253	Reducer 7: 0/1	
INFO  : Map 1: 7/7	Map 2: 128/128	Map 3: 1/1	Map 4: 114/114	Reducer 5: 1006(+3)/1009	Reducer 6: 0(+253)/253	Reducer 7: 0/1	
INFO  : Map 1: 7/7	Map 2: 128/128	Map 3: 1/1	Map 4: 114/114	Reducer 5: 1007(+2)/1009	Reducer 6: 0(+253)/253	Reducer 7: 0/1	
INFO  : Map 1: 7/7	Map 2: 128/128	Map 3: 1/1	Map 4: 114/114	Reducer 5: 1007(+2)/1009	Reducer 6: 0(+253)/253	Reducer 7: 0/1	
INFO  : Map 1: 7/7	Map 2: 128/128	Map 3: 1/1	Map 4: 114/114	Reducer 5: 1007(+2)/1009	Reducer 6: 0(+253)/253	Reducer 7: 0/1	
INFO  : Map 1: 7/7	Map 2: 128/128	Map 3: 1/1	Map 4: 114/114	Reducer 5: 1008(+1)/1009	Reducer 6: 0(+253)/253	Reducer 7: 0/1	
INFO  : Map 1: 7/7	Map 2: 128/128	Map 3: 1/1	Map 4: 114/114	Reducer 5: 1008(+1)/1009	Reducer 6: 0(+253)/253	Reducer 7: 0/1	
INFO  : Map 1: 7/7	Map 2: 128/128	Map 3: 1/1	Map 4: 114/114	Reducer 5: 1008(+1)/1009	Reducer 6: 0(+253)/253	Reducer 7: 0/1	
INFO  : Map 1: 7/7	Map 2: 128/128	Map 3: 1/1	Map 4: 114/114	Reducer 5: 1008(+1)/1009	Reducer 6: 0(+253)/253	Reducer 7: 0/1	
INFO  : Map 1: 7/7	Map 2: 128/128	Map 3: 1/1	Map 4: 114/114	Reducer 5: 1008(+1)/1009	Reducer 6: 0(+253)/253	Reducer 7: 0/1	
INFO  : Map 1: 7/7	Map 2: 128/128	Map 3: 1/1	Map 4: 114/114	Reducer 5: 1008(+1)/1009	Reducer 6: 0(+253)/253	Reducer 7: 0/1	
INFO  : Map 1: 7/7	Map 2: 128/128	Map 3: 1/1	Map 4: 114/114	Reducer 5: 1008(+1)/1009	Reducer 6: 0(+253)/253	Reducer 7: 0/1	
INFO  : Map 1: 7/7	Map 2: 128/128	Map 3: 1/1	Map 4: 114/114	Reducer 5: 1009/1009	Reducer 6: 0(+249)/253	Reducer 7: 0/1	
INFO  : Map 1: 7/7	Map 2: 128/128	Map 3: 1/1	Map 4: 114/114	Reducer 5: 1009/1009	Reducer 6: 233(+20)/253	Reducer 7: 0(+1)/1	
INFO  : Map 1: 7/7	Map 2: 128/128	Map 3: 1/1	Map 4: 114/114	Reducer 5: 1009/1009	Reducer 6: 253/253	Reducer 7: 0(+1)/1	
INFO  : Map 1: 7/7	Map 2: 128/128	Map 3: 1/1	Map 4: 114/114	Reducer 5: 1009/1009	Reducer 6: 253/253	Reducer 7: 0/1	
INFO  : Map 1: 7/7	Map 2: 128/128	Map 3: 1/1	Map 4: 114/114	Reducer 5: 1009/1009	Reducer 6: 253/253	Reducer 7: 1/1	
INFO  : Status: DAG finished successfully in 342.15 seconds
INFO  : 
INFO  : Query Execution Summary
INFO  : ----------------------------------------------------------------------------------------------
INFO  : ----------------------------------------------------------------------------------------------
INFO  : Compile Query                           0.63s
INFO  : Prepare Plan                            0.24s
INFO  : Submit Plan                             5.00s
INFO  : Start DAG                               0.50s
INFO  : Run DAG                               342.15s
INFO  : ----------------------------------------------------------------------------------------------
INFO  : 
INFO  : Task Execution Summary
INFO  : --------------------------------------------------------------------------------------------------------------------------------
INFO  : --------------------------------------------------------------------------------------------------------------------------------
INFO  :      Map 1            7                0             0         203.00             0            0        402,000              58
INFO  :      Map 2          128                0             0       11462.00             0            0  1,311,525,000     499,145,043
INFO  :      Map 3            1                0             0         203.00             0            0         10,000              62
INFO  :      Map 4          114                0             0      175039.00             0            0 28,800,426,268  28,800,426,268
INFO  :  Reducer 5         1009                0             2      213245.00             0            0 29,299,571,431              31
INFO  :  Reducer 6          253                0             0      129685.00             0            0             31              31
INFO  :  Reducer 7            1                0             0         485.00             0            0             31               0
INFO  : --------------------------------------------------------------------------------------------------------------------------------
INFO  : 
INFO  : LLAP IO Summary
INFO  : ----------------------------------------------------------------------------------------------
INFO  : ----------------------------------------------------------------------------------------------
INFO  :      Map 1        42        14          0   23.79MB         0B          0B       0B     0.08s
INFO  :      Map 2    131283       522          0    2.83GB         0B          0B       0B   139.68s
INFO  :      Map 3         1         2          0  165.02KB         0B          0B       0B     0.00s
INFO  :      Map 4   2890472     39182          0   83.16GB         0B          0B       0B   669.19s
INFO  : ----------------------------------------------------------------------------------------------
INFO  : 
INFO  : FileSystem Counters Summary
INFO  : 
INFO  : ----------------------------------------------------------------------------------------------
INFO  : ----------------------------------------------------------------------------------------------
INFO  :      Map 1              0B             0                  0           178.64KB             0
INFO  :      Map 2          1.06GB             0                  0             1.33GB             0
INFO  :      Map 3              0B             0                  0               308B             0
INFO  :      Map 4        307.59GB             0                  0            68.77GB             0
INFO  :  Reducer 5         10.35GB             0                  0            44.81MB             0
INFO  :  Reducer 6         16.19KB             0                  0            17.91KB             0
INFO  :  Reducer 7              0B             0                  0                 0B             0
INFO  : ----------------------------------------------------------------------------------------------
INFO  : 
INFO  : ----------------------------------------------------------------------------------------------
INFO  : ----------------------------------------------------------------------------------------------
INFO  :      Map 1              0B             0                  0                 0B             0
INFO  :      Map 2              0B             0                  0                 0B             0
INFO  :      Map 3              0B             0                  0                 0B             0
INFO  :      Map 4              0B             0                  0                 0B             0
INFO  :  Reducer 5              0B             0                  0                 0B             0
INFO  :  Reducer 6              0B             0                  0                 0B             0
INFO  :  Reducer 7              0B             2                  0             5.26KB             2
INFO  : ----------------------------------------------------------------------------------------------
INFO  : 
INFO  : org.apache.tez.common.counters.DAGCounter:
INFO  :    NUM_KILLED_TASKS: 2
INFO  :    NUM_SUCCEEDED_TASKS: 1513
INFO  :    TOTAL_LAUNCHED_TASKS: 1515
INFO  :    DATA_LOCAL_TASKS: 250
INFO  :    AM_CPU_MILLISECONDS: 148680
INFO  :    AM_GC_TIME_MILLIS: 2054
INFO  : File System Counters:
INFO  :    FILE_BYTES_READ: 318993449784
INFO  :    FILE_BYTES_WRITTEN: 70150777897
INFO  :    FILE_READ_OPS: 0
INFO  :    FILE_LARGE_READ_OPS: 0
INFO  :    FILE_WRITE_OPS: 0
INFO  :    HDFS_BYTES_READ: 0
INFO  :    HDFS_BYTES_WRITTEN: 5258
INFO  :    HDFS_READ_OPS: 2
INFO  :    HDFS_LARGE_READ_OPS: 0
INFO  :    HDFS_WRITE_OPS: 2
INFO  : org.apache.tez.common.counters.TaskCounter:
INFO  :    REDUCE_INPUT_GROUPS: 62
INFO  :    REDUCE_INPUT_RECORDS: 62
INFO  :    COMBINE_INPUT_RECORDS: 0
INFO  :    SPILLED_RECORDS: 28176984868
INFO  :    NUM_SHUFFLED_INPUTS: 244305
INFO  :    NUM_SKIPPED_INPUTS: 1018274
INFO  :    NUM_FAILED_SHUFFLE_INPUTS: 0
INFO  :    MERGED_MAP_OUTPUTS: 60
INFO  :    INPUT_RECORDS_PROCESSED: 29329685006
INFO  :    INPUT_SPLIT_LENGTH_BYTES: 1584092109847
INFO  :    OUTPUT_RECORDS: 29299571493
INFO  :    OUTPUT_LARGE_RECORDS: 0
INFO  :    OUTPUT_BYTES: 177794025917
INFO  :    OUTPUT_BYTES_WITH_OVERHEAD: 587994130194
INFO  :    OUTPUT_BYTES_PHYSICAL: 70126325785
INFO  :    ADDITIONAL_SPILLS_BYTES_WRITTEN: 67448968780
INFO  :    ADDITIONAL_SPILLS_BYTES_READ: 67448970569
INFO  :    ADDITIONAL_SPILL_COUNT: 2338
INFO  :    SHUFFLE_CHUNK_COUNT: 1262
INFO  :    SHUFFLE_BYTES: 70099932705
INFO  :    SHUFFLE_BYTES_DECOMPRESSED: 236394638279
INFO  :    SHUFFLE_BYTES_TO_MEM: 62316009192
INFO  :    SHUFFLE_BYTES_TO_DISK: 0
INFO  :    SHUFFLE_BYTES_DISK_DIRECT: 7783923513
INFO  :    NUM_MEM_TO_DISK_MERGES: 0
INFO  :    NUM_DISK_TO_DISK_MERGES: 0
INFO  :    SHUFFLE_PHASE_TIME: 60304700
INFO  :    MERGE_PHASE_TIME: 32743559
INFO  :    FIRST_EVENT_RECEIVED: 98719
INFO  :    LAST_EVENT_RECEIVED: 56024566
INFO  : HIVE:
INFO  :    CREATED_FILES: 1
INFO  :    DESERIALIZE_ERRORS: 0
INFO  :    RECORDS_IN_Map_1: 402000
INFO  :    RECORDS_IN_Map_2: 1311525000
INFO  :    RECORDS_IN_Map_3: 10000
INFO  :    RECORDS_IN_Map_4: 28800426268
INFO  :    RECORDS_OUT_0: 31
INFO  :    RECORDS_OUT_INTERMEDIATE_Map_1: 58
INFO  :    RECORDS_OUT_INTERMEDIATE_Map_2: 499145043
INFO  :    RECORDS_OUT_INTERMEDIATE_Map_3: 62
INFO  :    RECORDS_OUT_INTERMEDIATE_Map_4: 28800426268
INFO  :    RECORDS_OUT_INTERMEDIATE_Reducer_5: 31
INFO  :    RECORDS_OUT_INTERMEDIATE_Reducer_6: 31
INFO  : Shuffle Errors:
INFO  :    BAD_ID: 0
INFO  :    CONNECTION: 0
INFO  :    IO_ERROR: 0
INFO  :    WRONG_LENGTH: 0
INFO  :    WRONG_MAP: 0
INFO  :    WRONG_REDUCE: 0
INFO  : Shuffle Errors_Reducer_6_INPUT_Reducer_5:
INFO  :    BAD_ID: 0
INFO  :    CONNECTION: 0
INFO  :    IO_ERROR: 0
INFO  :    WRONG_LENGTH: 0
INFO  :    WRONG_MAP: 0
INFO  :    WRONG_REDUCE: 0
INFO  : Shuffle Errors_Reducer_7_INPUT_Reducer_6:
INFO  :    BAD_ID: 0
INFO  :    CONNECTION: 0
INFO  :    IO_ERROR: 0
INFO  :    WRONG_LENGTH: 0
INFO  :    WRONG_MAP: 0
INFO  :    WRONG_REDUCE: 0
INFO  : TaskCounter_Map_1_INPUT_item:
INFO  :    INPUT_RECORDS_PROCESSED: 405
INFO  :    INPUT_SPLIT_LENGTH_BYTES: 38092338
INFO  : TaskCounter_Map_1_OUTPUT_Reducer_5:
INFO  :    ADDITIONAL_SPILLS_BYTES_READ: 0
INFO  :    ADDITIONAL_SPILLS_BYTES_WRITTEN: 0
INFO  :    ADDITIONAL_SPILL_COUNT: 0
INFO  :    OUTPUT_BYTES: 7974
INFO  :    OUTPUT_BYTES_PHYSICAL: 178579
INFO  :    OUTPUT_BYTES_WITH_OVERHEAD: 8756
INFO  :    OUTPUT_LARGE_RECORDS: 0
INFO  :    OUTPUT_RECORDS: 58
INFO  :    SPILLED_RECORDS: 0
INFO  : TaskCounter_Map_2_INPUT_inventory:
INFO  :    INPUT_RECORDS_PROCESSED: 1311525
INFO  :    INPUT_SPLIT_LENGTH_BYTES: 2896016396
INFO  : TaskCounter_Map_2_OUTPUT_Reducer_5:
INFO  :    ADDITIONAL_SPILLS_BYTES_READ: 221169114
INFO  :    ADDITIONAL_SPILLS_BYTES_WRITTEN: 221169114
INFO  :    ADDITIONAL_SPILL_COUNT: 8
INFO  :    OUTPUT_BYTES: 4991450430
INFO  :    OUTPUT_BYTES_PHYSICAL: 1334637932
INFO  :    OUTPUT_BYTES_WITH_OVERHEAD: 11979480760
INFO  :    OUTPUT_LARGE_RECORDS: 0
INFO  :    OUTPUT_RECORDS: 499145043
INFO  :    SPILLED_RECORDS: 80390824
INFO  : TaskCounter_Map_3_INPUT_date_dim:
INFO  :    INPUT_RECORDS_PROCESSED: 10
INFO  :    INPUT_SPLIT_LENGTH_BYTES: 759177
INFO  : TaskCounter_Map_3_OUTPUT_Reducer_5:
INFO  :    ADDITIONAL_SPILLS_BYTES_READ: 0
INFO  :    ADDITIONAL_SPILLS_BYTES_WRITTEN: 0
INFO  :    ADDITIONAL_SPILL_COUNT: 0
INFO  :    OUTPUT_BYTES: 310
INFO  :    OUTPUT_BYTES_PHYSICAL: 300
INFO  :    OUTPUT_BYTES_WITH_OVERHEAD: 440
INFO  :    OUTPUT_LARGE_RECORDS: 0
INFO  :    OUTPUT_RECORDS: 62
INFO  :    SPILLED_RECORDS: 0
INFO  : TaskCounter_Map_4_INPUT_store_sales:
INFO  :    INPUT_RECORDS_PROCESSED: 28801139
INFO  :    INPUT_SPLIT_LENGTH_BYTES: 1581157241936
INFO  : TaskCounter_Map_4_OUTPUT_Reducer_5:
INFO  :    ADDITIONAL_SPILLS_BYTES_READ: 67227792247
INFO  :    ADDITIONAL_SPILLS_BYTES_WRITTEN: 67227792247
INFO  :    ADDITIONAL_SPILL_COUNT: 2330
INFO  :    OUTPUT_BYTES: 172802557608
INFO  :    OUTPUT_BYTES_PHYSICAL: 68771132767
INFO  :    OUTPUT_BYTES_WITH_OVERHEAD: 576008520472
INFO  :    OUTPUT_LARGE_RECORDS: 0
INFO  :    OUTPUT_RECORDS: 28800426268
INFO  :    SPILLED_RECORDS: 28096593920
INFO  : TaskCounter_Reducer_5_INPUT_Map_1:
INFO  :    FIRST_EVENT_RECEIVED: 18707
INFO  :    INPUT_RECORDS_PROCESSED: 58
INFO  :    LAST_EVENT_RECEIVED: 20115
INFO  :    NUM_FAILED_SHUFFLE_INPUTS: 0
INFO  :    NUM_SHUFFLED_INPUTS: 58
INFO  :    SHUFFLE_BYTES: 9067
INFO  :    SHUFFLE_BYTES_DECOMPRESSED: 8469
INFO  :    SHUFFLE_BYTES_DISK_DIRECT: 1029
INFO  :    SHUFFLE_BYTES_TO_DISK: 0
INFO  :    SHUFFLE_BYTES_TO_MEM: 8038
INFO  :    SHUFFLE_PHASE_TIME: 41976
INFO  : TaskCounter_Reducer_5_INPUT_Map_2:
INFO  :    FIRST_EVENT_RECEIVED: 17889
INFO  :    INPUT_RECORDS_PROCESSED: 499145043
INFO  :    LAST_EVENT_RECEIVED: 109903
INFO  :    NUM_FAILED_SHUFFLE_INPUTS: 0
INFO  :    NUM_SHUFFLED_INPUTS: 129152
INFO  :    SHUFFLE_BYTES: 1331538284
INFO  :    SHUFFLE_BYTES_DECOMPRESSED: 5990515428
INFO  :    SHUFFLE_BYTES_DISK_DIRECT: 147936980
INFO  :    SHUFFLE_BYTES_TO_DISK: 0
INFO  :    SHUFFLE_BYTES_TO_MEM: 1183601304
INFO  :    SHUFFLE_PHASE_TIME: 2489298
INFO  : TaskCounter_Reducer_5_INPUT_Map_3:
INFO  :    FIRST_EVENT_RECEIVED: 16
INFO  :    INPUT_RECORDS_PROCESSED: 558
INFO  :    LAST_EVENT_RECEIVED: 16
INFO  :    NUM_FAILED_SHUFFLE_INPUTS: 0
INFO  :    NUM_SHUFFLED_INPUTS: 9
INFO  :    SHUFFLE_BYTES: 2484
INFO  :    SHUFFLE_BYTES_DECOMPRESSED: 3960
INFO  :    SHUFFLE_BYTES_DISK_DIRECT: 276
INFO  :    SHUFFLE_BYTES_TO_DISK: 0
INFO  :    SHUFFLE_BYTES_TO_MEM: 2208
INFO  :    SHUFFLE_PHASE_TIME: 93
INFO  : TaskCounter_Reducer_5_INPUT_Map_4:
INFO  :    FIRST_EVENT_RECEIVED: 47959
INFO  :    INPUT_RECORDS_PROCESSED: 28800426268
INFO  :    LAST_EVENT_RECEIVED: 23152036
INFO  :    NUM_FAILED_SHUFFLE_INPUTS: 0
INFO  :    NUM_SHUFFLED_INPUTS: 115026
INFO  :    SHUFFLE_BYTES: 68768372143
INFO  :    SHUFFLE_BYTES_DECOMPRESSED: 230404100300
INFO  :    SHUFFLE_BYTES_DISK_DIRECT: 7635983439
INFO  :    SHUFFLE_BYTES_TO_DISK: 0
INFO  :    SHUFFLE_BYTES_TO_MEM: 61132388704
INFO  :    SHUFFLE_PHASE_TIME: 25030636
INFO  : TaskCounter_Reducer_5_OUTPUT_Reducer_6:
INFO  :    ADDITIONAL_SPILLS_BYTES_READ: 0
INFO  :    ADDITIONAL_SPILLS_BYTES_WRITTEN: 0
INFO  :    ADDITIONAL_SPILL_COUNT: 0
INFO  :    OUTPUT_BYTES: 4804
INFO  :    OUTPUT_BYTES_PHYSICAL: 20366396
INFO  :    OUTPUT_BYTES_WITH_OVERHEAD: 6113374
INFO  :    OUTPUT_RECORDS: 31
INFO  :    SHUFFLE_CHUNK_COUNT: 1009
INFO  :    SPILLED_RECORDS: 31
INFO  : TaskCounter_Reducer_6_INPUT_Reducer_5:
INFO  :    ADDITIONAL_SPILLS_BYTES_READ: 5375
INFO  :    ADDITIONAL_SPILLS_BYTES_WRITTEN: 4010
INFO  :    COMBINE_INPUT_RECORDS: 0
INFO  :    FIRST_EVENT_RECEIVED: 14147
INFO  :    LAST_EVENT_RECEIVED: 32742297
INFO  :    MERGED_MAP_OUTPUTS: 31
INFO  :    MERGE_PHASE_TIME: 32743357
INFO  :    NUM_DISK_TO_DISK_MERGES: 0
INFO  :    NUM_FAILED_SHUFFLE_INPUTS: 0
INFO  :    NUM_MEM_TO_DISK_MERGES: 0
INFO  :    NUM_SHUFFLED_INPUTS: 31
INFO  :    NUM_SKIPPED_INPUTS: 1018050
INFO  :    REDUCE_INPUT_GROUPS: 31
INFO  :    REDUCE_INPUT_RECORDS: 31
INFO  :    SHUFFLE_BYTES: 5396
INFO  :    SHUFFLE_BYTES_DECOMPRESSED: 5074
INFO  :    SHUFFLE_BYTES_DISK_DIRECT: 1365
INFO  :    SHUFFLE_BYTES_TO_DISK: 0
INFO  :    SHUFFLE_BYTES_TO_MEM: 4031
INFO  :    SHUFFLE_PHASE_TIME: 32742496
INFO  :    SPILLED_RECORDS: 31
INFO  : TaskCounter_Reducer_6_OUTPUT_Reducer_7:
INFO  :    ADDITIONAL_SPILLS_BYTES_READ: 0
INFO  :    ADDITIONAL_SPILLS_BYTES_WRITTEN: 0
INFO  :    ADDITIONAL_SPILL_COUNT: 0
INFO  :    OUTPUT_BYTES: 4791
INFO  :    OUTPUT_BYTES_PHYSICAL: 9811
INFO  :    OUTPUT_BYTES_WITH_OVERHEAD: 6392
INFO  :    OUTPUT_RECORDS: 31
INFO  :    SHUFFLE_CHUNK_COUNT: 253
INFO  :    SPILLED_RECORDS: 31
INFO  : TaskCounter_Reducer_7_INPUT_Reducer_6:
INFO  :    ADDITIONAL_SPILLS_BYTES_READ: 3833
INFO  :    ADDITIONAL_SPILLS_BYTES_WRITTEN: 3409
INFO  :    COMBINE_INPUT_RECORDS: 0
INFO  :    FIRST_EVENT_RECEIVED: 1
INFO  :    LAST_EVENT_RECEIVED: 199
INFO  :    MERGED_MAP_OUTPUTS: 29
INFO  :    MERGE_PHASE_TIME: 202
INFO  :    NUM_DISK_TO_DISK_MERGES: 0
INFO  :    NUM_FAILED_SHUFFLE_INPUTS: 0
INFO  :    NUM_MEM_TO_DISK_MERGES: 0
INFO  :    NUM_SHUFFLED_INPUTS: 29
INFO  :    NUM_SKIPPED_INPUTS: 224
INFO  :    REDUCE_INPUT_GROUPS: 31
INFO  :    REDUCE_INPUT_RECORDS: 31
INFO  :    SHUFFLE_BYTES: 5331
INFO  :    SHUFFLE_BYTES_DECOMPRESSED: 5048
INFO  :    SHUFFLE_BYTES_DISK_DIRECT: 424
INFO  :    SHUFFLE_BYTES_TO_DISK: 0
INFO  :    SHUFFLE_BYTES_TO_MEM: 4907
INFO  :    SHUFFLE_PHASE_TIME: 201
INFO  :    SPILLED_RECORDS: 31
INFO  : TaskCounter_Reducer_7_OUTPUT_out_Reducer_7:
INFO  :    OUTPUT_RECORDS: 0
INFO  : org.apache.hadoop.hive.llap.counters.LlapIOCounters:
INFO  :    CACHE_HIT_BYTES: 86015175713
INFO  :    CACHE_MISS_BYTES: 0
INFO  :    CONSUMER_TIME_NS: 7314684835488
INFO  :    DECODE_TIME_NS: 788923477802
INFO  :    HDFS_TIME_NS: 83749470
INFO  :    METADATA_CACHE_HIT: 39720
INFO  :    NUM_DECODED_BATCHES: 3021798
INFO  :    NUM_VECTOR_BATCHES: 30113081
INFO  :    ROWS_EMITTED: 30112363268
INFO  :    SELECTED_ROWGROUPS: 3021798
INFO  :    TOTAL_IO_TIME_NS: 808957773976
INFO  : Completed executing command(queryId=hive_20161019161504_2c83bdea-7d95-4a71-bd1c-b75149a97507); Time taken: 347.976 seconds
INFO  : OK
31 rows selected (348.649 seconds)
Closing: 0: jdbc:hive2://h01hn02:10500/tpcds_bin_partitioned_orc_10000
