Connecting to jdbc:hive2://h01hn02:10500/tpcds_bin_partitioned_orc_10000
Connected to: Apache Hive (version 2.1.0.2.5.1.0-43)
Driver: Hive JDBC (version 1.2.1000.2.5.1.0-43)
Transaction isolation: TRANSACTION_REPEATABLE_READ
Running init script bry.sql
No rows affected (0.037 seconds)
No rows affected (0.002 seconds)
INFO  : Compiling command(queryId=hive_20161017180630_e04686bf-adab-4cb0-8dda-4eb59049ff45): select  i_item_desc
       ,i_category 
       ,i_class 
       ,i_current_price
       ,i_item_id
       ,sum(cs_ext_sales_price) as itemrevenue 
       ,sum(cs_ext_sales_price)*100/sum(sum(cs_ext_sales_price)) over
           (partition by i_class) as revenueratio
 from catalog_sales
     ,item 
     ,date_dim
 where catalog_sales.cs_item_sk = item.i_item_sk 
   and i_category in ('Jewelry', 'Sports', 'Books')
   and catalog_sales.cs_sold_date_sk = date_dim.d_date_sk
 and d_date between '2001-01-12' and '2001-02-11'
 group by i_item_id
         ,i_item_desc 
         ,i_category
         ,i_class
         ,i_current_price
 order by i_category
         ,i_class
         ,i_item_id
         ,i_item_desc
         ,revenueratio
limit 100
INFO  : Semantic Analysis Completed
INFO  : Returning Hive schema: Schema(fieldSchemas:[FieldSchema(name:i_item_desc, type:string, comment:null), FieldSchema(name:i_category, type:string, comment:null), FieldSchema(name:i_class, type:string, comment:null), FieldSchema(name:i_current_price, type:float, comment:null), FieldSchema(name:i_item_id, type:string, comment:null), FieldSchema(name:itemrevenue, type:double, comment:null), FieldSchema(name:revenueratio, type:double, comment:null)], properties:null)
INFO  : Completed compiling command(queryId=hive_20161017180630_e04686bf-adab-4cb0-8dda-4eb59049ff45); Time taken: 0.593 seconds
INFO  : Concurrency mode is disabled, not creating a lock manager
INFO  : Executing command(queryId=hive_20161017180630_e04686bf-adab-4cb0-8dda-4eb59049ff45): select  i_item_desc
       ,i_category 
       ,i_class 
       ,i_current_price
       ,i_item_id
       ,sum(cs_ext_sales_price) as itemrevenue 
       ,sum(cs_ext_sales_price)*100/sum(sum(cs_ext_sales_price)) over
           (partition by i_class) as revenueratio
 from catalog_sales
     ,item 
     ,date_dim
 where catalog_sales.cs_item_sk = item.i_item_sk 
   and i_category in ('Jewelry', 'Sports', 'Books')
   and catalog_sales.cs_sold_date_sk = date_dim.d_date_sk
 and d_date between '2001-01-12' and '2001-02-11'
 group by i_item_id
         ,i_item_desc 
         ,i_category
         ,i_class
         ,i_current_price
 order by i_category
         ,i_class
         ,i_item_id
         ,i_item_desc
         ,revenueratio
limit 100
INFO  : Query ID = hive_20161017180630_e04686bf-adab-4cb0-8dda-4eb59049ff45
INFO  : Total jobs = 1
INFO  : Launching Job 1 out of 1
INFO  : Starting task [Stage-1:MAPRED] in serial mode
INFO  : Session is already open
INFO  : Dag name: select  i_item_desc
       ,i_category...100(Stage-1)
INFO  : Setting tez.task.scale.memory.reserve-fraction to 0.30000001192092896
INFO  : Tez session was closed. Reopening...
INFO  : Session re-established.
INFO  : 

INFO  : Status: Running (Executing on YARN cluster with App id application_1476716628816_0105)

INFO  : Map 1: -/-	Map 5: 0/7	Map 6: 0/1	Reducer 2: 0/1009	Reducer 3: 0/1009	Reducer 4: 0/1	
INFO  : Map 1: -/-	Map 5: 6(+1)/7	Map 6: 1/1	Reducer 2: 0/1009	Reducer 3: 0/1009	Reducer 4: 0/1	
INFO  : Map 1: 0/62	Map 5: 7/7	Map 6: 1/1	Reducer 2: 0/1009	Reducer 3: 0/1009	Reducer 4: 0/1	
INFO  : Map 1: 0(+62)/62	Map 5: 7/7	Map 6: 1/1	Reducer 2: 0/1009	Reducer 3: 0/1009	Reducer 4: 0/1	
INFO  : Map 1: 7(+55)/62	Map 5: 7/7	Map 6: 1/1	Reducer 2: 0/1009	Reducer 3: 0/1009	Reducer 4: 0/1	
INFO  : Map 1: 31(+31)/62	Map 5: 7/7	Map 6: 1/1	Reducer 2: 0(+55)/253	Reducer 3: 0/1009	Reducer 4: 0/1	
INFO  : Map 1: 31(+31)/62	Map 5: 7/7	Map 6: 1/1	Reducer 2: 0(+127)/253	Reducer 3: 0/1009	Reducer 4: 0/1	
INFO  : Map 1: 34(+28)/62	Map 5: 7/7	Map 6: 1/1	Reducer 2: 0(+151)/253	Reducer 3: 0/1009	Reducer 4: 0/1	
INFO  : Map 1: 41(+21)/62	Map 5: 7/7	Map 6: 1/1	Reducer 2: 0(+209)/253	Reducer 3: 0/1009	Reducer 4: 0/1	
INFO  : Map 1: 46(+16)/62	Map 5: 7/7	Map 6: 1/1	Reducer 2: 0(+249)/253	Reducer 3: 0/1009	Reducer 4: 0/1	
INFO  : Map 1: 54(+8)/62	Map 5: 7/7	Map 6: 1/1	Reducer 2: 0(+253)/253	Reducer 3: 0/1009	Reducer 4: 0/1	
INFO  : Map 1: 61(+1)/62	Map 5: 7/7	Map 6: 1/1	Reducer 2: 0(+253)/253	Reducer 3: 0/1009	Reducer 4: 0/1	
INFO  : Map 1: 62/62	Map 5: 7/7	Map 6: 1/1	Reducer 2: 8(+245)/253	Reducer 3: 0/1009	Reducer 4: 0/1	
INFO  : Map 1: 62/62	Map 5: 7/7	Map 6: 1/1	Reducer 2: 17(+236)/253	Reducer 3: 0/1009	Reducer 4: 0/1	
INFO  : Map 1: 62/62	Map 5: 7/7	Map 6: 1/1	Reducer 2: 42(+211)/253	Reducer 3: 0/1009	Reducer 4: 0/1	
INFO  : Map 1: 62/62	Map 5: 7/7	Map 6: 1/1	Reducer 2: 128(+125)/253	Reducer 3: 0/1009	Reducer 4: 0/1	
INFO  : Map 1: 62/62	Map 5: 7/7	Map 6: 1/1	Reducer 2: 150(+103)/253	Reducer 3: 0/1009	Reducer 4: 0/1	
INFO  : Map 1: 62/62	Map 5: 7/7	Map 6: 1/1	Reducer 2: 212(+41)/253	Reducer 3: 0(+2)/145	Reducer 4: 0/1	
INFO  : Map 1: 62/62	Map 5: 7/7	Map 6: 1/1	Reducer 2: 226(+27)/253	Reducer 3: 0(+145)/145	Reducer 4: 0/1	
INFO  : Map 1: 62/62	Map 5: 7/7	Map 6: 1/1	Reducer 2: 234(+19)/253	Reducer 3: 0(+145)/145	Reducer 4: 0/1	
INFO  : Map 1: 62/62	Map 5: 7/7	Map 6: 1/1	Reducer 2: 238(+15)/253	Reducer 3: 0(+145)/145	Reducer 4: 0/1	
INFO  : Map 1: 62/62	Map 5: 7/7	Map 6: 1/1	Reducer 2: 245(+8)/253	Reducer 3: 0(+145)/145	Reducer 4: 0/1	
INFO  : Map 1: 62/62	Map 5: 7/7	Map 6: 1/1	Reducer 2: 253/253	Reducer 3: 125(+20)/145	Reducer 4: 0(+1)/1	
INFO  : Map 1: 62/62	Map 5: 7/7	Map 6: 1/1	Reducer 2: 253/253	Reducer 3: 145/145	Reducer 4: 0(+1)/1	
INFO  : Map 1: 62/62	Map 5: 7/7	Map 6: 1/1	Reducer 2: 253/253	Reducer 3: 145/145	Reducer 4: 1/1	
INFO  : Status: DAG finished successfully in 7.21 seconds
INFO  : 
INFO  : Query Execution Summary
INFO  : ----------------------------------------------------------------------------------------------
INFO  : ----------------------------------------------------------------------------------------------
INFO  : Compile Query                           0.59s
INFO  : Prepare Plan                            0.24s
INFO  : Submit Plan                             4.53s
INFO  : Start DAG                               0.39s
INFO  : Run DAG                                 7.21s
INFO  : ----------------------------------------------------------------------------------------------
INFO  : 
INFO  : Task Execution Summary
INFO  : --------------------------------------------------------------------------------------------------------------------------------
INFO  : --------------------------------------------------------------------------------------------------------------------------------
INFO  :      Map 1           62                0             0        3222.00             0            0    140,748,715       3,714,322
INFO  :      Map 5            7                0             0         202.00             0            0        402,000         120,072
INFO  :      Map 6            1                0             0           0.00             0            0         10,000              31
INFO  :  Reducer 2          253                0             0        5228.00             0            0      3,714,322          60,152
INFO  :  Reducer 3          145                0             0        2209.00             0            0         60,152           4,374
INFO  :  Reducer 4            1                0             0         368.00             0            0          4,374               0
INFO  : --------------------------------------------------------------------------------------------------------------------------------
INFO  : 
INFO  : LLAP IO Summary
INFO  : ----------------------------------------------------------------------------------------------
INFO  : ----------------------------------------------------------------------------------------------
INFO  :      Map 1     14122       279          0  984.55MB         0B          0B       0B     6.51s
INFO  :      Map 5        42        14          0   23.64MB         0B          0B       0B     0.10s
INFO  :      Map 6         1         2          0  165.02KB         0B          0B       0B     0.00s
INFO  : ----------------------------------------------------------------------------------------------
INFO  : 
INFO  : FileSystem Counters Summary
INFO  : 
INFO  : ----------------------------------------------------------------------------------------------
INFO  : ----------------------------------------------------------------------------------------------
INFO  :      Map 1          3.00MB             0                  0           409.57MB             0
INFO  :      Map 5              0B             0                  0            10.00MB             0
INFO  :      Map 6              0B             0                  0               183B             0
INFO  :  Reducer 2         12.26MB             0                  0            18.86MB             0
INFO  :  Reducer 3          9.28KB             0                  0           476.67KB             0
INFO  :  Reducer 4        136.42KB             0                  0                 0B             0
INFO  : ----------------------------------------------------------------------------------------------
INFO  : 
INFO  : ----------------------------------------------------------------------------------------------
INFO  : ----------------------------------------------------------------------------------------------
INFO  :      Map 1              0B             0                  0                 0B             0
INFO  :      Map 5              0B             0                  0                 0B             0
INFO  :      Map 6              0B             0                  0                 0B             0
INFO  :  Reducer 2              0B             0                  0                 0B             0
INFO  :  Reducer 3              0B             0                  0                 0B             0
INFO  :  Reducer 4              0B             2                  0            17.29KB             2
INFO  : ----------------------------------------------------------------------------------------------
INFO  : 
INFO  : org.apache.tez.common.counters.DAGCounter:
INFO  :    NUM_SUCCEEDED_TASKS: 469
INFO  :    TOTAL_LAUNCHED_TASKS: 469
INFO  :    DATA_LOCAL_TASKS: 70
INFO  :    AM_CPU_MILLISECONDS: 17820
INFO  :    AM_GC_TIME_MILLIS: 41
INFO  : File System Counters:
INFO  :    FILE_BYTES_READ: 15406821
INFO  :    FILE_BYTES_WRITTEN: 438904815
INFO  :    FILE_READ_OPS: 0
INFO  :    FILE_LARGE_READ_OPS: 0
INFO  :    FILE_WRITE_OPS: 0
INFO  :    HDFS_BYTES_READ: 0
INFO  :    HDFS_BYTES_WRITTEN: 17288
INFO  :    HDFS_READ_OPS: 2
INFO  :    HDFS_LARGE_READ_OPS: 0
INFO  :    HDFS_WRITE_OPS: 2
INFO  : org.apache.tez.common.counters.TaskCounter:
INFO  :    REDUCE_INPUT_GROUPS: 64575
INFO  :    REDUCE_INPUT_RECORDS: 3778848
INFO  :    COMBINE_INPUT_RECORDS: 0
INFO  :    SPILLED_RECORDS: 7557696
INFO  :    NUM_SHUFFLED_INPUTS: 74533
INFO  :    NUM_SKIPPED_INPUTS: 243519
INFO  :    NUM_FAILED_SHUFFLE_INPUTS: 0
INFO  :    MERGED_MAP_OUTPUTS: 74461
INFO  :    INPUT_RECORDS_PROCESSED: 1221982
INFO  :    INPUT_SPLIT_LENGTH_BYTES: 10815839767
INFO  :    OUTPUT_RECORDS: 3898951
INFO  :    OUTPUT_LARGE_RECORDS: 0
INFO  :    OUTPUT_BYTES: 594653987
INFO  :    OUTPUT_BYTES_WITH_OVERHEAD: 606075446
INFO  :    OUTPUT_BYTES_PHYSICAL: 431269551
INFO  :    ADDITIONAL_SPILLS_BYTES_WRITTEN: 35495046
INFO  :    ADDITIONAL_SPILLS_BYTES_READ: 80061277
INFO  :    ADDITIONAL_SPILL_COUNT: 0
INFO  :    SHUFFLE_CHUNK_COUNT: 460
INFO  :    SHUFFLE_BYTES: 506381387
INFO  :    SHUFFLE_BYTES_DECOMPRESSED: 745658820
INFO  :    SHUFFLE_BYTES_TO_MEM: 451817355
INFO  :    SHUFFLE_BYTES_TO_DISK: 0
INFO  :    SHUFFLE_BYTES_DISK_DIRECT: 54564032
INFO  :    NUM_MEM_TO_DISK_MERGES: 0
INFO  :    NUM_DISK_TO_DISK_MERGES: 0
INFO  :    SHUFFLE_PHASE_TIME: 820555
INFO  :    MERGE_PHASE_TIME: 831661
INFO  :    FIRST_EVENT_RECEIVED: 2924
INFO  :    LAST_EVENT_RECEIVED: 643558
INFO  : HIVE:
INFO  :    CREATED_FILES: 1
INFO  :    DESERIALIZE_ERRORS: 0
INFO  :    RECORDS_IN_Map_1: 140628612
INFO  :    RECORDS_IN_Map_5: 402000
INFO  :    RECORDS_IN_Map_6: 10000
INFO  :    RECORDS_OUT_0: 100
INFO  :    RECORDS_OUT_INTERMEDIATE_Map_1: 3714322
INFO  :    RECORDS_OUT_INTERMEDIATE_Map_5: 120072
INFO  :    RECORDS_OUT_INTERMEDIATE_Map_6: 31
INFO  :    RECORDS_OUT_INTERMEDIATE_Reducer_2: 60152
INFO  :    RECORDS_OUT_INTERMEDIATE_Reducer_3: 4374
INFO  : Shuffle Errors:
INFO  :    BAD_ID: 0
INFO  :    CONNECTION: 0
INFO  :    IO_ERROR: 0
INFO  :    WRONG_LENGTH: 0
INFO  :    WRONG_MAP: 0
INFO  :    WRONG_REDUCE: 0
INFO  : Shuffle Errors_Reducer_2_INPUT_Map_1:
INFO  :    BAD_ID: 0
INFO  :    CONNECTION: 0
INFO  :    IO_ERROR: 0
INFO  :    WRONG_LENGTH: 0
INFO  :    WRONG_MAP: 0
INFO  :    WRONG_REDUCE: 0
INFO  : Shuffle Errors_Reducer_3_INPUT_Reducer_2:
INFO  :    BAD_ID: 0
INFO  :    CONNECTION: 0
INFO  :    IO_ERROR: 0
INFO  :    WRONG_LENGTH: 0
INFO  :    WRONG_MAP: 0
INFO  :    WRONG_REDUCE: 0
INFO  : Shuffle Errors_Reducer_4_INPUT_Reducer_3:
INFO  :    BAD_ID: 0
INFO  :    CONNECTION: 0
INFO  :    IO_ERROR: 0
INFO  :    WRONG_LENGTH: 0
INFO  :    WRONG_MAP: 0
INFO  :    WRONG_REDUCE: 0
INFO  : TaskCounter_Map_1_INPUT_Map_5:
INFO  :    FIRST_EVENT_RECEIVED: 10
INFO  :    INPUT_RECORDS_PROCESSED: 1080648
INFO  :    LAST_EVENT_RECEIVED: 11
INFO  :    NUM_FAILED_SHUFFLE_INPUTS: 0
INFO  :    NUM_SHUFFLED_INPUTS: 63
INFO  :    SHUFFLE_BYTES: 89978850
INFO  :    SHUFFLE_BYTES_DECOMPRESSED: 158673042
INFO  :    SHUFFLE_BYTES_DISK_DIRECT: 9997650
INFO  :    SHUFFLE_BYTES_TO_DISK: 0
INFO  :    SHUFFLE_BYTES_TO_MEM: 79981200
INFO  :    SHUFFLE_PHASE_TIME: 312
INFO  : TaskCounter_Map_1_INPUT_Map_6:
INFO  :    FIRST_EVENT_RECEIVED: 7
INFO  :    INPUT_RECORDS_PROCESSED: 279
INFO  :    LAST_EVENT_RECEIVED: 7
INFO  :    NUM_FAILED_SHUFFLE_INPUTS: 0
INFO  :    NUM_SHUFFLED_INPUTS: 9
INFO  :    SHUFFLE_BYTES: 1359
INFO  :    SHUFFLE_BYTES_DECOMPRESSED: 2007
INFO  :    SHUFFLE_BYTES_DISK_DIRECT: 151
INFO  :    SHUFFLE_BYTES_TO_DISK: 0
INFO  :    SHUFFLE_BYTES_TO_MEM: 1208
INFO  :    SHUFFLE_PHASE_TIME: 16
INFO  : TaskCounter_Map_1_INPUT_catalog_sales:
INFO  :    INPUT_RECORDS_PROCESSED: 140640
INFO  :    INPUT_SPLIT_LENGTH_BYTES: 10776988252
INFO  : TaskCounter_Map_1_OUTPUT_Reducer_2:
INFO  :    ADDITIONAL_SPILLS_BYTES_READ: 0
INFO  :    ADDITIONAL_SPILLS_BYTES_WRITTEN: 0
INFO  :    ADDITIONAL_SPILL_COUNT: 0
INFO  :    OUTPUT_BYTES: 567657195
INFO  :    OUTPUT_BYTES_PHYSICAL: 408069079
INFO  :    OUTPUT_BYTES_WITH_OVERHEAD: 577621041
INFO  :    OUTPUT_RECORDS: 3714322
INFO  :    SHUFFLE_CHUNK_COUNT: 62
INFO  :    SPILLED_RECORDS: 3714322
INFO  : TaskCounter_Map_5_INPUT_item:
INFO  :    INPUT_RECORDS_PROCESSED: 405
INFO  :    INPUT_SPLIT_LENGTH_BYTES: 38092338
INFO  : TaskCounter_Map_5_OUTPUT_Map_1:
INFO  :    ADDITIONAL_SPILLS_BYTES_READ: 0
INFO  :    ADDITIONAL_SPILLS_BYTES_WRITTEN: 0
INFO  :    ADDITIONAL_SPILL_COUNT: 0
INFO  :    OUTPUT_BYTES: 17323365
INFO  :    OUTPUT_BYTES_PHYSICAL: 9997818
INFO  :    OUTPUT_BYTES_WITH_OVERHEAD: 17630338
INFO  :    OUTPUT_LARGE_RECORDS: 0
INFO  :    OUTPUT_RECORDS: 120072
INFO  :    SPILLED_RECORDS: 0
INFO  : TaskCounter_Map_6_INPUT_date_dim:
INFO  :    INPUT_RECORDS_PROCESSED: 10
INFO  :    INPUT_SPLIT_LENGTH_BYTES: 759177
INFO  : TaskCounter_Map_6_OUTPUT_Map_1:
INFO  :    ADDITIONAL_SPILLS_BYTES_READ: 0
INFO  :    ADDITIONAL_SPILLS_BYTES_WRITTEN: 0
INFO  :    ADDITIONAL_SPILL_COUNT: 0
INFO  :    OUTPUT_BYTES: 155
INFO  :    OUTPUT_BYTES_PHYSICAL: 175
INFO  :    OUTPUT_BYTES_WITH_OVERHEAD: 223
INFO  :    OUTPUT_LARGE_RECORDS: 0
INFO  :    OUTPUT_RECORDS: 31
INFO  :    SPILLED_RECORDS: 0
INFO  : TaskCounter_Reducer_2_INPUT_Map_1:
INFO  :    ADDITIONAL_SPILLS_BYTES_READ: 73850409
INFO  :    ADDITIONAL_SPILLS_BYTES_WRITTEN: 30142416
INFO  :    COMBINE_INPUT_RECORDS: 0
INFO  :    FIRST_EVENT_RECEIVED: 1296
INFO  :    LAST_EVENT_RECEIVED: 364392
INFO  :    MERGED_MAP_OUTPUTS: 62558
INFO  :    MERGE_PHASE_TIME: 550555
INFO  :    NUM_DISK_TO_DISK_MERGES: 0
INFO  :    NUM_FAILED_SHUFFLE_INPUTS: 0
INFO  :    NUM_MEM_TO_DISK_MERGES: 0
INFO  :    NUM_SHUFFLED_INPUTS: 62558
INFO  :    NUM_SKIPPED_INPUTS: 0
INFO  :    REDUCE_INPUT_GROUPS: 60152
INFO  :    REDUCE_INPUT_RECORDS: 3714322
INFO  :    SHUFFLE_BYTES: 408069079
INFO  :    SHUFFLE_BYTES_DECOMPRESSED: 577621041
INFO  :    SHUFFLE_BYTES_DISK_DIRECT: 43707993
INFO  :    SHUFFLE_BYTES_TO_DISK: 0
INFO  :    SHUFFLE_BYTES_TO_MEM: 364361086
INFO  :    SHUFFLE_PHASE_TIME: 541007
INFO  :    SPILLED_RECORDS: 3714322
INFO  : TaskCounter_Reducer_2_OUTPUT_Reducer_3:
INFO  :    ADDITIONAL_SPILLS_BYTES_READ: 0
INFO  :    ADDITIONAL_SPILLS_BYTES_WRITTEN: 0
INFO  :    ADDITIONAL_SPILL_COUNT: 0
INFO  :    OUTPUT_BYTES: 8973858
INFO  :    OUTPUT_BYTES_PHYSICAL: 12730451
INFO  :    OUTPUT_BYTES_WITH_OVERHEAD: 10112222
INFO  :    OUTPUT_RECORDS: 60152
INFO  :    SHUFFLE_CHUNK_COUNT: 253
INFO  :    SPILLED_RECORDS: 60152
INFO  : TaskCounter_Reducer_3_INPUT_Reducer_2:
INFO  :    ADDITIONAL_SPILLS_BYTES_READ: 5769294
INFO  :    ADDITIONAL_SPILLS_BYTES_WRITTEN: 4954065
INFO  :    COMBINE_INPUT_RECORDS: 0
INFO  :    FIRST_EVENT_RECEIVED: 1610
INFO  :    LAST_EVENT_RECEIVED: 278848
INFO  :    MERGED_MAP_OUTPUTS: 11859
INFO  :    MERGE_PHASE_TIME: 280798
INFO  :    NUM_DISK_TO_DISK_MERGES: 0
INFO  :    NUM_FAILED_SHUFFLE_INPUTS: 0
INFO  :    NUM_MEM_TO_DISK_MERGES: 0
INFO  :    NUM_SHUFFLED_INPUTS: 11859
INFO  :    NUM_SKIPPED_INPUTS: 243418
INFO  :    REDUCE_INPUT_GROUPS: 49
INFO  :    REDUCE_INPUT_RECORDS: 60152
INFO  :    SHUFFLE_BYTES: 7862091
INFO  :    SHUFFLE_BYTES_DECOMPRESSED: 8651714
INFO  :    SHUFFLE_BYTES_DISK_DIRECT: 815229
INFO  :    SHUFFLE_BYTES_TO_DISK: 0
INFO  :    SHUFFLE_BYTES_TO_MEM: 7046862
INFO  :    SHUFFLE_PHASE_TIME: 278918
INFO  :    SPILLED_RECORDS: 60152
INFO  : TaskCounter_Reducer_3_OUTPUT_Reducer_4:
INFO  :    ADDITIONAL_SPILLS_BYTES_READ: 0
INFO  :    ADDITIONAL_SPILLS_BYTES_WRITTEN: 0
INFO  :    ADDITIONAL_SPILL_COUNT: 0
INFO  :    OUTPUT_BYTES: 699414
INFO  :    OUTPUT_BYTES_PHYSICAL: 472028
INFO  :    OUTPUT_BYTES_WITH_OVERHEAD: 711622
INFO  :    OUTPUT_RECORDS: 4374
INFO  :    SHUFFLE_CHUNK_COUNT: 145
INFO  :    SPILLED_RECORDS: 4374
INFO  : TaskCounter_Reducer_4_INPUT_Reducer_3:
INFO  :    ADDITIONAL_SPILLS_BYTES_READ: 441574
INFO  :    ADDITIONAL_SPILLS_BYTES_WRITTEN: 398565
INFO  :    COMBINE_INPUT_RECORDS: 0
INFO  :    FIRST_EVENT_RECEIVED: 1
INFO  :    LAST_EVENT_RECEIVED: 300
INFO  :    MERGED_MAP_OUTPUTS: 44
INFO  :    MERGE_PHASE_TIME: 308
INFO  :    NUM_DISK_TO_DISK_MERGES: 0
INFO  :    NUM_FAILED_SHUFFLE_INPUTS: 0
INFO  :    NUM_MEM_TO_DISK_MERGES: 0
INFO  :    NUM_SHUFFLED_INPUTS: 44
INFO  :    NUM_SKIPPED_INPUTS: 101
INFO  :    REDUCE_INPUT_GROUPS: 4374
INFO  :    REDUCE_INPUT_RECORDS: 4374
INFO  :    SHUFFLE_BYTES: 470008
INFO  :    SHUFFLE_BYTES_DECOMPRESSED: 711016
INFO  :    SHUFFLE_BYTES_DISK_DIRECT: 43009
INFO  :    SHUFFLE_BYTES_TO_DISK: 0
INFO  :    SHUFFLE_BYTES_TO_MEM: 426999
INFO  :    SHUFFLE_PHASE_TIME: 302
INFO  :    SPILLED_RECORDS: 4374
INFO  : TaskCounter_Reducer_4_OUTPUT_out_Reducer_4:
INFO  :    OUTPUT_RECORDS: 0
INFO  : org.apache.hadoop.hive.llap.counters.LlapIOCounters:
INFO  :    CACHE_HIT_BYTES: 1008356343
INFO  :    CACHE_MISS_BYTES: 0
INFO  :    CONSUMER_TIME_NS: 83892343013
INFO  :    DECODE_TIME_NS: 6401593236
INFO  :    HDFS_TIME_NS: 936961
INFO  :    METADATA_CACHE_HIT: 295
INFO  :    NUM_DECODED_BATCHES: 14165
INFO  :    NUM_VECTOR_BATCHES: 141055
INFO  :    ROWS_EMITTED: 141040612
INFO  :    SELECTED_ROWGROUPS: 14165
INFO  :    TOTAL_IO_TIME_NS: 6608048485
INFO  : Completed executing command(queryId=hive_20161017180630_e04686bf-adab-4cb0-8dda-4eb59049ff45); Time taken: 12.472 seconds
INFO  : OK
100 rows selected (13.121 seconds)
Closing: 0: jdbc:hive2://h01hn02:10500/tpcds_bin_partitioned_orc_10000
