Connecting to jdbc:hive2://h01hn02:10500/tpcds_bin_partitioned_orc_10000
Connected to: Apache Hive (version 2.1.0.2.5.1.0-43)
Driver: Hive JDBC (version 1.2.1000.2.5.1.0-43)
Transaction isolation: TRANSACTION_REPEATABLE_READ
Running init script bry.sql
No rows affected (0.037 seconds)
INFO  : Compiling command(queryId=hive_20161020152646_308b91dd-0643-444d-bcc7-bcc14b13d25a): select  ca_zip
       ,sum(cs_sales_price)
 from catalog_sales
     ,customer
     ,customer_address
     ,date_dim
 where catalog_sales.cs_bill_customer_sk = customer.c_customer_sk
 	and customer.c_current_addr_sk = customer_address.ca_address_sk 
 	and ( substr(ca_zip,1,5) in ('85669', '86197','88274','83405','86475',
                                   '85392', '85460', '80348', '81792')
 	      or customer_address.ca_state in ('CA','WA','GA')
 	      or catalog_sales.cs_sales_price > 500)
 	and catalog_sales.cs_sold_date_sk = date_dim.d_date_sk
 	and date_dim.d_qoy = 2 and date_dim.d_year = 2000
 group by ca_zip
 order by ca_zip
 limit 100
INFO  : Semantic Analysis Completed
INFO  : Returning Hive schema: Schema(fieldSchemas:[FieldSchema(name:ca_zip, type:string, comment:null), FieldSchema(name:c1, type:double, comment:null)], properties:null)
INFO  : Completed compiling command(queryId=hive_20161020152646_308b91dd-0643-444d-bcc7-bcc14b13d25a); Time taken: 0.633 seconds
INFO  : Concurrency mode is disabled, not creating a lock manager
INFO  : Executing command(queryId=hive_20161020152646_308b91dd-0643-444d-bcc7-bcc14b13d25a): select  ca_zip
       ,sum(cs_sales_price)
 from catalog_sales
     ,customer
     ,customer_address
     ,date_dim
 where catalog_sales.cs_bill_customer_sk = customer.c_customer_sk
 	and customer.c_current_addr_sk = customer_address.ca_address_sk 
 	and ( substr(ca_zip,1,5) in ('85669', '86197','88274','83405','86475',
                                   '85392', '85460', '80348', '81792')
 	      or customer_address.ca_state in ('CA','WA','GA')
 	      or catalog_sales.cs_sales_price > 500)
 	and catalog_sales.cs_sold_date_sk = date_dim.d_date_sk
 	and date_dim.d_qoy = 2 and date_dim.d_year = 2000
 group by ca_zip
 order by ca_zip
 limit 100
INFO  : Query ID = hive_20161020152646_308b91dd-0643-444d-bcc7-bcc14b13d25a
INFO  : Total jobs = 1
INFO  : Launching Job 1 out of 1
INFO  : Starting task [Stage-1:MAPRED] in serial mode
INFO  : Session is already open
INFO  : Dag name: select  ca_zip
       ,sum(cs_sales_pr...100(Stage-1)
INFO  : Setting tez.task.scale.memory.reserve-fraction to 0.30000001192092896
INFO  : Setting tez.task.scale.memory.reserve-fraction to 0.30000001192092896
INFO  : 

INFO  : Status: Running (Executing on YARN cluster with App id application_1476988466894_0247)

INFO  : Map 1: -/-	Map 6: 0(+11)/281	Map 7: -/-	Map 8: 1/1	Reducer 2: 0/1009	Reducer 3: 0/1009	Reducer 4: 0/1009	Reducer 5: 0/1	
INFO  : Map 1: -/-	Map 6: 1(+280)/281	Map 7: 0(+11)/223	Map 8: 1/1	Reducer 2: 0/1009	Reducer 3: 0/1009	Reducer 4: 0/1009	Reducer 5: 0/1	
INFO  : Map 1: 0/182	Map 6: 7(+274)/281	Map 7: 0(+201)/223	Map 8: 1/1	Reducer 2: 0/1009	Reducer 3: 0/1009	Reducer 4: 0/1009	Reducer 5: 0/1	
INFO  : Map 1: 0/182	Map 6: 19(+262)/281	Map 7: 0(+212)/223	Map 8: 1/1	Reducer 2: 0/1009	Reducer 3: 0/1009	Reducer 4: 0/1009	Reducer 5: 0/1	
INFO  : Map 1: 0/182	Map 6: 23(+258)/281	Map 7: 0(+223)/223	Map 8: 1/1	Reducer 2: 0/1009	Reducer 3: 0/1009	Reducer 4: 0/1009	Reducer 5: 0/1	
INFO  : Map 1: 0/182	Map 6: 28(+253)/281	Map 7: 0(+223)/223	Map 8: 1/1	Reducer 2: 0/1009	Reducer 3: 0/1009	Reducer 4: 0/1009	Reducer 5: 0/1	
INFO  : Map 1: 0/182	Map 6: 31(+250)/281	Map 7: 0(+223)/223	Map 8: 1/1	Reducer 2: 0/1009	Reducer 3: 0/1009	Reducer 4: 0/1009	Reducer 5: 0/1	
INFO  : Map 1: 0/182	Map 6: 48(+233)/281	Map 7: 0(+223)/223	Map 8: 1/1	Reducer 2: 0/1009	Reducer 3: 0/1009	Reducer 4: 0/1009	Reducer 5: 0/1	
INFO  : Map 1: 0/182	Map 6: 64(+217)/281	Map 7: 0(+223)/223	Map 8: 1/1	Reducer 2: 0/1009	Reducer 3: 0/1009	Reducer 4: 0/1009	Reducer 5: 0/1	
INFO  : Map 1: 0/182	Map 6: 73(+208)/281	Map 7: 15(+208)/223	Map 8: 1/1	Reducer 2: 0/1009	Reducer 3: 0/1009	Reducer 4: 0/1009	Reducer 5: 0/1	
INFO  : Map 1: 0/182	Map 6: 85(+196)/281	Map 7: 18(+205)/223	Map 8: 1/1	Reducer 2: 0/1009	Reducer 3: 0/1009	Reducer 4: 0/1009	Reducer 5: 0/1	
INFO  : Map 1: 0/182	Map 6: 102(+179)/281	Map 7: 29(+194)/223	Map 8: 1/1	Reducer 2: 0/1009	Reducer 3: 0/1009	Reducer 4: 0/1009	Reducer 5: 0/1	
INFO  : Map 1: 0/182	Map 6: 143(+138)/281	Map 7: 59(+164)/223	Map 8: 1/1	Reducer 2: 0/1009	Reducer 3: 0/1009	Reducer 4: 0/1009	Reducer 5: 0/1	
INFO  : Map 1: 0/182	Map 6: 144(+137)/281	Map 7: 60(+163)/223	Map 8: 1/1	Reducer 2: 0/1009	Reducer 3: 0/1009	Reducer 4: 0/1009	Reducer 5: 0/1	
INFO  : Map 1: 0/182	Map 6: 159(+122)/281	Map 7: 88(+135)/223	Map 8: 1/1	Reducer 2: 0/1009	Reducer 3: 0/1009	Reducer 4: 0/1009	Reducer 5: 0/1	
INFO  : Map 1: 0/182	Map 6: 167(+114)/281	Map 7: 107(+116)/223	Map 8: 1/1	Reducer 2: 0/1009	Reducer 3: 0/1009	Reducer 4: 0/1009	Reducer 5: 0/1	
INFO  : Map 1: 0/182	Map 6: 227(+54)/281	Map 7: 125(+98)/223	Map 8: 1/1	Reducer 2: 0/1009	Reducer 3: 0/1009	Reducer 4: 0/1009	Reducer 5: 0/1	
INFO  : Map 1: 0/182	Map 6: 235(+46)/281	Map 7: 170(+53)/223	Map 8: 1/1	Reducer 2: 0/1009	Reducer 3: 0/1009	Reducer 4: 0/1009	Reducer 5: 0/1	
INFO  : Map 1: 0/182	Map 6: 238(+43)/281	Map 7: 170(+53)/223	Map 8: 1/1	Reducer 2: 0/1009	Reducer 3: 0/1009	Reducer 4: 0/1009	Reducer 5: 0/1	
INFO  : Map 1: 0(+17)/182	Map 6: 254(+27)/281	Map 7: 177(+46)/223	Map 8: 1/1	Reducer 2: 0/1009	Reducer 3: 0/1009	Reducer 4: 0/1009	Reducer 5: 0/1	
INFO  : Map 1: 0(+182)/182	Map 6: 267(+14)/281	Map 7: 216(+7)/223	Map 8: 1/1	Reducer 2: 0/1009	Reducer 3: 0/1009	Reducer 4: 0/1009	Reducer 5: 0/1	
INFO  : Map 1: 0(+182)/182	Map 6: 275(+6)/281	Map 7: 223/223	Map 8: 1/1	Reducer 2: 0/1009	Reducer 3: 0/1009	Reducer 4: 0/1009	Reducer 5: 0/1	
INFO  : Map 1: 0(+182)/182	Map 6: 280(+1)/281	Map 7: 223/223	Map 8: 1/1	Reducer 2: 0/1009	Reducer 3: 0/1009	Reducer 4: 0/1009	Reducer 5: 0/1	
INFO  : Map 1: 0(+182)/182	Map 6: 281/281	Map 7: 223/223	Map 8: 1/1	Reducer 2: 0/1009	Reducer 3: 0/1009	Reducer 4: 0/1009	Reducer 5: 0/1	
INFO  : Map 1: 5(+177)/182	Map 6: 281/281	Map 7: 223/223	Map 8: 1/1	Reducer 2: 0/1009	Reducer 3: 0/1009	Reducer 4: 0/1009	Reducer 5: 0/1	
INFO  : Map 1: 12(+170)/182	Map 6: 281/281	Map 7: 223/223	Map 8: 1/1	Reducer 2: 0/1009	Reducer 3: 0/1009	Reducer 4: 0/1009	Reducer 5: 0/1	
INFO  : Map 1: 26(+156)/182	Map 6: 281/281	Map 7: 223/223	Map 8: 1/1	Reducer 2: 0/1009	Reducer 3: 0/1009	Reducer 4: 0/1009	Reducer 5: 0/1	
INFO  : Map 1: 43(+139)/182	Map 6: 281/281	Map 7: 223/223	Map 8: 1/1	Reducer 2: 0(+22)/1009	Reducer 3: 0/1009	Reducer 4: 0/1009	Reducer 5: 0/1	
INFO  : Map 1: 70(+112)/182	Map 6: 281/281	Map 7: 223/223	Map 8: 1/1	Reducer 2: 0(+50)/1009	Reducer 3: 0/1009	Reducer 4: 0/1009	Reducer 5: 0/1	
INFO  : Map 1: 81(+101)/182	Map 6: 281/281	Map 7: 223/223	Map 8: 1/1	Reducer 2: 0(+403)/1009	Reducer 3: 0/1009	Reducer 4: 0/1009	Reducer 5: 0/1	
INFO  : Map 1: 97(+85)/182	Map 6: 281/281	Map 7: 223/223	Map 8: 1/1	Reducer 2: 0(+419)/1009	Reducer 3: 0/1009	Reducer 4: 0/1009	Reducer 5: 0/1	
INFO  : Map 1: 107(+75)/182	Map 6: 281/281	Map 7: 223/223	Map 8: 1/1	Reducer 2: 0(+429)/1009	Reducer 3: 0/1009	Reducer 4: 0/1009	Reducer 5: 0/1	
INFO  : Map 1: 114(+68)/182	Map 6: 281/281	Map 7: 223/223	Map 8: 1/1	Reducer 2: 0(+436)/1009	Reducer 3: 0/1009	Reducer 4: 0/1009	Reducer 5: 0/1	
INFO  : Map 1: 134(+48)/182	Map 6: 281/281	Map 7: 223/223	Map 8: 1/1	Reducer 2: 0(+456)/1009	Reducer 3: 0/1009	Reducer 4: 0/1009	Reducer 5: 0/1	
INFO  : Map 1: 147(+35)/182	Map 6: 281/281	Map 7: 223/223	Map 8: 1/1	Reducer 2: 0(+468)/1009	Reducer 3: 0/1009	Reducer 4: 0/1009	Reducer 5: 0/1	
INFO  : Map 1: 156(+26)/182	Map 6: 281/281	Map 7: 223/223	Map 8: 1/1	Reducer 2: 0(+478)/1009	Reducer 3: 0/1009	Reducer 4: 0/1009	Reducer 5: 0/1	
INFO  : Map 1: 167(+15)/182	Map 6: 281/281	Map 7: 223/223	Map 8: 1/1	Reducer 2: 0(+489)/1009	Reducer 3: 0/1009	Reducer 4: 0/1009	Reducer 5: 0/1	
INFO  : Map 1: 173(+9)/182	Map 6: 281/281	Map 7: 223/223	Map 8: 1/1	Reducer 2: 0(+495)/1009	Reducer 3: 0/1009	Reducer 4: 0/1009	Reducer 5: 0/1	
INFO  : Map 1: 180(+2)/182	Map 6: 281/281	Map 7: 223/223	Map 8: 1/1	Reducer 2: 0(+502)/1009	Reducer 3: 0/1009	Reducer 4: 0/1009	Reducer 5: 0/1	
INFO  : Map 1: 182/182	Map 6: 281/281	Map 7: 223/223	Map 8: 1/1	Reducer 2: 0(+504)/1009	Reducer 3: 0/1009	Reducer 4: 0/1009	Reducer 5: 0/1	
INFO  : Map 1: 182/182	Map 6: 281/281	Map 7: 223/223	Map 8: 1/1	Reducer 2: 4(+504)/1009	Reducer 3: 0/1009	Reducer 4: 0/1009	Reducer 5: 0/1	
INFO  : Map 1: 182/182	Map 6: 281/281	Map 7: 223/223	Map 8: 1/1	Reducer 2: 6(+504)/1009	Reducer 3: 0/1009	Reducer 4: 0/1009	Reducer 5: 0/1	
INFO  : Map 1: 182/182	Map 6: 281/281	Map 7: 223/223	Map 8: 1/1	Reducer 2: 17(+504)/1009	Reducer 3: 0/1009	Reducer 4: 0/1009	Reducer 5: 0/1	
INFO  : Map 1: 182/182	Map 6: 281/281	Map 7: 223/223	Map 8: 1/1	Reducer 2: 21(+504)/1009	Reducer 3: 0/1009	Reducer 4: 0/1009	Reducer 5: 0/1	
INFO  : Map 1: 182/182	Map 6: 281/281	Map 7: 223/223	Map 8: 1/1	Reducer 2: 34(+504)/1009	Reducer 3: 0/1009	Reducer 4: 0/1009	Reducer 5: 0/1	
INFO  : Map 1: 182/182	Map 6: 281/281	Map 7: 223/223	Map 8: 1/1	Reducer 2: 43(+504)/1009	Reducer 3: 0/1009	Reducer 4: 0/1009	Reducer 5: 0/1	
INFO  : Map 1: 182/182	Map 6: 281/281	Map 7: 223/223	Map 8: 1/1	Reducer 2: 53(+504)/1009	Reducer 3: 0/1009	Reducer 4: 0/1009	Reducer 5: 0/1	
INFO  : Map 1: 182/182	Map 6: 281/281	Map 7: 223/223	Map 8: 1/1	Reducer 2: 61(+504)/1009	Reducer 3: 0/1009	Reducer 4: 0/1009	Reducer 5: 0/1	
INFO  : Map 1: 182/182	Map 6: 281/281	Map 7: 223/223	Map 8: 1/1	Reducer 2: 79(+504)/1009	Reducer 3: 0/1009	Reducer 4: 0/1009	Reducer 5: 0/1	
INFO  : Map 1: 182/182	Map 6: 281/281	Map 7: 223/223	Map 8: 1/1	Reducer 2: 104(+504)/1009	Reducer 3: 0/1009	Reducer 4: 0/1009	Reducer 5: 0/1	
INFO  : Map 1: 182/182	Map 6: 281/281	Map 7: 223/223	Map 8: 1/1	Reducer 2: 119(+502)/1009	Reducer 3: 0/1009	Reducer 4: 0/1009	Reducer 5: 0/1	
INFO  : Map 1: 182/182	Map 6: 281/281	Map 7: 223/223	Map 8: 1/1	Reducer 2: 134(+504)/1009	Reducer 3: 0/1009	Reducer 4: 0/1009	Reducer 5: 0/1	
INFO  : Map 1: 182/182	Map 6: 281/281	Map 7: 223/223	Map 8: 1/1	Reducer 2: 157(+504)/1009	Reducer 3: 0/1009	Reducer 4: 0/1009	Reducer 5: 0/1	
INFO  : Map 1: 182/182	Map 6: 281/281	Map 7: 223/223	Map 8: 1/1	Reducer 2: 173(+504)/1009	Reducer 3: 0/1009	Reducer 4: 0/1009	Reducer 5: 0/1	
INFO  : Map 1: 182/182	Map 6: 281/281	Map 7: 223/223	Map 8: 1/1	Reducer 2: 185(+504)/1009	Reducer 3: 0/1009	Reducer 4: 0/1009	Reducer 5: 0/1	
INFO  : Map 1: 182/182	Map 6: 281/281	Map 7: 223/223	Map 8: 1/1	Reducer 2: 219(+504)/1009	Reducer 3: 0/1009	Reducer 4: 0/1009	Reducer 5: 0/1	
INFO  : Map 1: 182/182	Map 6: 281/281	Map 7: 223/223	Map 8: 1/1	Reducer 2: 228(+504)/1009	Reducer 3: 0/1009	Reducer 4: 0/1009	Reducer 5: 0/1	
INFO  : Map 1: 182/182	Map 6: 281/281	Map 7: 223/223	Map 8: 1/1	Reducer 2: 240(+504)/1009	Reducer 3: 0/1009	Reducer 4: 0/1009	Reducer 5: 0/1	
INFO  : Map 1: 182/182	Map 6: 281/281	Map 7: 223/223	Map 8: 1/1	Reducer 2: 242(+504)/1009	Reducer 3: 0/1009	Reducer 4: 0/1009	Reducer 5: 0/1	
INFO  : Map 1: 182/182	Map 6: 281/281	Map 7: 223/223	Map 8: 1/1	Reducer 2: 245(+504)/1009	Reducer 3: 0/1009	Reducer 4: 0/1009	Reducer 5: 0/1	
INFO  : Map 1: 182/182	Map 6: 281/281	Map 7: 223/223	Map 8: 1/1	Reducer 2: 256(+504)/1009	Reducer 3: 0/1009	Reducer 4: 0/1009	Reducer 5: 0/1	
INFO  : Map 1: 182/182	Map 6: 281/281	Map 7: 223/223	Map 8: 1/1	Reducer 2: 276(+504)/1009	Reducer 3: 0/1009	Reducer 4: 0/1009	Reducer 5: 0/1	
INFO  : Map 1: 182/182	Map 6: 281/281	Map 7: 223/223	Map 8: 1/1	Reducer 2: 288(+503)/1009	Reducer 3: 0/1009	Reducer 4: 0/1009	Reducer 5: 0/1	
INFO  : Map 1: 182/182	Map 6: 281/281	Map 7: 223/223	Map 8: 1/1	Reducer 2: 299(+504)/1009	Reducer 3: 0/1009	Reducer 4: 0/1009	Reducer 5: 0/1	
INFO  : Map 1: 182/182	Map 6: 281/281	Map 7: 223/223	Map 8: 1/1	Reducer 2: 307(+504)/1009	Reducer 3: 0/1009	Reducer 4: 0/1009	Reducer 5: 0/1	
INFO  : Map 1: 182/182	Map 6: 281/281	Map 7: 223/223	Map 8: 1/1	Reducer 2: 315(+504)/1009	Reducer 3: 0/1009	Reducer 4: 0/1009	Reducer 5: 0/1	
INFO  : Map 1: 182/182	Map 6: 281/281	Map 7: 223/223	Map 8: 1/1	Reducer 2: 333(+504)/1009	Reducer 3: 0/1009	Reducer 4: 0/1009	Reducer 5: 0/1	
INFO  : Map 1: 182/182	Map 6: 281/281	Map 7: 223/223	Map 8: 1/1	Reducer 2: 370(+504)/1009	Reducer 3: 0/1009	Reducer 4: 0/1009	Reducer 5: 0/1	
INFO  : Map 1: 182/182	Map 6: 281/281	Map 7: 223/223	Map 8: 1/1	Reducer 2: 419(+504)/1009	Reducer 3: 0/1009	Reducer 4: 0/1009	Reducer 5: 0/1	
INFO  : Map 1: 182/182	Map 6: 281/281	Map 7: 223/223	Map 8: 1/1	Reducer 2: 441(+504)/1009	Reducer 3: 0/1009	Reducer 4: 0/1009	Reducer 5: 0/1	
INFO  : Map 1: 182/182	Map 6: 281/281	Map 7: 223/223	Map 8: 1/1	Reducer 2: 459(+504)/1009	Reducer 3: 0/1009	Reducer 4: 0/1009	Reducer 5: 0/1	
INFO  : Map 1: 182/182	Map 6: 281/281	Map 7: 223/223	Map 8: 1/1	Reducer 2: 476(+504)/1009	Reducer 3: 0/1009	Reducer 4: 0/1009	Reducer 5: 0/1	
INFO  : Map 1: 182/182	Map 6: 281/281	Map 7: 223/223	Map 8: 1/1	Reducer 2: 493(+504)/1009	Reducer 3: 0/1009	Reducer 4: 0/1009	Reducer 5: 0/1	
INFO  : Map 1: 182/182	Map 6: 281/281	Map 7: 223/223	Map 8: 1/1	Reducer 2: 506(+503)/1009	Reducer 3: 0(+1)/1009	Reducer 4: 0/1009	Reducer 5: 0/1	
INFO  : Map 1: 182/182	Map 6: 281/281	Map 7: 223/223	Map 8: 1/1	Reducer 2: 534(+475)/1009	Reducer 3: 0(+21)/1009	Reducer 4: 0/1009	Reducer 5: 0/1	
INFO  : Map 1: 182/182	Map 6: 281/281	Map 7: 223/223	Map 8: 1/1	Reducer 2: 544(+465)/1009	Reducer 3: 0(+39)/1009	Reducer 4: 0/1009	Reducer 5: 0/1	
INFO  : Map 1: 182/182	Map 6: 281/281	Map 7: 223/223	Map 8: 1/1	Reducer 2: 550(+459)/1009	Reducer 3: 0(+45)/1009	Reducer 4: 0/1009	Reducer 5: 0/1	
INFO  : Map 1: 182/182	Map 6: 281/281	Map 7: 223/223	Map 8: 1/1	Reducer 2: 564(+445)/1009	Reducer 3: 0(+59)/1009	Reducer 4: 0/1009	Reducer 5: 0/1	
INFO  : Map 1: 182/182	Map 6: 281/281	Map 7: 223/223	Map 8: 1/1	Reducer 2: 571(+438)/1009	Reducer 3: 0(+65)/1009	Reducer 4: 0/1009	Reducer 5: 0/1	
INFO  : Map 1: 182/182	Map 6: 281/281	Map 7: 223/223	Map 8: 1/1	Reducer 2: 579(+430)/1009	Reducer 3: 0(+75)/1009	Reducer 4: 0/1009	Reducer 5: 0/1	
INFO  : Map 1: 182/182	Map 6: 281/281	Map 7: 223/223	Map 8: 1/1	Reducer 2: 595(+414)/1009	Reducer 3: 0(+91)/1009	Reducer 4: 0/1009	Reducer 5: 0/1	
INFO  : Map 1: 182/182	Map 6: 281/281	Map 7: 223/223	Map 8: 1/1	Reducer 2: 606(+403)/1009	Reducer 3: 0(+102)/1009	Reducer 4: 0/1009	Reducer 5: 0/1	
INFO  : Map 1: 182/182	Map 6: 281/281	Map 7: 223/223	Map 8: 1/1	Reducer 2: 623(+386)/1009	Reducer 3: 0(+119)/1009	Reducer 4: 0/1009	Reducer 5: 0/1	
INFO  : Map 1: 182/182	Map 6: 281/281	Map 7: 223/223	Map 8: 1/1	Reducer 2: 639(+370)/1009	Reducer 3: 0(+134)/1009	Reducer 4: 0/1009	Reducer 5: 0/1	
INFO  : Map 1: 182/182	Map 6: 281/281	Map 7: 223/223	Map 8: 1/1	Reducer 2: 657(+352)/1009	Reducer 3: 0(+152)/1009	Reducer 4: 0/1009	Reducer 5: 0/1	
INFO  : Map 1: 182/182	Map 6: 281/281	Map 7: 223/223	Map 8: 1/1	Reducer 2: 666(+343)/1009	Reducer 3: 0(+162)/1009	Reducer 4: 0/1009	Reducer 5: 0/1	
INFO  : Map 1: 182/182	Map 6: 281/281	Map 7: 223/223	Map 8: 1/1	Reducer 2: 680(+329)/1009	Reducer 3: 0(+176)/1009	Reducer 4: 0/1009	Reducer 5: 0/1	
INFO  : Map 1: 182/182	Map 6: 281/281	Map 7: 223/223	Map 8: 1/1	Reducer 2: 684(+325)/1009	Reducer 3: 0(+180)/1009	Reducer 4: 0/1009	Reducer 5: 0/1	
INFO  : Map 1: 182/182	Map 6: 281/281	Map 7: 223/223	Map 8: 1/1	Reducer 2: 704(+305)/1009	Reducer 3: 0(+200)/1009	Reducer 4: 0/1009	Reducer 5: 0/1	
INFO  : Map 1: 182/182	Map 6: 281/281	Map 7: 223/223	Map 8: 1/1	Reducer 2: 713(+296)/1009	Reducer 3: 0(+209)/1009	Reducer 4: 0/1009	Reducer 5: 0/1	
INFO  : Map 1: 182/182	Map 6: 281/281	Map 7: 223/223	Map 8: 1/1	Reducer 2: 744(+265)/1009	Reducer 3: 0(+240)/1009	Reducer 4: 0/1009	Reducer 5: 0/1	
INFO  : Map 1: 182/182	Map 6: 281/281	Map 7: 223/223	Map 8: 1/1	Reducer 2: 760(+249)/1009	Reducer 3: 0(+256)/1009	Reducer 4: 0/1009	Reducer 5: 0/1	
INFO  : Map 1: 182/182	Map 6: 281/281	Map 7: 223/223	Map 8: 1/1	Reducer 2: 765(+244)/1009	Reducer 3: 0(+261)/1009	Reducer 4: 0/1009	Reducer 5: 0/1	
INFO  : Map 1: 182/182	Map 6: 281/281	Map 7: 223/223	Map 8: 1/1	Reducer 2: 778(+231)/1009	Reducer 3: 0(+274)/1009	Reducer 4: 0/1009	Reducer 5: 0/1	
INFO  : Map 1: 182/182	Map 6: 281/281	Map 7: 223/223	Map 8: 1/1	Reducer 2: 788(+221)/1009	Reducer 3: 0(+284)/1009	Reducer 4: 0/1009	Reducer 5: 0/1	
INFO  : Map 1: 182/182	Map 6: 281/281	Map 7: 223/223	Map 8: 1/1	Reducer 2: 793(+216)/1009	Reducer 3: 0(+289)/1009	Reducer 4: 0/1009	Reducer 5: 0/1	
INFO  : Map 1: 182/182	Map 6: 281/281	Map 7: 223/223	Map 8: 1/1	Reducer 2: 795(+214)/1009	Reducer 3: 0(+291)/1009	Reducer 4: 0/1009	Reducer 5: 0/1	
INFO  : Map 1: 182/182	Map 6: 281/281	Map 7: 223/223	Map 8: 1/1	Reducer 2: 799(+210)/1009	Reducer 3: 0(+295)/1009	Reducer 4: 0/1009	Reducer 5: 0/1	
INFO  : Map 1: 182/182	Map 6: 281/281	Map 7: 223/223	Map 8: 1/1	Reducer 2: 801(+208)/1009	Reducer 3: 0(+297)/1009	Reducer 4: 0/1009	Reducer 5: 0/1	
INFO  : Map 1: 182/182	Map 6: 281/281	Map 7: 223/223	Map 8: 1/1	Reducer 2: 806(+203)/1009	Reducer 3: 0(+302)/1009	Reducer 4: 0/1009	Reducer 5: 0/1	
INFO  : Map 1: 182/182	Map 6: 281/281	Map 7: 223/223	Map 8: 1/1	Reducer 2: 852(+157)/1009	Reducer 3: 0(+348)/1009	Reducer 4: 0/1009	Reducer 5: 0/1	
INFO  : Map 1: 182/182	Map 6: 281/281	Map 7: 223/223	Map 8: 1/1	Reducer 2: 898(+111)/1009	Reducer 3: 0(+398)/1009	Reducer 4: 0/1009	Reducer 5: 0/1	
INFO  : Map 1: 182/182	Map 6: 281/281	Map 7: 223/223	Map 8: 1/1	Reducer 2: 947(+62)/1009	Reducer 3: 0(+453)/1009	Reducer 4: 0/1009	Reducer 5: 0/1	
INFO  : Map 1: 182/182	Map 6: 281/281	Map 7: 223/223	Map 8: 1/1	Reducer 2: 947(+62)/1009	Reducer 3: 0(+462)/1009	Reducer 4: 0/1009	Reducer 5: 0/1	
INFO  : Map 1: 182/182	Map 6: 281/281	Map 7: 223/223	Map 8: 1/1	Reducer 2: 951(+57)/1009	Reducer 3: 0(+466)/1009	Reducer 4: 0/1009	Reducer 5: 0/1	
INFO  : Map 1: 182/182	Map 6: 281/281	Map 7: 223/223	Map 8: 1/1	Reducer 2: 962(+47)/1009	Reducer 3: 0(+477)/1009	Reducer 4: 0/1009	Reducer 5: 0/1	
INFO  : Map 1: 182/182	Map 6: 281/281	Map 7: 223/223	Map 8: 1/1	Reducer 2: 967(+42)/1009	Reducer 3: 0(+482)/1009	Reducer 4: 0/1009	Reducer 5: 0/1	
INFO  : Map 1: 182/182	Map 6: 281/281	Map 7: 223/223	Map 8: 1/1	Reducer 2: 968(+41)/1009	Reducer 3: 0(+483)/1009	Reducer 4: 0/1009	Reducer 5: 0/1	
INFO  : Map 1: 182/182	Map 6: 281/281	Map 7: 223/223	Map 8: 1/1	Reducer 2: 969(+39)/1009	Reducer 3: 0(+484)/1009	Reducer 4: 0/1009	Reducer 5: 0/1	
INFO  : Map 1: 182/182	Map 6: 281/281	Map 7: 223/223	Map 8: 1/1	Reducer 2: 971(+38)/1009	Reducer 3: 0(+486)/1009	Reducer 4: 0/1009	Reducer 5: 0/1	
INFO  : Map 1: 182/182	Map 6: 281/281	Map 7: 223/223	Map 8: 1/1	Reducer 2: 973(+36)/1009	Reducer 3: 0(+488)/1009	Reducer 4: 0/1009	Reducer 5: 0/1	
INFO  : Map 1: 182/182	Map 6: 281/281	Map 7: 223/223	Map 8: 1/1	Reducer 2: 974(+35)/1009	Reducer 3: 0(+489)/1009	Reducer 4: 0/1009	Reducer 5: 0/1	
INFO  : Map 1: 182/182	Map 6: 281/281	Map 7: 223/223	Map 8: 1/1	Reducer 2: 977(+32)/1009	Reducer 3: 0(+492)/1009	Reducer 4: 0/1009	Reducer 5: 0/1	
INFO  : Map 1: 182/182	Map 6: 281/281	Map 7: 223/223	Map 8: 1/1	Reducer 2: 978(+31)/1009	Reducer 3: 0(+493)/1009	Reducer 4: 0/1009	Reducer 5: 0/1	
INFO  : Map 1: 182/182	Map 6: 281/281	Map 7: 223/223	Map 8: 1/1	Reducer 2: 984(+25)/1009	Reducer 3: 0(+499)/1009	Reducer 4: 0/1009	Reducer 5: 0/1	
INFO  : Map 1: 182/182	Map 6: 281/281	Map 7: 223/223	Map 8: 1/1	Reducer 2: 989(+20)/1009	Reducer 3: 0(+504)/1009	Reducer 4: 0/1009	Reducer 5: 0/1	
INFO  : Map 1: 182/182	Map 6: 281/281	Map 7: 223/223	Map 8: 1/1	Reducer 2: 992(+17)/1009	Reducer 3: 0(+507)/1009	Reducer 4: 0/1009	Reducer 5: 0/1	
INFO  : Map 1: 182/182	Map 6: 281/281	Map 7: 223/223	Map 8: 1/1	Reducer 2: 1002(+7)/1009	Reducer 3: 0(+517)/1009	Reducer 4: 0/1009	Reducer 5: 0/1	
INFO  : Map 1: 182/182	Map 6: 281/281	Map 7: 223/223	Map 8: 1/1	Reducer 2: 1009/1009	Reducer 3: 0(+524)/1009	Reducer 4: 0/1009	Reducer 5: 0/1	
INFO  : Map 1: 182/182	Map 6: 281/281	Map 7: 223/223	Map 8: 1/1	Reducer 2: 1009/1009	Reducer 3: 1(+524)/1009	Reducer 4: 0/1009	Reducer 5: 0/1	
INFO  : Map 1: 182/182	Map 6: 281/281	Map 7: 223/223	Map 8: 1/1	Reducer 2: 1009/1009	Reducer 3: 25(+524)/1009	Reducer 4: 0/1009	Reducer 5: 0/1	
INFO  : Map 1: 182/182	Map 6: 281/281	Map 7: 223/223	Map 8: 1/1	Reducer 2: 1009/1009	Reducer 3: 105(+524)/1009	Reducer 4: 0/1009	Reducer 5: 0/1	
INFO  : Map 1: 182/182	Map 6: 281/281	Map 7: 223/223	Map 8: 1/1	Reducer 2: 1009/1009	Reducer 3: 146(+524)/1009	Reducer 4: 0/1009	Reducer 5: 0/1	
INFO  : Map 1: 182/182	Map 6: 281/281	Map 7: 223/223	Map 8: 1/1	Reducer 2: 1009/1009	Reducer 3: 170(+562)/1009	Reducer 4: 0/1009	Reducer 5: 0/1	
INFO  : Map 1: 182/182	Map 6: 281/281	Map 7: 223/223	Map 8: 1/1	Reducer 2: 1009/1009	Reducer 3: 209(+566)/1009	Reducer 4: 0/1009	Reducer 5: 0/1	
INFO  : Map 1: 182/182	Map 6: 281/281	Map 7: 223/223	Map 8: 1/1	Reducer 2: 1009/1009	Reducer 3: 374(+549)/1009	Reducer 4: 0/1009	Reducer 5: 0/1	
INFO  : Map 1: 182/182	Map 6: 281/281	Map 7: 223/223	Map 8: 1/1	Reducer 2: 1009/1009	Reducer 3: 376(+566)/1009	Reducer 4: 0/1009	Reducer 5: 0/1	
INFO  : Map 1: 182/182	Map 6: 281/281	Map 7: 223/223	Map 8: 1/1	Reducer 2: 1009/1009	Reducer 3: 377(+566)/1009	Reducer 4: 0/1009	Reducer 5: 0/1	
INFO  : Map 1: 182/182	Map 6: 281/281	Map 7: 223/223	Map 8: 1/1	Reducer 2: 1009/1009	Reducer 3: 387(+566)/1009	Reducer 4: 0/1009	Reducer 5: 0/1	
INFO  : Map 1: 182/182	Map 6: 281/281	Map 7: 223/223	Map 8: 1/1	Reducer 2: 1009/1009	Reducer 3: 392(+565)/1009	Reducer 4: 0/1009	Reducer 5: 0/1	
INFO  : Map 1: 182/182	Map 6: 281/281	Map 7: 223/223	Map 8: 1/1	Reducer 2: 1009/1009	Reducer 3: 393(+566)/1009	Reducer 4: 0/1009	Reducer 5: 0/1	
INFO  : Map 1: 182/182	Map 6: 281/281	Map 7: 223/223	Map 8: 1/1	Reducer 2: 1009/1009	Reducer 3: 398(+566)/1009	Reducer 4: 0/1009	Reducer 5: 0/1	
INFO  : Map 1: 182/182	Map 6: 281/281	Map 7: 223/223	Map 8: 1/1	Reducer 2: 1009/1009	Reducer 3: 408(+566)/1009	Reducer 4: 0/1009	Reducer 5: 0/1	
INFO  : Map 1: 182/182	Map 6: 281/281	Map 7: 223/223	Map 8: 1/1	Reducer 2: 1009/1009	Reducer 3: 433(+564)/1009	Reducer 4: 0/1009	Reducer 5: 0/1	
INFO  : Map 1: 182/182	Map 6: 281/281	Map 7: 223/223	Map 8: 1/1	Reducer 2: 1009/1009	Reducer 3: 524(+485)/1009	Reducer 4: 0/1009	Reducer 5: 0/1	
INFO  : Map 1: 182/182	Map 6: 281/281	Map 7: 223/223	Map 8: 1/1	Reducer 2: 1009/1009	Reducer 3: 534(+475)/1009	Reducer 4: 0/1009	Reducer 5: 0/1	
INFO  : Map 1: 182/182	Map 6: 281/281	Map 7: 223/223	Map 8: 1/1	Reducer 2: 1009/1009	Reducer 3: 550(+459)/1009	Reducer 4: 0/1009	Reducer 5: 0/1	
INFO  : Map 1: 182/182	Map 6: 281/281	Map 7: 223/223	Map 8: 1/1	Reducer 2: 1009/1009	Reducer 3: 555(+454)/1009	Reducer 4: 0/1009	Reducer 5: 0/1	
INFO  : Map 1: 182/182	Map 6: 281/281	Map 7: 223/223	Map 8: 1/1	Reducer 2: 1009/1009	Reducer 3: 566(+443)/1009	Reducer 4: 0/1009	Reducer 5: 0/1	
INFO  : Map 1: 182/182	Map 6: 281/281	Map 7: 223/223	Map 8: 1/1	Reducer 2: 1009/1009	Reducer 3: 571(+438)/1009	Reducer 4: 0/1009	Reducer 5: 0/1	
INFO  : Map 1: 182/182	Map 6: 281/281	Map 7: 223/223	Map 8: 1/1	Reducer 2: 1009/1009	Reducer 3: 575(+434)/1009	Reducer 4: 0/1009	Reducer 5: 0/1	
INFO  : Map 1: 182/182	Map 6: 281/281	Map 7: 223/223	Map 8: 1/1	Reducer 2: 1009/1009	Reducer 3: 578(+431)/1009	Reducer 4: 0/1009	Reducer 5: 0/1	
INFO  : Map 1: 182/182	Map 6: 281/281	Map 7: 223/223	Map 8: 1/1	Reducer 2: 1009/1009	Reducer 3: 585(+424)/1009	Reducer 4: 0/1009	Reducer 5: 0/1	
INFO  : Map 1: 182/182	Map 6: 281/281	Map 7: 223/223	Map 8: 1/1	Reducer 2: 1009/1009	Reducer 3: 590(+419)/1009	Reducer 4: 0/1009	Reducer 5: 0/1	
INFO  : Map 1: 182/182	Map 6: 281/281	Map 7: 223/223	Map 8: 1/1	Reducer 2: 1009/1009	Reducer 3: 593(+416)/1009	Reducer 4: 0/1009	Reducer 5: 0/1	
INFO  : Map 1: 182/182	Map 6: 281/281	Map 7: 223/223	Map 8: 1/1	Reducer 2: 1009/1009	Reducer 3: 597(+412)/1009	Reducer 4: 0/1009	Reducer 5: 0/1	
INFO  : Map 1: 182/182	Map 6: 281/281	Map 7: 223/223	Map 8: 1/1	Reducer 2: 1009/1009	Reducer 3: 603(+406)/1009	Reducer 4: 0/1009	Reducer 5: 0/1	
INFO  : Map 1: 182/182	Map 6: 281/281	Map 7: 223/223	Map 8: 1/1	Reducer 2: 1009/1009	Reducer 3: 609(+400)/1009	Reducer 4: 0/1009	Reducer 5: 0/1	
INFO  : Map 1: 182/182	Map 6: 281/281	Map 7: 223/223	Map 8: 1/1	Reducer 2: 1009/1009	Reducer 3: 614(+395)/1009	Reducer 4: 0/1009	Reducer 5: 0/1	
INFO  : Map 1: 182/182	Map 6: 281/281	Map 7: 223/223	Map 8: 1/1	Reducer 2: 1009/1009	Reducer 3: 621(+388)/1009	Reducer 4: 0/1009	Reducer 5: 0/1	
INFO  : Map 1: 182/182	Map 6: 281/281	Map 7: 223/223	Map 8: 1/1	Reducer 2: 1009/1009	Reducer 3: 635(+374)/1009	Reducer 4: 0/1009	Reducer 5: 0/1	
INFO  : Map 1: 182/182	Map 6: 281/281	Map 7: 223/223	Map 8: 1/1	Reducer 2: 1009/1009	Reducer 3: 647(+362)/1009	Reducer 4: 0/1009	Reducer 5: 0/1	
INFO  : Map 1: 182/182	Map 6: 281/281	Map 7: 223/223	Map 8: 1/1	Reducer 2: 1009/1009	Reducer 3: 669(+340)/1009	Reducer 4: 0/1009	Reducer 5: 0/1	
INFO  : Map 1: 182/182	Map 6: 281/281	Map 7: 223/223	Map 8: 1/1	Reducer 2: 1009/1009	Reducer 3: 714(+295)/1009	Reducer 4: 0/1009	Reducer 5: 0/1	
INFO  : Map 1: 182/182	Map 6: 281/281	Map 7: 223/223	Map 8: 1/1	Reducer 2: 1009/1009	Reducer 3: 751(+257)/1009	Reducer 4: 0/1009	Reducer 5: 0/1	
INFO  : Map 1: 182/182	Map 6: 281/281	Map 7: 223/223	Map 8: 1/1	Reducer 2: 1009/1009	Reducer 3: 813(+188)/1009	Reducer 4: 0(+253)/253	Reducer 5: 0/1	
INFO  : Map 1: 182/182	Map 6: 281/281	Map 7: 223/223	Map 8: 1/1	Reducer 2: 1009/1009	Reducer 3: 879(+130)/1009	Reducer 4: 0(+253)/253	Reducer 5: 0/1	
INFO  : Map 1: 182/182	Map 6: 281/281	Map 7: 223/223	Map 8: 1/1	Reducer 2: 1009/1009	Reducer 3: 951(+58)/1009	Reducer 4: 0(+253)/253	Reducer 5: 0/1	
INFO  : Map 1: 182/182	Map 6: 281/281	Map 7: 223/223	Map 8: 1/1	Reducer 2: 1009/1009	Reducer 3: 980(+29)/1009	Reducer 4: 0(+253)/253	Reducer 5: 0/1	
INFO  : Map 1: 182/182	Map 6: 281/281	Map 7: 223/223	Map 8: 1/1	Reducer 2: 1009/1009	Reducer 3: 1000(+9)/1009	Reducer 4: 0(+253)/253	Reducer 5: 0/1	
INFO  : Map 1: 182/182	Map 6: 281/281	Map 7: 223/223	Map 8: 1/1	Reducer 2: 1009/1009	Reducer 3: 1007(+2)/1009	Reducer 4: 0(+253)/253	Reducer 5: 0/1	
INFO  : Map 1: 182/182	Map 6: 281/281	Map 7: 223/223	Map 8: 1/1	Reducer 2: 1009/1009	Reducer 3: 1009/1009	Reducer 4: 0(+253)/253	Reducer 5: 0/1	
INFO  : Map 1: 182/182	Map 6: 281/281	Map 7: 223/223	Map 8: 1/1	Reducer 2: 1009/1009	Reducer 3: 1009/1009	Reducer 4: 218(+35)/253	Reducer 5: 0(+1)/1	
INFO  : Map 1: 182/182	Map 6: 281/281	Map 7: 223/223	Map 8: 1/1	Reducer 2: 1009/1009	Reducer 3: 1009/1009	Reducer 4: 250(+3)/253	Reducer 5: 0(+1)/1	
INFO  : Map 1: 182/182	Map 6: 281/281	Map 7: 223/223	Map 8: 1/1	Reducer 2: 1009/1009	Reducer 3: 1009/1009	Reducer 4: 253/253	Reducer 5: 0(+1)/1	
INFO  : Map 1: 182/182	Map 6: 281/281	Map 7: 223/223	Map 8: 1/1	Reducer 2: 1009/1009	Reducer 3: 1009/1009	Reducer 4: 253/253	Reducer 5: 1/1	
INFO  : Status: DAG finished successfully in 38.70 seconds
INFO  : 
INFO  : Query Execution Summary
INFO  : ----------------------------------------------------------------------------------------------
INFO  : ----------------------------------------------------------------------------------------------
INFO  : Compile Query                           0.63s
INFO  : Prepare Plan                            0.23s
INFO  : Submit Plan                             0.13s
INFO  : Start DAG                               0.21s
INFO  : Run DAG                                38.70s
INFO  : ----------------------------------------------------------------------------------------------
INFO  : 
INFO  : Task Execution Summary
INFO  : --------------------------------------------------------------------------------------------------------------------------------
INFO  : --------------------------------------------------------------------------------------------------------------------------------
INFO  :      Map 1          182                0             0        4225.00             0            0    412,132,159     411,096,611
INFO  :      Map 6          281                0            19        5217.00             0            0     65,000,000      65,000,000
INFO  :      Map 7          223                0             0        4608.00             0            0     32,500,000      32,500,000
INFO  :      Map 8            1                0             0           0.00             0            0         10,000              91
INFO  :  Reducer 2         1009                0             0       22328.00             0            0    476,096,611     411,096,611
INFO  :  Reducer 3         1009                0            62       21370.00             0            0    443,596,702         100,900
INFO  :  Reducer 4          253                0             0        2229.00             0            0        100,900             540
INFO  :  Reducer 5            1                0             0         599.00             0            0            540               0
INFO  : --------------------------------------------------------------------------------------------------------------------------------
INFO  : 
INFO  : LLAP IO Summary
INFO  : ----------------------------------------------------------------------------------------------
INFO  : ----------------------------------------------------------------------------------------------
INFO  :      Map 1     41379       819          0    1.96GB         0B          0B       0B    67.71s
INFO  :      Map 6      6667      1112          0  261.28MB         0B          0B       0B    21.57s
INFO  :      Map 7      3331       446          0  103.01MB         0B          0B       0B    51.83s
INFO  :      Map 8         1         2          0    1.57KB         0B          0B       0B     0.01s
INFO  : ----------------------------------------------------------------------------------------------
INFO  : 
INFO  : FileSystem Counters Summary
INFO  : 
INFO  : ----------------------------------------------------------------------------------------------
INFO  : ----------------------------------------------------------------------------------------------
INFO  :      Map 1              0B             0                  0             2.89GB             0
INFO  :      Map 6              0B             0                  0           696.91MB             0
INFO  :      Map 7              0B             0                  0           376.06MB             0
INFO  :      Map 8              0B             0                  0               424B             0
INFO  :  Reducer 2          6.69GB             0                  0             3.23GB             0
INFO  :  Reducer 3         17.63GB             0                  0            46.71MB             0
INFO  :  Reducer 4         16.19KB             0                  0            22.80KB             0
INFO  :  Reducer 5              0B             0                  0                 0B             0
INFO  : ----------------------------------------------------------------------------------------------
INFO  : 
INFO  : ----------------------------------------------------------------------------------------------
INFO  : ----------------------------------------------------------------------------------------------
INFO  :      Map 1              0B             0                  0                 0B             0
INFO  :      Map 6              0B             0                  0                 0B             0
INFO  :      Map 7              0B             0                  0                 0B             0
INFO  :      Map 8              0B             0                  0                 0B             0
INFO  :  Reducer 2              0B             0                  0                 0B             0
INFO  :  Reducer 3              0B             0                  0                 0B             0
INFO  :  Reducer 4              0B             0                  0                 0B             0
INFO  :  Reducer 5              0B             2                  0             3.75KB             2
INFO  : ----------------------------------------------------------------------------------------------
INFO  : 
INFO  : org.apache.tez.common.counters.DAGCounter:
INFO  :    NUM_KILLED_TASKS: 81
INFO  :    NUM_SUCCEEDED_TASKS: 2959
INFO  :    TOTAL_LAUNCHED_TASKS: 3040
INFO  :    DATA_LOCAL_TASKS: 687
INFO  :    AM_CPU_MILLISECONDS: 48540
INFO  :    AM_GC_TIME_MILLIS: 452
INFO  : File System Counters:
INFO  :    FILE_BYTES_READ: 24321045487
INFO  :    FILE_BYTES_WRITTEN: 7237225989
INFO  :    FILE_READ_OPS: 0
INFO  :    FILE_LARGE_READ_OPS: 0
INFO  :    FILE_WRITE_OPS: 0
INFO  :    HDFS_BYTES_READ: 0
INFO  :    HDFS_BYTES_WRITTEN: 3754
INFO  :    HDFS_READ_OPS: 2
INFO  :    HDFS_LARGE_READ_OPS: 0
INFO  :    HDFS_WRITE_OPS: 2
INFO  : org.apache.tez.common.counters.TaskCounter:
INFO  :    REDUCE_INPUT_GROUPS: 1080
INFO  :    REDUCE_INPUT_RECORDS: 101440
INFO  :    COMBINE_INPUT_RECORDS: 0
INFO  :    SPILLED_RECORDS: 204440
INFO  :    NUM_SHUFFLED_INPUTS: 1807996
INFO  :    NUM_SKIPPED_INPUTS: 920602
INFO  :    NUM_FAILED_SHUFFLE_INPUTS: 0
INFO  :    MERGED_MAP_OUTPUTS: 109135
INFO  :    INPUT_RECORDS_PROCESSED: 920203879
INFO  :    INPUT_SPLIT_LENGTH_BYTES: 35753077713
INFO  :    OUTPUT_RECORDS: 919794753
INFO  :    OUTPUT_LARGE_RECORDS: 0
INFO  :    OUTPUT_BYTES: 13492448205
INFO  :    OUTPUT_BYTES_WITH_OVERHEAD: 25489462498
INFO  :    OUTPUT_BYTES_PHYSICAL: 7212762309
INFO  :    ADDITIONAL_SPILLS_BYTES_WRITTEN: 329536
INFO  :    ADDITIONAL_SPILLS_BYTES_READ: 1124876
INFO  :    ADDITIONAL_SPILL_COUNT: 0
INFO  :    SHUFFLE_CHUNK_COUNT: 1262
INFO  :    SHUFFLE_BYTES: 7153307261
INFO  :    SHUFFLE_BYTES_DECOMPRESSED: 15342890783
INFO  :    SHUFFLE_BYTES_TO_MEM: 6357141973
INFO  :    SHUFFLE_BYTES_TO_DISK: 0
INFO  :    SHUFFLE_BYTES_DISK_DIRECT: 796165288
INFO  :    NUM_MEM_TO_DISK_MERGES: 0
INFO  :    NUM_DISK_TO_DISK_MERGES: 3
INFO  :    SHUFFLE_PHASE_TIME: 18485282
INFO  :    MERGE_PHASE_TIME: 444677
INFO  :    FIRST_EVENT_RECEIVED: 156171
INFO  :    LAST_EVENT_RECEIVED: 5474278
INFO  : HIVE:
INFO  :    CREATED_FILES: 1
INFO  :    DESERIALIZE_ERRORS: 0
INFO  :    RECORDS_IN_Map_1: 412132159
INFO  :    RECORDS_IN_Map_6: 65000000
INFO  :    RECORDS_IN_Map_7: 32500000
INFO  :    RECORDS_IN_Map_8: 10000
INFO  :    RECORDS_OUT_0: 100
INFO  :    RECORDS_OUT_INTERMEDIATE_Map_1: 411096611
INFO  :    RECORDS_OUT_INTERMEDIATE_Map_6: 65000000
INFO  :    RECORDS_OUT_INTERMEDIATE_Map_7: 32500000
INFO  :    RECORDS_OUT_INTERMEDIATE_Map_8: 91
INFO  :    RECORDS_OUT_INTERMEDIATE_Reducer_2: 411096611
INFO  :    RECORDS_OUT_INTERMEDIATE_Reducer_3: 100900
INFO  :    RECORDS_OUT_INTERMEDIATE_Reducer_4: 540
INFO  : Shuffle Errors:
INFO  :    BAD_ID: 0
INFO  :    CONNECTION: 0
INFO  :    IO_ERROR: 0
INFO  :    WRONG_LENGTH: 0
INFO  :    WRONG_MAP: 0
INFO  :    WRONG_REDUCE: 0
INFO  : Shuffle Errors_Reducer_4_INPUT_Reducer_3:
INFO  :    BAD_ID: 0
INFO  :    CONNECTION: 0
INFO  :    IO_ERROR: 0
INFO  :    WRONG_LENGTH: 0
INFO  :    WRONG_MAP: 0
INFO  :    WRONG_REDUCE: 0
INFO  : Shuffle Errors_Reducer_5_INPUT_Reducer_4:
INFO  :    BAD_ID: 0
INFO  :    CONNECTION: 0
INFO  :    IO_ERROR: 0
INFO  :    WRONG_LENGTH: 0
INFO  :    WRONG_MAP: 0
INFO  :    WRONG_REDUCE: 0
INFO  : TaskCounter_Map_1_INPUT_catalog_sales:
INFO  :    INPUT_RECORDS_PROCESSED: 412163
INFO  :    INPUT_SPLIT_LENGTH_BYTES: 31559818717
INFO  : TaskCounter_Map_1_OUTPUT_Reducer_2:
INFO  :    ADDITIONAL_SPILLS_BYTES_READ: 0
INFO  :    ADDITIONAL_SPILLS_BYTES_WRITTEN: 0
INFO  :    ADDITIONAL_SPILL_COUNT: 0
INFO  :    OUTPUT_BYTES: 6164384077
INFO  :    OUTPUT_BYTES_PHYSICAL: 2888874693
INFO  :    OUTPUT_BYTES_WITH_OVERHEAD: 11508639838
INFO  :    OUTPUT_LARGE_RECORDS: 0
INFO  :    OUTPUT_RECORDS: 411096611
INFO  :    SPILLED_RECORDS: 0
INFO  : TaskCounter_Map_6_INPUT_customer:
INFO  :    INPUT_RECORDS_PROCESSED: 65001
INFO  :    INPUT_SPLIT_LENGTH_BYTES: 3528949144
INFO  : TaskCounter_Map_6_OUTPUT_Reducer_2:
INFO  :    ADDITIONAL_SPILLS_BYTES_READ: 0
INFO  :    ADDITIONAL_SPILLS_BYTES_WRITTEN: 0
INFO  :    ADDITIONAL_SPILL_COUNT: 0
INFO  :    OUTPUT_BYTES: 681281672
INFO  :    OUTPUT_BYTES_PHYSICAL: 696912230
INFO  :    OUTPUT_BYTES_WITH_OVERHEAD: 1559997439
INFO  :    OUTPUT_LARGE_RECORDS: 0
INFO  :    OUTPUT_RECORDS: 65000000
INFO  :    SPILLED_RECORDS: 0
INFO  : TaskCounter_Map_7_INPUT_customer_address:
INFO  :    INPUT_RECORDS_PROCESSED: 32664
INFO  :    INPUT_SPLIT_LENGTH_BYTES: 663550675
INFO  : TaskCounter_Map_7_OUTPUT_Reducer_3:
INFO  :    ADDITIONAL_SPILLS_BYTES_READ: 0
INFO  :    ADDITIONAL_SPILLS_BYTES_WRITTEN: 0
INFO  :    ADDITIONAL_SPILL_COUNT: 0
INFO  :    OUTPUT_BYTES: 480678494
INFO  :    OUTPUT_BYTES_PHYSICAL: 376063017
INFO  :    OUTPUT_BYTES_WITH_OVERHEAD: 904153253
INFO  :    OUTPUT_LARGE_RECORDS: 0
INFO  :    OUTPUT_RECORDS: 32500000
INFO  :    SPILLED_RECORDS: 0
INFO  : TaskCounter_Map_8_INPUT_date_dim:
INFO  :    INPUT_RECORDS_PROCESSED: 10
INFO  :    INPUT_SPLIT_LENGTH_BYTES: 759177
INFO  : TaskCounter_Map_8_OUTPUT_Reducer_3:
INFO  :    ADDITIONAL_SPILLS_BYTES_READ: 0
INFO  :    ADDITIONAL_SPILLS_BYTES_WRITTEN: 0
INFO  :    ADDITIONAL_SPILL_COUNT: 0
INFO  :    OUTPUT_BYTES: 455
INFO  :    OUTPUT_BYTES_PHYSICAL: 416
INFO  :    OUTPUT_BYTES_WITH_OVERHEAD: 643
INFO  :    OUTPUT_LARGE_RECORDS: 0
INFO  :    OUTPUT_RECORDS: 91
INFO  :    SPILLED_RECORDS: 0
INFO  : TaskCounter_Reducer_2_INPUT_Map_1:
INFO  :    FIRST_EVENT_RECEIVED: 45979
INFO  :    INPUT_RECORDS_PROCESSED: 411096611
INFO  :    LAST_EVENT_RECEIVED: 1016017
INFO  :    NUM_FAILED_SHUFFLE_INPUTS: 0
INFO  :    NUM_SHUFFLED_INPUTS: 183638
INFO  :    SHUFFLE_BYTES: 2884467381
INFO  :    SHUFFLE_BYTES_DECOMPRESSED: 6987679127
INFO  :    SHUFFLE_BYTES_DISK_DIRECT: 325347502
INFO  :    SHUFFLE_BYTES_TO_DISK: 0
INFO  :    SHUFFLE_BYTES_TO_MEM: 2559119879
INFO  :    SHUFFLE_PHASE_TIME: 5522912
INFO  : TaskCounter_Reducer_2_INPUT_Map_6:
INFO  :    FIRST_EVENT_RECEIVED: 26426
INFO  :    INPUT_RECORDS_PROCESSED: 65000000
INFO  :    LAST_EVENT_RECEIVED: 125142
INFO  :    NUM_FAILED_SHUFFLE_INPUTS: 0
INFO  :    NUM_SHUFFLED_INPUTS: 283529
INFO  :    SHUFFLE_BYTES: 690107534
INFO  :    SHUFFLE_BYTES_DECOMPRESSED: 812982846
INFO  :    SHUFFLE_BYTES_DISK_DIRECT: 75382209
INFO  :    SHUFFLE_BYTES_TO_DISK: 0
INFO  :    SHUFFLE_BYTES_TO_MEM: 614725325
INFO  :    SHUFFLE_PHASE_TIME: 3374895
INFO  : TaskCounter_Reducer_2_OUTPUT_Reducer_3:
INFO  :    ADDITIONAL_SPILLS_BYTES_READ: 0
INFO  :    ADDITIONAL_SPILLS_BYTES_WRITTEN: 0
INFO  :    ADDITIONAL_SPILL_COUNT: 0
INFO  :    OUTPUT_BYTES: 6164384077
INFO  :    OUTPUT_BYTES_PHYSICAL: 3228627525
INFO  :    OUTPUT_BYTES_WITH_OVERHEAD: 11508639011
INFO  :    OUTPUT_LARGE_RECORDS: 0
INFO  :    OUTPUT_RECORDS: 411096611
INFO  :    SPILLED_RECORDS: 0
INFO  : TaskCounter_Reducer_3_INPUT_Map_7:
INFO  :    FIRST_EVENT_RECEIVED: 49476
INFO  :    INPUT_RECORDS_PROCESSED: 32500000
INFO  :    LAST_EVENT_RECEIVED: 85347
INFO  :    NUM_FAILED_SHUFFLE_INPUTS: 0
INFO  :    NUM_SHUFFLED_INPUTS: 225007
INFO  :    SHUFFLE_BYTES: 370662849
INFO  :    SHUFFLE_BYTES_DECOMPRESSED: 547028536
INFO  :    SHUFFLE_BYTES_DISK_DIRECT: 41301985
INFO  :    SHUFFLE_BYTES_TO_DISK: 0
INFO  :    SHUFFLE_BYTES_TO_MEM: 329360864
INFO  :    SHUFFLE_PHASE_TIME: 2456202
INFO  : TaskCounter_Reducer_3_INPUT_Map_8:
INFO  :    FIRST_EVENT_RECEIVED: 116
INFO  :    INPUT_RECORDS_PROCESSED: 819
INFO  :    LAST_EVENT_RECEIVED: 116
INFO  :    NUM_FAILED_SHUFFLE_INPUTS: 0
INFO  :    NUM_SHUFFLED_INPUTS: 9
INFO  :    SHUFFLE_BYTES: 3528
INFO  :    SHUFFLE_BYTES_DECOMPRESSED: 5787
INFO  :    SHUFFLE_BYTES_DISK_DIRECT: 392
INFO  :    SHUFFLE_BYTES_TO_DISK: 0
INFO  :    SHUFFLE_BYTES_TO_MEM: 3136
INFO  :    SHUFFLE_PHASE_TIME: 870
INFO  : TaskCounter_Reducer_3_INPUT_Reducer_2:
INFO  :    FIRST_EVENT_RECEIVED: 24213
INFO  :    INPUT_RECORDS_PROCESSED: 411096611
INFO  :    LAST_EVENT_RECEIVED: 3816486
INFO  :    NUM_FAILED_SHUFFLE_INPUTS: 0
INFO  :    NUM_SHUFFLED_INPUTS: 1018081
INFO  :    SHUFFLE_BYTES: 3204193581
INFO  :    SHUFFLE_BYTES_DECOMPRESSED: 6992685785
INFO  :    SHUFFLE_BYTES_DISK_DIRECT: 353701202
INFO  :    SHUFFLE_BYTES_TO_DISK: 0
INFO  :    SHUFFLE_BYTES_TO_MEM: 2850492379
INFO  :    SHUFFLE_PHASE_TIME: 6692622
INFO  : TaskCounter_Reducer_3_OUTPUT_Reducer_4:
INFO  :    ADDITIONAL_SPILLS_BYTES_READ: 0
INFO  :    ADDITIONAL_SPILLS_BYTES_WRITTEN: 0
INFO  :    ADDITIONAL_SPILL_COUNT: 0
INFO  :    OUTPUT_BYTES: 1710255
INFO  :    OUTPUT_BYTES_PHYSICAL: 22269721
INFO  :    OUTPUT_BYTES_WITH_OVERHEAD: 8020541
INFO  :    OUTPUT_RECORDS: 100900
INFO  :    SHUFFLE_CHUNK_COUNT: 1009
INFO  :    SPILLED_RECORDS: 100900
INFO  : TaskCounter_Reducer_4_INPUT_Reducer_3:
INFO  :    ADDITIONAL_SPILLS_BYTES_READ: 1117144
INFO  :    ADDITIONAL_SPILLS_BYTES_WRITTEN: 323120
INFO  :    COMBINE_INPUT_RECORDS: 0
INFO  :    FIRST_EVENT_RECEIVED: 9959
INFO  :    LAST_EVENT_RECEIVED: 430665
INFO  :    MERGED_MAP_OUTPUTS: 108918
INFO  :    MERGE_PHASE_TIME: 444164
INFO  :    NUM_DISK_TO_DISK_MERGES: 3
INFO  :    NUM_FAILED_SHUFFLE_INPUTS: 0
INFO  :    NUM_MEM_TO_DISK_MERGES: 0
INFO  :    NUM_SHUFFLED_INPUTS: 97515
INFO  :    NUM_SKIPPED_INPUTS: 920566
INFO  :    REDUCE_INPUT_GROUPS: 540
INFO  :    REDUCE_INPUT_RECORDS: 100900
INFO  :    SHUFFLE_BYTES: 3858401
INFO  :    SHUFFLE_BYTES_DECOMPRESSED: 2497145
INFO  :    SHUFFLE_BYTES_DISK_DIRECT: 430682
INFO  :    SHUFFLE_BYTES_TO_DISK: 0
INFO  :    SHUFFLE_BYTES_TO_MEM: 3427719
INFO  :    SHUFFLE_PHASE_TIME: 437273
INFO  :    SPILLED_RECORDS: 102460
INFO  : TaskCounter_Reducer_4_OUTPUT_Reducer_5:
INFO  :    ADDITIONAL_SPILLS_BYTES_READ: 0
INFO  :    ADDITIONAL_SPILLS_BYTES_WRITTEN: 0
INFO  :    ADDITIONAL_SPILL_COUNT: 0
INFO  :    OUTPUT_BYTES: 9175
INFO  :    OUTPUT_BYTES_PHYSICAL: 14707
INFO  :    OUTPUT_BYTES_WITH_OVERHEAD: 11773
INFO  :    OUTPUT_RECORDS: 540
INFO  :    SHUFFLE_CHUNK_COUNT: 253
INFO  :    SPILLED_RECORDS: 540
INFO  : TaskCounter_Reducer_5_INPUT_Reducer_4:
INFO  :    ADDITIONAL_SPILLS_BYTES_READ: 7732
INFO  :    ADDITIONAL_SPILLS_BYTES_WRITTEN: 6416
INFO  :    COMBINE_INPUT_RECORDS: 0
INFO  :    FIRST_EVENT_RECEIVED: 2
INFO  :    LAST_EVENT_RECEIVED: 505
INFO  :    MERGED_MAP_OUTPUTS: 217
INFO  :    MERGE_PHASE_TIME: 513
INFO  :    NUM_DISK_TO_DISK_MERGES: 0
INFO  :    NUM_FAILED_SHUFFLE_INPUTS: 0
INFO  :    NUM_MEM_TO_DISK_MERGES: 0
INFO  :    NUM_SHUFFLED_INPUTS: 217
INFO  :    NUM_SKIPPED_INPUTS: 36
INFO  :    REDUCE_INPUT_GROUPS: 540
INFO  :    REDUCE_INPUT_RECORDS: 540
INFO  :    SHUFFLE_BYTES: 13987
INFO  :    SHUFFLE_BYTES_DECOMPRESSED: 11557
INFO  :    SHUFFLE_BYTES_DISK_DIRECT: 1316
INFO  :    SHUFFLE_BYTES_TO_DISK: 0
INFO  :    SHUFFLE_BYTES_TO_MEM: 12671
INFO  :    SHUFFLE_PHASE_TIME: 508
INFO  :    SPILLED_RECORDS: 540
INFO  : TaskCounter_Reducer_5_OUTPUT_out_Reducer_5:
INFO  :    OUTPUT_RECORDS: 0
INFO  : org.apache.hadoop.hive.llap.counters.LlapIOCounters:
INFO  :    CACHE_HIT_BYTES: 2319426964
INFO  :    CACHE_MISS_BYTES: 0
INFO  :    CONSUMER_TIME_NS: 289487836557
INFO  :    DECODE_TIME_NS: 138524540276
INFO  :    HDFS_TIME_NS: 19173780
INFO  :    METADATA_CACHE_HIT: 2379
INFO  :    NUM_DECODED_BATCHES: 51378
INFO  :    NUM_VECTOR_BATCHES: 509838
INFO  :    ROWS_EMITTED: 509642159
INFO  :    SELECTED_ROWGROUPS: 51378
INFO  :    TOTAL_IO_TIME_NS: 141112902759
INFO  : Completed executing command(queryId=hive_20161020152646_308b91dd-0643-444d-bcc7-bcc14b13d25a); Time taken: 39.346 seconds
INFO  : OK
100 rows selected (40.029 seconds)
Closing: 0: jdbc:hive2://h01hn02:10500/tpcds_bin_partitioned_orc_10000
