Connecting to jdbc:hive2://h01hn02:10500/tpcds_bin_partitioned_orc_10000
Connected to: Apache Hive (version 2.1.0.2.5.1.0-43)
Driver: Hive JDBC (version 1.2.1000.2.5.1.0-43)
Transaction isolation: TRANSACTION_REPEATABLE_READ
Running init script bry.sql
No rows affected (0.037 seconds)
No rows affected (0.001 seconds)
INFO  : Compiling command(queryId=hive_20161019164145_bedd587c-00e1-417b-8c4f-1e56bd96c0ac): select
        cc_call_center_id Call_Center,
        cc_name Call_Center_Name,
        cc_manager Manager,
        sum(cr_net_loss) Returns_Loss
from
        call_center,
        catalog_returns,
        date_dim,
        customer,
        customer_address,
        customer_demographics,
        household_demographics
where
        catalog_returns.cr_call_center_sk       = call_center.cc_call_center_sk
and     catalog_returns.cr_returned_date_sk     = date_dim.d_date_sk
and     catalog_returns.cr_returning_customer_sk= customer.c_customer_sk
and     customer_demographics.cd_demo_sk              = customer.c_current_cdemo_sk
and     household_demographics.hd_demo_sk              = customer.c_current_hdemo_sk
and     customer_address.ca_address_sk           = customer.c_current_addr_sk
and     d_year                  = 1999 
and     d_moy                   = 11
and     ( (cd_marital_status       = 'M' and cd_education_status     = 'Unknown')
        or(cd_marital_status       = 'W' and cd_education_status     = 'Advanced Degree'))
and     hd_buy_potential like '0-500%'
and     ca_gmt_offset           = -7
group by cc_call_center_id,cc_name,cc_manager,cd_marital_status,cd_education_status
order by Returns_Loss desc
INFO  : Semantic Analysis Completed
INFO  : Returning Hive schema: Schema(fieldSchemas:[FieldSchema(name:call_center, type:string, comment:null), FieldSchema(name:call_center_name, type:string, comment:null), FieldSchema(name:manager, type:string, comment:null), FieldSchema(name:returns_loss, type:double, comment:null)], properties:null)
INFO  : Completed compiling command(queryId=hive_20161019164145_bedd587c-00e1-417b-8c4f-1e56bd96c0ac); Time taken: 0.793 seconds
INFO  : Concurrency mode is disabled, not creating a lock manager
INFO  : Executing command(queryId=hive_20161019164145_bedd587c-00e1-417b-8c4f-1e56bd96c0ac): select
        cc_call_center_id Call_Center,
        cc_name Call_Center_Name,
        cc_manager Manager,
        sum(cr_net_loss) Returns_Loss
from
        call_center,
        catalog_returns,
        date_dim,
        customer,
        customer_address,
        customer_demographics,
        household_demographics
where
        catalog_returns.cr_call_center_sk       = call_center.cc_call_center_sk
and     catalog_returns.cr_returned_date_sk     = date_dim.d_date_sk
and     catalog_returns.cr_returning_customer_sk= customer.c_customer_sk
and     customer_demographics.cd_demo_sk              = customer.c_current_cdemo_sk
and     household_demographics.hd_demo_sk              = customer.c_current_hdemo_sk
and     customer_address.ca_address_sk           = customer.c_current_addr_sk
and     d_year                  = 1999 
and     d_moy                   = 11
and     ( (cd_marital_status       = 'M' and cd_education_status     = 'Unknown')
        or(cd_marital_status       = 'W' and cd_education_status     = 'Advanced Degree'))
and     hd_buy_potential like '0-500%'
and     ca_gmt_offset           = -7
group by cc_call_center_id,cc_name,cc_manager,cd_marital_status,cd_education_status
order by Returns_Loss desc
INFO  : Query ID = hive_20161019164145_bedd587c-00e1-417b-8c4f-1e56bd96c0ac
INFO  : Total jobs = 1
INFO  : Launching Job 1 out of 1
INFO  : Starting task [Stage-1:MAPRED] in serial mode
INFO  : Session is already open
INFO  : Dag name: select
        cc_call_center_id Call...desc(Stage-1)
INFO  : Setting tez.task.scale.memory.reserve-fraction to 0.30000001192092896
INFO  : Setting tez.task.scale.memory.reserve-fraction to 0.30000001192092896
INFO  : Setting tez.task.scale.memory.reserve-fraction to 0.30000001192092896
INFO  : Tez session was closed. Reopening...
INFO  : Session re-established.
INFO  : 

INFO  : Status: Running (Executing on YARN cluster with App id application_1476716628816_0211)

INFO  : Map 1: 0/1	Map 10: 0/6	Map 11: 0/1	Map 2: -/-	Map 7: 0/1	Map 8: 0/113	Map 9: 0/49	Reducer 3: 0/1009	Reducer 4: 0/720	Reducer 5: 0/306	Reducer 6: 0/1	
INFO  : Map 1: 0(+1)/1	Map 10: 1(+5)/6	Map 11: 1/1	Map 2: -/-	Map 7: 0(+1)/1	Map 8: 0(+113)/113	Map 9: 0(+49)/49	Reducer 3: 0/1009	Reducer 4: 0/720	Reducer 5: 0/306	Reducer 6: 0/1	
INFO  : Map 1: 1/1	Map 10: 6/6	Map 11: 1/1	Map 2: -/-	Map 7: 1/1	Map 8: 0(+113)/113	Map 9: 13(+34)/49	Reducer 3: 0/1009	Reducer 4: 0/720	Reducer 5: 0/306	Reducer 6: 0/1	
INFO  : Map 1: 1/1	Map 10: 6/6	Map 11: 1/1	Map 2: -/-	Map 7: 1/1	Map 8: 0(+113)/113	Map 9: 36(+13)/49	Reducer 3: 0/1009	Reducer 4: 0/720	Reducer 5: 0/306	Reducer 6: 0/1	
INFO  : Map 1: 1/1	Map 10: 6/6	Map 11: 1/1	Map 2: 0(+18)/18	Map 7: 1/1	Map 8: 8(+105)/113	Map 9: 40(+9)/49	Reducer 3: 0/1009	Reducer 4: 0/720	Reducer 5: 0/306	Reducer 6: 0/1	
INFO  : Map 1: 1/1	Map 10: 6/6	Map 11: 1/1	Map 2: 0(+18)/18	Map 7: 1/1	Map 8: 11(+102)/113	Map 9: 44(+5)/49	Reducer 3: 0/1009	Reducer 4: 0/720	Reducer 5: 0/306	Reducer 6: 0/1	
INFO  : Map 1: 1/1	Map 10: 6/6	Map 11: 1/1	Map 2: 0(+18)/18	Map 7: 1/1	Map 8: 34(+79)/113	Map 9: 45(+4)/49	Reducer 3: 0/1009	Reducer 4: 0/720	Reducer 5: 0/306	Reducer 6: 0/1	
INFO  : Map 1: 1/1	Map 10: 6/6	Map 11: 1/1	Map 2: 0(+18)/18	Map 7: 1/1	Map 8: 67(+45)/113	Map 9: 49/49	Reducer 3: 0/1009	Reducer 4: 0/720	Reducer 5: 0/306	Reducer 6: 0/1	
INFO  : Map 1: 1/1	Map 10: 6/6	Map 11: 1/1	Map 2: 0(+18)/18	Map 7: 1/1	Map 8: 88(+25)/113	Map 9: 49/49	Reducer 3: 0/1009	Reducer 4: 0/720	Reducer 5: 0/306	Reducer 6: 0/1	
INFO  : Map 1: 1/1	Map 10: 6/6	Map 11: 1/1	Map 2: 0(+18)/18	Map 7: 1/1	Map 8: 113/113	Map 9: 49/49	Reducer 3: 0/1009	Reducer 4: 0/720	Reducer 5: 0/306	Reducer 6: 0/1	
INFO  : Map 1: 1/1	Map 10: 6/6	Map 11: 1/1	Map 2: 2(+16)/18	Map 7: 1/1	Map 8: 113/113	Map 9: 49/49	Reducer 3: 0/1009	Reducer 4: 0/720	Reducer 5: 0/306	Reducer 6: 0/1	
INFO  : Map 1: 1/1	Map 10: 6/6	Map 11: 1/1	Map 2: 4(+14)/18	Map 7: 1/1	Map 8: 113/113	Map 9: 49/49	Reducer 3: 0(+113)/1009	Reducer 4: 0/720	Reducer 5: 0/306	Reducer 6: 0/1	
INFO  : Map 1: 1/1	Map 10: 6/6	Map 11: 1/1	Map 2: 6(+12)/18	Map 7: 1/1	Map 8: 113/113	Map 9: 49/49	Reducer 3: 0(+410)/1009	Reducer 4: 0/720	Reducer 5: 0/306	Reducer 6: 0/1	
INFO  : Map 1: 1/1	Map 10: 6/6	Map 11: 1/1	Map 2: 6(+12)/18	Map 7: 1/1	Map 8: 113/113	Map 9: 49/49	Reducer 3: 0(+414)/1009	Reducer 4: 0/720	Reducer 5: 0/306	Reducer 6: 0/1	
INFO  : Map 1: 1/1	Map 10: 6/6	Map 11: 1/1	Map 2: 7(+11)/18	Map 7: 1/1	Map 8: 113/113	Map 9: 49/49	Reducer 3: 0(+493)/1009	Reducer 4: 0/720	Reducer 5: 0/306	Reducer 6: 0/1	
INFO  : Map 1: 1/1	Map 10: 6/6	Map 11: 1/1	Map 2: 11(+7)/18	Map 7: 1/1	Map 8: 113/113	Map 9: 49/49	Reducer 3: 0(+497)/1009	Reducer 4: 0/720	Reducer 5: 0/306	Reducer 6: 0/1	
INFO  : Map 1: 1/1	Map 10: 6/6	Map 11: 1/1	Map 2: 16(+2)/18	Map 7: 1/1	Map 8: 113/113	Map 9: 49/49	Reducer 3: 0(+502)/1009	Reducer 4: 0/720	Reducer 5: 0/306	Reducer 6: 0/1	
INFO  : Map 1: 1/1	Map 10: 6/6	Map 11: 1/1	Map 2: 17(+1)/18	Map 7: 1/1	Map 8: 113/113	Map 9: 49/49	Reducer 3: 0(+503)/1009	Reducer 4: 0/720	Reducer 5: 0/306	Reducer 6: 0/1	
INFO  : Map 1: 1/1	Map 10: 6/6	Map 11: 1/1	Map 2: 18/18	Map 7: 1/1	Map 8: 113/113	Map 9: 49/49	Reducer 3: 0(+504)/1009	Reducer 4: 0/720	Reducer 5: 0/306	Reducer 6: 0/1	
INFO  : Map 1: 1/1	Map 10: 6/6	Map 11: 1/1	Map 2: 18/18	Map 7: 1/1	Map 8: 113/113	Map 9: 49/49	Reducer 3: 1(+503)/1009	Reducer 4: 0/720	Reducer 5: 0/306	Reducer 6: 0/1	
INFO  : Map 1: 1/1	Map 10: 6/6	Map 11: 1/1	Map 2: 18/18	Map 7: 1/1	Map 8: 113/113	Map 9: 49/49	Reducer 3: 4(+504)/1009	Reducer 4: 0/720	Reducer 5: 0/306	Reducer 6: 0/1	
INFO  : Map 1: 1/1	Map 10: 6/6	Map 11: 1/1	Map 2: 18/18	Map 7: 1/1	Map 8: 113/113	Map 9: 49/49	Reducer 3: 5(+504)/1009	Reducer 4: 0/720	Reducer 5: 0/306	Reducer 6: 0/1	
INFO  : Map 1: 1/1	Map 10: 6/6	Map 11: 1/1	Map 2: 18/18	Map 7: 1/1	Map 8: 113/113	Map 9: 49/49	Reducer 3: 9(+504)/1009	Reducer 4: 0/720	Reducer 5: 0/306	Reducer 6: 0/1	
INFO  : Map 1: 1/1	Map 10: 6/6	Map 11: 1/1	Map 2: 18/18	Map 7: 1/1	Map 8: 113/113	Map 9: 49/49	Reducer 3: 22(+504)/1009	Reducer 4: 0/720	Reducer 5: 0/306	Reducer 6: 0/1	
INFO  : Map 1: 1/1	Map 10: 6/6	Map 11: 1/1	Map 2: 18/18	Map 7: 1/1	Map 8: 113/113	Map 9: 49/49	Reducer 3: 41(+504)/1009	Reducer 4: 0/720	Reducer 5: 0/306	Reducer 6: 0/1	
INFO  : Map 1: 1/1	Map 10: 6/6	Map 11: 1/1	Map 2: 18/18	Map 7: 1/1	Map 8: 113/113	Map 9: 49/49	Reducer 3: 56(+504)/1009	Reducer 4: 0/720	Reducer 5: 0/306	Reducer 6: 0/1	
INFO  : Map 1: 1/1	Map 10: 6/6	Map 11: 1/1	Map 2: 18/18	Map 7: 1/1	Map 8: 113/113	Map 9: 49/49	Reducer 3: 63(+504)/1009	Reducer 4: 0/720	Reducer 5: 0/306	Reducer 6: 0/1	
INFO  : Map 1: 1/1	Map 10: 6/6	Map 11: 1/1	Map 2: 18/18	Map 7: 1/1	Map 8: 113/113	Map 9: 49/49	Reducer 3: 67(+503)/1009	Reducer 4: 0/720	Reducer 5: 0/306	Reducer 6: 0/1	
INFO  : Map 1: 1/1	Map 10: 6/6	Map 11: 1/1	Map 2: 18/18	Map 7: 1/1	Map 8: 113/113	Map 9: 49/49	Reducer 3: 83(+504)/1009	Reducer 4: 0/720	Reducer 5: 0/306	Reducer 6: 0/1	
INFO  : Map 1: 1/1	Map 10: 6/6	Map 11: 1/1	Map 2: 18/18	Map 7: 1/1	Map 8: 113/113	Map 9: 49/49	Reducer 3: 86(+504)/1009	Reducer 4: 0/720	Reducer 5: 0/306	Reducer 6: 0/1	
INFO  : Map 1: 1/1	Map 10: 6/6	Map 11: 1/1	Map 2: 18/18	Map 7: 1/1	Map 8: 113/113	Map 9: 49/49	Reducer 3: 91(+504)/1009	Reducer 4: 0/720	Reducer 5: 0/306	Reducer 6: 0/1	
INFO  : Map 1: 1/1	Map 10: 6/6	Map 11: 1/1	Map 2: 18/18	Map 7: 1/1	Map 8: 113/113	Map 9: 49/49	Reducer 3: 97(+504)/1009	Reducer 4: 0/720	Reducer 5: 0/306	Reducer 6: 0/1	
INFO  : Map 1: 1/1	Map 10: 6/6	Map 11: 1/1	Map 2: 18/18	Map 7: 1/1	Map 8: 113/113	Map 9: 49/49	Reducer 3: 106(+502)/1009	Reducer 4: 0/720	Reducer 5: 0/306	Reducer 6: 0/1	
INFO  : Map 1: 1/1	Map 10: 6/6	Map 11: 1/1	Map 2: 18/18	Map 7: 1/1	Map 8: 113/113	Map 9: 49/49	Reducer 3: 227(+504)/1009	Reducer 4: 0/720	Reducer 5: 0/306	Reducer 6: 0/1	
INFO  : Map 1: 1/1	Map 10: 6/6	Map 11: 1/1	Map 2: 18/18	Map 7: 1/1	Map 8: 113/113	Map 9: 49/49	Reducer 3: 314(+498)/1009	Reducer 4: 0/720	Reducer 5: 0/306	Reducer 6: 0/1	
INFO  : Map 1: 1/1	Map 10: 6/6	Map 11: 1/1	Map 2: 18/18	Map 7: 1/1	Map 8: 113/113	Map 9: 49/49	Reducer 3: 335(+504)/1009	Reducer 4: 0/720	Reducer 5: 0/306	Reducer 6: 0/1	
INFO  : Map 1: 1/1	Map 10: 6/6	Map 11: 1/1	Map 2: 18/18	Map 7: 1/1	Map 8: 113/113	Map 9: 49/49	Reducer 3: 340(+504)/1009	Reducer 4: 0/720	Reducer 5: 0/306	Reducer 6: 0/1	
INFO  : Map 1: 1/1	Map 10: 6/6	Map 11: 1/1	Map 2: 18/18	Map 7: 1/1	Map 8: 113/113	Map 9: 49/49	Reducer 3: 342(+504)/1009	Reducer 4: 0/720	Reducer 5: 0/306	Reducer 6: 0/1	
INFO  : Map 1: 1/1	Map 10: 6/6	Map 11: 1/1	Map 2: 18/18	Map 7: 1/1	Map 8: 113/113	Map 9: 49/49	Reducer 3: 348(+504)/1009	Reducer 4: 0/720	Reducer 5: 0/306	Reducer 6: 0/1	
INFO  : Map 1: 1/1	Map 10: 6/6	Map 11: 1/1	Map 2: 18/18	Map 7: 1/1	Map 8: 113/113	Map 9: 49/49	Reducer 3: 367(+487)/1009	Reducer 4: 0/720	Reducer 5: 0/306	Reducer 6: 0/1	
INFO  : Map 1: 1/1	Map 10: 6/6	Map 11: 1/1	Map 2: 18/18	Map 7: 1/1	Map 8: 113/113	Map 9: 49/49	Reducer 3: 382(+503)/1009	Reducer 4: 0/720	Reducer 5: 0/306	Reducer 6: 0/1	
INFO  : Map 1: 1/1	Map 10: 6/6	Map 11: 1/1	Map 2: 18/18	Map 7: 1/1	Map 8: 113/113	Map 9: 49/49	Reducer 3: 387(+504)/1009	Reducer 4: 0/720	Reducer 5: 0/306	Reducer 6: 0/1	
INFO  : Map 1: 1/1	Map 10: 6/6	Map 11: 1/1	Map 2: 18/18	Map 7: 1/1	Map 8: 113/113	Map 9: 49/49	Reducer 3: 394(+504)/1009	Reducer 4: 0/720	Reducer 5: 0/306	Reducer 6: 0/1	
INFO  : Map 1: 1/1	Map 10: 6/6	Map 11: 1/1	Map 2: 18/18	Map 7: 1/1	Map 8: 113/113	Map 9: 49/49	Reducer 3: 437(+486)/1009	Reducer 4: 0/720	Reducer 5: 0/306	Reducer 6: 0/1	
INFO  : Map 1: 1/1	Map 10: 6/6	Map 11: 1/1	Map 2: 18/18	Map 7: 1/1	Map 8: 113/113	Map 9: 49/49	Reducer 3: 478(+504)/1009	Reducer 4: 0/720	Reducer 5: 0/306	Reducer 6: 0/1	
INFO  : Map 1: 1/1	Map 10: 6/6	Map 11: 1/1	Map 2: 18/18	Map 7: 1/1	Map 8: 113/113	Map 9: 49/49	Reducer 3: 488(+504)/1009	Reducer 4: 0/720	Reducer 5: 0/306	Reducer 6: 0/1	
INFO  : Map 1: 1/1	Map 10: 6/6	Map 11: 1/1	Map 2: 18/18	Map 7: 1/1	Map 8: 113/113	Map 9: 49/49	Reducer 3: 512(+497)/1009	Reducer 4: 0(+9)/720	Reducer 5: 0/306	Reducer 6: 0/1	
INFO  : Map 1: 1/1	Map 10: 6/6	Map 11: 1/1	Map 2: 18/18	Map 7: 1/1	Map 8: 113/113	Map 9: 49/49	Reducer 3: 542(+467)/1009	Reducer 4: 0(+44)/720	Reducer 5: 0/306	Reducer 6: 0/1	
INFO  : Map 1: 1/1	Map 10: 6/6	Map 11: 1/1	Map 2: 18/18	Map 7: 1/1	Map 8: 113/113	Map 9: 49/49	Reducer 3: 559(+450)/1009	Reducer 4: 0(+76)/720	Reducer 5: 0/306	Reducer 6: 0/1	
INFO  : Map 1: 1/1	Map 10: 6/6	Map 11: 1/1	Map 2: 18/18	Map 7: 1/1	Map 8: 113/113	Map 9: 49/49	Reducer 3: 570(+439)/1009	Reducer 4: 0(+90)/720	Reducer 5: 0/306	Reducer 6: 0/1	
INFO  : Map 1: 1/1	Map 10: 6/6	Map 11: 1/1	Map 2: 18/18	Map 7: 1/1	Map 8: 113/113	Map 9: 49/49	Reducer 3: 584(+425)/1009	Reducer 4: 0(+104)/720	Reducer 5: 0/306	Reducer 6: 0/1	
INFO  : Map 1: 1/1	Map 10: 6/6	Map 11: 1/1	Map 2: 18/18	Map 7: 1/1	Map 8: 113/113	Map 9: 49/49	Reducer 3: 611(+398)/1009	Reducer 4: 0(+131)/720	Reducer 5: 0/306	Reducer 6: 0/1	
INFO  : Map 1: 1/1	Map 10: 6/6	Map 11: 1/1	Map 2: 18/18	Map 7: 1/1	Map 8: 113/113	Map 9: 49/49	Reducer 3: 617(+392)/1009	Reducer 4: 0(+137)/720	Reducer 5: 0/306	Reducer 6: 0/1	
INFO  : Map 1: 1/1	Map 10: 6/6	Map 11: 1/1	Map 2: 18/18	Map 7: 1/1	Map 8: 113/113	Map 9: 49/49	Reducer 3: 619(+390)/1009	Reducer 4: 0(+139)/720	Reducer 5: 0/306	Reducer 6: 0/1	
INFO  : Map 1: 1/1	Map 10: 6/6	Map 11: 1/1	Map 2: 18/18	Map 7: 1/1	Map 8: 113/113	Map 9: 49/49	Reducer 3: 624(+385)/1009	Reducer 4: 0(+144)/720	Reducer 5: 0/306	Reducer 6: 0/1	
INFO  : Map 1: 1/1	Map 10: 6/6	Map 11: 1/1	Map 2: 18/18	Map 7: 1/1	Map 8: 113/113	Map 9: 49/49	Reducer 3: 627(+382)/1009	Reducer 4: 0(+147)/720	Reducer 5: 0/306	Reducer 6: 0/1	
INFO  : Map 1: 1/1	Map 10: 6/6	Map 11: 1/1	Map 2: 18/18	Map 7: 1/1	Map 8: 113/113	Map 9: 49/49	Reducer 3: 635(+374)/1009	Reducer 4: 0(+155)/720	Reducer 5: 0/306	Reducer 6: 0/1	
INFO  : Map 1: 1/1	Map 10: 6/6	Map 11: 1/1	Map 2: 18/18	Map 7: 1/1	Map 8: 113/113	Map 9: 49/49	Reducer 3: 643(+366)/1009	Reducer 4: 0(+163)/720	Reducer 5: 0/306	Reducer 6: 0/1	
INFO  : Map 1: 1/1	Map 10: 6/6	Map 11: 1/1	Map 2: 18/18	Map 7: 1/1	Map 8: 113/113	Map 9: 49/49	Reducer 3: 661(+348)/1009	Reducer 4: 0(+181)/720	Reducer 5: 0/306	Reducer 6: 0/1	
INFO  : Map 1: 1/1	Map 10: 6/6	Map 11: 1/1	Map 2: 18/18	Map 7: 1/1	Map 8: 113/113	Map 9: 49/49	Reducer 3: 672(+337)/1009	Reducer 4: 0(+192)/720	Reducer 5: 0/306	Reducer 6: 0/1	
INFO  : Map 1: 1/1	Map 10: 6/6	Map 11: 1/1	Map 2: 18/18	Map 7: 1/1	Map 8: 113/113	Map 9: 49/49	Reducer 3: 674(+335)/1009	Reducer 4: 0(+194)/720	Reducer 5: 0/306	Reducer 6: 0/1	
INFO  : Map 1: 1/1	Map 10: 6/6	Map 11: 1/1	Map 2: 18/18	Map 7: 1/1	Map 8: 113/113	Map 9: 49/49	Reducer 3: 680(+329)/1009	Reducer 4: 0(+200)/720	Reducer 5: 0/306	Reducer 6: 0/1	
INFO  : Map 1: 1/1	Map 10: 6/6	Map 11: 1/1	Map 2: 18/18	Map 7: 1/1	Map 8: 113/113	Map 9: 49/49	Reducer 3: 681(+328)/1009	Reducer 4: 0(+201)/720	Reducer 5: 0/306	Reducer 6: 0/1	
INFO  : Map 1: 1/1	Map 10: 6/6	Map 11: 1/1	Map 2: 18/18	Map 7: 1/1	Map 8: 113/113	Map 9: 49/49	Reducer 3: 704(+305)/1009	Reducer 4: 0(+224)/720	Reducer 5: 0/306	Reducer 6: 0/1	
INFO  : Map 1: 1/1	Map 10: 6/6	Map 11: 1/1	Map 2: 18/18	Map 7: 1/1	Map 8: 113/113	Map 9: 49/49	Reducer 3: 709(+300)/1009	Reducer 4: 0(+229)/720	Reducer 5: 0/306	Reducer 6: 0/1	
INFO  : Map 1: 1/1	Map 10: 6/6	Map 11: 1/1	Map 2: 18/18	Map 7: 1/1	Map 8: 113/113	Map 9: 49/49	Reducer 3: 736(+273)/1009	Reducer 4: 0(+256)/720	Reducer 5: 0/306	Reducer 6: 0/1	
INFO  : Map 1: 1/1	Map 10: 6/6	Map 11: 1/1	Map 2: 18/18	Map 7: 1/1	Map 8: 113/113	Map 9: 49/49	Reducer 3: 741(+268)/1009	Reducer 4: 0(+261)/720	Reducer 5: 0/306	Reducer 6: 0/1	
INFO  : Map 1: 1/1	Map 10: 6/6	Map 11: 1/1	Map 2: 18/18	Map 7: 1/1	Map 8: 113/113	Map 9: 49/49	Reducer 3: 851(+158)/1009	Reducer 4: 0(+267)/720	Reducer 5: 0/306	Reducer 6: 0/1	
INFO  : Map 1: 1/1	Map 10: 6/6	Map 11: 1/1	Map 2: 18/18	Map 7: 1/1	Map 8: 113/113	Map 9: 49/49	Reducer 3: 858(+151)/1009	Reducer 4: 0(+378)/720	Reducer 5: 0/306	Reducer 6: 0/1	
INFO  : Map 1: 1/1	Map 10: 6/6	Map 11: 1/1	Map 2: 18/18	Map 7: 1/1	Map 8: 113/113	Map 9: 49/49	Reducer 3: 871(+137)/1009	Reducer 4: 0(+391)/720	Reducer 5: 0/306	Reducer 6: 0/1	
INFO  : Map 1: 1/1	Map 10: 6/6	Map 11: 1/1	Map 2: 18/18	Map 7: 1/1	Map 8: 113/113	Map 9: 49/49	Reducer 3: 880(+129)/1009	Reducer 4: 0(+400)/720	Reducer 5: 0/306	Reducer 6: 0/1	
INFO  : Map 1: 1/1	Map 10: 6/6	Map 11: 1/1	Map 2: 18/18	Map 7: 1/1	Map 8: 113/113	Map 9: 49/49	Reducer 3: 885(+124)/1009	Reducer 4: 0(+405)/720	Reducer 5: 0/306	Reducer 6: 0/1	
INFO  : Map 1: 1/1	Map 10: 6/6	Map 11: 1/1	Map 2: 18/18	Map 7: 1/1	Map 8: 113/113	Map 9: 49/49	Reducer 3: 890(+119)/1009	Reducer 4: 0(+410)/720	Reducer 5: 0/306	Reducer 6: 0/1	
INFO  : Map 1: 1/1	Map 10: 6/6	Map 11: 1/1	Map 2: 18/18	Map 7: 1/1	Map 8: 113/113	Map 9: 49/49	Reducer 3: 897(+112)/1009	Reducer 4: 0(+417)/720	Reducer 5: 0/306	Reducer 6: 0/1	
INFO  : Map 1: 1/1	Map 10: 6/6	Map 11: 1/1	Map 2: 18/18	Map 7: 1/1	Map 8: 113/113	Map 9: 49/49	Reducer 3: 898(+111)/1009	Reducer 4: 0(+418)/720	Reducer 5: 0/306	Reducer 6: 0/1	
INFO  : Map 1: 1/1	Map 10: 6/6	Map 11: 1/1	Map 2: 18/18	Map 7: 1/1	Map 8: 113/113	Map 9: 49/49	Reducer 3: 906(+103)/1009	Reducer 4: 0(+426)/720	Reducer 5: 0/306	Reducer 6: 0/1	
INFO  : Map 1: 1/1	Map 10: 6/6	Map 11: 1/1	Map 2: 18/18	Map 7: 1/1	Map 8: 113/113	Map 9: 49/49	Reducer 3: 907(+102)/1009	Reducer 4: 0(+427)/720	Reducer 5: 0/306	Reducer 6: 0/1	
INFO  : Map 1: 1/1	Map 10: 6/6	Map 11: 1/1	Map 2: 18/18	Map 7: 1/1	Map 8: 113/113	Map 9: 49/49	Reducer 3: 909(+100)/1009	Reducer 4: 0(+429)/720	Reducer 5: 0/306	Reducer 6: 0/1	
INFO  : Map 1: 1/1	Map 10: 6/6	Map 11: 1/1	Map 2: 18/18	Map 7: 1/1	Map 8: 113/113	Map 9: 49/49	Reducer 3: 914(+95)/1009	Reducer 4: 0(+434)/720	Reducer 5: 0/306	Reducer 6: 0/1	
INFO  : Map 1: 1/1	Map 10: 6/6	Map 11: 1/1	Map 2: 18/18	Map 7: 1/1	Map 8: 113/113	Map 9: 49/49	Reducer 3: 915(+94)/1009	Reducer 4: 0(+435)/720	Reducer 5: 0/306	Reducer 6: 0/1	
INFO  : Map 1: 1/1	Map 10: 6/6	Map 11: 1/1	Map 2: 18/18	Map 7: 1/1	Map 8: 113/113	Map 9: 49/49	Reducer 3: 920(+89)/1009	Reducer 4: 0(+440)/720	Reducer 5: 0/306	Reducer 6: 0/1	
INFO  : Map 1: 1/1	Map 10: 6/6	Map 11: 1/1	Map 2: 18/18	Map 7: 1/1	Map 8: 113/113	Map 9: 49/49	Reducer 3: 927(+82)/1009	Reducer 4: 0(+447)/720	Reducer 5: 0/306	Reducer 6: 0/1	
INFO  : Map 1: 1/1	Map 10: 6/6	Map 11: 1/1	Map 2: 18/18	Map 7: 1/1	Map 8: 113/113	Map 9: 49/49	Reducer 3: 941(+68)/1009	Reducer 4: 0(+461)/720	Reducer 5: 0/306	Reducer 6: 0/1	
INFO  : Map 1: 1/1	Map 10: 6/6	Map 11: 1/1	Map 2: 18/18	Map 7: 1/1	Map 8: 113/113	Map 9: 49/49	Reducer 3: 968(+41)/1009	Reducer 4: 0(+488)/720	Reducer 5: 0/306	Reducer 6: 0/1	
INFO  : Map 1: 1/1	Map 10: 6/6	Map 11: 1/1	Map 2: 18/18	Map 7: 1/1	Map 8: 113/113	Map 9: 49/49	Reducer 3: 981(+28)/1009	Reducer 4: 0(+501)/720	Reducer 5: 0/306	Reducer 6: 0/1	
INFO  : Map 1: 1/1	Map 10: 6/6	Map 11: 1/1	Map 2: 18/18	Map 7: 1/1	Map 8: 113/113	Map 9: 49/49	Reducer 3: 994(+15)/1009	Reducer 4: 0(+514)/720	Reducer 5: 0/306	Reducer 6: 0/1	
INFO  : Map 1: 1/1	Map 10: 6/6	Map 11: 1/1	Map 2: 18/18	Map 7: 1/1	Map 8: 113/113	Map 9: 49/49	Reducer 3: 998(+11)/1009	Reducer 4: 0(+518)/720	Reducer 5: 0/306	Reducer 6: 0/1	
INFO  : Map 1: 1/1	Map 10: 6/6	Map 11: 1/1	Map 2: 18/18	Map 7: 1/1	Map 8: 113/113	Map 9: 49/49	Reducer 3: 1009/1009	Reducer 4: 0(+529)/720	Reducer 5: 0/306	Reducer 6: 0/1	
INFO  : Map 1: 1/1	Map 10: 6/6	Map 11: 1/1	Map 2: 18/18	Map 7: 1/1	Map 8: 113/113	Map 9: 49/49	Reducer 3: 1009/1009	Reducer 4: 1(+529)/720	Reducer 5: 0/306	Reducer 6: 0/1	
INFO  : Map 1: 1/1	Map 10: 6/6	Map 11: 1/1	Map 2: 18/18	Map 7: 1/1	Map 8: 113/113	Map 9: 49/49	Reducer 3: 1009/1009	Reducer 4: 2(+529)/720	Reducer 5: 0/306	Reducer 6: 0/1	
INFO  : Map 1: 1/1	Map 10: 6/6	Map 11: 1/1	Map 2: 18/18	Map 7: 1/1	Map 8: 113/113	Map 9: 49/49	Reducer 3: 1009/1009	Reducer 4: 5(+529)/720	Reducer 5: 0/306	Reducer 6: 0/1	
INFO  : Map 1: 1/1	Map 10: 6/6	Map 11: 1/1	Map 2: 18/18	Map 7: 1/1	Map 8: 113/113	Map 9: 49/49	Reducer 3: 1009/1009	Reducer 4: 30(+529)/720	Reducer 5: 0/306	Reducer 6: 0/1	
INFO  : Map 1: 1/1	Map 10: 6/6	Map 11: 1/1	Map 2: 18/18	Map 7: 1/1	Map 8: 113/113	Map 9: 49/49	Reducer 3: 1009/1009	Reducer 4: 54(+529)/720	Reducer 5: 0/306	Reducer 6: 0/1	
INFO  : Map 1: 1/1	Map 10: 6/6	Map 11: 1/1	Map 2: 18/18	Map 7: 1/1	Map 8: 113/113	Map 9: 49/49	Reducer 3: 1009/1009	Reducer 4: 69(+529)/720	Reducer 5: 0/306	Reducer 6: 0/1	
INFO  : Map 1: 1/1	Map 10: 6/6	Map 11: 1/1	Map 2: 18/18	Map 7: 1/1	Map 8: 113/113	Map 9: 49/49	Reducer 3: 1009/1009	Reducer 4: 70(+529)/720	Reducer 5: 0/306	Reducer 6: 0/1	
INFO  : Map 1: 1/1	Map 10: 6/6	Map 11: 1/1	Map 2: 18/18	Map 7: 1/1	Map 8: 113/113	Map 9: 49/49	Reducer 3: 1009/1009	Reducer 4: 79(+529)/720	Reducer 5: 0/306	Reducer 6: 0/1	
INFO  : Map 1: 1/1	Map 10: 6/6	Map 11: 1/1	Map 2: 18/18	Map 7: 1/1	Map 8: 113/113	Map 9: 49/49	Reducer 3: 1009/1009	Reducer 4: 81(+529)/720	Reducer 5: 0/306	Reducer 6: 0/1	
INFO  : Map 1: 1/1	Map 10: 6/6	Map 11: 1/1	Map 2: 18/18	Map 7: 1/1	Map 8: 113/113	Map 9: 49/49	Reducer 3: 1009/1009	Reducer 4: 112(+529)/720	Reducer 5: 0/306	Reducer 6: 0/1	
INFO  : Map 1: 1/1	Map 10: 6/6	Map 11: 1/1	Map 2: 18/18	Map 7: 1/1	Map 8: 113/113	Map 9: 49/49	Reducer 3: 1009/1009	Reducer 4: 168(+528)/720	Reducer 5: 0/306	Reducer 6: 0/1	
INFO  : Map 1: 1/1	Map 10: 6/6	Map 11: 1/1	Map 2: 18/18	Map 7: 1/1	Map 8: 113/113	Map 9: 49/49	Reducer 3: 1009/1009	Reducer 4: 186(+529)/720	Reducer 5: 0/306	Reducer 6: 0/1	
INFO  : Map 1: 1/1	Map 10: 6/6	Map 11: 1/1	Map 2: 18/18	Map 7: 1/1	Map 8: 113/113	Map 9: 49/49	Reducer 3: 1009/1009	Reducer 4: 200(+520)/720	Reducer 5: 0/306	Reducer 6: 0/1	
INFO  : Map 1: 1/1	Map 10: 6/6	Map 11: 1/1	Map 2: 18/18	Map 7: 1/1	Map 8: 113/113	Map 9: 49/49	Reducer 3: 1009/1009	Reducer 4: 262(+457)/720	Reducer 5: 0/306	Reducer 6: 0/1	
INFO  : Map 1: 1/1	Map 10: 6/6	Map 11: 1/1	Map 2: 18/18	Map 7: 1/1	Map 8: 113/113	Map 9: 49/49	Reducer 3: 1009/1009	Reducer 4: 388(+332)/720	Reducer 5: 0/306	Reducer 6: 0/1	
INFO  : Map 1: 1/1	Map 10: 6/6	Map 11: 1/1	Map 2: 18/18	Map 7: 1/1	Map 8: 113/113	Map 9: 49/49	Reducer 3: 1009/1009	Reducer 4: 397(+323)/720	Reducer 5: 0/306	Reducer 6: 0/1	
INFO  : Map 1: 1/1	Map 10: 6/6	Map 11: 1/1	Map 2: 18/18	Map 7: 1/1	Map 8: 113/113	Map 9: 49/49	Reducer 3: 1009/1009	Reducer 4: 409(+311)/720	Reducer 5: 0/306	Reducer 6: 0/1	
INFO  : Map 1: 1/1	Map 10: 6/6	Map 11: 1/1	Map 2: 18/18	Map 7: 1/1	Map 8: 113/113	Map 9: 49/49	Reducer 3: 1009/1009	Reducer 4: 411(+309)/720	Reducer 5: 0/306	Reducer 6: 0/1	
INFO  : Map 1: 1/1	Map 10: 6/6	Map 11: 1/1	Map 2: 18/18	Map 7: 1/1	Map 8: 113/113	Map 9: 49/49	Reducer 3: 1009/1009	Reducer 4: 413(+307)/720	Reducer 5: 0/306	Reducer 6: 0/1	
INFO  : Map 1: 1/1	Map 10: 6/6	Map 11: 1/1	Map 2: 18/18	Map 7: 1/1	Map 8: 113/113	Map 9: 49/49	Reducer 3: 1009/1009	Reducer 4: 422(+298)/720	Reducer 5: 0/306	Reducer 6: 0/1	
INFO  : Map 1: 1/1	Map 10: 6/6	Map 11: 1/1	Map 2: 18/18	Map 7: 1/1	Map 8: 113/113	Map 9: 49/49	Reducer 3: 1009/1009	Reducer 4: 444(+276)/720	Reducer 5: 0/306	Reducer 6: 0/1	
INFO  : Map 1: 1/1	Map 10: 6/6	Map 11: 1/1	Map 2: 18/18	Map 7: 1/1	Map 8: 113/113	Map 9: 49/49	Reducer 3: 1009/1009	Reducer 4: 456(+264)/720	Reducer 5: 0/306	Reducer 6: 0/1	
INFO  : Map 1: 1/1	Map 10: 6/6	Map 11: 1/1	Map 2: 18/18	Map 7: 1/1	Map 8: 113/113	Map 9: 49/49	Reducer 3: 1009/1009	Reducer 4: 462(+258)/720	Reducer 5: 0/306	Reducer 6: 0/1	
INFO  : Map 1: 1/1	Map 10: 6/6	Map 11: 1/1	Map 2: 18/18	Map 7: 1/1	Map 8: 113/113	Map 9: 49/49	Reducer 3: 1009/1009	Reducer 4: 463(+257)/720	Reducer 5: 0/306	Reducer 6: 0/1	
INFO  : Map 1: 1/1	Map 10: 6/6	Map 11: 1/1	Map 2: 18/18	Map 7: 1/1	Map 8: 113/113	Map 9: 49/49	Reducer 3: 1009/1009	Reducer 4: 472(+248)/720	Reducer 5: 0/306	Reducer 6: 0/1	
INFO  : Map 1: 1/1	Map 10: 6/6	Map 11: 1/1	Map 2: 18/18	Map 7: 1/1	Map 8: 113/113	Map 9: 49/49	Reducer 3: 1009/1009	Reducer 4: 477(+243)/720	Reducer 5: 0/306	Reducer 6: 0/1	
INFO  : Map 1: 1/1	Map 10: 6/6	Map 11: 1/1	Map 2: 18/18	Map 7: 1/1	Map 8: 113/113	Map 9: 49/49	Reducer 3: 1009/1009	Reducer 4: 502(+218)/720	Reducer 5: 0/306	Reducer 6: 0/1	
INFO  : Map 1: 1/1	Map 10: 6/6	Map 11: 1/1	Map 2: 18/18	Map 7: 1/1	Map 8: 113/113	Map 9: 49/49	Reducer 3: 1009/1009	Reducer 4: 515(+205)/720	Reducer 5: 0/306	Reducer 6: 0/1	
INFO  : Map 1: 1/1	Map 10: 6/6	Map 11: 1/1	Map 2: 18/18	Map 7: 1/1	Map 8: 113/113	Map 9: 49/49	Reducer 3: 1009/1009	Reducer 4: 549(+171)/720	Reducer 5: 0(+3)/39	Reducer 6: 0/1	
INFO  : Map 1: 1/1	Map 10: 6/6	Map 11: 1/1	Map 2: 18/18	Map 7: 1/1	Map 8: 113/113	Map 9: 49/49	Reducer 3: 1009/1009	Reducer 4: 560(+160)/720	Reducer 5: 0(+39)/39	Reducer 6: 0/1	
INFO  : Map 1: 1/1	Map 10: 6/6	Map 11: 1/1	Map 2: 18/18	Map 7: 1/1	Map 8: 113/113	Map 9: 49/49	Reducer 3: 1009/1009	Reducer 4: 572(+148)/720	Reducer 5: 0(+39)/39	Reducer 6: 0/1	
INFO  : Map 1: 1/1	Map 10: 6/6	Map 11: 1/1	Map 2: 18/18	Map 7: 1/1	Map 8: 113/113	Map 9: 49/49	Reducer 3: 1009/1009	Reducer 4: 631(+89)/720	Reducer 5: 0(+39)/39	Reducer 6: 0/1	
INFO  : Map 1: 1/1	Map 10: 6/6	Map 11: 1/1	Map 2: 18/18	Map 7: 1/1	Map 8: 113/113	Map 9: 49/49	Reducer 3: 1009/1009	Reducer 4: 694(+26)/720	Reducer 5: 0(+39)/39	Reducer 6: 0/1	
INFO  : Map 1: 1/1	Map 10: 6/6	Map 11: 1/1	Map 2: 18/18	Map 7: 1/1	Map 8: 113/113	Map 9: 49/49	Reducer 3: 1009/1009	Reducer 4: 695(+25)/720	Reducer 5: 0(+39)/39	Reducer 6: 0/1	
INFO  : Map 1: 1/1	Map 10: 6/6	Map 11: 1/1	Map 2: 18/18	Map 7: 1/1	Map 8: 113/113	Map 9: 49/49	Reducer 3: 1009/1009	Reducer 4: 708(+12)/720	Reducer 5: 0(+39)/39	Reducer 6: 0/1	
INFO  : Map 1: 1/1	Map 10: 6/6	Map 11: 1/1	Map 2: 18/18	Map 7: 1/1	Map 8: 113/113	Map 9: 49/49	Reducer 3: 1009/1009	Reducer 4: 708(+12)/720	Reducer 5: 0(+39)/39	Reducer 6: 0/1	
INFO  : Map 1: 1/1	Map 10: 6/6	Map 11: 1/1	Map 2: 18/18	Map 7: 1/1	Map 8: 113/113	Map 9: 49/49	Reducer 3: 1009/1009	Reducer 4: 720/720	Reducer 5: 1(+38)/39	Reducer 6: 0/1	
INFO  : Map 1: 1/1	Map 10: 6/6	Map 11: 1/1	Map 2: 18/18	Map 7: 1/1	Map 8: 113/113	Map 9: 49/49	Reducer 3: 1009/1009	Reducer 4: 720/720	Reducer 5: 5(+34)/39	Reducer 6: 0/1	
INFO  : Map 1: 1/1	Map 10: 6/6	Map 11: 1/1	Map 2: 18/18	Map 7: 1/1	Map 8: 113/113	Map 9: 49/49	Reducer 3: 1009/1009	Reducer 4: 720/720	Reducer 5: 39/39	Reducer 6: 0(+1)/1	
INFO  : Map 1: 1/1	Map 10: 6/6	Map 11: 1/1	Map 2: 18/18	Map 7: 1/1	Map 8: 113/113	Map 9: 49/49	Reducer 3: 1009/1009	Reducer 4: 720/720	Reducer 5: 39/39	Reducer 6: 1/1	
INFO  : Status: DAG finished successfully in 40.79 seconds
INFO  : 
INFO  : Query Execution Summary
INFO  : ----------------------------------------------------------------------------------------------
INFO  : ----------------------------------------------------------------------------------------------
INFO  : Compile Query                           0.79s
INFO  : Prepare Plan                            0.33s
INFO  : Submit Plan                             5.48s
INFO  : Start DAG                               0.35s
INFO  : Run DAG                                40.79s
INFO  : ----------------------------------------------------------------------------------------------
INFO  : 
INFO  : Task Execution Summary
INFO  : --------------------------------------------------------------------------------------------------------------------------------
INFO  : --------------------------------------------------------------------------------------------------------------------------------
INFO  :      Map 1            1                0             0         207.00             0            0             54              54
INFO  :     Map 10            6                0             0         207.00             0            0      1,920,800         109,760
INFO  :     Map 11            1                0             0           0.00             0            0          7,200           1,200
INFO  :      Map 2           18                0             0        3130.00             0            0     19,316,741      18,737,669
INFO  :      Map 7            1                0             0         207.00             0            0         10,000              30
INFO  :      Map 8          113                0             0        1622.00             0            0     65,000,000      61,590,306
INFO  :      Map 9           49                0             0        1219.00             0            0     32,500,000       3,539,508
INFO  :  Reducer 3         1009                0             0       21451.00             0            0     80,327,975      17,754,540
INFO  :  Reducer 4          720                0            25       26460.00             0            0     21,405,008          14,587
INFO  :  Reducer 5           39                0             0       10072.00             0            0         14,587              54
INFO  :  Reducer 6            1                0             0          91.00             0            0             54               0
INFO  : --------------------------------------------------------------------------------------------------------------------------------
INFO  : 
INFO  : LLAP IO Summary
INFO  : ----------------------------------------------------------------------------------------------
INFO  : ----------------------------------------------------------------------------------------------
INFO  :      Map 1         1         2          0    1.08KB         0B          0B       0B     0.00s
INFO  :     Map 10       195        12          0  320.13KB         0B          0B       0B     0.30s
INFO  :     Map 11         1         2          0      225B         0B          0B       0B     0.00s
INFO  :      Map 2      1947        60          0  173.00MB         0B          0B       0B     2.31s
INFO  :      Map 7         1         2          0    1.91KB         0B          0B       0B     0.01s
INFO  :      Map 8      6667      1112          0  584.10MB         0B          0B       0B    13.35s
INFO  :      Map 9      3331       446          0   45.32MB         0B          0B       0B     2.72s
INFO  : ----------------------------------------------------------------------------------------------
INFO  : 
INFO  : FileSystem Counters Summary
INFO  : 
INFO  : ----------------------------------------------------------------------------------------------
INFO  : ----------------------------------------------------------------------------------------------
INFO  :      Map 1              0B             0                  0             1.23KB             0
INFO  :     Map 10              0B             0                  0           649.57KB             0
INFO  :     Map 11              0B             0                  0             5.03KB             0
INFO  :      Map 2              0B             0                  0           325.48MB             0
INFO  :      Map 7              0B             0                  0               180B             0
INFO  :      Map 8              0B             0                  0             1.10GB             0
INFO  :      Map 9              0B             0                  0            20.94MB             0
INFO  :  Reducer 3          1.91GB             0                  0           699.84MB             0
INFO  :  Reducer 4          9.98GB             0                  0            10.70MB             0
INFO  :  Reducer 5          2.50KB             0                  0             4.60KB             0
INFO  :  Reducer 6              0B             0                  0                 0B             0
INFO  : ----------------------------------------------------------------------------------------------
INFO  : 
INFO  : ----------------------------------------------------------------------------------------------
INFO  : ----------------------------------------------------------------------------------------------
INFO  :      Map 1              0B             0                  0                 0B             0
INFO  :     Map 10              0B             0                  0                 0B             0
INFO  :     Map 11              0B             0                  0                 0B             0
INFO  :      Map 2              0B             0                  0                 0B             0
INFO  :      Map 7              0B             0                  0                 0B             0
INFO  :      Map 8              0B             0                  0                 0B             0
INFO  :      Map 9              0B             0                  0                 0B             0
INFO  :  Reducer 3              0B             0                  0                 0B             0
INFO  :  Reducer 4              0B             0                  0                 0B             0
INFO  :  Reducer 5              0B             0                  0                 0B             0
INFO  :  Reducer 6              0B             2                  0             4.21KB             2
INFO  : ----------------------------------------------------------------------------------------------
INFO  : 
INFO  : org.apache.tez.common.counters.DAGCounter:
INFO  :    NUM_KILLED_TASKS: 25
INFO  :    NUM_SUCCEEDED_TASKS: 1958
INFO  :    TOTAL_LAUNCHED_TASKS: 1983
INFO  :    DATA_LOCAL_TASKS: 189
INFO  :    AM_CPU_MILLISECONDS: 122360
INFO  :    AM_GC_TIME_MILLIS: 1952
INFO  : File System Counters:
INFO  :    FILE_BYTES_READ: 11885906164
INFO  :    FILE_BYTES_WRITTEN: 2162357849
INFO  :    FILE_READ_OPS: 0
INFO  :    FILE_LARGE_READ_OPS: 0
INFO  :    FILE_WRITE_OPS: 0
INFO  :    HDFS_BYTES_READ: 0
INFO  :    HDFS_BYTES_WRITTEN: 4212
INFO  :    HDFS_READ_OPS: 2
INFO  :    HDFS_LARGE_READ_OPS: 0
INFO  :    HDFS_WRITE_OPS: 2
INFO  : org.apache.tez.common.counters.TaskCounter:
INFO  :    REDUCE_INPUT_GROUPS: 108
INFO  :    REDUCE_INPUT_RECORDS: 14641
INFO  :    COMBINE_INPUT_RECORDS: 0
INFO  :    SPILLED_RECORDS: 29287
INFO  :    NUM_SHUFFLED_INPUTS: 908227
INFO  :    NUM_SKIPPED_INPUTS: 206152
INFO  :    NUM_FAILED_SHUFFLE_INPUTS: 0
INFO  :    MERGED_MAP_OUTPUTS: 14207
INFO  :    INPUT_RECORDS_PROCESSED: 102740354
INFO  :    INPUT_SPLIT_LENGTH_BYTES: 5701985320
INFO  :    OUTPUT_RECORDS: 101747708
INFO  :    OUTPUT_LARGE_RECORDS: 0
INFO  :    OUTPUT_BYTES: 3260516032
INFO  :    OUTPUT_BYTES_WITH_OVERHEAD: 4695059813
INFO  :    OUTPUT_BYTES_PHYSICAL: 2157053577
INFO  :    ADDITIONAL_SPILLS_BYTES_WRITTEN: 71764
INFO  :    ADDITIONAL_SPILLS_BYTES_READ: 218077
INFO  :    ADDITIONAL_SPILL_COUNT: 0
INFO  :    SHUFFLE_CHUNK_COUNT: 759
INFO  :    SHUFFLE_BYTES: 2136721513
INFO  :    SHUFFLE_BYTES_DECOMPRESSED: 3488870354
INFO  :    SHUFFLE_BYTES_TO_MEM: 1899323993
INFO  :    SHUFFLE_BYTES_TO_DISK: 0
INFO  :    SHUFFLE_BYTES_DISK_DIRECT: 237397520
INFO  :    NUM_MEM_TO_DISK_MERGES: 0
INFO  :    NUM_DISK_TO_DISK_MERGES: 0
INFO  :    SHUFFLE_PHASE_TIME: 17519288
INFO  :    MERGE_PHASE_TIME: 376981
INFO  :    FIRST_EVENT_RECEIVED: 161642
INFO  :    LAST_EVENT_RECEIVED: 4526101
INFO  : HIVE:
INFO  :    CREATED_FILES: 1
INFO  :    DESERIALIZE_ERRORS: 0
INFO  :    RECORDS_IN_Map_1: 54
INFO  :    RECORDS_IN_Map_10: 1920800
INFO  :    RECORDS_IN_Map_11: 7200
INFO  :    RECORDS_IN_Map_2: 19316657
INFO  :    RECORDS_IN_Map_7: 10000
INFO  :    RECORDS_IN_Map_8: 65000000
INFO  :    RECORDS_IN_Map_9: 32500000
INFO  :    RECORDS_OUT_0: 54
INFO  :    RECORDS_OUT_INTERMEDIATE_Map_1: 54
INFO  :    RECORDS_OUT_INTERMEDIATE_Map_10: 109760
INFO  :    RECORDS_OUT_INTERMEDIATE_Map_11: 1200
INFO  :    RECORDS_OUT_INTERMEDIATE_Map_2: 18737669
INFO  :    RECORDS_OUT_INTERMEDIATE_Map_7: 30
INFO  :    RECORDS_OUT_INTERMEDIATE_Map_8: 61590306
INFO  :    RECORDS_OUT_INTERMEDIATE_Map_9: 3539508
INFO  :    RECORDS_OUT_INTERMEDIATE_Reducer_3: 17754540
INFO  :    RECORDS_OUT_INTERMEDIATE_Reducer_4: 14587
INFO  :    RECORDS_OUT_INTERMEDIATE_Reducer_5: 54
INFO  : Shuffle Errors:
INFO  :    BAD_ID: 0
INFO  :    CONNECTION: 0
INFO  :    IO_ERROR: 0
INFO  :    WRONG_LENGTH: 0
INFO  :    WRONG_MAP: 0
INFO  :    WRONG_REDUCE: 0
INFO  : Shuffle Errors_Reducer_5_INPUT_Reducer_4:
INFO  :    BAD_ID: 0
INFO  :    CONNECTION: 0
INFO  :    IO_ERROR: 0
INFO  :    WRONG_LENGTH: 0
INFO  :    WRONG_MAP: 0
INFO  :    WRONG_REDUCE: 0
INFO  : Shuffle Errors_Reducer_6_INPUT_Reducer_5:
INFO  :    BAD_ID: 0
INFO  :    CONNECTION: 0
INFO  :    IO_ERROR: 0
INFO  :    WRONG_LENGTH: 0
INFO  :    WRONG_MAP: 0
INFO  :    WRONG_REDUCE: 0
INFO  : TaskCounter_Map_10_INPUT_customer_demographics:
INFO  :    INPUT_RECORDS_PROCESSED: 1923
INFO  :    INPUT_SPLIT_LENGTH_BYTES: 541712
INFO  : TaskCounter_Map_10_OUTPUT_Reducer_4:
INFO  :    ADDITIONAL_SPILLS_BYTES_READ: 0
INFO  :    ADDITIONAL_SPILLS_BYTES_WRITTEN: 0
INFO  :    ADDITIONAL_SPILL_COUNT: 0
INFO  :    OUTPUT_BYTES: 2195200
INFO  :    OUTPUT_BYTES_PHYSICAL: 649519
INFO  :    OUTPUT_BYTES_WITH_OVERHEAD: 2414756
INFO  :    OUTPUT_LARGE_RECORDS: 0
INFO  :    OUTPUT_RECORDS: 109760
INFO  :    SPILLED_RECORDS: 0
INFO  : TaskCounter_Map_11_INPUT_household_demographics:
INFO  :    INPUT_RECORDS_PROCESSED: 8
INFO  :    INPUT_SPLIT_LENGTH_BYTES: 1147
INFO  : TaskCounter_Map_11_OUTPUT_Reducer_4:
INFO  :    ADDITIONAL_SPILLS_BYTES_READ: 0
INFO  :    ADDITIONAL_SPILLS_BYTES_WRITTEN: 0
INFO  :    ADDITIONAL_SPILL_COUNT: 0
INFO  :    OUTPUT_BYTES: 6000
INFO  :    OUTPUT_BYTES_PHYSICAL: 5018
INFO  :    OUTPUT_BYTES_WITH_OVERHEAD: 8406
INFO  :    OUTPUT_LARGE_RECORDS: 0
INFO  :    OUTPUT_RECORDS: 1200
INFO  :    SPILLED_RECORDS: 0
INFO  : TaskCounter_Map_1_INPUT_call_center:
INFO  :    INPUT_RECORDS_PROCESSED: 1
INFO  :    INPUT_SPLIT_LENGTH_BYTES: 10511
INFO  : TaskCounter_Map_1_OUTPUT_Map_2:
INFO  :    ADDITIONAL_SPILLS_BYTES_READ: 0
INFO  :    ADDITIONAL_SPILLS_BYTES_WRITTEN: 0
INFO  :    ADDITIONAL_SPILL_COUNT: 0
INFO  :    OUTPUT_BYTES: 2755
INFO  :    OUTPUT_BYTES_PHYSICAL: 1223
INFO  :    OUTPUT_BYTES_WITH_OVERHEAD: 2869
INFO  :    OUTPUT_LARGE_RECORDS: 0
INFO  :    OUTPUT_RECORDS: 54
INFO  :    SPILLED_RECORDS: 0
INFO  : TaskCounter_Map_2_INPUT_Map_1:
INFO  :    FIRST_EVENT_RECEIVED: 17
INFO  :    INPUT_RECORDS_PROCESSED: 486
INFO  :    LAST_EVENT_RECEIVED: 17
INFO  :    NUM_FAILED_SHUFFLE_INPUTS: 0
INFO  :    NUM_SHUFFLED_INPUTS: 9
INFO  :    SHUFFLE_BYTES: 10791
INFO  :    SHUFFLE_BYTES_DECOMPRESSED: 25821
INFO  :    SHUFFLE_BYTES_DISK_DIRECT: 1199
INFO  :    SHUFFLE_BYTES_TO_DISK: 0
INFO  :    SHUFFLE_BYTES_TO_MEM: 9592
INFO  :    SHUFFLE_PHASE_TIME: 403
INFO  : TaskCounter_Map_2_INPUT_Map_7:
INFO  :    FIRST_EVENT_RECEIVED: 4
INFO  :    INPUT_RECORDS_PROCESSED: 270
INFO  :    LAST_EVENT_RECEIVED: 4
INFO  :    NUM_FAILED_SHUFFLE_INPUTS: 0
INFO  :    NUM_SHUFFLED_INPUTS: 9
INFO  :    SHUFFLE_BYTES: 1332
INFO  :    SHUFFLE_BYTES_DECOMPRESSED: 1944
INFO  :    SHUFFLE_BYTES_DISK_DIRECT: 148
INFO  :    SHUFFLE_BYTES_TO_DISK: 0
INFO  :    SHUFFLE_BYTES_TO_MEM: 1184
INFO  :    SHUFFLE_PHASE_TIME: 1964
INFO  : TaskCounter_Map_2_INPUT_catalog_returns:
INFO  :    INPUT_RECORDS_PROCESSED: 19328
INFO  :    INPUT_SPLIT_LENGTH_BYTES: 1507990951
INFO  : TaskCounter_Map_2_OUTPUT_Reducer_3:
INFO  :    ADDITIONAL_SPILLS_BYTES_READ: 0
INFO  :    ADDITIONAL_SPILLS_BYTES_WRITTEN: 0
INFO  :    ADDITIONAL_SPILL_COUNT: 0
INFO  :    OUTPUT_BYTES: 1050310135
INFO  :    OUTPUT_BYTES_PHYSICAL: 325475254
INFO  :    OUTPUT_BYTES_WITH_OVERHEAD: 1304310645
INFO  :    OUTPUT_LARGE_RECORDS: 0
INFO  :    OUTPUT_RECORDS: 18737669
INFO  :    SPILLED_RECORDS: 0
INFO  : TaskCounter_Map_7_INPUT_date_dim:
INFO  :    INPUT_RECORDS_PROCESSED: 10
INFO  :    INPUT_SPLIT_LENGTH_BYTES: 759177
INFO  : TaskCounter_Map_7_OUTPUT_Map_2:
INFO  :    ADDITIONAL_SPILLS_BYTES_READ: 0
INFO  :    ADDITIONAL_SPILLS_BYTES_WRITTEN: 0
INFO  :    ADDITIONAL_SPILL_COUNT: 0
INFO  :    OUTPUT_BYTES: 150
INFO  :    OUTPUT_BYTES_PHYSICAL: 172
INFO  :    OUTPUT_BYTES_WITH_OVERHEAD: 216
INFO  :    OUTPUT_LARGE_RECORDS: 0
INFO  :    OUTPUT_RECORDS: 30
INFO  :    SPILLED_RECORDS: 0
INFO  : TaskCounter_Map_8_INPUT_customer:
INFO  :    INPUT_RECORDS_PROCESSED: 65001
INFO  :    INPUT_SPLIT_LENGTH_BYTES: 3528949144
INFO  : TaskCounter_Map_8_OUTPUT_Reducer_3:
INFO  :    ADDITIONAL_SPILLS_BYTES_READ: 0
INFO  :    ADDITIONAL_SPILLS_BYTES_WRITTEN: 0
INFO  :    ADDITIONAL_SPILL_COUNT: 0
INFO  :    OUTPUT_BYTES: 1071289365
INFO  :    OUTPUT_BYTES_PHYSICAL: 1104745866
INFO  :    OUTPUT_BYTES_WITH_OVERHEAD: 1959530522
INFO  :    OUTPUT_LARGE_RECORDS: 0
INFO  :    OUTPUT_RECORDS: 61590306
INFO  :    SPILLED_RECORDS: 0
INFO  : TaskCounter_Map_9_INPUT_customer_address:
INFO  :    INPUT_RECORDS_PROCESSED: 32664
INFO  :    INPUT_SPLIT_LENGTH_BYTES: 663732678
INFO  : TaskCounter_Map_9_OUTPUT_Reducer_4:
INFO  :    ADDITIONAL_SPILLS_BYTES_READ: 0
INFO  :    ADDITIONAL_SPILLS_BYTES_WRITTEN: 0
INFO  :    ADDITIONAL_SPILL_COUNT: 0
INFO  :    OUTPUT_BYTES: 17697540
INFO  :    OUTPUT_BYTES_PHYSICAL: 20938187
INFO  :    OUTPUT_BYTES_WITH_OVERHEAD: 70790013
INFO  :    OUTPUT_LARGE_RECORDS: 0
INFO  :    OUTPUT_RECORDS: 3539508
INFO  :    SPILLED_RECORDS: 0
INFO  : TaskCounter_Reducer_3_INPUT_Map_2:
INFO  :    FIRST_EVENT_RECEIVED: 49255
INFO  :    INPUT_RECORDS_PROCESSED: 18737669
INFO  :    LAST_EVENT_RECEIVED: 734469
INFO  :    NUM_FAILED_SHUFFLE_INPUTS: 0
INFO  :    NUM_SHUFFLED_INPUTS: 18162
INFO  :    SHUFFLE_BYTES: 325039366
INFO  :    SHUFFLE_BYTES_DECOMPRESSED: 1087894445
INFO  :    SHUFFLE_BYTES_DISK_DIRECT: 35548617
INFO  :    SHUFFLE_BYTES_TO_DISK: 0
INFO  :    SHUFFLE_BYTES_TO_MEM: 289490749
INFO  :    SHUFFLE_PHASE_TIME: 5736583
INFO  : TaskCounter_Reducer_3_INPUT_Map_8:
INFO  :    FIRST_EVENT_RECEIVED: 29302
INFO  :    INPUT_RECORDS_PROCESSED: 61590306
INFO  :    LAST_EVENT_RECEIVED: 113877
INFO  :    NUM_FAILED_SHUFFLE_INPUTS: 0
INFO  :    NUM_SHUFFLED_INPUTS: 114017
INFO  :    SHUFFLE_BYTES: 1102009458
INFO  :    SHUFFLE_BYTES_DECOMPRESSED: 1195154079
INFO  :    SHUFFLE_BYTES_DISK_DIRECT: 122589093
INFO  :    SHUFFLE_BYTES_TO_DISK: 0
INFO  :    SHUFFLE_BYTES_TO_MEM: 979420365
INFO  :    SHUFFLE_PHASE_TIME: 4514055
INFO  : TaskCounter_Reducer_3_OUTPUT_Reducer_4:
INFO  :    ADDITIONAL_SPILLS_BYTES_READ: 0
INFO  :    ADDITIONAL_SPILLS_BYTES_WRITTEN: 0
INFO  :    ADDITIONAL_SPILL_COUNT: 0
INFO  :    OUTPUT_BYTES: 1117931327
INFO  :    OUTPUT_BYTES_PHYSICAL: 699828663
INFO  :    OUTPUT_BYTES_WITH_OVERHEAD: 1355567390
INFO  :    OUTPUT_LARGE_RECORDS: 0
INFO  :    OUTPUT_RECORDS: 17754540
INFO  :    SPILLED_RECORDS: 0
INFO  : TaskCounter_Reducer_4_INPUT_Map_10:
INFO  :    FIRST_EVENT_RECEIVED: 294
INFO  :    INPUT_RECORDS_PROCESSED: 987840
INFO  :    LAST_EVENT_RECEIVED: 302
INFO  :    NUM_FAILED_SHUFFLE_INPUTS: 0
INFO  :    NUM_SHUFFLED_INPUTS: 54
INFO  :    SHUFFLE_BYTES: 5844375
INFO  :    SHUFFLE_BYTES_DECOMPRESSED: 21732804
INFO  :    SHUFFLE_BYTES_DISK_DIRECT: 649375
INFO  :    SHUFFLE_BYTES_TO_DISK: 0
INFO  :    SHUFFLE_BYTES_TO_MEM: 5195000
INFO  :    SHUFFLE_PHASE_TIME: 13739
INFO  : TaskCounter_Reducer_4_INPUT_Map_11:
INFO  :    FIRST_EVENT_RECEIVED: 120
INFO  :    INPUT_RECORDS_PROCESSED: 10800
INFO  :    LAST_EVENT_RECEIVED: 120
INFO  :    NUM_FAILED_SHUFFLE_INPUTS: 0
INFO  :    NUM_SHUFFLED_INPUTS: 9
INFO  :    SHUFFLE_BYTES: 44946
INFO  :    SHUFFLE_BYTES_DECOMPRESSED: 75654
INFO  :    SHUFFLE_BYTES_DISK_DIRECT: 4994
INFO  :    SHUFFLE_BYTES_TO_DISK: 0
INFO  :    SHUFFLE_BYTES_TO_MEM: 39952
INFO  :    SHUFFLE_PHASE_TIME: 138
INFO  : TaskCounter_Reducer_4_INPUT_Map_9:
INFO  :    FIRST_EVENT_RECEIVED: 48458
INFO  :    INPUT_RECORDS_PROCESSED: 3539508
INFO  :    LAST_EVENT_RECEIVED: 62598
INFO  :    NUM_FAILED_SHUFFLE_INPUTS: 0
INFO  :    NUM_SHUFFLED_INPUTS: 35280
INFO  :    SHUFFLE_BYTES: 20091467
INFO  :    SHUFFLE_BYTES_DECOMPRESSED: 24988236
INFO  :    SHUFFLE_BYTES_DISK_DIRECT: 2237715
INFO  :    SHUFFLE_BYTES_TO_DISK: 0
INFO  :    SHUFFLE_BYTES_TO_MEM: 17853752
INFO  :    SHUFFLE_PHASE_TIME: 1093215
INFO  : TaskCounter_Reducer_4_INPUT_Reducer_3:
INFO  :    FIRST_EVENT_RECEIVED: 34075
INFO  :    INPUT_RECORDS_PROCESSED: 17754540
INFO  :    LAST_EVENT_RECEIVED: 3238368
INFO  :    NUM_FAILED_SHUFFLE_INPUTS: 0
INFO  :    NUM_SHUFFLED_INPUTS: 726480
INFO  :    SHUFFLE_BYTES: 682393143
INFO  :    SHUFFLE_BYTES_DECOMPRESSED: 1157799287
INFO  :    SHUFFLE_BYTES_DISK_DIRECT: 76224168
INFO  :    SHUFFLE_BYTES_TO_DISK: 0
INFO  :    SHUFFLE_BYTES_TO_MEM: 606168975
INFO  :    SHUFFLE_PHASE_TIME: 5782782
INFO  : TaskCounter_Reducer_4_OUTPUT_Reducer_5:
INFO  :    ADDITIONAL_SPILLS_BYTES_READ: 0
INFO  :    ADDITIONAL_SPILLS_BYTES_WRITTEN: 0
INFO  :    ADDITIONAL_SPILL_COUNT: 0
INFO  :    OUTPUT_BYTES: 1080532
INFO  :    OUTPUT_BYTES_PHYSICAL: 5406328
INFO  :    OUTPUT_BYTES_WITH_OVERHEAD: 2431626
INFO  :    OUTPUT_RECORDS: 14587
INFO  :    SHUFFLE_CHUNK_COUNT: 720
INFO  :    SPILLED_RECORDS: 14587
INFO  : TaskCounter_Reducer_5_INPUT_Reducer_4:
INFO  :    ADDITIONAL_SPILLS_BYTES_READ: 216385
INFO  :    ADDITIONAL_SPILLS_BYTES_WRITTEN: 70482
INFO  :    COMBINE_INPUT_RECORDS: 0
INFO  :    FIRST_EVENT_RECEIVED: 116
INFO  :    LAST_EVENT_RECEIVED: 376247
INFO  :    MERGED_MAP_OUTPUTS: 14178
INFO  :    MERGE_PHASE_TIME: 376877
INFO  :    NUM_DISK_TO_DISK_MERGES: 0
INFO  :    NUM_FAILED_SHUFFLE_INPUTS: 0
INFO  :    NUM_MEM_TO_DISK_MERGES: 0
INFO  :    NUM_SHUFFLED_INPUTS: 14178
INFO  :    NUM_SKIPPED_INPUTS: 206142
INFO  :    REDUCE_INPUT_GROUPS: 54
INFO  :    REDUCE_INPUT_RECORDS: 14587
INFO  :    SHUFFLE_BYTES: 1283488
INFO  :    SHUFFLE_BYTES_DECOMPRESSED: 1194774
INFO  :    SHUFFLE_BYTES_DISK_DIRECT: 141801
INFO  :    SHUFFLE_BYTES_TO_DISK: 0
INFO  :    SHUFFLE_BYTES_TO_MEM: 1141687
INFO  :    SHUFFLE_PHASE_TIME: 376307
INFO  :    SPILLED_RECORDS: 14592
INFO  : TaskCounter_Reducer_5_OUTPUT_Reducer_6:
INFO  :    ADDITIONAL_SPILLS_BYTES_READ: 0
INFO  :    ADDITIONAL_SPILLS_BYTES_WRITTEN: 0
INFO  :    ADDITIONAL_SPILL_COUNT: 0
INFO  :    OUTPUT_BYTES: 3028
INFO  :    OUTPUT_BYTES_PHYSICAL: 3347
INFO  :    OUTPUT_BYTES_WITH_OVERHEAD: 3370
INFO  :    OUTPUT_RECORDS: 54
INFO  :    SHUFFLE_CHUNK_COUNT: 39
INFO  :    SPILLED_RECORDS: 54
INFO  : TaskCounter_Reducer_6_INPUT_Reducer_5:
INFO  :    ADDITIONAL_SPILLS_BYTES_READ: 1692
INFO  :    ADDITIONAL_SPILLS_BYTES_WRITTEN: 1282
INFO  :    COMBINE_INPUT_RECORDS: 0
INFO  :    FIRST_EVENT_RECEIVED: 1
INFO  :    LAST_EVENT_RECEIVED: 99
INFO  :    MERGED_MAP_OUTPUTS: 29
INFO  :    MERGE_PHASE_TIME: 104
INFO  :    NUM_DISK_TO_DISK_MERGES: 0
INFO  :    NUM_FAILED_SHUFFLE_INPUTS: 0
INFO  :    NUM_MEM_TO_DISK_MERGES: 0
INFO  :    NUM_SHUFFLED_INPUTS: 29
INFO  :    NUM_SKIPPED_INPUTS: 10
INFO  :    REDUCE_INPUT_GROUPS: 54
INFO  :    REDUCE_INPUT_RECORDS: 54
INFO  :    SHUFFLE_BYTES: 3147
INFO  :    SHUFFLE_BYTES_DECOMPRESSED: 3310
INFO  :    SHUFFLE_BYTES_DISK_DIRECT: 410
INFO  :    SHUFFLE_BYTES_TO_DISK: 0
INFO  :    SHUFFLE_BYTES_TO_MEM: 2737
INFO  :    SHUFFLE_PHASE_TIME: 102
INFO  :    SPILLED_RECORDS: 54
INFO  : TaskCounter_Reducer_6_OUTPUT_out_Reducer_6:
INFO  :    OUTPUT_RECORDS: 0
INFO  : org.apache.hadoop.hive.llap.counters.LlapIOCounters:
INFO  :    CACHE_HIT_BYTES: 802743607
INFO  :    CACHE_MISS_BYTES: 0
INFO  :    CONSUMER_TIME_NS: 60938836466
INFO  :    DECODE_TIME_NS: 18267452599
INFO  :    HDFS_TIME_NS: 17145043
INFO  :    METADATA_CACHE_HIT: 1636
INFO  :    NUM_DECODED_BATCHES: 12143
INFO  :    NUM_VECTOR_BATCHES: 118935
INFO  :    ROWS_EMITTED: 118754711
INFO  :    SELECTED_ROWGROUPS: 12143
INFO  :    TOTAL_IO_TIME_NS: 18693201186
INFO  : Completed executing command(queryId=hive_20161019164145_bedd587c-00e1-417b-8c4f-1e56bd96c0ac); Time taken: 47.045 seconds
INFO  : OK
54 rows selected (47.883 seconds)
Closing: 0: jdbc:hive2://h01hn02:10500/tpcds_bin_partitioned_orc_10000
