15/04/06 22:37:30 WARN conf.HiveConf: HiveConf of name hive.optimize.mapjoin.mapreduce does not exist
15/04/06 22:37:30 WARN conf.HiveConf: HiveConf of name hive.heapsize does not exist
15/04/06 22:37:30 WARN conf.HiveConf: HiveConf of name hive.server2.enable.impersonation does not exist
15/04/06 22:37:30 WARN conf.HiveConf: HiveConf of name hive.auto.convert.sortmerge.join.noconditionaltask does not exist

Logging initialized using configuration in file:/etc/hive/conf/hive-log4j.properties
SLF4J: Class path contains multiple SLF4J bindings.
SLF4J: Found binding in [jar:file:/usr/hdp/2.2.0.0-2041/hadoop/lib/slf4j-log4j12-1.7.5.jar!/org/slf4j/impl/StaticLoggerBinder.class]
SLF4J: Found binding in [jar:file:/usr/hdp/2.2.0.0-2041/hive/lib/hive-jdbc-0.14.0.2.2.0.0-2041-standalone.jar!/org/slf4j/impl/StaticLoggerBinder.class]
SLF4J: See http://www.slf4j.org/codes.html#multiple_bindings for an explanation.
SLF4J: Actual binding is of type [org.slf4j.impl.Log4jLoggerFactory]
hive> use tpcds_bin_partitioned_orc_100; source query94.sql;
OK
Time taken: 3.163 seconds
Query ID = root_20150406223737_e17eef36-9e77-4673-8759-70f6af61122f
Total jobs = 5
Stage-7 is selected by condition resolver.
SLF4J: Class path contains multiple SLF4J bindings.
SLF4J: Found binding in [jar:file:/usr/hdp/2.2.0.0-2041/hadoop/lib/slf4j-log4j12-1.7.5.jar!/org/slf4j/impl/StaticLoggerBinder.class]
SLF4J: Found binding in [jar:file:/usr/hdp/2.2.0.0-2041/hive/lib/hive-jdbc-0.14.0.2.2.0.0-2041-standalone.jar!/org/slf4j/impl/StaticLoggerBinder.class]
SLF4J: See http://www.slf4j.org/codes.html#multiple_bindings for an explanation.
SLF4J: Actual binding is of type [org.slf4j.impl.Log4jLoggerFactory]
15/04/06 22:38:08 WARN conf.HiveConf: HiveConf of name hive.optimize.mapjoin.mapreduce does not exist
15/04/06 22:38:08 WARN conf.HiveConf: HiveConf of name hive.heapsize does not exist
15/04/06 22:38:08 WARN conf.HiveConf: HiveConf of name hive.server2.enable.impersonation does not exist
15/04/06 22:38:08 WARN conf.HiveConf: HiveConf of name hive.auto.convert.sortmerge.join.noconditionaltask does not exist
Execution log at: /tmp/root/root_20150406223737_e17eef36-9e77-4673-8759-70f6af61122f.log
2015-04-06 10:38:10	Starting to launch local task to process map join;	maximum memory = 1065484288
2015-04-06 10:38:15	Dump the side-table for tag: 1 with group count: 62 into file: file:/tmp/root/081503f6-b75c-4002-8e1c-c88d38210e0b/hive_2015-04-06_22-37-37_860_8863704799364244213-1/-local-10011/HashTable-Stage-13/MapJoin-mapfile11--.hashtable
2015-04-06 10:38:15	Uploaded 1 File to: file:/tmp/root/081503f6-b75c-4002-8e1c-c88d38210e0b/hive_2015-04-06_22-37-37_860_8863704799364244213-1/-local-10011/HashTable-Stage-13/MapJoin-mapfile11--.hashtable (1570 bytes)
2015-04-06 10:38:15	Dump the side-table for tag: 1 with group count: 2 into file: file:/tmp/root/081503f6-b75c-4002-8e1c-c88d38210e0b/hive_2015-04-06_22-37-37_860_8863704799364244213-1/-local-10011/HashTable-Stage-13/MapJoin-mapfile21--.hashtable
2015-04-06 10:38:15	Uploaded 1 File to: file:/tmp/root/081503f6-b75c-4002-8e1c-c88d38210e0b/hive_2015-04-06_22-37-37_860_8863704799364244213-1/-local-10011/HashTable-Stage-13/MapJoin-mapfile21--.hashtable (296 bytes)
2015-04-06 10:38:15	Dump the side-table for tag: 1 with group count: 79639 into file: file:/tmp/root/081503f6-b75c-4002-8e1c-c88d38210e0b/hive_2015-04-06_22-37-37_860_8863704799364244213-1/-local-10011/HashTable-Stage-13/MapJoin-mapfile31--.hashtable
2015-04-06 10:38:16	Uploaded 1 File to: file:/tmp/root/081503f6-b75c-4002-8e1c-c88d38210e0b/hive_2015-04-06_22-37-37_860_8863704799364244213-1/-local-10011/HashTable-Stage-13/MapJoin-mapfile31--.hashtable (1675595 bytes)
2015-04-06 10:38:16	End of local task; Time Taken: 6.136 sec.
Execution completed successfully
MapredLocal task succeeded
Launching Job 1 out of 5
Number of reduce tasks not specified. Estimated from input data size: 68
In order to change the average load for a reducer (in bytes):
  set hive.exec.reducers.bytes.per.reducer=<number>
In order to limit the maximum number of reducers:
  set hive.exec.reducers.max=<number>
In order to set a constant number of reducers:
  set mapreduce.job.reduces=<number>
Starting Job = job_1428164231378_0187, Tracking URL = http://f01hn02.hadoop:8088/proxy/application_1428164231378_0187/
Kill Command = /usr/hdp/2.2.0.0-2041/hadoop/bin/hadoop job  -kill job_1428164231378_0187
Hadoop job information for Stage-7: number of mappers: 18; number of reducers: 68
2015-04-06 22:38:32,617 Stage-7 map = 0%,  reduce = 0%
2015-04-06 22:38:44,439 Stage-7 map = 15%,  reduce = 0%, Cumulative CPU 145.75 sec
2015-04-06 22:38:47,647 Stage-7 map = 34%,  reduce = 0%, Cumulative CPU 217.37 sec
2015-04-06 22:38:50,852 Stage-7 map = 52%,  reduce = 0%, Cumulative CPU 280.91 sec
2015-04-06 22:38:52,990 Stage-7 map = 54%,  reduce = 0%, Cumulative CPU 288.04 sec
2015-04-06 22:38:54,055 Stage-7 map = 67%,  reduce = 0%, Cumulative CPU 344.17 sec
2015-04-06 22:38:58,317 Stage-7 map = 69%,  reduce = 0%, Cumulative CPU 404.84 sec
2015-04-06 22:39:05,730 Stage-7 map = 72%,  reduce = 0%, Cumulative CPU 570.64 sec
2015-04-06 22:39:06,796 Stage-7 map = 80%,  reduce = 0%, Cumulative CPU 573.45 sec
2015-04-06 22:39:07,861 Stage-7 map = 83%,  reduce = 0%, Cumulative CPU 576.74 sec
2015-04-06 22:39:08,940 Stage-7 map = 85%,  reduce = 0%, Cumulative CPU 606.14 sec
2015-04-06 22:39:10,007 Stage-7 map = 98%,  reduce = 5%, Cumulative CPU 621.31 sec
2015-04-06 22:39:11,073 Stage-7 map = 100%,  reduce = 9%, Cumulative CPU 628.48 sec
2015-04-06 22:39:12,111 Stage-7 map = 100%,  reduce = 16%, Cumulative CPU 642.56 sec
2015-04-06 22:39:13,177 Stage-7 map = 100%,  reduce = 35%, Cumulative CPU 687.72 sec
2015-04-06 22:39:14,243 Stage-7 map = 100%,  reduce = 54%, Cumulative CPU 773.29 sec
2015-04-06 22:39:15,308 Stage-7 map = 100%,  reduce = 69%, Cumulative CPU 878.21 sec
2015-04-06 22:39:16,374 Stage-7 map = 100%,  reduce = 74%, Cumulative CPU 967.75 sec
2015-04-06 22:39:17,442 Stage-7 map = 100%,  reduce = 80%, Cumulative CPU 1054.79 sec
2015-04-06 22:39:18,477 Stage-7 map = 100%,  reduce = 88%, Cumulative CPU 1150.5 sec
2015-04-06 22:39:19,542 Stage-7 map = 100%,  reduce = 96%, Cumulative CPU 1314.55 sec
2015-04-06 22:39:20,577 Stage-7 map = 100%,  reduce = 99%, Cumulative CPU 1395.15 sec
2015-04-06 22:39:21,640 Stage-7 map = 100%,  reduce = 100%, Cumulative CPU 1398.82 sec
MapReduce Total cumulative CPU time: 23 minutes 18 seconds 820 msec
Ended Job = job_1428164231378_0187
Launching Job 2 out of 5
Number of reduce tasks is set to 0 since there's no reduce operator
Starting Job = job_1428164231378_0188, Tracking URL = http://f01hn02.hadoop:8088/proxy/application_1428164231378_0188/
Kill Command = /usr/hdp/2.2.0.0-2041/hadoop/bin/hadoop job  -kill job_1428164231378_0188
Hadoop job information for Stage-13: number of mappers: 18; number of reducers: 0
2015-04-06 22:39:35,594 Stage-13 map = 0%,  reduce = 0%
2015-04-06 22:39:47,263 Stage-13 map = 74%,  reduce = 0%, Cumulative CPU 150.75 sec
2015-04-06 22:39:48,311 Stage-13 map = 89%,  reduce = 0%, Cumulative CPU 172.49 sec
2015-04-06 22:39:49,373 Stage-13 map = 100%,  reduce = 0%, Cumulative CPU 192.89 sec
MapReduce Total cumulative CPU time: 3 minutes 12 seconds 890 msec
Ended Job = job_1428164231378_0188
Stage-19 is filtered out by condition resolver.
Stage-2 is selected by condition resolver.
Launching Job 3 out of 5
Number of reduce tasks not specified. Estimated from input data size: 9
In order to change the average load for a reducer (in bytes):
  set hive.exec.reducers.bytes.per.reducer=<number>
In order to limit the maximum number of reducers:
  set hive.exec.reducers.max=<number>
In order to set a constant number of reducers:
  set mapreduce.job.reduces=<number>
Starting Job = job_1428164231378_0189, Tracking URL = http://f01hn02.hadoop:8088/proxy/application_1428164231378_0189/
Kill Command = /usr/hdp/2.2.0.0-2041/hadoop/bin/hadoop job  -kill job_1428164231378_0189
Hadoop job information for Stage-2: number of mappers: 12; number of reducers: 9
2015-04-06 22:40:02,430 Stage-2 map = 0%,  reduce = 0%
2015-04-06 22:40:08,875 Stage-2 map = 17%,  reduce = 0%, Cumulative CPU 6.34 sec
2015-04-06 22:40:09,940 Stage-2 map = 33%,  reduce = 0%, Cumulative CPU 13.93 sec
2015-04-06 22:40:11,004 Stage-2 map = 42%,  reduce = 0%, Cumulative CPU 20.24 sec
2015-04-06 22:40:12,067 Stage-2 map = 50%,  reduce = 0%, Cumulative CPU 27.64 sec
2015-04-06 22:40:13,131 Stage-2 map = 67%,  reduce = 0%, Cumulative CPU 72.89 sec
2015-04-06 22:40:14,166 Stage-2 map = 69%,  reduce = 0%, Cumulative CPU 73.18 sec
2015-04-06 22:40:16,292 Stage-2 map = 77%,  reduce = 0%, Cumulative CPU 87.23 sec
2015-04-06 22:40:18,390 Stage-2 map = 80%,  reduce = 0%, Cumulative CPU 88.99 sec
2015-04-06 22:40:19,456 Stage-2 map = 86%,  reduce = 0%, Cumulative CPU 100.08 sec
2015-04-06 22:40:20,521 Stage-2 map = 86%,  reduce = 22%, Cumulative CPU 102.97 sec
2015-04-06 22:40:21,586 Stage-2 map = 89%,  reduce = 22%, Cumulative CPU 105.1 sec
2015-04-06 22:40:22,652 Stage-2 map = 92%,  reduce = 22%, Cumulative CPU 109.19 sec
2015-04-06 22:40:23,720 Stage-2 map = 92%,  reduce = 28%, Cumulative CPU 110.16 sec
2015-04-06 22:40:25,849 Stage-2 map = 93%,  reduce = 28%, Cumulative CPU 115.21 sec
2015-04-06 22:40:27,978 Stage-2 map = 96%,  reduce = 28%, Cumulative CPU 118.45 sec
2015-04-06 22:40:29,042 Stage-2 map = 97%,  reduce = 30%, Cumulative CPU 121.96 sec
2015-04-06 22:40:30,108 Stage-2 map = 97%,  reduce = 31%, Cumulative CPU 123.08 sec
2015-04-06 22:40:36,502 Stage-2 map = 100%,  reduce = 31%, Cumulative CPU 132.17 sec
2015-04-06 22:40:38,629 Stage-2 map = 100%,  reduce = 79%, Cumulative CPU 165.06 sec
2015-04-06 22:40:39,691 Stage-2 map = 100%,  reduce = 100%, Cumulative CPU 180.24 sec
MapReduce Total cumulative CPU time: 3 minutes 0 seconds 240 msec
Ended Job = job_1428164231378_0189
Launching Job 4 out of 5
Number of reduce tasks determined at compile time: 1
In order to change the average load for a reducer (in bytes):
  set hive.exec.reducers.bytes.per.reducer=<number>
In order to limit the maximum number of reducers:
  set hive.exec.reducers.max=<number>
In order to set a constant number of reducers:
  set mapreduce.job.reduces=<number>
Starting Job = job_1428164231378_0190, Tracking URL = http://f01hn02.hadoop:8088/proxy/application_1428164231378_0190/
Kill Command = /usr/hdp/2.2.0.0-2041/hadoop/bin/hadoop job  -kill job_1428164231378_0190
Hadoop job information for Stage-3: number of mappers: 3; number of reducers: 1
2015-04-06 22:40:45,901 Stage-3 map = 0%,  reduce = 0%
2015-04-06 22:40:51,177 Stage-3 map = 100%,  reduce = 0%, Cumulative CPU 4.46 sec
2015-04-06 22:40:56,503 Stage-3 map = 100%,  reduce = 100%, Cumulative CPU 6.23 sec
MapReduce Total cumulative CPU time: 6 seconds 230 msec
Ended Job = job_1428164231378_0190
MapReduce Jobs Launched: 
Stage-Stage-7: Map: 18  Reduce: 68   Cumulative CPU: 1398.82 sec   HDFS Read: 134856970 HDFS Write: 127190451 SUCCESS
Stage-Stage-13: Map: 18   Cumulative CPU: 192.89 sec   HDFS Read: 761335741 HDFS Write: 275378 SUCCESS
Stage-Stage-2: Map: 12  Reduce: 9   Cumulative CPU: 180.24 sec   HDFS Read: 184588026 HDFS Write: 82414 SUCCESS
Stage-Stage-3: Map: 3  Reduce: 1   Cumulative CPU: 6.23 sec   HDFS Read: 85198 HDFS Write: 43 SUCCESS
Total MapReduce CPU Time Spent: 29 minutes 38 seconds 180 msec
OK
2128	3331167.1605474353	-547717.8387636542
Time taken: 199.749 seconds, Fetched: 1 row(s)
hive> 