15/04/06 18:28:41 WARN conf.HiveConf: HiveConf of name hive.optimize.mapjoin.mapreduce does not exist
15/04/06 18:28:41 WARN conf.HiveConf: HiveConf of name hive.heapsize does not exist
15/04/06 18:28:41 WARN conf.HiveConf: HiveConf of name hive.server2.enable.impersonation does not exist
15/04/06 18:28:41 WARN conf.HiveConf: HiveConf of name hive.auto.convert.sortmerge.join.noconditionaltask does not exist

Logging initialized using configuration in file:/etc/hive/conf/hive-log4j.properties
SLF4J: Class path contains multiple SLF4J bindings.
SLF4J: Found binding in [jar:file:/usr/hdp/2.2.0.0-2041/hadoop/lib/slf4j-log4j12-1.7.5.jar!/org/slf4j/impl/StaticLoggerBinder.class]
SLF4J: Found binding in [jar:file:/usr/hdp/2.2.0.0-2041/hive/lib/hive-jdbc-0.14.0.2.2.0.0-2041-standalone.jar!/org/slf4j/impl/StaticLoggerBinder.class]
SLF4J: See http://www.slf4j.org/codes.html#multiple_bindings for an explanation.
SLF4J: Actual binding is of type [org.slf4j.impl.Log4jLoggerFactory]
hive> use tpcds_bin_partitioned_orc_100; source query13.sql;
OK
Time taken: 2.673 seconds
Warning: Map Join MAPJOIN[46][bigTable=?] in task 'Stage-4:MAPRED' is a cross product
Warning: Map Join MAPJOIN[47][bigTable=?] in task 'Stage-4:MAPRED' is a cross product
Warning: Map Join MAPJOIN[48][bigTable=?] in task 'Stage-4:MAPRED' is a cross product
Query ID = root_20150406182828_c67500b9-5873-4b94-a33c-9c1e35c97de4
Total jobs = 1
SLF4J: Class path contains multiple SLF4J bindings.
SLF4J: Found binding in [jar:file:/usr/hdp/2.2.0.0-2041/hadoop/lib/slf4j-log4j12-1.7.5.jar!/org/slf4j/impl/StaticLoggerBinder.class]
SLF4J: Found binding in [jar:file:/usr/hdp/2.2.0.0-2041/hive/lib/hive-jdbc-0.14.0.2.2.0.0-2041-standalone.jar!/org/slf4j/impl/StaticLoggerBinder.class]
SLF4J: See http://www.slf4j.org/codes.html#multiple_bindings for an explanation.
SLF4J: Actual binding is of type [org.slf4j.impl.Log4jLoggerFactory]
15/04/06 18:29:09 WARN conf.HiveConf: HiveConf of name hive.optimize.mapjoin.mapreduce does not exist
15/04/06 18:29:09 WARN conf.HiveConf: HiveConf of name hive.heapsize does not exist
15/04/06 18:29:09 WARN conf.HiveConf: HiveConf of name hive.server2.enable.impersonation does not exist
15/04/06 18:29:09 WARN conf.HiveConf: HiveConf of name hive.auto.convert.sortmerge.join.noconditionaltask does not exist
Execution log at: /tmp/root/root_20150406182828_c67500b9-5873-4b94-a33c-9c1e35c97de4.log
2015-04-06 06:29:11	Starting to launch local task to process map join;	maximum memory = 1065484288
2015-04-06 06:29:32	Dump the side-table for tag: 1 with group count: 365 into file: file:/tmp/root/e6b9495b-2937-4e2b-aef2-ef26bcfe9225/hive_2015-04-06_18-28-49_282_8518361413120742786-1/-local-10009/HashTable-Stage-4/MapJoin-mapfile01--.hashtable
2015-04-06 06:29:32	Uploaded 1 File to: file:/tmp/root/e6b9495b-2937-4e2b-aef2-ef26bcfe9225/hive_2015-04-06_18-28-49_282_8518361413120742786-1/-local-10009/HashTable-Stage-4/MapJoin-mapfile01--.hashtable (7963 bytes)
2015-04-06 06:29:32	Dump the side-table for tag: 1 with group count: 1 into file: file:/tmp/root/e6b9495b-2937-4e2b-aef2-ef26bcfe9225/hive_2015-04-06_18-28-49_282_8518361413120742786-1/-local-10009/HashTable-Stage-4/MapJoin-mapfile11--.hashtable
2015-04-06 06:29:33	Uploaded 1 File to: file:/tmp/root/e6b9495b-2937-4e2b-aef2-ef26bcfe9225/hive_2015-04-06_18-28-49_282_8518361413120742786-1/-local-10009/HashTable-Stage-4/MapJoin-mapfile11--.hashtable (25607274 bytes)
2015-04-06 06:29:33	Dump the side-table for tag: 1 with group count: 1 into file: file:/tmp/root/e6b9495b-2937-4e2b-aef2-ef26bcfe9225/hive_2015-04-06_18-28-49_282_8518361413120742786-1/-local-10009/HashTable-Stage-4/MapJoin-mapfile21--.hashtable
2015-04-06 06:29:33	Uploaded 1 File to: file:/tmp/root/e6b9495b-2937-4e2b-aef2-ef26bcfe9225/hive_2015-04-06_18-28-49_282_8518361413120742786-1/-local-10009/HashTable-Stage-4/MapJoin-mapfile21--.hashtable (65003 bytes)
2015-04-06 06:29:33	Dump the side-table for tag: 1 with group count: 1 into file: file:/tmp/root/e6b9495b-2937-4e2b-aef2-ef26bcfe9225/hive_2015-04-06_18-28-49_282_8518361413120742786-1/-local-10009/HashTable-Stage-4/MapJoin-mapfile31--.hashtable
2015-04-06 06:29:34	Uploaded 1 File to: file:/tmp/root/e6b9495b-2937-4e2b-aef2-ef26bcfe9225/hive_2015-04-06_18-28-49_282_8518361413120742786-1/-local-10009/HashTable-Stage-4/MapJoin-mapfile31--.hashtable (41570748 bytes)
2015-04-06 06:29:34	Dump the side-table for tag: 1 with group count: 402 into file: file:/tmp/root/e6b9495b-2937-4e2b-aef2-ef26bcfe9225/hive_2015-04-06_18-28-49_282_8518361413120742786-1/-local-10009/HashTable-Stage-4/MapJoin-mapfile41--.hashtable
2015-04-06 06:29:34	Uploaded 1 File to: file:/tmp/root/e6b9495b-2937-4e2b-aef2-ef26bcfe9225/hive_2015-04-06_18-28-49_282_8518361413120742786-1/-local-10009/HashTable-Stage-4/MapJoin-mapfile41--.hashtable (7956 bytes)
2015-04-06 06:29:34	End of local task; Time Taken: 23.148 sec.
Execution completed successfully
MapredLocal task succeeded
Launching Job 1 out of 1
Number of reduce tasks determined at compile time: 1
In order to change the average load for a reducer (in bytes):
  set hive.exec.reducers.bytes.per.reducer=<number>
In order to limit the maximum number of reducers:
  set hive.exec.reducers.max=<number>
In order to set a constant number of reducers:
  set mapreduce.job.reduces=<number>
Starting Job = job_1428164231378_0009, Tracking URL = http://f01hn02.hadoop:8088/proxy/application_1428164231378_0009/
Kill Command = /usr/hdp/2.2.0.0-2041/hadoop/bin/hadoop job  -kill job_1428164231378_0009
Hadoop job information for Stage-4: number of mappers: 46; number of reducers: 1
2015-04-06 18:29:56,277 Stage-4 map = 0%,  reduce = 0%
2015-04-06 18:30:56,775 Stage-4 map = 0%,  reduce = 0%, Cumulative CPU 437.89 sec
2015-04-06 18:31:24,498 Stage-4 map = 2%,  reduce = 0%, Cumulative CPU 887.61 sec
2015-04-06 18:31:25,564 Stage-4 map = 0%,  reduce = 0%, Cumulative CPU 868.07 sec
2015-04-06 18:32:03,018 Stage-4 map = 100%,  reduce = 100%
MapReduce Total cumulative CPU time: 14 minutes 28 seconds 70 msec
Ended Job = job_1428164231378_0009 with errors
Error during job, obtaining debugging information...
Examining task ID: task_1428164231378_0009_m_000016 (and more) from job job_1428164231378_0009
Examining task ID: task_1428164231378_0009_m_000045 (and more) from job job_1428164231378_0009
Examining task ID: task_1428164231378_0009_m_000024 (and more) from job job_1428164231378_0009
Examining task ID: task_1428164231378_0009_m_000030 (and more) from job job_1428164231378_0009
Examining task ID: task_1428164231378_0009_m_000026 (and more) from job job_1428164231378_0009
Examining task ID: task_1428164231378_0009_m_000035 (and more) from job job_1428164231378_0009
Examining task ID: task_1428164231378_0009_m_000027 (and more) from job job_1428164231378_0009
Examining task ID: task_1428164231378_0009_m_000005 (and more) from job job_1428164231378_0009
Examining task ID: task_1428164231378_0009_m_000019 (and more) from job job_1428164231378_0009
Examining task ID: task_1428164231378_0009_m_000033 (and more) from job job_1428164231378_0009
Examining task ID: task_1428164231378_0009_m_000014 (and more) from job job_1428164231378_0009

Task with the most failures(4): 
-----
Task ID:
  task_1428164231378_0009_m_000024

URL:
  http://f01hn02.hadoop:8088/taskdetails.jsp?jobid=job_1428164231378_0009&tipid=task_1428164231378_0009_m_000024
-----
Diagnostic Messages for this Task:
Container [pid=29695,containerID=container_1428164231378_0009_01_000126] is running beyond physical memory limits. Current usage: 2.0 GB of 2 GB physical memory used; 3.8 GB of 4.2 GB virtual memory used. Killing container.
Dump of the process-tree for container_1428164231378_0009_01_000126 :
	|- PID PPID PGRPID SESSID CMD_NAME USER_MODE_TIME(MILLIS) SYSTEM_TIME(MILLIS) VMEM_USAGE(BYTES) RSSMEM_USAGE(PAGES) FULL_CMD_LINE
	|- 29695 29694 29695 29695 (bash) 0 0 108658688 305 /bin/bash -c /usr/jdk64/jdk1.7.0_67/bin/java -server -XX:NewRatio=8 -Djava.net.preferIPv4Stack=true -Dhdp.version=2.2.0.0-2041 -Xmx3072m -Djava.io.tmpdir=/data/3/hadoop/yarn/local/usercache/root/appcache/application_1428164231378_0009/container_1428164231378_0009_01_000126/tmp -Dlog4j.configuration=container-log4j.properties -Dyarn.app.container.log.dir=/data/3/hadoop/yarn/log/application_1428164231378_0009/container_1428164231378_0009_01_000126 -Dyarn.app.container.log.filesize=0 -Dhadoop.root.logger=INFO,CLA org.apache.hadoop.mapred.YarnChild 172.27.1.9 52565 attempt_1428164231378_0009_m_000024_3 126 1>/data/3/hadoop/yarn/log/application_1428164231378_0009/container_1428164231378_0009_01_000126/stdout 2>/data/3/hadoop/yarn/log/application_1428164231378_0009/container_1428164231378_0009_01_000126/stderr  
	|- 29712 29695 29695 29695 (java) 8161 141 3993333760 526146 /usr/jdk64/jdk1.7.0_67/bin/java -server -XX:NewRatio=8 -Djava.net.preferIPv4Stack=true -Dhdp.version=2.2.0.0-2041 -Xmx3072m -Djava.io.tmpdir=/data/3/hadoop/yarn/local/usercache/root/appcache/application_1428164231378_0009/container_1428164231378_0009_01_000126/tmp -Dlog4j.configuration=container-log4j.properties -Dyarn.app.container.log.dir=/data/3/hadoop/yarn/log/application_1428164231378_0009/container_1428164231378_0009_01_000126 -Dyarn.app.container.log.filesize=0 -Dhadoop.root.logger=INFO,CLA org.apache.hadoop.mapred.YarnChild 172.27.1.9 52565 attempt_1428164231378_0009_m_000024_3 126 

Container killed on request. Exit code is 143
Container exited with a non-zero exit code 143


FAILED: Execution Error, return code 2 from org.apache.hadoop.hive.ql.exec.mr.MapRedTask
MapReduce Jobs Launched: 
Stage-Stage-4: Map: 46  Reduce: 1   Cumulative CPU: 868.07 sec   HDFS Read: 0 HDFS Write: 0 FAIL
Total MapReduce CPU Time Spent: 14 minutes 28 seconds 70 msec
hive> 