15/04/06 20:33:29 WARN conf.HiveConf: HiveConf of name hive.optimize.mapjoin.mapreduce does not exist
15/04/06 20:33:29 WARN conf.HiveConf: HiveConf of name hive.heapsize does not exist
15/04/06 20:33:29 WARN conf.HiveConf: HiveConf of name hive.server2.enable.impersonation does not exist
15/04/06 20:33:29 WARN conf.HiveConf: HiveConf of name hive.auto.convert.sortmerge.join.noconditionaltask does not exist

Logging initialized using configuration in file:/etc/hive/conf/hive-log4j.properties
SLF4J: Class path contains multiple SLF4J bindings.
SLF4J: Found binding in [jar:file:/usr/hdp/2.2.0.0-2041/hadoop/lib/slf4j-log4j12-1.7.5.jar!/org/slf4j/impl/StaticLoggerBinder.class]
SLF4J: Found binding in [jar:file:/usr/hdp/2.2.0.0-2041/hive/lib/hive-jdbc-0.14.0.2.2.0.0-2041-standalone.jar!/org/slf4j/impl/StaticLoggerBinder.class]
SLF4J: See http://www.slf4j.org/codes.html#multiple_bindings for an explanation.
SLF4J: Actual binding is of type [org.slf4j.impl.Log4jLoggerFactory]
hive> use tpcds_bin_partitioned_orc_100; source query54.sql;
OK
Time taken: 2.884 seconds
Query ID = root_20150406203333_5923c50e-4477-47df-b1ee-86d27c9d7fce
Total jobs = 8
SLF4J: Class path contains multiple SLF4J bindings.
SLF4J: Found binding in [jar:file:/usr/hdp/2.2.0.0-2041/hadoop/lib/slf4j-log4j12-1.7.5.jar!/org/slf4j/impl/StaticLoggerBinder.class]
SLF4J: Found binding in [jar:file:/usr/hdp/2.2.0.0-2041/hive/lib/hive-jdbc-0.14.0.2.2.0.0-2041-standalone.jar!/org/slf4j/impl/StaticLoggerBinder.class]
SLF4J: See http://www.slf4j.org/codes.html#multiple_bindings for an explanation.
SLF4J: Actual binding is of type [org.slf4j.impl.Log4jLoggerFactory]
15/04/06 20:34:09 WARN conf.HiveConf: HiveConf of name hive.optimize.mapjoin.mapreduce does not exist
15/04/06 20:34:09 WARN conf.HiveConf: HiveConf of name hive.heapsize does not exist
15/04/06 20:34:09 WARN conf.HiveConf: HiveConf of name hive.server2.enable.impersonation does not exist
15/04/06 20:34:09 WARN conf.HiveConf: HiveConf of name hive.auto.convert.sortmerge.join.noconditionaltask does not exist
Execution log at: /tmp/root/root_20150406203333_5923c50e-4477-47df-b1ee-86d27c9d7fce.log
2015-04-06 08:34:10	Starting to launch local task to process map join;	maximum memory = 1065484288
2015-04-06 08:34:14	Dump the side-table for tag: 1 with group count: 0 into file: file:/tmp/root/367f5602-0008-4b8b-8817-39d10a228f05/hive_2015-04-06_20-33-36_924_9026009838610428120-1/-local-10022/HashTable-Stage-25/MapJoin-mapfile71--.hashtable
2015-04-06 08:34:15	Uploaded 1 File to: file:/tmp/root/367f5602-0008-4b8b-8817-39d10a228f05/hive_2015-04-06_20-33-36_924_9026009838610428120-1/-local-10022/HashTable-Stage-25/MapJoin-mapfile71--.hashtable (260 bytes)
2015-04-06 08:34:15	End of local task; Time Taken: 4.328 sec.
Execution completed successfully
MapredLocal task succeeded
Launching Job 1 out of 8
Number of reduce tasks is set to 0 since there's no reduce operator
Starting Job = job_1428164231378_0083, Tracking URL = http://f01hn02.hadoop:8088/proxy/application_1428164231378_0083/
Kill Command = /usr/hdp/2.2.0.0-2041/hadoop/bin/hadoop job  -kill job_1428164231378_0083
Hadoop job information for Stage-25: number of mappers: 51; number of reducers: 0
2015-04-06 20:34:38,814 Stage-25 map = 0%,  reduce = 0%
2015-04-06 20:34:46,718 Stage-25 map = 2%,  reduce = 0%, Cumulative CPU 5.32 sec
2015-04-06 20:34:47,818 Stage-25 map = 4%,  reduce = 0%, Cumulative CPU 11.75 sec
2015-04-06 20:34:48,900 Stage-25 map = 6%,  reduce = 0%, Cumulative CPU 19.39 sec
2015-04-06 20:34:57,535 Stage-25 map = 8%,  reduce = 0%, Cumulative CPU 57.45 sec
2015-04-06 20:34:58,618 Stage-25 map = 23%,  reduce = 0%, Cumulative CPU 333.24 sec
2015-04-06 20:35:00,769 Stage-25 map = 28%,  reduce = 0%, Cumulative CPU 355.29 sec
2015-04-06 20:35:01,844 Stage-25 map = 54%,  reduce = 0%, Cumulative CPU 493.92 sec
2015-04-06 20:35:02,918 Stage-25 map = 55%,  reduce = 0%, Cumulative CPU 496.22 sec
2015-04-06 20:35:04,001 Stage-25 map = 60%,  reduce = 0%, Cumulative CPU 517.06 sec
2015-04-06 20:35:05,082 Stage-25 map = 82%,  reduce = 0%, Cumulative CPU 615.08 sec
2015-04-06 20:35:06,160 Stage-25 map = 85%,  reduce = 0%, Cumulative CPU 637.44 sec
2015-04-06 20:35:07,215 Stage-25 map = 93%,  reduce = 0%, Cumulative CPU 684.0 sec
2015-04-06 20:35:08,280 Stage-25 map = 100%,  reduce = 0%, Cumulative CPU 719.54 sec
MapReduce Total cumulative CPU time: 11 minutes 59 seconds 540 msec
Ended Job = job_1428164231378_0083
SLF4J: Class path contains multiple SLF4J bindings.
SLF4J: Found binding in [jar:file:/usr/hdp/2.2.0.0-2041/hadoop/lib/slf4j-log4j12-1.7.5.jar!/org/slf4j/impl/StaticLoggerBinder.class]
SLF4J: Found binding in [jar:file:/usr/hdp/2.2.0.0-2041/hive/lib/hive-jdbc-0.14.0.2.2.0.0-2041-standalone.jar!/org/slf4j/impl/StaticLoggerBinder.class]
SLF4J: See http://www.slf4j.org/codes.html#multiple_bindings for an explanation.
SLF4J: Actual binding is of type [org.slf4j.impl.Log4jLoggerFactory]
15/04/06 20:35:15 WARN conf.HiveConf: HiveConf of name hive.optimize.mapjoin.mapreduce does not exist
15/04/06 20:35:15 WARN conf.HiveConf: HiveConf of name hive.heapsize does not exist
15/04/06 20:35:15 WARN conf.HiveConf: HiveConf of name hive.server2.enable.impersonation does not exist
15/04/06 20:35:15 WARN conf.HiveConf: HiveConf of name hive.auto.convert.sortmerge.join.noconditionaltask does not exist
Execution log at: /tmp/root/root_20150406203333_5923c50e-4477-47df-b1ee-86d27c9d7fce.log
2015-04-06 08:35:16	Starting to launch local task to process map join;	maximum memory = 1065484288
2015-04-06 08:35:21	Processing rows:	200000	Hashtable size:	199999	Memory usage:	57405992	percentage:	0.054
2015-04-06 08:35:22	Processing rows:	300000	Hashtable size:	299999	Memory usage:	81030600	percentage:	0.076
2015-04-06 08:35:23	Processing rows:	400000	Hashtable size:	399999	Memory usage:	103909464	percentage:	0.098
2015-04-06 08:35:24	Processing rows:	500000	Hashtable size:	499999	Memory usage:	126693072	percentage:	0.119
2015-04-06 08:35:25	Processing rows:	600000	Hashtable size:	599999	Memory usage:	153743136	percentage:	0.144
2015-04-06 08:35:25	Processing rows:	700000	Hashtable size:	699999	Memory usage:	172482128	percentage:	0.162
2015-04-06 08:35:26	Processing rows:	800000	Hashtable size:	799999	Memory usage:	195215360	percentage:	0.183
2015-04-06 08:35:27	Processing rows:	900000	Hashtable size:	899999	Memory usage:	226287216	percentage:	0.212
2015-04-06 08:35:28	Processing rows:	1000000	Hashtable size:	999999	Memory usage:	257279104	percentage:	0.241
2015-04-06 08:35:29	Processing rows:	1100000	Hashtable size:	1099999	Memory usage:	279016656	percentage:	0.262
2015-04-06 08:35:29	Processing rows:	1200000	Hashtable size:	1199999	Memory usage:	302041648	percentage:	0.283
2015-04-06 08:35:29	Processing rows:	1300000	Hashtable size:	1299999	Memory usage:	324873448	percentage:	0.305
2015-04-06 08:35:31	Processing rows:	1400000	Hashtable size:	1399999	Memory usage:	333735424	percentage:	0.313
2015-04-06 08:35:31	Processing rows:	1500000	Hashtable size:	1499999	Memory usage:	355769304	percentage:	0.334
2015-04-06 08:35:31	Processing rows:	1600000	Hashtable size:	1599999	Memory usage:	378728144	percentage:	0.355
2015-04-06 08:35:33	Processing rows:	1700000	Hashtable size:	1699999	Memory usage:	401294872	percentage:	0.377
2015-04-06 08:35:33	Processing rows:	1800000	Hashtable size:	1799999	Memory usage:	423139320	percentage:	0.397
2015-04-06 08:35:33	Processing rows:	1900000	Hashtable size:	1899999	Memory usage:	446322560	percentage:	0.419
2015-04-06 08:35:35	Processing rows:	2000000	Hashtable size:	1999999	Memory usage:	469189224	percentage:	0.44
2015-04-06 08:35:35	Dump the side-table for tag: 1 with group count: 2000000 into file: file:/tmp/root/367f5602-0008-4b8b-8817-39d10a228f05/hive_2015-04-06_20-33-36_924_9026009838610428120-1/-local-10020/HashTable-Stage-9/MapJoin-mapfile51--.hashtable
2015-04-06 08:35:37	Uploaded 1 File to: file:/tmp/root/367f5602-0008-4b8b-8817-39d10a228f05/hive_2015-04-06_20-33-36_924_9026009838610428120-1/-local-10020/HashTable-Stage-9/MapJoin-mapfile51--.hashtable (52055848 bytes)
2015-04-06 08:35:37	Dump the side-table for tag: 1 with group count: 31 into file: file:/tmp/root/367f5602-0008-4b8b-8817-39d10a228f05/hive_2015-04-06_20-33-36_924_9026009838610428120-1/-local-10020/HashTable-Stage-9/MapJoin-mapfile61--.hashtable
2015-04-06 08:35:37	Uploaded 1 File to: file:/tmp/root/367f5602-0008-4b8b-8817-39d10a228f05/hive_2015-04-06_20-33-36_924_9026009838610428120-1/-local-10020/HashTable-Stage-9/MapJoin-mapfile61--.hashtable (914 bytes)
2015-04-06 08:35:37	End of local task; Time Taken: 21.095 sec.
Execution completed successfully
MapredLocal task succeeded
Launching Job 2 out of 8
Number of reduce tasks not specified. Estimated from input data size: 1
In order to change the average load for a reducer (in bytes):
  set hive.exec.reducers.bytes.per.reducer=<number>
In order to limit the maximum number of reducers:
  set hive.exec.reducers.max=<number>
In order to set a constant number of reducers:
  set mapreduce.job.reduces=<number>
Starting Job = job_1428164231378_0084, Tracking URL = http://f01hn02.hadoop:8088/proxy/application_1428164231378_0084/
Kill Command = /usr/hdp/2.2.0.0-2041/hadoop/bin/hadoop job  -kill job_1428164231378_0084
Hadoop job information for Stage-9: number of mappers: 4; number of reducers: 1
2015-04-06 20:35:46,866 Stage-9 map = 0%,  reduce = 0%
2015-04-06 20:35:53,186 Stage-9 map = 100%,  reduce = 0%, Cumulative CPU 8.07 sec
2015-04-06 20:35:58,515 Stage-9 map = 100%,  reduce = 100%, Cumulative CPU 9.56 sec
MapReduce Total cumulative CPU time: 9 seconds 560 msec
Ended Job = job_1428164231378_0084
Stage-27 is filtered out by condition resolver.
Stage-28 is selected by condition resolver.
Stage-7 is filtered out by condition resolver.
SLF4J: Class path contains multiple SLF4J bindings.
SLF4J: Found binding in [jar:file:/usr/hdp/2.2.0.0-2041/hadoop/lib/slf4j-log4j12-1.7.5.jar!/org/slf4j/impl/StaticLoggerBinder.class]
SLF4J: Found binding in [jar:file:/usr/hdp/2.2.0.0-2041/hive/lib/hive-jdbc-0.14.0.2.2.0.0-2041-standalone.jar!/org/slf4j/impl/StaticLoggerBinder.class]
SLF4J: See http://www.slf4j.org/codes.html#multiple_bindings for an explanation.
SLF4J: Actual binding is of type [org.slf4j.impl.Log4jLoggerFactory]
15/04/06 20:36:05 WARN conf.HiveConf: HiveConf of name hive.optimize.mapjoin.mapreduce does not exist
15/04/06 20:36:05 WARN conf.HiveConf: HiveConf of name hive.heapsize does not exist
15/04/06 20:36:05 WARN conf.HiveConf: HiveConf of name hive.server2.enable.impersonation does not exist
15/04/06 20:36:05 WARN conf.HiveConf: HiveConf of name hive.auto.convert.sortmerge.join.noconditionaltask does not exist
Execution log at: /tmp/root/root_20150406203333_5923c50e-4477-47df-b1ee-86d27c9d7fce.log
2015-04-06 08:36:06	Starting to launch local task to process map join;	maximum memory = 1065484288
2015-04-06 08:36:08	Dump the side-table for tag: 0 with group count: 0 into file: file:/tmp/root/367f5602-0008-4b8b-8817-39d10a228f05/hive_2015-04-06_20-33-36_924_9026009838610428120-1/-local-10018/HashTable-Stage-21/MapJoin-mapfile40--.hashtable
2015-04-06 08:36:08	Uploaded 1 File to: file:/tmp/root/367f5602-0008-4b8b-8817-39d10a228f05/hive_2015-04-06_20-33-36_924_9026009838610428120-1/-local-10018/HashTable-Stage-21/MapJoin-mapfile40--.hashtable (260 bytes)
2015-04-06 08:36:08	End of local task; Time Taken: 2.123 sec.
Execution completed successfully
MapredLocal task succeeded
Launching Job 4 out of 8
Number of reduce tasks is set to 0 since there's no reduce operator
Starting Job = job_1428164231378_0085, Tracking URL = http://f01hn02.hadoop:8088/proxy/application_1428164231378_0085/
Kill Command = /usr/hdp/2.2.0.0-2041/hadoop/bin/hadoop job  -kill job_1428164231378_0085
Hadoop job information for Stage-21: number of mappers: 46; number of reducers: 0
2015-04-06 20:36:21,135 Stage-21 map = 0%,  reduce = 0%
2015-04-06 20:36:40,198 Stage-21 map = 11%,  reduce = 0%, Cumulative CPU 94.09 sec
2015-04-06 20:36:41,262 Stage-21 map = 40%,  reduce = 0%, Cumulative CPU 337.0 sec
2015-04-06 20:36:42,353 Stage-21 map = 41%,  reduce = 0%, Cumulative CPU 352.49 sec
2015-04-06 20:36:43,421 Stage-21 map = 49%,  reduce = 0%, Cumulative CPU 381.68 sec
2015-04-06 20:36:44,486 Stage-21 map = 77%,  reduce = 0%, Cumulative CPU 476.06 sec
2015-04-06 20:36:45,551 Stage-21 map = 83%,  reduce = 0%, Cumulative CPU 501.88 sec
2015-04-06 20:36:46,615 Stage-21 map = 99%,  reduce = 0%, Cumulative CPU 567.72 sec
2015-04-06 20:36:47,649 Stage-21 map = 100%,  reduce = 0%, Cumulative CPU 571.85 sec
MapReduce Total cumulative CPU time: 9 minutes 31 seconds 850 msec
Ended Job = job_1428164231378_0085
SLF4J: Class path contains multiple SLF4J bindings.
SLF4J: Found binding in [jar:file:/usr/hdp/2.2.0.0-2041/hadoop/lib/slf4j-log4j12-1.7.5.jar!/org/slf4j/impl/StaticLoggerBinder.class]
SLF4J: Found binding in [jar:file:/usr/hdp/2.2.0.0-2041/hive/lib/hive-jdbc-0.14.0.2.2.0.0-2041-standalone.jar!/org/slf4j/impl/StaticLoggerBinder.class]
SLF4J: See http://www.slf4j.org/codes.html#multiple_bindings for an explanation.
SLF4J: Actual binding is of type [org.slf4j.impl.Log4jLoggerFactory]
15/04/06 20:36:53 WARN conf.HiveConf: HiveConf of name hive.optimize.mapjoin.mapreduce does not exist
15/04/06 20:36:53 WARN conf.HiveConf: HiveConf of name hive.heapsize does not exist
15/04/06 20:36:53 WARN conf.HiveConf: HiveConf of name hive.server2.enable.impersonation does not exist
15/04/06 20:36:53 WARN conf.HiveConf: HiveConf of name hive.auto.convert.sortmerge.join.noconditionaltask does not exist
Execution log at: /tmp/root/root_20150406203333_5923c50e-4477-47df-b1ee-86d27c9d7fce.log
2015-04-06 08:36:54	Starting to launch local task to process map join;	maximum memory = 1065484288
2015-04-06 08:37:01	Processing rows:	200000	Hashtable size:	199999	Memory usage:	74093704	percentage:	0.07
2015-04-06 08:37:02	Processing rows:	300000	Hashtable size:	299999	Memory usage:	107791848	percentage:	0.101
2015-04-06 08:37:03	Processing rows:	400000	Hashtable size:	399999	Memory usage:	139498144	percentage:	0.131
2015-04-06 08:37:04	Processing rows:	500000	Hashtable size:	499999	Memory usage:	171393704	percentage:	0.161
2015-04-06 08:37:05	Processing rows:	600000	Hashtable size:	599999	Memory usage:	202596040	percentage:	0.19
2015-04-06 08:37:06	Processing rows:	700000	Hashtable size:	699999	Memory usage:	234408568	percentage:	0.22
2015-04-06 08:37:07	Processing rows:	800000	Hashtable size:	799999	Memory usage:	265714216	percentage:	0.249
2015-04-06 08:37:08	Processing rows:	900000	Hashtable size:	899999	Memory usage:	296976216	percentage:	0.279
2015-04-06 08:37:08	Processing rows:	1000000	Hashtable size:	999999	Memory usage:	329384536	percentage:	0.309
2015-04-06 08:37:10	Dump the side-table for tag: 1 with group count: 91 into file: file:/tmp/root/367f5602-0008-4b8b-8817-39d10a228f05/hive_2015-04-06_20-33-36_924_9026009838610428120-1/-local-10014/HashTable-Stage-4/MapJoin-mapfile01--.hashtable
2015-04-06 08:37:10	Uploaded 1 File to: file:/tmp/root/367f5602-0008-4b8b-8817-39d10a228f05/hive_2015-04-06_20-33-36_924_9026009838610428120-1/-local-10014/HashTable-Stage-4/MapJoin-mapfile01--.hashtable (2545 bytes)
2015-04-06 08:37:10	Dump the side-table for tag: 1 with group count: 13 into file: file:/tmp/root/367f5602-0008-4b8b-8817-39d10a228f05/hive_2015-04-06_20-33-36_924_9026009838610428120-1/-local-10014/HashTable-Stage-4/MapJoin-mapfile11--.hashtable
2015-04-06 08:37:10	Uploaded 1 File to: file:/tmp/root/367f5602-0008-4b8b-8817-39d10a228f05/hive_2015-04-06_20-33-36_924_9026009838610428120-1/-local-10014/HashTable-Stage-4/MapJoin-mapfile11--.hashtable (2234 bytes)
2015-04-06 08:37:10	Dump the side-table for tag: 1 with group count: 1000000 into file: file:/tmp/root/367f5602-0008-4b8b-8817-39d10a228f05/hive_2015-04-06_20-33-36_924_9026009838610428120-1/-local-10014/HashTable-Stage-4/MapJoin-mapfile21--.hashtable
2015-04-06 08:37:11	Uploaded 1 File to: file:/tmp/root/367f5602-0008-4b8b-8817-39d10a228f05/hive_2015-04-06_20-33-36_924_9026009838610428120-1/-local-10014/HashTable-Stage-4/MapJoin-mapfile21--.hashtable (39606821 bytes)
2015-04-06 08:37:11	End of local task; Time Taken: 16.434 sec.
Execution completed successfully
MapredLocal task succeeded
Launching Job 5 out of 8
Number of reduce tasks not specified. Estimated from input data size: 1
In order to change the average load for a reducer (in bytes):
  set hive.exec.reducers.bytes.per.reducer=<number>
In order to limit the maximum number of reducers:
  set hive.exec.reducers.max=<number>
In order to set a constant number of reducers:
  set mapreduce.job.reduces=<number>
Starting Job = job_1428164231378_0086, Tracking URL = http://f01hn02.hadoop:8088/proxy/application_1428164231378_0086/
Kill Command = /usr/hdp/2.2.0.0-2041/hadoop/bin/hadoop job  -kill job_1428164231378_0086
Hadoop job information for Stage-4: number of mappers: 4; number of reducers: 1
2015-04-06 20:37:19,422 Stage-4 map = 0%,  reduce = 0%
2015-04-06 20:37:24,810 Stage-4 map = 50%,  reduce = 0%, Cumulative CPU 3.92 sec
2015-04-06 20:37:25,873 Stage-4 map = 100%,  reduce = 0%, Cumulative CPU 8.01 sec
2015-04-06 20:37:31,170 Stage-4 map = 100%,  reduce = 100%, Cumulative CPU 9.79 sec
MapReduce Total cumulative CPU time: 9 seconds 790 msec
Ended Job = job_1428164231378_0086
Launching Job 6 out of 8
Number of reduce tasks not specified. Estimated from input data size: 1
In order to change the average load for a reducer (in bytes):
  set hive.exec.reducers.bytes.per.reducer=<number>
In order to limit the maximum number of reducers:
  set hive.exec.reducers.max=<number>
In order to set a constant number of reducers:
  set mapreduce.job.reduces=<number>
Starting Job = job_1428164231378_0087, Tracking URL = http://f01hn02.hadoop:8088/proxy/application_1428164231378_0087/
Kill Command = /usr/hdp/2.2.0.0-2041/hadoop/bin/hadoop job  -kill job_1428164231378_0087
Hadoop job information for Stage-5: number of mappers: 1; number of reducers: 1
2015-04-06 20:37:38,301 Stage-5 map = 0%,  reduce = 0%
2015-04-06 20:37:43,598 Stage-5 map = 100%,  reduce = 0%, Cumulative CPU 1.31 sec
2015-04-06 20:37:48,913 Stage-5 map = 100%,  reduce = 100%, Cumulative CPU 3.04 sec
MapReduce Total cumulative CPU time: 3 seconds 40 msec
Ended Job = job_1428164231378_0087
Launching Job 7 out of 8
Number of reduce tasks determined at compile time: 1
In order to change the average load for a reducer (in bytes):
  set hive.exec.reducers.bytes.per.reducer=<number>
In order to limit the maximum number of reducers:
  set hive.exec.reducers.max=<number>
In order to set a constant number of reducers:
  set mapreduce.job.reduces=<number>
Starting Job = job_1428164231378_0088, Tracking URL = http://f01hn02.hadoop:8088/proxy/application_1428164231378_0088/
Kill Command = /usr/hdp/2.2.0.0-2041/hadoop/bin/hadoop job  -kill job_1428164231378_0088
Hadoop job information for Stage-6: number of mappers: 1; number of reducers: 1
2015-04-06 20:37:54,935 Stage-6 map = 0%,  reduce = 0%
2015-04-06 20:38:00,230 Stage-6 map = 100%,  reduce = 0%, Cumulative CPU 1.32 sec
2015-04-06 20:38:05,537 Stage-6 map = 100%,  reduce = 100%, Cumulative CPU 2.32 sec
MapReduce Total cumulative CPU time: 2 seconds 320 msec
Ended Job = job_1428164231378_0088
MapReduce Jobs Launched: 
Stage-Stage-25: Map: 51   Cumulative CPU: 719.54 sec   HDFS Read: 729636974 HDFS Write: 4896 SUCCESS
Stage-Stage-9: Map: 4  Reduce: 1   Cumulative CPU: 9.56 sec   HDFS Read: 18787 HDFS Write: 96 SUCCESS
Stage-Stage-21: Map: 46   Cumulative CPU: 571.85 sec   HDFS Read: 1162161005 HDFS Write: 4416 SUCCESS
Stage-Stage-4: Map: 4  Reduce: 1   Cumulative CPU: 9.79 sec   HDFS Read: 17002 HDFS Write: 96 SUCCESS
Stage-Stage-5: Map: 1  Reduce: 1   Cumulative CPU: 3.04 sec   HDFS Read: 502 HDFS Write: 96 SUCCESS
Stage-Stage-6: Map: 1  Reduce: 1   Cumulative CPU: 2.32 sec   HDFS Read: 502 HDFS Write: 0 SUCCESS
Total MapReduce CPU Time Spent: 21 minutes 56 seconds 100 msec
OK
Time taken: 269.715 seconds
hive> 