15/04/06 22:46:12 WARN conf.HiveConf: HiveConf of name hive.optimize.mapjoin.mapreduce does not exist
15/04/06 22:46:12 WARN conf.HiveConf: HiveConf of name hive.heapsize does not exist
15/04/06 22:46:12 WARN conf.HiveConf: HiveConf of name hive.server2.enable.impersonation does not exist
15/04/06 22:46:12 WARN conf.HiveConf: HiveConf of name hive.auto.convert.sortmerge.join.noconditionaltask does not exist

Logging initialized using configuration in file:/etc/hive/conf/hive-log4j.properties
SLF4J: Class path contains multiple SLF4J bindings.
SLF4J: Found binding in [jar:file:/usr/hdp/2.2.0.0-2041/hadoop/lib/slf4j-log4j12-1.7.5.jar!/org/slf4j/impl/StaticLoggerBinder.class]
SLF4J: Found binding in [jar:file:/usr/hdp/2.2.0.0-2041/hive/lib/hive-jdbc-0.14.0.2.2.0.0-2041-standalone.jar!/org/slf4j/impl/StaticLoggerBinder.class]
SLF4J: See http://www.slf4j.org/codes.html#multiple_bindings for an explanation.
SLF4J: Actual binding is of type [org.slf4j.impl.Log4jLoggerFactory]
hive> use tpcds_bin_partitioned_orc_100; source query96.sql;
OK
Time taken: 2.808 seconds
Query ID = root_20150406224646_50cade4d-2082-419a-89bf-1636be2ec43d
Total jobs = 2
SLF4J: Class path contains multiple SLF4J bindings.
SLF4J: Found binding in [jar:file:/usr/hdp/2.2.0.0-2041/hadoop/lib/slf4j-log4j12-1.7.5.jar!/org/slf4j/impl/StaticLoggerBinder.class]
SLF4J: Found binding in [jar:file:/usr/hdp/2.2.0.0-2041/hive/lib/hive-jdbc-0.14.0.2.2.0.0-2041-standalone.jar!/org/slf4j/impl/StaticLoggerBinder.class]
SLF4J: See http://www.slf4j.org/codes.html#multiple_bindings for an explanation.
SLF4J: Actual binding is of type [org.slf4j.impl.Log4jLoggerFactory]
15/04/06 22:46:37 WARN conf.HiveConf: HiveConf of name hive.optimize.mapjoin.mapreduce does not exist
15/04/06 22:46:37 WARN conf.HiveConf: HiveConf of name hive.heapsize does not exist
15/04/06 22:46:37 WARN conf.HiveConf: HiveConf of name hive.server2.enable.impersonation does not exist
15/04/06 22:46:37 WARN conf.HiveConf: HiveConf of name hive.auto.convert.sortmerge.join.noconditionaltask does not exist
Execution log at: /tmp/root/root_20150406224646_50cade4d-2082-419a-89bf-1636be2ec43d.log
2015-04-06 10:46:38	Starting to launch local task to process map join;	maximum memory = 1065484288
2015-04-06 10:46:43	Dump the side-table for tag: 1 with group count: 55 into file: file:/tmp/root/d7e6351f-fc91-4b73-ae9b-75d629f3b9a9/hive_2015-04-06_22-46-19_364_8044350864920189999-1/-local-10008/HashTable-Stage-4/MapJoin-mapfile01--.hashtable
2015-04-06 10:46:43	Uploaded 1 File to: file:/tmp/root/d7e6351f-fc91-4b73-ae9b-75d629f3b9a9/hive_2015-04-06_22-46-19_364_8044350864920189999-1/-local-10008/HashTable-Stage-4/MapJoin-mapfile01--.hashtable (1312 bytes)
2015-04-06 10:46:43	Dump the side-table for tag: 1 with group count: 1800 into file: file:/tmp/root/d7e6351f-fc91-4b73-ae9b-75d629f3b9a9/hive_2015-04-06_22-46-19_364_8044350864920189999-1/-local-10008/HashTable-Stage-4/MapJoin-mapfile11--.hashtable
2015-04-06 10:46:43	Uploaded 1 File to: file:/tmp/root/d7e6351f-fc91-4b73-ae9b-75d629f3b9a9/hive_2015-04-06_22-46-19_364_8044350864920189999-1/-local-10008/HashTable-Stage-4/MapJoin-mapfile11--.hashtable (40053 bytes)
2015-04-06 10:46:43	Dump the side-table for tag: 1 with group count: 720 into file: file:/tmp/root/d7e6351f-fc91-4b73-ae9b-75d629f3b9a9/hive_2015-04-06_22-46-19_364_8044350864920189999-1/-local-10008/HashTable-Stage-4/MapJoin-mapfile21--.hashtable
2015-04-06 10:46:43	Uploaded 1 File to: file:/tmp/root/d7e6351f-fc91-4b73-ae9b-75d629f3b9a9/hive_2015-04-06_22-46-19_364_8044350864920189999-1/-local-10008/HashTable-Stage-4/MapJoin-mapfile21--.hashtable (14730 bytes)
2015-04-06 10:46:43	End of local task; Time Taken: 4.761 sec.
Execution completed successfully
MapredLocal task succeeded
Launching Job 1 out of 2
Number of reduce tasks determined at compile time: 1
In order to change the average load for a reducer (in bytes):
  set hive.exec.reducers.bytes.per.reducer=<number>
In order to limit the maximum number of reducers:
  set hive.exec.reducers.max=<number>
In order to set a constant number of reducers:
  set mapreduce.job.reduces=<number>
Starting Job = job_1428164231378_0194, Tracking URL = http://f01hn02.hadoop:8088/proxy/application_1428164231378_0194/
Kill Command = /usr/hdp/2.2.0.0-2041/hadoop/bin/hadoop job  -kill job_1428164231378_0194
Hadoop job information for Stage-4: number of mappers: 48; number of reducers: 1
2015-04-06 22:47:02,898 Stage-4 map = 0%,  reduce = 0%
2015-04-06 22:47:19,026 Stage-4 map = 1%,  reduce = 0%, Cumulative CPU 88.49 sec
2015-04-06 22:47:22,248 Stage-4 map = 14%,  reduce = 0%, Cumulative CPU 279.54 sec
2015-04-06 22:47:23,324 Stage-4 map = 35%,  reduce = 0%, Cumulative CPU 371.02 sec
2015-04-06 22:47:24,395 Stage-4 map = 59%,  reduce = 0%, Cumulative CPU 398.86 sec
2015-04-06 22:47:25,443 Stage-4 map = 98%,  reduce = 0%, Cumulative CPU 459.07 sec
2015-04-06 22:47:26,510 Stage-4 map = 100%,  reduce = 0%, Cumulative CPU 459.79 sec
2015-04-06 22:47:28,672 Stage-4 map = 100%,  reduce = 100%, Cumulative CPU 461.4 sec
MapReduce Total cumulative CPU time: 7 minutes 41 seconds 400 msec
Ended Job = job_1428164231378_0194
Launching Job 2 out of 2
Number of reduce tasks determined at compile time: 1
In order to change the average load for a reducer (in bytes):
  set hive.exec.reducers.bytes.per.reducer=<number>
In order to limit the maximum number of reducers:
  set hive.exec.reducers.max=<number>
In order to set a constant number of reducers:
  set mapreduce.job.reduces=<number>
Starting Job = job_1428164231378_0195, Tracking URL = http://f01hn02.hadoop:8088/proxy/application_1428164231378_0195/
Kill Command = /usr/hdp/2.2.0.0-2041/hadoop/bin/hadoop job  -kill job_1428164231378_0195
Hadoop job information for Stage-5: number of mappers: 1; number of reducers: 1
2015-04-06 22:47:36,512 Stage-5 map = 0%,  reduce = 0%
2015-04-06 22:47:41,926 Stage-5 map = 100%,  reduce = 0%, Cumulative CPU 1.37 sec
2015-04-06 22:47:47,274 Stage-5 map = 100%,  reduce = 100%, Cumulative CPU 2.69 sec
MapReduce Total cumulative CPU time: 2 seconds 690 msec
Ended Job = job_1428164231378_0195
MapReduce Jobs Launched: 
Stage-Stage-4: Map: 48  Reduce: 1   Cumulative CPU: 461.4 sec   HDFS Read: 764872038 HDFS Write: 117 SUCCESS
Stage-Stage-5: Map: 1  Reduce: 1   Cumulative CPU: 2.69 sec   HDFS Read: 523 HDFS Write: 6 SUCCESS
Total MapReduce CPU Time Spent: 7 minutes 44 seconds 90 msec
OK
70657
Time taken: 88.979 seconds, Fetched: 1 row(s)
hive> 