15/04/06 19:33:42 WARN conf.HiveConf: HiveConf of name hive.optimize.mapjoin.mapreduce does not exist
15/04/06 19:33:42 WARN conf.HiveConf: HiveConf of name hive.heapsize does not exist
15/04/06 19:33:42 WARN conf.HiveConf: HiveConf of name hive.server2.enable.impersonation does not exist
15/04/06 19:33:42 WARN conf.HiveConf: HiveConf of name hive.auto.convert.sortmerge.join.noconditionaltask does not exist

Logging initialized using configuration in file:/etc/hive/conf/hive-log4j.properties
SLF4J: Class path contains multiple SLF4J bindings.
SLF4J: Found binding in [jar:file:/usr/hdp/2.2.0.0-2041/hadoop/lib/slf4j-log4j12-1.7.5.jar!/org/slf4j/impl/StaticLoggerBinder.class]
SLF4J: Found binding in [jar:file:/usr/hdp/2.2.0.0-2041/hive/lib/hive-jdbc-0.14.0.2.2.0.0-2041-standalone.jar!/org/slf4j/impl/StaticLoggerBinder.class]
SLF4J: See http://www.slf4j.org/codes.html#multiple_bindings for an explanation.
SLF4J: Actual binding is of type [org.slf4j.impl.Log4jLoggerFactory]
hive> use tpcds_bin_partitioned_orc_100; source query28.sql;
OK
Time taken: 2.883 seconds
Warning: Map Join MAPJOIN[204][bigTable=?] in task 'Stage-12:MAPRED' is a cross product
Warning: Map Join MAPJOIN[301][bigTable=?] in task 'Stage-13:MAPRED' is a cross product
Warning: Shuffle Join JOIN[73][tables = [$hdt$_0, $hdt$_1, $hdt$_2, $hdt$_3, $hdt$_4, $hdt$_5]] in Stage 'Stage-6:MAPRED' is a cross product
Warning: Map Join MAPJOIN[495][bigTable=?] in task 'Stage-16:MAPRED' is a cross product
Warning: Map Join MAPJOIN[398][bigTable=?] in task 'Stage-15:MAPRED' is a cross product
Warning: Shuffle Join JOIN[70][tables = [$hdt$_0, $hdt$_1, $hdt$_2, $hdt$_3, $hdt$_4]] in Stage 'Stage-5:MAPRED' is a cross product
Warning: Map Join MAPJOIN[689][bigTable=?] in task 'Stage-19:MAPRED' is a cross product
Warning: Map Join MAPJOIN[592][bigTable=?] in task 'Stage-18:MAPRED' is a cross product
Warning: Shuffle Join JOIN[67][tables = [$hdt$_0, $hdt$_1, $hdt$_2, $hdt$_3]] in Stage 'Stage-4:MAPRED' is a cross product
Warning: Map Join MAPJOIN[786][bigTable=?] in task 'Stage-21:MAPRED' is a cross product
Warning: Map Join MAPJOIN[883][bigTable=?] in task 'Stage-22:MAPRED' is a cross product
Warning: Shuffle Join JOIN[64][tables = [$hdt$_0, $hdt$_1, $hdt$_2]] in Stage 'Stage-3:MAPRED' is a cross product
Warning: Map Join MAPJOIN[980][bigTable=?] in task 'Stage-24:MAPRED' is a cross product
Warning: Map Join MAPJOIN[1077][bigTable=?] in task 'Stage-25:MAPRED' is a cross product
Warning: Shuffle Join JOIN[61][tables = [$hdt$_0, $hdt$_1]] in Stage 'Stage-2:MAPRED' is a cross product
Query ID = root_20150406193333_490c2eb4-bc2f-48b9-9058-16884df30821
Total jobs = 21
Launching Job 1 out of 21
Number of reduce tasks determined at compile time: 1
In order to change the average load for a reducer (in bytes):
  set hive.exec.reducers.bytes.per.reducer=<number>
In order to limit the maximum number of reducers:
  set hive.exec.reducers.max=<number>
In order to set a constant number of reducers:
  set mapreduce.job.reduces=<number>
Starting Job = job_1428164231378_0029, Tracking URL = http://f01hn02.hadoop:8088/proxy/application_1428164231378_0029/
Kill Command = /usr/hdp/2.2.0.0-2041/hadoop/bin/hadoop job  -kill job_1428164231378_0029
Hadoop job information for Stage-1: number of mappers: 48; number of reducers: 1
2015-04-06 19:34:28,505 Stage-1 map = 0%,  reduce = 0%
2015-04-06 19:34:44,531 Stage-1 map = 1%,  reduce = 0%, Cumulative CPU 24.98 sec
2015-04-06 19:34:45,598 Stage-1 map = 5%,  reduce = 0%, Cumulative CPU 199.23 sec
2015-04-06 19:34:46,672 Stage-1 map = 7%,  reduce = 0%, Cumulative CPU 205.48 sec
2015-04-06 19:34:47,742 Stage-1 map = 14%,  reduce = 0%, Cumulative CPU 242.6 sec
2015-04-06 19:34:48,812 Stage-1 map = 47%,  reduce = 0%, Cumulative CPU 364.26 sec
2015-04-06 19:34:49,879 Stage-1 map = 55%,  reduce = 0%, Cumulative CPU 377.75 sec
2015-04-06 19:34:50,926 Stage-1 map = 85%,  reduce = 0%, Cumulative CPU 434.27 sec
2015-04-06 19:34:51,992 Stage-1 map = 100%,  reduce = 0%, Cumulative CPU 463.73 sec
2015-04-06 19:34:56,269 Stage-1 map = 100%,  reduce = 100%, Cumulative CPU 467.25 sec
MapReduce Total cumulative CPU time: 7 minutes 47 seconds 250 msec
Ended Job = job_1428164231378_0029
Launching Job 2 out of 21
Number of reduce tasks determined at compile time: 1
In order to change the average load for a reducer (in bytes):
  set hive.exec.reducers.bytes.per.reducer=<number>
In order to limit the maximum number of reducers:
  set hive.exec.reducers.max=<number>
In order to set a constant number of reducers:
  set mapreduce.job.reduces=<number>
Starting Job = job_1428164231378_0030, Tracking URL = http://f01hn02.hadoop:8088/proxy/application_1428164231378_0030/
Kill Command = /usr/hdp/2.2.0.0-2041/hadoop/bin/hadoop job  -kill job_1428164231378_0030
Hadoop job information for Stage-7: number of mappers: 48; number of reducers: 1
2015-04-06 19:35:11,025 Stage-7 map = 0%,  reduce = 0%
2015-04-06 19:35:27,988 Stage-7 map = 2%,  reduce = 0%, Cumulative CPU 80.97 sec
2015-04-06 19:35:29,054 Stage-7 map = 5%,  reduce = 0%, Cumulative CPU 201.01 sec
2015-04-06 19:35:30,123 Stage-7 map = 7%,  reduce = 0%, Cumulative CPU 208.1 sec
2015-04-06 19:35:31,192 Stage-7 map = 21%,  reduce = 0%, Cumulative CPU 269.26 sec
2015-04-06 19:35:32,263 Stage-7 map = 47%,  reduce = 0%, Cumulative CPU 362.62 sec
2015-04-06 19:35:33,337 Stage-7 map = 60%,  reduce = 0%, Cumulative CPU 388.02 sec
2015-04-06 19:35:34,392 Stage-7 map = 94%,  reduce = 0%, Cumulative CPU 452.93 sec
2015-04-06 19:35:35,461 Stage-7 map = 100%,  reduce = 0%, Cumulative CPU 464.66 sec
2015-04-06 19:35:39,728 Stage-7 map = 100%,  reduce = 100%, Cumulative CPU 468.34 sec
MapReduce Total cumulative CPU time: 7 minutes 48 seconds 340 msec
Ended Job = job_1428164231378_0030
Launching Job 3 out of 21
Number of reduce tasks determined at compile time: 1
In order to change the average load for a reducer (in bytes):
  set hive.exec.reducers.bytes.per.reducer=<number>
In order to limit the maximum number of reducers:
  set hive.exec.reducers.max=<number>
In order to set a constant number of reducers:
  set mapreduce.job.reduces=<number>
Starting Job = job_1428164231378_0031, Tracking URL = http://f01hn02.hadoop:8088/proxy/application_1428164231378_0031/
Kill Command = /usr/hdp/2.2.0.0-2041/hadoop/bin/hadoop job  -kill job_1428164231378_0031
Hadoop job information for Stage-8: number of mappers: 48; number of reducers: 1
2015-04-06 19:35:53,717 Stage-8 map = 0%,  reduce = 0%
2015-04-06 19:36:10,701 Stage-8 map = 3%,  reduce = 0%, Cumulative CPU 133.86 sec
2015-04-06 19:36:11,764 Stage-8 map = 6%,  reduce = 0%, Cumulative CPU 202.15 sec
2015-04-06 19:36:12,826 Stage-8 map = 7%,  reduce = 0%, Cumulative CPU 204.47 sec
2015-04-06 19:36:13,873 Stage-8 map = 28%,  reduce = 0%, Cumulative CPU 301.45 sec
2015-04-06 19:36:14,939 Stage-8 map = 48%,  reduce = 0%, Cumulative CPU 369.71 sec
2015-04-06 19:36:16,004 Stage-8 map = 61%,  reduce = 0%, Cumulative CPU 393.31 sec
2015-04-06 19:36:17,054 Stage-8 map = 100%,  reduce = 0%, Cumulative CPU 471.17 sec
2015-04-06 19:36:22,365 Stage-8 map = 100%,  reduce = 100%, Cumulative CPU 475.13 sec
MapReduce Total cumulative CPU time: 7 minutes 55 seconds 130 msec
Ended Job = job_1428164231378_0031
Launching Job 4 out of 21
Number of reduce tasks determined at compile time: 1
In order to change the average load for a reducer (in bytes):
  set hive.exec.reducers.bytes.per.reducer=<number>
In order to limit the maximum number of reducers:
  set hive.exec.reducers.max=<number>
In order to set a constant number of reducers:
  set mapreduce.job.reduces=<number>
Starting Job = job_1428164231378_0032, Tracking URL = http://f01hn02.hadoop:8088/proxy/application_1428164231378_0032/
Kill Command = /usr/hdp/2.2.0.0-2041/hadoop/bin/hadoop job  -kill job_1428164231378_0032
Hadoop job information for Stage-9: number of mappers: 48; number of reducers: 1
2015-04-06 19:36:36,037 Stage-9 map = 0%,  reduce = 0%
2015-04-06 19:36:51,886 Stage-9 map = 1%,  reduce = 0%, Cumulative CPU 17.36 sec
2015-04-06 19:36:52,954 Stage-9 map = 5%,  reduce = 0%, Cumulative CPU 188.57 sec
2015-04-06 19:36:54,018 Stage-9 map = 7%,  reduce = 0%, Cumulative CPU 220.36 sec
2015-04-06 19:36:55,086 Stage-9 map = 9%,  reduce = 0%, Cumulative CPU 226.99 sec
2015-04-06 19:36:56,150 Stage-9 map = 30%,  reduce = 0%, Cumulative CPU 308.28 sec
2015-04-06 19:36:57,220 Stage-9 map = 50%,  reduce = 0%, Cumulative CPU 369.94 sec
2015-04-06 19:36:58,256 Stage-9 map = 69%,  reduce = 0%, Cumulative CPU 407.76 sec
2015-04-06 19:36:59,323 Stage-9 map = 100%,  reduce = 0%, Cumulative CPU 470.97 sec
2015-04-06 19:37:04,635 Stage-9 map = 100%,  reduce = 100%, Cumulative CPU 474.84 sec
MapReduce Total cumulative CPU time: 7 minutes 54 seconds 840 msec
Ended Job = job_1428164231378_0032
Launching Job 5 out of 21
Number of reduce tasks determined at compile time: 1
In order to change the average load for a reducer (in bytes):
  set hive.exec.reducers.bytes.per.reducer=<number>
In order to limit the maximum number of reducers:
  set hive.exec.reducers.max=<number>
In order to set a constant number of reducers:
  set mapreduce.job.reduces=<number>
Starting Job = job_1428164231378_0033, Tracking URL = http://f01hn02.hadoop:8088/proxy/application_1428164231378_0033/
Kill Command = /usr/hdp/2.2.0.0-2041/hadoop/bin/hadoop job  -kill job_1428164231378_0033
Hadoop job information for Stage-10: number of mappers: 48; number of reducers: 1
2015-04-06 19:37:18,331 Stage-10 map = 0%,  reduce = 0%
2015-04-06 19:37:35,232 Stage-10 map = 3%,  reduce = 0%, Cumulative CPU 150.36 sec
2015-04-06 19:37:36,298 Stage-10 map = 4%,  reduce = 0%, Cumulative CPU 185.25 sec
2015-04-06 19:37:37,362 Stage-10 map = 6%,  reduce = 0%, Cumulative CPU 187.16 sec
2015-04-06 19:37:38,430 Stage-10 map = 37%,  reduce = 0%, Cumulative CPU 321.55 sec
2015-04-06 19:37:39,495 Stage-10 map = 49%,  reduce = 0%, Cumulative CPU 370.53 sec
2015-04-06 19:37:40,561 Stage-10 map = 58%,  reduce = 0%, Cumulative CPU 392.16 sec
2015-04-06 19:37:41,624 Stage-10 map = 93%,  reduce = 0%, Cumulative CPU 474.77 sec
2015-04-06 19:37:42,690 Stage-10 map = 100%,  reduce = 0%, Cumulative CPU 488.65 sec
2015-04-06 19:37:46,942 Stage-10 map = 100%,  reduce = 100%, Cumulative CPU 492.79 sec
MapReduce Total cumulative CPU time: 8 minutes 12 seconds 790 msec
Ended Job = job_1428164231378_0033
Launching Job 6 out of 21
Number of reduce tasks determined at compile time: 1
In order to change the average load for a reducer (in bytes):
  set hive.exec.reducers.bytes.per.reducer=<number>
In order to limit the maximum number of reducers:
  set hive.exec.reducers.max=<number>
In order to set a constant number of reducers:
  set mapreduce.job.reduces=<number>
Starting Job = job_1428164231378_0034, Tracking URL = http://f01hn02.hadoop:8088/proxy/application_1428164231378_0034/
Kill Command = /usr/hdp/2.2.0.0-2041/hadoop/bin/hadoop job  -kill job_1428164231378_0034
Hadoop job information for Stage-11: number of mappers: 48; number of reducers: 1
2015-04-06 19:37:59,118 Stage-11 map = 0%,  reduce = 0%
2015-04-06 19:38:16,123 Stage-11 map = 7%,  reduce = 0%, Cumulative CPU 214.94 sec
2015-04-06 19:38:17,207 Stage-11 map = 8%,  reduce = 0%, Cumulative CPU 215.88 sec
2015-04-06 19:38:18,290 Stage-11 map = 12%,  reduce = 0%, Cumulative CPU 229.65 sec
2015-04-06 19:38:19,361 Stage-11 map = 47%,  reduce = 0%, Cumulative CPU 359.09 sec
2015-04-06 19:38:20,432 Stage-11 map = 58%,  reduce = 0%, Cumulative CPU 382.61 sec
2015-04-06 19:38:21,500 Stage-11 map = 85%,  reduce = 0%, Cumulative CPU 433.88 sec
2015-04-06 19:38:22,565 Stage-11 map = 100%,  reduce = 0%, Cumulative CPU 462.81 sec
2015-04-06 19:38:26,817 Stage-11 map = 100%,  reduce = 100%, Cumulative CPU 466.38 sec
MapReduce Total cumulative CPU time: 7 minutes 46 seconds 380 msec
Ended Job = job_1428164231378_0034
Stage-35 is selected by condition resolver.
Stage-36 is filtered out by condition resolver.
Stage-2 is filtered out by condition resolver.
SLF4J: Class path contains multiple SLF4J bindings.
SLF4J: Found binding in [jar:file:/usr/hdp/2.2.0.0-2041/hadoop/lib/slf4j-log4j12-1.7.5.jar!/org/slf4j/impl/StaticLoggerBinder.class]
SLF4J: Found binding in [jar:file:/usr/hdp/2.2.0.0-2041/hive/lib/hive-jdbc-0.14.0.2.2.0.0-2041-standalone.jar!/org/slf4j/impl/StaticLoggerBinder.class]
SLF4J: See http://www.slf4j.org/codes.html#multiple_bindings for an explanation.
SLF4J: Actual binding is of type [org.slf4j.impl.Log4jLoggerFactory]
15/04/06 19:38:33 WARN conf.HiveConf: HiveConf of name hive.optimize.mapjoin.mapreduce does not exist
15/04/06 19:38:33 WARN conf.HiveConf: HiveConf of name hive.heapsize does not exist
15/04/06 19:38:33 WARN conf.HiveConf: HiveConf of name hive.server2.enable.impersonation does not exist
15/04/06 19:38:33 WARN conf.HiveConf: HiveConf of name hive.auto.convert.sortmerge.join.noconditionaltask does not exist
Execution log at: /tmp/root/root_20150406193333_490c2eb4-bc2f-48b9-9058-16884df30821.log
2015-04-06 07:38:34	Starting to launch local task to process map join;	maximum memory = 1065484288
2015-04-06 07:38:36	Dump the side-table for tag: 1 with group count: 1 into file: file:/tmp/root/a45f6af8-c0a4-4c77-91b4-a94ca466129b/hive_2015-04-06_19-33-49_970_3826689437162636982-1/-local-10030/HashTable-Stage-24/MapJoin-mapfile81--.hashtable
2015-04-06 07:38:36	Uploaded 1 File to: file:/tmp/root/a45f6af8-c0a4-4c77-91b4-a94ca466129b/hive_2015-04-06_19-33-49_970_3826689437162636982-1/-local-10030/HashTable-Stage-24/MapJoin-mapfile81--.hashtable (292 bytes)
2015-04-06 07:38:36	End of local task; Time Taken: 2.262 sec.
Execution completed successfully
MapredLocal task succeeded
Launching Job 8 out of 21
Number of reduce tasks is set to 0 since there's no reduce operator
Starting Job = job_1428164231378_0035, Tracking URL = http://f01hn02.hadoop:8088/proxy/application_1428164231378_0035/
Kill Command = /usr/hdp/2.2.0.0-2041/hadoop/bin/hadoop job  -kill job_1428164231378_0035
Hadoop job information for Stage-24: number of mappers: 1; number of reducers: 0
2015-04-06 19:38:43,069 Stage-24 map = 0%,  reduce = 0%
2015-04-06 19:38:47,377 Stage-24 map = 100%,  reduce = 0%, Cumulative CPU 1.3 sec
MapReduce Total cumulative CPU time: 1 seconds 300 msec
Ended Job = job_1428164231378_0035
Stage-33 is selected by condition resolver.
Stage-34 is filtered out by condition resolver.
Stage-3 is filtered out by condition resolver.
SLF4J: Class path contains multiple SLF4J bindings.
SLF4J: Found binding in [jar:file:/usr/hdp/2.2.0.0-2041/hadoop/lib/slf4j-log4j12-1.7.5.jar!/org/slf4j/impl/StaticLoggerBinder.class]
SLF4J: Found binding in [jar:file:/usr/hdp/2.2.0.0-2041/hive/lib/hive-jdbc-0.14.0.2.2.0.0-2041-standalone.jar!/org/slf4j/impl/StaticLoggerBinder.class]
SLF4J: See http://www.slf4j.org/codes.html#multiple_bindings for an explanation.
SLF4J: Actual binding is of type [org.slf4j.impl.Log4jLoggerFactory]
15/04/06 19:38:53 WARN conf.HiveConf: HiveConf of name hive.optimize.mapjoin.mapreduce does not exist
15/04/06 19:38:53 WARN conf.HiveConf: HiveConf of name hive.heapsize does not exist
15/04/06 19:38:53 WARN conf.HiveConf: HiveConf of name hive.server2.enable.impersonation does not exist
15/04/06 19:38:53 WARN conf.HiveConf: HiveConf of name hive.auto.convert.sortmerge.join.noconditionaltask does not exist
Execution log at: /tmp/root/root_20150406193333_490c2eb4-bc2f-48b9-9058-16884df30821.log
2015-04-06 07:38:54	Starting to launch local task to process map join;	maximum memory = 1065484288
2015-04-06 07:38:56	Dump the side-table for tag: 1 with group count: 1 into file: file:/tmp/root/a45f6af8-c0a4-4c77-91b4-a94ca466129b/hive_2015-04-06_19-33-49_970_3826689437162636982-1/-local-10026/HashTable-Stage-21/MapJoin-mapfile61--.hashtable
2015-04-06 07:38:57	Uploaded 1 File to: file:/tmp/root/a45f6af8-c0a4-4c77-91b4-a94ca466129b/hive_2015-04-06_19-33-49_970_3826689437162636982-1/-local-10026/HashTable-Stage-21/MapJoin-mapfile61--.hashtable (292 bytes)
2015-04-06 07:38:57	End of local task; Time Taken: 2.381 sec.
Execution completed successfully
MapredLocal task succeeded
Launching Job 10 out of 21
Number of reduce tasks is set to 0 since there's no reduce operator
Starting Job = job_1428164231378_0036, Tracking URL = http://f01hn02.hadoop:8088/proxy/application_1428164231378_0036/
Kill Command = /usr/hdp/2.2.0.0-2041/hadoop/bin/hadoop job  -kill job_1428164231378_0036
Hadoop job information for Stage-21: number of mappers: 1; number of reducers: 0
2015-04-06 19:39:03,425 Stage-21 map = 0%,  reduce = 0%
2015-04-06 19:39:07,669 Stage-21 map = 100%,  reduce = 0%, Cumulative CPU 1.31 sec
MapReduce Total cumulative CPU time: 1 seconds 310 msec
Ended Job = job_1428164231378_0036
Stage-31 is selected by condition resolver.
Stage-32 is filtered out by condition resolver.
Stage-4 is filtered out by condition resolver.
SLF4J: Class path contains multiple SLF4J bindings.
SLF4J: Found binding in [jar:file:/usr/hdp/2.2.0.0-2041/hadoop/lib/slf4j-log4j12-1.7.5.jar!/org/slf4j/impl/StaticLoggerBinder.class]
SLF4J: Found binding in [jar:file:/usr/hdp/2.2.0.0-2041/hive/lib/hive-jdbc-0.14.0.2.2.0.0-2041-standalone.jar!/org/slf4j/impl/StaticLoggerBinder.class]
SLF4J: See http://www.slf4j.org/codes.html#multiple_bindings for an explanation.
SLF4J: Actual binding is of type [org.slf4j.impl.Log4jLoggerFactory]
15/04/06 19:39:13 WARN conf.HiveConf: HiveConf of name hive.optimize.mapjoin.mapreduce does not exist
15/04/06 19:39:13 WARN conf.HiveConf: HiveConf of name hive.heapsize does not exist
15/04/06 19:39:13 WARN conf.HiveConf: HiveConf of name hive.server2.enable.impersonation does not exist
15/04/06 19:39:13 WARN conf.HiveConf: HiveConf of name hive.auto.convert.sortmerge.join.noconditionaltask does not exist
Execution log at: /tmp/root/root_20150406193333_490c2eb4-bc2f-48b9-9058-16884df30821.log
2015-04-06 07:39:14	Starting to launch local task to process map join;	maximum memory = 1065484288
2015-04-06 07:39:16	Dump the side-table for tag: 1 with group count: 1 into file: file:/tmp/root/a45f6af8-c0a4-4c77-91b4-a94ca466129b/hive_2015-04-06_19-33-49_970_3826689437162636982-1/-local-10022/HashTable-Stage-18/MapJoin-mapfile41--.hashtable
2015-04-06 07:39:16	Uploaded 1 File to: file:/tmp/root/a45f6af8-c0a4-4c77-91b4-a94ca466129b/hive_2015-04-06_19-33-49_970_3826689437162636982-1/-local-10022/HashTable-Stage-18/MapJoin-mapfile41--.hashtable (292 bytes)
2015-04-06 07:39:16	End of local task; Time Taken: 2.288 sec.
Execution completed successfully
MapredLocal task succeeded
Launching Job 12 out of 21
Number of reduce tasks is set to 0 since there's no reduce operator
Starting Job = job_1428164231378_0037, Tracking URL = http://f01hn02.hadoop:8088/proxy/application_1428164231378_0037/
Kill Command = /usr/hdp/2.2.0.0-2041/hadoop/bin/hadoop job  -kill job_1428164231378_0037
Hadoop job information for Stage-18: number of mappers: 1; number of reducers: 0
2015-04-06 19:39:22,944 Stage-18 map = 0%,  reduce = 0%
2015-04-06 19:39:28,242 Stage-18 map = 100%,  reduce = 0%, Cumulative CPU 1.25 sec
MapReduce Total cumulative CPU time: 1 seconds 250 msec
Ended Job = job_1428164231378_0037
Stage-29 is selected by condition resolver.
Stage-30 is filtered out by condition resolver.
Stage-5 is filtered out by condition resolver.
SLF4J: Class path contains multiple SLF4J bindings.
SLF4J: Found binding in [jar:file:/usr/hdp/2.2.0.0-2041/hadoop/lib/slf4j-log4j12-1.7.5.jar!/org/slf4j/impl/StaticLoggerBinder.class]
SLF4J: Found binding in [jar:file:/usr/hdp/2.2.0.0-2041/hive/lib/hive-jdbc-0.14.0.2.2.0.0-2041-standalone.jar!/org/slf4j/impl/StaticLoggerBinder.class]
SLF4J: See http://www.slf4j.org/codes.html#multiple_bindings for an explanation.
SLF4J: Actual binding is of type [org.slf4j.impl.Log4jLoggerFactory]
15/04/06 19:39:35 WARN conf.HiveConf: HiveConf of name hive.optimize.mapjoin.mapreduce does not exist
15/04/06 19:39:35 WARN conf.HiveConf: HiveConf of name hive.heapsize does not exist
15/04/06 19:39:35 WARN conf.HiveConf: HiveConf of name hive.server2.enable.impersonation does not exist
15/04/06 19:39:35 WARN conf.HiveConf: HiveConf of name hive.auto.convert.sortmerge.join.noconditionaltask does not exist
Execution log at: /tmp/root/root_20150406193333_490c2eb4-bc2f-48b9-9058-16884df30821.log
2015-04-06 07:39:35	Starting to launch local task to process map join;	maximum memory = 1065484288
2015-04-06 07:39:38	Dump the side-table for tag: 1 with group count: 1 into file: file:/tmp/root/a45f6af8-c0a4-4c77-91b4-a94ca466129b/hive_2015-04-06_19-33-49_970_3826689437162636982-1/-local-10018/HashTable-Stage-15/MapJoin-mapfile21--.hashtable
2015-04-06 07:39:38	Uploaded 1 File to: file:/tmp/root/a45f6af8-c0a4-4c77-91b4-a94ca466129b/hive_2015-04-06_19-33-49_970_3826689437162636982-1/-local-10018/HashTable-Stage-15/MapJoin-mapfile21--.hashtable (292 bytes)
2015-04-06 07:39:38	End of local task; Time Taken: 2.306 sec.
Execution completed successfully
MapredLocal task succeeded
Launching Job 14 out of 21
Number of reduce tasks is set to 0 since there's no reduce operator
Starting Job = job_1428164231378_0038, Tracking URL = http://f01hn02.hadoop:8088/proxy/application_1428164231378_0038/
Kill Command = /usr/hdp/2.2.0.0-2041/hadoop/bin/hadoop job  -kill job_1428164231378_0038
Hadoop job information for Stage-15: number of mappers: 1; number of reducers: 0
2015-04-06 19:39:44,688 Stage-15 map = 0%,  reduce = 0%
2015-04-06 19:39:49,002 Stage-15 map = 100%,  reduce = 0%, Cumulative CPU 1.27 sec
MapReduce Total cumulative CPU time: 1 seconds 270 msec
Ended Job = job_1428164231378_0038
Stage-27 is selected by condition resolver.
Stage-28 is filtered out by condition resolver.
Stage-6 is filtered out by condition resolver.
SLF4J: Class path contains multiple SLF4J bindings.
SLF4J: Found binding in [jar:file:/usr/hdp/2.2.0.0-2041/hadoop/lib/slf4j-log4j12-1.7.5.jar!/org/slf4j/impl/StaticLoggerBinder.class]
SLF4J: Found binding in [jar:file:/usr/hdp/2.2.0.0-2041/hive/lib/hive-jdbc-0.14.0.2.2.0.0-2041-standalone.jar!/org/slf4j/impl/StaticLoggerBinder.class]
SLF4J: See http://www.slf4j.org/codes.html#multiple_bindings for an explanation.
SLF4J: Actual binding is of type [org.slf4j.impl.Log4jLoggerFactory]
15/04/06 19:39:55 WARN conf.HiveConf: HiveConf of name hive.optimize.mapjoin.mapreduce does not exist
15/04/06 19:39:55 WARN conf.HiveConf: HiveConf of name hive.heapsize does not exist
15/04/06 19:39:55 WARN conf.HiveConf: HiveConf of name hive.server2.enable.impersonation does not exist
15/04/06 19:39:55 WARN conf.HiveConf: HiveConf of name hive.auto.convert.sortmerge.join.noconditionaltask does not exist
Execution log at: /tmp/root/root_20150406193333_490c2eb4-bc2f-48b9-9058-16884df30821.log
2015-04-06 07:39:56	Starting to launch local task to process map join;	maximum memory = 1065484288
2015-04-06 07:39:58	Dump the side-table for tag: 1 with group count: 1 into file: file:/tmp/root/a45f6af8-c0a4-4c77-91b4-a94ca466129b/hive_2015-04-06_19-33-49_970_3826689437162636982-1/-local-10014/HashTable-Stage-12/MapJoin-mapfile01--.hashtable
2015-04-06 07:39:58	Uploaded 1 File to: file:/tmp/root/a45f6af8-c0a4-4c77-91b4-a94ca466129b/hive_2015-04-06_19-33-49_970_3826689437162636982-1/-local-10014/HashTable-Stage-12/MapJoin-mapfile01--.hashtable (292 bytes)
2015-04-06 07:39:58	End of local task; Time Taken: 2.182 sec.
Execution completed successfully
MapredLocal task succeeded
Launching Job 16 out of 21
Number of reduce tasks is set to 0 since there's no reduce operator
Starting Job = job_1428164231378_0039, Tracking URL = http://f01hn02.hadoop:8088/proxy/application_1428164231378_0039/
Kill Command = /usr/hdp/2.2.0.0-2041/hadoop/bin/hadoop job  -kill job_1428164231378_0039
Hadoop job information for Stage-12: number of mappers: 1; number of reducers: 0
2015-04-06 19:40:04,700 Stage-12 map = 0%,  reduce = 0%
2015-04-06 19:40:09,994 Stage-12 map = 100%,  reduce = 0%, Cumulative CPU 1.35 sec
MapReduce Total cumulative CPU time: 1 seconds 350 msec
Ended Job = job_1428164231378_0039
MapReduce Jobs Launched: 
Stage-Stage-1: Map: 48  Reduce: 1   Cumulative CPU: 467.25 sec   HDFS Read: 2077099530 HDFS Write: 128 SUCCESS
Stage-Stage-7: Map: 48  Reduce: 1   Cumulative CPU: 468.34 sec   HDFS Read: 2077099530 HDFS Write: 128 SUCCESS
Stage-Stage-8: Map: 48  Reduce: 1   Cumulative CPU: 475.13 sec   HDFS Read: 2077099530 HDFS Write: 128 SUCCESS
Stage-Stage-9: Map: 48  Reduce: 1   Cumulative CPU: 474.84 sec   HDFS Read: 2077099530 HDFS Write: 128 SUCCESS
Stage-Stage-10: Map: 48  Reduce: 1   Cumulative CPU: 492.79 sec   HDFS Read: 2077099530 HDFS Write: 128 SUCCESS
Stage-Stage-11: Map: 48  Reduce: 1   Cumulative CPU: 466.38 sec   HDFS Read: 2077099530 HDFS Write: 128 SUCCESS
Stage-Stage-24: Map: 1   Cumulative CPU: 1.3 sec   HDFS Read: 534 HDFS Write: 143 SUCCESS
Stage-Stage-21: Map: 1   Cumulative CPU: 1.31 sec   HDFS Read: 549 HDFS Write: 159 SUCCESS
Stage-Stage-18: Map: 1   Cumulative CPU: 1.25 sec   HDFS Read: 565 HDFS Write: 174 SUCCESS
Stage-Stage-15: Map: 1   Cumulative CPU: 1.27 sec   HDFS Read: 580 HDFS Write: 189 SUCCESS
Stage-Stage-12: Map: 1   Cumulative CPU: 1.35 sec   HDFS Read: 595 HDFS Write: 191 SUCCESS
Total MapReduce CPU Time Spent: 47 minutes 31 seconds 210 msec
OK
31.968578263792324	3426580	12074	70.84492466071279	3510218	7692	37.0996390393417	3737724	17314	135.49825683966256	2802167	11836	82.39037145955885	3162245	8695	67.19162011529919	3665452	16101
Time taken: 381.123 seconds, Fetched: 1 row(s)
hive> 