15/04/06 21:50:24 WARN conf.HiveConf: HiveConf of name hive.optimize.mapjoin.mapreduce does not exist
15/04/06 21:50:24 WARN conf.HiveConf: HiveConf of name hive.heapsize does not exist
15/04/06 21:50:24 WARN conf.HiveConf: HiveConf of name hive.server2.enable.impersonation does not exist
15/04/06 21:50:24 WARN conf.HiveConf: HiveConf of name hive.auto.convert.sortmerge.join.noconditionaltask does not exist

Logging initialized using configuration in file:/etc/hive/conf/hive-log4j.properties
SLF4J: Class path contains multiple SLF4J bindings.
SLF4J: Found binding in [jar:file:/usr/hdp/2.2.0.0-2041/hadoop/lib/slf4j-log4j12-1.7.5.jar!/org/slf4j/impl/StaticLoggerBinder.class]
SLF4J: Found binding in [jar:file:/usr/hdp/2.2.0.0-2041/hive/lib/hive-jdbc-0.14.0.2.2.0.0-2041-standalone.jar!/org/slf4j/impl/StaticLoggerBinder.class]
SLF4J: See http://www.slf4j.org/codes.html#multiple_bindings for an explanation.
SLF4J: Actual binding is of type [org.slf4j.impl.Log4jLoggerFactory]
hive> use tpcds_bin_partitioned_orc_100; source query76.sql;
OK
Time taken: 3.001 seconds
Query ID = root_20150406215050_029c1491-d6da-4ce5-855e-1544a50c8df1
Total jobs = 2
SLF4J: Class path contains multiple SLF4J bindings.
SLF4J: Found binding in [jar:file:/usr/hdp/2.2.0.0-2041/hadoop/lib/slf4j-log4j12-1.7.5.jar!/org/slf4j/impl/StaticLoggerBinder.class]
SLF4J: Found binding in [jar:file:/usr/hdp/2.2.0.0-2041/hive/lib/hive-jdbc-0.14.0.2.2.0.0-2041-standalone.jar!/org/slf4j/impl/StaticLoggerBinder.class]
SLF4J: See http://www.slf4j.org/codes.html#multiple_bindings for an explanation.
SLF4J: Actual binding is of type [org.slf4j.impl.Log4jLoggerFactory]
15/04/06 21:51:02 WARN conf.HiveConf: HiveConf of name hive.optimize.mapjoin.mapreduce does not exist
15/04/06 21:51:02 WARN conf.HiveConf: HiveConf of name hive.heapsize does not exist
15/04/06 21:51:02 WARN conf.HiveConf: HiveConf of name hive.server2.enable.impersonation does not exist
15/04/06 21:51:02 WARN conf.HiveConf: HiveConf of name hive.auto.convert.sortmerge.join.noconditionaltask does not exist
Execution log at: /tmp/root/root_20150406215050_029c1491-d6da-4ce5-855e-1544a50c8df1.log
2015-04-06 09:51:03	Starting to launch local task to process map join;	maximum memory = 1065484288
2015-04-06 09:51:10	Processing rows:	200000	Hashtable size:	199999	Memory usage:	60623552	percentage:	0.057
2015-04-06 09:51:13	Processing rows:	200000	Hashtable size:	199999	Memory usage:	133422928	percentage:	0.125
2015-04-06 09:51:15	Processing rows:	200000	Hashtable size:	199999	Memory usage:	208364632	percentage:	0.196
2015-04-06 09:51:16	Dump the side-table for tag: 1 with group count: 73049 into file: file:/tmp/root/fd6b3305-637f-48a8-aad6-3d8f2ed576b3/hive_2015-04-06_21-50-32_100_6540813278814195026-1/-local-10011/HashTable-Stage-3/MapJoin-mapfile01--.hashtable
2015-04-06 09:51:16	Uploaded 1 File to: file:/tmp/root/fd6b3305-637f-48a8-aad6-3d8f2ed576b3/hive_2015-04-06_21-50-32_100_6540813278814195026-1/-local-10011/HashTable-Stage-3/MapJoin-mapfile01--.hashtable (1908807 bytes)
2015-04-06 09:51:16	Dump the side-table for tag: 1 with group count: 204000 into file: file:/tmp/root/fd6b3305-637f-48a8-aad6-3d8f2ed576b3/hive_2015-04-06_21-50-32_100_6540813278814195026-1/-local-10011/HashTable-Stage-3/MapJoin-mapfile11--.hashtable
2015-04-06 09:51:17	Uploaded 1 File to: file:/tmp/root/fd6b3305-637f-48a8-aad6-3d8f2ed576b3/hive_2015-04-06_21-50-32_100_6540813278814195026-1/-local-10011/HashTable-Stage-3/MapJoin-mapfile11--.hashtable (5856501 bytes)
2015-04-06 09:51:17	Dump the side-table for tag: 1 with group count: 73049 into file: file:/tmp/root/fd6b3305-637f-48a8-aad6-3d8f2ed576b3/hive_2015-04-06_21-50-32_100_6540813278814195026-1/-local-10011/HashTable-Stage-3/MapJoin-mapfile21--.hashtable
2015-04-06 09:51:17	Uploaded 1 File to: file:/tmp/root/fd6b3305-637f-48a8-aad6-3d8f2ed576b3/hive_2015-04-06_21-50-32_100_6540813278814195026-1/-local-10011/HashTable-Stage-3/MapJoin-mapfile21--.hashtable (1908807 bytes)
2015-04-06 09:51:17	Dump the side-table for tag: 1 with group count: 204000 into file: file:/tmp/root/fd6b3305-637f-48a8-aad6-3d8f2ed576b3/hive_2015-04-06_21-50-32_100_6540813278814195026-1/-local-10011/HashTable-Stage-3/MapJoin-mapfile31--.hashtable
2015-04-06 09:51:17	Uploaded 1 File to: file:/tmp/root/fd6b3305-637f-48a8-aad6-3d8f2ed576b3/hive_2015-04-06_21-50-32_100_6540813278814195026-1/-local-10011/HashTable-Stage-3/MapJoin-mapfile31--.hashtable (5856501 bytes)
2015-04-06 09:51:17	Dump the side-table for tag: 1 with group count: 73049 into file: file:/tmp/root/fd6b3305-637f-48a8-aad6-3d8f2ed576b3/hive_2015-04-06_21-50-32_100_6540813278814195026-1/-local-10011/HashTable-Stage-3/MapJoin-mapfile41--.hashtable
2015-04-06 09:51:17	Uploaded 1 File to: file:/tmp/root/fd6b3305-637f-48a8-aad6-3d8f2ed576b3/hive_2015-04-06_21-50-32_100_6540813278814195026-1/-local-10011/HashTable-Stage-3/MapJoin-mapfile41--.hashtable (1908807 bytes)
2015-04-06 09:51:17	Dump the side-table for tag: 1 with group count: 204000 into file: file:/tmp/root/fd6b3305-637f-48a8-aad6-3d8f2ed576b3/hive_2015-04-06_21-50-32_100_6540813278814195026-1/-local-10011/HashTable-Stage-3/MapJoin-mapfile51--.hashtable
2015-04-06 09:51:17	Uploaded 1 File to: file:/tmp/root/fd6b3305-637f-48a8-aad6-3d8f2ed576b3/hive_2015-04-06_21-50-32_100_6540813278814195026-1/-local-10011/HashTable-Stage-3/MapJoin-mapfile51--.hashtable (5856501 bytes)
2015-04-06 09:51:17	End of local task; Time Taken: 13.501 sec.
Execution completed successfully
MapredLocal task succeeded
Launching Job 1 out of 2
Number of reduce tasks not specified. Estimated from input data size: 371
In order to change the average load for a reducer (in bytes):
  set hive.exec.reducers.bytes.per.reducer=<number>
In order to limit the maximum number of reducers:
  set hive.exec.reducers.max=<number>
In order to set a constant number of reducers:
  set mapreduce.job.reduces=<number>
Starting Job = job_1428164231378_0150, Tracking URL = http://f01hn02.hadoop:8088/proxy/application_1428164231378_0150/
Kill Command = /usr/hdp/2.2.0.0-2041/hadoop/bin/hadoop job  -kill job_1428164231378_0150
Hadoop job information for Stage-3: number of mappers: 97; number of reducers: 371
2015-04-06 21:51:48,418 Stage-3 map = 0%,  reduce = 0%
2015-04-06 21:51:57,062 Stage-3 map = 1%,  reduce = 0%, Cumulative CPU 9.61 sec
2015-04-06 21:51:58,135 Stage-3 map = 4%,  reduce = 0%, Cumulative CPU 42.88 sec
2015-04-06 21:52:33,275 Stage-3 map = 5%,  reduce = 0%, Cumulative CPU 967.73 sec
2015-04-06 21:52:35,403 Stage-3 map = 6%,  reduce = 0%, Cumulative CPU 1036.63 sec
2015-04-06 21:52:36,466 Stage-3 map = 7%,  reduce = 0%, Cumulative CPU 1095.73 sec
2015-04-06 21:52:37,530 Stage-3 map = 9%,  reduce = 0%, Cumulative CPU 1178.64 sec
2015-04-06 21:52:38,596 Stage-3 map = 10%,  reduce = 0%, Cumulative CPU 1214.28 sec
2015-04-06 21:52:39,660 Stage-3 map = 12%,  reduce = 0%, Cumulative CPU 1279.42 sec
2015-04-06 21:52:40,723 Stage-3 map = 15%,  reduce = 0%, Cumulative CPU 1332.48 sec
2015-04-06 21:52:41,790 Stage-3 map = 17%,  reduce = 0%, Cumulative CPU 1372.3 sec
2015-04-06 21:52:42,853 Stage-3 map = 20%,  reduce = 0%, Cumulative CPU 1404.03 sec
2015-04-06 21:52:43,916 Stage-3 map = 24%,  reduce = 0%, Cumulative CPU 1458.46 sec
2015-04-06 21:52:44,983 Stage-3 map = 27%,  reduce = 0%, Cumulative CPU 1505.23 sec
2015-04-06 21:52:46,046 Stage-3 map = 29%,  reduce = 0%, Cumulative CPU 1531.53 sec
2015-04-06 21:52:47,108 Stage-3 map = 33%,  reduce = 0%, Cumulative CPU 1584.96 sec
2015-04-06 21:52:48,177 Stage-3 map = 36%,  reduce = 0%, Cumulative CPU 1629.05 sec
2015-04-06 21:52:49,233 Stage-3 map = 39%,  reduce = 0%, Cumulative CPU 1664.26 sec
2015-04-06 21:52:50,297 Stage-3 map = 41%,  reduce = 0%, Cumulative CPU 1694.29 sec
2015-04-06 21:52:51,365 Stage-3 map = 46%,  reduce = 0%, Cumulative CPU 1754.05 sec
2015-04-06 21:52:52,428 Stage-3 map = 49%,  reduce = 0%, Cumulative CPU 1795.9 sec
2015-04-06 21:52:53,493 Stage-3 map = 53%,  reduce = 0%, Cumulative CPU 1822.53 sec
2015-04-06 21:52:54,557 Stage-3 map = 61%,  reduce = 0%, Cumulative CPU 1883.06 sec
2015-04-06 21:52:55,623 Stage-3 map = 68%,  reduce = 0%, Cumulative CPU 1925.46 sec
2015-04-06 21:52:56,682 Stage-3 map = 77%,  reduce = 0%, Cumulative CPU 1961.36 sec
2015-04-06 21:52:57,718 Stage-3 map = 87%,  reduce = 0%, Cumulative CPU 2008.64 sec
2015-04-06 21:52:58,780 Stage-3 map = 98%,  reduce = 0%, Cumulative CPU 2051.05 sec
2015-04-06 21:52:59,853 Stage-3 map = 100%,  reduce = 0%, Cumulative CPU 2057.74 sec
2015-04-06 21:53:00,928 Stage-3 map = 100%,  reduce = 9%, Cumulative CPU 2115.72 sec
2015-04-06 21:53:01,998 Stage-3 map = 100%,  reduce = 13%, Cumulative CPU 2143.17 sec
2015-04-06 21:53:03,063 Stage-3 map = 100%,  reduce = 16%, Cumulative CPU 2164.64 sec
2015-04-06 21:53:04,131 Stage-3 map = 100%,  reduce = 19%, Cumulative CPU 2192.38 sec
2015-04-06 21:53:05,201 Stage-3 map = 100%,  reduce = 25%, Cumulative CPU 2231.4 sec
2015-04-06 21:53:06,268 Stage-3 map = 100%,  reduce = 31%, Cumulative CPU 2271.07 sec
2015-04-06 21:53:07,324 Stage-3 map = 100%,  reduce = 41%, Cumulative CPU 2347.94 sec
2015-04-06 21:53:08,394 Stage-3 map = 100%,  reduce = 47%, Cumulative CPU 2384.78 sec
2015-04-06 21:53:09,459 Stage-3 map = 100%,  reduce = 52%, Cumulative CPU 2426.79 sec
2015-04-06 21:53:10,523 Stage-3 map = 100%,  reduce = 56%, Cumulative CPU 2456.15 sec
2015-04-06 21:53:11,590 Stage-3 map = 100%,  reduce = 60%, Cumulative CPU 2480.28 sec
2015-04-06 21:53:12,656 Stage-3 map = 100%,  reduce = 66%, Cumulative CPU 2526.13 sec
2015-04-06 21:53:13,723 Stage-3 map = 100%,  reduce = 76%, Cumulative CPU 2592.45 sec
2015-04-06 21:53:14,785 Stage-3 map = 100%,  reduce = 86%, Cumulative CPU 2662.36 sec
2015-04-06 21:53:15,845 Stage-3 map = 100%,  reduce = 98%, Cumulative CPU 2741.07 sec
2015-04-06 21:53:16,907 Stage-3 map = 100%,  reduce = 100%, Cumulative CPU 2754.49 sec
MapReduce Total cumulative CPU time: 45 minutes 54 seconds 490 msec
Ended Job = job_1428164231378_0150
Launching Job 2 out of 2
Number of reduce tasks determined at compile time: 1
In order to change the average load for a reducer (in bytes):
  set hive.exec.reducers.bytes.per.reducer=<number>
In order to limit the maximum number of reducers:
  set hive.exec.reducers.max=<number>
In order to set a constant number of reducers:
  set mapreduce.job.reduces=<number>
Starting Job = job_1428164231378_0151, Tracking URL = http://f01hn02.hadoop:8088/proxy/application_1428164231378_0151/
Kill Command = /usr/hdp/2.2.0.0-2041/hadoop/bin/hadoop job  -kill job_1428164231378_0151
Hadoop job information for Stage-4: number of mappers: 4; number of reducers: 1
2015-04-06 21:53:23,139 Stage-4 map = 0%,  reduce = 0%
2015-04-06 21:53:28,399 Stage-4 map = 50%,  reduce = 0%, Cumulative CPU 3.19 sec
2015-04-06 21:53:29,459 Stage-4 map = 100%,  reduce = 0%, Cumulative CPU 7.88 sec
2015-04-06 21:53:33,705 Stage-4 map = 100%,  reduce = 100%, Cumulative CPU 9.25 sec
MapReduce Total cumulative CPU time: 9 seconds 250 msec
Ended Job = job_1428164231378_0151
MapReduce Jobs Launched: 
Stage-Stage-3: Map: 97  Reduce: 371   Cumulative CPU: 2754.49 sec   HDFS Read: 3371324511 HDFS Write: 74806 SUCCESS
Stage-Stage-4: Map: 4  Reduce: 1   Cumulative CPU: 9.25 sec   HDFS Read: 172217 HDFS Write: 6055 SUCCESS
Total MapReduce CPU Time Spent: 46 minutes 3 seconds 740 msec
OK
catalog	cs_warehouse_sk	1998	1		24	17377.69012451172
catalog	cs_warehouse_sk	1998	1	Books	988	1471310.43075943
catalog	cs_warehouse_sk	1998	1	Children	986	1297900.0977293253
catalog	cs_warehouse_sk	1998	1	Electronics	1059	1299582.4011551142
catalog	cs_warehouse_sk	1998	1	Home	961	1280542.0763669014
catalog	cs_warehouse_sk	1998	1	Jewelry	1013	1242775.9200562239
catalog	cs_warehouse_sk	1998	1	Men	1031	1343043.3706364632
catalog	cs_warehouse_sk	1998	1	Music	1108	1430996.7923029661
catalog	cs_warehouse_sk	1998	1	Shoes	1018	1330079.921034813
catalog	cs_warehouse_sk	1998	1	Sports	1016	1310913.5804570317
catalog	cs_warehouse_sk	1998	1	Women	1029	1319171.1305470467
catalog	cs_warehouse_sk	1998	2		26	44920.6701965332
catalog	cs_warehouse_sk	1998	2	Books	1044	1307214.5791553855
catalog	cs_warehouse_sk	1998	2	Children	1020	1218465.8994402885
catalog	cs_warehouse_sk	1998	2	Electronics	992	1239572.6266803741
catalog	cs_warehouse_sk	1998	2	Home	1073	1445936.6207199097
catalog	cs_warehouse_sk	1998	2	Jewelry	1025	1153202.6102657318
catalog	cs_warehouse_sk	1998	2	Men	975	1206795.98357296
catalog	cs_warehouse_sk	1998	2	Music	1046	1348807.2377274036
catalog	cs_warehouse_sk	1998	2	Shoes	1001	1266940.254374981
catalog	cs_warehouse_sk	1998	2	Sports	1048	1245560.1269797087
catalog	cs_warehouse_sk	1998	2	Women	1051	1324817.2697799206
catalog	cs_warehouse_sk	1998	3		53	84630.44915390015
catalog	cs_warehouse_sk	1998	3	Books	1953	2479527.9912731647
catalog	cs_warehouse_sk	1998	3	Children	1887	2435932.1385391355
catalog	cs_warehouse_sk	1998	3	Electronics	1902	2450167.511284411
catalog	cs_warehouse_sk	1998	3	Home	1943	2309836.519272208
catalog	cs_warehouse_sk	1998	3	Jewelry	1963	2490233.3914203644
catalog	cs_warehouse_sk	1998	3	Men	1865	2523101.71328038
catalog	cs_warehouse_sk	1998	3	Music	1941	2543493.8796020746
catalog	cs_warehouse_sk	1998	3	Shoes	1929	2369749.5030213594
catalog	cs_warehouse_sk	1998	3	Sports	1952	2444052.2684619427
catalog	cs_warehouse_sk	1998	3	Women	1839	2510109.667475462
catalog	cs_warehouse_sk	1998	4		70	96165.1408405304
catalog	cs_warehouse_sk	1998	4	Books	3127	4033423.891100526
catalog	cs_warehouse_sk	1998	4	Children	3119	4044465.9465736747
catalog	cs_warehouse_sk	1998	4	Electronics	3178	3968521.983440459
catalog	cs_warehouse_sk	1998	4	Home	3140	4004318.815920122
catalog	cs_warehouse_sk	1998	4	Jewelry	2999	3800838.6764485836
catalog	cs_warehouse_sk	1998	4	Men	3209	4213199.086481333
catalog	cs_warehouse_sk	1998	4	Music	3142	4215495.280827403
catalog	cs_warehouse_sk	1998	4	Shoes	3223	4109759.8889915347
catalog	cs_warehouse_sk	1998	4	Sports	3262	4053897.245931819
catalog	cs_warehouse_sk	1998	4	Women	3090	4009098.3446456194
catalog	cs_warehouse_sk	1999	1		26	17061.099617004395
catalog	cs_warehouse_sk	1999	1	Books	1026	1390158.7888174057
catalog	cs_warehouse_sk	1999	1	Children	1012	1310175.947880268
catalog	cs_warehouse_sk	1999	1	Electronics	1034	1366199.9450221062
catalog	cs_warehouse_sk	1999	1	Home	1035	1275691.4041538239
catalog	cs_warehouse_sk	1999	1	Jewelry	1001	1346166.8523859978
catalog	cs_warehouse_sk	1999	1	Men	961	1180079.7687319517
catalog	cs_warehouse_sk	1999	1	Music	1004	1366866.1541633606
catalog	cs_warehouse_sk	1999	1	Shoes	1041	1278432.9249589443
catalog	cs_warehouse_sk	1999	1	Sports	1052	1398015.558877468
catalog	cs_warehouse_sk	1999	1	Women	1037	1404807.1604725122
catalog	cs_warehouse_sk	1999	2		22	32984.71926879883
catalog	cs_warehouse_sk	1999	2	Books	1013	1215146.3108097315
catalog	cs_warehouse_sk	1999	2	Children	1022	1344861.4856016636
catalog	cs_warehouse_sk	1999	2	Electronics	1016	1246423.3570907712
catalog	cs_warehouse_sk	1999	2	Home	970	1229489.2174081802
catalog	cs_warehouse_sk	1999	2	Jewelry	1034	1358647.6897382736
catalog	cs_warehouse_sk	1999	2	Men	978	1298235.1882076263
catalog	cs_warehouse_sk	1999	2	Music	1099	1411857.1893231869
catalog	cs_warehouse_sk	1999	2	Shoes	1039	1534061.59529984
catalog	cs_warehouse_sk	1999	2	Sports	1033	1291603.047463894
catalog	cs_warehouse_sk	1999	2	Women	1068	1299739.378185749
catalog	cs_warehouse_sk	1999	3		53	69379.8603439331
catalog	cs_warehouse_sk	1999	3	Books	1927	2396661.944406867
catalog	cs_warehouse_sk	1999	3	Children	1843	2265010.7081377506
catalog	cs_warehouse_sk	1999	3	Electronics	1970	2473101.148919381
catalog	cs_warehouse_sk	1999	3	Home	1866	2438272.6393164396
catalog	cs_warehouse_sk	1999	3	Jewelry	1931	2471582.481310129
catalog	cs_warehouse_sk	1999	3	Men	1844	2394290.274329841
catalog	cs_warehouse_sk	1999	3	Music	1971	2712365.311583638
catalog	cs_warehouse_sk	1999	3	Shoes	1923	2138208.038845122
catalog	cs_warehouse_sk	1999	3	Sports	1989	2422135.71058172
catalog	cs_warehouse_sk	1999	3	Women	1876	2404801.6046561003
catalog	cs_warehouse_sk	1999	4		80	99537.87091827393
catalog	cs_warehouse_sk	1999	4	Books	3158	3908241.4428147078
catalog	cs_warehouse_sk	1999	4	Children	3151	3706877.2969403863
catalog	cs_warehouse_sk	1999	4	Electronics	3168	4011653.5880073905
catalog	cs_warehouse_sk	1999	4	Home	3184	4157596.4025450945
catalog	cs_warehouse_sk	1999	4	Jewelry	3150	3955176.4646068215
catalog	cs_warehouse_sk	1999	4	Men	3127	4000495.4305594563
catalog	cs_warehouse_sk	1999	4	Music	3181	3911267.3086001426
catalog	cs_warehouse_sk	1999	4	Shoes	3149	4076588.361004114
catalog	cs_warehouse_sk	1999	4	Sports	3228	4147113.059085369
catalog	cs_warehouse_sk	1999	4	Women	3094	3738100.531541884
catalog	cs_warehouse_sk	2000	1		30	32642.260681152344
catalog	cs_warehouse_sk	2000	1	Books	1012	1328142.8130526543
catalog	cs_warehouse_sk	2000	1	Children	1028	1229834.0984270573
catalog	cs_warehouse_sk	2000	1	Electronics	992	1148194.791782856
catalog	cs_warehouse_sk	2000	1	Home	1046	1284027.6295375824
catalog	cs_warehouse_sk	2000	1	Jewelry	1021	1325590.2494716644
catalog	cs_warehouse_sk	2000	1	Men	1115	1426911.799211681
catalog	cs_warehouse_sk	2000	1	Music	1063	1309489.3880074024
catalog	cs_warehouse_sk	2000	1	Shoes	1018	1395528.6970398426
catalog	cs_warehouse_sk	2000	1	Sports	1080	1305947.2577596903
catalog	cs_warehouse_sk	2000	1	Women	1051	1234267.632988453
catalog	cs_warehouse_sk	2000	2		21	21271.380004882812
Time taken: 182.853 seconds, Fetched: 100 row(s)
hive> 