15/04/06 20:06:11 WARN conf.HiveConf: HiveConf of name hive.optimize.mapjoin.mapreduce does not exist
15/04/06 20:06:11 WARN conf.HiveConf: HiveConf of name hive.heapsize does not exist
15/04/06 20:06:11 WARN conf.HiveConf: HiveConf of name hive.server2.enable.impersonation does not exist
15/04/06 20:06:11 WARN conf.HiveConf: HiveConf of name hive.auto.convert.sortmerge.join.noconditionaltask does not exist

Logging initialized using configuration in file:/etc/hive/conf/hive-log4j.properties
SLF4J: Class path contains multiple SLF4J bindings.
SLF4J: Found binding in [jar:file:/usr/hdp/2.2.0.0-2041/hadoop/lib/slf4j-log4j12-1.7.5.jar!/org/slf4j/impl/StaticLoggerBinder.class]
SLF4J: Found binding in [jar:file:/usr/hdp/2.2.0.0-2041/hive/lib/hive-jdbc-0.14.0.2.2.0.0-2041-standalone.jar!/org/slf4j/impl/StaticLoggerBinder.class]
SLF4J: See http://www.slf4j.org/codes.html#multiple_bindings for an explanation.
SLF4J: Actual binding is of type [org.slf4j.impl.Log4jLoggerFactory]
hive> use tpcds_bin_partitioned_orc_100; source query40.sql;
OK
Time taken: 2.803 seconds
Query ID = root_20150406200606_1e124047-9ff8-4678-81dd-f5235865a2ad
Total jobs = 3
Stage-1 is selected by condition resolver.
Launching Job 1 out of 3
Number of reduce tasks not specified. Estimated from input data size: 138
In order to change the average load for a reducer (in bytes):
  set hive.exec.reducers.bytes.per.reducer=<number>
In order to limit the maximum number of reducers:
  set hive.exec.reducers.max=<number>
In order to set a constant number of reducers:
  set mapreduce.job.reduces=<number>
Starting Job = job_1428164231378_0061, Tracking URL = http://f01hn02.hadoop:8088/proxy/application_1428164231378_0061/
Kill Command = /usr/hdp/2.2.0.0-2041/hadoop/bin/hadoop job  -kill job_1428164231378_0061
Hadoop job information for Stage-1: number of mappers: 39; number of reducers: 138
2015-04-06 20:07:02,468 Stage-1 map = 0%,  reduce = 0%
2015-04-06 20:07:12,122 Stage-1 map = 3%,  reduce = 0%, Cumulative CPU 16.27 sec
2015-04-06 20:07:15,339 Stage-1 map = 4%,  reduce = 0%, Cumulative CPU 20.47 sec
2015-04-06 20:07:19,585 Stage-1 map = 9%,  reduce = 0%, Cumulative CPU 144.37 sec
2015-04-06 20:07:20,656 Stage-1 map = 17%,  reduce = 0%, Cumulative CPU 370.17 sec
2015-04-06 20:07:22,795 Stage-1 map = 23%,  reduce = 0%, Cumulative CPU 417.13 sec
2015-04-06 20:07:23,868 Stage-1 map = 31%,  reduce = 0%, Cumulative CPU 485.32 sec
2015-04-06 20:07:24,938 Stage-1 map = 32%,  reduce = 0%, Cumulative CPU 488.91 sec
2015-04-06 20:07:26,009 Stage-1 map = 37%,  reduce = 0%, Cumulative CPU 536.38 sec
2015-04-06 20:07:27,078 Stage-1 map = 44%,  reduce = 0%, Cumulative CPU 592.15 sec
2015-04-06 20:07:29,187 Stage-1 map = 48%,  reduce = 0%, Cumulative CPU 631.4 sec
2015-04-06 20:07:30,227 Stage-1 map = 54%,  reduce = 0%, Cumulative CPU 688.59 sec
2015-04-06 20:07:32,313 Stage-1 map = 58%,  reduce = 0%, Cumulative CPU 730.62 sec
2015-04-06 20:07:33,362 Stage-1 map = 64%,  reduce = 0%, Cumulative CPU 793.88 sec
2015-04-06 20:07:34,406 Stage-1 map = 64%,  reduce = 1%, Cumulative CPU 797.66 sec
2015-04-06 20:07:35,474 Stage-1 map = 65%,  reduce = 1%, Cumulative CPU 839.66 sec
2015-04-06 20:07:36,544 Stage-1 map = 67%,  reduce = 1%, Cumulative CPU 910.41 sec
2015-04-06 20:07:37,616 Stage-1 map = 67%,  reduce = 2%, Cumulative CPU 920.43 sec
2015-04-06 20:07:38,686 Stage-1 map = 68%,  reduce = 2%, Cumulative CPU 966.67 sec
2015-04-06 20:07:41,886 Stage-1 map = 69%,  reduce = 3%, Cumulative CPU 1101.09 sec
2015-04-06 20:07:44,018 Stage-1 map = 69%,  reduce = 4%, Cumulative CPU 1178.11 sec
2015-04-06 20:07:45,086 Stage-1 map = 71%,  reduce = 4%, Cumulative CPU 1238.94 sec
2015-04-06 20:07:46,150 Stage-1 map = 72%,  reduce = 5%, Cumulative CPU 1298.36 sec
2015-04-06 20:07:47,217 Stage-1 map = 73%,  reduce = 5%, Cumulative CPU 1314.9 sec
2015-04-06 20:07:48,280 Stage-1 map = 75%,  reduce = 6%, Cumulative CPU 1371.02 sec
2015-04-06 20:07:49,349 Stage-1 map = 78%,  reduce = 7%, Cumulative CPU 1429.85 sec
2015-04-06 20:07:50,415 Stage-1 map = 88%,  reduce = 9%, Cumulative CPU 1462.13 sec
2015-04-06 20:07:51,478 Stage-1 map = 94%,  reduce = 11%, Cumulative CPU 1497.17 sec
2015-04-06 20:07:52,547 Stage-1 map = 97%,  reduce = 13%, Cumulative CPU 1515.35 sec
2015-04-06 20:07:53,614 Stage-1 map = 97%,  reduce = 14%, Cumulative CPU 1522.69 sec
2015-04-06 20:07:54,676 Stage-1 map = 97%,  reduce = 16%, Cumulative CPU 1537.72 sec
2015-04-06 20:07:55,740 Stage-1 map = 97%,  reduce = 19%, Cumulative CPU 1543.15 sec
2015-04-06 20:07:56,809 Stage-1 map = 98%,  reduce = 22%, Cumulative CPU 1554.34 sec
2015-04-06 20:07:57,875 Stage-1 map = 98%,  reduce = 25%, Cumulative CPU 1563.49 sec
2015-04-06 20:07:58,940 Stage-1 map = 98%,  reduce = 26%, Cumulative CPU 1567.65 sec
2015-04-06 20:08:00,009 Stage-1 map = 98%,  reduce = 28%, Cumulative CPU 1578.64 sec
2015-04-06 20:08:02,142 Stage-1 map = 100%,  reduce = 29%, Cumulative CPU 1601.44 sec
2015-04-06 20:08:03,207 Stage-1 map = 100%,  reduce = 35%, Cumulative CPU 1635.53 sec
2015-04-06 20:08:04,277 Stage-1 map = 100%,  reduce = 47%, Cumulative CPU 1724.27 sec
2015-04-06 20:08:05,343 Stage-1 map = 100%,  reduce = 59%, Cumulative CPU 1944.77 sec
2015-04-06 20:08:06,407 Stage-1 map = 100%,  reduce = 71%, Cumulative CPU 2234.43 sec
2015-04-06 20:08:07,474 Stage-1 map = 100%,  reduce = 77%, Cumulative CPU 2460.97 sec
2015-04-06 20:08:08,535 Stage-1 map = 100%,  reduce = 92%, Cumulative CPU 2731.65 sec
2015-04-06 20:08:09,574 Stage-1 map = 100%,  reduce = 100%, Cumulative CPU 2886.02 sec
MapReduce Total cumulative CPU time: 48 minutes 6 seconds 20 msec
Ended Job = job_1428164231378_0061
SLF4J: Class path contains multiple SLF4J bindings.
SLF4J: Found binding in [jar:file:/usr/hdp/2.2.0.0-2041/hadoop/lib/slf4j-log4j12-1.7.5.jar!/org/slf4j/impl/StaticLoggerBinder.class]
SLF4J: Found binding in [jar:file:/usr/hdp/2.2.0.0-2041/hive/lib/hive-jdbc-0.14.0.2.2.0.0-2041-standalone.jar!/org/slf4j/impl/StaticLoggerBinder.class]
SLF4J: See http://www.slf4j.org/codes.html#multiple_bindings for an explanation.
SLF4J: Actual binding is of type [org.slf4j.impl.Log4jLoggerFactory]
15/04/06 20:08:16 WARN conf.HiveConf: HiveConf of name hive.optimize.mapjoin.mapreduce does not exist
15/04/06 20:08:16 WARN conf.HiveConf: HiveConf of name hive.heapsize does not exist
15/04/06 20:08:16 WARN conf.HiveConf: HiveConf of name hive.server2.enable.impersonation does not exist
15/04/06 20:08:16 WARN conf.HiveConf: HiveConf of name hive.auto.convert.sortmerge.join.noconditionaltask does not exist
Execution log at: /tmp/root/root_20150406200606_1e124047-9ff8-4678-81dd-f5235865a2ad.log
2015-04-06 08:08:17	Starting to launch local task to process map join;	maximum memory = 1065484288
2015-04-06 08:08:22	Dump the side-table for tag: 1 with group count: 61 into file: file:/tmp/root/0538d2a3-76cb-4954-9822-cc8b138efb8d/hive_2015-04-06_20-06-18_160_866882876655904794-1/-local-10009/HashTable-Stage-5/MapJoin-mapfile01--.hashtable
2015-04-06 08:08:22	Uploaded 1 File to: file:/tmp/root/0538d2a3-76cb-4954-9822-cc8b138efb8d/hive_2015-04-06_20-06-18_160_866882876655904794-1/-local-10009/HashTable-Stage-5/MapJoin-mapfile01--.hashtable (2281 bytes)
2015-04-06 08:08:22	Dump the side-table for tag: 1 with group count: 12587 into file: file:/tmp/root/0538d2a3-76cb-4954-9822-cc8b138efb8d/hive_2015-04-06_20-06-18_160_866882876655904794-1/-local-10009/HashTable-Stage-5/MapJoin-mapfile11--.hashtable
2015-04-06 08:08:23	Uploaded 1 File to: file:/tmp/root/0538d2a3-76cb-4954-9822-cc8b138efb8d/hive_2015-04-06_20-06-18_160_866882876655904794-1/-local-10009/HashTable-Stage-5/MapJoin-mapfile11--.hashtable (540018 bytes)
2015-04-06 08:08:23	Dump the side-table for tag: 1 with group count: 15 into file: file:/tmp/root/0538d2a3-76cb-4954-9822-cc8b138efb8d/hive_2015-04-06_20-06-18_160_866882876655904794-1/-local-10009/HashTable-Stage-5/MapJoin-mapfile21--.hashtable
2015-04-06 08:08:23	Uploaded 1 File to: file:/tmp/root/0538d2a3-76cb-4954-9822-cc8b138efb8d/hive_2015-04-06_20-06-18_160_866882876655904794-1/-local-10009/HashTable-Stage-5/MapJoin-mapfile21--.hashtable (593 bytes)
2015-04-06 08:08:23	End of local task; Time Taken: 5.788 sec.
Execution completed successfully
MapredLocal task succeeded
Launching Job 2 out of 3
Number of reduce tasks not specified. Estimated from input data size: 65
In order to change the average load for a reducer (in bytes):
  set hive.exec.reducers.bytes.per.reducer=<number>
In order to limit the maximum number of reducers:
  set hive.exec.reducers.max=<number>
In order to set a constant number of reducers:
  set mapreduce.job.reduces=<number>
Starting Job = job_1428164231378_0062, Tracking URL = http://f01hn02.hadoop:8088/proxy/application_1428164231378_0062/
Kill Command = /usr/hdp/2.2.0.0-2041/hadoop/bin/hadoop job  -kill job_1428164231378_0062
Hadoop job information for Stage-5: number of mappers: 16; number of reducers: 65
2015-04-06 20:08:29,700 Stage-5 map = 0%,  reduce = 0%
2015-04-06 20:08:43,512 Stage-5 map = 1%,  reduce = 0%, Cumulative CPU 136.24 sec
2015-04-06 20:08:44,578 Stage-5 map = 8%,  reduce = 0%, Cumulative CPU 188.58 sec
2015-04-06 20:08:46,702 Stage-5 map = 9%,  reduce = 0%, Cumulative CPU 210.05 sec
2015-04-06 20:08:47,765 Stage-5 map = 12%,  reduce = 0%, Cumulative CPU 247.48 sec
2015-04-06 20:08:49,885 Stage-5 map = 13%,  reduce = 0%, Cumulative CPU 268.86 sec
2015-04-06 20:08:50,948 Stage-5 map = 17%,  reduce = 0%, Cumulative CPU 304.81 sec
2015-04-06 20:08:53,073 Stage-5 map = 26%,  reduce = 0%, Cumulative CPU 351.57 sec
2015-04-06 20:08:54,134 Stage-5 map = 27%,  reduce = 0%, Cumulative CPU 362.47 sec
2015-04-06 20:08:56,261 Stage-5 map = 32%,  reduce = 0%, Cumulative CPU 418.79 sec
2015-04-06 20:08:59,447 Stage-5 map = 37%,  reduce = 0%, Cumulative CPU 475.15 sec
2015-04-06 20:09:02,630 Stage-5 map = 42%,  reduce = 0%, Cumulative CPU 528.08 sec
2015-04-06 20:09:04,757 Stage-5 map = 42%,  reduce = 1%, Cumulative CPU 533.8 sec
2015-04-06 20:09:05,817 Stage-5 map = 47%,  reduce = 1%, Cumulative CPU 590.72 sec
2015-04-06 20:09:07,944 Stage-5 map = 48%,  reduce = 2%, Cumulative CPU 606.66 sec
2015-04-06 20:09:09,008 Stage-5 map = 54%,  reduce = 2%, Cumulative CPU 656.42 sec
2015-04-06 20:09:11,133 Stage-5 map = 55%,  reduce = 2%, Cumulative CPU 670.26 sec
2015-04-06 20:09:12,194 Stage-5 map = 61%,  reduce = 3%, Cumulative CPU 721.1 sec
2015-04-06 20:09:14,318 Stage-5 map = 67%,  reduce = 4%, Cumulative CPU 748.09 sec
2015-04-06 20:09:15,378 Stage-5 map = 77%,  reduce = 7%, Cumulative CPU 782.18 sec
2015-04-06 20:09:16,437 Stage-5 map = 94%,  reduce = 13%, Cumulative CPU 801.67 sec
2015-04-06 20:09:17,506 Stage-5 map = 94%,  reduce = 21%, Cumulative CPU 806.26 sec
2015-04-06 20:09:18,570 Stage-5 map = 100%,  reduce = 37%, Cumulative CPU 824.55 sec
2015-04-06 20:09:19,637 Stage-5 map = 100%,  reduce = 98%, Cumulative CPU 944.88 sec
2015-04-06 20:09:20,701 Stage-5 map = 100%,  reduce = 100%, Cumulative CPU 948.03 sec
MapReduce Total cumulative CPU time: 15 minutes 48 seconds 30 msec
Ended Job = job_1428164231378_0062
Launching Job 3 out of 3
Number of reduce tasks determined at compile time: 1
In order to change the average load for a reducer (in bytes):
  set hive.exec.reducers.bytes.per.reducer=<number>
In order to limit the maximum number of reducers:
  set hive.exec.reducers.max=<number>
In order to set a constant number of reducers:
  set mapreduce.job.reduces=<number>
Starting Job = job_1428164231378_0063, Tracking URL = http://f01hn02.hadoop:8088/proxy/application_1428164231378_0063/
Kill Command = /usr/hdp/2.2.0.0-2041/hadoop/bin/hadoop job  -kill job_1428164231378_0063
Hadoop job information for Stage-6: number of mappers: 4; number of reducers: 1
2015-04-06 20:09:26,924 Stage-6 map = 0%,  reduce = 0%
2015-04-06 20:09:32,237 Stage-6 map = 50%,  reduce = 0%, Cumulative CPU 4.05 sec
2015-04-06 20:09:33,317 Stage-6 map = 100%,  reduce = 0%, Cumulative CPU 10.75 sec
2015-04-06 20:09:37,562 Stage-6 map = 100%,  reduce = 100%, Cumulative CPU 12.19 sec
MapReduce Total cumulative CPU time: 12 seconds 190 msec
Ended Job = job_1428164231378_0063
MapReduce Jobs Launched: 
Stage-Stage-1: Map: 39  Reduce: 138   Cumulative CPU: 2886.02 sec   HDFS Read: 1068055354 HDFS Write: 4339349761 SUCCESS
Stage-Stage-5: Map: 16  Reduce: 65   Cumulative CPU: 948.03 sec   HDFS Read: 4339387961 HDFS Write: 2384905 SUCCESS
Stage-Stage-6: Map: 4  Reduce: 1   Cumulative CPU: 12.19 sec   HDFS Read: 2402385 HDFS Write: 4772 SUCCESS
Total MapReduce CPU Time Spent: 0 days 1 hours 4 minutes 6 seconds 240 msec
OK
AL	AAAAAAAAAAAACAAA	117.76000213623047	168.04999542236328
AL	AAAAAAAAAAADCAAA	0.0	3.380000114440918
AL	AAAAAAAAAAANAAAA	0.0	2.1600000858306885
AL	AAAAAAAAAABFBAAA	45.529998779296875	14.239999771118164
AL	AAAAAAAAAABPBAAA	237.79000091552734	0.0
AL	AAAAAAAAAACDAAAA	21.479999542236328	0.0
AL	AAAAAAAAAACNCAAA	125.85000199079514	48.46000099182129
AL	AAAAAAAAAAEFBAAA	0.0	13.730000138282776
AL	AAAAAAAAAAEIBAAA	0.0	182.80999755859375
AL	AAAAAAAAAAFACAAA	63.63999938964844	169.8499994277954
AL	AAAAAAAAAAFADAAA	59.610002517700195	0.0
AL	AAAAAAAAAAFBBAAA	0.0	-277.2299680709839
AL	AAAAAAAAAAFFBAAA	35.64999866485596	54.35999870300293
AL	AAAAAAAAAAFKBAAA	71.5	21.399999618530273
AL	AAAAAAAAAAFLAAAA	83.95999908447266	0.0
AL	AAAAAAAAAAFPAAAA	196.06000518798828	159.16000366210938
AL	AAAAAAAAAAGCCAAA	84.31999969482422	0.0
AL	AAAAAAAAAAGJBAAA	0.0	81.31999969482422
AL	AAAAAAAAAAGOCAAA	9.449999809265137	-30.899996042251587
AL	AAAAAAAAAAHECAAA	-1231.0799560546875	0.7799999713897705
AL	AAAAAAAAAAHMAAAA	0.0	100.17000007629395
AL	AAAAAAAAAAIIAAAA	-704.7999544143677	0.0
AL	AAAAAAAAAAJFCAAA	116.55000305175781	0.0
AL	AAAAAAAAAAJMBAAA	11.510000228881836	113.38999652862549
AL	AAAAAAAAAAKBDAAA	16.6200008392334	0.0
AL	AAAAAAAAAAKNAAAA	35.170000076293945	-367.44000244140625
AL	AAAAAAAAAALAAAAA	23.55000066757202	80.45999908447266
AL	AAAAAAAAAALADAAA	0.0	0.3100000023841858
AL	AAAAAAAAAALCBAAA	13.65999984741211	28.970000743865967
AL	AAAAAAAAAAMJBAAA	0.0	152.78999519348145
AL	AAAAAAAAAANCBAAA	34.5099983215332	146.49000549316406
AL	AAAAAAAAAANKAAAA	219.51000213623047	0.0
AL	AAAAAAAAAAOHCAAA	4.309999942779541	5.329999923706055
AL	AAAAAAAAAAPBBAAA	0.0	28.910000324249268
AL	AAAAAAAAABCFAAAA	10.039999961853027	98.86000061035156
AL	AAAAAAAAABCPBAAA	159.20999908447266	2.490000009536743
AL	AAAAAAAAABDAAAAA	17.059999465942383	0.0
AL	AAAAAAAAABDHAAAA	-408.510009765625	120.06000137329102
AL	AAAAAAAAABEDCAAA	0.0	8.09000015258789
AL	AAAAAAAAABEECAAA	52.599998474121094	142.19000053405762
AL	AAAAAAAAABEFAAAA	-524.6699628829956	0.0
AL	AAAAAAAAABENBAAA	0.0	59.88000011444092
AL	AAAAAAAAABEOAAAA	-2205.030029296875	0.0
AL	AAAAAAAAABFABAAA	0.0	31.049999237060547
AL	AAAAAAAAABFCCAAA	120.33000183105469	0.0
AL	AAAAAAAAABGHCAAA	17.979999542236328	66.27999877929688
AL	AAAAAAAAABGMAAAA	72.73999786376953	13.350000381469727
AL	AAAAAAAAABGNAAAA	47.810001373291016	0.0
AL	AAAAAAAAABHFBAAA	0.0	79.0999984741211
AL	AAAAAAAAABIHAAAA	79.4000015258789	0.0
AL	AAAAAAAAABIMBAAA	37.850001096725464	152.0500030517578
AL	AAAAAAAAABJFCAAA	0.0	9.100000381469727
AL	AAAAAAAAABLHBAAA	91.47000122070312	0.0
AL	AAAAAAAAABLNAAAA	0.0	154.94000244140625
AL	AAAAAAAAABMBCAAA	0.0	138.75
AL	AAAAAAAAABMHCAAA	69.75	-652.3900275230408
AL	AAAAAAAAABMKCAAA	0.8899999856948853	215.4699935913086
AL	AAAAAAAAABMLBAAA	45.08000183105469	0.0
AL	AAAAAAAAABOKBAAA	42.630001068115234	-78.61000061035156
AL	AAAAAAAAABOMBAAA	-448.27000999450684	0.0
AL	AAAAAAAAABONBAAA	54.470001220703125	114.22000122070312
AL	AAAAAAAAABPEAAAA	34.150001525878906	0.0
AL	AAAAAAAAABPKCAAA	0.0	90.37999725341797
AL	AAAAAAAAABPLBAAA	40.16999816894531	147.29999923706055
AL	AAAAAAAAACAADAAA	0.0	291.69000244140625
AL	AAAAAAAAACAKBAAA	-1599.0098876953125	0.0
AL	AAAAAAAAACCKCAAA	14.959999561309814	-5425.40966796875
AL	AAAAAAAAACDGCAAA	2.380000114440918	204.8300018310547
AL	AAAAAAAAACEHBAAA	213.75000143051147	255.739990234375
AL	AAAAAAAAACEOCAAA	83.37999725341797	0.0
AL	AAAAAAAAACFDBAAA	0.0	153.01000213623047
AL	AAAAAAAAACGFBAAA	0.0	4.489999771118164
AL	AAAAAAAAACGHCAAA	-624.8200559616089	0.0
AL	AAAAAAAAACGLBAAA	47.2400016784668	0.0
AL	AAAAAAAAACGOAAAA	117.98999786376953	0.0
AL	AAAAAAAAACHABAAA	8.920000076293945	0.0
AL	AAAAAAAAACHACAAA	42.7400016784668	67.05999755859375
AL	AAAAAAAAACHCAAAA	-1700.0899066925049	0.0
AL	AAAAAAAAACIBCAAA	0.0	6.429999828338623
AL	AAAAAAAAACICBAAA	0.0	37.939998626708984
AL	AAAAAAAAACIDBAAA	3.180000066757202	-177.6099853515625
AL	AAAAAAAAACJBCAAA	10.339999794960022	0.0
AL	AAAAAAAAACJIAAAA	0.0	30.280000686645508
AL	AAAAAAAAACJLBAAA	268.10999298095703	21.290000915527344
AL	AAAAAAAAACJOBAAA	173.16000175476074	0.0
AL	AAAAAAAAACKCAAAA	0.0	88.4000015258789
AL	AAAAAAAAACKMCAAA	27.420000076293945	52.33000183105469
AL	AAAAAAAAACLADAAA	236.43000555038452	50.720001220703125
AL	AAAAAAAAACLDAAAA	10.670000076293945	0.0
AL	AAAAAAAAACLECAAA	88.06999969482422	0.0
AL	AAAAAAAAACLGAAAA	28.010000228881836	41.86000061035156
AL	AAAAAAAAACLNAAAA	0.0	57.349998474121094
AL	AAAAAAAAACNBBAAA	64.16000175476074	5.139999866485596
AL	AAAAAAAAACNDBAAA	0.0	42.95000076293945
AL	AAAAAAAAACOBAAAA	0.0	82.68000364303589
AL	AAAAAAAAACPDAAAA	0.0	47.970001220703125
AL	AAAAAAAAACPGAAAA	0.0	119.04000091552734
AL	AAAAAAAAACPLBAAA	0.0	71.81000137329102
AL	AAAAAAAAADAFAAAA	254.9099926650524	-775.5499877929688
AL	AAAAAAAAADBADAAA	0.0	25.56999969482422
Time taken: 200.501 seconds, Fetched: 100 row(s)
hive> 