15/04/06 21:25:02 WARN conf.HiveConf: HiveConf of name hive.optimize.mapjoin.mapreduce does not exist
15/04/06 21:25:02 WARN conf.HiveConf: HiveConf of name hive.heapsize does not exist
15/04/06 21:25:02 WARN conf.HiveConf: HiveConf of name hive.server2.enable.impersonation does not exist
15/04/06 21:25:02 WARN conf.HiveConf: HiveConf of name hive.auto.convert.sortmerge.join.noconditionaltask does not exist

Logging initialized using configuration in file:/etc/hive/conf/hive-log4j.properties
SLF4J: Class path contains multiple SLF4J bindings.
SLF4J: Found binding in [jar:file:/usr/hdp/2.2.0.0-2041/hadoop/lib/slf4j-log4j12-1.7.5.jar!/org/slf4j/impl/StaticLoggerBinder.class]
SLF4J: Found binding in [jar:file:/usr/hdp/2.2.0.0-2041/hive/lib/hive-jdbc-0.14.0.2.2.0.0-2041-standalone.jar!/org/slf4j/impl/StaticLoggerBinder.class]
SLF4J: See http://www.slf4j.org/codes.html#multiple_bindings for an explanation.
SLF4J: Actual binding is of type [org.slf4j.impl.Log4jLoggerFactory]
hive> use tpcds_bin_partitioned_orc_100; source query7.sql;
OK
Time taken: 2.898 seconds
Query ID = root_20150406212525_35f02869-62c4-4752-92fd-e326cebf60b4
Total jobs = 2
SLF4J: Class path contains multiple SLF4J bindings.
SLF4J: Found binding in [jar:file:/usr/hdp/2.2.0.0-2041/hadoop/lib/slf4j-log4j12-1.7.5.jar!/org/slf4j/impl/StaticLoggerBinder.class]
SLF4J: Found binding in [jar:file:/usr/hdp/2.2.0.0-2041/hive/lib/hive-jdbc-0.14.0.2.2.0.0-2041-standalone.jar!/org/slf4j/impl/StaticLoggerBinder.class]
SLF4J: See http://www.slf4j.org/codes.html#multiple_bindings for an explanation.
SLF4J: Actual binding is of type [org.slf4j.impl.Log4jLoggerFactory]
15/04/06 21:25:28 WARN conf.HiveConf: HiveConf of name hive.optimize.mapjoin.mapreduce does not exist
15/04/06 21:25:28 WARN conf.HiveConf: HiveConf of name hive.heapsize does not exist
15/04/06 21:25:28 WARN conf.HiveConf: HiveConf of name hive.server2.enable.impersonation does not exist
15/04/06 21:25:28 WARN conf.HiveConf: HiveConf of name hive.auto.convert.sortmerge.join.noconditionaltask does not exist
Execution log at: /tmp/root/root_20150406212525_35f02869-62c4-4752-92fd-e326cebf60b4.log
2015-04-06 09:25:30	Starting to launch local task to process map join;	maximum memory = 1065484288
2015-04-06 09:25:36	Processing rows:	200000	Hashtable size:	199999	Memory usage:	64880016	percentage:	0.061
2015-04-06 09:25:38	Dump the side-table for tag: 1 with group count: 995 into file: file:/tmp/root/29cc3690-6cb4-4c7f-b73e-32033f217d49/hive_2015-04-06_21-25-09_548_8477969911110546778-1/-local-10009/HashTable-Stage-5/MapJoin-mapfile01--.hashtable
2015-04-06 09:25:38	Uploaded 1 File to: file:/tmp/root/29cc3690-6cb4-4c7f-b73e-32033f217d49/hive_2015-04-06_21-25-09_548_8477969911110546778-1/-local-10009/HashTable-Stage-5/MapJoin-mapfile01--.hashtable (24855 bytes)
2015-04-06 09:25:38	Dump the side-table for tag: 1 with group count: 204000 into file: file:/tmp/root/29cc3690-6cb4-4c7f-b73e-32033f217d49/hive_2015-04-06_21-25-09_548_8477969911110546778-1/-local-10009/HashTable-Stage-5/MapJoin-mapfile11--.hashtable
2015-04-06 09:25:39	Uploaded 1 File to: file:/tmp/root/29cc3690-6cb4-4c7f-b73e-32033f217d49/hive_2015-04-06_21-25-09_548_8477969911110546778-1/-local-10009/HashTable-Stage-5/MapJoin-mapfile11--.hashtable (7928868 bytes)
2015-04-06 09:25:39	Dump the side-table for tag: 1 with group count: 365 into file: file:/tmp/root/29cc3690-6cb4-4c7f-b73e-32033f217d49/hive_2015-04-06_21-25-09_548_8477969911110546778-1/-local-10009/HashTable-Stage-5/MapJoin-mapfile21--.hashtable
2015-04-06 09:25:39	Uploaded 1 File to: file:/tmp/root/29cc3690-6cb4-4c7f-b73e-32033f217d49/hive_2015-04-06_21-25-09_548_8477969911110546778-1/-local-10009/HashTable-Stage-5/MapJoin-mapfile21--.hashtable (7963 bytes)
2015-04-06 09:25:39	Dump the side-table for tag: 1 with group count: 27440 into file: file:/tmp/root/29cc3690-6cb4-4c7f-b73e-32033f217d49/hive_2015-04-06_21-25-09_548_8477969911110546778-1/-local-10009/HashTable-Stage-5/MapJoin-mapfile31--.hashtable
2015-04-06 09:25:39	Uploaded 1 File to: file:/tmp/root/29cc3690-6cb4-4c7f-b73e-32033f217d49/hive_2015-04-06_21-25-09_548_8477969911110546778-1/-local-10009/HashTable-Stage-5/MapJoin-mapfile31--.hashtable (578365 bytes)
2015-04-06 09:25:39	End of local task; Time Taken: 9.018 sec.
Execution completed successfully
MapredLocal task succeeded
Launching Job 1 out of 2
Number of reduce tasks not specified. Estimated from input data size: 179
In order to change the average load for a reducer (in bytes):
  set hive.exec.reducers.bytes.per.reducer=<number>
In order to limit the maximum number of reducers:
  set hive.exec.reducers.max=<number>
In order to set a constant number of reducers:
  set mapreduce.job.reduces=<number>
Starting Job = job_1428164231378_0128, Tracking URL = http://f01hn02.hadoop:8088/proxy/application_1428164231378_0128/
Kill Command = /usr/hdp/2.2.0.0-2041/hadoop/bin/hadoop job  -kill job_1428164231378_0128
Hadoop job information for Stage-5: number of mappers: 46; number of reducers: 179
2015-04-06 21:25:58,993 Stage-5 map = 0%,  reduce = 0%
2015-04-06 21:26:18,653 Stage-5 map = 8%,  reduce = 0%, Cumulative CPU 323.34 sec
2015-04-06 21:26:19,728 Stage-5 map = 12%,  reduce = 0%, Cumulative CPU 375.26 sec
2015-04-06 21:26:21,880 Stage-5 map = 33%,  reduce = 0%, Cumulative CPU 462.27 sec
2015-04-06 21:26:22,955 Stage-5 map = 46%,  reduce = 0%, Cumulative CPU 506.27 sec
2015-04-06 21:26:24,030 Stage-5 map = 64%,  reduce = 0%, Cumulative CPU 531.42 sec
2015-04-06 21:26:25,088 Stage-5 map = 89%,  reduce = 0%, Cumulative CPU 588.75 sec
2015-04-06 21:26:26,142 Stage-5 map = 96%,  reduce = 0%, Cumulative CPU 607.99 sec
2015-04-06 21:26:27,181 Stage-5 map = 100%,  reduce = 0%, Cumulative CPU 619.08 sec
2015-04-06 21:26:29,326 Stage-5 map = 100%,  reduce = 5%, Cumulative CPU 638.77 sec
2015-04-06 21:26:30,399 Stage-5 map = 100%,  reduce = 11%, Cumulative CPU 660.28 sec
2015-04-06 21:26:31,463 Stage-5 map = 100%,  reduce = 18%, Cumulative CPU 692.75 sec
2015-04-06 21:26:32,511 Stage-5 map = 100%,  reduce = 32%, Cumulative CPU 764.04 sec
2015-04-06 21:26:33,566 Stage-5 map = 100%,  reduce = 43%, Cumulative CPU 811.63 sec
2015-04-06 21:26:34,617 Stage-5 map = 100%,  reduce = 50%, Cumulative CPU 839.8 sec
2015-04-06 21:26:35,681 Stage-5 map = 100%,  reduce = 59%, Cumulative CPU 879.09 sec
2015-04-06 21:26:36,726 Stage-5 map = 100%,  reduce = 66%, Cumulative CPU 906.29 sec
2015-04-06 21:26:37,796 Stage-5 map = 100%,  reduce = 85%, Cumulative CPU 988.31 sec
2015-04-06 21:26:38,865 Stage-5 map = 100%,  reduce = 98%, Cumulative CPU 1044.49 sec
2015-04-06 21:26:39,909 Stage-5 map = 100%,  reduce = 100%, Cumulative CPU 1053.52 sec
MapReduce Total cumulative CPU time: 17 minutes 33 seconds 520 msec
Ended Job = job_1428164231378_0128
Launching Job 2 out of 2
Number of reduce tasks determined at compile time: 1
In order to change the average load for a reducer (in bytes):
  set hive.exec.reducers.bytes.per.reducer=<number>
In order to limit the maximum number of reducers:
  set hive.exec.reducers.max=<number>
In order to set a constant number of reducers:
  set mapreduce.job.reduces=<number>
Starting Job = job_1428164231378_0129, Tracking URL = http://f01hn02.hadoop:8088/proxy/application_1428164231378_0129/
Kill Command = /usr/hdp/2.2.0.0-2041/hadoop/bin/hadoop job  -kill job_1428164231378_0129
Hadoop job information for Stage-6: number of mappers: 4; number of reducers: 1
2015-04-06 21:26:46,311 Stage-6 map = 0%,  reduce = 0%
2015-04-06 21:26:52,681 Stage-6 map = 50%,  reduce = 0%, Cumulative CPU 5.09 sec
2015-04-06 21:26:53,751 Stage-6 map = 100%,  reduce = 0%, Cumulative CPU 11.75 sec
2015-04-06 21:26:58,036 Stage-6 map = 100%,  reduce = 100%, Cumulative CPU 13.08 sec
MapReduce Total cumulative CPU time: 13 seconds 80 msec
Ended Job = job_1428164231378_0129
MapReduce Jobs Launched: 
Stage-Stage-5: Map: 46  Reduce: 179   Cumulative CPU: 1053.52 sec   HDFS Read: 3415843772 HDFS Write: 6809484 SUCCESS
Stage-Stage-6: Map: 4  Reduce: 1   Cumulative CPU: 13.08 sec   HDFS Read: 6856783 HDFS Write: 8035 SUCCESS
Total MapReduce CPU Time Spent: 17 minutes 46 seconds 600 msec
OK
AAAAAAAAAAAABAAA	55.888888888888886	96.98666779200236	605.3333197699653	43.90000091658698
AAAAAAAAAAAACAAA	65.875	58.64500117301941	183.84124755859375	28.073750153183937
AAAAAAAAAAABAAAA	43.0	50.81499981880188	177.64250421524048	19.009999930858612
AAAAAAAAAAABBAAA	52.714285714285715	69.18142877306256	23.911429268973215	37.05857147489275
AAAAAAAAAAABDAAA	57.42857142857143	84.73571470805577	0.0	27.265714596424782
AAAAAAAAAAACAAAA	32.4	92.25499954223633	10.062000274658203	44.28699989318848
AAAAAAAAAAACCAAA	57.5	75.77166811625163	348.3050130208333	29.470000346501667
AAAAAAAAAAADBAAA	56.125	79.3562508225441	85.63500213623047	56.728750243783
AAAAAAAAAAADCAAA	39.8	95.59000015258789	7.120999908447265	23.495000219345094
AAAAAAAAAAAEAAAA	57.4	111.58600082397462	2415.350038909912	61.35600037574768
AAAAAAAAAAAEBAAA	49.857142857142854	116.82571574619838	0.0	67.61285727364677
AAAAAAAAAAAFAAAA	61.333333333333336	89.33666737874348	35.30333455403646	40.13999875386556
AAAAAAAAAAAFCAAA	51.8	35.46999950408936	0.0	24.44799952507019
AAAAAAAAAAAGBAAA	40.25	130.19500350952148	1596.2049560546875	78.6924991607666
AAAAAAAAAAAGCAAA	41.5	96.18249988555908	10.316250264644623	59.253749668598175
AAAAAAAAAAAHAAAA	55.09090909090909	59.496364550157026	0.34181818095120514	32.64545466818593
AAAAAAAAAAAHBAAA	32.285714285714285	55.075714111328125	0.0	23.652856724602835
AAAAAAAAAAAIAAAA	51.125	71.01624929904938	440.1912612915039	28.24874985218048
AAAAAAAAAAAICAAA	63.0	94.05285699026925	0.0	38.46857122012547
AAAAAAAAAAAJBAAA	57.714285714285715	84.25428499494281	23.538570949009486	34.08857129301344
AAAAAAAAAAAJCAAA	49.72727272727273	69.82818044315685	79.67727383700284	39.96909015828913
AAAAAAAAAAAKAAAA	45.285714285714285	62.977142061506	52.82714407784598	31.078571225915635
AAAAAAAAAAAKBAAA	50.125	67.89124947786331	73.32187430933118	19.508124843239784
AAAAAAAAAAALAAAA	54.8	95.97800064086914	207.64899444580078	45.97100083827972
AAAAAAAAAAALCAAA	53.142857142857146	64.50000081743512	120.53428322928292	33.25142875739506
AAAAAAAAAAAMBAAA	38.25	96.14222399393718	87.69374704360962	56.81666603353288
AAAAAAAAAAAMCAAA	41.125	72.6962503194809	183.32249450683594	41.00874984264374
AAAAAAAAAAANAAAA	55.25	99.50999946594239	2000.711962890625	82.37999939918518
AAAAAAAAAAANBAAA	53.857142857142854	84.79285703386579	0.0	37.542856625148225
AAAAAAAAAAAOAAAA	42.57142857142857	85.98857164382935	220.08999524797713	43.58142877476556
AAAAAAAAAAAOCAAA	62.333333333333336	86.71833356221516	0.0	62.90000033378601
AAAAAAAAAAAPBAAA	55.125	80.70750012993813	0.0	21.771249905228615
AAAAAAAAAAAPCAAA	52.0	87.3120002746582	119.2199951171875	34.25599975585938
AAAAAAAAAABAAAAA	64.57142857142857	55.727142742701936	271.4542933872768	34.79142829350063
AAAAAAAAAABABAAA	50.25	82.06750130653381	0.0	49.644999504089355
AAAAAAAAAABADAAA	59.714285714285715	55.485714299338206	349.1085880824498	23.29857144185475
AAAAAAAAAABBAAAA	60.5	57.88499879837036	0.0	41.01999890804291
AAAAAAAAAABBCAAA	39.0	60.548750162124634	430.78248596191406	22.046249508857727
AAAAAAAAAABBDAAA	51.142857142857146	75.26714287485395	96.74500383649554	51.774285078048706
AAAAAAAAAABCBAAA	47.25	49.83875024318695	24.263750553131104	22.193749708123505
AAAAAAAAAABCCAAA	40.166666666666664	76.87333297729492	8.864999771118164	45.08666578928629
AAAAAAAAAABDAAAA	49.666666666666664	103.60555521647136	47.05333455403646	45.19111082288954
AAAAAAAAAABDBAAA	55.625	80.847501039505	238.34499835968018	40.94875085353851
AAAAAAAAAABEAAAA	60.25	63.7487510740757	0.0	36.62749907374382
AAAAAAAAAABECAAA	55.625	97.53874969482422	14.232500076293945	42.98124933242798
AAAAAAAAAABFBAAA	59.875	56.073751389980316	40.92375183105469	41.68875029683113
AAAAAAAAAABFCAAA	64.0	65.96600017547607	67.15599975585937	43.6820011138916
AAAAAAAAAABGAAAA	52.9	67.95099935531616	15.81199951171875	36.852000212669374
AAAAAAAAAABGBAAA	45.888888888888886	59.575555589463974	212.64443969726562	25.7988891866472
AAAAAAAAAABHAAAA	62.1	75.035000705719	278.8409996271133	33.589999806880954
AAAAAAAAAABHCAAA	77.25	87.47857012067523	269.25999450683594	31.975713661738805
AAAAAAAAAABIBAAA	79.0	66.76999921798706	82.26199951171876	50.66999959945679
AAAAAAAAAABICAAA	55.0	80.5262496471405	876.5500049591064	41.52625021338463
AAAAAAAAAABJAAAA	31.333333333333332	86.16222381591797	0.6633333100212945	7.6766666703754005
AAAAAAAAAABJBAAA	65.66666666666667	72.66999980381557	116.96999613444011	44.29142870221819
AAAAAAAAAABKAAAA	84.66666666666667	56.53333409627279	0.0	14.083332707484564
AAAAAAAAAABKCAAA	63.6	68.89399929046631	31.23399963378906	46.70400018692017
AAAAAAAAAABLBAAA	57.1	97.46800003051757	181.05499877929688	33.98900003433228
AAAAAAAAAABLCAAA	58.333333333333336	46.43333419164022	13.259999593098959	35.14666736125946
AAAAAAAAAABMAAAA	50.9	74.38800029754638	0.0	33.03999960422516
AAAAAAAAAABMBAAA	60.15384615384615	70.96307615133432	76.37846117753249	44.16999994791471
AAAAAAAAAABNAAAA	54.0	60.26833260059357	3.003333409627279	33.691667238871254
AAAAAAAAAABNCAAA	45.63636363636363	85.2372708754106	116.00726838545366	30.02000004594976
AAAAAAAAAABOBAAA	48.5	77.79500102996826	0.0	37.363749504089355
AAAAAAAAAABOCAAA	45.416666666666664	78.66083304087321	344.989990234375	45.66166624426842
AAAAAAAAAABPAAAA	42.25	115.62500095367432	1612.069951057434	48.047500133514404
AAAAAAAAAABPBAAA	49.6	69.91000099182129	22.250000190734863	35.70800014734268
AAAAAAAAAACAAAAA	43.0	54.545999097824094	202.0319969177246	21.87800064086914
AAAAAAAAAACACAAA	78.75	71.94500064849854	115.76499938964844	10.744999885559082
AAAAAAAAAACADAAA	47.77777777777778	66.95555406146579	247.7522201538086	37.926666047838
AAAAAAAAAACBBAAA	60.714285714285715	76.09166590372722	100.65713936941964	19.854999860127766
AAAAAAAAAACBCAAA	60.375	84.01624917984009	95.0	30.236249685287476
AAAAAAAAAACCAAAA	47.44444444444444	84.06222110324435	136.36222669813367	46.084443940056694
AAAAAAAAAACCBAAA	53.2	63.72599983215332	283.76201171875	46.65799961090088
AAAAAAAAAACDAAAA	58.625	69.28937441110611	30.300625920295715	34.39624983072281
AAAAAAAAAACDCAAA	60.6	74.29000091552734	21.172000312805174	17.987999582290648
AAAAAAAAAACEBAAA	56.285714285714285	65.5828572681972	42.21285738263811	36.43714257649013
AAAAAAAAAACECAAA	45.888888888888886	66.73555578125848	0.0	39.29666598637899
AAAAAAAAAACFAAAA	68.71428571428571	85.12874984741211	283.8212604522705	39.51250034570694
AAAAAAAAAACFBAAA	63.0	73.0788894229465	0.0	35.34444400999281
AAAAAAAAAACGAAAA	43.55555555555556	59.54111131032308	451.8800048828125	39.43444400363498
AAAAAAAAAACGCAAA	60.55555555555556	77.69666684998407	358.58110894097223	38.839999967151215
AAAAAAAAAACHBAAA	55.22222222222222	66.68444485134549	187.92778057522244	33.616666873296104
AAAAAAAAAACHCAAA	44.666666666666664	96.15333366394043	0.0	68.45166842142741
AAAAAAAAAACIAAAA	49.166666666666664	95.67166582743327	690.4666849772135	37.3983321984609
AAAAAAAAAACIBAAA	50.0	45.990000343322755	0.0	26.320000171661377
AAAAAAAAAACJAAAA	41.0	89.91000048319499	49.08000183105469	44.37166690826416
AAAAAAAAAACJCAAA	32.54545454545455	68.7500012137673	75.14363791725852	35.10363691503351
AAAAAAAAAACKBAAA	51.125	72.47499987483025	318.1062457561493	38.67750021070242
AAAAAAAAAACKCAAA	48.111111111111114	88.53333176506891	202.82666693793402	48.1488889058431
AAAAAAAAAACLAAAA	68.71428571428571	61.875714847019744	131.73999895368303	38.60000092642648
AAAAAAAAAACLBAAA	71.85714285714286	87.03714425223214	181.53142438616072	35.0771438734872
AAAAAAAAAACMAAAA	38.714285714285715	92.8928576878139	487.1271449497768	44.30142838614328
AAAAAAAAAACMCAAA	76.5	53.166666666666664	0.0	21.24333318074544
AAAAAAAAAACNBAAA	62.55555555555556	91.89333216349284	790.8799777560764	44.58777813116709
AAAAAAAAAACNCAAA	49.666666666666664	53.94000116984049	0.0	30.52666664123535
AAAAAAAAAACOAAAA	75.22222222222223	68.95999993218317	917.3966539171007	31.66000011232164
AAAAAAAAAACOBAAA	54.333333333333336	62.159999211629234	261.9266764322917	27.586666742960613
AAAAAAAAAACPAAAA	48.6	81.12200126647949	0.0	35.731999731063844
AAAAAAAAAACPCAAA	48.285714285714285	92.48000063214984	335.86429268973217	42.01285661969866
Time taken: 109.6 seconds, Fetched: 100 row(s)
hive> 