15/04/06 22:19:01 WARN conf.HiveConf: HiveConf of name hive.optimize.mapjoin.mapreduce does not exist
15/04/06 22:19:01 WARN conf.HiveConf: HiveConf of name hive.heapsize does not exist
15/04/06 22:19:01 WARN conf.HiveConf: HiveConf of name hive.server2.enable.impersonation does not exist
15/04/06 22:19:01 WARN conf.HiveConf: HiveConf of name hive.auto.convert.sortmerge.join.noconditionaltask does not exist

Logging initialized using configuration in file:/etc/hive/conf/hive-log4j.properties
SLF4J: Class path contains multiple SLF4J bindings.
SLF4J: Found binding in [jar:file:/usr/hdp/2.2.0.0-2041/hadoop/lib/slf4j-log4j12-1.7.5.jar!/org/slf4j/impl/StaticLoggerBinder.class]
SLF4J: Found binding in [jar:file:/usr/hdp/2.2.0.0-2041/hive/lib/hive-jdbc-0.14.0.2.2.0.0-2041-standalone.jar!/org/slf4j/impl/StaticLoggerBinder.class]
SLF4J: See http://www.slf4j.org/codes.html#multiple_bindings for an explanation.
SLF4J: Actual binding is of type [org.slf4j.impl.Log4jLoggerFactory]
hive> use tpcds_bin_partitioned_orc_100; source query89.sql;
OK
Time taken: 3.148 seconds
Query ID = root_20150406221919_49a44d3b-20f9-4b4d-9d33-16ce24234e01
Total jobs = 3
SLF4J: Class path contains multiple SLF4J bindings.
SLF4J: Found binding in [jar:file:/usr/hdp/2.2.0.0-2041/hadoop/lib/slf4j-log4j12-1.7.5.jar!/org/slf4j/impl/StaticLoggerBinder.class]
SLF4J: Found binding in [jar:file:/usr/hdp/2.2.0.0-2041/hive/lib/hive-jdbc-0.14.0.2.2.0.0-2041-standalone.jar!/org/slf4j/impl/StaticLoggerBinder.class]
SLF4J: See http://www.slf4j.org/codes.html#multiple_bindings for an explanation.
SLF4J: Actual binding is of type [org.slf4j.impl.Log4jLoggerFactory]
15/04/06 22:19:28 WARN conf.HiveConf: HiveConf of name hive.optimize.mapjoin.mapreduce does not exist
15/04/06 22:19:28 WARN conf.HiveConf: HiveConf of name hive.heapsize does not exist
15/04/06 22:19:28 WARN conf.HiveConf: HiveConf of name hive.server2.enable.impersonation does not exist
15/04/06 22:19:28 WARN conf.HiveConf: HiveConf of name hive.auto.convert.sortmerge.join.noconditionaltask does not exist
Execution log at: /tmp/root/root_20150406221919_49a44d3b-20f9-4b4d-9d33-16ce24234e01.log
2015-04-06 10:19:29	Starting to launch local task to process map join;	maximum memory = 1065484288
2015-04-06 10:19:35	Dump the side-table for tag: 1 with group count: 402 into file: file:/tmp/root/07fa288d-3107-45b4-ab5f-c13c27ddc1be/hive_2015-04-06_22-19-08_773_3759232560631529090-1/-local-10009/HashTable-Stage-2/MapJoin-mapfile01--.hashtable
2015-04-06 10:19:35	Uploaded 1 File to: file:/tmp/root/07fa288d-3107-45b4-ab5f-c13c27ddc1be/hive_2015-04-06_22-19-08_773_3759232560631529090-1/-local-10009/HashTable-Stage-2/MapJoin-mapfile01--.hashtable (13555 bytes)
2015-04-06 10:19:35	Dump the side-table for tag: 1 with group count: 366 into file: file:/tmp/root/07fa288d-3107-45b4-ab5f-c13c27ddc1be/hive_2015-04-06_22-19-08_773_3759232560631529090-1/-local-10009/HashTable-Stage-2/MapJoin-mapfile11--.hashtable
2015-04-06 10:19:35	Uploaded 1 File to: file:/tmp/root/07fa288d-3107-45b4-ab5f-c13c27ddc1be/hive_2015-04-06_22-19-08_773_3759232560631529090-1/-local-10009/HashTable-Stage-2/MapJoin-mapfile11--.hashtable (9824 bytes)
2015-04-06 10:19:35	Dump the side-table for tag: 0 with group count: 15029 into file: file:/tmp/root/07fa288d-3107-45b4-ab5f-c13c27ddc1be/hive_2015-04-06_22-19-08_773_3759232560631529090-1/-local-10009/HashTable-Stage-2/MapJoin-mapfile20--.hashtable
2015-04-06 10:19:35	Uploaded 1 File to: file:/tmp/root/07fa288d-3107-45b4-ab5f-c13c27ddc1be/hive_2015-04-06_22-19-08_773_3759232560631529090-1/-local-10009/HashTable-Stage-2/MapJoin-mapfile20--.hashtable (780171 bytes)
2015-04-06 10:19:35	End of local task; Time Taken: 6.351 sec.
Execution completed successfully
MapredLocal task succeeded
Launching Job 1 out of 3
Number of reduce tasks not specified. Estimated from input data size: 179
In order to change the average load for a reducer (in bytes):
  set hive.exec.reducers.bytes.per.reducer=<number>
In order to limit the maximum number of reducers:
  set hive.exec.reducers.max=<number>
In order to set a constant number of reducers:
  set mapreduce.job.reduces=<number>
Starting Job = job_1428164231378_0172, Tracking URL = http://f01hn02.hadoop:8088/proxy/application_1428164231378_0172/
Kill Command = /usr/hdp/2.2.0.0-2041/hadoop/bin/hadoop job  -kill job_1428164231378_0172
Hadoop job information for Stage-2: number of mappers: 46; number of reducers: 179
2015-04-06 22:19:55,047 Stage-2 map = 0%,  reduce = 0%
2015-04-06 22:20:15,390 Stage-2 map = 2%,  reduce = 0%, Cumulative CPU 254.13 sec
2015-04-06 22:20:16,464 Stage-2 map = 17%,  reduce = 0%, Cumulative CPU 357.09 sec
2015-04-06 22:20:17,535 Stage-2 map = 18%,  reduce = 0%, Cumulative CPU 360.5 sec
2015-04-06 22:20:18,577 Stage-2 map = 27%,  reduce = 0%, Cumulative CPU 392.93 sec
2015-04-06 22:20:19,651 Stage-2 map = 55%,  reduce = 0%, Cumulative CPU 481.66 sec
2015-04-06 22:20:20,714 Stage-2 map = 76%,  reduce = 0%, Cumulative CPU 507.69 sec
2015-04-06 22:20:21,787 Stage-2 map = 89%,  reduce = 0%, Cumulative CPU 533.61 sec
2015-04-06 22:20:22,859 Stage-2 map = 99%,  reduce = 0%, Cumulative CPU 562.14 sec
2015-04-06 22:20:23,931 Stage-2 map = 100%,  reduce = 0%, Cumulative CPU 563.34 sec
2015-04-06 22:20:26,099 Stage-2 map = 100%,  reduce = 6%, Cumulative CPU 580.9 sec
2015-04-06 22:20:27,172 Stage-2 map = 100%,  reduce = 16%, Cumulative CPU 619.12 sec
2015-04-06 22:20:28,248 Stage-2 map = 100%,  reduce = 26%, Cumulative CPU 651.42 sec
2015-04-06 22:20:29,318 Stage-2 map = 100%,  reduce = 30%, Cumulative CPU 665.53 sec
2015-04-06 22:20:30,392 Stage-2 map = 100%,  reduce = 39%, Cumulative CPU 693.29 sec
2015-04-06 22:20:31,467 Stage-2 map = 100%,  reduce = 45%, Cumulative CPU 712.82 sec
2015-04-06 22:20:32,538 Stage-2 map = 100%,  reduce = 64%, Cumulative CPU 779.48 sec
2015-04-06 22:20:33,581 Stage-2 map = 100%,  reduce = 70%, Cumulative CPU 802.67 sec
2015-04-06 22:20:34,629 Stage-2 map = 100%,  reduce = 88%, Cumulative CPU 860.26 sec
2015-04-06 22:20:35,678 Stage-2 map = 100%,  reduce = 100%, Cumulative CPU 898.78 sec
MapReduce Total cumulative CPU time: 14 minutes 58 seconds 780 msec
Ended Job = job_1428164231378_0172
Launching Job 2 out of 3
Number of reduce tasks not specified. Estimated from input data size: 1
In order to change the average load for a reducer (in bytes):
  set hive.exec.reducers.bytes.per.reducer=<number>
In order to limit the maximum number of reducers:
  set hive.exec.reducers.max=<number>
In order to set a constant number of reducers:
  set mapreduce.job.reduces=<number>
Starting Job = job_1428164231378_0173, Tracking URL = http://f01hn02.hadoop:8088/proxy/application_1428164231378_0173/
Kill Command = /usr/hdp/2.2.0.0-2041/hadoop/bin/hadoop job  -kill job_1428164231378_0173
Hadoop job information for Stage-3: number of mappers: 4; number of reducers: 1
2015-04-06 22:20:43,817 Stage-3 map = 0%,  reduce = 0%
2015-04-06 22:20:49,217 Stage-3 map = 75%,  reduce = 0%, Cumulative CPU 5.77 sec
2015-04-06 22:20:50,286 Stage-3 map = 100%,  reduce = 0%, Cumulative CPU 8.34 sec
2015-04-06 22:20:54,568 Stage-3 map = 100%,  reduce = 100%, Cumulative CPU 11.23 sec
MapReduce Total cumulative CPU time: 11 seconds 230 msec
Ended Job = job_1428164231378_0173
Launching Job 3 out of 3
Number of reduce tasks determined at compile time: 1
In order to change the average load for a reducer (in bytes):
  set hive.exec.reducers.bytes.per.reducer=<number>
In order to limit the maximum number of reducers:
  set hive.exec.reducers.max=<number>
In order to set a constant number of reducers:
  set mapreduce.job.reduces=<number>
Starting Job = job_1428164231378_0174, Tracking URL = http://f01hn02.hadoop:8088/proxy/application_1428164231378_0174/
Kill Command = /usr/hdp/2.2.0.0-2041/hadoop/bin/hadoop job  -kill job_1428164231378_0174
Hadoop job information for Stage-4: number of mappers: 1; number of reducers: 1
2015-04-06 22:21:01,118 Stage-4 map = 0%,  reduce = 0%
2015-04-06 22:21:06,697 Stage-4 map = 100%,  reduce = 0%, Cumulative CPU 2.17 sec
2015-04-06 22:21:12,033 Stage-4 map = 100%,  reduce = 100%, Cumulative CPU 3.67 sec
MapReduce Total cumulative CPU time: 3 seconds 670 msec
Ended Job = job_1428164231378_0174
MapReduce Jobs Launched: 
Stage-Stage-2: Map: 46  Reduce: 179   Cumulative CPU: 898.78 sec   HDFS Read: 1654671367 HDFS Write: 509112 SUCCESS
Stage-Stage-3: Map: 4  Reduce: 1   Cumulative CPU: 11.23 sec   HDFS Read: 556411 HDFS Write: 533282 SUCCESS
Stage-Stage-4: Map: 1  Reduce: 1   Cumulative CPU: 3.67 sec   HDFS Read: 533688 HDFS Write: 8132 SUCCESS
Total MapReduce CPU Time Spent: 15 minutes 13 seconds 680 msec
OK
Shoes	womens	amalgedu pack #2	bar	Unknown	2	201446.43005200103	373394.12751212466
Shoes	womens	amalgedu pack #2	able	Unknown	2	202168.1301226467	369841.3009161777
Shoes	womens	amalgedu pack #2	bar	Unknown	6	207953.36019679718	373394.12751212466
Shoes	womens	amalgedu pack #2	eing	Unknown	2	204560.419910701	369812.2182552616
Shoes	womens	amalgedu pack #2	able	Unknown	6	205059.51015525125	369841.3009161777
Shoes	womens	amalgedu pack #2	eing	Unknown	6	205275.3298891578	369812.2182552616
Shoes	womens	amalgedu pack #2	ese	Unknown	2	196685.1902549006	357580.36162751605
Shoes	womens	amalgedu pack #2	ese	Unknown	5	200084.6099872291	357580.36162751605
Shoes	womens	amalgedu pack #2	able	Unknown	3	212586.0300739482	369841.3009161777
Men	pants	exportiimporto #2	bar	Unknown	4	194101.7598212324	350855.62174623506
Shoes	womens	amalgedu pack #2	able	Unknown	4	213278.3199281618	369841.3009161777
Shoes	womens	amalgedu pack #2	bar	Unknown	4	217108.1100585144	373394.12751212466
Shoes	womens	amalgedu pack #2	ese	Unknown	6	201386.82001026347	357580.36162751605
Shoes	womens	amalgedu pack #2	able	Unknown	7	213684.83008483797	369841.3009161777
Men	pants	exportiimporto #2	ese	Unknown	2	183820.02998827398	337714.91588610475
Men	pants	exportiimporto #2	able	Unknown	2	193458.37004814856	347277.8458662575
Shoes	womens	amalgedu pack #2	cally	Unknown	2	189221.82998888753	342846.54744216724
Shoes	womens	amalgedu pack #2	eing	Unknown	3	216270.4098179266	369812.2182552616
Shoes	womens	amalgedu pack #2	able	Unknown	5	216670.7900329642	369841.3009161777
Shoes	womens	amalgedu pack #2	bar	Unknown	5	220437.60985641554	373394.12751212466
Shoes	womens	amalgedu pack #2	ese	Unknown	4	204806.2700312771	357580.36162751605
Men	pants	exportiimporto #2	bar	Unknown	2	198588.9600335285	350855.62174623506
Shoes	womens	amalgedu pack #2	eing	Unknown	4	217585.2797739189	369812.2182552616
Shoes	womens	amalgedu pack #2	bar	Unknown	7	221410.30006013066	373394.12751212466
Shoes	womens	amalgedu pack #2	eing	Unknown	5	218088.12006769143	369812.2182552616
Shoes	womens	amalgedu pack #2	eing	Unknown	7	219001.57980223373	369812.2182552616
Shoes	womens	amalgedu pack #2	ese	Unknown	7	207300.3999648597	357580.36162751605
Men	pants	exportiimporto #2	eing	Unknown	4	197862.91994545422	347847.32162759715
Shoes	womens	amalgedu pack #2	cally	Unknown	4	192865.55009896308	342846.54744216724
Men	pants	exportiimporto #2	bar	Unknown	6	201063.12003938854	350855.62174623506
Men	pants	exportiimporto #2	bar	Unknown	5	201633.18996745162	350855.62174623506
Shoes	womens	amalgedu pack #2	bar	Unknown	3	224216.99014095776	373394.12751212466
Men	pants	exportiimporto #2	ese	Unknown	4	189160.65010918304	337714.91588610475
Men	pants	exportiimporto #2	eing	Unknown	2	199681.86998716928	347847.32162759715
Men	pants	exportiimporto #2	able	Unknown	4	199441.76011228375	347277.8458662575
Men	pants	exportiimporto #2	able	Unknown	5	200146.96988102607	347277.8458662575
Shoes	womens	amalgedu pack #2	cally	Unknown	3	195849.49987626448	342846.54744216724
Shoes	womens	amalgedu pack #2	cally	Unknown	6	196303.4600518886	342846.54744216724
Shoes	womens	amalgedu pack #2	cally	Unknown	5	196415.62998422235	342846.54744216724
Men	pants	exportiimporto #2	bar	Unknown	3	204714.89009881392	350855.62174623506
Men	pants	exportiimporto #2	able	Unknown	6	201458.42011733726	347277.8458662575
Men	pants	exportiimporto #2	eing	Unknown	6	202556.17001879588	347847.32162759715
Men	pants	exportiimporto #2	cally	Unknown	2	178598.459950272	322833.02755655936
Men	pants	exportiimporto #2	eing	Unknown	5	205199.96007380262	347847.32162759715
Men	pants	exportiimporto #2	able	Unknown	7	204926.00988353044	347277.8458662575
Men	pants	exportiimporto #2	cally	Unknown	6	180569.66994664818	322833.02755655936
Shoes	womens	amalgedu pack #2	ese	Unknown	3	215775.7099245526	357580.36162751605
Men	pants	exportiimporto #2	eing	Unknown	7	206230.84986411408	347847.32162759715
Men	pants	exportiimporto #2	ese	Unknown	7	196158.56998809986	337714.91588610475
Men	pants	exportiimporto #2	bar	Unknown	7	209621.93011878803	350855.62174623506
Men	pants	exportiimporto #2	ese	Unknown	6	197288.3701231312	337714.91588610475
Shoes	womens	amalgedu pack #2	cally	Unknown	7	202548.93985160254	342846.54744216724
Men	pants	exportiimporto #2	ese	Unknown	5	198278.99010604993	337714.91588610475
Men	pants	exportiimporto #2	cally	Unknown	7	184642.0099307038	322833.02755655936
Men	pants	exportiimporto #2	ese	Unknown	3	200274.22003952414	337714.91588610475
Men	pants	exportiimporto #2	eing	Unknown	3	211903.55993637256	347847.32162759715
Men	pants	exportiimporto #2	able	Unknown	3	212336.3901843056	347277.8458662575
Men	pants	exportiimporto #2	cally	Unknown	5	188457.51000292972	322833.02755655936
Men	pants	exportiimporto #2	cally	Unknown	3	191384.80994056538	322833.02755655936
Men	pants	exportiimporto #2	cally	Unknown	4	193244.1699916348	322833.02755655936
Shoes	womens	amalgedu pack #2	eing	Unknown	1	244018.7499351278	369812.2182552616
Shoes	womens	amalgedu pack #2	able	Unknown	1	244895.27984070405	369841.3009161777
Shoes	womens	amalgedu pack #2	bar	Unknown	1	248789.0599998776	373394.12751212466
Men	pants	exportiimporto #2	eing	Unknown	1	226849.3599885516	347847.32162759715
Shoes	womens	amalgedu pack #2	cally	Unknown	1	223893.68007142842	342846.54744216724
Men	pants	exportiimporto #2	able	Unknown	1	229117.06004581414	347277.8458662575
Men	pants	exportiimporto #2	bar	Unknown	1	233933.65981790982	350855.62174623506
Men	pants	exportiimporto #2	ese	Unknown	1	221087.0499929618	337714.91588610475
Shoes	womens	amalgedu pack #2	ese	Unknown	1	242323.70996138826	357580.36162751605
Men	pants	exportiimporto #2	cally	Unknown	1	210872.4000106845	322833.02755655936
Shoes	womens	amalgedu pack #1	able	Unknown	2	100186.76996525191	191113.52670321972
Shoes	womens	amalgedu pack #1	eing	Unknown	2	100525.13991185836	191057.6100269348
Shoes	womens	amalgedu pack #2	ought	Unknown	2	104746.13988145813	193881.42162869606
Shoes	womens	amalgedu pack #1	able	Unknown	4	103648.30992834643	191113.52670321972
Shoes	womens	amalgedu pack #1	bar	Unknown	2	103790.15002871491	191113.37079021506
Shoes	womens	amalgedu pack #1	eing	Unknown	4	103941.95016494952	191057.6100269348
Shoes	womens	amalgedu pack #2	ation	Unknown	2	107559.32002248801	194612.11746141096
Shoes	womens	amalgedu pack #1	ese	Unknown	2	99849.81997670606	186419.74000691963
Shoes	womens	amalgedu pack #1	bar	Unknown	6	104783.03996336274	191113.37079021506
Men	pants	exportiimporto #1	bar	Unknown	2	97396.63003293052	182731.3191507786
Shoes	womens	amalgedu pack #1	able	Unknown	7	106252.59005933814	191113.52670321972
Shoes	womens	amalgedu pack #2	ought	Unknown	4	109129.510040313	193881.42162869606
Shoes	womens	amalgedu pack #1	eing	Unknown	6	106790.64997205883	191057.6100269348
Shoes	womens	amalgedu pack #2	ation	Unknown	7	110610.12997265533	194612.11746141096
Shoes	womens	amalgedu pack #1	eing	Unknown	5	107111.26999979094	191057.6100269348
Shoes	womens	amalgedu pack #2	ation	Unknown	6	110691.12999602035	194612.11746141096
Men	pants	exportiimporto #2	ation	Unknown	4	96501.38006106019	180273.3116593204
Shoes	womens	amalgedu pack #2	pri	Unknown	2	96241.32002302259	179954.67000083733
Men	pants	exportiimporto #1	able	Unknown	2	97916.19009147957	181575.21082328135
Shoes	womens	amalgedu pack #2	ought	Unknown	3	110740.53001807258	193881.42162869606
Men	pants	exportiimporto #1	able	Unknown	4	98636.57006810233	181575.21082328135
Shoes	womens	amalgedu pack #1	bar	Unknown	7	108227.69997656718	191113.37079021506
Shoes	womens	amalgedu pack #1	able	Unknown	6	108677.07995546237	191113.52670321972
Shoes	womens	amalgedu pack #2	anti	Unknown	2	96914.35997748561	178771.6725285272
Men	pants	exportiimporto #2	ation	Unknown	2	98458.52994389087	180273.3116593204
Shoes	womens	amalgedu pack #1	ese	Unknown	6	104650.23995757848	186419.74000691963
Shoes	womens	amalgedu pack #2	ation	Unknown	5	113068.13992770016	194612.11746141096
Men	pants	exportiimporto #1	eing	Unknown	2	100118.24998746067	181471.89827780426
Men	pants	exportiimporto #1	ese	Unknown	2	94418.75986533426	175692.1199771776
Shoes	womens	amalgedu pack #1	ese	Unknown	4	105176.13022526354	186419.74000691963
Time taken: 124.371 seconds, Fetched: 100 row(s)
hive> 