15/04/06 22:04:18 WARN conf.HiveConf: HiveConf of name hive.optimize.mapjoin.mapreduce does not exist
15/04/06 22:04:18 WARN conf.HiveConf: HiveConf of name hive.heapsize does not exist
15/04/06 22:04:18 WARN conf.HiveConf: HiveConf of name hive.server2.enable.impersonation does not exist
15/04/06 22:04:18 WARN conf.HiveConf: HiveConf of name hive.auto.convert.sortmerge.join.noconditionaltask does not exist

Logging initialized using configuration in file:/etc/hive/conf/hive-log4j.properties
SLF4J: Class path contains multiple SLF4J bindings.
SLF4J: Found binding in [jar:file:/usr/hdp/2.2.0.0-2041/hadoop/lib/slf4j-log4j12-1.7.5.jar!/org/slf4j/impl/StaticLoggerBinder.class]
SLF4J: Found binding in [jar:file:/usr/hdp/2.2.0.0-2041/hive/lib/hive-jdbc-0.14.0.2.2.0.0-2041-standalone.jar!/org/slf4j/impl/StaticLoggerBinder.class]
SLF4J: See http://www.slf4j.org/codes.html#multiple_bindings for an explanation.
SLF4J: Actual binding is of type [org.slf4j.impl.Log4jLoggerFactory]
hive> use tpcds_bin_partitioned_orc_100; source query84.sql;
OK
Time taken: 3.048 seconds
Query ID = root_20150406220404_429f699e-4174-4c98-b3af-78d978860c6c
Total jobs = 5
SLF4J: Class path contains multiple SLF4J bindings.
SLF4J: Found binding in [jar:file:/usr/hdp/2.2.0.0-2041/hadoop/lib/slf4j-log4j12-1.7.5.jar!/org/slf4j/impl/StaticLoggerBinder.class]
SLF4J: Found binding in [jar:file:/usr/hdp/2.2.0.0-2041/hive/lib/hive-jdbc-0.14.0.2.2.0.0-2041-standalone.jar!/org/slf4j/impl/StaticLoggerBinder.class]
SLF4J: See http://www.slf4j.org/codes.html#multiple_bindings for an explanation.
SLF4J: Actual binding is of type [org.slf4j.impl.Log4jLoggerFactory]
15/04/06 22:04:49 WARN conf.HiveConf: HiveConf of name hive.optimize.mapjoin.mapreduce does not exist
15/04/06 22:04:49 WARN conf.HiveConf: HiveConf of name hive.heapsize does not exist
15/04/06 22:04:49 WARN conf.HiveConf: HiveConf of name hive.server2.enable.impersonation does not exist
15/04/06 22:04:49 WARN conf.HiveConf: HiveConf of name hive.auto.convert.sortmerge.join.noconditionaltask does not exist
Execution log at: /tmp/root/root_20150406220404_429f699e-4174-4c98-b3af-78d978860c6c.log
2015-04-06 10:04:50	Starting to launch local task to process map join;	maximum memory = 1065484288
2015-04-06 10:04:54	Dump the side-table for tag: 1 with group count: 8240 into file: file:/tmp/root/1892e4c0-66bb-4574-9af1-8401923080e3/hive_2015-04-06_22-04-26_322_5941732721535691209-1/-local-10014/HashTable-Stage-16/MapJoin-mapfile51--.hashtable
2015-04-06 10:04:54	Uploaded 1 File to: file:/tmp/root/1892e4c0-66bb-4574-9af1-8401923080e3/hive_2015-04-06_22-04-26_322_5941732721535691209-1/-local-10014/HashTable-Stage-16/MapJoin-mapfile51--.hashtable (173569 bytes)
2015-04-06 10:04:54	End of local task; Time Taken: 4.555 sec.
Execution completed successfully
MapredLocal task succeeded
Launching Job 1 out of 5
Number of reduce tasks is set to 0 since there's no reduce operator
Starting Job = job_1428164231378_0154, Tracking URL = http://f01hn02.hadoop:8088/proxy/application_1428164231378_0154/
Kill Command = /usr/hdp/2.2.0.0-2041/hadoop/bin/hadoop job  -kill job_1428164231378_0154
Hadoop job information for Stage-16: number of mappers: 2; number of reducers: 0
2015-04-06 22:05:02,939 Stage-16 map = 0%,  reduce = 0%
2015-04-06 22:05:08,456 Stage-16 map = 100%,  reduce = 0%, Cumulative CPU 5.43 sec
MapReduce Total cumulative CPU time: 5 seconds 430 msec
Ended Job = job_1428164231378_0154
Stage-18 is filtered out by condition resolver.
Stage-19 is selected by condition resolver.
Stage-6 is filtered out by condition resolver.
SLF4J: Class path contains multiple SLF4J bindings.
SLF4J: Found binding in [jar:file:/usr/hdp/2.2.0.0-2041/hadoop/lib/slf4j-log4j12-1.7.5.jar!/org/slf4j/impl/StaticLoggerBinder.class]
SLF4J: Found binding in [jar:file:/usr/hdp/2.2.0.0-2041/hive/lib/hive-jdbc-0.14.0.2.2.0.0-2041-standalone.jar!/org/slf4j/impl/StaticLoggerBinder.class]
SLF4J: See http://www.slf4j.org/codes.html#multiple_bindings for an explanation.
SLF4J: Actual binding is of type [org.slf4j.impl.Log4jLoggerFactory]
15/04/06 22:05:15 WARN conf.HiveConf: HiveConf of name hive.optimize.mapjoin.mapreduce does not exist
15/04/06 22:05:15 WARN conf.HiveConf: HiveConf of name hive.heapsize does not exist
15/04/06 22:05:15 WARN conf.HiveConf: HiveConf of name hive.server2.enable.impersonation does not exist
15/04/06 22:05:15 WARN conf.HiveConf: HiveConf of name hive.auto.convert.sortmerge.join.noconditionaltask does not exist
Execution log at: /tmp/root/root_20150406220404_429f699e-4174-4c98-b3af-78d978860c6c.log
2015-04-06 10:05:16	Starting to launch local task to process map join;	maximum memory = 1065484288
2015-04-06 10:05:22	Processing rows:	200000	Hashtable size:	184238	Memory usage:	32108656	percentage:	0.03
2015-04-06 10:05:22	Processing rows:	300000	Hashtable size:	284238	Memory usage:	43290184	percentage:	0.041
2015-04-06 10:05:23	Processing rows:	400000	Hashtable size:	384238	Memory usage:	52782856	percentage:	0.05
2015-04-06 10:05:24	Processing rows:	500000	Hashtable size:	484238	Memory usage:	59425352	percentage:	0.056
2015-04-06 10:05:24	Processing rows:	600000	Hashtable size:	584238	Memory usage:	73093016	percentage:	0.069
2015-04-06 10:05:24	Processing rows:	700000	Hashtable size:	684238	Memory usage:	82094656	percentage:	0.077
2015-04-06 10:05:25	Processing rows:	800000	Hashtable size:	784238	Memory usage:	90994528	percentage:	0.085
2015-04-06 10:05:25	Processing rows:	900000	Hashtable size:	884238	Memory usage:	99676808	percentage:	0.094
2015-04-06 10:05:25	Processing rows:	1000000	Hashtable size:	984238	Memory usage:	109382192	percentage:	0.103
2015-04-06 10:05:26	Processing rows:	1100000	Hashtable size:	1084238	Memory usage:	124609480	percentage:	0.117
2015-04-06 10:05:27	Processing rows:	1200000	Hashtable size:	1184238	Memory usage:	131558256	percentage:	0.123
2015-04-06 10:05:27	Processing rows:	1300000	Hashtable size:	1284238	Memory usage:	140979880	percentage:	0.132
2015-04-06 10:05:27	Processing rows:	1400000	Hashtable size:	1384238	Memory usage:	150067416	percentage:	0.141
2015-04-06 10:05:28	Processing rows:	1500000	Hashtable size:	1484238	Memory usage:	159174816	percentage:	0.149
2015-04-06 10:05:28	Processing rows:	1600000	Hashtable size:	1584238	Memory usage:	168176592	percentage:	0.158
2015-04-06 10:05:28	Processing rows:	1700000	Hashtable size:	1684238	Memory usage:	176689656	percentage:	0.166
2015-04-06 10:05:28	Processing rows:	1800000	Hashtable size:	1784238	Memory usage:	185625712	percentage:	0.174
2015-04-06 10:05:29	Processing rows:	1900000	Hashtable size:	1884238	Memory usage:	194116632	percentage:	0.182
2015-04-06 10:05:29	Dump the side-table for tag: 0 with group count: 15761 into file: file:/tmp/root/1892e4c0-66bb-4574-9af1-8401923080e3/hive_2015-04-06_22-04-26_322_5941732721535691209-1/-local-10012/HashTable-Stage-14/MapJoin-mapfile40--.hashtable
2015-04-06 10:05:29	Uploaded 1 File to: file:/tmp/root/1892e4c0-66bb-4574-9af1-8401923080e3/hive_2015-04-06_22-04-26_322_5941732721535691209-1/-local-10012/HashTable-Stage-14/MapJoin-mapfile40--.hashtable (1011507 bytes)
2015-04-06 10:05:29	Dump the side-table for tag: 1 with group count: 1920800 into file: file:/tmp/root/1892e4c0-66bb-4574-9af1-8401923080e3/hive_2015-04-06_22-04-26_322_5941732721535691209-1/-local-10012/HashTable-Stage-14/MapJoin-mapfile41--.hashtable
2015-04-06 10:05:30	Uploaded 1 File to: file:/tmp/root/1892e4c0-66bb-4574-9af1-8401923080e3/hive_2015-04-06_22-04-26_322_5941732721535691209-1/-local-10012/HashTable-Stage-14/MapJoin-mapfile41--.hashtable (40467778 bytes)
2015-04-06 10:05:30	End of local task; Time Taken: 13.802 sec.
Execution completed successfully
MapredLocal task succeeded
Launching Job 3 out of 5
Number of reduce tasks is set to 0 since there's no reduce operator
Starting Job = job_1428164231378_0155, Tracking URL = http://f01hn02.hadoop:8088/proxy/application_1428164231378_0155/
Kill Command = /usr/hdp/2.2.0.0-2041/hadoop/bin/hadoop job  -kill job_1428164231378_0155
Hadoop job information for Stage-14: number of mappers: 7; number of reducers: 0
2015-04-06 22:05:50,315 Stage-14 map = 0%,  reduce = 0%
2015-04-06 22:06:00,958 Stage-14 map = 34%,  reduce = 0%, Cumulative CPU 100.33 sec
2015-04-06 22:06:02,030 Stage-14 map = 38%,  reduce = 0%, Cumulative CPU 102.7 sec
2015-04-06 22:06:03,099 Stage-14 map = 44%,  reduce = 0%, Cumulative CPU 106.3 sec
2015-04-06 22:06:04,167 Stage-14 map = 67%,  reduce = 0%, Cumulative CPU 132.12 sec
2015-04-06 22:06:05,234 Stage-14 map = 70%,  reduce = 0%, Cumulative CPU 134.3 sec
2015-04-06 22:06:07,369 Stage-14 map = 88%,  reduce = 0%, Cumulative CPU 147.83 sec
2015-04-06 22:06:08,443 Stage-14 map = 89%,  reduce = 0%, Cumulative CPU 149.29 sec
2015-04-06 22:06:09,512 Stage-14 map = 100%,  reduce = 0%, Cumulative CPU 157.6 sec
MapReduce Total cumulative CPU time: 2 minutes 37 seconds 600 msec
Ended Job = job_1428164231378_0155
SLF4J: Class path contains multiple SLF4J bindings.
SLF4J: Found binding in [jar:file:/usr/hdp/2.2.0.0-2041/hadoop/lib/slf4j-log4j12-1.7.5.jar!/org/slf4j/impl/StaticLoggerBinder.class]
SLF4J: Found binding in [jar:file:/usr/hdp/2.2.0.0-2041/hive/lib/hive-jdbc-0.14.0.2.2.0.0-2041-standalone.jar!/org/slf4j/impl/StaticLoggerBinder.class]
SLF4J: See http://www.slf4j.org/codes.html#multiple_bindings for an explanation.
SLF4J: Actual binding is of type [org.slf4j.impl.Log4jLoggerFactory]
15/04/06 22:06:15 WARN conf.HiveConf: HiveConf of name hive.optimize.mapjoin.mapreduce does not exist
15/04/06 22:06:15 WARN conf.HiveConf: HiveConf of name hive.heapsize does not exist
15/04/06 22:06:15 WARN conf.HiveConf: HiveConf of name hive.server2.enable.impersonation does not exist
15/04/06 22:06:15 WARN conf.HiveConf: HiveConf of name hive.auto.convert.sortmerge.join.noconditionaltask does not exist
Execution log at: /tmp/root/root_20150406220404_429f699e-4174-4c98-b3af-78d978860c6c.log
2015-04-06 10:06:17	Starting to launch local task to process map join;	maximum memory = 1065484288
2015-04-06 10:06:20	Dump the side-table for tag: 1 with group count: 4 into file: file:/tmp/root/1892e4c0-66bb-4574-9af1-8401923080e3/hive_2015-04-06_22-04-26_322_5941732721535691209-1/-local-10008/HashTable-Stage-3/MapJoin-mapfile01--.hashtable
2015-04-06 10:06:21	Uploaded 1 File to: file:/tmp/root/1892e4c0-66bb-4574-9af1-8401923080e3/hive_2015-04-06_22-04-26_322_5941732721535691209-1/-local-10008/HashTable-Stage-3/MapJoin-mapfile01--.hashtable (363 bytes)
2015-04-06 10:06:21	Dump the side-table for tag: 1 with group count: 7200 into file: file:/tmp/root/1892e4c0-66bb-4574-9af1-8401923080e3/hive_2015-04-06_22-04-26_322_5941732721535691209-1/-local-10008/HashTable-Stage-3/MapJoin-mapfile11--.hashtable
2015-04-06 10:06:21	Uploaded 1 File to: file:/tmp/root/1892e4c0-66bb-4574-9af1-8401923080e3/hive_2015-04-06_22-04-26_322_5941732721535691209-1/-local-10008/HashTable-Stage-3/MapJoin-mapfile11--.hashtable (159051 bytes)
2015-04-06 10:06:21	End of local task; Time Taken: 4.295 sec.
Execution completed successfully
MapredLocal task succeeded
Launching Job 4 out of 5
Number of reduce tasks determined at compile time: 1
In order to change the average load for a reducer (in bytes):
  set hive.exec.reducers.bytes.per.reducer=<number>
In order to limit the maximum number of reducers:
  set hive.exec.reducers.max=<number>
In order to set a constant number of reducers:
  set mapreduce.job.reduces=<number>
Starting Job = job_1428164231378_0156, Tracking URL = http://f01hn02.hadoop:8088/proxy/application_1428164231378_0156/
Kill Command = /usr/hdp/2.2.0.0-2041/hadoop/bin/hadoop job  -kill job_1428164231378_0156
Hadoop job information for Stage-3: number of mappers: 3; number of reducers: 1
2015-04-06 22:06:28,039 Stage-3 map = 0%,  reduce = 0%
2015-04-06 22:06:34,426 Stage-3 map = 67%,  reduce = 0%, Cumulative CPU 7.66 sec
2015-04-06 22:06:35,493 Stage-3 map = 100%,  reduce = 0%, Cumulative CPU 12.79 sec
2015-04-06 22:06:39,766 Stage-3 map = 100%,  reduce = 100%, Cumulative CPU 14.32 sec
MapReduce Total cumulative CPU time: 14 seconds 320 msec
Ended Job = job_1428164231378_0156
MapReduce Jobs Launched: 
Stage-Stage-16: Map: 2   Cumulative CPU: 5.43 sec   HDFS Read: 24548619 HDFS Write: 1001674 SUCCESS
Stage-Stage-14: Map: 7   Cumulative CPU: 157.6 sec   HDFS Read: 115433837 HDFS Write: 16462006 SUCCESS
Stage-Stage-3: Map: 3  Reduce: 1   Cumulative CPU: 14.32 sec   HDFS Read: 16464268 HDFS Write: 3265 SUCCESS
Total MapReduce CPU Time Spent: 2 minutes 57 seconds 350 msec
OK
AAAAAAAAAAAHJAAA	Heck, William
AAAAAAAAAAAHJAAA	Heck, William
AAAAAAAAAAAHJAAA	Heck, William
AAAAAAAAAAAHJAAA	Heck, William
AAAAAAAAAAAHJAAA	Heck, William
AAAAAAAAAAAHJAAA	Heck, William
AAAAAAAAAAAHJAAA	Heck, William
AAAAAAAAAAAHJAAA	Heck, William
AAAAAAAAAAAHJAAA	Heck, William
AAAAAAAAAAAHJAAA	Heck, William
AAAAAAAAAAAHJAAA	Heck, William
AAAAAAAAAAALFAAA	Weller, William
AAAAAAAAAAALFAAA	Weller, William
AAAAAAAAAAALFAAA	Weller, William
AAAAAAAAAAALFAAA	Weller, William
AAAAAAAAAAALFAAA	Weller, William
AAAAAAAAAAALFAAA	Weller, William
AAAAAAAAAAALFAAA	Weller, William
AAAAAAAAAAALFAAA	Weller, William
AAAAAAAAAAALFAAA	Weller, William
AAAAAAAAAAALFAAA	Weller, William
AAAAAAAAAAAOJBAA	Stevenson, Tillie
AAAAAAAAAAAOJBAA	Stevenson, Tillie
AAAAAAAAAAAOJBAA	Stevenson, Tillie
AAAAAAAAAAAOJBAA	Stevenson, Tillie
AAAAAAAAAAAOJBAA	Stevenson, Tillie
AAAAAAAAAAAOJBAA	Stevenson, Tillie
AAAAAAAAAAAOJBAA	Stevenson, Tillie
AAAAAAAAAAAOJBAA	Stevenson, Tillie
AAAAAAAAAAAOJBAA	Stevenson, Tillie
AAAAAAAAAAAOJBAA	Stevenson, Tillie
AAAAAAAAAAAOJBAA	Stevenson, Tillie
AAAAAAAAAAAOJBAA	Stevenson, Tillie
AAAAAAAAAAAOJBAA	Stevenson, Tillie
AAAAAAAAAAAOJBAA	Stevenson, Tillie
AAAAAAAAAAAOJBAA	Stevenson, Tillie
AAAAAAAAAAAOJBAA	Stevenson, Tillie
AAAAAAAAAAAOJBAA	Stevenson, Tillie
AAAAAAAAAABEKBAA	Lynch, Leila
AAAAAAAAAABEKBAA	Lynch, Leila
AAAAAAAAAABEKBAA	Lynch, Leila
AAAAAAAAAABEKBAA	Lynch, Leila
AAAAAAAAAABEKBAA	Lynch, Leila
AAAAAAAAAABEKBAA	Lynch, Leila
AAAAAAAAAABEKBAA	Lynch, Leila
AAAAAAAAAABEKBAA	Lynch, Leila
AAAAAAAAAABEKBAA	Lynch, Leila
AAAAAAAAAABEKBAA	Lynch, Leila
AAAAAAAAAABEKBAA	Lynch, Leila
AAAAAAAAAABEKBAA	Lynch, Leila
AAAAAAAAAABEKBAA	Lynch, Leila
AAAAAAAAAABEKBAA	Lynch, Leila
AAAAAAAAAABEKBAA	Lynch, Leila
AAAAAAAAAACADBAA	Carrington, Mattie
AAAAAAAAAACADBAA	Carrington, Mattie
AAAAAAAAAACADBAA	Carrington, Mattie
AAAAAAAAAACADBAA	Carrington, Mattie
AAAAAAAAAACADBAA	Carrington, Mattie
AAAAAAAAAACADBAA	Carrington, Mattie
AAAAAAAAAACADBAA	Carrington, Mattie
AAAAAAAAAACADBAA	Carrington, Mattie
AAAAAAAAAACADBAA	Carrington, Mattie
AAAAAAAAAACADBAA	Carrington, Mattie
AAAAAAAAAACADBAA	Carrington, Mattie
AAAAAAAAAACADBAA	Carrington, Mattie
AAAAAAAAAACGIBAA	Miller, Victoria
AAAAAAAAAACGIBAA	Miller, Victoria
AAAAAAAAAACGIBAA	Miller, Victoria
AAAAAAAAAACGIBAA	Miller, Victoria
AAAAAAAAAACGIBAA	Miller, Victoria
AAAAAAAAAACGIBAA	Miller, Victoria
AAAAAAAAAACGIBAA	Miller, Victoria
AAAAAAAAAACGIBAA	Miller, Victoria
AAAAAAAAAACGIBAA	Miller, Victoria
AAAAAAAAAACGIBAA	Miller, Victoria
AAAAAAAAAACGIBAA	Miller, Victoria
AAAAAAAAAACGIBAA	Miller, Victoria
AAAAAAAAAACGIBAA	Miller, Victoria
AAAAAAAAAACGIBAA	Miller, Victoria
AAAAAAAAAACGIBAA	Miller, Victoria
AAAAAAAAAACGIBAA	Miller, Victoria
AAAAAAAAAAECMAAA	Manns, Ralph
AAAAAAAAAAECMAAA	Manns, Ralph
AAAAAAAAAAECMAAA	Manns, Ralph
AAAAAAAAAAECMAAA	Manns, Ralph
AAAAAAAAAAECMAAA	Manns, Ralph
AAAAAAAAAAECMAAA	Manns, Ralph
AAAAAAAAAAECMAAA	Manns, Ralph
AAAAAAAAAAECMAAA	Manns, Ralph
AAAAAAAAAAECMAAA	Manns, Ralph
AAAAAAAAAAECMAAA	Manns, Ralph
AAAAAAAAAAECMAAA	Manns, Ralph
AAAAAAAAAAECMAAA	Manns, Ralph
AAAAAAAAAAECMAAA	Manns, Ralph
AAAAAAAAAAECMAAA	Manns, Ralph
AAAAAAAAAAECMAAA	Manns, Ralph
AAAAAAAAAAECMAAA	Manns, Ralph
AAAAAAAAAAEGLBAA	Spooner, Lena
AAAAAAAAAAEGLBAA	Spooner, Lena
AAAAAAAAAAEGLBAA	Spooner, Lena
Time taken: 134.556 seconds, Fetched: 100 row(s)
hive> 