15/04/06 22:08:48 WARN conf.HiveConf: HiveConf of name hive.optimize.mapjoin.mapreduce does not exist
15/04/06 22:08:48 WARN conf.HiveConf: HiveConf of name hive.heapsize does not exist
15/04/06 22:08:48 WARN conf.HiveConf: HiveConf of name hive.server2.enable.impersonation does not exist
15/04/06 22:08:48 WARN conf.HiveConf: HiveConf of name hive.auto.convert.sortmerge.join.noconditionaltask does not exist

Logging initialized using configuration in file:/etc/hive/conf/hive-log4j.properties
SLF4J: Class path contains multiple SLF4J bindings.
SLF4J: Found binding in [jar:file:/usr/hdp/2.2.0.0-2041/hadoop/lib/slf4j-log4j12-1.7.5.jar!/org/slf4j/impl/StaticLoggerBinder.class]
SLF4J: Found binding in [jar:file:/usr/hdp/2.2.0.0-2041/hive/lib/hive-jdbc-0.14.0.2.2.0.0-2041-standalone.jar!/org/slf4j/impl/StaticLoggerBinder.class]
SLF4J: See http://www.slf4j.org/codes.html#multiple_bindings for an explanation.
SLF4J: Actual binding is of type [org.slf4j.impl.Log4jLoggerFactory]
hive> use tpcds_bin_partitioned_orc_100; source query88.sql;
OK
Time taken: 2.962 seconds
Warning: Map Join MAPJOIN[662][bigTable=?] in task 'Stage-61:MAPRED' is a cross product
Warning: Map Join MAPJOIN[994][bigTable=?] in task 'Stage-62:MAPRED' is a cross product
Warning: Shuffle Join JOIN[220][tables = [s1, s2, s3, s4, s5, s6, s7, s8]] in Stage 'Stage-9:MAPRED' is a cross product
Warning: Map Join MAPJOIN[1658][bigTable=?] in task 'Stage-65:MAPRED' is a cross product
Warning: Map Join MAPJOIN[1326][bigTable=?] in task 'Stage-64:MAPRED' is a cross product
Warning: Shuffle Join JOIN[217][tables = [s1, s2, s3, s4, s5, s6, s7]] in Stage 'Stage-8:MAPRED' is a cross product
Warning: Map Join MAPJOIN[1990][bigTable=?] in task 'Stage-67:MAPRED' is a cross product
Warning: Map Join MAPJOIN[2322][bigTable=?] in task 'Stage-68:MAPRED' is a cross product
Warning: Shuffle Join JOIN[214][tables = [s1, s2, s3, s4, s5, s6]] in Stage 'Stage-7:MAPRED' is a cross product
Warning: Map Join MAPJOIN[2986][bigTable=?] in task 'Stage-71:MAPRED' is a cross product
Warning: Map Join MAPJOIN[2654][bigTable=?] in task 'Stage-70:MAPRED' is a cross product
Warning: Shuffle Join JOIN[211][tables = [s1, s2, s3, s4, s5]] in Stage 'Stage-6:MAPRED' is a cross product
Warning: Map Join MAPJOIN[3318][bigTable=?] in task 'Stage-73:MAPRED' is a cross product
Warning: Map Join MAPJOIN[3650][bigTable=?] in task 'Stage-74:MAPRED' is a cross product
Warning: Shuffle Join JOIN[208][tables = [s1, s2, s3, s4]] in Stage 'Stage-5:MAPRED' is a cross product
Warning: Map Join MAPJOIN[3982][bigTable=?] in task 'Stage-76:MAPRED' is a cross product
Warning: Map Join MAPJOIN[4314][bigTable=?] in task 'Stage-77:MAPRED' is a cross product
Warning: Shuffle Join JOIN[205][tables = [s1, s2, s3]] in Stage 'Stage-4:MAPRED' is a cross product
Warning: Map Join MAPJOIN[4670][bigTable=?] in task 'Stage-91:MAPRED' is a cross product
Warning: Map Join MAPJOIN[5014][bigTable=?] in task 'Stage-92:MAPRED' is a cross product
Warning: Shuffle Join JOIN[202][tables = [s1, s2]] in Stage 'Stage-3:MAPRED' is a cross product
Query ID = root_20150406220808_264c4153-4dee-43d4-95e5-4ef4664aec84
Total jobs = 29
SLF4J: Class path contains multiple SLF4J bindings.
SLF4J: Found binding in [jar:file:/usr/hdp/2.2.0.0-2041/hadoop/lib/slf4j-log4j12-1.7.5.jar!/org/slf4j/impl/StaticLoggerBinder.class]
SLF4J: Found binding in [jar:file:/usr/hdp/2.2.0.0-2041/hive/lib/hive-jdbc-0.14.0.2.2.0.0-2041-standalone.jar!/org/slf4j/impl/StaticLoggerBinder.class]
SLF4J: See http://www.slf4j.org/codes.html#multiple_bindings for an explanation.
SLF4J: Actual binding is of type [org.slf4j.impl.Log4jLoggerFactory]
15/04/06 22:09:36 WARN conf.HiveConf: HiveConf of name hive.optimize.mapjoin.mapreduce does not exist
15/04/06 22:09:36 WARN conf.HiveConf: HiveConf of name hive.heapsize does not exist
15/04/06 22:09:36 WARN conf.HiveConf: HiveConf of name hive.server2.enable.impersonation does not exist
15/04/06 22:09:36 WARN conf.HiveConf: HiveConf of name hive.auto.convert.sortmerge.join.noconditionaltask does not exist
Execution log at: /tmp/root/root_20150406220808_264c4153-4dee-43d4-95e5-4ef4664aec84.log
2015-04-06 10:09:38	Starting to launch local task to process map join;	maximum memory = 1065484288
2015-04-06 10:09:42	Dump the side-table for tag: 1 with group count: 55 into file: file:/tmp/root/7d9f53dd-3615-416a-8c04-f89ca32c3737/hive_2015-04-06_22-08-55_843_7535048465424329654-1/-local-10066/HashTable-Stage-16/MapJoin-mapfile121--.hashtable
2015-04-06 10:09:42	Uploaded 1 File to: file:/tmp/root/7d9f53dd-3615-416a-8c04-f89ca32c3737/hive_2015-04-06_22-08-55_843_7535048465424329654-1/-local-10066/HashTable-Stage-16/MapJoin-mapfile121--.hashtable (1312 bytes)
2015-04-06 10:09:42	Dump the side-table for tag: 1 with group count: 1800 into file: file:/tmp/root/7d9f53dd-3615-416a-8c04-f89ca32c3737/hive_2015-04-06_22-08-55_843_7535048465424329654-1/-local-10066/HashTable-Stage-16/MapJoin-mapfile131--.hashtable
2015-04-06 10:09:42	Uploaded 1 File to: file:/tmp/root/7d9f53dd-3615-416a-8c04-f89ca32c3737/hive_2015-04-06_22-08-55_843_7535048465424329654-1/-local-10066/HashTable-Stage-16/MapJoin-mapfile131--.hashtable (40053 bytes)
2015-04-06 10:09:42	Dump the side-table for tag: 1 with group count: 1800 into file: file:/tmp/root/7d9f53dd-3615-416a-8c04-f89ca32c3737/hive_2015-04-06_22-08-55_843_7535048465424329654-1/-local-10066/HashTable-Stage-16/MapJoin-mapfile141--.hashtable
2015-04-06 10:09:42	Uploaded 1 File to: file:/tmp/root/7d9f53dd-3615-416a-8c04-f89ca32c3737/hive_2015-04-06_22-08-55_843_7535048465424329654-1/-local-10066/HashTable-Stage-16/MapJoin-mapfile141--.hashtable (41494 bytes)
2015-04-06 10:09:42	End of local task; Time Taken: 4.699 sec.
Execution completed successfully
MapredLocal task succeeded
SLF4J: Class path contains multiple SLF4J bindings.
SLF4J: Found binding in [jar:file:/usr/hdp/2.2.0.0-2041/hadoop/lib/slf4j-log4j12-1.7.5.jar!/org/slf4j/impl/StaticLoggerBinder.class]
SLF4J: Found binding in [jar:file:/usr/hdp/2.2.0.0-2041/hive/lib/hive-jdbc-0.14.0.2.2.0.0-2041-standalone.jar!/org/slf4j/impl/StaticLoggerBinder.class]
SLF4J: See http://www.slf4j.org/codes.html#multiple_bindings for an explanation.
SLF4J: Actual binding is of type [org.slf4j.impl.Log4jLoggerFactory]
15/04/06 22:09:48 WARN conf.HiveConf: HiveConf of name hive.optimize.mapjoin.mapreduce does not exist
15/04/06 22:09:48 WARN conf.HiveConf: HiveConf of name hive.heapsize does not exist
15/04/06 22:09:48 WARN conf.HiveConf: HiveConf of name hive.server2.enable.impersonation does not exist
15/04/06 22:09:48 WARN conf.HiveConf: HiveConf of name hive.auto.convert.sortmerge.join.noconditionaltask does not exist
Execution log at: /tmp/root/root_20150406220808_264c4153-4dee-43d4-95e5-4ef4664aec84.log
2015-04-06 10:09:50	Starting to launch local task to process map join;	maximum memory = 1065484288
2015-04-06 10:09:54	Dump the side-table for tag: 1 with group count: 55 into file: file:/tmp/root/7d9f53dd-3615-416a-8c04-f89ca32c3737/hive_2015-04-06_22-08-55_843_7535048465424329654-1/-local-10068/HashTable-Stage-20/MapJoin-mapfile151--.hashtable
2015-04-06 10:09:54	Uploaded 1 File to: file:/tmp/root/7d9f53dd-3615-416a-8c04-f89ca32c3737/hive_2015-04-06_22-08-55_843_7535048465424329654-1/-local-10068/HashTable-Stage-20/MapJoin-mapfile151--.hashtable (1312 bytes)
2015-04-06 10:09:54	Dump the side-table for tag: 1 with group count: 1800 into file: file:/tmp/root/7d9f53dd-3615-416a-8c04-f89ca32c3737/hive_2015-04-06_22-08-55_843_7535048465424329654-1/-local-10068/HashTable-Stage-20/MapJoin-mapfile161--.hashtable
2015-04-06 10:09:54	Uploaded 1 File to: file:/tmp/root/7d9f53dd-3615-416a-8c04-f89ca32c3737/hive_2015-04-06_22-08-55_843_7535048465424329654-1/-local-10068/HashTable-Stage-20/MapJoin-mapfile161--.hashtable (40053 bytes)
2015-04-06 10:09:54	Dump the side-table for tag: 1 with group count: 1800 into file: file:/tmp/root/7d9f53dd-3615-416a-8c04-f89ca32c3737/hive_2015-04-06_22-08-55_843_7535048465424329654-1/-local-10068/HashTable-Stage-20/MapJoin-mapfile171--.hashtable
2015-04-06 10:09:54	Uploaded 1 File to: file:/tmp/root/7d9f53dd-3615-416a-8c04-f89ca32c3737/hive_2015-04-06_22-08-55_843_7535048465424329654-1/-local-10068/HashTable-Stage-20/MapJoin-mapfile171--.hashtable (41494 bytes)
2015-04-06 10:09:54	End of local task; Time Taken: 4.708 sec.
Execution completed successfully
MapredLocal task succeeded
SLF4J: Class path contains multiple SLF4J bindings.
SLF4J: Found binding in [jar:file:/usr/hdp/2.2.0.0-2041/hadoop/lib/slf4j-log4j12-1.7.5.jar!/org/slf4j/impl/StaticLoggerBinder.class]
SLF4J: Found binding in [jar:file:/usr/hdp/2.2.0.0-2041/hive/lib/hive-jdbc-0.14.0.2.2.0.0-2041-standalone.jar!/org/slf4j/impl/StaticLoggerBinder.class]
SLF4J: See http://www.slf4j.org/codes.html#multiple_bindings for an explanation.
SLF4J: Actual binding is of type [org.slf4j.impl.Log4jLoggerFactory]
15/04/06 22:10:01 WARN conf.HiveConf: HiveConf of name hive.optimize.mapjoin.mapreduce does not exist
15/04/06 22:10:01 WARN conf.HiveConf: HiveConf of name hive.heapsize does not exist
15/04/06 22:10:01 WARN conf.HiveConf: HiveConf of name hive.server2.enable.impersonation does not exist
15/04/06 22:10:01 WARN conf.HiveConf: HiveConf of name hive.auto.convert.sortmerge.join.noconditionaltask does not exist
Execution log at: /tmp/root/root_20150406220808_264c4153-4dee-43d4-95e5-4ef4664aec84.log
2015-04-06 10:10:02	Starting to launch local task to process map join;	maximum memory = 1065484288
2015-04-06 10:10:07	Dump the side-table for tag: 1 with group count: 55 into file: file:/tmp/root/7d9f53dd-3615-416a-8c04-f89ca32c3737/hive_2015-04-06_22-08-55_843_7535048465424329654-1/-local-10070/HashTable-Stage-24/MapJoin-mapfile181--.hashtable
2015-04-06 10:10:07	Uploaded 1 File to: file:/tmp/root/7d9f53dd-3615-416a-8c04-f89ca32c3737/hive_2015-04-06_22-08-55_843_7535048465424329654-1/-local-10070/HashTable-Stage-24/MapJoin-mapfile181--.hashtable (1312 bytes)
2015-04-06 10:10:07	Dump the side-table for tag: 1 with group count: 1800 into file: file:/tmp/root/7d9f53dd-3615-416a-8c04-f89ca32c3737/hive_2015-04-06_22-08-55_843_7535048465424329654-1/-local-10070/HashTable-Stage-24/MapJoin-mapfile191--.hashtable
2015-04-06 10:10:07	Uploaded 1 File to: file:/tmp/root/7d9f53dd-3615-416a-8c04-f89ca32c3737/hive_2015-04-06_22-08-55_843_7535048465424329654-1/-local-10070/HashTable-Stage-24/MapJoin-mapfile191--.hashtable (40053 bytes)
2015-04-06 10:10:07	Dump the side-table for tag: 1 with group count: 1800 into file: file:/tmp/root/7d9f53dd-3615-416a-8c04-f89ca32c3737/hive_2015-04-06_22-08-55_843_7535048465424329654-1/-local-10070/HashTable-Stage-24/MapJoin-mapfile201--.hashtable
2015-04-06 10:10:07	Uploaded 1 File to: file:/tmp/root/7d9f53dd-3615-416a-8c04-f89ca32c3737/hive_2015-04-06_22-08-55_843_7535048465424329654-1/-local-10070/HashTable-Stage-24/MapJoin-mapfile201--.hashtable (41494 bytes)
2015-04-06 10:10:07	End of local task; Time Taken: 4.884 sec.
Execution completed successfully
MapredLocal task succeeded
SLF4J: Class path contains multiple SLF4J bindings.
SLF4J: Found binding in [jar:file:/usr/hdp/2.2.0.0-2041/hadoop/lib/slf4j-log4j12-1.7.5.jar!/org/slf4j/impl/StaticLoggerBinder.class]
SLF4J: Found binding in [jar:file:/usr/hdp/2.2.0.0-2041/hive/lib/hive-jdbc-0.14.0.2.2.0.0-2041-standalone.jar!/org/slf4j/impl/StaticLoggerBinder.class]
SLF4J: See http://www.slf4j.org/codes.html#multiple_bindings for an explanation.
SLF4J: Actual binding is of type [org.slf4j.impl.Log4jLoggerFactory]
15/04/06 22:10:13 WARN conf.HiveConf: HiveConf of name hive.optimize.mapjoin.mapreduce does not exist
15/04/06 22:10:13 WARN conf.HiveConf: HiveConf of name hive.heapsize does not exist
15/04/06 22:10:13 WARN conf.HiveConf: HiveConf of name hive.server2.enable.impersonation does not exist
15/04/06 22:10:13 WARN conf.HiveConf: HiveConf of name hive.auto.convert.sortmerge.join.noconditionaltask does not exist
Execution log at: /tmp/root/root_20150406220808_264c4153-4dee-43d4-95e5-4ef4664aec84.log
2015-04-06 10:10:15	Starting to launch local task to process map join;	maximum memory = 1065484288
2015-04-06 10:10:19	Dump the side-table for tag: 1 with group count: 55 into file: file:/tmp/root/7d9f53dd-3615-416a-8c04-f89ca32c3737/hive_2015-04-06_22-08-55_843_7535048465424329654-1/-local-10072/HashTable-Stage-29/MapJoin-mapfile211--.hashtable
2015-04-06 10:10:19	Uploaded 1 File to: file:/tmp/root/7d9f53dd-3615-416a-8c04-f89ca32c3737/hive_2015-04-06_22-08-55_843_7535048465424329654-1/-local-10072/HashTable-Stage-29/MapJoin-mapfile211--.hashtable (1312 bytes)
2015-04-06 10:10:19	Dump the side-table for tag: 1 with group count: 1800 into file: file:/tmp/root/7d9f53dd-3615-416a-8c04-f89ca32c3737/hive_2015-04-06_22-08-55_843_7535048465424329654-1/-local-10072/HashTable-Stage-29/MapJoin-mapfile221--.hashtable
2015-04-06 10:10:19	Uploaded 1 File to: file:/tmp/root/7d9f53dd-3615-416a-8c04-f89ca32c3737/hive_2015-04-06_22-08-55_843_7535048465424329654-1/-local-10072/HashTable-Stage-29/MapJoin-mapfile221--.hashtable (40053 bytes)
2015-04-06 10:10:19	Dump the side-table for tag: 1 with group count: 1800 into file: file:/tmp/root/7d9f53dd-3615-416a-8c04-f89ca32c3737/hive_2015-04-06_22-08-55_843_7535048465424329654-1/-local-10072/HashTable-Stage-29/MapJoin-mapfile231--.hashtable
2015-04-06 10:10:19	Uploaded 1 File to: file:/tmp/root/7d9f53dd-3615-416a-8c04-f89ca32c3737/hive_2015-04-06_22-08-55_843_7535048465424329654-1/-local-10072/HashTable-Stage-29/MapJoin-mapfile231--.hashtable (41494 bytes)
2015-04-06 10:10:19	End of local task; Time Taken: 4.457 sec.
Execution completed successfully
MapredLocal task succeeded
SLF4J: Class path contains multiple SLF4J bindings.
SLF4J: Found binding in [jar:file:/usr/hdp/2.2.0.0-2041/hadoop/lib/slf4j-log4j12-1.7.5.jar!/org/slf4j/impl/StaticLoggerBinder.class]
SLF4J: Found binding in [jar:file:/usr/hdp/2.2.0.0-2041/hive/lib/hive-jdbc-0.14.0.2.2.0.0-2041-standalone.jar!/org/slf4j/impl/StaticLoggerBinder.class]
SLF4J: See http://www.slf4j.org/codes.html#multiple_bindings for an explanation.
SLF4J: Actual binding is of type [org.slf4j.impl.Log4jLoggerFactory]
15/04/06 22:10:26 WARN conf.HiveConf: HiveConf of name hive.optimize.mapjoin.mapreduce does not exist
15/04/06 22:10:26 WARN conf.HiveConf: HiveConf of name hive.heapsize does not exist
15/04/06 22:10:26 WARN conf.HiveConf: HiveConf of name hive.server2.enable.impersonation does not exist
15/04/06 22:10:26 WARN conf.HiveConf: HiveConf of name hive.auto.convert.sortmerge.join.noconditionaltask does not exist
Execution log at: /tmp/root/root_20150406220808_264c4153-4dee-43d4-95e5-4ef4664aec84.log
2015-04-06 10:10:27	Starting to launch local task to process map join;	maximum memory = 1065484288
2015-04-06 10:10:32	Dump the side-table for tag: 1 with group count: 55 into file: file:/tmp/root/7d9f53dd-3615-416a-8c04-f89ca32c3737/hive_2015-04-06_22-08-55_843_7535048465424329654-1/-local-10078/HashTable-Stage-2/MapJoin-mapfile261--.hashtable
2015-04-06 10:10:32	Uploaded 1 File to: file:/tmp/root/7d9f53dd-3615-416a-8c04-f89ca32c3737/hive_2015-04-06_22-08-55_843_7535048465424329654-1/-local-10078/HashTable-Stage-2/MapJoin-mapfile261--.hashtable (1312 bytes)
2015-04-06 10:10:32	Dump the side-table for tag: 1 with group count: 1800 into file: file:/tmp/root/7d9f53dd-3615-416a-8c04-f89ca32c3737/hive_2015-04-06_22-08-55_843_7535048465424329654-1/-local-10078/HashTable-Stage-2/MapJoin-mapfile271--.hashtable
2015-04-06 10:10:32	Uploaded 1 File to: file:/tmp/root/7d9f53dd-3615-416a-8c04-f89ca32c3737/hive_2015-04-06_22-08-55_843_7535048465424329654-1/-local-10078/HashTable-Stage-2/MapJoin-mapfile271--.hashtable (40053 bytes)
2015-04-06 10:10:32	Dump the side-table for tag: 1 with group count: 1800 into file: file:/tmp/root/7d9f53dd-3615-416a-8c04-f89ca32c3737/hive_2015-04-06_22-08-55_843_7535048465424329654-1/-local-10078/HashTable-Stage-2/MapJoin-mapfile281--.hashtable
2015-04-06 10:10:32	Uploaded 1 File to: file:/tmp/root/7d9f53dd-3615-416a-8c04-f89ca32c3737/hive_2015-04-06_22-08-55_843_7535048465424329654-1/-local-10078/HashTable-Stage-2/MapJoin-mapfile281--.hashtable (41494 bytes)
2015-04-06 10:10:32	End of local task; Time Taken: 4.766 sec.
Execution completed successfully
MapredLocal task succeeded
SLF4J: Class path contains multiple SLF4J bindings.
SLF4J: Found binding in [jar:file:/usr/hdp/2.2.0.0-2041/hadoop/lib/slf4j-log4j12-1.7.5.jar!/org/slf4j/impl/StaticLoggerBinder.class]
SLF4J: Found binding in [jar:file:/usr/hdp/2.2.0.0-2041/hive/lib/hive-jdbc-0.14.0.2.2.0.0-2041-standalone.jar!/org/slf4j/impl/StaticLoggerBinder.class]
SLF4J: See http://www.slf4j.org/codes.html#multiple_bindings for an explanation.
SLF4J: Actual binding is of type [org.slf4j.impl.Log4jLoggerFactory]
15/04/06 22:10:39 WARN conf.HiveConf: HiveConf of name hive.optimize.mapjoin.mapreduce does not exist
15/04/06 22:10:39 WARN conf.HiveConf: HiveConf of name hive.heapsize does not exist
15/04/06 22:10:39 WARN conf.HiveConf: HiveConf of name hive.server2.enable.impersonation does not exist
15/04/06 22:10:39 WARN conf.HiveConf: HiveConf of name hive.auto.convert.sortmerge.join.noconditionaltask does not exist
Execution log at: /tmp/root/root_20150406220808_264c4153-4dee-43d4-95e5-4ef4664aec84.log
2015-04-06 10:10:40	Starting to launch local task to process map join;	maximum memory = 1065484288
2015-04-06 10:10:45	Dump the side-table for tag: 1 with group count: 55 into file: file:/tmp/root/7d9f53dd-3615-416a-8c04-f89ca32c3737/hive_2015-04-06_22-08-55_843_7535048465424329654-1/-local-10080/HashTable-Stage-44/MapJoin-mapfile291--.hashtable
2015-04-06 10:10:45	Uploaded 1 File to: file:/tmp/root/7d9f53dd-3615-416a-8c04-f89ca32c3737/hive_2015-04-06_22-08-55_843_7535048465424329654-1/-local-10080/HashTable-Stage-44/MapJoin-mapfile291--.hashtable (1312 bytes)
2015-04-06 10:10:45	Dump the side-table for tag: 1 with group count: 1800 into file: file:/tmp/root/7d9f53dd-3615-416a-8c04-f89ca32c3737/hive_2015-04-06_22-08-55_843_7535048465424329654-1/-local-10080/HashTable-Stage-44/MapJoin-mapfile301--.hashtable
2015-04-06 10:10:45	Uploaded 1 File to: file:/tmp/root/7d9f53dd-3615-416a-8c04-f89ca32c3737/hive_2015-04-06_22-08-55_843_7535048465424329654-1/-local-10080/HashTable-Stage-44/MapJoin-mapfile301--.hashtable (40053 bytes)
2015-04-06 10:10:45	Dump the side-table for tag: 1 with group count: 1800 into file: file:/tmp/root/7d9f53dd-3615-416a-8c04-f89ca32c3737/hive_2015-04-06_22-08-55_843_7535048465424329654-1/-local-10080/HashTable-Stage-44/MapJoin-mapfile311--.hashtable
2015-04-06 10:10:46	Uploaded 1 File to: file:/tmp/root/7d9f53dd-3615-416a-8c04-f89ca32c3737/hive_2015-04-06_22-08-55_843_7535048465424329654-1/-local-10080/HashTable-Stage-44/MapJoin-mapfile311--.hashtable (41494 bytes)
2015-04-06 10:10:46	End of local task; Time Taken: 5.152 sec.
Execution completed successfully
MapredLocal task succeeded
SLF4J: Class path contains multiple SLF4J bindings.
SLF4J: Found binding in [jar:file:/usr/hdp/2.2.0.0-2041/hadoop/lib/slf4j-log4j12-1.7.5.jar!/org/slf4j/impl/StaticLoggerBinder.class]
SLF4J: Found binding in [jar:file:/usr/hdp/2.2.0.0-2041/hive/lib/hive-jdbc-0.14.0.2.2.0.0-2041-standalone.jar!/org/slf4j/impl/StaticLoggerBinder.class]
SLF4J: See http://www.slf4j.org/codes.html#multiple_bindings for an explanation.
SLF4J: Actual binding is of type [org.slf4j.impl.Log4jLoggerFactory]
15/04/06 22:10:52 WARN conf.HiveConf: HiveConf of name hive.optimize.mapjoin.mapreduce does not exist
15/04/06 22:10:52 WARN conf.HiveConf: HiveConf of name hive.heapsize does not exist
15/04/06 22:10:52 WARN conf.HiveConf: HiveConf of name hive.server2.enable.impersonation does not exist
15/04/06 22:10:52 WARN conf.HiveConf: HiveConf of name hive.auto.convert.sortmerge.join.noconditionaltask does not exist
Execution log at: /tmp/root/root_20150406220808_264c4153-4dee-43d4-95e5-4ef4664aec84.log
2015-04-06 10:10:53	Starting to launch local task to process map join;	maximum memory = 1065484288
2015-04-06 10:10:58	Dump the side-table for tag: 1 with group count: 55 into file: file:/tmp/root/7d9f53dd-3615-416a-8c04-f89ca32c3737/hive_2015-04-06_22-08-55_843_7535048465424329654-1/-local-10082/HashTable-Stage-12/MapJoin-mapfile321--.hashtable
2015-04-06 10:10:58	Uploaded 1 File to: file:/tmp/root/7d9f53dd-3615-416a-8c04-f89ca32c3737/hive_2015-04-06_22-08-55_843_7535048465424329654-1/-local-10082/HashTable-Stage-12/MapJoin-mapfile321--.hashtable (1312 bytes)
2015-04-06 10:10:58	Dump the side-table for tag: 1 with group count: 1800 into file: file:/tmp/root/7d9f53dd-3615-416a-8c04-f89ca32c3737/hive_2015-04-06_22-08-55_843_7535048465424329654-1/-local-10082/HashTable-Stage-12/MapJoin-mapfile331--.hashtable
2015-04-06 10:10:58	Uploaded 1 File to: file:/tmp/root/7d9f53dd-3615-416a-8c04-f89ca32c3737/hive_2015-04-06_22-08-55_843_7535048465424329654-1/-local-10082/HashTable-Stage-12/MapJoin-mapfile331--.hashtable (40053 bytes)
2015-04-06 10:10:58	Dump the side-table for tag: 1 with group count: 1800 into file: file:/tmp/root/7d9f53dd-3615-416a-8c04-f89ca32c3737/hive_2015-04-06_22-08-55_843_7535048465424329654-1/-local-10082/HashTable-Stage-12/MapJoin-mapfile341--.hashtable
2015-04-06 10:10:58	Uploaded 1 File to: file:/tmp/root/7d9f53dd-3615-416a-8c04-f89ca32c3737/hive_2015-04-06_22-08-55_843_7535048465424329654-1/-local-10082/HashTable-Stage-12/MapJoin-mapfile341--.hashtable (41494 bytes)
2015-04-06 10:10:58	End of local task; Time Taken: 4.916 sec.
Execution completed successfully
MapredLocal task succeeded
SLF4J: Class path contains multiple SLF4J bindings.
SLF4J: Found binding in [jar:file:/usr/hdp/2.2.0.0-2041/hadoop/lib/slf4j-log4j12-1.7.5.jar!/org/slf4j/impl/StaticLoggerBinder.class]
SLF4J: Found binding in [jar:file:/usr/hdp/2.2.0.0-2041/hive/lib/hive-jdbc-0.14.0.2.2.0.0-2041-standalone.jar!/org/slf4j/impl/StaticLoggerBinder.class]
SLF4J: See http://www.slf4j.org/codes.html#multiple_bindings for an explanation.
SLF4J: Actual binding is of type [org.slf4j.impl.Log4jLoggerFactory]
15/04/06 22:11:05 WARN conf.HiveConf: HiveConf of name hive.optimize.mapjoin.mapreduce does not exist
15/04/06 22:11:05 WARN conf.HiveConf: HiveConf of name hive.heapsize does not exist
15/04/06 22:11:05 WARN conf.HiveConf: HiveConf of name hive.server2.enable.impersonation does not exist
15/04/06 22:11:05 WARN conf.HiveConf: HiveConf of name hive.auto.convert.sortmerge.join.noconditionaltask does not exist
Execution log at: /tmp/root/root_20150406220808_264c4153-4dee-43d4-95e5-4ef4664aec84.log
2015-04-06 10:11:06	Starting to launch local task to process map join;	maximum memory = 1065484288
2015-04-06 10:11:11	Dump the side-table for tag: 1 with group count: 55 into file: file:/tmp/root/7d9f53dd-3615-416a-8c04-f89ca32c3737/hive_2015-04-06_22-08-55_843_7535048465424329654-1/-local-10084/HashTable-Stage-36/MapJoin-mapfile351--.hashtable
2015-04-06 10:11:11	Uploaded 1 File to: file:/tmp/root/7d9f53dd-3615-416a-8c04-f89ca32c3737/hive_2015-04-06_22-08-55_843_7535048465424329654-1/-local-10084/HashTable-Stage-36/MapJoin-mapfile351--.hashtable (1312 bytes)
2015-04-06 10:11:11	Dump the side-table for tag: 1 with group count: 1800 into file: file:/tmp/root/7d9f53dd-3615-416a-8c04-f89ca32c3737/hive_2015-04-06_22-08-55_843_7535048465424329654-1/-local-10084/HashTable-Stage-36/MapJoin-mapfile361--.hashtable
2015-04-06 10:11:11	Uploaded 1 File to: file:/tmp/root/7d9f53dd-3615-416a-8c04-f89ca32c3737/hive_2015-04-06_22-08-55_843_7535048465424329654-1/-local-10084/HashTable-Stage-36/MapJoin-mapfile361--.hashtable (40053 bytes)
2015-04-06 10:11:11	Dump the side-table for tag: 1 with group count: 1800 into file: file:/tmp/root/7d9f53dd-3615-416a-8c04-f89ca32c3737/hive_2015-04-06_22-08-55_843_7535048465424329654-1/-local-10084/HashTable-Stage-36/MapJoin-mapfile371--.hashtable
2015-04-06 10:11:11	Uploaded 1 File to: file:/tmp/root/7d9f53dd-3615-416a-8c04-f89ca32c3737/hive_2015-04-06_22-08-55_843_7535048465424329654-1/-local-10084/HashTable-Stage-36/MapJoin-mapfile371--.hashtable (41494 bytes)
2015-04-06 10:11:11	End of local task; Time Taken: 4.941 sec.
Execution completed successfully
MapredLocal task succeeded
Launching Job 1 out of 29
Number of reduce tasks determined at compile time: 1
In order to change the average load for a reducer (in bytes):
  set hive.exec.reducers.bytes.per.reducer=<number>
In order to limit the maximum number of reducers:
  set hive.exec.reducers.max=<number>
In order to set a constant number of reducers:
  set mapreduce.job.reduces=<number>
Starting Job = job_1428164231378_0157, Tracking URL = http://f01hn02.hadoop:8088/proxy/application_1428164231378_0157/
Kill Command = /usr/hdp/2.2.0.0-2041/hadoop/bin/hadoop job  -kill job_1428164231378_0157
Hadoop job information for Stage-16: number of mappers: 48; number of reducers: 1
2015-04-06 22:11:29,197 Stage-16 map = 0%,  reduce = 0%
2015-04-06 22:11:46,254 Stage-16 map = 1%,  reduce = 0%, Cumulative CPU 189.78 sec
2015-04-06 22:11:48,354 Stage-16 map = 2%,  reduce = 0%, Cumulative CPU 228.71 sec
2015-04-06 22:11:49,421 Stage-16 map = 24%,  reduce = 0%, Cumulative CPU 350.73 sec
2015-04-06 22:11:50,486 Stage-16 map = 29%,  reduce = 0%, Cumulative CPU 368.51 sec
2015-04-06 22:11:51,555 Stage-16 map = 41%,  reduce = 0%, Cumulative CPU 391.44 sec
2015-04-06 22:11:52,620 Stage-16 map = 77%,  reduce = 0%, Cumulative CPU 482.33 sec
2015-04-06 22:11:53,683 Stage-16 map = 100%,  reduce = 0%, Cumulative CPU 511.64 sec
2015-04-06 22:11:56,881 Stage-16 map = 100%,  reduce = 100%, Cumulative CPU 513.33 sec
MapReduce Total cumulative CPU time: 8 minutes 33 seconds 330 msec
Ended Job = job_1428164231378_0157
Launching Job 2 out of 29
Number of reduce tasks determined at compile time: 1
In order to change the average load for a reducer (in bytes):
  set hive.exec.reducers.bytes.per.reducer=<number>
In order to limit the maximum number of reducers:
  set hive.exec.reducers.max=<number>
In order to set a constant number of reducers:
  set mapreduce.job.reduces=<number>
Starting Job = job_1428164231378_0158, Tracking URL = http://f01hn02.hadoop:8088/proxy/application_1428164231378_0158/
Kill Command = /usr/hdp/2.2.0.0-2041/hadoop/bin/hadoop job  -kill job_1428164231378_0158
Hadoop job information for Stage-20: number of mappers: 48; number of reducers: 1
2015-04-06 22:12:09,564 Stage-20 map = 0%,  reduce = 0%
2015-04-06 22:12:26,477 Stage-20 map = 1%,  reduce = 0%, Cumulative CPU 161.81 sec
2015-04-06 22:12:28,602 Stage-20 map = 3%,  reduce = 0%, Cumulative CPU 215.66 sec
2015-04-06 22:12:29,667 Stage-20 map = 19%,  reduce = 0%, Cumulative CPU 312.45 sec
2015-04-06 22:12:30,731 Stage-20 map = 26%,  reduce = 0%, Cumulative CPU 371.93 sec
2015-04-06 22:12:31,796 Stage-20 map = 36%,  reduce = 0%, Cumulative CPU 386.78 sec
2015-04-06 22:12:32,859 Stage-20 map = 68%,  reduce = 0%, Cumulative CPU 469.09 sec
2015-04-06 22:12:33,915 Stage-20 map = 99%,  reduce = 0%, Cumulative CPU 513.18 sec
2015-04-06 22:12:34,978 Stage-20 map = 100%,  reduce = 0%, Cumulative CPU 514.55 sec
2015-04-06 22:12:37,101 Stage-20 map = 100%,  reduce = 100%, Cumulative CPU 516.23 sec
MapReduce Total cumulative CPU time: 8 minutes 36 seconds 230 msec
Ended Job = job_1428164231378_0158
Launching Job 3 out of 29
Number of reduce tasks determined at compile time: 1
In order to change the average load for a reducer (in bytes):
  set hive.exec.reducers.bytes.per.reducer=<number>
In order to limit the maximum number of reducers:
  set hive.exec.reducers.max=<number>
In order to set a constant number of reducers:
  set mapreduce.job.reduces=<number>
Starting Job = job_1428164231378_0159, Tracking URL = http://f01hn02.hadoop:8088/proxy/application_1428164231378_0159/
Kill Command = /usr/hdp/2.2.0.0-2041/hadoop/bin/hadoop job  -kill job_1428164231378_0159
Hadoop job information for Stage-24: number of mappers: 48; number of reducers: 1
2015-04-06 22:12:49,004 Stage-24 map = 0%,  reduce = 0%
2015-04-06 22:13:05,918 Stage-24 map = 1%,  reduce = 0%, Cumulative CPU 192.72 sec
2015-04-06 22:13:06,982 Stage-24 map = 3%,  reduce = 0%, Cumulative CPU 193.43 sec
2015-04-06 22:13:08,046 Stage-24 map = 5%,  reduce = 0%, Cumulative CPU 218.85 sec
2015-04-06 22:13:09,110 Stage-24 map = 25%,  reduce = 0%, Cumulative CPU 362.65 sec
2015-04-06 22:13:10,173 Stage-24 map = 26%,  reduce = 0%, Cumulative CPU 365.25 sec
2015-04-06 22:13:11,239 Stage-24 map = 44%,  reduce = 0%, Cumulative CPU 399.59 sec
2015-04-06 22:13:12,301 Stage-24 map = 81%,  reduce = 0%, Cumulative CPU 490.57 sec
2015-04-06 22:13:13,364 Stage-24 map = 100%,  reduce = 0%, Cumulative CPU 513.44 sec
2015-04-06 22:13:16,550 Stage-24 map = 100%,  reduce = 100%, Cumulative CPU 515.18 sec
MapReduce Total cumulative CPU time: 8 minutes 35 seconds 180 msec
Ended Job = job_1428164231378_0159
Launching Job 4 out of 29
Number of reduce tasks determined at compile time: 1
In order to change the average load for a reducer (in bytes):
  set hive.exec.reducers.bytes.per.reducer=<number>
In order to limit the maximum number of reducers:
  set hive.exec.reducers.max=<number>
In order to set a constant number of reducers:
  set mapreduce.job.reduces=<number>
Starting Job = job_1428164231378_0160, Tracking URL = http://f01hn02.hadoop:8088/proxy/application_1428164231378_0160/
Kill Command = /usr/hdp/2.2.0.0-2041/hadoop/bin/hadoop job  -kill job_1428164231378_0160
Hadoop job information for Stage-29: number of mappers: 48; number of reducers: 1
2015-04-06 22:13:27,843 Stage-29 map = 0%,  reduce = 0%
2015-04-06 22:13:44,761 Stage-29 map = 1%,  reduce = 0%, Cumulative CPU 213.74 sec
2015-04-06 22:13:45,825 Stage-29 map = 3%,  reduce = 0%, Cumulative CPU 214.8 sec
2015-04-06 22:13:46,888 Stage-29 map = 6%,  reduce = 0%, Cumulative CPU 221.02 sec
2015-04-06 22:13:47,923 Stage-29 map = 27%,  reduce = 0%, Cumulative CPU 364.28 sec
2015-04-06 22:13:48,976 Stage-29 map = 28%,  reduce = 0%, Cumulative CPU 371.38 sec
2015-04-06 22:13:50,038 Stage-29 map = 38%,  reduce = 0%, Cumulative CPU 391.89 sec
2015-04-06 22:13:51,100 Stage-29 map = 86%,  reduce = 0%, Cumulative CPU 497.86 sec
2015-04-06 22:13:52,161 Stage-29 map = 100%,  reduce = 0%, Cumulative CPU 512.01 sec
2015-04-06 22:13:55,349 Stage-29 map = 100%,  reduce = 100%, Cumulative CPU 513.68 sec
MapReduce Total cumulative CPU time: 8 minutes 33 seconds 680 msec
Ended Job = job_1428164231378_0160
Launching Job 5 out of 29
Number of reduce tasks determined at compile time: 1
In order to change the average load for a reducer (in bytes):
  set hive.exec.reducers.bytes.per.reducer=<number>
In order to limit the maximum number of reducers:
  set hive.exec.reducers.max=<number>
In order to set a constant number of reducers:
  set mapreduce.job.reduces=<number>
Starting Job = job_1428164231378_0161, Tracking URL = http://f01hn02.hadoop:8088/proxy/application_1428164231378_0161/
Kill Command = /usr/hdp/2.2.0.0-2041/hadoop/bin/hadoop job  -kill job_1428164231378_0161
Hadoop job information for Stage-2: number of mappers: 48; number of reducers: 1
2015-04-06 22:14:06,963 Stage-2 map = 0%,  reduce = 0%
2015-04-06 22:14:23,857 Stage-2 map = 1%,  reduce = 0%, Cumulative CPU 95.86 sec
2015-04-06 22:14:25,983 Stage-2 map = 4%,  reduce = 0%, Cumulative CPU 188.28 sec
2015-04-06 22:14:27,047 Stage-2 map = 15%,  reduce = 0%, Cumulative CPU 318.6 sec
2015-04-06 22:14:28,110 Stage-2 map = 27%,  reduce = 0%, Cumulative CPU 366.49 sec
2015-04-06 22:14:29,173 Stage-2 map = 28%,  reduce = 0%, Cumulative CPU 372.0 sec
2015-04-06 22:14:30,238 Stage-2 map = 65%,  reduce = 0%, Cumulative CPU 458.22 sec
2015-04-06 22:14:31,278 Stage-2 map = 98%,  reduce = 0%, Cumulative CPU 512.44 sec
2015-04-06 22:14:32,339 Stage-2 map = 100%,  reduce = 0%, Cumulative CPU 515.1 sec
2015-04-06 22:14:35,526 Stage-2 map = 100%,  reduce = 100%, Cumulative CPU 516.79 sec
MapReduce Total cumulative CPU time: 8 minutes 36 seconds 790 msec
Ended Job = job_1428164231378_0161
Launching Job 6 out of 29
Number of reduce tasks determined at compile time: 1
In order to change the average load for a reducer (in bytes):
  set hive.exec.reducers.bytes.per.reducer=<number>
In order to limit the maximum number of reducers:
  set hive.exec.reducers.max=<number>
In order to set a constant number of reducers:
  set mapreduce.job.reduces=<number>
Starting Job = job_1428164231378_0162, Tracking URL = http://f01hn02.hadoop:8088/proxy/application_1428164231378_0162/
Kill Command = /usr/hdp/2.2.0.0-2041/hadoop/bin/hadoop job  -kill job_1428164231378_0162
Hadoop job information for Stage-44: number of mappers: 48; number of reducers: 1
2015-04-06 22:14:47,365 Stage-44 map = 0%,  reduce = 0%
2015-04-06 22:15:07,404 Stage-44 map = 12%,  reduce = 0%, Cumulative CPU 290.82 sec
2015-04-06 22:15:08,467 Stage-44 map = 27%,  reduce = 0%, Cumulative CPU 375.22 sec
2015-04-06 22:15:09,527 Stage-44 map = 29%,  reduce = 0%, Cumulative CPU 377.84 sec
2015-04-06 22:15:10,589 Stage-44 map = 51%,  reduce = 0%, Cumulative CPU 433.16 sec
2015-04-06 22:15:11,649 Stage-44 map = 93%,  reduce = 0%, Cumulative CPU 511.67 sec
2015-04-06 22:15:12,713 Stage-44 map = 100%,  reduce = 0%, Cumulative CPU 519.94 sec
2015-04-06 22:15:15,889 Stage-44 map = 100%,  reduce = 100%, Cumulative CPU 521.63 sec
MapReduce Total cumulative CPU time: 8 minutes 41 seconds 630 msec
Ended Job = job_1428164231378_0162
Launching Job 7 out of 29
Number of reduce tasks determined at compile time: 1
In order to change the average load for a reducer (in bytes):
  set hive.exec.reducers.bytes.per.reducer=<number>
In order to limit the maximum number of reducers:
  set hive.exec.reducers.max=<number>
In order to set a constant number of reducers:
  set mapreduce.job.reduces=<number>
Starting Job = job_1428164231378_0163, Tracking URL = http://f01hn02.hadoop:8088/proxy/application_1428164231378_0163/
Kill Command = /usr/hdp/2.2.0.0-2041/hadoop/bin/hadoop job  -kill job_1428164231378_0163
Hadoop job information for Stage-12: number of mappers: 48; number of reducers: 1
2015-04-06 22:15:27,234 Stage-12 map = 0%,  reduce = 0%
2015-04-06 22:15:44,132 Stage-12 map = 1%,  reduce = 0%, Cumulative CPU 199.71 sec
2015-04-06 22:15:46,254 Stage-12 map = 2%,  reduce = 0%, Cumulative CPU 211.72 sec
2015-04-06 22:15:47,316 Stage-12 map = 25%,  reduce = 0%, Cumulative CPU 357.69 sec
2015-04-06 22:15:48,361 Stage-12 map = 28%,  reduce = 0%, Cumulative CPU 371.49 sec
2015-04-06 22:15:49,424 Stage-12 map = 37%,  reduce = 0%, Cumulative CPU 382.51 sec
2015-04-06 22:15:50,487 Stage-12 map = 76%,  reduce = 0%, Cumulative CPU 490.61 sec
2015-04-06 22:15:51,547 Stage-12 map = 100%,  reduce = 0%, Cumulative CPU 514.61 sec
2015-04-06 22:15:53,694 Stage-12 map = 100%,  reduce = 100%, Cumulative CPU 516.21 sec
MapReduce Total cumulative CPU time: 8 minutes 36 seconds 210 msec
Ended Job = job_1428164231378_0163
Launching Job 8 out of 29
Number of reduce tasks determined at compile time: 1
In order to change the average load for a reducer (in bytes):
  set hive.exec.reducers.bytes.per.reducer=<number>
In order to limit the maximum number of reducers:
  set hive.exec.reducers.max=<number>
In order to set a constant number of reducers:
  set mapreduce.job.reduces=<number>
Starting Job = job_1428164231378_0164, Tracking URL = http://f01hn02.hadoop:8088/proxy/application_1428164231378_0164/
Kill Command = /usr/hdp/2.2.0.0-2041/hadoop/bin/hadoop job  -kill job_1428164231378_0164
Hadoop job information for Stage-36: number of mappers: 48; number of reducers: 1
2015-04-06 22:16:05,154 Stage-36 map = 0%,  reduce = 0%
2015-04-06 22:16:22,044 Stage-36 map = 1%,  reduce = 0%, Cumulative CPU 150.26 sec
2015-04-06 22:16:24,172 Stage-36 map = 3%,  reduce = 0%, Cumulative CPU 232.0 sec
2015-04-06 22:16:25,234 Stage-36 map = 15%,  reduce = 0%, Cumulative CPU 298.95 sec
2015-04-06 22:16:26,298 Stage-36 map = 27%,  reduce = 0%, Cumulative CPU 362.57 sec
2015-04-06 22:16:27,360 Stage-36 map = 31%,  reduce = 0%, Cumulative CPU 368.95 sec
2015-04-06 22:16:28,422 Stage-36 map = 66%,  reduce = 0%, Cumulative CPU 439.03 sec
2015-04-06 22:16:29,484 Stage-36 map = 99%,  reduce = 0%, Cumulative CPU 507.91 sec
2015-04-06 22:16:30,544 Stage-36 map = 100%,  reduce = 0%, Cumulative CPU 508.99 sec
2015-04-06 22:16:32,667 Stage-36 map = 100%,  reduce = 100%, Cumulative CPU 510.61 sec
MapReduce Total cumulative CPU time: 8 minutes 30 seconds 610 msec
Ended Job = job_1428164231378_0164
Stage-122 is selected by condition resolver.
Stage-123 is filtered out by condition resolver.
Stage-3 is filtered out by condition resolver.
SLF4J: Class path contains multiple SLF4J bindings.
SLF4J: Found binding in [jar:file:/usr/hdp/2.2.0.0-2041/hadoop/lib/slf4j-log4j12-1.7.5.jar!/org/slf4j/impl/StaticLoggerBinder.class]
SLF4J: Found binding in [jar:file:/usr/hdp/2.2.0.0-2041/hive/lib/hive-jdbc-0.14.0.2.2.0.0-2041-standalone.jar!/org/slf4j/impl/StaticLoggerBinder.class]
SLF4J: See http://www.slf4j.org/codes.html#multiple_bindings for an explanation.
SLF4J: Actual binding is of type [org.slf4j.impl.Log4jLoggerFactory]
15/04/06 22:16:39 WARN conf.HiveConf: HiveConf of name hive.optimize.mapjoin.mapreduce does not exist
15/04/06 22:16:39 WARN conf.HiveConf: HiveConf of name hive.heapsize does not exist
15/04/06 22:16:39 WARN conf.HiveConf: HiveConf of name hive.server2.enable.impersonation does not exist
15/04/06 22:16:39 WARN conf.HiveConf: HiveConf of name hive.auto.convert.sortmerge.join.noconditionaltask does not exist
Execution log at: /tmp/root/root_20150406220808_264c4153-4dee-43d4-95e5-4ef4664aec84.log
2015-04-06 10:16:40	Starting to launch local task to process map join;	maximum memory = 1065484288
2015-04-06 10:16:42	Dump the side-table for tag: 1 with group count: 1 into file: file:/tmp/root/7d9f53dd-3615-416a-8c04-f89ca32c3737/hive_2015-04-06_22-08-55_843_7535048465424329654-1/-local-10074/HashTable-Stage-91/MapJoin-mapfile241--.hashtable
2015-04-06 10:16:42	Uploaded 1 File to: file:/tmp/root/7d9f53dd-3615-416a-8c04-f89ca32c3737/hive_2015-04-06_22-08-55_843_7535048465424329654-1/-local-10074/HashTable-Stage-91/MapJoin-mapfile241--.hashtable (281 bytes)
2015-04-06 10:16:42	End of local task; Time Taken: 2.482 sec.
Execution completed successfully
MapredLocal task succeeded
Launching Job 10 out of 29
Number of reduce tasks is set to 0 since there's no reduce operator
Starting Job = job_1428164231378_0165, Tracking URL = http://f01hn02.hadoop:8088/proxy/application_1428164231378_0165/
Kill Command = /usr/hdp/2.2.0.0-2041/hadoop/bin/hadoop job  -kill job_1428164231378_0165
Hadoop job information for Stage-91: number of mappers: 1; number of reducers: 0
2015-04-06 22:16:48,954 Stage-91 map = 0%,  reduce = 0%
2015-04-06 22:16:53,264 Stage-91 map = 100%,  reduce = 0%, Cumulative CPU 1.23 sec
MapReduce Total cumulative CPU time: 1 seconds 230 msec
Ended Job = job_1428164231378_0165
Stage-116 is selected by condition resolver.
Stage-117 is filtered out by condition resolver.
Stage-4 is filtered out by condition resolver.
SLF4J: Class path contains multiple SLF4J bindings.
SLF4J: Found binding in [jar:file:/usr/hdp/2.2.0.0-2041/hadoop/lib/slf4j-log4j12-1.7.5.jar!/org/slf4j/impl/StaticLoggerBinder.class]
SLF4J: Found binding in [jar:file:/usr/hdp/2.2.0.0-2041/hive/lib/hive-jdbc-0.14.0.2.2.0.0-2041-standalone.jar!/org/slf4j/impl/StaticLoggerBinder.class]
SLF4J: See http://www.slf4j.org/codes.html#multiple_bindings for an explanation.
SLF4J: Actual binding is of type [org.slf4j.impl.Log4jLoggerFactory]
15/04/06 22:16:59 WARN conf.HiveConf: HiveConf of name hive.optimize.mapjoin.mapreduce does not exist
15/04/06 22:16:59 WARN conf.HiveConf: HiveConf of name hive.heapsize does not exist
15/04/06 22:16:59 WARN conf.HiveConf: HiveConf of name hive.server2.enable.impersonation does not exist
15/04/06 22:16:59 WARN conf.HiveConf: HiveConf of name hive.auto.convert.sortmerge.join.noconditionaltask does not exist
Execution log at: /tmp/root/root_20150406220808_264c4153-4dee-43d4-95e5-4ef4664aec84.log
2015-04-06 10:17:00	Starting to launch local task to process map join;	maximum memory = 1065484288
2015-04-06 10:17:02	Dump the side-table for tag: 1 with group count: 1 into file: file:/tmp/root/7d9f53dd-3615-416a-8c04-f89ca32c3737/hive_2015-04-06_22-08-55_843_7535048465424329654-1/-local-10062/HashTable-Stage-76/MapJoin-mapfile101--.hashtable
2015-04-06 10:17:02	Uploaded 1 File to: file:/tmp/root/7d9f53dd-3615-416a-8c04-f89ca32c3737/hive_2015-04-06_22-08-55_843_7535048465424329654-1/-local-10062/HashTable-Stage-76/MapJoin-mapfile101--.hashtable (281 bytes)
2015-04-06 10:17:02	End of local task; Time Taken: 2.262 sec.
Execution completed successfully
MapredLocal task succeeded
Launching Job 12 out of 29
Number of reduce tasks is set to 0 since there's no reduce operator
Starting Job = job_1428164231378_0166, Tracking URL = http://f01hn02.hadoop:8088/proxy/application_1428164231378_0166/
Kill Command = /usr/hdp/2.2.0.0-2041/hadoop/bin/hadoop job  -kill job_1428164231378_0166
Hadoop job information for Stage-76: number of mappers: 1; number of reducers: 0
2015-04-06 22:17:08,642 Stage-76 map = 0%,  reduce = 0%
2015-04-06 22:17:13,925 Stage-76 map = 100%,  reduce = 0%, Cumulative CPU 1.36 sec
MapReduce Total cumulative CPU time: 1 seconds 360 msec
Ended Job = job_1428164231378_0166
Stage-114 is selected by condition resolver.
Stage-115 is filtered out by condition resolver.
Stage-5 is filtered out by condition resolver.
SLF4J: Class path contains multiple SLF4J bindings.
SLF4J: Found binding in [jar:file:/usr/hdp/2.2.0.0-2041/hadoop/lib/slf4j-log4j12-1.7.5.jar!/org/slf4j/impl/StaticLoggerBinder.class]
SLF4J: Found binding in [jar:file:/usr/hdp/2.2.0.0-2041/hive/lib/hive-jdbc-0.14.0.2.2.0.0-2041-standalone.jar!/org/slf4j/impl/StaticLoggerBinder.class]
SLF4J: See http://www.slf4j.org/codes.html#multiple_bindings for an explanation.
SLF4J: Actual binding is of type [org.slf4j.impl.Log4jLoggerFactory]
15/04/06 22:17:20 WARN conf.HiveConf: HiveConf of name hive.optimize.mapjoin.mapreduce does not exist
15/04/06 22:17:20 WARN conf.HiveConf: HiveConf of name hive.heapsize does not exist
15/04/06 22:17:20 WARN conf.HiveConf: HiveConf of name hive.server2.enable.impersonation does not exist
15/04/06 22:17:20 WARN conf.HiveConf: HiveConf of name hive.auto.convert.sortmerge.join.noconditionaltask does not exist
Execution log at: /tmp/root/root_20150406220808_264c4153-4dee-43d4-95e5-4ef4664aec84.log
2015-04-06 10:17:21	Starting to launch local task to process map join;	maximum memory = 1065484288
2015-04-06 10:17:23	Dump the side-table for tag: 1 with group count: 1 into file: file:/tmp/root/7d9f53dd-3615-416a-8c04-f89ca32c3737/hive_2015-04-06_22-08-55_843_7535048465424329654-1/-local-10058/HashTable-Stage-73/MapJoin-mapfile81--.hashtable
2015-04-06 10:17:23	Uploaded 1 File to: file:/tmp/root/7d9f53dd-3615-416a-8c04-f89ca32c3737/hive_2015-04-06_22-08-55_843_7535048465424329654-1/-local-10058/HashTable-Stage-73/MapJoin-mapfile81--.hashtable (281 bytes)
2015-04-06 10:17:23	End of local task; Time Taken: 2.313 sec.
Execution completed successfully
MapredLocal task succeeded
Launching Job 14 out of 29
Number of reduce tasks is set to 0 since there's no reduce operator
Starting Job = job_1428164231378_0167, Tracking URL = http://f01hn02.hadoop:8088/proxy/application_1428164231378_0167/
Kill Command = /usr/hdp/2.2.0.0-2041/hadoop/bin/hadoop job  -kill job_1428164231378_0167
Hadoop job information for Stage-73: number of mappers: 1; number of reducers: 0
2015-04-06 22:17:29,734 Stage-73 map = 0%,  reduce = 0%
2015-04-06 22:17:35,023 Stage-73 map = 100%,  reduce = 0%, Cumulative CPU 1.29 sec
MapReduce Total cumulative CPU time: 1 seconds 290 msec
Ended Job = job_1428164231378_0167
Stage-112 is selected by condition resolver.
Stage-113 is filtered out by condition resolver.
Stage-6 is filtered out by condition resolver.
SLF4J: Class path contains multiple SLF4J bindings.
SLF4J: Found binding in [jar:file:/usr/hdp/2.2.0.0-2041/hadoop/lib/slf4j-log4j12-1.7.5.jar!/org/slf4j/impl/StaticLoggerBinder.class]
SLF4J: Found binding in [jar:file:/usr/hdp/2.2.0.0-2041/hive/lib/hive-jdbc-0.14.0.2.2.0.0-2041-standalone.jar!/org/slf4j/impl/StaticLoggerBinder.class]
SLF4J: See http://www.slf4j.org/codes.html#multiple_bindings for an explanation.
SLF4J: Actual binding is of type [org.slf4j.impl.Log4jLoggerFactory]
15/04/06 22:17:41 WARN conf.HiveConf: HiveConf of name hive.optimize.mapjoin.mapreduce does not exist
15/04/06 22:17:41 WARN conf.HiveConf: HiveConf of name hive.heapsize does not exist
15/04/06 22:17:41 WARN conf.HiveConf: HiveConf of name hive.server2.enable.impersonation does not exist
15/04/06 22:17:41 WARN conf.HiveConf: HiveConf of name hive.auto.convert.sortmerge.join.noconditionaltask does not exist
Execution log at: /tmp/root/root_20150406220808_264c4153-4dee-43d4-95e5-4ef4664aec84.log
2015-04-06 10:17:42	Starting to launch local task to process map join;	maximum memory = 1065484288
2015-04-06 10:17:44	Dump the side-table for tag: 1 with group count: 1 into file: file:/tmp/root/7d9f53dd-3615-416a-8c04-f89ca32c3737/hive_2015-04-06_22-08-55_843_7535048465424329654-1/-local-10054/HashTable-Stage-70/MapJoin-mapfile61--.hashtable
2015-04-06 10:17:45	Uploaded 1 File to: file:/tmp/root/7d9f53dd-3615-416a-8c04-f89ca32c3737/hive_2015-04-06_22-08-55_843_7535048465424329654-1/-local-10054/HashTable-Stage-70/MapJoin-mapfile61--.hashtable (281 bytes)
2015-04-06 10:17:45	End of local task; Time Taken: 2.402 sec.
Execution completed successfully
MapredLocal task succeeded
Launching Job 16 out of 29
Number of reduce tasks is set to 0 since there's no reduce operator
Starting Job = job_1428164231378_0168, Tracking URL = http://f01hn02.hadoop:8088/proxy/application_1428164231378_0168/
Kill Command = /usr/hdp/2.2.0.0-2041/hadoop/bin/hadoop job  -kill job_1428164231378_0168
Hadoop job information for Stage-70: number of mappers: 1; number of reducers: 0
2015-04-06 22:17:50,913 Stage-70 map = 0%,  reduce = 0%
2015-04-06 22:17:55,223 Stage-70 map = 100%,  reduce = 0%, Cumulative CPU 1.32 sec
MapReduce Total cumulative CPU time: 1 seconds 320 msec
Ended Job = job_1428164231378_0168
Stage-110 is selected by condition resolver.
Stage-111 is filtered out by condition resolver.
Stage-7 is filtered out by condition resolver.
SLF4J: Class path contains multiple SLF4J bindings.
SLF4J: Found binding in [jar:file:/usr/hdp/2.2.0.0-2041/hadoop/lib/slf4j-log4j12-1.7.5.jar!/org/slf4j/impl/StaticLoggerBinder.class]
SLF4J: Found binding in [jar:file:/usr/hdp/2.2.0.0-2041/hive/lib/hive-jdbc-0.14.0.2.2.0.0-2041-standalone.jar!/org/slf4j/impl/StaticLoggerBinder.class]
SLF4J: See http://www.slf4j.org/codes.html#multiple_bindings for an explanation.
SLF4J: Actual binding is of type [org.slf4j.impl.Log4jLoggerFactory]
15/04/06 22:18:01 WARN conf.HiveConf: HiveConf of name hive.optimize.mapjoin.mapreduce does not exist
15/04/06 22:18:01 WARN conf.HiveConf: HiveConf of name hive.heapsize does not exist
15/04/06 22:18:01 WARN conf.HiveConf: HiveConf of name hive.server2.enable.impersonation does not exist
15/04/06 22:18:01 WARN conf.HiveConf: HiveConf of name hive.auto.convert.sortmerge.join.noconditionaltask does not exist
Execution log at: /tmp/root/root_20150406220808_264c4153-4dee-43d4-95e5-4ef4664aec84.log
2015-04-06 10:18:02	Starting to launch local task to process map join;	maximum memory = 1065484288
2015-04-06 10:18:04	Dump the side-table for tag: 1 with group count: 1 into file: file:/tmp/root/7d9f53dd-3615-416a-8c04-f89ca32c3737/hive_2015-04-06_22-08-55_843_7535048465424329654-1/-local-10050/HashTable-Stage-67/MapJoin-mapfile41--.hashtable
2015-04-06 10:18:04	Uploaded 1 File to: file:/tmp/root/7d9f53dd-3615-416a-8c04-f89ca32c3737/hive_2015-04-06_22-08-55_843_7535048465424329654-1/-local-10050/HashTable-Stage-67/MapJoin-mapfile41--.hashtable (281 bytes)
2015-04-06 10:18:04	End of local task; Time Taken: 2.002 sec.
Execution completed successfully
MapredLocal task succeeded
Launching Job 18 out of 29
Number of reduce tasks is set to 0 since there's no reduce operator
Starting Job = job_1428164231378_0169, Tracking URL = http://f01hn02.hadoop:8088/proxy/application_1428164231378_0169/
Kill Command = /usr/hdp/2.2.0.0-2041/hadoop/bin/hadoop job  -kill job_1428164231378_0169
Hadoop job information for Stage-67: number of mappers: 1; number of reducers: 0
2015-04-06 22:18:10,013 Stage-67 map = 0%,  reduce = 0%
2015-04-06 22:18:14,310 Stage-67 map = 100%,  reduce = 0%, Cumulative CPU 1.3 sec
MapReduce Total cumulative CPU time: 1 seconds 300 msec
Ended Job = job_1428164231378_0169
Stage-108 is selected by condition resolver.
Stage-109 is filtered out by condition resolver.
Stage-8 is filtered out by condition resolver.
SLF4J: Class path contains multiple SLF4J bindings.
SLF4J: Found binding in [jar:file:/usr/hdp/2.2.0.0-2041/hadoop/lib/slf4j-log4j12-1.7.5.jar!/org/slf4j/impl/StaticLoggerBinder.class]
SLF4J: Found binding in [jar:file:/usr/hdp/2.2.0.0-2041/hive/lib/hive-jdbc-0.14.0.2.2.0.0-2041-standalone.jar!/org/slf4j/impl/StaticLoggerBinder.class]
SLF4J: See http://www.slf4j.org/codes.html#multiple_bindings for an explanation.
SLF4J: Actual binding is of type [org.slf4j.impl.Log4jLoggerFactory]
15/04/06 22:18:20 WARN conf.HiveConf: HiveConf of name hive.optimize.mapjoin.mapreduce does not exist
15/04/06 22:18:20 WARN conf.HiveConf: HiveConf of name hive.heapsize does not exist
15/04/06 22:18:20 WARN conf.HiveConf: HiveConf of name hive.server2.enable.impersonation does not exist
15/04/06 22:18:20 WARN conf.HiveConf: HiveConf of name hive.auto.convert.sortmerge.join.noconditionaltask does not exist
Execution log at: /tmp/root/root_20150406220808_264c4153-4dee-43d4-95e5-4ef4664aec84.log
2015-04-06 10:18:21	Starting to launch local task to process map join;	maximum memory = 1065484288
2015-04-06 10:18:23	Dump the side-table for tag: 1 with group count: 1 into file: file:/tmp/root/7d9f53dd-3615-416a-8c04-f89ca32c3737/hive_2015-04-06_22-08-55_843_7535048465424329654-1/-local-10046/HashTable-Stage-64/MapJoin-mapfile21--.hashtable
2015-04-06 10:18:23	Uploaded 1 File to: file:/tmp/root/7d9f53dd-3615-416a-8c04-f89ca32c3737/hive_2015-04-06_22-08-55_843_7535048465424329654-1/-local-10046/HashTable-Stage-64/MapJoin-mapfile21--.hashtable (281 bytes)
2015-04-06 10:18:23	End of local task; Time Taken: 2.368 sec.
Execution completed successfully
MapredLocal task succeeded
Launching Job 20 out of 29
Number of reduce tasks is set to 0 since there's no reduce operator
Starting Job = job_1428164231378_0170, Tracking URL = http://f01hn02.hadoop:8088/proxy/application_1428164231378_0170/
Kill Command = /usr/hdp/2.2.0.0-2041/hadoop/bin/hadoop job  -kill job_1428164231378_0170
Hadoop job information for Stage-64: number of mappers: 1; number of reducers: 0
2015-04-06 22:18:30,162 Stage-64 map = 0%,  reduce = 0%
2015-04-06 22:18:35,444 Stage-64 map = 100%,  reduce = 0%, Cumulative CPU 1.32 sec
MapReduce Total cumulative CPU time: 1 seconds 320 msec
Ended Job = job_1428164231378_0170
Stage-106 is selected by condition resolver.
Stage-107 is filtered out by condition resolver.
Stage-9 is filtered out by condition resolver.
SLF4J: Class path contains multiple SLF4J bindings.
SLF4J: Found binding in [jar:file:/usr/hdp/2.2.0.0-2041/hadoop/lib/slf4j-log4j12-1.7.5.jar!/org/slf4j/impl/StaticLoggerBinder.class]
SLF4J: Found binding in [jar:file:/usr/hdp/2.2.0.0-2041/hive/lib/hive-jdbc-0.14.0.2.2.0.0-2041-standalone.jar!/org/slf4j/impl/StaticLoggerBinder.class]
SLF4J: See http://www.slf4j.org/codes.html#multiple_bindings for an explanation.
SLF4J: Actual binding is of type [org.slf4j.impl.Log4jLoggerFactory]
15/04/06 22:18:42 WARN conf.HiveConf: HiveConf of name hive.optimize.mapjoin.mapreduce does not exist
15/04/06 22:18:42 WARN conf.HiveConf: HiveConf of name hive.heapsize does not exist
15/04/06 22:18:42 WARN conf.HiveConf: HiveConf of name hive.server2.enable.impersonation does not exist
15/04/06 22:18:42 WARN conf.HiveConf: HiveConf of name hive.auto.convert.sortmerge.join.noconditionaltask does not exist
Execution log at: /tmp/root/root_20150406220808_264c4153-4dee-43d4-95e5-4ef4664aec84.log
2015-04-06 10:18:43	Starting to launch local task to process map join;	maximum memory = 1065484288
2015-04-06 10:18:45	Dump the side-table for tag: 1 with group count: 1 into file: file:/tmp/root/7d9f53dd-3615-416a-8c04-f89ca32c3737/hive_2015-04-06_22-08-55_843_7535048465424329654-1/-local-10042/HashTable-Stage-61/MapJoin-mapfile01--.hashtable
2015-04-06 10:18:45	Uploaded 1 File to: file:/tmp/root/7d9f53dd-3615-416a-8c04-f89ca32c3737/hive_2015-04-06_22-08-55_843_7535048465424329654-1/-local-10042/HashTable-Stage-61/MapJoin-mapfile01--.hashtable (281 bytes)
2015-04-06 10:18:45	End of local task; Time Taken: 2.537 sec.
Execution completed successfully
MapredLocal task succeeded
Launching Job 22 out of 29
Number of reduce tasks is set to 0 since there's no reduce operator
Starting Job = job_1428164231378_0171, Tracking URL = http://f01hn02.hadoop:8088/proxy/application_1428164231378_0171/
Kill Command = /usr/hdp/2.2.0.0-2041/hadoop/bin/hadoop job  -kill job_1428164231378_0171
Hadoop job information for Stage-61: number of mappers: 1; number of reducers: 0
2015-04-06 22:18:51,481 Stage-61 map = 0%,  reduce = 0%
2015-04-06 22:18:56,765 Stage-61 map = 100%,  reduce = 0%, Cumulative CPU 1.31 sec
MapReduce Total cumulative CPU time: 1 seconds 310 msec
Ended Job = job_1428164231378_0171
MapReduce Jobs Launched: 
Stage-Stage-16: Map: 48  Reduce: 1   Cumulative CPU: 513.33 sec   HDFS Read: 764872038 HDFS Write: 117 SUCCESS
Stage-Stage-20: Map: 48  Reduce: 1   Cumulative CPU: 516.23 sec   HDFS Read: 764872038 HDFS Write: 117 SUCCESS
Stage-Stage-24: Map: 48  Reduce: 1   Cumulative CPU: 515.18 sec   HDFS Read: 764872038 HDFS Write: 117 SUCCESS
Stage-Stage-29: Map: 48  Reduce: 1   Cumulative CPU: 513.68 sec   HDFS Read: 764872038 HDFS Write: 117 SUCCESS
Stage-Stage-2: Map: 48  Reduce: 1   Cumulative CPU: 516.79 sec   HDFS Read: 764872038 HDFS Write: 117 SUCCESS
Stage-Stage-44: Map: 48  Reduce: 1   Cumulative CPU: 521.63 sec   HDFS Read: 764872038 HDFS Write: 117 SUCCESS
Stage-Stage-12: Map: 48  Reduce: 1   Cumulative CPU: 516.21 sec   HDFS Read: 764872038 HDFS Write: 117 SUCCESS
Stage-Stage-36: Map: 48  Reduce: 1   Cumulative CPU: 510.61 sec   HDFS Read: 764872038 HDFS Write: 117 SUCCESS
Stage-Stage-91: Map: 1   Cumulative CPU: 1.23 sec   HDFS Read: 523 HDFS Write: 121 SUCCESS
Stage-Stage-76: Map: 1   Cumulative CPU: 1.36 sec   HDFS Read: 527 HDFS Write: 125 SUCCESS
Stage-Stage-73: Map: 1   Cumulative CPU: 1.29 sec   HDFS Read: 531 HDFS Write: 129 SUCCESS
Stage-Stage-70: Map: 1   Cumulative CPU: 1.32 sec   HDFS Read: 535 HDFS Write: 133 SUCCESS
Stage-Stage-67: Map: 1   Cumulative CPU: 1.3 sec   HDFS Read: 539 HDFS Write: 137 SUCCESS
Stage-Stage-64: Map: 1   Cumulative CPU: 1.32 sec   HDFS Read: 543 HDFS Write: 141 SUCCESS
Stage-Stage-61: Map: 1   Cumulative CPU: 1.31 sec   HDFS Read: 547 HDFS Write: 56 SUCCESS
Total MapReduce CPU Time Spent: 0 days 1 hours 8 minutes 52 seconds 790 msec
OK
178498	355658	359493	535654	536602	311912	311191	355541
Time taken: 602.019 seconds, Fetched: 1 row(s)
hive> 