15/04/06 21:12:13 WARN conf.HiveConf: HiveConf of name hive.optimize.mapjoin.mapreduce does not exist
15/04/06 21:12:13 WARN conf.HiveConf: HiveConf of name hive.heapsize does not exist
15/04/06 21:12:13 WARN conf.HiveConf: HiveConf of name hive.server2.enable.impersonation does not exist
15/04/06 21:12:13 WARN conf.HiveConf: HiveConf of name hive.auto.convert.sortmerge.join.noconditionaltask does not exist

Logging initialized using configuration in file:/etc/hive/conf/hive-log4j.properties
SLF4J: Class path contains multiple SLF4J bindings.
SLF4J: Found binding in [jar:file:/usr/hdp/2.2.0.0-2041/hadoop/lib/slf4j-log4j12-1.7.5.jar!/org/slf4j/impl/StaticLoggerBinder.class]
SLF4J: Found binding in [jar:file:/usr/hdp/2.2.0.0-2041/hive/lib/hive-jdbc-0.14.0.2.2.0.0-2041-standalone.jar!/org/slf4j/impl/StaticLoggerBinder.class]
SLF4J: See http://www.slf4j.org/codes.html#multiple_bindings for an explanation.
SLF4J: Actual binding is of type [org.slf4j.impl.Log4jLoggerFactory]
hive> use tpcds_bin_partitioned_orc_100; source query67.sql;
OK
Time taken: 3.053 seconds
Query ID = root_20150406211212_e710e380-b8f2-44e2-ac96-721b85cb9b94
Total jobs = 3
SLF4J: Class path contains multiple SLF4J bindings.
SLF4J: Found binding in [jar:file:/usr/hdp/2.2.0.0-2041/hadoop/lib/slf4j-log4j12-1.7.5.jar!/org/slf4j/impl/StaticLoggerBinder.class]
SLF4J: Found binding in [jar:file:/usr/hdp/2.2.0.0-2041/hive/lib/hive-jdbc-0.14.0.2.2.0.0-2041-standalone.jar!/org/slf4j/impl/StaticLoggerBinder.class]
SLF4J: See http://www.slf4j.org/codes.html#multiple_bindings for an explanation.
SLF4J: Actual binding is of type [org.slf4j.impl.Log4jLoggerFactory]
15/04/06 21:12:39 WARN conf.HiveConf: HiveConf of name hive.optimize.mapjoin.mapreduce does not exist
15/04/06 21:12:39 WARN conf.HiveConf: HiveConf of name hive.heapsize does not exist
15/04/06 21:12:39 WARN conf.HiveConf: HiveConf of name hive.server2.enable.impersonation does not exist
15/04/06 21:12:39 WARN conf.HiveConf: HiveConf of name hive.auto.convert.sortmerge.join.noconditionaltask does not exist
Execution log at: /tmp/root/root_20150406211212_e710e380-b8f2-44e2-ac96-721b85cb9b94.log
2015-04-06 09:12:40	Starting to launch local task to process map join;	maximum memory = 1065484288
2015-04-06 09:12:48	Processing rows:	200000	Hashtable size:	199999	Memory usage:	101400160	percentage:	0.095
2015-04-06 09:12:48	Dump the side-table for tag: 1 with group count: 204000 into file: file:/tmp/root/63c34c0b-a817-489a-9798-7998c1b92493/hive_2015-04-06_21-12-20_431_8886844482466562790-1/-local-10009/HashTable-Stage-4/MapJoin-mapfile01--.hashtable
2015-04-06 09:12:49	Uploaded 1 File to: file:/tmp/root/63c34c0b-a817-489a-9798-7998c1b92493/hive_2015-04-06_21-12-20_431_8886844482466562790-1/-local-10009/HashTable-Stage-4/MapJoin-mapfile01--.hashtable (15937240 bytes)
2015-04-06 09:12:49	Dump the side-table for tag: 1 with group count: 402 into file: file:/tmp/root/63c34c0b-a817-489a-9798-7998c1b92493/hive_2015-04-06_21-12-20_431_8886844482466562790-1/-local-10009/HashTable-Stage-4/MapJoin-mapfile11--.hashtable
2015-04-06 09:12:49	Uploaded 1 File to: file:/tmp/root/63c34c0b-a817-489a-9798-7998c1b92493/hive_2015-04-06_21-12-20_431_8886844482466562790-1/-local-10009/HashTable-Stage-4/MapJoin-mapfile11--.hashtable (15227 bytes)
2015-04-06 09:12:49	Dump the side-table for tag: 1 with group count: 366 into file: file:/tmp/root/63c34c0b-a817-489a-9798-7998c1b92493/hive_2015-04-06_21-12-20_431_8886844482466562790-1/-local-10009/HashTable-Stage-4/MapJoin-mapfile21--.hashtable
2015-04-06 09:12:49	Uploaded 1 File to: file:/tmp/root/63c34c0b-a817-489a-9798-7998c1b92493/hive_2015-04-06_21-12-20_431_8886844482466562790-1/-local-10009/HashTable-Stage-4/MapJoin-mapfile21--.hashtable (11293 bytes)
2015-04-06 09:12:49	End of local task; Time Taken: 9.15 sec.
Execution completed successfully
MapredLocal task succeeded
Launching Job 1 out of 3
Number of reduce tasks not specified. Estimated from input data size: 179
In order to change the average load for a reducer (in bytes):
  set hive.exec.reducers.bytes.per.reducer=<number>
In order to limit the maximum number of reducers:
  set hive.exec.reducers.max=<number>
In order to set a constant number of reducers:
  set mapreduce.job.reduces=<number>
Starting Job = job_1428164231378_0123, Tracking URL = http://f01hn02.hadoop:8088/proxy/application_1428164231378_0123/
Kill Command = /usr/hdp/2.2.0.0-2041/hadoop/bin/hadoop job  -kill job_1428164231378_0123
Hadoop job information for Stage-4: number of mappers: 46; number of reducers: 179
2015-04-06 21:13:09,444 Stage-4 map = 0%,  reduce = 0%
2015-04-06 21:13:28,984 Stage-4 map = 4%,  reduce = 0%, Cumulative CPU 267.55 sec
2015-04-06 21:13:31,122 Stage-4 map = 6%,  reduce = 0%, Cumulative CPU 331.35 sec
2015-04-06 21:13:32,200 Stage-4 map = 18%,  reduce = 0%, Cumulative CPU 482.92 sec
2015-04-06 21:13:34,346 Stage-4 map = 20%,  reduce = 0%, Cumulative CPU 507.0 sec
2015-04-06 21:13:35,385 Stage-4 map = 32%,  reduce = 0%, Cumulative CPU 601.48 sec
2015-04-06 21:13:37,537 Stage-4 map = 37%,  reduce = 0%, Cumulative CPU 633.71 sec
2015-04-06 21:13:38,622 Stage-4 map = 52%,  reduce = 0%, Cumulative CPU 717.91 sec
2015-04-06 21:13:39,670 Stage-4 map = 68%,  reduce = 0%, Cumulative CPU 755.51 sec
2015-04-06 21:13:40,714 Stage-4 map = 74%,  reduce = 0%, Cumulative CPU 772.54 sec
2015-04-06 21:13:41,787 Stage-4 map = 75%,  reduce = 0%, Cumulative CPU 806.4 sec
2015-04-06 21:13:42,861 Stage-4 map = 76%,  reduce = 0%, Cumulative CPU 821.76 sec
2015-04-06 21:13:45,000 Stage-4 map = 77%,  reduce = 0%, Cumulative CPU 864.56 sec
2015-04-06 21:13:49,290 Stage-4 map = 77%,  reduce = 1%, Cumulative CPU 911.27 sec
2015-04-06 21:13:50,360 Stage-4 map = 77%,  reduce = 4%, Cumulative CPU 929.95 sec
2015-04-06 21:13:51,433 Stage-4 map = 77%,  reduce = 6%, Cumulative CPU 967.02 sec
2015-04-06 21:13:52,508 Stage-4 map = 77%,  reduce = 7%, Cumulative CPU 972.29 sec
2015-04-06 21:13:53,582 Stage-4 map = 77%,  reduce = 9%, Cumulative CPU 989.42 sec
2015-04-06 21:13:54,652 Stage-4 map = 77%,  reduce = 11%, Cumulative CPU 1031.01 sec
2015-04-06 21:13:55,727 Stage-4 map = 77%,  reduce = 13%, Cumulative CPU 1038.8 sec
2015-04-06 21:13:56,799 Stage-4 map = 78%,  reduce = 14%, Cumulative CPU 1058.21 sec
2015-04-06 21:13:57,867 Stage-4 map = 78%,  reduce = 16%, Cumulative CPU 1097.91 sec
2015-04-06 21:13:58,936 Stage-4 map = 78%,  reduce = 17%, Cumulative CPU 1112.2 sec
2015-04-06 21:14:00,233 Stage-4 map = 78%,  reduce = 18%, Cumulative CPU 1150.35 sec
2015-04-06 21:14:01,304 Stage-4 map = 78%,  reduce = 19%, Cumulative CPU 1174.3 sec
2015-04-06 21:14:02,367 Stage-4 map = 78%,  reduce = 21%, Cumulative CPU 1191.53 sec
2015-04-06 21:14:03,436 Stage-4 map = 78%,  reduce = 22%, Cumulative CPU 1237.54 sec
2015-04-06 21:14:04,508 Stage-4 map = 78%,  reduce = 23%, Cumulative CPU 1248.67 sec
2015-04-06 21:14:05,576 Stage-4 map = 78%,  reduce = 24%, Cumulative CPU 1270.39 sec
2015-04-06 21:14:06,638 Stage-4 map = 79%,  reduce = 25%, Cumulative CPU 1312.63 sec
2015-04-06 21:14:11,979 Stage-4 map = 80%,  reduce = 25%, Cumulative CPU 1410.55 sec
2015-04-06 21:14:19,462 Stage-4 map = 81%,  reduce = 25%, Cumulative CPU 1593.03 sec
2015-04-06 21:14:28,009 Stage-4 map = 82%,  reduce = 25%, Cumulative CPU 1827.67 sec
2015-04-06 21:14:33,342 Stage-4 map = 82%,  reduce = 26%, Cumulative CPU 1908.87 sec
2015-04-06 21:14:42,932 Stage-4 map = 83%,  reduce = 26%, Cumulative CPU 2061.26 sec
2015-04-06 21:14:55,702 Stage-4 map = 84%,  reduce = 26%, Cumulative CPU 2283.3 sec
2015-04-06 21:15:06,575 Stage-4 map = 85%,  reduce = 26%, Cumulative CPU 2439.55 sec
2015-04-06 21:15:14,022 Stage-4 map = 86%,  reduce = 26%, Cumulative CPU 2589.13 sec
2015-04-06 21:15:35,327 Stage-4 map = 87%,  reduce = 26%, Cumulative CPU 2940.74 sec
2015-04-06 21:15:44,869 Stage-4 map = 88%,  reduce = 26%, Cumulative CPU 3107.28 sec
2015-04-06 21:15:53,600 Stage-4 map = 88%,  reduce = 27%, Cumulative CPU 3256.62 sec
2015-04-06 21:15:56,820 Stage-4 map = 89%,  reduce = 27%, Cumulative CPU 3305.51 sec
2015-04-06 21:16:21,237 Stage-4 map = 90%,  reduce = 27%, Cumulative CPU 3706.3 sec
2015-04-06 21:16:39,375 Stage-4 map = 91%,  reduce = 27%, Cumulative CPU 3964.31 sec
2015-04-06 21:16:51,291 Stage-4 map = 92%,  reduce = 27%, Cumulative CPU 4145.18 sec
2015-04-06 21:17:09,329 Stage-4 map = 93%,  reduce = 27%, Cumulative CPU 4414.17 sec
2015-04-06 21:17:16,751 Stage-4 map = 93%,  reduce = 28%, Cumulative CPU 4515.97 sec
2015-04-06 21:17:35,862 Stage-4 map = 94%,  reduce = 28%, Cumulative CPU 4783.47 sec
2015-04-06 21:17:51,993 Stage-4 map = 95%,  reduce = 28%, Cumulative CPU 5023.7 sec
2015-04-06 21:18:07,931 Stage-4 map = 96%,  reduce = 28%, Cumulative CPU 5207.21 sec
2015-04-06 21:18:25,938 Stage-4 map = 97%,  reduce = 28%, Cumulative CPU 5438.61 sec
2015-04-06 21:18:41,000 Stage-4 map = 98%,  reduce = 28%, Cumulative CPU 5620.18 sec
2015-04-06 21:18:56,869 Stage-4 map = 99%,  reduce = 28%, Cumulative CPU 5786.33 sec
2015-04-06 21:19:00,056 Stage-4 map = 99%,  reduce = 29%, Cumulative CPU 5831.72 sec
2015-04-06 21:19:14,908 Stage-4 map = 99%,  reduce = 30%, Cumulative CPU 6008.73 sec
2015-04-06 21:19:27,641 Stage-4 map = 99%,  reduce = 31%, Cumulative CPU 6179.69 sec
2015-04-06 21:19:35,321 Stage-4 map = 99%,  reduce = 32%, Cumulative CPU 6291.88 sec
2015-04-06 21:19:43,807 Stage-4 map = 100%,  reduce = 32%, Cumulative CPU 6397.91 sec
2015-04-06 21:19:44,853 Stage-4 map = 100%,  reduce = 34%, Cumulative CPU 6428.24 sec
2015-04-06 21:19:45,917 Stage-4 map = 100%,  reduce = 40%, Cumulative CPU 6513.42 sec
2015-04-06 21:19:46,980 Stage-4 map = 100%,  reduce = 45%, Cumulative CPU 6649.87 sec
2015-04-06 21:19:48,042 Stage-4 map = 100%,  reduce = 50%, Cumulative CPU 6811.46 sec
2015-04-06 21:19:49,105 Stage-4 map = 100%,  reduce = 54%, Cumulative CPU 6974.04 sec
2015-04-06 21:19:50,139 Stage-4 map = 100%,  reduce = 60%, Cumulative CPU 7130.84 sec
2015-04-06 21:19:51,174 Stage-4 map = 100%,  reduce = 64%, Cumulative CPU 7249.59 sec
2015-04-06 21:19:52,235 Stage-4 map = 100%,  reduce = 66%, Cumulative CPU 7307.74 sec
2015-04-06 21:19:53,299 Stage-4 map = 100%,  reduce = 70%, Cumulative CPU 7374.81 sec
2015-04-06 21:19:54,361 Stage-4 map = 100%,  reduce = 76%, Cumulative CPU 7490.89 sec
2015-04-06 21:19:55,425 Stage-4 map = 100%,  reduce = 81%, Cumulative CPU 7634.42 sec
2015-04-06 21:19:56,489 Stage-4 map = 100%,  reduce = 85%, Cumulative CPU 7776.64 sec
2015-04-06 21:19:57,550 Stage-4 map = 100%,  reduce = 90%, Cumulative CPU 7948.54 sec
2015-04-06 21:19:58,614 Stage-4 map = 100%,  reduce = 93%, Cumulative CPU 8067.88 sec
2015-04-06 21:19:59,650 Stage-4 map = 100%,  reduce = 96%, Cumulative CPU 8151.21 sec
2015-04-06 21:20:00,691 Stage-4 map = 100%,  reduce = 98%, Cumulative CPU 8211.35 sec
2015-04-06 21:20:02,816 Stage-4 map = 100%,  reduce = 99%, Cumulative CPU 8243.26 sec
2015-04-06 21:20:57,053 Stage-4 map = 100%,  reduce = 100%, Cumulative CPU 8363.67 sec
MapReduce Total cumulative CPU time: 0 days 2 hours 19 minutes 23 seconds 670 msec
Ended Job = job_1428164231378_0123
Launching Job 2 out of 3
Number of reduce tasks not specified. Estimated from input data size: 77
In order to change the average load for a reducer (in bytes):
  set hive.exec.reducers.bytes.per.reducer=<number>
In order to limit the maximum number of reducers:
  set hive.exec.reducers.max=<number>
In order to set a constant number of reducers:
  set mapreduce.job.reduces=<number>
Starting Job = job_1428164231378_0124, Tracking URL = http://f01hn02.hadoop:8088/proxy/application_1428164231378_0124/
Kill Command = /usr/hdp/2.2.0.0-2041/hadoop/bin/hadoop job  -kill job_1428164231378_0124
Hadoop job information for Stage-5: number of mappers: 20; number of reducers: 77
2015-04-06 21:21:04,025 Stage-5 map = 0%,  reduce = 0%
2015-04-06 21:21:15,716 Stage-5 map = 16%,  reduce = 0%, Cumulative CPU 132.44 sec
2015-04-06 21:21:16,777 Stage-5 map = 20%,  reduce = 0%, Cumulative CPU 165.6 sec
2015-04-06 21:21:18,878 Stage-5 map = 40%,  reduce = 0%, Cumulative CPU 229.8 sec
2015-04-06 21:21:19,941 Stage-5 map = 44%,  reduce = 0%, Cumulative CPU 238.13 sec
2015-04-06 21:21:21,009 Stage-5 map = 50%,  reduce = 0%, Cumulative CPU 243.84 sec
2015-04-06 21:21:22,080 Stage-5 map = 96%,  reduce = 0%, Cumulative CPU 303.91 sec
2015-04-06 21:21:23,134 Stage-5 map = 100%,  reduce = 0%, Cumulative CPU 306.04 sec
2015-04-06 21:21:26,334 Stage-5 map = 100%,  reduce = 19%, Cumulative CPU 334.66 sec
2015-04-06 21:21:27,384 Stage-5 map = 100%,  reduce = 48%, Cumulative CPU 382.96 sec
2015-04-06 21:21:28,450 Stage-5 map = 100%,  reduce = 69%, Cumulative CPU 417.24 sec
2015-04-06 21:21:29,516 Stage-5 map = 100%,  reduce = 91%, Cumulative CPU 448.84 sec
2015-04-06 21:21:30,574 Stage-5 map = 100%,  reduce = 100%, Cumulative CPU 461.98 sec
MapReduce Total cumulative CPU time: 7 minutes 41 seconds 980 msec
Ended Job = job_1428164231378_0124
Launching Job 3 out of 3
Number of reduce tasks determined at compile time: 1
In order to change the average load for a reducer (in bytes):
  set hive.exec.reducers.bytes.per.reducer=<number>
In order to limit the maximum number of reducers:
  set hive.exec.reducers.max=<number>
In order to set a constant number of reducers:
  set mapreduce.job.reduces=<number>
Starting Job = job_1428164231378_0125, Tracking URL = http://f01hn02.hadoop:8088/proxy/application_1428164231378_0125/
Kill Command = /usr/hdp/2.2.0.0-2041/hadoop/bin/hadoop job  -kill job_1428164231378_0125
Hadoop job information for Stage-6: number of mappers: 4; number of reducers: 1
2015-04-06 21:21:38,241 Stage-6 map = 0%,  reduce = 0%
2015-04-06 21:21:42,522 Stage-6 map = 50%,  reduce = 0%, Cumulative CPU 2.71 sec
2015-04-06 21:21:43,587 Stage-6 map = 100%,  reduce = 0%, Cumulative CPU 5.87 sec
2015-04-06 21:21:48,872 Stage-6 map = 100%,  reduce = 100%, Cumulative CPU 7.24 sec
MapReduce Total cumulative CPU time: 7 seconds 240 msec
Ended Job = job_1428164231378_0125
MapReduce Jobs Launched: 
Stage-Stage-4: Map: 46  Reduce: 179   Cumulative CPU: 8363.67 sec   HDFS Read: 1892936096 HDFS Write: 5154057950 SUCCESS
Stage-Stage-5: Map: 20  Reduce: 77   Cumulative CPU: 461.98 sec   HDFS Read: 5154107569 HDFS Write: 77597 SUCCESS
Stage-Stage-6: Map: 4  Reduce: 1   Cumulative CPU: 7.24 sec   HDFS Read: 98274 HDFS Write: 4948 SUCCESS
Total MapReduce CPU Time Spent: 0 days 2 hours 27 minutes 12 seconds 890 msec
OK
NULL	NULL	NULL	NULL	NULL	NULL	NULL	NULL	1.01093512224722E11	1
	NULL	NULL	NULL	NULL	NULL	NULL	NULL	2.496570878586252E8	1
		NULL	NULL	NULL	NULL	NULL	NULL	1.2502850792024735E8	2
			NULL	NULL	NULL	NULL	NULL	6.128891702346364E7	3
				NULL	NULL	NULL	NULL	2.7702812699982822E7	4
				1999	NULL	NULL	NULL	2.002325345473689E7	5
				1999	3	NULL	NULL	7139764.29525429	8
				1999	3	8	NULL	3000433.4475964606	25
				1999	3	9	NULL	2868089.4599034786	27
				1999	4	NULL	NULL	1.1585055650947213E7	6
				1999	4	10	NULL	2675204.278724432	33
				1999	4	11	NULL	4311611.4641397	16
				1999	4	12	NULL	4598239.908083081	13
				2000	NULL	NULL	NULL	7679559.2452459335	7
				2000	1	NULL	NULL	4637270.044229746	12
				2000	1	1	NULL	1831099.3515338898	73
				2000	2	NULL	NULL	3042289.2010161877	24
				2000	2	4	NULL	1554883.8640153408	91
				2000	2	5	NULL	1487405.3370008469	97
		amalgedu pack #2	NULL	NULL	NULL	NULL	NULL	2000265.6083544493	57
		amalgscholar #2	NULL	NULL	NULL	NULL	NULL	2105751.0564718246	47
		edu packamalgamalg #17	NULL	NULL	NULL	NULL	NULL	1909825.6256562471	66
		edu packamalgamalg #17		NULL	NULL	NULL	NULL	1909825.6256562471	66
		edu packbrand #1	NULL	NULL	NULL	NULL	NULL	1813736.8617986739	75
		edu packexporti #1	NULL	NULL	NULL	NULL	NULL	1702740.0787329674	80
		edu packexporti #1		NULL	NULL	NULL	NULL	1702740.0787329674	80
		exportiedu pack #1	NULL	NULL	NULL	NULL	NULL	2071571.0135399103	50
		exportiedu pack #1		NULL	NULL	NULL	NULL	2071571.0135399103	50
		exportiedu pack #1		1999	NULL	NULL	NULL	1496421.3013658524	96
		exportiimporto #2	NULL	NULL	NULL	NULL	NULL	2051127.701104641	54
		importoedu pack #1	NULL	NULL	NULL	NULL	NULL	1984818.430828452	60
		importoedu pack #1		NULL	NULL	NULL	NULL	1984818.430828452	60
		importoedu pack #1		1999	NULL	NULL	NULL	1577854.2994517088	88
		importoscholar #1	NULL	NULL	NULL	NULL	NULL	1607561.402304411	85
		importoscholar #1		NULL	NULL	NULL	NULL	1607561.402304411	85
		importoscholar #1		1999	NULL	NULL	NULL	1588470.9224231243	87
	accessories	NULL	NULL	NULL	NULL	NULL	NULL	1941272.5817637444	63
	athletic	NULL	NULL	NULL	NULL	NULL	NULL	5842429.508033156	11
	athletic		NULL	NULL	NULL	NULL	NULL	4546856.4977709055	14
	basketball	NULL	NULL	NULL	NULL	NULL	NULL	2763280.125256717	29
	classical	NULL	NULL	NULL	NULL	NULL	NULL	2223373.852823496	44
	country	NULL	NULL	NULL	NULL	NULL	NULL	4519370.734731087	15
	country		NULL	NULL	NULL	NULL	NULL	1558960.9021657798	90
	country	importoscholar #1	NULL	NULL	NULL	NULL	NULL	1686921.3470402956	82
	custom	NULL	NULL	NULL	NULL	NULL	NULL	2064805.9296012223	52
	diamonds	NULL	NULL	NULL	NULL	NULL	NULL	2003792.4150494337	56
	diamonds		NULL	NULL	NULL	NULL	NULL	1760643.843608737	79
	dresses	NULL	NULL	NULL	NULL	NULL	NULL	6600772.597686134	9
	dresses		NULL	NULL	NULL	NULL	NULL	2859650.6975126863	28
	dresses			NULL	NULL	NULL	NULL	1916415.1370626688	65
	dresses			1999	NULL	NULL	NULL	1463756.317696333	99
	dresses	amalgamalg #1	NULL	NULL	NULL	NULL	NULL	1452009.9526771307	100
	dresses	amalgamalg #2	NULL	NULL	NULL	NULL	NULL	2289111.9474963173	41
	earings	NULL	NULL	NULL	NULL	NULL	NULL	2896897.332683444	26
	earings		NULL	NULL	NULL	NULL	NULL	2080705.3195990324	48
	earings			NULL	NULL	NULL	NULL	2080705.3195990324	48
	earings			1999	NULL	NULL	NULL	1527720.3015104532	93
	fragrances	NULL	NULL	NULL	NULL	NULL	NULL	4258214.146279573	18
	fragrances	importoamalg #1	NULL	NULL	NULL	NULL	NULL	2058238.8482472897	53
	history	NULL	NULL	NULL	NULL	NULL	NULL	2740116.4876641333	30
	history		NULL	NULL	NULL	NULL	NULL	1875012.838377148	69
	history			NULL	NULL	NULL	NULL	1875012.838377148	69
	infants	NULL	NULL	NULL	NULL	NULL	NULL	2698842.9819725156	31
	infants	importoexporti #1	NULL	NULL	NULL	NULL	NULL	1572174.0914489627	89
	maternity	NULL	NULL	NULL	NULL	NULL	NULL	1808775.7063651085	76
	maternity		NULL	NULL	NULL	NULL	NULL	1808775.7063651085	76
	memory	NULL	NULL	NULL	NULL	NULL	NULL	3603869.0306628346	22
	memory		NULL	NULL	NULL	NULL	NULL	1824268.8719514012	74
	mens	NULL	NULL	NULL	NULL	NULL	NULL	1512983.5247769356	95
	mystery	NULL	NULL	NULL	NULL	NULL	NULL	1624802.5682032108	84
	newborn	NULL	NULL	NULL	NULL	NULL	NULL	2542815.861255765	36
	newborn		NULL	NULL	NULL	NULL	NULL	2322033.0002310276	40
	pants	NULL	NULL	NULL	NULL	NULL	NULL	4146517.9130618274	19
	pants	exportiimporto #2	NULL	NULL	NULL	NULL	NULL	2283021.003538072	42
	pendants	NULL	NULL	NULL	NULL	NULL	NULL	1960762.5780884922	62
	pop	NULL	NULL	NULL	NULL	NULL	NULL	2017369.1376538277	55
	portable	NULL	NULL	NULL	NULL	NULL	NULL	1634851.0567271113	83
	reference	NULL	NULL	NULL	NULL	NULL	NULL	1882435.4067058563	68
	rock	NULL	NULL	NULL	NULL	NULL	NULL	4277731.078028321	17
	rock		NULL	NULL	NULL	NULL	NULL	3552358.226404786	23
	rock			NULL	NULL	NULL	NULL	2529977.467147827	37
	rock			1999	NULL	NULL	NULL	2192168.906982422	45
	school-uniforms	NULL	NULL	NULL	NULL	NULL	NULL	2344412.4530199766	39
	school-uniforms		NULL	NULL	NULL	NULL	NULL	2149214.341874957	46
	science	NULL	NULL	NULL	NULL	NULL	NULL	2410673.7922257334	38
	shirts	NULL	NULL	NULL	NULL	NULL	NULL	6325673.41835238	10
	shirts		NULL	NULL	NULL	NULL	NULL	2693966.0435730517	32
	shirts			NULL	NULL	NULL	NULL	1856193.211054206	71
	shirts	importoimporto #1	NULL	NULL	NULL	NULL	NULL	2583887.87595585	34
	shirts	importoimporto #1		NULL	NULL	NULL	NULL	1536277.3290562928	92
	shirts	importoimporto #1		1999	NULL	NULL	NULL	1525124.3493199646	94
	sports-apparel	NULL	NULL	NULL	NULL	NULL	NULL	2254799.928284645	43
	sports-apparel		NULL	NULL	NULL	NULL	NULL	1987259.687617302	59
	swimwear	NULL	NULL	NULL	NULL	NULL	NULL	3613902.729565859	21
	swimwear		NULL	NULL	NULL	NULL	NULL	1481381.1823242903	98
	swimwear	edu packamalg #1	NULL	NULL	NULL	NULL	NULL	1852066.4667395353	72
	toddlers	NULL	NULL	NULL	NULL	NULL	NULL	3929088.057727039	20
	toddlers		NULL	NULL	NULL	NULL	NULL	1999279.5671845376	58
	toddlers	exportiexporti #2	NULL	NULL	NULL	NULL	NULL	1929808.4905425012	64
	womens	NULL	NULL	NULL	NULL	NULL	NULL	2546634.574530363	35
Time taken: 569.78 seconds, Fetched: 100 row(s)
hive> 