15/04/06 20:31:39 WARN conf.HiveConf: HiveConf of name hive.optimize.mapjoin.mapreduce does not exist
15/04/06 20:31:39 WARN conf.HiveConf: HiveConf of name hive.heapsize does not exist
15/04/06 20:31:39 WARN conf.HiveConf: HiveConf of name hive.server2.enable.impersonation does not exist
15/04/06 20:31:39 WARN conf.HiveConf: HiveConf of name hive.auto.convert.sortmerge.join.noconditionaltask does not exist

Logging initialized using configuration in file:/etc/hive/conf/hive-log4j.properties
SLF4J: Class path contains multiple SLF4J bindings.
SLF4J: Found binding in [jar:file:/usr/hdp/2.2.0.0-2041/hadoop/lib/slf4j-log4j12-1.7.5.jar!/org/slf4j/impl/StaticLoggerBinder.class]
SLF4J: Found binding in [jar:file:/usr/hdp/2.2.0.0-2041/hive/lib/hive-jdbc-0.14.0.2.2.0.0-2041-standalone.jar!/org/slf4j/impl/StaticLoggerBinder.class]
SLF4J: See http://www.slf4j.org/codes.html#multiple_bindings for an explanation.
SLF4J: Actual binding is of type [org.slf4j.impl.Log4jLoggerFactory]
hive> use tpcds_bin_partitioned_orc_100; source query52.sql;
OK
Time taken: 3.101 seconds
Query ID = root_20150406203131_f8484be2-d682-4c14-92c8-c807fffda7a1
Total jobs = 2
SLF4J: Class path contains multiple SLF4J bindings.
SLF4J: Found binding in [jar:file:/usr/hdp/2.2.0.0-2041/hadoop/lib/slf4j-log4j12-1.7.5.jar!/org/slf4j/impl/StaticLoggerBinder.class]
SLF4J: Found binding in [jar:file:/usr/hdp/2.2.0.0-2041/hive/lib/hive-jdbc-0.14.0.2.2.0.0-2041-standalone.jar!/org/slf4j/impl/StaticLoggerBinder.class]
SLF4J: See http://www.slf4j.org/codes.html#multiple_bindings for an explanation.
SLF4J: Actual binding is of type [org.slf4j.impl.Log4jLoggerFactory]
15/04/06 20:32:07 WARN conf.HiveConf: HiveConf of name hive.optimize.mapjoin.mapreduce does not exist
15/04/06 20:32:07 WARN conf.HiveConf: HiveConf of name hive.heapsize does not exist
15/04/06 20:32:07 WARN conf.HiveConf: HiveConf of name hive.server2.enable.impersonation does not exist
15/04/06 20:32:07 WARN conf.HiveConf: HiveConf of name hive.auto.convert.sortmerge.join.noconditionaltask does not exist
Execution log at: /tmp/root/root_20150406203131_f8484be2-d682-4c14-92c8-c807fffda7a1.log
2015-04-06 08:32:08	Starting to launch local task to process map join;	maximum memory = 1065484288
2015-04-06 08:32:12	Dump the side-table for tag: 1 with group count: 3648 into file: file:/tmp/root/c0691404-c06e-4830-b139-52ada00515fa/hive_2015-04-06_20-31-47_297_6874086407894687248-1/-local-10007/HashTable-Stage-3/MapJoin-mapfile01--.hashtable
2015-04-06 08:32:13	Uploaded 1 File to: file:/tmp/root/c0691404-c06e-4830-b139-52ada00515fa/hive_2015-04-06_20-31-47_297_6874086407894687248-1/-local-10007/HashTable-Stage-3/MapJoin-mapfile01--.hashtable (157296 bytes)
2015-04-06 08:32:13	Dump the side-table for tag: 0 with group count: 31 into file: file:/tmp/root/c0691404-c06e-4830-b139-52ada00515fa/hive_2015-04-06_20-31-47_297_6874086407894687248-1/-local-10007/HashTable-Stage-3/MapJoin-mapfile10--.hashtable
2015-04-06 08:32:13	Uploaded 1 File to: file:/tmp/root/c0691404-c06e-4830-b139-52ada00515fa/hive_2015-04-06_20-31-47_297_6874086407894687248-1/-local-10007/HashTable-Stage-3/MapJoin-mapfile10--.hashtable (914 bytes)
2015-04-06 08:32:13	End of local task; Time Taken: 4.876 sec.
Execution completed successfully
MapredLocal task succeeded
Launching Job 1 out of 2
Number of reduce tasks not specified. Estimated from input data size: 179
In order to change the average load for a reducer (in bytes):
  set hive.exec.reducers.bytes.per.reducer=<number>
In order to limit the maximum number of reducers:
  set hive.exec.reducers.max=<number>
In order to set a constant number of reducers:
  set mapreduce.job.reduces=<number>
Starting Job = job_1428164231378_0081, Tracking URL = http://f01hn02.hadoop:8088/proxy/application_1428164231378_0081/
Kill Command = /usr/hdp/2.2.0.0-2041/hadoop/bin/hadoop job  -kill job_1428164231378_0081
Hadoop job information for Stage-3: number of mappers: 46; number of reducers: 179
2015-04-06 20:32:32,608 Stage-3 map = 0%,  reduce = 0%
2015-04-06 20:32:47,661 Stage-3 map = 1%,  reduce = 0%, Cumulative CPU 17.03 sec
2015-04-06 20:32:48,713 Stage-3 map = 6%,  reduce = 0%, Cumulative CPU 211.37 sec
2015-04-06 20:32:50,888 Stage-3 map = 12%,  reduce = 0%, Cumulative CPU 244.94 sec
2015-04-06 20:32:51,967 Stage-3 map = 66%,  reduce = 0%, Cumulative CPU 350.95 sec
2015-04-06 20:32:53,040 Stage-3 map = 93%,  reduce = 0%, Cumulative CPU 389.59 sec
2015-04-06 20:32:54,118 Stage-3 map = 99%,  reduce = 0%, Cumulative CPU 396.87 sec
2015-04-06 20:32:55,448 Stage-3 map = 100%,  reduce = 0%, Cumulative CPU 401.32 sec
2015-04-06 20:32:57,616 Stage-3 map = 100%,  reduce = 10%, Cumulative CPU 436.11 sec
2015-04-06 20:32:58,696 Stage-3 map = 100%,  reduce = 19%, Cumulative CPU 464.68 sec
2015-04-06 20:32:59,776 Stage-3 map = 100%,  reduce = 26%, Cumulative CPU 486.25 sec
2015-04-06 20:33:00,858 Stage-3 map = 100%,  reduce = 31%, Cumulative CPU 502.16 sec
2015-04-06 20:33:01,933 Stage-3 map = 100%,  reduce = 45%, Cumulative CPU 551.67 sec
2015-04-06 20:33:03,012 Stage-3 map = 100%,  reduce = 56%, Cumulative CPU 586.49 sec
2015-04-06 20:33:04,089 Stage-3 map = 100%,  reduce = 65%, Cumulative CPU 616.26 sec
2015-04-06 20:33:05,165 Stage-3 map = 100%,  reduce = 79%, Cumulative CPU 661.6 sec
2015-04-06 20:33:06,241 Stage-3 map = 100%,  reduce = 91%, Cumulative CPU 701.01 sec
2015-04-06 20:33:07,312 Stage-3 map = 100%,  reduce = 100%, Cumulative CPU 728.84 sec
MapReduce Total cumulative CPU time: 12 minutes 8 seconds 840 msec
Ended Job = job_1428164231378_0081
Launching Job 2 out of 2
Number of reduce tasks determined at compile time: 1
In order to change the average load for a reducer (in bytes):
  set hive.exec.reducers.bytes.per.reducer=<number>
In order to limit the maximum number of reducers:
  set hive.exec.reducers.max=<number>
In order to set a constant number of reducers:
  set mapreduce.job.reduces=<number>
Starting Job = job_1428164231378_0082, Tracking URL = http://f01hn02.hadoop:8088/proxy/application_1428164231378_0082/
Kill Command = /usr/hdp/2.2.0.0-2041/hadoop/bin/hadoop job  -kill job_1428164231378_0082
Hadoop job information for Stage-4: number of mappers: 4; number of reducers: 1
2015-04-06 20:33:14,552 Stage-4 map = 0%,  reduce = 0%
2015-04-06 20:33:19,888 Stage-4 map = 50%,  reduce = 0%, Cumulative CPU 2.94 sec
2015-04-06 20:33:20,957 Stage-4 map = 100%,  reduce = 0%, Cumulative CPU 6.5 sec
2015-04-06 20:33:25,240 Stage-4 map = 100%,  reduce = 100%, Cumulative CPU 7.94 sec
MapReduce Total cumulative CPU time: 7 seconds 940 msec
Ended Job = job_1428164231378_0082
MapReduce Jobs Launched: 
Stage-Stage-3: Map: 46  Reduce: 179   Cumulative CPU: 728.84 sec   HDFS Read: 1616559019 HDFS Write: 45056 SUCCESS
Stage-Stage-4: Map: 4  Reduce: 1   Cumulative CPU: 7.94 sec   HDFS Read: 92355 HDFS Write: 4784 SUCCESS
Total MapReduce CPU Time Spent: 12 minutes 16 seconds 780 msec
OK
1998	3004001	edu packexporti #1	6166872.709924698
1998	3003001	exportiexporti #1	5896498.426410526
1998	2002001	importoimporto #1	5759285.2404899
1998	1003001	exportiamalg #1	5744205.155163348
1998	1004001	edu packamalg #1	5604460.382419795
1998	2001001	amalgimporto #1	5465607.42666889
1998	4003001	exportiedu pack #1	5270695.961468428
1998	2003001	exportiimporto #1	5219109.303532034
1998	4004001	edu packedu pack #1	5106585.979605079
1998	5001001	amalgscholar #1	4901967.365341052
1998	1001001	amalgamalg #1	4884295.4344956875
1998	3001001	amalgexporti #1	4869679.740265071
1998	1002001	importoamalg #1	4857358.886556685
1998	4001001	amalgedu pack #1	4647524.113042951
1998	3002001	importoexporti #1	4598936.2654470205
1998	4002001	importoedu pack #1	4596330.680260003
1998	2001002	amalgimporto #2	4049176.1605565846
1998	5003001	exportischolar #1	4034772.502819538
1998	1001002	amalgamalg #2	3933594.550968379
1998	2004002	edu packimporto #2	3633963.7133233547
1998	5002001	importoscholar #1	3631655.6633462906
1998	1004002	edu packamalg #2	3624611.08052361
1998	2004001	edu packimporto #1	3535846.71232605
1998	4004002	edu packedu pack #2	3486694.491404295
1998	5004001	edu packscholar #1	3427843.9336137474
1998	2003002	exportiimporto #2	3235367.2500253916
1998	1003002	exportiamalg #2	3128700.1290287375
1998	5003002	exportischolar #2	3015286.6416861713
1998	3002002	importoexporti #2	2803419.776563704
1998	5001002	amalgscholar #2	2700451.585131526
1998	4003002	exportiedu pack #2	2643159.6720938683
1998	4002002	importoedu pack #2	2542292.9602243304
1998	3001002	amalgexporti #2	2472104.7569184303
1998	3004002	edu packexporti #2	2398447.4603403807
1998	3003002	exportiexporti #2	2335011.822481513
1998	4001002	amalgedu pack #2	2218971.2497645617
1998	2002002	importoimporto #2	1885640.5884084702
1998	1002002	importoamalg #2	1800304.622827828
1998	5004002	edu packscholar #2	1701201.2196118832
1998	5002002	importoscholar #2	1607089.1022895575
1998	9014008	edu packunivamalg #8	1095995.1218316555
1998	7016001	corpnameless #1	1071676.9991345406
1998	7001005	amalgbrand #5	1060744.9929687977
1998	6005001	scholarcorp #1	1010470.2282099724
1998	6016003	corpbrand #3	908896.7675493956
1998	9003008	exportimaxi #8	907495.4817039967
1998	6003003	exporticorp #3	862422.6978475451
1998	9015005	scholarunivamalg #5	860000.0659296513
1998	7001007	amalgbrand #7	857658.2328362465
1998	9015002	scholarunivamalg #2	826746.3808531761
1998	9011008	amalgunivamalg #8	824556.8209242225
1998	8004003	edu packnameless #3	779217.7089219093
1998	8001003	amalgnameless #3	764575.0598607063
1998	8005003	scholarnameless #3	758546.6966307163
1998	9009002	maximaxi #2	749520.7087804079
1998	8006009	corpnameless #9	745697.7991814613
1998	6003005	exporticorp #5	744787.247833252
1998	9007008	brandmaxi #8	726805.4991316795
1998	7007005	brandbrand #5	720450.5490522385
1998	8008003	namelessnameless #3	716930.3802876472
1998	8005009	scholarnameless #9	714082.0502233505
1998	6008003	namelesscorp #3	706626.1306314468
1998	9003005	exportimaxi #5	694244.7203688622
1998	8009010	maxinameless #10	690616.4216549397
1998	6001001	amalgcorp #1	689999.697268486
1998	6007006	brandcorp #6	689647.2569656372
1998	10015001	scholaramalgamalg #1	686955.6589279175
1998	7004009	edu packbrand #9	683056.1597745419
1998	8010009	univmaxi #9	681350.0596842766
1998	6011003	amalgbrand #3	678159.1197693348
1998	7011001	amalgnameless #1	674834.190009594
1998	6006003	corpcorp #3	673339.3198776245
1998	9006011	corpmaxi #11	666838.2816268206
1998	8008007	namelessnameless #7	658362.511754036
1998	9004008	edu packmaxi #8	646319.9405107498
1998	9004011	edu packmaxi #11	645687.2408018112
1998	6010007	univbrand #7	632646.7988767624
1998	9006009	corpmaxi #9	630097.1994590759
1998	7007004	brandbrand #4	627129.4302511215
1998	8003003	exportinameless #3	625877.6184222698
1998	7015009	scholarnameless #9	620938.7695631981
1998	6003008	exporticorp #8	620084.1607470512
1998	10009013	maxiunivamalg #13	607418.6415479183
1998	6006005	corpcorp #5	602825.1901738644
1998	7010009	univnameless #9	598545.228962183
1998	7009005	maxibrand #5	595662.2586746216
1998	7007010	brandbrand #10	576126.1496315002
1998	9011009	amalgunivamalg #9	575970.8503227234
1998	10013015	exportiamalgamalg #15	569419.381737709
1998	8015003	scholarmaxi #3	556504.8812975883
1998	7004001	edu packbrand #1	550134.0094890594
1998	9010009	univunivamalg #9	549349.5610485077
1998	7010008	univnameless #8	547772.9016513824
1998	9012003	importounivamalg #3	547356.789443016
1998	9001003	amalgmaxi #3	545624.7599151134
1998	6009003	maxicorp #3	541433.3309671879
1998	10007015	brandunivamalg #15	541171.7207474709
1998	6014007	edu packbrand #7	540503.7292435169
1998	6014003	edu packbrand #3	537963.0391983986
1998	9014002	edu packunivamalg #2	537559.9898792505
Time taken: 99.3 seconds, Fetched: 100 row(s)
hive> 