15/04/06 19:55:19 WARN conf.HiveConf: HiveConf of name hive.optimize.mapjoin.mapreduce does not exist
15/04/06 19:55:19 WARN conf.HiveConf: HiveConf of name hive.heapsize does not exist
15/04/06 19:55:19 WARN conf.HiveConf: HiveConf of name hive.server2.enable.impersonation does not exist
15/04/06 19:55:19 WARN conf.HiveConf: HiveConf of name hive.auto.convert.sortmerge.join.noconditionaltask does not exist

Logging initialized using configuration in file:/etc/hive/conf/hive-log4j.properties
SLF4J: Class path contains multiple SLF4J bindings.
SLF4J: Found binding in [jar:file:/usr/hdp/2.2.0.0-2041/hadoop/lib/slf4j-log4j12-1.7.5.jar!/org/slf4j/impl/StaticLoggerBinder.class]
SLF4J: Found binding in [jar:file:/usr/hdp/2.2.0.0-2041/hive/lib/hive-jdbc-0.14.0.2.2.0.0-2041-standalone.jar!/org/slf4j/impl/StaticLoggerBinder.class]
SLF4J: See http://www.slf4j.org/codes.html#multiple_bindings for an explanation.
SLF4J: Actual binding is of type [org.slf4j.impl.Log4jLoggerFactory]
hive> use tpcds_bin_partitioned_orc_100; source query32.sql;
OK
Time taken: 2.754 seconds
Query ID = root_20150406195555_ed11f94e-3571-457f-9442-c3492a6022d9
Total jobs = 7
SLF4J: Class path contains multiple SLF4J bindings.
SLF4J: Found binding in [jar:file:/usr/hdp/2.2.0.0-2041/hadoop/lib/slf4j-log4j12-1.7.5.jar!/org/slf4j/impl/StaticLoggerBinder.class]
SLF4J: Found binding in [jar:file:/usr/hdp/2.2.0.0-2041/hive/lib/hive-jdbc-0.14.0.2.2.0.0-2041-standalone.jar!/org/slf4j/impl/StaticLoggerBinder.class]
SLF4J: See http://www.slf4j.org/codes.html#multiple_bindings for an explanation.
SLF4J: Actual binding is of type [org.slf4j.impl.Log4jLoggerFactory]
15/04/06 19:55:48 WARN conf.HiveConf: HiveConf of name hive.optimize.mapjoin.mapreduce does not exist
15/04/06 19:55:48 WARN conf.HiveConf: HiveConf of name hive.heapsize does not exist
15/04/06 19:55:48 WARN conf.HiveConf: HiveConf of name hive.server2.enable.impersonation does not exist
15/04/06 19:55:48 WARN conf.HiveConf: HiveConf of name hive.auto.convert.sortmerge.join.noconditionaltask does not exist
Execution log at: /tmp/root/root_20150406195555_ed11f94e-3571-457f-9442-c3492a6022d9.log
2015-04-06 07:55:49	Starting to launch local task to process map join;	maximum memory = 1065484288
2015-04-06 07:55:53	Dump the side-table for tag: 1 with group count: 92 into file: file:/tmp/root/509ac10a-1fdf-421a-8eb9-931bcd193176/hive_2015-04-06_19-55-26_253_1120587669152636327-1/-local-10014/HashTable-Stage-13/MapJoin-mapfile31--.hashtable
2015-04-06 07:55:53	Uploaded 1 File to: file:/tmp/root/509ac10a-1fdf-421a-8eb9-931bcd193176/hive_2015-04-06_19-55-26_253_1120587669152636327-1/-local-10014/HashTable-Stage-13/MapJoin-mapfile31--.hashtable (2200 bytes)
2015-04-06 07:55:53	End of local task; Time Taken: 4.079 sec.
Execution completed successfully
MapredLocal task succeeded
SLF4J: Class path contains multiple SLF4J bindings.
SLF4J: Found binding in [jar:file:/usr/hdp/2.2.0.0-2041/hadoop/lib/slf4j-log4j12-1.7.5.jar!/org/slf4j/impl/StaticLoggerBinder.class]
SLF4J: Found binding in [jar:file:/usr/hdp/2.2.0.0-2041/hive/lib/hive-jdbc-0.14.0.2.2.0.0-2041-standalone.jar!/org/slf4j/impl/StaticLoggerBinder.class]
SLF4J: See http://www.slf4j.org/codes.html#multiple_bindings for an explanation.
SLF4J: Actual binding is of type [org.slf4j.impl.Log4jLoggerFactory]
15/04/06 19:55:59 WARN conf.HiveConf: HiveConf of name hive.optimize.mapjoin.mapreduce does not exist
15/04/06 19:55:59 WARN conf.HiveConf: HiveConf of name hive.heapsize does not exist
15/04/06 19:55:59 WARN conf.HiveConf: HiveConf of name hive.server2.enable.impersonation does not exist
15/04/06 19:55:59 WARN conf.HiveConf: HiveConf of name hive.auto.convert.sortmerge.join.noconditionaltask does not exist
Execution log at: /tmp/root/root_20150406195555_ed11f94e-3571-457f-9442-c3492a6022d9.log
2015-04-06 07:56:00	Starting to launch local task to process map join;	maximum memory = 1065484288
2015-04-06 07:56:04	Dump the side-table for tag: 1 with group count: 92 into file: file:/tmp/root/509ac10a-1fdf-421a-8eb9-931bcd193176/hive_2015-04-06_19-55-26_253_1120587669152636327-1/-local-10016/HashTable-Stage-5/MapJoin-mapfile41--.hashtable
2015-04-06 07:56:04	Uploaded 1 File to: file:/tmp/root/509ac10a-1fdf-421a-8eb9-931bcd193176/hive_2015-04-06_19-55-26_253_1120587669152636327-1/-local-10016/HashTable-Stage-5/MapJoin-mapfile41--.hashtable (2200 bytes)
2015-04-06 07:56:04	End of local task; Time Taken: 4.01 sec.
Execution completed successfully
MapredLocal task succeeded
Launching Job 1 out of 7
Number of reduce tasks is set to 0 since there's no reduce operator
Starting Job = job_1428164231378_0054, Tracking URL = http://f01hn02.hadoop:8088/proxy/application_1428164231378_0054/
Kill Command = /usr/hdp/2.2.0.0-2041/hadoop/bin/hadoop job  -kill job_1428164231378_0054
Hadoop job information for Stage-13: number of mappers: 33; number of reducers: 0
2015-04-06 19:56:24,602 Stage-13 map = 0%,  reduce = 0%
2015-04-06 19:56:30,308 Stage-13 map = 3%,  reduce = 0%, Cumulative CPU 3.38 sec
2015-04-06 19:56:31,378 Stage-13 map = 6%,  reduce = 0%, Cumulative CPU 7.43 sec
2015-04-06 19:56:38,871 Stage-13 map = 44%,  reduce = 0%, Cumulative CPU 95.84 sec
2015-04-06 19:56:39,943 Stage-13 map = 94%,  reduce = 0%, Cumulative CPU 239.86 sec
2015-04-06 19:56:41,017 Stage-13 map = 98%,  reduce = 0%, Cumulative CPU 246.56 sec
2015-04-06 19:56:42,088 Stage-13 map = 100%,  reduce = 0%, Cumulative CPU 249.53 sec
MapReduce Total cumulative CPU time: 4 minutes 9 seconds 530 msec
Ended Job = job_1428164231378_0054
Launching Job 2 out of 7
Number of reduce tasks not specified. Estimated from input data size: 125
In order to change the average load for a reducer (in bytes):
  set hive.exec.reducers.bytes.per.reducer=<number>
In order to limit the maximum number of reducers:
  set hive.exec.reducers.max=<number>
In order to set a constant number of reducers:
  set mapreduce.job.reduces=<number>
Starting Job = job_1428164231378_0055, Tracking URL = http://f01hn02.hadoop:8088/proxy/application_1428164231378_0055/
Kill Command = /usr/hdp/2.2.0.0-2041/hadoop/bin/hadoop job  -kill job_1428164231378_0055
Hadoop job information for Stage-5: number of mappers: 33; number of reducers: 125
2015-04-06 19:56:55,735 Stage-5 map = 0%,  reduce = 0%
2015-04-06 19:57:02,142 Stage-5 map = 3%,  reduce = 0%, Cumulative CPU 3.57 sec
2015-04-06 19:57:03,214 Stage-5 map = 6%,  reduce = 0%, Cumulative CPU 7.77 sec
2015-04-06 19:57:09,626 Stage-5 map = 41%,  reduce = 0%, Cumulative CPU 200.26 sec
2015-04-06 19:57:10,696 Stage-5 map = 63%,  reduce = 0%, Cumulative CPU 234.83 sec
2015-04-06 19:57:11,761 Stage-5 map = 91%,  reduce = 0%, Cumulative CPU 260.73 sec
2015-04-06 19:57:12,831 Stage-5 map = 95%,  reduce = 0%, Cumulative CPU 272.0 sec
2015-04-06 19:57:13,914 Stage-5 map = 95%,  reduce = 2%, Cumulative CPU 278.53 sec
2015-04-06 19:57:14,984 Stage-5 map = 95%,  reduce = 5%, Cumulative CPU 282.71 sec
2015-04-06 19:57:16,305 Stage-5 map = 98%,  reduce = 9%, Cumulative CPU 299.98 sec
2015-04-06 19:57:17,343 Stage-5 map = 99%,  reduce = 12%, Cumulative CPU 307.1 sec
2015-04-06 19:57:18,395 Stage-5 map = 99%,  reduce = 15%, Cumulative CPU 311.38 sec
2015-04-06 19:57:19,467 Stage-5 map = 100%,  reduce = 18%, Cumulative CPU 322.01 sec
2015-04-06 19:57:20,541 Stage-5 map = 100%,  reduce = 30%, Cumulative CPU 378.85 sec
2015-04-06 19:57:21,611 Stage-5 map = 100%,  reduce = 96%, Cumulative CPU 753.36 sec
2015-04-06 19:57:22,666 Stage-5 map = 100%,  reduce = 100%, Cumulative CPU 791.76 sec
MapReduce Total cumulative CPU time: 13 minutes 11 seconds 760 msec
Ended Job = job_1428164231378_0055
Stage-15 is selected by condition resolver.
Stage-16 is filtered out by condition resolver.
Stage-17 is filtered out by condition resolver.
Stage-2 is filtered out by condition resolver.
SLF4J: Class path contains multiple SLF4J bindings.
SLF4J: Found binding in [jar:file:/usr/hdp/2.2.0.0-2041/hadoop/lib/slf4j-log4j12-1.7.5.jar!/org/slf4j/impl/StaticLoggerBinder.class]
SLF4J: Found binding in [jar:file:/usr/hdp/2.2.0.0-2041/hive/lib/hive-jdbc-0.14.0.2.2.0.0-2041-standalone.jar!/org/slf4j/impl/StaticLoggerBinder.class]
SLF4J: See http://www.slf4j.org/codes.html#multiple_bindings for an explanation.
SLF4J: Actual binding is of type [org.slf4j.impl.Log4jLoggerFactory]
15/04/06 19:57:29 WARN conf.HiveConf: HiveConf of name hive.optimize.mapjoin.mapreduce does not exist
15/04/06 19:57:29 WARN conf.HiveConf: HiveConf of name hive.heapsize does not exist
15/04/06 19:57:29 WARN conf.HiveConf: HiveConf of name hive.server2.enable.impersonation does not exist
15/04/06 19:57:29 WARN conf.HiveConf: HiveConf of name hive.auto.convert.sortmerge.join.noconditionaltask does not exist
Execution log at: /tmp/root/root_20150406195555_ed11f94e-3571-457f-9442-c3492a6022d9.log
2015-04-06 07:57:30	Starting to launch local task to process map join;	maximum memory = 1065484288
2015-04-06 07:57:38	Dump the side-table for tag: 1 with group count: 223 into file: file:/tmp/root/509ac10a-1fdf-421a-8eb9-931bcd193176/hive_2015-04-06_19-55-26_253_1120587669152636327-1/-local-10008/HashTable-Stage-9/MapJoin-mapfile01--.hashtable
2015-04-06 07:57:38	Uploaded 1 File to: file:/tmp/root/509ac10a-1fdf-421a-8eb9-931bcd193176/hive_2015-04-06_19-55-26_253_1120587669152636327-1/-local-10008/HashTable-Stage-9/MapJoin-mapfile01--.hashtable (4885 bytes)
2015-04-06 07:57:38	Dump the side-table for tag: 2 with group count: 102000 into file: file:/tmp/root/509ac10a-1fdf-421a-8eb9-931bcd193176/hive_2015-04-06_19-55-26_253_1120587669152636327-1/-local-10008/HashTable-Stage-9/MapJoin-mapfile02--.hashtable
2015-04-06 07:57:39	Uploaded 1 File to: file:/tmp/root/509ac10a-1fdf-421a-8eb9-931bcd193176/hive_2015-04-06_19-55-26_253_1120587669152636327-1/-local-10008/HashTable-Stage-9/MapJoin-mapfile02--.hashtable (3042080 bytes)
2015-04-06 07:57:39	End of local task; Time Taken: 8.436 sec.
Execution completed successfully
MapredLocal task succeeded
Launching Job 4 out of 7
Number of reduce tasks is set to 0 since there's no reduce operator
Starting Job = job_1428164231378_0056, Tracking URL = http://f01hn02.hadoop:8088/proxy/application_1428164231378_0056/
Kill Command = /usr/hdp/2.2.0.0-2041/hadoop/bin/hadoop job  -kill job_1428164231378_0056
Hadoop job information for Stage-9: number of mappers: 4; number of reducers: 0
2015-04-06 19:57:45,509 Stage-9 map = 0%,  reduce = 0%
2015-04-06 19:57:50,892 Stage-9 map = 50%,  reduce = 0%, Cumulative CPU 3.44 sec
2015-04-06 19:57:55,154 Stage-9 map = 88%,  reduce = 0%, Cumulative CPU 20.88 sec
2015-04-06 19:57:56,225 Stage-9 map = 100%,  reduce = 0%, Cumulative CPU 22.0 sec
MapReduce Total cumulative CPU time: 22 seconds 0 msec
Ended Job = job_1428164231378_0056
Launching Job 5 out of 7
Number of reduce tasks determined at compile time: 1
In order to change the average load for a reducer (in bytes):
  set hive.exec.reducers.bytes.per.reducer=<number>
In order to limit the maximum number of reducers:
  set hive.exec.reducers.max=<number>
In order to set a constant number of reducers:
  set mapreduce.job.reduces=<number>
Starting Job = job_1428164231378_0057, Tracking URL = http://f01hn02.hadoop:8088/proxy/application_1428164231378_0057/
Kill Command = /usr/hdp/2.2.0.0-2041/hadoop/bin/hadoop job  -kill job_1428164231378_0057
Hadoop job information for Stage-3: number of mappers: 3; number of reducers: 1
2015-04-06 19:58:01,623 Stage-3 map = 0%,  reduce = 0%
2015-04-06 19:58:08,312 Stage-3 map = 100%,  reduce = 0%, Cumulative CPU 4.32 sec
2015-04-06 19:58:13,640 Stage-3 map = 100%,  reduce = 100%, Cumulative CPU 5.73 sec
MapReduce Total cumulative CPU time: 5 seconds 730 msec
Ended Job = job_1428164231378_0057
MapReduce Jobs Launched: 
Stage-Stage-13: Map: 33   Cumulative CPU: 249.53 sec   HDFS Read: 852021148 HDFS Write: 103731869 SUCCESS
Stage-Stage-5: Map: 33  Reduce: 125   Cumulative CPU: 791.76 sec   HDFS Read: 852021148 HDFS Write: 2964540 SUCCESS
Stage-Stage-9: Map: 4   Cumulative CPU: 22.0 sec   HDFS Read: 103741062 HDFS Write: 468 SUCCESS
Stage-Stage-3: Map: 3  Reduce: 1   Cumulative CPU: 5.73 sec   HDFS Read: 1947 HDFS Write: 18 SUCCESS
Total MapReduce CPU Time Spent: 17 minutes 49 seconds 20 msec
OK
8119270.359008789
Time taken: 168.495 seconds, Fetched: 1 row(s)
hive> 