15/04/06 22:06:43 WARN conf.HiveConf: HiveConf of name hive.optimize.mapjoin.mapreduce does not exist
15/04/06 22:06:43 WARN conf.HiveConf: HiveConf of name hive.heapsize does not exist
15/04/06 22:06:43 WARN conf.HiveConf: HiveConf of name hive.server2.enable.impersonation does not exist
15/04/06 22:06:43 WARN conf.HiveConf: HiveConf of name hive.auto.convert.sortmerge.join.noconditionaltask does not exist

Logging initialized using configuration in file:/etc/hive/conf/hive-log4j.properties
SLF4J: Class path contains multiple SLF4J bindings.
SLF4J: Found binding in [jar:file:/usr/hdp/2.2.0.0-2041/hadoop/lib/slf4j-log4j12-1.7.5.jar!/org/slf4j/impl/StaticLoggerBinder.class]
SLF4J: Found binding in [jar:file:/usr/hdp/2.2.0.0-2041/hive/lib/hive-jdbc-0.14.0.2.2.0.0-2041-standalone.jar!/org/slf4j/impl/StaticLoggerBinder.class]
SLF4J: See http://www.slf4j.org/codes.html#multiple_bindings for an explanation.
SLF4J: Actual binding is of type [org.slf4j.impl.Log4jLoggerFactory]
hive> use tpcds_bin_partitioned_orc_100; source query85.sql;
OK
Time taken: 2.855 seconds
Query ID = root_20150406220606_e2d3f9da-53f6-464d-8dde-9954353303ae
Total jobs = 2
SLF4J: Class path contains multiple SLF4J bindings.
SLF4J: Found binding in [jar:file:/usr/hdp/2.2.0.0-2041/hadoop/lib/slf4j-log4j12-1.7.5.jar!/org/slf4j/impl/StaticLoggerBinder.class]
SLF4J: Found binding in [jar:file:/usr/hdp/2.2.0.0-2041/hive/lib/hive-jdbc-0.14.0.2.2.0.0-2041-standalone.jar!/org/slf4j/impl/StaticLoggerBinder.class]
SLF4J: See http://www.slf4j.org/codes.html#multiple_bindings for an explanation.
SLF4J: Actual binding is of type [org.slf4j.impl.Log4jLoggerFactory]
15/04/06 22:07:17 WARN conf.HiveConf: HiveConf of name hive.optimize.mapjoin.mapreduce does not exist
15/04/06 22:07:17 WARN conf.HiveConf: HiveConf of name hive.heapsize does not exist
15/04/06 22:07:17 WARN conf.HiveConf: HiveConf of name hive.server2.enable.impersonation does not exist
15/04/06 22:07:17 WARN conf.HiveConf: HiveConf of name hive.auto.convert.sortmerge.join.noconditionaltask does not exist
Execution log at: /tmp/root/root_20150406220606_e2d3f9da-53f6-464d-8dde-9954353303ae.log
2015-04-06 10:07:18	Starting to launch local task to process map join;	maximum memory = 1065484288
2015-04-06 10:07:26	Processing rows:	200000	Hashtable size:	199999	Memory usage:	80238144	percentage:	0.075
2015-04-06 10:07:27	Processing rows:	300000	Hashtable size:	299999	Memory usage:	112488096	percentage:	0.106
2015-04-06 10:07:28	Processing rows:	400000	Hashtable size:	399999	Memory usage:	144055824	percentage:	0.135
2015-04-06 10:07:29	Processing rows:	500000	Hashtable size:	499999	Memory usage:	180393000	percentage:	0.169
2015-04-06 10:07:30	Processing rows:	600000	Hashtable size:	599999	Memory usage:	207057312	percentage:	0.194
2015-04-06 10:07:31	Processing rows:	700000	Hashtable size:	699999	Memory usage:	238896056	percentage:	0.224
2015-04-06 10:07:31	Processing rows:	800000	Hashtable size:	799999	Memory usage:	270144400	percentage:	0.254
2015-04-06 10:07:33	Processing rows:	900000	Hashtable size:	899999	Memory usage:	301168600	percentage:	0.283
2015-04-06 10:07:33	Processing rows:	1000000	Hashtable size:	999999	Memory usage:	333188440	percentage:	0.313
2015-04-06 10:07:34	Processing rows:	200000	Hashtable size:	199999	Memory usage:	399205528	percentage:	0.375
2015-04-06 10:07:36	Processing rows:	300000	Hashtable size:	299999	Memory usage:	427232032	percentage:	0.401
2015-04-06 10:07:36	Processing rows:	400000	Hashtable size:	399999	Memory usage:	458223336	percentage:	0.43
2015-04-06 10:07:38	Processing rows:	500000	Hashtable size:	499999	Memory usage:	489542560	percentage:	0.459
2015-04-06 10:07:38	Processing rows:	600000	Hashtable size:	599999	Memory usage:	524842648	percentage:	0.493
2015-04-06 10:07:39	Processing rows:	700000	Hashtable size:	699999	Memory usage:	555315992	percentage:	0.521
2015-04-06 10:07:39	Processing rows:	800000	Hashtable size:	799999	Memory usage:	589012008	percentage:	0.553
Execution failed with exit status: 3
Obtaining error information

Task failed!
Task ID:
  Stage-22

Logs:

/tmp/root/hive.log
FAILED: Execution Error, return code 3 from org.apache.hadoop.hive.ql.exec.mr.MapredLocalTask
hive> 