15/04/06 21:56:49 WARN conf.HiveConf: HiveConf of name hive.optimize.mapjoin.mapreduce does not exist
15/04/06 21:56:49 WARN conf.HiveConf: HiveConf of name hive.heapsize does not exist
15/04/06 21:56:49 WARN conf.HiveConf: HiveConf of name hive.server2.enable.impersonation does not exist
15/04/06 21:56:49 WARN conf.HiveConf: HiveConf of name hive.auto.convert.sortmerge.join.noconditionaltask does not exist

Logging initialized using configuration in file:/etc/hive/conf/hive-log4j.properties
SLF4J: Class path contains multiple SLF4J bindings.
SLF4J: Found binding in [jar:file:/usr/hdp/2.2.0.0-2041/hadoop/lib/slf4j-log4j12-1.7.5.jar!/org/slf4j/impl/StaticLoggerBinder.class]
SLF4J: Found binding in [jar:file:/usr/hdp/2.2.0.0-2041/hive/lib/hive-jdbc-0.14.0.2.2.0.0-2041-standalone.jar!/org/slf4j/impl/StaticLoggerBinder.class]
SLF4J: See http://www.slf4j.org/codes.html#multiple_bindings for an explanation.
SLF4J: Actual binding is of type [org.slf4j.impl.Log4jLoggerFactory]
hive> use tpcds_bin_partitioned_orc_100; source query80.sql;
OK
Time taken: 2.921 seconds
Query ID = root_20150406215656_cc795be0-e2d9-4d0f-bda2-7cc004c0db2f
Total jobs = 7
Stage-20 is selected by condition resolver.
Stage-27 is selected by condition resolver.
SLF4J: Class path contains multiple SLF4J bindings.
SLF4J: Found binding in [jar:file:/usr/hdp/2.2.0.0-2041/hadoop/lib/slf4j-log4j12-1.7.5.jar!/org/slf4j/impl/StaticLoggerBinder.class]
SLF4J: Found binding in [jar:file:/usr/hdp/2.2.0.0-2041/hive/lib/hive-jdbc-0.14.0.2.2.0.0-2041-standalone.jar!/org/slf4j/impl/StaticLoggerBinder.class]
SLF4J: See http://www.slf4j.org/codes.html#multiple_bindings for an explanation.
SLF4J: Actual binding is of type [org.slf4j.impl.Log4jLoggerFactory]
15/04/06 21:57:40 WARN conf.HiveConf: HiveConf of name hive.optimize.mapjoin.mapreduce does not exist
15/04/06 21:57:40 WARN conf.HiveConf: HiveConf of name hive.heapsize does not exist
15/04/06 21:57:40 WARN conf.HiveConf: HiveConf of name hive.server2.enable.impersonation does not exist
15/04/06 21:57:40 WARN conf.HiveConf: HiveConf of name hive.auto.convert.sortmerge.join.noconditionaltask does not exist
Execution log at: /tmp/root/root_20150406215656_cc795be0-e2d9-4d0f-bda2-7cc004c0db2f.log
2015-04-06 09:57:43	Starting to launch local task to process map join;	maximum memory = 1065484288
2015-04-06 09:57:54	Processing rows:	200000	Hashtable size:	199999	Memory usage:	79173704	percentage:	0.074
2015-04-06 09:57:57	Processing rows:	300000	Hashtable size:	299999	Memory usage:	101669704	percentage:	0.095
2015-04-06 09:57:58	Processing rows:	400000	Hashtable size:	399999	Memory usage:	137033280	percentage:	0.129
2015-04-06 09:57:59	Processing rows:	500000	Hashtable size:	499999	Memory usage:	156663448	percentage:	0.147
2015-04-06 09:58:00	Processing rows:	600000	Hashtable size:	599999	Memory usage:	174240856	percentage:	0.164
2015-04-06 09:58:02	Processing rows:	700000	Hashtable size:	699999	Memory usage:	199795040	percentage:	0.188
2015-04-06 09:58:04	Processing rows:	800000	Hashtable size:	799999	Memory usage:	243765152	percentage:	0.229
2015-04-06 09:58:06	Processing rows:	900000	Hashtable size:	899999	Memory usage:	284264176	percentage:	0.267
2015-04-06 09:58:08	Processing rows:	1000000	Hashtable size:	999999	Memory usage:	304800744	percentage:	0.286
2015-04-06 09:58:11	Processing rows:	1100000	Hashtable size:	1099999	Memory usage:	317164384	percentage:	0.298
2015-04-06 09:58:12	Processing rows:	1200000	Hashtable size:	1199999	Memory usage:	350173792	percentage:	0.329
2015-04-06 09:58:15	Processing rows:	1300000	Hashtable size:	1299999	Memory usage:	379717224	percentage:	0.356
2015-04-06 09:58:16	Processing rows:	1400000	Hashtable size:	1399999	Memory usage:	398252096	percentage:	0.374
2015-04-06 09:58:19	Processing rows:	1500000	Hashtable size:	1499999	Memory usage:	426931376	percentage:	0.401
2015-04-06 09:58:21	Processing rows:	1600000	Hashtable size:	1599999	Memory usage:	485162240	percentage:	0.455
2015-04-06 09:58:23	Processing rows:	1700000	Hashtable size:	1699999	Memory usage:	488311280	percentage:	0.458
2015-04-06 09:58:25	Processing rows:	1800000	Hashtable size:	1799999	Memory usage:	514031216	percentage:	0.482
2015-04-06 09:58:26	Processing rows:	1900000	Hashtable size:	1899999	Memory usage:	570650056	percentage:	0.536
2015-04-06 09:58:27	Processing rows:	2000000	Hashtable size:	1999999	Memory usage:	597811480	percentage:	0.561
Execution failed with exit status: 3
Obtaining error information

Task failed!
Task ID:
  Stage-49

Logs:

/tmp/root/hive.log
FAILED: Execution Error, return code 3 from org.apache.hadoop.hive.ql.exec.mr.MapredLocalTask
hive> 