15/04/06 22:47:51 WARN conf.HiveConf: HiveConf of name hive.optimize.mapjoin.mapreduce does not exist
15/04/06 22:47:51 WARN conf.HiveConf: HiveConf of name hive.heapsize does not exist
15/04/06 22:47:51 WARN conf.HiveConf: HiveConf of name hive.server2.enable.impersonation does not exist
15/04/06 22:47:51 WARN conf.HiveConf: HiveConf of name hive.auto.convert.sortmerge.join.noconditionaltask does not exist

Logging initialized using configuration in file:/etc/hive/conf/hive-log4j.properties
SLF4J: Class path contains multiple SLF4J bindings.
SLF4J: Found binding in [jar:file:/usr/hdp/2.2.0.0-2041/hadoop/lib/slf4j-log4j12-1.7.5.jar!/org/slf4j/impl/StaticLoggerBinder.class]
SLF4J: Found binding in [jar:file:/usr/hdp/2.2.0.0-2041/hive/lib/hive-jdbc-0.14.0.2.2.0.0-2041-standalone.jar!/org/slf4j/impl/StaticLoggerBinder.class]
SLF4J: See http://www.slf4j.org/codes.html#multiple_bindings for an explanation.
SLF4J: Actual binding is of type [org.slf4j.impl.Log4jLoggerFactory]
hive> use tpcds_bin_partitioned_orc_100; source query97.sql;
OK
Time taken: 3.089 seconds
Query ID = root_20150406224747_be312433-48bd-4006-94da-a375e7434e82
Total jobs = 4
SLF4J: Class path contains multiple SLF4J bindings.
SLF4J: Found binding in [jar:file:/usr/hdp/2.2.0.0-2041/hadoop/lib/slf4j-log4j12-1.7.5.jar!/org/slf4j/impl/StaticLoggerBinder.class]
SLF4J: Found binding in [jar:file:/usr/hdp/2.2.0.0-2041/hive/lib/hive-jdbc-0.14.0.2.2.0.0-2041-standalone.jar!/org/slf4j/impl/StaticLoggerBinder.class]
SLF4J: See http://www.slf4j.org/codes.html#multiple_bindings for an explanation.
SLF4J: Actual binding is of type [org.slf4j.impl.Log4jLoggerFactory]
15/04/06 22:48:21 WARN conf.HiveConf: HiveConf of name hive.optimize.mapjoin.mapreduce does not exist
15/04/06 22:48:21 WARN conf.HiveConf: HiveConf of name hive.heapsize does not exist
15/04/06 22:48:21 WARN conf.HiveConf: HiveConf of name hive.server2.enable.impersonation does not exist
15/04/06 22:48:21 WARN conf.HiveConf: HiveConf of name hive.auto.convert.sortmerge.join.noconditionaltask does not exist
Execution log at: /tmp/root/root_20150406224747_be312433-48bd-4006-94da-a375e7434e82.log
2015-04-06 10:48:22	Starting to launch local task to process map join;	maximum memory = 1065484288
2015-04-06 10:48:26	Dump the side-table for tag: 1 with group count: 366 into file: file:/tmp/root/448a396e-5c4b-4230-821a-5cd2ac3099e3/hive_2015-04-06_22-47-59_021_732957561899908863-1/-local-10009/HashTable-Stage-2/MapJoin-mapfile01--.hashtable
2015-04-06 10:48:27	Uploaded 1 File to: file:/tmp/root/448a396e-5c4b-4230-821a-5cd2ac3099e3/hive_2015-04-06_22-47-59_021_732957561899908863-1/-local-10009/HashTable-Stage-2/MapJoin-mapfile01--.hashtable (7984 bytes)
2015-04-06 10:48:27	End of local task; Time Taken: 4.162 sec.
Execution completed successfully
MapredLocal task succeeded
SLF4J: Class path contains multiple SLF4J bindings.
SLF4J: Found binding in [jar:file:/usr/hdp/2.2.0.0-2041/hadoop/lib/slf4j-log4j12-1.7.5.jar!/org/slf4j/impl/StaticLoggerBinder.class]
SLF4J: Found binding in [jar:file:/usr/hdp/2.2.0.0-2041/hive/lib/hive-jdbc-0.14.0.2.2.0.0-2041-standalone.jar!/org/slf4j/impl/StaticLoggerBinder.class]
SLF4J: See http://www.slf4j.org/codes.html#multiple_bindings for an explanation.
SLF4J: Actual binding is of type [org.slf4j.impl.Log4jLoggerFactory]
15/04/06 22:48:33 WARN conf.HiveConf: HiveConf of name hive.optimize.mapjoin.mapreduce does not exist
15/04/06 22:48:33 WARN conf.HiveConf: HiveConf of name hive.heapsize does not exist
15/04/06 22:48:33 WARN conf.HiveConf: HiveConf of name hive.server2.enable.impersonation does not exist
15/04/06 22:48:33 WARN conf.HiveConf: HiveConf of name hive.auto.convert.sortmerge.join.noconditionaltask does not exist
Execution log at: /tmp/root/root_20150406224747_be312433-48bd-4006-94da-a375e7434e82.log
2015-04-06 10:48:34	Starting to launch local task to process map join;	maximum memory = 1065484288
2015-04-06 10:48:38	Dump the side-table for tag: 1 with group count: 366 into file: file:/tmp/root/448a396e-5c4b-4230-821a-5cd2ac3099e3/hive_2015-04-06_22-47-59_021_732957561899908863-1/-local-10011/HashTable-Stage-7/MapJoin-mapfile11--.hashtable
2015-04-06 10:48:38	Uploaded 1 File to: file:/tmp/root/448a396e-5c4b-4230-821a-5cd2ac3099e3/hive_2015-04-06_22-47-59_021_732957561899908863-1/-local-10011/HashTable-Stage-7/MapJoin-mapfile11--.hashtable (7984 bytes)
2015-04-06 10:48:38	End of local task; Time Taken: 4.135 sec.
Execution completed successfully
MapredLocal task succeeded
Launching Job 1 out of 4
Number of reduce tasks not specified. Estimated from input data size: 126
In order to change the average load for a reducer (in bytes):
  set hive.exec.reducers.bytes.per.reducer=<number>
In order to limit the maximum number of reducers:
  set hive.exec.reducers.max=<number>
In order to set a constant number of reducers:
  set mapreduce.job.reduces=<number>
Starting Job = job_1428164231378_0196, Tracking URL = http://f01hn02.hadoop:8088/proxy/application_1428164231378_0196/
Kill Command = /usr/hdp/2.2.0.0-2041/hadoop/bin/hadoop job  -kill job_1428164231378_0196
Hadoop job information for Stage-2: number of mappers: 33; number of reducers: 126
2015-04-06 22:48:56,135 Stage-2 map = 0%,  reduce = 0%
2015-04-06 22:49:10,046 Stage-2 map = 7%,  reduce = 0%, Cumulative CPU 35.7 sec
2015-04-06 22:49:11,121 Stage-2 map = 45%,  reduce = 0%, Cumulative CPU 231.09 sec
2015-04-06 22:49:12,198 Stage-2 map = 77%,  reduce = 0%, Cumulative CPU 256.68 sec
2015-04-06 22:49:13,273 Stage-2 map = 81%,  reduce = 0%, Cumulative CPU 266.47 sec
2015-04-06 22:49:14,342 Stage-2 map = 86%,  reduce = 0%, Cumulative CPU 290.13 sec
2015-04-06 22:49:16,489 Stage-2 map = 90%,  reduce = 0%, Cumulative CPU 305.44 sec
2015-04-06 22:49:17,557 Stage-2 map = 93%,  reduce = 0%, Cumulative CPU 320.17 sec
2015-04-06 22:49:20,764 Stage-2 map = 94%,  reduce = 0%, Cumulative CPU 343.29 sec
2015-04-06 22:49:21,844 Stage-2 map = 94%,  reduce = 2%, Cumulative CPU 347.28 sec
2015-04-06 22:49:22,885 Stage-2 map = 96%,  reduce = 5%, Cumulative CPU 370.18 sec
2015-04-06 22:49:23,956 Stage-2 map = 96%,  reduce = 7%, Cumulative CPU 373.88 sec
2015-04-06 22:49:25,027 Stage-2 map = 97%,  reduce = 10%, Cumulative CPU 381.52 sec
2015-04-06 22:49:26,097 Stage-2 map = 99%,  reduce = 12%, Cumulative CPU 396.6 sec
2015-04-06 22:49:27,170 Stage-2 map = 100%,  reduce = 15%, Cumulative CPU 403.18 sec
2015-04-06 22:49:28,244 Stage-2 map = 100%,  reduce = 20%, Cumulative CPU 419.21 sec
2015-04-06 22:49:29,317 Stage-2 map = 100%,  reduce = 34%, Cumulative CPU 492.83 sec
2015-04-06 22:49:30,384 Stage-2 map = 100%,  reduce = 100%, Cumulative CPU 1024.06 sec
MapReduce Total cumulative CPU time: 17 minutes 4 seconds 60 msec
Ended Job = job_1428164231378_0196
Launching Job 2 out of 4
Number of reduce tasks not specified. Estimated from input data size: 185
In order to change the average load for a reducer (in bytes):
  set hive.exec.reducers.bytes.per.reducer=<number>
In order to limit the maximum number of reducers:
  set hive.exec.reducers.max=<number>
In order to set a constant number of reducers:
  set mapreduce.job.reduces=<number>
Starting Job = job_1428164231378_0197, Tracking URL = http://f01hn02.hadoop:8088/proxy/application_1428164231378_0197/
Kill Command = /usr/hdp/2.2.0.0-2041/hadoop/bin/hadoop job  -kill job_1428164231378_0197
Hadoop job information for Stage-7: number of mappers: 48; number of reducers: 185
2015-04-06 22:49:44,430 Stage-7 map = 0%,  reduce = 0%
2015-04-06 22:50:00,372 Stage-7 map = 2%,  reduce = 0%, Cumulative CPU 30.91 sec
2015-04-06 22:50:01,444 Stage-7 map = 10%,  reduce = 0%, Cumulative CPU 238.0 sec
2015-04-06 22:50:02,517 Stage-7 map = 12%,  reduce = 0%, Cumulative CPU 239.22 sec
2015-04-06 22:50:03,588 Stage-7 map = 24%,  reduce = 0%, Cumulative CPU 256.95 sec
2015-04-06 22:50:04,651 Stage-7 map = 73%,  reduce = 0%, Cumulative CPU 372.8 sec
2015-04-06 22:50:05,721 Stage-7 map = 79%,  reduce = 0%, Cumulative CPU 382.26 sec
2015-04-06 22:50:06,791 Stage-7 map = 80%,  reduce = 0%, Cumulative CPU 389.83 sec
2015-04-06 22:50:07,861 Stage-7 map = 85%,  reduce = 0%, Cumulative CPU 426.51 sec
2015-04-06 22:50:10,000 Stage-7 map = 86%,  reduce = 0%, Cumulative CPU 437.8 sec
2015-04-06 22:50:11,098 Stage-7 map = 89%,  reduce = 0%, Cumulative CPU 464.37 sec
2015-04-06 22:50:13,257 Stage-7 map = 91%,  reduce = 0%, Cumulative CPU 475.49 sec
2015-04-06 22:50:14,320 Stage-7 map = 94%,  reduce = 1%, Cumulative CPU 504.75 sec
2015-04-06 22:50:15,372 Stage-7 map = 94%,  reduce = 4%, Cumulative CPU 512.21 sec
2015-04-06 22:50:16,441 Stage-7 map = 94%,  reduce = 6%, Cumulative CPU 533.6 sec
2015-04-06 22:50:17,510 Stage-7 map = 94%,  reduce = 8%, Cumulative CPU 552.25 sec
2015-04-06 22:50:18,582 Stage-7 map = 94%,  reduce = 11%, Cumulative CPU 560.26 sec
2015-04-06 22:50:19,655 Stage-7 map = 94%,  reduce = 12%, Cumulative CPU 589.72 sec
2015-04-06 22:50:20,726 Stage-7 map = 94%,  reduce = 14%, Cumulative CPU 602.46 sec
2015-04-06 22:50:21,796 Stage-7 map = 94%,  reduce = 15%, Cumulative CPU 611.47 sec
2015-04-06 22:50:22,868 Stage-7 map = 95%,  reduce = 17%, Cumulative CPU 642.6 sec
2015-04-06 22:50:23,936 Stage-7 map = 95%,  reduce = 18%, Cumulative CPU 653.36 sec
2015-04-06 22:50:24,977 Stage-7 map = 95%,  reduce = 20%, Cumulative CPU 665.33 sec
2015-04-06 22:50:26,043 Stage-7 map = 95%,  reduce = 21%, Cumulative CPU 697.03 sec
2015-04-06 22:50:27,113 Stage-7 map = 99%,  reduce = 23%, Cumulative CPU 715.86 sec
2015-04-06 22:50:28,182 Stage-7 map = 100%,  reduce = 26%, Cumulative CPU 736.93 sec
2015-04-06 22:50:29,254 Stage-7 map = 100%,  reduce = 39%, Cumulative CPU 824.72 sec
2015-04-06 22:50:30,324 Stage-7 map = 100%,  reduce = 54%, Cumulative CPU 1066.45 sec
2015-04-06 22:50:31,392 Stage-7 map = 100%,  reduce = 95%, Cumulative CPU 1760.72 sec
2015-04-06 22:50:32,455 Stage-7 map = 100%,  reduce = 100%, Cumulative CPU 1836.59 sec
MapReduce Total cumulative CPU time: 30 minutes 36 seconds 590 msec
Ended Job = job_1428164231378_0197
Launching Job 3 out of 4
Number of reduce tasks not specified. Estimated from input data size: 31
In order to change the average load for a reducer (in bytes):
  set hive.exec.reducers.bytes.per.reducer=<number>
In order to limit the maximum number of reducers:
  set hive.exec.reducers.max=<number>
In order to set a constant number of reducers:
  set mapreduce.job.reduces=<number>
Starting Job = job_1428164231378_0198, Tracking URL = http://f01hn02.hadoop:8088/proxy/application_1428164231378_0198/
Kill Command = /usr/hdp/2.2.0.0-2041/hadoop/bin/hadoop job  -kill job_1428164231378_0198
Hadoop job information for Stage-3: number of mappers: 13; number of reducers: 31
2015-04-06 22:50:39,643 Stage-3 map = 0%,  reduce = 0%
2015-04-06 22:50:48,231 Stage-3 map = 8%,  reduce = 0%, Cumulative CPU 5.03 sec
2015-04-06 22:50:50,366 Stage-3 map = 18%,  reduce = 0%, Cumulative CPU 36.67 sec
2015-04-06 22:50:51,435 Stage-3 map = 32%,  reduce = 0%, Cumulative CPU 103.03 sec
2015-04-06 22:50:53,568 Stage-3 map = 41%,  reduce = 0%, Cumulative CPU 136.57 sec
2015-04-06 22:50:54,637 Stage-3 map = 45%,  reduce = 0%, Cumulative CPU 143.9 sec
2015-04-06 22:50:56,766 Stage-3 map = 54%,  reduce = 0%, Cumulative CPU 181.77 sec
2015-04-06 22:50:58,900 Stage-3 map = 54%,  reduce = 4%, Cumulative CPU 186.89 sec
2015-04-06 22:50:59,967 Stage-3 map = 63%,  reduce = 7%, Cumulative CPU 226.2 sec
2015-04-06 22:51:01,036 Stage-3 map = 63%,  reduce = 8%, Cumulative CPU 226.95 sec
2015-04-06 22:51:02,134 Stage-3 map = 63%,  reduce = 9%, Cumulative CPU 229.23 sec
2015-04-06 22:51:03,203 Stage-3 map = 68%,  reduce = 10%, Cumulative CPU 262.95 sec
2015-04-06 22:51:04,244 Stage-3 map = 71%,  reduce = 10%, Cumulative CPU 265.79 sec
2015-04-06 22:51:05,311 Stage-3 map = 71%,  reduce = 12%, Cumulative CPU 267.99 sec
2015-04-06 22:51:06,349 Stage-3 map = 77%,  reduce = 12%, Cumulative CPU 299.24 sec
2015-04-06 22:51:07,416 Stage-3 map = 77%,  reduce = 14%, Cumulative CPU 300.66 sec
2015-04-06 22:51:08,485 Stage-3 map = 77%,  reduce = 15%, Cumulative CPU 301.64 sec
2015-04-06 22:51:09,552 Stage-3 map = 84%,  reduce = 16%, Cumulative CPU 328.07 sec
2015-04-06 22:51:10,618 Stage-3 map = 84%,  reduce = 17%, Cumulative CPU 331.02 sec
2015-04-06 22:51:11,682 Stage-3 map = 84%,  reduce = 18%, Cumulative CPU 333.88 sec
2015-04-06 22:51:12,747 Stage-3 map = 85%,  reduce = 18%, Cumulative CPU 355.82 sec
2015-04-06 22:51:25,517 Stage-3 map = 90%,  reduce = 18%, Cumulative CPU 445.91 sec
2015-04-06 22:51:26,583 Stage-3 map = 92%,  reduce = 22%, Cumulative CPU 448.89 sec
2015-04-06 22:51:27,647 Stage-3 map = 97%,  reduce = 25%, Cumulative CPU 457.34 sec
2015-04-06 22:51:28,710 Stage-3 map = 100%,  reduce = 28%, Cumulative CPU 463.09 sec
2015-04-06 22:51:29,777 Stage-3 map = 100%,  reduce = 65%, Cumulative CPU 490.34 sec
2015-04-06 22:51:30,843 Stage-3 map = 100%,  reduce = 98%, Cumulative CPU 516.51 sec
2015-04-06 22:52:06,165 Stage-3 map = 100%,  reduce = 99%, Cumulative CPU 557.22 sec
2015-04-06 22:53:06,684 Stage-3 map = 100%,  reduce = 99%, Cumulative CPU 624.28 sec
2015-04-06 22:54:07,398 Stage-3 map = 100%,  reduce = 99%, Cumulative CPU 690.88 sec
2015-04-06 22:55:08,011 Stage-3 map = 100%,  reduce = 99%, Cumulative CPU 757.49 sec
2015-04-06 22:55:09,069 Stage-3 map = 100%,  reduce = 100%, Cumulative CPU 759.37 sec
MapReduce Total cumulative CPU time: 12 minutes 39 seconds 370 msec
Ended Job = job_1428164231378_0198
Launching Job 4 out of 4
Number of reduce tasks determined at compile time: 1
In order to change the average load for a reducer (in bytes):
  set hive.exec.reducers.bytes.per.reducer=<number>
In order to limit the maximum number of reducers:
  set hive.exec.reducers.max=<number>
In order to set a constant number of reducers:
  set mapreduce.job.reduces=<number>
Starting Job = job_1428164231378_0199, Tracking URL = http://f01hn02.hadoop:8088/proxy/application_1428164231378_0199/
Kill Command = /usr/hdp/2.2.0.0-2041/hadoop/bin/hadoop job  -kill job_1428164231378_0199
Hadoop job information for Stage-4: number of mappers: 4; number of reducers: 1
2015-04-06 22:55:16,475 Stage-4 map = 0%,  reduce = 0%
2015-04-06 22:55:21,793 Stage-4 map = 100%,  reduce = 0%, Cumulative CPU 5.45 sec
2015-04-06 22:55:27,100 Stage-4 map = 100%,  reduce = 100%, Cumulative CPU 6.87 sec
MapReduce Total cumulative CPU time: 6 seconds 870 msec
Ended Job = job_1428164231378_0199
MapReduce Jobs Launched: 
Stage-Stage-2: Map: 33  Reduce: 126   Cumulative CPU: 1024.06 sec   HDFS Read: 456809872 HDFS Write: 710359576 SUCCESS
Stage-Stage-7: Map: 48  Reduce: 185   Cumulative CPU: 1836.59 sec   HDFS Read: 1043589823 HDFS Write: 1343230823 SUCCESS
Stage-Stage-3: Map: 13  Reduce: 31   Cumulative CPU: 759.37 sec   HDFS Read: 2053673144 HDFS Write: 3516 SUCCESS
Stage-Stage-4: Map: 4  Reduce: 1   Cumulative CPU: 6.87 sec   HDFS Read: 12156 HDFS Write: 23 SUCCESS
Total MapReduce CPU Time Spent: 0 days 1 hours 0 minutes 26 seconds 890 msec
OK
53849272	28489335	6612
Time taken: 449.176 seconds, Fetched: 1 row(s)
hive> 