15/04/06 19:24:46 WARN conf.HiveConf: HiveConf of name hive.optimize.mapjoin.mapreduce does not exist
15/04/06 19:24:46 WARN conf.HiveConf: HiveConf of name hive.heapsize does not exist
15/04/06 19:24:46 WARN conf.HiveConf: HiveConf of name hive.server2.enable.impersonation does not exist
15/04/06 19:24:46 WARN conf.HiveConf: HiveConf of name hive.auto.convert.sortmerge.join.noconditionaltask does not exist

Logging initialized using configuration in file:/etc/hive/conf/hive-log4j.properties
SLF4J: Class path contains multiple SLF4J bindings.
SLF4J: Found binding in [jar:file:/usr/hdp/2.2.0.0-2041/hadoop/lib/slf4j-log4j12-1.7.5.jar!/org/slf4j/impl/StaticLoggerBinder.class]
SLF4J: Found binding in [jar:file:/usr/hdp/2.2.0.0-2041/hive/lib/hive-jdbc-0.14.0.2.2.0.0-2041-standalone.jar!/org/slf4j/impl/StaticLoggerBinder.class]
SLF4J: See http://www.slf4j.org/codes.html#multiple_bindings for an explanation.
SLF4J: Actual binding is of type [org.slf4j.impl.Log4jLoggerFactory]
hive> use tpcds_bin_partitioned_orc_100; source query24.sql;
OK
Time taken: 3.142 seconds
NoViableAltException(221@[373:1: precedenceEqualExpression : ( (left= precedenceBitwiseOrExpression -> $left) ( ( KW_NOT precedenceEqualNegatableOperator notExpr= precedenceBitwiseOrExpression ) -> ^( KW_NOT ^( precedenceEqualNegatableOperator $precedenceEqualExpression $notExpr) ) | ( precedenceEqualOperator equalExpr= precedenceBitwiseOrExpression ) -> ^( precedenceEqualOperator $precedenceEqualExpression $equalExpr) | ( KW_NOT KW_IN LPAREN KW_SELECT )=> ( KW_NOT KW_IN subQueryExpression ) -> ^( KW_NOT ^( TOK_SUBQUERY_EXPR ^( TOK_SUBQUERY_OP KW_IN ) subQueryExpression $precedenceEqualExpression) ) | ( KW_NOT KW_IN expressions ) -> ^( KW_NOT ^( TOK_FUNCTION KW_IN $precedenceEqualExpression expressions ) ) | ( KW_IN LPAREN KW_SELECT )=> ( KW_IN subQueryExpression ) -> ^( TOK_SUBQUERY_EXPR ^( TOK_SUBQUERY_OP KW_IN ) subQueryExpression $precedenceEqualExpression) | ( KW_IN expressions ) -> ^( TOK_FUNCTION KW_IN $precedenceEqualExpression expressions ) | ( KW_NOT KW_BETWEEN (min= precedenceBitwiseOrExpression ) KW_AND (max= precedenceBitwiseOrExpression ) ) -> ^( TOK_FUNCTION Identifier["between"] KW_TRUE $left $min $max) | ( KW_BETWEEN (min= precedenceBitwiseOrExpression ) KW_AND (max= precedenceBitwiseOrExpression ) ) -> ^( TOK_FUNCTION Identifier["between"] KW_FALSE $left $min $max) )* | ( KW_EXISTS LPAREN KW_SELECT )=> ( KW_EXISTS subQueryExpression ) -> ^( TOK_SUBQUERY_EXPR ^( TOK_SUBQUERY_OP KW_EXISTS ) subQueryExpression ) );])
	at org.antlr.runtime.DFA.noViableAlt(DFA.java:158)
	at org.antlr.runtime.DFA.predict(DFA.java:116)
	at org.apache.hadoop.hive.ql.parse.HiveParser_IdentifiersParser.precedenceEqualExpression(HiveParser_IdentifiersParser.java:8327)
	at org.apache.hadoop.hive.ql.parse.HiveParser_IdentifiersParser.precedenceNotExpression(HiveParser_IdentifiersParser.java:9349)
	at org.apache.hadoop.hive.ql.parse.HiveParser_IdentifiersParser.precedenceAndExpression(HiveParser_IdentifiersParser.java:9468)
	at org.apache.hadoop.hive.ql.parse.HiveParser_IdentifiersParser.precedenceOrExpression(HiveParser_IdentifiersParser.java:9627)
	at org.apache.hadoop.hive.ql.parse.HiveParser_IdentifiersParser.expression(HiveParser_IdentifiersParser.java:6243)
	at org.apache.hadoop.hive.ql.parse.HiveParser_IdentifiersParser.atomExpression(HiveParser_IdentifiersParser.java:6467)
	at org.apache.hadoop.hive.ql.parse.HiveParser_IdentifiersParser.precedenceFieldExpression(HiveParser_IdentifiersParser.java:6538)
	at org.apache.hadoop.hive.ql.parse.HiveParser_IdentifiersParser.precedenceUnaryPrefixExpression(HiveParser_IdentifiersParser.java:6923)
	at org.apache.hadoop.hive.ql.parse.HiveParser_IdentifiersParser.precedenceUnarySuffixExpression(HiveParser_IdentifiersParser.java:6983)
	at org.apache.hadoop.hive.ql.parse.HiveParser_IdentifiersParser.precedenceBitwiseXorExpression(HiveParser_IdentifiersParser.java:7167)
	at org.apache.hadoop.hive.ql.parse.HiveParser_IdentifiersParser.precedenceStarExpression(HiveParser_IdentifiersParser.java:7327)
	at org.apache.hadoop.hive.ql.parse.HiveParser_IdentifiersParser.precedencePlusExpression(HiveParser_IdentifiersParser.java:7487)
	at org.apache.hadoop.hive.ql.parse.HiveParser_IdentifiersParser.precedenceAmpersandExpression(HiveParser_IdentifiersParser.java:7647)
	at org.apache.hadoop.hive.ql.parse.HiveParser_IdentifiersParser.precedenceBitwiseOrExpression(HiveParser_IdentifiersParser.java:7806)
	at org.apache.hadoop.hive.ql.parse.HiveParser_IdentifiersParser.precedenceEqualExpression(HiveParser_IdentifiersParser.java:8462)
	at org.apache.hadoop.hive.ql.parse.HiveParser_IdentifiersParser.precedenceNotExpression(HiveParser_IdentifiersParser.java:9349)
	at org.apache.hadoop.hive.ql.parse.HiveParser_IdentifiersParser.precedenceAndExpression(HiveParser_IdentifiersParser.java:9468)
	at org.apache.hadoop.hive.ql.parse.HiveParser_IdentifiersParser.precedenceOrExpression(HiveParser_IdentifiersParser.java:9627)
	at org.apache.hadoop.hive.ql.parse.HiveParser_IdentifiersParser.expression(HiveParser_IdentifiersParser.java:6243)
	at org.apache.hadoop.hive.ql.parse.HiveParser_IdentifiersParser.havingCondition(HiveParser_IdentifiersParser.java:1536)
	at org.apache.hadoop.hive.ql.parse.HiveParser_IdentifiersParser.havingClause(HiveParser_IdentifiersParser.java:1444)
	at org.apache.hadoop.hive.ql.parse.HiveParser.havingClause(HiveParser.java:42880)
	at org.apache.hadoop.hive.ql.parse.HiveParser.singleSelectStatement(HiveParser.java:40310)
	at org.apache.hadoop.hive.ql.parse.HiveParser.selectStatement(HiveParser.java:39914)
	at org.apache.hadoop.hive.ql.parse.HiveParser.regularBody(HiveParser.java:39851)
	at org.apache.hadoop.hive.ql.parse.HiveParser.queryStatementExpressionBody(HiveParser.java:38904)
	at org.apache.hadoop.hive.ql.parse.HiveParser.queryStatementExpression(HiveParser.java:38780)
	at org.apache.hadoop.hive.ql.parse.HiveParser.execStatement(HiveParser.java:1514)
	at org.apache.hadoop.hive.ql.parse.HiveParser.statement(HiveParser.java:1052)
	at org.apache.hadoop.hive.ql.parse.ParseDriver.parse(ParseDriver.java:199)
	at org.apache.hadoop.hive.ql.parse.ParseDriver.parse(ParseDriver.java:166)
	at org.apache.hadoop.hive.ql.Driver.compile(Driver.java:389)
	at org.apache.hadoop.hive.ql.Driver.compile(Driver.java:303)
	at org.apache.hadoop.hive.ql.Driver.compileInternal(Driver.java:1067)
	at org.apache.hadoop.hive.ql.Driver.runInternal(Driver.java:1129)
	at org.apache.hadoop.hive.ql.Driver.run(Driver.java:1004)
	at org.apache.hadoop.hive.ql.Driver.run(Driver.java:994)
	at org.apache.hadoop.hive.cli.CliDriver.processLocalCmd(CliDriver.java:247)
	at org.apache.hadoop.hive.cli.CliDriver.processCmd(CliDriver.java:199)
	at org.apache.hadoop.hive.cli.CliDriver.processLine(CliDriver.java:410)
	at org.apache.hadoop.hive.cli.CliDriver.processLine(CliDriver.java:345)
	at org.apache.hadoop.hive.cli.CliDriver.processReader(CliDriver.java:443)
	at org.apache.hadoop.hive.cli.CliDriver.processFile(CliDriver.java:459)
	at org.apache.hadoop.hive.cli.CliDriver.processCmd(CliDriver.java:129)
	at org.apache.hadoop.hive.cli.CliDriver.processLine(CliDriver.java:410)
	at org.apache.hadoop.hive.cli.CliDriver.executeDriver(CliDriver.java:783)
	at org.apache.hadoop.hive.cli.CliDriver.run(CliDriver.java:677)
	at org.apache.hadoop.hive.cli.CliDriver.main(CliDriver.java:616)
	at sun.reflect.NativeMethodAccessorImpl.invoke0(Native Method)
	at sun.reflect.NativeMethodAccessorImpl.invoke(NativeMethodAccessorImpl.java:57)
	at sun.reflect.DelegatingMethodAccessorImpl.invoke(DelegatingMethodAccessorImpl.java:43)
	at java.lang.reflect.Method.invoke(Method.java:606)
	at org.apache.hadoop.util.RunJar.run(RunJar.java:221)
	at org.apache.hadoop.util.RunJar.main(RunJar.java:136)
FAILED: ParseException line 46:23 cannot recognize input near 'select' '0.05' '*' in expression specification
hive> 