15/04/06 22:26:16 WARN conf.HiveConf: HiveConf of name hive.optimize.mapjoin.mapreduce does not exist
15/04/06 22:26:16 WARN conf.HiveConf: HiveConf of name hive.heapsize does not exist
15/04/06 22:26:16 WARN conf.HiveConf: HiveConf of name hive.server2.enable.impersonation does not exist
15/04/06 22:26:16 WARN conf.HiveConf: HiveConf of name hive.auto.convert.sortmerge.join.noconditionaltask does not exist

Logging initialized using configuration in file:/etc/hive/conf/hive-log4j.properties
SLF4J: Class path contains multiple SLF4J bindings.
SLF4J: Found binding in [jar:file:/usr/hdp/2.2.0.0-2041/hadoop/lib/slf4j-log4j12-1.7.5.jar!/org/slf4j/impl/StaticLoggerBinder.class]
SLF4J: Found binding in [jar:file:/usr/hdp/2.2.0.0-2041/hive/lib/hive-jdbc-0.14.0.2.2.0.0-2041-standalone.jar!/org/slf4j/impl/StaticLoggerBinder.class]
SLF4J: See http://www.slf4j.org/codes.html#multiple_bindings for an explanation.
SLF4J: Actual binding is of type [org.slf4j.impl.Log4jLoggerFactory]
hive> use tpcds_bin_partitioned_orc_100; source query92.sql;
OK
Time taken: 2.63 seconds
Query ID = root_20150406222626_b959255d-cf7f-4a20-ac93-679801973962
Total jobs = 4
SLF4J: Class path contains multiple SLF4J bindings.
SLF4J: Found binding in [jar:file:/usr/hdp/2.2.0.0-2041/hadoop/lib/slf4j-log4j12-1.7.5.jar!/org/slf4j/impl/StaticLoggerBinder.class]
SLF4J: Found binding in [jar:file:/usr/hdp/2.2.0.0-2041/hive/lib/hive-jdbc-0.14.0.2.2.0.0-2041-standalone.jar!/org/slf4j/impl/StaticLoggerBinder.class]
SLF4J: See http://www.slf4j.org/codes.html#multiple_bindings for an explanation.
SLF4J: Actual binding is of type [org.slf4j.impl.Log4jLoggerFactory]
15/04/06 22:26:46 WARN conf.HiveConf: HiveConf of name hive.optimize.mapjoin.mapreduce does not exist
15/04/06 22:26:46 WARN conf.HiveConf: HiveConf of name hive.heapsize does not exist
15/04/06 22:26:46 WARN conf.HiveConf: HiveConf of name hive.server2.enable.impersonation does not exist
15/04/06 22:26:46 WARN conf.HiveConf: HiveConf of name hive.auto.convert.sortmerge.join.noconditionaltask does not exist
Execution log at: /tmp/root/root_20150406222626_b959255d-cf7f-4a20-ac93-679801973962.log
2015-04-06 10:26:47	Starting to launch local task to process map join;	maximum memory = 1065484288
2015-04-06 10:26:51	Dump the side-table for tag: 1 with group count: 365 into file: file:/tmp/root/e8e6bb5e-0e5c-4d96-8777-cece61f2cf27/hive_2015-04-06_22-26-23_330_4880328754433870886-1/-local-10009/HashTable-Stage-2/MapJoin-mapfile01--.hashtable
2015-04-06 10:26:51	Uploaded 1 File to: file:/tmp/root/e8e6bb5e-0e5c-4d96-8777-cece61f2cf27/hive_2015-04-06_22-26-23_330_4880328754433870886-1/-local-10009/HashTable-Stage-2/MapJoin-mapfile01--.hashtable (7963 bytes)
2015-04-06 10:26:51	End of local task; Time Taken: 3.761 sec.
Execution completed successfully
MapredLocal task succeeded
SLF4J: Class path contains multiple SLF4J bindings.
SLF4J: Found binding in [jar:file:/usr/hdp/2.2.0.0-2041/hadoop/lib/slf4j-log4j12-1.7.5.jar!/org/slf4j/impl/StaticLoggerBinder.class]
SLF4J: Found binding in [jar:file:/usr/hdp/2.2.0.0-2041/hive/lib/hive-jdbc-0.14.0.2.2.0.0-2041-standalone.jar!/org/slf4j/impl/StaticLoggerBinder.class]
SLF4J: See http://www.slf4j.org/codes.html#multiple_bindings for an explanation.
SLF4J: Actual binding is of type [org.slf4j.impl.Log4jLoggerFactory]
15/04/06 22:26:58 WARN conf.HiveConf: HiveConf of name hive.optimize.mapjoin.mapreduce does not exist
15/04/06 22:26:58 WARN conf.HiveConf: HiveConf of name hive.heapsize does not exist
15/04/06 22:26:58 WARN conf.HiveConf: HiveConf of name hive.server2.enable.impersonation does not exist
15/04/06 22:26:58 WARN conf.HiveConf: HiveConf of name hive.auto.convert.sortmerge.join.noconditionaltask does not exist
Execution log at: /tmp/root/root_20150406222626_b959255d-cf7f-4a20-ac93-679801973962.log
2015-04-06 10:26:59	Starting to launch local task to process map join;	maximum memory = 1065484288
2015-04-06 10:27:03	Dump the side-table for tag: 1 with group count: 365 into file: file:/tmp/root/e8e6bb5e-0e5c-4d96-8777-cece61f2cf27/hive_2015-04-06_22-26-23_330_4880328754433870886-1/-local-10011/HashTable-Stage-6/MapJoin-mapfile11--.hashtable
2015-04-06 10:27:03	Uploaded 1 File to: file:/tmp/root/e8e6bb5e-0e5c-4d96-8777-cece61f2cf27/hive_2015-04-06_22-26-23_330_4880328754433870886-1/-local-10011/HashTable-Stage-6/MapJoin-mapfile11--.hashtable (7963 bytes)
2015-04-06 10:27:03	End of local task; Time Taken: 4.085 sec.
Execution completed successfully
MapredLocal task succeeded
Launching Job 1 out of 4
Number of reduce tasks not specified. Estimated from input data size: 126
In order to change the average load for a reducer (in bytes):
  set hive.exec.reducers.bytes.per.reducer=<number>
In order to limit the maximum number of reducers:
  set hive.exec.reducers.max=<number>
In order to set a constant number of reducers:
  set mapreduce.job.reduces=<number>
Starting Job = job_1428164231378_0180, Tracking URL = http://f01hn02.hadoop:8088/proxy/application_1428164231378_0180/
Kill Command = /usr/hdp/2.2.0.0-2041/hadoop/bin/hadoop job  -kill job_1428164231378_0180
Hadoop job information for Stage-2: number of mappers: 33; number of reducers: 126
2015-04-06 22:27:21,911 Stage-2 map = 0%,  reduce = 0%
2015-04-06 22:27:34,827 Stage-2 map = 5%,  reduce = 0%, Cumulative CPU 11.58 sec
2015-04-06 22:27:35,905 Stage-2 map = 48%,  reduce = 0%, Cumulative CPU 231.54 sec
2015-04-06 22:27:36,986 Stage-2 map = 77%,  reduce = 0%, Cumulative CPU 254.29 sec
2015-04-06 22:27:38,059 Stage-2 map = 78%,  reduce = 0%, Cumulative CPU 257.8 sec
2015-04-06 22:27:39,110 Stage-2 map = 86%,  reduce = 0%, Cumulative CPU 288.36 sec
2015-04-06 22:27:40,181 Stage-2 map = 87%,  reduce = 0%, Cumulative CPU 289.31 sec
2015-04-06 22:27:41,257 Stage-2 map = 90%,  reduce = 0%, Cumulative CPU 299.57 sec
2015-04-06 22:27:42,346 Stage-2 map = 94%,  reduce = 0%, Cumulative CPU 317.85 sec
2015-04-06 22:27:47,673 Stage-2 map = 94%,  reduce = 4%, Cumulative CPU 350.48 sec
2015-04-06 22:27:48,754 Stage-2 map = 94%,  reduce = 6%, Cumulative CPU 366.94 sec
2015-04-06 22:27:49,824 Stage-2 map = 96%,  reduce = 9%, Cumulative CPU 374.87 sec
2015-04-06 22:27:50,890 Stage-2 map = 97%,  reduce = 11%, Cumulative CPU 392.85 sec
2015-04-06 22:27:51,963 Stage-2 map = 100%,  reduce = 14%, Cumulative CPU 399.74 sec
2015-04-06 22:27:53,035 Stage-2 map = 100%,  reduce = 22%, Cumulative CPU 428.72 sec
2015-04-06 22:27:54,112 Stage-2 map = 100%,  reduce = 46%, Cumulative CPU 574.48 sec
2015-04-06 22:27:55,180 Stage-2 map = 100%,  reduce = 98%, Cumulative CPU 972.87 sec
2015-04-06 22:27:56,245 Stage-2 map = 100%,  reduce = 100%, Cumulative CPU 991.89 sec
MapReduce Total cumulative CPU time: 16 minutes 31 seconds 890 msec
Ended Job = job_1428164231378_0180
Launching Job 2 out of 4
Number of reduce tasks not specified. Estimated from input data size: 185
In order to change the average load for a reducer (in bytes):
  set hive.exec.reducers.bytes.per.reducer=<number>
In order to limit the maximum number of reducers:
  set hive.exec.reducers.max=<number>
In order to set a constant number of reducers:
  set mapreduce.job.reduces=<number>
Starting Job = job_1428164231378_0181, Tracking URL = http://f01hn02.hadoop:8088/proxy/application_1428164231378_0181/
Kill Command = /usr/hdp/2.2.0.0-2041/hadoop/bin/hadoop job  -kill job_1428164231378_0181
Hadoop job information for Stage-6: number of mappers: 48; number of reducers: 185
2015-04-06 22:28:10,092 Stage-6 map = 0%,  reduce = 0%
2015-04-06 22:28:27,155 Stage-6 map = 7%,  reduce = 0%, Cumulative CPU 215.26 sec
2015-04-06 22:28:28,226 Stage-6 map = 11%,  reduce = 0%, Cumulative CPU 238.73 sec
2015-04-06 22:28:29,298 Stage-6 map = 17%,  reduce = 0%, Cumulative CPU 252.56 sec
2015-04-06 22:28:30,373 Stage-6 map = 54%,  reduce = 0%, Cumulative CPU 355.02 sec
2015-04-06 22:28:31,441 Stage-6 map = 79%,  reduce = 0%, Cumulative CPU 389.8 sec
2015-04-06 22:28:33,576 Stage-6 map = 84%,  reduce = 0%, Cumulative CPU 429.59 sec
2015-04-06 22:28:36,780 Stage-6 map = 87%,  reduce = 0%, Cumulative CPU 461.44 sec
2015-04-06 22:28:39,991 Stage-6 map = 92%,  reduce = 1%, Cumulative CPU 504.99 sec
2015-04-06 22:28:41,059 Stage-6 map = 92%,  reduce = 3%, Cumulative CPU 509.46 sec
2015-04-06 22:28:42,127 Stage-6 map = 93%,  reduce = 5%, Cumulative CPU 521.51 sec
2015-04-06 22:28:43,194 Stage-6 map = 94%,  reduce = 8%, Cumulative CPU 558.7 sec
2015-04-06 22:28:44,264 Stage-6 map = 94%,  reduce = 10%, Cumulative CPU 563.2 sec
2015-04-06 22:28:45,331 Stage-6 map = 94%,  reduce = 11%, Cumulative CPU 571.83 sec
2015-04-06 22:28:46,400 Stage-6 map = 94%,  reduce = 13%, Cumulative CPU 606.8 sec
2015-04-06 22:28:47,468 Stage-6 map = 94%,  reduce = 15%, Cumulative CPU 613.88 sec
2015-04-06 22:28:48,510 Stage-6 map = 94%,  reduce = 16%, Cumulative CPU 628.28 sec
2015-04-06 22:28:49,576 Stage-6 map = 94%,  reduce = 18%, Cumulative CPU 661.7 sec
2015-04-06 22:28:50,641 Stage-6 map = 95%,  reduce = 20%, Cumulative CPU 674.21 sec
2015-04-06 22:28:51,707 Stage-6 map = 95%,  reduce = 21%, Cumulative CPU 693.13 sec
2015-04-06 22:28:52,777 Stage-6 map = 96%,  reduce = 23%, Cumulative CPU 722.91 sec
2015-04-06 22:28:53,842 Stage-6 map = 96%,  reduce = 24%, Cumulative CPU 732.81 sec
2015-04-06 22:28:54,908 Stage-6 map = 99%,  reduce = 26%, Cumulative CPU 756.01 sec
2015-04-06 22:28:55,975 Stage-6 map = 100%,  reduce = 30%, Cumulative CPU 784.4 sec
2015-04-06 22:28:57,044 Stage-6 map = 100%,  reduce = 40%, Cumulative CPU 867.89 sec
2015-04-06 22:28:58,118 Stage-6 map = 100%,  reduce = 56%, Cumulative CPU 1124.47 sec
2015-04-06 22:28:59,185 Stage-6 map = 100%,  reduce = 90%, Cumulative CPU 1689.52 sec
2015-04-06 22:29:00,248 Stage-6 map = 100%,  reduce = 100%, Cumulative CPU 1850.13 sec
MapReduce Total cumulative CPU time: 30 minutes 50 seconds 130 msec
Ended Job = job_1428164231378_0181
Launching Job 3 out of 4
Number of reduce tasks not specified. Estimated from input data size: 31
In order to change the average load for a reducer (in bytes):
  set hive.exec.reducers.bytes.per.reducer=<number>
In order to limit the maximum number of reducers:
  set hive.exec.reducers.max=<number>
In order to set a constant number of reducers:
  set mapreduce.job.reduces=<number>
Starting Job = job_1428164231378_0182, Tracking URL = http://f01hn02.hadoop:8088/proxy/application_1428164231378_0182/
Kill Command = /usr/hdp/2.2.0.0-2041/hadoop/bin/hadoop job  -kill job_1428164231378_0182
Hadoop job information for Stage-3: number of mappers: 12; number of reducers: 31
2015-04-06 22:29:07,456 Stage-3 map = 0%,  reduce = 0%
2015-04-06 22:29:18,053 Stage-3 map = 21%,  reduce = 0%, Cumulative CPU 57.08 sec
2015-04-06 22:29:19,104 Stage-3 map = 29%,  reduce = 0%, Cumulative CPU 97.16 sec
2015-04-06 22:29:21,235 Stage-3 map = 37%,  reduce = 0%, Cumulative CPU 118.53 sec
2015-04-06 22:29:22,347 Stage-3 map = 42%,  reduce = 0%, Cumulative CPU 137.23 sec
2015-04-06 22:29:24,480 Stage-3 map = 48%,  reduce = 0%, Cumulative CPU 162.84 sec
2015-04-06 22:29:25,550 Stage-3 map = 55%,  reduce = 0%, Cumulative CPU 175.13 sec
2015-04-06 22:29:27,683 Stage-3 map = 62%,  reduce = 0%, Cumulative CPU 201.88 sec
2015-04-06 22:29:28,750 Stage-3 map = 63%,  reduce = 6%, Cumulative CPU 212.26 sec
2015-04-06 22:29:29,822 Stage-3 map = 63%,  reduce = 10%, Cumulative CPU 215.8 sec
2015-04-06 22:29:30,890 Stage-3 map = 69%,  reduce = 11%, Cumulative CPU 246.49 sec
2015-04-06 22:29:34,098 Stage-3 map = 75%,  reduce = 11%, Cumulative CPU 279.35 sec
2015-04-06 22:29:36,227 Stage-3 map = 80%,  reduce = 12%, Cumulative CPU 296.26 sec
2015-04-06 22:29:37,292 Stage-3 map = 81%,  reduce = 13%, Cumulative CPU 311.01 sec
2015-04-06 22:29:38,363 Stage-3 map = 81%,  reduce = 14%, Cumulative CPU 312.0 sec
2015-04-06 22:29:43,694 Stage-3 map = 83%,  reduce = 14%, Cumulative CPU 369.81 sec
2015-04-06 22:29:44,758 Stage-3 map = 83%,  reduce = 15%, Cumulative CPU 370.81 sec
2015-04-06 22:29:45,823 Stage-3 map = 83%,  reduce = 16%, Cumulative CPU 381.22 sec
2015-04-06 22:29:46,891 Stage-3 map = 83%,  reduce = 17%, Cumulative CPU 392.04 sec
2015-04-06 22:29:50,059 Stage-3 map = 86%,  reduce = 17%, Cumulative CPU 415.89 sec
2015-04-06 22:29:51,124 Stage-3 map = 89%,  reduce = 17%, Cumulative CPU 418.81 sec
2015-04-06 22:29:52,192 Stage-3 map = 92%,  reduce = 18%, Cumulative CPU 429.69 sec
2015-04-06 22:29:53,257 Stage-3 map = 94%,  reduce = 23%, Cumulative CPU 436.19 sec
2015-04-06 22:29:54,328 Stage-3 map = 100%,  reduce = 27%, Cumulative CPU 441.11 sec
2015-04-06 22:29:55,392 Stage-3 map = 100%,  reduce = 30%, Cumulative CPU 443.09 sec
2015-04-06 22:29:56,458 Stage-3 map = 100%,  reduce = 98%, Cumulative CPU 504.62 sec
2015-04-06 22:30:32,836 Stage-3 map = 100%,  reduce = 99%, Cumulative CPU 541.66 sec
2015-04-06 22:31:33,443 Stage-3 map = 100%,  reduce = 99%, Cumulative CPU 608.32 sec
2015-04-06 22:32:33,800 Stage-3 map = 100%,  reduce = 99%, Cumulative CPU 675.19 sec
2015-04-06 22:33:34,447 Stage-3 map = 100%,  reduce = 99%, Cumulative CPU 741.92 sec
2015-04-06 22:33:38,680 Stage-3 map = 100%,  reduce = 100%, Cumulative CPU 746.1 sec
MapReduce Total cumulative CPU time: 12 minutes 26 seconds 100 msec
Ended Job = job_1428164231378_0182
Launching Job 4 out of 4
Number of reduce tasks determined at compile time: 1
In order to change the average load for a reducer (in bytes):
  set hive.exec.reducers.bytes.per.reducer=<number>
In order to limit the maximum number of reducers:
  set hive.exec.reducers.max=<number>
In order to set a constant number of reducers:
  set mapreduce.job.reduces=<number>
Starting Job = job_1428164231378_0183, Tracking URL = http://f01hn02.hadoop:8088/proxy/application_1428164231378_0183/
Kill Command = /usr/hdp/2.2.0.0-2041/hadoop/bin/hadoop job  -kill job_1428164231378_0183
Hadoop job information for Stage-4: number of mappers: 3; number of reducers: 1
2015-04-06 22:33:45,012 Stage-4 map = 0%,  reduce = 0%
2015-04-06 22:33:50,309 Stage-4 map = 100%,  reduce = 0%, Cumulative CPU 4.02 sec
2015-04-06 22:33:55,632 Stage-4 map = 100%,  reduce = 100%, Cumulative CPU 5.47 sec
MapReduce Total cumulative CPU time: 5 seconds 470 msec
Ended Job = job_1428164231378_0183
MapReduce Jobs Launched: 
Stage-Stage-2: Map: 33  Reduce: 126   Cumulative CPU: 991.89 sec   HDFS Read: 456809872 HDFS Write: 710826014 SUCCESS
Stage-Stage-6: Map: 48  Reduce: 185   Cumulative CPU: 1850.13 sec   HDFS Read: 1043589823 HDFS Write: 1336013103 SUCCESS
Stage-Stage-3: Map: 12  Reduce: 31   Cumulative CPU: 746.1 sec   HDFS Read: 2046922028 HDFS Write: 3516 SUCCESS
Stage-Stage-4: Map: 3  Reduce: 1   Cumulative CPU: 5.47 sec   HDFS Read: 12042 HDFS Write: 23 SUCCESS
Total MapReduce CPU Time Spent: 59 minutes 53 seconds 590 msec
OK
53559437	28507870	6376
Time taken: 453.394 seconds, Fetched: 1 row(s)
hive> 