15/04/06 22:33:59 WARN conf.HiveConf: HiveConf of name hive.optimize.mapjoin.mapreduce does not exist
15/04/06 22:34:00 WARN conf.HiveConf: HiveConf of name hive.heapsize does not exist
15/04/06 22:34:00 WARN conf.HiveConf: HiveConf of name hive.server2.enable.impersonation does not exist
15/04/06 22:34:00 WARN conf.HiveConf: HiveConf of name hive.auto.convert.sortmerge.join.noconditionaltask does not exist

Logging initialized using configuration in file:/etc/hive/conf/hive-log4j.properties
SLF4J: Class path contains multiple SLF4J bindings.
SLF4J: Found binding in [jar:file:/usr/hdp/2.2.0.0-2041/hadoop/lib/slf4j-log4j12-1.7.5.jar!/org/slf4j/impl/StaticLoggerBinder.class]
SLF4J: Found binding in [jar:file:/usr/hdp/2.2.0.0-2041/hive/lib/hive-jdbc-0.14.0.2.2.0.0-2041-standalone.jar!/org/slf4j/impl/StaticLoggerBinder.class]
SLF4J: See http://www.slf4j.org/codes.html#multiple_bindings for an explanation.
SLF4J: Actual binding is of type [org.slf4j.impl.Log4jLoggerFactory]
hive> use tpcds_bin_partitioned_orc_100; source query93.sql;
OK
Time taken: 2.823 seconds
Query ID = root_20150406223434_7ac92f35-360a-4903-aa24-500782e3a876
Total jobs = 3
Stage-1 is selected by condition resolver.
Launching Job 1 out of 3
Number of reduce tasks not specified. Estimated from input data size: 205
In order to change the average load for a reducer (in bytes):
  set hive.exec.reducers.bytes.per.reducer=<number>
In order to limit the maximum number of reducers:
  set hive.exec.reducers.max=<number>
In order to set a constant number of reducers:
  set mapreduce.job.reduces=<number>
Starting Job = job_1428164231378_0184, Tracking URL = http://f01hn02.hadoop:8088/proxy/application_1428164231378_0184/
Kill Command = /usr/hdp/2.2.0.0-2041/hadoop/bin/hadoop job  -kill job_1428164231378_0184
Hadoop job information for Stage-1: number of mappers: 55; number of reducers: 205
2015-04-06 22:34:48,885 Stage-1 map = 0%,  reduce = 0%
2015-04-06 22:34:56,388 Stage-1 map = 2%,  reduce = 0%, Cumulative CPU 5.68 sec
2015-04-06 22:34:58,538 Stage-1 map = 3%,  reduce = 0%, Cumulative CPU 14.02 sec
2015-04-06 22:35:03,898 Stage-1 map = 4%,  reduce = 0%, Cumulative CPU 19.02 sec
2015-04-06 22:35:09,240 Stage-1 map = 5%,  reduce = 0%, Cumulative CPU 190.2 sec
2015-04-06 22:35:11,377 Stage-1 map = 7%,  reduce = 0%, Cumulative CPU 248.79 sec
2015-04-06 22:35:12,445 Stage-1 map = 14%,  reduce = 0%, Cumulative CPU 487.79 sec
2015-04-06 22:35:14,581 Stage-1 map = 16%,  reduce = 0%, Cumulative CPU 516.61 sec
2015-04-06 22:35:15,650 Stage-1 map = 23%,  reduce = 0%, Cumulative CPU 622.33 sec
2015-04-06 22:35:17,764 Stage-1 map = 24%,  reduce = 0%, Cumulative CPU 644.21 sec
2015-04-06 22:35:18,833 Stage-1 map = 30%,  reduce = 0%, Cumulative CPU 734.43 sec
2015-04-06 22:35:19,899 Stage-1 map = 31%,  reduce = 0%, Cumulative CPU 747.44 sec
2015-04-06 22:35:20,969 Stage-1 map = 33%,  reduce = 0%, Cumulative CPU 767.11 sec
2015-04-06 22:35:22,036 Stage-1 map = 39%,  reduce = 0%, Cumulative CPU 863.72 sec
2015-04-06 22:35:23,103 Stage-1 map = 40%,  reduce = 0%, Cumulative CPU 873.6 sec
2015-04-06 22:35:24,164 Stage-1 map = 41%,  reduce = 0%, Cumulative CPU 892.98 sec
2015-04-06 22:35:25,230 Stage-1 map = 47%,  reduce = 0%, Cumulative CPU 980.7 sec
2015-04-06 22:35:26,293 Stage-1 map = 49%,  reduce = 0%, Cumulative CPU 998.81 sec
2015-04-06 22:35:27,359 Stage-1 map = 50%,  reduce = 0%, Cumulative CPU 1020.37 sec
2015-04-06 22:35:28,427 Stage-1 map = 55%,  reduce = 0%, Cumulative CPU 1095.42 sec
2015-04-06 22:35:29,492 Stage-1 map = 57%,  reduce = 0%, Cumulative CPU 1121.56 sec
2015-04-06 22:35:30,558 Stage-1 map = 59%,  reduce = 0%, Cumulative CPU 1146.19 sec
2015-04-06 22:35:31,628 Stage-1 map = 62%,  reduce = 0%, Cumulative CPU 1212.93 sec
2015-04-06 22:35:32,708 Stage-1 map = 63%,  reduce = 0%, Cumulative CPU 1238.6 sec
2015-04-06 22:35:33,773 Stage-1 map = 64%,  reduce = 0%, Cumulative CPU 1261.88 sec
2015-04-06 22:35:34,838 Stage-1 map = 66%,  reduce = 0%, Cumulative CPU 1327.39 sec
2015-04-06 22:35:35,918 Stage-1 map = 67%,  reduce = 0%, Cumulative CPU 1352.53 sec
2015-04-06 22:35:40,199 Stage-1 map = 68%,  reduce = 0%, Cumulative CPU 1497.73 sec
2015-04-06 22:35:42,345 Stage-1 map = 68%,  reduce = 1%, Cumulative CPU 1592.51 sec
2015-04-06 22:35:43,417 Stage-1 map = 69%,  reduce = 1%, Cumulative CPU 1623.05 sec
2015-04-06 22:35:51,958 Stage-1 map = 69%,  reduce = 2%, Cumulative CPU 2023.04 sec
2015-04-06 22:35:56,189 Stage-1 map = 70%,  reduce = 2%, Cumulative CPU 2227.79 sec
2015-04-06 22:35:57,251 Stage-1 map = 70%,  reduce = 3%, Cumulative CPU 2319.36 sec
2015-04-06 22:35:59,382 Stage-1 map = 72%,  reduce = 4%, Cumulative CPU 2390.65 sec
2015-04-06 22:36:00,448 Stage-1 map = 74%,  reduce = 4%, Cumulative CPU 2471.88 sec
2015-04-06 22:36:01,764 Stage-1 map = 74%,  reduce = 5%, Cumulative CPU 2496.71 sec
2015-04-06 22:36:02,831 Stage-1 map = 78%,  reduce = 6%, Cumulative CPU 2563.28 sec
2015-04-06 22:36:03,897 Stage-1 map = 79%,  reduce = 7%, Cumulative CPU 2615.96 sec
2015-04-06 22:36:04,962 Stage-1 map = 82%,  reduce = 8%, Cumulative CPU 2643.87 sec
2015-04-06 22:36:06,028 Stage-1 map = 92%,  reduce = 10%, Cumulative CPU 2717.27 sec
2015-04-06 22:36:07,099 Stage-1 map = 98%,  reduce = 10%, Cumulative CPU 2750.52 sec
2015-04-06 22:36:08,166 Stage-1 map = 99%,  reduce = 11%, Cumulative CPU 2770.41 sec
2015-04-06 22:36:09,229 Stage-1 map = 99%,  reduce = 12%, Cumulative CPU 2779.94 sec
2015-04-06 22:36:11,362 Stage-1 map = 99%,  reduce = 13%, Cumulative CPU 2807.15 sec
2015-04-06 22:36:12,424 Stage-1 map = 99%,  reduce = 14%, Cumulative CPU 2817.17 sec
2015-04-06 22:36:13,486 Stage-1 map = 99%,  reduce = 15%, Cumulative CPU 2827.01 sec
2015-04-06 22:36:15,612 Stage-1 map = 99%,  reduce = 16%, Cumulative CPU 2851.3 sec
2015-04-06 22:36:16,672 Stage-1 map = 99%,  reduce = 18%, Cumulative CPU 2862.58 sec
2015-04-06 22:36:17,706 Stage-1 map = 99%,  reduce = 22%, Cumulative CPU 2878.63 sec
2015-04-06 22:36:18,768 Stage-1 map = 100%,  reduce = 27%, Cumulative CPU 2900.34 sec
2015-04-06 22:36:19,834 Stage-1 map = 100%,  reduce = 34%, Cumulative CPU 2957.28 sec
2015-04-06 22:36:20,901 Stage-1 map = 100%,  reduce = 47%, Cumulative CPU 3112.63 sec
2015-04-06 22:36:21,963 Stage-1 map = 100%,  reduce = 59%, Cumulative CPU 3365.29 sec
2015-04-06 22:36:23,029 Stage-1 map = 100%,  reduce = 67%, Cumulative CPU 3760.85 sec
2015-04-06 22:36:24,092 Stage-1 map = 100%,  reduce = 73%, Cumulative CPU 4170.23 sec
2015-04-06 22:36:25,155 Stage-1 map = 100%,  reduce = 80%, Cumulative CPU 4490.4 sec
2015-04-06 22:36:26,216 Stage-1 map = 100%,  reduce = 91%, Cumulative CPU 4832.0 sec
2015-04-06 22:36:27,280 Stage-1 map = 100%,  reduce = 99%, Cumulative CPU 5042.96 sec
2015-04-06 22:36:28,341 Stage-1 map = 100%,  reduce = 100%, Cumulative CPU 5050.07 sec
MapReduce Total cumulative CPU time: 0 days 1 hours 24 minutes 10 seconds 70 msec
Ended Job = job_1428164231378_0184
SLF4J: Class path contains multiple SLF4J bindings.
SLF4J: Found binding in [jar:file:/usr/hdp/2.2.0.0-2041/hadoop/lib/slf4j-log4j12-1.7.5.jar!/org/slf4j/impl/StaticLoggerBinder.class]
SLF4J: Found binding in [jar:file:/usr/hdp/2.2.0.0-2041/hive/lib/hive-jdbc-0.14.0.2.2.0.0-2041-standalone.jar!/org/slf4j/impl/StaticLoggerBinder.class]
SLF4J: See http://www.slf4j.org/codes.html#multiple_bindings for an explanation.
SLF4J: Actual binding is of type [org.slf4j.impl.Log4jLoggerFactory]
15/04/06 22:36:34 WARN conf.HiveConf: HiveConf of name hive.optimize.mapjoin.mapreduce does not exist
15/04/06 22:36:34 WARN conf.HiveConf: HiveConf of name hive.heapsize does not exist
15/04/06 22:36:34 WARN conf.HiveConf: HiveConf of name hive.server2.enable.impersonation does not exist
15/04/06 22:36:34 WARN conf.HiveConf: HiveConf of name hive.auto.convert.sortmerge.join.noconditionaltask does not exist
Execution log at: /tmp/root/root_20150406223434_7ac92f35-360a-4903-aa24-500782e3a876.log
2015-04-06 10:36:35	Starting to launch local task to process map join;	maximum memory = 1065484288
2015-04-06 10:36:38	Dump the side-table for tag: 1 with group count: 1 into file: file:/tmp/root/db9b1a4d-429e-4fac-b315-532d16b1c20d/hive_2015-04-06_22-34-06_998_9109502962906665239-1/-local-10007/HashTable-Stage-3/MapJoin-mapfile01--.hashtable
2015-04-06 10:36:39	Uploaded 1 File to: file:/tmp/root/db9b1a4d-429e-4fac-b315-532d16b1c20d/hive_2015-04-06_22-34-06_998_9109502962906665239-1/-local-10007/HashTable-Stage-3/MapJoin-mapfile01--.hashtable (278 bytes)
2015-04-06 10:36:39	End of local task; Time Taken: 3.575 sec.
Execution completed successfully
MapredLocal task succeeded
Launching Job 2 out of 3
Number of reduce tasks not specified. Estimated from input data size: 12
In order to change the average load for a reducer (in bytes):
  set hive.exec.reducers.bytes.per.reducer=<number>
In order to limit the maximum number of reducers:
  set hive.exec.reducers.max=<number>
In order to set a constant number of reducers:
  set mapreduce.job.reduces=<number>
Starting Job = job_1428164231378_0185, Tracking URL = http://f01hn02.hadoop:8088/proxy/application_1428164231378_0185/
Kill Command = /usr/hdp/2.2.0.0-2041/hadoop/bin/hadoop job  -kill job_1428164231378_0185
Hadoop job information for Stage-3: number of mappers: 6; number of reducers: 12
2015-04-06 22:36:45,577 Stage-3 map = 0%,  reduce = 0%
2015-04-06 22:36:51,942 Stage-3 map = 17%,  reduce = 0%, Cumulative CPU 3.47 sec
2015-04-06 22:36:54,068 Stage-3 map = 33%,  reduce = 0%, Cumulative CPU 10.51 sec
2015-04-06 22:36:56,164 Stage-3 map = 62%,  reduce = 0%, Cumulative CPU 44.66 sec
2015-04-06 22:36:59,353 Stage-3 map = 71%,  reduce = 0%, Cumulative CPU 56.48 sec
2015-04-06 22:37:00,417 Stage-3 map = 78%,  reduce = 0%, Cumulative CPU 59.06 sec
2015-04-06 22:37:01,486 Stage-3 map = 83%,  reduce = 0%, Cumulative CPU 67.59 sec
2015-04-06 22:37:03,613 Stage-3 map = 83%,  reduce = 20%, Cumulative CPU 71.16 sec
2015-04-06 22:37:04,679 Stage-3 map = 89%,  reduce = 22%, Cumulative CPU 79.62 sec
2015-04-06 22:37:05,741 Stage-3 map = 100%,  reduce = 22%, Cumulative CPU 81.08 sec
2015-04-06 22:37:06,811 Stage-3 map = 100%,  reduce = 82%, Cumulative CPU 110.62 sec
2015-04-06 22:37:07,871 Stage-3 map = 100%,  reduce = 100%, Cumulative CPU 120.5 sec
MapReduce Total cumulative CPU time: 2 minutes 0 seconds 500 msec
Ended Job = job_1428164231378_0185
Launching Job 3 out of 3
Number of reduce tasks determined at compile time: 1
In order to change the average load for a reducer (in bytes):
  set hive.exec.reducers.bytes.per.reducer=<number>
In order to limit the maximum number of reducers:
  set hive.exec.reducers.max=<number>
In order to set a constant number of reducers:
  set mapreduce.job.reduces=<number>
Starting Job = job_1428164231378_0186, Tracking URL = http://f01hn02.hadoop:8088/proxy/application_1428164231378_0186/
Kill Command = /usr/hdp/2.2.0.0-2041/hadoop/bin/hadoop job  -kill job_1428164231378_0186
Hadoop job information for Stage-4: number of mappers: 4; number of reducers: 1
2015-04-06 22:37:14,369 Stage-4 map = 0%,  reduce = 0%
2015-04-06 22:37:20,730 Stage-4 map = 100%,  reduce = 0%, Cumulative CPU 13.3 sec
2015-04-06 22:37:26,046 Stage-4 map = 100%,  reduce = 100%, Cumulative CPU 14.68 sec
MapReduce Total cumulative CPU time: 14 seconds 680 msec
Ended Job = job_1428164231378_0186
MapReduce Jobs Launched: 
Stage-Stage-1: Map: 55  Reduce: 205   Cumulative CPU: 5050.07 sec   HDFS Read: 2586428145 HDFS Write: 773014504 SUCCESS
Stage-Stage-3: Map: 6  Reduce: 12   Cumulative CPU: 120.5 sec   HDFS Read: 773068879 HDFS Write: 12359811 SUCCESS
Stage-Stage-4: Map: 4  Reduce: 1   Cumulative CPU: 14.68 sec   HDFS Read: 12363523 HDFS Write: 812 SUCCESS
Total MapReduce CPU Time Spent: 0 days 1 hours 26 minutes 25 seconds 250 msec
OK
16	NULL
122	NULL
150	NULL
440	NULL
473	NULL
721	NULL
750	NULL
751	NULL
1060	NULL
1081	NULL
1110	NULL
1229	NULL
1239	NULL
1259	NULL
1293	NULL
1649	NULL
1662	NULL
1876	NULL
2139	NULL
2231	NULL
2287	NULL
2328	NULL
2633	NULL
2912	NULL
2917	NULL
3105	NULL
3342	NULL
3418	NULL
3598	NULL
3756	NULL
3806	NULL
3919	NULL
4096	NULL
4155	NULL
4168	NULL
4343	NULL
4522	NULL
4983	NULL
5043	NULL
5120	NULL
5194	NULL
5232	NULL
5305	NULL
5416	NULL
5506	NULL
5830	NULL
6028	NULL
6088	NULL
6162	NULL
6370	NULL
6708	NULL
6720	NULL
6761	NULL
6869	NULL
7257	NULL
7351	NULL
7371	NULL
7470	NULL
7550	NULL
7663	NULL
7689	NULL
7744	NULL
7824	NULL
7880	NULL
7890	NULL
7955	NULL
8074	NULL
8639	NULL
8953	NULL
9038	NULL
9139	NULL
9468	NULL
9505	NULL
9703	NULL
9776	NULL
9779	NULL
9853	NULL
9901	NULL
9951	NULL
10424	NULL
10988	NULL
11063	NULL
11202	NULL
11246	NULL
11284	NULL
11564	NULL
11613	NULL
11905	NULL
12257	NULL
12273	NULL
12683	NULL
12702	NULL
12872	NULL
12878	NULL
12951	NULL
13008	NULL
13098	NULL
13144	NULL
13454	NULL
13842	NULL
Time taken: 200.148 seconds, Fetched: 100 row(s)
hive> 