Connecting to jdbc:hive2://h01hn02:10500/tpcds_bin_partitioned_orc_10000
Connected to: Apache Hive (version 2.1.0.2.5.1.0-43)
Driver: Hive JDBC (version 1.2.1000.2.5.1.0-43)
Transaction isolation: TRANSACTION_REPEATABLE_READ
Running init script bry.sql
No rows affected (0.047 seconds)
INFO  : Compiling command(queryId=hive_20161020171757_5f9983e5-ae45-4b68-bb4c-629012ab17e9): select  dt.d_year
 	,item.i_brand_id brand_id
 	,item.i_brand brand
 	,sum(ss_ext_sales_price) ext_price
 from date_dim dt
     ,store_sales
     ,item
 where dt.d_date_sk = store_sales.ss_sold_date_sk
    and store_sales.ss_item_sk = item.i_item_sk
    and item.i_manager_id = 1
    and dt.d_moy=12
    and dt.d_year=1998
	 group by dt.d_year
 	,item.i_brand
 	,item.i_brand_id
 order by dt.d_year
 	,ext_price desc
 	,brand_id
limit 100
INFO  : Semantic Analysis Completed
INFO  : Returning Hive schema: Schema(fieldSchemas:[FieldSchema(name:dt.d_year, type:int, comment:null), FieldSchema(name:brand_id, type:int, comment:null), FieldSchema(name:brand, type:string, comment:null), FieldSchema(name:ext_price, type:double, comment:null)], properties:null)
INFO  : Completed compiling command(queryId=hive_20161020171757_5f9983e5-ae45-4b68-bb4c-629012ab17e9); Time taken: 0.505 seconds
INFO  : Concurrency mode is disabled, not creating a lock manager
INFO  : Executing command(queryId=hive_20161020171757_5f9983e5-ae45-4b68-bb4c-629012ab17e9): select  dt.d_year
 	,item.i_brand_id brand_id
 	,item.i_brand brand
 	,sum(ss_ext_sales_price) ext_price
 from date_dim dt
     ,store_sales
     ,item
 where dt.d_date_sk = store_sales.ss_sold_date_sk
    and store_sales.ss_item_sk = item.i_item_sk
    and item.i_manager_id = 1
    and dt.d_moy=12
    and dt.d_year=1998
	 group by dt.d_year
 	,item.i_brand
 	,item.i_brand_id
 order by dt.d_year
 	,ext_price desc
 	,brand_id
limit 100
INFO  : Query ID = hive_20161020171757_5f9983e5-ae45-4b68-bb4c-629012ab17e9
INFO  : Total jobs = 1
INFO  : Launching Job 1 out of 1
INFO  : Starting task [Stage-1:MAPRED] in serial mode
INFO  : Session is already open
INFO  : Dag name: select  dt.d_year
 	,item.i_brand_id b...100(Stage-1)
INFO  : Setting tez.task.scale.memory.reserve-fraction to 0.30000001192092896
INFO  : 

INFO  : Status: Running (Executing on YARN cluster with App id application_1476988466894_0282)

INFO  : Map 1: 0(+1)/1	Map 2: -/-	Map 5: 0(+7)/7	Reducer 3: 0/1009	Reducer 4: 0/1	
INFO  : Map 1: 0(+1)/1	Map 2: -/-	Map 5: 1(+6)/7	Reducer 3: 0/1009	Reducer 4: 0/1	
INFO  : Map 1: 0(+1)/1	Map 2: -/-	Map 5: 3(+4)/7	Reducer 3: 0/1009	Reducer 4: 0/1	
INFO  : Map 1: 0(+1)/1	Map 2: -/-	Map 5: 4(+3)/7	Reducer 3: 0/1009	Reducer 4: 0/1	
INFO  : Map 1: 1/1	Map 2: -/-	Map 5: 6(+1)/7	Reducer 3: 0/1009	Reducer 4: 0/1	
INFO  : Map 1: 1/1	Map 2: -/-	Map 5: 7/7	Reducer 3: 0/1009	Reducer 4: 0/1	
INFO  : Map 1: 1/1	Map 2: 0/230	Map 5: 7/7	Reducer 3: 0/1009	Reducer 4: 0/1	
INFO  : Map 1: 1/1	Map 2: 0(+230)/230	Map 5: 7/7	Reducer 3: 0/1009	Reducer 4: 0/1	
INFO  : Map 1: 1/1	Map 2: 20(+210)/230	Map 5: 7/7	Reducer 3: 0/1009	Reducer 4: 0/1	
INFO  : Map 1: 1/1	Map 2: 110(+120)/230	Map 5: 7/7	Reducer 3: 0/1009	Reducer 4: 0/1	
INFO  : Map 1: 1/1	Map 2: 170(+60)/230	Map 5: 7/7	Reducer 3: 0/1009	Reducer 4: 0/1	
INFO  : Map 1: 1/1	Map 2: 176(+54)/230	Map 5: 7/7	Reducer 3: 0(+253)/253	Reducer 4: 0/1	
INFO  : Map 1: 1/1	Map 2: 177(+53)/230	Map 5: 7/7	Reducer 3: 0(+253)/253	Reducer 4: 0/1	
INFO  : Map 1: 1/1	Map 2: 181(+49)/230	Map 5: 7/7	Reducer 3: 0(+253)/253	Reducer 4: 0/1	
INFO  : Map 1: 1/1	Map 2: 188(+42)/230	Map 5: 7/7	Reducer 3: 0(+253)/253	Reducer 4: 0/1	
INFO  : Map 1: 1/1	Map 2: 204(+26)/230	Map 5: 7/7	Reducer 3: 0(+253)/253	Reducer 4: 0/1	
INFO  : Map 1: 1/1	Map 2: 210(+20)/230	Map 5: 7/7	Reducer 3: 0(+253)/253	Reducer 4: 0/1	
INFO  : Map 1: 1/1	Map 2: 218(+12)/230	Map 5: 7/7	Reducer 3: 0(+253)/253	Reducer 4: 0/1	
INFO  : Map 1: 1/1	Map 2: 230/230	Map 5: 7/7	Reducer 3: 36(+217)/253	Reducer 4: 0/1	
INFO  : Map 1: 1/1	Map 2: 230/230	Map 5: 7/7	Reducer 3: 136(+117)/253	Reducer 4: 0(+1)/1	
INFO  : Map 1: 1/1	Map 2: 230/230	Map 5: 7/7	Reducer 3: 140(+113)/253	Reducer 4: 0(+1)/1	
INFO  : Map 1: 1/1	Map 2: 230/230	Map 5: 7/7	Reducer 3: 165(+88)/253	Reducer 4: 0(+1)/1	
INFO  : Map 1: 1/1	Map 2: 230/230	Map 5: 7/7	Reducer 3: 227(+26)/253	Reducer 4: 0(+1)/1	
INFO  : Map 1: 1/1	Map 2: 230/230	Map 5: 7/7	Reducer 3: 237(+16)/253	Reducer 4: 0(+1)/1	
INFO  : Map 1: 1/1	Map 2: 230/230	Map 5: 7/7	Reducer 3: 242(+11)/253	Reducer 4: 0(+1)/1	
INFO  : Map 1: 1/1	Map 2: 230/230	Map 5: 7/7	Reducer 3: 246(+7)/253	Reducer 4: 0(+1)/1	
INFO  : Map 1: 1/1	Map 2: 230/230	Map 5: 7/7	Reducer 3: 252(+1)/253	Reducer 4: 0(+1)/1	
INFO  : Map 1: 1/1	Map 2: 230/230	Map 5: 7/7	Reducer 3: 252(+1)/253	Reducer 4: 0(+1)/1	
INFO  : Map 1: 1/1	Map 2: 230/230	Map 5: 7/7	Reducer 3: 252(+1)/253	Reducer 4: 0(+1)/1	
INFO  : Map 1: 1/1	Map 2: 230/230	Map 5: 7/7	Reducer 3: 252(+1)/253	Reducer 4: 0(+1)/1	
INFO  : Map 1: 1/1	Map 2: 230/230	Map 5: 7/7	Reducer 3: 252(+1)/253	Reducer 4: 0(+1)/1	
INFO  : Map 1: 1/1	Map 2: 230/230	Map 5: 7/7	Reducer 3: 252(+1)/253	Reducer 4: 0(+1)/1	
INFO  : Map 1: 1/1	Map 2: 230/230	Map 5: 7/7	Reducer 3: 252(+1)/253	Reducer 4: 0(+1)/1	
INFO  : Map 1: 1/1	Map 2: 230/230	Map 5: 7/7	Reducer 3: 252(+1)/253	Reducer 4: 0(+1)/1	
INFO  : Map 1: 1/1	Map 2: 230/230	Map 5: 7/7	Reducer 3: 252(+1)/253	Reducer 4: 0(+1)/1	
INFO  : Map 1: 1/1	Map 2: 230/230	Map 5: 7/7	Reducer 3: 252(+1)/253	Reducer 4: 0(+1)/1	
INFO  : Map 1: 1/1	Map 2: 230/230	Map 5: 7/7	Reducer 3: 252(+1)/253	Reducer 4: 0(+1)/1	
INFO  : Map 1: 1/1	Map 2: 230/230	Map 5: 7/7	Reducer 3: 252(+1)/253	Reducer 4: 0(+1)/1	
INFO  : Map 1: 1/1	Map 2: 230/230	Map 5: 7/7	Reducer 3: 252(+1)/253	Reducer 4: 0(+1)/1	
INFO  : Map 1: 1/1	Map 2: 230/230	Map 5: 7/7	Reducer 3: 252(+1)/253	Reducer 4: 0(+1)/1	
INFO  : Map 1: 1/1	Map 2: 230/230	Map 5: 7/7	Reducer 3: 252(+1)/253	Reducer 4: 0(+1)/1	
INFO  : Map 1: 1/1	Map 2: 230/230	Map 5: 7/7	Reducer 3: 252(+1)/253	Reducer 4: 0(+1)/1	
INFO  : Map 1: 1/1	Map 2: 230/230	Map 5: 7/7	Reducer 3: 252(+1)/253	Reducer 4: 0(+1)/1	
INFO  : Map 1: 1/1	Map 2: 230/230	Map 5: 7/7	Reducer 3: 252(+1)/253	Reducer 4: 0(+1)/1	
INFO  : Map 1: 1/1	Map 2: 230/230	Map 5: 7/7	Reducer 3: 252(+1)/253	Reducer 4: 0(+1)/1	
INFO  : Map 1: 1/1	Map 2: 230/230	Map 5: 7/7	Reducer 3: 252(+1)/253	Reducer 4: 0(+1)/1	
INFO  : Map 1: 1/1	Map 2: 230/230	Map 5: 7/7	Reducer 3: 253/253	Reducer 4: 0(+1)/1	
INFO  : Map 1: 1/1	Map 2: 230/230	Map 5: 7/7	Reducer 3: 253/253	Reducer 4: 1/1	
INFO  : Status: DAG finished successfully in 66.52 seconds
INFO  : 
INFO  : Query Execution Summary
INFO  : ----------------------------------------------------------------------------------------------
INFO  : ----------------------------------------------------------------------------------------------
INFO  : Compile Query                           0.51s
INFO  : Prepare Plan                            0.21s
INFO  : Submit Plan                             0.32s
INFO  : Start DAG                               0.39s
INFO  : Run DAG                                66.52s
INFO  : ----------------------------------------------------------------------------------------------
INFO  : 
INFO  : Task Execution Summary
INFO  : --------------------------------------------------------------------------------------------------------------------------------
INFO  : --------------------------------------------------------------------------------------------------------------------------------
INFO  :      Map 1            1                0             0        1003.00             0            0         10,000              31
INFO  :      Map 2          230                0             0        2616.00             0            0    931,881,389         168,846
INFO  :      Map 5            7                0             0        1204.00             0            0        402,000           7,196
INFO  :  Reducer 3          253                0             0       63385.00             0            0        168,846             738
INFO  :  Reducer 4            1                0             0       61785.00             0            0            738               0
INFO  : --------------------------------------------------------------------------------------------------------------------------------
INFO  : 
INFO  : LLAP IO Summary
INFO  : ----------------------------------------------------------------------------------------------
INFO  : ----------------------------------------------------------------------------------------------
INFO  :      Map 1         1         2          0    1.91KB         0B          0B       0B     0.01s
INFO  :      Map 2     93500      1259          0    6.34GB         0B          0B       0B    87.93s
INFO  :      Map 5        42        14          0    2.25MB         0B          0B       0B     0.07s
INFO  : ----------------------------------------------------------------------------------------------
INFO  : 
INFO  : FileSystem Counters Summary
INFO  : 
INFO  : ----------------------------------------------------------------------------------------------
INFO  : ----------------------------------------------------------------------------------------------
INFO  :      Map 1              0B             0                  0               184B             0
INFO  :      Map 2         11.14MB             0                  0            15.93MB             0
INFO  :      Map 5              0B             0                  0            89.12KB             0
INFO  :  Reducer 3         16.19KB             0                  0            37.86KB             0
INFO  :  Reducer 4              0B             0                  0                 0B             0
INFO  : ----------------------------------------------------------------------------------------------
INFO  : 
INFO  : ----------------------------------------------------------------------------------------------
INFO  : ----------------------------------------------------------------------------------------------
INFO  :      Map 1              0B             0                  0                 0B             0
INFO  :      Map 2              0B             0                  0                 0B             0
INFO  :      Map 5              0B             0                  0                 0B             0
INFO  :  Reducer 3              0B             0                  0                 0B             0
INFO  :  Reducer 4              0B             2                  0             6.34KB             2
INFO  : ----------------------------------------------------------------------------------------------
INFO  : 
INFO  : org.apache.tez.common.counters.DAGCounter:
INFO  :    NUM_SUCCEEDED_TASKS: 492
INFO  :    TOTAL_LAUNCHED_TASKS: 492
INFO  :    DATA_LOCAL_TASKS: 238
INFO  :    AM_CPU_MILLISECONDS: 10630
INFO  :    AM_GC_TIME_MILLIS: 133
INFO  : File System Counters:
INFO  :    FILE_BYTES_READ: 11159232
INFO  :    FILE_BYTES_WRITTEN: 16054787
INFO  :    FILE_READ_OPS: 0
INFO  :    FILE_LARGE_READ_OPS: 0
INFO  :    FILE_WRITE_OPS: 0
INFO  :    HDFS_BYTES_READ: 0
INFO  :    HDFS_BYTES_WRITTEN: 6341
INFO  :    HDFS_READ_OPS: 2
INFO  :    HDFS_LARGE_READ_OPS: 0
INFO  :    HDFS_WRITE_OPS: 2
INFO  : org.apache.tez.common.counters.TaskCounter:
INFO  :    REDUCE_INPUT_GROUPS: 1476
INFO  :    REDUCE_INPUT_RECORDS: 169584
INFO  :    COMBINE_INPUT_RECORDS: 0
INFO  :    SPILLED_RECORDS: 339244
INFO  :    NUM_SHUFFLED_INPUTS: 121482
INFO  :    NUM_SKIPPED_INPUTS: 110913
INFO  :    NUM_FAILED_SHUFFLE_INPUTS: 1
INFO  :    MERGED_MAP_OUTPUTS: 121410
INFO  :    INPUT_RECORDS_PROCESSED: 997344
INFO  :    INPUT_SPLIT_LENGTH_BYTES: 52089565114
INFO  :    OUTPUT_RECORDS: 176811
INFO  :    OUTPUT_LARGE_RECORDS: 0
INFO  :    OUTPUT_BYTES: 5802115
INFO  :    OUTPUT_BYTES_WITH_OVERHEAD: 7549723
INFO  :    OUTPUT_BYTES_PHYSICAL: 10475107
INFO  :    ADDITIONAL_SPILLS_BYTES_WRITTEN: 1140640
INFO  :    ADDITIONAL_SPILLS_BYTES_READ: 2115256
INFO  :    ADDITIONAL_SPILL_COUNT: 0
INFO  :    SHUFFLE_CHUNK_COUNT: 483
INFO  :    SHUFFLE_BYTES: 8969015
INFO  :    SHUFFLE_BYTES_DECOMPRESSED: 8563437
INFO  :    SHUFFLE_BYTES_TO_MEM: 7977250
INFO  :    SHUFFLE_BYTES_TO_DISK: 0
INFO  :    SHUFFLE_BYTES_DISK_DIRECT: 991765
INFO  :    NUM_MEM_TO_DISK_MERGES: 0
INFO  :    NUM_DISK_TO_DISK_MERGES: 0
INFO  :    SHUFFLE_PHASE_TIME: 680005
INFO  :    MERGE_PHASE_TIME: 683157
INFO  :    FIRST_EVENT_RECEIVED: 8320
INFO  :    LAST_EVENT_RECEIVED: 524809
INFO  : HIVE:
INFO  :    CREATED_FILES: 1
INFO  :    DESERIALIZE_ERRORS: 0
INFO  :    RECORDS_IN_Map_1: 10000
INFO  :    RECORDS_IN_Map_2: 931874162
INFO  :    RECORDS_IN_Map_5: 402000
INFO  :    RECORDS_OUT_0: 100
INFO  :    RECORDS_OUT_INTERMEDIATE_Map_1: 31
INFO  :    RECORDS_OUT_INTERMEDIATE_Map_2: 168846
INFO  :    RECORDS_OUT_INTERMEDIATE_Map_5: 7196
INFO  :    RECORDS_OUT_INTERMEDIATE_Reducer_3: 738
INFO  : Shuffle Errors:
INFO  :    BAD_ID: 0
INFO  :    CONNECTION: 0
INFO  :    IO_ERROR: 1
INFO  :    WRONG_LENGTH: 0
INFO  :    WRONG_MAP: 0
INFO  :    WRONG_REDUCE: 0
INFO  : Shuffle Errors_Reducer_3_INPUT_Map_2:
INFO  :    BAD_ID: 0
INFO  :    CONNECTION: 0
INFO  :    IO_ERROR: 1
INFO  :    WRONG_LENGTH: 0
INFO  :    WRONG_MAP: 0
INFO  :    WRONG_REDUCE: 0
INFO  : Shuffle Errors_Reducer_4_INPUT_Reducer_3:
INFO  :    BAD_ID: 0
INFO  :    CONNECTION: 0
INFO  :    IO_ERROR: 0
INFO  :    WRONG_LENGTH: 0
INFO  :    WRONG_MAP: 0
INFO  :    WRONG_REDUCE: 0
INFO  : TaskCounter_Map_1_INPUT_dt:
INFO  :    INPUT_RECORDS_PROCESSED: 10
INFO  :    INPUT_SPLIT_LENGTH_BYTES: 759177
INFO  : TaskCounter_Map_1_OUTPUT_Map_2:
INFO  :    ADDITIONAL_SPILLS_BYTES_READ: 0
INFO  :    ADDITIONAL_SPILLS_BYTES_WRITTEN: 0
INFO  :    ADDITIONAL_SPILL_COUNT: 0
INFO  :    OUTPUT_BYTES: 155
INFO  :    OUTPUT_BYTES_PHYSICAL: 176
INFO  :    OUTPUT_BYTES_WITH_OVERHEAD: 223
INFO  :    OUTPUT_LARGE_RECORDS: 0
INFO  :    OUTPUT_RECORDS: 31
INFO  :    SPILLED_RECORDS: 0
INFO  : TaskCounter_Map_2_INPUT_Map_1:
INFO  :    FIRST_EVENT_RECEIVED: 175
INFO  :    INPUT_RECORDS_PROCESSED: 279
INFO  :    LAST_EVENT_RECEIVED: 175
INFO  :    NUM_FAILED_SHUFFLE_INPUTS: 0
INFO  :    NUM_SHUFFLED_INPUTS: 9
INFO  :    SHUFFLE_BYTES: 1368
INFO  :    SHUFFLE_BYTES_DECOMPRESSED: 2007
INFO  :    SHUFFLE_BYTES_DISK_DIRECT: 152
INFO  :    SHUFFLE_BYTES_TO_DISK: 0
INFO  :    SHUFFLE_BYTES_TO_MEM: 1216
INFO  :    SHUFFLE_PHASE_TIME: 334
INFO  : TaskCounter_Map_2_INPUT_Map_5:
INFO  :    FIRST_EVENT_RECEIVED: 18
INFO  :    INPUT_RECORDS_PROCESSED: 64764
INFO  :    LAST_EVENT_RECEIVED: 63
INFO  :    NUM_FAILED_SHUFFLE_INPUTS: 0
INFO  :    NUM_SHUFFLED_INPUTS: 63
INFO  :    SHUFFLE_BYTES: 800037
INFO  :    SHUFFLE_BYTES_DECOMPRESSED: 1887084
INFO  :    SHUFFLE_BYTES_DISK_DIRECT: 88893
INFO  :    SHUFFLE_BYTES_TO_DISK: 0
INFO  :    SHUFFLE_BYTES_TO_MEM: 711144
INFO  :    SHUFFLE_PHASE_TIME: 1892
INFO  : TaskCounter_Map_2_INPUT_store_sales:
INFO  :    INPUT_RECORDS_PROCESSED: 931886
INFO  :    INPUT_SPLIT_LENGTH_BYTES: 52050713599
INFO  : TaskCounter_Map_2_OUTPUT_Reducer_3:
INFO  :    ADDITIONAL_SPILLS_BYTES_READ: 0
INFO  :    ADDITIONAL_SPILLS_BYTES_WRITTEN: 0
INFO  :    ADDITIONAL_SPILL_COUNT: 0
INFO  :    OUTPUT_BYTES: 5582316
INFO  :    OUTPUT_BYTES_PHYSICAL: 10356107
INFO  :    OUTPUT_BYTES_WITH_OVERHEAD: 7312428
INFO  :    OUTPUT_RECORDS: 168846
INFO  :    SHUFFLE_CHUNK_COUNT: 230
INFO  :    SPILLED_RECORDS: 168846
INFO  : TaskCounter_Map_5_INPUT_item:
INFO  :    INPUT_RECORDS_PROCESSED: 405
INFO  :    INPUT_SPLIT_LENGTH_BYTES: 38092338
INFO  : TaskCounter_Map_5_OUTPUT_Map_2:
INFO  :    ADDITIONAL_SPILLS_BYTES_READ: 0
INFO  :    ADDITIONAL_SPILLS_BYTES_WRITTEN: 0
INFO  :    ADDITIONAL_SPILL_COUNT: 0
INFO  :    OUTPUT_BYTES: 195242
INFO  :    OUTPUT_BYTES_PHYSICAL: 89061
INFO  :    OUTPUT_BYTES_WITH_OVERHEAD: 209676
INFO  :    OUTPUT_LARGE_RECORDS: 0
INFO  :    OUTPUT_RECORDS: 7196
INFO  :    SPILLED_RECORDS: 0
INFO  : TaskCounter_Reducer_3_INPUT_Map_2:
INFO  :    ADDITIONAL_SPILLS_BYTES_READ: 2098900
INFO  :    ADDITIONAL_SPILLS_BYTES_WRITTEN: 1127706
INFO  :    COMBINE_INPUT_RECORDS: 0
INFO  :    FIRST_EVENT_RECEIVED: 8116
INFO  :    LAST_EVENT_RECEIVED: 463113
INFO  :    MERGED_MAP_OUTPUTS: 121170
INFO  :    MERGE_PHASE_TIME: 621503
INFO  :    NUM_DISK_TO_DISK_MERGES: 0
INFO  :    NUM_FAILED_SHUFFLE_INPUTS: 1
INFO  :    NUM_MEM_TO_DISK_MERGES: 0
INFO  :    NUM_SHUFFLED_INPUTS: 121170
INFO  :    NUM_SKIPPED_INPUTS: 110900
INFO  :    REDUCE_INPUT_GROUPS: 738
INFO  :    REDUCE_INPUT_RECORDS: 168846
INFO  :    SHUFFLE_BYTES: 8138107
INFO  :    SHUFFLE_BYTES_DECOMPRESSED: 6647028
INFO  :    SHUFFLE_BYTES_DISK_DIRECT: 899298
INFO  :    SHUFFLE_BYTES_TO_DISK: 0
INFO  :    SHUFFLE_BYTES_TO_MEM: 7238809
INFO  :    SHUFFLE_PHASE_TIME: 616132
INFO  :    SPILLED_RECORDS: 168922
INFO  : TaskCounter_Reducer_3_OUTPUT_Reducer_4:
INFO  :    ADDITIONAL_SPILLS_BYTES_READ: 0
INFO  :    ADDITIONAL_SPILLS_BYTES_WRITTEN: 0
INFO  :    ADDITIONAL_SPILL_COUNT: 0
INFO  :    OUTPUT_BYTES: 24402
INFO  :    OUTPUT_BYTES_PHYSICAL: 29763
INFO  :    OUTPUT_BYTES_WITH_OVERHEAD: 27396
INFO  :    OUTPUT_RECORDS: 738
INFO  :    SHUFFLE_CHUNK_COUNT: 253
INFO  :    SPILLED_RECORDS: 738
INFO  : TaskCounter_Reducer_4_INPUT_Reducer_3:
INFO  :    ADDITIONAL_SPILLS_BYTES_READ: 16356
INFO  :    ADDITIONAL_SPILLS_BYTES_WRITTEN: 12934
INFO  :    COMBINE_INPUT_RECORDS: 0
INFO  :    FIRST_EVENT_RECEIVED: 11
INFO  :    LAST_EVENT_RECEIVED: 61458
INFO  :    MERGED_MAP_OUTPUTS: 240
INFO  :    MERGE_PHASE_TIME: 61654
INFO  :    NUM_DISK_TO_DISK_MERGES: 0
INFO  :    NUM_FAILED_SHUFFLE_INPUTS: 0
INFO  :    NUM_MEM_TO_DISK_MERGES: 0
INFO  :    NUM_SHUFFLED_INPUTS: 240
INFO  :    NUM_SKIPPED_INPUTS: 13
INFO  :    REDUCE_INPUT_GROUPS: 738
INFO  :    REDUCE_INPUT_RECORDS: 738
INFO  :    SHUFFLE_BYTES: 29503
INFO  :    SHUFFLE_BYTES_DECOMPRESSED: 27318
INFO  :    SHUFFLE_BYTES_DISK_DIRECT: 3422
INFO  :    SHUFFLE_BYTES_TO_DISK: 0
INFO  :    SHUFFLE_BYTES_TO_MEM: 26081
INFO  :    SHUFFLE_PHASE_TIME: 61647
INFO  :    SPILLED_RECORDS: 738
INFO  : TaskCounter_Reducer_4_OUTPUT_out_Reducer_4:
INFO  :    OUTPUT_RECORDS: 0
INFO  : org.apache.hadoop.hive.llap.counters.LlapIOCounters:
INFO  :    CACHE_HIT_BYTES: 6337369893
INFO  :    CACHE_MISS_BYTES: 0
INFO  :    CONSUMER_TIME_NS: 78340494028
INFO  :    DECODE_TIME_NS: 86732342488
INFO  :    HDFS_TIME_NS: 2151787
INFO  :    METADATA_CACHE_HIT: 1275
INFO  :    NUM_DECODED_BATCHES: 93543
INFO  :    NUM_VECTOR_BATCHES: 932301
INFO  :    ROWS_EMITTED: 932286162
INFO  :    SELECTED_ROWGROUPS: 93543
INFO  :    TOTAL_IO_TIME_NS: 88005355257
INFO  : Completed executing command(queryId=hive_20161020171757_5f9983e5-ae45-4b68-bb4c-629012ab17e9); Time taken: 67.533 seconds
INFO  : OK
100 rows selected (68.102 seconds)
Closing: 0: jdbc:hive2://h01hn02:10500/tpcds_bin_partitioned_orc_10000
