Connecting to jdbc:hive2://h01hn02:10500/tpcds_bin_partitioned_orc_10000
Connected to: Apache Hive (version 2.1.0.2.5.1.0-43)
Driver: Hive JDBC (version 1.2.1000.2.5.1.0-43)
Transaction isolation: TRANSACTION_REPEATABLE_READ
Running init script bry.sql
No rows affected (0.036 seconds)
No rows affected (0.002 seconds)
INFO  : Compiling command(queryId=hive_20161019182503_f0d380d7-cf0a-4c54-bf55-6eb76908b4fa): select  count(*) as c
from store_sales
    ,household_demographics 
    ,time_dim, store
where store_sales.ss_sold_time_sk = time_dim.t_time_sk   
    and store_sales.ss_hdemo_sk = household_demographics.hd_demo_sk 
    and store_sales.ss_store_sk = store.s_store_sk
    and time_dim.t_hour = 8
    and time_dim.t_minute >= 30
    and household_demographics.hd_dep_count = 5
    and store.s_store_name = 'ese'
order by c
limit 100
INFO  : Semantic Analysis Completed
INFO  : Returning Hive schema: Schema(fieldSchemas:[FieldSchema(name:c, type:bigint, comment:null)], properties:null)
INFO  : Completed compiling command(queryId=hive_20161019182503_f0d380d7-cf0a-4c54-bf55-6eb76908b4fa); Time taken: 0.496 seconds
INFO  : Concurrency mode is disabled, not creating a lock manager
INFO  : Executing command(queryId=hive_20161019182503_f0d380d7-cf0a-4c54-bf55-6eb76908b4fa): select  count(*) as c
from store_sales
    ,household_demographics 
    ,time_dim, store
where store_sales.ss_sold_time_sk = time_dim.t_time_sk   
    and store_sales.ss_hdemo_sk = household_demographics.hd_demo_sk 
    and store_sales.ss_store_sk = store.s_store_sk
    and time_dim.t_hour = 8
    and time_dim.t_minute >= 30
    and household_demographics.hd_dep_count = 5
    and store.s_store_name = 'ese'
order by c
limit 100
INFO  : Query ID = hive_20161019182503_f0d380d7-cf0a-4c54-bf55-6eb76908b4fa
INFO  : Total jobs = 1
INFO  : Launching Job 1 out of 1
INFO  : Starting task [Stage-1:MAPRED] in serial mode
INFO  : Session is already open
INFO  : Dag name: select  count(*) as c
from store_sales...100(Stage-1)
INFO  : Setting tez.task.scale.memory.reserve-fraction to 0.30000001192092896
INFO  : Tez session was closed. Reopening...
INFO  : Session re-established.
INFO  : 

INFO  : Status: Running (Executing on YARN cluster with App id application_1476716628816_0221)

INFO  : Map 1: -/-	Map 4: 0/1	Map 5: 0/1	Map 6: 0/1	Reducer 2: 0/1	Reducer 3: 0/1	
INFO  : Map 1: -/-	Map 4: 0(+1)/1	Map 5: 0(+1)/1	Map 6: 0(+1)/1	Reducer 2: 0/1	Reducer 3: 0/1	
INFO  : Map 1: -/-	Map 4: 0(+1)/1	Map 5: 1/1	Map 6: 0(+1)/1	Reducer 2: 0/1	Reducer 3: 0/1	
INFO  : Map 1: -/-	Map 4: 1/1	Map 5: 1/1	Map 6: 1/1	Reducer 2: 0/1	Reducer 3: 0/1	
INFO  : Map 1: 0/319	Map 4: 1/1	Map 5: 1/1	Map 6: 1/1	Reducer 2: 0/1	Reducer 3: 0/1	
INFO  : Map 1: 0(+29)/319	Map 4: 1/1	Map 5: 1/1	Map 6: 1/1	Reducer 2: 0/1	Reducer 3: 0/1	
INFO  : Map 1: 0(+76)/319	Map 4: 1/1	Map 5: 1/1	Map 6: 1/1	Reducer 2: 0/1	Reducer 3: 0/1	
INFO  : Map 1: 0(+319)/319	Map 4: 1/1	Map 5: 1/1	Map 6: 1/1	Reducer 2: 0/1	Reducer 3: 0/1	
INFO  : Map 1: 0(+319)/319	Map 4: 1/1	Map 5: 1/1	Map 6: 1/1	Reducer 2: 0/1	Reducer 3: 0/1	
INFO  : Map 1: 1(+318)/319	Map 4: 1/1	Map 5: 1/1	Map 6: 1/1	Reducer 2: 0/1	Reducer 3: 0/1	
INFO  : Map 1: 2(+317)/319	Map 4: 1/1	Map 5: 1/1	Map 6: 1/1	Reducer 2: 0/1	Reducer 3: 0/1	
INFO  : Map 1: 3(+316)/319	Map 4: 1/1	Map 5: 1/1	Map 6: 1/1	Reducer 2: 0/1	Reducer 3: 0/1	
INFO  : Map 1: 4(+315)/319	Map 4: 1/1	Map 5: 1/1	Map 6: 1/1	Reducer 2: 0/1	Reducer 3: 0/1	
INFO  : Map 1: 5(+314)/319	Map 4: 1/1	Map 5: 1/1	Map 6: 1/1	Reducer 2: 0/1	Reducer 3: 0/1	
INFO  : Map 1: 7(+312)/319	Map 4: 1/1	Map 5: 1/1	Map 6: 1/1	Reducer 2: 0/1	Reducer 3: 0/1	
INFO  : Map 1: 9(+310)/319	Map 4: 1/1	Map 5: 1/1	Map 6: 1/1	Reducer 2: 0/1	Reducer 3: 0/1	
INFO  : Map 1: 12(+307)/319	Map 4: 1/1	Map 5: 1/1	Map 6: 1/1	Reducer 2: 0/1	Reducer 3: 0/1	
INFO  : Map 1: 13(+306)/319	Map 4: 1/1	Map 5: 1/1	Map 6: 1/1	Reducer 2: 0/1	Reducer 3: 0/1	
INFO  : Map 1: 18(+301)/319	Map 4: 1/1	Map 5: 1/1	Map 6: 1/1	Reducer 2: 0/1	Reducer 3: 0/1	
INFO  : Map 1: 23(+296)/319	Map 4: 1/1	Map 5: 1/1	Map 6: 1/1	Reducer 2: 0/1	Reducer 3: 0/1	
INFO  : Map 1: 28(+291)/319	Map 4: 1/1	Map 5: 1/1	Map 6: 1/1	Reducer 2: 0/1	Reducer 3: 0/1	
INFO  : Map 1: 35(+284)/319	Map 4: 1/1	Map 5: 1/1	Map 6: 1/1	Reducer 2: 0/1	Reducer 3: 0/1	
INFO  : Map 1: 37(+282)/319	Map 4: 1/1	Map 5: 1/1	Map 6: 1/1	Reducer 2: 0/1	Reducer 3: 0/1	
INFO  : Map 1: 45(+273)/319	Map 4: 1/1	Map 5: 1/1	Map 6: 1/1	Reducer 2: 0/1	Reducer 3: 0/1	
INFO  : Map 1: 51(+268)/319	Map 4: 1/1	Map 5: 1/1	Map 6: 1/1	Reducer 2: 0/1	Reducer 3: 0/1	
INFO  : Map 1: 54(+265)/319	Map 4: 1/1	Map 5: 1/1	Map 6: 1/1	Reducer 2: 0/1	Reducer 3: 0/1	
INFO  : Map 1: 59(+260)/319	Map 4: 1/1	Map 5: 1/1	Map 6: 1/1	Reducer 2: 0/1	Reducer 3: 0/1	
INFO  : Map 1: 63(+256)/319	Map 4: 1/1	Map 5: 1/1	Map 6: 1/1	Reducer 2: 0/1	Reducer 3: 0/1	
INFO  : Map 1: 72(+247)/319	Map 4: 1/1	Map 5: 1/1	Map 6: 1/1	Reducer 2: 0(+1)/1	Reducer 3: 0/1	
INFO  : Map 1: 78(+241)/319	Map 4: 1/1	Map 5: 1/1	Map 6: 1/1	Reducer 2: 0(+1)/1	Reducer 3: 0/1	
INFO  : Map 1: 87(+232)/319	Map 4: 1/1	Map 5: 1/1	Map 6: 1/1	Reducer 2: 0(+1)/1	Reducer 3: 0/1	
INFO  : Map 1: 93(+226)/319	Map 4: 1/1	Map 5: 1/1	Map 6: 1/1	Reducer 2: 0(+1)/1	Reducer 3: 0/1	
INFO  : Map 1: 102(+217)/319	Map 4: 1/1	Map 5: 1/1	Map 6: 1/1	Reducer 2: 0(+1)/1	Reducer 3: 0/1	
INFO  : Map 1: 108(+211)/319	Map 4: 1/1	Map 5: 1/1	Map 6: 1/1	Reducer 2: 0(+1)/1	Reducer 3: 0/1	
INFO  : Map 1: 116(+203)/319	Map 4: 1/1	Map 5: 1/1	Map 6: 1/1	Reducer 2: 0(+1)/1	Reducer 3: 0/1	
INFO  : Map 1: 122(+197)/319	Map 4: 1/1	Map 5: 1/1	Map 6: 1/1	Reducer 2: 0(+1)/1	Reducer 3: 0/1	
INFO  : Map 1: 126(+193)/319	Map 4: 1/1	Map 5: 1/1	Map 6: 1/1	Reducer 2: 0(+1)/1	Reducer 3: 0/1	
INFO  : Map 1: 131(+188)/319	Map 4: 1/1	Map 5: 1/1	Map 6: 1/1	Reducer 2: 0(+1)/1	Reducer 3: 0/1	
INFO  : Map 1: 137(+182)/319	Map 4: 1/1	Map 5: 1/1	Map 6: 1/1	Reducer 2: 0(+1)/1	Reducer 3: 0/1	
INFO  : Map 1: 150(+169)/319	Map 4: 1/1	Map 5: 1/1	Map 6: 1/1	Reducer 2: 0(+1)/1	Reducer 3: 0/1	
INFO  : Map 1: 155(+164)/319	Map 4: 1/1	Map 5: 1/1	Map 6: 1/1	Reducer 2: 0(+1)/1	Reducer 3: 0/1	
INFO  : Map 1: 161(+158)/319	Map 4: 1/1	Map 5: 1/1	Map 6: 1/1	Reducer 2: 0(+1)/1	Reducer 3: 0/1	
INFO  : Map 1: 164(+155)/319	Map 4: 1/1	Map 5: 1/1	Map 6: 1/1	Reducer 2: 0(+1)/1	Reducer 3: 0/1	
INFO  : Map 1: 170(+149)/319	Map 4: 1/1	Map 5: 1/1	Map 6: 1/1	Reducer 2: 0(+1)/1	Reducer 3: 0/1	
INFO  : Map 1: 173(+146)/319	Map 4: 1/1	Map 5: 1/1	Map 6: 1/1	Reducer 2: 0(+1)/1	Reducer 3: 0/1	
INFO  : Map 1: 177(+142)/319	Map 4: 1/1	Map 5: 1/1	Map 6: 1/1	Reducer 2: 0(+1)/1	Reducer 3: 0/1	
INFO  : Map 1: 179(+140)/319	Map 4: 1/1	Map 5: 1/1	Map 6: 1/1	Reducer 2: 0(+1)/1	Reducer 3: 0/1	
INFO  : Map 1: 182(+137)/319	Map 4: 1/1	Map 5: 1/1	Map 6: 1/1	Reducer 2: 0(+1)/1	Reducer 3: 0/1	
INFO  : Map 1: 183(+136)/319	Map 4: 1/1	Map 5: 1/1	Map 6: 1/1	Reducer 2: 0(+1)/1	Reducer 3: 0/1	
INFO  : Map 1: 186(+133)/319	Map 4: 1/1	Map 5: 1/1	Map 6: 1/1	Reducer 2: 0(+1)/1	Reducer 3: 0/1	
INFO  : Map 1: 188(+131)/319	Map 4: 1/1	Map 5: 1/1	Map 6: 1/1	Reducer 2: 0(+1)/1	Reducer 3: 0/1	
INFO  : Map 1: 189(+130)/319	Map 4: 1/1	Map 5: 1/1	Map 6: 1/1	Reducer 2: 0(+1)/1	Reducer 3: 0/1	
INFO  : Map 1: 191(+128)/319	Map 4: 1/1	Map 5: 1/1	Map 6: 1/1	Reducer 2: 0(+1)/1	Reducer 3: 0/1	
INFO  : Map 1: 192(+127)/319	Map 4: 1/1	Map 5: 1/1	Map 6: 1/1	Reducer 2: 0(+1)/1	Reducer 3: 0/1	
INFO  : Map 1: 194(+125)/319	Map 4: 1/1	Map 5: 1/1	Map 6: 1/1	Reducer 2: 0(+1)/1	Reducer 3: 0/1	
INFO  : Map 1: 197(+122)/319	Map 4: 1/1	Map 5: 1/1	Map 6: 1/1	Reducer 2: 0(+1)/1	Reducer 3: 0/1	
INFO  : Map 1: 201(+118)/319	Map 4: 1/1	Map 5: 1/1	Map 6: 1/1	Reducer 2: 0(+1)/1	Reducer 3: 0/1	
INFO  : Map 1: 202(+117)/319	Map 4: 1/1	Map 5: 1/1	Map 6: 1/1	Reducer 2: 0(+1)/1	Reducer 3: 0/1	
INFO  : Map 1: 205(+114)/319	Map 4: 1/1	Map 5: 1/1	Map 6: 1/1	Reducer 2: 0(+1)/1	Reducer 3: 0/1	
INFO  : Map 1: 211(+108)/319	Map 4: 1/1	Map 5: 1/1	Map 6: 1/1	Reducer 2: 0(+1)/1	Reducer 3: 0/1	
INFO  : Map 1: 214(+105)/319	Map 4: 1/1	Map 5: 1/1	Map 6: 1/1	Reducer 2: 0(+1)/1	Reducer 3: 0/1	
INFO  : Map 1: 216(+103)/319	Map 4: 1/1	Map 5: 1/1	Map 6: 1/1	Reducer 2: 0(+1)/1	Reducer 3: 0/1	
INFO  : Map 1: 218(+101)/319	Map 4: 1/1	Map 5: 1/1	Map 6: 1/1	Reducer 2: 0(+1)/1	Reducer 3: 0/1	
INFO  : Map 1: 221(+98)/319	Map 4: 1/1	Map 5: 1/1	Map 6: 1/1	Reducer 2: 0(+1)/1	Reducer 3: 0/1	
INFO  : Map 1: 223(+96)/319	Map 4: 1/1	Map 5: 1/1	Map 6: 1/1	Reducer 2: 0(+1)/1	Reducer 3: 0/1	
INFO  : Map 1: 227(+92)/319	Map 4: 1/1	Map 5: 1/1	Map 6: 1/1	Reducer 2: 0(+1)/1	Reducer 3: 0/1	
INFO  : Map 1: 229(+90)/319	Map 4: 1/1	Map 5: 1/1	Map 6: 1/1	Reducer 2: 0(+1)/1	Reducer 3: 0/1	
INFO  : Map 1: 230(+89)/319	Map 4: 1/1	Map 5: 1/1	Map 6: 1/1	Reducer 2: 0(+1)/1	Reducer 3: 0/1	
INFO  : Map 1: 233(+86)/319	Map 4: 1/1	Map 5: 1/1	Map 6: 1/1	Reducer 2: 0(+1)/1	Reducer 3: 0/1	
INFO  : Map 1: 237(+82)/319	Map 4: 1/1	Map 5: 1/1	Map 6: 1/1	Reducer 2: 0(+1)/1	Reducer 3: 0/1	
INFO  : Map 1: 240(+79)/319	Map 4: 1/1	Map 5: 1/1	Map 6: 1/1	Reducer 2: 0(+1)/1	Reducer 3: 0/1	
INFO  : Map 1: 244(+75)/319	Map 4: 1/1	Map 5: 1/1	Map 6: 1/1	Reducer 2: 0(+1)/1	Reducer 3: 0/1	
INFO  : Map 1: 245(+74)/319	Map 4: 1/1	Map 5: 1/1	Map 6: 1/1	Reducer 2: 0(+1)/1	Reducer 3: 0/1	
INFO  : Map 1: 246(+73)/319	Map 4: 1/1	Map 5: 1/1	Map 6: 1/1	Reducer 2: 0(+1)/1	Reducer 3: 0/1	
INFO  : Map 1: 248(+71)/319	Map 4: 1/1	Map 5: 1/1	Map 6: 1/1	Reducer 2: 0(+1)/1	Reducer 3: 0/1	
INFO  : Map 1: 249(+70)/319	Map 4: 1/1	Map 5: 1/1	Map 6: 1/1	Reducer 2: 0(+1)/1	Reducer 3: 0/1	
INFO  : Map 1: 251(+68)/319	Map 4: 1/1	Map 5: 1/1	Map 6: 1/1	Reducer 2: 0(+1)/1	Reducer 3: 0/1	
INFO  : Map 1: 256(+63)/319	Map 4: 1/1	Map 5: 1/1	Map 6: 1/1	Reducer 2: 0(+1)/1	Reducer 3: 0/1	
INFO  : Map 1: 262(+57)/319	Map 4: 1/1	Map 5: 1/1	Map 6: 1/1	Reducer 2: 0(+1)/1	Reducer 3: 0/1	
INFO  : Map 1: 264(+55)/319	Map 4: 1/1	Map 5: 1/1	Map 6: 1/1	Reducer 2: 0(+1)/1	Reducer 3: 0/1	
INFO  : Map 1: 267(+52)/319	Map 4: 1/1	Map 5: 1/1	Map 6: 1/1	Reducer 2: 0(+1)/1	Reducer 3: 0/1	
INFO  : Map 1: 268(+51)/319	Map 4: 1/1	Map 5: 1/1	Map 6: 1/1	Reducer 2: 0(+1)/1	Reducer 3: 0/1	
INFO  : Map 1: 270(+49)/319	Map 4: 1/1	Map 5: 1/1	Map 6: 1/1	Reducer 2: 0(+1)/1	Reducer 3: 0/1	
INFO  : Map 1: 272(+47)/319	Map 4: 1/1	Map 5: 1/1	Map 6: 1/1	Reducer 2: 0(+1)/1	Reducer 3: 0/1	
INFO  : Map 1: 274(+45)/319	Map 4: 1/1	Map 5: 1/1	Map 6: 1/1	Reducer 2: 0(+1)/1	Reducer 3: 0/1	
INFO  : Map 1: 277(+42)/319	Map 4: 1/1	Map 5: 1/1	Map 6: 1/1	Reducer 2: 0(+1)/1	Reducer 3: 0/1	
INFO  : Map 1: 279(+40)/319	Map 4: 1/1	Map 5: 1/1	Map 6: 1/1	Reducer 2: 0(+1)/1	Reducer 3: 0/1	
INFO  : Map 1: 280(+39)/319	Map 4: 1/1	Map 5: 1/1	Map 6: 1/1	Reducer 2: 0(+1)/1	Reducer 3: 0/1	
INFO  : Map 1: 282(+37)/319	Map 4: 1/1	Map 5: 1/1	Map 6: 1/1	Reducer 2: 0(+1)/1	Reducer 3: 0/1	
INFO  : Map 1: 285(+34)/319	Map 4: 1/1	Map 5: 1/1	Map 6: 1/1	Reducer 2: 0(+1)/1	Reducer 3: 0/1	
INFO  : Map 1: 288(+31)/319	Map 4: 1/1	Map 5: 1/1	Map 6: 1/1	Reducer 2: 0(+1)/1	Reducer 3: 0/1	
INFO  : Map 1: 292(+27)/319	Map 4: 1/1	Map 5: 1/1	Map 6: 1/1	Reducer 2: 0(+1)/1	Reducer 3: 0/1	
INFO  : Map 1: 295(+24)/319	Map 4: 1/1	Map 5: 1/1	Map 6: 1/1	Reducer 2: 0(+1)/1	Reducer 3: 0/1	
INFO  : Map 1: 297(+22)/319	Map 4: 1/1	Map 5: 1/1	Map 6: 1/1	Reducer 2: 0(+1)/1	Reducer 3: 0/1	
INFO  : Map 1: 299(+20)/319	Map 4: 1/1	Map 5: 1/1	Map 6: 1/1	Reducer 2: 0(+1)/1	Reducer 3: 0/1	
INFO  : Map 1: 301(+18)/319	Map 4: 1/1	Map 5: 1/1	Map 6: 1/1	Reducer 2: 0(+1)/1	Reducer 3: 0/1	
INFO  : Map 1: 304(+15)/319	Map 4: 1/1	Map 5: 1/1	Map 6: 1/1	Reducer 2: 0(+1)/1	Reducer 3: 0/1	
INFO  : Map 1: 309(+10)/319	Map 4: 1/1	Map 5: 1/1	Map 6: 1/1	Reducer 2: 0(+1)/1	Reducer 3: 0/1	
INFO  : Map 1: 310(+9)/319	Map 4: 1/1	Map 5: 1/1	Map 6: 1/1	Reducer 2: 0(+1)/1	Reducer 3: 0/1	
INFO  : Map 1: 313(+6)/319	Map 4: 1/1	Map 5: 1/1	Map 6: 1/1	Reducer 2: 0(+1)/1	Reducer 3: 0/1	
INFO  : Map 1: 314(+5)/319	Map 4: 1/1	Map 5: 1/1	Map 6: 1/1	Reducer 2: 0(+1)/1	Reducer 3: 0/1	
INFO  : Map 1: 315(+4)/319	Map 4: 1/1	Map 5: 1/1	Map 6: 1/1	Reducer 2: 0(+1)/1	Reducer 3: 0/1	
INFO  : Map 1: 316(+3)/319	Map 4: 1/1	Map 5: 1/1	Map 6: 1/1	Reducer 2: 0(+1)/1	Reducer 3: 0/1	
INFO  : Map 1: 317(+2)/319	Map 4: 1/1	Map 5: 1/1	Map 6: 1/1	Reducer 2: 0(+1)/1	Reducer 3: 0/1	
INFO  : Map 1: 318(+1)/319	Map 4: 1/1	Map 5: 1/1	Map 6: 1/1	Reducer 2: 0(+1)/1	Reducer 3: 0/1	
INFO  : Map 1: 319/319	Map 4: 1/1	Map 5: 1/1	Map 6: 1/1	Reducer 2: 0(+1)/1	Reducer 3: 0/1	
INFO  : Map 1: 319/319	Map 4: 1/1	Map 5: 1/1	Map 6: 1/1	Reducer 2: 1/1	Reducer 3: 0(+1)/1	
INFO  : Map 1: 319/319	Map 4: 1/1	Map 5: 1/1	Map 6: 1/1	Reducer 2: 1/1	Reducer 3: 1/1	
INFO  : Status: DAG finished successfully in 38.18 seconds
INFO  : 
INFO  : Query Execution Summary
INFO  : ----------------------------------------------------------------------------------------------
INFO  : ----------------------------------------------------------------------------------------------
INFO  : Compile Query                           0.50s
INFO  : Prepare Plan                            0.26s
INFO  : Submit Plan                             4.86s
INFO  : Start DAG                               0.37s
INFO  : Run DAG                                38.18s
INFO  : ----------------------------------------------------------------------------------------------
INFO  : 
INFO  : Task Execution Summary
INFO  : --------------------------------------------------------------------------------------------------------------------------------
INFO  : --------------------------------------------------------------------------------------------------------------------------------
INFO  :      Map 1          319                0             0       35157.00             0            0 28,800,428,969             319
INFO  :      Map 4            1                0             0         415.00             0            0          7,200             720
INFO  :      Map 5            1                0             0         214.00             0            0         20,000           1,800
INFO  :      Map 6            1                0             0         415.00             0            0          1,500             181
INFO  :  Reducer 2            1                0             0       22699.00             0            0            319               1
INFO  :  Reducer 3            1                0             0         161.00             0            0              1               0
INFO  : --------------------------------------------------------------------------------------------------------------------------------
INFO  : 
INFO  : LLAP IO Summary
INFO  : ----------------------------------------------------------------------------------------------
INFO  : ----------------------------------------------------------------------------------------------
INFO  :      Map 1   2890472     21982      17200   57.77GB    51.38GB     96.90GB  82.13GB  5246.01s
INFO  :      Map 4         1         0          2        0B       134B    524.29KB     317B     0.00s
INFO  :      Map 5         2         2          0    4.74KB         0B          0B       0B     0.01s
INFO  :      Map 6         1         0          2        0B       671B    524.29KB     958B     0.02s
INFO  : ----------------------------------------------------------------------------------------------
INFO  : 
INFO  : FileSystem Counters Summary
INFO  : 
INFO  : ----------------------------------------------------------------------------------------------
INFO  : ----------------------------------------------------------------------------------------------
INFO  :      Map 1         20.42KB             0                  0            18.82KB             0
INFO  :      Map 4              0B             0                  0             3.08KB             0
INFO  :      Map 5              0B             0                  0             7.23KB             0
INFO  :      Map 6              0B             0                  0               773B             0
INFO  :  Reducer 2             64B             0                  0                64B             0
INFO  :  Reducer 3              0B             0                  0                 0B             0
INFO  : ----------------------------------------------------------------------------------------------
INFO  : 
INFO  : ----------------------------------------------------------------------------------------------
INFO  : ----------------------------------------------------------------------------------------------
INFO  :      Map 1         51.53GB         11318                  0                 0B             0
INFO  :      Map 4          1.79KB             4                  0                 0B             0
INFO  :      Map 5              0B             0                  0                 0B             0
INFO  :      Map 6         17.90KB             4                  0                 0B             0
INFO  :  Reducer 2              0B             0                  0                 0B             0
INFO  :  Reducer 3              0B             2                  0               107B             2
INFO  : ----------------------------------------------------------------------------------------------
INFO  : 
INFO  : org.apache.tez.common.counters.DAGCounter:
INFO  :    NUM_SUCCEEDED_TASKS: 324
INFO  :    TOTAL_LAUNCHED_TASKS: 324
INFO  :    DATA_LOCAL_TASKS: 322
INFO  :    AM_CPU_MILLISECONDS: 36530
INFO  :    AM_GC_TIME_MILLIS: 271
INFO  : File System Counters:
INFO  :    FILE_BYTES_READ: 20480
INFO  :    FILE_BYTES_WRITTEN: 29969
INFO  :    FILE_READ_OPS: 0
INFO  :    FILE_LARGE_READ_OPS: 0
INFO  :    FILE_WRITE_OPS: 0
INFO  :    HDFS_BYTES_READ: 51533986263
INFO  :    HDFS_BYTES_WRITTEN: 107
INFO  :    HDFS_READ_OPS: 11328
INFO  :    HDFS_LARGE_READ_OPS: 0
INFO  :    HDFS_WRITE_OPS: 2
INFO  : org.apache.tez.common.counters.TaskCounter:
INFO  :    REDUCE_INPUT_GROUPS: 2
INFO  :    REDUCE_INPUT_RECORDS: 320
INFO  :    COMBINE_INPUT_RECORDS: 0
INFO  :    SPILLED_RECORDS: 640
INFO  :    NUM_SHUFFLED_INPUTS: 347
INFO  :    NUM_SKIPPED_INPUTS: 0
INFO  :    NUM_FAILED_SHUFFLE_INPUTS: 0
INFO  :    MERGED_MAP_OUTPUTS: 320
INFO  :    INPUT_RECORDS_PROCESSED: 28825478
INFO  :    INPUT_SPLIT_LENGTH_BYTES: 1581157819084
INFO  :    OUTPUT_RECORDS: 3021
INFO  :    OUTPUT_LARGE_RECORDS: 0
INFO  :    OUTPUT_BYTES: 15110
INFO  :    OUTPUT_BYTES_WITH_OVERHEAD: 23090
INFO  :    OUTPUT_BYTES_PHYSICAL: 19705
INFO  :    ADDITIONAL_SPILLS_BYTES_WRITTEN: 1216
INFO  :    ADDITIONAL_SPILLS_BYTES_READ: 2134
INFO  :    ADDITIONAL_SPILL_COUNT: 0
INFO  :    SHUFFLE_CHUNK_COUNT: 320
INFO  :    SHUFFLE_BYTES: 107537
INFO  :    SHUFFLE_BYTES_DECOMPRESSED: 174490
INFO  :    SHUFFLE_BYTES_TO_MEM: 95631
INFO  :    SHUFFLE_BYTES_TO_DISK: 0
INFO  :    SHUFFLE_BYTES_DISK_DIRECT: 11906
INFO  :    NUM_MEM_TO_DISK_MERGES: 0
INFO  :    NUM_DISK_TO_DISK_MERGES: 0
INFO  :    SHUFFLE_PHASE_TIME: 22844
INFO  :    MERGE_PHASE_TIME: 22473
INFO  :    FIRST_EVENT_RECEIVED: 151
INFO  :    LAST_EVENT_RECEIVED: 22514
INFO  : HIVE:
INFO  :    CREATED_FILES: 1
INFO  :    DESERIALIZE_ERRORS: 0
INFO  :    RECORDS_IN_Map_1: 28800426268
INFO  :    RECORDS_IN_Map_4: 7200
INFO  :    RECORDS_IN_Map_5: 20000
INFO  :    RECORDS_IN_Map_6: 1500
INFO  :    RECORDS_OUT_0: 1
INFO  :    RECORDS_OUT_INTERMEDIATE_Map_1: 319
INFO  :    RECORDS_OUT_INTERMEDIATE_Map_4: 720
INFO  :    RECORDS_OUT_INTERMEDIATE_Map_5: 1800
INFO  :    RECORDS_OUT_INTERMEDIATE_Map_6: 181
INFO  :    RECORDS_OUT_INTERMEDIATE_Reducer_2: 1
INFO  : Shuffle Errors:
INFO  :    BAD_ID: 0
INFO  :    CONNECTION: 0
INFO  :    IO_ERROR: 0
INFO  :    WRONG_LENGTH: 0
INFO  :    WRONG_MAP: 0
INFO  :    WRONG_REDUCE: 0
INFO  : Shuffle Errors_Reducer_2_INPUT_Map_1:
INFO  :    BAD_ID: 0
INFO  :    CONNECTION: 0
INFO  :    IO_ERROR: 0
INFO  :    WRONG_LENGTH: 0
INFO  :    WRONG_MAP: 0
INFO  :    WRONG_REDUCE: 0
INFO  : Shuffle Errors_Reducer_3_INPUT_Reducer_2:
INFO  :    BAD_ID: 0
INFO  :    CONNECTION: 0
INFO  :    IO_ERROR: 0
INFO  :    WRONG_LENGTH: 0
INFO  :    WRONG_MAP: 0
INFO  :    WRONG_REDUCE: 0
INFO  : TaskCounter_Map_1_INPUT_Map_4:
INFO  :    FIRST_EVENT_RECEIVED: 45
INFO  :    INPUT_RECORDS_PROCESSED: 6480
INFO  :    LAST_EVENT_RECEIVED: 45
INFO  :    NUM_FAILED_SHUFFLE_INPUTS: 0
INFO  :    NUM_SHUFFLED_INPUTS: 9
INFO  :    SHUFFLE_BYTES: 27441
INFO  :    SHUFFLE_BYTES_DECOMPRESSED: 45414
INFO  :    SHUFFLE_BYTES_DISK_DIRECT: 3049
INFO  :    SHUFFLE_BYTES_TO_DISK: 0
INFO  :    SHUFFLE_BYTES_TO_MEM: 24392
INFO  :    SHUFFLE_PHASE_TIME: 106
INFO  : TaskCounter_Map_1_INPUT_Map_5:
INFO  :    FIRST_EVENT_RECEIVED: 22
INFO  :    INPUT_RECORDS_PROCESSED: 16200
INFO  :    LAST_EVENT_RECEIVED: 22
INFO  :    NUM_FAILED_SHUFFLE_INPUTS: 0
INFO  :    NUM_SHUFFLED_INPUTS: 9
INFO  :    SHUFFLE_BYTES: 64782
INFO  :    SHUFFLE_BYTES_DECOMPRESSED: 113454
INFO  :    SHUFFLE_BYTES_DISK_DIRECT: 7198
INFO  :    SHUFFLE_BYTES_TO_DISK: 0
INFO  :    SHUFFLE_BYTES_TO_MEM: 57584
INFO  :    SHUFFLE_PHASE_TIME: 186
INFO  : TaskCounter_Map_1_INPUT_Map_6:
INFO  :    FIRST_EVENT_RECEIVED: 18
INFO  :    INPUT_RECORDS_PROCESSED: 1629
INFO  :    LAST_EVENT_RECEIVED: 18
INFO  :    NUM_FAILED_SHUFFLE_INPUTS: 0
INFO  :    NUM_SHUFFLED_INPUTS: 9
INFO  :    SHUFFLE_BYTES: 6669
INFO  :    SHUFFLE_BYTES_DECOMPRESSED: 11457
INFO  :    SHUFFLE_BYTES_DISK_DIRECT: 741
INFO  :    SHUFFLE_BYTES_TO_DISK: 0
INFO  :    SHUFFLE_BYTES_TO_MEM: 5928
INFO  :    SHUFFLE_PHASE_TIME: 109
INFO  : TaskCounter_Map_1_INPUT_store_sales:
INFO  :    INPUT_RECORDS_PROCESSED: 28801139
INFO  :    INPUT_SPLIT_LENGTH_BYTES: 1581157241936
INFO  : TaskCounter_Map_1_OUTPUT_Reducer_2:
INFO  :    ADDITIONAL_SPILLS_BYTES_READ: 0
INFO  :    ADDITIONAL_SPILLS_BYTES_WRITTEN: 0
INFO  :    ADDITIONAL_SPILL_COUNT: 0
INFO  :    OUTPUT_BYTES: 1595
INFO  :    OUTPUT_BYTES_PHYSICAL: 8613
INFO  :    OUTPUT_BYTES_WITH_OVERHEAD: 4147
INFO  :    OUTPUT_RECORDS: 319
INFO  :    SHUFFLE_CHUNK_COUNT: 319
INFO  :    SPILLED_RECORDS: 319
INFO  : TaskCounter_Map_4_INPUT_household_demographics:
INFO  :    INPUT_RECORDS_PROCESSED: 8
INFO  :    INPUT_SPLIT_LENGTH_BYTES: 1147
INFO  : TaskCounter_Map_4_OUTPUT_Map_1:
INFO  :    ADDITIONAL_SPILLS_BYTES_READ: 0
INFO  :    ADDITIONAL_SPILLS_BYTES_WRITTEN: 0
INFO  :    ADDITIONAL_SPILL_COUNT: 0
INFO  :    OUTPUT_BYTES: 3600
INFO  :    OUTPUT_BYTES_PHYSICAL: 3073
INFO  :    OUTPUT_BYTES_WITH_OVERHEAD: 5046
INFO  :    OUTPUT_LARGE_RECORDS: 0
INFO  :    OUTPUT_RECORDS: 720
INFO  :    SPILLED_RECORDS: 0
INFO  : TaskCounter_Map_5_INPUT_time_dim:
INFO  :    INPUT_RECORDS_PROCESSED: 20
INFO  :    INPUT_SPLIT_LENGTH_BYTES: 448579
INFO  : TaskCounter_Map_5_OUTPUT_Map_1:
INFO  :    ADDITIONAL_SPILLS_BYTES_READ: 0
INFO  :    ADDITIONAL_SPILLS_BYTES_WRITTEN: 0
INFO  :    ADDITIONAL_SPILL_COUNT: 0
INFO  :    OUTPUT_BYTES: 9000
INFO  :    OUTPUT_BYTES_PHYSICAL: 7222
INFO  :    OUTPUT_BYTES_WITH_OVERHEAD: 12606
INFO  :    OUTPUT_LARGE_RECORDS: 0
INFO  :    OUTPUT_RECORDS: 1800
INFO  :    SPILLED_RECORDS: 0
INFO  : TaskCounter_Map_6_INPUT_store:
INFO  :    INPUT_RECORDS_PROCESSED: 2
INFO  :    INPUT_SPLIT_LENGTH_BYTES: 127422
INFO  : TaskCounter_Map_6_OUTPUT_Map_1:
INFO  :    ADDITIONAL_SPILLS_BYTES_READ: 0
INFO  :    ADDITIONAL_SPILLS_BYTES_WRITTEN: 0
INFO  :    ADDITIONAL_SPILL_COUNT: 0
INFO  :    OUTPUT_BYTES: 905
INFO  :    OUTPUT_BYTES_PHYSICAL: 765
INFO  :    OUTPUT_BYTES_WITH_OVERHEAD: 1273
INFO  :    OUTPUT_LARGE_RECORDS: 0
INFO  :    OUTPUT_RECORDS: 181
INFO  :    SPILLED_RECORDS: 0
INFO  : TaskCounter_Reducer_2_INPUT_Map_1:
INFO  :    ADDITIONAL_SPILLS_BYTES_READ: 2102
INFO  :    ADDITIONAL_SPILLS_BYTES_WRITTEN: 1184
INFO  :    COMBINE_INPUT_RECORDS: 0
INFO  :    FIRST_EVENT_RECEIVED: 65
INFO  :    LAST_EVENT_RECEIVED: 22428
INFO  :    MERGED_MAP_OUTPUTS: 319
INFO  :    MERGE_PHASE_TIME: 22468
INFO  :    NUM_DISK_TO_DISK_MERGES: 0
INFO  :    NUM_FAILED_SHUFFLE_INPUTS: 0
INFO  :    NUM_MEM_TO_DISK_MERGES: 0
INFO  :    NUM_SHUFFLED_INPUTS: 319
INFO  :    NUM_SKIPPED_INPUTS: 0
INFO  :    REDUCE_INPUT_GROUPS: 1
INFO  :    REDUCE_INPUT_RECORDS: 319
INFO  :    SHUFFLE_BYTES: 8613
INFO  :    SHUFFLE_BYTES_DECOMPRESSED: 4147
INFO  :    SHUFFLE_BYTES_DISK_DIRECT: 918
INFO  :    SHUFFLE_BYTES_TO_DISK: 0
INFO  :    SHUFFLE_BYTES_TO_MEM: 7695
INFO  :    SHUFFLE_PHASE_TIME: 22439
INFO  :    SPILLED_RECORDS: 319
INFO  : TaskCounter_Reducer_2_OUTPUT_Reducer_3:
INFO  :    ADDITIONAL_SPILLS_BYTES_READ: 0
INFO  :    ADDITIONAL_SPILLS_BYTES_WRITTEN: 0
INFO  :    ADDITIONAL_SPILL_COUNT: 0
INFO  :    OUTPUT_BYTES: 10
INFO  :    OUTPUT_BYTES_PHYSICAL: 32
INFO  :    OUTPUT_BYTES_WITH_OVERHEAD: 18
INFO  :    OUTPUT_RECORDS: 1
INFO  :    SHUFFLE_CHUNK_COUNT: 1
INFO  :    SPILLED_RECORDS: 1
INFO  : TaskCounter_Reducer_3_INPUT_Reducer_2:
INFO  :    ADDITIONAL_SPILLS_BYTES_READ: 32
INFO  :    ADDITIONAL_SPILLS_BYTES_WRITTEN: 32
INFO  :    COMBINE_INPUT_RECORDS: 0
INFO  :    FIRST_EVENT_RECEIVED: 1
INFO  :    LAST_EVENT_RECEIVED: 1
INFO  :    MERGED_MAP_OUTPUTS: 1
INFO  :    MERGE_PHASE_TIME: 5
INFO  :    NUM_DISK_TO_DISK_MERGES: 0
INFO  :    NUM_FAILED_SHUFFLE_INPUTS: 0
INFO  :    NUM_MEM_TO_DISK_MERGES: 0
INFO  :    NUM_SHUFFLED_INPUTS: 1
INFO  :    NUM_SKIPPED_INPUTS: 0
INFO  :    REDUCE_INPUT_GROUPS: 1
INFO  :    REDUCE_INPUT_RECORDS: 1
INFO  :    SHUFFLE_BYTES: 32
INFO  :    SHUFFLE_BYTES_DECOMPRESSED: 18
INFO  :    SHUFFLE_BYTES_DISK_DIRECT: 0
INFO  :    SHUFFLE_BYTES_TO_DISK: 0
INFO  :    SHUFFLE_BYTES_TO_MEM: 32
INFO  :    SHUFFLE_PHASE_TIME: 4
INFO  :    SPILLED_RECORDS: 1
INFO  : TaskCounter_Reducer_3_OUTPUT_out_Reducer_3:
INFO  :    OUTPUT_RECORDS: 0
INFO  : org.apache.hadoop.hive.llap.counters.LlapIOCounters:
INFO  :    ALLOCATED_BYTES: 96903888896
INFO  :    ALLOCATED_USED_BYTES: 82125550715
INFO  :    CACHE_HIT_BYTES: 57766061453
INFO  :    CACHE_MISS_BYTES: 51378021604
INFO  :    CONSUMER_TIME_NS: 4486508092885
INFO  :    DECODE_TIME_NS: 2837345221530
INFO  :    HDFS_TIME_NS: 1725686500300
INFO  :    METADATA_CACHE_HIT: 21984
INFO  :    METADATA_CACHE_MISS: 17204
INFO  :    NUM_DECODED_BATCHES: 2890476
INFO  :    NUM_VECTOR_BATCHES: 28801171
INFO  :    ROWS_EMITTED: 28800454968
INFO  :    SELECTED_ROWGROUPS: 2890476
INFO  :    TOTAL_IO_TIME_NS: 5246037885780
INFO  : Completed executing command(queryId=hive_20161019182503_f0d380d7-cf0a-4c54-bf55-6eb76908b4fa); Time taken: 43.73 seconds
INFO  : OK
1 row selected (44.266 seconds)
Closing: 0: jdbc:hive2://h01hn02:10500/tpcds_bin_partitioned_orc_10000
