Connecting to jdbc:hive2://h01hn02:10500/tpcds_bin_partitioned_orc_10000
Connected to: Apache Hive (version 2.1.0.2.5.1.0-43)
Driver: Hive JDBC (version 1.2.1000.2.5.1.0-43)
Transaction isolation: TRANSACTION_REPEATABLE_READ
Running init script bry.sql
No rows affected (0.04 seconds)
INFO  : Compiling command(queryId=hive_20161020162318_d1ee9e38-09ed-4192-83a9-0f21d48eccb5): SELECT sum(cs1.cs_ext_discount_amt) as excess_discount_amount
FROM (SELECT cs.cs_item_sk as cs_item_sk,
                             cs.cs_ext_discount_amt as cs_ext_discount_amt
             FROM catalog_sales cs
             JOIN date_dim d ON (d.d_date_sk = cs.cs_sold_date_sk)
             WHERE d.d_date between '2000-01-27' and '2000-04-27') cs1
JOIN item i ON (i.i_item_sk = cs1.cs_item_sk)
JOIN (SELECT cs2.cs_item_sk as cs_item_sk,
                          1.3 * avg(cs_ext_discount_amt) as avg_cs_ext_discount_amt
           FROM (SELECT cs.cs_item_sk as cs_item_sk,
                                        cs.cs_ext_discount_amt as cs_ext_discount_amt
                        FROM catalog_sales cs
                        JOIN date_dim d ON (d.d_date_sk = cs.cs_sold_date_sk)
                        WHERE d.d_date between '2000-01-27' and '2000-04-27') cs2
                        GROUP BY cs2.cs_item_sk) tmp1
ON (i.i_item_sk = tmp1.cs_item_sk)
WHERE i.i_manufact_id = 436 and
               cs1.cs_ext_discount_amt > tmp1.avg_cs_ext_discount_amt
INFO  : Semantic Analysis Completed
INFO  : Returning Hive schema: Schema(fieldSchemas:[FieldSchema(name:excess_discount_amount, type:double, comment:null)], properties:null)
INFO  : Completed compiling command(queryId=hive_20161020162318_d1ee9e38-09ed-4192-83a9-0f21d48eccb5); Time taken: 0.944 seconds
INFO  : Concurrency mode is disabled, not creating a lock manager
INFO  : Executing command(queryId=hive_20161020162318_d1ee9e38-09ed-4192-83a9-0f21d48eccb5): SELECT sum(cs1.cs_ext_discount_amt) as excess_discount_amount
FROM (SELECT cs.cs_item_sk as cs_item_sk,
                             cs.cs_ext_discount_amt as cs_ext_discount_amt
             FROM catalog_sales cs
             JOIN date_dim d ON (d.d_date_sk = cs.cs_sold_date_sk)
             WHERE d.d_date between '2000-01-27' and '2000-04-27') cs1
JOIN item i ON (i.i_item_sk = cs1.cs_item_sk)
JOIN (SELECT cs2.cs_item_sk as cs_item_sk,
                          1.3 * avg(cs_ext_discount_amt) as avg_cs_ext_discount_amt
           FROM (SELECT cs.cs_item_sk as cs_item_sk,
                                        cs.cs_ext_discount_amt as cs_ext_discount_amt
                        FROM catalog_sales cs
                        JOIN date_dim d ON (d.d_date_sk = cs.cs_sold_date_sk)
                        WHERE d.d_date between '2000-01-27' and '2000-04-27') cs2
                        GROUP BY cs2.cs_item_sk) tmp1
ON (i.i_item_sk = tmp1.cs_item_sk)
WHERE i.i_manufact_id = 436 and
               cs1.cs_ext_discount_amt > tmp1.avg_cs_ext_discount_amt
INFO  : Query ID = hive_20161020162318_d1ee9e38-09ed-4192-83a9-0f21d48eccb5
INFO  : Total jobs = 1
INFO  : Launching Job 1 out of 1
INFO  : Starting task [Stage-1:MAPRED] in serial mode
INFO  : Session is already open
INFO  : Dag name: SELECT sum(cs1.cs_ext..._cs_ext_discount_amt(Stage-1)
INFO  : Setting tez.task.scale.memory.reserve-fraction to 0.30000001192092896
INFO  : Setting tez.task.scale.memory.reserve-fraction to 0.30000001192092896
INFO  : Setting tez.task.scale.memory.reserve-fraction to 0.30000001192092896
INFO  : 

INFO  : Status: Running (Executing on YARN cluster with App id application_1476988466894_0244)

INFO  : Map 1: -/-	Map 2: 1/1	Map 3: 7/7	Map 4: -/-	Map 8: 1/1	Reducer 5: 0/1009	Reducer 6: 0/1009	Reducer 7: 0/1	
INFO  : Map 1: 0/184	Map 2: 1/1	Map 3: 7/7	Map 4: 0(+2)/184	Map 8: 1/1	Reducer 5: 0/1009	Reducer 6: 0/1009	Reducer 7: 0/1	
INFO  : Map 1: 0(+168)/184	Map 2: 1/1	Map 3: 7/7	Map 4: 0(+184)/184	Map 8: 1/1	Reducer 5: 0/1009	Reducer 6: 0/1009	Reducer 7: 0/1	
INFO  : Map 1: 1(+167)/184	Map 2: 1/1	Map 3: 7/7	Map 4: 0(+184)/184	Map 8: 1/1	Reducer 5: 0/1009	Reducer 6: 0/1009	Reducer 7: 0/1	
INFO  : Map 1: 5(+163)/184	Map 2: 1/1	Map 3: 7/7	Map 4: 0(+184)/184	Map 8: 1/1	Reducer 5: 0/1009	Reducer 6: 0/1009	Reducer 7: 0/1	
INFO  : Map 1: 14(+153)/184	Map 2: 1/1	Map 3: 7/7	Map 4: 0(+184)/184	Map 8: 1/1	Reducer 5: 0/1009	Reducer 6: 0/1009	Reducer 7: 0/1	
INFO  : Map 1: 23(+145)/184	Map 2: 1/1	Map 3: 7/7	Map 4: 0(+184)/184	Map 8: 1/1	Reducer 5: 0/1009	Reducer 6: 0/1009	Reducer 7: 0/1	
INFO  : Map 1: 31(+137)/184	Map 2: 1/1	Map 3: 7/7	Map 4: 0(+184)/184	Map 8: 1/1	Reducer 5: 0/1009	Reducer 6: 0/1009	Reducer 7: 0/1	
INFO  : Map 1: 42(+128)/184	Map 2: 1/1	Map 3: 7/7	Map 4: 0(+184)/184	Map 8: 1/1	Reducer 5: 0/1009	Reducer 6: 0/1009	Reducer 7: 0/1	
INFO  : Map 1: 50(+120)/184	Map 2: 1/1	Map 3: 7/7	Map 4: 0(+184)/184	Map 8: 1/1	Reducer 5: 0/1009	Reducer 6: 0/1009	Reducer 7: 0/1	
INFO  : Map 1: 63(+107)/184	Map 2: 1/1	Map 3: 7/7	Map 4: 0(+184)/184	Map 8: 1/1	Reducer 5: 0/1009	Reducer 6: 0/1009	Reducer 7: 0/1	
INFO  : Map 1: 80(+91)/184	Map 2: 1/1	Map 3: 7/7	Map 4: 0(+184)/184	Map 8: 1/1	Reducer 5: 0/1009	Reducer 6: 0/1009	Reducer 7: 0/1	
INFO  : Map 1: 89(+84)/184	Map 2: 1/1	Map 3: 7/7	Map 4: 1(+183)/184	Map 8: 1/1	Reducer 5: 0/1009	Reducer 6: 0/1009	Reducer 7: 0/1	
INFO  : Map 1: 93(+81)/184	Map 2: 1/1	Map 3: 7/7	Map 4: 1(+183)/184	Map 8: 1/1	Reducer 5: 0/1009	Reducer 6: 0/1009	Reducer 7: 0/1	
INFO  : Map 1: 103(+71)/184	Map 2: 1/1	Map 3: 7/7	Map 4: 3(+181)/184	Map 8: 1/1	Reducer 5: 0/1009	Reducer 6: 0/1009	Reducer 7: 0/1	
INFO  : Map 1: 114(+60)/184	Map 2: 1/1	Map 3: 7/7	Map 4: 6(+178)/184	Map 8: 1/1	Reducer 5: 0/1009	Reducer 6: 0/1009	Reducer 7: 0/1	
INFO  : Map 1: 119(+55)/184	Map 2: 1/1	Map 3: 7/7	Map 4: 6(+178)/184	Map 8: 1/1	Reducer 5: 0/1009	Reducer 6: 0/1009	Reducer 7: 0/1	
INFO  : Map 1: 127(+49)/184	Map 2: 1/1	Map 3: 7/7	Map 4: 9(+175)/184	Map 8: 1/1	Reducer 5: 0/1009	Reducer 6: 0/1009	Reducer 7: 0/1	
INFO  : Map 1: 132(+45)/184	Map 2: 1/1	Map 3: 7/7	Map 4: 14(+170)/184	Map 8: 1/1	Reducer 5: 0/1009	Reducer 6: 0/1009	Reducer 7: 0/1	
INFO  : Map 1: 141(+37)/184	Map 2: 1/1	Map 3: 7/7	Map 4: 17(+167)/184	Map 8: 1/1	Reducer 5: 0/1009	Reducer 6: 0/1009	Reducer 7: 0/1	
INFO  : Map 1: 150(+30)/184	Map 2: 1/1	Map 3: 7/7	Map 4: 19(+165)/184	Map 8: 1/1	Reducer 5: 0/1009	Reducer 6: 0/1009	Reducer 7: 0/1	
INFO  : Map 1: 153(+29)/184	Map 2: 1/1	Map 3: 7/7	Map 4: 26(+158)/184	Map 8: 1/1	Reducer 5: 0/1009	Reducer 6: 0/1009	Reducer 7: 0/1	
INFO  : Map 1: 158(+25)/184	Map 2: 1/1	Map 3: 7/7	Map 4: 28(+156)/184	Map 8: 1/1	Reducer 5: 0/1009	Reducer 6: 0/1009	Reducer 7: 0/1	
INFO  : Map 1: 163(+21)/184	Map 2: 1/1	Map 3: 7/7	Map 4: 33(+151)/184	Map 8: 1/1	Reducer 5: 0/1009	Reducer 6: 0/1009	Reducer 7: 0/1	
INFO  : Map 1: 167(+17)/184	Map 2: 1/1	Map 3: 7/7	Map 4: 36(+148)/184	Map 8: 1/1	Reducer 5: 0/1009	Reducer 6: 0/1009	Reducer 7: 0/1	
INFO  : Map 1: 167(+17)/184	Map 2: 1/1	Map 3: 7/7	Map 4: 43(+141)/184	Map 8: 1/1	Reducer 5: 0/1009	Reducer 6: 0/1009	Reducer 7: 0/1	
INFO  : Map 1: 171(+13)/184	Map 2: 1/1	Map 3: 7/7	Map 4: 49(+135)/184	Map 8: 1/1	Reducer 5: 0(+11)/253	Reducer 6: 0/1009	Reducer 7: 0/1	
INFO  : Map 1: 177(+7)/184	Map 2: 1/1	Map 3: 7/7	Map 4: 54(+130)/184	Map 8: 1/1	Reducer 5: 0(+22)/253	Reducer 6: 0/1009	Reducer 7: 0/1	
INFO  : Map 1: 182(+2)/184	Map 2: 1/1	Map 3: 7/7	Map 4: 56(+128)/184	Map 8: 1/1	Reducer 5: 0(+28)/253	Reducer 6: 0/1009	Reducer 7: 0/1	
INFO  : Map 1: 183(+1)/184	Map 2: 1/1	Map 3: 7/7	Map 4: 61(+123)/184	Map 8: 1/1	Reducer 5: 0(+42)/253	Reducer 6: 0/1009	Reducer 7: 0/1	
INFO  : Map 1: 184/184	Map 2: 1/1	Map 3: 7/7	Map 4: 66(+118)/184	Map 8: 1/1	Reducer 5: 0(+56)/253	Reducer 6: 0/1009	Reducer 7: 0/1	
INFO  : Map 1: 184/184	Map 2: 1/1	Map 3: 7/7	Map 4: 68(+116)/184	Map 8: 1/1	Reducer 5: 0(+61)/253	Reducer 6: 0/1009	Reducer 7: 0/1	
INFO  : Map 1: 184/184	Map 2: 1/1	Map 3: 7/7	Map 4: 69(+115)/184	Map 8: 1/1	Reducer 5: 0(+64)/253	Reducer 6: 0/1009	Reducer 7: 0/1	
INFO  : Map 1: 184/184	Map 2: 1/1	Map 3: 7/7	Map 4: 71(+113)/184	Map 8: 1/1	Reducer 5: 0(+69)/253	Reducer 6: 0/1009	Reducer 7: 0/1	
INFO  : Map 1: 184/184	Map 2: 1/1	Map 3: 7/7	Map 4: 76(+108)/184	Map 8: 1/1	Reducer 5: 0(+83)/253	Reducer 6: 0/1009	Reducer 7: 0/1	
INFO  : Map 1: 184/184	Map 2: 1/1	Map 3: 7/7	Map 4: 80(+104)/184	Map 8: 1/1	Reducer 5: 0(+94)/253	Reducer 6: 0/1009	Reducer 7: 0/1	
INFO  : Map 1: 184/184	Map 2: 1/1	Map 3: 7/7	Map 4: 86(+98)/184	Map 8: 1/1	Reducer 5: 0(+111)/253	Reducer 6: 0/1009	Reducer 7: 0/1	
INFO  : Map 1: 184/184	Map 2: 1/1	Map 3: 7/7	Map 4: 92(+92)/184	Map 8: 1/1	Reducer 5: 0(+127)/253	Reducer 6: 0/1009	Reducer 7: 0/1	
INFO  : Map 1: 184/184	Map 2: 1/1	Map 3: 7/7	Map 4: 95(+89)/184	Map 8: 1/1	Reducer 5: 0(+135)/253	Reducer 6: 0/1009	Reducer 7: 0/1	
INFO  : Map 1: 184/184	Map 2: 1/1	Map 3: 7/7	Map 4: 97(+87)/184	Map 8: 1/1	Reducer 5: 0(+141)/253	Reducer 6: 0/1009	Reducer 7: 0/1	
INFO  : Map 1: 184/184	Map 2: 1/1	Map 3: 7/7	Map 4: 100(+84)/184	Map 8: 1/1	Reducer 5: 0(+149)/253	Reducer 6: 0/1009	Reducer 7: 0/1	
INFO  : Map 1: 184/184	Map 2: 1/1	Map 3: 7/7	Map 4: 101(+83)/184	Map 8: 1/1	Reducer 5: 0(+152)/253	Reducer 6: 0/1009	Reducer 7: 0/1	
INFO  : Map 1: 184/184	Map 2: 1/1	Map 3: 7/7	Map 4: 107(+77)/184	Map 8: 1/1	Reducer 5: 0(+168)/253	Reducer 6: 0/1009	Reducer 7: 0/1	
INFO  : Map 1: 184/184	Map 2: 1/1	Map 3: 7/7	Map 4: 109(+75)/184	Map 8: 1/1	Reducer 5: 0(+174)/253	Reducer 6: 0/1009	Reducer 7: 0/1	
INFO  : Map 1: 184/184	Map 2: 1/1	Map 3: 7/7	Map 4: 110(+74)/184	Map 8: 1/1	Reducer 5: 0(+176)/253	Reducer 6: 0/1009	Reducer 7: 0/1	
INFO  : Map 1: 184/184	Map 2: 1/1	Map 3: 7/7	Map 4: 111(+73)/184	Map 8: 1/1	Reducer 5: 0(+176)/253	Reducer 6: 0/1009	Reducer 7: 0/1	
INFO  : Map 1: 184/184	Map 2: 1/1	Map 3: 7/7	Map 4: 113(+71)/184	Map 8: 1/1	Reducer 5: 0(+185)/253	Reducer 6: 0/1009	Reducer 7: 0/1	
INFO  : Map 1: 184/184	Map 2: 1/1	Map 3: 7/7	Map 4: 122(+62)/184	Map 8: 1/1	Reducer 5: 0(+210)/253	Reducer 6: 0/1009	Reducer 7: 0/1	
INFO  : Map 1: 184/184	Map 2: 1/1	Map 3: 7/7	Map 4: 128(+56)/184	Map 8: 1/1	Reducer 5: 0(+226)/253	Reducer 6: 0/1009	Reducer 7: 0/1	
INFO  : Map 1: 184/184	Map 2: 1/1	Map 3: 7/7	Map 4: 131(+53)/184	Map 8: 1/1	Reducer 5: 0(+234)/253	Reducer 6: 0/1009	Reducer 7: 0/1	
INFO  : Map 1: 184/184	Map 2: 1/1	Map 3: 7/7	Map 4: 134(+50)/184	Map 8: 1/1	Reducer 5: 0(+242)/253	Reducer 6: 0/1009	Reducer 7: 0/1	
INFO  : Map 1: 184/184	Map 2: 1/1	Map 3: 7/7	Map 4: 137(+47)/184	Map 8: 1/1	Reducer 5: 0(+248)/253	Reducer 6: 0/1009	Reducer 7: 0/1	
INFO  : Map 1: 184/184	Map 2: 1/1	Map 3: 7/7	Map 4: 138(+46)/184	Map 8: 1/1	Reducer 5: 0(+253)/253	Reducer 6: 0/1009	Reducer 7: 0/1	
INFO  : Map 1: 184/184	Map 2: 1/1	Map 3: 7/7	Map 4: 140(+44)/184	Map 8: 1/1	Reducer 5: 0(+253)/253	Reducer 6: 0/1009	Reducer 7: 0/1	
INFO  : Map 1: 184/184	Map 2: 1/1	Map 3: 7/7	Map 4: 141(+43)/184	Map 8: 1/1	Reducer 5: 0(+253)/253	Reducer 6: 0/1009	Reducer 7: 0/1	
INFO  : Map 1: 184/184	Map 2: 1/1	Map 3: 7/7	Map 4: 143(+41)/184	Map 8: 1/1	Reducer 5: 0(+253)/253	Reducer 6: 0/1009	Reducer 7: 0/1	
INFO  : Map 1: 184/184	Map 2: 1/1	Map 3: 7/7	Map 4: 145(+39)/184	Map 8: 1/1	Reducer 5: 0(+253)/253	Reducer 6: 0/1009	Reducer 7: 0/1	
INFO  : Map 1: 184/184	Map 2: 1/1	Map 3: 7/7	Map 4: 147(+37)/184	Map 8: 1/1	Reducer 5: 0(+253)/253	Reducer 6: 0/1009	Reducer 7: 0/1	
INFO  : Map 1: 184/184	Map 2: 1/1	Map 3: 7/7	Map 4: 152(+32)/184	Map 8: 1/1	Reducer 5: 0(+253)/253	Reducer 6: 0/1009	Reducer 7: 0/1	
INFO  : Map 1: 184/184	Map 2: 1/1	Map 3: 7/7	Map 4: 163(+21)/184	Map 8: 1/1	Reducer 5: 0(+253)/253	Reducer 6: 0/1009	Reducer 7: 0/1	
INFO  : Map 1: 184/184	Map 2: 1/1	Map 3: 7/7	Map 4: 174(+10)/184	Map 8: 1/1	Reducer 5: 0(+253)/253	Reducer 6: 0/1009	Reducer 7: 0/1	
INFO  : Map 1: 184/184	Map 2: 1/1	Map 3: 7/7	Map 4: 179(+5)/184	Map 8: 1/1	Reducer 5: 0(+253)/253	Reducer 6: 0/1009	Reducer 7: 0/1	
INFO  : Map 1: 184/184	Map 2: 1/1	Map 3: 7/7	Map 4: 184/184	Map 8: 1/1	Reducer 5: 0(+253)/253	Reducer 6: 0/1009	Reducer 7: 0/1	
INFO  : Map 1: 184/184	Map 2: 1/1	Map 3: 7/7	Map 4: 184/184	Map 8: 1/1	Reducer 5: 1(+252)/253	Reducer 6: 0/1009	Reducer 7: 0/1	
INFO  : Map 1: 184/184	Map 2: 1/1	Map 3: 7/7	Map 4: 184/184	Map 8: 1/1	Reducer 5: 6(+247)/253	Reducer 6: 0/1009	Reducer 7: 0/1	
INFO  : Map 1: 184/184	Map 2: 1/1	Map 3: 7/7	Map 4: 184/184	Map 8: 1/1	Reducer 5: 8(+245)/253	Reducer 6: 0/1009	Reducer 7: 0/1	
INFO  : Map 1: 184/184	Map 2: 1/1	Map 3: 7/7	Map 4: 184/184	Map 8: 1/1	Reducer 5: 17(+236)/253	Reducer 6: 0/1009	Reducer 7: 0/1	
INFO  : Map 1: 184/184	Map 2: 1/1	Map 3: 7/7	Map 4: 184/184	Map 8: 1/1	Reducer 5: 52(+201)/253	Reducer 6: 0(+1)/1009	Reducer 7: 0/1	
INFO  : Map 1: 184/184	Map 2: 1/1	Map 3: 7/7	Map 4: 184/184	Map 8: 1/1	Reducer 5: 98(+155)/253	Reducer 6: 0(+52)/1009	Reducer 7: 0/1	
INFO  : Map 1: 184/184	Map 2: 1/1	Map 3: 7/7	Map 4: 184/184	Map 8: 1/1	Reducer 5: 111(+142)/253	Reducer 6: 0(+69)/1009	Reducer 7: 0/1	
INFO  : Map 1: 184/184	Map 2: 1/1	Map 3: 7/7	Map 4: 184/184	Map 8: 1/1	Reducer 5: 111(+142)/253	Reducer 6: 0(+81)/1009	Reducer 7: 0/1	
INFO  : Map 1: 184/184	Map 2: 1/1	Map 3: 7/7	Map 4: 184/184	Map 8: 1/1	Reducer 5: 147(+106)/253	Reducer 6: 0(+884)/1009	Reducer 7: 0/1	
INFO  : Map 1: 184/184	Map 2: 1/1	Map 3: 7/7	Map 4: 184/184	Map 8: 1/1	Reducer 5: 158(+95)/253	Reducer 6: 0(+1009)/1009	Reducer 7: 0/1	
INFO  : Map 1: 184/184	Map 2: 1/1	Map 3: 7/7	Map 4: 184/184	Map 8: 1/1	Reducer 5: 177(+75)/253	Reducer 6: 0(+1009)/1009	Reducer 7: 0/1	
INFO  : Map 1: 184/184	Map 2: 1/1	Map 3: 7/7	Map 4: 184/184	Map 8: 1/1	Reducer 5: 183(+70)/253	Reducer 6: 0(+1009)/1009	Reducer 7: 0/1	
INFO  : Map 1: 184/184	Map 2: 1/1	Map 3: 7/7	Map 4: 184/184	Map 8: 1/1	Reducer 5: 198(+55)/253	Reducer 6: 0(+1009)/1009	Reducer 7: 0/1	
INFO  : Map 1: 184/184	Map 2: 1/1	Map 3: 7/7	Map 4: 184/184	Map 8: 1/1	Reducer 5: 201(+52)/253	Reducer 6: 0(+1009)/1009	Reducer 7: 0/1	
INFO  : Map 1: 184/184	Map 2: 1/1	Map 3: 7/7	Map 4: 184/184	Map 8: 1/1	Reducer 5: 202(+51)/253	Reducer 6: 0(+1009)/1009	Reducer 7: 0/1	
INFO  : Map 1: 184/184	Map 2: 1/1	Map 3: 7/7	Map 4: 184/184	Map 8: 1/1	Reducer 5: 205(+48)/253	Reducer 6: 0(+1009)/1009	Reducer 7: 0/1	
INFO  : Map 1: 184/184	Map 2: 1/1	Map 3: 7/7	Map 4: 184/184	Map 8: 1/1	Reducer 5: 216(+37)/253	Reducer 6: 0(+1009)/1009	Reducer 7: 0/1	
INFO  : Map 1: 184/184	Map 2: 1/1	Map 3: 7/7	Map 4: 184/184	Map 8: 1/1	Reducer 5: 222(+31)/253	Reducer 6: 0(+1009)/1009	Reducer 7: 0/1	
INFO  : Map 1: 184/184	Map 2: 1/1	Map 3: 7/7	Map 4: 184/184	Map 8: 1/1	Reducer 5: 228(+25)/253	Reducer 6: 0(+1009)/1009	Reducer 7: 0/1	
INFO  : Map 1: 184/184	Map 2: 1/1	Map 3: 7/7	Map 4: 184/184	Map 8: 1/1	Reducer 5: 232(+21)/253	Reducer 6: 0(+1009)/1009	Reducer 7: 0/1	
INFO  : Map 1: 184/184	Map 2: 1/1	Map 3: 7/7	Map 4: 184/184	Map 8: 1/1	Reducer 5: 233(+20)/253	Reducer 6: 0(+1009)/1009	Reducer 7: 0/1	
INFO  : Map 1: 184/184	Map 2: 1/1	Map 3: 7/7	Map 4: 184/184	Map 8: 1/1	Reducer 5: 234(+19)/253	Reducer 6: 0(+1009)/1009	Reducer 7: 0/1	
INFO  : Map 1: 184/184	Map 2: 1/1	Map 3: 7/7	Map 4: 184/184	Map 8: 1/1	Reducer 5: 243(+10)/253	Reducer 6: 0(+1009)/1009	Reducer 7: 0/1	
INFO  : Map 1: 184/184	Map 2: 1/1	Map 3: 7/7	Map 4: 184/184	Map 8: 1/1	Reducer 5: 248(+5)/253	Reducer 6: 0(+1009)/1009	Reducer 7: 0/1	
INFO  : Map 1: 184/184	Map 2: 1/1	Map 3: 7/7	Map 4: 184/184	Map 8: 1/1	Reducer 5: 250(+3)/253	Reducer 6: 0(+1009)/1009	Reducer 7: 0/1	
INFO  : Map 1: 184/184	Map 2: 1/1	Map 3: 7/7	Map 4: 184/184	Map 8: 1/1	Reducer 5: 251(+2)/253	Reducer 6: 0(+1009)/1009	Reducer 7: 0/1	
INFO  : Map 1: 184/184	Map 2: 1/1	Map 3: 7/7	Map 4: 184/184	Map 8: 1/1	Reducer 5: 252(+1)/253	Reducer 6: 0(+1009)/1009	Reducer 7: 0/1	
INFO  : Map 1: 184/184	Map 2: 1/1	Map 3: 7/7	Map 4: 184/184	Map 8: 1/1	Reducer 5: 253/253	Reducer 6: 117(+892)/1009	Reducer 7: 0/1	
INFO  : Map 1: 184/184	Map 2: 1/1	Map 3: 7/7	Map 4: 184/184	Map 8: 1/1	Reducer 5: 253/253	Reducer 6: 330(+679)/1009	Reducer 7: 0/1	
INFO  : Map 1: 184/184	Map 2: 1/1	Map 3: 7/7	Map 4: 184/184	Map 8: 1/1	Reducer 5: 253/253	Reducer 6: 429(+580)/1009	Reducer 7: 0(+1)/1	
INFO  : Map 1: 184/184	Map 2: 1/1	Map 3: 7/7	Map 4: 184/184	Map 8: 1/1	Reducer 5: 253/253	Reducer 6: 431(+578)/1009	Reducer 7: 0(+1)/1	
INFO  : Map 1: 184/184	Map 2: 1/1	Map 3: 7/7	Map 4: 184/184	Map 8: 1/1	Reducer 5: 253/253	Reducer 6: 437(+572)/1009	Reducer 7: 0(+1)/1	
INFO  : Map 1: 184/184	Map 2: 1/1	Map 3: 7/7	Map 4: 184/184	Map 8: 1/1	Reducer 5: 253/253	Reducer 6: 443(+566)/1009	Reducer 7: 0(+1)/1	
INFO  : Map 1: 184/184	Map 2: 1/1	Map 3: 7/7	Map 4: 184/184	Map 8: 1/1	Reducer 5: 253/253	Reducer 6: 452(+557)/1009	Reducer 7: 0(+1)/1	
INFO  : Map 1: 184/184	Map 2: 1/1	Map 3: 7/7	Map 4: 184/184	Map 8: 1/1	Reducer 5: 253/253	Reducer 6: 475(+534)/1009	Reducer 7: 0(+1)/1	
INFO  : Map 1: 184/184	Map 2: 1/1	Map 3: 7/7	Map 4: 184/184	Map 8: 1/1	Reducer 5: 253/253	Reducer 6: 499(+510)/1009	Reducer 7: 0(+1)/1	
INFO  : Map 1: 184/184	Map 2: 1/1	Map 3: 7/7	Map 4: 184/184	Map 8: 1/1	Reducer 5: 253/253	Reducer 6: 520(+489)/1009	Reducer 7: 0(+1)/1	
INFO  : Map 1: 184/184	Map 2: 1/1	Map 3: 7/7	Map 4: 184/184	Map 8: 1/1	Reducer 5: 253/253	Reducer 6: 559(+449)/1009	Reducer 7: 0(+1)/1	
INFO  : Map 1: 184/184	Map 2: 1/1	Map 3: 7/7	Map 4: 184/184	Map 8: 1/1	Reducer 5: 253/253	Reducer 6: 592(+417)/1009	Reducer 7: 0(+1)/1	
INFO  : Map 1: 184/184	Map 2: 1/1	Map 3: 7/7	Map 4: 184/184	Map 8: 1/1	Reducer 5: 253/253	Reducer 6: 616(+393)/1009	Reducer 7: 0(+1)/1	
INFO  : Map 1: 184/184	Map 2: 1/1	Map 3: 7/7	Map 4: 184/184	Map 8: 1/1	Reducer 5: 253/253	Reducer 6: 633(+376)/1009	Reducer 7: 0(+1)/1	
INFO  : Map 1: 184/184	Map 2: 1/1	Map 3: 7/7	Map 4: 184/184	Map 8: 1/1	Reducer 5: 253/253	Reducer 6: 695(+314)/1009	Reducer 7: 0(+1)/1	
INFO  : Map 1: 184/184	Map 2: 1/1	Map 3: 7/7	Map 4: 184/184	Map 8: 1/1	Reducer 5: 253/253	Reducer 6: 727(+282)/1009	Reducer 7: 0(+1)/1	
INFO  : Map 1: 184/184	Map 2: 1/1	Map 3: 7/7	Map 4: 184/184	Map 8: 1/1	Reducer 5: 253/253	Reducer 6: 814(+195)/1009	Reducer 7: 0(+1)/1	
INFO  : Map 1: 184/184	Map 2: 1/1	Map 3: 7/7	Map 4: 184/184	Map 8: 1/1	Reducer 5: 253/253	Reducer 6: 879(+130)/1009	Reducer 7: 0(+1)/1	
INFO  : Map 1: 184/184	Map 2: 1/1	Map 3: 7/7	Map 4: 184/184	Map 8: 1/1	Reducer 5: 253/253	Reducer 6: 945(+64)/1009	Reducer 7: 0(+1)/1	
INFO  : Map 1: 184/184	Map 2: 1/1	Map 3: 7/7	Map 4: 184/184	Map 8: 1/1	Reducer 5: 253/253	Reducer 6: 986(+23)/1009	Reducer 7: 0(+1)/1	
INFO  : Map 1: 184/184	Map 2: 1/1	Map 3: 7/7	Map 4: 184/184	Map 8: 1/1	Reducer 5: 253/253	Reducer 6: 991(+18)/1009	Reducer 7: 0(+1)/1	
INFO  : Map 1: 184/184	Map 2: 1/1	Map 3: 7/7	Map 4: 184/184	Map 8: 1/1	Reducer 5: 253/253	Reducer 6: 991(+18)/1009	Reducer 7: 0(+1)/1	
INFO  : Map 1: 184/184	Map 2: 1/1	Map 3: 7/7	Map 4: 184/184	Map 8: 1/1	Reducer 5: 253/253	Reducer 6: 1009/1009	Reducer 7: 0(+1)/1	
INFO  : Map 1: 184/184	Map 2: 1/1	Map 3: 7/7	Map 4: 184/184	Map 8: 1/1	Reducer 5: 253/253	Reducer 6: 1009/1009	Reducer 7: 1/1	
INFO  : Status: DAG finished successfully in 36.54 seconds
INFO  : 
INFO  : Query Execution Summary
INFO  : ----------------------------------------------------------------------------------------------
INFO  : ----------------------------------------------------------------------------------------------
INFO  : Compile Query                           0.94s
INFO  : Prepare Plan                            0.26s
INFO  : Submit Plan                             0.12s
INFO  : Start DAG                               0.20s
INFO  : Run DAG                                36.54s
INFO  : ----------------------------------------------------------------------------------------------
INFO  : 
INFO  : Task Execution Summary
INFO  : --------------------------------------------------------------------------------------------------------------------------------
INFO  : --------------------------------------------------------------------------------------------------------------------------------
INFO  :      Map 1          184                0             0        6266.00             0            0    416,666,321     416,666,229
INFO  :      Map 2            1                0             0           0.00             0            0         10,000              92
INFO  :      Map 3            7                0             0           0.00             0            0        402,000             412
INFO  :      Map 4          184                0             0       17515.00             0            0    416,666,321     412,685,034
INFO  :      Map 8            1                0             0           0.00             0            0         10,000              92
INFO  :  Reducer 5          253                0             0       20222.00             0            0    412,685,034         201,000
INFO  :  Reducer 6         1009                0          3898       16213.00             0            0    416,867,641           1,009
INFO  :  Reducer 7            1                0             9        9484.00             0            0          1,009               0
INFO  : --------------------------------------------------------------------------------------------------------------------------------
INFO  : 
INFO  : LLAP IO Summary
INFO  : ----------------------------------------------------------------------------------------------
INFO  : ----------------------------------------------------------------------------------------------
INFO  :      Map 1     41839       828          0    2.92GB         0B          0B       0B    74.80s
INFO  :      Map 2         1         2          0  165.02KB         0B          0B       0B     0.00s
INFO  :      Map 3        42        14          0  776.14KB         0B          0B       0B     0.02s
INFO  :      Map 4     41839       828          0    2.92GB         0B          0B       0B    61.12s
INFO  :      Map 8         1         2          0  165.02KB         0B          0B       0B     0.00s
INFO  : ----------------------------------------------------------------------------------------------
INFO  : 
INFO  : FileSystem Counters Summary
INFO  : 
INFO  : ----------------------------------------------------------------------------------------------
INFO  : ----------------------------------------------------------------------------------------------
INFO  :      Map 1              0B             0                  0             3.38GB             0
INFO  :      Map 2              0B             0                  0               427B             0
INFO  :      Map 3              0B             0                  0           180.37KB             0
INFO  :      Map 4          8.91MB             0                  0             2.76GB             0
INFO  :      Map 8              0B             0                  0               427B             0
INFO  :  Reducer 5          2.12GB             0                  0             8.95MB             0
INFO  :  Reducer 6          2.70GB             0                  0            58.04KB             0
INFO  :  Reducer 7              0B             0                  0                 0B             0
INFO  : ----------------------------------------------------------------------------------------------
INFO  : 
INFO  : ----------------------------------------------------------------------------------------------
INFO  : ----------------------------------------------------------------------------------------------
INFO  :      Map 1              0B             0                  0                 0B             0
INFO  :      Map 2              0B             0                  0                 0B             0
INFO  :      Map 3              0B             0                  0                 0B             0
INFO  :      Map 4              0B             0                  0                 0B             0
INFO  :      Map 8              0B             0                  0                 0B             0
INFO  :  Reducer 5              0B             0                  0                 0B             0
INFO  :  Reducer 6              0B             0                  0                 0B             0
INFO  :  Reducer 7              0B             2                  0               118B             2
INFO  : ----------------------------------------------------------------------------------------------
INFO  : 
INFO  : org.apache.tez.common.counters.DAGCounter:
INFO  :    NUM_KILLED_TASKS: 3907
INFO  :    NUM_SUCCEEDED_TASKS: 1640
INFO  :    TOTAL_LAUNCHED_TASKS: 5547
INFO  :    DATA_LOCAL_TASKS: 377
INFO  :    AM_CPU_MILLISECONDS: 36620
INFO  :    AM_GC_TIME_MILLIS: 390
INFO  : File System Counters:
INFO  :    FILE_BYTES_READ: 4835233338
INFO  :    FILE_BYTES_WRITTEN: 6147034415
INFO  :    FILE_READ_OPS: 0
INFO  :    FILE_LARGE_READ_OPS: 0
INFO  :    FILE_WRITE_OPS: 0
INFO  :    HDFS_BYTES_READ: 0
INFO  :    HDFS_BYTES_WRITTEN: 118
INFO  :    HDFS_READ_OPS: 2
INFO  :    HDFS_LARGE_READ_OPS: 0
INFO  :    HDFS_WRITE_OPS: 2
INFO  : org.apache.tez.common.counters.TaskCounter:
INFO  :    REDUCE_INPUT_GROUPS: 201001
INFO  :    REDUCE_INPUT_RECORDS: 412686043
INFO  :    COMBINE_INPUT_RECORDS: 0
INFO  :    SPILLED_RECORDS: 826219438
INFO  :    NUM_SHUFFLED_INPUTS: 373744
INFO  :    NUM_SKIPPED_INPUTS: 0
INFO  :    NUM_FAILED_SHUFFLE_INPUTS: 0
INFO  :    MERGED_MAP_OUTPUTS: 186665
INFO  :    INPUT_RECORDS_PROCESSED: 417703126
INFO  :    INPUT_SPLIT_LENGTH_BYTES: 63814681914
INFO  :    OUTPUT_RECORDS: 829553868
INFO  :    OUTPUT_LARGE_RECORDS: 0
INFO  :    OUTPUT_BYTES: 12817502582
INFO  :    OUTPUT_BYTES_WITH_OVERHEAD: 16920894266
INFO  :    OUTPUT_BYTES_PHYSICAL: 6142541343
INFO  :    ADDITIONAL_SPILLS_BYTES_WRITTEN: 1976437397
INFO  :    ADDITIONAL_SPILLS_BYTES_READ: 2456777625
INFO  :    ADDITIONAL_SPILL_COUNT: 0
INFO  :    SHUFFLE_CHUNK_COUNT: 1193
INFO  :    SHUFFLE_BYTES: 6131795711
INFO  :    SHUFFLE_BYTES_DECOMPRESSED: 11919816570
INFO  :    SHUFFLE_BYTES_TO_MEM: 5457006257
INFO  :    SHUFFLE_BYTES_TO_DISK: 0
INFO  :    SHUFFLE_BYTES_DISK_DIRECT: 674789454
INFO  :    NUM_MEM_TO_DISK_MERGES: 0
INFO  :    NUM_DISK_TO_DISK_MERGES: 0
INFO  :    SHUFFLE_PHASE_TIME: 7907890
INFO  :    MERGE_PHASE_TIME: 2265255
INFO  :    FIRST_EVENT_RECEIVED: 258701
INFO  :    LAST_EVENT_RECEIVED: 5120695
INFO  : HIVE:
INFO  :    CREATED_FILES: 1
INFO  :    DESERIALIZE_ERRORS: 0
INFO  :    RECORDS_IN_Map_1: 416666229
INFO  :    RECORDS_IN_Map_2: 10000
INFO  :    RECORDS_IN_Map_3: 402000
INFO  :    RECORDS_IN_Map_4: 416666229
INFO  :    RECORDS_IN_Map_8: 10000
INFO  :    RECORDS_OUT_0: 1
INFO  :    RECORDS_OUT_INTERMEDIATE_Map_1: 416666229
INFO  :    RECORDS_OUT_INTERMEDIATE_Map_2: 92
INFO  :    RECORDS_OUT_INTERMEDIATE_Map_3: 412
INFO  :    RECORDS_OUT_INTERMEDIATE_Map_4: 412685034
INFO  :    RECORDS_OUT_INTERMEDIATE_Map_8: 92
INFO  :    RECORDS_OUT_INTERMEDIATE_Reducer_5: 201000
INFO  :    RECORDS_OUT_INTERMEDIATE_Reducer_6: 1009
INFO  : Shuffle Errors:
INFO  :    BAD_ID: 0
INFO  :    CONNECTION: 0
INFO  :    IO_ERROR: 0
INFO  :    WRONG_LENGTH: 0
INFO  :    WRONG_MAP: 0
INFO  :    WRONG_REDUCE: 0
INFO  : Shuffle Errors_Reducer_5_INPUT_Map_4:
INFO  :    BAD_ID: 0
INFO  :    CONNECTION: 0
INFO  :    IO_ERROR: 0
INFO  :    WRONG_LENGTH: 0
INFO  :    WRONG_MAP: 0
INFO  :    WRONG_REDUCE: 0
INFO  : Shuffle Errors_Reducer_7_INPUT_Reducer_6:
INFO  :    BAD_ID: 0
INFO  :    CONNECTION: 0
INFO  :    IO_ERROR: 0
INFO  :    WRONG_LENGTH: 0
INFO  :    WRONG_MAP: 0
INFO  :    WRONG_REDUCE: 0
INFO  : TaskCounter_Map_1_INPUT_Map_2:
INFO  :    FIRST_EVENT_RECEIVED: 201
INFO  :    INPUT_RECORDS_PROCESSED: 828
INFO  :    LAST_EVENT_RECEIVED: 201
INFO  :    NUM_FAILED_SHUFFLE_INPUTS: 0
INFO  :    NUM_SHUFFLED_INPUTS: 9
INFO  :    SHUFFLE_BYTES: 3555
INFO  :    SHUFFLE_BYTES_DECOMPRESSED: 5850
INFO  :    SHUFFLE_BYTES_DISK_DIRECT: 395
INFO  :    SHUFFLE_BYTES_TO_DISK: 0
INFO  :    SHUFFLE_BYTES_TO_MEM: 3160
INFO  :    SHUFFLE_PHASE_TIME: 2397
INFO  : TaskCounter_Map_1_INPUT_cs:
INFO  :    INPUT_RECORDS_PROCESSED: 416702
INFO  :    INPUT_SPLIT_LENGTH_BYTES: 31887535611
INFO  : TaskCounter_Map_1_OUTPUT_Reducer_6:
INFO  :    ADDITIONAL_SPILLS_BYTES_READ: 0
INFO  :    ADDITIONAL_SPILLS_BYTES_WRITTEN: 0
INFO  :    ADDITIONAL_SPILL_COUNT: 0
INFO  :    OUTPUT_BYTES: 4162478794
INFO  :    OUTPUT_BYTES_PHYSICAL: 3375121999
INFO  :    OUTPUT_BYTES_WITH_OVERHEAD: 9995805632
INFO  :    OUTPUT_LARGE_RECORDS: 0
INFO  :    OUTPUT_RECORDS: 416666229
INFO  :    SPILLED_RECORDS: 0
INFO  : TaskCounter_Map_2_INPUT_d:
INFO  :    INPUT_RECORDS_PROCESSED: 10
INFO  :    INPUT_SPLIT_LENGTH_BYTES: 759177
INFO  : TaskCounter_Map_2_OUTPUT_Map_1:
INFO  :    ADDITIONAL_SPILLS_BYTES_READ: 0
INFO  :    ADDITIONAL_SPILLS_BYTES_WRITTEN: 0
INFO  :    ADDITIONAL_SPILL_COUNT: 0
INFO  :    OUTPUT_BYTES: 460
INFO  :    OUTPUT_BYTES_PHYSICAL: 419
INFO  :    OUTPUT_BYTES_WITH_OVERHEAD: 650
INFO  :    OUTPUT_LARGE_RECORDS: 0
INFO  :    OUTPUT_RECORDS: 92
INFO  :    SPILLED_RECORDS: 0
INFO  : TaskCounter_Map_3_INPUT_i:
INFO  :    INPUT_RECORDS_PROCESSED: 405
INFO  :    INPUT_SPLIT_LENGTH_BYTES: 38092338
INFO  : TaskCounter_Map_3_OUTPUT_Reducer_6:
INFO  :    ADDITIONAL_SPILLS_BYTES_READ: 0
INFO  :    ADDITIONAL_SPILLS_BYTES_WRITTEN: 0
INFO  :    ADDITIONAL_SPILL_COUNT: 0
INFO  :    OUTPUT_BYTES: 2060
INFO  :    OUTPUT_BYTES_PHYSICAL: 180316
INFO  :    OUTPUT_BYTES_WITH_OVERHEAD: 8219
INFO  :    OUTPUT_LARGE_RECORDS: 0
INFO  :    OUTPUT_RECORDS: 412
INFO  :    SPILLED_RECORDS: 0
INFO  : TaskCounter_Map_4_INPUT_Map_8:
INFO  :    FIRST_EVENT_RECEIVED: 398
INFO  :    INPUT_RECORDS_PROCESSED: 828
INFO  :    LAST_EVENT_RECEIVED: 398
INFO  :    NUM_FAILED_SHUFFLE_INPUTS: 0
INFO  :    NUM_SHUFFLED_INPUTS: 9
INFO  :    SHUFFLE_BYTES: 3555
INFO  :    SHUFFLE_BYTES_DECOMPRESSED: 5850
INFO  :    SHUFFLE_BYTES_DISK_DIRECT: 395
INFO  :    SHUFFLE_BYTES_TO_DISK: 0
INFO  :    SHUFFLE_BYTES_TO_MEM: 3160
INFO  :    SHUFFLE_PHASE_TIME: 612
INFO  : TaskCounter_Map_4_INPUT_cs:
INFO  :    INPUT_RECORDS_PROCESSED: 416702
INFO  :    INPUT_SPLIT_LENGTH_BYTES: 31887535611
INFO  : TaskCounter_Map_4_OUTPUT_Reducer_5:
INFO  :    ADDITIONAL_SPILLS_BYTES_READ: 0
INFO  :    ADDITIONAL_SPILLS_BYTES_WRITTEN: 0
INFO  :    ADDITIONAL_SPILL_COUNT: 0
INFO  :    OUTPUT_BYTES: 8652002254
INFO  :    OUTPUT_BYTES_PHYSICAL: 2758266589
INFO  :    OUTPUT_BYTES_WITH_OVERHEAD: 6919439742
INFO  :    OUTPUT_RECORDS: 412685034
INFO  :    SHUFFLE_CHUNK_COUNT: 184
INFO  :    SPILLED_RECORDS: 412685034
INFO  : TaskCounter_Map_8_INPUT_d:
INFO  :    INPUT_RECORDS_PROCESSED: 10
INFO  :    INPUT_SPLIT_LENGTH_BYTES: 759177
INFO  : TaskCounter_Map_8_OUTPUT_Map_4:
INFO  :    ADDITIONAL_SPILLS_BYTES_READ: 0
INFO  :    ADDITIONAL_SPILLS_BYTES_WRITTEN: 0
INFO  :    ADDITIONAL_SPILL_COUNT: 0
INFO  :    OUTPUT_BYTES: 460
INFO  :    OUTPUT_BYTES_PHYSICAL: 419
INFO  :    OUTPUT_BYTES_WITH_OVERHEAD: 650
INFO  :    OUTPUT_LARGE_RECORDS: 0
INFO  :    OUTPUT_RECORDS: 92
INFO  :    SPILLED_RECORDS: 0
INFO  : TaskCounter_Reducer_5_INPUT_Map_4:
INFO  :    ADDITIONAL_SPILLS_BYTES_READ: 2456773235
INFO  :    ADDITIONAL_SPILLS_BYTES_WRITTEN: 1976437397
INFO  :    COMBINE_INPUT_RECORDS: 0
INFO  :    FIRST_EVENT_RECEIVED: 623
INFO  :    LAST_EVENT_RECEIVED: 2035850
INFO  :    MERGED_MAP_OUTPUTS: 185656
INFO  :    MERGE_PHASE_TIME: 2258941
INFO  :    NUM_DISK_TO_DISK_MERGES: 0
INFO  :    NUM_FAILED_SHUFFLE_INPUTS: 0
INFO  :    NUM_MEM_TO_DISK_MERGES: 0
INFO  :    NUM_SHUFFLED_INPUTS: 185656
INFO  :    NUM_SKIPPED_INPUTS: 0
INFO  :    REDUCE_INPUT_GROUPS: 201000
INFO  :    REDUCE_INPUT_RECORDS: 412685034
INFO  :    SHUFFLE_BYTES: 2758266589
INFO  :    SHUFFLE_BYTES_DECOMPRESSED: 6919439742
INFO  :    SHUFFLE_BYTES_DISK_DIRECT: 300699094
INFO  :    SHUFFLE_BYTES_TO_DISK: 0
INFO  :    SHUFFLE_BYTES_TO_MEM: 2457567495
INFO  :    SHUFFLE_PHASE_TIME: 2086271
INFO  :    SPILLED_RECORDS: 413532364
INFO  : TaskCounter_Reducer_5_OUTPUT_Reducer_6:
INFO  :    ADDITIONAL_SPILLS_BYTES_READ: 0
INFO  :    ADDITIONAL_SPILLS_BYTES_WRITTEN: 0
INFO  :    ADDITIONAL_SPILL_COUNT: 0
INFO  :    OUTPUT_BYTES: 3015000
INFO  :    OUTPUT_BYTES_PHYSICAL: 8945849
INFO  :    OUTPUT_BYTES_WITH_OVERHEAD: 5627747
INFO  :    OUTPUT_LARGE_RECORDS: 0
INFO  :    OUTPUT_RECORDS: 201000
INFO  :    SPILLED_RECORDS: 0
INFO  : TaskCounter_Reducer_6_INPUT_Map_1:
INFO  :    FIRST_EVENT_RECEIVED: 58445
INFO  :    INPUT_RECORDS_PROCESSED: 416666229
INFO  :    LAST_EVENT_RECEIVED: 384424
INFO  :    NUM_FAILED_SHUFFLE_INPUTS: 0
INFO  :    NUM_SHUFFLED_INPUTS: 185656
INFO  :    SHUFFLE_BYTES: 3370666255
INFO  :    SHUFFLE_BYTES_DECOMPRESSED: 4996925188
INFO  :    SHUFFLE_BYTES_DISK_DIRECT: 373756887
INFO  :    SHUFFLE_BYTES_TO_DISK: 0
INFO  :    SHUFFLE_BYTES_TO_MEM: 2996909368
INFO  :    SHUFFLE_PHASE_TIME: 2814558
INFO  : TaskCounter_Reducer_6_INPUT_Map_3:
INFO  :    FIRST_EVENT_RECEIVED: 75202
INFO  :    INPUT_RECORDS_PROCESSED: 412
INFO  :    LAST_EVENT_RECEIVED: 91644
INFO  :    NUM_FAILED_SHUFFLE_INPUTS: 0
INFO  :    NUM_SHUFFLED_INPUTS: 396
INFO  :    SHUFFLE_BYTES: 10804
INFO  :    SHUFFLE_BYTES_DECOMPRESSED: 5260
INFO  :    SHUFFLE_BYTES_DISK_DIRECT: 1047
INFO  :    SHUFFLE_BYTES_TO_DISK: 0
INFO  :    SHUFFLE_BYTES_TO_MEM: 9757
INFO  :    SHUFFLE_PHASE_TIME: 239686
INFO  : TaskCounter_Reducer_6_INPUT_Reducer_5:
INFO  :    FIRST_EVENT_RECEIVED: 123750
INFO  :    INPUT_RECORDS_PROCESSED: 201000
INFO  :    LAST_EVENT_RECEIVED: 2601890
INFO  :    NUM_FAILED_SHUFFLE_INPUTS: 0
INFO  :    NUM_SHUFFLED_INPUTS: 1009
INFO  :    SHUFFLE_BYTES: 2819201
INFO  :    SHUFFLE_BYTES_DECOMPRESSED: 3423054
INFO  :    SHUFFLE_BYTES_DISK_DIRECT: 328532
INFO  :    SHUFFLE_BYTES_TO_DISK: 0
INFO  :    SHUFFLE_BYTES_TO_MEM: 2490669
INFO  :    SHUFFLE_PHASE_TIME: 2758073
INFO  : TaskCounter_Reducer_6_OUTPUT_Reducer_7:
INFO  :    ADDITIONAL_SPILLS_BYTES_READ: 0
INFO  :    ADDITIONAL_SPILLS_BYTES_WRITTEN: 0
INFO  :    ADDITIONAL_SPILL_COUNT: 0
INFO  :    OUTPUT_BYTES: 3554
INFO  :    OUTPUT_BYTES_PHYSICAL: 25752
INFO  :    OUTPUT_BYTES_WITH_OVERHEAD: 11626
INFO  :    OUTPUT_RECORDS: 1009
INFO  :    SHUFFLE_CHUNK_COUNT: 1009
INFO  :    SPILLED_RECORDS: 1009
INFO  : TaskCounter_Reducer_7_INPUT_Reducer_6:
INFO  :    ADDITIONAL_SPILLS_BYTES_READ: 4390
INFO  :    ADDITIONAL_SPILLS_BYTES_WRITTEN: 0
INFO  :    COMBINE_INPUT_RECORDS: 0
INFO  :    FIRST_EVENT_RECEIVED: 82
INFO  :    LAST_EVENT_RECEIVED: 6288
INFO  :    MERGED_MAP_OUTPUTS: 1009
INFO  :    MERGE_PHASE_TIME: 6314
INFO  :    NUM_DISK_TO_DISK_MERGES: 0
INFO  :    NUM_FAILED_SHUFFLE_INPUTS: 0
INFO  :    NUM_MEM_TO_DISK_MERGES: 0
INFO  :    NUM_SHUFFLED_INPUTS: 1009
INFO  :    NUM_SKIPPED_INPUTS: 0
INFO  :    REDUCE_INPUT_GROUPS: 1
INFO  :    REDUCE_INPUT_RECORDS: 1009
INFO  :    SHUFFLE_BYTES: 25752
INFO  :    SHUFFLE_BYTES_DECOMPRESSED: 11626
INFO  :    SHUFFLE_BYTES_DISK_DIRECT: 3104
INFO  :    SHUFFLE_BYTES_TO_DISK: 0
INFO  :    SHUFFLE_BYTES_TO_MEM: 22648
INFO  :    SHUFFLE_PHASE_TIME: 6293
INFO  :    SPILLED_RECORDS: 1031
INFO  : TaskCounter_Reducer_7_OUTPUT_out_Reducer_7:
INFO  :    OUTPUT_RECORDS: 0
INFO  : org.apache.hadoop.hive.llap.counters.LlapIOCounters:
INFO  :    CACHE_HIT_BYTES: 5835332813
INFO  :    CACHE_MISS_BYTES: 0
INFO  :    CONSUMER_TIME_NS: 1643267554954
INFO  :    DECODE_TIME_NS: 132015471664
INFO  :    HDFS_TIME_NS: 6971197
INFO  :    METADATA_CACHE_HIT: 1674
INFO  :    NUM_DECODED_BATCHES: 83722
INFO  :    NUM_VECTOR_BATCHES: 833829
INFO  :    ROWS_EMITTED: 833754458
INFO  :    SELECTED_ROWGROUPS: 83722
INFO  :    TOTAL_IO_TIME_NS: 135943495533
INFO  : Completed executing command(queryId=hive_20161020162318_d1ee9e38-09ed-4192-83a9-0f21d48eccb5); Time taken: 37.198 seconds
INFO  : OK
1 row selected (38.196 seconds)
Closing: 0: jdbc:hive2://h01hn02:10500/tpcds_bin_partitioned_orc_10000
