Connecting to jdbc:hive2://h01hn02:10500/tpcds_bin_partitioned_orc_10000
Connected to: Apache Hive (version 2.1.0.2.5.1.0-43)
Driver: Hive JDBC (version 1.2.1000.2.5.1.0-43)
Transaction isolation: TRANSACTION_REPEATABLE_READ
Running init script bry.sql
No rows affected (0.037 seconds)
INFO  : Compiling command(queryId=hive_20161020162148_0f58f879-4c9d-4ea9-b365-c82ea83e5a6f): SELECT sum(cs1.cs_ext_discount_amt) as excess_discount_amount
FROM (SELECT cs.cs_item_sk as cs_item_sk,
                             cs.cs_ext_discount_amt as cs_ext_discount_amt
             FROM catalog_sales cs
             JOIN date_dim d ON (d.d_date_sk = cs.cs_sold_date_sk)
             WHERE d.d_date between '2000-01-27' and '2000-04-27') cs1
JOIN item i ON (i.i_item_sk = cs1.cs_item_sk)
JOIN (SELECT cs2.cs_item_sk as cs_item_sk,
                          1.3 * avg(cs_ext_discount_amt) as avg_cs_ext_discount_amt
           FROM (SELECT cs.cs_item_sk as cs_item_sk,
                                        cs.cs_ext_discount_amt as cs_ext_discount_amt
                        FROM catalog_sales cs
                        JOIN date_dim d ON (d.d_date_sk = cs.cs_sold_date_sk)
                        WHERE d.d_date between '2000-01-27' and '2000-04-27') cs2
                        GROUP BY cs2.cs_item_sk) tmp1
ON (i.i_item_sk = tmp1.cs_item_sk)
WHERE i.i_manufact_id = 436 and
               cs1.cs_ext_discount_amt > tmp1.avg_cs_ext_discount_amt
INFO  : Semantic Analysis Completed
INFO  : Returning Hive schema: Schema(fieldSchemas:[FieldSchema(name:excess_discount_amount, type:double, comment:null)], properties:null)
INFO  : Completed compiling command(queryId=hive_20161020162148_0f58f879-4c9d-4ea9-b365-c82ea83e5a6f); Time taken: 0.927 seconds
INFO  : Concurrency mode is disabled, not creating a lock manager
INFO  : Executing command(queryId=hive_20161020162148_0f58f879-4c9d-4ea9-b365-c82ea83e5a6f): SELECT sum(cs1.cs_ext_discount_amt) as excess_discount_amount
FROM (SELECT cs.cs_item_sk as cs_item_sk,
                             cs.cs_ext_discount_amt as cs_ext_discount_amt
             FROM catalog_sales cs
             JOIN date_dim d ON (d.d_date_sk = cs.cs_sold_date_sk)
             WHERE d.d_date between '2000-01-27' and '2000-04-27') cs1
JOIN item i ON (i.i_item_sk = cs1.cs_item_sk)
JOIN (SELECT cs2.cs_item_sk as cs_item_sk,
                          1.3 * avg(cs_ext_discount_amt) as avg_cs_ext_discount_amt
           FROM (SELECT cs.cs_item_sk as cs_item_sk,
                                        cs.cs_ext_discount_amt as cs_ext_discount_amt
                        FROM catalog_sales cs
                        JOIN date_dim d ON (d.d_date_sk = cs.cs_sold_date_sk)
                        WHERE d.d_date between '2000-01-27' and '2000-04-27') cs2
                        GROUP BY cs2.cs_item_sk) tmp1
ON (i.i_item_sk = tmp1.cs_item_sk)
WHERE i.i_manufact_id = 436 and
               cs1.cs_ext_discount_amt > tmp1.avg_cs_ext_discount_amt
INFO  : Query ID = hive_20161020162148_0f58f879-4c9d-4ea9-b365-c82ea83e5a6f
INFO  : Total jobs = 1
INFO  : Launching Job 1 out of 1
INFO  : Starting task [Stage-1:MAPRED] in serial mode
INFO  : Session is already open
INFO  : Dag name: SELECT sum(cs1.cs_ext..._cs_ext_discount_amt(Stage-1)
INFO  : Setting tez.task.scale.memory.reserve-fraction to 0.30000001192092896
INFO  : Setting tez.task.scale.memory.reserve-fraction to 0.30000001192092896
INFO  : Setting tez.task.scale.memory.reserve-fraction to 0.30000001192092896
INFO  : 

INFO  : Status: Running (Executing on YARN cluster with App id application_1476988466894_0240)

INFO  : Map 1: -/-	Map 2: 0(+1)/1	Map 3: 5(+2)/7	Map 4: -/-	Map 8: 1/1	Reducer 5: 0/1009	Reducer 6: 0/1009	Reducer 7: 0/1	
INFO  : Map 1: -/-	Map 2: 1/1	Map 3: 7/7	Map 4: -/-	Map 8: 1/1	Reducer 5: 0/1009	Reducer 6: 0/1009	Reducer 7: 0/1	
INFO  : Map 1: 0/184	Map 2: 1/1	Map 3: 7/7	Map 4: 0(+1)/184	Map 8: 1/1	Reducer 5: 0/1009	Reducer 6: 0/1009	Reducer 7: 0/1	
INFO  : Map 1: 0/184	Map 2: 1/1	Map 3: 7/7	Map 4: 0(+21)/184	Map 8: 1/1	Reducer 5: 0/1009	Reducer 6: 0/1009	Reducer 7: 0/1	
INFO  : Map 1: 0(+168)/184	Map 2: 1/1	Map 3: 7/7	Map 4: 0(+184)/184	Map 8: 1/1	Reducer 5: 0/1009	Reducer 6: 0/1009	Reducer 7: 0/1	
INFO  : Map 1: 2(+166)/184	Map 2: 1/1	Map 3: 7/7	Map 4: 0(+184)/184	Map 8: 1/1	Reducer 5: 0/1009	Reducer 6: 0/1009	Reducer 7: 0/1	
INFO  : Map 1: 5(+163)/184	Map 2: 1/1	Map 3: 7/7	Map 4: 0(+184)/184	Map 8: 1/1	Reducer 5: 0/1009	Reducer 6: 0/1009	Reducer 7: 0/1	
INFO  : Map 1: 11(+157)/184	Map 2: 1/1	Map 3: 7/7	Map 4: 0(+184)/184	Map 8: 1/1	Reducer 5: 0/1009	Reducer 6: 0/1009	Reducer 7: 0/1	
INFO  : Map 1: 12(+156)/184	Map 2: 1/1	Map 3: 7/7	Map 4: 0(+184)/184	Map 8: 1/1	Reducer 5: 0/1009	Reducer 6: 0/1009	Reducer 7: 0/1	
INFO  : Map 1: 23(+145)/184	Map 2: 1/1	Map 3: 7/7	Map 4: 0(+184)/184	Map 8: 1/1	Reducer 5: 0/1009	Reducer 6: 0/1009	Reducer 7: 0/1	
INFO  : Map 1: 46(+122)/184	Map 2: 1/1	Map 3: 7/7	Map 4: 0(+184)/184	Map 8: 1/1	Reducer 5: 0/1009	Reducer 6: 0/1009	Reducer 7: 0/1	
INFO  : Map 1: 69(+103)/184	Map 2: 1/1	Map 3: 7/7	Map 4: 0(+184)/184	Map 8: 1/1	Reducer 5: 0/1009	Reducer 6: 0/1009	Reducer 7: 0/1	
INFO  : Map 1: 78(+96)/184	Map 2: 1/1	Map 3: 7/7	Map 4: 0(+184)/184	Map 8: 1/1	Reducer 5: 0/1009	Reducer 6: 0/1009	Reducer 7: 0/1	
INFO  : Map 1: 84(+90)/184	Map 2: 1/1	Map 3: 7/7	Map 4: 0(+184)/184	Map 8: 1/1	Reducer 5: 0/1009	Reducer 6: 0/1009	Reducer 7: 0/1	
INFO  : Map 1: 88(+86)/184	Map 2: 1/1	Map 3: 7/7	Map 4: 0(+184)/184	Map 8: 1/1	Reducer 5: 0/1009	Reducer 6: 0/1009	Reducer 7: 0/1	
INFO  : Map 1: 92(+82)/184	Map 2: 1/1	Map 3: 7/7	Map 4: 3(+181)/184	Map 8: 1/1	Reducer 5: 0/1009	Reducer 6: 0/1009	Reducer 7: 0/1	
INFO  : Map 1: 107(+67)/184	Map 2: 1/1	Map 3: 7/7	Map 4: 4(+180)/184	Map 8: 1/1	Reducer 5: 0/1009	Reducer 6: 0/1009	Reducer 7: 0/1	
INFO  : Map 1: 115(+59)/184	Map 2: 1/1	Map 3: 7/7	Map 4: 6(+178)/184	Map 8: 1/1	Reducer 5: 0/1009	Reducer 6: 0/1009	Reducer 7: 0/1	
INFO  : Map 1: 129(+48)/184	Map 2: 1/1	Map 3: 7/7	Map 4: 6(+178)/184	Map 8: 1/1	Reducer 5: 0/1009	Reducer 6: 0/1009	Reducer 7: 0/1	
INFO  : Map 1: 140(+39)/184	Map 2: 1/1	Map 3: 7/7	Map 4: 6(+178)/184	Map 8: 1/1	Reducer 5: 0/1009	Reducer 6: 0/1009	Reducer 7: 0/1	
INFO  : Map 1: 147(+34)/184	Map 2: 1/1	Map 3: 7/7	Map 4: 7(+177)/184	Map 8: 1/1	Reducer 5: 0/1009	Reducer 6: 0/1009	Reducer 7: 0/1	
INFO  : Map 1: 155(+26)/184	Map 2: 1/1	Map 3: 7/7	Map 4: 9(+175)/184	Map 8: 1/1	Reducer 5: 0/1009	Reducer 6: 0/1009	Reducer 7: 0/1	
INFO  : Map 1: 157(+24)/184	Map 2: 1/1	Map 3: 7/7	Map 4: 9(+175)/184	Map 8: 1/1	Reducer 5: 0/1009	Reducer 6: 0/1009	Reducer 7: 0/1	
INFO  : Map 1: 163(+21)/184	Map 2: 1/1	Map 3: 7/7	Map 4: 14(+170)/184	Map 8: 1/1	Reducer 5: 0/1009	Reducer 6: 0/1009	Reducer 7: 0/1	
INFO  : Map 1: 164(+20)/184	Map 2: 1/1	Map 3: 7/7	Map 4: 18(+166)/184	Map 8: 1/1	Reducer 5: 0/1009	Reducer 6: 0/1009	Reducer 7: 0/1	
INFO  : Map 1: 167(+17)/184	Map 2: 1/1	Map 3: 7/7	Map 4: 25(+159)/184	Map 8: 1/1	Reducer 5: 0/1009	Reducer 6: 0/1009	Reducer 7: 0/1	
INFO  : Map 1: 173(+11)/184	Map 2: 1/1	Map 3: 7/7	Map 4: 27(+157)/184	Map 8: 1/1	Reducer 5: 0/1009	Reducer 6: 0/1009	Reducer 7: 0/1	
INFO  : Map 1: 178(+6)/184	Map 2: 1/1	Map 3: 7/7	Map 4: 32(+152)/184	Map 8: 1/1	Reducer 5: 0/1009	Reducer 6: 0/1009	Reducer 7: 0/1	
INFO  : Map 1: 183(+1)/184	Map 2: 1/1	Map 3: 7/7	Map 4: 36(+148)/184	Map 8: 1/1	Reducer 5: 0/1009	Reducer 6: 0/1009	Reducer 7: 0/1	
INFO  : Map 1: 184/184	Map 2: 1/1	Map 3: 7/7	Map 4: 41(+143)/184	Map 8: 1/1	Reducer 5: 0/1009	Reducer 6: 0/1009	Reducer 7: 0/1	
INFO  : Map 1: 184/184	Map 2: 1/1	Map 3: 7/7	Map 4: 47(+137)/184	Map 8: 1/1	Reducer 5: 0(+1)/253	Reducer 6: 0/1009	Reducer 7: 0/1	
INFO  : Map 1: 184/184	Map 2: 1/1	Map 3: 7/7	Map 4: 56(+128)/184	Map 8: 1/1	Reducer 5: 0(+28)/253	Reducer 6: 0/1009	Reducer 7: 0/1	
INFO  : Map 1: 184/184	Map 2: 1/1	Map 3: 7/7	Map 4: 65(+119)/184	Map 8: 1/1	Reducer 5: 0(+53)/253	Reducer 6: 0/1009	Reducer 7: 0/1	
INFO  : Map 1: 184/184	Map 2: 1/1	Map 3: 7/7	Map 4: 68(+116)/184	Map 8: 1/1	Reducer 5: 0(+61)/253	Reducer 6: 0/1009	Reducer 7: 0/1	
INFO  : Map 1: 184/184	Map 2: 1/1	Map 3: 7/7	Map 4: 69(+115)/184	Map 8: 1/1	Reducer 5: 0(+64)/253	Reducer 6: 0/1009	Reducer 7: 0/1	
INFO  : Map 1: 184/184	Map 2: 1/1	Map 3: 7/7	Map 4: 70(+114)/184	Map 8: 1/1	Reducer 5: 0(+66)/253	Reducer 6: 0/1009	Reducer 7: 0/1	
INFO  : Map 1: 184/184	Map 2: 1/1	Map 3: 7/7	Map 4: 71(+113)/184	Map 8: 1/1	Reducer 5: 0(+69)/253	Reducer 6: 0/1009	Reducer 7: 0/1	
INFO  : Map 1: 184/184	Map 2: 1/1	Map 3: 7/7	Map 4: 72(+112)/184	Map 8: 1/1	Reducer 5: 0(+72)/253	Reducer 6: 0/1009	Reducer 7: 0/1	
INFO  : Map 1: 184/184	Map 2: 1/1	Map 3: 7/7	Map 4: 78(+106)/184	Map 8: 1/1	Reducer 5: 0(+88)/253	Reducer 6: 0/1009	Reducer 7: 0/1	
INFO  : Map 1: 184/184	Map 2: 1/1	Map 3: 7/7	Map 4: 85(+99)/184	Map 8: 1/1	Reducer 5: 0(+108)/253	Reducer 6: 0/1009	Reducer 7: 0/1	
INFO  : Map 1: 184/184	Map 2: 1/1	Map 3: 7/7	Map 4: 89(+95)/184	Map 8: 1/1	Reducer 5: 0(+119)/253	Reducer 6: 0/1009	Reducer 7: 0/1	
INFO  : Map 1: 184/184	Map 2: 1/1	Map 3: 7/7	Map 4: 93(+91)/184	Map 8: 1/1	Reducer 5: 0(+130)/253	Reducer 6: 0/1009	Reducer 7: 0/1	
INFO  : Map 1: 184/184	Map 2: 1/1	Map 3: 7/7	Map 4: 96(+88)/184	Map 8: 1/1	Reducer 5: 0(+138)/253	Reducer 6: 0/1009	Reducer 7: 0/1	
INFO  : Map 1: 184/184	Map 2: 1/1	Map 3: 7/7	Map 4: 97(+87)/184	Map 8: 1/1	Reducer 5: 0(+141)/253	Reducer 6: 0/1009	Reducer 7: 0/1	
INFO  : Map 1: 184/184	Map 2: 1/1	Map 3: 7/7	Map 4: 98(+86)/184	Map 8: 1/1	Reducer 5: 0(+143)/253	Reducer 6: 0/1009	Reducer 7: 0/1	
INFO  : Map 1: 184/184	Map 2: 1/1	Map 3: 7/7	Map 4: 101(+83)/184	Map 8: 1/1	Reducer 5: 0(+152)/253	Reducer 6: 0/1009	Reducer 7: 0/1	
INFO  : Map 1: 184/184	Map 2: 1/1	Map 3: 7/7	Map 4: 107(+77)/184	Map 8: 1/1	Reducer 5: 0(+168)/253	Reducer 6: 0/1009	Reducer 7: 0/1	
INFO  : Map 1: 184/184	Map 2: 1/1	Map 3: 7/7	Map 4: 108(+76)/184	Map 8: 1/1	Reducer 5: 0(+171)/253	Reducer 6: 0/1009	Reducer 7: 0/1	
INFO  : Map 1: 184/184	Map 2: 1/1	Map 3: 7/7	Map 4: 109(+75)/184	Map 8: 1/1	Reducer 5: 0(+174)/253	Reducer 6: 0/1009	Reducer 7: 0/1	
INFO  : Map 1: 184/184	Map 2: 1/1	Map 3: 7/7	Map 4: 110(+74)/184	Map 8: 1/1	Reducer 5: 0(+176)/253	Reducer 6: 0/1009	Reducer 7: 0/1	
INFO  : Map 1: 184/184	Map 2: 1/1	Map 3: 7/7	Map 4: 114(+70)/184	Map 8: 1/1	Reducer 5: 0(+187)/253	Reducer 6: 0/1009	Reducer 7: 0/1	
INFO  : Map 1: 184/184	Map 2: 1/1	Map 3: 7/7	Map 4: 120(+64)/184	Map 8: 1/1	Reducer 5: 0(+204)/253	Reducer 6: 0/1009	Reducer 7: 0/1	
INFO  : Map 1: 184/184	Map 2: 1/1	Map 3: 7/7	Map 4: 127(+57)/184	Map 8: 1/1	Reducer 5: 0(+223)/253	Reducer 6: 0/1009	Reducer 7: 0/1	
INFO  : Map 1: 184/184	Map 2: 1/1	Map 3: 7/7	Map 4: 134(+50)/184	Map 8: 1/1	Reducer 5: 0(+242)/253	Reducer 6: 0/1009	Reducer 7: 0/1	
INFO  : Map 1: 184/184	Map 2: 1/1	Map 3: 7/7	Map 4: 138(+46)/184	Map 8: 1/1	Reducer 5: 0(+253)/253	Reducer 6: 0/1009	Reducer 7: 0/1	
INFO  : Map 1: 184/184	Map 2: 1/1	Map 3: 7/7	Map 4: 141(+43)/184	Map 8: 1/1	Reducer 5: 0(+253)/253	Reducer 6: 0/1009	Reducer 7: 0/1	
INFO  : Map 1: 184/184	Map 2: 1/1	Map 3: 7/7	Map 4: 142(+42)/184	Map 8: 1/1	Reducer 5: 0(+253)/253	Reducer 6: 0/1009	Reducer 7: 0/1	
INFO  : Map 1: 184/184	Map 2: 1/1	Map 3: 7/7	Map 4: 144(+40)/184	Map 8: 1/1	Reducer 5: 0(+253)/253	Reducer 6: 0/1009	Reducer 7: 0/1	
INFO  : Map 1: 184/184	Map 2: 1/1	Map 3: 7/7	Map 4: 149(+35)/184	Map 8: 1/1	Reducer 5: 0(+253)/253	Reducer 6: 0/1009	Reducer 7: 0/1	
INFO  : Map 1: 184/184	Map 2: 1/1	Map 3: 7/7	Map 4: 151(+33)/184	Map 8: 1/1	Reducer 5: 0(+253)/253	Reducer 6: 0/1009	Reducer 7: 0/1	
INFO  : Map 1: 184/184	Map 2: 1/1	Map 3: 7/7	Map 4: 153(+31)/184	Map 8: 1/1	Reducer 5: 0(+253)/253	Reducer 6: 0/1009	Reducer 7: 0/1	
INFO  : Map 1: 184/184	Map 2: 1/1	Map 3: 7/7	Map 4: 155(+29)/184	Map 8: 1/1	Reducer 5: 0(+253)/253	Reducer 6: 0/1009	Reducer 7: 0/1	
INFO  : Map 1: 184/184	Map 2: 1/1	Map 3: 7/7	Map 4: 157(+27)/184	Map 8: 1/1	Reducer 5: 0(+253)/253	Reducer 6: 0/1009	Reducer 7: 0/1	
INFO  : Map 1: 184/184	Map 2: 1/1	Map 3: 7/7	Map 4: 159(+25)/184	Map 8: 1/1	Reducer 5: 0(+253)/253	Reducer 6: 0/1009	Reducer 7: 0/1	
INFO  : Map 1: 184/184	Map 2: 1/1	Map 3: 7/7	Map 4: 164(+20)/184	Map 8: 1/1	Reducer 5: 0(+253)/253	Reducer 6: 0/1009	Reducer 7: 0/1	
INFO  : Map 1: 184/184	Map 2: 1/1	Map 3: 7/7	Map 4: 168(+16)/184	Map 8: 1/1	Reducer 5: 0(+253)/253	Reducer 6: 0/1009	Reducer 7: 0/1	
INFO  : Map 1: 184/184	Map 2: 1/1	Map 3: 7/7	Map 4: 172(+12)/184	Map 8: 1/1	Reducer 5: 0(+253)/253	Reducer 6: 0/1009	Reducer 7: 0/1	
INFO  : Map 1: 184/184	Map 2: 1/1	Map 3: 7/7	Map 4: 178(+6)/184	Map 8: 1/1	Reducer 5: 0(+253)/253	Reducer 6: 0/1009	Reducer 7: 0/1	
INFO  : Map 1: 184/184	Map 2: 1/1	Map 3: 7/7	Map 4: 182(+2)/184	Map 8: 1/1	Reducer 5: 0(+253)/253	Reducer 6: 0/1009	Reducer 7: 0/1	
INFO  : Map 1: 184/184	Map 2: 1/1	Map 3: 7/7	Map 4: 183(+1)/184	Map 8: 1/1	Reducer 5: 0(+253)/253	Reducer 6: 0/1009	Reducer 7: 0/1	
INFO  : Map 1: 184/184	Map 2: 1/1	Map 3: 7/7	Map 4: 184/184	Map 8: 1/1	Reducer 5: 0(+253)/253	Reducer 6: 0/1009	Reducer 7: 0/1	
INFO  : Map 1: 184/184	Map 2: 1/1	Map 3: 7/7	Map 4: 184/184	Map 8: 1/1	Reducer 5: 1(+252)/253	Reducer 6: 0/1009	Reducer 7: 0/1	
INFO  : Map 1: 184/184	Map 2: 1/1	Map 3: 7/7	Map 4: 184/184	Map 8: 1/1	Reducer 5: 3(+250)/253	Reducer 6: 0/1009	Reducer 7: 0/1	
INFO  : Map 1: 184/184	Map 2: 1/1	Map 3: 7/7	Map 4: 184/184	Map 8: 1/1	Reducer 5: 24(+229)/253	Reducer 6: 0/1009	Reducer 7: 0/1	
INFO  : Map 1: 184/184	Map 2: 1/1	Map 3: 7/7	Map 4: 184/184	Map 8: 1/1	Reducer 5: 54(+199)/253	Reducer 6: 0(+8)/1009	Reducer 7: 0/1	
INFO  : Map 1: 184/184	Map 2: 1/1	Map 3: 7/7	Map 4: 184/184	Map 8: 1/1	Reducer 5: 82(+171)/253	Reducer 6: 0(+260)/1009	Reducer 7: 0/1	
INFO  : Map 1: 184/184	Map 2: 1/1	Map 3: 7/7	Map 4: 184/184	Map 8: 1/1	Reducer 5: 99(+151)/253	Reducer 6: 0(+614)/1009	Reducer 7: 0/1	
INFO  : Map 1: 184/184	Map 2: 1/1	Map 3: 7/7	Map 4: 184/184	Map 8: 1/1	Reducer 5: 120(+133)/253	Reducer 6: 0(+846)/1009	Reducer 7: 0/1	
INFO  : Map 1: 184/184	Map 2: 1/1	Map 3: 7/7	Map 4: 184/184	Map 8: 1/1	Reducer 5: 150(+103)/253	Reducer 6: 0(+983)/1009	Reducer 7: 0/1	
INFO  : Map 1: 184/184	Map 2: 1/1	Map 3: 7/7	Map 4: 184/184	Map 8: 1/1	Reducer 5: 170(+83)/253	Reducer 6: 0(+1009)/1009	Reducer 7: 0/1	
INFO  : Map 1: 184/184	Map 2: 1/1	Map 3: 7/7	Map 4: 184/184	Map 8: 1/1	Reducer 5: 207(+46)/253	Reducer 6: 0(+1009)/1009	Reducer 7: 0/1	
INFO  : Map 1: 184/184	Map 2: 1/1	Map 3: 7/7	Map 4: 184/184	Map 8: 1/1	Reducer 5: 219(+34)/253	Reducer 6: 0(+1009)/1009	Reducer 7: 0/1	
INFO  : Map 1: 184/184	Map 2: 1/1	Map 3: 7/7	Map 4: 184/184	Map 8: 1/1	Reducer 5: 236(+17)/253	Reducer 6: 0(+1009)/1009	Reducer 7: 0/1	
INFO  : Map 1: 184/184	Map 2: 1/1	Map 3: 7/7	Map 4: 184/184	Map 8: 1/1	Reducer 5: 238(+15)/253	Reducer 6: 0(+1009)/1009	Reducer 7: 0/1	
INFO  : Map 1: 184/184	Map 2: 1/1	Map 3: 7/7	Map 4: 184/184	Map 8: 1/1	Reducer 5: 249(+4)/253	Reducer 6: 0(+1009)/1009	Reducer 7: 0/1	
INFO  : Map 1: 184/184	Map 2: 1/1	Map 3: 7/7	Map 4: 184/184	Map 8: 1/1	Reducer 5: 252(+1)/253	Reducer 6: 0(+1009)/1009	Reducer 7: 0/1	
INFO  : Map 1: 184/184	Map 2: 1/1	Map 3: 7/7	Map 4: 184/184	Map 8: 1/1	Reducer 5: 252(+1)/253	Reducer 6: 0(+1009)/1009	Reducer 7: 0/1	
INFO  : Map 1: 184/184	Map 2: 1/1	Map 3: 7/7	Map 4: 184/184	Map 8: 1/1	Reducer 5: 252(+1)/253	Reducer 6: 0(+1009)/1009	Reducer 7: 0/1	
INFO  : Map 1: 184/184	Map 2: 1/1	Map 3: 7/7	Map 4: 184/184	Map 8: 1/1	Reducer 5: 252(+1)/253	Reducer 6: 0(+1009)/1009	Reducer 7: 0/1	
INFO  : Map 1: 184/184	Map 2: 1/1	Map 3: 7/7	Map 4: 184/184	Map 8: 1/1	Reducer 5: 252(+1)/253	Reducer 6: 0(+1009)/1009	Reducer 7: 0/1	
INFO  : Map 1: 184/184	Map 2: 1/1	Map 3: 7/7	Map 4: 184/184	Map 8: 1/1	Reducer 5: 252(+1)/253	Reducer 6: 0(+1009)/1009	Reducer 7: 0/1	
INFO  : Map 1: 184/184	Map 2: 1/1	Map 3: 7/7	Map 4: 184/184	Map 8: 1/1	Reducer 5: 252(+1)/253	Reducer 6: 0(+1009)/1009	Reducer 7: 0/1	
INFO  : Map 1: 184/184	Map 2: 1/1	Map 3: 7/7	Map 4: 184/184	Map 8: 1/1	Reducer 5: 252(+1)/253	Reducer 6: 0(+1009)/1009	Reducer 7: 0/1	
INFO  : Map 1: 184/184	Map 2: 1/1	Map 3: 7/7	Map 4: 184/184	Map 8: 1/1	Reducer 5: 252(+1)/253	Reducer 6: 0(+1009)/1009	Reducer 7: 0/1	
INFO  : Map 1: 184/184	Map 2: 1/1	Map 3: 7/7	Map 4: 184/184	Map 8: 1/1	Reducer 5: 252(+1)/253	Reducer 6: 0(+1009)/1009	Reducer 7: 0/1	
INFO  : Map 1: 184/184	Map 2: 1/1	Map 3: 7/7	Map 4: 184/184	Map 8: 1/1	Reducer 5: 252(+1)/253	Reducer 6: 0(+1009)/1009	Reducer 7: 0/1	
INFO  : Map 1: 184/184	Map 2: 1/1	Map 3: 7/7	Map 4: 184/184	Map 8: 1/1	Reducer 5: 252(+1)/253	Reducer 6: 0(+1009)/1009	Reducer 7: 0/1	
INFO  : Map 1: 184/184	Map 2: 1/1	Map 3: 7/7	Map 4: 184/184	Map 8: 1/1	Reducer 5: 252(+1)/253	Reducer 6: 0(+1009)/1009	Reducer 7: 0/1	
INFO  : Map 1: 184/184	Map 2: 1/1	Map 3: 7/7	Map 4: 184/184	Map 8: 1/1	Reducer 5: 252(+1)/253	Reducer 6: 0(+1009)/1009	Reducer 7: 0/1	
INFO  : Map 1: 184/184	Map 2: 1/1	Map 3: 7/7	Map 4: 184/184	Map 8: 1/1	Reducer 5: 252(+1)/253	Reducer 6: 0(+1009)/1009	Reducer 7: 0/1	
INFO  : Map 1: 184/184	Map 2: 1/1	Map 3: 7/7	Map 4: 184/184	Map 8: 1/1	Reducer 5: 252(+1)/253	Reducer 6: 0(+1009)/1009	Reducer 7: 0/1	
INFO  : Map 1: 184/184	Map 2: 1/1	Map 3: 7/7	Map 4: 184/184	Map 8: 1/1	Reducer 5: 252(+1)/253	Reducer 6: 0(+1009)/1009	Reducer 7: 0/1	
INFO  : Map 1: 184/184	Map 2: 1/1	Map 3: 7/7	Map 4: 184/184	Map 8: 1/1	Reducer 5: 252(+1)/253	Reducer 6: 0(+1009)/1009	Reducer 7: 0/1	
INFO  : Map 1: 184/184	Map 2: 1/1	Map 3: 7/7	Map 4: 184/184	Map 8: 1/1	Reducer 5: 252(+1)/253	Reducer 6: 0(+1009)/1009	Reducer 7: 0/1	
INFO  : Map 1: 184/184	Map 2: 1/1	Map 3: 7/7	Map 4: 184/184	Map 8: 1/1	Reducer 5: 252(+1)/253	Reducer 6: 0(+1009)/1009	Reducer 7: 0/1	
INFO  : Map 1: 184/184	Map 2: 1/1	Map 3: 7/7	Map 4: 184/184	Map 8: 1/1	Reducer 5: 253/253	Reducer 6: 355(+607)/1009	Reducer 7: 0/1	
INFO  : Map 1: 184/184	Map 2: 1/1	Map 3: 7/7	Map 4: 184/184	Map 8: 1/1	Reducer 5: 253/253	Reducer 6: 436(+573)/1009	Reducer 7: 0/1	
INFO  : Map 1: 184/184	Map 2: 1/1	Map 3: 7/7	Map 4: 184/184	Map 8: 1/1	Reducer 5: 253/253	Reducer 6: 504(+504)/1009	Reducer 7: 0(+1)/1	
INFO  : Map 1: 184/184	Map 2: 1/1	Map 3: 7/7	Map 4: 184/184	Map 8: 1/1	Reducer 5: 253/253	Reducer 6: 511(+498)/1009	Reducer 7: 0(+1)/1	
INFO  : Map 1: 184/184	Map 2: 1/1	Map 3: 7/7	Map 4: 184/184	Map 8: 1/1	Reducer 5: 253/253	Reducer 6: 517(+492)/1009	Reducer 7: 0(+1)/1	
INFO  : Map 1: 184/184	Map 2: 1/1	Map 3: 7/7	Map 4: 184/184	Map 8: 1/1	Reducer 5: 253/253	Reducer 6: 529(+480)/1009	Reducer 7: 0(+1)/1	
INFO  : Map 1: 184/184	Map 2: 1/1	Map 3: 7/7	Map 4: 184/184	Map 8: 1/1	Reducer 5: 253/253	Reducer 6: 557(+452)/1009	Reducer 7: 0(+1)/1	
INFO  : Map 1: 184/184	Map 2: 1/1	Map 3: 7/7	Map 4: 184/184	Map 8: 1/1	Reducer 5: 253/253	Reducer 6: 570(+439)/1009	Reducer 7: 0(+1)/1	
INFO  : Map 1: 184/184	Map 2: 1/1	Map 3: 7/7	Map 4: 184/184	Map 8: 1/1	Reducer 5: 253/253	Reducer 6: 596(+413)/1009	Reducer 7: 0(+1)/1	
INFO  : Map 1: 184/184	Map 2: 1/1	Map 3: 7/7	Map 4: 184/184	Map 8: 1/1	Reducer 5: 253/253	Reducer 6: 613(+396)/1009	Reducer 7: 0(+1)/1	
INFO  : Map 1: 184/184	Map 2: 1/1	Map 3: 7/7	Map 4: 184/184	Map 8: 1/1	Reducer 5: 253/253	Reducer 6: 643(+366)/1009	Reducer 7: 0(+1)/1	
INFO  : Map 1: 184/184	Map 2: 1/1	Map 3: 7/7	Map 4: 184/184	Map 8: 1/1	Reducer 5: 253/253	Reducer 6: 666(+343)/1009	Reducer 7: 0(+1)/1	
INFO  : Map 1: 184/184	Map 2: 1/1	Map 3: 7/7	Map 4: 184/184	Map 8: 1/1	Reducer 5: 253/253	Reducer 6: 696(+313)/1009	Reducer 7: 0(+1)/1	
INFO  : Map 1: 184/184	Map 2: 1/1	Map 3: 7/7	Map 4: 184/184	Map 8: 1/1	Reducer 5: 253/253	Reducer 6: 731(+277)/1009	Reducer 7: 0(+1)/1	
INFO  : Map 1: 184/184	Map 2: 1/1	Map 3: 7/7	Map 4: 184/184	Map 8: 1/1	Reducer 5: 253/253	Reducer 6: 781(+228)/1009	Reducer 7: 0(+1)/1	
INFO  : Map 1: 184/184	Map 2: 1/1	Map 3: 7/7	Map 4: 184/184	Map 8: 1/1	Reducer 5: 253/253	Reducer 6: 816(+193)/1009	Reducer 7: 0(+1)/1	
INFO  : Map 1: 184/184	Map 2: 1/1	Map 3: 7/7	Map 4: 184/184	Map 8: 1/1	Reducer 5: 253/253	Reducer 6: 839(+170)/1009	Reducer 7: 0(+1)/1	
INFO  : Map 1: 184/184	Map 2: 1/1	Map 3: 7/7	Map 4: 184/184	Map 8: 1/1	Reducer 5: 253/253	Reducer 6: 849(+160)/1009	Reducer 7: 0(+1)/1	
INFO  : Map 1: 184/184	Map 2: 1/1	Map 3: 7/7	Map 4: 184/184	Map 8: 1/1	Reducer 5: 253/253	Reducer 6: 870(+139)/1009	Reducer 7: 0(+1)/1	
INFO  : Map 1: 184/184	Map 2: 1/1	Map 3: 7/7	Map 4: 184/184	Map 8: 1/1	Reducer 5: 253/253	Reducer 6: 938(+71)/1009	Reducer 7: 0(+1)/1	
INFO  : Map 1: 184/184	Map 2: 1/1	Map 3: 7/7	Map 4: 184/184	Map 8: 1/1	Reducer 5: 253/253	Reducer 6: 985(+24)/1009	Reducer 7: 0(+1)/1	
INFO  : Map 1: 184/184	Map 2: 1/1	Map 3: 7/7	Map 4: 184/184	Map 8: 1/1	Reducer 5: 253/253	Reducer 6: 998(+11)/1009	Reducer 7: 0(+1)/1	
INFO  : Map 1: 184/184	Map 2: 1/1	Map 3: 7/7	Map 4: 184/184	Map 8: 1/1	Reducer 5: 253/253	Reducer 6: 1006(+3)/1009	Reducer 7: 0(+1)/1	
INFO  : Map 1: 184/184	Map 2: 1/1	Map 3: 7/7	Map 4: 184/184	Map 8: 1/1	Reducer 5: 253/253	Reducer 6: 1007(+2)/1009	Reducer 7: 0(+1)/1	
INFO  : Map 1: 184/184	Map 2: 1/1	Map 3: 7/7	Map 4: 184/184	Map 8: 1/1	Reducer 5: 253/253	Reducer 6: 1009/1009	Reducer 7: 0(+1)/1	
INFO  : Map 1: 184/184	Map 2: 1/1	Map 3: 7/7	Map 4: 184/184	Map 8: 1/1	Reducer 5: 253/253	Reducer 6: 1009/1009	Reducer 7: 1/1	
INFO  : Status: DAG finished successfully in 86.90 seconds
INFO  : 
INFO  : Query Execution Summary
INFO  : ----------------------------------------------------------------------------------------------
INFO  : ----------------------------------------------------------------------------------------------
INFO  : Compile Query                           0.93s
INFO  : Prepare Plan                            0.41s
INFO  : Submit Plan                             0.13s
INFO  : Start DAG                               0.20s
INFO  : Run DAG                                86.90s
INFO  : ----------------------------------------------------------------------------------------------
INFO  : 
INFO  : Task Execution Summary
INFO  : --------------------------------------------------------------------------------------------------------------------------------
INFO  : --------------------------------------------------------------------------------------------------------------------------------
INFO  :      Map 1          184                0             0        5854.00             0            0    416,666,321     416,666,229
INFO  :      Map 2            1                0             0         201.00             0            0         10,000              92
INFO  :      Map 3            7                0             0         201.00             0            0        402,000             412
INFO  :      Map 4          184                0             0       18874.00             0            0    416,666,321     412,685,034
INFO  :      Map 8            1                0             0           0.00             0            0         10,000              92
INFO  :  Reducer 5          253                0             0       75003.00             0            0    412,685,034         201,000
INFO  :  Reducer 6         1009                0          7114       65069.00             0            0    416,867,641           1,009
INFO  :  Reducer 7            1                0             2        4608.00             0            0          1,009               0
INFO  : --------------------------------------------------------------------------------------------------------------------------------
INFO  : 
INFO  : LLAP IO Summary
INFO  : ----------------------------------------------------------------------------------------------
INFO  : ----------------------------------------------------------------------------------------------
INFO  :      Map 1     41839       723        105    1.69GB     1.23GB    596.51MB 548.19MB   105.17s
INFO  :      Map 2         1         1          1      580B   164.44KB          0B       0B     0.02s
INFO  :      Map 3        42         7          7    3.23KB   772.92KB      3.67MB 784.44KB     0.16s
INFO  :      Map 4     41839       185        643    1.30GB     1.61GB      1.22GB   1.12GB   138.14s
INFO  :      Map 8         1         1          1      580B   164.44KB    786.43KB 504.99KB     0.03s
INFO  : ----------------------------------------------------------------------------------------------
INFO  : 
INFO  : FileSystem Counters Summary
INFO  : 
INFO  : ----------------------------------------------------------------------------------------------
INFO  : ----------------------------------------------------------------------------------------------
INFO  :      Map 1              0B             0                  0             3.38GB             0
INFO  :      Map 2              0B             0                  0               427B             0
INFO  :      Map 3              0B             0                  0           180.37KB             0
INFO  :      Map 4          8.91MB             0                  0             2.76GB             0
INFO  :      Map 8              0B             0                  0               427B             0
INFO  :  Reducer 5          2.12GB             0                  0             8.95MB             0
INFO  :  Reducer 6          2.71GB             0                  0            58.04KB             0
INFO  :  Reducer 7              0B             0                  0                 0B             0
INFO  : ----------------------------------------------------------------------------------------------
INFO  : 
INFO  : ----------------------------------------------------------------------------------------------
INFO  : ----------------------------------------------------------------------------------------------
INFO  :      Map 1          1.23GB           154                  0                 0B             0
INFO  :      Map 2        164.44KB             1                  0                 0B             0
INFO  :      Map 3        778.67KB            14                  0                 0B             0
INFO  :      Map 4          1.62GB           368                  0                 0B             0
INFO  :      Map 8        165.28KB             2                  0                 0B             0
INFO  :  Reducer 5              0B             0                  0                 0B             0
INFO  :  Reducer 6              0B             0                  0                 0B             0
INFO  :  Reducer 7              0B             2                  0               118B             2
INFO  : ----------------------------------------------------------------------------------------------
INFO  : 
INFO  : org.apache.tez.common.counters.DAGCounter:
INFO  :    NUM_KILLED_TASKS: 7116
INFO  :    NUM_SUCCEEDED_TASKS: 1640
INFO  :    TOTAL_LAUNCHED_TASKS: 8756
INFO  :    DATA_LOCAL_TASKS: 377
INFO  :    AM_CPU_MILLISECONDS: 56320
INFO  :    AM_GC_TIME_MILLIS: 441
INFO  : File System Counters:
INFO  :    FILE_BYTES_READ: 4835488921
INFO  :    FILE_BYTES_WRITTEN: 6147034415
INFO  :    FILE_READ_OPS: 0
INFO  :    FILE_LARGE_READ_OPS: 0
INFO  :    FILE_WRITE_OPS: 0
INFO  :    HDFS_BYTES_READ: 2843709811
INFO  :    HDFS_BYTES_WRITTEN: 118
INFO  :    HDFS_READ_OPS: 541
INFO  :    HDFS_LARGE_READ_OPS: 0
INFO  :    HDFS_WRITE_OPS: 2
INFO  : org.apache.tez.common.counters.TaskCounter:
INFO  :    REDUCE_INPUT_GROUPS: 201001
INFO  :    REDUCE_INPUT_RECORDS: 412686043
INFO  :    COMBINE_INPUT_RECORDS: 0
INFO  :    SPILLED_RECORDS: 826368502
INFO  :    NUM_SHUFFLED_INPUTS: 373744
INFO  :    NUM_SKIPPED_INPUTS: 0
INFO  :    NUM_FAILED_SHUFFLE_INPUTS: 1
INFO  :    MERGED_MAP_OUTPUTS: 186665
INFO  :    INPUT_RECORDS_PROCESSED: 417703126
INFO  :    INPUT_SPLIT_LENGTH_BYTES: 63814681914
INFO  :    OUTPUT_RECORDS: 829553868
INFO  :    OUTPUT_LARGE_RECORDS: 0
INFO  :    OUTPUT_BYTES: 12817502582
INFO  :    OUTPUT_BYTES_WITH_OVERHEAD: 16920894266
INFO  :    OUTPUT_BYTES_PHYSICAL: 6142541343
INFO  :    ADDITIONAL_SPILLS_BYTES_WRITTEN: 1940367979
INFO  :    ADDITIONAL_SPILLS_BYTES_READ: 2458273143
INFO  :    ADDITIONAL_SPILL_COUNT: 0
INFO  :    SHUFFLE_CHUNK_COUNT: 1193
INFO  :    SHUFFLE_BYTES: 6131795711
INFO  :    SHUFFLE_BYTES_DECOMPRESSED: 11919816570
INFO  :    SHUFFLE_BYTES_TO_MEM: 5451825947
INFO  :    SHUFFLE_BYTES_TO_DISK: 0
INFO  :    SHUFFLE_BYTES_DISK_DIRECT: 679969764
INFO  :    NUM_MEM_TO_DISK_MERGES: 0
INFO  :    NUM_DISK_TO_DISK_MERGES: 0
INFO  :    SHUFFLE_PHASE_TIME: 34065725
INFO  :    MERGE_PHASE_TIME: 2503392
INFO  :    FIRST_EVENT_RECEIVED: 231027
INFO  :    LAST_EVENT_RECEIVED: 32555920
INFO  : HIVE:
INFO  :    CREATED_FILES: 1
INFO  :    DESERIALIZE_ERRORS: 0
INFO  :    RECORDS_IN_Map_1: 416666229
INFO  :    RECORDS_IN_Map_2: 10000
INFO  :    RECORDS_IN_Map_3: 402000
INFO  :    RECORDS_IN_Map_4: 416666229
INFO  :    RECORDS_IN_Map_8: 10000
INFO  :    RECORDS_OUT_0: 1
INFO  :    RECORDS_OUT_INTERMEDIATE_Map_1: 416666229
INFO  :    RECORDS_OUT_INTERMEDIATE_Map_2: 92
INFO  :    RECORDS_OUT_INTERMEDIATE_Map_3: 412
INFO  :    RECORDS_OUT_INTERMEDIATE_Map_4: 412685034
INFO  :    RECORDS_OUT_INTERMEDIATE_Map_8: 92
INFO  :    RECORDS_OUT_INTERMEDIATE_Reducer_5: 201000
INFO  :    RECORDS_OUT_INTERMEDIATE_Reducer_6: 1009
INFO  : Shuffle Errors:
INFO  :    BAD_ID: 0
INFO  :    CONNECTION: 0
INFO  :    IO_ERROR: 1
INFO  :    WRONG_LENGTH: 0
INFO  :    WRONG_MAP: 0
INFO  :    WRONG_REDUCE: 0
INFO  : Shuffle Errors_Reducer_5_INPUT_Map_4:
INFO  :    BAD_ID: 0
INFO  :    CONNECTION: 0
INFO  :    IO_ERROR: 1
INFO  :    WRONG_LENGTH: 0
INFO  :    WRONG_MAP: 0
INFO  :    WRONG_REDUCE: 0
INFO  : Shuffle Errors_Reducer_7_INPUT_Reducer_6:
INFO  :    BAD_ID: 0
INFO  :    CONNECTION: 0
INFO  :    IO_ERROR: 0
INFO  :    WRONG_LENGTH: 0
INFO  :    WRONG_MAP: 0
INFO  :    WRONG_REDUCE: 0
INFO  : TaskCounter_Map_1_INPUT_Map_2:
INFO  :    FIRST_EVENT_RECEIVED: 722
INFO  :    INPUT_RECORDS_PROCESSED: 828
INFO  :    LAST_EVENT_RECEIVED: 722
INFO  :    NUM_FAILED_SHUFFLE_INPUTS: 0
INFO  :    NUM_SHUFFLED_INPUTS: 9
INFO  :    SHUFFLE_BYTES: 3555
INFO  :    SHUFFLE_BYTES_DECOMPRESSED: 5850
INFO  :    SHUFFLE_BYTES_DISK_DIRECT: 395
INFO  :    SHUFFLE_BYTES_TO_DISK: 0
INFO  :    SHUFFLE_BYTES_TO_MEM: 3160
INFO  :    SHUFFLE_PHASE_TIME: 3239
INFO  : TaskCounter_Map_1_INPUT_cs:
INFO  :    INPUT_RECORDS_PROCESSED: 416702
INFO  :    INPUT_SPLIT_LENGTH_BYTES: 31887535611
INFO  : TaskCounter_Map_1_OUTPUT_Reducer_6:
INFO  :    ADDITIONAL_SPILLS_BYTES_READ: 0
INFO  :    ADDITIONAL_SPILLS_BYTES_WRITTEN: 0
INFO  :    ADDITIONAL_SPILL_COUNT: 0
INFO  :    OUTPUT_BYTES: 4162478794
INFO  :    OUTPUT_BYTES_PHYSICAL: 3375121999
INFO  :    OUTPUT_BYTES_WITH_OVERHEAD: 9995805632
INFO  :    OUTPUT_LARGE_RECORDS: 0
INFO  :    OUTPUT_RECORDS: 416666229
INFO  :    SPILLED_RECORDS: 0
INFO  : TaskCounter_Map_2_INPUT_d:
INFO  :    INPUT_RECORDS_PROCESSED: 10
INFO  :    INPUT_SPLIT_LENGTH_BYTES: 759177
INFO  : TaskCounter_Map_2_OUTPUT_Map_1:
INFO  :    ADDITIONAL_SPILLS_BYTES_READ: 0
INFO  :    ADDITIONAL_SPILLS_BYTES_WRITTEN: 0
INFO  :    ADDITIONAL_SPILL_COUNT: 0
INFO  :    OUTPUT_BYTES: 460
INFO  :    OUTPUT_BYTES_PHYSICAL: 419
INFO  :    OUTPUT_BYTES_WITH_OVERHEAD: 650
INFO  :    OUTPUT_LARGE_RECORDS: 0
INFO  :    OUTPUT_RECORDS: 92
INFO  :    SPILLED_RECORDS: 0
INFO  : TaskCounter_Map_3_INPUT_i:
INFO  :    INPUT_RECORDS_PROCESSED: 405
INFO  :    INPUT_SPLIT_LENGTH_BYTES: 38092338
INFO  : TaskCounter_Map_3_OUTPUT_Reducer_6:
INFO  :    ADDITIONAL_SPILLS_BYTES_READ: 0
INFO  :    ADDITIONAL_SPILLS_BYTES_WRITTEN: 0
INFO  :    ADDITIONAL_SPILL_COUNT: 0
INFO  :    OUTPUT_BYTES: 2060
INFO  :    OUTPUT_BYTES_PHYSICAL: 180316
INFO  :    OUTPUT_BYTES_WITH_OVERHEAD: 8219
INFO  :    OUTPUT_LARGE_RECORDS: 0
INFO  :    OUTPUT_RECORDS: 412
INFO  :    SPILLED_RECORDS: 0
INFO  : TaskCounter_Map_4_INPUT_Map_8:
INFO  :    FIRST_EVENT_RECEIVED: 57
INFO  :    INPUT_RECORDS_PROCESSED: 828
INFO  :    LAST_EVENT_RECEIVED: 57
INFO  :    NUM_FAILED_SHUFFLE_INPUTS: 0
INFO  :    NUM_SHUFFLED_INPUTS: 9
INFO  :    SHUFFLE_BYTES: 3555
INFO  :    SHUFFLE_BYTES_DECOMPRESSED: 5850
INFO  :    SHUFFLE_BYTES_DISK_DIRECT: 395
INFO  :    SHUFFLE_BYTES_TO_DISK: 0
INFO  :    SHUFFLE_BYTES_TO_MEM: 3160
INFO  :    SHUFFLE_PHASE_TIME: 4048
INFO  : TaskCounter_Map_4_INPUT_cs:
INFO  :    INPUT_RECORDS_PROCESSED: 416702
INFO  :    INPUT_SPLIT_LENGTH_BYTES: 31887535611
INFO  : TaskCounter_Map_4_OUTPUT_Reducer_5:
INFO  :    ADDITIONAL_SPILLS_BYTES_READ: 0
INFO  :    ADDITIONAL_SPILLS_BYTES_WRITTEN: 0
INFO  :    ADDITIONAL_SPILL_COUNT: 0
INFO  :    OUTPUT_BYTES: 8652002254
INFO  :    OUTPUT_BYTES_PHYSICAL: 2758266589
INFO  :    OUTPUT_BYTES_WITH_OVERHEAD: 6919439742
INFO  :    OUTPUT_RECORDS: 412685034
INFO  :    SHUFFLE_CHUNK_COUNT: 184
INFO  :    SPILLED_RECORDS: 412685034
INFO  : TaskCounter_Map_8_INPUT_d:
INFO  :    INPUT_RECORDS_PROCESSED: 10
INFO  :    INPUT_SPLIT_LENGTH_BYTES: 759177
INFO  : TaskCounter_Map_8_OUTPUT_Map_4:
INFO  :    ADDITIONAL_SPILLS_BYTES_READ: 0
INFO  :    ADDITIONAL_SPILLS_BYTES_WRITTEN: 0
INFO  :    ADDITIONAL_SPILL_COUNT: 0
INFO  :    OUTPUT_BYTES: 460
INFO  :    OUTPUT_BYTES_PHYSICAL: 419
INFO  :    OUTPUT_BYTES_WITH_OVERHEAD: 650
INFO  :    OUTPUT_LARGE_RECORDS: 0
INFO  :    OUTPUT_RECORDS: 92
INFO  :    SPILLED_RECORDS: 0
INFO  : TaskCounter_Reducer_5_INPUT_Map_4:
INFO  :    ADDITIONAL_SPILLS_BYTES_READ: 2458269326
INFO  :    ADDITIONAL_SPILLS_BYTES_WRITTEN: 1940366666
INFO  :    COMBINE_INPUT_RECORDS: 0
INFO  :    FIRST_EVENT_RECEIVED: 483
INFO  :    LAST_EVENT_RECEIVED: 2199849
INFO  :    MERGED_MAP_OUTPUTS: 185656
INFO  :    MERGE_PHASE_TIME: 2499216
INFO  :    NUM_DISK_TO_DISK_MERGES: 0
INFO  :    NUM_FAILED_SHUFFLE_INPUTS: 1
INFO  :    NUM_MEM_TO_DISK_MERGES: 0
INFO  :    NUM_SHUFFLED_INPUTS: 185656
INFO  :    NUM_SKIPPED_INPUTS: 0
INFO  :    REDUCE_INPUT_GROUPS: 201000
INFO  :    REDUCE_INPUT_RECORDS: 412685034
INFO  :    SHUFFLE_BYTES: 2758266589
INFO  :    SHUFFLE_BYTES_DECOMPRESSED: 6919439742
INFO  :    SHUFFLE_BYTES_DISK_DIRECT: 306117247
INFO  :    SHUFFLE_BYTES_TO_DISK: 0
INFO  :    SHUFFLE_BYTES_TO_MEM: 2452149342
INFO  :    SHUFFLE_PHASE_TIME: 2318287
INFO  :    SPILLED_RECORDS: 413681450
INFO  : TaskCounter_Reducer_5_OUTPUT_Reducer_6:
INFO  :    ADDITIONAL_SPILLS_BYTES_READ: 0
INFO  :    ADDITIONAL_SPILLS_BYTES_WRITTEN: 0
INFO  :    ADDITIONAL_SPILL_COUNT: 0
INFO  :    OUTPUT_BYTES: 3015000
INFO  :    OUTPUT_BYTES_PHYSICAL: 8945849
INFO  :    OUTPUT_BYTES_WITH_OVERHEAD: 5627747
INFO  :    OUTPUT_LARGE_RECORDS: 0
INFO  :    OUTPUT_RECORDS: 201000
INFO  :    SPILLED_RECORDS: 0
INFO  : TaskCounter_Reducer_6_INPUT_Map_1:
INFO  :    FIRST_EVENT_RECEIVED: 55870
INFO  :    INPUT_RECORDS_PROCESSED: 416666229
INFO  :    LAST_EVENT_RECEIVED: 288483
INFO  :    NUM_FAILED_SHUFFLE_INPUTS: 0
INFO  :    NUM_SHUFFLED_INPUTS: 185656
INFO  :    SHUFFLE_BYTES: 3370666255
INFO  :    SHUFFLE_BYTES_DECOMPRESSED: 4996925188
INFO  :    SHUFFLE_BYTES_DISK_DIRECT: 373541282
INFO  :    SHUFFLE_BYTES_TO_DISK: 0
INFO  :    SHUFFLE_BYTES_TO_MEM: 2997124973
INFO  :    SHUFFLE_PHASE_TIME: 1489166
INFO  : TaskCounter_Reducer_6_INPUT_Map_3:
INFO  :    FIRST_EVENT_RECEIVED: 68070
INFO  :    INPUT_RECORDS_PROCESSED: 412
INFO  :    LAST_EVENT_RECEIVED: 81240
INFO  :    NUM_FAILED_SHUFFLE_INPUTS: 0
INFO  :    NUM_SHUFFLED_INPUTS: 396
INFO  :    SHUFFLE_BYTES: 10804
INFO  :    SHUFFLE_BYTES_DECOMPRESSED: 5260
INFO  :    SHUFFLE_BYTES_DISK_DIRECT: 1060
INFO  :    SHUFFLE_BYTES_TO_DISK: 0
INFO  :    SHUFFLE_BYTES_TO_MEM: 9744
INFO  :    SHUFFLE_PHASE_TIME: 157902
INFO  : TaskCounter_Reducer_6_INPUT_Reducer_5:
INFO  :    FIRST_EVENT_RECEIVED: 105288
INFO  :    INPUT_RECORDS_PROCESSED: 201000
INFO  :    LAST_EVENT_RECEIVED: 29981412
INFO  :    NUM_FAILED_SHUFFLE_INPUTS: 0
INFO  :    NUM_SHUFFLED_INPUTS: 1009
INFO  :    SHUFFLE_BYTES: 2819201
INFO  :    SHUFFLE_BYTES_DECOMPRESSED: 3423054
INFO  :    SHUFFLE_BYTES_DISK_DIRECT: 306881
INFO  :    SHUFFLE_BYTES_TO_DISK: 0
INFO  :    SHUFFLE_BYTES_TO_MEM: 2512320
INFO  :    SHUFFLE_PHASE_TIME: 30088924
INFO  : TaskCounter_Reducer_6_OUTPUT_Reducer_7:
INFO  :    ADDITIONAL_SPILLS_BYTES_READ: 0
INFO  :    ADDITIONAL_SPILLS_BYTES_WRITTEN: 0
INFO  :    ADDITIONAL_SPILL_COUNT: 0
INFO  :    OUTPUT_BYTES: 3554
INFO  :    OUTPUT_BYTES_PHYSICAL: 25752
INFO  :    OUTPUT_BYTES_WITH_OVERHEAD: 11626
INFO  :    OUTPUT_RECORDS: 1009
INFO  :    SHUFFLE_CHUNK_COUNT: 1009
INFO  :    SPILLED_RECORDS: 1009
INFO  : TaskCounter_Reducer_7_INPUT_Reducer_6:
INFO  :    ADDITIONAL_SPILLS_BYTES_READ: 3817
INFO  :    ADDITIONAL_SPILLS_BYTES_WRITTEN: 1313
INFO  :    COMBINE_INPUT_RECORDS: 0
INFO  :    FIRST_EVENT_RECEIVED: 537
INFO  :    LAST_EVENT_RECEIVED: 4157
INFO  :    MERGED_MAP_OUTPUTS: 1009
INFO  :    MERGE_PHASE_TIME: 4176
INFO  :    NUM_DISK_TO_DISK_MERGES: 0
INFO  :    NUM_FAILED_SHUFFLE_INPUTS: 0
INFO  :    NUM_MEM_TO_DISK_MERGES: 0
INFO  :    NUM_SHUFFLED_INPUTS: 1009
INFO  :    NUM_SKIPPED_INPUTS: 0
INFO  :    REDUCE_INPUT_GROUPS: 1
INFO  :    REDUCE_INPUT_RECORDS: 1009
INFO  :    SHUFFLE_BYTES: 25752
INFO  :    SHUFFLE_BYTES_DECOMPRESSED: 11626
INFO  :    SHUFFLE_BYTES_DISK_DIRECT: 2504
INFO  :    SHUFFLE_BYTES_TO_DISK: 0
INFO  :    SHUFFLE_BYTES_TO_MEM: 23248
INFO  :    SHUFFLE_PHASE_TIME: 4159
INFO  :    SPILLED_RECORDS: 1009
INFO  : TaskCounter_Reducer_7_OUTPUT_out_Reducer_7:
INFO  :    OUTPUT_RECORDS: 0
INFO  : org.apache.hadoop.hive.llap.counters.LlapIOCounters:
INFO  :    ALLOCATED_BYTES: 1817837568
INFO  :    ALLOCATED_USED_BYTES: 1667956546
INFO  :    CACHE_HIT_BYTES: 2993351192
INFO  :    CACHE_MISS_BYTES: 2841981621
INFO  :    CONSUMER_TIME_NS: 1689265209335
INFO  :    DECODE_TIME_NS: 109149232481
INFO  :    HDFS_TIME_NS: 106133114074
INFO  :    METADATA_CACHE_HIT: 917
INFO  :    METADATA_CACHE_MISS: 757
INFO  :    NUM_DECODED_BATCHES: 83722
INFO  :    NUM_VECTOR_BATCHES: 833829
INFO  :    ROWS_EMITTED: 833754458
INFO  :    SELECTED_ROWGROUPS: 83722
INFO  :    TOTAL_IO_TIME_NS: 243511047397
INFO  : Completed executing command(queryId=hive_20161020162148_0f58f879-4c9d-4ea9-b365-c82ea83e5a6f); Time taken: 87.728 seconds
INFO  : OK
1 row selected (88.704 seconds)
Closing: 0: jdbc:hive2://h01hn02:10500/tpcds_bin_partitioned_orc_10000
