0: jdbc:hive2://h01hn02:10500/tpcds_bin_parti> set ambari.hive.db.schema.name=hive;
0: jdbc:hive2://h01hn02:10500/tpcds_bin_parti> set fs.file.impl.disable.cache=true;
0: jdbc:hive2://h01hn02:10500/tpcds_bin_parti> set fs.hdfs.impl.disable.cache=true;
0: jdbc:hive2://h01hn02:10500/tpcds_bin_parti> set hive.auto.convert.join.noconditionaltask=true;
0: jdbc:hive2://h01hn02:10500/tpcds_bin_parti> set hive.auto.convert.join=true;
0: jdbc:hive2://h01hn02:10500/tpcds_bin_parti> -- set hive.auto.convert.sortmerge.join.noconditionaltask=true;
0: jdbc:hive2://h01hn02:10500/tpcds_bin_parti> set hive.auto.convert.sortmerge.join=true;
0: jdbc:hive2://h01hn02:10500/tpcds_bin_parti> set hive.compactor.abortedtxn.threshold=1000;
0: jdbc:hive2://h01hn02:10500/tpcds_bin_parti> set hive.compactor.check.interval=300;
0: jdbc:hive2://h01hn02:10500/tpcds_bin_parti> set hive.compactor.delta.num.threshold=10;
0: jdbc:hive2://h01hn02:10500/tpcds_bin_parti> set hive.compactor.delta.pct.threshold=0.1f;
0: jdbc:hive2://h01hn02:10500/tpcds_bin_parti> set hive.compactor.initiator.on=false;
0: jdbc:hive2://h01hn02:10500/tpcds_bin_parti> set hive.compactor.worker.threads=0;
0: jdbc:hive2://h01hn02:10500/tpcds_bin_parti> set hive.compactor.worker.timeout=86400;
0: jdbc:hive2://h01hn02:10500/tpcds_bin_parti> set hive.compute.query.using.stats=true;
0: jdbc:hive2://h01hn02:10500/tpcds_bin_parti> set hive.enforce.bucketing=true;
0: jdbc:hive2://h01hn02:10500/tpcds_bin_parti> set hive.enforce.sorting=true;
0: jdbc:hive2://h01hn02:10500/tpcds_bin_parti> set hive.enforce.sortmergebucketmapjoin=true;
0: jdbc:hive2://h01hn02:10500/tpcds_bin_parti> 
0: jdbc:hive2://h01hn02:10500/tpcds_bin_parti> set hive.limit.pushdown.memory.usage=0.04;
0: jdbc:hive2://h01hn02:10500/tpcds_bin_parti> set hive.map.aggr=true;
0: jdbc:hive2://h01hn02:10500/tpcds_bin_parti> set hive.mapjoin.bucket.cache.size=10000;
0: jdbc:hive2://h01hn02:10500/tpcds_bin_parti> set hive.mapred.reduce.tasks.speculative.execution=false;
0: jdbc:hive2://h01hn02:10500/tpcds_bin_parti> set hive.metastore.cache.pinobjtypes=Table,Database,Type,FieldSchema,Order;
0: jdbc:hive2://h01hn02:10500/tpcds_bin_parti> set hive.metastore.client.socket.timeout=60;
0: jdbc:hive2://h01hn02:10500/tpcds_bin_parti> set hive.metastore.execute.setugi=true;
0: jdbc:hive2://h01hn02:10500/tpcds_bin_parti> set hive.metastore.warehouse.dir=/apps/hive/warehouse;
0: jdbc:hive2://h01hn02:10500/tpcds_bin_parti> set hive.optimize.bucketmapjoin.sortedmerge=false;
0: jdbc:hive2://h01hn02:10500/tpcds_bin_parti> set hive.optimize.bucketmapjoin=true;
0: jdbc:hive2://h01hn02:10500/tpcds_bin_parti> set hive.optimize.index.filter=true;
0: jdbc:hive2://h01hn02:10500/tpcds_bin_parti> -- set hive.optimize.mapjoin.mapreduce=true;
0: jdbc:hive2://h01hn02:10500/tpcds_bin_parti> set hive.optimize.reducededuplication.min.reducer=4;
0: jdbc:hive2://h01hn02:10500/tpcds_bin_parti> set hive.optimize.reducededuplication=true;
0: jdbc:hive2://h01hn02:10500/tpcds_bin_parti> set hive.orc.splits.include.file.footer=false;
0: jdbc:hive2://h01hn02:10500/tpcds_bin_parti> set hive.security.authorization.enabled=false;
0: jdbc:hive2://h01hn02:10500/tpcds_bin_parti> set hive.security.metastore.authorization.manager=org.apache.hadoop.hive.ql.security.authorization.StorageBasedAuthorizationProvider;
0: jdbc:hive2://h01hn02:10500/tpcds_bin_parti> -- set hive.semantic.analyzer.factory.impl=org.apache.hivealog.cli.HCatSemanticAnalyzerFactory;
0: jdbc:hive2://h01hn02:10500/tpcds_bin_parti> set hive.server2.enable.doAs=false;
0: jdbc:hive2://h01hn02:10500/tpcds_bin_parti> set hive.server2.tez.default.queues=default;
0: jdbc:hive2://h01hn02:10500/tpcds_bin_parti> set hive.server2.tez.initialize.default.sessions=false;
0: jdbc:hive2://h01hn02:10500/tpcds_bin_parti> set hive.server2.tez.sessions.per.default.queue=1;
0: jdbc:hive2://h01hn02:10500/tpcds_bin_parti> set hive.stats.autogather=true;
0: jdbc:hive2://h01hn02:10500/tpcds_bin_parti> set hive.tez.input.format=org.apache.hadoop.hive.ql.io.HiveInputFormat;
0: jdbc:hive2://h01hn02:10500/tpcds_bin_parti> set hive.txn.manager=org.apache.hadoop.hive.ql.lockmgr.DummyTxnManager;
0: jdbc:hive2://h01hn02:10500/tpcds_bin_parti> set hive.txn.max.open.batch=1000;
0: jdbc:hive2://h01hn02:10500/tpcds_bin_parti> set hive.txn.timeout=300;
0: jdbc:hive2://h01hn02:10500/tpcds_bin_parti> set hive.vectorized.execution.enabled=true;
0: jdbc:hive2://h01hn02:10500/tpcds_bin_parti> set hive.vectorized.groupby.checkinterval=1024;
0: jdbc:hive2://h01hn02:10500/tpcds_bin_parti> set hive.vectorized.groupby.flush.percent=1;
0: jdbc:hive2://h01hn02:10500/tpcds_bin_parti> set hive.vectorized.groupby.maxentries=1024;
0: jdbc:hive2://h01hn02:10500/tpcds_bin_parti> 
0: jdbc:hive2://h01hn02:10500/tpcds_bin_parti> -- These values need to be tuned appropriately to your cluster. These examples are for reference.
0: jdbc:hive2://h01hn02:10500/tpcds_bin_parti> set hive.tez.container.size=2048;
0: jdbc:hive2://h01hn02:10500/tpcds_bin_parti> set hive.tez.java.opts=-Xmx1900m;
0: jdbc:hive2://h01hn02:10500/tpcds_bin_parti> --set hive.auto.convert.join.noconditionaltask.size=100000000;
0: jdbc:hive2://h01hn02:10500/tpcds_bin_parti> set hive.auto.convert.join.noconditionaltask.size=320000000;
0: jdbc:hive2://h01hn02:10500/tpcds_bin_parti> --set hive.auto.convert.join.noconditionaltask.size=720000000;
0: jdbc:hive2://h01hn02:10500/tpcds_bin_parti> --set hive.auto.convert.join.noconditionaltask.size=1920000000;
0: jdbc:hive2://h01hn02:10500/tpcds_bin_parti> --set hive.auto.convert.join.noconditionaltask.size=629145600;
0: jdbc:hive2://h01hn02:10500/tpcds_bin_parti> 
0: jdbc:hive2://h01hn02:10500/tpcds_bin_parti> set hive.execution.engine=tez;
0: jdbc:hive2://h01hn02:10500/tpcds_bin_parti> set hive.default.fileformat=orc;
0: jdbc:hive2://h01hn02:10500/tpcds_bin_parti> set hive.cbo.enable=true;
0: jdbc:hive2://h01hn02:10500/tpcds_bin_parti> set hive.stats.fetch.column.stats=true;
0: jdbc:hive2://h01hn02:10500/tpcds_bin_parti> set hive.exec.dynamic.partition.mode=nonstrict;
0: jdbc:hive2://h01hn02:10500/tpcds_bin_parti> set hive.tez.auto.reducer.parallelism=true;
0: jdbc:hive2://h01hn02:10500/tpcds_bin_parti> -- set hive.exec.reducers.bytes.per.reducer=67108864;
0: jdbc:hive2://h01hn02:10500/tpcds_bin_parti> set hive.exec.reducers.bytes.per.reducer=33554432;
0: jdbc:hive2://h01hn02:10500/tpcds_bin_parti> set hive.txn.manager=org.apache.hadoop.hive.ql.lockmgr.DummyTxnManager;
0: jdbc:hive2://h01hn02:10500/tpcds_bin_parti> set hive.support.concurrency=false;
0: jdbc:hive2://h01hn02:10500/tpcds_bin_parti> set hive.tez.exec.print.summary=true;
0: jdbc:hive2://h01hn02:10500/tpcds_bin_parti> 
0: jdbc:hive2://h01hn02:10500/tpcds_bin_parti> set tez.grouping.min-size=16777216;
0: jdbc:hive2://h01hn02:10500/tpcds_bin_parti> set tez.grouping.max-size=33554432;
0: jdbc:hive2://h01hn02:10500/tpcds_bin_parti> -- set tez.grouping.max-size=1073741824;
0: jdbc:hive2://h01hn02:10500/tpcds_bin_parti> 
0: jdbc:hive2://h01hn02:10500/tpcds_bin_parti> --set tez.grouping.split-waves=1.7;
0: jdbc:hive2://h01hn02:10500/tpcds_bin_parti> 
0: jdbc:hive2://h01hn02:10500/tpcds_bin_parti> select   
0: jdbc:hive2://h01hn02:10500/tpcds_bin_parti>      i_item_id
0: jdbc:hive2://h01hn02:10500/tpcds_bin_parti>     ,i_item_desc
0: jdbc:hive2://h01hn02:10500/tpcds_bin_parti>     ,s_store_id
0: jdbc:hive2://h01hn02:10500/tpcds_bin_parti>     ,s_store_name
0: jdbc:hive2://h01hn02:10500/tpcds_bin_parti>     ,sum(ss_quantity)        as store_sales_quantity
0: jdbc:hive2://h01hn02:10500/tpcds_bin_parti>     ,sum(sr_return_quantity) as store_returns_quantity
0: jdbc:hive2://h01hn02:10500/tpcds_bin_parti>     ,sum(cs_quantity)        as catalog_sales_quantity
0: jdbc:hive2://h01hn02:10500/tpcds_bin_parti>  from
0: jdbc:hive2://h01hn02:10500/tpcds_bin_parti>     store_sales
0: jdbc:hive2://h01hn02:10500/tpcds_bin_parti>    ,store_returns
0: jdbc:hive2://h01hn02:10500/tpcds_bin_parti>    ,catalog_sales
0: jdbc:hive2://h01hn02:10500/tpcds_bin_parti>    ,date_dim             d1
0: jdbc:hive2://h01hn02:10500/tpcds_bin_parti>    ,date_dim             d2
0: jdbc:hive2://h01hn02:10500/tpcds_bin_parti>    ,date_dim             d3
0: jdbc:hive2://h01hn02:10500/tpcds_bin_parti>    ,store
0: jdbc:hive2://h01hn02:10500/tpcds_bin_parti>    ,item
0: jdbc:hive2://h01hn02:10500/tpcds_bin_parti>  where
0: jdbc:hive2://h01hn02:10500/tpcds_bin_parti>      d1.d_moy               = 2 
0: jdbc:hive2://h01hn02:10500/tpcds_bin_parti>  and d1.d_year              = 2000
0: jdbc:hive2://h01hn02:10500/tpcds_bin_parti>  and d1.d_date_sk           = ss_sold_date_sk
0: jdbc:hive2://h01hn02:10500/tpcds_bin_parti>  and i_item_sk              = ss_item_sk
0: jdbc:hive2://h01hn02:10500/tpcds_bin_parti>  and s_store_sk             = ss_store_sk
0: jdbc:hive2://h01hn02:10500/tpcds_bin_parti>  and ss_customer_sk         = sr_customer_sk
0: jdbc:hive2://h01hn02:10500/tpcds_bin_parti>  and ss_item_sk             = sr_item_sk
0: jdbc:hive2://h01hn02:10500/tpcds_bin_parti>  and ss_ticket_number       = sr_ticket_number
0: jdbc:hive2://h01hn02:10500/tpcds_bin_parti>  and sr_returned_date_sk    = d2.d_date_sk
0: jdbc:hive2://h01hn02:10500/tpcds_bin_parti>  and d2.d_moy               between 2 and  2 + 3 
0: jdbc:hive2://h01hn02:10500/tpcds_bin_parti>  and d2.d_year              = 2000
0: jdbc:hive2://h01hn02:10500/tpcds_bin_parti>  and sr_customer_sk         = cs_bill_customer_sk
0: jdbc:hive2://h01hn02:10500/tpcds_bin_parti>  and sr_item_sk             = cs_item_sk
0: jdbc:hive2://h01hn02:10500/tpcds_bin_parti>  and cs_sold_date_sk        = d3.d_date_sk     
0: jdbc:hive2://h01hn02:10500/tpcds_bin_parti>  and d3.d_year              in (2000,2000+1,2000+2)
0: jdbc:hive2://h01hn02:10500/tpcds_bin_parti>  group by
0: jdbc:hive2://h01hn02:10500/tpcds_bin_parti>     i_item_id
0: jdbc:hive2://h01hn02:10500/tpcds_bin_parti>    ,i_item_desc
0: jdbc:hive2://h01hn02:10500/tpcds_bin_parti>    ,s_store_id
0: jdbc:hive2://h01hn02:10500/tpcds_bin_parti>    ,s_store_name
0: jdbc:hive2://h01hn02:10500/tpcds_bin_parti>  order by
0: jdbc:hive2://h01hn02:10500/tpcds_bin_parti>     i_item_id 
0: jdbc:hive2://h01hn02:10500/tpcds_bin_parti>    ,i_item_desc
0: jdbc:hive2://h01hn02:10500/tpcds_bin_parti>    ,s_store_id
0: jdbc:hive2://h01hn02:10500/tpcds_bin_parti>    ,s_store_name
0: jdbc:hive2://h01hn02:10500/tpcds_bin_parti>  limit 100;

