Connecting to jdbc:hive2://h01hn02:10500/tpcds_bin_partitioned_orc_10000
Connected to: Apache Hive (version 2.1.0.2.5.1.0-43)
Driver: Hive JDBC (version 1.2.1000.2.5.1.0-43)
Transaction isolation: TRANSACTION_REPEATABLE_READ
Running init script bry.sql
No rows affected (0.036 seconds)
INFO  : Compiling command(queryId=hive_20161020162755_c2300cab-ad1c-41a3-bbbb-990af5341cd7): with inv as
(select w_warehouse_name,w_warehouse_sk,i_item_sk,d_moy
       ,stdev,mean, case mean when 0 then null else stdev/mean end cov
 from(select w_warehouse_name,w_warehouse_sk,i_item_sk,d_moy
            ,stddev_samp(inv_quantity_on_hand) stdev,avg(inv_quantity_on_hand) mean
      from inventory
          ,item
          ,warehouse
          ,date_dim
      where inv_item_sk = i_item_sk
        and inv_warehouse_sk = w_warehouse_sk
        and inv_date_sk = d_date_sk
        and d_year =1999
      group by w_warehouse_name,w_warehouse_sk,i_item_sk,d_moy) foo
 where case mean when 0 then 0 else stdev/mean end > 1)
select inv1.w_warehouse_sk,inv1.i_item_sk,inv1.d_moy,inv1.mean, inv1.cov
        ,inv2.w_warehouse_sk,inv2.i_item_sk,inv2.d_moy,inv2.mean, inv2.cov
from inv inv1,inv inv2
where inv1.i_item_sk = inv2.i_item_sk
  and inv1.w_warehouse_sk =  inv2.w_warehouse_sk
  and inv1.d_moy=3
  and inv2.d_moy=3+1
order by inv1.w_warehouse_sk,inv1.i_item_sk,inv1.d_moy,inv1.mean,inv1.cov
        ,inv2.d_moy,inv2.mean, inv2.cov
INFO  : Semantic Analysis Completed
INFO  : Returning Hive schema: Schema(fieldSchemas:[FieldSchema(name:inv1.w_warehouse_sk, type:int, comment:null), FieldSchema(name:inv1.i_item_sk, type:int, comment:null), FieldSchema(name:inv1.d_moy, type:int, comment:null), FieldSchema(name:inv1.mean, type:double, comment:null), FieldSchema(name:inv1.cov, type:double, comment:null), FieldSchema(name:inv2.w_warehouse_sk, type:int, comment:null), FieldSchema(name:inv2.i_item_sk, type:int, comment:null), FieldSchema(name:inv2.d_moy, type:int, comment:null), FieldSchema(name:inv2.mean, type:double, comment:null), FieldSchema(name:inv2.cov, type:double, comment:null)], properties:null)
INFO  : Completed compiling command(queryId=hive_20161020162755_c2300cab-ad1c-41a3-bbbb-990af5341cd7); Time taken: 0.425 seconds
INFO  : Concurrency mode is disabled, not creating a lock manager
INFO  : Executing command(queryId=hive_20161020162755_c2300cab-ad1c-41a3-bbbb-990af5341cd7): with inv as
(select w_warehouse_name,w_warehouse_sk,i_item_sk,d_moy
       ,stdev,mean, case mean when 0 then null else stdev/mean end cov
 from(select w_warehouse_name,w_warehouse_sk,i_item_sk,d_moy
            ,stddev_samp(inv_quantity_on_hand) stdev,avg(inv_quantity_on_hand) mean
      from inventory
          ,item
          ,warehouse
          ,date_dim
      where inv_item_sk = i_item_sk
        and inv_warehouse_sk = w_warehouse_sk
        and inv_date_sk = d_date_sk
        and d_year =1999
      group by w_warehouse_name,w_warehouse_sk,i_item_sk,d_moy) foo
 where case mean when 0 then 0 else stdev/mean end > 1)
select inv1.w_warehouse_sk,inv1.i_item_sk,inv1.d_moy,inv1.mean, inv1.cov
        ,inv2.w_warehouse_sk,inv2.i_item_sk,inv2.d_moy,inv2.mean, inv2.cov
from inv inv1,inv inv2
where inv1.i_item_sk = inv2.i_item_sk
  and inv1.w_warehouse_sk =  inv2.w_warehouse_sk
  and inv1.d_moy=3
  and inv2.d_moy=3+1
order by inv1.w_warehouse_sk,inv1.i_item_sk,inv1.d_moy,inv1.mean,inv1.cov
        ,inv2.d_moy,inv2.mean, inv2.cov
INFO  : Query ID = hive_20161020162755_c2300cab-ad1c-41a3-bbbb-990af5341cd7
INFO  : Total jobs = 1
INFO  : Launching Job 1 out of 1
INFO  : Starting task [Stage-1:MAPRED] in serial mode
INFO  : Session is already open
INFO  : Dag name: with inv as
(select w_warehouse_n...inv2.cov(Stage-1)
INFO  : Setting tez.task.scale.memory.reserve-fraction to 0.30000001192092896
INFO  : Setting tez.task.scale.memory.reserve-fraction to 0.30000001192092896
INFO  : Setting tez.task.scale.memory.reserve-fraction to 0.30000001192092896
INFO  : 

INFO  : Status: Running (Executing on YARN cluster with App id application_1476988466894_0248)

INFO  : Map 1: 0(+2)/261	Map 10: 7/7	Map 11: 1/1	Map 12: 1/1	Map 5: 7/7	Map 6: 1/1	Map 7: 1/1	Map 8: 0/261	Reducer 2: 0/822	Reducer 3: 0/412	Reducer 4: 0/1	Reducer 9: 0/822	
INFO  : Map 1: 0(+8)/261	Map 10: 7/7	Map 11: 1/1	Map 12: 1/1	Map 5: 7/7	Map 6: 1/1	Map 7: 1/1	Map 8: 0/261	Reducer 2: 0/822	Reducer 3: 0/412	Reducer 4: 0/1	Reducer 9: 0/822	
INFO  : Map 1: 0(+9)/261	Map 10: 7/7	Map 11: 1/1	Map 12: 1/1	Map 5: 7/7	Map 6: 1/1	Map 7: 1/1	Map 8: 0/261	Reducer 2: 0/822	Reducer 3: 0/412	Reducer 4: 0/1	Reducer 9: 0/822	
INFO  : Map 1: 0(+10)/261	Map 10: 7/7	Map 11: 1/1	Map 12: 1/1	Map 5: 7/7	Map 6: 1/1	Map 7: 1/1	Map 8: 0/261	Reducer 2: 0/822	Reducer 3: 0/412	Reducer 4: 0/1	Reducer 9: 0/822	
INFO  : Map 1: 6(+15)/261	Map 10: 7/7	Map 11: 1/1	Map 12: 1/1	Map 5: 7/7	Map 6: 1/1	Map 7: 1/1	Map 8: 0/261	Reducer 2: 0/822	Reducer 3: 0/412	Reducer 4: 0/1	Reducer 9: 0/822	
INFO  : Map 1: 9(+13)/261	Map 10: 7/7	Map 11: 1/1	Map 12: 1/1	Map 5: 7/7	Map 6: 1/1	Map 7: 1/1	Map 8: 0/261	Reducer 2: 0/822	Reducer 3: 0/412	Reducer 4: 0/1	Reducer 9: 0/822	
INFO  : Map 1: 9(+252)/261	Map 10: 7/7	Map 11: 1/1	Map 12: 1/1	Map 5: 7/7	Map 6: 1/1	Map 7: 1/1	Map 8: 0(+221)/261	Reducer 2: 0/822	Reducer 3: 0/412	Reducer 4: 0/1	Reducer 9: 0/822	
INFO  : Map 1: 10(+251)/261	Map 10: 7/7	Map 11: 1/1	Map 12: 1/1	Map 5: 7/7	Map 6: 1/1	Map 7: 1/1	Map 8: 0(+235)/261	Reducer 2: 0/822	Reducer 3: 0/412	Reducer 4: 0/1	Reducer 9: 0/822	
INFO  : Map 1: 11(+250)/261	Map 10: 7/7	Map 11: 1/1	Map 12: 1/1	Map 5: 7/7	Map 6: 1/1	Map 7: 1/1	Map 8: 0(+248)/261	Reducer 2: 0/822	Reducer 3: 0/412	Reducer 4: 0/1	Reducer 9: 0/822	
INFO  : Map 1: 13(+248)/261	Map 10: 7/7	Map 11: 1/1	Map 12: 1/1	Map 5: 7/7	Map 6: 1/1	Map 7: 1/1	Map 8: 0(+261)/261	Reducer 2: 0/822	Reducer 3: 0/412	Reducer 4: 0/1	Reducer 9: 0/822	
INFO  : Map 1: 20(+241)/261	Map 10: 7/7	Map 11: 1/1	Map 12: 1/1	Map 5: 7/7	Map 6: 1/1	Map 7: 1/1	Map 8: 0(+261)/261	Reducer 2: 0/822	Reducer 3: 0/412	Reducer 4: 0/1	Reducer 9: 0/822	
INFO  : Map 1: 25(+236)/261	Map 10: 7/7	Map 11: 1/1	Map 12: 1/1	Map 5: 7/7	Map 6: 1/1	Map 7: 1/1	Map 8: 0(+261)/261	Reducer 2: 0/822	Reducer 3: 0/412	Reducer 4: 0/1	Reducer 9: 0/822	
INFO  : Map 1: 48(+213)/261	Map 10: 7/7	Map 11: 1/1	Map 12: 1/1	Map 5: 7/7	Map 6: 1/1	Map 7: 1/1	Map 8: 2(+259)/261	Reducer 2: 0/822	Reducer 3: 0/412	Reducer 4: 0/1	Reducer 9: 0/822	
INFO  : Map 1: 66(+195)/261	Map 10: 7/7	Map 11: 1/1	Map 12: 1/1	Map 5: 7/7	Map 6: 1/1	Map 7: 1/1	Map 8: 10(+251)/261	Reducer 2: 0/822	Reducer 3: 0/412	Reducer 4: 0/1	Reducer 9: 0/822	
INFO  : Map 1: 103(+156)/261	Map 10: 7/7	Map 11: 1/1	Map 12: 1/1	Map 5: 7/7	Map 6: 1/1	Map 7: 1/1	Map 8: 16(+245)/261	Reducer 2: 0/822	Reducer 3: 0/412	Reducer 4: 0/1	Reducer 9: 0/822	
INFO  : Map 1: 164(+97)/261	Map 10: 7/7	Map 11: 1/1	Map 12: 1/1	Map 5: 7/7	Map 6: 1/1	Map 7: 1/1	Map 8: 22(+239)/261	Reducer 2: 0/822	Reducer 3: 0/412	Reducer 4: 0/1	Reducer 9: 0/822	
INFO  : Map 1: 195(+66)/261	Map 10: 7/7	Map 11: 1/1	Map 12: 1/1	Map 5: 7/7	Map 6: 1/1	Map 7: 1/1	Map 8: 35(+226)/261	Reducer 2: 0/822	Reducer 3: 0/412	Reducer 4: 0/1	Reducer 9: 0/822	
INFO  : Map 1: 209(+51)/261	Map 10: 7/7	Map 11: 1/1	Map 12: 1/1	Map 5: 7/7	Map 6: 1/1	Map 7: 1/1	Map 8: 80(+181)/261	Reducer 2: 0/103	Reducer 3: 0/412	Reducer 4: 0/1	Reducer 9: 0/822	
INFO  : Map 1: 213(+48)/261	Map 10: 7/7	Map 11: 1/1	Map 12: 1/1	Map 5: 7/7	Map 6: 1/1	Map 7: 1/1	Map 8: 114(+147)/261	Reducer 2: 0/103	Reducer 3: 0/412	Reducer 4: 0/1	Reducer 9: 0/822	
INFO  : Map 1: 217(+44)/261	Map 10: 7/7	Map 11: 1/1	Map 12: 1/1	Map 5: 7/7	Map 6: 1/1	Map 7: 1/1	Map 8: 164(+97)/261	Reducer 2: 0(+103)/103	Reducer 3: 0/412	Reducer 4: 0/1	Reducer 9: 0/822	
INFO  : Map 1: 220(+41)/261	Map 10: 7/7	Map 11: 1/1	Map 12: 1/1	Map 5: 7/7	Map 6: 1/1	Map 7: 1/1	Map 8: 200(+61)/261	Reducer 2: 0(+103)/103	Reducer 3: 0/412	Reducer 4: 0/1	Reducer 9: 0/103	
INFO  : Map 1: 232(+29)/261	Map 10: 7/7	Map 11: 1/1	Map 12: 1/1	Map 5: 7/7	Map 6: 1/1	Map 7: 1/1	Map 8: 233(+28)/261	Reducer 2: 0(+103)/103	Reducer 3: 0/412	Reducer 4: 0/1	Reducer 9: 0(+103)/103	
INFO  : Map 1: 239(+22)/261	Map 10: 7/7	Map 11: 1/1	Map 12: 1/1	Map 5: 7/7	Map 6: 1/1	Map 7: 1/1	Map 8: 245(+16)/261	Reducer 2: 0(+103)/103	Reducer 3: 0/412	Reducer 4: 0/1	Reducer 9: 0(+103)/103	
INFO  : Map 1: 240(+21)/261	Map 10: 7/7	Map 11: 1/1	Map 12: 1/1	Map 5: 7/7	Map 6: 1/1	Map 7: 1/1	Map 8: 251(+10)/261	Reducer 2: 0(+103)/103	Reducer 3: 0/412	Reducer 4: 0/1	Reducer 9: 0(+103)/103	
INFO  : Map 1: 245(+16)/261	Map 10: 7/7	Map 11: 1/1	Map 12: 1/1	Map 5: 7/7	Map 6: 1/1	Map 7: 1/1	Map 8: 256(+5)/261	Reducer 2: 0(+103)/103	Reducer 3: 0/412	Reducer 4: 0/1	Reducer 9: 0(+103)/103	
INFO  : Map 1: 255(+6)/261	Map 10: 7/7	Map 11: 1/1	Map 12: 1/1	Map 5: 7/7	Map 6: 1/1	Map 7: 1/1	Map 8: 256(+5)/261	Reducer 2: 0(+103)/103	Reducer 3: 0/412	Reducer 4: 0/1	Reducer 9: 0(+103)/103	
INFO  : Map 1: 257(+4)/261	Map 10: 7/7	Map 11: 1/1	Map 12: 1/1	Map 5: 7/7	Map 6: 1/1	Map 7: 1/1	Map 8: 256(+5)/261	Reducer 2: 0(+103)/103	Reducer 3: 0/412	Reducer 4: 0/1	Reducer 9: 0(+103)/103	
INFO  : Map 1: 257(+4)/261	Map 10: 7/7	Map 11: 1/1	Map 12: 1/1	Map 5: 7/7	Map 6: 1/1	Map 7: 1/1	Map 8: 256(+5)/261	Reducer 2: 0(+103)/103	Reducer 3: 0/412	Reducer 4: 0/1	Reducer 9: 0(+103)/103	
INFO  : Map 1: 257(+4)/261	Map 10: 7/7	Map 11: 1/1	Map 12: 1/1	Map 5: 7/7	Map 6: 1/1	Map 7: 1/1	Map 8: 256(+5)/261	Reducer 2: 0(+103)/103	Reducer 3: 0/412	Reducer 4: 0/1	Reducer 9: 0(+103)/103	
INFO  : Map 1: 258(+3)/261	Map 10: 7/7	Map 11: 1/1	Map 12: 1/1	Map 5: 7/7	Map 6: 1/1	Map 7: 1/1	Map 8: 256(+5)/261	Reducer 2: 0(+103)/103	Reducer 3: 0/412	Reducer 4: 0/1	Reducer 9: 0(+103)/103	
INFO  : Map 1: 260(+1)/261	Map 10: 7/7	Map 11: 1/1	Map 12: 1/1	Map 5: 7/7	Map 6: 1/1	Map 7: 1/1	Map 8: 257(+4)/261	Reducer 2: 0(+103)/103	Reducer 3: 0/412	Reducer 4: 0/1	Reducer 9: 0(+103)/103	
INFO  : Map 1: 260(+1)/261	Map 10: 7/7	Map 11: 1/1	Map 12: 1/1	Map 5: 7/7	Map 6: 1/1	Map 7: 1/1	Map 8: 258(+3)/261	Reducer 2: 0(+103)/103	Reducer 3: 0/412	Reducer 4: 0/1	Reducer 9: 0(+103)/103	
INFO  : Map 1: 260(+1)/261	Map 10: 7/7	Map 11: 1/1	Map 12: 1/1	Map 5: 7/7	Map 6: 1/1	Map 7: 1/1	Map 8: 260(+1)/261	Reducer 2: 0(+103)/103	Reducer 3: 0/412	Reducer 4: 0/1	Reducer 9: 0(+103)/103	
INFO  : Map 1: 261/261	Map 10: 7/7	Map 11: 1/1	Map 12: 1/1	Map 5: 7/7	Map 6: 1/1	Map 7: 1/1	Map 8: 260(+1)/261	Reducer 2: 0(+103)/103	Reducer 3: 0/412	Reducer 4: 0/1	Reducer 9: 0(+103)/103	
INFO  : Map 1: 261/261	Map 10: 7/7	Map 11: 1/1	Map 12: 1/1	Map 5: 7/7	Map 6: 1/1	Map 7: 1/1	Map 8: 261/261	Reducer 2: 16(+86)/103	Reducer 3: 0/412	Reducer 4: 0/1	Reducer 9: 0(+103)/103	
INFO  : Map 1: 261/261	Map 10: 7/7	Map 11: 1/1	Map 12: 1/1	Map 5: 7/7	Map 6: 1/1	Map 7: 1/1	Map 8: 261/261	Reducer 2: 42(+61)/103	Reducer 3: 0/412	Reducer 4: 0/1	Reducer 9: 0(+103)/103	
INFO  : Map 1: 261/261	Map 10: 7/7	Map 11: 1/1	Map 12: 1/1	Map 5: 7/7	Map 6: 1/1	Map 7: 1/1	Map 8: 261/261	Reducer 2: 55(+48)/103	Reducer 3: 0/412	Reducer 4: 0/1	Reducer 9: 0(+103)/103	
INFO  : Map 1: 261/261	Map 10: 7/7	Map 11: 1/1	Map 12: 1/1	Map 5: 7/7	Map 6: 1/1	Map 7: 1/1	Map 8: 261/261	Reducer 2: 65(+38)/103	Reducer 3: 0/412	Reducer 4: 0/1	Reducer 9: 3(+100)/103	
INFO  : Map 1: 261/261	Map 10: 7/7	Map 11: 1/1	Map 12: 1/1	Map 5: 7/7	Map 6: 1/1	Map 7: 1/1	Map 8: 261/261	Reducer 2: 70(+33)/103	Reducer 3: 0(+9)/412	Reducer 4: 0/1	Reducer 9: 21(+82)/103	
INFO  : Map 1: 261/261	Map 10: 7/7	Map 11: 1/1	Map 12: 1/1	Map 5: 7/7	Map 6: 1/1	Map 7: 1/1	Map 8: 261/261	Reducer 2: 90(+13)/103	Reducer 3: 0(+207)/412	Reducer 4: 0/1	Reducer 9: 36(+67)/103	
INFO  : Map 1: 261/261	Map 10: 7/7	Map 11: 1/1	Map 12: 1/1	Map 5: 7/7	Map 6: 1/1	Map 7: 1/1	Map 8: 261/261	Reducer 2: 94(+9)/103	Reducer 3: 0(+412)/412	Reducer 4: 0/1	Reducer 9: 56(+47)/103	
INFO  : Map 1: 261/261	Map 10: 7/7	Map 11: 1/1	Map 12: 1/1	Map 5: 7/7	Map 6: 1/1	Map 7: 1/1	Map 8: 261/261	Reducer 2: 103/103	Reducer 3: 0(+412)/412	Reducer 4: 0/1	Reducer 9: 62(+41)/103	
INFO  : Map 1: 261/261	Map 10: 7/7	Map 11: 1/1	Map 12: 1/1	Map 5: 7/7	Map 6: 1/1	Map 7: 1/1	Map 8: 261/261	Reducer 2: 103/103	Reducer 3: 0(+412)/412	Reducer 4: 0/1	Reducer 9: 69(+34)/103	
INFO  : Map 1: 261/261	Map 10: 7/7	Map 11: 1/1	Map 12: 1/1	Map 5: 7/7	Map 6: 1/1	Map 7: 1/1	Map 8: 261/261	Reducer 2: 103/103	Reducer 3: 0(+412)/412	Reducer 4: 0/1	Reducer 9: 74(+29)/103	
INFO  : Map 1: 261/261	Map 10: 7/7	Map 11: 1/1	Map 12: 1/1	Map 5: 7/7	Map 6: 1/1	Map 7: 1/1	Map 8: 261/261	Reducer 2: 103/103	Reducer 3: 0(+412)/412	Reducer 4: 0/1	Reducer 9: 83(+20)/103	
INFO  : Map 1: 261/261	Map 10: 7/7	Map 11: 1/1	Map 12: 1/1	Map 5: 7/7	Map 6: 1/1	Map 7: 1/1	Map 8: 261/261	Reducer 2: 103/103	Reducer 3: 0(+412)/412	Reducer 4: 0/1	Reducer 9: 85(+18)/103	
INFO  : Map 1: 261/261	Map 10: 7/7	Map 11: 1/1	Map 12: 1/1	Map 5: 7/7	Map 6: 1/1	Map 7: 1/1	Map 8: 261/261	Reducer 2: 103/103	Reducer 3: 0(+412)/412	Reducer 4: 0/1	Reducer 9: 92(+11)/103	
INFO  : Map 1: 261/261	Map 10: 7/7	Map 11: 1/1	Map 12: 1/1	Map 5: 7/7	Map 6: 1/1	Map 7: 1/1	Map 8: 261/261	Reducer 2: 103/103	Reducer 3: 0(+412)/412	Reducer 4: 0/1	Reducer 9: 94(+9)/103	
INFO  : Map 1: 261/261	Map 10: 7/7	Map 11: 1/1	Map 12: 1/1	Map 5: 7/7	Map 6: 1/1	Map 7: 1/1	Map 8: 261/261	Reducer 2: 103/103	Reducer 3: 0(+412)/412	Reducer 4: 0/1	Reducer 9: 99(+4)/103	
INFO  : Map 1: 261/261	Map 10: 7/7	Map 11: 1/1	Map 12: 1/1	Map 5: 7/7	Map 6: 1/1	Map 7: 1/1	Map 8: 261/261	Reducer 2: 103/103	Reducer 3: 18(+394)/412	Reducer 4: 0/1	Reducer 9: 103/103	
INFO  : Map 1: 261/261	Map 10: 7/7	Map 11: 1/1	Map 12: 1/1	Map 5: 7/7	Map 6: 1/1	Map 7: 1/1	Map 8: 261/261	Reducer 2: 103/103	Reducer 3: 163(+249)/412	Reducer 4: 0(+1)/1	Reducer 9: 103/103	
INFO  : Map 1: 261/261	Map 10: 7/7	Map 11: 1/1	Map 12: 1/1	Map 5: 7/7	Map 6: 1/1	Map 7: 1/1	Map 8: 261/261	Reducer 2: 103/103	Reducer 3: 202(+210)/412	Reducer 4: 0(+1)/1	Reducer 9: 103/103	
INFO  : Map 1: 261/261	Map 10: 7/7	Map 11: 1/1	Map 12: 1/1	Map 5: 7/7	Map 6: 1/1	Map 7: 1/1	Map 8: 261/261	Reducer 2: 103/103	Reducer 3: 272(+140)/412	Reducer 4: 0(+1)/1	Reducer 9: 103/103	
INFO  : Map 1: 261/261	Map 10: 7/7	Map 11: 1/1	Map 12: 1/1	Map 5: 7/7	Map 6: 1/1	Map 7: 1/1	Map 8: 261/261	Reducer 2: 103/103	Reducer 3: 398(+14)/412	Reducer 4: 0(+1)/1	Reducer 9: 103/103	
INFO  : Map 1: 261/261	Map 10: 7/7	Map 11: 1/1	Map 12: 1/1	Map 5: 7/7	Map 6: 1/1	Map 7: 1/1	Map 8: 261/261	Reducer 2: 103/103	Reducer 3: 412/412	Reducer 4: 0(+1)/1	Reducer 9: 103/103	
INFO  : Map 1: 261/261	Map 10: 7/7	Map 11: 1/1	Map 12: 1/1	Map 5: 7/7	Map 6: 1/1	Map 7: 1/1	Map 8: 261/261	Reducer 2: 103/103	Reducer 3: 412/412	Reducer 4: 1/1	Reducer 9: 103/103	
INFO  : Status: DAG finished successfully in 24.34 seconds
INFO  : 
INFO  : Query Execution Summary
INFO  : ----------------------------------------------------------------------------------------------
INFO  : ----------------------------------------------------------------------------------------------
INFO  : Compile Query                           0.42s
INFO  : Prepare Plan                            0.34s
INFO  : Submit Plan                             0.13s
INFO  : Start DAG                               0.20s
INFO  : Run DAG                                24.34s
INFO  : ----------------------------------------------------------------------------------------------
INFO  : 
INFO  : Task Execution Summary
INFO  : --------------------------------------------------------------------------------------------------------------------------------
INFO  : --------------------------------------------------------------------------------------------------------------------------------
INFO  :      Map 1          261                0            41       17550.00             0            0  1,311,927,056      20,100,000
INFO  :     Map 10            7                0             0           0.00             0            0        402,000         402,000
INFO  :     Map 11            1                0             0           0.00             0            0             25              25
INFO  :     Map 12            1                0             0           0.00             0            0         10,000              30
INFO  :      Map 5            7                0             0           0.00             0            0        402,000         402,000
INFO  :      Map 6            1                0             0           0.00             0            0             25              25
INFO  :      Map 7            1                0             0           0.00             0            0         10,000              31
INFO  :      Map 8          261                0             0       16954.00             0            0  1,311,927,055      25,125,000
INFO  :  Reducer 2          103                0             0       15722.00             0            0     20,100,000         351,640
INFO  :  Reducer 3          412                0             3        5251.00             0            0        592,635          17,010
INFO  :  Reducer 4            1                0             0        2129.00             0            0         17,010               0
INFO  :  Reducer 9          103                0             0       17733.00             0            0     25,125,000         240,995
INFO  : --------------------------------------------------------------------------------------------------------------------------------
INFO  : 
INFO  : LLAP IO Summary
INFO  : ----------------------------------------------------------------------------------------------
INFO  : ----------------------------------------------------------------------------------------------
INFO  :      Map 1    131283       522          0    2.89GB         0B          0B       0B   200.26s
INFO  :     Map 10        42        14          0    3.23KB         0B          0B       0B     0.02s
INFO  :     Map 11         1         2          0      429B         0B          0B       0B     0.00s
INFO  :     Map 12         1         2          0    1.91KB         0B          0B       0B     0.00s
INFO  :      Map 5        42        14          0    3.23KB         0B          0B       0B     0.01s
INFO  :      Map 6         1         2          0      429B         0B          0B       0B     0.00s
INFO  :      Map 7         1         2          0    1.91KB         0B          0B       0B     0.00s
INFO  :      Map 8    131283       522          0    2.89GB         0B          0B       0B   240.90s
INFO  : ----------------------------------------------------------------------------------------------
INFO  : 
INFO  : FileSystem Counters Summary
INFO  : 
INFO  : ----------------------------------------------------------------------------------------------
INFO  : ----------------------------------------------------------------------------------------------
INFO  :      Map 1         10.30MB             0                  0           319.24MB             0
INFO  :     Map 10              0B             0                  0             1.60MB             0
INFO  :     Map 11              0B             0                  0               600B             0
INFO  :     Map 12              0B             0                  0               179B             0
INFO  :      Map 5              0B             0                  0             1.60MB             0
INFO  :      Map 6              0B             0                  0               600B             0
INFO  :      Map 7              0B             0                  0               184B             0
INFO  :      Map 8         10.30MB             0                  0           396.70MB             0
INFO  :  Reducer 2        183.01MB             0                  0            10.63MB             0
INFO  :  Reducer 3        381.29MB             0                  0           744.66KB             0
INFO  :  Reducer 4        286.75KB             0                  0                 0B             0
INFO  :  Reducer 9        234.83MB             0                  0             7.97MB             0
INFO  : ----------------------------------------------------------------------------------------------
INFO  : 
INFO  : ----------------------------------------------------------------------------------------------
INFO  : ----------------------------------------------------------------------------------------------
INFO  :      Map 1              0B             0                  0                 0B             0
INFO  :     Map 10              0B             0                  0                 0B             0
INFO  :     Map 11              0B             0                  0                 0B             0
INFO  :     Map 12              0B             0                  0                 0B             0
INFO  :      Map 5              0B             0                  0                 0B             0
INFO  :      Map 6              0B             0                  0                 0B             0
INFO  :      Map 7              0B             0                  0                 0B             0
INFO  :      Map 8              0B             0                  0                 0B             0
INFO  :  Reducer 2              0B             0                  0                 0B             0
INFO  :  Reducer 3              0B             0                  0                 0B             0
INFO  :  Reducer 4              0B             2                  0             1.49MB             2
INFO  :  Reducer 9              0B             0                  0                 0B             0
INFO  : ----------------------------------------------------------------------------------------------
INFO  : 
INFO  : org.apache.tez.common.counters.DAGCounter:
INFO  :    NUM_KILLED_TASKS: 44
INFO  :    NUM_SUCCEEDED_TASKS: 1159
INFO  :    TOTAL_LAUNCHED_TASKS: 1203
INFO  :    DATA_LOCAL_TASKS: 540
INFO  :    AM_CPU_MILLISECONDS: 14630
INFO  :    AM_GC_TIME_MILLIS: 148
INFO  : File System Counters:
INFO  :    FILE_BYTES_READ: 820019705
INFO  :    FILE_BYTES_WRITTEN: 738485564
INFO  :    FILE_READ_OPS: 0
INFO  :    FILE_LARGE_READ_OPS: 0
INFO  :    FILE_WRITE_OPS: 0
INFO  :    HDFS_BYTES_READ: 0
INFO  :    HDFS_BYTES_WRITTEN: 1490913
INFO  :    HDFS_READ_OPS: 2
INFO  :    HDFS_LARGE_READ_OPS: 0
INFO  :    HDFS_WRITE_OPS: 2
INFO  : org.apache.tez.common.counters.TaskCounter:
INFO  :    REDUCE_INPUT_GROUPS: 10067010
INFO  :    REDUCE_INPUT_RECORDS: 45242010
INFO  :    COMBINE_INPUT_RECORDS: 0
INFO  :    SPILLED_RECORDS: 90484020
INFO  :    NUM_SHUFFLED_INPUTS: 92688
INFO  :    NUM_SKIPPED_INPUTS: 421686
INFO  :    NUM_FAILED_SHUFFLE_INPUTS: 0
INFO  :    MERGED_MAP_OUTPUTS: 7810
INFO  :    INPUT_RECORDS_PROCESSED: 10453516
INFO  :    INPUT_SPLIT_LENGTH_BYTES: 5869643330
INFO  :    OUTPUT_RECORDS: 46638756
INFO  :    OUTPUT_LARGE_RECORDS: 0
INFO  :    OUTPUT_BYTES: 2906608678
INFO  :    OUTPUT_BYTES_WITH_OVERHEAD: 3008630516
INFO  :    OUTPUT_BYTES_PHYSICAL: 728168396
INFO  :    ADDITIONAL_SPILLS_BYTES_WRITTEN: 445390502
INFO  :    ADDITIONAL_SPILLS_BYTES_READ: 521984140
INFO  :    ADDITIONAL_SPILL_COUNT: 0
INFO  :    SHUFFLE_CHUNK_COUNT: 934
INFO  :    SHUFFLE_BYTES: 743337276
INFO  :    SHUFFLE_BYTES_DECOMPRESSED: 3045479574
INFO  :    SHUFFLE_BYTES_TO_MEM: 661667608
INFO  :    SHUFFLE_BYTES_TO_DISK: 0
INFO  :    SHUFFLE_BYTES_DISK_DIRECT: 81669668
INFO  :    NUM_MEM_TO_DISK_MERGES: 0
INFO  :    NUM_DISK_TO_DISK_MERGES: 0
INFO  :    SHUFFLE_PHASE_TIME: 4804253
INFO  :    MERGE_PHASE_TIME: 2951059
INFO  :    FIRST_EVENT_RECEIVED: 25280
INFO  :    LAST_EVENT_RECEIVED: 4174247
INFO  : HIVE:
INFO  :    CREATED_FILES: 1
INFO  :    DESERIALIZE_ERRORS: 0
INFO  :    RECORDS_IN_Map_1: 1311525000
INFO  :    RECORDS_IN_Map_10: 402000
INFO  :    RECORDS_IN_Map_11: 25
INFO  :    RECORDS_IN_Map_12: 10000
INFO  :    RECORDS_IN_Map_5: 402000
INFO  :    RECORDS_IN_Map_6: 25
INFO  :    RECORDS_IN_Map_7: 10000
INFO  :    RECORDS_IN_Map_8: 1311525000
INFO  :    RECORDS_OUT_0: 17010
INFO  :    RECORDS_OUT_INTERMEDIATE_Map_1: 20100000
INFO  :    RECORDS_OUT_INTERMEDIATE_Map_10: 402000
INFO  :    RECORDS_OUT_INTERMEDIATE_Map_11: 25
INFO  :    RECORDS_OUT_INTERMEDIATE_Map_12: 30
INFO  :    RECORDS_OUT_INTERMEDIATE_Map_5: 402000
INFO  :    RECORDS_OUT_INTERMEDIATE_Map_6: 25
INFO  :    RECORDS_OUT_INTERMEDIATE_Map_7: 31
INFO  :    RECORDS_OUT_INTERMEDIATE_Map_8: 25125000
INFO  :    RECORDS_OUT_INTERMEDIATE_Reducer_2: 351640
INFO  :    RECORDS_OUT_INTERMEDIATE_Reducer_3: 17010
INFO  :    RECORDS_OUT_INTERMEDIATE_Reducer_9: 240995
INFO  : Shuffle Errors:
INFO  :    BAD_ID: 0
INFO  :    CONNECTION: 0
INFO  :    IO_ERROR: 0
INFO  :    WRONG_LENGTH: 0
INFO  :    WRONG_MAP: 0
INFO  :    WRONG_REDUCE: 0
INFO  : Shuffle Errors_Reducer_2_INPUT_Map_1:
INFO  :    BAD_ID: 0
INFO  :    CONNECTION: 0
INFO  :    IO_ERROR: 0
INFO  :    WRONG_LENGTH: 0
INFO  :    WRONG_MAP: 0
INFO  :    WRONG_REDUCE: 0
INFO  : Shuffle Errors_Reducer_4_INPUT_Reducer_3:
INFO  :    BAD_ID: 0
INFO  :    CONNECTION: 0
INFO  :    IO_ERROR: 0
INFO  :    WRONG_LENGTH: 0
INFO  :    WRONG_MAP: 0
INFO  :    WRONG_REDUCE: 0
INFO  : Shuffle Errors_Reducer_9_INPUT_Map_8:
INFO  :    BAD_ID: 0
INFO  :    CONNECTION: 0
INFO  :    IO_ERROR: 0
INFO  :    WRONG_LENGTH: 0
INFO  :    WRONG_MAP: 0
INFO  :    WRONG_REDUCE: 0
INFO  : TaskCounter_Map_10_INPUT_item:
INFO  :    INPUT_RECORDS_PROCESSED: 405
INFO  :    INPUT_SPLIT_LENGTH_BYTES: 38092338
INFO  : TaskCounter_Map_10_OUTPUT_Map_8:
INFO  :    ADDITIONAL_SPILLS_BYTES_READ: 0
INFO  :    ADDITIONAL_SPILLS_BYTES_WRITTEN: 0
INFO  :    ADDITIONAL_SPILL_COUNT: 0
INFO  :    OUTPUT_BYTES: 2010000
INFO  :    OUTPUT_BYTES_PHYSICAL: 1601948
INFO  :    OUTPUT_BYTES_WITH_OVERHEAD: 2814042
INFO  :    OUTPUT_LARGE_RECORDS: 0
INFO  :    OUTPUT_RECORDS: 402000
INFO  :    SPILLED_RECORDS: 0
INFO  : TaskCounter_Map_11_INPUT_warehouse:
INFO  :    INPUT_RECORDS_PROCESSED: 1
INFO  :    INPUT_SPLIT_LENGTH_BYTES: 2722
INFO  : TaskCounter_Map_11_OUTPUT_Map_8:
INFO  :    ADDITIONAL_SPILLS_BYTES_READ: 0
INFO  :    ADDITIONAL_SPILLS_BYTES_WRITTEN: 0
INFO  :    ADDITIONAL_SPILL_COUNT: 0
INFO  :    OUTPUT_BYTES: 565
INFO  :    OUTPUT_BYTES_PHYSICAL: 592
INFO  :    OUTPUT_BYTES_WITH_OVERHEAD: 621
INFO  :    OUTPUT_LARGE_RECORDS: 0
INFO  :    OUTPUT_RECORDS: 25
INFO  :    SPILLED_RECORDS: 0
INFO  : TaskCounter_Map_12_INPUT_date_dim:
INFO  :    INPUT_RECORDS_PROCESSED: 10
INFO  :    INPUT_SPLIT_LENGTH_BYTES: 759177
INFO  : TaskCounter_Map_12_OUTPUT_Map_8:
INFO  :    ADDITIONAL_SPILLS_BYTES_READ: 0
INFO  :    ADDITIONAL_SPILLS_BYTES_WRITTEN: 0
INFO  :    ADDITIONAL_SPILL_COUNT: 0
INFO  :    OUTPUT_BYTES: 150
INFO  :    OUTPUT_BYTES_PHYSICAL: 171
INFO  :    OUTPUT_BYTES_WITH_OVERHEAD: 216
INFO  :    OUTPUT_LARGE_RECORDS: 0
INFO  :    OUTPUT_RECORDS: 30
INFO  :    SPILLED_RECORDS: 0
INFO  : TaskCounter_Map_1_INPUT_Map_5:
INFO  :    FIRST_EVENT_RECEIVED: 10
INFO  :    INPUT_RECORDS_PROCESSED: 3618000
INFO  :    LAST_EVENT_RECEIVED: 10
INFO  :    NUM_FAILED_SHUFFLE_INPUTS: 0
INFO  :    NUM_SHUFFLED_INPUTS: 63
INFO  :    SHUFFLE_BYTES: 14416020
INFO  :    SHUFFLE_BYTES_DECOMPRESSED: 25326378
INFO  :    SHUFFLE_BYTES_DISK_DIRECT: 1601780
INFO  :    SHUFFLE_BYTES_TO_DISK: 0
INFO  :    SHUFFLE_BYTES_TO_MEM: 12814240
INFO  :    SHUFFLE_PHASE_TIME: 54
INFO  : TaskCounter_Map_1_INPUT_Map_6:
INFO  :    FIRST_EVENT_RECEIVED: 17
INFO  :    INPUT_RECORDS_PROCESSED: 225
INFO  :    LAST_EVENT_RECEIVED: 17
INFO  :    NUM_FAILED_SHUFFLE_INPUTS: 0
INFO  :    NUM_SHUFFLED_INPUTS: 9
INFO  :    SHUFFLE_BYTES: 5112
INFO  :    SHUFFLE_BYTES_DECOMPRESSED: 5589
INFO  :    SHUFFLE_BYTES_DISK_DIRECT: 568
INFO  :    SHUFFLE_BYTES_TO_DISK: 0
INFO  :    SHUFFLE_BYTES_TO_MEM: 4544
INFO  :    SHUFFLE_PHASE_TIME: 422
INFO  : TaskCounter_Map_1_INPUT_Map_7:
INFO  :    FIRST_EVENT_RECEIVED: 5
INFO  :    INPUT_RECORDS_PROCESSED: 279
INFO  :    LAST_EVENT_RECEIVED: 5
INFO  :    NUM_FAILED_SHUFFLE_INPUTS: 0
INFO  :    NUM_SHUFFLED_INPUTS: 9
INFO  :    SHUFFLE_BYTES: 1368
INFO  :    SHUFFLE_BYTES_DECOMPRESSED: 2007
INFO  :    SHUFFLE_BYTES_DISK_DIRECT: 152
INFO  :    SHUFFLE_BYTES_TO_DISK: 0
INFO  :    SHUFFLE_BYTES_TO_MEM: 1216
INFO  :    SHUFFLE_PHASE_TIME: 15
INFO  : TaskCounter_Map_1_INPUT_inventory:
INFO  :    INPUT_RECORDS_PROCESSED: 1311525
INFO  :    INPUT_SPLIT_LENGTH_BYTES: 2895967428
INFO  : TaskCounter_Map_1_OUTPUT_Reducer_2:
INFO  :    ADDITIONAL_SPILLS_BYTES_READ: 0
INFO  :    ADDITIONAL_SPILLS_BYTES_WRITTEN: 0
INFO  :    ADDITIONAL_SPILL_COUNT: 0
INFO  :    OUTPUT_BYTES: 1282349976
INFO  :    OUTPUT_BYTES_PHYSICAL: 314087400
INFO  :    OUTPUT_BYTES_WITH_OVERHEAD: 1323837228
INFO  :    OUTPUT_RECORDS: 20100000
INFO  :    SHUFFLE_CHUNK_COUNT: 261
INFO  :    SPILLED_RECORDS: 20100000
INFO  : TaskCounter_Map_5_INPUT_item:
INFO  :    INPUT_RECORDS_PROCESSED: 405
INFO  :    INPUT_SPLIT_LENGTH_BYTES: 38092338
INFO  : TaskCounter_Map_5_OUTPUT_Map_1:
INFO  :    ADDITIONAL_SPILLS_BYTES_READ: 0
INFO  :    ADDITIONAL_SPILLS_BYTES_WRITTEN: 0
INFO  :    ADDITIONAL_SPILL_COUNT: 0
INFO  :    OUTPUT_BYTES: 2010000
INFO  :    OUTPUT_BYTES_PHYSICAL: 1601948
INFO  :    OUTPUT_BYTES_WITH_OVERHEAD: 2814042
INFO  :    OUTPUT_LARGE_RECORDS: 0
INFO  :    OUTPUT_RECORDS: 402000
INFO  :    SPILLED_RECORDS: 0
INFO  : TaskCounter_Map_6_INPUT_warehouse:
INFO  :    INPUT_RECORDS_PROCESSED: 1
INFO  :    INPUT_SPLIT_LENGTH_BYTES: 2722
INFO  : TaskCounter_Map_6_OUTPUT_Map_1:
INFO  :    ADDITIONAL_SPILLS_BYTES_READ: 0
INFO  :    ADDITIONAL_SPILLS_BYTES_WRITTEN: 0
INFO  :    ADDITIONAL_SPILL_COUNT: 0
INFO  :    OUTPUT_BYTES: 565
INFO  :    OUTPUT_BYTES_PHYSICAL: 592
INFO  :    OUTPUT_BYTES_WITH_OVERHEAD: 621
INFO  :    OUTPUT_LARGE_RECORDS: 0
INFO  :    OUTPUT_RECORDS: 25
INFO  :    SPILLED_RECORDS: 0
INFO  : TaskCounter_Map_7_INPUT_date_dim:
INFO  :    INPUT_RECORDS_PROCESSED: 10
INFO  :    INPUT_SPLIT_LENGTH_BYTES: 759177
INFO  : TaskCounter_Map_7_OUTPUT_Map_1:
INFO  :    ADDITIONAL_SPILLS_BYTES_READ: 0
INFO  :    ADDITIONAL_SPILLS_BYTES_WRITTEN: 0
INFO  :    ADDITIONAL_SPILL_COUNT: 0
INFO  :    OUTPUT_BYTES: 155
INFO  :    OUTPUT_BYTES_PHYSICAL: 176
INFO  :    OUTPUT_BYTES_WITH_OVERHEAD: 223
INFO  :    OUTPUT_LARGE_RECORDS: 0
INFO  :    OUTPUT_RECORDS: 31
INFO  :    SPILLED_RECORDS: 0
INFO  : TaskCounter_Map_8_INPUT_Map_10:
INFO  :    FIRST_EVENT_RECEIVED: 373
INFO  :    INPUT_RECORDS_PROCESSED: 3618000
INFO  :    LAST_EVENT_RECEIVED: 539
INFO  :    NUM_FAILED_SHUFFLE_INPUTS: 0
INFO  :    NUM_SHUFFLED_INPUTS: 63
INFO  :    SHUFFLE_BYTES: 14416020
INFO  :    SHUFFLE_BYTES_DECOMPRESSED: 25326378
INFO  :    SHUFFLE_BYTES_DISK_DIRECT: 1601780
INFO  :    SHUFFLE_BYTES_TO_DISK: 0
INFO  :    SHUFFLE_BYTES_TO_MEM: 12814240
INFO  :    SHUFFLE_PHASE_TIME: 1662
INFO  : TaskCounter_Map_8_INPUT_Map_11:
INFO  :    FIRST_EVENT_RECEIVED: 597
INFO  :    INPUT_RECORDS_PROCESSED: 225
INFO  :    LAST_EVENT_RECEIVED: 597
INFO  :    NUM_FAILED_SHUFFLE_INPUTS: 0
INFO  :    NUM_SHUFFLED_INPUTS: 9
INFO  :    SHUFFLE_BYTES: 5112
INFO  :    SHUFFLE_BYTES_DECOMPRESSED: 5589
INFO  :    SHUFFLE_BYTES_DISK_DIRECT: 568
INFO  :    SHUFFLE_BYTES_TO_DISK: 0
INFO  :    SHUFFLE_BYTES_TO_MEM: 4544
INFO  :    SHUFFLE_PHASE_TIME: 1511
INFO  : TaskCounter_Map_8_INPUT_Map_12:
INFO  :    FIRST_EVENT_RECEIVED: 297
INFO  :    INPUT_RECORDS_PROCESSED: 270
INFO  :    LAST_EVENT_RECEIVED: 297
INFO  :    NUM_FAILED_SHUFFLE_INPUTS: 0
INFO  :    NUM_SHUFFLED_INPUTS: 9
INFO  :    SHUFFLE_BYTES: 1323
INFO  :    SHUFFLE_BYTES_DECOMPRESSED: 1944
INFO  :    SHUFFLE_BYTES_DISK_DIRECT: 147
INFO  :    SHUFFLE_BYTES_TO_DISK: 0
INFO  :    SHUFFLE_BYTES_TO_MEM: 1176
INFO  :    SHUFFLE_PHASE_TIME: 961
INFO  : TaskCounter_Map_8_INPUT_inventory:
INFO  :    INPUT_RECORDS_PROCESSED: 1311525
INFO  :    INPUT_SPLIT_LENGTH_BYTES: 2895967428
INFO  : TaskCounter_Map_8_OUTPUT_Reducer_9:
INFO  :    ADDITIONAL_SPILLS_BYTES_READ: 0
INFO  :    ADDITIONAL_SPILLS_BYTES_WRITTEN: 0
INFO  :    ADDITIONAL_SPILL_COUNT: 0
INFO  :    OUTPUT_BYTES: 1602985764
INFO  :    OUTPUT_BYTES_PHYSICAL: 391544968
INFO  :    OUTPUT_BYTES_WITH_OVERHEAD: 1654523016
INFO  :    OUTPUT_RECORDS: 25125000
INFO  :    SHUFFLE_CHUNK_COUNT: 261
INFO  :    SPILLED_RECORDS: 25125000
INFO  : TaskCounter_Reducer_2_INPUT_Map_1:
INFO  :    ADDITIONAL_SPILLS_BYTES_READ: 237047649
INFO  :    ADDITIONAL_SPILLS_BYTES_WRITTEN: 196514236
INFO  :    COMBINE_INPUT_RECORDS: 0
INFO  :    FIRST_EVENT_RECEIVED: 1395
INFO  :    LAST_EVENT_RECEIVED: 1404010
INFO  :    MERGED_MAP_OUTPUTS: 3288
INFO  :    MERGE_PHASE_TIME: 1434163
INFO  :    NUM_DISK_TO_DISK_MERGES: 0
INFO  :    NUM_FAILED_SHUFFLE_INPUTS: 0
INFO  :    NUM_MEM_TO_DISK_MERGES: 0
INFO  :    NUM_SHUFFLED_INPUTS: 3288
INFO  :    NUM_SKIPPED_INPUTS: 211254
INFO  :    REDUCE_INPUT_GROUPS: 5025000
INFO  :    REDUCE_INPUT_RECORDS: 20100000
INFO  :    SHUFFLE_BYTES: 309862320
INFO  :    SHUFFLE_BYTES_DECOMPRESSED: 1322569704
INFO  :    SHUFFLE_BYTES_DISK_DIRECT: 40533413
INFO  :    SHUFFLE_BYTES_TO_DISK: 0
INFO  :    SHUFFLE_BYTES_TO_MEM: 269328907
INFO  :    SHUFFLE_PHASE_TIME: 1420435
INFO  :    SPILLED_RECORDS: 20100000
INFO  : TaskCounter_Reducer_2_OUTPUT_Reducer_3:
INFO  :    ADDITIONAL_SPILLS_BYTES_READ: 0
INFO  :    ADDITIONAL_SPILLS_BYTES_WRITTEN: 0
INFO  :    ADDITIONAL_SPILL_COUNT: 0
INFO  :    OUTPUT_BYTES: 9845920
INFO  :    OUTPUT_BYTES_PHYSICAL: 10632556
INFO  :    OUTPUT_BYTES_WITH_OVERHEAD: 14065600
INFO  :    OUTPUT_LARGE_RECORDS: 0
INFO  :    OUTPUT_RECORDS: 351640
INFO  :    SPILLED_RECORDS: 0
INFO  : TaskCounter_Reducer_3_INPUT_Reducer_2:
INFO  :    FIRST_EVENT_RECEIVED: 6621
INFO  :    INPUT_RECORDS_PROCESSED: 351640
INFO  :    LAST_EVENT_RECEIVED: 237569
INFO  :    NUM_FAILED_SHUFFLE_INPUTS: 0
INFO  :    NUM_SHUFFLED_INPUTS: 42420
INFO  :    SHUFFLE_BYTES: 9614092
INFO  :    SHUFFLE_BYTES_DECOMPRESSED: 10803720
INFO  :    SHUFFLE_BYTES_DISK_DIRECT: 1096074
INFO  :    SHUFFLE_BYTES_TO_DISK: 0
INFO  :    SHUFFLE_BYTES_TO_MEM: 8518018
INFO  :    SHUFFLE_PHASE_TIME: 621457
INFO  : TaskCounter_Reducer_3_INPUT_Reducer_9:
INFO  :    FIRST_EVENT_RECEIVED: 14641
INFO  :    INPUT_RECORDS_PROCESSED: 240995
INFO  :    LAST_EVENT_RECEIVED: 1079479
INFO  :    NUM_FAILED_SHUFFLE_INPUTS: 0
INFO  :    NUM_SHUFFLED_INPUTS: 42296
INFO  :    SHUFFLE_BYTES: 6948104
INFO  :    SHUFFLE_BYTES_DECOMPRESSED: 7242631
INFO  :    SHUFFLE_BYTES_DISK_DIRECT: 774961
INFO  :    SHUFFLE_BYTES_TO_DISK: 0
INFO  :    SHUFFLE_BYTES_TO_MEM: 6173143
INFO  :    SHUFFLE_PHASE_TIME: 1261146
INFO  : TaskCounter_Reducer_3_OUTPUT_Reducer_4:
INFO  :    ADDITIONAL_SPILLS_BYTES_READ: 0
INFO  :    ADDITIONAL_SPILLS_BYTES_WRITTEN: 0
INFO  :    ADDITIONAL_SPILL_COUNT: 0
INFO  :    OUTPUT_BYTES: 898718
INFO  :    OUTPUT_BYTES_PHYSICAL: 731477
INFO  :    OUTPUT_BYTES_WITH_OVERHEAD: 935210
INFO  :    OUTPUT_RECORDS: 17010
INFO  :    SHUFFLE_CHUNK_COUNT: 412
INFO  :    SPILLED_RECORDS: 17010
INFO  : TaskCounter_Reducer_4_INPUT_Reducer_3:
INFO  :    ADDITIONAL_SPILLS_BYTES_READ: 630044
INFO  :    ADDITIONAL_SPILLS_BYTES_WRITTEN: 548895
INFO  :    COMBINE_INPUT_RECORDS: 0
INFO  :    FIRST_EVENT_RECEIVED: 1
INFO  :    LAST_EVENT_RECEIVED: 2004
INFO  :    MERGED_MAP_OUTPUTS: 412
INFO  :    MERGE_PHASE_TIME: 2032
INFO  :    NUM_DISK_TO_DISK_MERGES: 0
INFO  :    NUM_FAILED_SHUFFLE_INPUTS: 0
INFO  :    NUM_MEM_TO_DISK_MERGES: 0
INFO  :    NUM_SHUFFLED_INPUTS: 412
INFO  :    NUM_SKIPPED_INPUTS: 0
INFO  :    REDUCE_INPUT_GROUPS: 17010
INFO  :    REDUCE_INPUT_RECORDS: 17010
INFO  :    SHUFFLE_BYTES: 731477
INFO  :    SHUFFLE_BYTES_DECOMPRESSED: 935210
INFO  :    SHUFFLE_BYTES_DISK_DIRECT: 81149
INFO  :    SHUFFLE_BYTES_TO_DISK: 0
INFO  :    SHUFFLE_BYTES_TO_MEM: 650328
INFO  :    SHUFFLE_PHASE_TIME: 2009
INFO  :    SPILLED_RECORDS: 17010
INFO  : TaskCounter_Reducer_4_OUTPUT_out_Reducer_4:
INFO  :    OUTPUT_RECORDS: 0
INFO  : TaskCounter_Reducer_9_INPUT_Map_8:
INFO  :    ADDITIONAL_SPILLS_BYTES_READ: 284306447
INFO  :    ADDITIONAL_SPILLS_BYTES_WRITTEN: 248327371
INFO  :    COMBINE_INPUT_RECORDS: 0
INFO  :    FIRST_EVENT_RECEIVED: 1323
INFO  :    LAST_EVENT_RECEIVED: 1449720
INFO  :    MERGED_MAP_OUTPUTS: 4110
INFO  :    MERGE_PHASE_TIME: 1514864
INFO  :    NUM_DISK_TO_DISK_MERGES: 0
INFO  :    NUM_FAILED_SHUFFLE_INPUTS: 0
INFO  :    NUM_MEM_TO_DISK_MERGES: 0
INFO  :    NUM_SHUFFLED_INPUTS: 4110
INFO  :    NUM_SKIPPED_INPUTS: 210432
INFO  :    REDUCE_INPUT_GROUPS: 5025000
INFO  :    REDUCE_INPUT_RECORDS: 25125000
INFO  :    SHUFFLE_BYTES: 387336328
INFO  :    SHUFFLE_BYTES_DECOMPRESSED: 1653260424
INFO  :    SHUFFLE_BYTES_DISK_DIRECT: 35979076
INFO  :    SHUFFLE_BYTES_TO_DISK: 0
INFO  :    SHUFFLE_BYTES_TO_MEM: 351357252
INFO  :    SHUFFLE_PHASE_TIME: 1494581
INFO  :    SPILLED_RECORDS: 25125000
INFO  : TaskCounter_Reducer_9_OUTPUT_Reducer_3:
INFO  :    ADDITIONAL_SPILLS_BYTES_READ: 0
INFO  :    ADDITIONAL_SPILLS_BYTES_WRITTEN: 0
INFO  :    ADDITIONAL_SPILL_COUNT: 0
INFO  :    OUTPUT_BYTES: 6506865
INFO  :    OUTPUT_BYTES_PHYSICAL: 7966568
INFO  :    OUTPUT_BYTES_WITH_OVERHEAD: 9639697
INFO  :    OUTPUT_LARGE_RECORDS: 0
INFO  :    OUTPUT_RECORDS: 240995
INFO  :    SPILLED_RECORDS: 0
INFO  : org.apache.hadoop.hive.llap.counters.LlapIOCounters:
INFO  :    CACHE_HIT_BYTES: 5774649802
INFO  :    CACHE_MISS_BYTES: 0
INFO  :    CONSUMER_TIME_NS: 849378634791
INFO  :    DECODE_TIME_NS: 413745010404
INFO  :    HDFS_TIME_NS: 13591462
INFO  :    METADATA_CACHE_HIT: 1080
INFO  :    NUM_DECODED_BATCHES: 262654
INFO  :    NUM_VECTOR_BATCHES: 2623882
INFO  :    ROWS_EMITTED: 2623874050
INFO  :    SELECTED_ROWGROUPS: 262654
INFO  :    TOTAL_IO_TIME_NS: 441199594246
INFO  : Completed executing command(queryId=hive_20161020162755_c2300cab-ad1c-41a3-bbbb-990af5341cd7); Time taken: 25.164 seconds
INFO  : OK
17,010 rows selected (26.136 seconds)
INFO  : Compiling command(queryId=hive_20161020162821_84b9aa87-8023-402c-8b9a-fa918b836cc3): with inv as
(select w_warehouse_name,w_warehouse_sk,i_item_sk,d_moy
       ,stdev,mean, case mean when 0 then null else stdev/mean end cov
 from(select w_warehouse_name,w_warehouse_sk,i_item_sk,d_moy
            ,stddev_samp(inv_quantity_on_hand) stdev,avg(inv_quantity_on_hand) mean
      from inventory
          ,item
          ,warehouse
          ,date_dim
      where inv_item_sk = i_item_sk
        and inv_warehouse_sk = w_warehouse_sk
        and inv_date_sk = d_date_sk
        and d_year =1999
      group by w_warehouse_name,w_warehouse_sk,i_item_sk,d_moy) foo
 where case mean when 0 then 0 else stdev/mean end > 1)
select inv1.w_warehouse_sk,inv1.i_item_sk,inv1.d_moy,inv1.mean, inv1.cov
        ,inv2.w_warehouse_sk,inv2.i_item_sk,inv2.d_moy,inv2.mean, inv2.cov
from inv inv1,inv inv2
where inv1.i_item_sk = inv2.i_item_sk
  and inv1.w_warehouse_sk =  inv2.w_warehouse_sk
  and inv1.d_moy=3
  and inv2.d_moy=3+1
  and inv1.cov > 1.5
order by inv1.w_warehouse_sk,inv1.i_item_sk,inv1.d_moy,inv1.mean,inv1.cov
        ,inv2.d_moy,inv2.mean, inv2.cov
INFO  : Semantic Analysis Completed
INFO  : Returning Hive schema: Schema(fieldSchemas:[FieldSchema(name:inv1.w_warehouse_sk, type:int, comment:null), FieldSchema(name:inv1.i_item_sk, type:int, comment:null), FieldSchema(name:inv1.d_moy, type:int, comment:null), FieldSchema(name:inv1.mean, type:double, comment:null), FieldSchema(name:inv1.cov, type:double, comment:null), FieldSchema(name:inv2.w_warehouse_sk, type:int, comment:null), FieldSchema(name:inv2.i_item_sk, type:int, comment:null), FieldSchema(name:inv2.d_moy, type:int, comment:null), FieldSchema(name:inv2.mean, type:double, comment:null), FieldSchema(name:inv2.cov, type:double, comment:null)], properties:null)
INFO  : Completed compiling command(queryId=hive_20161020162821_84b9aa87-8023-402c-8b9a-fa918b836cc3); Time taken: 0.505 seconds
INFO  : Concurrency mode is disabled, not creating a lock manager
INFO  : Executing command(queryId=hive_20161020162821_84b9aa87-8023-402c-8b9a-fa918b836cc3): with inv as
(select w_warehouse_name,w_warehouse_sk,i_item_sk,d_moy
       ,stdev,mean, case mean when 0 then null else stdev/mean end cov
 from(select w_warehouse_name,w_warehouse_sk,i_item_sk,d_moy
            ,stddev_samp(inv_quantity_on_hand) stdev,avg(inv_quantity_on_hand) mean
      from inventory
          ,item
          ,warehouse
          ,date_dim
      where inv_item_sk = i_item_sk
        and inv_warehouse_sk = w_warehouse_sk
        and inv_date_sk = d_date_sk
        and d_year =1999
      group by w_warehouse_name,w_warehouse_sk,i_item_sk,d_moy) foo
 where case mean when 0 then 0 else stdev/mean end > 1)
select inv1.w_warehouse_sk,inv1.i_item_sk,inv1.d_moy,inv1.mean, inv1.cov
        ,inv2.w_warehouse_sk,inv2.i_item_sk,inv2.d_moy,inv2.mean, inv2.cov
from inv inv1,inv inv2
where inv1.i_item_sk = inv2.i_item_sk
  and inv1.w_warehouse_sk =  inv2.w_warehouse_sk
  and inv1.d_moy=3
  and inv2.d_moy=3+1
  and inv1.cov > 1.5
order by inv1.w_warehouse_sk,inv1.i_item_sk,inv1.d_moy,inv1.mean,inv1.cov
        ,inv2.d_moy,inv2.mean, inv2.cov
INFO  : Query ID = hive_20161020162821_84b9aa87-8023-402c-8b9a-fa918b836cc3
INFO  : Total jobs = 1
INFO  : Launching Job 1 out of 1
INFO  : Starting task [Stage-1:MAPRED] in serial mode
INFO  : Session is already open
INFO  : Dag name: with inv as
(select w_warehouse_n...inv2.cov(Stage-1)
INFO  : Setting tez.task.scale.memory.reserve-fraction to 0.30000001192092896
INFO  : Setting tez.task.scale.memory.reserve-fraction to 0.30000001192092896
INFO  : Setting tez.task.scale.memory.reserve-fraction to 0.30000001192092896
INFO  : 

INFO  : Status: Running (Executing on YARN cluster with App id application_1476988466894_0246)

INFO  : Map 1: 0/261	Map 10: 7/7	Map 11: 1/1	Map 12: 1/1	Map 3: 7/7	Map 4: 1/1	Map 5: 1/1	Map 6: -/-	Reducer 2: 0/822	Reducer 7: 0/822	Reducer 8: 0/310	Reducer 9: 0/1	
INFO  : Map 1: 0(+261)/261	Map 10: 7/7	Map 11: 1/1	Map 12: 1/1	Map 3: 7/7	Map 4: 1/1	Map 5: 1/1	Map 6: 0(+214)/261	Reducer 2: 0/822	Reducer 7: 0/822	Reducer 8: 0/310	Reducer 9: 0/1	
INFO  : Map 1: 0(+261)/261	Map 10: 7/7	Map 11: 1/1	Map 12: 1/1	Map 3: 7/7	Map 4: 1/1	Map 5: 1/1	Map 6: 0(+215)/261	Reducer 2: 0/822	Reducer 7: 0/822	Reducer 8: 0/310	Reducer 9: 0/1	
INFO  : Map 1: 0(+261)/261	Map 10: 7/7	Map 11: 1/1	Map 12: 1/1	Map 3: 7/7	Map 4: 1/1	Map 5: 1/1	Map 6: 0(+223)/261	Reducer 2: 0/822	Reducer 7: 0/822	Reducer 8: 0/310	Reducer 9: 0/1	
INFO  : Map 1: 0(+261)/261	Map 10: 7/7	Map 11: 1/1	Map 12: 1/1	Map 3: 7/7	Map 4: 1/1	Map 5: 1/1	Map 6: 0(+238)/261	Reducer 2: 0/822	Reducer 7: 0/822	Reducer 8: 0/310	Reducer 9: 0/1	
INFO  : Map 1: 0(+261)/261	Map 10: 7/7	Map 11: 1/1	Map 12: 1/1	Map 3: 7/7	Map 4: 1/1	Map 5: 1/1	Map 6: 0(+261)/261	Reducer 2: 0/822	Reducer 7: 0/822	Reducer 8: 0/310	Reducer 9: 0/1	
INFO  : Map 1: 8(+253)/261	Map 10: 7/7	Map 11: 1/1	Map 12: 1/1	Map 3: 7/7	Map 4: 1/1	Map 5: 1/1	Map 6: 3(+258)/261	Reducer 2: 0/822	Reducer 7: 0/822	Reducer 8: 0/310	Reducer 9: 0/1	
INFO  : Map 1: 19(+242)/261	Map 10: 7/7	Map 11: 1/1	Map 12: 1/1	Map 3: 7/7	Map 4: 1/1	Map 5: 1/1	Map 6: 9(+252)/261	Reducer 2: 0/822	Reducer 7: 0/822	Reducer 8: 0/310	Reducer 9: 0/1	
INFO  : Map 1: 44(+217)/261	Map 10: 7/7	Map 11: 1/1	Map 12: 1/1	Map 3: 7/7	Map 4: 1/1	Map 5: 1/1	Map 6: 22(+239)/261	Reducer 2: 0/822	Reducer 7: 0/822	Reducer 8: 0/310	Reducer 9: 0/1	
INFO  : Map 1: 79(+182)/261	Map 10: 7/7	Map 11: 1/1	Map 12: 1/1	Map 3: 7/7	Map 4: 1/1	Map 5: 1/1	Map 6: 35(+226)/261	Reducer 2: 0/822	Reducer 7: 0/822	Reducer 8: 0/310	Reducer 9: 0/1	
INFO  : Map 1: 115(+146)/261	Map 10: 7/7	Map 11: 1/1	Map 12: 1/1	Map 3: 7/7	Map 4: 1/1	Map 5: 1/1	Map 6: 64(+197)/261	Reducer 2: 0/822	Reducer 7: 0/822	Reducer 8: 0/310	Reducer 9: 0/1	
INFO  : Map 1: 152(+109)/261	Map 10: 7/7	Map 11: 1/1	Map 12: 1/1	Map 3: 7/7	Map 4: 1/1	Map 5: 1/1	Map 6: 82(+179)/261	Reducer 2: 0/822	Reducer 7: 0/822	Reducer 8: 0/310	Reducer 9: 0/1	
INFO  : Map 1: 174(+87)/261	Map 10: 7/7	Map 11: 1/1	Map 12: 1/1	Map 3: 7/7	Map 4: 1/1	Map 5: 1/1	Map 6: 129(+132)/261	Reducer 2: 0/822	Reducer 7: 0/822	Reducer 8: 0/310	Reducer 9: 0/1	
INFO  : Map 1: 193(+68)/261	Map 10: 7/7	Map 11: 1/1	Map 12: 1/1	Map 3: 7/7	Map 4: 1/1	Map 5: 1/1	Map 6: 169(+92)/261	Reducer 2: 0/822	Reducer 7: 0/822	Reducer 8: 0/310	Reducer 9: 0/1	
INFO  : Map 1: 206(+55)/261	Map 10: 7/7	Map 11: 1/1	Map 12: 1/1	Map 3: 7/7	Map 4: 1/1	Map 5: 1/1	Map 6: 210(+51)/261	Reducer 2: 0/103	Reducer 7: 0/103	Reducer 8: 0/310	Reducer 9: 0/1	
INFO  : Map 1: 219(+42)/261	Map 10: 7/7	Map 11: 1/1	Map 12: 1/1	Map 3: 7/7	Map 4: 1/1	Map 5: 1/1	Map 6: 232(+29)/261	Reducer 2: 0/103	Reducer 7: 0/103	Reducer 8: 0/310	Reducer 9: 0/1	
INFO  : Map 1: 221(+40)/261	Map 10: 7/7	Map 11: 1/1	Map 12: 1/1	Map 3: 7/7	Map 4: 1/1	Map 5: 1/1	Map 6: 242(+19)/261	Reducer 2: 0/103	Reducer 7: 0/103	Reducer 8: 0/310	Reducer 9: 0/1	
INFO  : Map 1: 221(+40)/261	Map 10: 7/7	Map 11: 1/1	Map 12: 1/1	Map 3: 7/7	Map 4: 1/1	Map 5: 1/1	Map 6: 247(+14)/261	Reducer 2: 0/103	Reducer 7: 0/103	Reducer 8: 0/310	Reducer 9: 0/1	
INFO  : Map 1: 221(+40)/261	Map 10: 7/7	Map 11: 1/1	Map 12: 1/1	Map 3: 7/7	Map 4: 1/1	Map 5: 1/1	Map 6: 250(+11)/261	Reducer 2: 0(+103)/103	Reducer 7: 0(+103)/103	Reducer 8: 0/310	Reducer 9: 0/1	
INFO  : Map 1: 222(+39)/261	Map 10: 7/7	Map 11: 1/1	Map 12: 1/1	Map 3: 7/7	Map 4: 1/1	Map 5: 1/1	Map 6: 255(+6)/261	Reducer 2: 0(+103)/103	Reducer 7: 0(+103)/103	Reducer 8: 0/310	Reducer 9: 0/1	
INFO  : Map 1: 229(+32)/261	Map 10: 7/7	Map 11: 1/1	Map 12: 1/1	Map 3: 7/7	Map 4: 1/1	Map 5: 1/1	Map 6: 256(+5)/261	Reducer 2: 0(+103)/103	Reducer 7: 0(+103)/103	Reducer 8: 0/310	Reducer 9: 0/1	
INFO  : Map 1: 239(+22)/261	Map 10: 7/7	Map 11: 1/1	Map 12: 1/1	Map 3: 7/7	Map 4: 1/1	Map 5: 1/1	Map 6: 256(+5)/261	Reducer 2: 0(+103)/103	Reducer 7: 0(+103)/103	Reducer 8: 0/310	Reducer 9: 0/1	
INFO  : Map 1: 250(+11)/261	Map 10: 7/7	Map 11: 1/1	Map 12: 1/1	Map 3: 7/7	Map 4: 1/1	Map 5: 1/1	Map 6: 256(+5)/261	Reducer 2: 0(+103)/103	Reducer 7: 0(+103)/103	Reducer 8: 0/310	Reducer 9: 0/1	
INFO  : Map 1: 257(+4)/261	Map 10: 7/7	Map 11: 1/1	Map 12: 1/1	Map 3: 7/7	Map 4: 1/1	Map 5: 1/1	Map 6: 256(+5)/261	Reducer 2: 0(+103)/103	Reducer 7: 0(+103)/103	Reducer 8: 0/310	Reducer 9: 0/1	
INFO  : Map 1: 257(+4)/261	Map 10: 7/7	Map 11: 1/1	Map 12: 1/1	Map 3: 7/7	Map 4: 1/1	Map 5: 1/1	Map 6: 256(+5)/261	Reducer 2: 0(+103)/103	Reducer 7: 0(+103)/103	Reducer 8: 0/310	Reducer 9: 0/1	
INFO  : Map 1: 257(+4)/261	Map 10: 7/7	Map 11: 1/1	Map 12: 1/1	Map 3: 7/7	Map 4: 1/1	Map 5: 1/1	Map 6: 256(+5)/261	Reducer 2: 0(+103)/103	Reducer 7: 0(+103)/103	Reducer 8: 0/310	Reducer 9: 0/1	
INFO  : Map 1: 258(+3)/261	Map 10: 7/7	Map 11: 1/1	Map 12: 1/1	Map 3: 7/7	Map 4: 1/1	Map 5: 1/1	Map 6: 256(+5)/261	Reducer 2: 0(+103)/103	Reducer 7: 0(+103)/103	Reducer 8: 0/310	Reducer 9: 0/1	
INFO  : Map 1: 258(+3)/261	Map 10: 7/7	Map 11: 1/1	Map 12: 1/1	Map 3: 7/7	Map 4: 1/1	Map 5: 1/1	Map 6: 257(+4)/261	Reducer 2: 0(+103)/103	Reducer 7: 0(+103)/103	Reducer 8: 0/310	Reducer 9: 0/1	
INFO  : Map 1: 259(+2)/261	Map 10: 7/7	Map 11: 1/1	Map 12: 1/1	Map 3: 7/7	Map 4: 1/1	Map 5: 1/1	Map 6: 258(+3)/261	Reducer 2: 0(+103)/103	Reducer 7: 0(+103)/103	Reducer 8: 0/310	Reducer 9: 0/1	
INFO  : Map 1: 260(+1)/261	Map 10: 7/7	Map 11: 1/1	Map 12: 1/1	Map 3: 7/7	Map 4: 1/1	Map 5: 1/1	Map 6: 258(+3)/261	Reducer 2: 0(+103)/103	Reducer 7: 0(+103)/103	Reducer 8: 0/310	Reducer 9: 0/1	
INFO  : Map 1: 260(+1)/261	Map 10: 7/7	Map 11: 1/1	Map 12: 1/1	Map 3: 7/7	Map 4: 1/1	Map 5: 1/1	Map 6: 259(+2)/261	Reducer 2: 0(+103)/103	Reducer 7: 0(+103)/103	Reducer 8: 0/310	Reducer 9: 0/1	
INFO  : Map 1: 260(+1)/261	Map 10: 7/7	Map 11: 1/1	Map 12: 1/1	Map 3: 7/7	Map 4: 1/1	Map 5: 1/1	Map 6: 260(+1)/261	Reducer 2: 0(+103)/103	Reducer 7: 0(+103)/103	Reducer 8: 0/310	Reducer 9: 0/1	
INFO  : Map 1: 261/261	Map 10: 7/7	Map 11: 1/1	Map 12: 1/1	Map 3: 7/7	Map 4: 1/1	Map 5: 1/1	Map 6: 261/261	Reducer 2: 0(+103)/103	Reducer 7: 0(+103)/103	Reducer 8: 0/310	Reducer 9: 0/1	
INFO  : Map 1: 261/261	Map 10: 7/7	Map 11: 1/1	Map 12: 1/1	Map 3: 7/7	Map 4: 1/1	Map 5: 1/1	Map 6: 261/261	Reducer 2: 0(+103)/103	Reducer 7: 1(+102)/103	Reducer 8: 0/310	Reducer 9: 0/1	
INFO  : Map 1: 261/261	Map 10: 7/7	Map 11: 1/1	Map 12: 1/1	Map 3: 7/7	Map 4: 1/1	Map 5: 1/1	Map 6: 261/261	Reducer 2: 1(+102)/103	Reducer 7: 7(+96)/103	Reducer 8: 0/310	Reducer 9: 0/1	
INFO  : Map 1: 261/261	Map 10: 7/7	Map 11: 1/1	Map 12: 1/1	Map 3: 7/7	Map 4: 1/1	Map 5: 1/1	Map 6: 261/261	Reducer 2: 19(+84)/103	Reducer 7: 35(+68)/103	Reducer 8: 0/310	Reducer 9: 0/1	
INFO  : Map 1: 261/261	Map 10: 7/7	Map 11: 1/1	Map 12: 1/1	Map 3: 7/7	Map 4: 1/1	Map 5: 1/1	Map 6: 261/261	Reducer 2: 50(+53)/103	Reducer 7: 60(+43)/103	Reducer 8: 0(+310)/310	Reducer 9: 0/1	
INFO  : Map 1: 261/261	Map 10: 7/7	Map 11: 1/1	Map 12: 1/1	Map 3: 7/7	Map 4: 1/1	Map 5: 1/1	Map 6: 261/261	Reducer 2: 57(+46)/103	Reducer 7: 69(+34)/103	Reducer 8: 0(+310)/310	Reducer 9: 0/1	
INFO  : Map 1: 261/261	Map 10: 7/7	Map 11: 1/1	Map 12: 1/1	Map 3: 7/7	Map 4: 1/1	Map 5: 1/1	Map 6: 261/261	Reducer 2: 73(+30)/103	Reducer 7: 83(+20)/103	Reducer 8: 0(+310)/310	Reducer 9: 0/1	
INFO  : Map 1: 261/261	Map 10: 7/7	Map 11: 1/1	Map 12: 1/1	Map 3: 7/7	Map 4: 1/1	Map 5: 1/1	Map 6: 261/261	Reducer 2: 86(+17)/103	Reducer 7: 92(+11)/103	Reducer 8: 0(+310)/310	Reducer 9: 0/1	
INFO  : Map 1: 261/261	Map 10: 7/7	Map 11: 1/1	Map 12: 1/1	Map 3: 7/7	Map 4: 1/1	Map 5: 1/1	Map 6: 261/261	Reducer 2: 91(+12)/103	Reducer 7: 93(+10)/103	Reducer 8: 0(+310)/310	Reducer 9: 0/1	
INFO  : Map 1: 261/261	Map 10: 7/7	Map 11: 1/1	Map 12: 1/1	Map 3: 7/7	Map 4: 1/1	Map 5: 1/1	Map 6: 261/261	Reducer 2: 99(+4)/103	Reducer 7: 94(+9)/103	Reducer 8: 0(+310)/310	Reducer 9: 0/1	
INFO  : Map 1: 261/261	Map 10: 7/7	Map 11: 1/1	Map 12: 1/1	Map 3: 7/7	Map 4: 1/1	Map 5: 1/1	Map 6: 261/261	Reducer 2: 102(+1)/103	Reducer 7: 96(+7)/103	Reducer 8: 0(+310)/310	Reducer 9: 0/1	
INFO  : Map 1: 261/261	Map 10: 7/7	Map 11: 1/1	Map 12: 1/1	Map 3: 7/7	Map 4: 1/1	Map 5: 1/1	Map 6: 261/261	Reducer 2: 103/103	Reducer 7: 103/103	Reducer 8: 18(+292)/310	Reducer 9: 0/1	
INFO  : Map 1: 261/261	Map 10: 7/7	Map 11: 1/1	Map 12: 1/1	Map 3: 7/7	Map 4: 1/1	Map 5: 1/1	Map 6: 261/261	Reducer 2: 103/103	Reducer 7: 103/103	Reducer 8: 126(+184)/310	Reducer 9: 0(+1)/1	
INFO  : Map 1: 261/261	Map 10: 7/7	Map 11: 1/1	Map 12: 1/1	Map 3: 7/7	Map 4: 1/1	Map 5: 1/1	Map 6: 261/261	Reducer 2: 103/103	Reducer 7: 103/103	Reducer 8: 134(+176)/310	Reducer 9: 0(+1)/1	
INFO  : Map 1: 261/261	Map 10: 7/7	Map 11: 1/1	Map 12: 1/1	Map 3: 7/7	Map 4: 1/1	Map 5: 1/1	Map 6: 261/261	Reducer 2: 103/103	Reducer 7: 103/103	Reducer 8: 135(+175)/310	Reducer 9: 0(+1)/1	
INFO  : Map 1: 261/261	Map 10: 7/7	Map 11: 1/1	Map 12: 1/1	Map 3: 7/7	Map 4: 1/1	Map 5: 1/1	Map 6: 261/261	Reducer 2: 103/103	Reducer 7: 103/103	Reducer 8: 182(+128)/310	Reducer 9: 0(+1)/1	
INFO  : Map 1: 261/261	Map 10: 7/7	Map 11: 1/1	Map 12: 1/1	Map 3: 7/7	Map 4: 1/1	Map 5: 1/1	Map 6: 261/261	Reducer 2: 103/103	Reducer 7: 103/103	Reducer 8: 241(+69)/310	Reducer 9: 0(+1)/1	
INFO  : Map 1: 261/261	Map 10: 7/7	Map 11: 1/1	Map 12: 1/1	Map 3: 7/7	Map 4: 1/1	Map 5: 1/1	Map 6: 261/261	Reducer 2: 103/103	Reducer 7: 103/103	Reducer 8: 262(+48)/310	Reducer 9: 0(+1)/1	
INFO  : Map 1: 261/261	Map 10: 7/7	Map 11: 1/1	Map 12: 1/1	Map 3: 7/7	Map 4: 1/1	Map 5: 1/1	Map 6: 261/261	Reducer 2: 103/103	Reducer 7: 103/103	Reducer 8: 288(+22)/310	Reducer 9: 0(+1)/1	
INFO  : Map 1: 261/261	Map 10: 7/7	Map 11: 1/1	Map 12: 1/1	Map 3: 7/7	Map 4: 1/1	Map 5: 1/1	Map 6: 261/261	Reducer 2: 103/103	Reducer 7: 103/103	Reducer 8: 305(+5)/310	Reducer 9: 0(+1)/1	
INFO  : Map 1: 261/261	Map 10: 7/7	Map 11: 1/1	Map 12: 1/1	Map 3: 7/7	Map 4: 1/1	Map 5: 1/1	Map 6: 261/261	Reducer 2: 103/103	Reducer 7: 103/103	Reducer 8: 306(+4)/310	Reducer 9: 0(+1)/1	
INFO  : Map 1: 261/261	Map 10: 7/7	Map 11: 1/1	Map 12: 1/1	Map 3: 7/7	Map 4: 1/1	Map 5: 1/1	Map 6: 261/261	Reducer 2: 103/103	Reducer 7: 103/103	Reducer 8: 310/310	Reducer 9: 1/1	
INFO  : Status: DAG finished successfully in 23.01 seconds
INFO  : 
INFO  : Query Execution Summary
INFO  : ----------------------------------------------------------------------------------------------
INFO  : ----------------------------------------------------------------------------------------------
INFO  : Compile Query                           0.51s
INFO  : Prepare Plan                            0.34s
INFO  : Submit Plan                             0.12s
INFO  : Start DAG                               0.20s
INFO  : Run DAG                                23.01s
INFO  : ----------------------------------------------------------------------------------------------
INFO  : 
INFO  : Task Execution Summary
INFO  : --------------------------------------------------------------------------------------------------------------------------------
INFO  : --------------------------------------------------------------------------------------------------------------------------------
INFO  :      Map 1          261                0            49       16727.00             0            0  1,311,927,056      20,100,000
INFO  :     Map 10            7                0             0           0.00             0            0        402,000         402,000
INFO  :     Map 11            1                0             0           0.00             0            0             25              25
INFO  :     Map 12            1                0             0           0.00             0            0         10,000              30
INFO  :      Map 3            7                0             0           0.00             0            0        402,000         402,000
INFO  :      Map 4            1                0             0           0.00             0            0             25              25
INFO  :      Map 5            1                0             0           0.00             0            0         10,000              31
INFO  :      Map 6          261                0             1       16727.00             0            0  1,311,927,055      25,125,000
INFO  :  Reducer 2          103                0             0       16106.00             0            0     20,100,000          13,607
INFO  :  Reducer 7          103                0             0       16106.00             0            0     25,125,000         240,995
INFO  :  Reducer 8          310                0             0        4812.00             0            0        254,602             670
INFO  :  Reducer 9            1                0             0        2798.00             0            0            670               0
INFO  : --------------------------------------------------------------------------------------------------------------------------------
INFO  : 
INFO  : LLAP IO Summary
INFO  : ----------------------------------------------------------------------------------------------
INFO  : ----------------------------------------------------------------------------------------------
INFO  :      Map 1    131283       522          0    2.89GB         0B          0B       0B   241.84s
INFO  :     Map 10        42        14          0    3.23KB         0B          0B       0B     0.01s
INFO  :     Map 11         1         2          0      429B         0B          0B       0B     0.00s
INFO  :     Map 12         1         2          0    1.91KB         0B          0B       0B     0.00s
INFO  :      Map 3        42        14          0    3.23KB         0B          0B       0B     0.02s
INFO  :      Map 4         1         2          0      429B         0B          0B       0B     0.00s
INFO  :      Map 5         1         2          0    1.91KB         0B          0B       0B     0.00s
INFO  :      Map 6    131283       522          0    2.89GB         0B          0B       0B   249.04s
INFO  : ----------------------------------------------------------------------------------------------
INFO  : 
INFO  : FileSystem Counters Summary
INFO  : 
INFO  : ----------------------------------------------------------------------------------------------
INFO  : ----------------------------------------------------------------------------------------------
INFO  :      Map 1         10.30MB             0                  0           319.24MB             0
INFO  :     Map 10              0B             0                  0             1.60MB             0
INFO  :     Map 11              0B             0                  0               600B             0
INFO  :     Map 12              0B             0                  0               179B             0
INFO  :      Map 3              0B             0                  0             1.60MB             0
INFO  :      Map 4              0B             0                  0               600B             0
INFO  :      Map 5              0B             0                  0               184B             0
INFO  :      Map 6         10.30MB             0                  0           396.70MB             0
INFO  :  Reducer 2        185.88MB             0                  0             1.37MB             0
INFO  :  Reducer 7        234.67MB             0                  0             7.60MB             0
INFO  :  Reducer 8        123.21MB             0                  0            49.88KB             0
INFO  :  Reducer 9              0B             0                  0                 0B             0
INFO  : ----------------------------------------------------------------------------------------------
INFO  : 
INFO  : ----------------------------------------------------------------------------------------------
INFO  : ----------------------------------------------------------------------------------------------
INFO  :      Map 1              0B             0                  0                 0B             0
INFO  :     Map 10              0B             0                  0                 0B             0
INFO  :     Map 11              0B             0                  0                 0B             0
INFO  :     Map 12              0B             0                  0                 0B             0
INFO  :      Map 3              0B             0                  0                 0B             0
INFO  :      Map 4              0B             0                  0                 0B             0
INFO  :      Map 5              0B             0                  0                 0B             0
INFO  :      Map 6              0B             0                  0                 0B             0
INFO  :  Reducer 2              0B             0                  0                 0B             0
INFO  :  Reducer 7              0B             0                  0                 0B             0
INFO  :  Reducer 8              0B             0                  0                 0B             0
INFO  :  Reducer 9              0B             2                  0            59.36KB             2
INFO  : ----------------------------------------------------------------------------------------------
INFO  : 
INFO  : org.apache.tez.common.counters.DAGCounter:
INFO  :    NUM_KILLED_TASKS: 50
INFO  :    NUM_SUCCEEDED_TASKS: 1057
INFO  :    TOTAL_LAUNCHED_TASKS: 1107
INFO  :    DATA_LOCAL_TASKS: 540
INFO  :    AM_CPU_MILLISECONDS: 14940
INFO  :    AM_GC_TIME_MILLIS: 209
INFO  : File System Counters:
INFO  :    FILE_BYTES_READ: 564365131
INFO  :    FILE_BYTES_WRITTEN: 728165541
INFO  :    FILE_READ_OPS: 0
INFO  :    FILE_LARGE_READ_OPS: 0
INFO  :    FILE_WRITE_OPS: 0
INFO  :    HDFS_BYTES_READ: 0
INFO  :    HDFS_BYTES_WRITTEN: 59364
INFO  :    HDFS_READ_OPS: 2
INFO  :    HDFS_LARGE_READ_OPS: 0
INFO  :    HDFS_WRITE_OPS: 2
INFO  : org.apache.tez.common.counters.TaskCounter:
INFO  :    REDUCE_INPUT_GROUPS: 10050670
INFO  :    REDUCE_INPUT_RECORDS: 45225670
INFO  :    COMBINE_INPUT_RECORDS: 0
INFO  :    SPILLED_RECORDS: 90451340
INFO  :    NUM_SHUFFLED_INPUTS: 50795
INFO  :    NUM_SKIPPED_INPUTS: 421721
INFO  :    NUM_FAILED_SHUFFLE_INPUTS: 0
INFO  :    MERGED_MAP_OUTPUTS: 7673
INFO  :    INPUT_RECORDS_PROCESSED: 10115452
INFO  :    INPUT_SPLIT_LENGTH_BYTES: 5869643330
INFO  :    OUTPUT_RECORDS: 46284383
INFO  :    OUTPUT_LARGE_RECORDS: 0
INFO  :    OUTPUT_BYTES: 2896507811
INFO  :    OUTPUT_BYTES_WITH_OVERHEAD: 2994212573
INFO  :    OUTPUT_BYTES_PHYSICAL: 717851637
INFO  :    ADDITIONAL_SPILLS_BYTES_WRITTEN: 447574577
INFO  :    ADDITIONAL_SPILLS_BYTES_READ: 519772356
INFO  :    ADDITIONAL_SPILL_COUNT: 0
INFO  :    SHUFFLE_CHUNK_COUNT: 832
INFO  :    SHUFFLE_BYTES: 733523953
INFO  :    SHUFFLE_BYTES_DECOMPRESSED: 3034418386
INFO  :    SHUFFLE_BYTES_TO_MEM: 657283122
INFO  :    SHUFFLE_BYTES_TO_DISK: 0
INFO  :    SHUFFLE_BYTES_DISK_DIRECT: 76240831
INFO  :    NUM_MEM_TO_DISK_MERGES: 0
INFO  :    NUM_DISK_TO_DISK_MERGES: 0
INFO  :    SHUFFLE_PHASE_TIME: 4103840
INFO  :    MERGE_PHASE_TIME: 2808178
INFO  :    FIRST_EVENT_RECEIVED: 28896
INFO  :    LAST_EVENT_RECEIVED: 3743157
INFO  : HIVE:
INFO  :    CREATED_FILES: 1
INFO  :    DESERIALIZE_ERRORS: 0
INFO  :    RECORDS_IN_Map_1: 1311525000
INFO  :    RECORDS_IN_Map_10: 402000
INFO  :    RECORDS_IN_Map_11: 25
INFO  :    RECORDS_IN_Map_12: 10000
INFO  :    RECORDS_IN_Map_3: 402000
INFO  :    RECORDS_IN_Map_4: 25
INFO  :    RECORDS_IN_Map_5: 10000
INFO  :    RECORDS_IN_Map_6: 1311525000
INFO  :    RECORDS_OUT_0: 670
INFO  :    RECORDS_OUT_INTERMEDIATE_Map_1: 20100000
INFO  :    RECORDS_OUT_INTERMEDIATE_Map_10: 402000
INFO  :    RECORDS_OUT_INTERMEDIATE_Map_11: 25
INFO  :    RECORDS_OUT_INTERMEDIATE_Map_12: 30
INFO  :    RECORDS_OUT_INTERMEDIATE_Map_3: 402000
INFO  :    RECORDS_OUT_INTERMEDIATE_Map_4: 25
INFO  :    RECORDS_OUT_INTERMEDIATE_Map_5: 31
INFO  :    RECORDS_OUT_INTERMEDIATE_Map_6: 25125000
INFO  :    RECORDS_OUT_INTERMEDIATE_Reducer_2: 13607
INFO  :    RECORDS_OUT_INTERMEDIATE_Reducer_7: 240995
INFO  :    RECORDS_OUT_INTERMEDIATE_Reducer_8: 670
INFO  : Shuffle Errors:
INFO  :    BAD_ID: 0
INFO  :    CONNECTION: 0
INFO  :    IO_ERROR: 0
INFO  :    WRONG_LENGTH: 0
INFO  :    WRONG_MAP: 0
INFO  :    WRONG_REDUCE: 0
INFO  : Shuffle Errors_Reducer_2_INPUT_Map_1:
INFO  :    BAD_ID: 0
INFO  :    CONNECTION: 0
INFO  :    IO_ERROR: 0
INFO  :    WRONG_LENGTH: 0
INFO  :    WRONG_MAP: 0
INFO  :    WRONG_REDUCE: 0
INFO  : Shuffle Errors_Reducer_7_INPUT_Map_6:
INFO  :    BAD_ID: 0
INFO  :    CONNECTION: 0
INFO  :    IO_ERROR: 0
INFO  :    WRONG_LENGTH: 0
INFO  :    WRONG_MAP: 0
INFO  :    WRONG_REDUCE: 0
INFO  : Shuffle Errors_Reducer_9_INPUT_Reducer_8:
INFO  :    BAD_ID: 0
INFO  :    CONNECTION: 0
INFO  :    IO_ERROR: 0
INFO  :    WRONG_LENGTH: 0
INFO  :    WRONG_MAP: 0
INFO  :    WRONG_REDUCE: 0
INFO  : TaskCounter_Map_10_INPUT_item:
INFO  :    INPUT_RECORDS_PROCESSED: 405
INFO  :    INPUT_SPLIT_LENGTH_BYTES: 38092338
INFO  : TaskCounter_Map_10_OUTPUT_Map_6:
INFO  :    ADDITIONAL_SPILLS_BYTES_READ: 0
INFO  :    ADDITIONAL_SPILLS_BYTES_WRITTEN: 0
INFO  :    ADDITIONAL_SPILL_COUNT: 0
INFO  :    OUTPUT_BYTES: 2010000
INFO  :    OUTPUT_BYTES_PHYSICAL: 1601948
INFO  :    OUTPUT_BYTES_WITH_OVERHEAD: 2814042
INFO  :    OUTPUT_LARGE_RECORDS: 0
INFO  :    OUTPUT_RECORDS: 402000
INFO  :    SPILLED_RECORDS: 0
INFO  : TaskCounter_Map_11_INPUT_warehouse:
INFO  :    INPUT_RECORDS_PROCESSED: 1
INFO  :    INPUT_SPLIT_LENGTH_BYTES: 2722
INFO  : TaskCounter_Map_11_OUTPUT_Map_6:
INFO  :    ADDITIONAL_SPILLS_BYTES_READ: 0
INFO  :    ADDITIONAL_SPILLS_BYTES_WRITTEN: 0
INFO  :    ADDITIONAL_SPILL_COUNT: 0
INFO  :    OUTPUT_BYTES: 565
INFO  :    OUTPUT_BYTES_PHYSICAL: 592
INFO  :    OUTPUT_BYTES_WITH_OVERHEAD: 621
INFO  :    OUTPUT_LARGE_RECORDS: 0
INFO  :    OUTPUT_RECORDS: 25
INFO  :    SPILLED_RECORDS: 0
INFO  : TaskCounter_Map_12_INPUT_date_dim:
INFO  :    INPUT_RECORDS_PROCESSED: 10
INFO  :    INPUT_SPLIT_LENGTH_BYTES: 759177
INFO  : TaskCounter_Map_12_OUTPUT_Map_6:
INFO  :    ADDITIONAL_SPILLS_BYTES_READ: 0
INFO  :    ADDITIONAL_SPILLS_BYTES_WRITTEN: 0
INFO  :    ADDITIONAL_SPILL_COUNT: 0
INFO  :    OUTPUT_BYTES: 150
INFO  :    OUTPUT_BYTES_PHYSICAL: 171
INFO  :    OUTPUT_BYTES_WITH_OVERHEAD: 216
INFO  :    OUTPUT_LARGE_RECORDS: 0
INFO  :    OUTPUT_RECORDS: 30
INFO  :    SPILLED_RECORDS: 0
INFO  : TaskCounter_Map_1_INPUT_Map_3:
INFO  :    FIRST_EVENT_RECEIVED: 88
INFO  :    INPUT_RECORDS_PROCESSED: 3618000
INFO  :    LAST_EVENT_RECEIVED: 140
INFO  :    NUM_FAILED_SHUFFLE_INPUTS: 0
INFO  :    NUM_SHUFFLED_INPUTS: 63
INFO  :    SHUFFLE_BYTES: 14416020
INFO  :    SHUFFLE_BYTES_DECOMPRESSED: 25326378
INFO  :    SHUFFLE_BYTES_DISK_DIRECT: 1601780
INFO  :    SHUFFLE_BYTES_TO_DISK: 0
INFO  :    SHUFFLE_BYTES_TO_MEM: 12814240
INFO  :    SHUFFLE_PHASE_TIME: 3253
INFO  : TaskCounter_Map_1_INPUT_Map_4:
INFO  :    FIRST_EVENT_RECEIVED: 42
INFO  :    INPUT_RECORDS_PROCESSED: 225
INFO  :    LAST_EVENT_RECEIVED: 42
INFO  :    NUM_FAILED_SHUFFLE_INPUTS: 0
INFO  :    NUM_SHUFFLED_INPUTS: 9
INFO  :    SHUFFLE_BYTES: 5112
INFO  :    SHUFFLE_BYTES_DECOMPRESSED: 5589
INFO  :    SHUFFLE_BYTES_DISK_DIRECT: 568
INFO  :    SHUFFLE_BYTES_TO_DISK: 0
INFO  :    SHUFFLE_BYTES_TO_MEM: 4544
INFO  :    SHUFFLE_PHASE_TIME: 137
INFO  : TaskCounter_Map_1_INPUT_Map_5:
INFO  :    FIRST_EVENT_RECEIVED: 605
INFO  :    INPUT_RECORDS_PROCESSED: 248
INFO  :    LAST_EVENT_RECEIVED: 605
INFO  :    NUM_FAILED_SHUFFLE_INPUTS: 0
INFO  :    NUM_SHUFFLED_INPUTS: 8
INFO  :    SHUFFLE_BYTES: 1216
INFO  :    SHUFFLE_BYTES_DECOMPRESSED: 1784
INFO  :    SHUFFLE_BYTES_DISK_DIRECT: 152
INFO  :    SHUFFLE_BYTES_TO_DISK: 0
INFO  :    SHUFFLE_BYTES_TO_MEM: 1064
INFO  :    SHUFFLE_PHASE_TIME: 911
INFO  : TaskCounter_Map_1_INPUT_inventory:
INFO  :    INPUT_RECORDS_PROCESSED: 1311525
INFO  :    INPUT_SPLIT_LENGTH_BYTES: 2895967428
INFO  : TaskCounter_Map_1_OUTPUT_Reducer_2:
INFO  :    ADDITIONAL_SPILLS_BYTES_READ: 0
INFO  :    ADDITIONAL_SPILLS_BYTES_WRITTEN: 0
INFO  :    ADDITIONAL_SPILL_COUNT: 0
INFO  :    OUTPUT_BYTES: 1282349976
INFO  :    OUTPUT_BYTES_PHYSICAL: 314087400
INFO  :    OUTPUT_BYTES_WITH_OVERHEAD: 1323837228
INFO  :    OUTPUT_RECORDS: 20100000
INFO  :    SHUFFLE_CHUNK_COUNT: 261
INFO  :    SPILLED_RECORDS: 20100000
INFO  : TaskCounter_Map_3_INPUT_item:
INFO  :    INPUT_RECORDS_PROCESSED: 405
INFO  :    INPUT_SPLIT_LENGTH_BYTES: 38092338
INFO  : TaskCounter_Map_3_OUTPUT_Map_1:
INFO  :    ADDITIONAL_SPILLS_BYTES_READ: 0
INFO  :    ADDITIONAL_SPILLS_BYTES_WRITTEN: 0
INFO  :    ADDITIONAL_SPILL_COUNT: 0
INFO  :    OUTPUT_BYTES: 2010000
INFO  :    OUTPUT_BYTES_PHYSICAL: 1601948
INFO  :    OUTPUT_BYTES_WITH_OVERHEAD: 2814042
INFO  :    OUTPUT_LARGE_RECORDS: 0
INFO  :    OUTPUT_RECORDS: 402000
INFO  :    SPILLED_RECORDS: 0
INFO  : TaskCounter_Map_4_INPUT_warehouse:
INFO  :    INPUT_RECORDS_PROCESSED: 1
INFO  :    INPUT_SPLIT_LENGTH_BYTES: 2722
INFO  : TaskCounter_Map_4_OUTPUT_Map_1:
INFO  :    ADDITIONAL_SPILLS_BYTES_READ: 0
INFO  :    ADDITIONAL_SPILLS_BYTES_WRITTEN: 0
INFO  :    ADDITIONAL_SPILL_COUNT: 0
INFO  :    OUTPUT_BYTES: 565
INFO  :    OUTPUT_BYTES_PHYSICAL: 592
INFO  :    OUTPUT_BYTES_WITH_OVERHEAD: 621
INFO  :    OUTPUT_LARGE_RECORDS: 0
INFO  :    OUTPUT_RECORDS: 25
INFO  :    SPILLED_RECORDS: 0
INFO  : TaskCounter_Map_5_INPUT_date_dim:
INFO  :    INPUT_RECORDS_PROCESSED: 10
INFO  :    INPUT_SPLIT_LENGTH_BYTES: 759177
INFO  : TaskCounter_Map_5_OUTPUT_Map_1:
INFO  :    ADDITIONAL_SPILLS_BYTES_READ: 0
INFO  :    ADDITIONAL_SPILLS_BYTES_WRITTEN: 0
INFO  :    ADDITIONAL_SPILL_COUNT: 0
INFO  :    OUTPUT_BYTES: 155
INFO  :    OUTPUT_BYTES_PHYSICAL: 176
INFO  :    OUTPUT_BYTES_WITH_OVERHEAD: 223
INFO  :    OUTPUT_LARGE_RECORDS: 0
INFO  :    OUTPUT_RECORDS: 31
INFO  :    SPILLED_RECORDS: 0
INFO  : TaskCounter_Map_6_INPUT_Map_10:
INFO  :    FIRST_EVENT_RECEIVED: 77
INFO  :    INPUT_RECORDS_PROCESSED: 3618000
INFO  :    LAST_EVENT_RECEIVED: 167
INFO  :    NUM_FAILED_SHUFFLE_INPUTS: 0
INFO  :    NUM_SHUFFLED_INPUTS: 63
INFO  :    SHUFFLE_BYTES: 14416020
INFO  :    SHUFFLE_BYTES_DECOMPRESSED: 25326378
INFO  :    SHUFFLE_BYTES_DISK_DIRECT: 1601780
INFO  :    SHUFFLE_BYTES_TO_DISK: 0
INFO  :    SHUFFLE_BYTES_TO_MEM: 12814240
INFO  :    SHUFFLE_PHASE_TIME: 3887
INFO  : TaskCounter_Map_6_INPUT_Map_11:
INFO  :    FIRST_EVENT_RECEIVED: 785
INFO  :    INPUT_RECORDS_PROCESSED: 225
INFO  :    LAST_EVENT_RECEIVED: 785
INFO  :    NUM_FAILED_SHUFFLE_INPUTS: 0
INFO  :    NUM_SHUFFLED_INPUTS: 9
INFO  :    SHUFFLE_BYTES: 5112
INFO  :    SHUFFLE_BYTES_DECOMPRESSED: 5589
INFO  :    SHUFFLE_BYTES_DISK_DIRECT: 568
INFO  :    SHUFFLE_BYTES_TO_DISK: 0
INFO  :    SHUFFLE_BYTES_TO_MEM: 4544
INFO  :    SHUFFLE_PHASE_TIME: 1300
INFO  : TaskCounter_Map_6_INPUT_Map_12:
INFO  :    FIRST_EVENT_RECEIVED: 94
INFO  :    INPUT_RECORDS_PROCESSED: 270
INFO  :    LAST_EVENT_RECEIVED: 94
INFO  :    NUM_FAILED_SHUFFLE_INPUTS: 0
INFO  :    NUM_SHUFFLED_INPUTS: 9
INFO  :    SHUFFLE_BYTES: 1323
INFO  :    SHUFFLE_BYTES_DECOMPRESSED: 1944
INFO  :    SHUFFLE_BYTES_DISK_DIRECT: 147
INFO  :    SHUFFLE_BYTES_TO_DISK: 0
INFO  :    SHUFFLE_BYTES_TO_MEM: 1176
INFO  :    SHUFFLE_PHASE_TIME: 628
INFO  : TaskCounter_Map_6_INPUT_inventory:
INFO  :    INPUT_RECORDS_PROCESSED: 1311525
INFO  :    INPUT_SPLIT_LENGTH_BYTES: 2895967428
INFO  : TaskCounter_Map_6_OUTPUT_Reducer_7:
INFO  :    ADDITIONAL_SPILLS_BYTES_READ: 0
INFO  :    ADDITIONAL_SPILLS_BYTES_WRITTEN: 0
INFO  :    ADDITIONAL_SPILL_COUNT: 0
INFO  :    OUTPUT_BYTES: 1602985764
INFO  :    OUTPUT_BYTES_PHYSICAL: 391544968
INFO  :    OUTPUT_BYTES_WITH_OVERHEAD: 1654523016
INFO  :    OUTPUT_RECORDS: 25125000
INFO  :    SHUFFLE_CHUNK_COUNT: 261
INFO  :    SPILLED_RECORDS: 25125000
INFO  : TaskCounter_Reducer_2_INPUT_Map_1:
INFO  :    ADDITIONAL_SPILLS_BYTES_READ: 235366419
INFO  :    ADDITIONAL_SPILLS_BYTES_WRITTEN: 199377108
INFO  :    COMBINE_INPUT_RECORDS: 0
INFO  :    FIRST_EVENT_RECEIVED: 2033
INFO  :    LAST_EVENT_RECEIVED: 1372097
INFO  :    MERGED_MAP_OUTPUTS: 3288
INFO  :    MERGE_PHASE_TIME: 1411517
INFO  :    NUM_DISK_TO_DISK_MERGES: 0
INFO  :    NUM_FAILED_SHUFFLE_INPUTS: 0
INFO  :    NUM_MEM_TO_DISK_MERGES: 0
INFO  :    NUM_SHUFFLED_INPUTS: 3288
INFO  :    NUM_SKIPPED_INPUTS: 211254
INFO  :    REDUCE_INPUT_GROUPS: 5025000
INFO  :    REDUCE_INPUT_RECORDS: 20100000
INFO  :    SHUFFLE_BYTES: 309862320
INFO  :    SHUFFLE_BYTES_DECOMPRESSED: 1322569704
INFO  :    SHUFFLE_BYTES_DISK_DIRECT: 35989311
INFO  :    SHUFFLE_BYTES_TO_DISK: 0
INFO  :    SHUFFLE_BYTES_TO_MEM: 273873009
INFO  :    SHUFFLE_PHASE_TIME: 1386786
INFO  :    SPILLED_RECORDS: 20100000
INFO  : TaskCounter_Reducer_2_OUTPUT_Reducer_8:
INFO  :    ADDITIONAL_SPILLS_BYTES_READ: 0
INFO  :    ADDITIONAL_SPILLS_BYTES_WRITTEN: 0
INFO  :    ADDITIONAL_SPILL_COUNT: 0
INFO  :    OUTPUT_BYTES: 367389
INFO  :    OUTPUT_BYTES_PHYSICAL: 1371358
INFO  :    OUTPUT_BYTES_WITH_OVERHEAD: 544177
INFO  :    OUTPUT_LARGE_RECORDS: 0
INFO  :    OUTPUT_RECORDS: 13607
INFO  :    SPILLED_RECORDS: 0
INFO  : TaskCounter_Reducer_7_INPUT_Map_6:
INFO  :    ADDITIONAL_SPILLS_BYTES_READ: 284378847
INFO  :    ADDITIONAL_SPILLS_BYTES_WRITTEN: 248174804
INFO  :    COMBINE_INPUT_RECORDS: 0
INFO  :    FIRST_EVENT_RECEIVED: 4877
INFO  :    LAST_EVENT_RECEIVED: 1360499
INFO  :    MERGED_MAP_OUTPUTS: 4110
INFO  :    MERGE_PHASE_TIME: 1393843
INFO  :    NUM_DISK_TO_DISK_MERGES: 0
INFO  :    NUM_FAILED_SHUFFLE_INPUTS: 0
INFO  :    NUM_MEM_TO_DISK_MERGES: 0
INFO  :    NUM_SHUFFLED_INPUTS: 4110
INFO  :    NUM_SKIPPED_INPUTS: 210432
INFO  :    REDUCE_INPUT_GROUPS: 5025000
INFO  :    REDUCE_INPUT_RECORDS: 25125000
INFO  :    SHUFFLE_BYTES: 387336328
INFO  :    SHUFFLE_BYTES_DECOMPRESSED: 1653260424
INFO  :    SHUFFLE_BYTES_DISK_DIRECT: 36204043
INFO  :    SHUFFLE_BYTES_TO_DISK: 0
INFO  :    SHUFFLE_BYTES_TO_MEM: 351132285
INFO  :    SHUFFLE_PHASE_TIME: 1373687
INFO  :    SPILLED_RECORDS: 25125000
INFO  : TaskCounter_Reducer_7_OUTPUT_Reducer_8:
INFO  :    ADDITIONAL_SPILLS_BYTES_READ: 0
INFO  :    ADDITIONAL_SPILLS_BYTES_WRITTEN: 0
INFO  :    ADDITIONAL_SPILL_COUNT: 0
INFO  :    OUTPUT_BYTES: 6747860
INFO  :    OUTPUT_BYTES_PHYSICAL: 7602526
INFO  :    OUTPUT_BYTES_WITH_OVERHEAD: 9639800
INFO  :    OUTPUT_LARGE_RECORDS: 0
INFO  :    OUTPUT_RECORDS: 240995
INFO  :    SPILLED_RECORDS: 0
INFO  : TaskCounter_Reducer_8_INPUT_Reducer_2:
INFO  :    FIRST_EVENT_RECEIVED: 10206
INFO  :    INPUT_RECORDS_PROCESSED: 13607
INFO  :    LAST_EVENT_RECEIVED: 497667
INFO  :    NUM_FAILED_SHUFFLE_INPUTS: 0
INFO  :    NUM_SHUFFLED_INPUTS: 11054
INFO  :    SHUFFLE_BYTES: 605038
INFO  :    SHUFFLE_BYTES_DECOMPRESSED: 460927
INFO  :    SHUFFLE_BYTES_DISK_DIRECT: 67270
INFO  :    SHUFFLE_BYTES_TO_DISK: 0
INFO  :    SHUFFLE_BYTES_TO_MEM: 537768
INFO  :    SHUFFLE_PHASE_TIME: 645636
INFO  : TaskCounter_Reducer_8_INPUT_Reducer_7:
INFO  :    FIRST_EVENT_RECEIVED: 9989
INFO  :    INPUT_RECORDS_PROCESSED: 240995
INFO  :    LAST_EVENT_RECEIVED: 508252
INFO  :    NUM_FAILED_SHUFFLE_INPUTS: 0
INFO  :    NUM_SHUFFLED_INPUTS: 31907
INFO  :    SHUFFLE_BYTES: 6836206
INFO  :    SHUFFLE_BYTES_DECOMPRESSED: 7421292
INFO  :    SHUFFLE_BYTES_DISK_DIRECT: 770787
INFO  :    SHUFFLE_BYTES_TO_DISK: 0
INFO  :    SHUFFLE_BYTES_TO_MEM: 6065419
INFO  :    SHUFFLE_PHASE_TIME: 684803
INFO  : TaskCounter_Reducer_8_OUTPUT_Reducer_9:
INFO  :    ADDITIONAL_SPILLS_BYTES_READ: 0
INFO  :    ADDITIONAL_SPILLS_BYTES_WRITTEN: 0
INFO  :    ADDITIONAL_SPILL_COUNT: 0
INFO  :    OUTPUT_BYTES: 35387
INFO  :    OUTPUT_BYTES_PHYSICAL: 39958
INFO  :    OUTPUT_BYTES_WITH_OVERHEAD: 38587
INFO  :    OUTPUT_RECORDS: 670
INFO  :    SHUFFLE_CHUNK_COUNT: 310
INFO  :    SPILLED_RECORDS: 670
INFO  : TaskCounter_Reducer_9_INPUT_Reducer_8:
INFO  :    ADDITIONAL_SPILLS_BYTES_READ: 27090
INFO  :    ADDITIONAL_SPILLS_BYTES_WRITTEN: 22665
INFO  :    COMBINE_INPUT_RECORDS: 0
INFO  :    FIRST_EVENT_RECEIVED: 100
INFO  :    LAST_EVENT_RECEIVED: 2809
INFO  :    MERGED_MAP_OUTPUTS: 275
INFO  :    MERGE_PHASE_TIME: 2818
INFO  :    NUM_DISK_TO_DISK_MERGES: 0
INFO  :    NUM_FAILED_SHUFFLE_INPUTS: 0
INFO  :    NUM_MEM_TO_DISK_MERGES: 0
INFO  :    NUM_SHUFFLED_INPUTS: 275
INFO  :    NUM_SKIPPED_INPUTS: 35
INFO  :    REDUCE_INPUT_GROUPS: 670
INFO  :    REDUCE_INPUT_RECORDS: 670
INFO  :    SHUFFLE_BYTES: 39258
INFO  :    SHUFFLE_BYTES_DECOMPRESSED: 38377
INFO  :    SHUFFLE_BYTES_DISK_DIRECT: 4425
INFO  :    SHUFFLE_BYTES_TO_DISK: 0
INFO  :    SHUFFLE_BYTES_TO_MEM: 34833
INFO  :    SHUFFLE_PHASE_TIME: 2812
INFO  :    SPILLED_RECORDS: 670
INFO  : TaskCounter_Reducer_9_OUTPUT_out_Reducer_9:
INFO  :    OUTPUT_RECORDS: 0
INFO  : org.apache.hadoop.hive.llap.counters.LlapIOCounters:
INFO  :    CACHE_HIT_BYTES: 5774649802
INFO  :    CACHE_MISS_BYTES: 0
INFO  :    CONSUMER_TIME_NS: 797871696601
INFO  :    DECODE_TIME_NS: 459650714442
INFO  :    HDFS_TIME_NS: 13300228
INFO  :    METADATA_CACHE_HIT: 1080
INFO  :    NUM_DECODED_BATCHES: 262654
INFO  :    NUM_VECTOR_BATCHES: 2623882
INFO  :    ROWS_EMITTED: 2623874050
INFO  :    SELECTED_ROWGROUPS: 262654
INFO  :    TOTAL_IO_TIME_NS: 490910878281
INFO  : Completed executing command(queryId=hive_20161020162821_84b9aa87-8023-402c-8b9a-fa918b836cc3); Time taken: 23.76 seconds
INFO  : OK
670 rows selected (24.3 seconds)
Closing: 0: jdbc:hive2://h01hn02:10500/tpcds_bin_partitioned_orc_10000
