Connecting to jdbc:hive2://h01hn02:10500/tpcds_bin_partitioned_orc_10000
Connected to: Apache Hive (version 2.1.0.2.5.1.0-43)
Driver: Hive JDBC (version 1.2.1000.2.5.1.0-43)
Transaction isolation: TRANSACTION_REPEATABLE_READ
Running init script bry.sql
No rows affected (0.037 seconds)
INFO  : Compiling command(queryId=hive_20161020152450_f0c38b97-5d5b-4510-b664-164c8d130d27): select avg(ss_quantity)
       ,avg(ss_ext_sales_price)
       ,avg(ss_ext_wholesale_cost)
       ,sum(ss_ext_wholesale_cost)
 from store_sales
     ,store
     ,customer_demographics
     ,household_demographics
     ,customer_address
     ,date_dim
 where store.s_store_sk = store_sales.ss_store_sk
 and  store_sales.ss_sold_date_sk = date_dim.d_date_sk and date_dim.d_year = 2001
 and((store_sales.ss_hdemo_sk=household_demographics.hd_demo_sk
  and customer_demographics.cd_demo_sk = store_sales.ss_cdemo_sk
  and customer_demographics.cd_marital_status = 'M'
  and customer_demographics.cd_education_status = '4 yr Degree'
  and store_sales.ss_sales_price between 100.00 and 150.00
  and household_demographics.hd_dep_count = 3   
     )or
     (store_sales.ss_hdemo_sk=household_demographics.hd_demo_sk
  and customer_demographics.cd_demo_sk = store_sales.ss_cdemo_sk
  and customer_demographics.cd_marital_status = 'D'
  and customer_demographics.cd_education_status = 'Primary'
  and store_sales.ss_sales_price between 50.00 and 100.00   
  and household_demographics.hd_dep_count = 1
     ) or 
     (store_sales.ss_hdemo_sk=household_demographics.hd_demo_sk
  and customer_demographics.cd_demo_sk = ss_cdemo_sk
  and customer_demographics.cd_marital_status = 'U'
  and customer_demographics.cd_education_status = 'Advanced Degree'
  and store_sales.ss_sales_price between 150.00 and 200.00 
  and household_demographics.hd_dep_count = 1  
     ))
 and((store_sales.ss_addr_sk = customer_address.ca_address_sk
  and customer_address.ca_country = 'United States'
  and customer_address.ca_state in ('KY', 'GA', 'NM')
  and store_sales.ss_net_profit between 100 and 200  
     ) or
     (store_sales.ss_addr_sk = customer_address.ca_address_sk
  and customer_address.ca_country = 'United States'
  and customer_address.ca_state in ('MT', 'OR', 'IN')
  and store_sales.ss_net_profit between 150 and 300  
     ) or
     (store_sales.ss_addr_sk = customer_address.ca_address_sk
  and customer_address.ca_country = 'United States'
  and customer_address.ca_state in ('WI', 'MO', 'WV')
  and store_sales.ss_net_profit between 50 and 250  
     ))
INFO  : Semantic Analysis Completed
INFO  : Returning Hive schema: Schema(fieldSchemas:[FieldSchema(name:c0, type:double, comment:null), FieldSchema(name:c1, type:double, comment:null), FieldSchema(name:c2, type:double, comment:null), FieldSchema(name:c3, type:double, comment:null)], properties:null)
INFO  : Completed compiling command(queryId=hive_20161020152450_f0c38b97-5d5b-4510-b664-164c8d130d27); Time taken: 0.806 seconds
INFO  : Concurrency mode is disabled, not creating a lock manager
INFO  : Executing command(queryId=hive_20161020152450_f0c38b97-5d5b-4510-b664-164c8d130d27): select avg(ss_quantity)
       ,avg(ss_ext_sales_price)
       ,avg(ss_ext_wholesale_cost)
       ,sum(ss_ext_wholesale_cost)
 from store_sales
     ,store
     ,customer_demographics
     ,household_demographics
     ,customer_address
     ,date_dim
 where store.s_store_sk = store_sales.ss_store_sk
 and  store_sales.ss_sold_date_sk = date_dim.d_date_sk and date_dim.d_year = 2001
 and((store_sales.ss_hdemo_sk=household_demographics.hd_demo_sk
  and customer_demographics.cd_demo_sk = store_sales.ss_cdemo_sk
  and customer_demographics.cd_marital_status = 'M'
  and customer_demographics.cd_education_status = '4 yr Degree'
  and store_sales.ss_sales_price between 100.00 and 150.00
  and household_demographics.hd_dep_count = 3   
     )or
     (store_sales.ss_hdemo_sk=household_demographics.hd_demo_sk
  and customer_demographics.cd_demo_sk = store_sales.ss_cdemo_sk
  and customer_demographics.cd_marital_status = 'D'
  and customer_demographics.cd_education_status = 'Primary'
  and store_sales.ss_sales_price between 50.00 and 100.00   
  and household_demographics.hd_dep_count = 1
     ) or 
     (store_sales.ss_hdemo_sk=household_demographics.hd_demo_sk
  and customer_demographics.cd_demo_sk = ss_cdemo_sk
  and customer_demographics.cd_marital_status = 'U'
  and customer_demographics.cd_education_status = 'Advanced Degree'
  and store_sales.ss_sales_price between 150.00 and 200.00 
  and household_demographics.hd_dep_count = 1  
     ))
 and((store_sales.ss_addr_sk = customer_address.ca_address_sk
  and customer_address.ca_country = 'United States'
  and customer_address.ca_state in ('KY', 'GA', 'NM')
  and store_sales.ss_net_profit between 100 and 200  
     ) or
     (store_sales.ss_addr_sk = customer_address.ca_address_sk
  and customer_address.ca_country = 'United States'
  and customer_address.ca_state in ('MT', 'OR', 'IN')
  and store_sales.ss_net_profit between 150 and 300  
     ) or
     (store_sales.ss_addr_sk = customer_address.ca_address_sk
  and customer_address.ca_country = 'United States'
  and customer_address.ca_state in ('WI', 'MO', 'WV')
  and store_sales.ss_net_profit between 50 and 250  
     ))
INFO  : Query ID = hive_20161020152450_f0c38b97-5d5b-4510-b664-164c8d130d27
INFO  : Total jobs = 1
INFO  : Launching Job 1 out of 1
INFO  : Starting task [Stage-1:MAPRED] in serial mode
INFO  : Session is already open
INFO  : Dag name: select avg(ss_quantity)
       ,avg(ss_...))(Stage-1)
INFO  : Setting tez.task.scale.memory.reserve-fraction to 0.30000001192092896
INFO  : Setting tez.task.scale.memory.reserve-fraction to 0.30000001192092896
INFO  : 

INFO  : Status: Running (Executing on YARN cluster with App id application_1476988466894_0241)

INFO  : Map 1: -/-	Map 4: 1/1	Map 5: 6/6	Map 6: 1/1	Map 7: -/-	Map 8: 1/1	Reducer 2: 0/1009	Reducer 3: 0/1	
INFO  : Map 1: -/-	Map 4: 1/1	Map 5: 6/6	Map 6: 1/1	Map 7: 0(+1)/223	Map 8: 1/1	Reducer 2: 0/1009	Reducer 3: 0/1	
INFO  : Map 1: 0(+7)/305	Map 4: 1/1	Map 5: 6/6	Map 6: 1/1	Map 7: 0(+223)/223	Map 8: 1/1	Reducer 2: 0/1009	Reducer 3: 0/1	
INFO  : Map 1: 0(+17)/305	Map 4: 1/1	Map 5: 6/6	Map 6: 1/1	Map 7: 0(+223)/223	Map 8: 1/1	Reducer 2: 0/1009	Reducer 3: 0/1	
INFO  : Map 1: 0(+274)/305	Map 4: 1/1	Map 5: 6/6	Map 6: 1/1	Map 7: 0(+223)/223	Map 8: 1/1	Reducer 2: 0/1009	Reducer 3: 0/1	
INFO  : Map 1: 0(+275)/305	Map 4: 1/1	Map 5: 6/6	Map 6: 1/1	Map 7: 1(+222)/223	Map 8: 1/1	Reducer 2: 0/1009	Reducer 3: 0/1	
INFO  : Map 1: 0(+278)/305	Map 4: 1/1	Map 5: 6/6	Map 6: 1/1	Map 7: 10(+213)/223	Map 8: 1/1	Reducer 2: 0/1009	Reducer 3: 0/1	
INFO  : Map 1: 0(+281)/305	Map 4: 1/1	Map 5: 6/6	Map 6: 1/1	Map 7: 28(+195)/223	Map 8: 1/1	Reducer 2: 0/1009	Reducer 3: 0/1	
INFO  : Map 1: 0(+281)/305	Map 4: 1/1	Map 5: 6/6	Map 6: 1/1	Map 7: 98(+125)/223	Map 8: 1/1	Reducer 2: 0/1009	Reducer 3: 0/1	
INFO  : Map 1: 0(+285)/305	Map 4: 1/1	Map 5: 6/6	Map 6: 1/1	Map 7: 199(+24)/223	Map 8: 1/1	Reducer 2: 0/1009	Reducer 3: 0/1	
INFO  : Map 1: 0(+288)/305	Map 4: 1/1	Map 5: 6/6	Map 6: 1/1	Map 7: 223/223	Map 8: 1/1	Reducer 2: 0/1009	Reducer 3: 0/1	
INFO  : Map 1: 0(+305)/305	Map 4: 1/1	Map 5: 6/6	Map 6: 1/1	Map 7: 223/223	Map 8: 1/1	Reducer 2: 0/1009	Reducer 3: 0/1	
INFO  : Map 1: 1(+304)/305	Map 4: 1/1	Map 5: 6/6	Map 6: 1/1	Map 7: 223/223	Map 8: 1/1	Reducer 2: 0/1009	Reducer 3: 0/1	
INFO  : Map 1: 1(+304)/305	Map 4: 1/1	Map 5: 6/6	Map 6: 1/1	Map 7: 223/223	Map 8: 1/1	Reducer 2: 0/1009	Reducer 3: 0/1	
INFO  : Map 1: 2(+303)/305	Map 4: 1/1	Map 5: 6/6	Map 6: 1/1	Map 7: 223/223	Map 8: 1/1	Reducer 2: 0/1009	Reducer 3: 0/1	
INFO  : Map 1: 3(+302)/305	Map 4: 1/1	Map 5: 6/6	Map 6: 1/1	Map 7: 223/223	Map 8: 1/1	Reducer 2: 0/1009	Reducer 3: 0/1	
INFO  : Map 1: 4(+301)/305	Map 4: 1/1	Map 5: 6/6	Map 6: 1/1	Map 7: 223/223	Map 8: 1/1	Reducer 2: 0/1009	Reducer 3: 0/1	
INFO  : Map 1: 4(+301)/305	Map 4: 1/1	Map 5: 6/6	Map 6: 1/1	Map 7: 223/223	Map 8: 1/1	Reducer 2: 0/1009	Reducer 3: 0/1	
INFO  : Map 1: 5(+300)/305	Map 4: 1/1	Map 5: 6/6	Map 6: 1/1	Map 7: 223/223	Map 8: 1/1	Reducer 2: 0/1009	Reducer 3: 0/1	
INFO  : Map 1: 5(+300)/305	Map 4: 1/1	Map 5: 6/6	Map 6: 1/1	Map 7: 223/223	Map 8: 1/1	Reducer 2: 0/1009	Reducer 3: 0/1	
INFO  : Map 1: 8(+297)/305	Map 4: 1/1	Map 5: 6/6	Map 6: 1/1	Map 7: 223/223	Map 8: 1/1	Reducer 2: 0/1009	Reducer 3: 0/1	
INFO  : Map 1: 9(+296)/305	Map 4: 1/1	Map 5: 6/6	Map 6: 1/1	Map 7: 223/223	Map 8: 1/1	Reducer 2: 0/1009	Reducer 3: 0/1	
INFO  : Map 1: 10(+295)/305	Map 4: 1/1	Map 5: 6/6	Map 6: 1/1	Map 7: 223/223	Map 8: 1/1	Reducer 2: 0/1009	Reducer 3: 0/1	
INFO  : Map 1: 11(+294)/305	Map 4: 1/1	Map 5: 6/6	Map 6: 1/1	Map 7: 223/223	Map 8: 1/1	Reducer 2: 0/1009	Reducer 3: 0/1	
INFO  : Map 1: 14(+291)/305	Map 4: 1/1	Map 5: 6/6	Map 6: 1/1	Map 7: 223/223	Map 8: 1/1	Reducer 2: 0/1009	Reducer 3: 0/1	
INFO  : Map 1: 16(+289)/305	Map 4: 1/1	Map 5: 6/6	Map 6: 1/1	Map 7: 223/223	Map 8: 1/1	Reducer 2: 0/1009	Reducer 3: 0/1	
INFO  : Map 1: 17(+288)/305	Map 4: 1/1	Map 5: 6/6	Map 6: 1/1	Map 7: 223/223	Map 8: 1/1	Reducer 2: 0/1009	Reducer 3: 0/1	
INFO  : Map 1: 18(+287)/305	Map 4: 1/1	Map 5: 6/6	Map 6: 1/1	Map 7: 223/223	Map 8: 1/1	Reducer 2: 0/1009	Reducer 3: 0/1	
INFO  : Map 1: 20(+285)/305	Map 4: 1/1	Map 5: 6/6	Map 6: 1/1	Map 7: 223/223	Map 8: 1/1	Reducer 2: 0/1009	Reducer 3: 0/1	
INFO  : Map 1: 22(+283)/305	Map 4: 1/1	Map 5: 6/6	Map 6: 1/1	Map 7: 223/223	Map 8: 1/1	Reducer 2: 0/1009	Reducer 3: 0/1	
INFO  : Map 1: 27(+278)/305	Map 4: 1/1	Map 5: 6/6	Map 6: 1/1	Map 7: 223/223	Map 8: 1/1	Reducer 2: 0/1009	Reducer 3: 0/1	
INFO  : Map 1: 31(+274)/305	Map 4: 1/1	Map 5: 6/6	Map 6: 1/1	Map 7: 223/223	Map 8: 1/1	Reducer 2: 0/1009	Reducer 3: 0/1	
INFO  : Map 1: 33(+272)/305	Map 4: 1/1	Map 5: 6/6	Map 6: 1/1	Map 7: 223/223	Map 8: 1/1	Reducer 2: 0/1009	Reducer 3: 0/1	
INFO  : Map 1: 42(+263)/305	Map 4: 1/1	Map 5: 6/6	Map 6: 1/1	Map 7: 223/223	Map 8: 1/1	Reducer 2: 0/1009	Reducer 3: 0/1	
INFO  : Map 1: 47(+258)/305	Map 4: 1/1	Map 5: 6/6	Map 6: 1/1	Map 7: 223/223	Map 8: 1/1	Reducer 2: 0/1009	Reducer 3: 0/1	
INFO  : Map 1: 52(+253)/305	Map 4: 1/1	Map 5: 6/6	Map 6: 1/1	Map 7: 223/223	Map 8: 1/1	Reducer 2: 0/1009	Reducer 3: 0/1	
INFO  : Map 1: 53(+252)/305	Map 4: 1/1	Map 5: 6/6	Map 6: 1/1	Map 7: 223/223	Map 8: 1/1	Reducer 2: 0/1009	Reducer 3: 0/1	
INFO  : Map 1: 55(+250)/305	Map 4: 1/1	Map 5: 6/6	Map 6: 1/1	Map 7: 223/223	Map 8: 1/1	Reducer 2: 0/1009	Reducer 3: 0/1	
INFO  : Map 1: 56(+249)/305	Map 4: 1/1	Map 5: 6/6	Map 6: 1/1	Map 7: 223/223	Map 8: 1/1	Reducer 2: 0/1009	Reducer 3: 0/1	
INFO  : Map 1: 60(+245)/305	Map 4: 1/1	Map 5: 6/6	Map 6: 1/1	Map 7: 223/223	Map 8: 1/1	Reducer 2: 0/1009	Reducer 3: 0/1	
INFO  : Map 1: 65(+240)/305	Map 4: 1/1	Map 5: 6/6	Map 6: 1/1	Map 7: 223/223	Map 8: 1/1	Reducer 2: 0(+67)/1009	Reducer 3: 0/1	
INFO  : Map 1: 66(+239)/305	Map 4: 1/1	Map 5: 6/6	Map 6: 1/1	Map 7: 223/223	Map 8: 1/1	Reducer 2: 0(+83)/1009	Reducer 3: 0/1	
INFO  : Map 1: 68(+237)/305	Map 4: 1/1	Map 5: 6/6	Map 6: 1/1	Map 7: 223/223	Map 8: 1/1	Reducer 2: 0(+116)/1009	Reducer 3: 0/1	
INFO  : Map 1: 72(+233)/305	Map 4: 1/1	Map 5: 6/6	Map 6: 1/1	Map 7: 223/223	Map 8: 1/1	Reducer 2: 0(+182)/1009	Reducer 3: 0/1	
INFO  : Map 1: 74(+231)/305	Map 4: 1/1	Map 5: 6/6	Map 6: 1/1	Map 7: 223/223	Map 8: 1/1	Reducer 2: 0(+216)/1009	Reducer 3: 0/1	
INFO  : Map 1: 76(+229)/305	Map 4: 1/1	Map 5: 6/6	Map 6: 1/1	Map 7: 223/223	Map 8: 1/1	Reducer 2: 0(+249)/1009	Reducer 3: 0/1	
INFO  : Map 1: 82(+223)/305	Map 4: 1/1	Map 5: 6/6	Map 6: 1/1	Map 7: 223/223	Map 8: 1/1	Reducer 2: 0(+281)/1009	Reducer 3: 0/1	
INFO  : Map 1: 86(+219)/305	Map 4: 1/1	Map 5: 6/6	Map 6: 1/1	Map 7: 223/223	Map 8: 1/1	Reducer 2: 0(+285)/1009	Reducer 3: 0/1	
INFO  : Map 1: 88(+216)/305	Map 4: 1/1	Map 5: 6/6	Map 6: 1/1	Map 7: 223/223	Map 8: 1/1	Reducer 2: 0(+287)/1009	Reducer 3: 0/1	
INFO  : Map 1: 93(+212)/305	Map 4: 1/1	Map 5: 6/6	Map 6: 1/1	Map 7: 223/223	Map 8: 1/1	Reducer 2: 0(+292)/1009	Reducer 3: 0/1	
INFO  : Map 1: 100(+205)/305	Map 4: 1/1	Map 5: 6/6	Map 6: 1/1	Map 7: 223/223	Map 8: 1/1	Reducer 2: 0(+299)/1009	Reducer 3: 0/1	
INFO  : Map 1: 104(+201)/305	Map 4: 1/1	Map 5: 6/6	Map 6: 1/1	Map 7: 223/223	Map 8: 1/1	Reducer 2: 0(+303)/1009	Reducer 3: 0/1	
INFO  : Map 1: 107(+198)/305	Map 4: 1/1	Map 5: 6/6	Map 6: 1/1	Map 7: 223/223	Map 8: 1/1	Reducer 2: 0(+306)/1009	Reducer 3: 0/1	
INFO  : Map 1: 109(+196)/305	Map 4: 1/1	Map 5: 6/6	Map 6: 1/1	Map 7: 223/223	Map 8: 1/1	Reducer 2: 0(+308)/1009	Reducer 3: 0/1	
INFO  : Map 1: 114(+191)/305	Map 4: 1/1	Map 5: 6/6	Map 6: 1/1	Map 7: 223/223	Map 8: 1/1	Reducer 2: 0(+313)/1009	Reducer 3: 0/1	
INFO  : Map 1: 118(+187)/305	Map 4: 1/1	Map 5: 6/6	Map 6: 1/1	Map 7: 223/223	Map 8: 1/1	Reducer 2: 0(+316)/1009	Reducer 3: 0/1	
INFO  : Map 1: 122(+183)/305	Map 4: 1/1	Map 5: 6/6	Map 6: 1/1	Map 7: 223/223	Map 8: 1/1	Reducer 2: 0(+321)/1009	Reducer 3: 0/1	
INFO  : Map 1: 126(+179)/305	Map 4: 1/1	Map 5: 6/6	Map 6: 1/1	Map 7: 223/223	Map 8: 1/1	Reducer 2: 0(+325)/1009	Reducer 3: 0/1	
INFO  : Map 1: 130(+175)/305	Map 4: 1/1	Map 5: 6/6	Map 6: 1/1	Map 7: 223/223	Map 8: 1/1	Reducer 2: 0(+329)/1009	Reducer 3: 0/1	
INFO  : Map 1: 137(+168)/305	Map 4: 1/1	Map 5: 6/6	Map 6: 1/1	Map 7: 223/223	Map 8: 1/1	Reducer 2: 0(+336)/1009	Reducer 3: 0/1	
INFO  : Map 1: 143(+162)/305	Map 4: 1/1	Map 5: 6/6	Map 6: 1/1	Map 7: 223/223	Map 8: 1/1	Reducer 2: 0(+342)/1009	Reducer 3: 0/1	
INFO  : Map 1: 153(+152)/305	Map 4: 1/1	Map 5: 6/6	Map 6: 1/1	Map 7: 223/223	Map 8: 1/1	Reducer 2: 0(+352)/1009	Reducer 3: 0/1	
INFO  : Map 1: 162(+143)/305	Map 4: 1/1	Map 5: 6/6	Map 6: 1/1	Map 7: 223/223	Map 8: 1/1	Reducer 2: 0(+361)/1009	Reducer 3: 0/1	
INFO  : Map 1: 168(+137)/305	Map 4: 1/1	Map 5: 6/6	Map 6: 1/1	Map 7: 223/223	Map 8: 1/1	Reducer 2: 0(+367)/1009	Reducer 3: 0/1	
INFO  : Map 1: 175(+130)/305	Map 4: 1/1	Map 5: 6/6	Map 6: 1/1	Map 7: 223/223	Map 8: 1/1	Reducer 2: 0(+374)/1009	Reducer 3: 0/1	
INFO  : Map 1: 179(+126)/305	Map 4: 1/1	Map 5: 6/6	Map 6: 1/1	Map 7: 223/223	Map 8: 1/1	Reducer 2: 0(+378)/1009	Reducer 3: 0/1	
INFO  : Map 1: 183(+122)/305	Map 4: 1/1	Map 5: 6/6	Map 6: 1/1	Map 7: 223/223	Map 8: 1/1	Reducer 2: 0(+382)/1009	Reducer 3: 0/1	
INFO  : Map 1: 188(+117)/305	Map 4: 1/1	Map 5: 6/6	Map 6: 1/1	Map 7: 223/223	Map 8: 1/1	Reducer 2: 0(+387)/1009	Reducer 3: 0/1	
INFO  : Map 1: 191(+114)/305	Map 4: 1/1	Map 5: 6/6	Map 6: 1/1	Map 7: 223/223	Map 8: 1/1	Reducer 2: 0(+390)/1009	Reducer 3: 0/1	
INFO  : Map 1: 199(+106)/305	Map 4: 1/1	Map 5: 6/6	Map 6: 1/1	Map 7: 223/223	Map 8: 1/1	Reducer 2: 0(+398)/1009	Reducer 3: 0/1	
INFO  : Map 1: 206(+99)/305	Map 4: 1/1	Map 5: 6/6	Map 6: 1/1	Map 7: 223/223	Map 8: 1/1	Reducer 2: 0(+405)/1009	Reducer 3: 0/1	
INFO  : Map 1: 213(+92)/305	Map 4: 1/1	Map 5: 6/6	Map 6: 1/1	Map 7: 223/223	Map 8: 1/1	Reducer 2: 0(+412)/1009	Reducer 3: 0/1	
INFO  : Map 1: 215(+90)/305	Map 4: 1/1	Map 5: 6/6	Map 6: 1/1	Map 7: 223/223	Map 8: 1/1	Reducer 2: 0(+414)/1009	Reducer 3: 0/1	
INFO  : Map 1: 219(+86)/305	Map 4: 1/1	Map 5: 6/6	Map 6: 1/1	Map 7: 223/223	Map 8: 1/1	Reducer 2: 0(+418)/1009	Reducer 3: 0/1	
INFO  : Map 1: 220(+85)/305	Map 4: 1/1	Map 5: 6/6	Map 6: 1/1	Map 7: 223/223	Map 8: 1/1	Reducer 2: 0(+419)/1009	Reducer 3: 0/1	
INFO  : Map 1: 225(+80)/305	Map 4: 1/1	Map 5: 6/6	Map 6: 1/1	Map 7: 223/223	Map 8: 1/1	Reducer 2: 0(+424)/1009	Reducer 3: 0/1	
INFO  : Map 1: 229(+76)/305	Map 4: 1/1	Map 5: 6/6	Map 6: 1/1	Map 7: 223/223	Map 8: 1/1	Reducer 2: 0(+428)/1009	Reducer 3: 0/1	
INFO  : Map 1: 233(+72)/305	Map 4: 1/1	Map 5: 6/6	Map 6: 1/1	Map 7: 223/223	Map 8: 1/1	Reducer 2: 0(+432)/1009	Reducer 3: 0/1	
INFO  : Map 1: 240(+65)/305	Map 4: 1/1	Map 5: 6/6	Map 6: 1/1	Map 7: 223/223	Map 8: 1/1	Reducer 2: 0(+439)/1009	Reducer 3: 0/1	
INFO  : Map 1: 247(+58)/305	Map 4: 1/1	Map 5: 6/6	Map 6: 1/1	Map 7: 223/223	Map 8: 1/1	Reducer 2: 0(+446)/1009	Reducer 3: 0/1	
INFO  : Map 1: 248(+57)/305	Map 4: 1/1	Map 5: 6/6	Map 6: 1/1	Map 7: 223/223	Map 8: 1/1	Reducer 2: 0(+447)/1009	Reducer 3: 0/1	
INFO  : Map 1: 252(+53)/305	Map 4: 1/1	Map 5: 6/6	Map 6: 1/1	Map 7: 223/223	Map 8: 1/1	Reducer 2: 0(+451)/1009	Reducer 3: 0/1	
INFO  : Map 1: 257(+48)/305	Map 4: 1/1	Map 5: 6/6	Map 6: 1/1	Map 7: 223/223	Map 8: 1/1	Reducer 2: 0(+456)/1009	Reducer 3: 0/1	
INFO  : Map 1: 258(+47)/305	Map 4: 1/1	Map 5: 6/6	Map 6: 1/1	Map 7: 223/223	Map 8: 1/1	Reducer 2: 0(+457)/1009	Reducer 3: 0/1	
INFO  : Map 1: 262(+43)/305	Map 4: 1/1	Map 5: 6/6	Map 6: 1/1	Map 7: 223/223	Map 8: 1/1	Reducer 2: 0(+461)/1009	Reducer 3: 0/1	
INFO  : Map 1: 267(+38)/305	Map 4: 1/1	Map 5: 6/6	Map 6: 1/1	Map 7: 223/223	Map 8: 1/1	Reducer 2: 0(+466)/1009	Reducer 3: 0/1	
INFO  : Map 1: 274(+31)/305	Map 4: 1/1	Map 5: 6/6	Map 6: 1/1	Map 7: 223/223	Map 8: 1/1	Reducer 2: 0(+473)/1009	Reducer 3: 0/1	
INFO  : Map 1: 277(+28)/305	Map 4: 1/1	Map 5: 6/6	Map 6: 1/1	Map 7: 223/223	Map 8: 1/1	Reducer 2: 0(+476)/1009	Reducer 3: 0/1	
INFO  : Map 1: 280(+25)/305	Map 4: 1/1	Map 5: 6/6	Map 6: 1/1	Map 7: 223/223	Map 8: 1/1	Reducer 2: 0(+479)/1009	Reducer 3: 0/1	
INFO  : Map 1: 281(+23)/305	Map 4: 1/1	Map 5: 6/6	Map 6: 1/1	Map 7: 223/223	Map 8: 1/1	Reducer 2: 0(+480)/1009	Reducer 3: 0/1	
INFO  : Map 1: 283(+22)/305	Map 4: 1/1	Map 5: 6/6	Map 6: 1/1	Map 7: 223/223	Map 8: 1/1	Reducer 2: 0(+482)/1009	Reducer 3: 0/1	
INFO  : Map 1: 286(+19)/305	Map 4: 1/1	Map 5: 6/6	Map 6: 1/1	Map 7: 223/223	Map 8: 1/1	Reducer 2: 0(+485)/1009	Reducer 3: 0/1	
INFO  : Map 1: 289(+16)/305	Map 4: 1/1	Map 5: 6/6	Map 6: 1/1	Map 7: 223/223	Map 8: 1/1	Reducer 2: 0(+488)/1009	Reducer 3: 0/1	
INFO  : Map 1: 290(+15)/305	Map 4: 1/1	Map 5: 6/6	Map 6: 1/1	Map 7: 223/223	Map 8: 1/1	Reducer 2: 0(+489)/1009	Reducer 3: 0/1	
INFO  : Map 1: 291(+14)/305	Map 4: 1/1	Map 5: 6/6	Map 6: 1/1	Map 7: 223/223	Map 8: 1/1	Reducer 2: 0(+490)/1009	Reducer 3: 0/1	
INFO  : Map 1: 292(+13)/305	Map 4: 1/1	Map 5: 6/6	Map 6: 1/1	Map 7: 223/223	Map 8: 1/1	Reducer 2: 0(+491)/1009	Reducer 3: 0/1	
INFO  : Map 1: 294(+11)/305	Map 4: 1/1	Map 5: 6/6	Map 6: 1/1	Map 7: 223/223	Map 8: 1/1	Reducer 2: 0(+493)/1009	Reducer 3: 0/1	
INFO  : Map 1: 297(+8)/305	Map 4: 1/1	Map 5: 6/6	Map 6: 1/1	Map 7: 223/223	Map 8: 1/1	Reducer 2: 0(+496)/1009	Reducer 3: 0/1	
INFO  : Map 1: 298(+7)/305	Map 4: 1/1	Map 5: 6/6	Map 6: 1/1	Map 7: 223/223	Map 8: 1/1	Reducer 2: 0(+497)/1009	Reducer 3: 0/1	
INFO  : Map 1: 300(+5)/305	Map 4: 1/1	Map 5: 6/6	Map 6: 1/1	Map 7: 223/223	Map 8: 1/1	Reducer 2: 0(+499)/1009	Reducer 3: 0/1	
INFO  : Map 1: 301(+4)/305	Map 4: 1/1	Map 5: 6/6	Map 6: 1/1	Map 7: 223/223	Map 8: 1/1	Reducer 2: 0(+500)/1009	Reducer 3: 0/1	
INFO  : Map 1: 302(+3)/305	Map 4: 1/1	Map 5: 6/6	Map 6: 1/1	Map 7: 223/223	Map 8: 1/1	Reducer 2: 0(+501)/1009	Reducer 3: 0/1	
INFO  : Map 1: 303(+2)/305	Map 4: 1/1	Map 5: 6/6	Map 6: 1/1	Map 7: 223/223	Map 8: 1/1	Reducer 2: 0(+502)/1009	Reducer 3: 0/1	
INFO  : Map 1: 304(+1)/305	Map 4: 1/1	Map 5: 6/6	Map 6: 1/1	Map 7: 223/223	Map 8: 1/1	Reducer 2: 0(+503)/1009	Reducer 3: 0/1	
INFO  : Map 1: 305/305	Map 4: 1/1	Map 5: 6/6	Map 6: 1/1	Map 7: 223/223	Map 8: 1/1	Reducer 2: 270(+292)/1009	Reducer 3: 0/1	
INFO  : Map 1: 305/305	Map 4: 1/1	Map 5: 6/6	Map 6: 1/1	Map 7: 223/223	Map 8: 1/1	Reducer 2: 499(+368)/1009	Reducer 3: 0/1	
INFO  : Map 1: 305/305	Map 4: 1/1	Map 5: 6/6	Map 6: 1/1	Map 7: 223/223	Map 8: 1/1	Reducer 2: 499(+506)/1009	Reducer 3: 0/1	
INFO  : Map 1: 305/305	Map 4: 1/1	Map 5: 6/6	Map 6: 1/1	Map 7: 223/223	Map 8: 1/1	Reducer 2: 499(+507)/1009	Reducer 3: 0/1	
INFO  : Map 1: 305/305	Map 4: 1/1	Map 5: 6/6	Map 6: 1/1	Map 7: 223/223	Map 8: 1/1	Reducer 2: 504(+503)/1009	Reducer 3: 0/1	
INFO  : Map 1: 305/305	Map 4: 1/1	Map 5: 6/6	Map 6: 1/1	Map 7: 223/223	Map 8: 1/1	Reducer 2: 549(+460)/1009	Reducer 3: 0(+1)/1	
INFO  : Map 1: 305/305	Map 4: 1/1	Map 5: 6/6	Map 6: 1/1	Map 7: 223/223	Map 8: 1/1	Reducer 2: 589(+420)/1009	Reducer 3: 0(+1)/1	
INFO  : Map 1: 305/305	Map 4: 1/1	Map 5: 6/6	Map 6: 1/1	Map 7: 223/223	Map 8: 1/1	Reducer 2: 616(+393)/1009	Reducer 3: 0(+1)/1	
INFO  : Map 1: 305/305	Map 4: 1/1	Map 5: 6/6	Map 6: 1/1	Map 7: 223/223	Map 8: 1/1	Reducer 2: 642(+367)/1009	Reducer 3: 0(+1)/1	
INFO  : Map 1: 305/305	Map 4: 1/1	Map 5: 6/6	Map 6: 1/1	Map 7: 223/223	Map 8: 1/1	Reducer 2: 650(+359)/1009	Reducer 3: 0(+1)/1	
INFO  : Map 1: 305/305	Map 4: 1/1	Map 5: 6/6	Map 6: 1/1	Map 7: 223/223	Map 8: 1/1	Reducer 2: 651(+358)/1009	Reducer 3: 0(+1)/1	
INFO  : Map 1: 305/305	Map 4: 1/1	Map 5: 6/6	Map 6: 1/1	Map 7: 223/223	Map 8: 1/1	Reducer 2: 690(+319)/1009	Reducer 3: 0(+1)/1	
INFO  : Map 1: 305/305	Map 4: 1/1	Map 5: 6/6	Map 6: 1/1	Map 7: 223/223	Map 8: 1/1	Reducer 2: 903(+106)/1009	Reducer 3: 0(+1)/1	
INFO  : Map 1: 305/305	Map 4: 1/1	Map 5: 6/6	Map 6: 1/1	Map 7: 223/223	Map 8: 1/1	Reducer 2: 983(+26)/1009	Reducer 3: 0(+1)/1	
INFO  : Map 1: 305/305	Map 4: 1/1	Map 5: 6/6	Map 6: 1/1	Map 7: 223/223	Map 8: 1/1	Reducer 2: 983(+26)/1009	Reducer 3: 0(+1)/1	
INFO  : Map 1: 305/305	Map 4: 1/1	Map 5: 6/6	Map 6: 1/1	Map 7: 223/223	Map 8: 1/1	Reducer 2: 1009/1009	Reducer 3: 0(+1)/1	
INFO  : Map 1: 305/305	Map 4: 1/1	Map 5: 6/6	Map 6: 1/1	Map 7: 223/223	Map 8: 1/1	Reducer 2: 1009/1009	Reducer 3: 1/1	
INFO  : Status: DAG finished successfully in 48.71 seconds
INFO  : 
INFO  : Query Execution Summary
INFO  : ----------------------------------------------------------------------------------------------
INFO  : ----------------------------------------------------------------------------------------------
INFO  : Compile Query                           0.81s
INFO  : Prepare Plan                            0.40s
INFO  : Submit Plan                             0.13s
INFO  : Start DAG                               0.25s
INFO  : Run DAG                                48.71s
INFO  : ----------------------------------------------------------------------------------------------
INFO  : 
INFO  : Task Execution Summary
INFO  : --------------------------------------------------------------------------------------------------------------------------------
INFO  : --------------------------------------------------------------------------------------------------------------------------------
INFO  :      Map 1          305                0             0       40101.00             0            0  5,470,504,518         498,524
INFO  :      Map 4            1                0             0           0.00             0            0          1,500           1,500
INFO  :      Map 5            6                0             0           0.00             0            0      1,920,800         493,920
INFO  :      Map 6            1                0             0           0.00             0            0          7,200           1,440
INFO  :      Map 7          223                0             0        2119.00             0            0     32,500,000       7,291,638
INFO  :      Map 8            1                0             0           1.00             0            0         10,000             365
INFO  :  Reducer 2         1009                0             3       27673.00             0            0      7,790,527           1,009
INFO  :  Reducer 3            1                0             0        6590.00             0            0          1,009               0
INFO  : --------------------------------------------------------------------------------------------------------------------------------
INFO  : 
INFO  : LLAP IO Summary
INFO  : ----------------------------------------------------------------------------------------------
INFO  : ----------------------------------------------------------------------------------------------
INFO  :      Map 1    548974       429       7126    3.63GB   114.05GB    161.78GB 141.34GB  6930.55s
INFO  :      Map 4         1         0          2        0B        17B    131.07KB      14B     0.03s
INFO  :      Map 5       195        12          0  320.13KB         0B          0B       0B     0.16s
INFO  :      Map 6         1         0          2        0B       134B    524.29KB     317B     0.01s
INFO  :      Map 7      3331         0        446        0B    35.59MB    409.21MB  46.95MB    59.53s
INFO  :      Map 8         1         2          0    1.39KB         0B          0B       0B     0.01s
INFO  : ----------------------------------------------------------------------------------------------
INFO  : 
INFO  : FileSystem Counters Summary
INFO  : 
INFO  : ----------------------------------------------------------------------------------------------
INFO  : ----------------------------------------------------------------------------------------------
INFO  :      Map 1              0B             0                  0            22.84MB             0
INFO  :      Map 4              0B             0                  0             6.04KB             0
INFO  :      Map 5              0B             0                  0             3.11MB             0
INFO  :      Map 6              0B             0                  0             6.70KB             0
INFO  :      Map 7              0B             0                  0            60.35MB             0
INFO  :      Map 8              0B             0                  0             1.51KB             0
INFO  :  Reducer 2          3.05GB             0                  0            98.06KB             0
INFO  :  Reducer 3              0B             0                  0                 0B             0
INFO  : ----------------------------------------------------------------------------------------------
INFO  : 
INFO  : ----------------------------------------------------------------------------------------------
INFO  : ----------------------------------------------------------------------------------------------
INFO  :      Map 1        114.21GB          4802                  0                 0B             0
INFO  :      Map 4         17.22KB             4                  0                 0B             0
INFO  :      Map 5              0B             0                  0                 0B             0
INFO  :      Map 6          1.79KB             4                  0                 0B             0
INFO  :      Map 7         39.54MB           892                  0                 0B             0
INFO  :      Map 8              0B             0                  0                 0B             0
INFO  :  Reducer 2              0B             0                  0                 0B             0
INFO  :  Reducer 3              0B             2                  0               175B             2
INFO  : ----------------------------------------------------------------------------------------------
INFO  : 
INFO  : org.apache.tez.common.counters.DAGCounter:
INFO  :    NUM_KILLED_TASKS: 3
INFO  :    NUM_SUCCEEDED_TASKS: 1547
INFO  :    TOTAL_LAUNCHED_TASKS: 1550
INFO  :    DATA_LOCAL_TASKS: 537
INFO  :    AM_CPU_MILLISECONDS: 32430
INFO  :    AM_GC_TIME_MILLIS: 158
INFO  : File System Counters:
INFO  :    FILE_BYTES_READ: 3049671766
INFO  :    FILE_BYTES_WRITTEN: 86417502
INFO  :    FILE_READ_OPS: 0
INFO  :    FILE_LARGE_READ_OPS: 0
INFO  :    FILE_WRITE_OPS: 0
INFO  :    HDFS_BYTES_READ: 114251165340
INFO  :    HDFS_BYTES_WRITTEN: 175
INFO  :    HDFS_READ_OPS: 5704
INFO  :    HDFS_LARGE_READ_OPS: 0
INFO  :    HDFS_WRITE_OPS: 2
INFO  : org.apache.tez.common.counters.TaskCounter:
INFO  :    REDUCE_INPUT_GROUPS: 1
INFO  :    REDUCE_INPUT_RECORDS: 1009
INFO  :    COMBINE_INPUT_RECORDS: 0
INFO  :    SPILLED_RECORDS: 2033
INFO  :    NUM_SHUFFLED_INPUTS: 446638
INFO  :    NUM_SKIPPED_INPUTS: 0
INFO  :    NUM_FAILED_SHUFFLE_INPUTS: 0
INFO  :    MERGED_MAP_OUTPUTS: 1009
INFO  :    INPUT_RECORDS_PROCESSED: 17769941
INFO  :    INPUT_SPLIT_LENGTH_BYTES: 304549885283
INFO  :    OUTPUT_RECORDS: 8288396
INFO  :    OUTPUT_LARGE_RECORDS: 0
INFO  :    OUTPUT_BYTES: 87538147
INFO  :    OUTPUT_BYTES_WITH_OVERHEAD: 203897084
INFO  :    OUTPUT_BYTES_PHYSICAL: 86380918
INFO  :    ADDITIONAL_SPILLS_BYTES_WRITTEN: 0
INFO  :    ADDITIONAL_SPILLS_BYTES_READ: 34513
INFO  :    ADDITIONAL_SPILL_COUNT: 0
INFO  :    SHUFFLE_CHUNK_COUNT: 1009
INFO  :    SHUFFLE_BYTES: 98575198
INFO  :    SHUFFLE_BYTES_DECOMPRESSED: 193932807
INFO  :    SHUFFLE_BYTES_TO_MEM: 87612023
INFO  :    SHUFFLE_BYTES_TO_DISK: 0
INFO  :    SHUFFLE_BYTES_DISK_DIRECT: 10963175
INFO  :    NUM_MEM_TO_DISK_MERGES: 0
INFO  :    NUM_DISK_TO_DISK_MERGES: 0
INFO  :    SHUFFLE_PHASE_TIME: 12773313
INFO  :    MERGE_PHASE_TIME: 6496
INFO  :    FIRST_EVENT_RECEIVED: 71015
INFO  :    LAST_EVENT_RECEIVED: 8695699
INFO  : HIVE:
INFO  :    CREATED_FILES: 1
INFO  :    DESERIALIZE_ERRORS: 0
INFO  :    RECORDS_IN_Map_1: 5470007658
INFO  :    RECORDS_IN_Map_4: 1500
INFO  :    RECORDS_IN_Map_5: 1920800
INFO  :    RECORDS_IN_Map_6: 7200
INFO  :    RECORDS_IN_Map_7: 32500000
INFO  :    RECORDS_IN_Map_8: 10000
INFO  :    RECORDS_OUT_0: 1
INFO  :    RECORDS_OUT_INTERMEDIATE_Map_1: 498524
INFO  :    RECORDS_OUT_INTERMEDIATE_Map_4: 1500
INFO  :    RECORDS_OUT_INTERMEDIATE_Map_5: 493920
INFO  :    RECORDS_OUT_INTERMEDIATE_Map_6: 1440
INFO  :    RECORDS_OUT_INTERMEDIATE_Map_7: 7291638
INFO  :    RECORDS_OUT_INTERMEDIATE_Map_8: 365
INFO  :    RECORDS_OUT_INTERMEDIATE_Reducer_2: 1009
INFO  : Shuffle Errors:
INFO  :    BAD_ID: 0
INFO  :    CONNECTION: 0
INFO  :    IO_ERROR: 0
INFO  :    WRONG_LENGTH: 0
INFO  :    WRONG_MAP: 0
INFO  :    WRONG_REDUCE: 0
INFO  : Shuffle Errors_Reducer_3_INPUT_Reducer_2:
INFO  :    BAD_ID: 0
INFO  :    CONNECTION: 0
INFO  :    IO_ERROR: 0
INFO  :    WRONG_LENGTH: 0
INFO  :    WRONG_MAP: 0
INFO  :    WRONG_REDUCE: 0
INFO  : TaskCounter_Map_1_INPUT_Map_4:
INFO  :    FIRST_EVENT_RECEIVED: 109
INFO  :    INPUT_RECORDS_PROCESSED: 13500
INFO  :    LAST_EVENT_RECEIVED: 109
INFO  :    NUM_FAILED_SHUFFLE_INPUTS: 0
INFO  :    NUM_SHUFFLED_INPUTS: 9
INFO  :    SHUFFLE_BYTES: 54027
INFO  :    SHUFFLE_BYTES_DECOMPRESSED: 94554
INFO  :    SHUFFLE_BYTES_DISK_DIRECT: 6003
INFO  :    SHUFFLE_BYTES_TO_DISK: 0
INFO  :    SHUFFLE_BYTES_TO_MEM: 48024
INFO  :    SHUFFLE_PHASE_TIME: 1082
INFO  : TaskCounter_Map_1_INPUT_Map_5:
INFO  :    FIRST_EVENT_RECEIVED: 79
INFO  :    INPUT_RECORDS_PROCESSED: 4445280
INFO  :    LAST_EVENT_RECEIVED: 82
INFO  :    NUM_FAILED_SHUFFLE_INPUTS: 0
INFO  :    NUM_SHUFFLED_INPUTS: 54
INFO  :    SHUFFLE_BYTES: 27975762
INFO  :    SHUFFLE_BYTES_DECOMPRESSED: 97796484
INFO  :    SHUFFLE_BYTES_DISK_DIRECT: 3108418
INFO  :    SHUFFLE_BYTES_TO_DISK: 0
INFO  :    SHUFFLE_BYTES_TO_MEM: 24867344
INFO  :    SHUFFLE_PHASE_TIME: 807
INFO  : TaskCounter_Map_1_INPUT_Map_6:
INFO  :    FIRST_EVENT_RECEIVED: 7
INFO  :    INPUT_RECORDS_PROCESSED: 12960
INFO  :    LAST_EVENT_RECEIVED: 7
INFO  :    NUM_FAILED_SHUFFLE_INPUTS: 0
INFO  :    NUM_SHUFFLED_INPUTS: 9
INFO  :    SHUFFLE_BYTES: 59994
INFO  :    SHUFFLE_BYTES_DECOMPRESSED: 116694
INFO  :    SHUFFLE_BYTES_DISK_DIRECT: 6666
INFO  :    SHUFFLE_BYTES_TO_DISK: 0
INFO  :    SHUFFLE_BYTES_TO_MEM: 53328
INFO  :    SHUFFLE_PHASE_TIME: 128
INFO  : TaskCounter_Map_1_INPUT_store_sales:
INFO  :    INPUT_RECORDS_PROCESSED: 5470147
INFO  :    INPUT_SPLIT_LENGTH_BYTES: 303884905150
INFO  : TaskCounter_Map_1_OUTPUT_Reducer_2:
INFO  :    ADDITIONAL_SPILLS_BYTES_READ: 0
INFO  :    ADDITIONAL_SPILLS_BYTES_WRITTEN: 0
INFO  :    ADDITIONAL_SPILL_COUNT: 0
INFO  :    OUTPUT_BYTES: 11963084
INFO  :    OUTPUT_BYTES_PHYSICAL: 22839843
INFO  :    OUTPUT_BYTES_WITH_OVERHEAD: 17945544
INFO  :    OUTPUT_LARGE_RECORDS: 0
INFO  :    OUTPUT_RECORDS: 498524
INFO  :    SPILLED_RECORDS: 0
INFO  : TaskCounter_Map_4_INPUT_store:
INFO  :    INPUT_RECORDS_PROCESSED: 2
INFO  :    INPUT_SPLIT_LENGTH_BYTES: 127422
INFO  : TaskCounter_Map_4_OUTPUT_Map_1:
INFO  :    ADDITIONAL_SPILLS_BYTES_READ: 0
INFO  :    ADDITIONAL_SPILLS_BYTES_WRITTEN: 0
INFO  :    ADDITIONAL_SPILL_COUNT: 0
INFO  :    OUTPUT_BYTES: 7500
INFO  :    OUTPUT_BYTES_PHYSICAL: 6027
INFO  :    OUTPUT_BYTES_WITH_OVERHEAD: 10506
INFO  :    OUTPUT_LARGE_RECORDS: 0
INFO  :    OUTPUT_RECORDS: 1500
INFO  :    SPILLED_RECORDS: 0
INFO  : TaskCounter_Map_5_INPUT_customer_demographics:
INFO  :    INPUT_RECORDS_PROCESSED: 1923
INFO  :    INPUT_SPLIT_LENGTH_BYTES: 541712
INFO  : TaskCounter_Map_5_OUTPUT_Map_1:
INFO  :    ADDITIONAL_SPILLS_BYTES_READ: 0
INFO  :    ADDITIONAL_SPILLS_BYTES_WRITTEN: 0
INFO  :    ADDITIONAL_SPILL_COUNT: 0
INFO  :    OUTPUT_BYTES: 9878400
INFO  :    OUTPUT_BYTES_PHYSICAL: 3108562
INFO  :    OUTPUT_BYTES_WITH_OVERHEAD: 10866276
INFO  :    OUTPUT_LARGE_RECORDS: 0
INFO  :    OUTPUT_RECORDS: 493920
INFO  :    SPILLED_RECORDS: 0
INFO  : TaskCounter_Map_6_INPUT_household_demographics:
INFO  :    INPUT_RECORDS_PROCESSED: 8
INFO  :    INPUT_SPLIT_LENGTH_BYTES: 1147
INFO  : TaskCounter_Map_6_OUTPUT_Map_1:
INFO  :    ADDITIONAL_SPILLS_BYTES_READ: 0
INFO  :    ADDITIONAL_SPILLS_BYTES_WRITTEN: 0
INFO  :    ADDITIONAL_SPILL_COUNT: 0
INFO  :    OUTPUT_BYTES: 10080
INFO  :    OUTPUT_BYTES_PHYSICAL: 6690
INFO  :    OUTPUT_BYTES_WITH_OVERHEAD: 12966
INFO  :    OUTPUT_LARGE_RECORDS: 0
INFO  :    OUTPUT_RECORDS: 1440
INFO  :    SPILLED_RECORDS: 0
INFO  : TaskCounter_Map_7_INPUT_customer_address:
INFO  :    INPUT_RECORDS_PROCESSED: 32664
INFO  :    INPUT_SPLIT_LENGTH_BYTES: 663550675
INFO  : TaskCounter_Map_7_OUTPUT_Reducer_2:
INFO  :    ADDITIONAL_SPILLS_BYTES_READ: 0
INFO  :    ADDITIONAL_SPILLS_BYTES_WRITTEN: 0
INFO  :    ADDITIONAL_SPILL_COUNT: 0
INFO  :    OUTPUT_BYTES: 65624742
INFO  :    OUTPUT_BYTES_PHYSICAL: 60352521
INFO  :    OUTPUT_BYTES_WITH_OVERHEAD: 174998643
INFO  :    OUTPUT_LARGE_RECORDS: 0
INFO  :    OUTPUT_RECORDS: 7291638
INFO  :    SPILLED_RECORDS: 0
INFO  : TaskCounter_Map_8_INPUT_date_dim:
INFO  :    INPUT_RECORDS_PROCESSED: 10
INFO  :    INPUT_SPLIT_LENGTH_BYTES: 759177
INFO  : TaskCounter_Map_8_OUTPUT_Reducer_2:
INFO  :    ADDITIONAL_SPILLS_BYTES_READ: 0
INFO  :    ADDITIONAL_SPILLS_BYTES_WRITTEN: 0
INFO  :    ADDITIONAL_SPILL_COUNT: 0
INFO  :    OUTPUT_BYTES: 1825
INFO  :    OUTPUT_BYTES_PHYSICAL: 1505
INFO  :    OUTPUT_BYTES_WITH_OVERHEAD: 2561
INFO  :    OUTPUT_LARGE_RECORDS: 0
INFO  :    OUTPUT_RECORDS: 365
INFO  :    SPILLED_RECORDS: 0
INFO  : TaskCounter_Reducer_2_INPUT_Map_1:
INFO  :    FIRST_EVENT_RECEIVED: 25833
INFO  :    INPUT_RECORDS_PROCESSED: 498524
INFO  :    LAST_EVENT_RECEIVED: 8582580
INFO  :    NUM_FAILED_SHUFFLE_INPUTS: 0
INFO  :    NUM_SHUFFLED_INPUTS: 220541
INFO  :    SHUFFLE_BYTES: 15453963
INFO  :    SHUFFLE_BYTES_DECOMPRESSED: 14283378
INFO  :    SHUFFLE_BYTES_DISK_DIRECT: 1729274
INFO  :    SHUFFLE_BYTES_TO_DISK: 0
INFO  :    SHUFFLE_BYTES_TO_MEM: 13724689
INFO  :    SHUFFLE_PHASE_TIME: 9749391
INFO  : TaskCounter_Reducer_2_INPUT_Map_7:
INFO  :    FIRST_EVENT_RECEIVED: 44809
INFO  :    INPUT_RECORDS_PROCESSED: 7291638
INFO  :    LAST_EVENT_RECEIVED: 106281
INFO  :    NUM_FAILED_SHUFFLE_INPUTS: 0
INFO  :    NUM_SHUFFLED_INPUTS: 225007
INFO  :    SHUFFLE_BYTES: 54952353
INFO  :    SHUFFLE_BYTES_DECOMPRESSED: 81558060
INFO  :    SHUFFLE_BYTES_DISK_DIRECT: 6103938
INFO  :    SHUFFLE_BYTES_TO_DISK: 0
INFO  :    SHUFFLE_BYTES_TO_MEM: 48848415
INFO  :    SHUFFLE_PHASE_TIME: 3005549
INFO  : TaskCounter_Reducer_2_INPUT_Map_8:
INFO  :    FIRST_EVENT_RECEIVED: 173
INFO  :    INPUT_RECORDS_PROCESSED: 3285
INFO  :    LAST_EVENT_RECEIVED: 173
INFO  :    NUM_FAILED_SHUFFLE_INPUTS: 0
INFO  :    NUM_SHUFFLED_INPUTS: 9
INFO  :    SHUFFLE_BYTES: 13329
INFO  :    SHUFFLE_BYTES_DECOMPRESSED: 23049
INFO  :    SHUFFLE_BYTES_DISK_DIRECT: 1481
INFO  :    SHUFFLE_BYTES_TO_DISK: 0
INFO  :    SHUFFLE_BYTES_TO_MEM: 11848
INFO  :    SHUFFLE_PHASE_TIME: 9880
INFO  : TaskCounter_Reducer_2_OUTPUT_Reducer_3:
INFO  :    ADDITIONAL_SPILLS_BYTES_READ: 0
INFO  :    ADDITIONAL_SPILLS_BYTES_WRITTEN: 0
INFO  :    ADDITIONAL_SPILL_COUNT: 0
INFO  :    OUTPUT_BYTES: 52516
INFO  :    OUTPUT_BYTES_PHYSICAL: 65770
INFO  :    OUTPUT_BYTES_WITH_OVERHEAD: 60588
INFO  :    OUTPUT_RECORDS: 1009
INFO  :    SHUFFLE_CHUNK_COUNT: 1009
INFO  :    SPILLED_RECORDS: 1009
INFO  : TaskCounter_Reducer_3_INPUT_Reducer_2:
INFO  :    ADDITIONAL_SPILLS_BYTES_READ: 34513
INFO  :    ADDITIONAL_SPILLS_BYTES_WRITTEN: 0
INFO  :    COMBINE_INPUT_RECORDS: 0
INFO  :    FIRST_EVENT_RECEIVED: 5
INFO  :    LAST_EVENT_RECEIVED: 6467
INFO  :    MERGED_MAP_OUTPUTS: 1009
INFO  :    MERGE_PHASE_TIME: 6496
INFO  :    NUM_DISK_TO_DISK_MERGES: 0
INFO  :    NUM_FAILED_SHUFFLE_INPUTS: 0
INFO  :    NUM_MEM_TO_DISK_MERGES: 0
INFO  :    NUM_SHUFFLED_INPUTS: 1009
INFO  :    NUM_SKIPPED_INPUTS: 0
INFO  :    REDUCE_INPUT_GROUPS: 1
INFO  :    REDUCE_INPUT_RECORDS: 1009
INFO  :    SHUFFLE_BYTES: 65770
INFO  :    SHUFFLE_BYTES_DECOMPRESSED: 60588
INFO  :    SHUFFLE_BYTES_DISK_DIRECT: 7395
INFO  :    SHUFFLE_BYTES_TO_DISK: 0
INFO  :    SHUFFLE_BYTES_TO_MEM: 58375
INFO  :    SHUFFLE_PHASE_TIME: 6476
INFO  :    SPILLED_RECORDS: 1024
INFO  : TaskCounter_Reducer_3_OUTPUT_out_Reducer_3:
INFO  :    OUTPUT_RECORDS: 0
INFO  : org.apache.hadoop.hive.llap.counters.LlapIOCounters:
INFO  :    ALLOCATED_BYTES: 162189148160
INFO  :    ALLOCATED_USED_BYTES: 141390389177
INFO  :    CACHE_HIT_BYTES: 3625503586
INFO  :    CACHE_MISS_BYTES: 114083385344
INFO  :    CONSUMER_TIME_NS: 5678886690680
INFO  :    DECODE_TIME_NS: 1792130768253
INFO  :    HDFS_TIME_NS: 3896614547932
INFO  :    METADATA_CACHE_HIT: 443
INFO  :    METADATA_CACHE_MISS: 7576
INFO  :    NUM_DECODED_BATCHES: 552503
INFO  :    NUM_VECTOR_BATCHES: 5504755
INFO  :    ROWS_EMITTED: 5504447158
INFO  :    SELECTED_ROWGROUPS: 552503
INFO  :    TOTAL_IO_TIME_NS: 6990293116757
INFO  : Completed executing command(queryId=hive_20161020152450_f0c38b97-5d5b-4510-b664-164c8d130d27); Time taken: 49.567 seconds
INFO  : OK
1 row selected (50.419 seconds)
Closing: 0: jdbc:hive2://h01hn02:10500/tpcds_bin_partitioned_orc_10000
