Connecting to jdbc:hive2://h01hn02:10500/tpcds_bin_partitioned_orc_10000
Connected to: Apache Hive (version 2.1.0.2.5.1.0-43)
Driver: Hive JDBC (version 1.2.1000.2.5.1.0-43)
Transaction isolation: TRANSACTION_REPEATABLE_READ
Running init script bry.sql
No rows affected (0.052 seconds)
INFO  : Compiling command(queryId=hive_20161020163305_c533486b-7481-4706-9ff9-f2d78422c70a): select  s_store_name, s_store_id,
        sum(case when (d_day_name='Sunday') then ss_sales_price else null end) sun_sales,
        sum(case when (d_day_name='Monday') then ss_sales_price else null end) mon_sales,
        sum(case when (d_day_name='Tuesday') then ss_sales_price else  null end) tue_sales,
        sum(case when (d_day_name='Wednesday') then ss_sales_price else null end) wed_sales,
        sum(case when (d_day_name='Thursday') then ss_sales_price else null end) thu_sales,
        sum(case when (d_day_name='Friday') then ss_sales_price else null end) fri_sales,
        sum(case when (d_day_name='Saturday') then ss_sales_price else null end) sat_sales
 from date_dim, store_sales, store
 where date_dim.d_date_sk = store_sales.ss_sold_date_sk and
       store.s_store_sk = store_sales.ss_store_sk and
       s_gmt_offset = -6 and
       d_year = 1998
 group by s_store_name, s_store_id
 order by s_store_name, s_store_id,sun_sales,mon_sales,tue_sales,wed_sales,thu_sales,fri_sales,sat_sales
 limit 100
INFO  : Semantic Analysis Completed
INFO  : Returning Hive schema: Schema(fieldSchemas:[FieldSchema(name:s_store_name, type:string, comment:null), FieldSchema(name:s_store_id, type:string, comment:null), FieldSchema(name:sun_sales, type:double, comment:null), FieldSchema(name:mon_sales, type:double, comment:null), FieldSchema(name:tue_sales, type:double, comment:null), FieldSchema(name:wed_sales, type:double, comment:null), FieldSchema(name:thu_sales, type:double, comment:null), FieldSchema(name:fri_sales, type:double, comment:null), FieldSchema(name:sat_sales, type:double, comment:null)], properties:null)
INFO  : Completed compiling command(queryId=hive_20161020163305_c533486b-7481-4706-9ff9-f2d78422c70a); Time taken: 0.503 seconds
INFO  : Concurrency mode is disabled, not creating a lock manager
INFO  : Executing command(queryId=hive_20161020163305_c533486b-7481-4706-9ff9-f2d78422c70a): select  s_store_name, s_store_id,
        sum(case when (d_day_name='Sunday') then ss_sales_price else null end) sun_sales,
        sum(case when (d_day_name='Monday') then ss_sales_price else null end) mon_sales,
        sum(case when (d_day_name='Tuesday') then ss_sales_price else  null end) tue_sales,
        sum(case when (d_day_name='Wednesday') then ss_sales_price else null end) wed_sales,
        sum(case when (d_day_name='Thursday') then ss_sales_price else null end) thu_sales,
        sum(case when (d_day_name='Friday') then ss_sales_price else null end) fri_sales,
        sum(case when (d_day_name='Saturday') then ss_sales_price else null end) sat_sales
 from date_dim, store_sales, store
 where date_dim.d_date_sk = store_sales.ss_sold_date_sk and
       store.s_store_sk = store_sales.ss_store_sk and
       s_gmt_offset = -6 and
       d_year = 1998
 group by s_store_name, s_store_id
 order by s_store_name, s_store_id,sun_sales,mon_sales,tue_sales,wed_sales,thu_sales,fri_sales,sat_sales
 limit 100
INFO  : Query ID = hive_20161020163305_c533486b-7481-4706-9ff9-f2d78422c70a
INFO  : Total jobs = 1
INFO  : Launching Job 1 out of 1
INFO  : Starting task [Stage-1:MAPRED] in serial mode
INFO  : Session is already open
INFO  : Dag name: select  s_store_name, s_store_id,
    ...100(Stage-1)
INFO  : Setting tez.task.scale.memory.reserve-fraction to 0.30000001192092896
INFO  : 

INFO  : Status: Running (Executing on YARN cluster with App id application_1476988466894_0252)

INFO  : Map 1: 0(+1)/1	Map 2: -/-	Map 5: 1/1	Reducer 3: 0/1009	Reducer 4: 0/1	
INFO  : Map 1: 1/1	Map 2: -/-	Map 5: 1/1	Reducer 3: 0/1009	Reducer 4: 0/1	
INFO  : Map 1: 1/1	Map 2: 0/304	Map 5: 1/1	Reducer 3: 0/1009	Reducer 4: 0/1	
INFO  : Map 1: 1/1	Map 2: 0(+304)/304	Map 5: 1/1	Reducer 3: 0/1009	Reducer 4: 0/1	
INFO  : Map 1: 1/1	Map 2: 1(+303)/304	Map 5: 1/1	Reducer 3: 0/1009	Reducer 4: 0/1	
INFO  : Map 1: 1/1	Map 2: 2(+302)/304	Map 5: 1/1	Reducer 3: 0/1009	Reducer 4: 0/1	
INFO  : Map 1: 1/1	Map 2: 3(+301)/304	Map 5: 1/1	Reducer 3: 0/1009	Reducer 4: 0/1	
INFO  : Map 1: 1/1	Map 2: 4(+300)/304	Map 5: 1/1	Reducer 3: 0/1009	Reducer 4: 0/1	
INFO  : Map 1: 1/1	Map 2: 5(+299)/304	Map 5: 1/1	Reducer 3: 0/1009	Reducer 4: 0/1	
INFO  : Map 1: 1/1	Map 2: 6(+298)/304	Map 5: 1/1	Reducer 3: 0/1009	Reducer 4: 0/1	
INFO  : Map 1: 1/1	Map 2: 9(+295)/304	Map 5: 1/1	Reducer 3: 0/1009	Reducer 4: 0/1	
INFO  : Map 1: 1/1	Map 2: 15(+289)/304	Map 5: 1/1	Reducer 3: 0/1009	Reducer 4: 0/1	
INFO  : Map 1: 1/1	Map 2: 18(+286)/304	Map 5: 1/1	Reducer 3: 0/1009	Reducer 4: 0/1	
INFO  : Map 1: 1/1	Map 2: 25(+279)/304	Map 5: 1/1	Reducer 3: 0/1009	Reducer 4: 0/1	
INFO  : Map 1: 1/1	Map 2: 35(+269)/304	Map 5: 1/1	Reducer 3: 0/1009	Reducer 4: 0/1	
INFO  : Map 1: 1/1	Map 2: 45(+259)/304	Map 5: 1/1	Reducer 3: 0/1009	Reducer 4: 0/1	
INFO  : Map 1: 1/1	Map 2: 50(+254)/304	Map 5: 1/1	Reducer 3: 0/1009	Reducer 4: 0/1	
INFO  : Map 1: 1/1	Map 2: 59(+245)/304	Map 5: 1/1	Reducer 3: 0/1009	Reducer 4: 0/1	
INFO  : Map 1: 1/1	Map 2: 68(+236)/304	Map 5: 1/1	Reducer 3: 0/1009	Reducer 4: 0/1	
INFO  : Map 1: 1/1	Map 2: 80(+224)/304	Map 5: 1/1	Reducer 3: 0/1009	Reducer 4: 0/1	
INFO  : Map 1: 1/1	Map 2: 96(+208)/304	Map 5: 1/1	Reducer 3: 0/1009	Reducer 4: 0/1	
INFO  : Map 1: 1/1	Map 2: 113(+191)/304	Map 5: 1/1	Reducer 3: 0/1009	Reducer 4: 0/1	
INFO  : Map 1: 1/1	Map 2: 124(+180)/304	Map 5: 1/1	Reducer 3: 0/1009	Reducer 4: 0/1	
INFO  : Map 1: 1/1	Map 2: 141(+163)/304	Map 5: 1/1	Reducer 3: 0/1009	Reducer 4: 0/1	
INFO  : Map 1: 1/1	Map 2: 163(+141)/304	Map 5: 1/1	Reducer 3: 0/1009	Reducer 4: 0/1	
INFO  : Map 1: 1/1	Map 2: 175(+129)/304	Map 5: 1/1	Reducer 3: 0/1009	Reducer 4: 0/1	
INFO  : Map 1: 1/1	Map 2: 189(+115)/304	Map 5: 1/1	Reducer 3: 0/1009	Reducer 4: 0/1	
INFO  : Map 1: 1/1	Map 2: 205(+99)/304	Map 5: 1/1	Reducer 3: 0/1009	Reducer 4: 0/1	
INFO  : Map 1: 1/1	Map 2: 217(+87)/304	Map 5: 1/1	Reducer 3: 0/1009	Reducer 4: 0/1	
INFO  : Map 1: 1/1	Map 2: 234(+70)/304	Map 5: 1/1	Reducer 3: 0(+3)/253	Reducer 4: 0/1	
INFO  : Map 1: 1/1	Map 2: 242(+62)/304	Map 5: 1/1	Reducer 3: 0(+253)/253	Reducer 4: 0/1	
INFO  : Map 1: 1/1	Map 2: 252(+52)/304	Map 5: 1/1	Reducer 3: 0(+253)/253	Reducer 4: 0/1	
INFO  : Map 1: 1/1	Map 2: 263(+41)/304	Map 5: 1/1	Reducer 3: 0(+253)/253	Reducer 4: 0/1	
INFO  : Map 1: 1/1	Map 2: 271(+33)/304	Map 5: 1/1	Reducer 3: 0(+253)/253	Reducer 4: 0/1	
INFO  : Map 1: 1/1	Map 2: 278(+26)/304	Map 5: 1/1	Reducer 3: 0(+253)/253	Reducer 4: 0/1	
INFO  : Map 1: 1/1	Map 2: 286(+18)/304	Map 5: 1/1	Reducer 3: 0(+253)/253	Reducer 4: 0/1	
INFO  : Map 1: 1/1	Map 2: 287(+17)/304	Map 5: 1/1	Reducer 3: 0(+253)/253	Reducer 4: 0/1	
INFO  : Map 1: 1/1	Map 2: 290(+14)/304	Map 5: 1/1	Reducer 3: 0(+253)/253	Reducer 4: 0/1	
INFO  : Map 1: 1/1	Map 2: 293(+11)/304	Map 5: 1/1	Reducer 3: 0(+253)/253	Reducer 4: 0/1	
INFO  : Map 1: 1/1	Map 2: 296(+8)/304	Map 5: 1/1	Reducer 3: 0(+253)/253	Reducer 4: 0/1	
INFO  : Map 1: 1/1	Map 2: 300(+4)/304	Map 5: 1/1	Reducer 3: 0(+253)/253	Reducer 4: 0/1	
INFO  : Map 1: 1/1	Map 2: 301(+3)/304	Map 5: 1/1	Reducer 3: 0(+253)/253	Reducer 4: 0/1	
INFO  : Map 1: 1/1	Map 2: 302(+2)/304	Map 5: 1/1	Reducer 3: 0(+253)/253	Reducer 4: 0/1	
INFO  : Map 1: 1/1	Map 2: 303(+1)/304	Map 5: 1/1	Reducer 3: 0(+253)/253	Reducer 4: 0/1	
INFO  : Map 1: 1/1	Map 2: 304/304	Map 5: 1/1	Reducer 3: 144(+78)/253	Reducer 4: 0(+1)/1	
INFO  : Map 1: 1/1	Map 2: 304/304	Map 5: 1/1	Reducer 3: 253/253	Reducer 4: 1/1	
INFO  : Status: DAG finished successfully in 16.67 seconds
INFO  : 
INFO  : Query Execution Summary
INFO  : ----------------------------------------------------------------------------------------------
INFO  : ----------------------------------------------------------------------------------------------
INFO  : Compile Query                           0.50s
INFO  : Prepare Plan                            0.24s
INFO  : Submit Plan                             0.12s
INFO  : Start DAG                               0.20s
INFO  : Run DAG                                16.68s
INFO  : ----------------------------------------------------------------------------------------------
INFO  : 
INFO  : Task Execution Summary
INFO  : --------------------------------------------------------------------------------------------------------------------------------
INFO  : --------------------------------------------------------------------------------------------------------------------------------
INFO  :      Map 1            1                0             0         201.00             0            0         10,000             365
INFO  :      Map 2          304                0             0       15529.00             0            0  5,447,956,842          92,720
INFO  :      Map 5            1                0             0           0.00             0            0          1,500             618
INFO  :  Reducer 3          253                0             0        3619.00             0            0         92,720             305
INFO  :  Reducer 4            1                0             0         194.00             0            0            305               0
INFO  : --------------------------------------------------------------------------------------------------------------------------------
INFO  : 
INFO  : LLAP IO Summary
INFO  : ----------------------------------------------------------------------------------------------
INFO  : ----------------------------------------------------------------------------------------------
INFO  :      Map 1         1         2          0    3.30KB         0B          0B       0B     0.00s
INFO  :      Map 2    546763      7521          0   26.28GB         0B          0B       0B   522.93s
INFO  :      Map 5         1         2          0    8.88KB         0B          0B       0B     0.00s
INFO  : ----------------------------------------------------------------------------------------------
INFO  : 
INFO  : FileSystem Counters Summary
INFO  : 
INFO  : ----------------------------------------------------------------------------------------------
INFO  : ----------------------------------------------------------------------------------------------
INFO  :      Map 1              0B             0                  0             1.95KB             0
INFO  :      Map 2         14.73MB             0                  0            17.87MB             0
INFO  :      Map 5              0B             0                  0             6.18KB             0
INFO  :  Reducer 3         16.19KB             0                  0            38.32KB             0
INFO  :  Reducer 4              0B             0                  0                 0B             0
INFO  : ----------------------------------------------------------------------------------------------
INFO  : 
INFO  : ----------------------------------------------------------------------------------------------
INFO  : ----------------------------------------------------------------------------------------------
INFO  :      Map 1              0B             0                  0                 0B             0
INFO  :      Map 2              0B             0                  0                 0B             0
INFO  :      Map 5              0B             0                  0                 0B             0
INFO  :  Reducer 3              0B             0                  0                 0B             0
INFO  :  Reducer 4              0B             2                  0            17.87KB             2
INFO  : ----------------------------------------------------------------------------------------------
INFO  : 
INFO  : org.apache.tez.common.counters.DAGCounter:
INFO  :    NUM_SUCCEEDED_TASKS: 560
INFO  :    TOTAL_LAUNCHED_TASKS: 560
INFO  :    DATA_LOCAL_TASKS: 306
INFO  :    AM_CPU_MILLISECONDS: 19030
INFO  :    AM_GC_TIME_MILLIS: 376
INFO  : File System Counters:
INFO  :    FILE_BYTES_READ: 14744384
INFO  :    FILE_BYTES_WRITTEN: 17920846
INFO  :    FILE_READ_OPS: 0
INFO  :    FILE_LARGE_READ_OPS: 0
INFO  :    FILE_WRITE_OPS: 0
INFO  :    HDFS_BYTES_READ: 0
INFO  :    HDFS_BYTES_WRITTEN: 17872
INFO  :    HDFS_READ_OPS: 2
INFO  :    HDFS_LARGE_READ_OPS: 0
INFO  :    HDFS_WRITE_OPS: 2
INFO  : org.apache.tez.common.counters.TaskCounter:
INFO  :    REDUCE_INPUT_GROUPS: 610
INFO  :    REDUCE_INPUT_RECORDS: 93025
INFO  :    COMBINE_INPUT_RECORDS: 0
INFO  :    SPILLED_RECORDS: 186173
INFO  :    NUM_SHUFFLED_INPUTS: 81663
INFO  :    NUM_SKIPPED_INPUTS: 225344
INFO  :    NUM_FAILED_SHUFFLE_INPUTS: 0
INFO  :    MERGED_MAP_OUTPUTS: 81645
INFO  :    INPUT_RECORDS_PROCESSED: 5456959
INFO  :    INPUT_SPLIT_LENGTH_BYTES: 302821280014
INFO  :    OUTPUT_RECORDS: 94008
INFO  :    OUTPUT_LARGE_RECORDS: 0
INFO  :    OUTPUT_BYTES: 4892053
INFO  :    OUTPUT_BYTES_WITH_OVERHEAD: 6922015
INFO  :    OUTPUT_BYTES_PHYSICAL: 10548638
INFO  :    ADDITIONAL_SPILLS_BYTES_WRITTEN: 1966789
INFO  :    ADDITIONAL_SPILLS_BYTES_READ: 3042153
INFO  :    ADDITIONAL_SPILL_COUNT: 0
INFO  :    SHUFFLE_CHUNK_COUNT: 557
INFO  :    SHUFFLE_BYTES: 6106262
INFO  :    SHUFFLE_BYTES_DECOMPRESSED: 5765159
INFO  :    SHUFFLE_BYTES_TO_MEM: 5424601
INFO  :    SHUFFLE_BYTES_TO_DISK: 0
INFO  :    SHUFFLE_BYTES_DISK_DIRECT: 681661
INFO  :    NUM_MEM_TO_DISK_MERGES: 0
INFO  :    NUM_DISK_TO_DISK_MERGES: 0
INFO  :    SHUFFLE_PHASE_TIME: 830343
INFO  :    MERGE_PHASE_TIME: 835109
INFO  :    FIRST_EVENT_RECEIVED: 8398
INFO  :    LAST_EVENT_RECEIVED: 829091
INFO  : HIVE:
INFO  :    CREATED_FILES: 1
INFO  :    DESERIALIZE_ERRORS: 0
INFO  :    RECORDS_IN_Map_1: 10000
INFO  :    RECORDS_IN_Map_2: 5447955859
INFO  :    RECORDS_IN_Map_5: 1500
INFO  :    RECORDS_OUT_0: 100
INFO  :    RECORDS_OUT_INTERMEDIATE_Map_1: 365
INFO  :    RECORDS_OUT_INTERMEDIATE_Map_2: 92720
INFO  :    RECORDS_OUT_INTERMEDIATE_Map_5: 618
INFO  :    RECORDS_OUT_INTERMEDIATE_Reducer_3: 305
INFO  : Shuffle Errors:
INFO  :    BAD_ID: 0
INFO  :    CONNECTION: 0
INFO  :    IO_ERROR: 0
INFO  :    WRONG_LENGTH: 0
INFO  :    WRONG_MAP: 0
INFO  :    WRONG_REDUCE: 0
INFO  : Shuffle Errors_Reducer_3_INPUT_Map_2:
INFO  :    BAD_ID: 0
INFO  :    CONNECTION: 0
INFO  :    IO_ERROR: 0
INFO  :    WRONG_LENGTH: 0
INFO  :    WRONG_MAP: 0
INFO  :    WRONG_REDUCE: 0
INFO  : Shuffle Errors_Reducer_4_INPUT_Reducer_3:
INFO  :    BAD_ID: 0
INFO  :    CONNECTION: 0
INFO  :    IO_ERROR: 0
INFO  :    WRONG_LENGTH: 0
INFO  :    WRONG_MAP: 0
INFO  :    WRONG_REDUCE: 0
INFO  : TaskCounter_Map_1_INPUT_date_dim:
INFO  :    INPUT_RECORDS_PROCESSED: 10
INFO  :    INPUT_SPLIT_LENGTH_BYTES: 759177
INFO  : TaskCounter_Map_1_OUTPUT_Map_2:
INFO  :    ADDITIONAL_SPILLS_BYTES_READ: 0
INFO  :    ADDITIONAL_SPILLS_BYTES_WRITTEN: 0
INFO  :    ADDITIONAL_SPILL_COUNT: 0
INFO  :    OUTPUT_BYTES: 5163
INFO  :    OUTPUT_BYTES_PHYSICAL: 1942
INFO  :    OUTPUT_BYTES_WITH_OVERHEAD: 5899
INFO  :    OUTPUT_LARGE_RECORDS: 0
INFO  :    OUTPUT_RECORDS: 365
INFO  :    SPILLED_RECORDS: 0
INFO  : TaskCounter_Map_2_INPUT_Map_1:
INFO  :    FIRST_EVENT_RECEIVED: 66
INFO  :    INPUT_RECORDS_PROCESSED: 3285
INFO  :    LAST_EVENT_RECEIVED: 66
INFO  :    NUM_FAILED_SHUFFLE_INPUTS: 0
INFO  :    NUM_SHUFFLED_INPUTS: 9
INFO  :    SHUFFLE_BYTES: 17262
INFO  :    SHUFFLE_BYTES_DECOMPRESSED: 53091
INFO  :    SHUFFLE_BYTES_DISK_DIRECT: 1918
INFO  :    SHUFFLE_BYTES_TO_DISK: 0
INFO  :    SHUFFLE_BYTES_TO_MEM: 15344
INFO  :    SHUFFLE_PHASE_TIME: 217
INFO  : TaskCounter_Map_2_INPUT_Map_5:
INFO  :    FIRST_EVENT_RECEIVED: 13
INFO  :    INPUT_RECORDS_PROCESSED: 5562
INFO  :    LAST_EVENT_RECEIVED: 13
INFO  :    NUM_FAILED_SHUFFLE_INPUTS: 0
INFO  :    NUM_SHUFFLED_INPUTS: 9
INFO  :    SHUFFLE_BYTES: 55359
INFO  :    SHUFFLE_BYTES_DECOMPRESSED: 166518
INFO  :    SHUFFLE_BYTES_DISK_DIRECT: 6151
INFO  :    SHUFFLE_BYTES_TO_DISK: 0
INFO  :    SHUFFLE_BYTES_TO_MEM: 49208
INFO  :    SHUFFLE_PHASE_TIME: 67
INFO  : TaskCounter_Map_2_INPUT_store_sales:
INFO  :    INPUT_RECORDS_PROCESSED: 5448100
INFO  :    INPUT_SPLIT_LENGTH_BYTES: 302820393415
INFO  : TaskCounter_Map_2_OUTPUT_Reducer_3:
INFO  :    ADDITIONAL_SPILLS_BYTES_READ: 0
INFO  :    ADDITIONAL_SPILLS_BYTES_WRITTEN: 0
INFO  :    ADDITIONAL_SPILL_COUNT: 0
INFO  :    OUTPUT_BYTES: 4842824
INFO  :    OUTPUT_BYTES_PHYSICAL: 10510293
INFO  :    OUTPUT_BYTES_WITH_OVERHEAD: 6868680
INFO  :    OUTPUT_RECORDS: 92720
INFO  :    SHUFFLE_CHUNK_COUNT: 304
INFO  :    SPILLED_RECORDS: 92720
INFO  : TaskCounter_Map_5_INPUT_store:
INFO  :    INPUT_RECORDS_PROCESSED: 2
INFO  :    INPUT_SPLIT_LENGTH_BYTES: 127422
INFO  : TaskCounter_Map_5_OUTPUT_Map_2:
INFO  :    ADDITIONAL_SPILLS_BYTES_READ: 0
INFO  :    ADDITIONAL_SPILLS_BYTES_WRITTEN: 0
INFO  :    ADDITIONAL_SPILL_COUNT: 0
INFO  :    OUTPUT_BYTES: 17260
INFO  :    OUTPUT_BYTES_PHYSICAL: 6175
INFO  :    OUTPUT_BYTES_WITH_OVERHEAD: 18502
INFO  :    OUTPUT_LARGE_RECORDS: 0
INFO  :    OUTPUT_RECORDS: 618
INFO  :    SPILLED_RECORDS: 0
INFO  : TaskCounter_Reducer_3_INPUT_Map_2:
INFO  :    ADDITIONAL_SPILLS_BYTES_READ: 3020417
INFO  :    ADDITIONAL_SPILLS_BYTES_WRITTEN: 1948237
INFO  :    COMBINE_INPUT_RECORDS: 0
INFO  :    FIRST_EVENT_RECEIVED: 8318
INFO  :    LAST_EVENT_RECEIVED: 828913
INFO  :    MERGED_MAP_OUTPUTS: 81472
INFO  :    MERGE_PHASE_TIME: 834991
INFO  :    NUM_DISK_TO_DISK_MERGES: 0
INFO  :    NUM_FAILED_SHUFFLE_INPUTS: 0
INFO  :    NUM_MEM_TO_DISK_MERGES: 0
INFO  :    NUM_SHUFFLED_INPUTS: 81472
INFO  :    NUM_SKIPPED_INPUTS: 225264
INFO  :    REDUCE_INPUT_GROUPS: 305
INFO  :    REDUCE_INPUT_RECORDS: 92720
INFO  :    SHUFFLE_BYTES: 6005013
INFO  :    SHUFFLE_BYTES_DECOMPRESSED: 5517096
INFO  :    SHUFFLE_BYTES_DISK_DIRECT: 670408
INFO  :    SHUFFLE_BYTES_TO_DISK: 0
INFO  :    SHUFFLE_BYTES_TO_MEM: 5334605
INFO  :    SHUFFLE_PHASE_TIME: 829946
INFO  :    SPILLED_RECORDS: 92843
INFO  : TaskCounter_Reducer_3_OUTPUT_Reducer_4:
INFO  :    ADDITIONAL_SPILLS_BYTES_READ: 0
INFO  :    ADDITIONAL_SPILLS_BYTES_WRITTEN: 0
INFO  :    ADDITIONAL_SPILL_COUNT: 0
INFO  :    OUTPUT_BYTES: 26806
INFO  :    OUTPUT_BYTES_PHYSICAL: 30228
INFO  :    OUTPUT_BYTES_WITH_OVERHEAD: 28934
INFO  :    OUTPUT_RECORDS: 305
INFO  :    SHUFFLE_CHUNK_COUNT: 253
INFO  :    SPILLED_RECORDS: 305
INFO  : TaskCounter_Reducer_4_INPUT_Reducer_3:
INFO  :    ADDITIONAL_SPILLS_BYTES_READ: 21736
INFO  :    ADDITIONAL_SPILLS_BYTES_WRITTEN: 18552
INFO  :    COMBINE_INPUT_RECORDS: 0
INFO  :    FIRST_EVENT_RECEIVED: 1
INFO  :    LAST_EVENT_RECEIVED: 99
INFO  :    MERGED_MAP_OUTPUTS: 173
INFO  :    MERGE_PHASE_TIME: 118
INFO  :    NUM_DISK_TO_DISK_MERGES: 0
INFO  :    NUM_FAILED_SHUFFLE_INPUTS: 0
INFO  :    NUM_MEM_TO_DISK_MERGES: 0
INFO  :    NUM_SHUFFLED_INPUTS: 173
INFO  :    NUM_SKIPPED_INPUTS: 80
INFO  :    REDUCE_INPUT_GROUPS: 305
INFO  :    REDUCE_INPUT_RECORDS: 305
INFO  :    SHUFFLE_BYTES: 28628
INFO  :    SHUFFLE_BYTES_DECOMPRESSED: 28454
INFO  :    SHUFFLE_BYTES_DISK_DIRECT: 3184
INFO  :    SHUFFLE_BYTES_TO_DISK: 0
INFO  :    SHUFFLE_BYTES_TO_MEM: 25444
INFO  :    SHUFFLE_PHASE_TIME: 113
INFO  :    SPILLED_RECORDS: 305
INFO  : TaskCounter_Reducer_4_OUTPUT_out_Reducer_4:
INFO  :    OUTPUT_RECORDS: 0
INFO  : org.apache.hadoop.hive.llap.counters.LlapIOCounters:
INFO  :    CACHE_HIT_BYTES: 26283630443
INFO  :    CACHE_MISS_BYTES: 0
INFO  :    CONSUMER_TIME_NS: 3326581602720
INFO  :    DECODE_TIME_NS: 512269107379
INFO  :    HDFS_TIME_NS: 18848959
INFO  :    METADATA_CACHE_HIT: 7525
INFO  :    NUM_DECODED_BATCHES: 546765
INFO  :    NUM_VECTOR_BATCHES: 5448112
INFO  :    ROWS_EMITTED: 5447967359
INFO  :    SELECTED_ROWGROUPS: 546765
INFO  :    TOTAL_IO_TIME_NS: 522928949513
INFO  : Completed executing command(queryId=hive_20161020163305_c533486b-7481-4706-9ff9-f2d78422c70a); Time taken: 17.278 seconds
INFO  : OK
100 rows selected (17.836 seconds)
Closing: 0: jdbc:hive2://h01hn02:10500/tpcds_bin_partitioned_orc_10000
