Connecting to jdbc:hive2://h01hn02:10500/tpcds_bin_partitioned_orc_10000
Connected to: Apache Hive (version 2.1.0.2.5.1.0-43)
Driver: Hive JDBC (version 1.2.1000.2.5.1.0-43)
Transaction isolation: TRANSACTION_REPEATABLE_READ
Running init script bry.sql
No rows affected (0.036 seconds)
No rows affected (0.002 seconds)
INFO  : Compiling command(queryId=hive_20161017155846_8c846487-a71f-40cd-bba7-558b437cb667): select  i_item_id,
        avg(ss_quantity) agg1,
        avg(ss_list_price) agg2,
        avg(ss_coupon_amt) agg3,
        avg(ss_sales_price) agg4 
 from store_sales, customer_demographics, date_dim, item, promotion
 where store_sales.ss_sold_date_sk = date_dim.d_date_sk and
       store_sales.ss_item_sk = item.i_item_sk and
       store_sales.ss_cdemo_sk = customer_demographics.cd_demo_sk and
       store_sales.ss_promo_sk = promotion.p_promo_sk and
       cd_gender = 'F' and 
       cd_marital_status = 'W' and
       cd_education_status = 'Primary' and
       (p_channel_email = 'N' or p_channel_event = 'N') and
       d_year = 1998 
 group by i_item_id
 order by i_item_id
 limit 100
INFO  : Semantic Analysis Completed
INFO  : Returning Hive schema: Schema(fieldSchemas:[FieldSchema(name:i_item_id, type:string, comment:null), FieldSchema(name:agg1, type:double, comment:null), FieldSchema(name:agg2, type:double, comment:null), FieldSchema(name:agg3, type:double, comment:null), FieldSchema(name:agg4, type:double, comment:null)], properties:null)
INFO  : Completed compiling command(queryId=hive_20161017155846_8c846487-a71f-40cd-bba7-558b437cb667); Time taken: 0.707 seconds
INFO  : Concurrency mode is disabled, not creating a lock manager
INFO  : Executing command(queryId=hive_20161017155846_8c846487-a71f-40cd-bba7-558b437cb667): select  i_item_id,
        avg(ss_quantity) agg1,
        avg(ss_list_price) agg2,
        avg(ss_coupon_amt) agg3,
        avg(ss_sales_price) agg4 
 from store_sales, customer_demographics, date_dim, item, promotion
 where store_sales.ss_sold_date_sk = date_dim.d_date_sk and
       store_sales.ss_item_sk = item.i_item_sk and
       store_sales.ss_cdemo_sk = customer_demographics.cd_demo_sk and
       store_sales.ss_promo_sk = promotion.p_promo_sk and
       cd_gender = 'F' and 
       cd_marital_status = 'W' and
       cd_education_status = 'Primary' and
       (p_channel_email = 'N' or p_channel_event = 'N') and
       d_year = 1998 
 group by i_item_id
 order by i_item_id
 limit 100
INFO  : Query ID = hive_20161017155846_8c846487-a71f-40cd-bba7-558b437cb667
INFO  : Total jobs = 1
INFO  : Launching Job 1 out of 1
INFO  : Starting task [Stage-1:MAPRED] in serial mode
INFO  : Session is already open
INFO  : Dag name: select  i_item_id,
        avg(ss_quan...100(Stage-1)
INFO  : Setting tez.task.scale.memory.reserve-fraction to 0.30000001192092896
INFO  : Tez session was closed. Reopening...
INFO  : Session re-established.
INFO  : 

INFO  : Status: Running (Executing on YARN cluster with App id application_1476716628816_0088)

INFO  : Map 1: -/-	Map 4: -/-	Map 5: 0/1	Map 6: 0/7	Map 7: 0/1	Reducer 2: 0/1009	Reducer 3: 0/1	
INFO  : Map 1: -/-	Map 4: 0(+6)/6	Map 5: 0(+1)/1	Map 6: 0(+7)/7	Map 7: 0(+1)/1	Reducer 2: 0/1009	Reducer 3: 0/1	
INFO  : Map 1: -/-	Map 4: 6/6	Map 5: 1/1	Map 6: 7/7	Map 7: 1/1	Reducer 2: 0/1009	Reducer 3: 0/1	
INFO  : Map 1: 0/151	Map 4: 6/6	Map 5: 1/1	Map 6: 7/7	Map 7: 1/1	Reducer 2: 0/1009	Reducer 3: 0/1	
INFO  : Map 1: 0(+110)/151	Map 4: 6/6	Map 5: 1/1	Map 6: 7/7	Map 7: 1/1	Reducer 2: 0/1009	Reducer 3: 0/1	
INFO  : Map 1: 0(+151)/151	Map 4: 6/6	Map 5: 1/1	Map 6: 7/7	Map 7: 1/1	Reducer 2: 0/1009	Reducer 3: 0/1	
INFO  : Map 1: 1(+150)/151	Map 4: 6/6	Map 5: 1/1	Map 6: 7/7	Map 7: 1/1	Reducer 2: 0/1009	Reducer 3: 0/1	
INFO  : Map 1: 2(+149)/151	Map 4: 6/6	Map 5: 1/1	Map 6: 7/7	Map 7: 1/1	Reducer 2: 0/1009	Reducer 3: 0/1	
INFO  : Map 1: 3(+148)/151	Map 4: 6/6	Map 5: 1/1	Map 6: 7/7	Map 7: 1/1	Reducer 2: 0/1009	Reducer 3: 0/1	
INFO  : Map 1: 5(+146)/151	Map 4: 6/6	Map 5: 1/1	Map 6: 7/7	Map 7: 1/1	Reducer 2: 0/1009	Reducer 3: 0/1	
INFO  : Map 1: 6(+145)/151	Map 4: 6/6	Map 5: 1/1	Map 6: 7/7	Map 7: 1/1	Reducer 2: 0/1009	Reducer 3: 0/1	
INFO  : Map 1: 10(+141)/151	Map 4: 6/6	Map 5: 1/1	Map 6: 7/7	Map 7: 1/1	Reducer 2: 0/1009	Reducer 3: 0/1	
INFO  : Map 1: 13(+138)/151	Map 4: 6/6	Map 5: 1/1	Map 6: 7/7	Map 7: 1/1	Reducer 2: 0/1009	Reducer 3: 0/1	
INFO  : Map 1: 21(+130)/151	Map 4: 6/6	Map 5: 1/1	Map 6: 7/7	Map 7: 1/1	Reducer 2: 0/1009	Reducer 3: 0/1	
INFO  : Map 1: 28(+123)/151	Map 4: 6/6	Map 5: 1/1	Map 6: 7/7	Map 7: 1/1	Reducer 2: 0/1009	Reducer 3: 0/1	
INFO  : Map 1: 43(+108)/151	Map 4: 6/6	Map 5: 1/1	Map 6: 7/7	Map 7: 1/1	Reducer 2: 0/1009	Reducer 3: 0/1	
INFO  : Map 1: 52(+99)/151	Map 4: 6/6	Map 5: 1/1	Map 6: 7/7	Map 7: 1/1	Reducer 2: 0/1009	Reducer 3: 0/1	
INFO  : Map 1: 67(+84)/151	Map 4: 6/6	Map 5: 1/1	Map 6: 7/7	Map 7: 1/1	Reducer 2: 0/1009	Reducer 3: 0/1	
INFO  : Map 1: 77(+74)/151	Map 4: 6/6	Map 5: 1/1	Map 6: 7/7	Map 7: 1/1	Reducer 2: 0/1009	Reducer 3: 0/1	
INFO  : Map 1: 94(+57)/151	Map 4: 6/6	Map 5: 1/1	Map 6: 7/7	Map 7: 1/1	Reducer 2: 0/1009	Reducer 3: 0/1	
INFO  : Map 1: 114(+37)/151	Map 4: 6/6	Map 5: 1/1	Map 6: 7/7	Map 7: 1/1	Reducer 2: 0/1009	Reducer 3: 0/1	
INFO  : Map 1: 118(+32)/151	Map 4: 6/6	Map 5: 1/1	Map 6: 7/7	Map 7: 1/1	Reducer 2: 0(+223)/253	Reducer 3: 0/1	
INFO  : Map 1: 127(+24)/151	Map 4: 6/6	Map 5: 1/1	Map 6: 7/7	Map 7: 1/1	Reducer 2: 0(+253)/253	Reducer 3: 0/1	
INFO  : Map 1: 132(+19)/151	Map 4: 6/6	Map 5: 1/1	Map 6: 7/7	Map 7: 1/1	Reducer 2: 0(+253)/253	Reducer 3: 0/1	
INFO  : Map 1: 140(+11)/151	Map 4: 6/6	Map 5: 1/1	Map 6: 7/7	Map 7: 1/1	Reducer 2: 0(+253)/253	Reducer 3: 0/1	
INFO  : Map 1: 143(+8)/151	Map 4: 6/6	Map 5: 1/1	Map 6: 7/7	Map 7: 1/1	Reducer 2: 0(+253)/253	Reducer 3: 0/1	
INFO  : Map 1: 146(+5)/151	Map 4: 6/6	Map 5: 1/1	Map 6: 7/7	Map 7: 1/1	Reducer 2: 0(+253)/253	Reducer 3: 0/1	
INFO  : Map 1: 148(+3)/151	Map 4: 6/6	Map 5: 1/1	Map 6: 7/7	Map 7: 1/1	Reducer 2: 0(+253)/253	Reducer 3: 0/1	
INFO  : Map 1: 149(+2)/151	Map 4: 6/6	Map 5: 1/1	Map 6: 7/7	Map 7: 1/1	Reducer 2: 0(+253)/253	Reducer 3: 0/1	
INFO  : Map 1: 150(+1)/151	Map 4: 6/6	Map 5: 1/1	Map 6: 7/7	Map 7: 1/1	Reducer 2: 0(+253)/253	Reducer 3: 0/1	
INFO  : Map 1: 151/151	Map 4: 6/6	Map 5: 1/1	Map 6: 7/7	Map 7: 1/1	Reducer 2: 56(+197)/253	Reducer 3: 0/1	
INFO  : Map 1: 151/151	Map 4: 6/6	Map 5: 1/1	Map 6: 7/7	Map 7: 1/1	Reducer 2: 242(+11)/253	Reducer 3: 0(+1)/1	
INFO  : Map 1: 151/151	Map 4: 6/6	Map 5: 1/1	Map 6: 7/7	Map 7: 1/1	Reducer 2: 253/253	Reducer 3: 0(+1)/1	
INFO  : Map 1: 151/151	Map 4: 6/6	Map 5: 1/1	Map 6: 7/7	Map 7: 1/1	Reducer 2: 253/253	Reducer 3: 1/1	
INFO  : Status: DAG finished successfully in 16.56 seconds
INFO  : 
INFO  : Query Execution Summary
INFO  : ----------------------------------------------------------------------------------------------
INFO  : ----------------------------------------------------------------------------------------------
INFO  : Compile Query                           0.71s
INFO  : Prepare Plan                            0.23s
INFO  : Submit Plan                             4.70s
INFO  : Start DAG                               0.32s
INFO  : Run DAG                                16.56s
INFO  : ----------------------------------------------------------------------------------------------
INFO  : 
INFO  : Task Execution Summary
INFO  : --------------------------------------------------------------------------------------------------------------------------------
INFO  : --------------------------------------------------------------------------------------------------------------------------------
INFO  :      Map 1          151                0             0       14971.00             0            0  5,448,387,655          43,184
INFO  :      Map 4            6                0             0         202.00             0            0      1,920,800          27,440
INFO  :      Map 5            1                0             0         202.00             0            0         10,000             365
INFO  :      Map 6            7                0             0         202.00             0            0        402,000         402,000
INFO  :      Map 7            1                0             0         202.00             0            0          2,000           1,991
INFO  :  Reducer 2          253                0             0        6232.00             0            0         43,184             373
INFO  :  Reducer 3            1                0             0         382.00             0            0            373               0
INFO  : --------------------------------------------------------------------------------------------------------------------------------
INFO  : 
INFO  : LLAP IO Summary
INFO  : ----------------------------------------------------------------------------------------------
INFO  : ----------------------------------------------------------------------------------------------
INFO  :      Map 1    546763      7488         33   86.75GB   470.45MB    681.31MB 606.84MB  1106.26s
INFO  :      Map 4       195        12          0  333.38KB         0B          0B       0B     0.24s
INFO  :      Map 5         1         2          0    1.39KB         0B          0B       0B     0.00s
INFO  :      Map 6        42        14          0    1.78MB         0B          0B       0B     0.11s
INFO  :      Map 7         1         2          0      261B         0B          0B       0B     0.00s
INFO  : ----------------------------------------------------------------------------------------------
INFO  : 
INFO  : FileSystem Counters Summary
INFO  : 
INFO  : ----------------------------------------------------------------------------------------------
INFO  : ----------------------------------------------------------------------------------------------
INFO  :      Map 1          7.32MB             0                  0             8.43MB             0
INFO  :      Map 4              0B             0                  0           126.46KB             0
INFO  :      Map 5              0B             0                  0             1.51KB             0
INFO  :      Map 6              0B             0                  0             2.74MB             0
INFO  :      Map 7              0B             0                  0             7.99KB             0
INFO  :  Reducer 2         16.19KB             0                  0            28.79KB             0
INFO  :  Reducer 3              0B             0                  0                 0B             0
INFO  : ----------------------------------------------------------------------------------------------
INFO  : 
INFO  : ----------------------------------------------------------------------------------------------
INFO  : ----------------------------------------------------------------------------------------------
INFO  :      Map 1        471.06MB            19                  0                 0B             0
INFO  :      Map 4              0B             0                  0                 0B             0
INFO  :      Map 5              0B             0                  0                 0B             0
INFO  :      Map 6              0B             0                  0                 0B             0
INFO  :      Map 7              0B             0                  0                 0B             0
INFO  :  Reducer 2              0B             0                  0                 0B             0
INFO  :  Reducer 3              0B             2                  0            10.34KB             2
INFO  : ----------------------------------------------------------------------------------------------
INFO  : 
INFO  : org.apache.tez.common.counters.DAGCounter:
INFO  :    NUM_SUCCEEDED_TASKS: 420
INFO  :    TOTAL_LAUNCHED_TASKS: 420
INFO  :    DATA_LOCAL_TASKS: 166
INFO  :    AM_CPU_MILLISECONDS: 23730
INFO  :    AM_GC_TIME_MILLIS: 97
INFO  : File System Counters:
INFO  :    FILE_BYTES_READ: 7331840
INFO  :    FILE_BYTES_WRITTEN: 11335021
INFO  :    FILE_READ_OPS: 0
INFO  :    FILE_LARGE_READ_OPS: 0
INFO  :    FILE_WRITE_OPS: 0
INFO  :    HDFS_BYTES_READ: 471061495
INFO  :    HDFS_BYTES_WRITTEN: 10340
INFO  :    HDFS_READ_OPS: 21
INFO  :    HDFS_LARGE_READ_OPS: 0
INFO  :    HDFS_WRITE_OPS: 2
INFO  : org.apache.tez.common.counters.TaskCounter:
INFO  :    REDUCE_INPUT_GROUPS: 746
INFO  :    REDUCE_INPUT_RECORDS: 43557
INFO  :    COMBINE_INPUT_RECORDS: 0
INFO  :    SPILLED_RECORDS: 87114
INFO  :    NUM_SHUFFLED_INPUTS: 18190
INFO  :    NUM_SKIPPED_INPUTS: 134557
INFO  :    NUM_FAILED_SHUFFLE_INPUTS: 0
INFO  :    MERGED_MAP_OUTPUTS: 18055
INFO  :    INPUT_RECORDS_PROCESSED: 9336604
INFO  :    INPUT_SPLIT_LENGTH_BYTES: 302859872963
INFO  :    OUTPUT_RECORDS: 475353
INFO  :    OUTPUT_LARGE_RECORDS: 0
INFO  :    OUTPUT_BYTES: 12681840
INFO  :    OUTPUT_BYTES_WITH_OVERHEAD: 14089522
INFO  :    OUTPUT_BYTES_PHYSICAL: 7668981
INFO  :    ADDITIONAL_SPILLS_BYTES_WRITTEN: 761525
INFO  :    ADDITIONAL_SPILLS_BYTES_READ: 999212
INFO  :    ADDITIONAL_SPILL_COUNT: 0
INFO  :    SHUFFLE_CHUNK_COUNT: 404
INFO  :    SHUFFLE_BYTES: 27995409
INFO  :    SHUFFLE_BYTES_DECOMPRESSED: 95351476
INFO  :    SHUFFLE_BYTES_TO_MEM: 24880481
INFO  :    SHUFFLE_BYTES_TO_DISK: 0
INFO  :    SHUFFLE_BYTES_DISK_DIRECT: 3114928
INFO  :    NUM_MEM_TO_DISK_MERGES: 0
INFO  :    NUM_DISK_TO_DISK_MERGES: 0
INFO  :    SHUFFLE_PHASE_TIME: 1475461
INFO  :    MERGE_PHASE_TIME: 1481317
INFO  :    FIRST_EVENT_RECEIVED: 6260
INFO  :    LAST_EVENT_RECEIVED: 1461407
INFO  : HIVE:
INFO  :    CREATED_FILES: 1
INFO  :    DESERIALIZE_ERRORS: 0
INFO  :    RECORDS_IN_Map_1: 5447955859
INFO  :    RECORDS_IN_Map_4: 1920800
INFO  :    RECORDS_IN_Map_5: 10000
INFO  :    RECORDS_IN_Map_6: 402000
INFO  :    RECORDS_IN_Map_7: 2000
INFO  :    RECORDS_OUT_0: 100
INFO  :    RECORDS_OUT_INTERMEDIATE_Map_1: 43184
INFO  :    RECORDS_OUT_INTERMEDIATE_Map_4: 27440
INFO  :    RECORDS_OUT_INTERMEDIATE_Map_5: 365
INFO  :    RECORDS_OUT_INTERMEDIATE_Map_6: 402000
INFO  :    RECORDS_OUT_INTERMEDIATE_Map_7: 1991
INFO  :    RECORDS_OUT_INTERMEDIATE_Reducer_2: 373
INFO  : Shuffle Errors:
INFO  :    BAD_ID: 0
INFO  :    CONNECTION: 0
INFO  :    IO_ERROR: 0
INFO  :    WRONG_LENGTH: 0
INFO  :    WRONG_MAP: 0
INFO  :    WRONG_REDUCE: 0
INFO  : Shuffle Errors_Reducer_2_INPUT_Map_1:
INFO  :    BAD_ID: 0
INFO  :    CONNECTION: 0
INFO  :    IO_ERROR: 0
INFO  :    WRONG_LENGTH: 0
INFO  :    WRONG_MAP: 0
INFO  :    WRONG_REDUCE: 0
INFO  : Shuffle Errors_Reducer_3_INPUT_Reducer_2:
INFO  :    BAD_ID: 0
INFO  :    CONNECTION: 0
INFO  :    IO_ERROR: 0
INFO  :    WRONG_LENGTH: 0
INFO  :    WRONG_MAP: 0
INFO  :    WRONG_REDUCE: 0
INFO  : TaskCounter_Map_1_INPUT_Map_4:
INFO  :    FIRST_EVENT_RECEIVED: 73
INFO  :    INPUT_RECORDS_PROCESSED: 246960
INFO  :    LAST_EVENT_RECEIVED: 103
INFO  :    NUM_FAILED_SHUFFLE_INPUTS: 0
INFO  :    NUM_SHUFFLED_INPUTS: 54
INFO  :    SHUFFLE_BYTES: 1136439
INFO  :    SHUFFLE_BYTES_DECOMPRESSED: 1729044
INFO  :    SHUFFLE_BYTES_DISK_DIRECT: 126271
INFO  :    SHUFFLE_BYTES_TO_DISK: 0
INFO  :    SHUFFLE_BYTES_TO_MEM: 1010168
INFO  :    SHUFFLE_PHASE_TIME: 715
INFO  : TaskCounter_Map_1_INPUT_Map_5:
INFO  :    FIRST_EVENT_RECEIVED: 17
INFO  :    INPUT_RECORDS_PROCESSED: 3285
INFO  :    LAST_EVENT_RECEIVED: 17
INFO  :    NUM_FAILED_SHUFFLE_INPUTS: 0
INFO  :    NUM_SHUFFLED_INPUTS: 9
INFO  :    SHUFFLE_BYTES: 13311
INFO  :    SHUFFLE_BYTES_DECOMPRESSED: 23049
INFO  :    SHUFFLE_BYTES_DISK_DIRECT: 1479
INFO  :    SHUFFLE_BYTES_TO_DISK: 0
INFO  :    SHUFFLE_BYTES_TO_MEM: 11832
INFO  :    SHUFFLE_PHASE_TIME: 256
INFO  : TaskCounter_Map_1_INPUT_Map_6:
INFO  :    FIRST_EVENT_RECEIVED: 38
INFO  :    INPUT_RECORDS_PROCESSED: 3618000
INFO  :    LAST_EVENT_RECEIVED: 55
INFO  :    NUM_FAILED_SHUFFLE_INPUTS: 0
INFO  :    NUM_SHUFFLED_INPUTS: 63
INFO  :    SHUFFLE_BYTES: 24673761
INFO  :    SHUFFLE_BYTES_DECOMPRESSED: 90450378
INFO  :    SHUFFLE_BYTES_DISK_DIRECT: 2741529
INFO  :    SHUFFLE_BYTES_TO_DISK: 0
INFO  :    SHUFFLE_BYTES_TO_MEM: 21932232
INFO  :    SHUFFLE_PHASE_TIME: 1001
INFO  : TaskCounter_Map_1_INPUT_Map_7:
INFO  :    FIRST_EVENT_RECEIVED: 12
INFO  :    INPUT_RECORDS_PROCESSED: 17919
INFO  :    LAST_EVENT_RECEIVED: 12
INFO  :    NUM_FAILED_SHUFFLE_INPUTS: 0
INFO  :    NUM_SHUFFLED_INPUTS: 9
INFO  :    SHUFFLE_BYTES: 71658
INFO  :    SHUFFLE_BYTES_DECOMPRESSED: 125487
INFO  :    SHUFFLE_BYTES_DISK_DIRECT: 7962
INFO  :    SHUFFLE_BYTES_TO_DISK: 0
INFO  :    SHUFFLE_BYTES_TO_MEM: 63696
INFO  :    SHUFFLE_PHASE_TIME: 39
INFO  : TaskCounter_Map_1_INPUT_store_sales:
INFO  :    INPUT_RECORDS_PROCESSED: 5448100
INFO  :    INPUT_SPLIT_LENGTH_BYTES: 302820393415
INFO  : TaskCounter_Map_1_OUTPUT_Reducer_2:
INFO  :    ADDITIONAL_SPILLS_BYTES_READ: 0
INFO  :    ADDITIONAL_SPILLS_BYTES_WRITTEN: 0
INFO  :    ADDITIONAL_SPILL_COUNT: 0
INFO  :    OUTPUT_BYTES: 3267480
INFO  :    OUTPUT_BYTES_PHYSICAL: 4770683
INFO  :    OUTPUT_BYTES_WITH_OVERHEAD: 3809216
INFO  :    OUTPUT_RECORDS: 43184
INFO  :    SHUFFLE_CHUNK_COUNT: 151
INFO  :    SPILLED_RECORDS: 43184
INFO  : TaskCounter_Map_4_INPUT_customer_demographics:
INFO  :    INPUT_RECORDS_PROCESSED: 1923
INFO  :    INPUT_SPLIT_LENGTH_BYTES: 541712
INFO  : TaskCounter_Map_4_OUTPUT_Map_1:
INFO  :    ADDITIONAL_SPILLS_BYTES_READ: 0
INFO  :    ADDITIONAL_SPILLS_BYTES_WRITTEN: 0
INFO  :    ADDITIONAL_SPILL_COUNT: 0
INFO  :    OUTPUT_BYTES: 137200
INFO  :    OUTPUT_BYTES_PHYSICAL: 126415
INFO  :    OUTPUT_BYTES_WITH_OVERHEAD: 192116
INFO  :    OUTPUT_LARGE_RECORDS: 0
INFO  :    OUTPUT_RECORDS: 27440
INFO  :    SPILLED_RECORDS: 0
INFO  : TaskCounter_Map_5_INPUT_date_dim:
INFO  :    INPUT_RECORDS_PROCESSED: 10
INFO  :    INPUT_SPLIT_LENGTH_BYTES: 759177
INFO  : TaskCounter_Map_5_OUTPUT_Map_1:
INFO  :    ADDITIONAL_SPILLS_BYTES_READ: 0
INFO  :    ADDITIONAL_SPILLS_BYTES_WRITTEN: 0
INFO  :    ADDITIONAL_SPILL_COUNT: 0
INFO  :    OUTPUT_BYTES: 1825
INFO  :    OUTPUT_BYTES_PHYSICAL: 1503
INFO  :    OUTPUT_BYTES_WITH_OVERHEAD: 2561
INFO  :    OUTPUT_LARGE_RECORDS: 0
INFO  :    OUTPUT_RECORDS: 365
INFO  :    SPILLED_RECORDS: 0
INFO  : TaskCounter_Map_6_INPUT_item:
INFO  :    INPUT_RECORDS_PROCESSED: 405
INFO  :    INPUT_SPLIT_LENGTH_BYTES: 38092338
INFO  : TaskCounter_Map_6_OUTPUT_Map_1:
INFO  :    ADDITIONAL_SPILLS_BYTES_READ: 0
INFO  :    ADDITIONAL_SPILLS_BYTES_WRITTEN: 0
INFO  :    ADDITIONAL_SPILL_COUNT: 0
INFO  :    OUTPUT_BYTES: 9246000
INFO  :    OUTPUT_BYTES_PHYSICAL: 2741697
INFO  :    OUTPUT_BYTES_WITH_OVERHEAD: 10050042
INFO  :    OUTPUT_LARGE_RECORDS: 0
INFO  :    OUTPUT_RECORDS: 402000
INFO  :    SPILLED_RECORDS: 0
INFO  : TaskCounter_Map_7_INPUT_promotion:
INFO  :    INPUT_RECORDS_PROCESSED: 2
INFO  :    INPUT_SPLIT_LENGTH_BYTES: 86321
INFO  : TaskCounter_Map_7_OUTPUT_Map_1:
INFO  :    ADDITIONAL_SPILLS_BYTES_READ: 0
INFO  :    ADDITIONAL_SPILLS_BYTES_WRITTEN: 0
INFO  :    ADDITIONAL_SPILL_COUNT: 0
INFO  :    OUTPUT_BYTES: 9955
INFO  :    OUTPUT_BYTES_PHYSICAL: 7986
INFO  :    OUTPUT_BYTES_WITH_OVERHEAD: 13943
INFO  :    OUTPUT_LARGE_RECORDS: 0
INFO  :    OUTPUT_RECORDS: 1991
INFO  :    SPILLED_RECORDS: 0
INFO  : TaskCounter_Reducer_2_INPUT_Map_1:
INFO  :    ADDITIONAL_SPILLS_BYTES_READ: 986408
INFO  :    ADDITIONAL_SPILLS_BYTES_WRITTEN: 750701
INFO  :    COMBINE_INPUT_RECORDS: 0
INFO  :    FIRST_EVENT_RECEIVED: 6118
INFO  :    LAST_EVENT_RECEIVED: 1460997
INFO  :    MERGED_MAP_OUTPUTS: 17867
INFO  :    MERGE_PHASE_TIME: 1481081
INFO  :    NUM_DISK_TO_DISK_MERGES: 0
INFO  :    NUM_FAILED_SHUFFLE_INPUTS: 0
INFO  :    NUM_MEM_TO_DISK_MERGES: 0
INFO  :    NUM_SHUFFLED_INPUTS: 17867
INFO  :    NUM_SKIPPED_INPUTS: 134492
INFO  :    REDUCE_INPUT_GROUPS: 373
INFO  :    REDUCE_INPUT_RECORDS: 43184
INFO  :    SHUFFLE_BYTES: 2080843
INFO  :    SHUFFLE_BYTES_DECOMPRESSED: 3002264
INFO  :    SHUFFLE_BYTES_DISK_DIRECT: 235707
INFO  :    SHUFFLE_BYTES_TO_DISK: 0
INFO  :    SHUFFLE_BYTES_TO_MEM: 1845136
INFO  :    SHUFFLE_PHASE_TIME: 1473220
INFO  :    SPILLED_RECORDS: 43184
INFO  : TaskCounter_Reducer_2_OUTPUT_Reducer_3:
INFO  :    ADDITIONAL_SPILLS_BYTES_READ: 0
INFO  :    ADDITIONAL_SPILLS_BYTES_WRITTEN: 0
INFO  :    ADDITIONAL_SPILL_COUNT: 0
INFO  :    OUTPUT_BYTES: 19380
INFO  :    OUTPUT_BYTES_PHYSICAL: 20697
INFO  :    OUTPUT_BYTES_WITH_OVERHEAD: 21644
INFO  :    OUTPUT_RECORDS: 373
INFO  :    SHUFFLE_CHUNK_COUNT: 253
INFO  :    SPILLED_RECORDS: 373
INFO  : TaskCounter_Reducer_3_INPUT_Reducer_2:
INFO  :    ADDITIONAL_SPILLS_BYTES_READ: 12804
INFO  :    ADDITIONAL_SPILLS_BYTES_WRITTEN: 10824
INFO  :    COMBINE_INPUT_RECORDS: 0
INFO  :    FIRST_EVENT_RECEIVED: 2
INFO  :    LAST_EVENT_RECEIVED: 223
INFO  :    MERGED_MAP_OUTPUTS: 188
INFO  :    MERGE_PHASE_TIME: 236
INFO  :    NUM_DISK_TO_DISK_MERGES: 0
INFO  :    NUM_FAILED_SHUFFLE_INPUTS: 0
INFO  :    NUM_MEM_TO_DISK_MERGES: 0
INFO  :    NUM_SHUFFLED_INPUTS: 188
INFO  :    NUM_SKIPPED_INPUTS: 65
INFO  :    REDUCE_INPUT_GROUPS: 373
INFO  :    REDUCE_INPUT_RECORDS: 373
INFO  :    SHUFFLE_BYTES: 19397
INFO  :    SHUFFLE_BYTES_DECOMPRESSED: 21254
INFO  :    SHUFFLE_BYTES_DISK_DIRECT: 1980
INFO  :    SHUFFLE_BYTES_TO_DISK: 0
INFO  :    SHUFFLE_BYTES_TO_MEM: 17417
INFO  :    SHUFFLE_PHASE_TIME: 230
INFO  :    SPILLED_RECORDS: 373
INFO  : TaskCounter_Reducer_3_OUTPUT_out_Reducer_3:
INFO  :    OUTPUT_RECORDS: 0
INFO  : org.apache.hadoop.hive.llap.counters.LlapIOCounters:
INFO  :    ALLOCATED_BYTES: 681312256
INFO  :    ALLOCATED_USED_BYTES: 606843519
INFO  :    CACHE_HIT_BYTES: 86748950648
INFO  :    CACHE_MISS_BYTES: 470448771
INFO  :    CONSUMER_TIME_NS: 1205678852149
INFO  :    DECODE_TIME_NS: 1087422028388
INFO  :    HDFS_TIME_NS: 5426405201
INFO  :    METADATA_CACHE_HIT: 7518
INFO  :    METADATA_CACHE_MISS: 33
INFO  :    NUM_DECODED_BATCHES: 547002
INFO  :    NUM_VECTOR_BATCHES: 5450440
INFO  :    ROWS_EMITTED: 5450290659
INFO  :    SELECTED_ROWGROUPS: 547002
INFO  :    TOTAL_IO_TIME_NS: 1106613380720
INFO  : Completed executing command(queryId=hive_20161017155846_8c846487-a71f-40cd-bba7-558b437cb667); Time taken: 21.884 seconds
INFO  : OK
100 rows selected (22.639 seconds)
Closing: 0: jdbc:hive2://h01hn02:10500/tpcds_bin_partitioned_orc_10000
