Connecting to jdbc:hive2://h01hn02:10500/tpcds_bin_partitioned_orc_10000
Connected to: Apache Hive (version 2.1.0.2.5.1.0-43)
Driver: Hive JDBC (version 1.2.1000.2.5.1.0-43)
Transaction isolation: TRANSACTION_REPEATABLE_READ
Running init script bry.sql
No rows affected (0.036 seconds)
No rows affected (0.002 seconds)
INFO  : Compiling command(queryId=hive_20161019160404_ea5496fb-b732-4470-bf00-9b715cf8b601): select
  c_last_name,c_first_name,substr(s_city,1,30) sub,ss_ticket_number,amt,profit
  from
   (select ss_ticket_number
          ,ss_customer_sk
          ,store.s_city
          ,sum(ss_coupon_amt) amt
          ,sum(ss_net_profit) profit
    from store_sales,date_dim,store,household_demographics
    where store_sales.ss_sold_date_sk = date_dim.d_date_sk
    and store_sales.ss_store_sk = store.s_store_sk  
    and store_sales.ss_hdemo_sk = household_demographics.hd_demo_sk
    and (household_demographics.hd_dep_count = 8 or household_demographics.hd_vehicle_count > 0)
    and date_dim.d_dow = 1
    and date_dim.d_year in (1998,1998+1,1998+2) 
    and store.s_number_employees between 200 and 295
    group by ss_ticket_number,ss_customer_sk,ss_addr_sk,store.s_city) ms,customer
    where ms.ss_customer_sk = customer.c_customer_sk
 order by c_last_name,c_first_name,sub, profit
limit 100
INFO  : Semantic Analysis Completed
INFO  : Returning Hive schema: Schema(fieldSchemas:[FieldSchema(name:c_last_name, type:string, comment:null), FieldSchema(name:c_first_name, type:string, comment:null), FieldSchema(name:sub, type:string, comment:null), FieldSchema(name:ss_ticket_number, type:int, comment:null), FieldSchema(name:amt, type:double, comment:null), FieldSchema(name:profit, type:double, comment:null)], properties:null)
INFO  : Completed compiling command(queryId=hive_20161019160404_ea5496fb-b732-4470-bf00-9b715cf8b601); Time taken: 0.591 seconds
INFO  : Concurrency mode is disabled, not creating a lock manager
INFO  : Executing command(queryId=hive_20161019160404_ea5496fb-b732-4470-bf00-9b715cf8b601): select
  c_last_name,c_first_name,substr(s_city,1,30) sub,ss_ticket_number,amt,profit
  from
   (select ss_ticket_number
          ,ss_customer_sk
          ,store.s_city
          ,sum(ss_coupon_amt) amt
          ,sum(ss_net_profit) profit
    from store_sales,date_dim,store,household_demographics
    where store_sales.ss_sold_date_sk = date_dim.d_date_sk
    and store_sales.ss_store_sk = store.s_store_sk  
    and store_sales.ss_hdemo_sk = household_demographics.hd_demo_sk
    and (household_demographics.hd_dep_count = 8 or household_demographics.hd_vehicle_count > 0)
    and date_dim.d_dow = 1
    and date_dim.d_year in (1998,1998+1,1998+2) 
    and store.s_number_employees between 200 and 295
    group by ss_ticket_number,ss_customer_sk,ss_addr_sk,store.s_city) ms,customer
    where ms.ss_customer_sk = customer.c_customer_sk
 order by c_last_name,c_first_name,sub, profit
limit 100
INFO  : Query ID = hive_20161019160404_ea5496fb-b732-4470-bf00-9b715cf8b601
INFO  : Total jobs = 1
INFO  : Launching Job 1 out of 1
INFO  : Starting task [Stage-1:MAPRED] in serial mode
INFO  : Session is already open
INFO  : Dag name: select
  c_last_name,c_first_name,subs...100(Stage-1)
INFO  : Setting tez.task.scale.memory.reserve-fraction to 0.30000001192092896
INFO  : Setting tez.task.scale.memory.reserve-fraction to 0.30000001192092896
INFO  : Tez session was closed. Reopening...
INFO  : Session re-established.
INFO  : 

INFO  : Status: Running (Executing on YARN cluster with App id application_1476716628816_0192)

INFO  : Map 1: -/-	Map 5: 0/1	Map 6: 0/1	Map 7: 0/1	Map 8: 0/113	Reducer 2: 0/1009	Reducer 3: 0/1009	Reducer 4: 0/1	
INFO  : Map 1: -/-	Map 5: 0(+1)/1	Map 6: 0(+1)/1	Map 7: 0(+1)/1	Map 8: 0(+113)/113	Reducer 2: 0/1009	Reducer 3: 0/1009	Reducer 4: 0/1	
INFO  : Map 1: -/-	Map 5: 1/1	Map 6: 1/1	Map 7: 1/1	Map 8: 0(+113)/113	Reducer 2: 0/1009	Reducer 3: 0/1009	Reducer 4: 0/1	
INFO  : Map 1: 0(+121)/121	Map 5: 1/1	Map 6: 1/1	Map 7: 1/1	Map 8: 0(+113)/113	Reducer 2: 0/1009	Reducer 3: 0/1009	Reducer 4: 0/1	
INFO  : Map 1: 0(+121)/121	Map 5: 1/1	Map 6: 1/1	Map 7: 1/1	Map 8: 5(+108)/113	Reducer 2: 0/1009	Reducer 3: 0/1009	Reducer 4: 0/1	
INFO  : Map 1: 0(+121)/121	Map 5: 1/1	Map 6: 1/1	Map 7: 1/1	Map 8: 27(+86)/113	Reducer 2: 0/1009	Reducer 3: 0/1009	Reducer 4: 0/1	
INFO  : Map 1: 0(+121)/121	Map 5: 1/1	Map 6: 1/1	Map 7: 1/1	Map 8: 49(+64)/113	Reducer 2: 0/1009	Reducer 3: 0/1009	Reducer 4: 0/1	
INFO  : Map 1: 0(+121)/121	Map 5: 1/1	Map 6: 1/1	Map 7: 1/1	Map 8: 62(+51)/113	Reducer 2: 0/1009	Reducer 3: 0/1009	Reducer 4: 0/1	
INFO  : Map 1: 0(+121)/121	Map 5: 1/1	Map 6: 1/1	Map 7: 1/1	Map 8: 82(+31)/113	Reducer 2: 0/1009	Reducer 3: 0/1009	Reducer 4: 0/1	
INFO  : Map 1: 0(+121)/121	Map 5: 1/1	Map 6: 1/1	Map 7: 1/1	Map 8: 96(+17)/113	Reducer 2: 0/1009	Reducer 3: 0/1009	Reducer 4: 0/1	
INFO  : Map 1: 0(+121)/121	Map 5: 1/1	Map 6: 1/1	Map 7: 1/1	Map 8: 113/113	Reducer 2: 0/1009	Reducer 3: 0/1009	Reducer 4: 0/1	
INFO  : Map 1: 1(+120)/121	Map 5: 1/1	Map 6: 1/1	Map 7: 1/1	Map 8: 113/113	Reducer 2: 0/1009	Reducer 3: 0/1009	Reducer 4: 0/1	
INFO  : Map 1: 2(+119)/121	Map 5: 1/1	Map 6: 1/1	Map 7: 1/1	Map 8: 113/113	Reducer 2: 0/1009	Reducer 3: 0/1009	Reducer 4: 0/1	
INFO  : Map 1: 3(+118)/121	Map 5: 1/1	Map 6: 1/1	Map 7: 1/1	Map 8: 113/113	Reducer 2: 0/1009	Reducer 3: 0/1009	Reducer 4: 0/1	
INFO  : Map 1: 4(+117)/121	Map 5: 1/1	Map 6: 1/1	Map 7: 1/1	Map 8: 113/113	Reducer 2: 0/1009	Reducer 3: 0/1009	Reducer 4: 0/1	
INFO  : Map 1: 5(+116)/121	Map 5: 1/1	Map 6: 1/1	Map 7: 1/1	Map 8: 113/113	Reducer 2: 0/1009	Reducer 3: 0/1009	Reducer 4: 0/1	
INFO  : Map 1: 6(+115)/121	Map 5: 1/1	Map 6: 1/1	Map 7: 1/1	Map 8: 113/113	Reducer 2: 0/1009	Reducer 3: 0/1009	Reducer 4: 0/1	
INFO  : Map 1: 7(+114)/121	Map 5: 1/1	Map 6: 1/1	Map 7: 1/1	Map 8: 113/113	Reducer 2: 0/1009	Reducer 3: 0/1009	Reducer 4: 0/1	
INFO  : Map 1: 9(+112)/121	Map 5: 1/1	Map 6: 1/1	Map 7: 1/1	Map 8: 113/113	Reducer 2: 0/1009	Reducer 3: 0/1009	Reducer 4: 0/1	
INFO  : Map 1: 11(+110)/121	Map 5: 1/1	Map 6: 1/1	Map 7: 1/1	Map 8: 113/113	Reducer 2: 0/1009	Reducer 3: 0/1009	Reducer 4: 0/1	
INFO  : Map 1: 17(+104)/121	Map 5: 1/1	Map 6: 1/1	Map 7: 1/1	Map 8: 113/113	Reducer 2: 0/1009	Reducer 3: 0/1009	Reducer 4: 0/1	
INFO  : Map 1: 21(+100)/121	Map 5: 1/1	Map 6: 1/1	Map 7: 1/1	Map 8: 113/113	Reducer 2: 0/1009	Reducer 3: 0/1009	Reducer 4: 0/1	
INFO  : Map 1: 24(+97)/121	Map 5: 1/1	Map 6: 1/1	Map 7: 1/1	Map 8: 113/113	Reducer 2: 0/1009	Reducer 3: 0/1009	Reducer 4: 0/1	
INFO  : Map 1: 37(+84)/121	Map 5: 1/1	Map 6: 1/1	Map 7: 1/1	Map 8: 113/113	Reducer 2: 0/1009	Reducer 3: 0/1009	Reducer 4: 0/1	
INFO  : Map 1: 38(+83)/121	Map 5: 1/1	Map 6: 1/1	Map 7: 1/1	Map 8: 113/113	Reducer 2: 0(+33)/253	Reducer 3: 0/1009	Reducer 4: 0/1	
INFO  : Map 1: 40(+81)/121	Map 5: 1/1	Map 6: 1/1	Map 7: 1/1	Map 8: 113/113	Reducer 2: 0(+41)/253	Reducer 3: 0/1009	Reducer 4: 0/1	
INFO  : Map 1: 44(+77)/121	Map 5: 1/1	Map 6: 1/1	Map 7: 1/1	Map 8: 113/113	Reducer 2: 0(+58)/253	Reducer 3: 0/1009	Reducer 4: 0/1	
INFO  : Map 1: 49(+72)/121	Map 5: 1/1	Map 6: 1/1	Map 7: 1/1	Map 8: 113/113	Reducer 2: 0(+79)/253	Reducer 3: 0/1009	Reducer 4: 0/1	
INFO  : Map 1: 53(+68)/121	Map 5: 1/1	Map 6: 1/1	Map 7: 1/1	Map 8: 113/113	Reducer 2: 0(+96)/253	Reducer 3: 0/1009	Reducer 4: 0/1	
INFO  : Map 1: 57(+64)/121	Map 5: 1/1	Map 6: 1/1	Map 7: 1/1	Map 8: 113/113	Reducer 2: 0(+112)/253	Reducer 3: 0/1009	Reducer 4: 0/1	
INFO  : Map 1: 60(+61)/121	Map 5: 1/1	Map 6: 1/1	Map 7: 1/1	Map 8: 113/113	Reducer 2: 0(+125)/253	Reducer 3: 0/1009	Reducer 4: 0/1	
INFO  : Map 1: 63(+58)/121	Map 5: 1/1	Map 6: 1/1	Map 7: 1/1	Map 8: 113/113	Reducer 2: 0(+137)/253	Reducer 3: 0/1009	Reducer 4: 0/1	
INFO  : Map 1: 68(+53)/121	Map 5: 1/1	Map 6: 1/1	Map 7: 1/1	Map 8: 113/113	Reducer 2: 0(+158)/253	Reducer 3: 0/1009	Reducer 4: 0/1	
INFO  : Map 1: 73(+48)/121	Map 5: 1/1	Map 6: 1/1	Map 7: 1/1	Map 8: 113/113	Reducer 2: 0(+179)/253	Reducer 3: 0/1009	Reducer 4: 0/1	
INFO  : Map 1: 78(+43)/121	Map 5: 1/1	Map 6: 1/1	Map 7: 1/1	Map 8: 113/113	Reducer 2: 0(+196)/253	Reducer 3: 0/1009	Reducer 4: 0/1	
INFO  : Map 1: 83(+38)/121	Map 5: 1/1	Map 6: 1/1	Map 7: 1/1	Map 8: 113/113	Reducer 2: 0(+221)/253	Reducer 3: 0/1009	Reducer 4: 0/1	
INFO  : Map 1: 88(+33)/121	Map 5: 1/1	Map 6: 1/1	Map 7: 1/1	Map 8: 113/113	Reducer 2: 0(+242)/253	Reducer 3: 0/1009	Reducer 4: 0/1	
INFO  : Map 1: 91(+30)/121	Map 5: 1/1	Map 6: 1/1	Map 7: 1/1	Map 8: 113/113	Reducer 2: 0(+253)/253	Reducer 3: 0/1009	Reducer 4: 0/1	
INFO  : Map 1: 97(+24)/121	Map 5: 1/1	Map 6: 1/1	Map 7: 1/1	Map 8: 113/113	Reducer 2: 0(+253)/253	Reducer 3: 0/1009	Reducer 4: 0/1	
INFO  : Map 1: 101(+20)/121	Map 5: 1/1	Map 6: 1/1	Map 7: 1/1	Map 8: 113/113	Reducer 2: 0(+253)/253	Reducer 3: 0/1009	Reducer 4: 0/1	
INFO  : Map 1: 106(+15)/121	Map 5: 1/1	Map 6: 1/1	Map 7: 1/1	Map 8: 113/113	Reducer 2: 0(+253)/253	Reducer 3: 0/1009	Reducer 4: 0/1	
INFO  : Map 1: 108(+13)/121	Map 5: 1/1	Map 6: 1/1	Map 7: 1/1	Map 8: 113/113	Reducer 2: 0(+253)/253	Reducer 3: 0/1009	Reducer 4: 0/1	
INFO  : Map 1: 109(+12)/121	Map 5: 1/1	Map 6: 1/1	Map 7: 1/1	Map 8: 113/113	Reducer 2: 0(+253)/253	Reducer 3: 0/1009	Reducer 4: 0/1	
INFO  : Map 1: 111(+10)/121	Map 5: 1/1	Map 6: 1/1	Map 7: 1/1	Map 8: 113/113	Reducer 2: 0(+253)/253	Reducer 3: 0/1009	Reducer 4: 0/1	
INFO  : Map 1: 112(+9)/121	Map 5: 1/1	Map 6: 1/1	Map 7: 1/1	Map 8: 113/113	Reducer 2: 0(+253)/253	Reducer 3: 0/1009	Reducer 4: 0/1	
INFO  : Map 1: 114(+7)/121	Map 5: 1/1	Map 6: 1/1	Map 7: 1/1	Map 8: 113/113	Reducer 2: 0(+253)/253	Reducer 3: 0/1009	Reducer 4: 0/1	
INFO  : Map 1: 116(+5)/121	Map 5: 1/1	Map 6: 1/1	Map 7: 1/1	Map 8: 113/113	Reducer 2: 0(+253)/253	Reducer 3: 0/1009	Reducer 4: 0/1	
INFO  : Map 1: 118(+3)/121	Map 5: 1/1	Map 6: 1/1	Map 7: 1/1	Map 8: 113/113	Reducer 2: 0(+253)/253	Reducer 3: 0/1009	Reducer 4: 0/1	
INFO  : Map 1: 119(+2)/121	Map 5: 1/1	Map 6: 1/1	Map 7: 1/1	Map 8: 113/113	Reducer 2: 0(+253)/253	Reducer 3: 0/1009	Reducer 4: 0/1	
INFO  : Map 1: 120(+1)/121	Map 5: 1/1	Map 6: 1/1	Map 7: 1/1	Map 8: 113/113	Reducer 2: 0(+253)/253	Reducer 3: 0/1009	Reducer 4: 0/1	
INFO  : Map 1: 121/121	Map 5: 1/1	Map 6: 1/1	Map 7: 1/1	Map 8: 113/113	Reducer 2: 0(+253)/253	Reducer 3: 0/1009	Reducer 4: 0/1	
INFO  : Map 1: 121/121	Map 5: 1/1	Map 6: 1/1	Map 7: 1/1	Map 8: 113/113	Reducer 2: 1(+252)/253	Reducer 3: 0/1009	Reducer 4: 0/1	
INFO  : Map 1: 121/121	Map 5: 1/1	Map 6: 1/1	Map 7: 1/1	Map 8: 113/113	Reducer 2: 10(+242)/253	Reducer 3: 0/1009	Reducer 4: 0/1	
INFO  : Map 1: 121/121	Map 5: 1/1	Map 6: 1/1	Map 7: 1/1	Map 8: 113/113	Reducer 2: 47(+206)/253	Reducer 3: 0/1009	Reducer 4: 0/1	
INFO  : Map 1: 121/121	Map 5: 1/1	Map 6: 1/1	Map 7: 1/1	Map 8: 113/113	Reducer 2: 57(+196)/253	Reducer 3: 0(+89)/1009	Reducer 4: 0/1	
INFO  : Map 1: 121/121	Map 5: 1/1	Map 6: 1/1	Map 7: 1/1	Map 8: 113/113	Reducer 2: 69(+184)/253	Reducer 3: 0(+320)/1009	Reducer 4: 0/1	
INFO  : Map 1: 121/121	Map 5: 1/1	Map 6: 1/1	Map 7: 1/1	Map 8: 113/113	Reducer 2: 83(+169)/253	Reducer 3: 0(+333)/1009	Reducer 4: 0/1	
INFO  : Map 1: 121/121	Map 5: 1/1	Map 6: 1/1	Map 7: 1/1	Map 8: 113/113	Reducer 2: 104(+149)/253	Reducer 3: 0(+355)/1009	Reducer 4: 0/1	
INFO  : Map 1: 121/121	Map 5: 1/1	Map 6: 1/1	Map 7: 1/1	Map 8: 113/113	Reducer 2: 121(+132)/253	Reducer 3: 0(+372)/1009	Reducer 4: 0/1	
INFO  : Map 1: 121/121	Map 5: 1/1	Map 6: 1/1	Map 7: 1/1	Map 8: 113/113	Reducer 2: 134(+119)/253	Reducer 3: 0(+385)/1009	Reducer 4: 0/1	
INFO  : Map 1: 121/121	Map 5: 1/1	Map 6: 1/1	Map 7: 1/1	Map 8: 113/113	Reducer 2: 150(+103)/253	Reducer 3: 0(+401)/1009	Reducer 4: 0/1	
INFO  : Map 1: 121/121	Map 5: 1/1	Map 6: 1/1	Map 7: 1/1	Map 8: 113/113	Reducer 2: 170(+83)/253	Reducer 3: 0(+421)/1009	Reducer 4: 0/1	
INFO  : Map 1: 121/121	Map 5: 1/1	Map 6: 1/1	Map 7: 1/1	Map 8: 113/113	Reducer 2: 202(+51)/253	Reducer 3: 0(+453)/1009	Reducer 4: 0/1	
INFO  : Map 1: 121/121	Map 5: 1/1	Map 6: 1/1	Map 7: 1/1	Map 8: 113/113	Reducer 2: 214(+39)/253	Reducer 3: 0(+464)/1009	Reducer 4: 0/1	
INFO  : Map 1: 121/121	Map 5: 1/1	Map 6: 1/1	Map 7: 1/1	Map 8: 113/113	Reducer 2: 228(+25)/253	Reducer 3: 0(+479)/1009	Reducer 4: 0/1	
INFO  : Map 1: 121/121	Map 5: 1/1	Map 6: 1/1	Map 7: 1/1	Map 8: 113/113	Reducer 2: 238(+15)/253	Reducer 3: 0(+489)/1009	Reducer 4: 0/1	
INFO  : Map 1: 121/121	Map 5: 1/1	Map 6: 1/1	Map 7: 1/1	Map 8: 113/113	Reducer 2: 242(+11)/253	Reducer 3: 0(+493)/1009	Reducer 4: 0/1	
INFO  : Map 1: 121/121	Map 5: 1/1	Map 6: 1/1	Map 7: 1/1	Map 8: 113/113	Reducer 2: 252(+1)/253	Reducer 3: 0(+503)/1009	Reducer 4: 0/1	
INFO  : Map 1: 121/121	Map 5: 1/1	Map 6: 1/1	Map 7: 1/1	Map 8: 113/113	Reducer 2: 253/253	Reducer 3: 0(+504)/1009	Reducer 4: 0/1	
INFO  : Map 1: 121/121	Map 5: 1/1	Map 6: 1/1	Map 7: 1/1	Map 8: 113/113	Reducer 2: 253/253	Reducer 3: 2(+504)/1009	Reducer 4: 0/1	
INFO  : Map 1: 121/121	Map 5: 1/1	Map 6: 1/1	Map 7: 1/1	Map 8: 113/113	Reducer 2: 253/253	Reducer 3: 6(+504)/1009	Reducer 4: 0/1	
INFO  : Map 1: 121/121	Map 5: 1/1	Map 6: 1/1	Map 7: 1/1	Map 8: 113/113	Reducer 2: 253/253	Reducer 3: 10(+504)/1009	Reducer 4: 0/1	
INFO  : Map 1: 121/121	Map 5: 1/1	Map 6: 1/1	Map 7: 1/1	Map 8: 113/113	Reducer 2: 253/253	Reducer 3: 22(+504)/1009	Reducer 4: 0/1	
INFO  : Map 1: 121/121	Map 5: 1/1	Map 6: 1/1	Map 7: 1/1	Map 8: 113/113	Reducer 2: 253/253	Reducer 3: 48(+504)/1009	Reducer 4: 0/1	
INFO  : Map 1: 121/121	Map 5: 1/1	Map 6: 1/1	Map 7: 1/1	Map 8: 113/113	Reducer 2: 253/253	Reducer 3: 72(+504)/1009	Reducer 4: 0/1	
INFO  : Map 1: 121/121	Map 5: 1/1	Map 6: 1/1	Map 7: 1/1	Map 8: 113/113	Reducer 2: 253/253	Reducer 3: 88(+504)/1009	Reducer 4: 0/1	
INFO  : Map 1: 121/121	Map 5: 1/1	Map 6: 1/1	Map 7: 1/1	Map 8: 113/113	Reducer 2: 253/253	Reducer 3: 102(+504)/1009	Reducer 4: 0/1	
INFO  : Map 1: 121/121	Map 5: 1/1	Map 6: 1/1	Map 7: 1/1	Map 8: 113/113	Reducer 2: 253/253	Reducer 3: 132(+504)/1009	Reducer 4: 0/1	
INFO  : Map 1: 121/121	Map 5: 1/1	Map 6: 1/1	Map 7: 1/1	Map 8: 113/113	Reducer 2: 253/253	Reducer 3: 169(+504)/1009	Reducer 4: 0/1	
INFO  : Map 1: 121/121	Map 5: 1/1	Map 6: 1/1	Map 7: 1/1	Map 8: 113/113	Reducer 2: 253/253	Reducer 3: 224(+504)/1009	Reducer 4: 0/1	
INFO  : Map 1: 121/121	Map 5: 1/1	Map 6: 1/1	Map 7: 1/1	Map 8: 113/113	Reducer 2: 253/253	Reducer 3: 292(+504)/1009	Reducer 4: 0/1	
INFO  : Map 1: 121/121	Map 5: 1/1	Map 6: 1/1	Map 7: 1/1	Map 8: 113/113	Reducer 2: 253/253	Reducer 3: 325(+504)/1009	Reducer 4: 0/1	
INFO  : Map 1: 121/121	Map 5: 1/1	Map 6: 1/1	Map 7: 1/1	Map 8: 113/113	Reducer 2: 253/253	Reducer 3: 368(+504)/1009	Reducer 4: 0/1	
INFO  : Map 1: 121/121	Map 5: 1/1	Map 6: 1/1	Map 7: 1/1	Map 8: 113/113	Reducer 2: 253/253	Reducer 3: 406(+504)/1009	Reducer 4: 0/1	
INFO  : Map 1: 121/121	Map 5: 1/1	Map 6: 1/1	Map 7: 1/1	Map 8: 113/113	Reducer 2: 253/253	Reducer 3: 430(+503)/1009	Reducer 4: 0/1	
INFO  : Map 1: 121/121	Map 5: 1/1	Map 6: 1/1	Map 7: 1/1	Map 8: 113/113	Reducer 2: 253/253	Reducer 3: 447(+504)/1009	Reducer 4: 0/1	
INFO  : Map 1: 121/121	Map 5: 1/1	Map 6: 1/1	Map 7: 1/1	Map 8: 113/113	Reducer 2: 253/253	Reducer 3: 481(+504)/1009	Reducer 4: 0/1	
INFO  : Map 1: 121/121	Map 5: 1/1	Map 6: 1/1	Map 7: 1/1	Map 8: 113/113	Reducer 2: 253/253	Reducer 3: 510(+499)/1009	Reducer 4: 0(+1)/1	
INFO  : Map 1: 121/121	Map 5: 1/1	Map 6: 1/1	Map 7: 1/1	Map 8: 113/113	Reducer 2: 253/253	Reducer 3: 562(+447)/1009	Reducer 4: 0(+1)/1	
INFO  : Map 1: 121/121	Map 5: 1/1	Map 6: 1/1	Map 7: 1/1	Map 8: 113/113	Reducer 2: 253/253	Reducer 3: 604(+405)/1009	Reducer 4: 0(+1)/1	
INFO  : Map 1: 121/121	Map 5: 1/1	Map 6: 1/1	Map 7: 1/1	Map 8: 113/113	Reducer 2: 253/253	Reducer 3: 631(+378)/1009	Reducer 4: 0(+1)/1	
INFO  : Map 1: 121/121	Map 5: 1/1	Map 6: 1/1	Map 7: 1/1	Map 8: 113/113	Reducer 2: 253/253	Reducer 3: 645(+364)/1009	Reducer 4: 0(+1)/1	
INFO  : Map 1: 121/121	Map 5: 1/1	Map 6: 1/1	Map 7: 1/1	Map 8: 113/113	Reducer 2: 253/253	Reducer 3: 734(+275)/1009	Reducer 4: 0(+1)/1	
INFO  : Map 1: 121/121	Map 5: 1/1	Map 6: 1/1	Map 7: 1/1	Map 8: 113/113	Reducer 2: 253/253	Reducer 3: 818(+190)/1009	Reducer 4: 0(+1)/1	
INFO  : Map 1: 121/121	Map 5: 1/1	Map 6: 1/1	Map 7: 1/1	Map 8: 113/113	Reducer 2: 253/253	Reducer 3: 889(+120)/1009	Reducer 4: 0(+1)/1	
INFO  : Map 1: 121/121	Map 5: 1/1	Map 6: 1/1	Map 7: 1/1	Map 8: 113/113	Reducer 2: 253/253	Reducer 3: 918(+91)/1009	Reducer 4: 0(+1)/1	
INFO  : Map 1: 121/121	Map 5: 1/1	Map 6: 1/1	Map 7: 1/1	Map 8: 113/113	Reducer 2: 253/253	Reducer 3: 953(+56)/1009	Reducer 4: 0(+1)/1	
INFO  : Map 1: 121/121	Map 5: 1/1	Map 6: 1/1	Map 7: 1/1	Map 8: 113/113	Reducer 2: 253/253	Reducer 3: 982(+27)/1009	Reducer 4: 0(+1)/1	
INFO  : Map 1: 121/121	Map 5: 1/1	Map 6: 1/1	Map 7: 1/1	Map 8: 113/113	Reducer 2: 253/253	Reducer 3: 993(+16)/1009	Reducer 4: 0(+1)/1	
INFO  : Map 1: 121/121	Map 5: 1/1	Map 6: 1/1	Map 7: 1/1	Map 8: 113/113	Reducer 2: 253/253	Reducer 3: 995(+14)/1009	Reducer 4: 0(+1)/1	
INFO  : Map 1: 121/121	Map 5: 1/1	Map 6: 1/1	Map 7: 1/1	Map 8: 113/113	Reducer 2: 253/253	Reducer 3: 1003(+6)/1009	Reducer 4: 0(+1)/1	
INFO  : Map 1: 121/121	Map 5: 1/1	Map 6: 1/1	Map 7: 1/1	Map 8: 113/113	Reducer 2: 253/253	Reducer 3: 1009/1009	Reducer 4: 0(+1)/1	
INFO  : Map 1: 121/121	Map 5: 1/1	Map 6: 1/1	Map 7: 1/1	Map 8: 113/113	Reducer 2: 253/253	Reducer 3: 1009/1009	Reducer 4: 1/1	
INFO  : Status: DAG finished successfully in 35.44 seconds
INFO  : 
INFO  : Query Execution Summary
INFO  : ----------------------------------------------------------------------------------------------
INFO  : ----------------------------------------------------------------------------------------------
INFO  : Compile Query                           0.59s
INFO  : Prepare Plan                            0.29s
INFO  : Submit Plan                             5.51s
INFO  : Start DAG                               0.54s
INFO  : Run DAG                                35.44s
INFO  : ----------------------------------------------------------------------------------------------
INFO  : 
INFO  : Task Execution Summary
INFO  : --------------------------------------------------------------------------------------------------------------------------------
INFO  : --------------------------------------------------------------------------------------------------------------------------------
INFO  :      Map 1          121                0             0       19158.00             0            0  2,304,737,093     121,586,738
INFO  :      Map 5            1                0             0        1613.00             0            0         10,000             156
INFO  :      Map 6            1                0             0        1613.00             0            0          1,500           1,399
INFO  :      Map 7            1                0             0        1613.00             0            0          7,200           5,040
INFO  :      Map 8          113                0             0        3431.00             0            0     65,000,000      65,000,000
INFO  :  Reducer 2          253                0             0       12095.00             0            0    121,586,738     121,118,141
INFO  :  Reducer 3         1009                0             0       10515.00             0            0    186,118,141         100,900
INFO  :  Reducer 4            1                0             0        3578.00             0            0        100,900               0
INFO  : --------------------------------------------------------------------------------------------------------------------------------
INFO  : 
INFO  : LLAP IO Summary
INFO  : ----------------------------------------------------------------------------------------------
INFO  : ----------------------------------------------------------------------------------------------
INFO  :      Map 1    231312       114       3065        0B    27.42GB     55.89GB  49.38GB  1132.82s
INFO  :      Map 5         1         0          2        0B     3.24KB    393.22KB  38.82KB     0.31s
INFO  :      Map 6         1         0          2        0B     5.57KB    786.43KB   6.00KB     0.37s
INFO  :      Map 7         1         0          2        0B       298B    786.43KB   2.42KB     0.25s
INFO  :      Map 8      6667         0       1112        0B   288.70MB      1.02GB 303.99MB    62.89s
INFO  : ----------------------------------------------------------------------------------------------
INFO  : 
INFO  : FileSystem Counters Summary
INFO  : 
INFO  : ----------------------------------------------------------------------------------------------
INFO  : ----------------------------------------------------------------------------------------------
INFO  :      Map 1          5.86MB             0                  0             4.04GB             0
INFO  :      Map 5              0B             0                  0               687B             0
INFO  :      Map 6              0B             0                  0            10.84KB             0
INFO  :      Map 7              0B             0                  0            20.17KB             0
INFO  :      Map 8              0B             0                  0             1.11GB             0
INFO  :  Reducer 2          3.39GB             0                  0             3.76GB             0
INFO  :  Reducer 3          5.37GB             0                  0             2.21MB             0
INFO  :  Reducer 4          1.57MB             0                  0                 0B             0
INFO  : ----------------------------------------------------------------------------------------------
INFO  : 
INFO  : ----------------------------------------------------------------------------------------------
INFO  : ----------------------------------------------------------------------------------------------
INFO  :      Map 1         27.48GB          2148                  0                 0B             0
INFO  :      Map 5         20.74KB             4                  0                 0B             0
INFO  :      Map 6         22.84KB             4                  0                 0B             0
INFO  :      Map 7          1.98KB             4                  0                 0B             0
INFO  :      Map 8        298.57MB          2224                  0                 0B             0
INFO  :  Reducer 2              0B             0                  0                 0B             0
INFO  :  Reducer 3              0B             0                  0                 0B             0
INFO  :  Reducer 4              0B             2                  0             4.73KB             2
INFO  : ----------------------------------------------------------------------------------------------
INFO  : 
INFO  : org.apache.tez.common.counters.DAGCounter:
INFO  :    NUM_SUCCEEDED_TASKS: 1500
INFO  :    TOTAL_LAUNCHED_TASKS: 1500
INFO  :    DATA_LOCAL_TASKS: 237
INFO  :    AM_CPU_MILLISECONDS: 40830
INFO  :    AM_GC_TIME_MILLIS: 128
INFO  : File System Counters:
INFO  :    FILE_BYTES_READ: 8766301055
INFO  :    FILE_BYTES_WRITTEN: 8913196339
INFO  :    FILE_READ_OPS: 0
INFO  :    FILE_LARGE_READ_OPS: 0
INFO  :    FILE_WRITE_OPS: 0
INFO  :    HDFS_BYTES_READ: 27774433005
INFO  :    HDFS_BYTES_WRITTEN: 4730
INFO  :    HDFS_READ_OPS: 4386
INFO  :    HDFS_LARGE_READ_OPS: 0
INFO  :    HDFS_WRITE_OPS: 2
INFO  : org.apache.tez.common.counters.TaskCounter:
INFO  :    REDUCE_INPUT_GROUPS: 121217350
INFO  :    REDUCE_INPUT_RECORDS: 121687638
INFO  :    COMBINE_INPUT_RECORDS: 0
INFO  :    SPILLED_RECORDS: 243376876
INFO  :    NUM_SHUFFLED_INPUTS: 492419
INFO  :    NUM_SKIPPED_INPUTS: 0
INFO  :    NUM_FAILED_SHUFFLE_INPUTS: 0
INFO  :    MERGED_MAP_OUTPUTS: 123098
INFO  :    INPUT_RECORDS_PROCESSED: 188547311
INFO  :    INPUT_SPLIT_LENGTH_BYTES: 131741738762
INFO  :    OUTPUT_RECORDS: 307812374
INFO  :    OUTPUT_LARGE_RECORDS: 0
INFO  :    OUTPUT_BYTES: 11101272915
INFO  :    OUTPUT_BYTES_WITH_OVERHEAD: 13862432116
INFO  :    OUTPUT_BYTES_PHYSICAL: 8910229995
INFO  :    ADDITIONAL_SPILLS_BYTES_WRITTEN: 3459299294
INFO  :    ADDITIONAL_SPILLS_BYTES_READ: 3910815930
INFO  :    ADDITIONAL_SPILL_COUNT: 0
INFO  :    SHUFFLE_CHUNK_COUNT: 1130
INFO  :    SHUFFLE_BYTES: 8901619659
INFO  :    SHUFFLE_BYTES_DECOMPRESSED: 11720342281
INFO  :    SHUFFLE_BYTES_TO_MEM: 7909748689
INFO  :    SHUFFLE_BYTES_TO_DISK: 0
INFO  :    SHUFFLE_BYTES_DISK_DIRECT: 991870970
INFO  :    NUM_MEM_TO_DISK_MERGES: 0
INFO  :    NUM_DISK_TO_DISK_MERGES: 0
INFO  :    SHUFFLE_PHASE_TIME: 7152546
INFO  :    MERGE_PHASE_TIME: 1652240
INFO  :    FIRST_EVENT_RECEIVED: 82342
INFO  :    LAST_EVENT_RECEIVED: 2519142
INFO  : HIVE:
INFO  :    CREATED_FILES: 1
INFO  :    DESERIALIZE_ERRORS: 0
INFO  :    RECORDS_IN_Map_1: 2304730498
INFO  :    RECORDS_IN_Map_5: 10000
INFO  :    RECORDS_IN_Map_6: 1500
INFO  :    RECORDS_IN_Map_7: 7200
INFO  :    RECORDS_IN_Map_8: 65000000
INFO  :    RECORDS_OUT_0: 100
INFO  :    RECORDS_OUT_INTERMEDIATE_Map_1: 121586738
INFO  :    RECORDS_OUT_INTERMEDIATE_Map_5: 156
INFO  :    RECORDS_OUT_INTERMEDIATE_Map_6: 1399
INFO  :    RECORDS_OUT_INTERMEDIATE_Map_7: 5040
INFO  :    RECORDS_OUT_INTERMEDIATE_Map_8: 65000000
INFO  :    RECORDS_OUT_INTERMEDIATE_Reducer_2: 121118141
INFO  :    RECORDS_OUT_INTERMEDIATE_Reducer_3: 100900
INFO  : Shuffle Errors:
INFO  :    BAD_ID: 0
INFO  :    CONNECTION: 0
INFO  :    IO_ERROR: 0
INFO  :    WRONG_LENGTH: 0
INFO  :    WRONG_MAP: 0
INFO  :    WRONG_REDUCE: 0
INFO  : Shuffle Errors_Reducer_2_INPUT_Map_1:
INFO  :    BAD_ID: 0
INFO  :    CONNECTION: 0
INFO  :    IO_ERROR: 0
INFO  :    WRONG_LENGTH: 0
INFO  :    WRONG_MAP: 0
INFO  :    WRONG_REDUCE: 0
INFO  : Shuffle Errors_Reducer_4_INPUT_Reducer_3:
INFO  :    BAD_ID: 0
INFO  :    CONNECTION: 0
INFO  :    IO_ERROR: 0
INFO  :    WRONG_LENGTH: 0
INFO  :    WRONG_MAP: 0
INFO  :    WRONG_REDUCE: 0
INFO  : TaskCounter_Map_1_INPUT_Map_5:
INFO  :    FIRST_EVENT_RECEIVED: 176
INFO  :    INPUT_RECORDS_PROCESSED: 1404
INFO  :    LAST_EVENT_RECEIVED: 176
INFO  :    NUM_FAILED_SHUFFLE_INPUTS: 0
INFO  :    NUM_SHUFFLED_INPUTS: 9
INFO  :    SHUFFLE_BYTES: 5895
INFO  :    SHUFFLE_BYTES_DECOMPRESSED: 9882
INFO  :    SHUFFLE_BYTES_DISK_DIRECT: 655
INFO  :    SHUFFLE_BYTES_TO_DISK: 0
INFO  :    SHUFFLE_BYTES_TO_MEM: 5240
INFO  :    SHUFFLE_PHASE_TIME: 657
INFO  : TaskCounter_Map_1_INPUT_Map_6:
INFO  :    FIRST_EVENT_RECEIVED: 25
INFO  :    INPUT_RECORDS_PROCESSED: 12591
INFO  :    LAST_EVENT_RECEIVED: 25
INFO  :    NUM_FAILED_SHUFFLE_INPUTS: 0
INFO  :    NUM_SHUFFLED_INPUTS: 9
INFO  :    SHUFFLE_BYTES: 97272
INFO  :    SHUFFLE_BYTES_DECOMPRESSED: 224073
INFO  :    SHUFFLE_BYTES_DISK_DIRECT: 10808
INFO  :    SHUFFLE_BYTES_TO_DISK: 0
INFO  :    SHUFFLE_BYTES_TO_MEM: 86464
INFO  :    SHUFFLE_PHASE_TIME: 942
INFO  : TaskCounter_Map_1_INPUT_Map_7:
INFO  :    FIRST_EVENT_RECEIVED: 18
INFO  :    INPUT_RECORDS_PROCESSED: 45360
INFO  :    LAST_EVENT_RECEIVED: 18
INFO  :    NUM_FAILED_SHUFFLE_INPUTS: 0
INFO  :    NUM_SHUFFLED_INPUTS: 9
INFO  :    SHUFFLE_BYTES: 181224
INFO  :    SHUFFLE_BYTES_DECOMPRESSED: 317574
INFO  :    SHUFFLE_BYTES_DISK_DIRECT: 20136
INFO  :    SHUFFLE_BYTES_TO_DISK: 0
INFO  :    SHUFFLE_BYTES_TO_MEM: 161088
INFO  :    SHUFFLE_PHASE_TIME: 961
INFO  : TaskCounter_Map_1_INPUT_store_sales:
INFO  :    INPUT_RECORDS_PROCESSED: 2304794
INFO  :    INPUT_SPLIT_LENGTH_BYTES: 128211901872
INFO  : TaskCounter_Map_1_OUTPUT_Reducer_2:
INFO  :    ADDITIONAL_SPILLS_BYTES_READ: 0
INFO  :    ADDITIONAL_SPILLS_BYTES_WRITTEN: 0
INFO  :    ADDITIONAL_SPILL_COUNT: 0
INFO  :    OUTPUT_BYTES: 5279012383
INFO  :    OUTPUT_BYTES_PHYSICAL: 4033507913
INFO  :    OUTPUT_BYTES_WITH_OVERHEAD: 5522918393
INFO  :    OUTPUT_RECORDS: 121586738
INFO  :    SHUFFLE_CHUNK_COUNT: 121
INFO  :    SPILLED_RECORDS: 121586738
INFO  : TaskCounter_Map_5_INPUT_date_dim:
INFO  :    INPUT_RECORDS_PROCESSED: 10
INFO  :    INPUT_SPLIT_LENGTH_BYTES: 759177
INFO  : TaskCounter_Map_5_OUTPUT_Map_1:
INFO  :    ADDITIONAL_SPILLS_BYTES_READ: 0
INFO  :    ADDITIONAL_SPILLS_BYTES_WRITTEN: 0
INFO  :    ADDITIONAL_SPILL_COUNT: 0
INFO  :    OUTPUT_BYTES: 780
INFO  :    OUTPUT_BYTES_PHYSICAL: 679
INFO  :    OUTPUT_BYTES_WITH_OVERHEAD: 1098
INFO  :    OUTPUT_LARGE_RECORDS: 0
INFO  :    OUTPUT_RECORDS: 156
INFO  :    SPILLED_RECORDS: 0
INFO  : TaskCounter_Map_6_INPUT_store:
INFO  :    INPUT_RECORDS_PROCESSED: 2
INFO  :    INPUT_SPLIT_LENGTH_BYTES: 127422
INFO  : TaskCounter_Map_6_OUTPUT_Map_1:
INFO  :    ADDITIONAL_SPILLS_BYTES_READ: 0
INFO  :    ADDITIONAL_SPILLS_BYTES_WRITTEN: 0
INFO  :    ADDITIONAL_SPILL_COUNT: 0
INFO  :    OUTPUT_BYTES: 22093
INFO  :    OUTPUT_BYTES_PHYSICAL: 10832
INFO  :    OUTPUT_BYTES_WITH_OVERHEAD: 24897
INFO  :    OUTPUT_LARGE_RECORDS: 0
INFO  :    OUTPUT_RECORDS: 1399
INFO  :    SPILLED_RECORDS: 0
INFO  : TaskCounter_Map_7_INPUT_household_demographics:
INFO  :    INPUT_RECORDS_PROCESSED: 8
INFO  :    INPUT_SPLIT_LENGTH_BYTES: 1147
INFO  : TaskCounter_Map_7_OUTPUT_Map_1:
INFO  :    ADDITIONAL_SPILLS_BYTES_READ: 0
INFO  :    ADDITIONAL_SPILLS_BYTES_WRITTEN: 0
INFO  :    ADDITIONAL_SPILL_COUNT: 0
INFO  :    OUTPUT_BYTES: 25200
INFO  :    OUTPUT_BYTES_PHYSICAL: 20160
INFO  :    OUTPUT_BYTES_WITH_OVERHEAD: 35286
INFO  :    OUTPUT_LARGE_RECORDS: 0
INFO  :    OUTPUT_RECORDS: 5040
INFO  :    SPILLED_RECORDS: 0
INFO  : TaskCounter_Map_8_INPUT_customer:
INFO  :    INPUT_RECORDS_PROCESSED: 65001
INFO  :    INPUT_SPLIT_LENGTH_BYTES: 3528949144
INFO  : TaskCounter_Map_8_OUTPUT_Reducer_3:
INFO  :    ADDITIONAL_SPILLS_BYTES_READ: 0
INFO  :    ADDITIONAL_SPILLS_BYTES_WRITTEN: 0
INFO  :    ADDITIONAL_SPILL_COUNT: 0
INFO  :    OUTPUT_BYTES: 1270652108
INFO  :    OUTPUT_BYTES_PHYSICAL: 1110473862
INFO  :    OUTPUT_BYTES_WITH_OVERHEAD: 2146432874
INFO  :    OUTPUT_LARGE_RECORDS: 0
INFO  :    OUTPUT_RECORDS: 65000000
INFO  :    SPILLED_RECORDS: 0
INFO  : TaskCounter_Reducer_2_INPUT_Map_1:
INFO  :    ADDITIONAL_SPILLS_BYTES_READ: 3908866378
INFO  :    ADDITIONAL_SPILLS_BYTES_WRITTEN: 3459299294
INFO  :    COMBINE_INPUT_RECORDS: 0
INFO  :    FIRST_EVENT_RECEIVED: 4134
INFO  :    LAST_EVENT_RECEIVED: 1331622
INFO  :    MERGED_MAP_OUTPUTS: 122089
INFO  :    MERGE_PHASE_TIME: 1649076
INFO  :    NUM_DISK_TO_DISK_MERGES: 0
INFO  :    NUM_FAILED_SHUFFLE_INPUTS: 0
INFO  :    NUM_MEM_TO_DISK_MERGES: 0
INFO  :    NUM_SHUFFLED_INPUTS: 122089
INFO  :    NUM_SKIPPED_INPUTS: 0
INFO  :    REDUCE_INPUT_GROUPS: 121118141
INFO  :    REDUCE_INPUT_RECORDS: 121586738
INFO  :    SHUFFLE_BYTES: 4033507913
INFO  :    SHUFFLE_BYTES_DECOMPRESSED: 5522918393
INFO  :    SHUFFLE_BYTES_DISK_DIRECT: 449567084
INFO  :    SHUFFLE_BYTES_TO_DISK: 0
INFO  :    SHUFFLE_BYTES_TO_MEM: 3583940829
INFO  :    SHUFFLE_PHASE_TIME: 1431754
INFO  :    SPILLED_RECORDS: 121586738
INFO  : TaskCounter_Reducer_2_OUTPUT_Reducer_3:
INFO  :    ADDITIONAL_SPILLS_BYTES_READ: 0
INFO  :    ADDITIONAL_SPILLS_BYTES_WRITTEN: 0
INFO  :    ADDITIONAL_SPILL_COUNT: 0
INFO  :    OUTPUT_BYTES: 4547837018
INFO  :    OUTPUT_BYTES_PHYSICAL: 3764035974
INFO  :    OUTPUT_BYTES_WITH_OVERHEAD: 6189088381
INFO  :    OUTPUT_LARGE_RECORDS: 0
INFO  :    OUTPUT_RECORDS: 121118141
INFO  :    SPILLED_RECORDS: 0
INFO  : TaskCounter_Reducer_3_INPUT_Map_8:
INFO  :    FIRST_EVENT_RECEIVED: 42308
INFO  :    INPUT_RECORDS_PROCESSED: 65000000
INFO  :    LAST_EVENT_RECEIVED: 108871
INFO  :    NUM_FAILED_SHUFFLE_INPUTS: 0
INFO  :    NUM_SHUFFLED_INPUTS: 114017
INFO  :    SHUFFLE_BYTES: 1107737454
INFO  :    SHUFFLE_BYTES_DECOMPRESSED: 1401336210
INFO  :    SHUFFLE_BYTES_DISK_DIRECT: 123556061
INFO  :    SHUFFLE_BYTES_TO_DISK: 0
INFO  :    SHUFFLE_BYTES_TO_MEM: 984181393
INFO  :    SHUFFLE_PHASE_TIME: 2060751
INFO  : TaskCounter_Reducer_3_INPUT_Reducer_2:
INFO  :    FIRST_EVENT_RECEIVED: 35679
INFO  :    INPUT_RECORDS_PROCESSED: 121118141
INFO  :    LAST_EVENT_RECEIVED: 1075358
INFO  :    NUM_FAILED_SHUFFLE_INPUTS: 0
INFO  :    NUM_SHUFFLED_INPUTS: 255277
INFO  :    SHUFFLE_BYTES: 3757909326
INFO  :    SHUFFLE_BYTES_DECOMPRESSED: 4791604962
INFO  :    SHUFFLE_BYTES_DISK_DIRECT: 418467795
INFO  :    SHUFFLE_BYTES_TO_DISK: 0
INFO  :    SHUFFLE_BYTES_TO_MEM: 3339441531
INFO  :    SHUFFLE_PHASE_TIME: 3654405
INFO  : TaskCounter_Reducer_3_OUTPUT_Reducer_4:
INFO  :    ADDITIONAL_SPILLS_BYTES_READ: 0
INFO  :    ADDITIONAL_SPILLS_BYTES_WRITTEN: 0
INFO  :    ADDITIONAL_SPILL_COUNT: 0
INFO  :    OUTPUT_BYTES: 3723333
INFO  :    OUTPUT_BYTES_PHYSICAL: 2180575
INFO  :    OUTPUT_BYTES_WITH_OVERHEAD: 3931187
INFO  :    OUTPUT_RECORDS: 100900
INFO  :    SHUFFLE_CHUNK_COUNT: 1009
INFO  :    SPILLED_RECORDS: 100900
INFO  : TaskCounter_Reducer_4_INPUT_Reducer_3:
INFO  :    ADDITIONAL_SPILLS_BYTES_READ: 1949552
INFO  :    ADDITIONAL_SPILLS_BYTES_WRITTEN: 0
INFO  :    COMBINE_INPUT_RECORDS: 0
INFO  :    FIRST_EVENT_RECEIVED: 2
INFO  :    LAST_EVENT_RECEIVED: 3072
INFO  :    MERGED_MAP_OUTPUTS: 1009
INFO  :    MERGE_PHASE_TIME: 3164
INFO  :    NUM_DISK_TO_DISK_MERGES: 0
INFO  :    NUM_FAILED_SHUFFLE_INPUTS: 0
INFO  :    NUM_MEM_TO_DISK_MERGES: 0
INFO  :    NUM_SHUFFLED_INPUTS: 1009
INFO  :    NUM_SKIPPED_INPUTS: 0
INFO  :    REDUCE_INPUT_GROUPS: 99209
INFO  :    REDUCE_INPUT_RECORDS: 100900
INFO  :    SHUFFLE_BYTES: 2180575
INFO  :    SHUFFLE_BYTES_DECOMPRESSED: 3931187
INFO  :    SHUFFLE_BYTES_DISK_DIRECT: 248431
INFO  :    SHUFFLE_BYTES_TO_DISK: 0
INFO  :    SHUFFLE_BYTES_TO_MEM: 1932144
INFO  :    SHUFFLE_PHASE_TIME: 3076
INFO  :    SPILLED_RECORDS: 102500
INFO  : TaskCounter_Reducer_4_OUTPUT_out_Reducer_4:
INFO  :    OUTPUT_RECORDS: 0
INFO  : org.apache.hadoop.hive.llap.counters.LlapIOCounters:
INFO  :    ALLOCATED_BYTES: 56913428480
INFO  :    ALLOCATED_USED_BYTES: 49681458609
INFO  :    CACHE_HIT_BYTES: 0
INFO  :    CACHE_MISS_BYTES: 27704664735
INFO  :    CONSUMER_TIME_NS: 1247472818893
INFO  :    DECODE_TIME_NS: 583519154799
INFO  :    HDFS_TIME_NS: 423749537968
INFO  :    METADATA_CACHE_HIT: 114
INFO  :    METADATA_CACHE_MISS: 4183
INFO  :    NUM_DECODED_BATCHES: 237982
INFO  :    NUM_VECTOR_BATCHES: 2369815
INFO  :    ROWS_EMITTED: 2369749198
INFO  :    SELECTED_ROWGROUPS: 237982
INFO  :    TOTAL_IO_TIME_NS: 1196640267740
INFO  : Completed executing command(queryId=hive_20161019160404_ea5496fb-b732-4470-bf00-9b715cf8b601); Time taken: 41.889 seconds
INFO  : OK
100 rows selected (42.531 seconds)
Closing: 0: jdbc:hive2://h01hn02:10500/tpcds_bin_partitioned_orc_10000
