Connecting to jdbc:hive2://h01hn02:10500/tpcds_bin_partitioned_orc_10000
Connected to: Apache Hive (version 2.1.0.2.5.1.0-43)
Driver: Hive JDBC (version 1.2.1000.2.5.1.0-43)
Transaction isolation: TRANSACTION_REPEATABLE_READ
Running init script bry.sql
No rows affected (0.036 seconds)
No rows affected (0.002 seconds)
INFO  : Compiling command(queryId=hive_20161017205545_04caa40c-3a8d-482f-b0de-ce304c1de32b): select  i_item_id,
        avg(cs_quantity) agg1,
        avg(cs_list_price) agg2,
        avg(cs_coupon_amt) agg3,
        avg(cs_sales_price) agg4 
 from catalog_sales, customer_demographics, date_dim, item, promotion
 where catalog_sales.cs_sold_date_sk = date_dim.d_date_sk and
       catalog_sales.cs_item_sk = item.i_item_sk and
       catalog_sales.cs_bill_cdemo_sk = customer_demographics.cd_demo_sk and
       catalog_sales.cs_promo_sk = promotion.p_promo_sk and
       cd_gender = 'F' and 
       cd_marital_status = 'W' and
       cd_education_status = 'Primary' and
       (p_channel_email = 'N' or p_channel_event = 'N') and
       d_year = 1998
 group by i_item_id
 order by i_item_id
 limit 100
INFO  : Semantic Analysis Completed
INFO  : Returning Hive schema: Schema(fieldSchemas:[FieldSchema(name:i_item_id, type:string, comment:null), FieldSchema(name:agg1, type:double, comment:null), FieldSchema(name:agg2, type:double, comment:null), FieldSchema(name:agg3, type:double, comment:null), FieldSchema(name:agg4, type:double, comment:null)], properties:null)
INFO  : Completed compiling command(queryId=hive_20161017205545_04caa40c-3a8d-482f-b0de-ce304c1de32b); Time taken: 0.642 seconds
INFO  : Concurrency mode is disabled, not creating a lock manager
INFO  : Executing command(queryId=hive_20161017205545_04caa40c-3a8d-482f-b0de-ce304c1de32b): select  i_item_id,
        avg(cs_quantity) agg1,
        avg(cs_list_price) agg2,
        avg(cs_coupon_amt) agg3,
        avg(cs_sales_price) agg4 
 from catalog_sales, customer_demographics, date_dim, item, promotion
 where catalog_sales.cs_sold_date_sk = date_dim.d_date_sk and
       catalog_sales.cs_item_sk = item.i_item_sk and
       catalog_sales.cs_bill_cdemo_sk = customer_demographics.cd_demo_sk and
       catalog_sales.cs_promo_sk = promotion.p_promo_sk and
       cd_gender = 'F' and 
       cd_marital_status = 'W' and
       cd_education_status = 'Primary' and
       (p_channel_email = 'N' or p_channel_event = 'N') and
       d_year = 1998
 group by i_item_id
 order by i_item_id
 limit 100
INFO  : Query ID = hive_20161017205545_04caa40c-3a8d-482f-b0de-ce304c1de32b
INFO  : Total jobs = 1
INFO  : Launching Job 1 out of 1
INFO  : Starting task [Stage-1:MAPRED] in serial mode
INFO  : Session is already open
INFO  : Dag name: select  i_item_id,
        avg(cs_quan...100(Stage-1)
INFO  : Setting tez.task.scale.memory.reserve-fraction to 0.30000001192092896
INFO  : Tez session was closed. Reopening...
INFO  : Session re-established.
INFO  : 

INFO  : Status: Running (Executing on YARN cluster with App id application_1476716628816_0112)

INFO  : Map 1: -/-	Map 4: 0/6	Map 5: 0/1	Map 6: 0/7	Map 7: 0/1	Reducer 2: 0/1009	Reducer 3: 0/1	
INFO  : Map 1: -/-	Map 4: 0(+6)/6	Map 5: 0(+1)/1	Map 6: 0(+7)/7	Map 7: 0(+1)/1	Reducer 2: 0/1009	Reducer 3: 0/1	
INFO  : Map 1: -/-	Map 4: 6/6	Map 5: 1/1	Map 6: 7/7	Map 7: 1/1	Reducer 2: 0/1009	Reducer 3: 0/1	
INFO  : Map 1: 0/115	Map 4: 6/6	Map 5: 1/1	Map 6: 7/7	Map 7: 1/1	Reducer 2: 0/1009	Reducer 3: 0/1	
INFO  : Map 1: 0(+115)/115	Map 4: 6/6	Map 5: 1/1	Map 6: 7/7	Map 7: 1/1	Reducer 2: 0/1009	Reducer 3: 0/1	
INFO  : Map 1: 1(+114)/115	Map 4: 6/6	Map 5: 1/1	Map 6: 7/7	Map 7: 1/1	Reducer 2: 0/1009	Reducer 3: 0/1	
INFO  : Map 1: 2(+113)/115	Map 4: 6/6	Map 5: 1/1	Map 6: 7/7	Map 7: 1/1	Reducer 2: 0/1009	Reducer 3: 0/1	
INFO  : Map 1: 3(+112)/115	Map 4: 6/6	Map 5: 1/1	Map 6: 7/7	Map 7: 1/1	Reducer 2: 0/1009	Reducer 3: 0/1	
INFO  : Map 1: 4(+111)/115	Map 4: 6/6	Map 5: 1/1	Map 6: 7/7	Map 7: 1/1	Reducer 2: 0/1009	Reducer 3: 0/1	
INFO  : Map 1: 6(+109)/115	Map 4: 6/6	Map 5: 1/1	Map 6: 7/7	Map 7: 1/1	Reducer 2: 0/1009	Reducer 3: 0/1	
INFO  : Map 1: 8(+107)/115	Map 4: 6/6	Map 5: 1/1	Map 6: 7/7	Map 7: 1/1	Reducer 2: 0/1009	Reducer 3: 0/1	
INFO  : Map 1: 11(+104)/115	Map 4: 6/6	Map 5: 1/1	Map 6: 7/7	Map 7: 1/1	Reducer 2: 0/1009	Reducer 3: 0/1	
INFO  : Map 1: 22(+93)/115	Map 4: 6/6	Map 5: 1/1	Map 6: 7/7	Map 7: 1/1	Reducer 2: 0/1009	Reducer 3: 0/1	
INFO  : Map 1: 45(+70)/115	Map 4: 6/6	Map 5: 1/1	Map 6: 7/7	Map 7: 1/1	Reducer 2: 0/1009	Reducer 3: 0/1	
INFO  : Map 1: 78(+37)/115	Map 4: 6/6	Map 5: 1/1	Map 6: 7/7	Map 7: 1/1	Reducer 2: 0/1009	Reducer 3: 0/1	
INFO  : Map 1: 94(+21)/115	Map 4: 6/6	Map 5: 1/1	Map 6: 7/7	Map 7: 1/1	Reducer 2: 0(+24)/253	Reducer 3: 0/1	
INFO  : Map 1: 103(+12)/115	Map 4: 6/6	Map 5: 1/1	Map 6: 7/7	Map 7: 1/1	Reducer 2: 0(+59)/253	Reducer 3: 0/1	
INFO  : Map 1: 114(+1)/115	Map 4: 6/6	Map 5: 1/1	Map 6: 7/7	Map 7: 1/1	Reducer 2: 0(+253)/253	Reducer 3: 0/1	
INFO  : Map 1: 115/115	Map 4: 6/6	Map 5: 1/1	Map 6: 7/7	Map 7: 1/1	Reducer 2: 106(+141)/253	Reducer 3: 0(+1)/1	
INFO  : Map 1: 115/115	Map 4: 6/6	Map 5: 1/1	Map 6: 7/7	Map 7: 1/1	Reducer 2: 201(+52)/253	Reducer 3: 0(+1)/1	
INFO  : Map 1: 115/115	Map 4: 6/6	Map 5: 1/1	Map 6: 7/7	Map 7: 1/1	Reducer 2: 204(+49)/253	Reducer 3: 0(+1)/1	
INFO  : Map 1: 115/115	Map 4: 6/6	Map 5: 1/1	Map 6: 7/7	Map 7: 1/1	Reducer 2: 253/253	Reducer 3: 0(+1)/1	
INFO  : Map 1: 115/115	Map 4: 6/6	Map 5: 1/1	Map 6: 7/7	Map 7: 1/1	Reducer 2: 253/253	Reducer 3: 1/1	
INFO  : Status: DAG finished successfully in 8.41 seconds
INFO  : 
INFO  : Query Execution Summary
INFO  : ----------------------------------------------------------------------------------------------
INFO  : ----------------------------------------------------------------------------------------------
INFO  : Compile Query                           0.64s
INFO  : Prepare Plan                            0.23s
INFO  : Submit Plan                             3.95s
INFO  : Start DAG                               0.34s
INFO  : Run DAG                                 8.41s
INFO  : ----------------------------------------------------------------------------------------------
INFO  : 
INFO  : Task Execution Summary
INFO  : --------------------------------------------------------------------------------------------------------------------------------
INFO  : --------------------------------------------------------------------------------------------------------------------------------
INFO  :      Map 1          115                0             0        6469.00             0            0  2,850,444,126          25,892
INFO  :      Map 4            6                0             0         202.00             0            0      1,920,800          27,440
INFO  :      Map 5            1                0             0         202.00             0            0         10,000             365
INFO  :      Map 6            7                0             0         202.00             0            0        402,000         402,000
INFO  :      Map 7            1                0             0         202.00             0            0          2,000           1,991
INFO  :  Reducer 2          253                0             0        1409.00             0            0         25,892             265
INFO  :  Reducer 3            1                0             0         929.00             0            0            265               0
INFO  : --------------------------------------------------------------------------------------------------------------------------------
INFO  : 
INFO  : LLAP IO Summary
INFO  : ----------------------------------------------------------------------------------------------
INFO  : ----------------------------------------------------------------------------------------------
INFO  :      Map 1    285930      5231          0   45.62GB         0B          0B       0B   442.85s
INFO  :      Map 4       195        12          0  333.38KB         0B          0B       0B     0.12s
INFO  :      Map 5         1         2          0    1.39KB         0B          0B       0B     0.00s
INFO  :      Map 6        42        14          0    1.78MB         0B          0B       0B     0.03s
INFO  :      Map 7         1         2          0      261B         0B          0B       0B     0.00s
INFO  : ----------------------------------------------------------------------------------------------
INFO  : 
INFO  : FileSystem Counters Summary
INFO  : 
INFO  : ----------------------------------------------------------------------------------------------
INFO  : ----------------------------------------------------------------------------------------------
INFO  :      Map 1          5.57MB             0                  0             6.24MB             0
INFO  :      Map 4              0B             0                  0           126.46KB             0
INFO  :      Map 5              0B             0                  0             1.51KB             0
INFO  :      Map 6              0B             0                  0             2.74MB             0
INFO  :      Map 7              0B             0                  0             7.99KB             0
INFO  :  Reducer 2         16.19KB             0                  0            24.81KB             0
INFO  :  Reducer 3              0B             0                  0                 0B             0
INFO  : ----------------------------------------------------------------------------------------------
INFO  : 
INFO  : ----------------------------------------------------------------------------------------------
INFO  : ----------------------------------------------------------------------------------------------
INFO  :      Map 1              0B             0                  0                 0B             0
INFO  :      Map 4              0B             0                  0                 0B             0
INFO  :      Map 5              0B             0                  0                 0B             0
INFO  :      Map 6              0B             0                  0                 0B             0
INFO  :      Map 7              0B             0                  0                 0B             0
INFO  :  Reducer 2              0B             0                  0                 0B             0
INFO  :  Reducer 3              0B             2                  0            10.42KB             2
INFO  : ----------------------------------------------------------------------------------------------
INFO  : 
INFO  : org.apache.tez.common.counters.DAGCounter:
INFO  :    NUM_SUCCEEDED_TASKS: 384
INFO  :    TOTAL_LAUNCHED_TASKS: 384
INFO  :    DATA_LOCAL_TASKS: 130
INFO  :    AM_CPU_MILLISECONDS: 19960
INFO  :    AM_GC_TIME_MILLIS: 70
INFO  : File System Counters:
INFO  :    FILE_BYTES_READ: 5587712
INFO  :    FILE_BYTES_WRITTEN: 9139381
INFO  :    FILE_READ_OPS: 0
INFO  :    FILE_LARGE_READ_OPS: 0
INFO  :    FILE_WRITE_OPS: 0
INFO  :    HDFS_BYTES_READ: 0
INFO  :    HDFS_BYTES_WRITTEN: 10424
INFO  :    HDFS_READ_OPS: 2
INFO  :    HDFS_LARGE_READ_OPS: 0
INFO  :    HDFS_WRITE_OPS: 2
INFO  : org.apache.tez.common.counters.TaskCounter:
INFO  :    REDUCE_INPUT_GROUPS: 530
INFO  :    REDUCE_INPUT_RECORDS: 26157
INFO  :    COMBINE_INPUT_RECORDS: 0
INFO  :    SPILLED_RECORDS: 52314
INFO  :    NUM_SHUFFLED_INPUTS: 13245
INFO  :    NUM_SKIPPED_INPUTS: 103178
INFO  :    NUM_FAILED_SHUFFLE_INPUTS: 0
INFO  :    MERGED_MAP_OUTPUTS: 13110
INFO  :    INPUT_RECORDS_PROCESSED: 6738653
INFO  :    INPUT_SPLIT_LENGTH_BYTES: 219038370029
INFO  :    OUTPUT_RECORDS: 457953
INFO  :    OUTPUT_LARGE_RECORDS: 0
INFO  :    OUTPUT_BYTES: 11375488
INFO  :    OUTPUT_BYTES_WITH_OVERHEAD: 12761944
INFO  :    OUTPUT_BYTES_PHYSICAL: 6345405
INFO  :    ADDITIONAL_SPILLS_BYTES_WRITTEN: 501679
INFO  :    ADDITIONAL_SPILLS_BYTES_READ: 658720
INFO  :    ADDITIONAL_SPILL_COUNT: 0
INFO  :    SHUFFLE_CHUNK_COUNT: 368
INFO  :    SHUFFLE_BYTES: 27299413
INFO  :    SHUFFLE_BYTES_DECOMPRESSED: 94212172
INFO  :    SHUFFLE_BYTES_TO_MEM: 24265131
INFO  :    SHUFFLE_BYTES_TO_DISK: 0
INFO  :    SHUFFLE_BYTES_DISK_DIRECT: 3034282
INFO  :    NUM_MEM_TO_DISK_MERGES: 0
INFO  :    NUM_DISK_TO_DISK_MERGES: 0
INFO  :    SHUFFLE_PHASE_TIME: 132956
INFO  :    MERGE_PHASE_TIME: 133332
INFO  :    FIRST_EVENT_RECEIVED: 2863
INFO  :    LAST_EVENT_RECEIVED: 93534
INFO  : HIVE:
INFO  :    CREATED_FILES: 1
INFO  :    DESERIALIZE_ERRORS: 0
INFO  :    RECORDS_IN_Map_1: 2850012330
INFO  :    RECORDS_IN_Map_4: 1920800
INFO  :    RECORDS_IN_Map_5: 10000
INFO  :    RECORDS_IN_Map_6: 402000
INFO  :    RECORDS_IN_Map_7: 2000
INFO  :    RECORDS_OUT_0: 100
INFO  :    RECORDS_OUT_INTERMEDIATE_Map_1: 25892
INFO  :    RECORDS_OUT_INTERMEDIATE_Map_4: 27440
INFO  :    RECORDS_OUT_INTERMEDIATE_Map_5: 365
INFO  :    RECORDS_OUT_INTERMEDIATE_Map_6: 402000
INFO  :    RECORDS_OUT_INTERMEDIATE_Map_7: 1991
INFO  :    RECORDS_OUT_INTERMEDIATE_Reducer_2: 265
INFO  : Shuffle Errors:
INFO  :    BAD_ID: 0
INFO  :    CONNECTION: 0
INFO  :    IO_ERROR: 0
INFO  :    WRONG_LENGTH: 0
INFO  :    WRONG_MAP: 0
INFO  :    WRONG_REDUCE: 0
INFO  : Shuffle Errors_Reducer_2_INPUT_Map_1:
INFO  :    BAD_ID: 0
INFO  :    CONNECTION: 0
INFO  :    IO_ERROR: 0
INFO  :    WRONG_LENGTH: 0
INFO  :    WRONG_MAP: 0
INFO  :    WRONG_REDUCE: 0
INFO  : Shuffle Errors_Reducer_3_INPUT_Reducer_2:
INFO  :    BAD_ID: 0
INFO  :    CONNECTION: 0
INFO  :    IO_ERROR: 0
INFO  :    WRONG_LENGTH: 0
INFO  :    WRONG_MAP: 0
INFO  :    WRONG_REDUCE: 0
INFO  : TaskCounter_Map_1_INPUT_Map_4:
INFO  :    FIRST_EVENT_RECEIVED: 12
INFO  :    INPUT_RECORDS_PROCESSED: 246960
INFO  :    LAST_EVENT_RECEIVED: 15
INFO  :    NUM_FAILED_SHUFFLE_INPUTS: 0
INFO  :    NUM_SHUFFLED_INPUTS: 54
INFO  :    SHUFFLE_BYTES: 1136439
INFO  :    SHUFFLE_BYTES_DECOMPRESSED: 1729044
INFO  :    SHUFFLE_BYTES_DISK_DIRECT: 126271
INFO  :    SHUFFLE_BYTES_TO_DISK: 0
INFO  :    SHUFFLE_BYTES_TO_MEM: 1010168
INFO  :    SHUFFLE_PHASE_TIME: 788
INFO  : TaskCounter_Map_1_INPUT_Map_5:
INFO  :    FIRST_EVENT_RECEIVED: 9
INFO  :    INPUT_RECORDS_PROCESSED: 3285
INFO  :    LAST_EVENT_RECEIVED: 9
INFO  :    NUM_FAILED_SHUFFLE_INPUTS: 0
INFO  :    NUM_SHUFFLED_INPUTS: 9
INFO  :    SHUFFLE_BYTES: 13311
INFO  :    SHUFFLE_BYTES_DECOMPRESSED: 23049
INFO  :    SHUFFLE_BYTES_DISK_DIRECT: 1479
INFO  :    SHUFFLE_BYTES_TO_DISK: 0
INFO  :    SHUFFLE_BYTES_TO_MEM: 11832
INFO  :    SHUFFLE_PHASE_TIME: 23
INFO  : TaskCounter_Map_1_INPUT_Map_6:
INFO  :    FIRST_EVENT_RECEIVED: 7
INFO  :    INPUT_RECORDS_PROCESSED: 3618000
INFO  :    LAST_EVENT_RECEIVED: 7
INFO  :    NUM_FAILED_SHUFFLE_INPUTS: 0
INFO  :    NUM_SHUFFLED_INPUTS: 63
INFO  :    SHUFFLE_BYTES: 24673761
INFO  :    SHUFFLE_BYTES_DECOMPRESSED: 90450378
INFO  :    SHUFFLE_BYTES_DISK_DIRECT: 2741529
INFO  :    SHUFFLE_BYTES_TO_DISK: 0
INFO  :    SHUFFLE_BYTES_TO_MEM: 21932232
INFO  :    SHUFFLE_PHASE_TIME: 96
INFO  : TaskCounter_Map_1_INPUT_Map_7:
INFO  :    FIRST_EVENT_RECEIVED: 7
INFO  :    INPUT_RECORDS_PROCESSED: 17919
INFO  :    LAST_EVENT_RECEIVED: 7
INFO  :    NUM_FAILED_SHUFFLE_INPUTS: 0
INFO  :    NUM_SHUFFLED_INPUTS: 9
INFO  :    SHUFFLE_BYTES: 71658
INFO  :    SHUFFLE_BYTES_DECOMPRESSED: 125487
INFO  :    SHUFFLE_BYTES_DISK_DIRECT: 7962
INFO  :    SHUFFLE_BYTES_TO_DISK: 0
INFO  :    SHUFFLE_BYTES_TO_MEM: 63696
INFO  :    SHUFFLE_PHASE_TIME: 19
INFO  : TaskCounter_Map_1_INPUT_catalog_sales:
INFO  :    INPUT_RECORDS_PROCESSED: 2850149
INFO  :    INPUT_SPLIT_LENGTH_BYTES: 218998890481
INFO  : TaskCounter_Map_1_OUTPUT_Reducer_2:
INFO  :    ADDITIONAL_SPILLS_BYTES_READ: 0
INFO  :    ADDITIONAL_SPILLS_BYTES_WRITTEN: 0
INFO  :    ADDITIONAL_SPILL_COUNT: 0
INFO  :    OUTPUT_BYTES: 1966728
INFO  :    OUTPUT_BYTES_PHYSICAL: 3451088
INFO  :    OUTPUT_BYTES_WITH_OVERHEAD: 2487454
INFO  :    OUTPUT_RECORDS: 25892
INFO  :    SHUFFLE_CHUNK_COUNT: 115
INFO  :    SPILLED_RECORDS: 25892
INFO  : TaskCounter_Map_4_INPUT_customer_demographics:
INFO  :    INPUT_RECORDS_PROCESSED: 1923
INFO  :    INPUT_SPLIT_LENGTH_BYTES: 541712
INFO  : TaskCounter_Map_4_OUTPUT_Map_1:
INFO  :    ADDITIONAL_SPILLS_BYTES_READ: 0
INFO  :    ADDITIONAL_SPILLS_BYTES_WRITTEN: 0
INFO  :    ADDITIONAL_SPILL_COUNT: 0
INFO  :    OUTPUT_BYTES: 137200
INFO  :    OUTPUT_BYTES_PHYSICAL: 126415
INFO  :    OUTPUT_BYTES_WITH_OVERHEAD: 192116
INFO  :    OUTPUT_LARGE_RECORDS: 0
INFO  :    OUTPUT_RECORDS: 27440
INFO  :    SPILLED_RECORDS: 0
INFO  : TaskCounter_Map_5_INPUT_date_dim:
INFO  :    INPUT_RECORDS_PROCESSED: 10
INFO  :    INPUT_SPLIT_LENGTH_BYTES: 759177
INFO  : TaskCounter_Map_5_OUTPUT_Map_1:
INFO  :    ADDITIONAL_SPILLS_BYTES_READ: 0
INFO  :    ADDITIONAL_SPILLS_BYTES_WRITTEN: 0
INFO  :    ADDITIONAL_SPILL_COUNT: 0
INFO  :    OUTPUT_BYTES: 1825
INFO  :    OUTPUT_BYTES_PHYSICAL: 1503
INFO  :    OUTPUT_BYTES_WITH_OVERHEAD: 2561
INFO  :    OUTPUT_LARGE_RECORDS: 0
INFO  :    OUTPUT_RECORDS: 365
INFO  :    SPILLED_RECORDS: 0
INFO  : TaskCounter_Map_6_INPUT_item:
INFO  :    INPUT_RECORDS_PROCESSED: 405
INFO  :    INPUT_SPLIT_LENGTH_BYTES: 38092338
INFO  : TaskCounter_Map_6_OUTPUT_Map_1:
INFO  :    ADDITIONAL_SPILLS_BYTES_READ: 0
INFO  :    ADDITIONAL_SPILLS_BYTES_WRITTEN: 0
INFO  :    ADDITIONAL_SPILL_COUNT: 0
INFO  :    OUTPUT_BYTES: 9246000
INFO  :    OUTPUT_BYTES_PHYSICAL: 2741697
INFO  :    OUTPUT_BYTES_WITH_OVERHEAD: 10050042
INFO  :    OUTPUT_LARGE_RECORDS: 0
INFO  :    OUTPUT_RECORDS: 402000
INFO  :    SPILLED_RECORDS: 0
INFO  : TaskCounter_Map_7_INPUT_promotion:
INFO  :    INPUT_RECORDS_PROCESSED: 2
INFO  :    INPUT_SPLIT_LENGTH_BYTES: 86321
INFO  : TaskCounter_Map_7_OUTPUT_Map_1:
INFO  :    ADDITIONAL_SPILLS_BYTES_READ: 0
INFO  :    ADDITIONAL_SPILLS_BYTES_WRITTEN: 0
INFO  :    ADDITIONAL_SPILL_COUNT: 0
INFO  :    OUTPUT_BYTES: 9955
INFO  :    OUTPUT_BYTES_PHYSICAL: 7986
INFO  :    OUTPUT_BYTES_WITH_OVERHEAD: 13943
INFO  :    OUTPUT_LARGE_RECORDS: 0
INFO  :    OUTPUT_RECORDS: 1991
INFO  :    SPILLED_RECORDS: 0
INFO  : TaskCounter_Reducer_2_INPUT_Map_1:
INFO  :    ADDITIONAL_SPILLS_BYTES_READ: 648754
INFO  :    ADDITIONAL_SPILLS_BYTES_WRITTEN: 493450
INFO  :    COMBINE_INPUT_RECORDS: 0
INFO  :    FIRST_EVENT_RECEIVED: 2827
INFO  :    LAST_EVENT_RECEIVED: 92596
INFO  :    MERGED_MAP_OUTPUTS: 12951
INFO  :    MERGE_PHASE_TIME: 132425
INFO  :    NUM_DISK_TO_DISK_MERGES: 0
INFO  :    NUM_FAILED_SHUFFLE_INPUTS: 0
INFO  :    NUM_MEM_TO_DISK_MERGES: 0
INFO  :    NUM_SHUFFLED_INPUTS: 12951
INFO  :    NUM_SKIPPED_INPUTS: 103084
INFO  :    REDUCE_INPUT_GROUPS: 265
INFO  :    REDUCE_INPUT_RECORDS: 25892
INFO  :    SHUFFLE_BYTES: 1389408
INFO  :    SHUFFLE_BYTES_DECOMPRESSED: 1868950
INFO  :    SHUFFLE_BYTES_DISK_DIRECT: 155304
INFO  :    SHUFFLE_BYTES_TO_DISK: 0
INFO  :    SHUFFLE_BYTES_TO_MEM: 1234104
INFO  :    SHUFFLE_PHASE_TIME: 131128
INFO  :    SPILLED_RECORDS: 25892
INFO  : TaskCounter_Reducer_2_OUTPUT_Reducer_3:
INFO  :    ADDITIONAL_SPILLS_BYTES_READ: 0
INFO  :    ADDITIONAL_SPILLS_BYTES_WRITTEN: 0
INFO  :    ADDITIONAL_SPILL_COUNT: 0
INFO  :    OUTPUT_BYTES: 13780
INFO  :    OUTPUT_BYTES_PHYSICAL: 16716
INFO  :    OUTPUT_BYTES_WITH_OVERHEAD: 15828
INFO  :    OUTPUT_RECORDS: 265
INFO  :    SHUFFLE_CHUNK_COUNT: 253
INFO  :    SPILLED_RECORDS: 265
INFO  : TaskCounter_Reducer_3_INPUT_Reducer_2:
INFO  :    ADDITIONAL_SPILLS_BYTES_READ: 9966
INFO  :    ADDITIONAL_SPILLS_BYTES_WRITTEN: 8229
INFO  :    COMBINE_INPUT_RECORDS: 0
INFO  :    FIRST_EVENT_RECEIVED: 1
INFO  :    LAST_EVENT_RECEIVED: 900
INFO  :    MERGED_MAP_OUTPUTS: 159
INFO  :    MERGE_PHASE_TIME: 907
INFO  :    NUM_DISK_TO_DISK_MERGES: 0
INFO  :    NUM_FAILED_SHUFFLE_INPUTS: 0
INFO  :    NUM_MEM_TO_DISK_MERGES: 0
INFO  :    NUM_SHUFFLED_INPUTS: 159
INFO  :    NUM_SKIPPED_INPUTS: 94
INFO  :    REDUCE_INPUT_GROUPS: 265
INFO  :    REDUCE_INPUT_RECORDS: 265
INFO  :    SHUFFLE_BYTES: 14836
INFO  :    SHUFFLE_BYTES_DECOMPRESSED: 15264
INFO  :    SHUFFLE_BYTES_DISK_DIRECT: 1737
INFO  :    SHUFFLE_BYTES_TO_DISK: 0
INFO  :    SHUFFLE_BYTES_TO_MEM: 13099
INFO  :    SHUFFLE_PHASE_TIME: 902
INFO  :    SPILLED_RECORDS: 265
INFO  : TaskCounter_Reducer_3_OUTPUT_out_Reducer_3:
INFO  :    OUTPUT_RECORDS: 0
INFO  : org.apache.hadoop.hive.llap.counters.LlapIOCounters:
INFO  :    CACHE_HIT_BYTES: 45617218464
INFO  :    CACHE_MISS_BYTES: 0
INFO  :    CONSUMER_TIME_NS: 597001653730
INFO  :    DECODE_TIME_NS: 436369693095
INFO  :    HDFS_TIME_NS: 16638349
INFO  :    METADATA_CACHE_HIT: 5261
INFO  :    NUM_DECODED_BATCHES: 286169
INFO  :    NUM_VECTOR_BATCHES: 2852489
INFO  :    ROWS_EMITTED: 2852347130
INFO  :    SELECTED_ROWGROUPS: 286169
INFO  :    TOTAL_IO_TIME_NS: 443013807541
INFO  : Completed executing command(queryId=hive_20161017205545_04caa40c-3a8d-482f-b0de-ce304c1de32b); Time taken: 13.041 seconds
INFO  : OK
100 rows selected (13.739 seconds)
Closing: 0: jdbc:hive2://h01hn02:10500/tpcds_bin_partitioned_orc_10000
