Connecting to jdbc:hive2://h01hn02:10500/tpcds_bin_partitioned_orc_10000
Connected to: Apache Hive (version 2.1.0.2.5.1.0-43)
Driver: Hive JDBC (version 1.2.1000.2.5.1.0-43)
Transaction isolation: TRANSACTION_REPEATABLE_READ
Running init script bry.sql
No rows affected (0.037 seconds)
INFO  : Compiling command(queryId=hive_20161020162357_749ab3f2-9c13-4066-8fbe-8072e5c201a7): select c_last_name
       ,c_first_name
       ,c_salutation
       ,c_preferred_cust_flag
       ,ss_ticket_number
       ,cnt from
   (select ss_ticket_number
          ,ss_customer_sk
          ,count(*) cnt
    from store_sales,date_dim,store,household_demographics
    where store_sales.ss_sold_date_sk = date_dim.d_date_sk
    and store_sales.ss_store_sk = store.s_store_sk  
    and store_sales.ss_hdemo_sk = household_demographics.hd_demo_sk
    and (date_dim.d_dom between 1 and 3 or date_dim.d_dom between 25 and 28)
    and (household_demographics.hd_buy_potential = '1001-5000' or
         household_demographics.hd_buy_potential = '5001-10000')
    and household_demographics.hd_vehicle_count > 0
    and (case when household_demographics.hd_vehicle_count > 0 
	then household_demographics.hd_dep_count/ household_demographics.hd_vehicle_count 
	else null 
	end)  > 1.2
    and date_dim.d_year in (1998,1998+1,1998+2)
    and store.s_county in ('Kittitas County','Adams County','Richland County','Furnas County',
                           'Orange County','Appanoose County','Franklin Parish','Tehama County')
    group by ss_ticket_number,ss_customer_sk) dn,customer
    where dn.ss_customer_sk = customer.c_customer_sk
      and cnt between 15 and 20
    order by c_last_name,c_first_name,c_salutation,c_preferred_cust_flag desc
INFO  : Semantic Analysis Completed
INFO  : Returning Hive schema: Schema(fieldSchemas:[FieldSchema(name:c_last_name, type:string, comment:null), FieldSchema(name:c_first_name, type:string, comment:null), FieldSchema(name:c_salutation, type:string, comment:null), FieldSchema(name:c_preferred_cust_flag, type:string, comment:null), FieldSchema(name:ss_ticket_number, type:int, comment:null), FieldSchema(name:cnt, type:bigint, comment:null)], properties:null)
INFO  : Completed compiling command(queryId=hive_20161020162357_749ab3f2-9c13-4066-8fbe-8072e5c201a7); Time taken: 0.64 seconds
INFO  : Concurrency mode is disabled, not creating a lock manager
INFO  : Executing command(queryId=hive_20161020162357_749ab3f2-9c13-4066-8fbe-8072e5c201a7): select c_last_name
       ,c_first_name
       ,c_salutation
       ,c_preferred_cust_flag
       ,ss_ticket_number
       ,cnt from
   (select ss_ticket_number
          ,ss_customer_sk
          ,count(*) cnt
    from store_sales,date_dim,store,household_demographics
    where store_sales.ss_sold_date_sk = date_dim.d_date_sk
    and store_sales.ss_store_sk = store.s_store_sk  
    and store_sales.ss_hdemo_sk = household_demographics.hd_demo_sk
    and (date_dim.d_dom between 1 and 3 or date_dim.d_dom between 25 and 28)
    and (household_demographics.hd_buy_potential = '1001-5000' or
         household_demographics.hd_buy_potential = '5001-10000')
    and household_demographics.hd_vehicle_count > 0
    and (case when household_demographics.hd_vehicle_count > 0 
	then household_demographics.hd_dep_count/ household_demographics.hd_vehicle_count 
	else null 
	end)  > 1.2
    and date_dim.d_year in (1998,1998+1,1998+2)
    and store.s_county in ('Kittitas County','Adams County','Richland County','Furnas County',
                           'Orange County','Appanoose County','Franklin Parish','Tehama County')
    group by ss_ticket_number,ss_customer_sk) dn,customer
    where dn.ss_customer_sk = customer.c_customer_sk
      and cnt between 15 and 20
    order by c_last_name,c_first_name,c_salutation,c_preferred_cust_flag desc
INFO  : Query ID = hive_20161020162357_749ab3f2-9c13-4066-8fbe-8072e5c201a7
INFO  : Total jobs = 1
INFO  : Launching Job 1 out of 1
INFO  : Starting task [Stage-1:MAPRED] in serial mode
INFO  : Session is already open
INFO  : Dag name: select c_last_name
       ,c_first_na...desc(Stage-1)
INFO  : Setting tez.task.scale.memory.reserve-fraction to 0.30000001192092896
INFO  : Setting tez.task.scale.memory.reserve-fraction to 0.30000001192092896
INFO  : 

INFO  : Status: Running (Executing on YARN cluster with App id application_1476988466894_0241)

INFO  : Map 1: -/-	Map 5: 0(+1)/1	Map 6: 0(+1)/1	Map 7: 0(+1)/1	Map 8: 0(+281)/281	Reducer 2: 0/1009	Reducer 3: 0/1009	Reducer 4: 0/1	
INFO  : Map 1: -/-	Map 5: 1/1	Map 6: 1/1	Map 7: 0(+1)/1	Map 8: 0(+281)/281	Reducer 2: 0/1009	Reducer 3: 0/1009	Reducer 4: 0/1	
INFO  : Map 1: 0(+13)/361	Map 5: 1/1	Map 6: 1/1	Map 7: 1/1	Map 8: 0(+281)/281	Reducer 2: 0/1009	Reducer 3: 0/1009	Reducer 4: 0/1	
INFO  : Map 1: 0(+223)/361	Map 5: 1/1	Map 6: 1/1	Map 7: 1/1	Map 8: 0(+281)/281	Reducer 2: 0/1009	Reducer 3: 0/1009	Reducer 4: 0/1	
INFO  : Map 1: 0(+225)/361	Map 5: 1/1	Map 6: 1/1	Map 7: 1/1	Map 8: 2(+279)/281	Reducer 2: 0/1009	Reducer 3: 0/1009	Reducer 4: 0/1	
INFO  : Map 1: 0(+226)/361	Map 5: 1/1	Map 6: 1/1	Map 7: 1/1	Map 8: 7(+274)/281	Reducer 2: 0/1009	Reducer 3: 0/1009	Reducer 4: 0/1	
INFO  : Map 1: 0(+227)/361	Map 5: 1/1	Map 6: 1/1	Map 7: 1/1	Map 8: 14(+267)/281	Reducer 2: 0/1009	Reducer 3: 0/1009	Reducer 4: 0/1	
INFO  : Map 1: 0(+227)/361	Map 5: 1/1	Map 6: 1/1	Map 7: 1/1	Map 8: 16(+265)/281	Reducer 2: 0/1009	Reducer 3: 0/1009	Reducer 4: 0/1	
INFO  : Map 1: 0(+228)/361	Map 5: 1/1	Map 6: 1/1	Map 7: 1/1	Map 8: 26(+255)/281	Reducer 2: 0/1009	Reducer 3: 0/1009	Reducer 4: 0/1	
INFO  : Map 1: 0(+228)/361	Map 5: 1/1	Map 6: 1/1	Map 7: 1/1	Map 8: 46(+235)/281	Reducer 2: 0/1009	Reducer 3: 0/1009	Reducer 4: 0/1	
INFO  : Map 1: 0(+229)/361	Map 5: 1/1	Map 6: 1/1	Map 7: 1/1	Map 8: 55(+226)/281	Reducer 2: 0/1009	Reducer 3: 0/1009	Reducer 4: 0/1	
INFO  : Map 1: 0(+231)/361	Map 5: 1/1	Map 6: 1/1	Map 7: 1/1	Map 8: 95(+186)/281	Reducer 2: 0/1009	Reducer 3: 0/1009	Reducer 4: 0/1	
INFO  : Map 1: 0(+232)/361	Map 5: 1/1	Map 6: 1/1	Map 7: 1/1	Map 8: 211(+70)/281	Reducer 2: 0/1009	Reducer 3: 0/1009	Reducer 4: 0/1	
INFO  : Map 1: 0(+234)/361	Map 5: 1/1	Map 6: 1/1	Map 7: 1/1	Map 8: 267(+14)/281	Reducer 2: 0/1009	Reducer 3: 0/1009	Reducer 4: 0/1	
INFO  : Map 1: 0(+235)/361	Map 5: 1/1	Map 6: 1/1	Map 7: 1/1	Map 8: 276(+5)/281	Reducer 2: 0/1009	Reducer 3: 0/1009	Reducer 4: 0/1	
INFO  : Map 1: 0(+236)/361	Map 5: 1/1	Map 6: 1/1	Map 7: 1/1	Map 8: 280(+1)/281	Reducer 2: 0/1009	Reducer 3: 0/1009	Reducer 4: 0/1	
INFO  : Map 1: 0(+238)/361	Map 5: 1/1	Map 6: 1/1	Map 7: 1/1	Map 8: 281/281	Reducer 2: 0/1009	Reducer 3: 0/1009	Reducer 4: 0/1	
INFO  : Map 1: 0(+241)/361	Map 5: 1/1	Map 6: 1/1	Map 7: 1/1	Map 8: 281/281	Reducer 2: 0/1009	Reducer 3: 0/1009	Reducer 4: 0/1	
INFO  : Map 1: 0(+243)/361	Map 5: 1/1	Map 6: 1/1	Map 7: 1/1	Map 8: 281/281	Reducer 2: 0/1009	Reducer 3: 0/1009	Reducer 4: 0/1	
INFO  : Map 1: 0(+246)/361	Map 5: 1/1	Map 6: 1/1	Map 7: 1/1	Map 8: 281/281	Reducer 2: 0/1009	Reducer 3: 0/1009	Reducer 4: 0/1	
INFO  : Map 1: 2(+244)/361	Map 5: 1/1	Map 6: 1/1	Map 7: 1/1	Map 8: 281/281	Reducer 2: 0/1009	Reducer 3: 0/1009	Reducer 4: 0/1	
INFO  : Map 1: 10(+236)/361	Map 5: 1/1	Map 6: 1/1	Map 7: 1/1	Map 8: 281/281	Reducer 2: 0/1009	Reducer 3: 0/1009	Reducer 4: 0/1	
INFO  : Map 1: 17(+230)/361	Map 5: 1/1	Map 6: 1/1	Map 7: 1/1	Map 8: 281/281	Reducer 2: 0/1009	Reducer 3: 0/1009	Reducer 4: 0/1	
INFO  : Map 1: 29(+221)/361	Map 5: 1/1	Map 6: 1/1	Map 7: 1/1	Map 8: 281/281	Reducer 2: 0/1009	Reducer 3: 0/1009	Reducer 4: 0/1	
INFO  : Map 1: 48(+205)/361	Map 5: 1/1	Map 6: 1/1	Map 7: 1/1	Map 8: 281/281	Reducer 2: 0/1009	Reducer 3: 0/1009	Reducer 4: 0/1	
INFO  : Map 1: 65(+191)/361	Map 5: 1/1	Map 6: 1/1	Map 7: 1/1	Map 8: 281/281	Reducer 2: 0/1009	Reducer 3: 0/1009	Reducer 4: 0/1	
INFO  : Map 1: 79(+177)/361	Map 5: 1/1	Map 6: 1/1	Map 7: 1/1	Map 8: 281/281	Reducer 2: 0/1009	Reducer 3: 0/1009	Reducer 4: 0/1	
INFO  : Map 1: 98(+158)/361	Map 5: 1/1	Map 6: 1/1	Map 7: 1/1	Map 8: 281/281	Reducer 2: 0/1009	Reducer 3: 0/1009	Reducer 4: 0/1	
INFO  : Map 1: 130(+129)/361	Map 5: 1/1	Map 6: 1/1	Map 7: 1/1	Map 8: 281/281	Reducer 2: 0/1009	Reducer 3: 0/1009	Reducer 4: 0/1	
INFO  : Map 1: 151(+112)/361	Map 5: 1/1	Map 6: 1/1	Map 7: 1/1	Map 8: 281/281	Reducer 2: 0/1009	Reducer 3: 0/1009	Reducer 4: 0/1	
INFO  : Map 1: 160(+107)/361	Map 5: 1/1	Map 6: 1/1	Map 7: 1/1	Map 8: 281/281	Reducer 2: 0/1009	Reducer 3: 0/1009	Reducer 4: 0/1	
INFO  : Map 1: 175(+94)/361	Map 5: 1/1	Map 6: 1/1	Map 7: 1/1	Map 8: 281/281	Reducer 2: 0/1009	Reducer 3: 0/1009	Reducer 4: 0/1	
INFO  : Map 1: 183(+91)/361	Map 5: 1/1	Map 6: 1/1	Map 7: 1/1	Map 8: 281/281	Reducer 2: 0/1009	Reducer 3: 0/1009	Reducer 4: 0/1	
INFO  : Map 1: 191(+88)/361	Map 5: 1/1	Map 6: 1/1	Map 7: 1/1	Map 8: 281/281	Reducer 2: 0/1009	Reducer 3: 0/1009	Reducer 4: 0/1	
INFO  : Map 1: 200(+88)/361	Map 5: 1/1	Map 6: 1/1	Map 7: 1/1	Map 8: 281/281	Reducer 2: 0/1009	Reducer 3: 0/1009	Reducer 4: 0/1	
INFO  : Map 1: 203(+93)/361	Map 5: 1/1	Map 6: 1/1	Map 7: 1/1	Map 8: 281/281	Reducer 2: 0/1009	Reducer 3: 0/1009	Reducer 4: 0/1	
INFO  : Map 1: 211(+150)/361	Map 5: 1/1	Map 6: 1/1	Map 7: 1/1	Map 8: 281/281	Reducer 2: 0/1009	Reducer 3: 0/1009	Reducer 4: 0/1	
INFO  : Map 1: 218(+143)/361	Map 5: 1/1	Map 6: 1/1	Map 7: 1/1	Map 8: 281/281	Reducer 2: 0/1009	Reducer 3: 0/1009	Reducer 4: 0/1	
INFO  : Map 1: 223(+138)/361	Map 5: 1/1	Map 6: 1/1	Map 7: 1/1	Map 8: 281/281	Reducer 2: 0/1009	Reducer 3: 0/1009	Reducer 4: 0/1	
INFO  : Map 1: 228(+133)/361	Map 5: 1/1	Map 6: 1/1	Map 7: 1/1	Map 8: 281/281	Reducer 2: 0/1009	Reducer 3: 0/1009	Reducer 4: 0/1	
INFO  : Map 1: 229(+132)/361	Map 5: 1/1	Map 6: 1/1	Map 7: 1/1	Map 8: 281/281	Reducer 2: 0/1009	Reducer 3: 0/1009	Reducer 4: 0/1	
INFO  : Map 1: 232(+129)/361	Map 5: 1/1	Map 6: 1/1	Map 7: 1/1	Map 8: 281/281	Reducer 2: 0/1009	Reducer 3: 0/1009	Reducer 4: 0/1	
INFO  : Map 1: 240(+121)/361	Map 5: 1/1	Map 6: 1/1	Map 7: 1/1	Map 8: 281/281	Reducer 2: 0/1009	Reducer 3: 0/1009	Reducer 4: 0/1	
INFO  : Map 1: 243(+118)/361	Map 5: 1/1	Map 6: 1/1	Map 7: 1/1	Map 8: 281/281	Reducer 2: 0/1009	Reducer 3: 0/1009	Reducer 4: 0/1	
INFO  : Map 1: 249(+112)/361	Map 5: 1/1	Map 6: 1/1	Map 7: 1/1	Map 8: 281/281	Reducer 2: 0/1009	Reducer 3: 0/1009	Reducer 4: 0/1	
INFO  : Map 1: 254(+107)/361	Map 5: 1/1	Map 6: 1/1	Map 7: 1/1	Map 8: 281/281	Reducer 2: 0/1009	Reducer 3: 0/1009	Reducer 4: 0/1	
INFO  : Map 1: 257(+104)/361	Map 5: 1/1	Map 6: 1/1	Map 7: 1/1	Map 8: 281/281	Reducer 2: 0/1009	Reducer 3: 0/1009	Reducer 4: 0/1	
INFO  : Map 1: 262(+99)/361	Map 5: 1/1	Map 6: 1/1	Map 7: 1/1	Map 8: 281/281	Reducer 2: 0/1009	Reducer 3: 0/1009	Reducer 4: 0/1	
INFO  : Map 1: 268(+93)/361	Map 5: 1/1	Map 6: 1/1	Map 7: 1/1	Map 8: 281/281	Reducer 2: 0/1009	Reducer 3: 0/1009	Reducer 4: 0/1	
INFO  : Map 1: 274(+87)/361	Map 5: 1/1	Map 6: 1/1	Map 7: 1/1	Map 8: 281/281	Reducer 2: 0(+253)/253	Reducer 3: 0/1009	Reducer 4: 0/1	
INFO  : Map 1: 276(+85)/361	Map 5: 1/1	Map 6: 1/1	Map 7: 1/1	Map 8: 281/281	Reducer 2: 0(+253)/253	Reducer 3: 0/1009	Reducer 4: 0/1	
INFO  : Map 1: 282(+78)/361	Map 5: 1/1	Map 6: 1/1	Map 7: 1/1	Map 8: 281/281	Reducer 2: 0(+253)/253	Reducer 3: 0/1009	Reducer 4: 0/1	
INFO  : Map 1: 290(+71)/361	Map 5: 1/1	Map 6: 1/1	Map 7: 1/1	Map 8: 281/281	Reducer 2: 0(+253)/253	Reducer 3: 0/1009	Reducer 4: 0/1	
INFO  : Map 1: 300(+61)/361	Map 5: 1/1	Map 6: 1/1	Map 7: 1/1	Map 8: 281/281	Reducer 2: 0(+253)/253	Reducer 3: 0/1009	Reducer 4: 0/1	
INFO  : Map 1: 312(+49)/361	Map 5: 1/1	Map 6: 1/1	Map 7: 1/1	Map 8: 281/281	Reducer 2: 0(+253)/253	Reducer 3: 0/1009	Reducer 4: 0/1	
INFO  : Map 1: 316(+45)/361	Map 5: 1/1	Map 6: 1/1	Map 7: 1/1	Map 8: 281/281	Reducer 2: 0(+253)/253	Reducer 3: 0/1009	Reducer 4: 0/1	
INFO  : Map 1: 319(+42)/361	Map 5: 1/1	Map 6: 1/1	Map 7: 1/1	Map 8: 281/281	Reducer 2: 0(+253)/253	Reducer 3: 0/1009	Reducer 4: 0/1	
INFO  : Map 1: 326(+35)/361	Map 5: 1/1	Map 6: 1/1	Map 7: 1/1	Map 8: 281/281	Reducer 2: 0(+253)/253	Reducer 3: 0/1009	Reducer 4: 0/1	
INFO  : Map 1: 333(+28)/361	Map 5: 1/1	Map 6: 1/1	Map 7: 1/1	Map 8: 281/281	Reducer 2: 0(+253)/253	Reducer 3: 0/1009	Reducer 4: 0/1	
INFO  : Map 1: 339(+22)/361	Map 5: 1/1	Map 6: 1/1	Map 7: 1/1	Map 8: 281/281	Reducer 2: 0(+253)/253	Reducer 3: 0/1009	Reducer 4: 0/1	
INFO  : Map 1: 348(+13)/361	Map 5: 1/1	Map 6: 1/1	Map 7: 1/1	Map 8: 281/281	Reducer 2: 0(+253)/253	Reducer 3: 0/1009	Reducer 4: 0/1	
INFO  : Map 1: 354(+7)/361	Map 5: 1/1	Map 6: 1/1	Map 7: 1/1	Map 8: 281/281	Reducer 2: 0(+253)/253	Reducer 3: 0/1009	Reducer 4: 0/1	
INFO  : Map 1: 356(+5)/361	Map 5: 1/1	Map 6: 1/1	Map 7: 1/1	Map 8: 281/281	Reducer 2: 0(+253)/253	Reducer 3: 0/1009	Reducer 4: 0/1	
INFO  : Map 1: 357(+4)/361	Map 5: 1/1	Map 6: 1/1	Map 7: 1/1	Map 8: 281/281	Reducer 2: 0(+253)/253	Reducer 3: 0/1009	Reducer 4: 0/1	
INFO  : Map 1: 360(+1)/361	Map 5: 1/1	Map 6: 1/1	Map 7: 1/1	Map 8: 281/281	Reducer 2: 0(+253)/253	Reducer 3: 0/1009	Reducer 4: 0/1	
INFO  : Map 1: 361/361	Map 5: 1/1	Map 6: 1/1	Map 7: 1/1	Map 8: 281/281	Reducer 2: 0(+253)/253	Reducer 3: 0/1009	Reducer 4: 0/1	
INFO  : Map 1: 361/361	Map 5: 1/1	Map 6: 1/1	Map 7: 1/1	Map 8: 281/281	Reducer 2: 5(+248)/253	Reducer 3: 0/1009	Reducer 4: 0/1	
INFO  : Map 1: 361/361	Map 5: 1/1	Map 6: 1/1	Map 7: 1/1	Map 8: 281/281	Reducer 2: 22(+231)/253	Reducer 3: 0/1009	Reducer 4: 0/1	
INFO  : Map 1: 361/361	Map 5: 1/1	Map 6: 1/1	Map 7: 1/1	Map 8: 281/281	Reducer 2: 59(+194)/253	Reducer 3: 0(+168)/1009	Reducer 4: 0/1	
INFO  : Map 1: 361/361	Map 5: 1/1	Map 6: 1/1	Map 7: 1/1	Map 8: 281/281	Reducer 2: 95(+158)/253	Reducer 3: 0(+197)/1009	Reducer 4: 0/1	
INFO  : Map 1: 361/361	Map 5: 1/1	Map 6: 1/1	Map 7: 1/1	Map 8: 281/281	Reducer 2: 110(+143)/253	Reducer 3: 0(+242)/1009	Reducer 4: 0/1	
INFO  : Map 1: 361/361	Map 5: 1/1	Map 6: 1/1	Map 7: 1/1	Map 8: 281/281	Reducer 2: 115(+138)/253	Reducer 3: 0(+889)/1009	Reducer 4: 0/1	
INFO  : Map 1: 361/361	Map 5: 1/1	Map 6: 1/1	Map 7: 1/1	Map 8: 281/281	Reducer 2: 119(+134)/253	Reducer 3: 0(+975)/1009	Reducer 4: 0/1	
INFO  : Map 1: 361/361	Map 5: 1/1	Map 6: 1/1	Map 7: 1/1	Map 8: 281/281	Reducer 2: 134(+119)/253	Reducer 3: 0(+1009)/1009	Reducer 4: 0/1	
INFO  : Map 1: 361/361	Map 5: 1/1	Map 6: 1/1	Map 7: 1/1	Map 8: 281/281	Reducer 2: 181(+72)/253	Reducer 3: 0(+1009)/1009	Reducer 4: 0/1	
INFO  : Map 1: 361/361	Map 5: 1/1	Map 6: 1/1	Map 7: 1/1	Map 8: 281/281	Reducer 2: 184(+69)/253	Reducer 3: 0(+1009)/1009	Reducer 4: 0/1	
INFO  : Map 1: 361/361	Map 5: 1/1	Map 6: 1/1	Map 7: 1/1	Map 8: 281/281	Reducer 2: 201(+52)/253	Reducer 3: 0(+1009)/1009	Reducer 4: 0/1	
INFO  : Map 1: 361/361	Map 5: 1/1	Map 6: 1/1	Map 7: 1/1	Map 8: 281/281	Reducer 2: 222(+29)/253	Reducer 3: 0(+1009)/1009	Reducer 4: 0/1	
INFO  : Map 1: 361/361	Map 5: 1/1	Map 6: 1/1	Map 7: 1/1	Map 8: 281/281	Reducer 2: 227(+26)/253	Reducer 3: 0(+1009)/1009	Reducer 4: 0/1	
INFO  : Map 1: 361/361	Map 5: 1/1	Map 6: 1/1	Map 7: 1/1	Map 8: 281/281	Reducer 2: 231(+21)/253	Reducer 3: 0(+1009)/1009	Reducer 4: 0/1	
INFO  : Map 1: 361/361	Map 5: 1/1	Map 6: 1/1	Map 7: 1/1	Map 8: 281/281	Reducer 2: 235(+18)/253	Reducer 3: 0(+1009)/1009	Reducer 4: 0/1	
INFO  : Map 1: 361/361	Map 5: 1/1	Map 6: 1/1	Map 7: 1/1	Map 8: 281/281	Reducer 2: 241(+12)/253	Reducer 3: 0(+1009)/1009	Reducer 4: 0/1	
INFO  : Map 1: 361/361	Map 5: 1/1	Map 6: 1/1	Map 7: 1/1	Map 8: 281/281	Reducer 2: 249(+4)/253	Reducer 3: 0(+1009)/1009	Reducer 4: 0/1	
INFO  : Map 1: 361/361	Map 5: 1/1	Map 6: 1/1	Map 7: 1/1	Map 8: 281/281	Reducer 2: 250(+3)/253	Reducer 3: 0(+1009)/1009	Reducer 4: 0/1	
INFO  : Map 1: 361/361	Map 5: 1/1	Map 6: 1/1	Map 7: 1/1	Map 8: 281/281	Reducer 2: 253/253	Reducer 3: 10(+999)/1009	Reducer 4: 0/1	
INFO  : Map 1: 361/361	Map 5: 1/1	Map 6: 1/1	Map 7: 1/1	Map 8: 281/281	Reducer 2: 253/253	Reducer 3: 217(+792)/1009	Reducer 4: 0/1	
INFO  : Map 1: 361/361	Map 5: 1/1	Map 6: 1/1	Map 7: 1/1	Map 8: 281/281	Reducer 2: 253/253	Reducer 3: 283(+726)/1009	Reducer 4: 0(+1)/1	
INFO  : Map 1: 361/361	Map 5: 1/1	Map 6: 1/1	Map 7: 1/1	Map 8: 281/281	Reducer 2: 253/253	Reducer 3: 299(+710)/1009	Reducer 4: 0(+1)/1	
INFO  : Map 1: 361/361	Map 5: 1/1	Map 6: 1/1	Map 7: 1/1	Map 8: 281/281	Reducer 2: 253/253	Reducer 3: 350(+659)/1009	Reducer 4: 0(+1)/1	
INFO  : Map 1: 361/361	Map 5: 1/1	Map 6: 1/1	Map 7: 1/1	Map 8: 281/281	Reducer 2: 253/253	Reducer 3: 351(+658)/1009	Reducer 4: 0(+1)/1	
INFO  : Map 1: 361/361	Map 5: 1/1	Map 6: 1/1	Map 7: 1/1	Map 8: 281/281	Reducer 2: 253/253	Reducer 3: 384(+625)/1009	Reducer 4: 0(+1)/1	
INFO  : Map 1: 361/361	Map 5: 1/1	Map 6: 1/1	Map 7: 1/1	Map 8: 281/281	Reducer 2: 253/253	Reducer 3: 400(+609)/1009	Reducer 4: 0(+1)/1	
INFO  : Map 1: 361/361	Map 5: 1/1	Map 6: 1/1	Map 7: 1/1	Map 8: 281/281	Reducer 2: 253/253	Reducer 3: 428(+581)/1009	Reducer 4: 0(+1)/1	
INFO  : Map 1: 361/361	Map 5: 1/1	Map 6: 1/1	Map 7: 1/1	Map 8: 281/281	Reducer 2: 253/253	Reducer 3: 432(+577)/1009	Reducer 4: 0(+1)/1	
INFO  : Map 1: 361/361	Map 5: 1/1	Map 6: 1/1	Map 7: 1/1	Map 8: 281/281	Reducer 2: 253/253	Reducer 3: 449(+560)/1009	Reducer 4: 0(+1)/1	
INFO  : Map 1: 361/361	Map 5: 1/1	Map 6: 1/1	Map 7: 1/1	Map 8: 281/281	Reducer 2: 253/253	Reducer 3: 471(+538)/1009	Reducer 4: 0(+1)/1	
INFO  : Map 1: 361/361	Map 5: 1/1	Map 6: 1/1	Map 7: 1/1	Map 8: 281/281	Reducer 2: 253/253	Reducer 3: 507(+502)/1009	Reducer 4: 0(+1)/1	
INFO  : Map 1: 361/361	Map 5: 1/1	Map 6: 1/1	Map 7: 1/1	Map 8: 281/281	Reducer 2: 253/253	Reducer 3: 540(+469)/1009	Reducer 4: 0(+1)/1	
INFO  : Map 1: 361/361	Map 5: 1/1	Map 6: 1/1	Map 7: 1/1	Map 8: 281/281	Reducer 2: 253/253	Reducer 3: 568(+441)/1009	Reducer 4: 0(+1)/1	
INFO  : Map 1: 361/361	Map 5: 1/1	Map 6: 1/1	Map 7: 1/1	Map 8: 281/281	Reducer 2: 253/253	Reducer 3: 577(+432)/1009	Reducer 4: 0(+1)/1	
INFO  : Map 1: 361/361	Map 5: 1/1	Map 6: 1/1	Map 7: 1/1	Map 8: 281/281	Reducer 2: 253/253	Reducer 3: 606(+403)/1009	Reducer 4: 0(+1)/1	
INFO  : Map 1: 361/361	Map 5: 1/1	Map 6: 1/1	Map 7: 1/1	Map 8: 281/281	Reducer 2: 253/253	Reducer 3: 687(+321)/1009	Reducer 4: 0(+1)/1	
INFO  : Map 1: 361/361	Map 5: 1/1	Map 6: 1/1	Map 7: 1/1	Map 8: 281/281	Reducer 2: 253/253	Reducer 3: 832(+177)/1009	Reducer 4: 0(+1)/1	
INFO  : Map 1: 361/361	Map 5: 1/1	Map 6: 1/1	Map 7: 1/1	Map 8: 281/281	Reducer 2: 253/253	Reducer 3: 872(+137)/1009	Reducer 4: 0(+1)/1	
INFO  : Map 1: 361/361	Map 5: 1/1	Map 6: 1/1	Map 7: 1/1	Map 8: 281/281	Reducer 2: 253/253	Reducer 3: 878(+131)/1009	Reducer 4: 0(+1)/1	
INFO  : Map 1: 361/361	Map 5: 1/1	Map 6: 1/1	Map 7: 1/1	Map 8: 281/281	Reducer 2: 253/253	Reducer 3: 925(+84)/1009	Reducer 4: 0(+1)/1	
INFO  : Map 1: 361/361	Map 5: 1/1	Map 6: 1/1	Map 7: 1/1	Map 8: 281/281	Reducer 2: 253/253	Reducer 3: 997(+12)/1009	Reducer 4: 0(+1)/1	
INFO  : Map 1: 361/361	Map 5: 1/1	Map 6: 1/1	Map 7: 1/1	Map 8: 281/281	Reducer 2: 253/253	Reducer 3: 998(+11)/1009	Reducer 4: 0(+1)/1	
INFO  : Map 1: 361/361	Map 5: 1/1	Map 6: 1/1	Map 7: 1/1	Map 8: 281/281	Reducer 2: 253/253	Reducer 3: 1008(+1)/1009	Reducer 4: 0(+1)/1	
INFO  : Map 1: 361/361	Map 5: 1/1	Map 6: 1/1	Map 7: 1/1	Map 8: 281/281	Reducer 2: 253/253	Reducer 3: 1008(+1)/1009	Reducer 4: 0(+1)/1	
INFO  : Map 1: 361/361	Map 5: 1/1	Map 6: 1/1	Map 7: 1/1	Map 8: 281/281	Reducer 2: 253/253	Reducer 3: 1008(+1)/1009	Reducer 4: 0(+1)/1	
INFO  : Map 1: 361/361	Map 5: 1/1	Map 6: 1/1	Map 7: 1/1	Map 8: 281/281	Reducer 2: 253/253	Reducer 3: 1008(+1)/1009	Reducer 4: 0(+1)/1	
INFO  : Map 1: 361/361	Map 5: 1/1	Map 6: 1/1	Map 7: 1/1	Map 8: 281/281	Reducer 2: 253/253	Reducer 3: 1008(+1)/1009	Reducer 4: 0(+1)/1	
INFO  : Map 1: 361/361	Map 5: 1/1	Map 6: 1/1	Map 7: 1/1	Map 8: 281/281	Reducer 2: 253/253	Reducer 3: 1008(+1)/1009	Reducer 4: 0(+1)/1	
INFO  : Map 1: 361/361	Map 5: 1/1	Map 6: 1/1	Map 7: 1/1	Map 8: 281/281	Reducer 2: 253/253	Reducer 3: 1008(+1)/1009	Reducer 4: 0(+1)/1	
INFO  : Map 1: 361/361	Map 5: 1/1	Map 6: 1/1	Map 7: 1/1	Map 8: 281/281	Reducer 2: 253/253	Reducer 3: 1008(+1)/1009	Reducer 4: 0(+1)/1	
INFO  : Map 1: 361/361	Map 5: 1/1	Map 6: 1/1	Map 7: 1/1	Map 8: 281/281	Reducer 2: 253/253	Reducer 3: 1008(+1)/1009	Reducer 4: 0(+1)/1	
INFO  : Map 1: 361/361	Map 5: 1/1	Map 6: 1/1	Map 7: 1/1	Map 8: 281/281	Reducer 2: 253/253	Reducer 3: 1008(+1)/1009	Reducer 4: 0(+1)/1	
INFO  : Map 1: 361/361	Map 5: 1/1	Map 6: 1/1	Map 7: 1/1	Map 8: 281/281	Reducer 2: 253/253	Reducer 3: 1008(+1)/1009	Reducer 4: 0(+1)/1	
INFO  : Map 1: 361/361	Map 5: 1/1	Map 6: 1/1	Map 7: 1/1	Map 8: 281/281	Reducer 2: 253/253	Reducer 3: 1008(+1)/1009	Reducer 4: 0(+1)/1	
INFO  : Map 1: 361/361	Map 5: 1/1	Map 6: 1/1	Map 7: 1/1	Map 8: 281/281	Reducer 2: 253/253	Reducer 3: 1008(+1)/1009	Reducer 4: 0(+1)/1	
INFO  : Map 1: 361/361	Map 5: 1/1	Map 6: 1/1	Map 7: 1/1	Map 8: 281/281	Reducer 2: 253/253	Reducer 3: 1008(+1)/1009	Reducer 4: 0(+1)/1	
INFO  : Map 1: 361/361	Map 5: 1/1	Map 6: 1/1	Map 7: 1/1	Map 8: 281/281	Reducer 2: 253/253	Reducer 3: 1008(+1)/1009	Reducer 4: 0(+1)/1	
INFO  : Map 1: 361/361	Map 5: 1/1	Map 6: 1/1	Map 7: 1/1	Map 8: 281/281	Reducer 2: 253/253	Reducer 3: 1008(+1)/1009	Reducer 4: 0(+1)/1	
INFO  : Map 1: 361/361	Map 5: 1/1	Map 6: 1/1	Map 7: 1/1	Map 8: 281/281	Reducer 2: 253/253	Reducer 3: 1008(+1)/1009	Reducer 4: 0(+1)/1	
INFO  : Map 1: 361/361	Map 5: 1/1	Map 6: 1/1	Map 7: 1/1	Map 8: 281/281	Reducer 2: 253/253	Reducer 3: 1009/1009	Reducer 4: 0(+1)/1	
INFO  : Map 1: 361/361	Map 5: 1/1	Map 6: 1/1	Map 7: 1/1	Map 8: 281/281	Reducer 2: 253/253	Reducer 3: 1009/1009	Reducer 4: 1/1	
INFO  : Status: DAG finished successfully in 77.95 seconds
INFO  : 
INFO  : Query Execution Summary
INFO  : ----------------------------------------------------------------------------------------------
INFO  : ----------------------------------------------------------------------------------------------
INFO  : Compile Query                           0.64s
INFO  : Prepare Plan                            0.26s
INFO  : Submit Plan                             0.16s
INFO  : Start DAG                               0.25s
INFO  : Run DAG                                77.95s
INFO  : ----------------------------------------------------------------------------------------------
INFO  : 
INFO  : Task Execution Summary
INFO  : --------------------------------------------------------------------------------------------------------------------------------
INFO  : --------------------------------------------------------------------------------------------------------------------------------
INFO  :      Map 1          361                0             0       13844.00             0            0  3,758,169,566       4,182,965
INFO  :      Map 5            1                0             0         203.00             0            0         10,000             252
INFO  :      Map 6            1                0             0         203.00             0            0          1,500             149
INFO  :      Map 7            1                0             0         406.00             0            0          7,200           1,040
INFO  :      Map 8          281                0             0        3304.00             0            0     65,000,000      65,000,000
INFO  :  Reducer 2          253                0             0        9711.00             0            0      4,182,965         405,241
INFO  :  Reducer 3         1009                0          4818       61686.00             0            0     65,405,241         405,241
INFO  :  Reducer 4            1                0            20       57632.00             0            0        405,241               0
INFO  : --------------------------------------------------------------------------------------------------------------------------------
INFO  : 
INFO  : LLAP IO Summary
INFO  : ----------------------------------------------------------------------------------------------
INFO  : ----------------------------------------------------------------------------------------------
INFO  :      Map 1    377105       357       4845  259.71MB    19.39GB     42.70GB  37.27GB  1479.68s
INFO  :      Map 5         1         1          1    1.39KB     4.79KB    131.07KB  73.34KB     0.01s
INFO  :      Map 6         1         1          1       17B     2.32KB    393.22KB   2.73KB     0.10s
INFO  :      Map 7         1         0          2        0B       453B      1.57MB   3.91KB     0.09s
INFO  :      Map 8      6667         0       1112        0B   351.65MB      1.89GB 379.53MB   157.28s
INFO  : ----------------------------------------------------------------------------------------------
INFO  : 
INFO  : FileSystem Counters Summary
INFO  : 
INFO  : ----------------------------------------------------------------------------------------------
INFO  : ----------------------------------------------------------------------------------------------
INFO  :      Map 1         17.49MB             0                  0            72.85MB             0
INFO  :      Map 5              0B             0                  0             1.05KB             0
INFO  :      Map 6              0B             0                  0               635B             0
INFO  :      Map 7              0B             0                  0             4.52KB             0
INFO  :      Map 8              0B             0                  0             1.36GB             0
INFO  :  Reducer 2              0B             0                  0            16.14MB             0
INFO  :  Reducer 3          4.53GB             0                  0             8.32MB             0
INFO  :  Reducer 4          5.11MB             0                  0                 0B             0
INFO  : ----------------------------------------------------------------------------------------------
INFO  : 
INFO  : ----------------------------------------------------------------------------------------------
INFO  : ----------------------------------------------------------------------------------------------
INFO  :      Map 1         19.45GB          3226                  0                 0B             0
INFO  :      Map 5          5.47KB             2                  0                 0B             0
INFO  :      Map 6          3.14KB             2                  0                 0B             0
INFO  :      Map 7          2.17KB             4                  0                 0B             0
INFO  :      Map 8        361.74MB          2224                  0                 0B             0
INFO  :  Reducer 2              0B             0                  0                 0B             0
INFO  :  Reducer 3              0B             0                  0                 0B             0
INFO  :  Reducer 4              0B             2                  0            18.47MB             2
INFO  : ----------------------------------------------------------------------------------------------
INFO  : 
INFO  : org.apache.tez.common.counters.DAGCounter:
INFO  :    NUM_KILLED_TASKS: 4838
INFO  :    NUM_SUCCEEDED_TASKS: 1908
INFO  :    TOTAL_LAUNCHED_TASKS: 6746
INFO  :    DATA_LOCAL_TASKS: 645
INFO  :    AM_CPU_MILLISECONDS: 37790
INFO  :    AM_GC_TIME_MILLIS: 472
INFO  : File System Counters:
INFO  :    FILE_BYTES_READ: 4547602933
INFO  :    FILE_BYTES_WRITTEN: 1460459960
INFO  :    FILE_READ_OPS: 0
INFO  :    FILE_LARGE_READ_OPS: 0
INFO  :    FILE_WRITE_OPS: 0
INFO  :    HDFS_BYTES_READ: 19807355905
INFO  :    HDFS_BYTES_WRITTEN: 18466823
INFO  :    HDFS_READ_OPS: 5460
INFO  :    HDFS_LARGE_READ_OPS: 0
INFO  :    HDFS_WRITE_OPS: 2
INFO  : org.apache.tez.common.counters.TaskCounter:
INFO  :    REDUCE_INPUT_GROUPS: 4537944
INFO  :    REDUCE_INPUT_RECORDS: 4588206
INFO  :    COMBINE_INPUT_RECORDS: 0
INFO  :    SPILLED_RECORDS: 9294727
INFO  :    NUM_SHUFFLED_INPUTS: 851121
INFO  :    NUM_SKIPPED_INPUTS: 410
INFO  :    NUM_FAILED_SHUFFLE_INPUTS: 1
INFO  :    MERGED_MAP_OUTPUTS: 364848
INFO  :    INPUT_RECORDS_PROCESSED: 69241505
INFO  :    INPUT_SPLIT_LENGTH_BYTES: 212985776639
INFO  :    OUTPUT_RECORDS: 69994888
INFO  :    OUTPUT_LARGE_RECORDS: 0
INFO  :    OUTPUT_BYTES: 1739207327
INFO  :    OUTPUT_BYTES_WITH_OVERHEAD: 2634993464
INFO  :    OUTPUT_BYTES_PHYSICAL: 1451678512
INFO  :    ADDITIONAL_SPILLS_BYTES_WRITTEN: 40985
INFO  :    ADDITIONAL_SPILLS_BYTES_READ: 54593395
INFO  :    ADDITIONAL_SPILL_COUNT: 0
INFO  :    SHUFFLE_CHUNK_COUNT: 1370
INFO  :    SHUFFLE_BYTES: 1438787744
INFO  :    SHUFFLE_BYTES_DECOMPRESSED: 1884384525
INFO  :    SHUFFLE_BYTES_TO_MEM: 1279040470
INFO  :    SHUFFLE_BYTES_TO_DISK: 0
INFO  :    SHUFFLE_BYTES_DISK_DIRECT: 159747274
INFO  :    NUM_MEM_TO_DISK_MERGES: 0
INFO  :    NUM_DISK_TO_DISK_MERGES: 0
INFO  :    SHUFFLE_PHASE_TIME: 7288266
INFO  :    MERGE_PHASE_TIME: 1226613
INFO  :    FIRST_EVENT_RECEIVED: 100244
INFO  :    LAST_EVENT_RECEIVED: 3357902
INFO  : HIVE:
INFO  :    CREATED_FILES: 1
INFO  :    DESERIALIZE_ERRORS: 0
INFO  :    RECORDS_IN_Map_1: 3758168125
INFO  :    RECORDS_IN_Map_5: 10000
INFO  :    RECORDS_IN_Map_6: 1500
INFO  :    RECORDS_IN_Map_7: 7200
INFO  :    RECORDS_IN_Map_8: 65000000
INFO  :    RECORDS_OUT_0: 405241
INFO  :    RECORDS_OUT_INTERMEDIATE_Map_1: 4182965
INFO  :    RECORDS_OUT_INTERMEDIATE_Map_5: 252
INFO  :    RECORDS_OUT_INTERMEDIATE_Map_6: 149
INFO  :    RECORDS_OUT_INTERMEDIATE_Map_7: 1040
INFO  :    RECORDS_OUT_INTERMEDIATE_Map_8: 65000000
INFO  :    RECORDS_OUT_INTERMEDIATE_Reducer_2: 405241
INFO  :    RECORDS_OUT_INTERMEDIATE_Reducer_3: 405241
INFO  : Shuffle Errors:
INFO  :    BAD_ID: 0
INFO  :    CONNECTION: 0
INFO  :    IO_ERROR: 0
INFO  :    WRONG_LENGTH: 0
INFO  :    WRONG_MAP: 0
INFO  :    WRONG_REDUCE: 0
INFO  : Shuffle Errors_Reducer_2_INPUT_Map_1:
INFO  :    BAD_ID: 0
INFO  :    CONNECTION: 0
INFO  :    IO_ERROR: 0
INFO  :    WRONG_LENGTH: 0
INFO  :    WRONG_MAP: 0
INFO  :    WRONG_REDUCE: 0
INFO  : Shuffle Errors_Reducer_4_INPUT_Reducer_3:
INFO  :    BAD_ID: 0
INFO  :    CONNECTION: 0
INFO  :    IO_ERROR: 0
INFO  :    WRONG_LENGTH: 0
INFO  :    WRONG_MAP: 0
INFO  :    WRONG_REDUCE: 0
INFO  : TaskCounter_Map_1_INPUT_Map_5:
INFO  :    FIRST_EVENT_RECEIVED: 378
INFO  :    INPUT_RECORDS_PROCESSED: 2268
INFO  :    LAST_EVENT_RECEIVED: 378
INFO  :    NUM_FAILED_SHUFFLE_INPUTS: 0
INFO  :    NUM_SHUFFLED_INPUTS: 9
INFO  :    SHUFFLE_BYTES: 9144
INFO  :    SHUFFLE_BYTES_DECOMPRESSED: 15930
INFO  :    SHUFFLE_BYTES_DISK_DIRECT: 1016
INFO  :    SHUFFLE_BYTES_TO_DISK: 0
INFO  :    SHUFFLE_BYTES_TO_MEM: 8128
INFO  :    SHUFFLE_PHASE_TIME: 6729
INFO  : TaskCounter_Map_1_INPUT_Map_6:
INFO  :    FIRST_EVENT_RECEIVED: 74
INFO  :    INPUT_RECORDS_PROCESSED: 1341
INFO  :    LAST_EVENT_RECEIVED: 74
INFO  :    NUM_FAILED_SHUFFLE_INPUTS: 0
INFO  :    NUM_SHUFFLED_INPUTS: 9
INFO  :    SHUFFLE_BYTES: 5427
INFO  :    SHUFFLE_BYTES_DECOMPRESSED: 9441
INFO  :    SHUFFLE_BYTES_DISK_DIRECT: 603
INFO  :    SHUFFLE_BYTES_TO_DISK: 0
INFO  :    SHUFFLE_BYTES_TO_MEM: 4824
INFO  :    SHUFFLE_PHASE_TIME: 624
INFO  : TaskCounter_Map_1_INPUT_Map_7:
INFO  :    FIRST_EVENT_RECEIVED: 12
INFO  :    INPUT_RECORDS_PROCESSED: 9360
INFO  :    LAST_EVENT_RECEIVED: 12
INFO  :    NUM_FAILED_SHUFFLE_INPUTS: 0
INFO  :    NUM_SHUFFLED_INPUTS: 9
INFO  :    SHUFFLE_BYTES: 40383
INFO  :    SHUFFLE_BYTES_DECOMPRESSED: 65574
INFO  :    SHUFFLE_BYTES_DISK_DIRECT: 4487
INFO  :    SHUFFLE_BYTES_TO_DISK: 0
INFO  :    SHUFFLE_BYTES_TO_MEM: 35896
INFO  :    SHUFFLE_PHASE_TIME: 389
INFO  : TaskCounter_Map_1_INPUT_store_sales:
INFO  :    INPUT_RECORDS_PROCESSED: 3758274
INFO  :    INPUT_SPLIT_LENGTH_BYTES: 209455939749
INFO  : TaskCounter_Map_1_OUTPUT_Reducer_2:
INFO  :    ADDITIONAL_SPILLS_BYTES_READ: 0
INFO  :    ADDITIONAL_SPILLS_BYTES_WRITTEN: 0
INFO  :    ADDITIONAL_SPILL_COUNT: 0
INFO  :    OUTPUT_BYTES: 54374353
INFO  :    OUTPUT_BYTES_PHYSICAL: 64103133
INFO  :    OUTPUT_BYTES_WITH_OVERHEAD: 64925777
INFO  :    OUTPUT_RECORDS: 4182965
INFO  :    SHUFFLE_CHUNK_COUNT: 361
INFO  :    SPILLED_RECORDS: 4182965
INFO  : TaskCounter_Map_5_INPUT_date_dim:
INFO  :    INPUT_RECORDS_PROCESSED: 10
INFO  :    INPUT_SPLIT_LENGTH_BYTES: 759177
INFO  : TaskCounter_Map_5_OUTPUT_Map_1:
INFO  :    ADDITIONAL_SPILLS_BYTES_READ: 0
INFO  :    ADDITIONAL_SPILLS_BYTES_WRITTEN: 0
INFO  :    ADDITIONAL_SPILL_COUNT: 0
INFO  :    OUTPUT_BYTES: 1260
INFO  :    OUTPUT_BYTES_PHYSICAL: 1040
INFO  :    OUTPUT_BYTES_WITH_OVERHEAD: 1770
INFO  :    OUTPUT_LARGE_RECORDS: 0
INFO  :    OUTPUT_RECORDS: 252
INFO  :    SPILLED_RECORDS: 0
INFO  : TaskCounter_Map_6_INPUT_store:
INFO  :    INPUT_RECORDS_PROCESSED: 2
INFO  :    INPUT_SPLIT_LENGTH_BYTES: 127422
INFO  : TaskCounter_Map_6_OUTPUT_Map_1:
INFO  :    ADDITIONAL_SPILLS_BYTES_READ: 0
INFO  :    ADDITIONAL_SPILLS_BYTES_WRITTEN: 0
INFO  :    ADDITIONAL_SPILL_COUNT: 0
INFO  :    OUTPUT_BYTES: 745
INFO  :    OUTPUT_BYTES_PHYSICAL: 627
INFO  :    OUTPUT_BYTES_WITH_OVERHEAD: 1049
INFO  :    OUTPUT_LARGE_RECORDS: 0
INFO  :    OUTPUT_RECORDS: 149
INFO  :    SPILLED_RECORDS: 0
INFO  : TaskCounter_Map_7_INPUT_household_demographics:
INFO  :    INPUT_RECORDS_PROCESSED: 8
INFO  :    INPUT_SPLIT_LENGTH_BYTES: 1147
INFO  : TaskCounter_Map_7_OUTPUT_Map_1:
INFO  :    ADDITIONAL_SPILLS_BYTES_READ: 0
INFO  :    ADDITIONAL_SPILLS_BYTES_WRITTEN: 0
INFO  :    ADDITIONAL_SPILL_COUNT: 0
INFO  :    OUTPUT_BYTES: 5200
INFO  :    OUTPUT_BYTES_PHYSICAL: 4511
INFO  :    OUTPUT_BYTES_WITH_OVERHEAD: 7286
INFO  :    OUTPUT_LARGE_RECORDS: 0
INFO  :    OUTPUT_RECORDS: 1040
INFO  :    SPILLED_RECORDS: 0
INFO  : TaskCounter_Map_8_INPUT_customer:
INFO  :    INPUT_RECORDS_PROCESSED: 65001
INFO  :    INPUT_SPLIT_LENGTH_BYTES: 3528949144
INFO  : TaskCounter_Map_8_OUTPUT_Reducer_3:
INFO  :    ADDITIONAL_SPILLS_BYTES_READ: 0
INFO  :    ADDITIONAL_SPILLS_BYTES_WRITTEN: 0
INFO  :    ADDITIONAL_SPILL_COUNT: 0
INFO  :    OUTPUT_BYTES: 1666741876
INFO  :    OUTPUT_BYTES_PHYSICAL: 1363139199
INFO  :    OUTPUT_BYTES_WITH_OVERHEAD: 2545088689
INFO  :    OUTPUT_LARGE_RECORDS: 0
INFO  :    OUTPUT_RECORDS: 65000000
INFO  :    SPILLED_RECORDS: 0
INFO  : TaskCounter_Reducer_2_INPUT_Map_1:
INFO  :    ADDITIONAL_SPILLS_BYTES_READ: 48501630
INFO  :    ADDITIONAL_SPILLS_BYTES_WRITTEN: 40985
INFO  :    COMBINE_INPUT_RECORDS: 0
INFO  :    FIRST_EVENT_RECEIVED: 4497
INFO  :    LAST_EVENT_RECEIVED: 1019168
INFO  :    MERGED_MAP_OUTPUTS: 363839
INFO  :    MERGE_PHASE_TIME: 1171666
INFO  :    NUM_DISK_TO_DISK_MERGES: 0
INFO  :    NUM_FAILED_SHUFFLE_INPUTS: 0
INFO  :    NUM_MEM_TO_DISK_MERGES: 0
INFO  :    NUM_SHUFFLED_INPUTS: 363839
INFO  :    NUM_SKIPPED_INPUTS: 410
INFO  :    REDUCE_INPUT_GROUPS: 4181372
INFO  :    REDUCE_INPUT_RECORDS: 4182965
INFO  :    SHUFFLE_BYTES: 64094933
INFO  :    SHUFFLE_BYTES_DECOMPRESSED: 64923317
INFO  :    SHUFFLE_BYTES_DISK_DIRECT: 7077683
INFO  :    SHUFFLE_BYTES_TO_DISK: 0
INFO  :    SHUFFLE_BYTES_TO_MEM: 57017250
INFO  :    SHUFFLE_PHASE_TIME: 1131870
INFO  :    SPILLED_RECORDS: 4299470
INFO  : TaskCounter_Reducer_2_OUTPUT_Reducer_3:
INFO  :    ADDITIONAL_SPILLS_BYTES_READ: 0
INFO  :    ADDITIONAL_SPILLS_BYTES_WRITTEN: 0
INFO  :    ADDITIONAL_SPILL_COUNT: 0
INFO  :    OUTPUT_BYTES: 5264983
INFO  :    OUTPUT_BYTES_PHYSICAL: 16141642
INFO  :    OUTPUT_BYTES_WITH_OVERHEAD: 11333447
INFO  :    OUTPUT_LARGE_RECORDS: 0
INFO  :    OUTPUT_RECORDS: 405241
INFO  :    SPILLED_RECORDS: 0
INFO  : TaskCounter_Reducer_3_INPUT_Map_8:
INFO  :    FIRST_EVENT_RECEIVED: 44155
INFO  :    INPUT_RECORDS_PROCESSED: 65000000
INFO  :    LAST_EVENT_RECEIVED: 150451
INFO  :    NUM_FAILED_SHUFFLE_INPUTS: 0
INFO  :    NUM_SHUFFLED_INPUTS: 283529
INFO  :    SHUFFLE_BYTES: 1356334503
INFO  :    SHUFFLE_BYTES_DECOMPRESSED: 1798443050
INFO  :    SHUFFLE_BYTES_DISK_DIRECT: 150703003
INFO  :    SHUFFLE_BYTES_TO_DISK: 0
INFO  :    SHUFFLE_BYTES_TO_MEM: 1205631500
INFO  :    SHUFFLE_PHASE_TIME: 2486929
INFO  : TaskCounter_Reducer_3_INPUT_Reducer_2:
INFO  :    FIRST_EVENT_RECEIVED: 51127
INFO  :    INPUT_RECORDS_PROCESSED: 405241
INFO  :    LAST_EVENT_RECEIVED: 2133227
INFO  :    NUM_FAILED_SHUFFLE_INPUTS: 1
INFO  :    NUM_SHUFFLED_INPUTS: 202717
INFO  :    SHUFFLE_BYTES: 10014994
INFO  :    SHUFFLE_BYTES_DECOMPRESSED: 7291767
INFO  :    SHUFFLE_BYTES_DISK_DIRECT: 1110324
INFO  :    SHUFFLE_BYTES_TO_DISK: 0
INFO  :    SHUFFLE_BYTES_TO_MEM: 8904670
INFO  :    SHUFFLE_PHASE_TIME: 3607130
INFO  : TaskCounter_Reducer_3_OUTPUT_Reducer_4:
INFO  :    ADDITIONAL_SPILLS_BYTES_READ: 0
INFO  :    ADDITIONAL_SPILLS_BYTES_WRITTEN: 0
INFO  :    ADDITIONAL_SPILL_COUNT: 0
INFO  :    OUTPUT_BYTES: 12818910
INFO  :    OUTPUT_BYTES_PHYSICAL: 8288360
INFO  :    OUTPUT_BYTES_WITH_OVERHEAD: 13635446
INFO  :    OUTPUT_RECORDS: 405241
INFO  :    SHUFFLE_CHUNK_COUNT: 1009
INFO  :    SPILLED_RECORDS: 405241
INFO  : TaskCounter_Reducer_4_INPUT_Reducer_3:
INFO  :    ADDITIONAL_SPILLS_BYTES_READ: 6091765
INFO  :    ADDITIONAL_SPILLS_BYTES_WRITTEN: 0
INFO  :    COMBINE_INPUT_RECORDS: 0
INFO  :    FIRST_EVENT_RECEIVED: 1
INFO  :    LAST_EVENT_RECEIVED: 54592
INFO  :    MERGED_MAP_OUTPUTS: 1009
INFO  :    MERGE_PHASE_TIME: 54947
INFO  :    NUM_DISK_TO_DISK_MERGES: 0
INFO  :    NUM_FAILED_SHUFFLE_INPUTS: 0
INFO  :    NUM_MEM_TO_DISK_MERGES: 0
INFO  :    NUM_SHUFFLED_INPUTS: 1009
INFO  :    NUM_SKIPPED_INPUTS: 0
INFO  :    REDUCE_INPUT_GROUPS: 356572
INFO  :    REDUCE_INPUT_RECORDS: 405241
INFO  :    SHUFFLE_BYTES: 8288360
INFO  :    SHUFFLE_BYTES_DECOMPRESSED: 13635446
INFO  :    SHUFFLE_BYTES_DISK_DIRECT: 850158
INFO  :    SHUFFLE_BYTES_TO_DISK: 0
INFO  :    SHUFFLE_BYTES_TO_MEM: 7438202
INFO  :    SHUFFLE_PHASE_TIME: 54595
INFO  :    SPILLED_RECORDS: 407051
INFO  : TaskCounter_Reducer_4_OUTPUT_out_Reducer_4:
INFO  :    OUTPUT_RECORDS: 0
INFO  : org.apache.hadoop.hive.llap.counters.LlapIOCounters:
INFO  :    ALLOCATED_BYTES: 44595412992
INFO  :    ALLOCATED_USED_BYTES: 37646988870
INFO  :    CACHE_HIT_BYTES: 259710285
INFO  :    CACHE_MISS_BYTES: 19740325885
INFO  :    CONSUMER_TIME_NS: 1198377817809
INFO  :    DECODE_TIME_NS: 459000376652
INFO  :    HDFS_TIME_NS: 959038018533
INFO  :    METADATA_CACHE_HIT: 359
INFO  :    METADATA_CACHE_MISS: 5961
INFO  :    NUM_DECODED_BATCHES: 383775
INFO  :    NUM_VECTOR_BATCHES: 3823296
INFO  :    ROWS_EMITTED: 3823186825
INFO  :    SELECTED_ROWGROUPS: 383775
INFO  :    TOTAL_IO_TIME_NS: 1637161332053
INFO  : Completed executing command(queryId=hive_20161020162357_749ab3f2-9c13-4066-8fbe-8072e5c201a7); Time taken: 78.676 seconds
INFO  : OK
405,241 rows selected (87.441 seconds)
Closing: 0: jdbc:hive2://h01hn02:10500/tpcds_bin_partitioned_orc_10000
