Connecting to jdbc:hive2://h01hn02:10500/tpcds_bin_partitioned_orc_10000
Connected to: Apache Hive (version 2.1.0.2.5.1.0-43)
Driver: Hive JDBC (version 1.2.1000.2.5.1.0-43)
Transaction isolation: TRANSACTION_REPEATABLE_READ
Running init script bry.sql
No rows affected (0.037 seconds)
INFO  : Compiling command(queryId=hive_20161020164321_9eb68395-be97-40d8-b34b-9b08e9ef34c7): select sum (ss_quantity)
 from store_sales, store, customer_demographics, customer_address, date_dim
 where store.s_store_sk = store_sales.ss_store_sk
 and  store_sales.ss_sold_date_sk = date_dim.d_date_sk and d_year = 1998
 and  
 (
  (
   customer_demographics.cd_demo_sk = store_sales.ss_cdemo_sk
   and 
   cd_marital_status = 'M'
   and 
   cd_education_status = '4 yr Degree'
   and 
   ss_sales_price between 100.00 and 150.00  
   )
 or
  (
  customer_demographics.cd_demo_sk = store_sales.ss_cdemo_sk
   and 
   cd_marital_status = 'M'
   and 
   cd_education_status = '4 yr Degree'
   and 
   ss_sales_price between 50.00 and 100.00   
  )
 or 
 (
  customer_demographics.cd_demo_sk = store_sales.ss_cdemo_sk
  and 
   cd_marital_status = 'M'
   and 
   cd_education_status = '4 yr Degree'
   and 
   ss_sales_price between 150.00 and 200.00  
 )
 )
 and
 (
  (
  store_sales.ss_addr_sk = customer_address.ca_address_sk
  and
  ca_country = 'United States'
  and
  ca_state in ('KY', 'GA', 'NM')
  and ss_net_profit between 0 and 2000  
  )
 or
  (store_sales.ss_addr_sk = customer_address.ca_address_sk
  and
  ca_country = 'United States'
  and
  ca_state in ('MT', 'OR', 'IN')
  and ss_net_profit between 150 and 3000 
  )
 or
  (store_sales.ss_addr_sk = customer_address.ca_address_sk
  and
  ca_country = 'United States'
  and
  ca_state in ('WI', 'MO', 'WV')
  and ss_net_profit between 50 and 25000 
  )
 )
INFO  : Semantic Analysis Completed
INFO  : Returning Hive schema: Schema(fieldSchemas:[FieldSchema(name:c0, type:bigint, comment:null)], properties:null)
INFO  : Completed compiling command(queryId=hive_20161020164321_9eb68395-be97-40d8-b34b-9b08e9ef34c7); Time taken: 0.654 seconds
INFO  : Concurrency mode is disabled, not creating a lock manager
INFO  : Executing command(queryId=hive_20161020164321_9eb68395-be97-40d8-b34b-9b08e9ef34c7): select sum (ss_quantity)
 from store_sales, store, customer_demographics, customer_address, date_dim
 where store.s_store_sk = store_sales.ss_store_sk
 and  store_sales.ss_sold_date_sk = date_dim.d_date_sk and d_year = 1998
 and  
 (
  (
   customer_demographics.cd_demo_sk = store_sales.ss_cdemo_sk
   and 
   cd_marital_status = 'M'
   and 
   cd_education_status = '4 yr Degree'
   and 
   ss_sales_price between 100.00 and 150.00  
   )
 or
  (
  customer_demographics.cd_demo_sk = store_sales.ss_cdemo_sk
   and 
   cd_marital_status = 'M'
   and 
   cd_education_status = '4 yr Degree'
   and 
   ss_sales_price between 50.00 and 100.00   
  )
 or 
 (
  customer_demographics.cd_demo_sk = store_sales.ss_cdemo_sk
  and 
   cd_marital_status = 'M'
   and 
   cd_education_status = '4 yr Degree'
   and 
   ss_sales_price between 150.00 and 200.00  
 )
 )
 and
 (
  (
  store_sales.ss_addr_sk = customer_address.ca_address_sk
  and
  ca_country = 'United States'
  and
  ca_state in ('KY', 'GA', 'NM')
  and ss_net_profit between 0 and 2000  
  )
 or
  (store_sales.ss_addr_sk = customer_address.ca_address_sk
  and
  ca_country = 'United States'
  and
  ca_state in ('MT', 'OR', 'IN')
  and ss_net_profit between 150 and 3000 
  )
 or
  (store_sales.ss_addr_sk = customer_address.ca_address_sk
  and
  ca_country = 'United States'
  and
  ca_state in ('WI', 'MO', 'WV')
  and ss_net_profit between 50 and 25000 
  )
 )
INFO  : Query ID = hive_20161020164321_9eb68395-be97-40d8-b34b-9b08e9ef34c7
INFO  : Total jobs = 1
INFO  : Launching Job 1 out of 1
INFO  : Starting task [Stage-1:MAPRED] in serial mode
INFO  : Session is already open
INFO  : Dag name: select sum (ss_quantity)
 from store_sal...)(Stage-1)
INFO  : Setting tez.task.scale.memory.reserve-fraction to 0.30000001192092896
INFO  : Setting tez.task.scale.memory.reserve-fraction to 0.30000001192092896
INFO  : 

INFO  : Status: Running (Executing on YARN cluster with App id application_1476988466894_0273)

INFO  : Map 1: -/-	Map 4: 1/1	Map 5: 4(+2)/6	Map 6: 0/223	Map 7: 1/1	Reducer 2: 0/1009	Reducer 3: 0/1	
INFO  : Map 1: -/-	Map 4: 1/1	Map 5: 6/6	Map 6: 0(+223)/223	Map 7: 1/1	Reducer 2: 0/1009	Reducer 3: 0/1	
INFO  : Map 1: 0(+9)/304	Map 4: 1/1	Map 5: 6/6	Map 6: 13(+210)/223	Map 7: 1/1	Reducer 2: 0/1009	Reducer 3: 0/1	
INFO  : Map 1: 0(+13)/304	Map 4: 1/1	Map 5: 6/6	Map 6: 15(+208)/223	Map 7: 1/1	Reducer 2: 0/1009	Reducer 3: 0/1	
INFO  : Map 1: 0(+20)/304	Map 4: 1/1	Map 5: 6/6	Map 6: 24(+199)/223	Map 7: 1/1	Reducer 2: 0/1009	Reducer 3: 0/1	
INFO  : Map 1: 0(+301)/304	Map 4: 1/1	Map 5: 6/6	Map 6: 176(+47)/223	Map 7: 1/1	Reducer 2: 0/1009	Reducer 3: 0/1	
INFO  : Map 1: 0(+303)/304	Map 4: 1/1	Map 5: 6/6	Map 6: 200(+23)/223	Map 7: 1/1	Reducer 2: 0/1009	Reducer 3: 0/1	
INFO  : Map 1: 0(+304)/304	Map 4: 1/1	Map 5: 6/6	Map 6: 203(+20)/223	Map 7: 1/1	Reducer 2: 0/1009	Reducer 3: 0/1	
INFO  : Map 1: 0(+304)/304	Map 4: 1/1	Map 5: 6/6	Map 6: 223/223	Map 7: 1/1	Reducer 2: 0/1009	Reducer 3: 0/1	
INFO  : Map 1: 1(+303)/304	Map 4: 1/1	Map 5: 6/6	Map 6: 223/223	Map 7: 1/1	Reducer 2: 0/1009	Reducer 3: 0/1	
INFO  : Map 1: 2(+302)/304	Map 4: 1/1	Map 5: 6/6	Map 6: 223/223	Map 7: 1/1	Reducer 2: 0/1009	Reducer 3: 0/1	
INFO  : Map 1: 3(+301)/304	Map 4: 1/1	Map 5: 6/6	Map 6: 223/223	Map 7: 1/1	Reducer 2: 0/1009	Reducer 3: 0/1	
INFO  : Map 1: 5(+299)/304	Map 4: 1/1	Map 5: 6/6	Map 6: 223/223	Map 7: 1/1	Reducer 2: 0/1009	Reducer 3: 0/1	
INFO  : Map 1: 6(+298)/304	Map 4: 1/1	Map 5: 6/6	Map 6: 223/223	Map 7: 1/1	Reducer 2: 0/1009	Reducer 3: 0/1	
INFO  : Map 1: 7(+297)/304	Map 4: 1/1	Map 5: 6/6	Map 6: 223/223	Map 7: 1/1	Reducer 2: 0/1009	Reducer 3: 0/1	
INFO  : Map 1: 11(+293)/304	Map 4: 1/1	Map 5: 6/6	Map 6: 223/223	Map 7: 1/1	Reducer 2: 0/1009	Reducer 3: 0/1	
INFO  : Map 1: 14(+290)/304	Map 4: 1/1	Map 5: 6/6	Map 6: 223/223	Map 7: 1/1	Reducer 2: 0/1009	Reducer 3: 0/1	
INFO  : Map 1: 23(+281)/304	Map 4: 1/1	Map 5: 6/6	Map 6: 223/223	Map 7: 1/1	Reducer 2: 0/1009	Reducer 3: 0/1	
INFO  : Map 1: 35(+269)/304	Map 4: 1/1	Map 5: 6/6	Map 6: 223/223	Map 7: 1/1	Reducer 2: 0/1009	Reducer 3: 0/1	
INFO  : Map 1: 66(+238)/304	Map 4: 1/1	Map 5: 6/6	Map 6: 223/223	Map 7: 1/1	Reducer 2: 0(+71)/1009	Reducer 3: 0/1	
INFO  : Map 1: 83(+221)/304	Map 4: 1/1	Map 5: 6/6	Map 6: 223/223	Map 7: 1/1	Reducer 2: 0(+345)/1009	Reducer 3: 0/1	
INFO  : Map 1: 92(+212)/304	Map 4: 1/1	Map 5: 6/6	Map 6: 223/223	Map 7: 1/1	Reducer 2: 0(+396)/1009	Reducer 3: 0/1	
INFO  : Map 1: 115(+189)/304	Map 4: 1/1	Map 5: 6/6	Map 6: 223/223	Map 7: 1/1	Reducer 2: 0(+518)/1009	Reducer 3: 0/1	
INFO  : Map 1: 158(+146)/304	Map 4: 1/1	Map 5: 6/6	Map 6: 223/223	Map 7: 1/1	Reducer 2: 0(+518)/1009	Reducer 3: 0/1	
INFO  : Map 1: 185(+119)/304	Map 4: 1/1	Map 5: 6/6	Map 6: 223/223	Map 7: 1/1	Reducer 2: 0(+531)/1009	Reducer 3: 0/1	
INFO  : Map 1: 198(+105)/304	Map 4: 1/1	Map 5: 6/6	Map 6: 223/223	Map 7: 1/1	Reducer 2: 0(+900)/1009	Reducer 3: 0/1	
INFO  : Map 1: 234(+70)/304	Map 4: 1/1	Map 5: 6/6	Map 6: 223/223	Map 7: 1/1	Reducer 2: 0(+983)/1009	Reducer 3: 0/1	
INFO  : Map 1: 237(+67)/304	Map 4: 1/1	Map 5: 6/6	Map 6: 223/223	Map 7: 1/1	Reducer 2: 0(+983)/1009	Reducer 3: 0/1	
INFO  : Map 1: 288(+16)/304	Map 4: 1/1	Map 5: 6/6	Map 6: 223/223	Map 7: 1/1	Reducer 2: 0(+993)/1009	Reducer 3: 0/1	
INFO  : Map 1: 290(+14)/304	Map 4: 1/1	Map 5: 6/6	Map 6: 223/223	Map 7: 1/1	Reducer 2: 0(+1009)/1009	Reducer 3: 0/1	
INFO  : Map 1: 302(+2)/304	Map 4: 1/1	Map 5: 6/6	Map 6: 223/223	Map 7: 1/1	Reducer 2: 0(+1009)/1009	Reducer 3: 0/1	
INFO  : Map 1: 304/304	Map 4: 1/1	Map 5: 6/6	Map 6: 223/223	Map 7: 1/1	Reducer 2: 0(+1009)/1009	Reducer 3: 0/1	
INFO  : Map 1: 304/304	Map 4: 1/1	Map 5: 6/6	Map 6: 223/223	Map 7: 1/1	Reducer 2: 2(+1007)/1009	Reducer 3: 0/1	
INFO  : Map 1: 304/304	Map 4: 1/1	Map 5: 6/6	Map 6: 223/223	Map 7: 1/1	Reducer 2: 7(+1002)/1009	Reducer 3: 0/1	
INFO  : Map 1: 304/304	Map 4: 1/1	Map 5: 6/6	Map 6: 223/223	Map 7: 1/1	Reducer 2: 34(+975)/1009	Reducer 3: 0/1	
INFO  : Map 1: 304/304	Map 4: 1/1	Map 5: 6/6	Map 6: 223/223	Map 7: 1/1	Reducer 2: 74(+935)/1009	Reducer 3: 0/1	
INFO  : Map 1: 304/304	Map 4: 1/1	Map 5: 6/6	Map 6: 223/223	Map 7: 1/1	Reducer 2: 85(+924)/1009	Reducer 3: 0/1	
INFO  : Map 1: 304/304	Map 4: 1/1	Map 5: 6/6	Map 6: 223/223	Map 7: 1/1	Reducer 2: 125(+884)/1009	Reducer 3: 0/1	
INFO  : Map 1: 304/304	Map 4: 1/1	Map 5: 6/6	Map 6: 223/223	Map 7: 1/1	Reducer 2: 185(+824)/1009	Reducer 3: 0/1	
INFO  : Map 1: 304/304	Map 4: 1/1	Map 5: 6/6	Map 6: 223/223	Map 7: 1/1	Reducer 2: 192(+817)/1009	Reducer 3: 0/1	
INFO  : Map 1: 304/304	Map 4: 1/1	Map 5: 6/6	Map 6: 223/223	Map 7: 1/1	Reducer 2: 217(+790)/1009	Reducer 3: 0(+1)/1	
INFO  : Map 1: 304/304	Map 4: 1/1	Map 5: 6/6	Map 6: 223/223	Map 7: 1/1	Reducer 2: 284(+725)/1009	Reducer 3: 0(+1)/1	
INFO  : Map 1: 304/304	Map 4: 1/1	Map 5: 6/6	Map 6: 223/223	Map 7: 1/1	Reducer 2: 311(+698)/1009	Reducer 3: 0(+1)/1	
INFO  : Map 1: 304/304	Map 4: 1/1	Map 5: 6/6	Map 6: 223/223	Map 7: 1/1	Reducer 2: 360(+649)/1009	Reducer 3: 0(+1)/1	
INFO  : Map 1: 304/304	Map 4: 1/1	Map 5: 6/6	Map 6: 223/223	Map 7: 1/1	Reducer 2: 401(+608)/1009	Reducer 3: 0(+1)/1	
INFO  : Map 1: 304/304	Map 4: 1/1	Map 5: 6/6	Map 6: 223/223	Map 7: 1/1	Reducer 2: 455(+554)/1009	Reducer 3: 0(+1)/1	
INFO  : Map 1: 304/304	Map 4: 1/1	Map 5: 6/6	Map 6: 223/223	Map 7: 1/1	Reducer 2: 562(+447)/1009	Reducer 3: 0(+1)/1	
INFO  : Map 1: 304/304	Map 4: 1/1	Map 5: 6/6	Map 6: 223/223	Map 7: 1/1	Reducer 2: 613(+396)/1009	Reducer 3: 0(+1)/1	
INFO  : Map 1: 304/304	Map 4: 1/1	Map 5: 6/6	Map 6: 223/223	Map 7: 1/1	Reducer 2: 652(+357)/1009	Reducer 3: 0(+1)/1	
INFO  : Map 1: 304/304	Map 4: 1/1	Map 5: 6/6	Map 6: 223/223	Map 7: 1/1	Reducer 2: 696(+313)/1009	Reducer 3: 0(+1)/1	
INFO  : Map 1: 304/304	Map 4: 1/1	Map 5: 6/6	Map 6: 223/223	Map 7: 1/1	Reducer 2: 743(+266)/1009	Reducer 3: 0(+1)/1	
INFO  : Map 1: 304/304	Map 4: 1/1	Map 5: 6/6	Map 6: 223/223	Map 7: 1/1	Reducer 2: 755(+254)/1009	Reducer 3: 0(+1)/1	
INFO  : Map 1: 304/304	Map 4: 1/1	Map 5: 6/6	Map 6: 223/223	Map 7: 1/1	Reducer 2: 783(+226)/1009	Reducer 3: 0(+1)/1	
INFO  : Map 1: 304/304	Map 4: 1/1	Map 5: 6/6	Map 6: 223/223	Map 7: 1/1	Reducer 2: 795(+214)/1009	Reducer 3: 0(+1)/1	
INFO  : Map 1: 304/304	Map 4: 1/1	Map 5: 6/6	Map 6: 223/223	Map 7: 1/1	Reducer 2: 801(+208)/1009	Reducer 3: 0(+1)/1	
INFO  : Map 1: 304/304	Map 4: 1/1	Map 5: 6/6	Map 6: 223/223	Map 7: 1/1	Reducer 2: 821(+188)/1009	Reducer 3: 0(+1)/1	
INFO  : Map 1: 304/304	Map 4: 1/1	Map 5: 6/6	Map 6: 223/223	Map 7: 1/1	Reducer 2: 898(+111)/1009	Reducer 3: 0(+1)/1	
INFO  : Map 1: 304/304	Map 4: 1/1	Map 5: 6/6	Map 6: 223/223	Map 7: 1/1	Reducer 2: 905(+104)/1009	Reducer 3: 0(+1)/1	
INFO  : Map 1: 304/304	Map 4: 1/1	Map 5: 6/6	Map 6: 223/223	Map 7: 1/1	Reducer 2: 997(+12)/1009	Reducer 3: 0(+1)/1	
INFO  : Map 1: 304/304	Map 4: 1/1	Map 5: 6/6	Map 6: 223/223	Map 7: 1/1	Reducer 2: 1008(+1)/1009	Reducer 3: 0(+1)/1	
INFO  : Map 1: 304/304	Map 4: 1/1	Map 5: 6/6	Map 6: 223/223	Map 7: 1/1	Reducer 2: 1008(+1)/1009	Reducer 3: 0(+1)/1	
INFO  : Map 1: 304/304	Map 4: 1/1	Map 5: 6/6	Map 6: 223/223	Map 7: 1/1	Reducer 2: 1008(+1)/1009	Reducer 3: 0(+1)/1	
INFO  : Map 1: 304/304	Map 4: 1/1	Map 5: 6/6	Map 6: 223/223	Map 7: 1/1	Reducer 2: 1008(+1)/1009	Reducer 3: 0(+1)/1	
INFO  : Map 1: 304/304	Map 4: 1/1	Map 5: 6/6	Map 6: 223/223	Map 7: 1/1	Reducer 2: 1008(+1)/1009	Reducer 3: 0(+1)/1	
INFO  : Map 1: 304/304	Map 4: 1/1	Map 5: 6/6	Map 6: 223/223	Map 7: 1/1	Reducer 2: 1008(+1)/1009	Reducer 3: 0(+1)/1	
INFO  : Map 1: 304/304	Map 4: 1/1	Map 5: 6/6	Map 6: 223/223	Map 7: 1/1	Reducer 2: 1008(+1)/1009	Reducer 3: 0(+1)/1	
INFO  : Map 1: 304/304	Map 4: 1/1	Map 5: 6/6	Map 6: 223/223	Map 7: 1/1	Reducer 2: 1008(+1)/1009	Reducer 3: 0(+1)/1	
INFO  : Map 1: 304/304	Map 4: 1/1	Map 5: 6/6	Map 6: 223/223	Map 7: 1/1	Reducer 2: 1008(+1)/1009	Reducer 3: 0(+1)/1	
INFO  : Map 1: 304/304	Map 4: 1/1	Map 5: 6/6	Map 6: 223/223	Map 7: 1/1	Reducer 2: 1008(+1)/1009	Reducer 3: 0(+1)/1	
INFO  : Map 1: 304/304	Map 4: 1/1	Map 5: 6/6	Map 6: 223/223	Map 7: 1/1	Reducer 2: 1008(+1)/1009	Reducer 3: 0(+1)/1	
INFO  : Map 1: 304/304	Map 4: 1/1	Map 5: 6/6	Map 6: 223/223	Map 7: 1/1	Reducer 2: 1008(+1)/1009	Reducer 3: 0(+1)/1	
INFO  : Map 1: 304/304	Map 4: 1/1	Map 5: 6/6	Map 6: 223/223	Map 7: 1/1	Reducer 2: 1008(+1)/1009	Reducer 3: 0(+1)/1	
INFO  : Map 1: 304/304	Map 4: 1/1	Map 5: 6/6	Map 6: 223/223	Map 7: 1/1	Reducer 2: 1008(+1)/1009	Reducer 3: 0(+1)/1	
INFO  : Map 1: 304/304	Map 4: 1/1	Map 5: 6/6	Map 6: 223/223	Map 7: 1/1	Reducer 2: 1008(+1)/1009	Reducer 3: 0(+1)/1	
INFO  : Map 1: 304/304	Map 4: 1/1	Map 5: 6/6	Map 6: 223/223	Map 7: 1/1	Reducer 2: 1008(+1)/1009	Reducer 3: 0(+1)/1	
INFO  : Map 1: 304/304	Map 4: 1/1	Map 5: 6/6	Map 6: 223/223	Map 7: 1/1	Reducer 2: 1008(+1)/1009	Reducer 3: 0(+1)/1	
INFO  : Map 1: 304/304	Map 4: 1/1	Map 5: 6/6	Map 6: 223/223	Map 7: 1/1	Reducer 2: 1008(+1)/1009	Reducer 3: 0(+1)/1	
INFO  : Map 1: 304/304	Map 4: 1/1	Map 5: 6/6	Map 6: 223/223	Map 7: 1/1	Reducer 2: 1009/1009	Reducer 3: 0(+1)/1	
INFO  : Map 1: 304/304	Map 4: 1/1	Map 5: 6/6	Map 6: 223/223	Map 7: 1/1	Reducer 2: 1009/1009	Reducer 3: 1/1	
INFO  : Status: DAG finished successfully in 68.50 seconds
INFO  : 
INFO  : Query Execution Summary
INFO  : ----------------------------------------------------------------------------------------------
INFO  : ----------------------------------------------------------------------------------------------
INFO  : Compile Query                           0.65s
INFO  : Prepare Plan                            0.22s
INFO  : Submit Plan                             0.12s
INFO  : Start DAG                               0.60s
INFO  : Run DAG                                68.50s
INFO  : ----------------------------------------------------------------------------------------------
INFO  : 
INFO  : Task Execution Summary
INFO  : --------------------------------------------------------------------------------------------------------------------------------
INFO  : --------------------------------------------------------------------------------------------------------------------------------
INFO  :      Map 1          304                0             0        8542.00             0            0  5,448,012,239      23,737,335
INFO  :      Map 4            1                0             0           0.00             0            0          1,500           1,500
INFO  :      Map 5            6                0             0         204.00             0            0      1,920,800          54,880
INFO  :      Map 6          223                0             0        1879.00             0            0     32,500,000       7,291,638
INFO  :      Map 7            1                0             0           0.00             0            0         10,000             365
INFO  :  Reducer 2         1009                0          4530       62104.00             0            0     31,029,338           1,009
INFO  :  Reducer 3            1                0            29       57729.00             0            0          1,009               0
INFO  : --------------------------------------------------------------------------------------------------------------------------------
INFO  : 
INFO  : LLAP IO Summary
INFO  : ----------------------------------------------------------------------------------------------
INFO  : ----------------------------------------------------------------------------------------------
INFO  :      Map 1    546763      7521          0   69.32GB         0B          0B       0B  1575.74s
INFO  :      Map 4         1         2          0       17B         0B          0B       0B     0.00s
INFO  :      Map 5       195        12          0  320.13KB         0B          0B       0B     0.11s
INFO  :      Map 6      3331       446          0   35.59MB         0B          0B       0B     4.83s
INFO  :      Map 7         1         2          0    1.39KB         0B          0B       0B     0.00s
INFO  : ----------------------------------------------------------------------------------------------
INFO  : 
INFO  : FileSystem Counters Summary
INFO  : 
INFO  : ----------------------------------------------------------------------------------------------
INFO  : ----------------------------------------------------------------------------------------------
INFO  :      Map 1              0B             0                  0           261.64MB             0
INFO  :      Map 4              0B             0                  0             6.04KB             0
INFO  :      Map 5              0B             0                  0           262.32KB             0
INFO  :      Map 6              0B             0                  0            60.35MB             0
INFO  :      Map 7              0B             0                  0             1.51KB             0
INFO  :  Reducer 2          6.51GB             0                  0            60.54KB             0
INFO  :  Reducer 3              0B             0                  0                 0B             0
INFO  : ----------------------------------------------------------------------------------------------
INFO  : 
INFO  : ----------------------------------------------------------------------------------------------
INFO  : ----------------------------------------------------------------------------------------------
INFO  :      Map 1              0B             0                  0                 0B             0
INFO  :      Map 4              0B             0                  0                 0B             0
INFO  :      Map 5              0B             0                  0                 0B             0
INFO  :      Map 6              0B             0                  0                 0B             0
INFO  :      Map 7              0B             0                  0                 0B             0
INFO  :  Reducer 2              0B             0                  0                 0B             0
INFO  :  Reducer 3              0B             2                  0               109B             2
INFO  : ----------------------------------------------------------------------------------------------
INFO  : 
INFO  : org.apache.tez.common.counters.DAGCounter:
INFO  :    NUM_KILLED_TASKS: 4559
INFO  :    NUM_SUCCEEDED_TASKS: 1545
INFO  :    TOTAL_LAUNCHED_TASKS: 6104
INFO  :    DATA_LOCAL_TASKS: 535
INFO  :    AM_CPU_MILLISECONDS: 73290
INFO  :    AM_GC_TIME_MILLIS: 1463
INFO  : File System Counters:
INFO  :    FILE_BYTES_READ: 6512011870
INFO  :    FILE_BYTES_WRITTEN: 322321780
INFO  :    FILE_READ_OPS: 0
INFO  :    FILE_LARGE_READ_OPS: 0
INFO  :    FILE_WRITE_OPS: 0
INFO  :    HDFS_BYTES_READ: 0
INFO  :    HDFS_BYTES_WRITTEN: 109
INFO  :    HDFS_READ_OPS: 2
INFO  :    HDFS_LARGE_READ_OPS: 0
INFO  :    HDFS_WRITE_OPS: 2
INFO  : org.apache.tez.common.counters.TaskCounter:
INFO  :    REDUCE_INPUT_GROUPS: 1
INFO  :    REDUCE_INPUT_RECORDS: 1009
INFO  :    COMBINE_INPUT_RECORDS: 0
INFO  :    SPILLED_RECORDS: 2035
INFO  :    NUM_SHUFFLED_INPUTS: 532613
INFO  :    NUM_SKIPPED_INPUTS: 0
INFO  :    NUM_FAILED_SHUFFLE_INPUTS: 1
INFO  :    MERGED_MAP_OUTPUTS: 1009
INFO  :    INPUT_RECORDS_PROCESSED: 37022377
INFO  :    INPUT_SPLIT_LENGTH_BYTES: 303485372401
INFO  :    OUTPUT_RECORDS: 31086727
INFO  :    OUTPUT_LARGE_RECORDS: 0
INFO  :    OUTPUT_BYTES: 445691110
INFO  :    OUTPUT_BYTES_WITH_OVERHEAD: 840055412
INFO  :    OUTPUT_BYTES_PHYSICAL: 322285212
INFO  :    ADDITIONAL_SPILLS_BYTES_WRITTEN: 0
INFO  :    ADDITIONAL_SPILLS_BYTES_READ: 7651
INFO  :    ADDITIONAL_SPILL_COUNT: 0
INFO  :    SHUFFLE_CHUNK_COUNT: 1009
INFO  :    SHUFFLE_BYTES: 311680076
INFO  :    SHUFFLE_BYTES_DECOMPRESSED: 514237962
INFO  :    SHUFFLE_BYTES_TO_MEM: 277041102
INFO  :    SHUFFLE_BYTES_TO_DISK: 0
INFO  :    SHUFFLE_BYTES_DISK_DIRECT: 34638974
INFO  :    NUM_MEM_TO_DISK_MERGES: 0
INFO  :    NUM_DISK_TO_DISK_MERGES: 0
INFO  :    SHUFFLE_PHASE_TIME: 4484468
INFO  :    MERGE_PHASE_TIME: 56386
INFO  :    FIRST_EVENT_RECEIVED: 43050
INFO  :    LAST_EVENT_RECEIVED: 1142006
INFO  : HIVE:
INFO  :    CREATED_FILES: 1
INFO  :    DESERIALIZE_ERRORS: 0
INFO  :    RECORDS_IN_Map_1: 5447955859
INFO  :    RECORDS_IN_Map_4: 1500
INFO  :    RECORDS_IN_Map_5: 1920800
INFO  :    RECORDS_IN_Map_6: 32500000
INFO  :    RECORDS_IN_Map_7: 10000
INFO  :    RECORDS_OUT_0: 1
INFO  :    RECORDS_OUT_INTERMEDIATE_Map_1: 23737335
INFO  :    RECORDS_OUT_INTERMEDIATE_Map_4: 1500
INFO  :    RECORDS_OUT_INTERMEDIATE_Map_5: 54880
INFO  :    RECORDS_OUT_INTERMEDIATE_Map_6: 7291638
INFO  :    RECORDS_OUT_INTERMEDIATE_Map_7: 365
INFO  :    RECORDS_OUT_INTERMEDIATE_Reducer_2: 1009
INFO  : Shuffle Errors:
INFO  :    BAD_ID: 0
INFO  :    CONNECTION: 0
INFO  :    IO_ERROR: 0
INFO  :    WRONG_LENGTH: 0
INFO  :    WRONG_MAP: 0
INFO  :    WRONG_REDUCE: 0
INFO  : Shuffle Errors_Reducer_3_INPUT_Reducer_2:
INFO  :    BAD_ID: 0
INFO  :    CONNECTION: 0
INFO  :    IO_ERROR: 0
INFO  :    WRONG_LENGTH: 0
INFO  :    WRONG_MAP: 0
INFO  :    WRONG_REDUCE: 0
INFO  : TaskCounter_Map_1_INPUT_Map_4:
INFO  :    FIRST_EVENT_RECEIVED: 59
INFO  :    INPUT_RECORDS_PROCESSED: 13500
INFO  :    LAST_EVENT_RECEIVED: 59
INFO  :    NUM_FAILED_SHUFFLE_INPUTS: 0
INFO  :    NUM_SHUFFLED_INPUTS: 9
INFO  :    SHUFFLE_BYTES: 54027
INFO  :    SHUFFLE_BYTES_DECOMPRESSED: 94554
INFO  :    SHUFFLE_BYTES_DISK_DIRECT: 6003
INFO  :    SHUFFLE_BYTES_TO_DISK: 0
INFO  :    SHUFFLE_BYTES_TO_MEM: 48024
INFO  :    SHUFFLE_PHASE_TIME: 1052
INFO  : TaskCounter_Map_1_INPUT_Map_5:
INFO  :    FIRST_EVENT_RECEIVED: 21
INFO  :    INPUT_RECORDS_PROCESSED: 493920
INFO  :    LAST_EVENT_RECEIVED: 399
INFO  :    NUM_FAILED_SHUFFLE_INPUTS: 0
INFO  :    NUM_SHUFFLED_INPUTS: 54
INFO  :    SHUFFLE_BYTES: 2359161
INFO  :    SHUFFLE_BYTES_DECOMPRESSED: 3457764
INFO  :    SHUFFLE_BYTES_DISK_DIRECT: 262129
INFO  :    SHUFFLE_BYTES_TO_DISK: 0
INFO  :    SHUFFLE_BYTES_TO_MEM: 2097032
INFO  :    SHUFFLE_PHASE_TIME: 3111
INFO  : TaskCounter_Map_1_INPUT_store_sales:
INFO  :    INPUT_RECORDS_PROCESSED: 5448100
INFO  :    INPUT_SPLIT_LENGTH_BYTES: 302820393415
INFO  : TaskCounter_Map_1_OUTPUT_Reducer_2:
INFO  :    ADDITIONAL_SPILLS_BYTES_READ: 0
INFO  :    ADDITIONAL_SPILLS_BYTES_WRITTEN: 0
INFO  :    ADDITIONAL_SPILL_COUNT: 0
INFO  :    OUTPUT_BYTES: 379776589
INFO  :    OUTPUT_BYTES_PHYSICAL: 261634636
INFO  :    OUTPUT_BYTES_WITH_OVERHEAD: 664645380
INFO  :    OUTPUT_LARGE_RECORDS: 0
INFO  :    OUTPUT_RECORDS: 23737335
INFO  :    SPILLED_RECORDS: 0
INFO  : TaskCounter_Map_4_INPUT_store:
INFO  :    INPUT_RECORDS_PROCESSED: 2
INFO  :    INPUT_SPLIT_LENGTH_BYTES: 127422
INFO  : TaskCounter_Map_4_OUTPUT_Map_1:
INFO  :    ADDITIONAL_SPILLS_BYTES_READ: 0
INFO  :    ADDITIONAL_SPILLS_BYTES_WRITTEN: 0
INFO  :    ADDITIONAL_SPILL_COUNT: 0
INFO  :    OUTPUT_BYTES: 7500
INFO  :    OUTPUT_BYTES_PHYSICAL: 6027
INFO  :    OUTPUT_BYTES_WITH_OVERHEAD: 10506
INFO  :    OUTPUT_LARGE_RECORDS: 0
INFO  :    OUTPUT_RECORDS: 1500
INFO  :    SPILLED_RECORDS: 0
INFO  : TaskCounter_Map_5_INPUT_customer_demographics:
INFO  :    INPUT_RECORDS_PROCESSED: 1923
INFO  :    INPUT_SPLIT_LENGTH_BYTES: 541712
INFO  : TaskCounter_Map_5_OUTPUT_Map_1:
INFO  :    ADDITIONAL_SPILLS_BYTES_READ: 0
INFO  :    ADDITIONAL_SPILLS_BYTES_WRITTEN: 0
INFO  :    ADDITIONAL_SPILL_COUNT: 0
INFO  :    OUTPUT_BYTES: 274400
INFO  :    OUTPUT_BYTES_PHYSICAL: 262273
INFO  :    OUTPUT_BYTES_WITH_OVERHEAD: 384196
INFO  :    OUTPUT_LARGE_RECORDS: 0
INFO  :    OUTPUT_RECORDS: 54880
INFO  :    SPILLED_RECORDS: 0
INFO  : TaskCounter_Map_6_INPUT_customer_address:
INFO  :    INPUT_RECORDS_PROCESSED: 32664
INFO  :    INPUT_SPLIT_LENGTH_BYTES: 663550675
INFO  : TaskCounter_Map_6_OUTPUT_Reducer_2:
INFO  :    ADDITIONAL_SPILLS_BYTES_READ: 0
INFO  :    ADDITIONAL_SPILLS_BYTES_WRITTEN: 0
INFO  :    ADDITIONAL_SPILL_COUNT: 0
INFO  :    OUTPUT_BYTES: 65624742
INFO  :    OUTPUT_BYTES_PHYSICAL: 60352521
INFO  :    OUTPUT_BYTES_WITH_OVERHEAD: 174998643
INFO  :    OUTPUT_LARGE_RECORDS: 0
INFO  :    OUTPUT_RECORDS: 7291638
INFO  :    SPILLED_RECORDS: 0
INFO  : TaskCounter_Map_7_INPUT_date_dim:
INFO  :    INPUT_RECORDS_PROCESSED: 10
INFO  :    INPUT_SPLIT_LENGTH_BYTES: 759177
INFO  : TaskCounter_Map_7_OUTPUT_Reducer_2:
INFO  :    ADDITIONAL_SPILLS_BYTES_READ: 0
INFO  :    ADDITIONAL_SPILLS_BYTES_WRITTEN: 0
INFO  :    ADDITIONAL_SPILL_COUNT: 0
INFO  :    OUTPUT_BYTES: 1825
INFO  :    OUTPUT_BYTES_PHYSICAL: 1503
INFO  :    OUTPUT_BYTES_WITH_OVERHEAD: 2561
INFO  :    OUTPUT_LARGE_RECORDS: 0
INFO  :    OUTPUT_RECORDS: 365
INFO  :    SPILLED_RECORDS: 0
INFO  : TaskCounter_Reducer_2_INPUT_Map_1:
INFO  :    FIRST_EVENT_RECEIVED: 20799
INFO  :    INPUT_RECORDS_PROCESSED: 23737335
INFO  :    LAST_EVENT_RECEIVED: 1030903
INFO  :    NUM_FAILED_SHUFFLE_INPUTS: 1
INFO  :    NUM_SHUFFLED_INPUTS: 306525
INFO  :    SHUFFLE_BYTES: 254272972
INFO  :    SHUFFLE_BYTES_DECOMPRESSED: 429090409
INFO  :    SHUFFLE_BYTES_DISK_DIRECT: 28270307
INFO  :    SHUFFLE_BYTES_TO_DISK: 0
INFO  :    SHUFFLE_BYTES_TO_MEM: 226002665
INFO  :    SHUFFLE_PHASE_TIME: 3201394
INFO  : TaskCounter_Reducer_2_INPUT_Map_6:
INFO  :    FIRST_EVENT_RECEIVED: 21935
INFO  :    INPUT_RECORDS_PROCESSED: 7291638
INFO  :    LAST_EVENT_RECEIVED: 54043
INFO  :    NUM_FAILED_SHUFFLE_INPUTS: 0
INFO  :    NUM_SHUFFLED_INPUTS: 225007
INFO  :    SHUFFLE_BYTES: 54952353
INFO  :    SHUFFLE_BYTES_DECOMPRESSED: 81558060
INFO  :    SHUFFLE_BYTES_DISK_DIRECT: 6095808
INFO  :    SHUFFLE_BYTES_TO_DISK: 0
INFO  :    SHUFFLE_BYTES_TO_MEM: 48856545
INFO  :    SHUFFLE_PHASE_TIME: 1220147
INFO  : TaskCounter_Reducer_2_INPUT_Map_7:
INFO  :    FIRST_EVENT_RECEIVED: 234
INFO  :    INPUT_RECORDS_PROCESSED: 3285
INFO  :    LAST_EVENT_RECEIVED: 234
INFO  :    NUM_FAILED_SHUFFLE_INPUTS: 0
INFO  :    NUM_SHUFFLED_INPUTS: 9
INFO  :    SHUFFLE_BYTES: 13311
INFO  :    SHUFFLE_BYTES_DECOMPRESSED: 23049
INFO  :    SHUFFLE_BYTES_DISK_DIRECT: 1479
INFO  :    SHUFFLE_BYTES_TO_DISK: 0
INFO  :    SHUFFLE_BYTES_TO_MEM: 11832
INFO  :    SHUFFLE_PHASE_TIME: 2395
INFO  : TaskCounter_Reducer_2_OUTPUT_Reducer_3:
INFO  :    ADDITIONAL_SPILLS_BYTES_READ: 0
INFO  :    ADDITIONAL_SPILLS_BYTES_WRITTEN: 0
INFO  :    ADDITIONAL_SPILL_COUNT: 0
INFO  :    OUTPUT_BYTES: 6054
INFO  :    OUTPUT_BYTES_PHYSICAL: 28252
INFO  :    OUTPUT_BYTES_WITH_OVERHEAD: 14126
INFO  :    OUTPUT_RECORDS: 1009
INFO  :    SHUFFLE_CHUNK_COUNT: 1009
INFO  :    SPILLED_RECORDS: 1009
INFO  : TaskCounter_Reducer_3_INPUT_Reducer_2:
INFO  :    ADDITIONAL_SPILLS_BYTES_READ: 7651
INFO  :    ADDITIONAL_SPILLS_BYTES_WRITTEN: 0
INFO  :    COMBINE_INPUT_RECORDS: 0
INFO  :    FIRST_EVENT_RECEIVED: 2
INFO  :    LAST_EVENT_RECEIVED: 56368
INFO  :    MERGED_MAP_OUTPUTS: 1009
INFO  :    MERGE_PHASE_TIME: 56386
INFO  :    NUM_DISK_TO_DISK_MERGES: 0
INFO  :    NUM_FAILED_SHUFFLE_INPUTS: 0
INFO  :    NUM_MEM_TO_DISK_MERGES: 0
INFO  :    NUM_SHUFFLED_INPUTS: 1009
INFO  :    NUM_SKIPPED_INPUTS: 0
INFO  :    REDUCE_INPUT_GROUPS: 1
INFO  :    REDUCE_INPUT_RECORDS: 1009
INFO  :    SHUFFLE_BYTES: 28252
INFO  :    SHUFFLE_BYTES_DECOMPRESSED: 14126
INFO  :    SHUFFLE_BYTES_DISK_DIRECT: 3248
INFO  :    SHUFFLE_BYTES_TO_DISK: 0
INFO  :    SHUFFLE_BYTES_TO_MEM: 25004
INFO  :    SHUFFLE_PHASE_TIME: 56369
INFO  :    SPILLED_RECORDS: 1026
INFO  : TaskCounter_Reducer_3_OUTPUT_out_Reducer_3:
INFO  :    OUTPUT_RECORDS: 0
INFO  : org.apache.hadoop.hive.llap.counters.LlapIOCounters:
INFO  :    CACHE_HIT_BYTES: 69353278473
INFO  :    CACHE_MISS_BYTES: 0
INFO  :    CONSUMER_TIME_NS: 1297159423613
INFO  :    DECODE_TIME_NS: 1541369294110
INFO  :    HDFS_TIME_NS: 29218611
INFO  :    METADATA_CACHE_HIT: 7983
INFO  :    NUM_DECODED_BATCHES: 550291
INFO  :    NUM_VECTOR_BATCHES: 5482699
INFO  :    ROWS_EMITTED: 5482388159
INFO  :    SELECTED_ROWGROUPS: 550291
INFO  :    TOTAL_IO_TIME_NS: 1580689735797
INFO  : Completed executing command(queryId=hive_20161020164321_9eb68395-be97-40d8-b34b-9b08e9ef34c7); Time taken: 69.491 seconds
INFO  : OK
1 row selected (70.189 seconds)
Closing: 0: jdbc:hive2://h01hn02:10500/tpcds_bin_partitioned_orc_10000
