Connecting to jdbc:hive2://h01hn02:10500/tpcds_bin_partitioned_orc_10000
Connected to: Apache Hive (version 2.1.0.2.5.1.0-43)
Driver: Hive JDBC (version 1.2.1000.2.5.1.0-43)
Transaction isolation: TRANSACTION_REPEATABLE_READ
Running init script bry.sql
No rows affected (0.036 seconds)
INFO  : Compiling command(queryId=hive_20161020163611_b15ce440-e9ef-453e-a2b3-9b545ca70838): select  c_last_name
       ,c_first_name
       ,ca_city
       ,bought_city
       ,ss_ticket_number
       ,amt,profit 
 from
   (select ss_ticket_number
          ,ss_customer_sk
          ,ca_city bought_city
          ,sum(ss_coupon_amt) amt
          ,sum(ss_net_profit) profit
    from store_sales,date_dim,store,household_demographics,customer_address 
    where store_sales.ss_sold_date_sk = date_dim.d_date_sk
    and store_sales.ss_store_sk = store.s_store_sk  
    and store_sales.ss_hdemo_sk = household_demographics.hd_demo_sk
    and store_sales.ss_addr_sk = customer_address.ca_address_sk
    and (household_demographics.hd_dep_count = 4 or
         household_demographics.hd_vehicle_count= 2)
    and date_dim.d_dow in (6,0)
    and date_dim.d_year in (1998,1998+1,1998+2) 
    and store.s_city in ('Rosedale','Bethlehem','Clinton','Clifton','Springfield') 
    group by ss_ticket_number,ss_customer_sk,ss_addr_sk,ca_city) dn,customer,customer_address current_addr
    where dn.ss_customer_sk = customer.c_customer_sk
      and customer.c_current_addr_sk = current_addr.ca_address_sk
      and current_addr.ca_city <> bought_city
  order by c_last_name
          ,c_first_name
          ,ca_city
          ,bought_city
          ,ss_ticket_number
  limit 100
INFO  : Semantic Analysis Completed
INFO  : Returning Hive schema: Schema(fieldSchemas:[FieldSchema(name:c_last_name, type:string, comment:null), FieldSchema(name:c_first_name, type:string, comment:null), FieldSchema(name:ca_city, type:string, comment:null), FieldSchema(name:bought_city, type:string, comment:null), FieldSchema(name:ss_ticket_number, type:int, comment:null), FieldSchema(name:amt, type:double, comment:null), FieldSchema(name:profit, type:double, comment:null)], properties:null)
INFO  : Completed compiling command(queryId=hive_20161020163611_b15ce440-e9ef-453e-a2b3-9b545ca70838); Time taken: 0.803 seconds
INFO  : Concurrency mode is disabled, not creating a lock manager
INFO  : Executing command(queryId=hive_20161020163611_b15ce440-e9ef-453e-a2b3-9b545ca70838): select  c_last_name
       ,c_first_name
       ,ca_city
       ,bought_city
       ,ss_ticket_number
       ,amt,profit 
 from
   (select ss_ticket_number
          ,ss_customer_sk
          ,ca_city bought_city
          ,sum(ss_coupon_amt) amt
          ,sum(ss_net_profit) profit
    from store_sales,date_dim,store,household_demographics,customer_address 
    where store_sales.ss_sold_date_sk = date_dim.d_date_sk
    and store_sales.ss_store_sk = store.s_store_sk  
    and store_sales.ss_hdemo_sk = household_demographics.hd_demo_sk
    and store_sales.ss_addr_sk = customer_address.ca_address_sk
    and (household_demographics.hd_dep_count = 4 or
         household_demographics.hd_vehicle_count= 2)
    and date_dim.d_dow in (6,0)
    and date_dim.d_year in (1998,1998+1,1998+2) 
    and store.s_city in ('Rosedale','Bethlehem','Clinton','Clifton','Springfield') 
    group by ss_ticket_number,ss_customer_sk,ss_addr_sk,ca_city) dn,customer,customer_address current_addr
    where dn.ss_customer_sk = customer.c_customer_sk
      and customer.c_current_addr_sk = current_addr.ca_address_sk
      and current_addr.ca_city <> bought_city
  order by c_last_name
          ,c_first_name
          ,ca_city
          ,bought_city
          ,ss_ticket_number
  limit 100
INFO  : Query ID = hive_20161020163611_b15ce440-e9ef-453e-a2b3-9b545ca70838
INFO  : Total jobs = 1
INFO  : Launching Job 1 out of 1
INFO  : Starting task [Stage-1:MAPRED] in serial mode
INFO  : Session is already open
INFO  : Dag name: select  c_last_name
       ,c_first_na...100(Stage-1)
INFO  : Setting tez.task.scale.memory.reserve-fraction to 0.30000001192092896
INFO  : Setting tez.task.scale.memory.reserve-fraction to 0.30000001192092896
INFO  : Setting tez.task.scale.memory.reserve-fraction to 0.30000001192092896
INFO  : Setting tez.task.scale.memory.reserve-fraction to 0.30000001192092896
INFO  : 

INFO  : Status: Running (Executing on YARN cluster with App id application_1476988466894_0259)

INFO  : Map 1: -/-	Map 10: 0/223	Map 11: 0(+5)/281	Map 12: 0/223	Map 7: 1/1	Map 8: 1/1	Map 9: 0/1	Reducer 2: 0/1009	Reducer 3: 0/1009	Reducer 4: 0/1009	Reducer 5: 0/1009	Reducer 6: 0/1	
INFO  : Map 1: -/-	Map 10: 0/223	Map 11: 3(+2)/281	Map 12: 0/223	Map 7: 1/1	Map 8: 1/1	Map 9: 0/1	Reducer 2: 0/1009	Reducer 3: 0/1009	Reducer 4: 0/1009	Reducer 5: 0/1009	Reducer 6: 0/1	
INFO  : Map 1: 0/326	Map 10: 0/223	Map 11: 5(+0)/281	Map 12: 0/223	Map 7: 1/1	Map 8: 1/1	Map 9: 0/1	Reducer 2: 0/1009	Reducer 3: 0/1009	Reducer 4: 0/1009	Reducer 5: 0/1009	Reducer 6: 0/1	
INFO  : Map 1: 0/326	Map 10: 0/223	Map 11: 5(+1)/281	Map 12: 0/223	Map 7: 1/1	Map 8: 1/1	Map 9: 0/1	Reducer 2: 0/1009	Reducer 3: 0/1009	Reducer 4: 0/1009	Reducer 5: 0/1009	Reducer 6: 0/1	
INFO  : Map 1: 0/326	Map 10: 0/223	Map 11: 6(+0)/281	Map 12: 0/223	Map 7: 1/1	Map 8: 1/1	Map 9: 0/1	Reducer 2: 0/1009	Reducer 3: 0/1009	Reducer 4: 0/1009	Reducer 5: 0/1009	Reducer 6: 0/1	
INFO  : Map 1: 0/326	Map 10: 0/223	Map 11: 6(+1)/281	Map 12: 0/223	Map 7: 1/1	Map 8: 1/1	Map 9: 0/1	Reducer 2: 0/1009	Reducer 3: 0/1009	Reducer 4: 0/1009	Reducer 5: 0/1009	Reducer 6: 0/1	
INFO  : Map 1: 0/326	Map 10: 0/223	Map 11: 6(+6)/281	Map 12: 0/223	Map 7: 1/1	Map 8: 1/1	Map 9: 0/1	Reducer 2: 0/1009	Reducer 3: 0/1009	Reducer 4: 0/1009	Reducer 5: 0/1009	Reducer 6: 0/1	
INFO  : Map 1: 0/326	Map 10: 0/223	Map 11: 8(+4)/281	Map 12: 0/223	Map 7: 1/1	Map 8: 1/1	Map 9: 0/1	Reducer 2: 0/1009	Reducer 3: 0/1009	Reducer 4: 0/1009	Reducer 5: 0/1009	Reducer 6: 0/1	
INFO  : Map 1: 0/326	Map 10: 0/223	Map 11: 12(+0)/281	Map 12: 0/223	Map 7: 1/1	Map 8: 1/1	Map 9: 0/1	Reducer 2: 0/1009	Reducer 3: 0/1009	Reducer 4: 0/1009	Reducer 5: 0/1009	Reducer 6: 0/1	
INFO  : Map 1: 0/326	Map 10: 0/223	Map 11: 12(+1)/281	Map 12: 0/223	Map 7: 1/1	Map 8: 1/1	Map 9: 0/1	Reducer 2: 0/1009	Reducer 3: 0/1009	Reducer 4: 0/1009	Reducer 5: 0/1009	Reducer 6: 0/1	
INFO  : Map 1: 0/326	Map 10: 0/223	Map 11: 13(+0)/281	Map 12: 0/223	Map 7: 1/1	Map 8: 1/1	Map 9: 0/1	Reducer 2: 0/1009	Reducer 3: 0/1009	Reducer 4: 0/1009	Reducer 5: 0/1009	Reducer 6: 0/1	
INFO  : Map 1: 0/326	Map 10: 0/223	Map 11: 13(+1)/281	Map 12: 0/223	Map 7: 1/1	Map 8: 1/1	Map 9: 0/1	Reducer 2: 0/1009	Reducer 3: 0/1009	Reducer 4: 0/1009	Reducer 5: 0/1009	Reducer 6: 0/1	
INFO  : Map 1: 0/326	Map 10: 0/223	Map 11: 14(+0)/281	Map 12: 0/223	Map 7: 1/1	Map 8: 1/1	Map 9: 0/1	Reducer 2: 0/1009	Reducer 3: 0/1009	Reducer 4: 0/1009	Reducer 5: 0/1009	Reducer 6: 0/1	
INFO  : Map 1: 0/326	Map 10: 0/223	Map 11: 14(+1)/281	Map 12: 0/223	Map 7: 1/1	Map 8: 1/1	Map 9: 0/1	Reducer 2: 0/1009	Reducer 3: 0/1009	Reducer 4: 0/1009	Reducer 5: 0/1009	Reducer 6: 0/1	
INFO  : Map 1: 0/326	Map 10: 0/223	Map 11: 15(+0)/281	Map 12: 0/223	Map 7: 1/1	Map 8: 1/1	Map 9: 0/1	Reducer 2: 0/1009	Reducer 3: 0/1009	Reducer 4: 0/1009	Reducer 5: 0/1009	Reducer 6: 0/1	
INFO  : Map 1: 0/326	Map 10: 0(+185)/223	Map 11: 15(+266)/281	Map 12: 0(+39)/223	Map 7: 1/1	Map 8: 1/1	Map 9: 0(+1)/1	Reducer 2: 0/1009	Reducer 3: 0/1009	Reducer 4: 0/1009	Reducer 5: 0/1009	Reducer 6: 0/1	
INFO  : Map 1: 0/326	Map 10: 0(+193)/223	Map 11: 15(+266)/281	Map 12: 0(+39)/223	Map 7: 1/1	Map 8: 1/1	Map 9: 0(+1)/1	Reducer 2: 0/1009	Reducer 3: 0/1009	Reducer 4: 0/1009	Reducer 5: 0/1009	Reducer 6: 0/1	
INFO  : Map 1: 0/326	Map 10: 0(+209)/223	Map 11: 15(+266)/281	Map 12: 0(+39)/223	Map 7: 1/1	Map 8: 1/1	Map 9: 0(+1)/1	Reducer 2: 0/1009	Reducer 3: 0/1009	Reducer 4: 0/1009	Reducer 5: 0/1009	Reducer 6: 0/1	
INFO  : Map 1: 0/326	Map 10: 0(+223)/223	Map 11: 21(+260)/281	Map 12: 0(+39)/223	Map 7: 1/1	Map 8: 1/1	Map 9: 0(+1)/1	Reducer 2: 0/1009	Reducer 3: 0/1009	Reducer 4: 0/1009	Reducer 5: 0/1009	Reducer 6: 0/1	
INFO  : Map 1: 0/326	Map 10: 4(+219)/223	Map 11: 37(+244)/281	Map 12: 1(+38)/223	Map 7: 1/1	Map 8: 1/1	Map 9: 0(+1)/1	Reducer 2: 0/1009	Reducer 3: 0/1009	Reducer 4: 0/1009	Reducer 5: 0/1009	Reducer 6: 0/1	
INFO  : Map 1: 0/326	Map 10: 5(+218)/223	Map 11: 48(+233)/281	Map 12: 1(+38)/223	Map 7: 1/1	Map 8: 1/1	Map 9: 0(+1)/1	Reducer 2: 0/1009	Reducer 3: 0/1009	Reducer 4: 0/1009	Reducer 5: 0/1009	Reducer 6: 0/1	
INFO  : Map 1: 0/326	Map 10: 5(+218)/223	Map 11: 49(+232)/281	Map 12: 1(+38)/223	Map 7: 1/1	Map 8: 1/1	Map 9: 1/1	Reducer 2: 0/1009	Reducer 3: 0/1009	Reducer 4: 0/1009	Reducer 5: 0/1009	Reducer 6: 0/1	
INFO  : Map 1: 0/326	Map 10: 6(+217)/223	Map 11: 61(+220)/281	Map 12: 1(+38)/223	Map 7: 1/1	Map 8: 1/1	Map 9: 1/1	Reducer 2: 0/1009	Reducer 3: 0/1009	Reducer 4: 0/1009	Reducer 5: 0/1009	Reducer 6: 0/1	
INFO  : Map 1: 0/326	Map 10: 6(+217)/223	Map 11: 82(+199)/281	Map 12: 1(+38)/223	Map 7: 1/1	Map 8: 1/1	Map 9: 1/1	Reducer 2: 0/1009	Reducer 3: 0/1009	Reducer 4: 0/1009	Reducer 5: 0/1009	Reducer 6: 0/1	
INFO  : Map 1: 0/326	Map 10: 9(+214)/223	Map 11: 85(+196)/281	Map 12: 2(+37)/223	Map 7: 1/1	Map 8: 1/1	Map 9: 1/1	Reducer 2: 0/1009	Reducer 3: 0/1009	Reducer 4: 0/1009	Reducer 5: 0/1009	Reducer 6: 0/1	
INFO  : Map 1: 0/326	Map 10: 18(+205)/223	Map 11: 97(+184)/281	Map 12: 2(+37)/223	Map 7: 1/1	Map 8: 1/1	Map 9: 1/1	Reducer 2: 0/1009	Reducer 3: 0/1009	Reducer 4: 0/1009	Reducer 5: 0/1009	Reducer 6: 0/1	
INFO  : Map 1: 0/326	Map 10: 23(+200)/223	Map 11: 119(+162)/281	Map 12: 2(+37)/223	Map 7: 1/1	Map 8: 1/1	Map 9: 1/1	Reducer 2: 0/1009	Reducer 3: 0/1009	Reducer 4: 0/1009	Reducer 5: 0/1009	Reducer 6: 0/1	
INFO  : Map 1: 0/326	Map 10: 28(+195)/223	Map 11: 123(+158)/281	Map 12: 2(+37)/223	Map 7: 1/1	Map 8: 1/1	Map 9: 1/1	Reducer 2: 0/1009	Reducer 3: 0/1009	Reducer 4: 0/1009	Reducer 5: 0/1009	Reducer 6: 0/1	
INFO  : Map 1: 0/326	Map 10: 72(+151)/223	Map 11: 148(+133)/281	Map 12: 9(+30)/223	Map 7: 1/1	Map 8: 1/1	Map 9: 1/1	Reducer 2: 0/1009	Reducer 3: 0/1009	Reducer 4: 0/1009	Reducer 5: 0/1009	Reducer 6: 0/1	
INFO  : Map 1: 0/326	Map 10: 137(+86)/223	Map 11: 197(+84)/281	Map 12: 14(+25)/223	Map 7: 1/1	Map 8: 1/1	Map 9: 1/1	Reducer 2: 0/1009	Reducer 3: 0/1009	Reducer 4: 0/1009	Reducer 5: 0/1009	Reducer 6: 0/1	
INFO  : Map 1: 0/326	Map 10: 152(+71)/223	Map 11: 211(+70)/281	Map 12: 15(+24)/223	Map 7: 1/1	Map 8: 1/1	Map 9: 1/1	Reducer 2: 0/1009	Reducer 3: 0/1009	Reducer 4: 0/1009	Reducer 5: 0/1009	Reducer 6: 0/1	
INFO  : Map 1: 0/326	Map 10: 177(+46)/223	Map 11: 242(+39)/281	Map 12: 15(+27)/223	Map 7: 1/1	Map 8: 1/1	Map 9: 1/1	Reducer 2: 0/1009	Reducer 3: 0/1009	Reducer 4: 0/1009	Reducer 5: 0/1009	Reducer 6: 0/1	
INFO  : Map 1: 0/326	Map 10: 182(+41)/223	Map 11: 248(+33)/281	Map 12: 19(+29)/223	Map 7: 1/1	Map 8: 1/1	Map 9: 1/1	Reducer 2: 0/1009	Reducer 3: 0/1009	Reducer 4: 0/1009	Reducer 5: 0/1009	Reducer 6: 0/1	
INFO  : Map 1: 0/326	Map 10: 203(+20)/223	Map 11: 273(+8)/281	Map 12: 26(+24)/223	Map 7: 1/1	Map 8: 1/1	Map 9: 1/1	Reducer 2: 0/1009	Reducer 3: 0/1009	Reducer 4: 0/1009	Reducer 5: 0/1009	Reducer 6: 0/1	
INFO  : Map 1: 0/326	Map 10: 220(+3)/223	Map 11: 273(+8)/281	Map 12: 28(+23)/223	Map 7: 1/1	Map 8: 1/1	Map 9: 1/1	Reducer 2: 0/1009	Reducer 3: 0/1009	Reducer 4: 0/1009	Reducer 5: 0/1009	Reducer 6: 0/1	
INFO  : Map 1: 0/326	Map 10: 223/223	Map 11: 281/281	Map 12: 29(+22)/223	Map 7: 1/1	Map 8: 1/1	Map 9: 1/1	Reducer 2: 0/1009	Reducer 3: 0/1009	Reducer 4: 0/1009	Reducer 5: 0/1009	Reducer 6: 0/1	
INFO  : Map 1: 0/326	Map 10: 223/223	Map 11: 281/281	Map 12: 29(+23)/223	Map 7: 1/1	Map 8: 1/1	Map 9: 1/1	Reducer 2: 0/1009	Reducer 3: 0/1009	Reducer 4: 0/1009	Reducer 5: 0/1009	Reducer 6: 0/1	
INFO  : Map 1: 0/326	Map 10: 223/223	Map 11: 281/281	Map 12: 30(+22)/223	Map 7: 1/1	Map 8: 1/1	Map 9: 1/1	Reducer 2: 0/1009	Reducer 3: 0/1009	Reducer 4: 0/1009	Reducer 5: 0/1009	Reducer 6: 0/1	
INFO  : Map 1: 0(+299)/326	Map 10: 223/223	Map 11: 281/281	Map 12: 34(+189)/223	Map 7: 1/1	Map 8: 1/1	Map 9: 1/1	Reducer 2: 0/1009	Reducer 3: 0/1009	Reducer 4: 0/1009	Reducer 5: 0/1009	Reducer 6: 0/1	
INFO  : Map 1: 0(+305)/326	Map 10: 223/223	Map 11: 281/281	Map 12: 43(+180)/223	Map 7: 1/1	Map 8: 1/1	Map 9: 1/1	Reducer 2: 0/1009	Reducer 3: 0/1009	Reducer 4: 0/1009	Reducer 5: 0/1009	Reducer 6: 0/1	
INFO  : Map 1: 0(+306)/326	Map 10: 223/223	Map 11: 281/281	Map 12: 56(+167)/223	Map 7: 1/1	Map 8: 1/1	Map 9: 1/1	Reducer 2: 0/1009	Reducer 3: 0/1009	Reducer 4: 0/1009	Reducer 5: 0/1009	Reducer 6: 0/1	
INFO  : Map 1: 0(+311)/326	Map 10: 223/223	Map 11: 281/281	Map 12: 69(+154)/223	Map 7: 1/1	Map 8: 1/1	Map 9: 1/1	Reducer 2: 0/1009	Reducer 3: 0/1009	Reducer 4: 0/1009	Reducer 5: 0/1009	Reducer 6: 0/1	
INFO  : Map 1: 0(+312)/326	Map 10: 223/223	Map 11: 281/281	Map 12: 86(+137)/223	Map 7: 1/1	Map 8: 1/1	Map 9: 1/1	Reducer 2: 0/1009	Reducer 3: 0/1009	Reducer 4: 0/1009	Reducer 5: 0/1009	Reducer 6: 0/1	
INFO  : Map 1: 0(+323)/326	Map 10: 223/223	Map 11: 281/281	Map 12: 118(+105)/223	Map 7: 1/1	Map 8: 1/1	Map 9: 1/1	Reducer 2: 0/1009	Reducer 3: 0/1009	Reducer 4: 0/1009	Reducer 5: 0/1009	Reducer 6: 0/1	
INFO  : Map 1: 0(+323)/326	Map 10: 223/223	Map 11: 281/281	Map 12: 144(+79)/223	Map 7: 1/1	Map 8: 1/1	Map 9: 1/1	Reducer 2: 0/1009	Reducer 3: 0/1009	Reducer 4: 0/1009	Reducer 5: 0/1009	Reducer 6: 0/1	
INFO  : Map 1: 0(+324)/326	Map 10: 223/223	Map 11: 281/281	Map 12: 175(+48)/223	Map 7: 1/1	Map 8: 1/1	Map 9: 1/1	Reducer 2: 0/1009	Reducer 3: 0/1009	Reducer 4: 0/1009	Reducer 5: 0/1009	Reducer 6: 0/1	
INFO  : Map 1: 0(+324)/326	Map 10: 223/223	Map 11: 281/281	Map 12: 176(+47)/223	Map 7: 1/1	Map 8: 1/1	Map 9: 1/1	Reducer 2: 0/1009	Reducer 3: 0/1009	Reducer 4: 0/1009	Reducer 5: 0/1009	Reducer 6: 0/1	
INFO  : Map 1: 0(+324)/326	Map 10: 223/223	Map 11: 281/281	Map 12: 181(+42)/223	Map 7: 1/1	Map 8: 1/1	Map 9: 1/1	Reducer 2: 0/1009	Reducer 3: 0/1009	Reducer 4: 0/1009	Reducer 5: 0/1009	Reducer 6: 0/1	
INFO  : Map 1: 0(+324)/326	Map 10: 223/223	Map 11: 281/281	Map 12: 182(+41)/223	Map 7: 1/1	Map 8: 1/1	Map 9: 1/1	Reducer 2: 0/1009	Reducer 3: 0/1009	Reducer 4: 0/1009	Reducer 5: 0/1009	Reducer 6: 0/1	
INFO  : Map 1: 0(+326)/326	Map 10: 223/223	Map 11: 281/281	Map 12: 197(+26)/223	Map 7: 1/1	Map 8: 1/1	Map 9: 1/1	Reducer 2: 0/1009	Reducer 3: 0/1009	Reducer 4: 0/1009	Reducer 5: 0/1009	Reducer 6: 0/1	
INFO  : Map 1: 0(+326)/326	Map 10: 223/223	Map 11: 281/281	Map 12: 198(+25)/223	Map 7: 1/1	Map 8: 1/1	Map 9: 1/1	Reducer 2: 0/1009	Reducer 3: 0/1009	Reducer 4: 0/1009	Reducer 5: 0/1009	Reducer 6: 0/1	
INFO  : Map 1: 0(+326)/326	Map 10: 223/223	Map 11: 281/281	Map 12: 200(+23)/223	Map 7: 1/1	Map 8: 1/1	Map 9: 1/1	Reducer 2: 0/1009	Reducer 3: 0/1009	Reducer 4: 0/1009	Reducer 5: 0/1009	Reducer 6: 0/1	
INFO  : Map 1: 0(+326)/326	Map 10: 223/223	Map 11: 281/281	Map 12: 209(+14)/223	Map 7: 1/1	Map 8: 1/1	Map 9: 1/1	Reducer 2: 0/1009	Reducer 3: 0/1009	Reducer 4: 0/1009	Reducer 5: 0/1009	Reducer 6: 0/1	
INFO  : Map 1: 0(+326)/326	Map 10: 223/223	Map 11: 281/281	Map 12: 216(+7)/223	Map 7: 1/1	Map 8: 1/1	Map 9: 1/1	Reducer 2: 0/1009	Reducer 3: 0/1009	Reducer 4: 0/1009	Reducer 5: 0/1009	Reducer 6: 0/1	
INFO  : Map 1: 0(+326)/326	Map 10: 223/223	Map 11: 281/281	Map 12: 223/223	Map 7: 1/1	Map 8: 1/1	Map 9: 1/1	Reducer 2: 0/1009	Reducer 3: 0/1009	Reducer 4: 0/1009	Reducer 5: 0/1009	Reducer 6: 0/1	
INFO  : Map 1: 1(+325)/326	Map 10: 223/223	Map 11: 281/281	Map 12: 223/223	Map 7: 1/1	Map 8: 1/1	Map 9: 1/1	Reducer 2: 0/1009	Reducer 3: 0/1009	Reducer 4: 0/1009	Reducer 5: 0/1009	Reducer 6: 0/1	
INFO  : Map 1: 2(+324)/326	Map 10: 223/223	Map 11: 281/281	Map 12: 223/223	Map 7: 1/1	Map 8: 1/1	Map 9: 1/1	Reducer 2: 0/1009	Reducer 3: 0/1009	Reducer 4: 0/1009	Reducer 5: 0/1009	Reducer 6: 0/1	
INFO  : Map 1: 2(+324)/326	Map 10: 223/223	Map 11: 281/281	Map 12: 223/223	Map 7: 1/1	Map 8: 1/1	Map 9: 1/1	Reducer 2: 0/1009	Reducer 3: 0/1009	Reducer 4: 0/1009	Reducer 5: 0/1009	Reducer 6: 0/1	
INFO  : Map 1: 3(+323)/326	Map 10: 223/223	Map 11: 281/281	Map 12: 223/223	Map 7: 1/1	Map 8: 1/1	Map 9: 1/1	Reducer 2: 0/1009	Reducer 3: 0/1009	Reducer 4: 0/1009	Reducer 5: 0/1009	Reducer 6: 0/1	
INFO  : Map 1: 4(+322)/326	Map 10: 223/223	Map 11: 281/281	Map 12: 223/223	Map 7: 1/1	Map 8: 1/1	Map 9: 1/1	Reducer 2: 0/1009	Reducer 3: 0/1009	Reducer 4: 0/1009	Reducer 5: 0/1009	Reducer 6: 0/1	
INFO  : Map 1: 6(+320)/326	Map 10: 223/223	Map 11: 281/281	Map 12: 223/223	Map 7: 1/1	Map 8: 1/1	Map 9: 1/1	Reducer 2: 0/1009	Reducer 3: 0/1009	Reducer 4: 0/1009	Reducer 5: 0/1009	Reducer 6: 0/1	
INFO  : Map 1: 9(+317)/326	Map 10: 223/223	Map 11: 281/281	Map 12: 223/223	Map 7: 1/1	Map 8: 1/1	Map 9: 1/1	Reducer 2: 0/1009	Reducer 3: 0/1009	Reducer 4: 0/1009	Reducer 5: 0/1009	Reducer 6: 0/1	
INFO  : Map 1: 10(+316)/326	Map 10: 223/223	Map 11: 281/281	Map 12: 223/223	Map 7: 1/1	Map 8: 1/1	Map 9: 1/1	Reducer 2: 0/1009	Reducer 3: 0/1009	Reducer 4: 0/1009	Reducer 5: 0/1009	Reducer 6: 0/1	
INFO  : Map 1: 12(+314)/326	Map 10: 223/223	Map 11: 281/281	Map 12: 223/223	Map 7: 1/1	Map 8: 1/1	Map 9: 1/1	Reducer 2: 0/1009	Reducer 3: 0/1009	Reducer 4: 0/1009	Reducer 5: 0/1009	Reducer 6: 0/1	
INFO  : Map 1: 24(+302)/326	Map 10: 223/223	Map 11: 281/281	Map 12: 223/223	Map 7: 1/1	Map 8: 1/1	Map 9: 1/1	Reducer 2: 0/1009	Reducer 3: 0/1009	Reducer 4: 0/1009	Reducer 5: 0/1009	Reducer 6: 0/1	
INFO  : Map 1: 29(+297)/326	Map 10: 223/223	Map 11: 281/281	Map 12: 223/223	Map 7: 1/1	Map 8: 1/1	Map 9: 1/1	Reducer 2: 0/1009	Reducer 3: 0/1009	Reducer 4: 0/1009	Reducer 5: 0/1009	Reducer 6: 0/1	
INFO  : Map 1: 30(+296)/326	Map 10: 223/223	Map 11: 281/281	Map 12: 223/223	Map 7: 1/1	Map 8: 1/1	Map 9: 1/1	Reducer 2: 0/1009	Reducer 3: 0/1009	Reducer 4: 0/1009	Reducer 5: 0/1009	Reducer 6: 0/1	
INFO  : Map 1: 39(+287)/326	Map 10: 223/223	Map 11: 281/281	Map 12: 223/223	Map 7: 1/1	Map 8: 1/1	Map 9: 1/1	Reducer 2: 0/1009	Reducer 3: 0/1009	Reducer 4: 0/1009	Reducer 5: 0/1009	Reducer 6: 0/1	
INFO  : Map 1: 42(+284)/326	Map 10: 223/223	Map 11: 281/281	Map 12: 223/223	Map 7: 1/1	Map 8: 1/1	Map 9: 1/1	Reducer 2: 0/1009	Reducer 3: 0/1009	Reducer 4: 0/1009	Reducer 5: 0/1009	Reducer 6: 0/1	
INFO  : Map 1: 47(+279)/326	Map 10: 223/223	Map 11: 281/281	Map 12: 223/223	Map 7: 1/1	Map 8: 1/1	Map 9: 1/1	Reducer 2: 0/1009	Reducer 3: 0/1009	Reducer 4: 0/1009	Reducer 5: 0/1009	Reducer 6: 0/1	
INFO  : Map 1: 48(+278)/326	Map 10: 223/223	Map 11: 281/281	Map 12: 223/223	Map 7: 1/1	Map 8: 1/1	Map 9: 1/1	Reducer 2: 0/1009	Reducer 3: 0/1009	Reducer 4: 0/1009	Reducer 5: 0/1009	Reducer 6: 0/1	
INFO  : Map 1: 55(+271)/326	Map 10: 223/223	Map 11: 281/281	Map 12: 223/223	Map 7: 1/1	Map 8: 1/1	Map 9: 1/1	Reducer 2: 0/1009	Reducer 3: 0/1009	Reducer 4: 0/1009	Reducer 5: 0/1009	Reducer 6: 0/1	
INFO  : Map 1: 67(+259)/326	Map 10: 223/223	Map 11: 281/281	Map 12: 223/223	Map 7: 1/1	Map 8: 1/1	Map 9: 1/1	Reducer 2: 0(+15)/1009	Reducer 3: 0/1009	Reducer 4: 0/1009	Reducer 5: 0/1009	Reducer 6: 0/1	
INFO  : Map 1: 74(+252)/326	Map 10: 223/223	Map 11: 281/281	Map 12: 223/223	Map 7: 1/1	Map 8: 1/1	Map 9: 1/1	Reducer 2: 0(+137)/1009	Reducer 3: 0/1009	Reducer 4: 0/1009	Reducer 5: 0/1009	Reducer 6: 0/1	
INFO  : Map 1: 80(+246)/326	Map 10: 223/223	Map 11: 281/281	Map 12: 223/223	Map 7: 1/1	Map 8: 1/1	Map 9: 1/1	Reducer 2: 0(+230)/1009	Reducer 3: 0/1009	Reducer 4: 0/1009	Reducer 5: 0/1009	Reducer 6: 0/1	
INFO  : Map 1: 83(+243)/326	Map 10: 223/223	Map 11: 281/281	Map 12: 223/223	Map 7: 1/1	Map 8: 1/1	Map 9: 1/1	Reducer 2: 0(+276)/1009	Reducer 3: 0/1009	Reducer 4: 0/1009	Reducer 5: 0/1009	Reducer 6: 0/1	
INFO  : Map 1: 84(+242)/326	Map 10: 223/223	Map 11: 281/281	Map 12: 223/223	Map 7: 1/1	Map 8: 1/1	Map 9: 1/1	Reducer 2: 0(+291)/1009	Reducer 3: 0/1009	Reducer 4: 0/1009	Reducer 5: 0/1009	Reducer 6: 0/1	
INFO  : Map 1: 96(+230)/326	Map 10: 223/223	Map 11: 281/281	Map 12: 223/223	Map 7: 1/1	Map 8: 1/1	Map 9: 1/1	Reducer 2: 0(+448)/1009	Reducer 3: 0/1009	Reducer 4: 0/1009	Reducer 5: 0/1009	Reducer 6: 0/1	
INFO  : Map 1: 107(+219)/326	Map 10: 223/223	Map 11: 281/281	Map 12: 223/223	Map 7: 1/1	Map 8: 1/1	Map 9: 1/1	Reducer 2: 0(+477)/1009	Reducer 3: 0/1009	Reducer 4: 0/1009	Reducer 5: 0/1009	Reducer 6: 0/1	
INFO  : Map 1: 114(+212)/326	Map 10: 223/223	Map 11: 281/281	Map 12: 223/223	Map 7: 1/1	Map 8: 1/1	Map 9: 1/1	Reducer 2: 0(+647)/1009	Reducer 3: 0/1009	Reducer 4: 0/1009	Reducer 5: 0/1009	Reducer 6: 0/1	
INFO  : Map 1: 123(+203)/326	Map 10: 223/223	Map 11: 281/281	Map 12: 223/223	Map 7: 1/1	Map 8: 1/1	Map 9: 1/1	Reducer 2: 0(+684)/1009	Reducer 3: 0/1009	Reducer 4: 0/1009	Reducer 5: 0/1009	Reducer 6: 0/1	
INFO  : Map 1: 135(+191)/326	Map 10: 223/223	Map 11: 281/281	Map 12: 223/223	Map 7: 1/1	Map 8: 1/1	Map 9: 1/1	Reducer 2: 0(+764)/1009	Reducer 3: 0/1009	Reducer 4: 0/1009	Reducer 5: 0/1009	Reducer 6: 0/1	
INFO  : Map 1: 140(+186)/326	Map 10: 223/223	Map 11: 281/281	Map 12: 223/223	Map 7: 1/1	Map 8: 1/1	Map 9: 1/1	Reducer 2: 0(+880)/1009	Reducer 3: 0/1009	Reducer 4: 0/1009	Reducer 5: 0/1009	Reducer 6: 0/1	
INFO  : Map 1: 156(+170)/326	Map 10: 223/223	Map 11: 281/281	Map 12: 223/223	Map 7: 1/1	Map 8: 1/1	Map 9: 1/1	Reducer 2: 0(+910)/1009	Reducer 3: 0/1009	Reducer 4: 0/1009	Reducer 5: 0/1009	Reducer 6: 0/1	
INFO  : Map 1: 167(+159)/326	Map 10: 223/223	Map 11: 281/281	Map 12: 223/223	Map 7: 1/1	Map 8: 1/1	Map 9: 1/1	Reducer 2: 0(+1009)/1009	Reducer 3: 0/1009	Reducer 4: 0/1009	Reducer 5: 0/1009	Reducer 6: 0/1	
INFO  : Map 1: 179(+147)/326	Map 10: 223/223	Map 11: 281/281	Map 12: 223/223	Map 7: 1/1	Map 8: 1/1	Map 9: 1/1	Reducer 2: 0(+1009)/1009	Reducer 3: 0/1009	Reducer 4: 0/1009	Reducer 5: 0/1009	Reducer 6: 0/1	
INFO  : Map 1: 183(+143)/326	Map 10: 223/223	Map 11: 281/281	Map 12: 223/223	Map 7: 1/1	Map 8: 1/1	Map 9: 1/1	Reducer 2: 0(+1009)/1009	Reducer 3: 0/1009	Reducer 4: 0/1009	Reducer 5: 0/1009	Reducer 6: 0/1	
INFO  : Map 1: 193(+133)/326	Map 10: 223/223	Map 11: 281/281	Map 12: 223/223	Map 7: 1/1	Map 8: 1/1	Map 9: 1/1	Reducer 2: 0(+1009)/1009	Reducer 3: 0/1009	Reducer 4: 0/1009	Reducer 5: 0/1009	Reducer 6: 0/1	
INFO  : Map 1: 206(+120)/326	Map 10: 223/223	Map 11: 281/281	Map 12: 223/223	Map 7: 1/1	Map 8: 1/1	Map 9: 1/1	Reducer 2: 0(+1009)/1009	Reducer 3: 0/1009	Reducer 4: 0/1009	Reducer 5: 0/1009	Reducer 6: 0/1	
INFO  : Map 1: 219(+107)/326	Map 10: 223/223	Map 11: 281/281	Map 12: 223/223	Map 7: 1/1	Map 8: 1/1	Map 9: 1/1	Reducer 2: 0(+1009)/1009	Reducer 3: 0/1009	Reducer 4: 0/1009	Reducer 5: 0/1009	Reducer 6: 0/1	
INFO  : Map 1: 227(+99)/326	Map 10: 223/223	Map 11: 281/281	Map 12: 223/223	Map 7: 1/1	Map 8: 1/1	Map 9: 1/1	Reducer 2: 0(+1009)/1009	Reducer 3: 0/1009	Reducer 4: 0/1009	Reducer 5: 0/1009	Reducer 6: 0/1	
INFO  : Map 1: 235(+91)/326	Map 10: 223/223	Map 11: 281/281	Map 12: 223/223	Map 7: 1/1	Map 8: 1/1	Map 9: 1/1	Reducer 2: 0(+1009)/1009	Reducer 3: 0/1009	Reducer 4: 0/1009	Reducer 5: 0/1009	Reducer 6: 0/1	
INFO  : Map 1: 244(+82)/326	Map 10: 223/223	Map 11: 281/281	Map 12: 223/223	Map 7: 1/1	Map 8: 1/1	Map 9: 1/1	Reducer 2: 0(+1009)/1009	Reducer 3: 0/1009	Reducer 4: 0/1009	Reducer 5: 0/1009	Reducer 6: 0/1	
INFO  : Map 1: 249(+77)/326	Map 10: 223/223	Map 11: 281/281	Map 12: 223/223	Map 7: 1/1	Map 8: 1/1	Map 9: 1/1	Reducer 2: 0(+1009)/1009	Reducer 3: 0/1009	Reducer 4: 0/1009	Reducer 5: 0/1009	Reducer 6: 0/1	
INFO  : Map 1: 255(+71)/326	Map 10: 223/223	Map 11: 281/281	Map 12: 223/223	Map 7: 1/1	Map 8: 1/1	Map 9: 1/1	Reducer 2: 0(+1009)/1009	Reducer 3: 0/1009	Reducer 4: 0/1009	Reducer 5: 0/1009	Reducer 6: 0/1	
INFO  : Map 1: 263(+63)/326	Map 10: 223/223	Map 11: 281/281	Map 12: 223/223	Map 7: 1/1	Map 8: 1/1	Map 9: 1/1	Reducer 2: 0(+1009)/1009	Reducer 3: 0/1009	Reducer 4: 0/1009	Reducer 5: 0/1009	Reducer 6: 0/1	
INFO  : Map 1: 270(+56)/326	Map 10: 223/223	Map 11: 281/281	Map 12: 223/223	Map 7: 1/1	Map 8: 1/1	Map 9: 1/1	Reducer 2: 0(+1009)/1009	Reducer 3: 0/1009	Reducer 4: 0/1009	Reducer 5: 0/1009	Reducer 6: 0/1	
INFO  : Map 1: 275(+51)/326	Map 10: 223/223	Map 11: 281/281	Map 12: 223/223	Map 7: 1/1	Map 8: 1/1	Map 9: 1/1	Reducer 2: 0(+1009)/1009	Reducer 3: 0/1009	Reducer 4: 0/1009	Reducer 5: 0/1009	Reducer 6: 0/1	
INFO  : Map 1: 281(+45)/326	Map 10: 223/223	Map 11: 281/281	Map 12: 223/223	Map 7: 1/1	Map 8: 1/1	Map 9: 1/1	Reducer 2: 0(+1009)/1009	Reducer 3: 0/1009	Reducer 4: 0/1009	Reducer 5: 0/1009	Reducer 6: 0/1	
INFO  : Map 1: 291(+35)/326	Map 10: 223/223	Map 11: 281/281	Map 12: 223/223	Map 7: 1/1	Map 8: 1/1	Map 9: 1/1	Reducer 2: 0(+1009)/1009	Reducer 3: 0/1009	Reducer 4: 0/1009	Reducer 5: 0/1009	Reducer 6: 0/1	
INFO  : Map 1: 299(+27)/326	Map 10: 223/223	Map 11: 281/281	Map 12: 223/223	Map 7: 1/1	Map 8: 1/1	Map 9: 1/1	Reducer 2: 0(+1009)/1009	Reducer 3: 0/1009	Reducer 4: 0/1009	Reducer 5: 0/1009	Reducer 6: 0/1	
INFO  : Map 1: 305(+21)/326	Map 10: 223/223	Map 11: 281/281	Map 12: 223/223	Map 7: 1/1	Map 8: 1/1	Map 9: 1/1	Reducer 2: 0(+1009)/1009	Reducer 3: 0/1009	Reducer 4: 0/1009	Reducer 5: 0/1009	Reducer 6: 0/1	
INFO  : Map 1: 307(+19)/326	Map 10: 223/223	Map 11: 281/281	Map 12: 223/223	Map 7: 1/1	Map 8: 1/1	Map 9: 1/1	Reducer 2: 0(+1009)/1009	Reducer 3: 0/1009	Reducer 4: 0/1009	Reducer 5: 0/1009	Reducer 6: 0/1	
INFO  : Map 1: 309(+17)/326	Map 10: 223/223	Map 11: 281/281	Map 12: 223/223	Map 7: 1/1	Map 8: 1/1	Map 9: 1/1	Reducer 2: 0(+1009)/1009	Reducer 3: 0/1009	Reducer 4: 0/1009	Reducer 5: 0/1009	Reducer 6: 0/1	
INFO  : Map 1: 312(+14)/326	Map 10: 223/223	Map 11: 281/281	Map 12: 223/223	Map 7: 1/1	Map 8: 1/1	Map 9: 1/1	Reducer 2: 0(+1009)/1009	Reducer 3: 0/1009	Reducer 4: 0/1009	Reducer 5: 0/1009	Reducer 6: 0/1	
INFO  : Map 1: 313(+13)/326	Map 10: 223/223	Map 11: 281/281	Map 12: 223/223	Map 7: 1/1	Map 8: 1/1	Map 9: 1/1	Reducer 2: 0(+1009)/1009	Reducer 3: 0/1009	Reducer 4: 0/1009	Reducer 5: 0/1009	Reducer 6: 0/1	
INFO  : Map 1: 316(+10)/326	Map 10: 223/223	Map 11: 281/281	Map 12: 223/223	Map 7: 1/1	Map 8: 1/1	Map 9: 1/1	Reducer 2: 0(+1009)/1009	Reducer 3: 0/1009	Reducer 4: 0/1009	Reducer 5: 0/1009	Reducer 6: 0/1	
INFO  : Map 1: 319(+7)/326	Map 10: 223/223	Map 11: 281/281	Map 12: 223/223	Map 7: 1/1	Map 8: 1/1	Map 9: 1/1	Reducer 2: 0(+1009)/1009	Reducer 3: 0/1009	Reducer 4: 0/1009	Reducer 5: 0/1009	Reducer 6: 0/1	
INFO  : Map 1: 321(+5)/326	Map 10: 223/223	Map 11: 281/281	Map 12: 223/223	Map 7: 1/1	Map 8: 1/1	Map 9: 1/1	Reducer 2: 0(+1009)/1009	Reducer 3: 0/1009	Reducer 4: 0/1009	Reducer 5: 0/1009	Reducer 6: 0/1	
INFO  : Map 1: 323(+3)/326	Map 10: 223/223	Map 11: 281/281	Map 12: 223/223	Map 7: 1/1	Map 8: 1/1	Map 9: 1/1	Reducer 2: 0(+1009)/1009	Reducer 3: 0/1009	Reducer 4: 0/1009	Reducer 5: 0/1009	Reducer 6: 0/1	
INFO  : Map 1: 324(+2)/326	Map 10: 223/223	Map 11: 281/281	Map 12: 223/223	Map 7: 1/1	Map 8: 1/1	Map 9: 1/1	Reducer 2: 0(+1009)/1009	Reducer 3: 0/1009	Reducer 4: 0/1009	Reducer 5: 0/1009	Reducer 6: 0/1	
INFO  : Map 1: 326/326	Map 10: 223/223	Map 11: 281/281	Map 12: 223/223	Map 7: 1/1	Map 8: 1/1	Map 9: 1/1	Reducer 2: 0(+1009)/1009	Reducer 3: 0/1009	Reducer 4: 0/1009	Reducer 5: 0/1009	Reducer 6: 0/1	
INFO  : Map 1: 326/326	Map 10: 223/223	Map 11: 281/281	Map 12: 223/223	Map 7: 1/1	Map 8: 1/1	Map 9: 1/1	Reducer 2: 5(+1004)/1009	Reducer 3: 0/1009	Reducer 4: 0/1009	Reducer 5: 0/1009	Reducer 6: 0/1	
INFO  : Map 1: 326/326	Map 10: 223/223	Map 11: 281/281	Map 12: 223/223	Map 7: 1/1	Map 8: 1/1	Map 9: 1/1	Reducer 2: 9(+1000)/1009	Reducer 3: 0/1009	Reducer 4: 0/1009	Reducer 5: 0/1009	Reducer 6: 0/1	
INFO  : Map 1: 326/326	Map 10: 223/223	Map 11: 281/281	Map 12: 223/223	Map 7: 1/1	Map 8: 1/1	Map 9: 1/1	Reducer 2: 76(+933)/1009	Reducer 3: 0/1009	Reducer 4: 0/1009	Reducer 5: 0/1009	Reducer 6: 0/1	
INFO  : Map 1: 326/326	Map 10: 223/223	Map 11: 281/281	Map 12: 223/223	Map 7: 1/1	Map 8: 1/1	Map 9: 1/1	Reducer 2: 158(+851)/1009	Reducer 3: 0/1009	Reducer 4: 0/1009	Reducer 5: 0/1009	Reducer 6: 0/1	
INFO  : Map 1: 326/326	Map 10: 223/223	Map 11: 281/281	Map 12: 223/223	Map 7: 1/1	Map 8: 1/1	Map 9: 1/1	Reducer 2: 233(+747)/1009	Reducer 3: 0/1009	Reducer 4: 0/1009	Reducer 5: 0/1009	Reducer 6: 0/1	
INFO  : Map 1: 326/326	Map 10: 223/223	Map 11: 281/281	Map 12: 223/223	Map 7: 1/1	Map 8: 1/1	Map 9: 1/1	Reducer 2: 434(+575)/1009	Reducer 3: 0/1009	Reducer 4: 0/1009	Reducer 5: 0/1009	Reducer 6: 0/1	
INFO  : Map 1: 326/326	Map 10: 223/223	Map 11: 281/281	Map 12: 223/223	Map 7: 1/1	Map 8: 1/1	Map 9: 1/1	Reducer 2: 488(+521)/1009	Reducer 3: 0/1009	Reducer 4: 0/1009	Reducer 5: 0/1009	Reducer 6: 0/1	
INFO  : Map 1: 326/326	Map 10: 223/223	Map 11: 281/281	Map 12: 223/223	Map 7: 1/1	Map 8: 1/1	Map 9: 1/1	Reducer 2: 494(+515)/1009	Reducer 3: 0/1009	Reducer 4: 0/1009	Reducer 5: 0/1009	Reducer 6: 0/1	
INFO  : Map 1: 326/326	Map 10: 223/223	Map 11: 281/281	Map 12: 223/223	Map 7: 1/1	Map 8: 1/1	Map 9: 1/1	Reducer 2: 502(+507)/1009	Reducer 3: 0/1009	Reducer 4: 0/1009	Reducer 5: 0/1009	Reducer 6: 0/1	
INFO  : Map 1: 326/326	Map 10: 223/223	Map 11: 281/281	Map 12: 223/223	Map 7: 1/1	Map 8: 1/1	Map 9: 1/1	Reducer 2: 510(+499)/1009	Reducer 3: 0/1009	Reducer 4: 0/1009	Reducer 5: 0/1009	Reducer 6: 0/1	
INFO  : Map 1: 326/326	Map 10: 223/223	Map 11: 281/281	Map 12: 223/223	Map 7: 1/1	Map 8: 1/1	Map 9: 1/1	Reducer 2: 525(+484)/1009	Reducer 3: 0/1009	Reducer 4: 0/1009	Reducer 5: 0/1009	Reducer 6: 0/1	
INFO  : Map 1: 326/326	Map 10: 223/223	Map 11: 281/281	Map 12: 223/223	Map 7: 1/1	Map 8: 1/1	Map 9: 1/1	Reducer 2: 577(+432)/1009	Reducer 3: 0/1009	Reducer 4: 0/1009	Reducer 5: 0/1009	Reducer 6: 0/1	
INFO  : Map 1: 326/326	Map 10: 223/223	Map 11: 281/281	Map 12: 223/223	Map 7: 1/1	Map 8: 1/1	Map 9: 1/1	Reducer 2: 623(+386)/1009	Reducer 3: 0/1009	Reducer 4: 0/1009	Reducer 5: 0/1009	Reducer 6: 0/1	
INFO  : Map 1: 326/326	Map 10: 223/223	Map 11: 281/281	Map 12: 223/223	Map 7: 1/1	Map 8: 1/1	Map 9: 1/1	Reducer 2: 674(+335)/1009	Reducer 3: 0(+7)/253	Reducer 4: 0/1009	Reducer 5: 0/1009	Reducer 6: 0/1	
INFO  : Map 1: 326/326	Map 10: 223/223	Map 11: 281/281	Map 12: 223/223	Map 7: 1/1	Map 8: 1/1	Map 9: 1/1	Reducer 2: 688(+321)/1009	Reducer 3: 0(+253)/253	Reducer 4: 0/1009	Reducer 5: 0/1009	Reducer 6: 0/1	
INFO  : Map 1: 326/326	Map 10: 223/223	Map 11: 281/281	Map 12: 223/223	Map 7: 1/1	Map 8: 1/1	Map 9: 1/1	Reducer 2: 716(+293)/1009	Reducer 3: 0(+253)/253	Reducer 4: 0/1009	Reducer 5: 0/1009	Reducer 6: 0/1	
INFO  : Map 1: 326/326	Map 10: 223/223	Map 11: 281/281	Map 12: 223/223	Map 7: 1/1	Map 8: 1/1	Map 9: 1/1	Reducer 2: 720(+289)/1009	Reducer 3: 0(+253)/253	Reducer 4: 0/1009	Reducer 5: 0/1009	Reducer 6: 0/1	
INFO  : Map 1: 326/326	Map 10: 223/223	Map 11: 281/281	Map 12: 223/223	Map 7: 1/1	Map 8: 1/1	Map 9: 1/1	Reducer 2: 729(+280)/1009	Reducer 3: 0(+253)/253	Reducer 4: 0/1009	Reducer 5: 0/1009	Reducer 6: 0/1	
INFO  : Map 1: 326/326	Map 10: 223/223	Map 11: 281/281	Map 12: 223/223	Map 7: 1/1	Map 8: 1/1	Map 9: 1/1	Reducer 2: 748(+261)/1009	Reducer 3: 0(+253)/253	Reducer 4: 0/1009	Reducer 5: 0/1009	Reducer 6: 0/1	
INFO  : Map 1: 326/326	Map 10: 223/223	Map 11: 281/281	Map 12: 223/223	Map 7: 1/1	Map 8: 1/1	Map 9: 1/1	Reducer 2: 755(+254)/1009	Reducer 3: 0(+253)/253	Reducer 4: 0/1009	Reducer 5: 0/1009	Reducer 6: 0/1	
INFO  : Map 1: 326/326	Map 10: 223/223	Map 11: 281/281	Map 12: 223/223	Map 7: 1/1	Map 8: 1/1	Map 9: 1/1	Reducer 2: 762(+247)/1009	Reducer 3: 0(+253)/253	Reducer 4: 0/1009	Reducer 5: 0/1009	Reducer 6: 0/1	
INFO  : Map 1: 326/326	Map 10: 223/223	Map 11: 281/281	Map 12: 223/223	Map 7: 1/1	Map 8: 1/1	Map 9: 1/1	Reducer 2: 797(+212)/1009	Reducer 3: 0(+253)/253	Reducer 4: 0/1009	Reducer 5: 0/1009	Reducer 6: 0/1	
INFO  : Map 1: 326/326	Map 10: 223/223	Map 11: 281/281	Map 12: 223/223	Map 7: 1/1	Map 8: 1/1	Map 9: 1/1	Reducer 2: 818(+191)/1009	Reducer 3: 0(+253)/253	Reducer 4: 0/1009	Reducer 5: 0/1009	Reducer 6: 0/1	
INFO  : Map 1: 326/326	Map 10: 223/223	Map 11: 281/281	Map 12: 223/223	Map 7: 1/1	Map 8: 1/1	Map 9: 1/1	Reducer 2: 836(+173)/1009	Reducer 3: 0(+253)/253	Reducer 4: 0/1009	Reducer 5: 0/1009	Reducer 6: 0/1	
INFO  : Map 1: 326/326	Map 10: 223/223	Map 11: 281/281	Map 12: 223/223	Map 7: 1/1	Map 8: 1/1	Map 9: 1/1	Reducer 2: 849(+160)/1009	Reducer 3: 0(+253)/253	Reducer 4: 0/1009	Reducer 5: 0/1009	Reducer 6: 0/1	
INFO  : Map 1: 326/326	Map 10: 223/223	Map 11: 281/281	Map 12: 223/223	Map 7: 1/1	Map 8: 1/1	Map 9: 1/1	Reducer 2: 866(+143)/1009	Reducer 3: 0(+253)/253	Reducer 4: 0/1009	Reducer 5: 0/1009	Reducer 6: 0/1	
INFO  : Map 1: 326/326	Map 10: 223/223	Map 11: 281/281	Map 12: 223/223	Map 7: 1/1	Map 8: 1/1	Map 9: 1/1	Reducer 2: 873(+136)/1009	Reducer 3: 0(+253)/253	Reducer 4: 0/1009	Reducer 5: 0/1009	Reducer 6: 0/1	
INFO  : Map 1: 326/326	Map 10: 223/223	Map 11: 281/281	Map 12: 223/223	Map 7: 1/1	Map 8: 1/1	Map 9: 1/1	Reducer 2: 879(+130)/1009	Reducer 3: 0(+253)/253	Reducer 4: 0/1009	Reducer 5: 0/1009	Reducer 6: 0/1	
INFO  : Map 1: 326/326	Map 10: 223/223	Map 11: 281/281	Map 12: 223/223	Map 7: 1/1	Map 8: 1/1	Map 9: 1/1	Reducer 2: 882(+127)/1009	Reducer 3: 0(+253)/253	Reducer 4: 0/1009	Reducer 5: 0/1009	Reducer 6: 0/1	
INFO  : Map 1: 326/326	Map 10: 223/223	Map 11: 281/281	Map 12: 223/223	Map 7: 1/1	Map 8: 1/1	Map 9: 1/1	Reducer 2: 883(+126)/1009	Reducer 3: 0(+253)/253	Reducer 4: 0/1009	Reducer 5: 0/1009	Reducer 6: 0/1	
INFO  : Map 1: 326/326	Map 10: 223/223	Map 11: 281/281	Map 12: 223/223	Map 7: 1/1	Map 8: 1/1	Map 9: 1/1	Reducer 2: 887(+122)/1009	Reducer 3: 0(+253)/253	Reducer 4: 0/1009	Reducer 5: 0/1009	Reducer 6: 0/1	
INFO  : Map 1: 326/326	Map 10: 223/223	Map 11: 281/281	Map 12: 223/223	Map 7: 1/1	Map 8: 1/1	Map 9: 1/1	Reducer 2: 888(+121)/1009	Reducer 3: 0(+253)/253	Reducer 4: 0/1009	Reducer 5: 0/1009	Reducer 6: 0/1	
INFO  : Map 1: 326/326	Map 10: 223/223	Map 11: 281/281	Map 12: 223/223	Map 7: 1/1	Map 8: 1/1	Map 9: 1/1	Reducer 2: 889(+120)/1009	Reducer 3: 0(+253)/253	Reducer 4: 0/1009	Reducer 5: 0/1009	Reducer 6: 0/1	
INFO  : Map 1: 326/326	Map 10: 223/223	Map 11: 281/281	Map 12: 223/223	Map 7: 1/1	Map 8: 1/1	Map 9: 1/1	Reducer 2: 891(+118)/1009	Reducer 3: 0(+253)/253	Reducer 4: 0/1009	Reducer 5: 0/1009	Reducer 6: 0/1	
INFO  : Map 1: 326/326	Map 10: 223/223	Map 11: 281/281	Map 12: 223/223	Map 7: 1/1	Map 8: 1/1	Map 9: 1/1	Reducer 2: 892(+117)/1009	Reducer 3: 0(+253)/253	Reducer 4: 0/1009	Reducer 5: 0/1009	Reducer 6: 0/1	
INFO  : Map 1: 326/326	Map 10: 223/223	Map 11: 281/281	Map 12: 223/223	Map 7: 1/1	Map 8: 1/1	Map 9: 1/1	Reducer 2: 894(+115)/1009	Reducer 3: 0(+253)/253	Reducer 4: 0/1009	Reducer 5: 0/1009	Reducer 6: 0/1	
INFO  : Map 1: 326/326	Map 10: 223/223	Map 11: 281/281	Map 12: 223/223	Map 7: 1/1	Map 8: 1/1	Map 9: 1/1	Reducer 2: 930(+79)/1009	Reducer 3: 0(+253)/253	Reducer 4: 0/1009	Reducer 5: 0/1009	Reducer 6: 0/1	
INFO  : Map 1: 326/326	Map 10: 223/223	Map 11: 281/281	Map 12: 223/223	Map 7: 1/1	Map 8: 1/1	Map 9: 1/1	Reducer 2: 935(+74)/1009	Reducer 3: 0(+253)/253	Reducer 4: 0/1009	Reducer 5: 0/1009	Reducer 6: 0/1	
INFO  : Map 1: 326/326	Map 10: 223/223	Map 11: 281/281	Map 12: 223/223	Map 7: 1/1	Map 8: 1/1	Map 9: 1/1	Reducer 2: 961(+48)/1009	Reducer 3: 0(+253)/253	Reducer 4: 0/1009	Reducer 5: 0/1009	Reducer 6: 0/1	
INFO  : Map 1: 326/326	Map 10: 223/223	Map 11: 281/281	Map 12: 223/223	Map 7: 1/1	Map 8: 1/1	Map 9: 1/1	Reducer 2: 995(+14)/1009	Reducer 3: 0(+253)/253	Reducer 4: 0/1009	Reducer 5: 0/1009	Reducer 6: 0/1	
INFO  : Map 1: 326/326	Map 10: 223/223	Map 11: 281/281	Map 12: 223/223	Map 7: 1/1	Map 8: 1/1	Map 9: 1/1	Reducer 2: 1007(+2)/1009	Reducer 3: 0(+253)/253	Reducer 4: 0/1009	Reducer 5: 0/1009	Reducer 6: 0/1	
INFO  : Map 1: 326/326	Map 10: 223/223	Map 11: 281/281	Map 12: 223/223	Map 7: 1/1	Map 8: 1/1	Map 9: 1/1	Reducer 2: 1009/1009	Reducer 3: 0(+253)/253	Reducer 4: 0/1009	Reducer 5: 0/1009	Reducer 6: 0/1	
INFO  : Map 1: 326/326	Map 10: 223/223	Map 11: 281/281	Map 12: 223/223	Map 7: 1/1	Map 8: 1/1	Map 9: 1/1	Reducer 2: 1009/1009	Reducer 3: 10(+243)/253	Reducer 4: 0/1009	Reducer 5: 0/1009	Reducer 6: 0/1	
INFO  : Map 1: 326/326	Map 10: 223/223	Map 11: 281/281	Map 12: 223/223	Map 7: 1/1	Map 8: 1/1	Map 9: 1/1	Reducer 2: 1009/1009	Reducer 3: 41(+212)/253	Reducer 4: 0/1009	Reducer 5: 0/1009	Reducer 6: 0/1	
INFO  : Map 1: 326/326	Map 10: 223/223	Map 11: 281/281	Map 12: 223/223	Map 7: 1/1	Map 8: 1/1	Map 9: 1/1	Reducer 2: 1009/1009	Reducer 3: 63(+190)/253	Reducer 4: 0(+248)/1009	Reducer 5: 0/1009	Reducer 6: 0/1	
INFO  : Map 1: 326/326	Map 10: 223/223	Map 11: 281/281	Map 12: 223/223	Map 7: 1/1	Map 8: 1/1	Map 9: 1/1	Reducer 2: 1009/1009	Reducer 3: 74(+179)/253	Reducer 4: 0(+427)/1009	Reducer 5: 0/1009	Reducer 6: 0/1	
INFO  : Map 1: 326/326	Map 10: 223/223	Map 11: 281/281	Map 12: 223/223	Map 7: 1/1	Map 8: 1/1	Map 9: 1/1	Reducer 2: 1009/1009	Reducer 3: 85(+168)/253	Reducer 4: 0(+545)/1009	Reducer 5: 0/1009	Reducer 6: 0/1	
INFO  : Map 1: 326/326	Map 10: 223/223	Map 11: 281/281	Map 12: 223/223	Map 7: 1/1	Map 8: 1/1	Map 9: 1/1	Reducer 2: 1009/1009	Reducer 3: 94(+159)/253	Reducer 4: 0(+547)/1009	Reducer 5: 0/1009	Reducer 6: 0/1	
INFO  : Map 1: 326/326	Map 10: 223/223	Map 11: 281/281	Map 12: 223/223	Map 7: 1/1	Map 8: 1/1	Map 9: 1/1	Reducer 2: 1009/1009	Reducer 3: 95(+158)/253	Reducer 4: 0(+826)/1009	Reducer 5: 0/1009	Reducer 6: 0/1	
INFO  : Map 1: 326/326	Map 10: 223/223	Map 11: 281/281	Map 12: 223/223	Map 7: 1/1	Map 8: 1/1	Map 9: 1/1	Reducer 2: 1009/1009	Reducer 3: 97(+156)/253	Reducer 4: 0(+886)/1009	Reducer 5: 0/1009	Reducer 6: 0/1	
INFO  : Map 1: 326/326	Map 10: 223/223	Map 11: 281/281	Map 12: 223/223	Map 7: 1/1	Map 8: 1/1	Map 9: 1/1	Reducer 2: 1009/1009	Reducer 3: 103(+150)/253	Reducer 4: 0(+886)/1009	Reducer 5: 0/1009	Reducer 6: 0/1	
INFO  : Map 1: 326/326	Map 10: 223/223	Map 11: 281/281	Map 12: 223/223	Map 7: 1/1	Map 8: 1/1	Map 9: 1/1	Reducer 2: 1009/1009	Reducer 3: 105(+148)/253	Reducer 4: 0(+926)/1009	Reducer 5: 0/1009	Reducer 6: 0/1	
INFO  : Map 1: 326/326	Map 10: 223/223	Map 11: 281/281	Map 12: 223/223	Map 7: 1/1	Map 8: 1/1	Map 9: 1/1	Reducer 2: 1009/1009	Reducer 3: 112(+141)/253	Reducer 4: 0(+1009)/1009	Reducer 5: 0/1009	Reducer 6: 0/1	
INFO  : Map 1: 326/326	Map 10: 223/223	Map 11: 281/281	Map 12: 223/223	Map 7: 1/1	Map 8: 1/1	Map 9: 1/1	Reducer 2: 1009/1009	Reducer 3: 120(+133)/253	Reducer 4: 0(+1009)/1009	Reducer 5: 0/1009	Reducer 6: 0/1	
INFO  : Map 1: 326/326	Map 10: 223/223	Map 11: 281/281	Map 12: 223/223	Map 7: 1/1	Map 8: 1/1	Map 9: 1/1	Reducer 2: 1009/1009	Reducer 3: 124(+129)/253	Reducer 4: 0(+1009)/1009	Reducer 5: 0/1009	Reducer 6: 0/1	
INFO  : Map 1: 326/326	Map 10: 223/223	Map 11: 281/281	Map 12: 223/223	Map 7: 1/1	Map 8: 1/1	Map 9: 1/1	Reducer 2: 1009/1009	Reducer 3: 127(+126)/253	Reducer 4: 0(+1009)/1009	Reducer 5: 0/1009	Reducer 6: 0/1	
INFO  : Map 1: 326/326	Map 10: 223/223	Map 11: 281/281	Map 12: 223/223	Map 7: 1/1	Map 8: 1/1	Map 9: 1/1	Reducer 2: 1009/1009	Reducer 3: 134(+119)/253	Reducer 4: 0(+1009)/1009	Reducer 5: 0/1009	Reducer 6: 0/1	
INFO  : Map 1: 326/326	Map 10: 223/223	Map 11: 281/281	Map 12: 223/223	Map 7: 1/1	Map 8: 1/1	Map 9: 1/1	Reducer 2: 1009/1009	Reducer 3: 135(+118)/253	Reducer 4: 0(+1009)/1009	Reducer 5: 0/1009	Reducer 6: 0/1	
INFO  : Map 1: 326/326	Map 10: 223/223	Map 11: 281/281	Map 12: 223/223	Map 7: 1/1	Map 8: 1/1	Map 9: 1/1	Reducer 2: 1009/1009	Reducer 3: 146(+107)/253	Reducer 4: 0(+1009)/1009	Reducer 5: 0/1009	Reducer 6: 0/1	
INFO  : Map 1: 326/326	Map 10: 223/223	Map 11: 281/281	Map 12: 223/223	Map 7: 1/1	Map 8: 1/1	Map 9: 1/1	Reducer 2: 1009/1009	Reducer 3: 155(+98)/253	Reducer 4: 0(+1009)/1009	Reducer 5: 0/1009	Reducer 6: 0/1	
INFO  : Map 1: 326/326	Map 10: 223/223	Map 11: 281/281	Map 12: 223/223	Map 7: 1/1	Map 8: 1/1	Map 9: 1/1	Reducer 2: 1009/1009	Reducer 3: 161(+92)/253	Reducer 4: 0(+1009)/1009	Reducer 5: 0/1009	Reducer 6: 0/1	
INFO  : Map 1: 326/326	Map 10: 223/223	Map 11: 281/281	Map 12: 223/223	Map 7: 1/1	Map 8: 1/1	Map 9: 1/1	Reducer 2: 1009/1009	Reducer 3: 165(+88)/253	Reducer 4: 0(+1009)/1009	Reducer 5: 0/1009	Reducer 6: 0/1	
INFO  : Map 1: 326/326	Map 10: 223/223	Map 11: 281/281	Map 12: 223/223	Map 7: 1/1	Map 8: 1/1	Map 9: 1/1	Reducer 2: 1009/1009	Reducer 3: 167(+86)/253	Reducer 4: 0(+1009)/1009	Reducer 5: 0/1009	Reducer 6: 0/1	
INFO  : Map 1: 326/326	Map 10: 223/223	Map 11: 281/281	Map 12: 223/223	Map 7: 1/1	Map 8: 1/1	Map 9: 1/1	Reducer 2: 1009/1009	Reducer 3: 181(+72)/253	Reducer 4: 0(+1009)/1009	Reducer 5: 0/1009	Reducer 6: 0/1	
INFO  : Map 1: 326/326	Map 10: 223/223	Map 11: 281/281	Map 12: 223/223	Map 7: 1/1	Map 8: 1/1	Map 9: 1/1	Reducer 2: 1009/1009	Reducer 3: 218(+35)/253	Reducer 4: 0(+1009)/1009	Reducer 5: 0/1009	Reducer 6: 0/1	
INFO  : Map 1: 326/326	Map 10: 223/223	Map 11: 281/281	Map 12: 223/223	Map 7: 1/1	Map 8: 1/1	Map 9: 1/1	Reducer 2: 1009/1009	Reducer 3: 219(+34)/253	Reducer 4: 0(+1009)/1009	Reducer 5: 0/1009	Reducer 6: 0/1	
INFO  : Map 1: 326/326	Map 10: 223/223	Map 11: 281/281	Map 12: 223/223	Map 7: 1/1	Map 8: 1/1	Map 9: 1/1	Reducer 2: 1009/1009	Reducer 3: 250(+3)/253	Reducer 4: 0(+1009)/1009	Reducer 5: 0/1009	Reducer 6: 0/1	
INFO  : Map 1: 326/326	Map 10: 223/223	Map 11: 281/281	Map 12: 223/223	Map 7: 1/1	Map 8: 1/1	Map 9: 1/1	Reducer 2: 1009/1009	Reducer 3: 252(+1)/253	Reducer 4: 0(+1009)/1009	Reducer 5: 0/1009	Reducer 6: 0/1	
INFO  : Map 1: 326/326	Map 10: 223/223	Map 11: 281/281	Map 12: 223/223	Map 7: 1/1	Map 8: 1/1	Map 9: 1/1	Reducer 2: 1009/1009	Reducer 3: 252(+1)/253	Reducer 4: 0(+1009)/1009	Reducer 5: 0/1009	Reducer 6: 0/1	
INFO  : Map 1: 326/326	Map 10: 223/223	Map 11: 281/281	Map 12: 223/223	Map 7: 1/1	Map 8: 1/1	Map 9: 1/1	Reducer 2: 1009/1009	Reducer 3: 252(+1)/253	Reducer 4: 0(+1009)/1009	Reducer 5: 0/1009	Reducer 6: 0/1	
INFO  : Map 1: 326/326	Map 10: 223/223	Map 11: 281/281	Map 12: 223/223	Map 7: 1/1	Map 8: 1/1	Map 9: 1/1	Reducer 2: 1009/1009	Reducer 3: 252(+1)/253	Reducer 4: 0(+1009)/1009	Reducer 5: 0/1009	Reducer 6: 0/1	
INFO  : Map 1: 326/326	Map 10: 223/223	Map 11: 281/281	Map 12: 223/223	Map 7: 1/1	Map 8: 1/1	Map 9: 1/1	Reducer 2: 1009/1009	Reducer 3: 252(+1)/253	Reducer 4: 0(+1009)/1009	Reducer 5: 0/1009	Reducer 6: 0/1	
INFO  : Map 1: 326/326	Map 10: 223/223	Map 11: 281/281	Map 12: 223/223	Map 7: 1/1	Map 8: 1/1	Map 9: 1/1	Reducer 2: 1009/1009	Reducer 3: 252(+1)/253	Reducer 4: 0(+1009)/1009	Reducer 5: 0/1009	Reducer 6: 0/1	
INFO  : Map 1: 326/326	Map 10: 223/223	Map 11: 281/281	Map 12: 223/223	Map 7: 1/1	Map 8: 1/1	Map 9: 1/1	Reducer 2: 1009/1009	Reducer 3: 252(+1)/253	Reducer 4: 0(+1009)/1009	Reducer 5: 0/1009	Reducer 6: 0/1	
INFO  : Map 1: 326/326	Map 10: 223/223	Map 11: 281/281	Map 12: 223/223	Map 7: 1/1	Map 8: 1/1	Map 9: 1/1	Reducer 2: 1009/1009	Reducer 3: 252(+1)/253	Reducer 4: 0(+1009)/1009	Reducer 5: 0/1009	Reducer 6: 0/1	
INFO  : Map 1: 326/326	Map 10: 223/223	Map 11: 281/281	Map 12: 223/223	Map 7: 1/1	Map 8: 1/1	Map 9: 1/1	Reducer 2: 1009/1009	Reducer 3: 252(+1)/253	Reducer 4: 0(+1009)/1009	Reducer 5: 0/1009	Reducer 6: 0/1	
INFO  : Map 1: 326/326	Map 10: 223/223	Map 11: 281/281	Map 12: 223/223	Map 7: 1/1	Map 8: 1/1	Map 9: 1/1	Reducer 2: 1009/1009	Reducer 3: 252(+1)/253	Reducer 4: 0(+1009)/1009	Reducer 5: 0/1009	Reducer 6: 0/1	
INFO  : Map 1: 326/326	Map 10: 223/223	Map 11: 281/281	Map 12: 223/223	Map 7: 1/1	Map 8: 1/1	Map 9: 1/1	Reducer 2: 1009/1009	Reducer 3: 252(+1)/253	Reducer 4: 0(+1009)/1009	Reducer 5: 0/1009	Reducer 6: 0/1	
INFO  : Map 1: 326/326	Map 10: 223/223	Map 11: 281/281	Map 12: 223/223	Map 7: 1/1	Map 8: 1/1	Map 9: 1/1	Reducer 2: 1009/1009	Reducer 3: 252(+1)/253	Reducer 4: 0(+1009)/1009	Reducer 5: 0/1009	Reducer 6: 0/1	
INFO  : Map 1: 326/326	Map 10: 223/223	Map 11: 281/281	Map 12: 223/223	Map 7: 1/1	Map 8: 1/1	Map 9: 1/1	Reducer 2: 1009/1009	Reducer 3: 252(+1)/253	Reducer 4: 0(+1009)/1009	Reducer 5: 0/1009	Reducer 6: 0/1	
INFO  : Map 1: 326/326	Map 10: 223/223	Map 11: 281/281	Map 12: 223/223	Map 7: 1/1	Map 8: 1/1	Map 9: 1/1	Reducer 2: 1009/1009	Reducer 3: 252(+1)/253	Reducer 4: 0(+1009)/1009	Reducer 5: 0/1009	Reducer 6: 0/1	
INFO  : Map 1: 326/326	Map 10: 223/223	Map 11: 281/281	Map 12: 223/223	Map 7: 1/1	Map 8: 1/1	Map 9: 1/1	Reducer 2: 1009/1009	Reducer 3: 252(+1)/253	Reducer 4: 0(+1009)/1009	Reducer 5: 0/1009	Reducer 6: 0/1	
INFO  : Map 1: 326/326	Map 10: 223/223	Map 11: 281/281	Map 12: 223/223	Map 7: 1/1	Map 8: 1/1	Map 9: 1/1	Reducer 2: 1009/1009	Reducer 3: 252(+1)/253	Reducer 4: 0(+1009)/1009	Reducer 5: 0/1009	Reducer 6: 0/1	
INFO  : Map 1: 326/326	Map 10: 223/223	Map 11: 281/281	Map 12: 223/223	Map 7: 1/1	Map 8: 1/1	Map 9: 1/1	Reducer 2: 1009/1009	Reducer 3: 253/253	Reducer 4: 0(+1009)/1009	Reducer 5: 0/1009	Reducer 6: 0/1	
INFO  : Map 1: 326/326	Map 10: 223/223	Map 11: 281/281	Map 12: 223/223	Map 7: 1/1	Map 8: 1/1	Map 9: 1/1	Reducer 2: 1009/1009	Reducer 3: 253/253	Reducer 4: 167(+841)/1009	Reducer 5: 0/1009	Reducer 6: 0/1	
INFO  : Map 1: 326/326	Map 10: 223/223	Map 11: 281/281	Map 12: 223/223	Map 7: 1/1	Map 8: 1/1	Map 9: 1/1	Reducer 2: 1009/1009	Reducer 3: 253/253	Reducer 4: 456(+553)/1009	Reducer 5: 0/1009	Reducer 6: 0/1	
INFO  : Map 1: 326/326	Map 10: 223/223	Map 11: 281/281	Map 12: 223/223	Map 7: 1/1	Map 8: 1/1	Map 9: 1/1	Reducer 2: 1009/1009	Reducer 3: 253/253	Reducer 4: 513(+496)/1009	Reducer 5: 0/1009	Reducer 6: 0/1	
INFO  : Map 1: 326/326	Map 10: 223/223	Map 11: 281/281	Map 12: 223/223	Map 7: 1/1	Map 8: 1/1	Map 9: 1/1	Reducer 2: 1009/1009	Reducer 3: 253/253	Reducer 4: 515(+494)/1009	Reducer 5: 0/1009	Reducer 6: 0/1	
INFO  : Map 1: 326/326	Map 10: 223/223	Map 11: 281/281	Map 12: 223/223	Map 7: 1/1	Map 8: 1/1	Map 9: 1/1	Reducer 2: 1009/1009	Reducer 3: 253/253	Reducer 4: 521(+488)/1009	Reducer 5: 0(+538)/1009	Reducer 6: 0/1	
INFO  : Map 1: 326/326	Map 10: 223/223	Map 11: 281/281	Map 12: 223/223	Map 7: 1/1	Map 8: 1/1	Map 9: 1/1	Reducer 2: 1009/1009	Reducer 3: 253/253	Reducer 4: 521(+488)/1009	Reducer 5: 0(+613)/1009	Reducer 6: 0/1	
INFO  : Map 1: 326/326	Map 10: 223/223	Map 11: 281/281	Map 12: 223/223	Map 7: 1/1	Map 8: 1/1	Map 9: 1/1	Reducer 2: 1009/1009	Reducer 3: 253/253	Reducer 4: 523(+486)/1009	Reducer 5: 0(+904)/1009	Reducer 6: 0/1	
INFO  : Map 1: 326/326	Map 10: 223/223	Map 11: 281/281	Map 12: 223/223	Map 7: 1/1	Map 8: 1/1	Map 9: 1/1	Reducer 2: 1009/1009	Reducer 3: 253/253	Reducer 4: 524(+485)/1009	Reducer 5: 0(+969)/1009	Reducer 6: 0/1	
INFO  : Map 1: 326/326	Map 10: 223/223	Map 11: 281/281	Map 12: 223/223	Map 7: 1/1	Map 8: 1/1	Map 9: 1/1	Reducer 2: 1009/1009	Reducer 3: 253/253	Reducer 4: 536(+473)/1009	Reducer 5: 0(+1009)/1009	Reducer 6: 0/1	
INFO  : Map 1: 326/326	Map 10: 223/223	Map 11: 281/281	Map 12: 223/223	Map 7: 1/1	Map 8: 1/1	Map 9: 1/1	Reducer 2: 1009/1009	Reducer 3: 253/253	Reducer 4: 540(+469)/1009	Reducer 5: 0(+1009)/1009	Reducer 6: 0/1	
INFO  : Map 1: 326/326	Map 10: 223/223	Map 11: 281/281	Map 12: 223/223	Map 7: 1/1	Map 8: 1/1	Map 9: 1/1	Reducer 2: 1009/1009	Reducer 3: 253/253	Reducer 4: 542(+467)/1009	Reducer 5: 0(+1009)/1009	Reducer 6: 0/1	
INFO  : Map 1: 326/326	Map 10: 223/223	Map 11: 281/281	Map 12: 223/223	Map 7: 1/1	Map 8: 1/1	Map 9: 1/1	Reducer 2: 1009/1009	Reducer 3: 253/253	Reducer 4: 553(+456)/1009	Reducer 5: 0(+1009)/1009	Reducer 6: 0/1	
INFO  : Map 1: 326/326	Map 10: 223/223	Map 11: 281/281	Map 12: 223/223	Map 7: 1/1	Map 8: 1/1	Map 9: 1/1	Reducer 2: 1009/1009	Reducer 3: 253/253	Reducer 4: 559(+450)/1009	Reducer 5: 0(+1009)/1009	Reducer 6: 0/1	
INFO  : Map 1: 326/326	Map 10: 223/223	Map 11: 281/281	Map 12: 223/223	Map 7: 1/1	Map 8: 1/1	Map 9: 1/1	Reducer 2: 1009/1009	Reducer 3: 253/253	Reducer 4: 560(+449)/1009	Reducer 5: 0(+1009)/1009	Reducer 6: 0/1	
INFO  : Map 1: 326/326	Map 10: 223/223	Map 11: 281/281	Map 12: 223/223	Map 7: 1/1	Map 8: 1/1	Map 9: 1/1	Reducer 2: 1009/1009	Reducer 3: 253/253	Reducer 4: 565(+444)/1009	Reducer 5: 0(+1009)/1009	Reducer 6: 0/1	
INFO  : Map 1: 326/326	Map 10: 223/223	Map 11: 281/281	Map 12: 223/223	Map 7: 1/1	Map 8: 1/1	Map 9: 1/1	Reducer 2: 1009/1009	Reducer 3: 253/253	Reducer 4: 569(+440)/1009	Reducer 5: 0(+1009)/1009	Reducer 6: 0/1	
INFO  : Map 1: 326/326	Map 10: 223/223	Map 11: 281/281	Map 12: 223/223	Map 7: 1/1	Map 8: 1/1	Map 9: 1/1	Reducer 2: 1009/1009	Reducer 3: 253/253	Reducer 4: 612(+397)/1009	Reducer 5: 0(+1009)/1009	Reducer 6: 0/1	
INFO  : Map 1: 326/326	Map 10: 223/223	Map 11: 281/281	Map 12: 223/223	Map 7: 1/1	Map 8: 1/1	Map 9: 1/1	Reducer 2: 1009/1009	Reducer 3: 253/253	Reducer 4: 632(+376)/1009	Reducer 5: 0(+1009)/1009	Reducer 6: 0/1	
INFO  : Map 1: 326/326	Map 10: 223/223	Map 11: 281/281	Map 12: 223/223	Map 7: 1/1	Map 8: 1/1	Map 9: 1/1	Reducer 2: 1009/1009	Reducer 3: 253/253	Reducer 4: 643(+366)/1009	Reducer 5: 0(+1009)/1009	Reducer 6: 0/1	
INFO  : Map 1: 326/326	Map 10: 223/223	Map 11: 281/281	Map 12: 223/223	Map 7: 1/1	Map 8: 1/1	Map 9: 1/1	Reducer 2: 1009/1009	Reducer 3: 253/253	Reducer 4: 652(+357)/1009	Reducer 5: 0(+1009)/1009	Reducer 6: 0/1	
INFO  : Map 1: 326/326	Map 10: 223/223	Map 11: 281/281	Map 12: 223/223	Map 7: 1/1	Map 8: 1/1	Map 9: 1/1	Reducer 2: 1009/1009	Reducer 3: 253/253	Reducer 4: 658(+351)/1009	Reducer 5: 0(+1009)/1009	Reducer 6: 0/1	
INFO  : Map 1: 326/326	Map 10: 223/223	Map 11: 281/281	Map 12: 223/223	Map 7: 1/1	Map 8: 1/1	Map 9: 1/1	Reducer 2: 1009/1009	Reducer 3: 253/253	Reducer 4: 670(+339)/1009	Reducer 5: 0(+1009)/1009	Reducer 6: 0/1	
INFO  : Map 1: 326/326	Map 10: 223/223	Map 11: 281/281	Map 12: 223/223	Map 7: 1/1	Map 8: 1/1	Map 9: 1/1	Reducer 2: 1009/1009	Reducer 3: 253/253	Reducer 4: 688(+321)/1009	Reducer 5: 0(+1009)/1009	Reducer 6: 0/1	
INFO  : Map 1: 326/326	Map 10: 223/223	Map 11: 281/281	Map 12: 223/223	Map 7: 1/1	Map 8: 1/1	Map 9: 1/1	Reducer 2: 1009/1009	Reducer 3: 253/253	Reducer 4: 698(+311)/1009	Reducer 5: 0(+1009)/1009	Reducer 6: 0/1	
INFO  : Map 1: 326/326	Map 10: 223/223	Map 11: 281/281	Map 12: 223/223	Map 7: 1/1	Map 8: 1/1	Map 9: 1/1	Reducer 2: 1009/1009	Reducer 3: 253/253	Reducer 4: 720(+289)/1009	Reducer 5: 0(+1009)/1009	Reducer 6: 0/1	
INFO  : Map 1: 326/326	Map 10: 223/223	Map 11: 281/281	Map 12: 223/223	Map 7: 1/1	Map 8: 1/1	Map 9: 1/1	Reducer 2: 1009/1009	Reducer 3: 253/253	Reducer 4: 727(+282)/1009	Reducer 5: 0(+1009)/1009	Reducer 6: 0/1	
INFO  : Map 1: 326/326	Map 10: 223/223	Map 11: 281/281	Map 12: 223/223	Map 7: 1/1	Map 8: 1/1	Map 9: 1/1	Reducer 2: 1009/1009	Reducer 3: 253/253	Reducer 4: 733(+276)/1009	Reducer 5: 0(+1009)/1009	Reducer 6: 0/1	
INFO  : Map 1: 326/326	Map 10: 223/223	Map 11: 281/281	Map 12: 223/223	Map 7: 1/1	Map 8: 1/1	Map 9: 1/1	Reducer 2: 1009/1009	Reducer 3: 253/253	Reducer 4: 738(+271)/1009	Reducer 5: 0(+1009)/1009	Reducer 6: 0/1	
INFO  : Map 1: 326/326	Map 10: 223/223	Map 11: 281/281	Map 12: 223/223	Map 7: 1/1	Map 8: 1/1	Map 9: 1/1	Reducer 2: 1009/1009	Reducer 3: 253/253	Reducer 4: 748(+261)/1009	Reducer 5: 0(+1009)/1009	Reducer 6: 0/1	
INFO  : Map 1: 326/326	Map 10: 223/223	Map 11: 281/281	Map 12: 223/223	Map 7: 1/1	Map 8: 1/1	Map 9: 1/1	Reducer 2: 1009/1009	Reducer 3: 253/253	Reducer 4: 751(+258)/1009	Reducer 5: 0(+1009)/1009	Reducer 6: 0/1	
INFO  : Map 1: 326/326	Map 10: 223/223	Map 11: 281/281	Map 12: 223/223	Map 7: 1/1	Map 8: 1/1	Map 9: 1/1	Reducer 2: 1009/1009	Reducer 3: 253/253	Reducer 4: 754(+255)/1009	Reducer 5: 0(+1009)/1009	Reducer 6: 0/1	
INFO  : Map 1: 326/326	Map 10: 223/223	Map 11: 281/281	Map 12: 223/223	Map 7: 1/1	Map 8: 1/1	Map 9: 1/1	Reducer 2: 1009/1009	Reducer 3: 253/253	Reducer 4: 762(+247)/1009	Reducer 5: 0(+1009)/1009	Reducer 6: 0/1	
INFO  : Map 1: 326/326	Map 10: 223/223	Map 11: 281/281	Map 12: 223/223	Map 7: 1/1	Map 8: 1/1	Map 9: 1/1	Reducer 2: 1009/1009	Reducer 3: 253/253	Reducer 4: 766(+242)/1009	Reducer 5: 0(+1009)/1009	Reducer 6: 0/1	
INFO  : Map 1: 326/326	Map 10: 223/223	Map 11: 281/281	Map 12: 223/223	Map 7: 1/1	Map 8: 1/1	Map 9: 1/1	Reducer 2: 1009/1009	Reducer 3: 253/253	Reducer 4: 769(+240)/1009	Reducer 5: 0(+1009)/1009	Reducer 6: 0/1	
INFO  : Map 1: 326/326	Map 10: 223/223	Map 11: 281/281	Map 12: 223/223	Map 7: 1/1	Map 8: 1/1	Map 9: 1/1	Reducer 2: 1009/1009	Reducer 3: 253/253	Reducer 4: 771(+238)/1009	Reducer 5: 0(+1009)/1009	Reducer 6: 0/1	
INFO  : Map 1: 326/326	Map 10: 223/223	Map 11: 281/281	Map 12: 223/223	Map 7: 1/1	Map 8: 1/1	Map 9: 1/1	Reducer 2: 1009/1009	Reducer 3: 253/253	Reducer 4: 778(+231)/1009	Reducer 5: 0(+1009)/1009	Reducer 6: 0/1	
INFO  : Map 1: 326/326	Map 10: 223/223	Map 11: 281/281	Map 12: 223/223	Map 7: 1/1	Map 8: 1/1	Map 9: 1/1	Reducer 2: 1009/1009	Reducer 3: 253/253	Reducer 4: 787(+222)/1009	Reducer 5: 0(+1009)/1009	Reducer 6: 0/1	
INFO  : Map 1: 326/326	Map 10: 223/223	Map 11: 281/281	Map 12: 223/223	Map 7: 1/1	Map 8: 1/1	Map 9: 1/1	Reducer 2: 1009/1009	Reducer 3: 253/253	Reducer 4: 805(+203)/1009	Reducer 5: 0(+1009)/1009	Reducer 6: 0/1	
INFO  : Map 1: 326/326	Map 10: 223/223	Map 11: 281/281	Map 12: 223/223	Map 7: 1/1	Map 8: 1/1	Map 9: 1/1	Reducer 2: 1009/1009	Reducer 3: 253/253	Reducer 4: 870(+139)/1009	Reducer 5: 0(+1009)/1009	Reducer 6: 0/1	
INFO  : Map 1: 326/326	Map 10: 223/223	Map 11: 281/281	Map 12: 223/223	Map 7: 1/1	Map 8: 1/1	Map 9: 1/1	Reducer 2: 1009/1009	Reducer 3: 253/253	Reducer 4: 909(+100)/1009	Reducer 5: 0(+1009)/1009	Reducer 6: 0/1	
INFO  : Map 1: 326/326	Map 10: 223/223	Map 11: 281/281	Map 12: 223/223	Map 7: 1/1	Map 8: 1/1	Map 9: 1/1	Reducer 2: 1009/1009	Reducer 3: 253/253	Reducer 4: 927(+82)/1009	Reducer 5: 0(+1009)/1009	Reducer 6: 0/1	
INFO  : Map 1: 326/326	Map 10: 223/223	Map 11: 281/281	Map 12: 223/223	Map 7: 1/1	Map 8: 1/1	Map 9: 1/1	Reducer 2: 1009/1009	Reducer 3: 253/253	Reducer 4: 937(+72)/1009	Reducer 5: 0(+1009)/1009	Reducer 6: 0/1	
INFO  : Map 1: 326/326	Map 10: 223/223	Map 11: 281/281	Map 12: 223/223	Map 7: 1/1	Map 8: 1/1	Map 9: 1/1	Reducer 2: 1009/1009	Reducer 3: 253/253	Reducer 4: 957(+52)/1009	Reducer 5: 0(+1009)/1009	Reducer 6: 0/1	
INFO  : Map 1: 326/326	Map 10: 223/223	Map 11: 281/281	Map 12: 223/223	Map 7: 1/1	Map 8: 1/1	Map 9: 1/1	Reducer 2: 1009/1009	Reducer 3: 253/253	Reducer 4: 976(+33)/1009	Reducer 5: 0(+1009)/1009	Reducer 6: 0/1	
INFO  : Map 1: 326/326	Map 10: 223/223	Map 11: 281/281	Map 12: 223/223	Map 7: 1/1	Map 8: 1/1	Map 9: 1/1	Reducer 2: 1009/1009	Reducer 3: 253/253	Reducer 4: 986(+23)/1009	Reducer 5: 0(+1009)/1009	Reducer 6: 0/1	
INFO  : Map 1: 326/326	Map 10: 223/223	Map 11: 281/281	Map 12: 223/223	Map 7: 1/1	Map 8: 1/1	Map 9: 1/1	Reducer 2: 1009/1009	Reducer 3: 253/253	Reducer 4: 990(+19)/1009	Reducer 5: 0(+1009)/1009	Reducer 6: 0/1	
INFO  : Map 1: 326/326	Map 10: 223/223	Map 11: 281/281	Map 12: 223/223	Map 7: 1/1	Map 8: 1/1	Map 9: 1/1	Reducer 2: 1009/1009	Reducer 3: 253/253	Reducer 4: 991(+18)/1009	Reducer 5: 0(+1009)/1009	Reducer 6: 0/1	
INFO  : Map 1: 326/326	Map 10: 223/223	Map 11: 281/281	Map 12: 223/223	Map 7: 1/1	Map 8: 1/1	Map 9: 1/1	Reducer 2: 1009/1009	Reducer 3: 253/253	Reducer 4: 993(+16)/1009	Reducer 5: 0(+1009)/1009	Reducer 6: 0/1	
INFO  : Map 1: 326/326	Map 10: 223/223	Map 11: 281/281	Map 12: 223/223	Map 7: 1/1	Map 8: 1/1	Map 9: 1/1	Reducer 2: 1009/1009	Reducer 3: 253/253	Reducer 4: 993(+16)/1009	Reducer 5: 0(+1009)/1009	Reducer 6: 0/1	
INFO  : Map 1: 326/326	Map 10: 223/223	Map 11: 281/281	Map 12: 223/223	Map 7: 1/1	Map 8: 1/1	Map 9: 1/1	Reducer 2: 1009/1009	Reducer 3: 253/253	Reducer 4: 1001(+8)/1009	Reducer 5: 0(+1009)/1009	Reducer 6: 0/1	
INFO  : Map 1: 326/326	Map 10: 223/223	Map 11: 281/281	Map 12: 223/223	Map 7: 1/1	Map 8: 1/1	Map 9: 1/1	Reducer 2: 1009/1009	Reducer 3: 253/253	Reducer 4: 1009/1009	Reducer 5: 0(+1009)/1009	Reducer 6: 0/1	
INFO  : Map 1: 326/326	Map 10: 223/223	Map 11: 281/281	Map 12: 223/223	Map 7: 1/1	Map 8: 1/1	Map 9: 1/1	Reducer 2: 1009/1009	Reducer 3: 253/253	Reducer 4: 1009/1009	Reducer 5: 3(+1006)/1009	Reducer 6: 0/1	
INFO  : Map 1: 326/326	Map 10: 223/223	Map 11: 281/281	Map 12: 223/223	Map 7: 1/1	Map 8: 1/1	Map 9: 1/1	Reducer 2: 1009/1009	Reducer 3: 253/253	Reducer 4: 1009/1009	Reducer 5: 24(+985)/1009	Reducer 6: 0/1	
INFO  : Map 1: 326/326	Map 10: 223/223	Map 11: 281/281	Map 12: 223/223	Map 7: 1/1	Map 8: 1/1	Map 9: 1/1	Reducer 2: 1009/1009	Reducer 3: 253/253	Reducer 4: 1009/1009	Reducer 5: 33(+976)/1009	Reducer 6: 0/1	
INFO  : Map 1: 326/326	Map 10: 223/223	Map 11: 281/281	Map 12: 223/223	Map 7: 1/1	Map 8: 1/1	Map 9: 1/1	Reducer 2: 1009/1009	Reducer 3: 253/253	Reducer 4: 1009/1009	Reducer 5: 65(+944)/1009	Reducer 6: 0/1	
INFO  : Map 1: 326/326	Map 10: 223/223	Map 11: 281/281	Map 12: 223/223	Map 7: 1/1	Map 8: 1/1	Map 9: 1/1	Reducer 2: 1009/1009	Reducer 3: 253/253	Reducer 4: 1009/1009	Reducer 5: 76(+933)/1009	Reducer 6: 0/1	
INFO  : Map 1: 326/326	Map 10: 223/223	Map 11: 281/281	Map 12: 223/223	Map 7: 1/1	Map 8: 1/1	Map 9: 1/1	Reducer 2: 1009/1009	Reducer 3: 253/253	Reducer 4: 1009/1009	Reducer 5: 98(+911)/1009	Reducer 6: 0/1	
INFO  : Map 1: 326/326	Map 10: 223/223	Map 11: 281/281	Map 12: 223/223	Map 7: 1/1	Map 8: 1/1	Map 9: 1/1	Reducer 2: 1009/1009	Reducer 3: 253/253	Reducer 4: 1009/1009	Reducer 5: 118(+891)/1009	Reducer 6: 0/1	
INFO  : Map 1: 326/326	Map 10: 223/223	Map 11: 281/281	Map 12: 223/223	Map 7: 1/1	Map 8: 1/1	Map 9: 1/1	Reducer 2: 1009/1009	Reducer 3: 253/253	Reducer 4: 1009/1009	Reducer 5: 124(+885)/1009	Reducer 6: 0/1	
INFO  : Map 1: 326/326	Map 10: 223/223	Map 11: 281/281	Map 12: 223/223	Map 7: 1/1	Map 8: 1/1	Map 9: 1/1	Reducer 2: 1009/1009	Reducer 3: 253/253	Reducer 4: 1009/1009	Reducer 5: 130(+879)/1009	Reducer 6: 0/1	
INFO  : Map 1: 326/326	Map 10: 223/223	Map 11: 281/281	Map 12: 223/223	Map 7: 1/1	Map 8: 1/1	Map 9: 1/1	Reducer 2: 1009/1009	Reducer 3: 253/253	Reducer 4: 1009/1009	Reducer 5: 147(+862)/1009	Reducer 6: 0/1	
INFO  : Map 1: 326/326	Map 10: 223/223	Map 11: 281/281	Map 12: 223/223	Map 7: 1/1	Map 8: 1/1	Map 9: 1/1	Reducer 2: 1009/1009	Reducer 3: 253/253	Reducer 4: 1009/1009	Reducer 5: 176(+833)/1009	Reducer 6: 0/1	
INFO  : Map 1: 326/326	Map 10: 223/223	Map 11: 281/281	Map 12: 223/223	Map 7: 1/1	Map 8: 1/1	Map 9: 1/1	Reducer 2: 1009/1009	Reducer 3: 253/253	Reducer 4: 1009/1009	Reducer 5: 186(+823)/1009	Reducer 6: 0/1	
INFO  : Map 1: 326/326	Map 10: 223/223	Map 11: 281/281	Map 12: 223/223	Map 7: 1/1	Map 8: 1/1	Map 9: 1/1	Reducer 2: 1009/1009	Reducer 3: 253/253	Reducer 4: 1009/1009	Reducer 5: 188(+821)/1009	Reducer 6: 0/1	
INFO  : Map 1: 326/326	Map 10: 223/223	Map 11: 281/281	Map 12: 223/223	Map 7: 1/1	Map 8: 1/1	Map 9: 1/1	Reducer 2: 1009/1009	Reducer 3: 253/253	Reducer 4: 1009/1009	Reducer 5: 204(+805)/1009	Reducer 6: 0/1	
INFO  : Map 1: 326/326	Map 10: 223/223	Map 11: 281/281	Map 12: 223/223	Map 7: 1/1	Map 8: 1/1	Map 9: 1/1	Reducer 2: 1009/1009	Reducer 3: 253/253	Reducer 4: 1009/1009	Reducer 5: 407(+602)/1009	Reducer 6: 0(+1)/1	
INFO  : Map 1: 326/326	Map 10: 223/223	Map 11: 281/281	Map 12: 223/223	Map 7: 1/1	Map 8: 1/1	Map 9: 1/1	Reducer 2: 1009/1009	Reducer 3: 253/253	Reducer 4: 1009/1009	Reducer 5: 418(+591)/1009	Reducer 6: 0(+1)/1	
INFO  : Map 1: 326/326	Map 10: 223/223	Map 11: 281/281	Map 12: 223/223	Map 7: 1/1	Map 8: 1/1	Map 9: 1/1	Reducer 2: 1009/1009	Reducer 3: 253/253	Reducer 4: 1009/1009	Reducer 5: 427(+582)/1009	Reducer 6: 0(+1)/1	
INFO  : Map 1: 326/326	Map 10: 223/223	Map 11: 281/281	Map 12: 223/223	Map 7: 1/1	Map 8: 1/1	Map 9: 1/1	Reducer 2: 1009/1009	Reducer 3: 253/253	Reducer 4: 1009/1009	Reducer 5: 431(+578)/1009	Reducer 6: 0(+1)/1	
INFO  : Map 1: 326/326	Map 10: 223/223	Map 11: 281/281	Map 12: 223/223	Map 7: 1/1	Map 8: 1/1	Map 9: 1/1	Reducer 2: 1009/1009	Reducer 3: 253/253	Reducer 4: 1009/1009	Reducer 5: 443(+566)/1009	Reducer 6: 0(+1)/1	
INFO  : Map 1: 326/326	Map 10: 223/223	Map 11: 281/281	Map 12: 223/223	Map 7: 1/1	Map 8: 1/1	Map 9: 1/1	Reducer 2: 1009/1009	Reducer 3: 253/253	Reducer 4: 1009/1009	Reducer 5: 451(+558)/1009	Reducer 6: 0(+1)/1	
INFO  : Map 1: 326/326	Map 10: 223/223	Map 11: 281/281	Map 12: 223/223	Map 7: 1/1	Map 8: 1/1	Map 9: 1/1	Reducer 2: 1009/1009	Reducer 3: 253/253	Reducer 4: 1009/1009	Reducer 5: 455(+554)/1009	Reducer 6: 0(+1)/1	
INFO  : Map 1: 326/326	Map 10: 223/223	Map 11: 281/281	Map 12: 223/223	Map 7: 1/1	Map 8: 1/1	Map 9: 1/1	Reducer 2: 1009/1009	Reducer 3: 253/253	Reducer 4: 1009/1009	Reducer 5: 457(+552)/1009	Reducer 6: 0(+1)/1	
INFO  : Map 1: 326/326	Map 10: 223/223	Map 11: 281/281	Map 12: 223/223	Map 7: 1/1	Map 8: 1/1	Map 9: 1/1	Reducer 2: 1009/1009	Reducer 3: 253/253	Reducer 4: 1009/1009	Reducer 5: 463(+546)/1009	Reducer 6: 0(+1)/1	
INFO  : Map 1: 326/326	Map 10: 223/223	Map 11: 281/281	Map 12: 223/223	Map 7: 1/1	Map 8: 1/1	Map 9: 1/1	Reducer 2: 1009/1009	Reducer 3: 253/253	Reducer 4: 1009/1009	Reducer 5: 471(+538)/1009	Reducer 6: 0(+1)/1	
INFO  : Map 1: 326/326	Map 10: 223/223	Map 11: 281/281	Map 12: 223/223	Map 7: 1/1	Map 8: 1/1	Map 9: 1/1	Reducer 2: 1009/1009	Reducer 3: 253/253	Reducer 4: 1009/1009	Reducer 5: 505(+504)/1009	Reducer 6: 0(+1)/1	
INFO  : Map 1: 326/326	Map 10: 223/223	Map 11: 281/281	Map 12: 223/223	Map 7: 1/1	Map 8: 1/1	Map 9: 1/1	Reducer 2: 1009/1009	Reducer 3: 253/253	Reducer 4: 1009/1009	Reducer 5: 538(+471)/1009	Reducer 6: 0(+1)/1	
INFO  : Map 1: 326/326	Map 10: 223/223	Map 11: 281/281	Map 12: 223/223	Map 7: 1/1	Map 8: 1/1	Map 9: 1/1	Reducer 2: 1009/1009	Reducer 3: 253/253	Reducer 4: 1009/1009	Reducer 5: 548(+461)/1009	Reducer 6: 0(+1)/1	
INFO  : Map 1: 326/326	Map 10: 223/223	Map 11: 281/281	Map 12: 223/223	Map 7: 1/1	Map 8: 1/1	Map 9: 1/1	Reducer 2: 1009/1009	Reducer 3: 253/253	Reducer 4: 1009/1009	Reducer 5: 565(+444)/1009	Reducer 6: 0(+1)/1	
INFO  : Map 1: 326/326	Map 10: 223/223	Map 11: 281/281	Map 12: 223/223	Map 7: 1/1	Map 8: 1/1	Map 9: 1/1	Reducer 2: 1009/1009	Reducer 3: 253/253	Reducer 4: 1009/1009	Reducer 5: 592(+417)/1009	Reducer 6: 0(+1)/1	
INFO  : Map 1: 326/326	Map 10: 223/223	Map 11: 281/281	Map 12: 223/223	Map 7: 1/1	Map 8: 1/1	Map 9: 1/1	Reducer 2: 1009/1009	Reducer 3: 253/253	Reducer 4: 1009/1009	Reducer 5: 620(+389)/1009	Reducer 6: 0(+1)/1	
INFO  : Map 1: 326/326	Map 10: 223/223	Map 11: 281/281	Map 12: 223/223	Map 7: 1/1	Map 8: 1/1	Map 9: 1/1	Reducer 2: 1009/1009	Reducer 3: 253/253	Reducer 4: 1009/1009	Reducer 5: 622(+387)/1009	Reducer 6: 0(+1)/1	
INFO  : Map 1: 326/326	Map 10: 223/223	Map 11: 281/281	Map 12: 223/223	Map 7: 1/1	Map 8: 1/1	Map 9: 1/1	Reducer 2: 1009/1009	Reducer 3: 253/253	Reducer 4: 1009/1009	Reducer 5: 704(+305)/1009	Reducer 6: 0(+1)/1	
INFO  : Map 1: 326/326	Map 10: 223/223	Map 11: 281/281	Map 12: 223/223	Map 7: 1/1	Map 8: 1/1	Map 9: 1/1	Reducer 2: 1009/1009	Reducer 3: 253/253	Reducer 4: 1009/1009	Reducer 5: 791(+218)/1009	Reducer 6: 0(+1)/1	
INFO  : Map 1: 326/326	Map 10: 223/223	Map 11: 281/281	Map 12: 223/223	Map 7: 1/1	Map 8: 1/1	Map 9: 1/1	Reducer 2: 1009/1009	Reducer 3: 253/253	Reducer 4: 1009/1009	Reducer 5: 807(+202)/1009	Reducer 6: 0(+1)/1	
INFO  : Map 1: 326/326	Map 10: 223/223	Map 11: 281/281	Map 12: 223/223	Map 7: 1/1	Map 8: 1/1	Map 9: 1/1	Reducer 2: 1009/1009	Reducer 3: 253/253	Reducer 4: 1009/1009	Reducer 5: 825(+184)/1009	Reducer 6: 0(+1)/1	
INFO  : Map 1: 326/326	Map 10: 223/223	Map 11: 281/281	Map 12: 223/223	Map 7: 1/1	Map 8: 1/1	Map 9: 1/1	Reducer 2: 1009/1009	Reducer 3: 253/253	Reducer 4: 1009/1009	Reducer 5: 876(+133)/1009	Reducer 6: 0(+1)/1	
INFO  : Map 1: 326/326	Map 10: 223/223	Map 11: 281/281	Map 12: 223/223	Map 7: 1/1	Map 8: 1/1	Map 9: 1/1	Reducer 2: 1009/1009	Reducer 3: 253/253	Reducer 4: 1009/1009	Reducer 5: 898(+111)/1009	Reducer 6: 0(+1)/1	
INFO  : Map 1: 326/326	Map 10: 223/223	Map 11: 281/281	Map 12: 223/223	Map 7: 1/1	Map 8: 1/1	Map 9: 1/1	Reducer 2: 1009/1009	Reducer 3: 253/253	Reducer 4: 1009/1009	Reducer 5: 908(+101)/1009	Reducer 6: 0(+1)/1	
INFO  : Map 1: 326/326	Map 10: 223/223	Map 11: 281/281	Map 12: 223/223	Map 7: 1/1	Map 8: 1/1	Map 9: 1/1	Reducer 2: 1009/1009	Reducer 3: 253/253	Reducer 4: 1009/1009	Reducer 5: 938(+71)/1009	Reducer 6: 0(+1)/1	
INFO  : Map 1: 326/326	Map 10: 223/223	Map 11: 281/281	Map 12: 223/223	Map 7: 1/1	Map 8: 1/1	Map 9: 1/1	Reducer 2: 1009/1009	Reducer 3: 253/253	Reducer 4: 1009/1009	Reducer 5: 944(+63)/1009	Reducer 6: 0(+1)/1	
INFO  : Map 1: 326/326	Map 10: 223/223	Map 11: 281/281	Map 12: 223/223	Map 7: 1/1	Map 8: 1/1	Map 9: 1/1	Reducer 2: 1009/1009	Reducer 3: 253/253	Reducer 4: 1009/1009	Reducer 5: 958(+51)/1009	Reducer 6: 0(+1)/1	
INFO  : Map 1: 326/326	Map 10: 223/223	Map 11: 281/281	Map 12: 223/223	Map 7: 1/1	Map 8: 1/1	Map 9: 1/1	Reducer 2: 1009/1009	Reducer 3: 253/253	Reducer 4: 1009/1009	Reducer 5: 960(+49)/1009	Reducer 6: 0(+1)/1	
INFO  : Map 1: 326/326	Map 10: 223/223	Map 11: 281/281	Map 12: 223/223	Map 7: 1/1	Map 8: 1/1	Map 9: 1/1	Reducer 2: 1009/1009	Reducer 3: 253/253	Reducer 4: 1009/1009	Reducer 5: 960(+49)/1009	Reducer 6: 0(+1)/1	
INFO  : Map 1: 326/326	Map 10: 223/223	Map 11: 281/281	Map 12: 223/223	Map 7: 1/1	Map 8: 1/1	Map 9: 1/1	Reducer 2: 1009/1009	Reducer 3: 253/253	Reducer 4: 1009/1009	Reducer 5: 966(+43)/1009	Reducer 6: 0(+1)/1	
INFO  : Map 1: 326/326	Map 10: 223/223	Map 11: 281/281	Map 12: 223/223	Map 7: 1/1	Map 8: 1/1	Map 9: 1/1	Reducer 2: 1009/1009	Reducer 3: 253/253	Reducer 4: 1009/1009	Reducer 5: 984(+25)/1009	Reducer 6: 0(+1)/1	
INFO  : Map 1: 326/326	Map 10: 223/223	Map 11: 281/281	Map 12: 223/223	Map 7: 1/1	Map 8: 1/1	Map 9: 1/1	Reducer 2: 1009/1009	Reducer 3: 253/253	Reducer 4: 1009/1009	Reducer 5: 1007(+2)/1009	Reducer 6: 0(+1)/1	
INFO  : Map 1: 326/326	Map 10: 223/223	Map 11: 281/281	Map 12: 223/223	Map 7: 1/1	Map 8: 1/1	Map 9: 1/1	Reducer 2: 1009/1009	Reducer 3: 253/253	Reducer 4: 1009/1009	Reducer 5: 1007(+2)/1009	Reducer 6: 0(+1)/1	
INFO  : Map 1: 326/326	Map 10: 223/223	Map 11: 281/281	Map 12: 223/223	Map 7: 1/1	Map 8: 1/1	Map 9: 1/1	Reducer 2: 1009/1009	Reducer 3: 253/253	Reducer 4: 1009/1009	Reducer 5: 1007(+2)/1009	Reducer 6: 0(+1)/1	
INFO  : Map 1: 326/326	Map 10: 223/223	Map 11: 281/281	Map 12: 223/223	Map 7: 1/1	Map 8: 1/1	Map 9: 1/1	Reducer 2: 1009/1009	Reducer 3: 253/253	Reducer 4: 1009/1009	Reducer 5: 1007(+2)/1009	Reducer 6: 0(+1)/1	
INFO  : Map 1: 326/326	Map 10: 223/223	Map 11: 281/281	Map 12: 223/223	Map 7: 1/1	Map 8: 1/1	Map 9: 1/1	Reducer 2: 1009/1009	Reducer 3: 253/253	Reducer 4: 1009/1009	Reducer 5: 1007(+2)/1009	Reducer 6: 0(+1)/1	
INFO  : Map 1: 326/326	Map 10: 223/223	Map 11: 281/281	Map 12: 223/223	Map 7: 1/1	Map 8: 1/1	Map 9: 1/1	Reducer 2: 1009/1009	Reducer 3: 253/253	Reducer 4: 1009/1009	Reducer 5: 1007(+2)/1009	Reducer 6: 0(+1)/1	
INFO  : Map 1: 326/326	Map 10: 223/223	Map 11: 281/281	Map 12: 223/223	Map 7: 1/1	Map 8: 1/1	Map 9: 1/1	Reducer 2: 1009/1009	Reducer 3: 253/253	Reducer 4: 1009/1009	Reducer 5: 1007(+2)/1009	Reducer 6: 0(+1)/1	
INFO  : Map 1: 326/326	Map 10: 223/223	Map 11: 281/281	Map 12: 223/223	Map 7: 1/1	Map 8: 1/1	Map 9: 1/1	Reducer 2: 1009/1009	Reducer 3: 253/253	Reducer 4: 1009/1009	Reducer 5: 1007(+2)/1009	Reducer 6: 0(+1)/1	
INFO  : Map 1: 326/326	Map 10: 223/223	Map 11: 281/281	Map 12: 223/223	Map 7: 1/1	Map 8: 1/1	Map 9: 1/1	Reducer 2: 1009/1009	Reducer 3: 253/253	Reducer 4: 1009/1009	Reducer 5: 1007(+2)/1009	Reducer 6: 0(+1)/1	
INFO  : Map 1: 326/326	Map 10: 223/223	Map 11: 281/281	Map 12: 223/223	Map 7: 1/1	Map 8: 1/1	Map 9: 1/1	Reducer 2: 1009/1009	Reducer 3: 253/253	Reducer 4: 1009/1009	Reducer 5: 1007(+2)/1009	Reducer 6: 0(+1)/1	
INFO  : Map 1: 326/326	Map 10: 223/223	Map 11: 281/281	Map 12: 223/223	Map 7: 1/1	Map 8: 1/1	Map 9: 1/1	Reducer 2: 1009/1009	Reducer 3: 253/253	Reducer 4: 1009/1009	Reducer 5: 1007(+2)/1009	Reducer 6: 0(+1)/1	
INFO  : Map 1: 326/326	Map 10: 223/223	Map 11: 281/281	Map 12: 223/223	Map 7: 1/1	Map 8: 1/1	Map 9: 1/1	Reducer 2: 1009/1009	Reducer 3: 253/253	Reducer 4: 1009/1009	Reducer 5: 1007(+2)/1009	Reducer 6: 0(+1)/1	
INFO  : Map 1: 326/326	Map 10: 223/223	Map 11: 281/281	Map 12: 223/223	Map 7: 1/1	Map 8: 1/1	Map 9: 1/1	Reducer 2: 1009/1009	Reducer 3: 253/253	Reducer 4: 1009/1009	Reducer 5: 1008(+1)/1009	Reducer 6: 0(+1)/1	
INFO  : Map 1: 326/326	Map 10: 223/223	Map 11: 281/281	Map 12: 223/223	Map 7: 1/1	Map 8: 1/1	Map 9: 1/1	Reducer 2: 1009/1009	Reducer 3: 253/253	Reducer 4: 1009/1009	Reducer 5: 1008(+1)/1009	Reducer 6: 0(+1)/1	
INFO  : Map 1: 326/326	Map 10: 223/223	Map 11: 281/281	Map 12: 223/223	Map 7: 1/1	Map 8: 1/1	Map 9: 1/1	Reducer 2: 1009/1009	Reducer 3: 253/253	Reducer 4: 1009/1009	Reducer 5: 1008(+1)/1009	Reducer 6: 0(+1)/1	
INFO  : Map 1: 326/326	Map 10: 223/223	Map 11: 281/281	Map 12: 223/223	Map 7: 1/1	Map 8: 1/1	Map 9: 1/1	Reducer 2: 1009/1009	Reducer 3: 253/253	Reducer 4: 1009/1009	Reducer 5: 1008(+1)/1009	Reducer 6: 0(+1)/1	
INFO  : Map 1: 326/326	Map 10: 223/223	Map 11: 281/281	Map 12: 223/223	Map 7: 1/1	Map 8: 1/1	Map 9: 1/1	Reducer 2: 1009/1009	Reducer 3: 253/253	Reducer 4: 1009/1009	Reducer 5: 1008(+1)/1009	Reducer 6: 0(+1)/1	
INFO  : Map 1: 326/326	Map 10: 223/223	Map 11: 281/281	Map 12: 223/223	Map 7: 1/1	Map 8: 1/1	Map 9: 1/1	Reducer 2: 1009/1009	Reducer 3: 253/253	Reducer 4: 1009/1009	Reducer 5: 1008(+1)/1009	Reducer 6: 0(+1)/1	
INFO  : Map 1: 326/326	Map 10: 223/223	Map 11: 281/281	Map 12: 223/223	Map 7: 1/1	Map 8: 1/1	Map 9: 1/1	Reducer 2: 1009/1009	Reducer 3: 253/253	Reducer 4: 1009/1009	Reducer 5: 1009/1009	Reducer 6: 0(+1)/1	
INFO  : Map 1: 326/326	Map 10: 223/223	Map 11: 281/281	Map 12: 223/223	Map 7: 1/1	Map 8: 1/1	Map 9: 1/1	Reducer 2: 1009/1009	Reducer 3: 253/253	Reducer 4: 1009/1009	Reducer 5: 1009/1009	Reducer 6: 1/1	
INFO  : Status: DAG finished successfully in 182.87 seconds
INFO  : 
INFO  : Query Execution Summary
INFO  : ----------------------------------------------------------------------------------------------
INFO  : ----------------------------------------------------------------------------------------------
INFO  : Compile Query                           0.80s
INFO  : Prepare Plan                            0.30s
INFO  : Submit Plan                             0.16s
INFO  : Start DAG                               0.22s
INFO  : Run DAG                               182.87s
INFO  : ----------------------------------------------------------------------------------------------
INFO  : 
INFO  : Task Execution Summary
INFO  : --------------------------------------------------------------------------------------------------------------------------------
INFO  : --------------------------------------------------------------------------------------------------------------------------------
INFO  :      Map 1          326                0             0       22965.00             0            0  4,745,376,270      28,537,103
INFO  :     Map 10          223                0             0        4087.00             0            0     32,500,000      32,500,000
INFO  :     Map 11          281                0            17       10768.00             0            0     65,000,000      65,000,000
INFO  :     Map 12          223                0            22        9178.00             0            0     32,500,000      32,500,000
INFO  :      Map 7            1                0             0           0.00             0            0         10,000             314
INFO  :      Map 8            1                0             0           0.00             0            0          1,500              44
INFO  :      Map 9            1                0             0        1218.00             0            0          7,200           1,800
INFO  :  Reducer 2         1009                0          5497       19232.00             0            0     61,037,103       2,346,343
INFO  :  Reducer 3          253                0            86       62080.00             0            0      2,346,343       2,346,343
INFO  :  Reducer 4         1009                0          8403       70453.00             0            0     67,346,343       2,346,343
INFO  :  Reducer 5         1009                0         14801       81527.00             0            0     34,846,343         100,900
INFO  :  Reducer 6            1                0             5       63120.00             0            0        100,900               0
INFO  : --------------------------------------------------------------------------------------------------------------------------------
INFO  : 
INFO  : LLAP IO Summary
INFO  : ----------------------------------------------------------------------------------------------
INFO  : ----------------------------------------------------------------------------------------------
INFO  :      Map 1    476256       800       5763    8.83GB    47.57GB     95.75GB  84.85GB  4949.93s
INFO  :     Map 10      3331       224        222    1.05MB    63.48MB    229.64MB  65.73MB    32.42s
INFO  :     Map 11      6667      1112          0  548.95MB         0B          0B       0B    31.52s
INFO  :     Map 12      3331       439          7   61.35MB     3.18MB      3.41MB   1.17MB     6.37s
INFO  :      Map 7         1         1          1    1.39KB     1.85KB    131.07KB  36.81KB     0.01s
INFO  :      Map 8         1         1          1       17B     2.78KB    393.22KB   3.05KB     0.01s
INFO  :      Map 9         1         2          0      298B         0B          0B       0B     0.00s
INFO  : ----------------------------------------------------------------------------------------------
INFO  : 
INFO  : FileSystem Counters Summary
INFO  : 
INFO  : ----------------------------------------------------------------------------------------------
INFO  : ----------------------------------------------------------------------------------------------
INFO  :      Map 1              0B             0                  0           290.15MB             0
INFO  :     Map 10              0B             0                  0           413.21MB             0
INFO  :     Map 11              0B             0                  0             1.49GB             0
INFO  :     Map 12              0B             0                  0           413.21MB             0
INFO  :      Map 7              0B             0                  0             1.24KB             0
INFO  :      Map 8              0B             0                  0               239B             0
INFO  :      Map 9              0B             0                  0             7.36KB             0
INFO  :  Reducer 2          7.60GB             0                  0           150.63MB             0
INFO  :  Reducer 3          4.65MB             0                  0           100.80MB             0
INFO  :  Reducer 4          7.04GB             0                  0           166.72MB             0
INFO  :  Reducer 5         10.28GB             0                  0             3.88MB             0
INFO  :  Reducer 6          2.56MB             0                  0                 0B             0
INFO  : ----------------------------------------------------------------------------------------------
INFO  : 
INFO  : ----------------------------------------------------------------------------------------------
INFO  : ----------------------------------------------------------------------------------------------
INFO  :      Map 1         47.67GB          3312                  0                 0B             0
INFO  :     Map 10         63.63MB           442                  0                 0B             0
INFO  :     Map 11              0B             0                  0                 0B             0
INFO  :     Map 12          3.18MB            14                  0                 0B             0
INFO  :      Map 7          2.53KB             2                  0                 0B             0
INFO  :      Map 8          3.59KB             2                  0                 0B             0
INFO  :      Map 9              0B             0                  0                 0B             0
INFO  :  Reducer 2              0B             0                  0                 0B             0
INFO  :  Reducer 3              0B             0                  0                 0B             0
INFO  :  Reducer 4              0B             0                  0                 0B             0
INFO  :  Reducer 5              0B             0                  0                 0B             0
INFO  :  Reducer 6              0B             2                  0             7.29KB             2
INFO  : ----------------------------------------------------------------------------------------------
INFO  : 
INFO  : org.apache.tez.common.counters.DAGCounter:
INFO  :    NUM_KILLED_TASKS: 28831
INFO  :    NUM_SUCCEEDED_TASKS: 4337
INFO  :    TOTAL_LAUNCHED_TASKS: 33168
INFO  :    DATA_LOCAL_TASKS: 1056
INFO  :    AM_CPU_MILLISECONDS: 232190
INFO  :    AM_GC_TIME_MILLIS: 4069
INFO  : File System Counters:
INFO  :    FILE_BYTES_READ: 24932214564
INFO  :    FILE_BYTES_WRITTEN: 3023850267
INFO  :    FILE_READ_OPS: 0
INFO  :    FILE_LARGE_READ_OPS: 0
INFO  :    FILE_WRITE_OPS: 0
INFO  :    HDFS_BYTES_READ: 47734784589
INFO  :    HDFS_BYTES_WRITTEN: 7289
INFO  :    HDFS_READ_OPS: 3774
INFO  :    HDFS_LARGE_READ_OPS: 0
INFO  :    HDFS_WRITE_OPS: 2
INFO  : org.apache.tez.common.counters.TaskCounter:
INFO  :    REDUCE_INPUT_GROUPS: 2447243
INFO  :    REDUCE_INPUT_RECORDS: 2447243
INFO  :    COMBINE_INPUT_RECORDS: 0
INFO  :    SPILLED_RECORDS: 5041943
INFO  :    NUM_SHUFFLED_INPUTS: 3148160
INFO  :    NUM_SKIPPED_INPUTS: 101140
INFO  :    NUM_FAILED_SHUFFLE_INPUTS: 1
INFO  :    MERGED_MAP_OUTPUTS: 7540100
INFO  :    INPUT_RECORDS_PROCESSED: 168125062
INFO  :    INPUT_SPLIT_LENGTH_BYTES: 269018383549
INFO  :    OUTPUT_RECORDS: 165679190
INFO  :    OUTPUT_LARGE_RECORDS: 0
INFO  :    OUTPUT_BYTES: 3589056162
INFO  :    OUTPUT_BYTES_WITH_OVERHEAD: 5820738796
INFO  :    OUTPUT_BYTES_PHYSICAL: 2999357419
INFO  :    ADDITIONAL_SPILLS_BYTES_WRITTEN: 4322596
INFO  :    ADDITIONAL_SPILLS_BYTES_READ: 84911871
INFO  :    ADDITIONAL_SPILL_COUNT: 0
INFO  :    SHUFFLE_CHUNK_COUNT: 2018
INFO  :    SHUFFLE_BYTES: 2941344451
INFO  :    SHUFFLE_BYTES_DECOMPRESSED: 3939424350
INFO  :    SHUFFLE_BYTES_TO_MEM: 2618058572
INFO  :    SHUFFLE_BYTES_TO_DISK: 0
INFO  :    SHUFFLE_BYTES_DISK_DIRECT: 323285879
INFO  :    NUM_MEM_TO_DISK_MERGES: 0
INFO  :    NUM_DISK_TO_DISK_MERGES: 633
INFO  :    SHUFFLE_PHASE_TIME: 52354430
INFO  :    MERGE_PHASE_TIME: 2464211
INFO  :    FIRST_EVENT_RECEIVED: 202648
INFO  :    LAST_EVENT_RECEIVED: 37260459
INFO  : HIVE:
INFO  :    CREATED_FILES: 1
INFO  :    DESERIALIZE_ERRORS: 0
INFO  :    RECORDS_IN_Map_1: 4745374112
INFO  :    RECORDS_IN_Map_10: 32500000
INFO  :    RECORDS_IN_Map_11: 65000000
INFO  :    RECORDS_IN_Map_12: 32500000
INFO  :    RECORDS_IN_Map_7: 10000
INFO  :    RECORDS_IN_Map_8: 1500
INFO  :    RECORDS_IN_Map_9: 7200
INFO  :    RECORDS_OUT_0: 100
INFO  :    RECORDS_OUT_INTERMEDIATE_Map_1: 28537103
INFO  :    RECORDS_OUT_INTERMEDIATE_Map_10: 32500000
INFO  :    RECORDS_OUT_INTERMEDIATE_Map_11: 65000000
INFO  :    RECORDS_OUT_INTERMEDIATE_Map_12: 32500000
INFO  :    RECORDS_OUT_INTERMEDIATE_Map_7: 314
INFO  :    RECORDS_OUT_INTERMEDIATE_Map_8: 44
INFO  :    RECORDS_OUT_INTERMEDIATE_Map_9: 1800
INFO  :    RECORDS_OUT_INTERMEDIATE_Reducer_2: 2346343
INFO  :    RECORDS_OUT_INTERMEDIATE_Reducer_3: 2346343
INFO  :    RECORDS_OUT_INTERMEDIATE_Reducer_4: 2346343
INFO  :    RECORDS_OUT_INTERMEDIATE_Reducer_5: 100900
INFO  : Shuffle Errors:
INFO  :    BAD_ID: 0
INFO  :    CONNECTION: 0
INFO  :    IO_ERROR: 0
INFO  :    WRONG_LENGTH: 0
INFO  :    WRONG_MAP: 0
INFO  :    WRONG_REDUCE: 0
INFO  : Shuffle Errors_Reducer_3_INPUT_Reducer_2:
INFO  :    BAD_ID: 0
INFO  :    CONNECTION: 0
INFO  :    IO_ERROR: 0
INFO  :    WRONG_LENGTH: 0
INFO  :    WRONG_MAP: 0
INFO  :    WRONG_REDUCE: 0
INFO  : Shuffle Errors_Reducer_6_INPUT_Reducer_5:
INFO  :    BAD_ID: 0
INFO  :    CONNECTION: 0
INFO  :    IO_ERROR: 0
INFO  :    WRONG_LENGTH: 0
INFO  :    WRONG_MAP: 0
INFO  :    WRONG_REDUCE: 0
INFO  : TaskCounter_Map_10_INPUT_customer_address:
INFO  :    INPUT_RECORDS_PROCESSED: 32664
INFO  :    INPUT_SPLIT_LENGTH_BYTES: 663550675
INFO  : TaskCounter_Map_10_OUTPUT_Reducer_2:
INFO  :    ADDITIONAL_SPILLS_BYTES_READ: 0
INFO  :    ADDITIONAL_SPILLS_BYTES_WRITTEN: 0
INFO  :    ADDITIONAL_SPILL_COUNT: 0
INFO  :    OUTPUT_BYTES: 509736315
INFO  :    OUTPUT_BYTES_PHYSICAL: 413212134
INFO  :    OUTPUT_BYTES_WITH_OVERHEAD: 949888104
INFO  :    OUTPUT_LARGE_RECORDS: 0
INFO  :    OUTPUT_RECORDS: 32500000
INFO  :    SPILLED_RECORDS: 0
INFO  : TaskCounter_Map_11_INPUT_customer:
INFO  :    INPUT_RECORDS_PROCESSED: 65001
INFO  :    INPUT_SPLIT_LENGTH_BYTES: 3528949144
INFO  : TaskCounter_Map_11_OUTPUT_Reducer_4:
INFO  :    ADDITIONAL_SPILLS_BYTES_READ: 0
INFO  :    ADDITIONAL_SPILLS_BYTES_WRITTEN: 0
INFO  :    ADDITIONAL_SPILL_COUNT: 0
INFO  :    OUTPUT_BYTES: 1561933780
INFO  :    OUTPUT_BYTES_PHYSICAL: 1485223830
INFO  :    OUTPUT_BYTES_WITH_OVERHEAD: 2439126923
INFO  :    OUTPUT_LARGE_RECORDS: 0
INFO  :    OUTPUT_RECORDS: 65000000
INFO  :    SPILLED_RECORDS: 0
INFO  : TaskCounter_Map_12_INPUT_customer_address:
INFO  :    INPUT_RECORDS_PROCESSED: 32664
INFO  :    INPUT_SPLIT_LENGTH_BYTES: 663550675
INFO  : TaskCounter_Map_12_OUTPUT_Reducer_5:
INFO  :    ADDITIONAL_SPILLS_BYTES_READ: 0
INFO  :    ADDITIONAL_SPILLS_BYTES_WRITTEN: 0
INFO  :    ADDITIONAL_SPILL_COUNT: 0
INFO  :    OUTPUT_BYTES: 509736315
INFO  :    OUTPUT_BYTES_PHYSICAL: 413212134
INFO  :    OUTPUT_BYTES_WITH_OVERHEAD: 949888104
INFO  :    OUTPUT_LARGE_RECORDS: 0
INFO  :    OUTPUT_RECORDS: 32500000
INFO  :    SPILLED_RECORDS: 0
INFO  : TaskCounter_Map_1_INPUT_Map_7:
INFO  :    FIRST_EVENT_RECEIVED: 1619
INFO  :    INPUT_RECORDS_PROCESSED: 2826
INFO  :    LAST_EVENT_RECEIVED: 1619
INFO  :    NUM_FAILED_SHUFFLE_INPUTS: 0
INFO  :    NUM_SHUFFLED_INPUTS: 9
INFO  :    SHUFFLE_BYTES: 10872
INFO  :    SHUFFLE_BYTES_DECOMPRESSED: 19836
INFO  :    SHUFFLE_BYTES_DISK_DIRECT: 1208
INFO  :    SHUFFLE_BYTES_TO_DISK: 0
INFO  :    SHUFFLE_BYTES_TO_MEM: 9664
INFO  :    SHUFFLE_PHASE_TIME: 2885
INFO  : TaskCounter_Map_1_INPUT_Map_8:
INFO  :    FIRST_EVENT_RECEIVED: 401
INFO  :    INPUT_RECORDS_PROCESSED: 396
INFO  :    LAST_EVENT_RECEIVED: 401
INFO  :    NUM_FAILED_SHUFFLE_INPUTS: 0
INFO  :    NUM_SHUFFLED_INPUTS: 9
INFO  :    SHUFFLE_BYTES: 1863
INFO  :    SHUFFLE_BYTES_DECOMPRESSED: 2826
INFO  :    SHUFFLE_BYTES_DISK_DIRECT: 207
INFO  :    SHUFFLE_BYTES_TO_DISK: 0
INFO  :    SHUFFLE_BYTES_TO_MEM: 1656
INFO  :    SHUFFLE_PHASE_TIME: 5991
INFO  : TaskCounter_Map_1_INPUT_Map_9:
INFO  :    FIRST_EVENT_RECEIVED: 113
INFO  :    INPUT_RECORDS_PROCESSED: 16200
INFO  :    LAST_EVENT_RECEIVED: 113
INFO  :    NUM_FAILED_SHUFFLE_INPUTS: 0
INFO  :    NUM_SHUFFLED_INPUTS: 9
INFO  :    SHUFFLE_BYTES: 65952
INFO  :    SHUFFLE_BYTES_DECOMPRESSED: 113454
INFO  :    SHUFFLE_BYTES_DISK_DIRECT: 7328
INFO  :    SHUFFLE_BYTES_TO_DISK: 0
INFO  :    SHUFFLE_BYTES_TO_MEM: 58624
INFO  :    SHUFFLE_PHASE_TIME: 1296
INFO  : TaskCounter_Map_1_INPUT_store_sales:
INFO  :    INPUT_RECORDS_PROCESSED: 4745502
INFO  :    INPUT_SPLIT_LENGTH_BYTES: 264161445309
INFO  : TaskCounter_Map_1_OUTPUT_Reducer_2:
INFO  :    ADDITIONAL_SPILLS_BYTES_READ: 0
INFO  :    ADDITIONAL_SPILLS_BYTES_WRITTEN: 0
INFO  :    ADDITIONAL_SPILL_COUNT: 0
INFO  :    OUTPUT_BYTES: 691221183
INFO  :    OUTPUT_BYTES_PHYSICAL: 290146228
INFO  :    OUTPUT_BYTES_WITH_OVERHEAD: 1091184726
INFO  :    OUTPUT_LARGE_RECORDS: 0
INFO  :    OUTPUT_RECORDS: 28537103
INFO  :    SPILLED_RECORDS: 0
INFO  : TaskCounter_Map_7_INPUT_date_dim:
INFO  :    INPUT_RECORDS_PROCESSED: 10
INFO  :    INPUT_SPLIT_LENGTH_BYTES: 759177
INFO  : TaskCounter_Map_7_OUTPUT_Map_1:
INFO  :    ADDITIONAL_SPILLS_BYTES_READ: 0
INFO  :    ADDITIONAL_SPILLS_BYTES_WRITTEN: 0
INFO  :    ADDITIONAL_SPILL_COUNT: 0
INFO  :    OUTPUT_BYTES: 1570
INFO  :    OUTPUT_BYTES_PHYSICAL: 1232
INFO  :    OUTPUT_BYTES_WITH_OVERHEAD: 2204
INFO  :    OUTPUT_LARGE_RECORDS: 0
INFO  :    OUTPUT_RECORDS: 314
INFO  :    SPILLED_RECORDS: 0
INFO  : TaskCounter_Map_8_INPUT_store:
INFO  :    INPUT_RECORDS_PROCESSED: 2
INFO  :    INPUT_SPLIT_LENGTH_BYTES: 127422
INFO  : TaskCounter_Map_8_OUTPUT_Map_1:
INFO  :    ADDITIONAL_SPILLS_BYTES_READ: 0
INFO  :    ADDITIONAL_SPILLS_BYTES_WRITTEN: 0
INFO  :    ADDITIONAL_SPILL_COUNT: 0
INFO  :    OUTPUT_BYTES: 220
INFO  :    OUTPUT_BYTES_PHYSICAL: 231
INFO  :    OUTPUT_BYTES_WITH_OVERHEAD: 314
INFO  :    OUTPUT_LARGE_RECORDS: 0
INFO  :    OUTPUT_RECORDS: 44
INFO  :    SPILLED_RECORDS: 0
INFO  : TaskCounter_Map_9_INPUT_household_demographics:
INFO  :    INPUT_RECORDS_PROCESSED: 8
INFO  :    INPUT_SPLIT_LENGTH_BYTES: 1147
INFO  : TaskCounter_Map_9_OUTPUT_Map_1:
INFO  :    ADDITIONAL_SPILLS_BYTES_READ: 0
INFO  :    ADDITIONAL_SPILLS_BYTES_WRITTEN: 0
INFO  :    ADDITIONAL_SPILL_COUNT: 0
INFO  :    OUTPUT_BYTES: 9000
INFO  :    OUTPUT_BYTES_PHYSICAL: 7352
INFO  :    OUTPUT_BYTES_WITH_OVERHEAD: 12606
INFO  :    OUTPUT_LARGE_RECORDS: 0
INFO  :    OUTPUT_RECORDS: 1800
INFO  :    SPILLED_RECORDS: 0
INFO  : TaskCounter_Reducer_2_INPUT_Map_1:
INFO  :    FIRST_EVENT_RECEIVED: 15447
INFO  :    INPUT_RECORDS_PROCESSED: 28537103
INFO  :    LAST_EVENT_RECEIVED: 3642699
INFO  :    NUM_FAILED_SHUFFLE_INPUTS: 0
INFO  :    NUM_SHUFFLED_INPUTS: 328176
INFO  :    SHUFFLE_BYTES: 282251812
INFO  :    SHUFFLE_BYTES_DECOMPRESSED: 750264445
INFO  :    SHUFFLE_BYTES_DISK_DIRECT: 31340161
INFO  :    SHUFFLE_BYTES_TO_DISK: 0
INFO  :    SHUFFLE_BYTES_TO_MEM: 250911651
INFO  :    SHUFFLE_PHASE_TIME: 4956428
INFO  : TaskCounter_Reducer_2_INPUT_Map_10:
INFO  :    FIRST_EVENT_RECEIVED: 21126
INFO  :    INPUT_RECORDS_PROCESSED: 32500000
INFO  :    LAST_EVENT_RECEIVED: 70229
INFO  :    NUM_FAILED_SHUFFLE_INPUTS: 0
INFO  :    NUM_SHUFFLED_INPUTS: 225007
INFO  :    SHUFFLE_BYTES: 407811966
INFO  :    SHUFFLE_BYTES_DECOMPRESSED: 576086357
INFO  :    SHUFFLE_BYTES_DISK_DIRECT: 45010249
INFO  :    SHUFFLE_BYTES_TO_DISK: 0
INFO  :    SHUFFLE_BYTES_TO_MEM: 362801717
INFO  :    SHUFFLE_PHASE_TIME: 1957010
INFO  : TaskCounter_Reducer_2_OUTPUT_Reducer_3:
INFO  :    ADDITIONAL_SPILLS_BYTES_READ: 0
INFO  :    ADDITIONAL_SPILLS_BYTES_WRITTEN: 0
INFO  :    ADDITIONAL_SPILL_COUNT: 0
INFO  :    OUTPUT_BYTES: 102492470
INFO  :    OUTPUT_BYTES_PHYSICAL: 126189875
INFO  :    OUTPUT_BYTES_WITH_OVERHEAD: 113293642
INFO  :    OUTPUT_RECORDS: 2346343
INFO  :    SHUFFLE_CHUNK_COUNT: 1009
INFO  :    SPILLED_RECORDS: 2346343
INFO  : TaskCounter_Reducer_3_INPUT_Reducer_2:
INFO  :    ADDITIONAL_SPILLS_BYTES_READ: 81727831
INFO  :    ADDITIONAL_SPILLS_BYTES_WRITTEN: 4322596
INFO  :    COMBINE_INPUT_RECORDS: 0
INFO  :    FIRST_EVENT_RECEIVED: 3141
INFO  :    LAST_EVENT_RECEIVED: 1784677
INFO  :    MERGED_MAP_OUTPUTS: 7539091
INFO  :    MERGE_PHASE_TIME: 2402278
INFO  :    NUM_DISK_TO_DISK_MERGES: 633
INFO  :    NUM_FAILED_SHUFFLE_INPUTS: 0
INFO  :    NUM_MEM_TO_DISK_MERGES: 0
INFO  :    NUM_SHUFFLED_INPUTS: 916941
INFO  :    NUM_SKIPPED_INPUTS: 101140
INFO  :    REDUCE_INPUT_GROUPS: 2346343
INFO  :    REDUCE_INPUT_RECORDS: 2346343
INFO  :    SHUFFLE_BYTES: 124167075
INFO  :    SHUFFLE_BYTES_DECOMPRESSED: 112686802
INFO  :    SHUFFLE_BYTES_DISK_DIRECT: 13378183
INFO  :    SHUFFLE_BYTES_TO_DISK: 0
INFO  :    SHUFFLE_BYTES_TO_MEM: 110788892
INFO  :    SHUFFLE_PHASE_TIME: 2358482
INFO  :    SPILLED_RECORDS: 2490800
INFO  : TaskCounter_Reducer_3_OUTPUT_Reducer_4:
INFO  :    ADDITIONAL_SPILLS_BYTES_READ: 0
INFO  :    ADDITIONAL_SPILLS_BYTES_WRITTEN: 0
INFO  :    ADDITIONAL_SPILL_COUNT: 0
INFO  :    OUTPUT_BYTES: 88395676
INFO  :    OUTPUT_BYTES_PHYSICAL: 100799161
INFO  :    OUTPUT_BYTES_WITH_OVERHEAD: 119929281
INFO  :    OUTPUT_LARGE_RECORDS: 0
INFO  :    OUTPUT_RECORDS: 2346343
INFO  :    SPILLED_RECORDS: 0
INFO  : TaskCounter_Reducer_4_INPUT_Map_11:
INFO  :    FIRST_EVENT_RECEIVED: 31435
INFO  :    INPUT_RECORDS_PROCESSED: 65000000
INFO  :    LAST_EVENT_RECEIVED: 131502
INFO  :    NUM_FAILED_SHUFFLE_INPUTS: 0
INFO  :    NUM_SHUFFLED_INPUTS: 283529
INFO  :    SHUFFLE_BYTES: 1478419134
INFO  :    SHUFFLE_BYTES_DECOMPRESSED: 1693634954
INFO  :    SHUFFLE_BYTES_DISK_DIRECT: 162024030
INFO  :    SHUFFLE_BYTES_TO_DISK: 0
INFO  :    SHUFFLE_BYTES_TO_MEM: 1316395104
INFO  :    SHUFFLE_PHASE_TIME: 4275203
INFO  : TaskCounter_Reducer_4_INPUT_Reducer_3:
INFO  :    FIRST_EVENT_RECEIVED: 25354
INFO  :    INPUT_RECORDS_PROCESSED: 2346343
INFO  :    LAST_EVENT_RECEIVED: 26503953
INFO  :    NUM_FAILED_SHUFFLE_INPUTS: 0
INFO  :    NUM_SHUFFLED_INPUTS: 255147
INFO  :    SHUFFLE_BYTES: 94672513
INFO  :    SHUFFLE_BYTES_DECOMPRESSED: 94619244
INFO  :    SHUFFLE_BYTES_DISK_DIRECT: 10338706
INFO  :    SHUFFLE_BYTES_TO_DISK: 0
INFO  :    SHUFFLE_BYTES_TO_MEM: 84333807
INFO  :    SHUFFLE_PHASE_TIME: 28222543
INFO  : TaskCounter_Reducer_4_OUTPUT_Reducer_5:
INFO  :    ADDITIONAL_SPILLS_BYTES_READ: 0
INFO  :    ADDITIONAL_SPILLS_BYTES_WRITTEN: 0
INFO  :    ADDITIONAL_SPILL_COUNT: 0
INFO  :    OUTPUT_BYTES: 120181761
INFO  :    OUTPUT_BYTES_PHYSICAL: 166714532
INFO  :    OUTPUT_BYTES_WITH_OVERHEAD: 151857166
INFO  :    OUTPUT_LARGE_RECORDS: 0
INFO  :    OUTPUT_RECORDS: 2346343
INFO  :    SPILLED_RECORDS: 0
INFO  : TaskCounter_Reducer_5_INPUT_Map_12:
INFO  :    FIRST_EVENT_RECEIVED: 54412
INFO  :    INPUT_RECORDS_PROCESSED: 32500000
INFO  :    LAST_EVENT_RECEIVED: 88769
INFO  :    NUM_FAILED_SHUFFLE_INPUTS: 0
INFO  :    NUM_SHUFFLED_INPUTS: 225007
INFO  :    SHUFFLE_BYTES: 407811966
INFO  :    SHUFFLE_BYTES_DECOMPRESSED: 576086357
INFO  :    SHUFFLE_BYTES_DISK_DIRECT: 44928085
INFO  :    SHUFFLE_BYTES_TO_DISK: 0
INFO  :    SHUFFLE_BYTES_TO_MEM: 362883881
INFO  :    SHUFFLE_PHASE_TIME: 1733232
INFO  : TaskCounter_Reducer_5_INPUT_Reducer_4:
INFO  :    FIRST_EVENT_RECEIVED: 49599
INFO  :    INPUT_RECORDS_PROCESSED: 2346343
INFO  :    LAST_EVENT_RECEIVED: 4974686
INFO  :    NUM_FAILED_SHUFFLE_INPUTS: 1
INFO  :    NUM_SHUFFLED_INPUTS: 913317
INFO  :    SHUFFLE_BYTES: 142280588
INFO  :    SHUFFLE_BYTES_DECOMPRESSED: 130354349
INFO  :    SHUFFLE_BYTES_DISK_DIRECT: 15765429
INFO  :    SHUFFLE_BYTES_TO_DISK: 0
INFO  :    SHUFFLE_BYTES_TO_MEM: 126515159
INFO  :    SHUFFLE_PHASE_TIME: 8779547
INFO  : TaskCounter_Reducer_5_OUTPUT_Reducer_6:
INFO  :    ADDITIONAL_SPILLS_BYTES_READ: 0
INFO  :    ADDITIONAL_SPILLS_BYTES_WRITTEN: 0
INFO  :    ADDITIONAL_SPILL_COUNT: 0
INFO  :    OUTPUT_BYTES: 5347872
INFO  :    OUTPUT_BYTES_PHYSICAL: 3850710
INFO  :    OUTPUT_BYTES_WITH_OVERHEAD: 5555726
INFO  :    OUTPUT_RECORDS: 100900
INFO  :    SHUFFLE_CHUNK_COUNT: 1009
INFO  :    SPILLED_RECORDS: 100900
INFO  : TaskCounter_Reducer_6_INPUT_Reducer_5:
INFO  :    ADDITIONAL_SPILLS_BYTES_READ: 3184040
INFO  :    ADDITIONAL_SPILLS_BYTES_WRITTEN: 0
INFO  :    COMBINE_INPUT_RECORDS: 0
INFO  :    FIRST_EVENT_RECEIVED: 1
INFO  :    LAST_EVENT_RECEIVED: 61811
INFO  :    MERGED_MAP_OUTPUTS: 1009
INFO  :    MERGE_PHASE_TIME: 61933
INFO  :    NUM_DISK_TO_DISK_MERGES: 0
INFO  :    NUM_FAILED_SHUFFLE_INPUTS: 0
INFO  :    NUM_MEM_TO_DISK_MERGES: 0
INFO  :    NUM_SHUFFLED_INPUTS: 1009
INFO  :    NUM_SKIPPED_INPUTS: 0
INFO  :    REDUCE_INPUT_GROUPS: 100900
INFO  :    REDUCE_INPUT_RECORDS: 100900
INFO  :    SHUFFLE_BYTES: 3850710
INFO  :    SHUFFLE_BYTES_DECOMPRESSED: 5555726
INFO  :    SHUFFLE_BYTES_DISK_DIRECT: 492293
INFO  :    SHUFFLE_BYTES_TO_DISK: 0
INFO  :    SHUFFLE_BYTES_TO_MEM: 3358417
INFO  :    SHUFFLE_PHASE_TIME: 61813
INFO  :    SPILLED_RECORDS: 103900
INFO  : TaskCounter_Reducer_6_OUTPUT_out_Reducer_6:
INFO  :    OUTPUT_RECORDS: 0
INFO  : org.apache.hadoop.hive.llap.counters.LlapIOCounters:
INFO  :    ALLOCATED_BYTES: 95980355584
INFO  :    ALLOCATED_USED_BYTES: 84919724659
INFO  :    CACHE_HIT_BYTES: 9438759016
INFO  :    CACHE_MISS_BYTES: 47640479417
INFO  :    CONSUMER_TIME_NS: 4010447853550
INFO  :    DECODE_TIME_NS: 1344151360830
INFO  :    HDFS_TIME_NS: 1972321642411
INFO  :    METADATA_CACHE_HIT: 2579
INFO  :    METADATA_CACHE_MISS: 5994
INFO  :    NUM_DECODED_BATCHES: 489588
INFO  :    NUM_VECTOR_BATCHES: 4875852
INFO  :    ROWS_EMITTED: 4875392812
INFO  :    SELECTED_ROWGROUPS: 489588
INFO  :    TOTAL_IO_TIME_NS: 5020267833223
INFO  : Completed executing command(queryId=hive_20161020163611_b15ce440-e9ef-453e-a2b3-9b545ca70838); Time taken: 183.644 seconds
INFO  : OK
100 rows selected (184.52 seconds)
Closing: 0: jdbc:hive2://h01hn02:10500/tpcds_bin_partitioned_orc_10000
