Connecting to jdbc:hive2://h01hn02:10500/tpcds_bin_partitioned_orc_10000
Connected to: Apache Hive (version 2.1.0.2.5.1.0-43)
Driver: Hive JDBC (version 1.2.1000.2.5.1.0-43)
Transaction isolation: TRANSACTION_REPEATABLE_READ
Running init script bry.sql
No rows affected (0.045 seconds)
No rows affected (0.002 seconds)
INFO  : Compiling command(queryId=hive_20161017164910_484013d0-b600-4721-920c-9c5eb1365e43): select  i_brand_id brand_id, i_brand brand, i_manufact_id, i_manufact,
 	sum(ss_ext_sales_price) ext_price
 from date_dim, store_sales, item,customer,customer_address,store
 where date_dim.d_date_sk = store_sales.ss_sold_date_sk
   and store_sales.ss_item_sk = item.i_item_sk
   and i_manager_id=7
   and d_moy=11
   and d_year=1999
   and store_sales.ss_customer_sk = customer.c_customer_sk 
   and customer.c_current_addr_sk = customer_address.ca_address_sk
   and substr(ca_zip,1,5) <> substr(s_zip,1,5) 
   and store_sales.ss_store_sk = store.s_store_sk 
 group by i_brand
      ,i_brand_id
      ,i_manufact_id
      ,i_manufact
 order by ext_price desc
         ,i_brand
         ,i_brand_id
         ,i_manufact_id
         ,i_manufact
limit 100
INFO  : Semantic Analysis Completed
INFO  : Returning Hive schema: Schema(fieldSchemas:[FieldSchema(name:brand_id, type:int, comment:null), FieldSchema(name:brand, type:string, comment:null), FieldSchema(name:i_manufact_id, type:int, comment:null), FieldSchema(name:i_manufact, type:string, comment:null), FieldSchema(name:ext_price, type:double, comment:null)], properties:null)
INFO  : Completed compiling command(queryId=hive_20161017164910_484013d0-b600-4721-920c-9c5eb1365e43); Time taken: 0.786 seconds
INFO  : Concurrency mode is disabled, not creating a lock manager
INFO  : Executing command(queryId=hive_20161017164910_484013d0-b600-4721-920c-9c5eb1365e43): select  i_brand_id brand_id, i_brand brand, i_manufact_id, i_manufact,
 	sum(ss_ext_sales_price) ext_price
 from date_dim, store_sales, item,customer,customer_address,store
 where date_dim.d_date_sk = store_sales.ss_sold_date_sk
   and store_sales.ss_item_sk = item.i_item_sk
   and i_manager_id=7
   and d_moy=11
   and d_year=1999
   and store_sales.ss_customer_sk = customer.c_customer_sk 
   and customer.c_current_addr_sk = customer_address.ca_address_sk
   and substr(ca_zip,1,5) <> substr(s_zip,1,5) 
   and store_sales.ss_store_sk = store.s_store_sk 
 group by i_brand
      ,i_brand_id
      ,i_manufact_id
      ,i_manufact
 order by ext_price desc
         ,i_brand
         ,i_brand_id
         ,i_manufact_id
         ,i_manufact
limit 100
INFO  : Query ID = hive_20161017164910_484013d0-b600-4721-920c-9c5eb1365e43
INFO  : Total jobs = 1
INFO  : Launching Job 1 out of 1
INFO  : Starting task [Stage-1:MAPRED] in serial mode
INFO  : Session is already open
INFO  : Dag name: select  i_brand_id brand_id, i_brand b...100(Stage-1)
INFO  : Setting tez.task.scale.memory.reserve-fraction to 0.30000001192092896
INFO  : Setting tez.task.scale.memory.reserve-fraction to 0.30000001192092896
INFO  : Setting tez.task.scale.memory.reserve-fraction to 0.30000001192092896
INFO  : Tez session was closed. Reopening...
INFO  : Session re-established.
INFO  : 

INFO  : Status: Running (Executing on YARN cluster with App id application_1476716628816_0102)

INFO  : Map 1: 0/1	Map 10: 0/1	Map 2: -/-	Map 7: 0/7	Map 8: 0/113	Map 9: 0/49	Reducer 3: 0/1009	Reducer 4: 0/1009	Reducer 5: 0/1009	Reducer 6: 0/1	
INFO  : Map 1: 0(+1)/1	Map 10: 0(+1)/1	Map 2: -/-	Map 7: 0(+1)/7	Map 8: 0(+1)/113	Map 9: 0(+1)/49	Reducer 3: 0/1009	Reducer 4: 0/1009	Reducer 5: 0/1009	Reducer 6: 0/1	
INFO  : Map 1: 1/1	Map 10: 1/1	Map 2: -/-	Map 7: 2(+5)/7	Map 8: 0(+113)/113	Map 9: 0(+49)/49	Reducer 3: 0/1009	Reducer 4: 0/1009	Reducer 5: 0/1009	Reducer 6: 0/1	
INFO  : Map 1: 1/1	Map 10: 1/1	Map 2: 0(+2)/182	Map 7: 5(+2)/7	Map 8: 0(+113)/113	Map 9: 0(+49)/49	Reducer 3: 0/1009	Reducer 4: 0/1009	Reducer 5: 0/1009	Reducer 6: 0/1	
INFO  : Map 1: 1/1	Map 10: 1/1	Map 2: 0(+8)/182	Map 7: 7/7	Map 8: 0(+113)/113	Map 9: 0(+48)/49	Reducer 3: 0/1009	Reducer 4: 0/1009	Reducer 5: 0/1009	Reducer 6: 0/1	
INFO  : Map 1: 1/1	Map 10: 1/1	Map 2: 0(+181)/182	Map 7: 7/7	Map 8: 0(+113)/113	Map 9: 2(+47)/49	Reducer 3: 0/1009	Reducer 4: 0/1009	Reducer 5: 0/1009	Reducer 6: 0/1	
INFO  : Map 1: 1/1	Map 10: 1/1	Map 2: 0(+181)/182	Map 7: 7/7	Map 8: 12(+101)/113	Map 9: 2(+47)/49	Reducer 3: 0/1009	Reducer 4: 0/1009	Reducer 5: 0/1009	Reducer 6: 0/1	
INFO  : Map 1: 1/1	Map 10: 1/1	Map 2: 0(+181)/182	Map 7: 7/7	Map 8: 25(+88)/113	Map 9: 3(+46)/49	Reducer 3: 0/1009	Reducer 4: 0/1009	Reducer 5: 0/1009	Reducer 6: 0/1	
INFO  : Map 1: 1/1	Map 10: 1/1	Map 2: 0(+181)/182	Map 7: 7/7	Map 8: 26(+87)/113	Map 9: 10(+39)/49	Reducer 3: 0/1009	Reducer 4: 0/1009	Reducer 5: 0/1009	Reducer 6: 0/1	
INFO  : Map 1: 1/1	Map 10: 1/1	Map 2: 0(+181)/182	Map 7: 7/7	Map 8: 28(+85)/113	Map 9: 14(+35)/49	Reducer 3: 0/1009	Reducer 4: 0/1009	Reducer 5: 0/1009	Reducer 6: 0/1	
INFO  : Map 1: 1/1	Map 10: 1/1	Map 2: 1(+180)/182	Map 7: 7/7	Map 8: 55(+58)/113	Map 9: 18(+31)/49	Reducer 3: 0/1009	Reducer 4: 0/1009	Reducer 5: 0/1009	Reducer 6: 0/1	
INFO  : Map 1: 1/1	Map 10: 1/1	Map 2: 4(+177)/182	Map 7: 7/7	Map 8: 83(+30)/113	Map 9: 33(+16)/49	Reducer 3: 0/1009	Reducer 4: 0/1009	Reducer 5: 0/1009	Reducer 6: 0/1	
INFO  : Map 1: 1/1	Map 10: 1/1	Map 2: 9(+172)/182	Map 7: 7/7	Map 8: 97(+16)/113	Map 9: 38(+11)/49	Reducer 3: 0/1009	Reducer 4: 0/1009	Reducer 5: 0/1009	Reducer 6: 0/1	
INFO  : Map 1: 1/1	Map 10: 1/1	Map 2: 18(+163)/182	Map 7: 7/7	Map 8: 99(+14)/113	Map 9: 42(+7)/49	Reducer 3: 0/1009	Reducer 4: 0/1009	Reducer 5: 0/1009	Reducer 6: 0/1	
INFO  : Map 1: 1/1	Map 10: 1/1	Map 2: 28(+153)/182	Map 7: 7/7	Map 8: 99(+14)/113	Map 9: 42(+7)/49	Reducer 3: 0/1009	Reducer 4: 0/1009	Reducer 5: 0/1009	Reducer 6: 0/1	
INFO  : Map 1: 1/1	Map 10: 1/1	Map 2: 35(+146)/182	Map 7: 7/7	Map 8: 99(+14)/113	Map 9: 42(+7)/49	Reducer 3: 0/1009	Reducer 4: 0/1009	Reducer 5: 0/1009	Reducer 6: 0/1	
INFO  : Map 1: 1/1	Map 10: 1/1	Map 2: 51(+129)/182	Map 7: 7/7	Map 8: 99(+14)/113	Map 9: 42(+7)/49	Reducer 3: 0/1009	Reducer 4: 0/1009	Reducer 5: 0/1009	Reducer 6: 0/1	
INFO  : Map 1: 1/1	Map 10: 1/1	Map 2: 71(+110)/182	Map 7: 7/7	Map 8: 99(+14)/113	Map 9: 42(+7)/49	Reducer 3: 0/1009	Reducer 4: 0/1009	Reducer 5: 0/1009	Reducer 6: 0/1	
INFO  : Map 1: 1/1	Map 10: 1/1	Map 2: 101(+80)/182	Map 7: 7/7	Map 8: 99(+14)/113	Map 9: 42(+7)/49	Reducer 3: 0/1009	Reducer 4: 0/1009	Reducer 5: 0/1009	Reducer 6: 0/1	
INFO  : Map 1: 1/1	Map 10: 1/1	Map 2: 114(+68)/182	Map 7: 7/7	Map 8: 99(+14)/113	Map 9: 43(+6)/49	Reducer 3: 0(+50)/1009	Reducer 4: 0/1009	Reducer 5: 0/1009	Reducer 6: 0/1	
INFO  : Map 1: 1/1	Map 10: 1/1	Map 2: 114(+68)/182	Map 7: 7/7	Map 8: 99(+14)/113	Map 9: 43(+6)/49	Reducer 3: 0(+66)/1009	Reducer 4: 0/1009	Reducer 5: 0/1009	Reducer 6: 0/1	
INFO  : Map 1: 1/1	Map 10: 1/1	Map 2: 116(+66)/182	Map 7: 7/7	Map 8: 99(+14)/113	Map 9: 43(+6)/49	Reducer 3: 0(+418)/1009	Reducer 4: 0/1009	Reducer 5: 0/1009	Reducer 6: 0/1	
INFO  : Map 1: 1/1	Map 10: 1/1	Map 2: 119(+63)/182	Map 7: 7/7	Map 8: 99(+14)/113	Map 9: 43(+6)/49	Reducer 3: 0(+422)/1009	Reducer 4: 0/1009	Reducer 5: 0/1009	Reducer 6: 0/1	
INFO  : Map 1: 1/1	Map 10: 1/1	Map 2: 121(+61)/182	Map 7: 7/7	Map 8: 101(+12)/113	Map 9: 43(+6)/49	Reducer 3: 0(+426)/1009	Reducer 4: 0/1009	Reducer 5: 0/1009	Reducer 6: 0/1	
INFO  : Map 1: 1/1	Map 10: 1/1	Map 2: 127(+55)/182	Map 7: 7/7	Map 8: 106(+7)/113	Map 9: 43(+6)/49	Reducer 3: 0(+437)/1009	Reducer 4: 0/1009	Reducer 5: 0/1009	Reducer 6: 0/1	
INFO  : Map 1: 1/1	Map 10: 1/1	Map 2: 131(+51)/182	Map 7: 7/7	Map 8: 113/113	Map 9: 48(+1)/49	Reducer 3: 0(+453)/1009	Reducer 4: 0/1009	Reducer 5: 0/1009	Reducer 6: 0/1	
INFO  : Map 1: 1/1	Map 10: 1/1	Map 2: 133(+49)/182	Map 7: 7/7	Map 8: 113/113	Map 9: 49/49	Reducer 3: 0(+456)/1009	Reducer 4: 0/1009	Reducer 5: 0/1009	Reducer 6: 0/1	
INFO  : Map 1: 1/1	Map 10: 1/1	Map 2: 136(+46)/182	Map 7: 7/7	Map 8: 113/113	Map 9: 49/49	Reducer 3: 0(+459)/1009	Reducer 4: 0/1009	Reducer 5: 0/1009	Reducer 6: 0/1	
INFO  : Map 1: 1/1	Map 10: 1/1	Map 2: 140(+42)/182	Map 7: 7/7	Map 8: 113/113	Map 9: 49/49	Reducer 3: 0(+463)/1009	Reducer 4: 0/1009	Reducer 5: 0/1009	Reducer 6: 0/1	
INFO  : Map 1: 1/1	Map 10: 1/1	Map 2: 143(+39)/182	Map 7: 7/7	Map 8: 113/113	Map 9: 49/49	Reducer 3: 0(+466)/1009	Reducer 4: 0/1009	Reducer 5: 0/1009	Reducer 6: 0/1	
INFO  : Map 1: 1/1	Map 10: 1/1	Map 2: 144(+38)/182	Map 7: 7/7	Map 8: 113/113	Map 9: 49/49	Reducer 3: 0(+467)/1009	Reducer 4: 0/1009	Reducer 5: 0/1009	Reducer 6: 0/1	
INFO  : Map 1: 1/1	Map 10: 1/1	Map 2: 146(+36)/182	Map 7: 7/7	Map 8: 113/113	Map 9: 49/49	Reducer 3: 0(+469)/1009	Reducer 4: 0/1009	Reducer 5: 0/1009	Reducer 6: 0/1	
INFO  : Map 1: 1/1	Map 10: 1/1	Map 2: 147(+35)/182	Map 7: 7/7	Map 8: 113/113	Map 9: 49/49	Reducer 3: 0(+470)/1009	Reducer 4: 0/1009	Reducer 5: 0/1009	Reducer 6: 0/1	
INFO  : Map 1: 1/1	Map 10: 1/1	Map 2: 147(+35)/182	Map 7: 7/7	Map 8: 113/113	Map 9: 49/49	Reducer 3: 0(+470)/1009	Reducer 4: 0/1009	Reducer 5: 0/1009	Reducer 6: 0/1	
INFO  : Map 1: 1/1	Map 10: 1/1	Map 2: 159(+23)/182	Map 7: 7/7	Map 8: 113/113	Map 9: 49/49	Reducer 3: 0(+482)/1009	Reducer 4: 0/1009	Reducer 5: 0/1009	Reducer 6: 0/1	
INFO  : Map 1: 1/1	Map 10: 1/1	Map 2: 170(+12)/182	Map 7: 7/7	Map 8: 113/113	Map 9: 49/49	Reducer 3: 0(+493)/1009	Reducer 4: 0/1009	Reducer 5: 0/1009	Reducer 6: 0/1	
INFO  : Map 1: 1/1	Map 10: 1/1	Map 2: 175(+7)/182	Map 7: 7/7	Map 8: 113/113	Map 9: 49/49	Reducer 3: 0(+498)/1009	Reducer 4: 0/1009	Reducer 5: 0/1009	Reducer 6: 0/1	
INFO  : Map 1: 1/1	Map 10: 1/1	Map 2: 180(+2)/182	Map 7: 7/7	Map 8: 113/113	Map 9: 49/49	Reducer 3: 0(+503)/1009	Reducer 4: 0/1009	Reducer 5: 0/1009	Reducer 6: 0/1	
INFO  : Map 1: 1/1	Map 10: 1/1	Map 2: 181(+1)/182	Map 7: 7/7	Map 8: 113/113	Map 9: 49/49	Reducer 3: 0(+504)/1009	Reducer 4: 0/1009	Reducer 5: 0/1009	Reducer 6: 0/1	
INFO  : Map 1: 1/1	Map 10: 1/1	Map 2: 182/182	Map 7: 7/7	Map 8: 113/113	Map 9: 49/49	Reducer 3: 0(+505)/1009	Reducer 4: 0/1009	Reducer 5: 0/1009	Reducer 6: 0/1	
INFO  : Map 1: 1/1	Map 10: 1/1	Map 2: 182/182	Map 7: 7/7	Map 8: 113/113	Map 9: 49/49	Reducer 3: 9(+505)/1009	Reducer 4: 0/1009	Reducer 5: 0/1009	Reducer 6: 0/1	
INFO  : Map 1: 1/1	Map 10: 1/1	Map 2: 182/182	Map 7: 7/7	Map 8: 113/113	Map 9: 49/49	Reducer 3: 19(+505)/1009	Reducer 4: 0/1009	Reducer 5: 0/1009	Reducer 6: 0/1	
INFO  : Map 1: 1/1	Map 10: 1/1	Map 2: 182/182	Map 7: 7/7	Map 8: 113/113	Map 9: 49/49	Reducer 3: 28(+505)/1009	Reducer 4: 0/1009	Reducer 5: 0/1009	Reducer 6: 0/1	
INFO  : Map 1: 1/1	Map 10: 1/1	Map 2: 182/182	Map 7: 7/7	Map 8: 113/113	Map 9: 49/49	Reducer 3: 98(+489)/1009	Reducer 4: 0/1009	Reducer 5: 0/1009	Reducer 6: 0/1	
INFO  : Map 1: 1/1	Map 10: 1/1	Map 2: 182/182	Map 7: 7/7	Map 8: 113/113	Map 9: 49/49	Reducer 3: 130(+509)/1009	Reducer 4: 0/1009	Reducer 5: 0/1009	Reducer 6: 0/1	
INFO  : Map 1: 1/1	Map 10: 1/1	Map 2: 182/182	Map 7: 7/7	Map 8: 113/113	Map 9: 49/49	Reducer 3: 146(+509)/1009	Reducer 4: 0/1009	Reducer 5: 0/1009	Reducer 6: 0/1	
INFO  : Map 1: 1/1	Map 10: 1/1	Map 2: 182/182	Map 7: 7/7	Map 8: 113/113	Map 9: 49/49	Reducer 3: 186(+512)/1009	Reducer 4: 0/1009	Reducer 5: 0/1009	Reducer 6: 0/1	
INFO  : Map 1: 1/1	Map 10: 1/1	Map 2: 182/182	Map 7: 7/7	Map 8: 113/113	Map 9: 49/49	Reducer 3: 186(+516)/1009	Reducer 4: 0/1009	Reducer 5: 0/1009	Reducer 6: 0/1	
INFO  : Map 1: 1/1	Map 10: 1/1	Map 2: 182/182	Map 7: 7/7	Map 8: 113/113	Map 9: 49/49	Reducer 3: 189(+516)/1009	Reducer 4: 0/1009	Reducer 5: 0/1009	Reducer 6: 0/1	
INFO  : Map 1: 1/1	Map 10: 1/1	Map 2: 182/182	Map 7: 7/7	Map 8: 113/113	Map 9: 49/49	Reducer 3: 193(+516)/1009	Reducer 4: 0/1009	Reducer 5: 0/1009	Reducer 6: 0/1	
INFO  : Map 1: 1/1	Map 10: 1/1	Map 2: 182/182	Map 7: 7/7	Map 8: 113/113	Map 9: 49/49	Reducer 3: 204(+516)/1009	Reducer 4: 0/1009	Reducer 5: 0/1009	Reducer 6: 0/1	
INFO  : Map 1: 1/1	Map 10: 1/1	Map 2: 182/182	Map 7: 7/7	Map 8: 113/113	Map 9: 49/49	Reducer 3: 243(+516)/1009	Reducer 4: 0/1009	Reducer 5: 0/1009	Reducer 6: 0/1	
INFO  : Map 1: 1/1	Map 10: 1/1	Map 2: 182/182	Map 7: 7/7	Map 8: 113/113	Map 9: 49/49	Reducer 3: 251(+516)/1009	Reducer 4: 0/1009	Reducer 5: 0/1009	Reducer 6: 0/1	
INFO  : Map 1: 1/1	Map 10: 1/1	Map 2: 182/182	Map 7: 7/7	Map 8: 113/113	Map 9: 49/49	Reducer 3: 257(+516)/1009	Reducer 4: 0/1009	Reducer 5: 0/1009	Reducer 6: 0/1	
INFO  : Map 1: 1/1	Map 10: 1/1	Map 2: 182/182	Map 7: 7/7	Map 8: 113/113	Map 9: 49/49	Reducer 3: 265(+516)/1009	Reducer 4: 0/1009	Reducer 5: 0/1009	Reducer 6: 0/1	
INFO  : Map 1: 1/1	Map 10: 1/1	Map 2: 182/182	Map 7: 7/7	Map 8: 113/113	Map 9: 49/49	Reducer 3: 271(+516)/1009	Reducer 4: 0/1009	Reducer 5: 0/1009	Reducer 6: 0/1	
INFO  : Map 1: 1/1	Map 10: 1/1	Map 2: 182/182	Map 7: 7/7	Map 8: 113/113	Map 9: 49/49	Reducer 3: 305(+508)/1009	Reducer 4: 0/1009	Reducer 5: 0/1009	Reducer 6: 0/1	
INFO  : Map 1: 1/1	Map 10: 1/1	Map 2: 182/182	Map 7: 7/7	Map 8: 113/113	Map 9: 49/49	Reducer 3: 338(+516)/1009	Reducer 4: 0/1009	Reducer 5: 0/1009	Reducer 6: 0/1	
INFO  : Map 1: 1/1	Map 10: 1/1	Map 2: 182/182	Map 7: 7/7	Map 8: 113/113	Map 9: 49/49	Reducer 3: 362(+516)/1009	Reducer 4: 0/1009	Reducer 5: 0/1009	Reducer 6: 0/1	
INFO  : Map 1: 1/1	Map 10: 1/1	Map 2: 182/182	Map 7: 7/7	Map 8: 113/113	Map 9: 49/49	Reducer 3: 368(+516)/1009	Reducer 4: 0/1009	Reducer 5: 0/1009	Reducer 6: 0/1	
INFO  : Map 1: 1/1	Map 10: 1/1	Map 2: 182/182	Map 7: 7/7	Map 8: 113/113	Map 9: 49/49	Reducer 3: 395(+516)/1009	Reducer 4: 0/1009	Reducer 5: 0/1009	Reducer 6: 0/1	
INFO  : Map 1: 1/1	Map 10: 1/1	Map 2: 182/182	Map 7: 7/7	Map 8: 113/113	Map 9: 49/49	Reducer 3: 407(+516)/1009	Reducer 4: 0/1009	Reducer 5: 0/1009	Reducer 6: 0/1	
INFO  : Map 1: 1/1	Map 10: 1/1	Map 2: 182/182	Map 7: 7/7	Map 8: 113/113	Map 9: 49/49	Reducer 3: 408(+516)/1009	Reducer 4: 0/1009	Reducer 5: 0/1009	Reducer 6: 0/1	
INFO  : Map 1: 1/1	Map 10: 1/1	Map 2: 182/182	Map 7: 7/7	Map 8: 113/113	Map 9: 49/49	Reducer 3: 409(+516)/1009	Reducer 4: 0/1009	Reducer 5: 0/1009	Reducer 6: 0/1	
INFO  : Map 1: 1/1	Map 10: 1/1	Map 2: 182/182	Map 7: 7/7	Map 8: 113/113	Map 9: 49/49	Reducer 3: 410(+516)/1009	Reducer 4: 0/1009	Reducer 5: 0/1009	Reducer 6: 0/1	
INFO  : Map 1: 1/1	Map 10: 1/1	Map 2: 182/182	Map 7: 7/7	Map 8: 113/113	Map 9: 49/49	Reducer 3: 418(+516)/1009	Reducer 4: 0/1009	Reducer 5: 0/1009	Reducer 6: 0/1	
INFO  : Map 1: 1/1	Map 10: 1/1	Map 2: 182/182	Map 7: 7/7	Map 8: 113/113	Map 9: 49/49	Reducer 3: 434(+516)/1009	Reducer 4: 0/1009	Reducer 5: 0/1009	Reducer 6: 0/1	
INFO  : Map 1: 1/1	Map 10: 1/1	Map 2: 182/182	Map 7: 7/7	Map 8: 113/113	Map 9: 49/49	Reducer 3: 442(+516)/1009	Reducer 4: 0/1009	Reducer 5: 0/1009	Reducer 6: 0/1	
INFO  : Map 1: 1/1	Map 10: 1/1	Map 2: 182/182	Map 7: 7/7	Map 8: 113/113	Map 9: 49/49	Reducer 3: 451(+516)/1009	Reducer 4: 0/1009	Reducer 5: 0/1009	Reducer 6: 0/1	
INFO  : Map 1: 1/1	Map 10: 1/1	Map 2: 182/182	Map 7: 7/7	Map 8: 113/113	Map 9: 49/49	Reducer 3: 470(+516)/1009	Reducer 4: 0/1009	Reducer 5: 0/1009	Reducer 6: 0/1	
INFO  : Map 1: 1/1	Map 10: 1/1	Map 2: 182/182	Map 7: 7/7	Map 8: 113/113	Map 9: 49/49	Reducer 3: 487(+516)/1009	Reducer 4: 0/1009	Reducer 5: 0/1009	Reducer 6: 0/1	
INFO  : Map 1: 1/1	Map 10: 1/1	Map 2: 182/182	Map 7: 7/7	Map 8: 113/113	Map 9: 49/49	Reducer 3: 496(+513)/1009	Reducer 4: 0/1009	Reducer 5: 0/1009	Reducer 6: 0/1	
INFO  : Map 1: 1/1	Map 10: 1/1	Map 2: 182/182	Map 7: 7/7	Map 8: 113/113	Map 9: 49/49	Reducer 3: 506(+503)/1009	Reducer 4: 0(+1)/1009	Reducer 5: 0/1009	Reducer 6: 0/1	
INFO  : Map 1: 1/1	Map 10: 1/1	Map 2: 182/182	Map 7: 7/7	Map 8: 113/113	Map 9: 49/49	Reducer 3: 536(+473)/1009	Reducer 4: 0(+31)/1009	Reducer 5: 0/1009	Reducer 6: 0/1	
INFO  : Map 1: 1/1	Map 10: 1/1	Map 2: 182/182	Map 7: 7/7	Map 8: 113/113	Map 9: 49/49	Reducer 3: 539(+470)/1009	Reducer 4: 0(+34)/1009	Reducer 5: 0/1009	Reducer 6: 0/1	
INFO  : Map 1: 1/1	Map 10: 1/1	Map 2: 182/182	Map 7: 7/7	Map 8: 113/113	Map 9: 49/49	Reducer 3: 560(+449)/1009	Reducer 4: 0(+55)/1009	Reducer 5: 0/1009	Reducer 6: 0/1	
INFO  : Map 1: 1/1	Map 10: 1/1	Map 2: 182/182	Map 7: 7/7	Map 8: 113/113	Map 9: 49/49	Reducer 3: 595(+414)/1009	Reducer 4: 0(+90)/1009	Reducer 5: 0/1009	Reducer 6: 0/1	
INFO  : Map 1: 1/1	Map 10: 1/1	Map 2: 182/182	Map 7: 7/7	Map 8: 113/113	Map 9: 49/49	Reducer 3: 595(+414)/1009	Reducer 4: 0(+99)/1009	Reducer 5: 0/1009	Reducer 6: 0/1	
INFO  : Map 1: 1/1	Map 10: 1/1	Map 2: 182/182	Map 7: 7/7	Map 8: 113/113	Map 9: 49/49	Reducer 3: 614(+395)/1009	Reducer 4: 0(+118)/1009	Reducer 5: 0/1009	Reducer 6: 0/1	
INFO  : Map 1: 1/1	Map 10: 1/1	Map 2: 182/182	Map 7: 7/7	Map 8: 113/113	Map 9: 49/49	Reducer 3: 681(+328)/1009	Reducer 4: 0(+185)/1009	Reducer 5: 0/1009	Reducer 6: 0/1	
INFO  : Map 1: 1/1	Map 10: 1/1	Map 2: 182/182	Map 7: 7/7	Map 8: 113/113	Map 9: 49/49	Reducer 3: 690(+319)/1009	Reducer 4: 0(+195)/1009	Reducer 5: 0/1009	Reducer 6: 0/1	
INFO  : Map 1: 1/1	Map 10: 1/1	Map 2: 182/182	Map 7: 7/7	Map 8: 113/113	Map 9: 49/49	Reducer 3: 694(+315)/1009	Reducer 4: 0(+199)/1009	Reducer 5: 0/1009	Reducer 6: 0/1	
INFO  : Map 1: 1/1	Map 10: 1/1	Map 2: 182/182	Map 7: 7/7	Map 8: 113/113	Map 9: 49/49	Reducer 3: 705(+304)/1009	Reducer 4: 0(+210)/1009	Reducer 5: 0/1009	Reducer 6: 0/1	
INFO  : Map 1: 1/1	Map 10: 1/1	Map 2: 182/182	Map 7: 7/7	Map 8: 113/113	Map 9: 49/49	Reducer 3: 721(+288)/1009	Reducer 4: 0(+226)/1009	Reducer 5: 0/1009	Reducer 6: 0/1	
INFO  : Map 1: 1/1	Map 10: 1/1	Map 2: 182/182	Map 7: 7/7	Map 8: 113/113	Map 9: 49/49	Reducer 3: 733(+276)/1009	Reducer 4: 0(+238)/1009	Reducer 5: 0/1009	Reducer 6: 0/1	
INFO  : Map 1: 1/1	Map 10: 1/1	Map 2: 182/182	Map 7: 7/7	Map 8: 113/113	Map 9: 49/49	Reducer 3: 737(+272)/1009	Reducer 4: 0(+242)/1009	Reducer 5: 0/1009	Reducer 6: 0/1	
INFO  : Map 1: 1/1	Map 10: 1/1	Map 2: 182/182	Map 7: 7/7	Map 8: 113/113	Map 9: 49/49	Reducer 3: 749(+260)/1009	Reducer 4: 0(+254)/1009	Reducer 5: 0/1009	Reducer 6: 0/1	
INFO  : Map 1: 1/1	Map 10: 1/1	Map 2: 182/182	Map 7: 7/7	Map 8: 113/113	Map 9: 49/49	Reducer 3: 768(+241)/1009	Reducer 4: 0(+273)/1009	Reducer 5: 0/1009	Reducer 6: 0/1	
INFO  : Map 1: 1/1	Map 10: 1/1	Map 2: 182/182	Map 7: 7/7	Map 8: 113/113	Map 9: 49/49	Reducer 3: 773(+236)/1009	Reducer 4: 0(+278)/1009	Reducer 5: 0/1009	Reducer 6: 0/1	
INFO  : Map 1: 1/1	Map 10: 1/1	Map 2: 182/182	Map 7: 7/7	Map 8: 113/113	Map 9: 49/49	Reducer 3: 784(+225)/1009	Reducer 4: 0(+289)/1009	Reducer 5: 0/1009	Reducer 6: 0/1	
INFO  : Map 1: 1/1	Map 10: 1/1	Map 2: 182/182	Map 7: 7/7	Map 8: 113/113	Map 9: 49/49	Reducer 3: 792(+217)/1009	Reducer 4: 0(+297)/1009	Reducer 5: 0/1009	Reducer 6: 0/1	
INFO  : Map 1: 1/1	Map 10: 1/1	Map 2: 182/182	Map 7: 7/7	Map 8: 113/113	Map 9: 49/49	Reducer 3: 796(+213)/1009	Reducer 4: 0(+299)/1009	Reducer 5: 0/1009	Reducer 6: 0/1	
INFO  : Map 1: 1/1	Map 10: 1/1	Map 2: 182/182	Map 7: 7/7	Map 8: 113/113	Map 9: 49/49	Reducer 3: 822(+187)/1009	Reducer 4: 0(+324)/1009	Reducer 5: 0/1009	Reducer 6: 0/1	
INFO  : Map 1: 1/1	Map 10: 1/1	Map 2: 182/182	Map 7: 7/7	Map 8: 113/113	Map 9: 49/49	Reducer 3: 856(+153)/1009	Reducer 4: 0(+360)/1009	Reducer 5: 0/1009	Reducer 6: 0/1	
INFO  : Map 1: 1/1	Map 10: 1/1	Map 2: 182/182	Map 7: 7/7	Map 8: 113/113	Map 9: 49/49	Reducer 3: 870(+139)/1009	Reducer 4: 0(+375)/1009	Reducer 5: 0/1009	Reducer 6: 0/1	
INFO  : Map 1: 1/1	Map 10: 1/1	Map 2: 182/182	Map 7: 7/7	Map 8: 113/113	Map 9: 49/49	Reducer 3: 872(+137)/1009	Reducer 4: 0(+377)/1009	Reducer 5: 0/1009	Reducer 6: 0/1	
INFO  : Map 1: 1/1	Map 10: 1/1	Map 2: 182/182	Map 7: 7/7	Map 8: 113/113	Map 9: 49/49	Reducer 3: 876(+133)/1009	Reducer 4: 0(+381)/1009	Reducer 5: 0/1009	Reducer 6: 0/1	
INFO  : Map 1: 1/1	Map 10: 1/1	Map 2: 182/182	Map 7: 7/7	Map 8: 113/113	Map 9: 49/49	Reducer 3: 877(+132)/1009	Reducer 4: 0(+382)/1009	Reducer 5: 0/1009	Reducer 6: 0/1	
INFO  : Map 1: 1/1	Map 10: 1/1	Map 2: 182/182	Map 7: 7/7	Map 8: 113/113	Map 9: 49/49	Reducer 3: 884(+125)/1009	Reducer 4: 0(+389)/1009	Reducer 5: 0/1009	Reducer 6: 0/1	
INFO  : Map 1: 1/1	Map 10: 1/1	Map 2: 182/182	Map 7: 7/7	Map 8: 113/113	Map 9: 49/49	Reducer 3: 892(+117)/1009	Reducer 4: 0(+397)/1009	Reducer 5: 0/1009	Reducer 6: 0/1	
INFO  : Map 1: 1/1	Map 10: 1/1	Map 2: 182/182	Map 7: 7/7	Map 8: 113/113	Map 9: 49/49	Reducer 3: 898(+111)/1009	Reducer 4: 0(+403)/1009	Reducer 5: 0/1009	Reducer 6: 0/1	
INFO  : Map 1: 1/1	Map 10: 1/1	Map 2: 182/182	Map 7: 7/7	Map 8: 113/113	Map 9: 49/49	Reducer 3: 901(+108)/1009	Reducer 4: 0(+406)/1009	Reducer 5: 0/1009	Reducer 6: 0/1	
INFO  : Map 1: 1/1	Map 10: 1/1	Map 2: 182/182	Map 7: 7/7	Map 8: 113/113	Map 9: 49/49	Reducer 3: 902(+107)/1009	Reducer 4: 0(+407)/1009	Reducer 5: 0/1009	Reducer 6: 0/1	
INFO  : Map 1: 1/1	Map 10: 1/1	Map 2: 182/182	Map 7: 7/7	Map 8: 113/113	Map 9: 49/49	Reducer 3: 903(+106)/1009	Reducer 4: 0(+408)/1009	Reducer 5: 0/1009	Reducer 6: 0/1	
INFO  : Map 1: 1/1	Map 10: 1/1	Map 2: 182/182	Map 7: 7/7	Map 8: 113/113	Map 9: 49/49	Reducer 3: 909(+100)/1009	Reducer 4: 0(+414)/1009	Reducer 5: 0/1009	Reducer 6: 0/1	
INFO  : Map 1: 1/1	Map 10: 1/1	Map 2: 182/182	Map 7: 7/7	Map 8: 113/113	Map 9: 49/49	Reducer 3: 916(+93)/1009	Reducer 4: 0(+421)/1009	Reducer 5: 0/1009	Reducer 6: 0/1	
INFO  : Map 1: 1/1	Map 10: 1/1	Map 2: 182/182	Map 7: 7/7	Map 8: 113/113	Map 9: 49/49	Reducer 3: 919(+90)/1009	Reducer 4: 0(+424)/1009	Reducer 5: 0/1009	Reducer 6: 0/1	
INFO  : Map 1: 1/1	Map 10: 1/1	Map 2: 182/182	Map 7: 7/7	Map 8: 113/113	Map 9: 49/49	Reducer 3: 920(+89)/1009	Reducer 4: 0(+425)/1009	Reducer 5: 0/1009	Reducer 6: 0/1	
INFO  : Map 1: 1/1	Map 10: 1/1	Map 2: 182/182	Map 7: 7/7	Map 8: 113/113	Map 9: 49/49	Reducer 3: 926(+83)/1009	Reducer 4: 0(+431)/1009	Reducer 5: 0/1009	Reducer 6: 0/1	
INFO  : Map 1: 1/1	Map 10: 1/1	Map 2: 182/182	Map 7: 7/7	Map 8: 113/113	Map 9: 49/49	Reducer 3: 928(+81)/1009	Reducer 4: 0(+433)/1009	Reducer 5: 0/1009	Reducer 6: 0/1	
INFO  : Map 1: 1/1	Map 10: 1/1	Map 2: 182/182	Map 7: 7/7	Map 8: 113/113	Map 9: 49/49	Reducer 3: 939(+70)/1009	Reducer 4: 0(+444)/1009	Reducer 5: 0/1009	Reducer 6: 0/1	
INFO  : Map 1: 1/1	Map 10: 1/1	Map 2: 182/182	Map 7: 7/7	Map 8: 113/113	Map 9: 49/49	Reducer 3: 945(+64)/1009	Reducer 4: 0(+450)/1009	Reducer 5: 0/1009	Reducer 6: 0/1	
INFO  : Map 1: 1/1	Map 10: 1/1	Map 2: 182/182	Map 7: 7/7	Map 8: 113/113	Map 9: 49/49	Reducer 3: 946(+63)/1009	Reducer 4: 0(+451)/1009	Reducer 5: 0/1009	Reducer 6: 0/1	
INFO  : Map 1: 1/1	Map 10: 1/1	Map 2: 182/182	Map 7: 7/7	Map 8: 113/113	Map 9: 49/49	Reducer 3: 948(+61)/1009	Reducer 4: 0(+453)/1009	Reducer 5: 0/1009	Reducer 6: 0/1	
INFO  : Map 1: 1/1	Map 10: 1/1	Map 2: 182/182	Map 7: 7/7	Map 8: 113/113	Map 9: 49/49	Reducer 3: 957(+52)/1009	Reducer 4: 0(+462)/1009	Reducer 5: 0/1009	Reducer 6: 0/1	
INFO  : Map 1: 1/1	Map 10: 1/1	Map 2: 182/182	Map 7: 7/7	Map 8: 113/113	Map 9: 49/49	Reducer 3: 965(+44)/1009	Reducer 4: 0(+470)/1009	Reducer 5: 0/1009	Reducer 6: 0/1	
INFO  : Map 1: 1/1	Map 10: 1/1	Map 2: 182/182	Map 7: 7/7	Map 8: 113/113	Map 9: 49/49	Reducer 3: 974(+35)/1009	Reducer 4: 0(+479)/1009	Reducer 5: 0/1009	Reducer 6: 0/1	
INFO  : Map 1: 1/1	Map 10: 1/1	Map 2: 182/182	Map 7: 7/7	Map 8: 113/113	Map 9: 49/49	Reducer 3: 978(+31)/1009	Reducer 4: 0(+483)/1009	Reducer 5: 0/1009	Reducer 6: 0/1	
INFO  : Map 1: 1/1	Map 10: 1/1	Map 2: 182/182	Map 7: 7/7	Map 8: 113/113	Map 9: 49/49	Reducer 3: 981(+28)/1009	Reducer 4: 0(+486)/1009	Reducer 5: 0/1009	Reducer 6: 0/1	
INFO  : Map 1: 1/1	Map 10: 1/1	Map 2: 182/182	Map 7: 7/7	Map 8: 113/113	Map 9: 49/49	Reducer 3: 987(+22)/1009	Reducer 4: 0(+492)/1009	Reducer 5: 0/1009	Reducer 6: 0/1	
INFO  : Map 1: 1/1	Map 10: 1/1	Map 2: 182/182	Map 7: 7/7	Map 8: 113/113	Map 9: 49/49	Reducer 3: 990(+19)/1009	Reducer 4: 0(+495)/1009	Reducer 5: 0/1009	Reducer 6: 0/1	
INFO  : Map 1: 1/1	Map 10: 1/1	Map 2: 182/182	Map 7: 7/7	Map 8: 113/113	Map 9: 49/49	Reducer 3: 990(+19)/1009	Reducer 4: 0(+495)/1009	Reducer 5: 0/1009	Reducer 6: 0/1	
INFO  : Map 1: 1/1	Map 10: 1/1	Map 2: 182/182	Map 7: 7/7	Map 8: 113/113	Map 9: 49/49	Reducer 3: 1003(+6)/1009	Reducer 4: 0(+508)/1009	Reducer 5: 0/1009	Reducer 6: 0/1	
INFO  : Map 1: 1/1	Map 10: 1/1	Map 2: 182/182	Map 7: 7/7	Map 8: 113/113	Map 9: 49/49	Reducer 3: 1009/1009	Reducer 4: 0(+514)/1009	Reducer 5: 0/1009	Reducer 6: 0/1	
INFO  : Map 1: 1/1	Map 10: 1/1	Map 2: 182/182	Map 7: 7/7	Map 8: 113/113	Map 9: 49/49	Reducer 3: 1009/1009	Reducer 4: 23(+514)/1009	Reducer 5: 0/1009	Reducer 6: 0/1	
INFO  : Map 1: 1/1	Map 10: 1/1	Map 2: 182/182	Map 7: 7/7	Map 8: 113/113	Map 9: 49/49	Reducer 3: 1009/1009	Reducer 4: 55(+514)/1009	Reducer 5: 0/1009	Reducer 6: 0/1	
INFO  : Map 1: 1/1	Map 10: 1/1	Map 2: 182/182	Map 7: 7/7	Map 8: 113/113	Map 9: 49/49	Reducer 3: 1009/1009	Reducer 4: 83(+514)/1009	Reducer 5: 0/1009	Reducer 6: 0/1	
INFO  : Map 1: 1/1	Map 10: 1/1	Map 2: 182/182	Map 7: 7/7	Map 8: 113/113	Map 9: 49/49	Reducer 3: 1009/1009	Reducer 4: 89(+514)/1009	Reducer 5: 0/1009	Reducer 6: 0/1	
INFO  : Map 1: 1/1	Map 10: 1/1	Map 2: 182/182	Map 7: 7/7	Map 8: 113/113	Map 9: 49/49	Reducer 3: 1009/1009	Reducer 4: 146(+514)/1009	Reducer 5: 0/1009	Reducer 6: 0/1	
INFO  : Map 1: 1/1	Map 10: 1/1	Map 2: 182/182	Map 7: 7/7	Map 8: 113/113	Map 9: 49/49	Reducer 3: 1009/1009	Reducer 4: 178(+513)/1009	Reducer 5: 0/1009	Reducer 6: 0/1	
INFO  : Map 1: 1/1	Map 10: 1/1	Map 2: 182/182	Map 7: 7/7	Map 8: 113/113	Map 9: 49/49	Reducer 3: 1009/1009	Reducer 4: 187(+514)/1009	Reducer 5: 0/1009	Reducer 6: 0/1	
INFO  : Map 1: 1/1	Map 10: 1/1	Map 2: 182/182	Map 7: 7/7	Map 8: 113/113	Map 9: 49/49	Reducer 3: 1009/1009	Reducer 4: 220(+509)/1009	Reducer 5: 0/1009	Reducer 6: 0/1	
INFO  : Map 1: 1/1	Map 10: 1/1	Map 2: 182/182	Map 7: 7/7	Map 8: 113/113	Map 9: 49/49	Reducer 3: 1009/1009	Reducer 4: 233(+513)/1009	Reducer 5: 0/1009	Reducer 6: 0/1	
INFO  : Map 1: 1/1	Map 10: 1/1	Map 2: 182/182	Map 7: 7/7	Map 8: 113/113	Map 9: 49/49	Reducer 3: 1009/1009	Reducer 4: 240(+514)/1009	Reducer 5: 0/1009	Reducer 6: 0/1	
INFO  : Map 1: 1/1	Map 10: 1/1	Map 2: 182/182	Map 7: 7/7	Map 8: 113/113	Map 9: 49/49	Reducer 3: 1009/1009	Reducer 4: 252(+514)/1009	Reducer 5: 0/1009	Reducer 6: 0/1	
INFO  : Map 1: 1/1	Map 10: 1/1	Map 2: 182/182	Map 7: 7/7	Map 8: 113/113	Map 9: 49/49	Reducer 3: 1009/1009	Reducer 4: 277(+514)/1009	Reducer 5: 0/1009	Reducer 6: 0/1	
INFO  : Map 1: 1/1	Map 10: 1/1	Map 2: 182/182	Map 7: 7/7	Map 8: 113/113	Map 9: 49/49	Reducer 3: 1009/1009	Reducer 4: 288(+514)/1009	Reducer 5: 0/1009	Reducer 6: 0/1	
INFO  : Map 1: 1/1	Map 10: 1/1	Map 2: 182/182	Map 7: 7/7	Map 8: 113/113	Map 9: 49/49	Reducer 3: 1009/1009	Reducer 4: 302(+514)/1009	Reducer 5: 0/1009	Reducer 6: 0/1	
INFO  : Map 1: 1/1	Map 10: 1/1	Map 2: 182/182	Map 7: 7/7	Map 8: 113/113	Map 9: 49/49	Reducer 3: 1009/1009	Reducer 4: 338(+514)/1009	Reducer 5: 0/1009	Reducer 6: 0/1	
INFO  : Map 1: 1/1	Map 10: 1/1	Map 2: 182/182	Map 7: 7/7	Map 8: 113/113	Map 9: 49/49	Reducer 3: 1009/1009	Reducer 4: 392(+509)/1009	Reducer 5: 0/253	Reducer 6: 0/1	
INFO  : Map 1: 1/1	Map 10: 1/1	Map 2: 182/182	Map 7: 7/7	Map 8: 113/113	Map 9: 49/49	Reducer 3: 1009/1009	Reducer 4: 496(+513)/1009	Reducer 5: 0/253	Reducer 6: 0/1	
INFO  : Map 1: 1/1	Map 10: 1/1	Map 2: 182/182	Map 7: 7/7	Map 8: 113/113	Map 9: 49/49	Reducer 3: 1009/1009	Reducer 4: 544(+465)/1009	Reducer 5: 0(+40)/253	Reducer 6: 0/1	
INFO  : Map 1: 1/1	Map 10: 1/1	Map 2: 182/182	Map 7: 7/7	Map 8: 113/113	Map 9: 49/49	Reducer 3: 1009/1009	Reducer 4: 564(+445)/1009	Reducer 5: 0(+62)/253	Reducer 6: 0/1	
INFO  : Map 1: 1/1	Map 10: 1/1	Map 2: 182/182	Map 7: 7/7	Map 8: 113/113	Map 9: 49/49	Reducer 3: 1009/1009	Reducer 4: 581(+428)/1009	Reducer 5: 0(+79)/253	Reducer 6: 0/1	
INFO  : Map 1: 1/1	Map 10: 1/1	Map 2: 182/182	Map 7: 7/7	Map 8: 113/113	Map 9: 49/49	Reducer 3: 1009/1009	Reducer 4: 594(+415)/1009	Reducer 5: 0(+92)/253	Reducer 6: 0/1	
INFO  : Map 1: 1/1	Map 10: 1/1	Map 2: 182/182	Map 7: 7/7	Map 8: 113/113	Map 9: 49/49	Reducer 3: 1009/1009	Reducer 4: 605(+404)/1009	Reducer 5: 0(+103)/253	Reducer 6: 0/1	
INFO  : Map 1: 1/1	Map 10: 1/1	Map 2: 182/182	Map 7: 7/7	Map 8: 113/113	Map 9: 49/49	Reducer 3: 1009/1009	Reducer 4: 610(+399)/1009	Reducer 5: 0(+108)/253	Reducer 6: 0/1	
INFO  : Map 1: 1/1	Map 10: 1/1	Map 2: 182/182	Map 7: 7/7	Map 8: 113/113	Map 9: 49/49	Reducer 3: 1009/1009	Reducer 4: 611(+398)/1009	Reducer 5: 0(+109)/253	Reducer 6: 0/1	
INFO  : Map 1: 1/1	Map 10: 1/1	Map 2: 182/182	Map 7: 7/7	Map 8: 113/113	Map 9: 49/49	Reducer 3: 1009/1009	Reducer 4: 631(+378)/1009	Reducer 5: 0(+129)/253	Reducer 6: 0/1	
INFO  : Map 1: 1/1	Map 10: 1/1	Map 2: 182/182	Map 7: 7/7	Map 8: 113/113	Map 9: 49/49	Reducer 3: 1009/1009	Reducer 4: 641(+368)/1009	Reducer 5: 0(+139)/253	Reducer 6: 0/1	
INFO  : Map 1: 1/1	Map 10: 1/1	Map 2: 182/182	Map 7: 7/7	Map 8: 113/113	Map 9: 49/49	Reducer 3: 1009/1009	Reducer 4: 652(+357)/1009	Reducer 5: 0(+150)/253	Reducer 6: 0/1	
INFO  : Map 1: 1/1	Map 10: 1/1	Map 2: 182/182	Map 7: 7/7	Map 8: 113/113	Map 9: 49/49	Reducer 3: 1009/1009	Reducer 4: 661(+348)/1009	Reducer 5: 0(+159)/253	Reducer 6: 0/1	
INFO  : Map 1: 1/1	Map 10: 1/1	Map 2: 182/182	Map 7: 7/7	Map 8: 113/113	Map 9: 49/49	Reducer 3: 1009/1009	Reducer 4: 669(+340)/1009	Reducer 5: 0(+167)/253	Reducer 6: 0/1	
INFO  : Map 1: 1/1	Map 10: 1/1	Map 2: 182/182	Map 7: 7/7	Map 8: 113/113	Map 9: 49/49	Reducer 3: 1009/1009	Reducer 4: 676(+333)/1009	Reducer 5: 0(+174)/253	Reducer 6: 0/1	
INFO  : Map 1: 1/1	Map 10: 1/1	Map 2: 182/182	Map 7: 7/7	Map 8: 113/113	Map 9: 49/49	Reducer 3: 1009/1009	Reducer 4: 679(+330)/1009	Reducer 5: 0(+177)/253	Reducer 6: 0/1	
INFO  : Map 1: 1/1	Map 10: 1/1	Map 2: 182/182	Map 7: 7/7	Map 8: 113/113	Map 9: 49/49	Reducer 3: 1009/1009	Reducer 4: 685(+324)/1009	Reducer 5: 0(+183)/253	Reducer 6: 0/1	
INFO  : Map 1: 1/1	Map 10: 1/1	Map 2: 182/182	Map 7: 7/7	Map 8: 113/113	Map 9: 49/49	Reducer 3: 1009/1009	Reducer 4: 707(+302)/1009	Reducer 5: 0(+205)/253	Reducer 6: 0/1	
INFO  : Map 1: 1/1	Map 10: 1/1	Map 2: 182/182	Map 7: 7/7	Map 8: 113/113	Map 9: 49/49	Reducer 3: 1009/1009	Reducer 4: 721(+288)/1009	Reducer 5: 0(+219)/253	Reducer 6: 0/1	
INFO  : Map 1: 1/1	Map 10: 1/1	Map 2: 182/182	Map 7: 7/7	Map 8: 113/113	Map 9: 49/49	Reducer 3: 1009/1009	Reducer 4: 735(+273)/1009	Reducer 5: 0(+233)/253	Reducer 6: 0/1	
INFO  : Map 1: 1/1	Map 10: 1/1	Map 2: 182/182	Map 7: 7/7	Map 8: 113/113	Map 9: 49/49	Reducer 3: 1009/1009	Reducer 4: 750(+259)/1009	Reducer 5: 0(+245)/253	Reducer 6: 0/1	
INFO  : Map 1: 1/1	Map 10: 1/1	Map 2: 182/182	Map 7: 7/7	Map 8: 113/113	Map 9: 49/49	Reducer 3: 1009/1009	Reducer 4: 760(+249)/1009	Reducer 5: 0(+253)/253	Reducer 6: 0/1	
INFO  : Map 1: 1/1	Map 10: 1/1	Map 2: 182/182	Map 7: 7/7	Map 8: 113/113	Map 9: 49/49	Reducer 3: 1009/1009	Reducer 4: 776(+233)/1009	Reducer 5: 0(+253)/253	Reducer 6: 0/1	
INFO  : Map 1: 1/1	Map 10: 1/1	Map 2: 182/182	Map 7: 7/7	Map 8: 113/113	Map 9: 49/49	Reducer 3: 1009/1009	Reducer 4: 782(+227)/1009	Reducer 5: 0(+253)/253	Reducer 6: 0/1	
INFO  : Map 1: 1/1	Map 10: 1/1	Map 2: 182/182	Map 7: 7/7	Map 8: 113/113	Map 9: 49/49	Reducer 3: 1009/1009	Reducer 4: 784(+225)/1009	Reducer 5: 0(+253)/253	Reducer 6: 0/1	
INFO  : Map 1: 1/1	Map 10: 1/1	Map 2: 182/182	Map 7: 7/7	Map 8: 113/113	Map 9: 49/49	Reducer 3: 1009/1009	Reducer 4: 786(+223)/1009	Reducer 5: 0(+253)/253	Reducer 6: 0/1	
INFO  : Map 1: 1/1	Map 10: 1/1	Map 2: 182/182	Map 7: 7/7	Map 8: 113/113	Map 9: 49/49	Reducer 3: 1009/1009	Reducer 4: 813(+196)/1009	Reducer 5: 0(+253)/253	Reducer 6: 0/1	
INFO  : Map 1: 1/1	Map 10: 1/1	Map 2: 182/182	Map 7: 7/7	Map 8: 113/113	Map 9: 49/49	Reducer 3: 1009/1009	Reducer 4: 829(+180)/1009	Reducer 5: 0(+253)/253	Reducer 6: 0/1	
INFO  : Map 1: 1/1	Map 10: 1/1	Map 2: 182/182	Map 7: 7/7	Map 8: 113/113	Map 9: 49/49	Reducer 3: 1009/1009	Reducer 4: 833(+176)/1009	Reducer 5: 0(+253)/253	Reducer 6: 0/1	
INFO  : Map 1: 1/1	Map 10: 1/1	Map 2: 182/182	Map 7: 7/7	Map 8: 113/113	Map 9: 49/49	Reducer 3: 1009/1009	Reducer 4: 835(+174)/1009	Reducer 5: 0(+253)/253	Reducer 6: 0/1	
INFO  : Map 1: 1/1	Map 10: 1/1	Map 2: 182/182	Map 7: 7/7	Map 8: 113/113	Map 9: 49/49	Reducer 3: 1009/1009	Reducer 4: 837(+172)/1009	Reducer 5: 0(+253)/253	Reducer 6: 0/1	
INFO  : Map 1: 1/1	Map 10: 1/1	Map 2: 182/182	Map 7: 7/7	Map 8: 113/113	Map 9: 49/49	Reducer 3: 1009/1009	Reducer 4: 838(+171)/1009	Reducer 5: 0(+253)/253	Reducer 6: 0/1	
INFO  : Map 1: 1/1	Map 10: 1/1	Map 2: 182/182	Map 7: 7/7	Map 8: 113/113	Map 9: 49/49	Reducer 3: 1009/1009	Reducer 4: 841(+168)/1009	Reducer 5: 0(+253)/253	Reducer 6: 0/1	
INFO  : Map 1: 1/1	Map 10: 1/1	Map 2: 182/182	Map 7: 7/7	Map 8: 113/113	Map 9: 49/49	Reducer 3: 1009/1009	Reducer 4: 844(+165)/1009	Reducer 5: 0(+253)/253	Reducer 6: 0/1	
INFO  : Map 1: 1/1	Map 10: 1/1	Map 2: 182/182	Map 7: 7/7	Map 8: 113/113	Map 9: 49/49	Reducer 3: 1009/1009	Reducer 4: 852(+157)/1009	Reducer 5: 0(+253)/253	Reducer 6: 0/1	
INFO  : Map 1: 1/1	Map 10: 1/1	Map 2: 182/182	Map 7: 7/7	Map 8: 113/113	Map 9: 49/49	Reducer 3: 1009/1009	Reducer 4: 856(+153)/1009	Reducer 5: 0(+253)/253	Reducer 6: 0/1	
INFO  : Map 1: 1/1	Map 10: 1/1	Map 2: 182/182	Map 7: 7/7	Map 8: 113/113	Map 9: 49/49	Reducer 3: 1009/1009	Reducer 4: 871(+138)/1009	Reducer 5: 0(+253)/253	Reducer 6: 0/1	
INFO  : Map 1: 1/1	Map 10: 1/1	Map 2: 182/182	Map 7: 7/7	Map 8: 113/113	Map 9: 49/49	Reducer 3: 1009/1009	Reducer 4: 878(+131)/1009	Reducer 5: 0(+253)/253	Reducer 6: 0/1	
INFO  : Map 1: 1/1	Map 10: 1/1	Map 2: 182/182	Map 7: 7/7	Map 8: 113/113	Map 9: 49/49	Reducer 3: 1009/1009	Reducer 4: 904(+105)/1009	Reducer 5: 0(+253)/253	Reducer 6: 0/1	
INFO  : Map 1: 1/1	Map 10: 1/1	Map 2: 182/182	Map 7: 7/7	Map 8: 113/113	Map 9: 49/49	Reducer 3: 1009/1009	Reducer 4: 922(+87)/1009	Reducer 5: 0(+253)/253	Reducer 6: 0/1	
INFO  : Map 1: 1/1	Map 10: 1/1	Map 2: 182/182	Map 7: 7/7	Map 8: 113/113	Map 9: 49/49	Reducer 3: 1009/1009	Reducer 4: 926(+83)/1009	Reducer 5: 0(+253)/253	Reducer 6: 0/1	
INFO  : Map 1: 1/1	Map 10: 1/1	Map 2: 182/182	Map 7: 7/7	Map 8: 113/113	Map 9: 49/49	Reducer 3: 1009/1009	Reducer 4: 937(+72)/1009	Reducer 5: 0(+253)/253	Reducer 6: 0/1	
INFO  : Map 1: 1/1	Map 10: 1/1	Map 2: 182/182	Map 7: 7/7	Map 8: 113/113	Map 9: 49/49	Reducer 3: 1009/1009	Reducer 4: 956(+53)/1009	Reducer 5: 0(+253)/253	Reducer 6: 0/1	
INFO  : Map 1: 1/1	Map 10: 1/1	Map 2: 182/182	Map 7: 7/7	Map 8: 113/113	Map 9: 49/49	Reducer 3: 1009/1009	Reducer 4: 969(+40)/1009	Reducer 5: 0(+253)/253	Reducer 6: 0/1	
INFO  : Map 1: 1/1	Map 10: 1/1	Map 2: 182/182	Map 7: 7/7	Map 8: 113/113	Map 9: 49/49	Reducer 3: 1009/1009	Reducer 4: 969(+40)/1009	Reducer 5: 0(+253)/253	Reducer 6: 0/1	
INFO  : Map 1: 1/1	Map 10: 1/1	Map 2: 182/182	Map 7: 7/7	Map 8: 113/113	Map 9: 49/49	Reducer 3: 1009/1009	Reducer 4: 972(+37)/1009	Reducer 5: 0(+253)/253	Reducer 6: 0/1	
INFO  : Map 1: 1/1	Map 10: 1/1	Map 2: 182/182	Map 7: 7/7	Map 8: 113/113	Map 9: 49/49	Reducer 3: 1009/1009	Reducer 4: 972(+37)/1009	Reducer 5: 0(+253)/253	Reducer 6: 0/1	
INFO  : Map 1: 1/1	Map 10: 1/1	Map 2: 182/182	Map 7: 7/7	Map 8: 113/113	Map 9: 49/49	Reducer 3: 1009/1009	Reducer 4: 972(+37)/1009	Reducer 5: 0(+253)/253	Reducer 6: 0/1	
INFO  : Map 1: 1/1	Map 10: 1/1	Map 2: 182/182	Map 7: 7/7	Map 8: 113/113	Map 9: 49/49	Reducer 3: 1009/1009	Reducer 4: 972(+37)/1009	Reducer 5: 0(+253)/253	Reducer 6: 0/1	
INFO  : Map 1: 1/1	Map 10: 1/1	Map 2: 182/182	Map 7: 7/7	Map 8: 113/113	Map 9: 49/49	Reducer 3: 1009/1009	Reducer 4: 1003(+6)/1009	Reducer 5: 0(+253)/253	Reducer 6: 0/1	
INFO  : Map 1: 1/1	Map 10: 1/1	Map 2: 182/182	Map 7: 7/7	Map 8: 113/113	Map 9: 49/49	Reducer 3: 1009/1009	Reducer 4: 1009/1009	Reducer 5: 3(+250)/253	Reducer 6: 0/1	
INFO  : Map 1: 1/1	Map 10: 1/1	Map 2: 182/182	Map 7: 7/7	Map 8: 113/113	Map 9: 49/49	Reducer 3: 1009/1009	Reducer 4: 1009/1009	Reducer 5: 23(+230)/253	Reducer 6: 0/1	
INFO  : Map 1: 1/1	Map 10: 1/1	Map 2: 182/182	Map 7: 7/7	Map 8: 113/113	Map 9: 49/49	Reducer 3: 1009/1009	Reducer 4: 1009/1009	Reducer 5: 27(+226)/253	Reducer 6: 0/1	
INFO  : Map 1: 1/1	Map 10: 1/1	Map 2: 182/182	Map 7: 7/7	Map 8: 113/113	Map 9: 49/49	Reducer 3: 1009/1009	Reducer 4: 1009/1009	Reducer 5: 101(+152)/253	Reducer 6: 0(+1)/1	
INFO  : Map 1: 1/1	Map 10: 1/1	Map 2: 182/182	Map 7: 7/7	Map 8: 113/113	Map 9: 49/49	Reducer 3: 1009/1009	Reducer 4: 1009/1009	Reducer 5: 205(+48)/253	Reducer 6: 0(+1)/1	
INFO  : Map 1: 1/1	Map 10: 1/1	Map 2: 182/182	Map 7: 7/7	Map 8: 113/113	Map 9: 49/49	Reducer 3: 1009/1009	Reducer 4: 1009/1009	Reducer 5: 219(+34)/253	Reducer 6: 0(+1)/1	
INFO  : Map 1: 1/1	Map 10: 1/1	Map 2: 182/182	Map 7: 7/7	Map 8: 113/113	Map 9: 49/49	Reducer 3: 1009/1009	Reducer 4: 1009/1009	Reducer 5: 251(+2)/253	Reducer 6: 0(+1)/1	
INFO  : Map 1: 1/1	Map 10: 1/1	Map 2: 182/182	Map 7: 7/7	Map 8: 113/113	Map 9: 49/49	Reducer 3: 1009/1009	Reducer 4: 1009/1009	Reducer 5: 253/253	Reducer 6: 0(+1)/1	
INFO  : Map 1: 1/1	Map 10: 1/1	Map 2: 182/182	Map 7: 7/7	Map 8: 113/113	Map 9: 49/49	Reducer 3: 1009/1009	Reducer 4: 1009/1009	Reducer 5: 253/253	Reducer 6: 1/1	
INFO  : Status: DAG finished successfully in 79.03 seconds
INFO  : 
INFO  : Query Execution Summary
INFO  : ----------------------------------------------------------------------------------------------
INFO  : ----------------------------------------------------------------------------------------------
INFO  : Compile Query                           0.79s
INFO  : Prepare Plan                            0.28s
INFO  : Submit Plan                             4.09s
INFO  : Start DAG                               0.38s
INFO  : Run DAG                                79.03s
INFO  : ----------------------------------------------------------------------------------------------
INFO  : 
INFO  : Task Execution Summary
INFO  : --------------------------------------------------------------------------------------------------------------------------------
INFO  : --------------------------------------------------------------------------------------------------------------------------------
INFO  :      Map 1            1                0             0         202.00             0            0         10,000              30
INFO  :     Map 10            1                0             0         202.00             0            0          1,500           1,500
INFO  :      Map 2          182                0             0       14765.00             0            0    878,757,228      15,552,667
INFO  :      Map 7            7                0             0         607.00             0            0        402,000           7,264
INFO  :      Map 8          113                0             0        6278.00             0            0     65,000,000      65,000,000
INFO  :      Map 9           49                0             0        6681.00             0            0     32,500,000      32,500,000
INFO  :  Reducer 3         1009                0            12       39045.00             0            0     80,552,667      15,552,667
INFO  :  Reducer 4         1009                0            13       51317.00             0            0     48,054,167       3,559,055
INFO  :  Reducer 5          253                0             3       30806.00             0            0      3,559,055           3,611
INFO  :  Reducer 6            1                0             0        2455.00             0            0          3,611               0
INFO  : --------------------------------------------------------------------------------------------------------------------------------
INFO  : 
INFO  : LLAP IO Summary
INFO  : ----------------------------------------------------------------------------------------------
INFO  : ----------------------------------------------------------------------------------------------
INFO  :      Map 1         1         1          1    1.39KB       513B    131.07KB   9.60KB     0.03s
INFO  :     Map 10         1         0          2        0B     6.12KB    524.29KB   6.87KB     0.01s
INFO  :      Map 2     88179        64       1133        0B     8.26GB     11.92GB  10.64GB   787.75s
INFO  :      Map 7        42         7          7    3.23KB     3.77MB     22.02MB   4.40MB     0.94s
INFO  :      Map 8      6667      1112          0  261.28MB         0B          0B       0B    17.11s
INFO  :      Map 9      3331       223        223  760.91KB    69.59MB    233.05MB  71.01MB    28.74s
INFO  : ----------------------------------------------------------------------------------------------
INFO  : 
INFO  : FileSystem Counters Summary
INFO  : 
INFO  : ----------------------------------------------------------------------------------------------
INFO  : ----------------------------------------------------------------------------------------------
INFO  :      Map 1              0B             0                  0               180B             0
INFO  :     Map 10              0B             0                  0            10.62KB             0
INFO  :      Map 2              0B             0                  0           472.86MB             0
INFO  :      Map 7              0B             0                  0           143.62KB             0
INFO  :      Map 8              0B             0                  0           703.14MB             0
INFO  :      Map 9              0B             0                  0           304.94MB             0
INFO  :  Reducer 3          4.28GB             0                  0           609.71MB             0
INFO  :  Reducer 4         13.86GB             0                  0           210.70MB             0
INFO  :  Reducer 5         16.19KB             0                  0           154.11KB             0
INFO  :  Reducer 6              0B             0                  0                 0B             0
INFO  : ----------------------------------------------------------------------------------------------
INFO  : 
INFO  : ----------------------------------------------------------------------------------------------
INFO  : ----------------------------------------------------------------------------------------------
INFO  :      Map 1          1.19KB             2                  0                 0B             0
INFO  :     Map 10         23.35KB             4                  0                 0B             0
INFO  :      Map 2          8.27GB           752                  0                 0B             0
INFO  :      Map 7          3.78MB            14                  0                 0B             0
INFO  :      Map 8              0B             0                  0                 0B             0
INFO  :      Map 9         69.74MB           446                  0                 0B             0
INFO  :  Reducer 3              0B             0                  0                 0B             0
INFO  :  Reducer 4              0B             0                  0                 0B             0
INFO  :  Reducer 5              0B             0                  0                 0B             0
INFO  :  Reducer 6              0B             2                  0             7.48KB             2
INFO  : ----------------------------------------------------------------------------------------------
INFO  : 
INFO  : org.apache.tez.common.counters.DAGCounter:
INFO  :    NUM_KILLED_TASKS: 28
INFO  :    NUM_SUCCEEDED_TASKS: 2625
INFO  :    TOTAL_LAUNCHED_TASKS: 2653
INFO  :    DATA_LOCAL_TASKS: 353
INFO  :    AM_CPU_MILLISECONDS: 66370
INFO  :    AM_GC_TIME_MILLIS: 324
INFO  : File System Counters:
INFO  :    FILE_BYTES_READ: 18133239427
INFO  :    FILE_BYTES_WRITTEN: 2301665109
INFO  :    FILE_READ_OPS: 0
INFO  :    FILE_LARGE_READ_OPS: 0
INFO  :    FILE_WRITE_OPS: 0
INFO  :    HDFS_BYTES_READ: 8345407490
INFO  :    HDFS_BYTES_WRITTEN: 7476
INFO  :    HDFS_READ_OPS: 1220
INFO  :    HDFS_LARGE_READ_OPS: 0
INFO  :    HDFS_WRITE_OPS: 2
INFO  : org.apache.tez.common.counters.TaskCounter:
INFO  :    REDUCE_INPUT_GROUPS: 7222
INFO  :    REDUCE_INPUT_RECORDS: 3562666
INFO  :    COMBINE_INPUT_RECORDS: 0
INFO  :    SPILLED_RECORDS: 7390549
INFO  :    NUM_SHUFFLED_INPUTS: 2351795
INFO  :    NUM_SKIPPED_INPUTS: 31746
INFO  :    NUM_FAILED_SHUFFLE_INPUTS: 0
INFO  :    MERGED_MAP_OUTPUTS: 13138253
INFO  :    INPUT_RECORDS_PROCESSED: 129661324
INFO  :    INPUT_SPLIT_LENGTH_BYTES: 53409768118
INFO  :    OUTPUT_RECORDS: 132176794
INFO  :    OUTPUT_LARGE_RECORDS: 0
INFO  :    OUTPUT_BYTES: 2788136901
INFO  :    OUTPUT_BYTES_WITH_OVERHEAD: 4490908800
INFO  :    OUTPUT_BYTES_PHYSICAL: 2277204101
INFO  :    ADDITIONAL_SPILLS_BYTES_WRITTEN: 1904470
INFO  :    ADDITIONAL_SPILLS_BYTES_READ: 31669968
INFO  :    ADDITIONAL_SPILL_COUNT: 0
INFO  :    SHUFFLE_CHUNK_COUNT: 1262
INFO  :    SHUFFLE_BYTES: 2245037797
INFO  :    SHUFFLE_BYTES_DECOMPRESSED: 3069313131
INFO  :    SHUFFLE_BYTES_TO_MEM: 1995637578
INFO  :    SHUFFLE_BYTES_TO_DISK: 0
INFO  :    SHUFFLE_BYTES_DISK_DIRECT: 249400219
INFO  :    NUM_MEM_TO_DISK_MERGES: 0
INFO  :    NUM_DISK_TO_DISK_MERGES: 750
INFO  :    SHUFFLE_PHASE_TIME: 37762025
INFO  :    MERGE_PHASE_TIME: 6883179
INFO  :    FIRST_EVENT_RECEIVED: 139943
INFO  :    LAST_EVENT_RECEIVED: 19889253
INFO  : HIVE:
INFO  :    CREATED_FILES: 1
INFO  :    DESERIALIZE_ERRORS: 0
INFO  :    RECORDS_IN_Map_1: 10000
INFO  :    RECORDS_IN_Map_10: 1500
INFO  :    RECORDS_IN_Map_2: 878749934
INFO  :    RECORDS_IN_Map_7: 402000
INFO  :    RECORDS_IN_Map_8: 65000000
INFO  :    RECORDS_IN_Map_9: 32500000
INFO  :    RECORDS_OUT_0: 100
INFO  :    RECORDS_OUT_INTERMEDIATE_Map_1: 30
INFO  :    RECORDS_OUT_INTERMEDIATE_Map_10: 1500
INFO  :    RECORDS_OUT_INTERMEDIATE_Map_2: 15552667
INFO  :    RECORDS_OUT_INTERMEDIATE_Map_7: 7264
INFO  :    RECORDS_OUT_INTERMEDIATE_Map_8: 65000000
INFO  :    RECORDS_OUT_INTERMEDIATE_Map_9: 32500000
INFO  :    RECORDS_OUT_INTERMEDIATE_Reducer_3: 15552667
INFO  :    RECORDS_OUT_INTERMEDIATE_Reducer_4: 3559055
INFO  :    RECORDS_OUT_INTERMEDIATE_Reducer_5: 3611
INFO  : Shuffle Errors:
INFO  :    BAD_ID: 0
INFO  :    CONNECTION: 0
INFO  :    IO_ERROR: 0
INFO  :    WRONG_LENGTH: 0
INFO  :    WRONG_MAP: 0
INFO  :    WRONG_REDUCE: 0
INFO  : Shuffle Errors_Reducer_5_INPUT_Reducer_4:
INFO  :    BAD_ID: 0
INFO  :    CONNECTION: 0
INFO  :    IO_ERROR: 0
INFO  :    WRONG_LENGTH: 0
INFO  :    WRONG_MAP: 0
INFO  :    WRONG_REDUCE: 0
INFO  : Shuffle Errors_Reducer_6_INPUT_Reducer_5:
INFO  :    BAD_ID: 0
INFO  :    CONNECTION: 0
INFO  :    IO_ERROR: 0
INFO  :    WRONG_LENGTH: 0
INFO  :    WRONG_MAP: 0
INFO  :    WRONG_REDUCE: 0
INFO  : TaskCounter_Map_10_INPUT_store:
INFO  :    INPUT_RECORDS_PROCESSED: 2
INFO  :    INPUT_SPLIT_LENGTH_BYTES: 127422
INFO  : TaskCounter_Map_10_OUTPUT_Reducer_4:
INFO  :    ADDITIONAL_SPILLS_BYTES_READ: 0
INFO  :    ADDITIONAL_SPILLS_BYTES_WRITTEN: 0
INFO  :    ADDITIONAL_SPILL_COUNT: 0
INFO  :    OUTPUT_BYTES: 17950
INFO  :    OUTPUT_BYTES_PHYSICAL: 10615
INFO  :    OUTPUT_BYTES_WITH_OVERHEAD: 20956
INFO  :    OUTPUT_LARGE_RECORDS: 0
INFO  :    OUTPUT_RECORDS: 1500
INFO  :    SPILLED_RECORDS: 0
INFO  : TaskCounter_Map_1_INPUT_date_dim:
INFO  :    INPUT_RECORDS_PROCESSED: 10
INFO  :    INPUT_SPLIT_LENGTH_BYTES: 759177
INFO  : TaskCounter_Map_1_OUTPUT_Map_2:
INFO  :    ADDITIONAL_SPILLS_BYTES_READ: 0
INFO  :    ADDITIONAL_SPILLS_BYTES_WRITTEN: 0
INFO  :    ADDITIONAL_SPILL_COUNT: 0
INFO  :    OUTPUT_BYTES: 150
INFO  :    OUTPUT_BYTES_PHYSICAL: 172
INFO  :    OUTPUT_BYTES_WITH_OVERHEAD: 216
INFO  :    OUTPUT_LARGE_RECORDS: 0
INFO  :    OUTPUT_RECORDS: 30
INFO  :    SPILLED_RECORDS: 0
INFO  : TaskCounter_Map_2_INPUT_Map_1:
INFO  :    FIRST_EVENT_RECEIVED: 341
INFO  :    INPUT_RECORDS_PROCESSED: 270
INFO  :    LAST_EVENT_RECEIVED: 341
INFO  :    NUM_FAILED_SHUFFLE_INPUTS: 0
INFO  :    NUM_SHUFFLED_INPUTS: 9
INFO  :    SHUFFLE_BYTES: 1332
INFO  :    SHUFFLE_BYTES_DECOMPRESSED: 1944
INFO  :    SHUFFLE_BYTES_DISK_DIRECT: 148
INFO  :    SHUFFLE_BYTES_TO_DISK: 0
INFO  :    SHUFFLE_BYTES_TO_MEM: 1184
INFO  :    SHUFFLE_PHASE_TIME: 5559
INFO  : TaskCounter_Map_2_INPUT_Map_7:
INFO  :    FIRST_EVENT_RECEIVED: 91
INFO  :    INPUT_RECORDS_PROCESSED: 65376
INFO  :    LAST_EVENT_RECEIVED: 188
INFO  :    NUM_FAILED_SHUFFLE_INPUTS: 0
INFO  :    NUM_SHUFFLED_INPUTS: 63
INFO  :    SHUFFLE_BYTES: 1290564
INFO  :    SHUFFLE_BYTES_DECOMPRESSED: 2860794
INFO  :    SHUFFLE_BYTES_DISK_DIRECT: 143396
INFO  :    SHUFFLE_BYTES_TO_DISK: 0
INFO  :    SHUFFLE_BYTES_TO_MEM: 1147168
INFO  :    SHUFFLE_PHASE_TIME: 4519
INFO  : TaskCounter_Map_2_INPUT_store_sales:
INFO  :    INPUT_RECORDS_PROCESSED: 878762
INFO  :    INPUT_SPLIT_LENGTH_BYTES: 49178107359
INFO  : TaskCounter_Map_2_OUTPUT_Reducer_3:
INFO  :    ADDITIONAL_SPILLS_BYTES_READ: 0
INFO  :    ADDITIONAL_SPILLS_BYTES_WRITTEN: 0
INFO  :    ADDITIONAL_SPILL_COUNT: 0
INFO  :    OUTPUT_BYTES: 769086456
INFO  :    OUTPUT_BYTES_PHYSICAL: 472863079
INFO  :    OUTPUT_BYTES_WITH_OVERHEAD: 979001274
INFO  :    OUTPUT_LARGE_RECORDS: 0
INFO  :    OUTPUT_RECORDS: 15552667
INFO  :    SPILLED_RECORDS: 0
INFO  : TaskCounter_Map_7_INPUT_item:
INFO  :    INPUT_RECORDS_PROCESSED: 405
INFO  :    INPUT_SPLIT_LENGTH_BYTES: 38092338
INFO  : TaskCounter_Map_7_OUTPUT_Map_2:
INFO  :    ADDITIONAL_SPILLS_BYTES_READ: 0
INFO  :    ADDITIONAL_SPILLS_BYTES_WRITTEN: 0
INFO  :    ADDITIONAL_SPILL_COUNT: 0
INFO  :    OUTPUT_BYTES: 303296
INFO  :    OUTPUT_BYTES_PHYSICAL: 143564
INFO  :    OUTPUT_BYTES_WITH_OVERHEAD: 317866
INFO  :    OUTPUT_LARGE_RECORDS: 0
INFO  :    OUTPUT_RECORDS: 7264
INFO  :    SPILLED_RECORDS: 0
INFO  : TaskCounter_Map_8_INPUT_customer:
INFO  :    INPUT_RECORDS_PROCESSED: 65001
INFO  :    INPUT_SPLIT_LENGTH_BYTES: 3528949144
INFO  : TaskCounter_Map_8_OUTPUT_Reducer_3:
INFO  :    ADDITIONAL_SPILLS_BYTES_READ: 0
INFO  :    ADDITIONAL_SPILLS_BYTES_WRITTEN: 0
INFO  :    ADDITIONAL_SPILL_COUNT: 0
INFO  :    OUTPUT_BYTES: 681281672
INFO  :    OUTPUT_BYTES_PHYSICAL: 703142553
INFO  :    OUTPUT_BYTES_WITH_OVERHEAD: 1559997691
INFO  :    OUTPUT_LARGE_RECORDS: 0
INFO  :    OUTPUT_RECORDS: 65000000
INFO  :    SPILLED_RECORDS: 0
INFO  : TaskCounter_Map_9_INPUT_customer_address:
INFO  :    INPUT_RECORDS_PROCESSED: 32664
INFO  :    INPUT_SPLIT_LENGTH_BYTES: 663732678
INFO  : TaskCounter_Map_9_OUTPUT_Reducer_4:
INFO  :    ADDITIONAL_SPILLS_BYTES_READ: 0
INFO  :    ADDITIONAL_SPILLS_BYTES_WRITTEN: 0
INFO  :    ADDITIONAL_SPILL_COUNT: 0
INFO  :    OUTPUT_BYTES: 385127710
INFO  :    OUTPUT_BYTES_PHYSICAL: 304944178
INFO  :    OUTPUT_BYTES_WITH_OVERHEAD: 776102167
INFO  :    OUTPUT_LARGE_RECORDS: 0
INFO  :    OUTPUT_RECORDS: 32500000
INFO  :    SPILLED_RECORDS: 0
INFO  : TaskCounter_Reducer_3_INPUT_Map_2:
INFO  :    FIRST_EVENT_RECEIVED: 20835
INFO  :    INPUT_RECORDS_PROCESSED: 15552667
INFO  :    LAST_EVENT_RECEIVED: 4979787
INFO  :    NUM_FAILED_SHUFFLE_INPUTS: 0
INFO  :    NUM_SHUFFLED_INPUTS: 183595
INFO  :    SHUFFLE_BYTES: 468455767
INFO  :    SHUFFLE_BYTES_DECOMPRESSED: 801293360
INFO  :    SHUFFLE_BYTES_DISK_DIRECT: 52688747
INFO  :    SHUFFLE_BYTES_TO_DISK: 0
INFO  :    SHUFFLE_BYTES_TO_MEM: 415767020
INFO  :    SHUFFLE_PHASE_TIME: 8887971
INFO  : TaskCounter_Reducer_3_INPUT_Map_8:
INFO  :    FIRST_EVENT_RECEIVED: 28021
INFO  :    INPUT_RECORDS_PROCESSED: 65000000
INFO  :    LAST_EVENT_RECEIVED: 434311
INFO  :    NUM_FAILED_SHUFFLE_INPUTS: 0
INFO  :    NUM_SHUFFLED_INPUTS: 114017
INFO  :    SHUFFLE_BYTES: 700406145
INFO  :    SHUFFLE_BYTES_DECOMPRESSED: 811965774
INFO  :    SHUFFLE_BYTES_DISK_DIRECT: 77688061
INFO  :    SHUFFLE_BYTES_TO_DISK: 0
INFO  :    SHUFFLE_BYTES_TO_MEM: 622718084
INFO  :    SHUFFLE_PHASE_TIME: 7654738
INFO  : TaskCounter_Reducer_3_OUTPUT_Reducer_4:
INFO  :    ADDITIONAL_SPILLS_BYTES_READ: 0
INFO  :    ADDITIONAL_SPILLS_BYTES_WRITTEN: 0
INFO  :    ADDITIONAL_SPILL_COUNT: 0
INFO  :    OUTPUT_BYTES: 769086456
INFO  :    OUTPUT_BYTES_PHYSICAL: 609698905
INFO  :    OUTPUT_BYTES_WITH_OVERHEAD: 979000083
INFO  :    OUTPUT_LARGE_RECORDS: 0
INFO  :    OUTPUT_RECORDS: 15552667
INFO  :    SPILLED_RECORDS: 0
INFO  : TaskCounter_Reducer_4_INPUT_Map_10:
INFO  :    FIRST_EVENT_RECEIVED: 742
INFO  :    INPUT_RECORDS_PROCESSED: 13500
INFO  :    LAST_EVENT_RECEIVED: 742
INFO  :    NUM_FAILED_SHUFFLE_INPUTS: 0
INFO  :    NUM_SHUFFLED_INPUTS: 9
INFO  :    SHUFFLE_BYTES: 95319
INFO  :    SHUFFLE_BYTES_DECOMPRESSED: 188604
INFO  :    SHUFFLE_BYTES_DISK_DIRECT: 10591
INFO  :    SHUFFLE_BYTES_TO_DISK: 0
INFO  :    SHUFFLE_BYTES_TO_MEM: 84728
INFO  :    SHUFFLE_PHASE_TIME: 843
INFO  : TaskCounter_Reducer_4_INPUT_Map_9:
INFO  :    FIRST_EVENT_RECEIVED: 54584
INFO  :    INPUT_RECORDS_PROCESSED: 32500000
INFO  :    LAST_EVENT_RECEIVED: 78668
INFO  :    NUM_FAILED_SHUFFLE_INPUTS: 0
INFO  :    NUM_SHUFFLED_INPUTS: 49441
INFO  :    SHUFFLE_BYTES: 303757594
INFO  :    SHUFFLE_BYTES_DECOMPRESSED: 450424356
INFO  :    SHUFFLE_BYTES_DISK_DIRECT: 33422525
INFO  :    SHUFFLE_BYTES_TO_DISK: 0
INFO  :    SHUFFLE_BYTES_TO_MEM: 270335069
INFO  :    SHUFFLE_PHASE_TIME: 1960244
INFO  : TaskCounter_Reducer_4_INPUT_Reducer_3:
INFO  :    FIRST_EVENT_RECEIVED: 33417
INFO  :    INPUT_RECORDS_PROCESSED: 15552667
INFO  :    LAST_EVENT_RECEIVED: 7851450
INFO  :    NUM_FAILED_SHUFFLE_INPUTS: 0
INFO  :    NUM_SHUFFLED_INPUTS: 1018073
INFO  :    SHUFFLE_BYTES: 585264961
INFO  :    SHUFFLE_BYTES_DECOMPRESSED: 806300228
INFO  :    SHUFFLE_BYTES_DISK_DIRECT: 64581139
INFO  :    SHUFFLE_BYTES_TO_DISK: 0
INFO  :    SHUFFLE_BYTES_TO_MEM: 520683822
INFO  :    SHUFFLE_PHASE_TIME: 12387063
INFO  : TaskCounter_Reducer_4_OUTPUT_Reducer_5:
INFO  :    ADDITIONAL_SPILLS_BYTES_READ: 0
INFO  :    ADDITIONAL_SPILLS_BYTES_WRITTEN: 0
INFO  :    ADDITIONAL_SPILL_COUNT: 0
INFO  :    OUTPUT_BYTES: 183047476
INFO  :    OUTPUT_BYTES_PHYSICAL: 186255019
INFO  :    OUTPUT_BYTES_WITH_OVERHEAD: 196274072
INFO  :    OUTPUT_RECORDS: 3559055
INFO  :    SHUFFLE_CHUNK_COUNT: 1009
INFO  :    SPILLED_RECORDS: 3559055
INFO  : TaskCounter_Reducer_5_INPUT_Reducer_4:
INFO  :    ADDITIONAL_SPILLS_BYTES_READ: 31573703
INFO  :    ADDITIONAL_SPILLS_BYTES_WRITTEN: 1826189
INFO  :    COMBINE_INPUT_RECORDS: 0
INFO  :    FIRST_EVENT_RECEIVED: 1909
INFO  :    LAST_EVENT_RECEIVED: 6541690
INFO  :    MERGED_MAP_OUTPUTS: 13138000
INFO  :    MERGE_PHASE_TIME: 6881089
INFO  :    NUM_DISK_TO_DISK_MERGES: 750
INFO  :    NUM_FAILED_SHUFFLE_INPUTS: 0
INFO  :    NUM_MEM_TO_DISK_MERGES: 0
INFO  :    NUM_SHUFFLED_INPUTS: 986335
INFO  :    NUM_SKIPPED_INPUTS: 31746
INFO  :    REDUCE_INPUT_GROUPS: 3611
INFO  :    REDUCE_INPUT_RECORDS: 3559055
INFO  :    SHUFFLE_BYTES: 185620099
INFO  :    SHUFFLE_BYTES_DECOMPRESSED: 196083596
INFO  :    SHUFFLE_BYTES_DISK_DIRECT: 20847628
INFO  :    SHUFFLE_BYTES_TO_DISK: 0
INFO  :    SHUFFLE_BYTES_TO_MEM: 164772471
INFO  :    SHUFFLE_PHASE_TIME: 6859007
INFO  :    SPILLED_RECORDS: 3824272
INFO  : TaskCounter_Reducer_5_OUTPUT_Reducer_6:
INFO  :    ADDITIONAL_SPILLS_BYTES_READ: 0
INFO  :    ADDITIONAL_SPILLS_BYTES_WRITTEN: 0
INFO  :    ADDITIONAL_SPILL_COUNT: 0
INFO  :    OUTPUT_BYTES: 185735
INFO  :    OUTPUT_BYTES_PHYSICAL: 146016
INFO  :    OUTPUT_BYTES_WITH_OVERHEAD: 194475
INFO  :    OUTPUT_RECORDS: 3611
INFO  :    SHUFFLE_CHUNK_COUNT: 253
INFO  :    SPILLED_RECORDS: 3611
INFO  : TaskCounter_Reducer_6_INPUT_Reducer_5:
INFO  :    ADDITIONAL_SPILLS_BYTES_READ: 96265
INFO  :    ADDITIONAL_SPILLS_BYTES_WRITTEN: 78281
INFO  :    COMBINE_INPUT_RECORDS: 0
INFO  :    FIRST_EVENT_RECEIVED: 3
INFO  :    LAST_EVENT_RECEIVED: 2076
INFO  :    MERGED_MAP_OUTPUTS: 253
INFO  :    MERGE_PHASE_TIME: 2090
INFO  :    NUM_DISK_TO_DISK_MERGES: 0
INFO  :    NUM_FAILED_SHUFFLE_INPUTS: 0
INFO  :    NUM_MEM_TO_DISK_MERGES: 0
INFO  :    NUM_SHUFFLED_INPUTS: 253
INFO  :    NUM_SKIPPED_INPUTS: 0
INFO  :    REDUCE_INPUT_GROUPS: 3611
INFO  :    REDUCE_INPUT_RECORDS: 3611
INFO  :    SHUFFLE_BYTES: 146016
INFO  :    SHUFFLE_BYTES_DECOMPRESSED: 194475
INFO  :    SHUFFLE_BYTES_DISK_DIRECT: 17984
INFO  :    SHUFFLE_BYTES_TO_DISK: 0
INFO  :    SHUFFLE_BYTES_TO_MEM: 128032
INFO  :    SHUFFLE_PHASE_TIME: 2081
INFO  :    SPILLED_RECORDS: 3611
INFO  : TaskCounter_Reducer_6_OUTPUT_out_Reducer_6:
INFO  :    OUTPUT_RECORDS: 0
INFO  : org.apache.hadoop.hive.llap.counters.LlapIOCounters:
INFO  :    ALLOCATED_BYTES: 12171214848
INFO  :    ALLOCATED_USED_BYTES: 10714332825
INFO  :    CACHE_HIT_BYTES: 262048880
INFO  :    CACHE_MISS_BYTES: 8332402887
INFO  :    CONSUMER_TIME_NS: 573142104561
INFO  :    DECODE_TIME_NS: 259946679986
INFO  :    HDFS_TIME_NS: 514417028258
INFO  :    METADATA_CACHE_HIT: 1407
INFO  :    METADATA_CACHE_MISS: 1366
INFO  :    NUM_DECODED_BATCHES: 98221
INFO  :    NUM_VECTOR_BATCHES: 976844
INFO  :    ROWS_EMITTED: 976663434
INFO  :    SELECTED_ROWGROUPS: 98221
INFO  :    TOTAL_IO_TIME_NS: 834580219464
INFO  : Completed executing command(queryId=hive_20161017164910_484013d0-b600-4721-920c-9c5eb1365e43); Time taken: 83.86 seconds
INFO  : OK
100 rows selected (84.737 seconds)
Closing: 0: jdbc:hive2://h01hn02:10500/tpcds_bin_partitioned_orc_10000
