0: jdbc:hive2://h01hn02:10500/tpcds_bin_parti> set ambari.hive.db.schema.name=hive;
0: jdbc:hive2://h01hn02:10500/tpcds_bin_parti> set fs.file.impl.disable.cache=true;
0: jdbc:hive2://h01hn02:10500/tpcds_bin_parti> set fs.hdfs.impl.disable.cache=true;
0: jdbc:hive2://h01hn02:10500/tpcds_bin_parti> set hive.auto.convert.join.noconditionaltask=true;
0: jdbc:hive2://h01hn02:10500/tpcds_bin_parti> set hive.auto.convert.join=true;
0: jdbc:hive2://h01hn02:10500/tpcds_bin_parti> -- set hive.auto.convert.sortmerge.join.noconditionaltask=true;
0: jdbc:hive2://h01hn02:10500/tpcds_bin_parti> set hive.auto.convert.sortmerge.join=true;
0: jdbc:hive2://h01hn02:10500/tpcds_bin_parti> set hive.compactor.abortedtxn.threshold=1000;
0: jdbc:hive2://h01hn02:10500/tpcds_bin_parti> set hive.compactor.check.interval=300;
0: jdbc:hive2://h01hn02:10500/tpcds_bin_parti> set hive.compactor.delta.num.threshold=10;
0: jdbc:hive2://h01hn02:10500/tpcds_bin_parti> set hive.compactor.delta.pct.threshold=0.1f;
0: jdbc:hive2://h01hn02:10500/tpcds_bin_parti> set hive.compactor.initiator.on=false;
0: jdbc:hive2://h01hn02:10500/tpcds_bin_parti> set hive.compactor.worker.threads=0;
0: jdbc:hive2://h01hn02:10500/tpcds_bin_parti> set hive.compactor.worker.timeout=86400;
0: jdbc:hive2://h01hn02:10500/tpcds_bin_parti> set hive.compute.query.using.stats=true;
0: jdbc:hive2://h01hn02:10500/tpcds_bin_parti> set hive.enforce.bucketing=true;
0: jdbc:hive2://h01hn02:10500/tpcds_bin_parti> set hive.enforce.sorting=true;
0: jdbc:hive2://h01hn02:10500/tpcds_bin_parti> set hive.enforce.sortmergebucketmapjoin=true;
0: jdbc:hive2://h01hn02:10500/tpcds_bin_parti> 
0: jdbc:hive2://h01hn02:10500/tpcds_bin_parti> set hive.limit.pushdown.memory.usage=0.04;
0: jdbc:hive2://h01hn02:10500/tpcds_bin_parti> set hive.map.aggr=true;
0: jdbc:hive2://h01hn02:10500/tpcds_bin_parti> set hive.mapjoin.bucket.cache.size=10000;
0: jdbc:hive2://h01hn02:10500/tpcds_bin_parti> set hive.mapred.reduce.tasks.speculative.execution=false;
0: jdbc:hive2://h01hn02:10500/tpcds_bin_parti> set hive.metastore.cache.pinobjtypes=Table,Database,Type,FieldSchema,Order;
0: jdbc:hive2://h01hn02:10500/tpcds_bin_parti> set hive.metastore.client.socket.timeout=60;
0: jdbc:hive2://h01hn02:10500/tpcds_bin_parti> set hive.metastore.execute.setugi=true;
0: jdbc:hive2://h01hn02:10500/tpcds_bin_parti> set hive.metastore.warehouse.dir=/apps/hive/warehouse;
0: jdbc:hive2://h01hn02:10500/tpcds_bin_parti> set hive.optimize.bucketmapjoin.sortedmerge=false;
0: jdbc:hive2://h01hn02:10500/tpcds_bin_parti> set hive.optimize.bucketmapjoin=true;
0: jdbc:hive2://h01hn02:10500/tpcds_bin_parti> set hive.optimize.index.filter=true;
0: jdbc:hive2://h01hn02:10500/tpcds_bin_parti> -- set hive.optimize.mapjoin.mapreduce=true;
0: jdbc:hive2://h01hn02:10500/tpcds_bin_parti> set hive.optimize.reducededuplication.min.reducer=4;
0: jdbc:hive2://h01hn02:10500/tpcds_bin_parti> set hive.optimize.reducededuplication=true;
0: jdbc:hive2://h01hn02:10500/tpcds_bin_parti> set hive.orc.splits.include.file.footer=false;
0: jdbc:hive2://h01hn02:10500/tpcds_bin_parti> set hive.security.authorization.enabled=false;
0: jdbc:hive2://h01hn02:10500/tpcds_bin_parti> set hive.security.metastore.authorization.manager=org.apache.hadoop.hive.ql.security.authorization.StorageBasedAuthorizationProvider;
0: jdbc:hive2://h01hn02:10500/tpcds_bin_parti> -- set hive.semantic.analyzer.factory.impl=org.apache.hivealog.cli.HCatSemanticAnalyzerFactory;
0: jdbc:hive2://h01hn02:10500/tpcds_bin_parti> set hive.server2.enable.doAs=false;
0: jdbc:hive2://h01hn02:10500/tpcds_bin_parti> set hive.server2.tez.default.queues=default;
0: jdbc:hive2://h01hn02:10500/tpcds_bin_parti> set hive.server2.tez.initialize.default.sessions=false;
0: jdbc:hive2://h01hn02:10500/tpcds_bin_parti> set hive.server2.tez.sessions.per.default.queue=1;
0: jdbc:hive2://h01hn02:10500/tpcds_bin_parti> set hive.stats.autogather=true;
0: jdbc:hive2://h01hn02:10500/tpcds_bin_parti> set hive.tez.input.format=org.apache.hadoop.hive.ql.io.HiveInputFormat;
0: jdbc:hive2://h01hn02:10500/tpcds_bin_parti> set hive.txn.manager=org.apache.hadoop.hive.ql.lockmgr.DummyTxnManager;
0: jdbc:hive2://h01hn02:10500/tpcds_bin_parti> set hive.txn.max.open.batch=1000;
0: jdbc:hive2://h01hn02:10500/tpcds_bin_parti> set hive.txn.timeout=300;
0: jdbc:hive2://h01hn02:10500/tpcds_bin_parti> set hive.vectorized.execution.enabled=true;
0: jdbc:hive2://h01hn02:10500/tpcds_bin_parti> set hive.vectorized.groupby.checkinterval=1024;
0: jdbc:hive2://h01hn02:10500/tpcds_bin_parti> set hive.vectorized.groupby.flush.percent=1;
0: jdbc:hive2://h01hn02:10500/tpcds_bin_parti> set hive.vectorized.groupby.maxentries=1024;
0: jdbc:hive2://h01hn02:10500/tpcds_bin_parti> 
0: jdbc:hive2://h01hn02:10500/tpcds_bin_parti> -- These values need to be tuned appropriately to your cluster. These examples are for reference.
0: jdbc:hive2://h01hn02:10500/tpcds_bin_parti> set hive.tez.container.size=6144;
0: jdbc:hive2://h01hn02:10500/tpcds_bin_parti> set hive.tez.java.opts=-Xmx5120m;
0: jdbc:hive2://h01hn02:10500/tpcds_bin_parti> --set hive.auto.convert.join.noconditionaltask.size=100000000;
0: jdbc:hive2://h01hn02:10500/tpcds_bin_parti> --set hive.auto.convert.join.noconditionaltask.size=320000000;
0: jdbc:hive2://h01hn02:10500/tpcds_bin_parti> set hive.auto.convert.join.noconditionaltask.size=629145600;
0: jdbc:hive2://h01hn02:10500/tpcds_bin_parti> -- set hive.auto.convert.join.noconditionaltask.size=720000000;
0: jdbc:hive2://h01hn02:10500/tpcds_bin_parti> -- set hive.auto.convert.join.noconditionaltask.size=1920000000;
0: jdbc:hive2://h01hn02:10500/tpcds_bin_parti> 
0: jdbc:hive2://h01hn02:10500/tpcds_bin_parti> set hive.execution.engine=tez;
0: jdbc:hive2://h01hn02:10500/tpcds_bin_parti> set hive.default.fileformat=orc;
0: jdbc:hive2://h01hn02:10500/tpcds_bin_parti> set hive.cbo.enable=true;
0: jdbc:hive2://h01hn02:10500/tpcds_bin_parti> set hive.stats.fetch.column.stats=true;
0: jdbc:hive2://h01hn02:10500/tpcds_bin_parti> set hive.exec.dynamic.partition.mode=nonstrict;
0: jdbc:hive2://h01hn02:10500/tpcds_bin_parti> set hive.tez.auto.reducer.parallelism=true;
0: jdbc:hive2://h01hn02:10500/tpcds_bin_parti> -- set hive.exec.reducers.bytes.per.reducer=1000000000;
0: jdbc:hive2://h01hn02:10500/tpcds_bin_parti> set hive.exec.reducers.bytes.per.reducer=67108864;
0: jdbc:hive2://h01hn02:10500/tpcds_bin_parti> set hive.txn.manager=org.apache.hadoop.hive.ql.lockmgr.DummyTxnManager;
0: jdbc:hive2://h01hn02:10500/tpcds_bin_parti> set hive.support.concurrency=false;
0: jdbc:hive2://h01hn02:10500/tpcds_bin_parti> set hive.tez.exec.print.summary=true;
0: jdbc:hive2://h01hn02:10500/tpcds_bin_parti> 
0: jdbc:hive2://h01hn02:10500/tpcds_bin_parti> set tez.grouping.min-size=16777216;
0: jdbc:hive2://h01hn02:10500/tpcds_bin_parti> --set tez.grouping.min-size=8388608;
0: jdbc:hive2://h01hn02:10500/tpcds_bin_parti> set tez.grouping.max-size=1073741824;
0: jdbc:hive2://h01hn02:10500/tpcds_bin_parti> --set tez.grouping.max-size=1342177280;
0: jdbc:hive2://h01hn02:10500/tpcds_bin_parti> 
0: jdbc:hive2://h01hn02:10500/tpcds_bin_parti> --set tez.grouping.split-waves=1.7;
0: jdbc:hive2://h01hn02:10500/tpcds_bin_parti> set tez.runtime.io.sort.mb=174;
0: jdbc:hive2://h01hn02:10500/tpcds_bin_parti> 
0: jdbc:hive2://h01hn02:10500/tpcds_bin_parti> 
0: jdbc:hive2://h01hn02:10500/tpcds_bin_parti> select  
0: jdbc:hive2://h01hn02:10500/tpcds_bin_parti>  'web' as channel
0: jdbc:hive2://h01hn02:10500/tpcds_bin_parti>  ,web.item
0: jdbc:hive2://h01hn02:10500/tpcds_bin_parti>  ,web.return_ratio
0: jdbc:hive2://h01hn02:10500/tpcds_bin_parti>  ,web.return_rank
0: jdbc:hive2://h01hn02:10500/tpcds_bin_parti>  ,web.currency_rank
0: jdbc:hive2://h01hn02:10500/tpcds_bin_parti>  from (
0: jdbc:hive2://h01hn02:10500/tpcds_bin_parti>  select 
0: jdbc:hive2://h01hn02:10500/tpcds_bin_parti>   item
0: jdbc:hive2://h01hn02:10500/tpcds_bin_parti>  ,return_ratio
0: jdbc:hive2://h01hn02:10500/tpcds_bin_parti>  ,currency_ratio
0: jdbc:hive2://h01hn02:10500/tpcds_bin_parti>  ,rank() over (order by return_ratio) as return_rank
0: jdbc:hive2://h01hn02:10500/tpcds_bin_parti>  ,rank() over (order by currency_ratio) as currency_rank
0: jdbc:hive2://h01hn02:10500/tpcds_bin_parti>  from
0: jdbc:hive2://h01hn02:10500/tpcds_bin_parti>  (select ws.ws_item_sk as item
0: jdbc:hive2://h01hn02:10500/tpcds_bin_parti>  ,(cast(sum(coalesce(wr.wr_return_quantity,0)) as decimal(15,4))/
0: jdbc:hive2://h01hn02:10500/tpcds_bin_parti>  cast(sum(coalesce(ws.ws_quantity,0)) as decimal(15,4) )) as return_ratio
0: jdbc:hive2://h01hn02:10500/tpcds_bin_parti>  ,(cast(sum(coalesce(wr.wr_return_amt,0)) as decimal(15,4))/
0: jdbc:hive2://h01hn02:10500/tpcds_bin_parti>  cast(sum(coalesce(ws.ws_net_paid,0)) as decimal(15,4) )) as currency_ratio
0: jdbc:hive2://h01hn02:10500/tpcds_bin_parti>  from 
0: jdbc:hive2://h01hn02:10500/tpcds_bin_parti>   web_sales ws left outer join web_returns wr 
0: jdbc:hive2://h01hn02:10500/tpcds_bin_parti>  on (ws.ws_order_number = wr.wr_order_number and 
0: jdbc:hive2://h01hn02:10500/tpcds_bin_parti>  ws.ws_item_sk = wr.wr_item_sk)
0: jdbc:hive2://h01hn02:10500/tpcds_bin_parti>                  ,date_dim
0: jdbc:hive2://h01hn02:10500/tpcds_bin_parti>  where 
0: jdbc:hive2://h01hn02:10500/tpcds_bin_parti>  wr.wr_return_amt > 10000 
0: jdbc:hive2://h01hn02:10500/tpcds_bin_parti>  and ws.ws_net_profit > 1
0: jdbc:hive2://h01hn02:10500/tpcds_bin_parti>                          and ws.ws_net_paid > 0
0: jdbc:hive2://h01hn02:10500/tpcds_bin_parti>                          and ws.ws_quantity > 0
0: jdbc:hive2://h01hn02:10500/tpcds_bin_parti>                          and ws.ws_sold_date_sk = date_dim.d_date_sk
0: jdbc:hive2://h01hn02:10500/tpcds_bin_parti>                          and d_year = 2000
0: jdbc:hive2://h01hn02:10500/tpcds_bin_parti>                          and d_moy = 12
0: jdbc:hive2://h01hn02:10500/tpcds_bin_parti>  group by ws.ws_item_sk
0: jdbc:hive2://h01hn02:10500/tpcds_bin_parti>  ) in_web
0: jdbc:hive2://h01hn02:10500/tpcds_bin_parti>  ) web
0: jdbc:hive2://h01hn02:10500/tpcds_bin_parti>  where 
0: jdbc:hive2://h01hn02:10500/tpcds_bin_parti>  (
0: jdbc:hive2://h01hn02:10500/tpcds_bin_parti>  web.return_rank <= 10
0: jdbc:hive2://h01hn02:10500/tpcds_bin_parti>  or
0: jdbc:hive2://h01hn02:10500/tpcds_bin_parti>  web.currency_rank <= 10
0: jdbc:hive2://h01hn02:10500/tpcds_bin_parti>  )
0: jdbc:hive2://h01hn02:10500/tpcds_bin_parti>  union all
0: jdbc:hive2://h01hn02:10500/tpcds_bin_parti>  select 
0: jdbc:hive2://h01hn02:10500/tpcds_bin_parti>  'catalog' as channel
0: jdbc:hive2://h01hn02:10500/tpcds_bin_parti>  ,catalog.item
0: jdbc:hive2://h01hn02:10500/tpcds_bin_parti>  ,catalog.return_ratio
0: jdbc:hive2://h01hn02:10500/tpcds_bin_parti>  ,catalog.return_rank
0: jdbc:hive2://h01hn02:10500/tpcds_bin_parti>  ,catalog.currency_rank
0: jdbc:hive2://h01hn02:10500/tpcds_bin_parti>  from (
0: jdbc:hive2://h01hn02:10500/tpcds_bin_parti>  select 
0: jdbc:hive2://h01hn02:10500/tpcds_bin_parti>   item
0: jdbc:hive2://h01hn02:10500/tpcds_bin_parti>  ,return_ratio
0: jdbc:hive2://h01hn02:10500/tpcds_bin_parti>  ,currency_ratio
0: jdbc:hive2://h01hn02:10500/tpcds_bin_parti>  ,rank() over (order by return_ratio) as return_rank
0: jdbc:hive2://h01hn02:10500/tpcds_bin_parti>  ,rank() over (order by currency_ratio) as currency_rank
0: jdbc:hive2://h01hn02:10500/tpcds_bin_parti>  from
0: jdbc:hive2://h01hn02:10500/tpcds_bin_parti>  (select 
0: jdbc:hive2://h01hn02:10500/tpcds_bin_parti>  cs.cs_item_sk as item
0: jdbc:hive2://h01hn02:10500/tpcds_bin_parti>  ,(cast(sum(coalesce(cr.cr_return_quantity,0)) as decimal(15,4))/
0: jdbc:hive2://h01hn02:10500/tpcds_bin_parti>  cast(sum(coalesce(cs.cs_quantity,0)) as decimal(15,4) )) as return_ratio
0: jdbc:hive2://h01hn02:10500/tpcds_bin_parti>  ,(cast(sum(coalesce(cr.cr_return_amount,0)) as decimal(15,4))/
0: jdbc:hive2://h01hn02:10500/tpcds_bin_parti>  cast(sum(coalesce(cs.cs_net_paid,0)) as decimal(15,4) )) as currency_ratio
0: jdbc:hive2://h01hn02:10500/tpcds_bin_parti>  from 
0: jdbc:hive2://h01hn02:10500/tpcds_bin_parti>  catalog_sales cs left outer join catalog_returns cr
0: jdbc:hive2://h01hn02:10500/tpcds_bin_parti>  on (cs.cs_order_number = cr.cr_order_number and 
0: jdbc:hive2://h01hn02:10500/tpcds_bin_parti>  cs.cs_item_sk = cr.cr_item_sk)
0: jdbc:hive2://h01hn02:10500/tpcds_bin_parti>                 ,date_dim
0: jdbc:hive2://h01hn02:10500/tpcds_bin_parti>  where 
0: jdbc:hive2://h01hn02:10500/tpcds_bin_parti>  cr.cr_return_amount > 10000 
0: jdbc:hive2://h01hn02:10500/tpcds_bin_parti>  and cs.cs_net_profit > 1
0: jdbc:hive2://h01hn02:10500/tpcds_bin_parti>                          and cs.cs_net_paid > 0
0: jdbc:hive2://h01hn02:10500/tpcds_bin_parti>                          and cs.cs_quantity > 0
0: jdbc:hive2://h01hn02:10500/tpcds_bin_parti>                          and cs_sold_date_sk = d_date_sk
0: jdbc:hive2://h01hn02:10500/tpcds_bin_parti>                          and d_year = 2000
0: jdbc:hive2://h01hn02:10500/tpcds_bin_parti>                          and d_moy = 12
0: jdbc:hive2://h01hn02:10500/tpcds_bin_parti>  and cs_sold_date_sk between '2000-12-01' and '2000-12-31'
0: jdbc:hive2://h01hn02:10500/tpcds_bin_parti>                  group by cs.cs_item_sk
0: jdbc:hive2://h01hn02:10500/tpcds_bin_parti>  ) in_cat
0: jdbc:hive2://h01hn02:10500/tpcds_bin_parti>  ) catalog
0: jdbc:hive2://h01hn02:10500/tpcds_bin_parti>  where 
0: jdbc:hive2://h01hn02:10500/tpcds_bin_parti>  (
0: jdbc:hive2://h01hn02:10500/tpcds_bin_parti>  catalog.return_rank <= 10
0: jdbc:hive2://h01hn02:10500/tpcds_bin_parti>  or
0: jdbc:hive2://h01hn02:10500/tpcds_bin_parti>  catalog.currency_rank <=10
0: jdbc:hive2://h01hn02:10500/tpcds_bin_parti>  )
0: jdbc:hive2://h01hn02:10500/tpcds_bin_parti>  union all
0: jdbc:hive2://h01hn02:10500/tpcds_bin_parti>  select 
0: jdbc:hive2://h01hn02:10500/tpcds_bin_parti>  'store' as channel
0: jdbc:hive2://h01hn02:10500/tpcds_bin_parti>  ,store.item
0: jdbc:hive2://h01hn02:10500/tpcds_bin_parti>  ,store.return_ratio
0: jdbc:hive2://h01hn02:10500/tpcds_bin_parti>  ,store.return_rank
0: jdbc:hive2://h01hn02:10500/tpcds_bin_parti>  ,store.currency_rank
0: jdbc:hive2://h01hn02:10500/tpcds_bin_parti>  from (
0: jdbc:hive2://h01hn02:10500/tpcds_bin_parti>  select 
0: jdbc:hive2://h01hn02:10500/tpcds_bin_parti>   item
0: jdbc:hive2://h01hn02:10500/tpcds_bin_parti>  ,return_ratio
0: jdbc:hive2://h01hn02:10500/tpcds_bin_parti>  ,currency_ratio
0: jdbc:hive2://h01hn02:10500/tpcds_bin_parti>  ,rank() over (order by return_ratio) as return_rank
0: jdbc:hive2://h01hn02:10500/tpcds_bin_parti>  ,rank() over (order by currency_ratio) as currency_rank
0: jdbc:hive2://h01hn02:10500/tpcds_bin_parti>  from
0: jdbc:hive2://h01hn02:10500/tpcds_bin_parti>  (select sts.ss_item_sk as item
0: jdbc:hive2://h01hn02:10500/tpcds_bin_parti>  ,(cast(sum(coalesce(sr.sr_return_quantity,0)) as decimal(15,4))/cast(sum(coalesce(sts.ss_quantity,0)) as decimal(15,4) )) as return_ratio
0: jdbc:hive2://h01hn02:10500/tpcds_bin_parti>  ,(cast(sum(coalesce(sr.sr_return_amt,0)) as decimal(15,4))/cast(sum(coalesce(sts.ss_net_paid,0)) as decimal(15,4) )) as currency_ratio
0: jdbc:hive2://h01hn02:10500/tpcds_bin_parti>  from 
0: jdbc:hive2://h01hn02:10500/tpcds_bin_parti>  store_sales sts left outer join store_returns sr
0: jdbc:hive2://h01hn02:10500/tpcds_bin_parti>  on (sts.ss_ticket_number = sr.sr_ticket_number and sts.ss_item_sk = sr.sr_item_sk)
0: jdbc:hive2://h01hn02:10500/tpcds_bin_parti>                 ,date_dim
0: jdbc:hive2://h01hn02:10500/tpcds_bin_parti>  where 
0: jdbc:hive2://h01hn02:10500/tpcds_bin_parti>  sr.sr_return_amt > 10000 
0: jdbc:hive2://h01hn02:10500/tpcds_bin_parti>  and sts.ss_net_profit > 1
0: jdbc:hive2://h01hn02:10500/tpcds_bin_parti>                          and sts.ss_net_paid > 0 
0: jdbc:hive2://h01hn02:10500/tpcds_bin_parti>                          and sts.ss_quantity > 0
0: jdbc:hive2://h01hn02:10500/tpcds_bin_parti>                          and ss_sold_date_sk = d_date_sk
0: jdbc:hive2://h01hn02:10500/tpcds_bin_parti>                          and d_year = 2000
0: jdbc:hive2://h01hn02:10500/tpcds_bin_parti>                          and d_moy = 12
0: jdbc:hive2://h01hn02:10500/tpcds_bin_parti>  and ss_sold_date_sk between '2000-12-01' and '2000-12-31'
0: jdbc:hive2://h01hn02:10500/tpcds_bin_parti>  group by sts.ss_item_sk
0: jdbc:hive2://h01hn02:10500/tpcds_bin_parti>  ) in_store
0: jdbc:hive2://h01hn02:10500/tpcds_bin_parti>  ) store
0: jdbc:hive2://h01hn02:10500/tpcds_bin_parti>  where  (
0: jdbc:hive2://h01hn02:10500/tpcds_bin_parti>  store.return_rank <= 10
0: jdbc:hive2://h01hn02:10500/tpcds_bin_parti>  or 
0: jdbc:hive2://h01hn02:10500/tpcds_bin_parti>  store.currency_rank <= 10
0: jdbc:hive2://h01hn02:10500/tpcds_bin_parti>  )
0: jdbc:hive2://h01hn02:10500/tpcds_bin_parti>  order by 1,4,5
0: jdbc:hive2://h01hn02:10500/tpcds_bin_parti>  limit 100;
+-------------+----------+-------------------------+-----------------+-------------------+--+
| u1.channel  | u1.item  |     u1.return_ratio     | u1.return_rank  | u1.currency_rank  |
+-------------+----------+-------------------------+-----------------+-------------------+--+
| web         | 175169   | 0.37755102040816326531  | 406             | 1                 |
| web         | 119551   | 0E-20                   | 1               | 17468             |
| web         | 220016   | 0.41237113402061855670  | 413             | 3                 |
| web         | 197885   | 0.41414141414141414141  | 414             | 4                 |
| web         | 91331    | 0.42000000000000000000  | 415             | 5                 |
| web         | 145243   | 0.42424242424242424242  | 420             | 6                 |
| web         | 106943   | 0.42696629213483146067  | 422             | 7                 |
| web         | 228583   | 0E-20                   | 1               | 17491             |
| web         | 154448   | 0.43181818181818181818  | 427             | 9                 |
| web         | 171626   | 0.43298969072164948454  | 428             | 10                |
| web         | 240985   | 0E-20                   | 1               | 11                |
| web         | 93697    | 0E-20                   | 1               | 66                |
| web         | 11071    | 0E-20                   | 1               | 144               |
| web         | 54067    | 0E-20                   | 1               | 280               |
| web         | 10265    | 0E-20                   | 1               | 330               |
| web         | 5981     | 0E-20                   | 1               | 342               |
| web         | 160189   | 0E-20                   | 1               | 409               |
| web         | 231632   | 0E-20                   | 1               | 413               |
| web         | 36121    | 0E-20                   | 1               | 465               |
| web         | 160747   | 0E-20                   | 1               | 468               |
| web         | 148279   | 0E-20                   | 1               | 585               |
| web         | 211778   | 0E-20                   | 1               | 594               |
| web         | 91430    | 0E-20                   | 1               | 684               |
| web         | 287885   | 0E-20                   | 1               | 700               |
| web         | 194327   | 0E-20                   | 1               | 802               |
| web         | 224245   | 0E-20                   | 1               | 848               |
| web         | 143114   | 0E-20                   | 1               | 901               |
| web         | 4472     | 0E-20                   | 1               | 927               |
| web         | 114674   | 0E-20                   | 1               | 931               |
| web         | 295789   | 0E-20                   | 1               | 938               |
| web         | 30737    | 0E-20                   | 1               | 1002              |
| web         | 248270   | 0E-20                   | 1               | 17501             |
| web         | 286535   | 0E-20                   | 1               | 1126              |
| web         | 280115   | 0E-20                   | 1               | 1204              |
| web         | 213913   | 0E-20                   | 1               | 1276              |
| web         | 246343   | 0E-20                   | 1               | 1297              |
| web         | 26282    | 0E-20                   | 1               | 1313              |
| web         | 62137    | 0E-20                   | 1               | 1328              |
| web         | 296213   | 0E-20                   | 1               | 1358              |
| web         | 228920   | 0E-20                   | 1               | 1553              |
| web         | 263131   | 0E-20                   | 1               | 1608              |
| web         | 151004   | 0E-20                   | 1               | 1641              |
| web         | 92725    | 0E-20                   | 1               | 1747              |
| web         | 179801   | 0E-20                   | 1               | 1766              |
| web         | 100537   | 0E-20                   | 1               | 1839              |
| web         | 267398   | 0E-20                   | 1               | 1889              |
| web         | 1175     | 0E-20                   | 1               | 1940              |
| web         | 151423   | 0E-20                   | 1               | 2032              |
| web         | 191281   | 0E-20                   | 1               | 2129              |
| web         | 296137   | 0E-20                   | 1               | 2259              |
| web         | 261230   | 0E-20                   | 1               | 2297              |
| web         | 148847   | 0E-20                   | 1               | 2311              |
| web         | 156205   | 0E-20                   | 1               | 2318              |
| web         | 6575     | 0E-20                   | 1               | 2319              |
| web         | 36403    | 0E-20                   | 1               | 2354              |
| web         | 260339   | 0E-20                   | 1               | 2417              |
| web         | 274757   | 0E-20                   | 1               | 2448              |
| web         | 72752    | 0E-20                   | 1               | 2472              |
| web         | 68474    | 0E-20                   | 1               | 2483              |
| web         | 262394   | 0E-20                   | 1               | 2507              |
| web         | 268706   | 0E-20                   | 1               | 2512              |
| web         | 162413   | 0E-20                   | 1               | 2566              |
| web         | 275618   | 0E-20                   | 1               | 2603              |
| web         | 230108   | 0E-20                   | 1               | 2773              |
| web         | 153164   | 0E-20                   | 1               | 2845              |
| web         | 290159   | 0E-20                   | 1               | 2898              |
| web         | 221330   | 0E-20                   | 1               | 2952              |
| web         | 87014    | 0E-20                   | 1               | 2959              |
| web         | 26750    | 0E-20                   | 1               | 3067              |
| web         | 67418    | 0E-20                   | 1               | 3078              |
| web         | 41864    | 0E-20                   | 1               | 3131              |
| web         | 257450   | 0E-20                   | 1               | 3161              |
| web         | 40214    | 0E-20                   | 1               | 3205              |
| web         | 295160   | 0E-20                   | 1               | 3300              |
| web         | 255944   | 0E-20                   | 1               | 3343              |
| web         | 138941   | 0E-20                   | 1               | 3421              |
| web         | 234686   | 0E-20                   | 1               | 3448              |
| web         | 96937    | 0E-20                   | 1               | 3482              |
| web         | 263617   | 0E-20                   | 1               | 3488              |
| web         | 291050   | 0E-20                   | 1               | 3554              |
| web         | 80731    | 0E-20                   | 1               | 3587              |
| web         | 259637   | 0E-20                   | 1               | 3605              |
| web         | 24173    | 0E-20                   | 1               | 3620              |
| web         | 186649   | 0E-20                   | 1               | 3741              |
| web         | 24491    | 0E-20                   | 1               | 3821              |
| web         | 196939   | 0E-20                   | 1               | 3831              |
| web         | 236855   | 0E-20                   | 1               | 3834              |
| web         | 124195   | 0E-20                   | 1               | 3852              |
| web         | 170575   | 0E-20                   | 1               | 3895              |
| web         | 273926   | 0E-20                   | 1               | 3896              |
| web         | 235640   | 0E-20                   | 1               | 4073              |
| web         | 110084   | 0E-20                   | 1               | 4098              |
| web         | 233312   | 0E-20                   | 1               | 4137              |
| web         | 269768   | 0E-20                   | 1               | 4138              |
| web         | 193751   | 0E-20                   | 1               | 4249              |
| web         | 109439   | 0E-20                   | 1               | 4275              |
| web         | 233023   | 0E-20                   | 1               | 4380              |
| web         | 273901   | 0E-20                   | 1               | 4393              |
| web         | 251021   | 0E-20                   | 1               | 4401              |
| web         | 30980    | 0E-20                   | 1               | 4435              |
+-------------+----------+-------------------------+-----------------+-------------------+--+
0: jdbc:hive2://h01hn02:10500/tpcds_bin_parti> 
0: jdbc:hive2://h01hn02:10500/tpcds_bin_parti> 
0: jdbc:hive2://h01hn02:10500/tpcds_bin_parti> 
