0: jdbc:hive2://h01hn02:10500/tpcds_bin_parti> set ambari.hive.db.schema.name=hive;
0: jdbc:hive2://h01hn02:10500/tpcds_bin_parti> set fs.file.impl.disable.cache=true;
0: jdbc:hive2://h01hn02:10500/tpcds_bin_parti> set fs.hdfs.impl.disable.cache=true;
0: jdbc:hive2://h01hn02:10500/tpcds_bin_parti> set hive.auto.convert.join.noconditionaltask=true;
0: jdbc:hive2://h01hn02:10500/tpcds_bin_parti> set hive.auto.convert.join=true;
0: jdbc:hive2://h01hn02:10500/tpcds_bin_parti> -- set hive.auto.convert.sortmerge.join.noconditionaltask=true;
0: jdbc:hive2://h01hn02:10500/tpcds_bin_parti> set hive.auto.convert.sortmerge.join=true;
0: jdbc:hive2://h01hn02:10500/tpcds_bin_parti> set hive.compactor.abortedtxn.threshold=1000;
0: jdbc:hive2://h01hn02:10500/tpcds_bin_parti> set hive.compactor.check.interval=300;
0: jdbc:hive2://h01hn02:10500/tpcds_bin_parti> set hive.compactor.delta.num.threshold=10;
0: jdbc:hive2://h01hn02:10500/tpcds_bin_parti> set hive.compactor.delta.pct.threshold=0.1f;
0: jdbc:hive2://h01hn02:10500/tpcds_bin_parti> set hive.compactor.initiator.on=false;
0: jdbc:hive2://h01hn02:10500/tpcds_bin_parti> set hive.compactor.worker.threads=0;
0: jdbc:hive2://h01hn02:10500/tpcds_bin_parti> set hive.compactor.worker.timeout=86400;
0: jdbc:hive2://h01hn02:10500/tpcds_bin_parti> set hive.compute.query.using.stats=true;
0: jdbc:hive2://h01hn02:10500/tpcds_bin_parti> set hive.enforce.bucketing=true;
0: jdbc:hive2://h01hn02:10500/tpcds_bin_parti> set hive.enforce.sorting=true;
0: jdbc:hive2://h01hn02:10500/tpcds_bin_parti> set hive.enforce.sortmergebucketmapjoin=true;
0: jdbc:hive2://h01hn02:10500/tpcds_bin_parti> 
0: jdbc:hive2://h01hn02:10500/tpcds_bin_parti> set hive.limit.pushdown.memory.usage=0.04;
0: jdbc:hive2://h01hn02:10500/tpcds_bin_parti> set hive.map.aggr=true;
0: jdbc:hive2://h01hn02:10500/tpcds_bin_parti> set hive.mapjoin.bucket.cache.size=10000;
0: jdbc:hive2://h01hn02:10500/tpcds_bin_parti> set hive.mapred.reduce.tasks.speculative.execution=false;
0: jdbc:hive2://h01hn02:10500/tpcds_bin_parti> set hive.metastore.cache.pinobjtypes=Table,Database,Type,FieldSchema,Order;
0: jdbc:hive2://h01hn02:10500/tpcds_bin_parti> set hive.metastore.client.socket.timeout=60;
0: jdbc:hive2://h01hn02:10500/tpcds_bin_parti> set hive.metastore.execute.setugi=true;
0: jdbc:hive2://h01hn02:10500/tpcds_bin_parti> set hive.metastore.warehouse.dir=/apps/hive/warehouse;
0: jdbc:hive2://h01hn02:10500/tpcds_bin_parti> set hive.optimize.bucketmapjoin.sortedmerge=false;
0: jdbc:hive2://h01hn02:10500/tpcds_bin_parti> set hive.optimize.bucketmapjoin=true;
0: jdbc:hive2://h01hn02:10500/tpcds_bin_parti> set hive.optimize.index.filter=true;
0: jdbc:hive2://h01hn02:10500/tpcds_bin_parti> -- set hive.optimize.mapjoin.mapreduce=true;
0: jdbc:hive2://h01hn02:10500/tpcds_bin_parti> set hive.optimize.reducededuplication.min.reducer=4;
0: jdbc:hive2://h01hn02:10500/tpcds_bin_parti> set hive.optimize.reducededuplication=true;
0: jdbc:hive2://h01hn02:10500/tpcds_bin_parti> set hive.orc.splits.include.file.footer=false;
0: jdbc:hive2://h01hn02:10500/tpcds_bin_parti> set hive.security.authorization.enabled=false;
0: jdbc:hive2://h01hn02:10500/tpcds_bin_parti> set hive.security.metastore.authorization.manager=org.apache.hadoop.hive.ql.security.authorization.StorageBasedAuthorizationProvider;
0: jdbc:hive2://h01hn02:10500/tpcds_bin_parti> -- set hive.semantic.analyzer.factory.impl=org.apache.hivealog.cli.HCatSemanticAnalyzerFactory;
0: jdbc:hive2://h01hn02:10500/tpcds_bin_parti> set hive.server2.enable.doAs=false;
0: jdbc:hive2://h01hn02:10500/tpcds_bin_parti> set hive.server2.tez.default.queues=default;
0: jdbc:hive2://h01hn02:10500/tpcds_bin_parti> set hive.server2.tez.initialize.default.sessions=false;
0: jdbc:hive2://h01hn02:10500/tpcds_bin_parti> set hive.server2.tez.sessions.per.default.queue=1;
0: jdbc:hive2://h01hn02:10500/tpcds_bin_parti> set hive.stats.autogather=true;
0: jdbc:hive2://h01hn02:10500/tpcds_bin_parti> set hive.tez.input.format=org.apache.hadoop.hive.ql.io.HiveInputFormat;
0: jdbc:hive2://h01hn02:10500/tpcds_bin_parti> set hive.txn.manager=org.apache.hadoop.hive.ql.lockmgr.DummyTxnManager;
0: jdbc:hive2://h01hn02:10500/tpcds_bin_parti> set hive.txn.max.open.batch=1000;
0: jdbc:hive2://h01hn02:10500/tpcds_bin_parti> set hive.txn.timeout=300;
0: jdbc:hive2://h01hn02:10500/tpcds_bin_parti> set hive.vectorized.execution.enabled=true;
0: jdbc:hive2://h01hn02:10500/tpcds_bin_parti> set hive.vectorized.groupby.checkinterval=1024;
0: jdbc:hive2://h01hn02:10500/tpcds_bin_parti> set hive.vectorized.groupby.flush.percent=1;
0: jdbc:hive2://h01hn02:10500/tpcds_bin_parti> set hive.vectorized.groupby.maxentries=1024;
0: jdbc:hive2://h01hn02:10500/tpcds_bin_parti> 
0: jdbc:hive2://h01hn02:10500/tpcds_bin_parti> -- These values need to be tuned appropriately to your cluster. These examples are for reference.
0: jdbc:hive2://h01hn02:10500/tpcds_bin_parti> set hive.tez.container.size=6144;
0: jdbc:hive2://h01hn02:10500/tpcds_bin_parti> set hive.tez.java.opts=-Xmx5120m;
0: jdbc:hive2://h01hn02:10500/tpcds_bin_parti> --set hive.auto.convert.join.noconditionaltask.size=100000000;
0: jdbc:hive2://h01hn02:10500/tpcds_bin_parti> --set hive.auto.convert.join.noconditionaltask.size=320000000;
0: jdbc:hive2://h01hn02:10500/tpcds_bin_parti> set hive.auto.convert.join.noconditionaltask.size=629145600;
0: jdbc:hive2://h01hn02:10500/tpcds_bin_parti> -- set hive.auto.convert.join.noconditionaltask.size=720000000;
0: jdbc:hive2://h01hn02:10500/tpcds_bin_parti> -- set hive.auto.convert.join.noconditionaltask.size=1920000000;
0: jdbc:hive2://h01hn02:10500/tpcds_bin_parti> 
0: jdbc:hive2://h01hn02:10500/tpcds_bin_parti> set hive.execution.engine=tez;
0: jdbc:hive2://h01hn02:10500/tpcds_bin_parti> set hive.default.fileformat=orc;
0: jdbc:hive2://h01hn02:10500/tpcds_bin_parti> set hive.cbo.enable=true;
0: jdbc:hive2://h01hn02:10500/tpcds_bin_parti> set hive.stats.fetch.column.stats=true;
0: jdbc:hive2://h01hn02:10500/tpcds_bin_parti> set hive.exec.dynamic.partition.mode=nonstrict;
0: jdbc:hive2://h01hn02:10500/tpcds_bin_parti> set hive.tez.auto.reducer.parallelism=true;
0: jdbc:hive2://h01hn02:10500/tpcds_bin_parti> -- set hive.exec.reducers.bytes.per.reducer=1000000000;
0: jdbc:hive2://h01hn02:10500/tpcds_bin_parti> set hive.exec.reducers.bytes.per.reducer=67108864;
0: jdbc:hive2://h01hn02:10500/tpcds_bin_parti> set hive.txn.manager=org.apache.hadoop.hive.ql.lockmgr.DummyTxnManager;
0: jdbc:hive2://h01hn02:10500/tpcds_bin_parti> set hive.support.concurrency=false;
0: jdbc:hive2://h01hn02:10500/tpcds_bin_parti> set hive.tez.exec.print.summary=true;
0: jdbc:hive2://h01hn02:10500/tpcds_bin_parti> 
0: jdbc:hive2://h01hn02:10500/tpcds_bin_parti> set tez.grouping.min-size=16777216;
0: jdbc:hive2://h01hn02:10500/tpcds_bin_parti> --set tez.grouping.min-size=8388608;
0: jdbc:hive2://h01hn02:10500/tpcds_bin_parti> set tez.grouping.max-size=1073741824;
0: jdbc:hive2://h01hn02:10500/tpcds_bin_parti> --set tez.grouping.max-size=1342177280;
0: jdbc:hive2://h01hn02:10500/tpcds_bin_parti> 
0: jdbc:hive2://h01hn02:10500/tpcds_bin_parti> --set tez.grouping.split-waves=1.7;
0: jdbc:hive2://h01hn02:10500/tpcds_bin_parti> set tez.runtime.io.sort.mb=174;
0: jdbc:hive2://h01hn02:10500/tpcds_bin_parti> 
0: jdbc:hive2://h01hn02:10500/tpcds_bin_parti> select  i_item_id
0: jdbc:hive2://h01hn02:10500/tpcds_bin_parti>        ,i_item_desc
0: jdbc:hive2://h01hn02:10500/tpcds_bin_parti>        ,s_state
0: jdbc:hive2://h01hn02:10500/tpcds_bin_parti>        ,count(ss_quantity) as store_sales_quantitycount
0: jdbc:hive2://h01hn02:10500/tpcds_bin_parti>        ,avg(ss_quantity) as store_sales_quantityave
0: jdbc:hive2://h01hn02:10500/tpcds_bin_parti>        ,stddev_samp(ss_quantity) as store_sales_quantitystdev
0: jdbc:hive2://h01hn02:10500/tpcds_bin_parti>        ,stddev_samp(ss_quantity)/avg(ss_quantity) as store_sales_quantitycov
0: jdbc:hive2://h01hn02:10500/tpcds_bin_parti>        ,count(sr_return_quantity) as_store_returns_quantitycount
0: jdbc:hive2://h01hn02:10500/tpcds_bin_parti>        ,avg(sr_return_quantity) as_store_returns_quantityave
0: jdbc:hive2://h01hn02:10500/tpcds_bin_parti>        ,stddev_samp(sr_return_quantity) as_store_returns_quantitystdev
0: jdbc:hive2://h01hn02:10500/tpcds_bin_parti>        ,stddev_samp(sr_return_quantity)/avg(sr_return_quantity) as store_returns_quantitycov
0: jdbc:hive2://h01hn02:10500/tpcds_bin_parti>        ,count(cs_quantity) as catalog_sales_quantitycount ,avg(cs_quantity) as catalog_sales_quantityave
0: jdbc:hive2://h01hn02:10500/tpcds_bin_parti>        ,stddev_samp(cs_quantity)/avg(cs_quantity) as catalog_sales_quantitystdev
0: jdbc:hive2://h01hn02:10500/tpcds_bin_parti>        ,stddev_samp(cs_quantity)/avg(cs_quantity) as catalog_sales_quantitycov
0: jdbc:hive2://h01hn02:10500/tpcds_bin_parti>  from store_sales
0: jdbc:hive2://h01hn02:10500/tpcds_bin_parti>      ,store_returns
0: jdbc:hive2://h01hn02:10500/tpcds_bin_parti>      ,catalog_sales
0: jdbc:hive2://h01hn02:10500/tpcds_bin_parti>      ,date_dim d1
0: jdbc:hive2://h01hn02:10500/tpcds_bin_parti>      ,date_dim d2
0: jdbc:hive2://h01hn02:10500/tpcds_bin_parti>      ,date_dim d3
0: jdbc:hive2://h01hn02:10500/tpcds_bin_parti>      ,store
0: jdbc:hive2://h01hn02:10500/tpcds_bin_parti>      ,item
0: jdbc:hive2://h01hn02:10500/tpcds_bin_parti>  where d1.d_quarter_name = '2000Q1'
0: jdbc:hive2://h01hn02:10500/tpcds_bin_parti>    and d1.d_date_sk = store_sales.ss_sold_date_sk
0: jdbc:hive2://h01hn02:10500/tpcds_bin_parti>    and item.i_item_sk = store_sales.ss_item_sk
0: jdbc:hive2://h01hn02:10500/tpcds_bin_parti>    and store.s_store_sk = store_sales.ss_store_sk
0: jdbc:hive2://h01hn02:10500/tpcds_bin_parti>    and store_sales.ss_customer_sk = store_returns.sr_customer_sk
0: jdbc:hive2://h01hn02:10500/tpcds_bin_parti>    and store_sales.ss_item_sk = store_returns.sr_item_sk
0: jdbc:hive2://h01hn02:10500/tpcds_bin_parti>    and store_sales.ss_ticket_number = store_returns.sr_ticket_number
0: jdbc:hive2://h01hn02:10500/tpcds_bin_parti>    and store_returns.sr_returned_date_sk = d2.d_date_sk
0: jdbc:hive2://h01hn02:10500/tpcds_bin_parti>    and d2.d_quarter_name in ('2000Q1','2000Q2','2000Q3')
0: jdbc:hive2://h01hn02:10500/tpcds_bin_parti>    and store_returns.sr_customer_sk = catalog_sales.cs_bill_customer_sk
0: jdbc:hive2://h01hn02:10500/tpcds_bin_parti>    and store_returns.sr_item_sk = catalog_sales.cs_item_sk
0: jdbc:hive2://h01hn02:10500/tpcds_bin_parti>    and catalog_sales.cs_sold_date_sk = d3.d_date_sk
0: jdbc:hive2://h01hn02:10500/tpcds_bin_parti>    and d3.d_quarter_name in ('2000Q1','2000Q2','2000Q3')
0: jdbc:hive2://h01hn02:10500/tpcds_bin_parti>  group by i_item_id
0: jdbc:hive2://h01hn02:10500/tpcds_bin_parti>          ,i_item_desc
0: jdbc:hive2://h01hn02:10500/tpcds_bin_parti>          ,s_state
0: jdbc:hive2://h01hn02:10500/tpcds_bin_parti>  order by i_item_id
0: jdbc:hive2://h01hn02:10500/tpcds_bin_parti>          ,i_item_desc
0: jdbc:hive2://h01hn02:10500/tpcds_bin_parti>          ,s_state
0: jdbc:hive2://h01hn02:10500/tpcds_bin_parti> limit 100;
+-------------------+-----------------------------------------------------------------------------------------------------------------------------------------------------------------------------------------------------------+----------+----------------------------+--------------------------+----------------------------+--------------------------+---------------------------------+-------------------------------+---------------------------------+----------------------------+------------------------------+----------------------------+------------------------------+----------------------------+--+
|     i_item_id     |                                                                                                i_item_desc                                                                                                | s_state  | store_sales_quantitycount  | store_sales_quantityave  | store_sales_quantitystdev  | store_sales_quantitycov  | as_store_returns_quantitycount  | as_store_returns_quantityave  | as_store_returns_quantitystdev  | store_returns_quantitycov  | catalog_sales_quantitycount  | catalog_sales_quantityave  | catalog_sales_quantitystdev  | catalog_sales_quantitycov  |
+-------------------+-----------------------------------------------------------------------------------------------------------------------------------------------------------------------------------------------------------+----------+----------------------------+--------------------------+----------------------------+--------------------------+---------------------------------+-------------------------------+---------------------------------+----------------------------+------------------------------+----------------------------+------------------------------+----------------------------+--+
| AAAAAAAAAAKECAAA  | Industrial, old times achieve already afterwards main sanctions. Other, new hands use light, original shapes. Almost probable members used to ensure serious problems.                                    | IN       | 1                          | 12.0                     | 0.0                        | 0.0                      | 1                               | 11.0                          | 0.0                             | 0.0                        | 1                            | 4.0                        | 0.0                          | 0.0                        |
| AAAAAAAAABMGAAAA  | Police might say financial police. Cars should not locate anxiously. Superior gods wait detailed, cool                                                                                                    | SD       | 1                          | 25.0                     | 0.0                        | 0.0                      | 1                               | 21.0                          | 0.0                             | 0.0                        | 1                            | 6.0                        | 0.0                          | 0.0                        |
| AAAAAAAAABMMBAAA  | Old hours will not pick all interesting, lesser                                                                                                                                                           | PA       | 1                          | 71.0                     | 0.0                        | 0.0                      | 1                               | 49.0                          | 0.0                             | 0.0                        | 1                            | 15.0                       | 0.0                          | 0.0                        |
| AAAAAAAAACNDEAAA  | Reasonable errors shall fall yet features. Even traditional records may trust propo                                                                                                                       | MN       | 1                          | 26.0                     | 0.0                        | 0.0                      | 1                               | 2.0                           | 0.0                             | 0.0                        | 1                            | 78.0                       | 0.0                          | 0.0                        |
| AAAAAAAAADBECAAA  | Today red police go much about a wages. Always quick mountains might find however. Great, professional ears burst old, forward men. Professional cars shall keep still; great,                            | OH       | 1                          | 50.0                     | 0.0                        | 0.0                      | 1                               | 10.0                          | 0.0                             | 0.0                        | 1                            | 82.0                       | 0.0                          | 0.0                        |
| AAAAAAAAADFKCAAA  | Other policies would n                                                                                                                                                                                    | AL       | 1                          | 26.0                     | 0.0                        | 0.0                      | 1                               | 25.0                          | 0.0                             | 0.0                        | 1                            | 71.0                       | 0.0                          | 0.0                        |
| AAAAAAAAADGBEAAA  | Often hungry changes reach a lot real                                                                                                                                                                     | SC       | 1                          | 43.0                     | 0.0                        | 0.0                      | 1                               | 20.0                          | 0.0                             | 0.0                        | 1                            | 97.0                       | 0.0                          | 0.0                        |
| AAAAAAAAADOOAAAA  | Rights fit still serious, detailed winners. Suitable, numerous words c                                                                                                                                    | MI       | 1                          | 93.0                     | 0.0                        | 0.0                      | 1                               | 51.0                          | 0.0                             | 0.0                        | 1                            | 65.0                       | 0.0                          | 0.0                        |
| AAAAAAAAADPBAAAA  | Then specific supporters know years. Flowers start deliberately lucky dealers. Much english trades want. Errors vary from a years. Only absolute women might lower material centres. White, civil j       | AL       | 1                          | 39.0                     | 0.0                        | 0.0                      | 1                               | 7.0                           | 0.0                             | 0.0                        | 1                            | 61.0                       | 0.0                          | 0.0                        |
| AAAAAAAAAEEADAAA  | Ordinary, considerable eyes ou                                                                                                                                                                            | MI       | 1                          | 4.0                      | 0.0                        | 0.0                      | 1                               | 2.0                           | 0.0                             | 0.0                        | 1                            | 1.0                        | 0.0                          | 0.0                        |
| AAAAAAAAAEIDBAAA  | Cases can pay mass tears. Abstrac                                                                                                                                                                         | MN       | 1                          | 84.0                     | 0.0                        | 0.0                      | 1                               | 71.0                          | 0.0                             | 0.0                        | 1                            | 80.0                       | 0.0                          | 0.0                        |
| AAAAAAAAAFAOBAAA  | Direct, old states play proposed, dominant resources. Early gen                                                                                                                                           | NE       | 1                          | 1.0                      | 0.0                        | 0.0                      | 1                               | 1.0                           | 0.0                             | 0.0                        | 1                            | 76.0                       | 0.0                          | 0.0                        |
| AAAAAAAAAFCLCAAA  | Lips will seek criminal homes; now united concerns should give so effective old years. Female sta                                                                                                         | PA       | 1                          | 52.0                     | 0.0                        | 0.0                      | 1                               | 42.0                          | 0.0                             | 0.0                        | 1                            | 3.0                        | 0.0                          | 0.0                        |
| AAAAAAAAAFMLDAAA  | Only other activities offer loosely women; highly pregnant acids c                                                                                                                                        | LA       | 1                          | 77.0                     | 0.0                        | 0.0                      | 1                               | 51.0                          | 0.0                             | 0.0                        | 1                            | 28.0                       | 0.0                          | 0.0                        |
| AAAAAAAAAFNOCAAA  | Others tend only rules. Here valuable services speak nat                                                                                                                                                  | NM       | 1                          | 85.0                     | 0.0                        | 0.0                      | 1                               | 25.0                          | 0.0                             | 0.0                        | 1                            | 93.0                       | 0.0                          | 0.0                        |
| AAAAAAAAAGGABAAA  | Men shall relieve. Welsh, far teams wish there simple, prime bars. Materials cannot send independent laws. Environmen                                                                                     | IN       | 1                          | 65.0                     | 0.0                        | 0.0                      | 1                               | 4.0                           | 0.0                             | 0.0                        | 1                            | 71.0                       | 0.0                          | 0.0                        |
| AAAAAAAAAGHADAAA  | Busy pictures can come from a proposals. Yet christian questions give more strange rates. Around waste statements cannot assess continually. Here eventual horses afford then good f                      | AL       | 1                          | 97.0                     | 0.0                        | 0.0                      | 1                               | 84.0                          | 0.0                             | 0.0                        | 1                            | 53.0                       | 0.0                          | 0.0                        |
| AAAAAAAAAGPKAAAA  | Different, wild copies ought to start warm, great shops. Additional arguments may not come slowly pu                                                                                                      | NE       | 1                          | 66.0                     | 0.0                        | 0.0                      | 1                               | 5.0                           | 0.0                             | 0.0                        | 1                            | 13.0                       | 0.0                          | 0.0                        |
| AAAAAAAAAHBBEAAA  | Alone exact agents hide nearer ill northern results. Arts would not make next to a efforts. Social, lonely practices may not provide surely shows; new ministers may think. Individua                     | NC       | 1                          | 36.0                     | 0.0                        | 0.0                      | 1                               | 15.0                          | 0.0                             | 0.0                        | 1                            | 32.0                       | 0.0                          | 0.0                        |
| AAAAAAAAAHCEBAAA  | Good, very circumstances enjoy probably mothers. Always complete books stay surprised, european indicators. Early children expect later. Examples can d                                                   | GA       | 1                          | 11.0                     | 0.0                        | 0.0                      | 1                               | 10.0                          | 0.0                             | 0.0                        | 1                            | 29.0                       | 0.0                          | 0.0                        |
| AAAAAAAAAHJGBAAA  | As ill institutions continue very from the voters. Little cases must reduce much. Merely difficult years open here open changes. Children settle however on the                                           | IN       | 1                          | 25.0                     | 0.0                        | 0.0                      | 1                               | 14.0                          | 0.0                             | 0.0                        | 1                            | 81.0                       | 0.0                          | 0.0                        |
| AAAAAAAAAHMMAAAA  | Plants could not try so. Suddenly good members shall not obtain things. Ready, modern elements see in order in the days; obvious ci                                                                       | PA       | 1                          | 52.0                     | 0.0                        | 0.0                      | 1                               | 13.0                          | 0.0                             | 0.0                        | 1                            | 17.0                       | 0.0                          | 0.0                        |
| AAAAAAAAAHNFDAAA  | Coldly due steps express famous, sure activities. Buildings share again financial parts; at last private imports commission most new times; strong, essential enqu                                        | MI       | 1                          | 42.0                     | 0.0                        | 0.0                      | 1                               | 2.0                           | 0.0                             | 0.0                        | 1                            | 52.0                       | 0.0                          | 0.0                        |
| AAAAAAAAAIGAAAAA  | Civil, soft children take also restrictio                                                                                                                                                                 | NM       | 1                          | 21.0                     | 0.0                        | 0.0                      | 1                               | 6.0                           | 0.0                             | 0.0                        | 1                            | 55.0                       | 0.0                          | 0.0                        |
| AAAAAAAAAIHEAAAA  | Simple stories make also such                                                                                                                                                                             | MI       | 1                          | 99.0                     | 0.0                        | 0.0                      | 1                               | 1.0                           | 0.0                             | 0.0                        | 1                            | 65.0                       | 0.0                          | 0.0                        |
| AAAAAAAAAIKCDAAA  | Useful thousands cannot measure more tears; indeed environmental words might reassure only full shareholders; gross fortunes expect relations. Russian, unable interests will not supervise               | OH       | 1                          | 10.0                     | 0.0                        | 0.0                      | 1                               | 8.0                           | 0.0                             | 0.0                        | 1                            | 33.0                       | 0.0                          | 0.0                        |
| AAAAAAAAAILFEAAA  | Of course previous proposals continue rights. Strings promote hands. Museums would impose in the ships. Variables c                                                                                       | MN       | 1                          | 50.0                     | 0.0                        | 0.0                      | 1                               | 35.0                          | 0.0                             | 0.0                        | 1                            | 38.0                       | 0.0                          | 0.0                        |
| AAAAAAAAAJBJAAAA  | Nowhere continuous numbers may say about a combinations; major men ought to help even at a                                                                                                                | AL       | 1                          | 47.0                     | 0.0                        | 0.0                      | 1                               | 30.0                          | 0.0                             | 0.0                        | 1                            | 20.0                       | 0.0                          | 0.0                        |
| AAAAAAAAAJDDBAAA  | Modes shall know by the authorities. Tools spread now from a needs. Small, large spots should buy only presumably attractive conditions. Usual, certain relations shall not continue sure, novel dis      | GA       | 1                          | 59.0                     | 0.0                        | 0.0                      | 1                               | 1.0                           | 0.0                             | 0.0                        | 1                            | 66.0                       | 0.0                          | 0.0                        |
| AAAAAAAAAJKLCAAA  | Middle, soft children contact at all. Active gentlemen ought to reduce yesterday men. Physi                                                                                                               | MO       | 1                          | 45.0                     | 0.0                        | 0.0                      | 1                               | 1.0                           | 0.0                             | 0.0                        | 1                            | 57.0                       | 0.0                          | 0.0                        |
| AAAAAAAAAKBPDAAA  | Acceptable mountains should not treat again distinct, subsequent                                                                                                                                          | SD       | 1                          | 87.0                     | 0.0                        | 0.0                      | 1                               | 22.0                          | 0.0                             | 0.0                        | 1                            | 45.0                       | 0.0                          | 0.0                        |
| AAAAAAAAAKLLAAAA  | Great, imaginative books should no                                                                                                                                                                        | LA       | 1                          | 9.0                      | 0.0                        | 0.0                      | 1                               | 3.0                           | 0.0                             | 0.0                        | 1                            | 5.0                        | 0.0                          | 0.0                        |
| AAAAAAAAAKLODAAA  | Hands used to clear in a judges. Old attempts provide widespread books. British, essential situations make also chronic books. Then small members will not cle                                            | IN       | 1                          | 40.0                     | 0.0                        | 0.0                      | 1                               | 13.0                          | 0.0                             | 0.0                        | 1                            | 44.0                       | 0.0                          | 0.0                        |
| AAAAAAAAALJIAAAA  | Explanations sit now important companies. Sad, left workers will not hear individual, local ways. Difficult drugs may not welcome best studies. Now social organisms may not lose                         | GA       | 1                          | 94.0                     | 0.0                        | 0.0                      | 1                               | 94.0                          | 0.0                             | 0.0                        | 1                            | 29.0                       | 0.0                          | 0.0                        |
| AAAAAAAAALOKAAAA  | Certainly bad patien                                                                                                                                                                                      | MN       | 1                          | 56.0                     | 0.0                        | 0.0                      | 1                               | 31.0                          | 0.0                             | 0.0                        | 1                            | 31.0                       | 0.0                          | 0.0                        |
| AAAAAAAAAMEDDAAA  | Alone new symptoms commit all different months. References must detect students. Markets lose fat records. Also religious kinds shall not ignore m                                                        | TN       | 1                          | 74.0                     | 0.0                        | 0.0                      | 1                               | 1.0                           | 0.0                             | 0.0                        | 1                            | 23.0                       | 0.0                          | 0.0                        |
| AAAAAAAAAMFPDAAA  | Pale, possible adults might not use only simple eyes; lawyers cannot say. Usually scottish requirements need quite excep                                                                                  | NC       | 1                          | 8.0                      | 0.0                        | 0.0                      | 1                               | 6.0                           | 0.0                             | 0.0                        | 1                            | 2.0                        | 0.0                          | 0.0                        |
| AAAAAAAAAMGLCAAA  | Beauti                                                                                                                                                                                                    | NY       | 1                          | 74.0                     | 0.0                        | 0.0                      | 1                               | 33.0                          | 0.0                             | 0.0                        | 1                            | 30.0                       | 0.0                          | 0.0                        |
| AAAAAAAAAMNHAAAA  | White, political rights argue exceedingly also mad women; managers will take genuine, british interests                                                                                                   | TN       | 0                          | NULL                     | NULL                       | NULL                     | 1                               | 91.0                          | 0.0                             | 0.0                        | 1                            | 92.0                       | 0.0                          | 0.0                        |
| AAAAAAAAAOEHBAAA  | T                                                                                                                                                                                                         | MN       | 1                          | 79.0                     | 0.0                        | 0.0                      | 1                               | 34.0                          | 0.0                             | 0.0                        | 1                            | 58.0                       | 0.0                          | 0.0                        |
| AAAAAAAAAOLAEAAA  | Big, operational feet might expose. Grand, intense friends submit extremely largely powerful hands; days point there to a friends. Different, southern parties would not appear finally usually im        | CO       | 1                          | 54.0                     | 0.0                        | 0.0                      | 1                               | 26.0                          | 0.0                             | 0.0                        | 1                            | 75.0                       | 0.0                          | 0.0                        |
| AAAAAAAAAOPKBAAA  | Select, real vehicles cater more raw nurses. Too b                                                                                                                                                        | SC       | 1                          | 93.0                     | 0.0                        | 0.0                      | 1                               | 83.0                          | 0.0                             | 0.0                        | 1                            | 25.0                       | 0.0                          | 0.0                        |
| AAAAAAAAAOPMCAAA  | Left feet make at once again poor posts. Perfect, great sp                                                                                                                                                | PA       | 1                          | 21.0                     | 0.0                        | 0.0                      | 1                               | 3.0                           | 0.0                             | 0.0                        | 1                            | 3.0                        | 0.0                          | 0.0                        |
| AAAAAAAAAPAOCAAA  | Political, other scientists think roughly huge functions. Now other owners achieve then corporate holders. Most shallow organisers could prevent as a pp.. Bodies should stabilize perhaps avail          | TN       | 1                          | 82.0                     | 0.0                        | 0.0                      | 1                               | 81.0                          | 0.0                             | 0.0                        | 1                            | 75.0                       | 0.0                          | 0.0                        |
| AAAAAAAAAPBPAAAA  | Small students might work more demonstrations. Really                                                                                                                                                     | SD       | 1                          | 13.0                     | 0.0                        | 0.0                      | 1                               | 7.0                           | 0.0                             | 0.0                        | 1                            | 96.0                       | 0.0                          | 0.0                        |
| AAAAAAAAAPGBDAAA  | Free operations meet. Falls flourish separately small words. References may kill families. Effective, standard men shall put much in a min                                                                | PA       | 1                          | 56.0                     | 0.0                        | 0.0                      | 1                               | 11.0                          | 0.0                             | 0.0                        | 1                            | 20.0                       | 0.0                          | 0.0                        |
| AAAAAAAAAPGNBAAA  | Parts might say matters. Other, regular products develop able, particular duties. Still personal pounds can become                                                                                        | MN       | 1                          | 58.0                     | 0.0                        | 0.0                      | 1                               | 45.0                          | 0.0                             | 0.0                        | 1                            | 52.0                       | 0.0                          | 0.0                        |
| AAAAAAAAAPPIAAAA  | Courses will come by a producers; perf                                                                                                                                                                    | AL       | 1                          | 4.0                      | 0.0                        | 0.0                      | 1                               | 1.0                           | 0.0                             | 0.0                        | 1                            | 15.0                       | 0.0                          | 0.0                        |
| AAAAAAAABAIHAAAA  | Hands ought to force socially different privileges. More estimated forces could go profits. In addition popular events apply cars. Laws say underground groups; clear changes s                           | SD       | 1                          | 59.0                     | 0.0                        | 0.0                      | 1                               | 53.0                          | 0.0                             | 0.0                        | 1                            | 10.0                       | 0.0                          | 0.0                        |
| AAAAAAAABCBGDAAA  | Other, central methods should stay ultimately during the institutions. Advisory                                                                                                                           | AL       | 1                          | 96.0                     | 0.0                        | 0.0                      | 1                               | 15.0                          | 0.0                             | 0.0                        | 1                            | 47.0                       | 0.0                          | 0.0                        |
| AAAAAAAABDMKCAAA  | Inevitably crucial wars summarise customs. Regional women refer cheerfully questions. Thick differences must accept altogether only deposits. Here available weeks find white, possib                     | AL       | 1                          | 66.0                     | 0.0                        | 0.0                      | 1                               | 19.0                          | 0.0                             | 0.0                        | 1                            | 55.0                       | 0.0                          | 0.0                        |
| AAAAAAAABDNGCAAA  | Open estates fall fast problems. Names may imagine well easy programmes. Only new objects can refuse full. Secure, able ranks                                                                             | SC       | 1                          | 19.0                     | 0.0                        | 0.0                      | 1                               | 7.0                           | 0.0                             | 0.0                        | 1                            | 5.0                        | 0.0                          | 0.0                        |
| AAAAAAAABEIECAAA  | Late, efficient symptoms would pass in a efforts. Complete, clear pupils occur fairly upper, distinct things.                                                                                             | GA       | 1                          | 52.0                     | 0.0                        | 0.0                      | 1                               | 38.0                          | 0.0                             | 0.0                        | 1                            | 30.0                       | 0.0                          | 0.0                        |
| AAAAAAAABEMHEAAA  | Arts matter still young examples. Cities must not turn great, concerned hands. Personal, single values continue musical horses. Local activities want there. Powerful, possib                             | LA       | 1                          | 37.0                     | 0.0                        | 0.0                      | 1                               | 6.0                           | 0.0                             | 0.0                        | 1                            | 80.0                       | 0.0                          | 0.0                        |
| AAAAAAAABEOJAAAA  | Large, ethical workers spell personally very able materials. Great, big years get all already public changes.                                                                                             | MI       | 1                          | 30.0                     | 0.0                        | 0.0                      | 1                               | 15.0                          | 0.0                             | 0.0                        | 1                            | 36.0                       | 0.0                          | 0.0                        |
| AAAAAAAABFMGBAAA  | Women lower without a services. Standards would tell quite in a lads. Children ou                                                                                                                         | WA       | 1                          | 18.0                     | 0.0                        | 0.0                      | 1                               | 7.0                           | 0.0                             | 0.0                        | 1                            | 3.0                        | 0.0                          | 0.0                        |
| AAAAAAAABGEHEAAA  | Secure travellers tell easily others. Cups shall not end. Qualificatio                                                                                                                                    | PA       | 1                          | 66.0                     | 0.0                        | 0.0                      | 1                               | 29.0                          | 0.0                             | 0.0                        | 1                            | 93.0                       | 0.0                          | 0.0                        |
| AAAAAAAABGNDCAAA  | Public, expected consumers might not hurt so in a types. Meanwhile good tasks may not care soon concerns. Specific, african years cannot tolerate better. Japanese contr                                  | MN       | 1                          | 18.0                     | 0.0                        | 0.0                      | 1                               | 1.0                           | 0.0                             | 0.0                        | 1                            | 88.0                       | 0.0                          | 0.0                        |
| AAAAAAAABHOIEAAA  | Police used to reduce too. Good experiments reduce othe                                                                                                                                                   | LA       | 1                          | 65.0                     | 0.0                        | 0.0                      | 1                               | 36.0                          | 0.0                             | 0.0                        | 1                            | 36.0                       | 0.0                          | 0.0                        |
| AAAAAAAABIAABAAA  | Centres function downstairs g                                                                                                                                                                             | TN       | 1                          | 99.0                     | 0.0                        | 0.0                      | 1                               | 87.0                          | 0.0                             | 0.0                        | 1                            | 64.0                       | 0.0                          | 0.0                        |
| AAAAAAAABJADDAAA  | Economic, whole articles used to make                                                                                                                                                                     | NM       | 1                          | 79.0                     | 0.0                        | 0.0                      | 1                               | 70.0                          | 0.0                             | 0.0                        | 1                            | 40.0                       | 0.0                          | 0.0                        |
| AAAAAAAABJOOCAAA  | Usually boring courses eat even. Statutory, due flowers will not pass please studies. Only, glad courts might not seek contem                                                                             | TN       | 1                          | 21.0                     | 0.0                        | 0.0                      | 1                               | 12.0                          | 0.0                             | 0.0                        | 1                            | 98.0                       | 0.0                          | 0.0                        |
| AAAAAAAABKBJEAAA  | Bloody, basic studies think just. Stages continue as. More able groups take; variable, central others ask well poor provinces. Wings stop rather late, young                                              | MN       | 1                          | 69.0                     | 0.0                        | 0.0                      | 1                               | 14.0                          | 0.0                             | 0.0                        | 1                            | 58.0                       | 0.0                          | 0.0                        |
| AAAAAAAABLFNBAAA  | Assets would not become perhaps labour, academic ideas; companies play international, similar departments. High childr                                                                                    | SC       | 1                          | 87.0                     | 0.0                        | 0.0                      | 1                               | 53.0                          | 0.0                             | 0.0                        | 1                            | 8.0                        | 0.0                          | 0.0                        |
| AAAAAAAABMBEEAAA  | Annual attacks might think. Certainly public victims should not enable still also full-time defendants; waters want essentially late only win                                                             | NC       | 1                          | 3.0                      | 0.0                        | 0.0                      | 1                               | 3.0                           | 0.0                             | 0.0                        | 1                            | 61.0                       | 0.0                          | 0.0                        |
| AAAAAAAABMEIAAAA  | Substantial, important                                                                                                                                                                                    | WV       | 1                          | 35.0                     | 0.0                        | 0.0                      | 1                               | 30.0                          | 0.0                             | 0.0                        | 1                            | 64.0                       | 0.0                          | 0.0                        |
| AAAAAAAABMEODAAA  | Areas could not bring. Public, long co                                                                                                                                                                    | SC       | 1                          | 73.0                     | 0.0                        | 0.0                      | 1                               | 42.0                          | 0.0                             | 0.0                        | 1                            | 11.0                       | 0.0                          | 0.0                        |
| AAAAAAAABMMJDAAA  | Else low offices come then orders. Teachers may take yet comfortable, personal feet. But other                                                                                                            | PA       | 1                          | 24.0                     | 0.0                        | 0.0                      | 1                               | 12.0                          | 0.0                             | 0.0                        | 1                            | 25.0                       | 0.0                          | 0.0                        |
| AAAAAAAABNCKCAAA  | Laws will damage then british kids. Close, great months could leave                                                                                                                                       | PA       | 1                          | 37.0                     | 0.0                        | 0.0                      | 1                               | 10.0                          | 0.0                             | 0.0                        | 1                            | 27.0                       | 0.0                          | 0.0                        |
| AAAAAAAABPNMCAAA  | Doctors pay previously great, odd points. Lucky men rebuild simply. Conscious, famo                                                                                                                       | TN       | 1                          | 41.0                     | 0.0                        | 0.0                      | 1                               | 27.0                          | 0.0                             | 0.0                        | 1                            | 62.0                       | 0.0                          | 0.0                        |
| AAAAAAAABPOFCAAA  | Major conditions quarrel under a generations. More personal faces may not sleep gradually to a departments; too other things prevent deeply different hands. Teachers end                                 | NY       | 1                          | 30.0                     | 0.0                        | 0.0                      | 1                               | 13.0                          | 0.0                             | 0.0                        | 1                            | 58.0                       | 0.0                          | 0.0                        |
| AAAAAAAACAGFEAAA  | Things use of course single, large payments. Intervals ought to remain. Usual years reduce other, adequate arts. Other names will not get neither separate flowers. Alw                                   | MN       | 1                          | 15.0                     | 0.0                        | 0.0                      | 1                               | 3.0                           | 0.0                             | 0.0                        | 1                            | 97.0                       | 0.0                          | 0.0                        |
| AAAAAAAACAHKAAAA  | All right young requirements may not play easier. High officials lower anyway journals. Natural, personal offences will                                                                                   | GA       | 1                          | 20.0                     | 0.0                        | 0.0                      | 1                               | 7.0                           | 0.0                             | 0.0                        | 1                            | 59.0                       | 0.0                          | 0.0                        |
| AAAAAAAACAICBAAA  | Studies ensure. Able, fine patients locate. Long, national women set afterwards ready, sexual problems. Willing, dependent wishes would leave as a successes; new, long meals announce never white level  | LA       | 1                          | 79.0                     | 0.0                        | 0.0                      | 1                               | 43.0                          | 0.0                             | 0.0                        | 1                            | 36.0                       | 0.0                          | 0.0                        |
| AAAAAAAACALADAAA  | Good buildings migh                                                                                                                                                                                       | MI       | 1                          | 23.0                     | 0.0                        | 0.0                      | 1                               | 12.0                          | 0.0                             | 0.0                        | 1                            | 42.0                       | 0.0                          | 0.0                        |
| AAAAAAAACAMODAAA  | Therefore cold unions might take even clear products. Individuals produce. Proper, prime ways conta                                                                                                       | MI       | 1                          | 94.0                     | 0.0                        | 0.0                      | 1                               | 41.0                          | 0.0                             | 0.0                        | 1                            | 21.0                       | 0.0                          | 0.0                        |
| AAAAAAAACBAEEAAA  | National proposals could not study well maximum, for                                                                                                                                                      | LA       | 1                          | 23.0                     | 0.0                        | 0.0                      | 1                               | 3.0                           | 0.0                             | 0.0                        | 1                            | 88.0                       | 0.0                          | 0.0                        |
| AAAAAAAACBBFEAAA  | Responsibilities say certainly long skills. Easy, complex plans ought to occur for a women; formal, interior readers will take goo                                                                        | PA       | 1                          | 11.0                     | 0.0                        | 0.0                      | 1                               | 11.0                          | 0.0                             | 0.0                        | 1                            | 93.0                       | 0.0                          | 0.0                        |
| AAAAAAAACBEOCAAA  | At once long-term men used to appear purely statutory, basic lives. Often relevant levels cannot appear lively cities; parties clear sufficient comparisons. Important factors fall about home gold       | WA       | 1                          | 97.0                     | 0.0                        | 0.0                      | 1                               | 56.0                          | 0.0                             | 0.0                        | 1                            | 16.0                       | 0.0                          | 0.0                        |
| AAAAAAAACBFNBAAA  | Nasty, average years shall not make still to a windows. Central months                                                                                                                                    | LA       | 1                          | 21.0                     | 0.0                        | 0.0                      | 1                               | 9.0                           | 0.0                             | 0.0                        | 1                            | 19.0                       | 0.0                          | 0.0                        |
| AAAAAAAACBMKAAAA  | Sure inc months laugh either european, true attitudes. Particularly good kilometres                                                                                                                       | MI       | 1                          | 58.0                     | 0.0                        | 0.0                      | 1                               | 8.0                           | 0.0                             | 0.0                        | 1                            | 55.0                       | 0.0                          | 0.0                        |
| AAAAAAAACCCBEAAA  | Small farmers may live often dependent shoes. Sadl                                                                                                                                                        | TX       | 1                          | 3.0                      | 0.0                        | 0.0                      | 1                               | 3.0                           | 0.0                             | 0.0                        | 1                            | 63.0                       | 0.0                          | 0.0                        |
| AAAAAAAACCNAAAAA  | Exotic, other patients retaliate too still bad sources. Little, italian villages support then foreign, similar women; statements see there responsible, able m                                            | TX       | 1                          | 66.0                     | 0.0                        | 0.0                      | 1                               | 25.0                          | 0.0                             | 0.0                        | 1                            | 76.0                       | 0.0                          | 0.0                        |
| AAAAAAAACDABCAAA  | Mental carers go traditions; most local interviews collect more arms. Priorities attract too common, new books; however able trees give however more criminal implications. Totally                       | MN       | 1                          | 10.0                     | 0.0                        | 0.0                      | 1                               | 10.0                          | 0.0                             | 0.0                        | 1                            | 2.0                        | 0.0                          | 0.0                        |
| AAAAAAAACDFBAAAA  | Great deputies take from a managers. Bishops get softly in a houses. References shall form especially silly, very courses. Too new worlds                                                                 | LA       | 1                          | 77.0                     | 0.0                        | 0.0                      | 1                               | 44.0                          | 0.0                             | 0.0                        | 1                            | 85.0                       | 0.0                          | 0.0                        |
| AAAAAAAACDGLAAAA  | Real, happy teachers tell to a powers. Now ruling standards woul                                                                                                                                          | TX       | 1                          | 94.0                     | 0.0                        | 0.0                      | 1                               | 87.0                          | 0.0                             | 0.0                        | 1                            | 18.0                       | 0.0                          | 0.0                        |
| AAAAAAAACDIKDAAA  | Aware features dash about. High various expectations shall examine nat                                                                                                                                    | AL       | 1                          | 1.0                      | 0.0                        | 0.0                      | 1                               | 1.0                           | 0.0                             | 0.0                        | 1                            | 21.0                       | 0.0                          | 0.0                        |
| AAAAAAAACDIMBAAA  | Current, able effects could get only numbers; economic worlds might try for a components; fundamental arms could not take home already occupational ages; single, international colours may say go        | MI       | 1                          | 85.0                     | 0.0                        | 0.0                      | 1                               | 37.0                          | 0.0                             | 0.0                        | 1                            | 52.0                       | 0.0                          | 0.0                        |
| AAAAAAAACDOBAAAA  | British, possible solicitors fall still in a indians. Perfect names should not cost still. Redundant, mild opponents give just military specialists. Here great                                           | MN       | 1                          | 25.0                     | 0.0                        | 0.0                      | 1                               | 20.0                          | 0.0                             | 0.0                        | 1                            | 1.0                        | 0.0                          | 0.0                        |
| AAAAAAAACDONAAAA  | Old women break by the girls. Free animals find bare plans. African years could not like silent, practical dogs. Forward large profits would know only, military transactions. Police u                   | PA       | 1                          | 56.0                     | 0.0                        | 0.0                      | 1                               | 10.0                          | 0.0                             | 0.0                        | 1                            | 68.0                       | 0.0                          | 0.0                        |
| AAAAAAAACECAAAAA  | Human, possible rumours buy then both following sides; continuous hands use again in the writers; distinctive others increase afterwards wild s                                                           | AL       | 1                          | 73.0                     | 0.0                        | 0.0                      | 1                               | 4.0                           | 0.0                             | 0.0                        | 1                            | 25.0                       | 0.0                          | 0.0                        |
| AAAAAAAACEEMAAAA  | Primarily appropriate practices understand to a children; personally contemporary specimens can produce bac                                                                                               | NY       | 1                          | 35.0                     | 0.0                        | 0.0                      | 1                               | 10.0                          | 0.0                             | 0.0                        | 1                            | 29.0                       | 0.0                          | 0.0                        |
| AAAAAAAACEHDDAAA  | Pupils must like for a groups; other, interesting examples will become almost                                                                                                                             | TX       | 1                          | 79.0                     | 0.0                        | 0.0                      | 1                               | 37.0                          | 0.0                             | 0.0                        | 1                            | 12.0                       | 0.0                          | 0.0                        |
| AAAAAAAACEIOBAAA  | Good centres would move basically apparent, short cattle. Other arms retaliate more central, major sales. British numbers work other, immediate farmers. Pos                                              | MO       | 1                          | 3.0                      | 0.0                        | 0.0                      | 1                               | 2.0                           | 0.0                             | 0.0                        | 1                            | 28.0                       | 0.0                          | 0.0                        |
| AAAAAAAACEKHCAAA  | Steadily little services continue. Industrial, large priorities will secure deliberately arrangements;                                                                                                    | NM       | 1                          | 2.0                      | 0.0                        | 0.0                      | 1                               | 1.0                           | 0.0                             | 0.0                        | 1                            | 54.0                       | 0.0                          | 0.0                        |
| AAAAAAAACEPBEAAA  | Narrow scots might look near. Rather important ages get more tomorrow american seats; national, young buyers m                                                                                            | AL       | 1                          | 48.0                     | 0.0                        | 0.0                      | 1                               | 42.0                          | 0.0                             | 0.0                        | 1                            | 16.0                       | 0.0                          | 0.0                        |
| AAAAAAAACFHEEAAA  | Strong women get only from the companies; minds go then great objectives; corporate arms claim hearts. Today agricultural bands su                                                                        | OH       | 1                          | 10.0                     | 0.0                        | 0.0                      | 1                               | 6.0                           | 0.0                             | 0.0                        | 1                            | 22.0                       | 0.0                          | 0.0                        |
| AAAAAAAACFJHDAAA  | Other terms must like partly direct variables. Different, important pl                                                                                                                                    | AL       | 1                          | 5.0                      | 0.0                        | 0.0                      | 1                               | 4.0                           | 0.0                             | 0.0                        | 1                            | 85.0                       | 0.0                          | 0.0                        |
| AAAAAAAACGBODAAA  | Other feelings ought to slow very great grants. Large changes impress later able, present employees; outstanding, vast roles mark above biological,                                                       | AL       | 1                          | 22.0                     | 0.0                        | 0.0                      | 1                               | 13.0                          | 0.0                             | 0.0                        | 1                            | 81.0                       | 0.0                          | 0.0                        |
| AAAAAAAACGCCBAAA  | Readily alternative purposes can know now english problems. Safely good charges seem with a women. Communist, conservativ                                                                                 | NE       | 1                          | 81.0                     | 0.0                        | 0.0                      | 1                               | 38.0                          | 0.0                             | 0.0                        | 1                            | 24.0                       | 0.0                          | 0.0                        |
+-------------------+-----------------------------------------------------------------------------------------------------------------------------------------------------------------------------------------------------------+----------+----------------------------+--------------------------+----------------------------+--------------------------+---------------------------------+-------------------------------+---------------------------------+----------------------------+------------------------------+----------------------------+------------------------------+----------------------------+--+
0: jdbc:hive2://h01hn02:10500/tpcds_bin_parti> 
