0: jdbc:hive2://h01hn02:10500/tpcds_bin_parti> set ambari.hive.db.schema.name=hive;
0: jdbc:hive2://h01hn02:10500/tpcds_bin_parti> set fs.file.impl.disable.cache=true;
0: jdbc:hive2://h01hn02:10500/tpcds_bin_parti> set fs.hdfs.impl.disable.cache=true;
0: jdbc:hive2://h01hn02:10500/tpcds_bin_parti> set hive.auto.convert.join.noconditionaltask=true;
0: jdbc:hive2://h01hn02:10500/tpcds_bin_parti> set hive.auto.convert.join=true;
0: jdbc:hive2://h01hn02:10500/tpcds_bin_parti> -- set hive.auto.convert.sortmerge.join.noconditionaltask=true;
0: jdbc:hive2://h01hn02:10500/tpcds_bin_parti> set hive.auto.convert.sortmerge.join=true;
0: jdbc:hive2://h01hn02:10500/tpcds_bin_parti> set hive.compactor.abortedtxn.threshold=1000;
0: jdbc:hive2://h01hn02:10500/tpcds_bin_parti> set hive.compactor.check.interval=300;
0: jdbc:hive2://h01hn02:10500/tpcds_bin_parti> set hive.compactor.delta.num.threshold=10;
0: jdbc:hive2://h01hn02:10500/tpcds_bin_parti> set hive.compactor.delta.pct.threshold=0.1f;
0: jdbc:hive2://h01hn02:10500/tpcds_bin_parti> set hive.compactor.initiator.on=false;
0: jdbc:hive2://h01hn02:10500/tpcds_bin_parti> set hive.compactor.worker.threads=0;
0: jdbc:hive2://h01hn02:10500/tpcds_bin_parti> set hive.compactor.worker.timeout=86400;
0: jdbc:hive2://h01hn02:10500/tpcds_bin_parti> set hive.compute.query.using.stats=true;
0: jdbc:hive2://h01hn02:10500/tpcds_bin_parti> set hive.enforce.bucketing=true;
0: jdbc:hive2://h01hn02:10500/tpcds_bin_parti> set hive.enforce.sorting=true;
0: jdbc:hive2://h01hn02:10500/tpcds_bin_parti> set hive.enforce.sortmergebucketmapjoin=true;
0: jdbc:hive2://h01hn02:10500/tpcds_bin_parti> 
0: jdbc:hive2://h01hn02:10500/tpcds_bin_parti> set hive.limit.pushdown.memory.usage=0.04;
0: jdbc:hive2://h01hn02:10500/tpcds_bin_parti> set hive.map.aggr=true;
0: jdbc:hive2://h01hn02:10500/tpcds_bin_parti> set hive.mapjoin.bucket.cache.size=10000;
0: jdbc:hive2://h01hn02:10500/tpcds_bin_parti> set hive.mapred.reduce.tasks.speculative.execution=false;
0: jdbc:hive2://h01hn02:10500/tpcds_bin_parti> set hive.metastore.cache.pinobjtypes=Table,Database,Type,FieldSchema,Order;
0: jdbc:hive2://h01hn02:10500/tpcds_bin_parti> set hive.metastore.client.socket.timeout=60;
0: jdbc:hive2://h01hn02:10500/tpcds_bin_parti> set hive.metastore.execute.setugi=true;
0: jdbc:hive2://h01hn02:10500/tpcds_bin_parti> set hive.metastore.warehouse.dir=/apps/hive/warehouse;
0: jdbc:hive2://h01hn02:10500/tpcds_bin_parti> set hive.optimize.bucketmapjoin.sortedmerge=false;
0: jdbc:hive2://h01hn02:10500/tpcds_bin_parti> set hive.optimize.bucketmapjoin=true;
0: jdbc:hive2://h01hn02:10500/tpcds_bin_parti> set hive.optimize.index.filter=true;
0: jdbc:hive2://h01hn02:10500/tpcds_bin_parti> -- set hive.optimize.mapjoin.mapreduce=true;
0: jdbc:hive2://h01hn02:10500/tpcds_bin_parti> set hive.optimize.reducededuplication.min.reducer=4;
0: jdbc:hive2://h01hn02:10500/tpcds_bin_parti> set hive.optimize.reducededuplication=true;
0: jdbc:hive2://h01hn02:10500/tpcds_bin_parti> set hive.orc.splits.include.file.footer=false;
0: jdbc:hive2://h01hn02:10500/tpcds_bin_parti> set hive.security.authorization.enabled=false;
0: jdbc:hive2://h01hn02:10500/tpcds_bin_parti> set hive.security.metastore.authorization.manager=org.apache.hadoop.hive.ql.security.authorization.StorageBasedAuthorizationProvider;
0: jdbc:hive2://h01hn02:10500/tpcds_bin_parti> -- set hive.semantic.analyzer.factory.impl=org.apache.hivealog.cli.HCatSemanticAnalyzerFactory;
0: jdbc:hive2://h01hn02:10500/tpcds_bin_parti> set hive.server2.enable.doAs=false;
0: jdbc:hive2://h01hn02:10500/tpcds_bin_parti> set hive.server2.tez.default.queues=default;
0: jdbc:hive2://h01hn02:10500/tpcds_bin_parti> set hive.server2.tez.initialize.default.sessions=false;
0: jdbc:hive2://h01hn02:10500/tpcds_bin_parti> set hive.server2.tez.sessions.per.default.queue=1;
0: jdbc:hive2://h01hn02:10500/tpcds_bin_parti> set hive.stats.autogather=true;
0: jdbc:hive2://h01hn02:10500/tpcds_bin_parti> set hive.tez.input.format=org.apache.hadoop.hive.ql.io.HiveInputFormat;
0: jdbc:hive2://h01hn02:10500/tpcds_bin_parti> set hive.txn.manager=org.apache.hadoop.hive.ql.lockmgr.DummyTxnManager;
0: jdbc:hive2://h01hn02:10500/tpcds_bin_parti> set hive.txn.max.open.batch=1000;
0: jdbc:hive2://h01hn02:10500/tpcds_bin_parti> set hive.txn.timeout=300;
0: jdbc:hive2://h01hn02:10500/tpcds_bin_parti> set hive.vectorized.execution.enabled=true;
0: jdbc:hive2://h01hn02:10500/tpcds_bin_parti> set hive.vectorized.groupby.checkinterval=1024;
0: jdbc:hive2://h01hn02:10500/tpcds_bin_parti> set hive.vectorized.groupby.flush.percent=1;
0: jdbc:hive2://h01hn02:10500/tpcds_bin_parti> set hive.vectorized.groupby.maxentries=1024;
0: jdbc:hive2://h01hn02:10500/tpcds_bin_parti> 
0: jdbc:hive2://h01hn02:10500/tpcds_bin_parti> -- These values need to be tuned appropriately to your cluster. These examples are for reference.
0: jdbc:hive2://h01hn02:10500/tpcds_bin_parti> set hive.tez.container.size=6144;
0: jdbc:hive2://h01hn02:10500/tpcds_bin_parti> set hive.tez.java.opts=-Xmx5120m;
0: jdbc:hive2://h01hn02:10500/tpcds_bin_parti> --set hive.auto.convert.join.noconditionaltask.size=100000000;
0: jdbc:hive2://h01hn02:10500/tpcds_bin_parti> --set hive.auto.convert.join.noconditionaltask.size=320000000;
0: jdbc:hive2://h01hn02:10500/tpcds_bin_parti> set hive.auto.convert.join.noconditionaltask.size=629145600;
0: jdbc:hive2://h01hn02:10500/tpcds_bin_parti> -- set hive.auto.convert.join.noconditionaltask.size=720000000;
0: jdbc:hive2://h01hn02:10500/tpcds_bin_parti> -- set hive.auto.convert.join.noconditionaltask.size=1920000000;
0: jdbc:hive2://h01hn02:10500/tpcds_bin_parti> 
0: jdbc:hive2://h01hn02:10500/tpcds_bin_parti> set hive.execution.engine=tez;
0: jdbc:hive2://h01hn02:10500/tpcds_bin_parti> set hive.default.fileformat=orc;
0: jdbc:hive2://h01hn02:10500/tpcds_bin_parti> set hive.cbo.enable=true;
0: jdbc:hive2://h01hn02:10500/tpcds_bin_parti> set hive.stats.fetch.column.stats=true;
0: jdbc:hive2://h01hn02:10500/tpcds_bin_parti> set hive.exec.dynamic.partition.mode=nonstrict;
0: jdbc:hive2://h01hn02:10500/tpcds_bin_parti> set hive.tez.auto.reducer.parallelism=true;
0: jdbc:hive2://h01hn02:10500/tpcds_bin_parti> -- set hive.exec.reducers.bytes.per.reducer=1000000000;
0: jdbc:hive2://h01hn02:10500/tpcds_bin_parti> set hive.exec.reducers.bytes.per.reducer=67108864;
0: jdbc:hive2://h01hn02:10500/tpcds_bin_parti> set hive.txn.manager=org.apache.hadoop.hive.ql.lockmgr.DummyTxnManager;
0: jdbc:hive2://h01hn02:10500/tpcds_bin_parti> set hive.support.concurrency=false;
0: jdbc:hive2://h01hn02:10500/tpcds_bin_parti> set hive.tez.exec.print.summary=true;
0: jdbc:hive2://h01hn02:10500/tpcds_bin_parti> 
0: jdbc:hive2://h01hn02:10500/tpcds_bin_parti> set tez.grouping.min-size=16777216;
0: jdbc:hive2://h01hn02:10500/tpcds_bin_parti> --set tez.grouping.min-size=8388608;
0: jdbc:hive2://h01hn02:10500/tpcds_bin_parti> set tez.grouping.max-size=1073741824;
0: jdbc:hive2://h01hn02:10500/tpcds_bin_parti> --set tez.grouping.max-size=1342177280;
0: jdbc:hive2://h01hn02:10500/tpcds_bin_parti> 
0: jdbc:hive2://h01hn02:10500/tpcds_bin_parti> --set tez.grouping.split-waves=1.7;
0: jdbc:hive2://h01hn02:10500/tpcds_bin_parti> set tez.runtime.io.sort.mb=174;
0: jdbc:hive2://h01hn02:10500/tpcds_bin_parti> 
0: jdbc:hive2://h01hn02:10500/tpcds_bin_parti> 
0: jdbc:hive2://h01hn02:10500/tpcds_bin_parti> select   
0: jdbc:hive2://h01hn02:10500/tpcds_bin_parti>          w_warehouse_name
0: jdbc:hive2://h01hn02:10500/tpcds_bin_parti>  ,w_warehouse_sq_ft
0: jdbc:hive2://h01hn02:10500/tpcds_bin_parti>  ,w_city
0: jdbc:hive2://h01hn02:10500/tpcds_bin_parti>  ,w_county
0: jdbc:hive2://h01hn02:10500/tpcds_bin_parti>  ,w_state
0: jdbc:hive2://h01hn02:10500/tpcds_bin_parti>  ,w_country
0: jdbc:hive2://h01hn02:10500/tpcds_bin_parti>         ,ship_carriers
0: jdbc:hive2://h01hn02:10500/tpcds_bin_parti>         ,year
0: jdbc:hive2://h01hn02:10500/tpcds_bin_parti>  ,sum(jan_sales) as jan_sales
0: jdbc:hive2://h01hn02:10500/tpcds_bin_parti>  ,sum(feb_sales) as feb_sales
0: jdbc:hive2://h01hn02:10500/tpcds_bin_parti>  ,sum(mar_sales) as mar_sales
0: jdbc:hive2://h01hn02:10500/tpcds_bin_parti>  ,sum(apr_sales) as apr_sales
0: jdbc:hive2://h01hn02:10500/tpcds_bin_parti>  ,sum(may_sales) as may_sales
0: jdbc:hive2://h01hn02:10500/tpcds_bin_parti>  ,sum(jun_sales) as jun_sales
0: jdbc:hive2://h01hn02:10500/tpcds_bin_parti>  ,sum(jul_sales) as jul_sales
0: jdbc:hive2://h01hn02:10500/tpcds_bin_parti>  ,sum(aug_sales) as aug_sales
0: jdbc:hive2://h01hn02:10500/tpcds_bin_parti>  ,sum(sep_sales) as sep_sales
0: jdbc:hive2://h01hn02:10500/tpcds_bin_parti>  ,sum(oct_sales) as oct_sales
0: jdbc:hive2://h01hn02:10500/tpcds_bin_parti>  ,sum(nov_sales) as nov_sales
0: jdbc:hive2://h01hn02:10500/tpcds_bin_parti>  ,sum(dec_sales) as dec_sales
0: jdbc:hive2://h01hn02:10500/tpcds_bin_parti>  ,sum(jan_sales/w_warehouse_sq_ft) as jan_sales_per_sq_foot
0: jdbc:hive2://h01hn02:10500/tpcds_bin_parti>  ,sum(feb_sales/w_warehouse_sq_ft) as feb_sales_per_sq_foot
0: jdbc:hive2://h01hn02:10500/tpcds_bin_parti>  ,sum(mar_sales/w_warehouse_sq_ft) as mar_sales_per_sq_foot
0: jdbc:hive2://h01hn02:10500/tpcds_bin_parti>  ,sum(apr_sales/w_warehouse_sq_ft) as apr_sales_per_sq_foot
0: jdbc:hive2://h01hn02:10500/tpcds_bin_parti>  ,sum(may_sales/w_warehouse_sq_ft) as may_sales_per_sq_foot
0: jdbc:hive2://h01hn02:10500/tpcds_bin_parti>  ,sum(jun_sales/w_warehouse_sq_ft) as jun_sales_per_sq_foot
0: jdbc:hive2://h01hn02:10500/tpcds_bin_parti>  ,sum(jul_sales/w_warehouse_sq_ft) as jul_sales_per_sq_foot
0: jdbc:hive2://h01hn02:10500/tpcds_bin_parti>  ,sum(aug_sales/w_warehouse_sq_ft) as aug_sales_per_sq_foot
0: jdbc:hive2://h01hn02:10500/tpcds_bin_parti>  ,sum(sep_sales/w_warehouse_sq_ft) as sep_sales_per_sq_foot
0: jdbc:hive2://h01hn02:10500/tpcds_bin_parti>  ,sum(oct_sales/w_warehouse_sq_ft) as oct_sales_per_sq_foot
0: jdbc:hive2://h01hn02:10500/tpcds_bin_parti>  ,sum(nov_sales/w_warehouse_sq_ft) as nov_sales_per_sq_foot
0: jdbc:hive2://h01hn02:10500/tpcds_bin_parti>  ,sum(dec_sales/w_warehouse_sq_ft) as dec_sales_per_sq_foot
0: jdbc:hive2://h01hn02:10500/tpcds_bin_parti>  ,sum(jan_net) as jan_net
0: jdbc:hive2://h01hn02:10500/tpcds_bin_parti>  ,sum(feb_net) as feb_net
0: jdbc:hive2://h01hn02:10500/tpcds_bin_parti>  ,sum(mar_net) as mar_net
0: jdbc:hive2://h01hn02:10500/tpcds_bin_parti>  ,sum(apr_net) as apr_net
0: jdbc:hive2://h01hn02:10500/tpcds_bin_parti>  ,sum(may_net) as may_net
0: jdbc:hive2://h01hn02:10500/tpcds_bin_parti>  ,sum(jun_net) as jun_net
0: jdbc:hive2://h01hn02:10500/tpcds_bin_parti>  ,sum(jul_net) as jul_net
0: jdbc:hive2://h01hn02:10500/tpcds_bin_parti>  ,sum(aug_net) as aug_net
0: jdbc:hive2://h01hn02:10500/tpcds_bin_parti>  ,sum(sep_net) as sep_net
0: jdbc:hive2://h01hn02:10500/tpcds_bin_parti>  ,sum(oct_net) as oct_net
0: jdbc:hive2://h01hn02:10500/tpcds_bin_parti>  ,sum(nov_net) as nov_net
0: jdbc:hive2://h01hn02:10500/tpcds_bin_parti>  ,sum(dec_net) as dec_net
0: jdbc:hive2://h01hn02:10500/tpcds_bin_parti>  from (
0: jdbc:hive2://h01hn02:10500/tpcds_bin_parti>     select 
0: jdbc:hive2://h01hn02:10500/tpcds_bin_parti>  w_warehouse_name
0: jdbc:hive2://h01hn02:10500/tpcds_bin_parti>  ,w_warehouse_sq_ft
0: jdbc:hive2://h01hn02:10500/tpcds_bin_parti>  ,w_city
0: jdbc:hive2://h01hn02:10500/tpcds_bin_parti>  ,w_county
0: jdbc:hive2://h01hn02:10500/tpcds_bin_parti>  ,w_state
0: jdbc:hive2://h01hn02:10500/tpcds_bin_parti>  ,w_country
0: jdbc:hive2://h01hn02:10500/tpcds_bin_parti>  ,concat('DIAMOND', ',', 'AIRBORNE') as ship_carriers
0: jdbc:hive2://h01hn02:10500/tpcds_bin_parti>         ,d_year as year
0: jdbc:hive2://h01hn02:10500/tpcds_bin_parti>  ,sum(case when d_moy = 1 
0: jdbc:hive2://h01hn02:10500/tpcds_bin_parti>  then ws_sales_price* ws_quantity else 0 end) as jan_sales
0: jdbc:hive2://h01hn02:10500/tpcds_bin_parti>  ,sum(case when d_moy = 2 
0: jdbc:hive2://h01hn02:10500/tpcds_bin_parti>  then ws_sales_price* ws_quantity else 0 end) as feb_sales
0: jdbc:hive2://h01hn02:10500/tpcds_bin_parti>  ,sum(case when d_moy = 3 
0: jdbc:hive2://h01hn02:10500/tpcds_bin_parti>  then ws_sales_price* ws_quantity else 0 end) as mar_sales
0: jdbc:hive2://h01hn02:10500/tpcds_bin_parti>  ,sum(case when d_moy = 4 
0: jdbc:hive2://h01hn02:10500/tpcds_bin_parti>  then ws_sales_price* ws_quantity else 0 end) as apr_sales
0: jdbc:hive2://h01hn02:10500/tpcds_bin_parti>  ,sum(case when d_moy = 5 
0: jdbc:hive2://h01hn02:10500/tpcds_bin_parti>  then ws_sales_price* ws_quantity else 0 end) as may_sales
0: jdbc:hive2://h01hn02:10500/tpcds_bin_parti>  ,sum(case when d_moy = 6 
0: jdbc:hive2://h01hn02:10500/tpcds_bin_parti>  then ws_sales_price* ws_quantity else 0 end) as jun_sales
0: jdbc:hive2://h01hn02:10500/tpcds_bin_parti>  ,sum(case when d_moy = 7 
0: jdbc:hive2://h01hn02:10500/tpcds_bin_parti>  then ws_sales_price* ws_quantity else 0 end) as jul_sales
0: jdbc:hive2://h01hn02:10500/tpcds_bin_parti>  ,sum(case when d_moy = 8 
0: jdbc:hive2://h01hn02:10500/tpcds_bin_parti>  then ws_sales_price* ws_quantity else 0 end) as aug_sales
0: jdbc:hive2://h01hn02:10500/tpcds_bin_parti>  ,sum(case when d_moy = 9 
0: jdbc:hive2://h01hn02:10500/tpcds_bin_parti>  then ws_sales_price* ws_quantity else 0 end) as sep_sales
0: jdbc:hive2://h01hn02:10500/tpcds_bin_parti>  ,sum(case when d_moy = 10 
0: jdbc:hive2://h01hn02:10500/tpcds_bin_parti>  then ws_sales_price* ws_quantity else 0 end) as oct_sales
0: jdbc:hive2://h01hn02:10500/tpcds_bin_parti>  ,sum(case when d_moy = 11
0: jdbc:hive2://h01hn02:10500/tpcds_bin_parti>  then ws_sales_price* ws_quantity else 0 end) as nov_sales
0: jdbc:hive2://h01hn02:10500/tpcds_bin_parti>  ,sum(case when d_moy = 12
0: jdbc:hive2://h01hn02:10500/tpcds_bin_parti>  then ws_sales_price* ws_quantity else 0 end) as dec_sales
0: jdbc:hive2://h01hn02:10500/tpcds_bin_parti>  ,sum(case when d_moy = 1 
0: jdbc:hive2://h01hn02:10500/tpcds_bin_parti>  then ws_net_paid_inc_tax * ws_quantity else 0 end) as jan_net
0: jdbc:hive2://h01hn02:10500/tpcds_bin_parti>  ,sum(case when d_moy = 2
0: jdbc:hive2://h01hn02:10500/tpcds_bin_parti>  then ws_net_paid_inc_tax * ws_quantity else 0 end) as feb_net
0: jdbc:hive2://h01hn02:10500/tpcds_bin_parti>  ,sum(case when d_moy = 3 
0: jdbc:hive2://h01hn02:10500/tpcds_bin_parti>  then ws_net_paid_inc_tax * ws_quantity else 0 end) as mar_net
0: jdbc:hive2://h01hn02:10500/tpcds_bin_parti>  ,sum(case when d_moy = 4 
0: jdbc:hive2://h01hn02:10500/tpcds_bin_parti>  then ws_net_paid_inc_tax * ws_quantity else 0 end) as apr_net
0: jdbc:hive2://h01hn02:10500/tpcds_bin_parti>  ,sum(case when d_moy = 5 
0: jdbc:hive2://h01hn02:10500/tpcds_bin_parti>  then ws_net_paid_inc_tax * ws_quantity else 0 end) as may_net
0: jdbc:hive2://h01hn02:10500/tpcds_bin_parti>  ,sum(case when d_moy = 6 
0: jdbc:hive2://h01hn02:10500/tpcds_bin_parti>  then ws_net_paid_inc_tax * ws_quantity else 0 end) as jun_net
0: jdbc:hive2://h01hn02:10500/tpcds_bin_parti>  ,sum(case when d_moy = 7 
0: jdbc:hive2://h01hn02:10500/tpcds_bin_parti>  then ws_net_paid_inc_tax * ws_quantity else 0 end) as jul_net
0: jdbc:hive2://h01hn02:10500/tpcds_bin_parti>  ,sum(case when d_moy = 8 
0: jdbc:hive2://h01hn02:10500/tpcds_bin_parti>  then ws_net_paid_inc_tax * ws_quantity else 0 end) as aug_net
0: jdbc:hive2://h01hn02:10500/tpcds_bin_parti>  ,sum(case when d_moy = 9 
0: jdbc:hive2://h01hn02:10500/tpcds_bin_parti>  then ws_net_paid_inc_tax * ws_quantity else 0 end) as sep_net
0: jdbc:hive2://h01hn02:10500/tpcds_bin_parti>  ,sum(case when d_moy = 10 
0: jdbc:hive2://h01hn02:10500/tpcds_bin_parti>  then ws_net_paid_inc_tax * ws_quantity else 0 end) as oct_net
0: jdbc:hive2://h01hn02:10500/tpcds_bin_parti>  ,sum(case when d_moy = 11
0: jdbc:hive2://h01hn02:10500/tpcds_bin_parti>  then ws_net_paid_inc_tax * ws_quantity else 0 end) as nov_net
0: jdbc:hive2://h01hn02:10500/tpcds_bin_parti>  ,sum(case when d_moy = 12
0: jdbc:hive2://h01hn02:10500/tpcds_bin_parti>  then ws_net_paid_inc_tax * ws_quantity else 0 end) as dec_net
0: jdbc:hive2://h01hn02:10500/tpcds_bin_parti>      from
0: jdbc:hive2://h01hn02:10500/tpcds_bin_parti>           web_sales
0: jdbc:hive2://h01hn02:10500/tpcds_bin_parti>          ,warehouse
0: jdbc:hive2://h01hn02:10500/tpcds_bin_parti>          ,date_dim
0: jdbc:hive2://h01hn02:10500/tpcds_bin_parti>          ,time_dim
0: jdbc:hive2://h01hn02:10500/tpcds_bin_parti>    ,ship_mode
0: jdbc:hive2://h01hn02:10500/tpcds_bin_parti>      where
0: jdbc:hive2://h01hn02:10500/tpcds_bin_parti>             web_sales.ws_warehouse_sk =  warehouse.w_warehouse_sk
0: jdbc:hive2://h01hn02:10500/tpcds_bin_parti>         and web_sales.ws_sold_date_sk = date_dim.d_date_sk
0: jdbc:hive2://h01hn02:10500/tpcds_bin_parti>         and web_sales.ws_sold_time_sk = time_dim.t_time_sk
0: jdbc:hive2://h01hn02:10500/tpcds_bin_parti>  and web_sales.ws_ship_mode_sk = ship_mode.sm_ship_mode_sk
0: jdbc:hive2://h01hn02:10500/tpcds_bin_parti>         and d_year = 2002
0: jdbc:hive2://h01hn02:10500/tpcds_bin_parti>  and t_time between 49530 and 49530+28800 
0: jdbc:hive2://h01hn02:10500/tpcds_bin_parti>  and sm_carrier in ('DIAMOND','AIRBORNE')
0: jdbc:hive2://h01hn02:10500/tpcds_bin_parti>      group by 
0: jdbc:hive2://h01hn02:10500/tpcds_bin_parti>         w_warehouse_name
0: jdbc:hive2://h01hn02:10500/tpcds_bin_parti>  ,w_warehouse_sq_ft
0: jdbc:hive2://h01hn02:10500/tpcds_bin_parti>  ,w_city
0: jdbc:hive2://h01hn02:10500/tpcds_bin_parti>  ,w_county
0: jdbc:hive2://h01hn02:10500/tpcds_bin_parti>  ,w_state
0: jdbc:hive2://h01hn02:10500/tpcds_bin_parti>  ,w_country
0: jdbc:hive2://h01hn02:10500/tpcds_bin_parti>        ,d_year
0: jdbc:hive2://h01hn02:10500/tpcds_bin_parti>  union all
0: jdbc:hive2://h01hn02:10500/tpcds_bin_parti>     select 
0: jdbc:hive2://h01hn02:10500/tpcds_bin_parti>  w_warehouse_name
0: jdbc:hive2://h01hn02:10500/tpcds_bin_parti>  ,w_warehouse_sq_ft
0: jdbc:hive2://h01hn02:10500/tpcds_bin_parti>  ,w_city
0: jdbc:hive2://h01hn02:10500/tpcds_bin_parti>  ,w_county
0: jdbc:hive2://h01hn02:10500/tpcds_bin_parti>  ,w_state
0: jdbc:hive2://h01hn02:10500/tpcds_bin_parti>  ,w_country
0: jdbc:hive2://h01hn02:10500/tpcds_bin_parti>         ,concat('DIAMOND', ',', 'AIRBORNE') as ship_carriers
0: jdbc:hive2://h01hn02:10500/tpcds_bin_parti>        ,d_year as year
0: jdbc:hive2://h01hn02:10500/tpcds_bin_parti>  ,sum(case when d_moy = 1 
0: jdbc:hive2://h01hn02:10500/tpcds_bin_parti>  then cs_ext_sales_price* cs_quantity else 0 end) as jan_sales
0: jdbc:hive2://h01hn02:10500/tpcds_bin_parti>  ,sum(case when d_moy = 2 
0: jdbc:hive2://h01hn02:10500/tpcds_bin_parti>  then cs_ext_sales_price* cs_quantity else 0 end) as feb_sales
0: jdbc:hive2://h01hn02:10500/tpcds_bin_parti>  ,sum(case when d_moy = 3 
0: jdbc:hive2://h01hn02:10500/tpcds_bin_parti>  then cs_ext_sales_price* cs_quantity else 0 end) as mar_sales
0: jdbc:hive2://h01hn02:10500/tpcds_bin_parti>  ,sum(case when d_moy = 4 
0: jdbc:hive2://h01hn02:10500/tpcds_bin_parti>  then cs_ext_sales_price* cs_quantity else 0 end) as apr_sales
0: jdbc:hive2://h01hn02:10500/tpcds_bin_parti>  ,sum(case when d_moy = 5 
0: jdbc:hive2://h01hn02:10500/tpcds_bin_parti>  then cs_ext_sales_price* cs_quantity else 0 end) as may_sales
0: jdbc:hive2://h01hn02:10500/tpcds_bin_parti>  ,sum(case when d_moy = 6 
0: jdbc:hive2://h01hn02:10500/tpcds_bin_parti>  then cs_ext_sales_price* cs_quantity else 0 end) as jun_sales
0: jdbc:hive2://h01hn02:10500/tpcds_bin_parti>  ,sum(case when d_moy = 7 
0: jdbc:hive2://h01hn02:10500/tpcds_bin_parti>  then cs_ext_sales_price* cs_quantity else 0 end) as jul_sales
0: jdbc:hive2://h01hn02:10500/tpcds_bin_parti>  ,sum(case when d_moy = 8 
0: jdbc:hive2://h01hn02:10500/tpcds_bin_parti>  then cs_ext_sales_price* cs_quantity else 0 end) as aug_sales
0: jdbc:hive2://h01hn02:10500/tpcds_bin_parti>  ,sum(case when d_moy = 9 
0: jdbc:hive2://h01hn02:10500/tpcds_bin_parti>  then cs_ext_sales_price* cs_quantity else 0 end) as sep_sales
0: jdbc:hive2://h01hn02:10500/tpcds_bin_parti>  ,sum(case when d_moy = 10 
0: jdbc:hive2://h01hn02:10500/tpcds_bin_parti>  then cs_ext_sales_price* cs_quantity else 0 end) as oct_sales
0: jdbc:hive2://h01hn02:10500/tpcds_bin_parti>  ,sum(case when d_moy = 11
0: jdbc:hive2://h01hn02:10500/tpcds_bin_parti>  then cs_ext_sales_price* cs_quantity else 0 end) as nov_sales
0: jdbc:hive2://h01hn02:10500/tpcds_bin_parti>  ,sum(case when d_moy = 12
0: jdbc:hive2://h01hn02:10500/tpcds_bin_parti>  then cs_ext_sales_price* cs_quantity else 0 end) as dec_sales
0: jdbc:hive2://h01hn02:10500/tpcds_bin_parti>  ,sum(case when d_moy = 1 
0: jdbc:hive2://h01hn02:10500/tpcds_bin_parti>  then cs_net_paid_inc_ship_tax * cs_quantity else 0 end) as jan_net
0: jdbc:hive2://h01hn02:10500/tpcds_bin_parti>  ,sum(case when d_moy = 2 
0: jdbc:hive2://h01hn02:10500/tpcds_bin_parti>  then cs_net_paid_inc_ship_tax * cs_quantity else 0 end) as feb_net
0: jdbc:hive2://h01hn02:10500/tpcds_bin_parti>  ,sum(case when d_moy = 3 
0: jdbc:hive2://h01hn02:10500/tpcds_bin_parti>  then cs_net_paid_inc_ship_tax * cs_quantity else 0 end) as mar_net
0: jdbc:hive2://h01hn02:10500/tpcds_bin_parti>  ,sum(case when d_moy = 4 
0: jdbc:hive2://h01hn02:10500/tpcds_bin_parti>  then cs_net_paid_inc_ship_tax * cs_quantity else 0 end) as apr_net
0: jdbc:hive2://h01hn02:10500/tpcds_bin_parti>  ,sum(case when d_moy = 5 
0: jdbc:hive2://h01hn02:10500/tpcds_bin_parti>  then cs_net_paid_inc_ship_tax * cs_quantity else 0 end) as may_net
0: jdbc:hive2://h01hn02:10500/tpcds_bin_parti>  ,sum(case when d_moy = 6 
0: jdbc:hive2://h01hn02:10500/tpcds_bin_parti>  then cs_net_paid_inc_ship_tax * cs_quantity else 0 end) as jun_net
0: jdbc:hive2://h01hn02:10500/tpcds_bin_parti>  ,sum(case when d_moy = 7 
0: jdbc:hive2://h01hn02:10500/tpcds_bin_parti>  then cs_net_paid_inc_ship_tax * cs_quantity else 0 end) as jul_net
0: jdbc:hive2://h01hn02:10500/tpcds_bin_parti>  ,sum(case when d_moy = 8 
0: jdbc:hive2://h01hn02:10500/tpcds_bin_parti>  then cs_net_paid_inc_ship_tax * cs_quantity else 0 end) as aug_net
0: jdbc:hive2://h01hn02:10500/tpcds_bin_parti>  ,sum(case when d_moy = 9 
0: jdbc:hive2://h01hn02:10500/tpcds_bin_parti>  then cs_net_paid_inc_ship_tax * cs_quantity else 0 end) as sep_net
0: jdbc:hive2://h01hn02:10500/tpcds_bin_parti>  ,sum(case when d_moy = 10 
0: jdbc:hive2://h01hn02:10500/tpcds_bin_parti>  then cs_net_paid_inc_ship_tax * cs_quantity else 0 end) as oct_net
0: jdbc:hive2://h01hn02:10500/tpcds_bin_parti>  ,sum(case when d_moy = 11
0: jdbc:hive2://h01hn02:10500/tpcds_bin_parti>  then cs_net_paid_inc_ship_tax * cs_quantity else 0 end) as nov_net
0: jdbc:hive2://h01hn02:10500/tpcds_bin_parti>  ,sum(case when d_moy = 12
0: jdbc:hive2://h01hn02:10500/tpcds_bin_parti>  then cs_net_paid_inc_ship_tax * cs_quantity else 0 end) as dec_net
0: jdbc:hive2://h01hn02:10500/tpcds_bin_parti>      from
0: jdbc:hive2://h01hn02:10500/tpcds_bin_parti>           catalog_sales
0: jdbc:hive2://h01hn02:10500/tpcds_bin_parti>          ,warehouse
0: jdbc:hive2://h01hn02:10500/tpcds_bin_parti>          ,date_dim
0: jdbc:hive2://h01hn02:10500/tpcds_bin_parti>          ,time_dim
0: jdbc:hive2://h01hn02:10500/tpcds_bin_parti>   ,ship_mode
0: jdbc:hive2://h01hn02:10500/tpcds_bin_parti>      where
0: jdbc:hive2://h01hn02:10500/tpcds_bin_parti>             catalog_sales.cs_warehouse_sk =  warehouse.w_warehouse_sk
0: jdbc:hive2://h01hn02:10500/tpcds_bin_parti>         and catalog_sales.cs_sold_date_sk = date_dim.d_date_sk
0: jdbc:hive2://h01hn02:10500/tpcds_bin_parti>         and catalog_sales.cs_sold_time_sk = time_dim.t_time_sk
0: jdbc:hive2://h01hn02:10500/tpcds_bin_parti>  and catalog_sales.cs_ship_mode_sk = ship_mode.sm_ship_mode_sk
0: jdbc:hive2://h01hn02:10500/tpcds_bin_parti>         and d_year = 2002
0: jdbc:hive2://h01hn02:10500/tpcds_bin_parti>  and t_time between 49530 AND 49530+28800 
0: jdbc:hive2://h01hn02:10500/tpcds_bin_parti>  and sm_carrier in ('DIAMOND','AIRBORNE')
0: jdbc:hive2://h01hn02:10500/tpcds_bin_parti>      group by 
0: jdbc:hive2://h01hn02:10500/tpcds_bin_parti>         w_warehouse_name
0: jdbc:hive2://h01hn02:10500/tpcds_bin_parti>  ,w_warehouse_sq_ft
0: jdbc:hive2://h01hn02:10500/tpcds_bin_parti>  ,w_city
0: jdbc:hive2://h01hn02:10500/tpcds_bin_parti>  ,w_county
0: jdbc:hive2://h01hn02:10500/tpcds_bin_parti>  ,w_state
0: jdbc:hive2://h01hn02:10500/tpcds_bin_parti>  ,w_country
0: jdbc:hive2://h01hn02:10500/tpcds_bin_parti>        ,d_year
0: jdbc:hive2://h01hn02:10500/tpcds_bin_parti>  ) x
0: jdbc:hive2://h01hn02:10500/tpcds_bin_parti>  group by 
0: jdbc:hive2://h01hn02:10500/tpcds_bin_parti>         w_warehouse_name
0: jdbc:hive2://h01hn02:10500/tpcds_bin_parti>  ,w_warehouse_sq_ft
0: jdbc:hive2://h01hn02:10500/tpcds_bin_parti>  ,w_city
0: jdbc:hive2://h01hn02:10500/tpcds_bin_parti>  ,w_county
0: jdbc:hive2://h01hn02:10500/tpcds_bin_parti>  ,w_state
0: jdbc:hive2://h01hn02:10500/tpcds_bin_parti>  ,w_country
0: jdbc:hive2://h01hn02:10500/tpcds_bin_parti>  ,ship_carriers
0: jdbc:hive2://h01hn02:10500/tpcds_bin_parti>        ,year
0: jdbc:hive2://h01hn02:10500/tpcds_bin_parti>  order by w_warehouse_name
0: jdbc:hive2://h01hn02:10500/tpcds_bin_parti>  limit 100;
+-----------------------+--------------------+------------------+--------------------+----------+----------------+-------------------+-------+-----------------------+-----------------------+-----------------------+----------------------+-----------------------+----------------------+-----------------------+------------------------+------------------------+------------------------+------------------------+------------------------+------------------------+------------------------+------------------------+------------------------+------------------------+------------------------+------------------------+------------------------+------------------------+------------------------+------------------------+------------------------+------------------------+----------------------+------------------------+------------------------+------------------------+------------------------+------------------------+------------------------+------------------------+------------------------+------------------------+------------------------+--+
|   w_warehouse_name    | w_warehouse_sq_ft  |      w_city      |      w_county      | w_state  |   w_country    |   ship_carriers   | year  |       jan_sales       |       feb_sales       |       mar_sales       |      apr_sales       |       may_sales       |      jun_sales       |       jul_sales       |       aug_sales        |       sep_sales        |       oct_sales        |       nov_sales        |       dec_sales        | jan_sales_per_sq_foot  | feb_sales_per_sq_foot  | mar_sales_per_sq_foot  | apr_sales_per_sq_foot  | may_sales_per_sq_foot  | jun_sales_per_sq_foot  | jul_sales_per_sq_foot  | aug_sales_per_sq_foot  | sep_sales_per_sq_foot  | oct_sales_per_sq_foot  | nov_sales_per_sq_foot  | dec_sales_per_sq_foot  |        jan_net         |       feb_net        |        mar_net         |        apr_net         |        may_net         |        jun_net         |        jul_net         |        aug_net         |        sep_net         |        oct_net         |        nov_net         |        dec_net         |
+-----------------------+--------------------+------------------+--------------------+----------+----------------+-------------------+-------+-----------------------+-----------------------+-----------------------+----------------------+-----------------------+----------------------+-----------------------+------------------------+------------------------+------------------------+------------------------+------------------------+------------------------+------------------------+------------------------+------------------------+------------------------+------------------------+------------------------+------------------------+------------------------+------------------------+------------------------+------------------------+------------------------+----------------------+------------------------+------------------------+------------------------+------------------------+------------------------+------------------------+------------------------+------------------------+------------------------+------------------------+--+
|                       | NULL               | Riverside        | Fairfield County   | SC       | United States  | DIAMOND,AIRBORNE  | 2002  | 5.3824282236692095E9  | 4.90480780883775E9    | 5.357754376875577E9   | 5.222176956736144E9  | 5.462549466081282E9   | 5.214731610854331E9  | 5.336409792545105E9   | 1.212195010689091E10   | 1.1878003207518671E10  | 1.2384668473689184E10  | 1.779764326801139E10   | 1.85858340548161E10    | NULL                   | NULL                   | NULL                   | NULL                   | NULL                   | NULL                   | NULL                   | NULL                   | NULL                   | NULL                   | NULL                   | NULL                   | 1.0731157011534664E10  | 9.288585791140228E9  | 1.0123589507164173E10  | 9.951226266664387E9    | 1.0345358924902843E10  | 9.978235516766975E9    | 1.0174987147664597E10  | 2.2978395747028168E10  | 2.2587701885822323E10  | 2.3370009217514534E10  | 3.363247880445463E10   | 3.5320004484013214E10  |
| Bad cards must make.  | 621234             | Five Points      | Richland County    | OH       | United States  | DIAMOND,AIRBORNE  | 2002  | 5.414849054697066E9   | 4.916950222288783E9   | 5.305132462105841E9   | 5.192198644093463E9  | 5.342110433642334E9   | 5.162663381782204E9  | 5.42887201793689E9    | 1.2205144425973835E10  | 1.196562603349187E10   | 1.2266677057613289E10  | 1.789615837448171E10   | 1.8882224856108055E10  | 8716.279300065784      | 7914.811845920834      | 8539.668566282337      | 8357.879066653568      | 8599.19198505287       | 8310.336172492496      | 8738.85205564552       | 19646.61371717233      | 19261.061103371467     | 19745.662757694023     | 28807.435482413563     | 30394.70611091482      | 1.0723698542629797E10  | 9.333842817297726E9  | 1.0114932917615807E10  | 9.974060213737188E9    | 1.0152892429903412E10  | 9.83893916552026E9     | 1.025487342862875E10   | 2.2943096596213253E10  | 2.26932735829189E10    | 2.3369901750264473E10  | 3.3728528894272E10     | 3.5877752657716774E10  |
| Conventional childr   | 977787             | Shiloh           | San Miguel County  | NM       | United States  | DIAMOND,AIRBORNE  | 2002  | 5.405565295136511E9   | 4.796025980172349E9   | 5.238604044516542E9   | 5.170121151313178E9  | 5.511256121598466E9   | 5.215483625677715E9  | 5.425967319353382E9   | 1.2185055104343678E10  | 1.2117999830476875E10  | 1.2291362051506018E10  | 1.7827520538322598E10  | 1.8676910115588688E10  | 5528.366909292628      | 4904.980307748364      | 5357.612695317634      | 5287.57403331521       | 5636.458780489478      | 5333.967035435852      | 5549.23241907837       | 12461.87063679889      | 12393.292026256102     | 12570.592625496165     | 18232.51949383925      | 19101.20518639406      | 1.074459230442754E10   | 9.20035728928584E9   | 9.954351884008413E9    | 9.853518847740263E9    | 1.040113300000765E10   | 9.895596927900192E9    | 1.0351585817280396E10  | 2.2952812585109734E10  | 2.301649404586653E10   | 2.335300008091082E10   | 3.3846591186918922E10  | 3.5440032306972855E10  |
| Doors canno           | 294242             | Five Points      | Ziebach County     | SD       | United States  | DIAMOND,AIRBORNE  | 2002  | 5.451030333919927E9   | 4.813515123179967E9   | 5.18421242813748E9    | 5.234880241271889E9  | 5.492097442603034E9   | 5.224796548876156E9  | 5.450555652149583E9   | 1.2002152578990313E10  | 1.186598626588629E10   | 1.236390893142442E10   | 1.7878852110637703E10  | 1.8859223507831375E10  | 18525.670481848025     | 16359.03481889046      | 17618.872996164653     | 17791.07075560895      | 18665.239641529875     | 17756.80069084684      | 18524.057245905016     | 40790.072725818594     | 40327.30292033867      | 42019.5245118794       | 60762.40683056023      | 64094.26087312952      | 1.0762580283106518E10  | 9.191913496991068E9  | 9.872950374981379E9    | 9.925304719214684E9    | 1.0396259139142853E10  | 9.896412924880157E9    | 1.0416965980888264E10  | 2.2796239415019127E10  | 2.2597954222535763E10  | 2.3434542958048836E10  | 3.3907924533600388E10  | 3.589311409687407E10   |
| Empty, middle women   | 198212             | Pine Grove       | Huron County       | MI       | United States  | DIAMOND,AIRBORNE  | 2002  | 5.397051720887497E9   | 4.8972552740730915E9  | 5.232901640754939E9   | 5.190778704251732E9  | 5.342048140564395E9   | 5.173521386978931E9  | 5.352763239729457E9   | 1.2054553270741163E10  | 1.1876989946009571E10  | 1.2438287267551527E10  | 1.77301718677086E10    | 1.8592028577151947E10  | 27228.683030732227     | 24707.15836615892      | 26400.528932430625     | 26188.01436972399      | 26951.18429037795      | 26100.949422733895     | 27005.243071708355     | 60816.46555577443      | 59920.64025391788      | 62752.44317978491      | 89450.54723078624      | 93798.70329320095      | 1.078907117554917E10   | 9.234210627170374E9  | 9.92620581781208E9     | 9.937639069588211E9    | 1.0195696112400278E10  | 9.883059076423687E9    | 1.0137215435159771E10  | 2.2758914019399532E10  | 2.261153693231811E10   | 2.3541634852200073E10  | 3.3547314423234016E10  | 3.5460742630800095E10  |
| Friendly, suitable    | 863277             | Salem            | Oglethorpe County  | GA       | United States  | DIAMOND,AIRBORNE  | 2002  | 5.414580165336725E9   | 4.886264571591943E9   | 5.183368925715414E9   | 5.22226472139377E9   | 5.485042585883743E9   | 5.242486446044566E9  | 5.542429925340113E9   | 1.2024673200546656E10  | 1.1951999989402618E10  | 1.2275628107640476E10  | 1.783799315241611E10   | 1.8443871967680977E10  | 6272.123739352172      | 5660.135242328874      | 6004.294016538624      | 6049.350001672429      | 6353.745768604681      | 6072.774377221408      | 6420.221928002382      | 13929.101783722555     | 13844.918826057705     | 14219.80211176769      | 20663.116418503112     | 21364.952347486353     | 1.0805875165689137E10  | 9.28461595643665E9   | 9.85736475717986E9     | 9.93379721402495E9     | 1.0421441996091484E10  | 9.974279782455803E9    | 1.0449497132531612E10  | 2.2929719309843483E10  | 2.278178093592378E10   | 2.33744304236012E10    | 3.3793868393841476E10  | 3.5145462155480545E10  |
| Governments should    | 621938             | Riverside        | Bronx County       | NY       | United States  | DIAMOND,AIRBORNE  | 2002  | 5.450994761185705E9   | 4.958648178026055E9   | 5.233586280772052E9   | 5.190577376385878E9  | 5.321197037659151E9   | 5.224045721261753E9  | 5.452120754535835E9   | 1.214431408878216E10   | 1.1931539967864784E10  | 1.2376547143922272E10  | 1.780521777273525E10   | 1.8796882796510303E10  | 8764.530807227899      | 7972.897906264057      | 8414.964644019263      | 8345.81160241998       | 8555.83199235157       | 8399.624594833815      | 8766.341266389632      | 19526.567099585744     | 19184.452417869277     | 19899.969360164956     | 28628.605701428834     | 30223.081394785822     | 1.0888154567270405E10  | 9.39188315815754E9   | 9.937590461565336E9    | 9.910875286761211E9    | 1.0135101560777252E10  | 9.97400091510705E9     | 1.0325269969030163E10  | 2.2992945771330605E10  | 2.2735975781568016E10  | 2.3625713713202354E10  | 3.393302940058474E10   | 3.57159746078293E10    |
| Important dem         | 185634             | Pleasant Hill    | Walker County      | AL       | United States  | DIAMOND,AIRBORNE  | 2002  | 5.365596118541251E9   | 4.953340734099835E9   | 5.190553026772761E9   | 5.207370555316042E9  | 5.474367430012067E9   | 5.270147747862633E9  | 5.338272420695278E9   | 1.2002108923310026E10  | 1.1823334494855524E10  | 1.2413506267870914E10  | 1.777867608229962E10   | 1.882638975533501E10   | 28904.16690122096      | 26683.370148247814     | 27961.219532912943     | 28051.81462079168      | 29490.11188689608      | 28389.991854200376     | 28756.975665531518     | 64654.69107658094      | 63691.64320574639      | 66870.86561659456      | 95772.73604134815      | 101416.71113769573     | 1.0680804702659311E10  | 9.455712573626862E9  | 9.95919797874586E9     | 9.895469621508945E9    | 1.0420532248261417E10  | 9.950358592240255E9    | 1.0110884319535847E10  | 2.283053533014514E10   | 2.2699485367226902E10  | 2.350317900092878E10   | 3.3900394853243713E10  | 3.573248458386865E10   |
| Important issues liv  | 138504             | Fairview         | Ziebach County     | SD       | United States  | DIAMOND,AIRBORNE  | 2002  | 5.405731059215307E9   | 4.798068321131662E9   | 5.215935377785558E9   | 5.2657628654908E9    | 5.536757989531518E9   | 5.312104409258318E9  | 5.372015117625986E9   | 1.2176520152582302E10  | 1.1866110586427874E10  | 1.2367029205019892E10  | 1.7993632399310608E10  | 1.8544089058005104E10  | 39029.42196048711      | 34642.09207771373      | 37659.09560579881      | 38018.850469956094     | 39975.43745690751      | 38353.436790694264     | 38785.992589571324     | 87914.57396596705      | 85673.41438823336      | 89290.05086510058      | 129914.1714268946      | 133888.47295388658     | 1.0770578846869125E10  | 9.15594850784399E9   | 9.913777173675247E9    | 9.941449360591393E9    | 1.0397286952175364E10  | 1.001419689092297E10   | 1.0227590991303944E10  | 2.2910157600883522E10  | 2.2624184844879066E10  | 2.3427169957390762E10  | 3.3920920990282024E10  | 3.52639236477695E10    |
| Local, mass universi  | 838797             | Five Points      | Oglethorpe County  | GA       | United States  | DIAMOND,AIRBORNE  | 2002  | 5.416015636611271E9   | 4.88625387984747E9    | 5.152767742843472E9   | 5.231057706689857E9  | 5.522468902615989E9   | 5.160087111081729E9  | 5.4105101351219225E9  | 1.2200441808972168E10  | 1.1901621168360569E10  | 1.2521851430084269E10  | 1.783476912926679E10   | 1.8751671282773163E10  | 6456.8848441413975     | 5825.311582954481      | 6143.045030971106      | 6236.381039381228      | 6583.796678595642      | 6151.771061510389      | 6450.321275734084      | 14545.166242812227     | 14188.917185398335     | 14928.345511588941     | 21262.31868886845      | 22355.43436942808      | 1.0781706999449263E10  | 9.247819344716866E9  | 9.78656722767675E9     | 1.0020212155147324E10  | 1.0415837710690014E10  | 9.888759245952812E9    | 1.0282344411830276E10  | 2.303946310703189E10   | 2.2649060473618645E10  | 2.3619114345564594E10  | 3.4074275507779823E10  | 3.553992809762909E10   |
| Months woul           | 733897             | Pleasant Grove   | Franklin Parish    | LA       | United States  | DIAMOND,AIRBORNE  | 2002  | 5.366142548647842E9   | 4.907936467565053E9   | 5.138890960235443E9   | 5.332509669305398E9  | 5.445613043357215E9   | 5.236398932908712E9  | 5.354422898234243E9   | 1.2098530251486984E10  | 1.2062618517245275E10  | 1.2377289993667912E10  | 1.7869288244800526E10  | 1.8598378793464912E10  | 7311.846960333456      | 6687.500381613569      | 7002.196439330646      | 7266.019167955991      | 7420.132584486944      | 7135.059733053429      | 7295.877893266007      | 16485.324577545598     | 16436.39164248563      | 16865.15954373422      | 24348.496103404872     | 25341.946885550577     | 1.0719094593417347E10  | 9.406910783068281E9  | 9.815720203482775E9    | 1.0094942488755512E10  | 1.0343074202539625E10  | 9.894522957502697E9    | 1.0189617447294617E10  | 2.28520996246047E10    | 2.287412162690699E10   | 2.350087851003391E10   | 3.381565111864584E10   | 3.538980144515538E10   |
| National, comple      | 914242             | Liberty          | Daviess County     | MO       | United States  | DIAMOND,AIRBORNE  | 2002  | 5.431040017148744E9   | 4.847253544726978E9   | 5.242535235433645E9   | 5.247146954588595E9  | 5.438827291723359E9   | 5.246875718520428E9  | 5.350650479591046E9   | 1.2153173227870207E10  | 1.1915827452294243E10  | 1.237114969371565E10   | 1.7713623153636868E10  | 1.8668509443518642E10  | 5940.484048149991      | 5301.937063410976      | 5734.297084834918      | 5739.341393841669      | 5949.001786970363      | 5739.044715207163      | 5852.553787280661      | 13293.168797616174     | 13033.559443007696     | 13531.591956741922     | 19375.20170112166      | 20419.65851877144      | 1.0812487029910873E10  | 9.296646338102463E9  | 9.95827198254099E9     | 9.948864102390762E9    | 1.0272154088726562E10  | 9.911499616486408E9    | 1.0192937439237196E10  | 2.2974378279758064E10  | 2.2768626793008186E10  | 2.3596151800731236E10  | 3.3669397938484875E10  | 3.560130418974966E10   |
| New proceedings fo    | 926078             | Greenwood        | Wadena County      | MN       | United States  | DIAMOND,AIRBORNE  | 2002  | 5.477141429432047E9   | 4.985635019390419E9   | 5.269266218948772E9   | 5.236313367477652E9  | 5.356042569986139E9   | 5.184946820410125E9  | 5.328139848607988E9   | 1.2097570132127905E10  | 1.1991053218208494E10  | 1.242054566666482E10   | 1.77495763132929E10    | 1.8673979891147583E10  | 5914.341372359614      | 5383.601618211877      | 5689.873011721229      | 5654.289776323001      | 5783.576081049479      | 5598.823015350894      | 5753.446090510722      | 13063.230237763886     | 12948.210861513278     | 13411.986535329443     | 19166.39452971877      | 20164.586450760715     | 1.0878553928297573E10  | 9.45968109742205E9   | 1.0089948364945156E10  | 9.968026107282639E9    | 1.0271808723365969E10  | 9.900024242732006E9    | 1.0204006180647976E10  | 2.2849469850108482E10  | 2.2847363832538815E10  | 2.360381811148383E10   | 3.378383078007556E10   | 3.55659035155289E10    |
| New, net purposes     | 758375             | Fairview         | Williamson County  | TN       | United States  | DIAMOND,AIRBORNE  | 2002  | 5.497111550905385E9   | 4.837736756870302E9   | 5.288860099357925E9   | 5.252366822594475E9  | 5.480402086971566E9   | 5.192017418637587E9  | 5.457142419403064E9   | 1.215835502251803E10   | 1.1953861496424206E10  | 1.2471565811825996E10  | 1.7681916106382324E10  | 1.8555780081219486E10  | 7248.540037455592      | 6379.082586939578      | 6973.937826745245      | 6925.81746839555       | 7226.506790138871      | 6846.240209180929      | 7195.836386224577      | 16032.11474866396      | 15762.467771780724     | 16445.11727288742      | 23315.531374824226     | 24467.816161159695     | 1.0812377488363453E10  | 9.293512889836287E9  | 1.0071682408377995E10  | 9.96639699826184E9     | 1.0409339061109402E10  | 9.910529057910482E9    | 1.0357727542551891E10  | 2.3056419433207756E10  | 2.26266382487978E10    | 2.3526161978005863E10  | 3.353946883673609E10   | 3.536265017498331E10   |
| Plain, reluctant      | 514427             | Shiloh           | Ziebach County     | SD       | United States  | DIAMOND,AIRBORNE  | 2002  | 5.538366357729423E9   | 4.9257842221260805E9  | 5.29513611501176E9    | 5.307876399311366E9  | 5.409820528042297E9   | 5.218363846987294E9  | 5.433904304047523E9   | 1.2109797620364717E10  | 1.1821317362912144E10  | 1.2383699344351986E10  | 1.7932266972528595E10  | 1.8792299534676895E10  | 10766.088011961701     | 9575.283222159956      | 10293.27021134536      | 10318.036182609712     | 10516.206435592021     | 10144.031800405683     | 10563.023138457978     | 23540.361645801477     | 22979.58187053196      | 24072.802058119003     | 34858.7204258886       | 36530.5466755767       | 1.0943597541206036E10  | 9.338065031369473E9  | 1.0053337326756477E10  | 1.007794831192973E10   | 1.0360992328137983E10  | 1.0010528602783783E10  | 1.0297413592521479E10  | 2.296087882711751E10   | 2.2448445540010593E10  | 2.3558773140192837E10  | 3.3931961090733215E10  | 3.569092413207826E10   |
| Please central m      | 418158             | Pleasant Valley  | Marshall County    | IN       | United States  | DIAMOND,AIRBORNE  | 2002  | 5.392480144307641E9   | 4.914199877601833E9   | 5.2257923093483925E9  | 5.236514448703057E9  | 5.476590132802273E9   | 5.189746706046456E9  | 5.4350988147379055E9  | 1.2155616798430824E10  | 1.1954433664436548E10  | 1.2310439511417032E10  | 1.7934382054080093E10  | 1.850461444776883E10   | 12895.795714317654     | 11752.016887401016     | 12497.171665610587     | 12522.81302451001      | 13096.939751965221     | 12410.970748010215     | 12997.71573122577      | 29069.434994501662     | 28588.317488692188     | 29439.684309320954     | 42889.00859024602      | 44252.685462836605     | 1.0714956394212032E10  | 9.303181194983711E9  | 1.00032239919333E10    | 9.966591354350021E9    | 1.031093493581789E10   | 9.888110954056067E9    | 1.0302523841186028E10  | 2.302130343851859E10   | 2.2687195232377403E10  | 2.3409792539024353E10  | 3.414736027872136E10   | 3.525128782170339E10   |
| Quite effectiv        | 662475             | Pine Grove       | Daviess County     | MO       | United States  | DIAMOND,AIRBORNE  | 2002  | 5.350650985618402E9   | 4.870457290022853E9   | 5.20113693251136E9    | 5.366577534507402E9  | 5.461878755503285E9   | 5.265648566059883E9  | 5.430830783222996E9   | 1.2138089637860023E10  | 1.2049035747975477E10  | 1.2365146981819933E10  | 1.800155488113434E10   | 1.8860986075142475E10  | 8076.759101276882      | 7351.911075924152      | 7851.068995073566      | 8100.800082278429      | 8244.65641043554       | 7948.448720419462      | 8197.789778064072      | 18322.33614530363      | 18187.910106759467     | 18665.07714528085      | 27173.1837143052       | 28470.487301622667     | 1.0669379622223213E10  | 9.16601404821838E9   | 9.95597162323336E9     | 1.0133918677986757E10  | 1.0359920977281765E10  | 1.0086718819853146E10  | 1.0398369829398754E10  | 2.2862615479667747E10  | 2.280944665975577E10   | 2.3546288218982296E10  | 3.403669833692743E10   | 3.566479335983614E10   |
| Rooms cook            | 73065              | Oak Grove        | Franklin Parish    | LA       | United States  | DIAMOND,AIRBORNE  | 2002  | 5.439818537756427E9   | 4.9635599602906885E9  | 5.191674356383204E9   | 5.219617371337422E9  | 5.426745587000319E9   | 5.288491386708449E9  | 5.435291823928745E9   | 1.212786352658434E10   | 1.1908875852986158E10  | 1.2327325431993774E10  | 1.783664518406376E10   | 1.85590575739542E10    | 74451.7694895836       | 67933.48334073345      | 71055.55815210025      | 71437.9986496602       | 74272.84728666692      | 72380.63897500103      | 74389.81487618895      | 165987.31987387038     | 162990.15743497104     | 168717.24398814442     | 244120.2379260078      | 254007.49434002876     | 1.0791943680917084E10  | 9.419292666344864E9  | 9.897351235140144E9    | 9.903715764229105E9    | 1.0359563294656693E10  | 1.0069540928437515E10  | 1.0292448394828005E10  | 2.2901923044429737E10  | 2.267058032627959E10   | 2.356429611220723E10   | 3.3833950706348576E10  | 3.536473473496197E10   |
| Surprising emot       | 520093             | Salem            | Mobile County      | AL       | United States  | DIAMOND,AIRBORNE  | 2002  | 5.448146486964232E9   | 4.8961787192408695E9  | 5.24663441428799E9    | 5.188338186429192E9  | 5.485216580856297E9   | 5.226792886142813E9  | 5.486908455266343E9   | 1.2108991543505032E10  | 1.2000547875743006E10  | 1.2329583833608593E10  | 1.7806656972396664E10  | 1.8742550160808437E10  | 10475.331309908483     | 9414.044640556343      | 10087.87738786715      | 9975.789303892174      | 10546.60720458898      | 10049.72742594654      | 10549.860227433062     | 23282.358238824658     | 23073.8500147916       | 23706.49832550831      | 34237.44786489467      | 36036.92062921139      | 1.0850439912972742E10  | 9.30586945170936E9   | 1.0086034985372591E10  | 9.966860630758366E9    | 1.040692310782647E10   | 1.0058018475336662E10  | 1.0354781942094086E10  | 2.28763367663472E10    | 2.2686380833271984E10  | 2.352871080228092E10   | 3.377673685336355E10   | 3.570771317310998E10   |
| Therefore urg         | 572104             | Liberty          | Daviess County     | MO       | United States  | DIAMOND,AIRBORNE  | 2002  | 5.343977599008565E9   | 4.8800896968931875E9  | 5.319315847440603E9   | 5.278169415275064E9  | 5.4556957429285965E9  | 5.245126547073922E9  | 5.369710518807082E9   | 1.2181215521339603E10  | 1.192474532792863E10   | 1.232543666292455E10   | 1.7814119465205833E10  | 1.8657507005616474E10  | 9340.919831024717      | 8530.074421596752      | 9297.81271838792       | 9225.891473010264      | 9536.19576672877       | 9168.134722137796      | 9385.899274969379      | 21291.96006554683      | 20843.667109351853     | 21544.04909408875      | 31137.9040615095       | 32612.08976972102      | 1.073550125484523E10   | 9.306693298531815E9  | 1.0054476024227879E10  | 1.0004094381918152E10  | 1.0385887234301443E10  | 9.981650094896008E9    | 1.0121515786862127E10  | 2.292704895029743E10   | 2.2628396223746094E10  | 2.3519599018646725E10  | 3.3817318626934586E10  | 3.527054732046534E10   |
+-----------------------+--------------------+------------------+--------------------+----------+----------------+-------------------+-------+-----------------------+-----------------------+-----------------------+----------------------+-----------------------+----------------------+-----------------------+------------------------+------------------------+------------------------+------------------------+------------------------+------------------------+------------------------+------------------------+------------------------+------------------------+------------------------+------------------------+------------------------+------------------------+------------------------+------------------------+------------------------+------------------------+----------------------+------------------------+------------------------+------------------------+------------------------+------------------------+------------------------+------------------------+------------------------+------------------------+------------------------+--+
0: jdbc:hive2://h01hn02:10500/tpcds_bin_parti> 
0: jdbc:hive2://h01hn02:10500/tpcds_bin_parti> 
0: jdbc:hive2://h01hn02:10500/tpcds_bin_parti> 
