Connecting to jdbc:hive2://h01hn02:10500/tpcds_bin_partitioned_orc_10000
Connected to: Apache Hive (version 2.1.0.2.5.1.0-43)
Driver: Hive JDBC (version 1.2.1000.2.5.1.0-43)
Transaction isolation: TRANSACTION_REPEATABLE_READ
Running init script bry.sql
No rows affected (0.057 seconds)
INFO  : Compiling command(queryId=hive_20161020162526_f344856a-00d6-467f-b723-2cd94526b504): select c_last_name
       ,c_first_name
       ,c_salutation
       ,c_preferred_cust_flag
       ,ss_ticket_number
       ,cnt from
   (select ss_ticket_number
          ,ss_customer_sk
          ,count(*) cnt
    from store_sales,date_dim,store,household_demographics
    where store_sales.ss_sold_date_sk = date_dim.d_date_sk
    and store_sales.ss_store_sk = store.s_store_sk  
    and store_sales.ss_hdemo_sk = household_demographics.hd_demo_sk
    and (date_dim.d_dom between 1 and 3 or date_dim.d_dom between 25 and 28)
    and (household_demographics.hd_buy_potential = '1001-5000' or
         household_demographics.hd_buy_potential = '5001-10000')
    and household_demographics.hd_vehicle_count > 0
    and (case when household_demographics.hd_vehicle_count > 0 
	then household_demographics.hd_dep_count/ household_demographics.hd_vehicle_count 
	else null 
	end)  > 1.2
    and date_dim.d_year in (1998,1998+1,1998+2)
    and store.s_county in ('Kittitas County','Adams County','Richland County','Furnas County',
                           'Orange County','Appanoose County','Franklin Parish','Tehama County')
    group by ss_ticket_number,ss_customer_sk) dn,customer
    where dn.ss_customer_sk = customer.c_customer_sk
      and cnt between 15 and 20
    order by c_last_name,c_first_name,c_salutation,c_preferred_cust_flag desc
INFO  : Semantic Analysis Completed
INFO  : Returning Hive schema: Schema(fieldSchemas:[FieldSchema(name:c_last_name, type:string, comment:null), FieldSchema(name:c_first_name, type:string, comment:null), FieldSchema(name:c_salutation, type:string, comment:null), FieldSchema(name:c_preferred_cust_flag, type:string, comment:null), FieldSchema(name:ss_ticket_number, type:int, comment:null), FieldSchema(name:cnt, type:bigint, comment:null)], properties:null)
INFO  : Completed compiling command(queryId=hive_20161020162526_f344856a-00d6-467f-b723-2cd94526b504); Time taken: 0.567 seconds
INFO  : Concurrency mode is disabled, not creating a lock manager
INFO  : Executing command(queryId=hive_20161020162526_f344856a-00d6-467f-b723-2cd94526b504): select c_last_name
       ,c_first_name
       ,c_salutation
       ,c_preferred_cust_flag
       ,ss_ticket_number
       ,cnt from
   (select ss_ticket_number
          ,ss_customer_sk
          ,count(*) cnt
    from store_sales,date_dim,store,household_demographics
    where store_sales.ss_sold_date_sk = date_dim.d_date_sk
    and store_sales.ss_store_sk = store.s_store_sk  
    and store_sales.ss_hdemo_sk = household_demographics.hd_demo_sk
    and (date_dim.d_dom between 1 and 3 or date_dim.d_dom between 25 and 28)
    and (household_demographics.hd_buy_potential = '1001-5000' or
         household_demographics.hd_buy_potential = '5001-10000')
    and household_demographics.hd_vehicle_count > 0
    and (case when household_demographics.hd_vehicle_count > 0 
	then household_demographics.hd_dep_count/ household_demographics.hd_vehicle_count 
	else null 
	end)  > 1.2
    and date_dim.d_year in (1998,1998+1,1998+2)
    and store.s_county in ('Kittitas County','Adams County','Richland County','Furnas County',
                           'Orange County','Appanoose County','Franklin Parish','Tehama County')
    group by ss_ticket_number,ss_customer_sk) dn,customer
    where dn.ss_customer_sk = customer.c_customer_sk
      and cnt between 15 and 20
    order by c_last_name,c_first_name,c_salutation,c_preferred_cust_flag desc
INFO  : Query ID = hive_20161020162526_f344856a-00d6-467f-b723-2cd94526b504
INFO  : Total jobs = 1
INFO  : Launching Job 1 out of 1
INFO  : Starting task [Stage-1:MAPRED] in serial mode
INFO  : Session is already open
INFO  : Dag name: select c_last_name
       ,c_first_na...desc(Stage-1)
INFO  : Setting tez.task.scale.memory.reserve-fraction to 0.30000001192092896
INFO  : Setting tez.task.scale.memory.reserve-fraction to 0.30000001192092896
INFO  : 

INFO  : Status: Running (Executing on YARN cluster with App id application_1476988466894_0249)

INFO  : Map 1: -/-	Map 5: 1/1	Map 6: 1/1	Map 7: 1/1	Map 8: 0(+2)/281	Reducer 2: 0/1009	Reducer 3: 0/1009	Reducer 4: 0/1	
INFO  : Map 1: -/-	Map 5: 1/1	Map 6: 1/1	Map 7: 1/1	Map 8: 0(+281)/281	Reducer 2: 0/1009	Reducer 3: 0/1009	Reducer 4: 0/1	
INFO  : Map 1: 0(+18)/361	Map 5: 1/1	Map 6: 1/1	Map 7: 1/1	Map 8: 0(+281)/281	Reducer 2: 0/1009	Reducer 3: 0/1009	Reducer 4: 0/1	
INFO  : Map 1: 0(+25)/361	Map 5: 1/1	Map 6: 1/1	Map 7: 1/1	Map 8: 3(+278)/281	Reducer 2: 0/1009	Reducer 3: 0/1009	Reducer 4: 0/1	
INFO  : Map 1: 0(+224)/361	Map 5: 1/1	Map 6: 1/1	Map 7: 1/1	Map 8: 16(+265)/281	Reducer 2: 0/1009	Reducer 3: 0/1009	Reducer 4: 0/1	
INFO  : Map 1: 0(+235)/361	Map 5: 1/1	Map 6: 1/1	Map 7: 1/1	Map 8: 18(+263)/281	Reducer 2: 0/1009	Reducer 3: 0/1009	Reducer 4: 0/1	
INFO  : Map 1: 0(+241)/361	Map 5: 1/1	Map 6: 1/1	Map 7: 1/1	Map 8: 25(+256)/281	Reducer 2: 0/1009	Reducer 3: 0/1009	Reducer 4: 0/1	
INFO  : Map 1: 0(+242)/361	Map 5: 1/1	Map 6: 1/1	Map 7: 1/1	Map 8: 29(+252)/281	Reducer 2: 0/1009	Reducer 3: 0/1009	Reducer 4: 0/1	
INFO  : Map 1: 0(+244)/361	Map 5: 1/1	Map 6: 1/1	Map 7: 1/1	Map 8: 51(+230)/281	Reducer 2: 0/1009	Reducer 3: 0/1009	Reducer 4: 0/1	
INFO  : Map 1: 0(+246)/361	Map 5: 1/1	Map 6: 1/1	Map 7: 1/1	Map 8: 65(+216)/281	Reducer 2: 0/1009	Reducer 3: 0/1009	Reducer 4: 0/1	
INFO  : Map 1: 0(+251)/361	Map 5: 1/1	Map 6: 1/1	Map 7: 1/1	Map 8: 109(+172)/281	Reducer 2: 0/1009	Reducer 3: 0/1009	Reducer 4: 0/1	
INFO  : Map 1: 0(+292)/361	Map 5: 1/1	Map 6: 1/1	Map 7: 1/1	Map 8: 132(+149)/281	Reducer 2: 0/1009	Reducer 3: 0/1009	Reducer 4: 0/1	
INFO  : Map 1: 0(+317)/361	Map 5: 1/1	Map 6: 1/1	Map 7: 1/1	Map 8: 247(+34)/281	Reducer 2: 0/1009	Reducer 3: 0/1009	Reducer 4: 0/1	
INFO  : Map 1: 0(+361)/361	Map 5: 1/1	Map 6: 1/1	Map 7: 1/1	Map 8: 266(+15)/281	Reducer 2: 0/1009	Reducer 3: 0/1009	Reducer 4: 0/1	
INFO  : Map 1: 1(+360)/361	Map 5: 1/1	Map 6: 1/1	Map 7: 1/1	Map 8: 277(+4)/281	Reducer 2: 0/1009	Reducer 3: 0/1009	Reducer 4: 0/1	
INFO  : Map 1: 1(+360)/361	Map 5: 1/1	Map 6: 1/1	Map 7: 1/1	Map 8: 278(+3)/281	Reducer 2: 0/1009	Reducer 3: 0/1009	Reducer 4: 0/1	
INFO  : Map 1: 18(+343)/361	Map 5: 1/1	Map 6: 1/1	Map 7: 1/1	Map 8: 281/281	Reducer 2: 0/1009	Reducer 3: 0/1009	Reducer 4: 0/1	
INFO  : Map 1: 52(+309)/361	Map 5: 1/1	Map 6: 1/1	Map 7: 1/1	Map 8: 281/281	Reducer 2: 0/1009	Reducer 3: 0/1009	Reducer 4: 0/1	
INFO  : Map 1: 85(+276)/361	Map 5: 1/1	Map 6: 1/1	Map 7: 1/1	Map 8: 281/281	Reducer 2: 0/1009	Reducer 3: 0/1009	Reducer 4: 0/1	
INFO  : Map 1: 140(+221)/361	Map 5: 1/1	Map 6: 1/1	Map 7: 1/1	Map 8: 281/281	Reducer 2: 0/1009	Reducer 3: 0/1009	Reducer 4: 0/1	
INFO  : Map 1: 199(+162)/361	Map 5: 1/1	Map 6: 1/1	Map 7: 1/1	Map 8: 281/281	Reducer 2: 0/1009	Reducer 3: 0/1009	Reducer 4: 0/1	
INFO  : Map 1: 248(+113)/361	Map 5: 1/1	Map 6: 1/1	Map 7: 1/1	Map 8: 281/281	Reducer 2: 0/1009	Reducer 3: 0/1009	Reducer 4: 0/1	
INFO  : Map 1: 284(+77)/361	Map 5: 1/1	Map 6: 1/1	Map 7: 1/1	Map 8: 281/281	Reducer 2: 0(+7)/253	Reducer 3: 0/1009	Reducer 4: 0/1	
INFO  : Map 1: 306(+55)/361	Map 5: 1/1	Map 6: 1/1	Map 7: 1/1	Map 8: 281/281	Reducer 2: 0(+253)/253	Reducer 3: 0/1009	Reducer 4: 0/1	
INFO  : Map 1: 328(+33)/361	Map 5: 1/1	Map 6: 1/1	Map 7: 1/1	Map 8: 281/281	Reducer 2: 0(+253)/253	Reducer 3: 0/1009	Reducer 4: 0/1	
INFO  : Map 1: 342(+19)/361	Map 5: 1/1	Map 6: 1/1	Map 7: 1/1	Map 8: 281/281	Reducer 2: 0(+253)/253	Reducer 3: 0/1009	Reducer 4: 0/1	
INFO  : Map 1: 355(+6)/361	Map 5: 1/1	Map 6: 1/1	Map 7: 1/1	Map 8: 281/281	Reducer 2: 0(+253)/253	Reducer 3: 0/1009	Reducer 4: 0/1	
INFO  : Map 1: 358(+3)/361	Map 5: 1/1	Map 6: 1/1	Map 7: 1/1	Map 8: 281/281	Reducer 2: 0(+253)/253	Reducer 3: 0/1009	Reducer 4: 0/1	
INFO  : Map 1: 361/361	Map 5: 1/1	Map 6: 1/1	Map 7: 1/1	Map 8: 281/281	Reducer 2: 0(+253)/253	Reducer 3: 0/1009	Reducer 4: 0/1	
INFO  : Map 1: 361/361	Map 5: 1/1	Map 6: 1/1	Map 7: 1/1	Map 8: 281/281	Reducer 2: 2(+251)/253	Reducer 3: 0/1009	Reducer 4: 0/1	
INFO  : Map 1: 361/361	Map 5: 1/1	Map 6: 1/1	Map 7: 1/1	Map 8: 281/281	Reducer 2: 7(+246)/253	Reducer 3: 0/1009	Reducer 4: 0/1	
INFO  : Map 1: 361/361	Map 5: 1/1	Map 6: 1/1	Map 7: 1/1	Map 8: 281/281	Reducer 2: 18(+235)/253	Reducer 3: 0/1009	Reducer 4: 0/1	
INFO  : Map 1: 361/361	Map 5: 1/1	Map 6: 1/1	Map 7: 1/1	Map 8: 281/281	Reducer 2: 24(+229)/253	Reducer 3: 0/1009	Reducer 4: 0/1	
INFO  : Map 1: 361/361	Map 5: 1/1	Map 6: 1/1	Map 7: 1/1	Map 8: 281/281	Reducer 2: 39(+214)/253	Reducer 3: 0/1009	Reducer 4: 0/1	
INFO  : Map 1: 361/361	Map 5: 1/1	Map 6: 1/1	Map 7: 1/1	Map 8: 281/281	Reducer 2: 56(+197)/253	Reducer 3: 0(+108)/1009	Reducer 4: 0/1	
INFO  : Map 1: 361/361	Map 5: 1/1	Map 6: 1/1	Map 7: 1/1	Map 8: 281/281	Reducer 2: 62(+191)/253	Reducer 3: 0(+228)/1009	Reducer 4: 0/1	
INFO  : Map 1: 361/361	Map 5: 1/1	Map 6: 1/1	Map 7: 1/1	Map 8: 281/281	Reducer 2: 65(+188)/253	Reducer 3: 0(+288)/1009	Reducer 4: 0/1	
INFO  : Map 1: 361/361	Map 5: 1/1	Map 6: 1/1	Map 7: 1/1	Map 8: 281/281	Reducer 2: 84(+169)/253	Reducer 3: 0(+447)/1009	Reducer 4: 0/1	
INFO  : Map 1: 361/361	Map 5: 1/1	Map 6: 1/1	Map 7: 1/1	Map 8: 281/281	Reducer 2: 85(+168)/253	Reducer 3: 0(+667)/1009	Reducer 4: 0/1	
INFO  : Map 1: 361/361	Map 5: 1/1	Map 6: 1/1	Map 7: 1/1	Map 8: 281/281	Reducer 2: 91(+162)/253	Reducer 3: 0(+686)/1009	Reducer 4: 0/1	
INFO  : Map 1: 361/361	Map 5: 1/1	Map 6: 1/1	Map 7: 1/1	Map 8: 281/281	Reducer 2: 107(+146)/253	Reducer 3: 0(+686)/1009	Reducer 4: 0/1	
INFO  : Map 1: 361/361	Map 5: 1/1	Map 6: 1/1	Map 7: 1/1	Map 8: 281/281	Reducer 2: 121(+132)/253	Reducer 3: 0(+898)/1009	Reducer 4: 0/1	
INFO  : Map 1: 361/361	Map 5: 1/1	Map 6: 1/1	Map 7: 1/1	Map 8: 281/281	Reducer 2: 124(+129)/253	Reducer 3: 0(+1009)/1009	Reducer 4: 0/1	
INFO  : Map 1: 361/361	Map 5: 1/1	Map 6: 1/1	Map 7: 1/1	Map 8: 281/281	Reducer 2: 127(+126)/253	Reducer 3: 0(+1009)/1009	Reducer 4: 0/1	
INFO  : Map 1: 361/361	Map 5: 1/1	Map 6: 1/1	Map 7: 1/1	Map 8: 281/281	Reducer 2: 144(+109)/253	Reducer 3: 0(+1009)/1009	Reducer 4: 0/1	
INFO  : Map 1: 361/361	Map 5: 1/1	Map 6: 1/1	Map 7: 1/1	Map 8: 281/281	Reducer 2: 153(+100)/253	Reducer 3: 0(+1009)/1009	Reducer 4: 0/1	
INFO  : Map 1: 361/361	Map 5: 1/1	Map 6: 1/1	Map 7: 1/1	Map 8: 281/281	Reducer 2: 165(+88)/253	Reducer 3: 0(+1009)/1009	Reducer 4: 0/1	
INFO  : Map 1: 361/361	Map 5: 1/1	Map 6: 1/1	Map 7: 1/1	Map 8: 281/281	Reducer 2: 176(+77)/253	Reducer 3: 0(+1009)/1009	Reducer 4: 0/1	
INFO  : Map 1: 361/361	Map 5: 1/1	Map 6: 1/1	Map 7: 1/1	Map 8: 281/281	Reducer 2: 194(+59)/253	Reducer 3: 0(+1009)/1009	Reducer 4: 0/1	
INFO  : Map 1: 361/361	Map 5: 1/1	Map 6: 1/1	Map 7: 1/1	Map 8: 281/281	Reducer 2: 207(+46)/253	Reducer 3: 0(+1009)/1009	Reducer 4: 0/1	
INFO  : Map 1: 361/361	Map 5: 1/1	Map 6: 1/1	Map 7: 1/1	Map 8: 281/281	Reducer 2: 229(+24)/253	Reducer 3: 0(+1009)/1009	Reducer 4: 0/1	
INFO  : Map 1: 361/361	Map 5: 1/1	Map 6: 1/1	Map 7: 1/1	Map 8: 281/281	Reducer 2: 246(+7)/253	Reducer 3: 0(+1009)/1009	Reducer 4: 0/1	
INFO  : Map 1: 361/361	Map 5: 1/1	Map 6: 1/1	Map 7: 1/1	Map 8: 281/281	Reducer 2: 247(+6)/253	Reducer 3: 0(+1009)/1009	Reducer 4: 0/1	
INFO  : Map 1: 361/361	Map 5: 1/1	Map 6: 1/1	Map 7: 1/1	Map 8: 281/281	Reducer 2: 252(+1)/253	Reducer 3: 0(+1009)/1009	Reducer 4: 0/1	
INFO  : Map 1: 361/361	Map 5: 1/1	Map 6: 1/1	Map 7: 1/1	Map 8: 281/281	Reducer 2: 252(+1)/253	Reducer 3: 0(+1009)/1009	Reducer 4: 0/1	
INFO  : Map 1: 361/361	Map 5: 1/1	Map 6: 1/1	Map 7: 1/1	Map 8: 281/281	Reducer 2: 253/253	Reducer 3: 486(+523)/1009	Reducer 4: 0/1	
INFO  : Map 1: 361/361	Map 5: 1/1	Map 6: 1/1	Map 7: 1/1	Map 8: 281/281	Reducer 2: 253/253	Reducer 3: 491(+518)/1009	Reducer 4: 0(+1)/1	
INFO  : Map 1: 361/361	Map 5: 1/1	Map 6: 1/1	Map 7: 1/1	Map 8: 281/281	Reducer 2: 253/253	Reducer 3: 501(+507)/1009	Reducer 4: 0(+1)/1	
INFO  : Map 1: 361/361	Map 5: 1/1	Map 6: 1/1	Map 7: 1/1	Map 8: 281/281	Reducer 2: 253/253	Reducer 3: 527(+482)/1009	Reducer 4: 0(+1)/1	
INFO  : Map 1: 361/361	Map 5: 1/1	Map 6: 1/1	Map 7: 1/1	Map 8: 281/281	Reducer 2: 253/253	Reducer 3: 555(+454)/1009	Reducer 4: 0(+1)/1	
INFO  : Map 1: 361/361	Map 5: 1/1	Map 6: 1/1	Map 7: 1/1	Map 8: 281/281	Reducer 2: 253/253	Reducer 3: 575(+434)/1009	Reducer 4: 0(+1)/1	
INFO  : Map 1: 361/361	Map 5: 1/1	Map 6: 1/1	Map 7: 1/1	Map 8: 281/281	Reducer 2: 253/253	Reducer 3: 581(+428)/1009	Reducer 4: 0(+1)/1	
INFO  : Map 1: 361/361	Map 5: 1/1	Map 6: 1/1	Map 7: 1/1	Map 8: 281/281	Reducer 2: 253/253	Reducer 3: 589(+420)/1009	Reducer 4: 0(+1)/1	
INFO  : Map 1: 361/361	Map 5: 1/1	Map 6: 1/1	Map 7: 1/1	Map 8: 281/281	Reducer 2: 253/253	Reducer 3: 610(+399)/1009	Reducer 4: 0(+1)/1	
INFO  : Map 1: 361/361	Map 5: 1/1	Map 6: 1/1	Map 7: 1/1	Map 8: 281/281	Reducer 2: 253/253	Reducer 3: 628(+380)/1009	Reducer 4: 0(+1)/1	
INFO  : Map 1: 361/361	Map 5: 1/1	Map 6: 1/1	Map 7: 1/1	Map 8: 281/281	Reducer 2: 253/253	Reducer 3: 634(+375)/1009	Reducer 4: 0(+1)/1	
INFO  : Map 1: 361/361	Map 5: 1/1	Map 6: 1/1	Map 7: 1/1	Map 8: 281/281	Reducer 2: 253/253	Reducer 3: 713(+296)/1009	Reducer 4: 0(+1)/1	
INFO  : Map 1: 361/361	Map 5: 1/1	Map 6: 1/1	Map 7: 1/1	Map 8: 281/281	Reducer 2: 253/253	Reducer 3: 828(+181)/1009	Reducer 4: 0(+1)/1	
INFO  : Map 1: 361/361	Map 5: 1/1	Map 6: 1/1	Map 7: 1/1	Map 8: 281/281	Reducer 2: 253/253	Reducer 3: 975(+34)/1009	Reducer 4: 0(+1)/1	
INFO  : Map 1: 361/361	Map 5: 1/1	Map 6: 1/1	Map 7: 1/1	Map 8: 281/281	Reducer 2: 253/253	Reducer 3: 991(+18)/1009	Reducer 4: 0(+1)/1	
INFO  : Map 1: 361/361	Map 5: 1/1	Map 6: 1/1	Map 7: 1/1	Map 8: 281/281	Reducer 2: 253/253	Reducer 3: 991(+18)/1009	Reducer 4: 0(+1)/1	
INFO  : Map 1: 361/361	Map 5: 1/1	Map 6: 1/1	Map 7: 1/1	Map 8: 281/281	Reducer 2: 253/253	Reducer 3: 1007(+2)/1009	Reducer 4: 0(+1)/1	
INFO  : Map 1: 361/361	Map 5: 1/1	Map 6: 1/1	Map 7: 1/1	Map 8: 281/281	Reducer 2: 253/253	Reducer 3: 1008(+1)/1009	Reducer 4: 0(+1)/1	
INFO  : Map 1: 361/361	Map 5: 1/1	Map 6: 1/1	Map 7: 1/1	Map 8: 281/281	Reducer 2: 253/253	Reducer 3: 1008(+1)/1009	Reducer 4: 0(+1)/1	
INFO  : Map 1: 361/361	Map 5: 1/1	Map 6: 1/1	Map 7: 1/1	Map 8: 281/281	Reducer 2: 253/253	Reducer 3: 1008(+1)/1009	Reducer 4: 0(+1)/1	
INFO  : Map 1: 361/361	Map 5: 1/1	Map 6: 1/1	Map 7: 1/1	Map 8: 281/281	Reducer 2: 253/253	Reducer 3: 1008(+1)/1009	Reducer 4: 0(+1)/1	
INFO  : Map 1: 361/361	Map 5: 1/1	Map 6: 1/1	Map 7: 1/1	Map 8: 281/281	Reducer 2: 253/253	Reducer 3: 1008(+1)/1009	Reducer 4: 0(+1)/1	
INFO  : Map 1: 361/361	Map 5: 1/1	Map 6: 1/1	Map 7: 1/1	Map 8: 281/281	Reducer 2: 253/253	Reducer 3: 1008(+1)/1009	Reducer 4: 0(+1)/1	
INFO  : Map 1: 361/361	Map 5: 1/1	Map 6: 1/1	Map 7: 1/1	Map 8: 281/281	Reducer 2: 253/253	Reducer 3: 1008(+1)/1009	Reducer 4: 0(+1)/1	
INFO  : Map 1: 361/361	Map 5: 1/1	Map 6: 1/1	Map 7: 1/1	Map 8: 281/281	Reducer 2: 253/253	Reducer 3: 1008(+1)/1009	Reducer 4: 0(+1)/1	
INFO  : Map 1: 361/361	Map 5: 1/1	Map 6: 1/1	Map 7: 1/1	Map 8: 281/281	Reducer 2: 253/253	Reducer 3: 1008(+1)/1009	Reducer 4: 0(+1)/1	
INFO  : Map 1: 361/361	Map 5: 1/1	Map 6: 1/1	Map 7: 1/1	Map 8: 281/281	Reducer 2: 253/253	Reducer 3: 1008(+1)/1009	Reducer 4: 0(+1)/1	
INFO  : Map 1: 361/361	Map 5: 1/1	Map 6: 1/1	Map 7: 1/1	Map 8: 281/281	Reducer 2: 253/253	Reducer 3: 1008(+1)/1009	Reducer 4: 0(+1)/1	
INFO  : Map 1: 361/361	Map 5: 1/1	Map 6: 1/1	Map 7: 1/1	Map 8: 281/281	Reducer 2: 253/253	Reducer 3: 1008(+1)/1009	Reducer 4: 0(+1)/1	
INFO  : Map 1: 361/361	Map 5: 1/1	Map 6: 1/1	Map 7: 1/1	Map 8: 281/281	Reducer 2: 253/253	Reducer 3: 1008(+1)/1009	Reducer 4: 0(+1)/1	
INFO  : Map 1: 361/361	Map 5: 1/1	Map 6: 1/1	Map 7: 1/1	Map 8: 281/281	Reducer 2: 253/253	Reducer 3: 1008(+1)/1009	Reducer 4: 0(+1)/1	
INFO  : Map 1: 361/361	Map 5: 1/1	Map 6: 1/1	Map 7: 1/1	Map 8: 281/281	Reducer 2: 253/253	Reducer 3: 1008(+1)/1009	Reducer 4: 0(+1)/1	
INFO  : Map 1: 361/361	Map 5: 1/1	Map 6: 1/1	Map 7: 1/1	Map 8: 281/281	Reducer 2: 253/253	Reducer 3: 1008(+1)/1009	Reducer 4: 0(+1)/1	
INFO  : Map 1: 361/361	Map 5: 1/1	Map 6: 1/1	Map 7: 1/1	Map 8: 281/281	Reducer 2: 253/253	Reducer 3: 1008(+1)/1009	Reducer 4: 0(+1)/1	
INFO  : Map 1: 361/361	Map 5: 1/1	Map 6: 1/1	Map 7: 1/1	Map 8: 281/281	Reducer 2: 253/253	Reducer 3: 1008(+1)/1009	Reducer 4: 0(+1)/1	
INFO  : Map 1: 361/361	Map 5: 1/1	Map 6: 1/1	Map 7: 1/1	Map 8: 281/281	Reducer 2: 253/253	Reducer 3: 1009/1009	Reducer 4: 0(+1)/1	
INFO  : Map 1: 361/361	Map 5: 1/1	Map 6: 1/1	Map 7: 1/1	Map 8: 281/281	Reducer 2: 253/253	Reducer 3: 1009/1009	Reducer 4: 1/1	
INFO  : Status: DAG finished successfully in 82.22 seconds
INFO  : 
INFO  : Query Execution Summary
INFO  : ----------------------------------------------------------------------------------------------
INFO  : ----------------------------------------------------------------------------------------------
INFO  : Compile Query                           0.57s
INFO  : Prepare Plan                            0.37s
INFO  : Submit Plan                             0.13s
INFO  : Start DAG                               0.36s
INFO  : Run DAG                                82.22s
INFO  : ----------------------------------------------------------------------------------------------
INFO  : 
INFO  : Task Execution Summary
INFO  : --------------------------------------------------------------------------------------------------------------------------------
INFO  : --------------------------------------------------------------------------------------------------------------------------------
INFO  :      Map 1          361                0             3        5280.00             0            0  3,758,169,566       4,182,965
INFO  :      Map 5            1                0             0           0.00             0            0         10,000             252
INFO  :      Map 6            1                0             0           0.00             0            0          1,500             149
INFO  :      Map 7            1                0             0           0.00             0            0          7,200           1,040
INFO  :      Map 8          281                0             0        3245.00             0            0     65,000,000      65,000,000
INFO  :  Reducer 2          253                0             0       15550.00             0            0      4,182,965         405,241
INFO  :  Reducer 3         1009                0          6544       73668.00             0            0     65,405,241         405,241
INFO  :  Reducer 4            1                0             1       62004.00             0            0        405,241               0
INFO  : --------------------------------------------------------------------------------------------------------------------------------
INFO  : 
INFO  : LLAP IO Summary
INFO  : ----------------------------------------------------------------------------------------------
INFO  : ----------------------------------------------------------------------------------------------
INFO  :      Map 1    377105      5202          0   19.65GB         0B          0B       0B   679.28s
INFO  :      Map 5         1         2          0    6.18KB         0B          0B       0B     0.00s
INFO  :      Map 6         1         2          0    2.34KB         0B          0B       0B     0.00s
INFO  :      Map 7         1         2          0      453B         0B          0B       0B     0.00s
INFO  :      Map 8      6667      1112          0  351.65MB         0B          0B       0B    19.02s
INFO  : ----------------------------------------------------------------------------------------------
INFO  : 
INFO  : FileSystem Counters Summary
INFO  : 
INFO  : ----------------------------------------------------------------------------------------------
INFO  : ----------------------------------------------------------------------------------------------
INFO  :      Map 1         17.49MB             0                  0            72.85MB             0
INFO  :      Map 5              0B             0                  0             1.05KB             0
INFO  :      Map 6              0B             0                  0               635B             0
INFO  :      Map 7              0B             0                  0             4.52KB             0
INFO  :      Map 8              0B             0                  0             1.36GB             0
INFO  :  Reducer 2              0B             0                  0            16.14MB             0
INFO  :  Reducer 3          4.53GB             0                  0             8.32MB             0
INFO  :  Reducer 4          5.11MB             0                  0                 0B             0
INFO  : ----------------------------------------------------------------------------------------------
INFO  : 
INFO  : ----------------------------------------------------------------------------------------------
INFO  : ----------------------------------------------------------------------------------------------
INFO  :      Map 1              0B             0                  0                 0B             0
INFO  :      Map 5              0B             0                  0                 0B             0
INFO  :      Map 6              0B             0                  0                 0B             0
INFO  :      Map 7              0B             0                  0                 0B             0
INFO  :      Map 8              0B             0                  0                 0B             0
INFO  :  Reducer 2              0B             0                  0                 0B             0
INFO  :  Reducer 3              0B             0                  0                 0B             0
INFO  :  Reducer 4              0B             2                  0            18.47MB             2
INFO  : ----------------------------------------------------------------------------------------------
INFO  : 
INFO  : org.apache.tez.common.counters.DAGCounter:
INFO  :    NUM_KILLED_TASKS: 6548
INFO  :    NUM_SUCCEEDED_TASKS: 1908
INFO  :    TOTAL_LAUNCHED_TASKS: 8456
INFO  :    DATA_LOCAL_TASKS: 645
INFO  :    AM_CPU_MILLISECONDS: 35540
INFO  :    AM_GC_TIME_MILLIS: 368
INFO  : File System Counters:
INFO  :    FILE_BYTES_READ: 4556404374
INFO  :    FILE_BYTES_WRITTEN: 1460459861
INFO  :    FILE_READ_OPS: 0
INFO  :    FILE_LARGE_READ_OPS: 0
INFO  :    FILE_WRITE_OPS: 0
INFO  :    HDFS_BYTES_READ: 0
INFO  :    HDFS_BYTES_WRITTEN: 18466823
INFO  :    HDFS_READ_OPS: 2
INFO  :    HDFS_LARGE_READ_OPS: 0
INFO  :    HDFS_WRITE_OPS: 2
INFO  : org.apache.tez.common.counters.TaskCounter:
INFO  :    REDUCE_INPUT_GROUPS: 4537944
INFO  :    REDUCE_INPUT_RECORDS: 4588206
INFO  :    COMBINE_INPUT_RECORDS: 0
INFO  :    SPILLED_RECORDS: 9296737
INFO  :    NUM_SHUFFLED_INPUTS: 851121
INFO  :    NUM_SKIPPED_INPUTS: 410
INFO  :    NUM_FAILED_SHUFFLE_INPUTS: 1
INFO  :    MERGED_MAP_OUTPUTS: 364848
INFO  :    INPUT_RECORDS_PROCESSED: 69241505
INFO  :    INPUT_SPLIT_LENGTH_BYTES: 212985776639
INFO  :    OUTPUT_RECORDS: 69994888
INFO  :    OUTPUT_LARGE_RECORDS: 0
INFO  :    OUTPUT_BYTES: 1739207327
INFO  :    OUTPUT_BYTES_WITH_OVERHEAD: 2634993464
INFO  :    OUTPUT_BYTES_PHYSICAL: 1451678413
INFO  :    ADDITIONAL_SPILLS_BYTES_WRITTEN: 5281518
INFO  :    ADDITIONAL_SPILLS_BYTES_READ: 54618297
INFO  :    ADDITIONAL_SPILL_COUNT: 0
INFO  :    SHUFFLE_CHUNK_COUNT: 1370
INFO  :    SHUFFLE_BYTES: 1438787645
INFO  :    SHUFFLE_BYTES_DECOMPRESSED: 1884384525
INFO  :    SHUFFLE_BYTES_TO_MEM: 1278462685
INFO  :    SHUFFLE_BYTES_TO_DISK: 0
INFO  :    SHUFFLE_BYTES_DISK_DIRECT: 160324960
INFO  :    NUM_MEM_TO_DISK_MERGES: 0
INFO  :    NUM_DISK_TO_DISK_MERGES: 0
INFO  :    SHUFFLE_PHASE_TIME: 10177957
INFO  :    MERGE_PHASE_TIME: 1261587
INFO  :    FIRST_EVENT_RECEIVED: 84948
INFO  :    LAST_EVENT_RECEIVED: 6122292
INFO  : HIVE:
INFO  :    CREATED_FILES: 1
INFO  :    DESERIALIZE_ERRORS: 0
INFO  :    RECORDS_IN_Map_1: 3758168125
INFO  :    RECORDS_IN_Map_5: 10000
INFO  :    RECORDS_IN_Map_6: 1500
INFO  :    RECORDS_IN_Map_7: 7200
INFO  :    RECORDS_IN_Map_8: 65000000
INFO  :    RECORDS_OUT_0: 405241
INFO  :    RECORDS_OUT_INTERMEDIATE_Map_1: 4182965
INFO  :    RECORDS_OUT_INTERMEDIATE_Map_5: 252
INFO  :    RECORDS_OUT_INTERMEDIATE_Map_6: 149
INFO  :    RECORDS_OUT_INTERMEDIATE_Map_7: 1040
INFO  :    RECORDS_OUT_INTERMEDIATE_Map_8: 65000000
INFO  :    RECORDS_OUT_INTERMEDIATE_Reducer_2: 405241
INFO  :    RECORDS_OUT_INTERMEDIATE_Reducer_3: 405241
INFO  : Shuffle Errors:
INFO  :    BAD_ID: 0
INFO  :    CONNECTION: 0
INFO  :    IO_ERROR: 0
INFO  :    WRONG_LENGTH: 0
INFO  :    WRONG_MAP: 0
INFO  :    WRONG_REDUCE: 0
INFO  : Shuffle Errors_Reducer_2_INPUT_Map_1:
INFO  :    BAD_ID: 0
INFO  :    CONNECTION: 0
INFO  :    IO_ERROR: 0
INFO  :    WRONG_LENGTH: 0
INFO  :    WRONG_MAP: 0
INFO  :    WRONG_REDUCE: 0
INFO  : Shuffle Errors_Reducer_4_INPUT_Reducer_3:
INFO  :    BAD_ID: 0
INFO  :    CONNECTION: 0
INFO  :    IO_ERROR: 0
INFO  :    WRONG_LENGTH: 0
INFO  :    WRONG_MAP: 0
INFO  :    WRONG_REDUCE: 0
INFO  : TaskCounter_Map_1_INPUT_Map_5:
INFO  :    FIRST_EVENT_RECEIVED: 989
INFO  :    INPUT_RECORDS_PROCESSED: 2268
INFO  :    LAST_EVENT_RECEIVED: 989
INFO  :    NUM_FAILED_SHUFFLE_INPUTS: 0
INFO  :    NUM_SHUFFLED_INPUTS: 9
INFO  :    SHUFFLE_BYTES: 9144
INFO  :    SHUFFLE_BYTES_DECOMPRESSED: 15930
INFO  :    SHUFFLE_BYTES_DISK_DIRECT: 1016
INFO  :    SHUFFLE_BYTES_TO_DISK: 0
INFO  :    SHUFFLE_BYTES_TO_MEM: 8128
INFO  :    SHUFFLE_PHASE_TIME: 4721
INFO  : TaskCounter_Map_1_INPUT_Map_6:
INFO  :    FIRST_EVENT_RECEIVED: 259
INFO  :    INPUT_RECORDS_PROCESSED: 1341
INFO  :    LAST_EVENT_RECEIVED: 259
INFO  :    NUM_FAILED_SHUFFLE_INPUTS: 0
INFO  :    NUM_SHUFFLED_INPUTS: 9
INFO  :    SHUFFLE_BYTES: 5427
INFO  :    SHUFFLE_BYTES_DECOMPRESSED: 9441
INFO  :    SHUFFLE_BYTES_DISK_DIRECT: 603
INFO  :    SHUFFLE_BYTES_TO_DISK: 0
INFO  :    SHUFFLE_BYTES_TO_MEM: 4824
INFO  :    SHUFFLE_PHASE_TIME: 3565
INFO  : TaskCounter_Map_1_INPUT_Map_7:
INFO  :    FIRST_EVENT_RECEIVED: 28
INFO  :    INPUT_RECORDS_PROCESSED: 9360
INFO  :    LAST_EVENT_RECEIVED: 28
INFO  :    NUM_FAILED_SHUFFLE_INPUTS: 0
INFO  :    NUM_SHUFFLED_INPUTS: 9
INFO  :    SHUFFLE_BYTES: 40383
INFO  :    SHUFFLE_BYTES_DECOMPRESSED: 65574
INFO  :    SHUFFLE_BYTES_DISK_DIRECT: 4487
INFO  :    SHUFFLE_BYTES_TO_DISK: 0
INFO  :    SHUFFLE_BYTES_TO_MEM: 35896
INFO  :    SHUFFLE_PHASE_TIME: 136
INFO  : TaskCounter_Map_1_INPUT_store_sales:
INFO  :    INPUT_RECORDS_PROCESSED: 3758274
INFO  :    INPUT_SPLIT_LENGTH_BYTES: 209455939749
INFO  : TaskCounter_Map_1_OUTPUT_Reducer_2:
INFO  :    ADDITIONAL_SPILLS_BYTES_READ: 0
INFO  :    ADDITIONAL_SPILLS_BYTES_WRITTEN: 0
INFO  :    ADDITIONAL_SPILL_COUNT: 0
INFO  :    OUTPUT_BYTES: 54374353
INFO  :    OUTPUT_BYTES_PHYSICAL: 64103133
INFO  :    OUTPUT_BYTES_WITH_OVERHEAD: 64925777
INFO  :    OUTPUT_RECORDS: 4182965
INFO  :    SHUFFLE_CHUNK_COUNT: 361
INFO  :    SPILLED_RECORDS: 4182965
INFO  : TaskCounter_Map_5_INPUT_date_dim:
INFO  :    INPUT_RECORDS_PROCESSED: 10
INFO  :    INPUT_SPLIT_LENGTH_BYTES: 759177
INFO  : TaskCounter_Map_5_OUTPUT_Map_1:
INFO  :    ADDITIONAL_SPILLS_BYTES_READ: 0
INFO  :    ADDITIONAL_SPILLS_BYTES_WRITTEN: 0
INFO  :    ADDITIONAL_SPILL_COUNT: 0
INFO  :    OUTPUT_BYTES: 1260
INFO  :    OUTPUT_BYTES_PHYSICAL: 1040
INFO  :    OUTPUT_BYTES_WITH_OVERHEAD: 1770
INFO  :    OUTPUT_LARGE_RECORDS: 0
INFO  :    OUTPUT_RECORDS: 252
INFO  :    SPILLED_RECORDS: 0
INFO  : TaskCounter_Map_6_INPUT_store:
INFO  :    INPUT_RECORDS_PROCESSED: 2
INFO  :    INPUT_SPLIT_LENGTH_BYTES: 127422
INFO  : TaskCounter_Map_6_OUTPUT_Map_1:
INFO  :    ADDITIONAL_SPILLS_BYTES_READ: 0
INFO  :    ADDITIONAL_SPILLS_BYTES_WRITTEN: 0
INFO  :    ADDITIONAL_SPILL_COUNT: 0
INFO  :    OUTPUT_BYTES: 745
INFO  :    OUTPUT_BYTES_PHYSICAL: 627
INFO  :    OUTPUT_BYTES_WITH_OVERHEAD: 1049
INFO  :    OUTPUT_LARGE_RECORDS: 0
INFO  :    OUTPUT_RECORDS: 149
INFO  :    SPILLED_RECORDS: 0
INFO  : TaskCounter_Map_7_INPUT_household_demographics:
INFO  :    INPUT_RECORDS_PROCESSED: 8
INFO  :    INPUT_SPLIT_LENGTH_BYTES: 1147
INFO  : TaskCounter_Map_7_OUTPUT_Map_1:
INFO  :    ADDITIONAL_SPILLS_BYTES_READ: 0
INFO  :    ADDITIONAL_SPILLS_BYTES_WRITTEN: 0
INFO  :    ADDITIONAL_SPILL_COUNT: 0
INFO  :    OUTPUT_BYTES: 5200
INFO  :    OUTPUT_BYTES_PHYSICAL: 4511
INFO  :    OUTPUT_BYTES_WITH_OVERHEAD: 7286
INFO  :    OUTPUT_LARGE_RECORDS: 0
INFO  :    OUTPUT_RECORDS: 1040
INFO  :    SPILLED_RECORDS: 0
INFO  : TaskCounter_Map_8_INPUT_customer:
INFO  :    INPUT_RECORDS_PROCESSED: 65001
INFO  :    INPUT_SPLIT_LENGTH_BYTES: 3528949144
INFO  : TaskCounter_Map_8_OUTPUT_Reducer_3:
INFO  :    ADDITIONAL_SPILLS_BYTES_READ: 0
INFO  :    ADDITIONAL_SPILLS_BYTES_WRITTEN: 0
INFO  :    ADDITIONAL_SPILL_COUNT: 0
INFO  :    OUTPUT_BYTES: 1666741876
INFO  :    OUTPUT_BYTES_PHYSICAL: 1363139199
INFO  :    OUTPUT_BYTES_WITH_OVERHEAD: 2545088689
INFO  :    OUTPUT_LARGE_RECORDS: 0
INFO  :    OUTPUT_RECORDS: 65000000
INFO  :    SPILLED_RECORDS: 0
INFO  : TaskCounter_Reducer_2_INPUT_Map_1:
INFO  :    ADDITIONAL_SPILLS_BYTES_READ: 48564594
INFO  :    ADDITIONAL_SPILLS_BYTES_WRITTEN: 41859
INFO  :    COMBINE_INPUT_RECORDS: 0
INFO  :    FIRST_EVENT_RECEIVED: 5245
INFO  :    LAST_EVENT_RECEIVED: 291857
INFO  :    MERGED_MAP_OUTPUTS: 363839
INFO  :    MERGE_PHASE_TIME: 1200970
INFO  :    NUM_DISK_TO_DISK_MERGES: 0
INFO  :    NUM_FAILED_SHUFFLE_INPUTS: 0
INFO  :    NUM_MEM_TO_DISK_MERGES: 0
INFO  :    NUM_SHUFFLED_INPUTS: 363839
INFO  :    NUM_SKIPPED_INPUTS: 410
INFO  :    REDUCE_INPUT_GROUPS: 4181372
INFO  :    REDUCE_INPUT_RECORDS: 4182965
INFO  :    SHUFFLE_BYTES: 64094933
INFO  :    SHUFFLE_BYTES_DECOMPRESSED: 64923317
INFO  :    SHUFFLE_BYTES_DISK_DIRECT: 7158013
INFO  :    SHUFFLE_BYTES_TO_DISK: 0
INFO  :    SHUFFLE_BYTES_TO_MEM: 56936920
INFO  :    SHUFFLE_PHASE_TIME: 1166442
INFO  :    SPILLED_RECORDS: 4303290
INFO  : TaskCounter_Reducer_2_OUTPUT_Reducer_3:
INFO  :    ADDITIONAL_SPILLS_BYTES_READ: 0
INFO  :    ADDITIONAL_SPILLS_BYTES_WRITTEN: 0
INFO  :    ADDITIONAL_SPILL_COUNT: 0
INFO  :    OUTPUT_BYTES: 5264983
INFO  :    OUTPUT_BYTES_PHYSICAL: 16141642
INFO  :    OUTPUT_BYTES_WITH_OVERHEAD: 11333447
INFO  :    OUTPUT_LARGE_RECORDS: 0
INFO  :    OUTPUT_RECORDS: 405241
INFO  :    SPILLED_RECORDS: 0
INFO  : TaskCounter_Reducer_3_INPUT_Map_8:
INFO  :    FIRST_EVENT_RECEIVED: 47271
INFO  :    INPUT_RECORDS_PROCESSED: 65000000
INFO  :    LAST_EVENT_RECEIVED: 122501
INFO  :    NUM_FAILED_SHUFFLE_INPUTS: 0
INFO  :    NUM_SHUFFLED_INPUTS: 283529
INFO  :    SHUFFLE_BYTES: 1356334503
INFO  :    SHUFFLE_BYTES_DECOMPRESSED: 1798443050
INFO  :    SHUFFLE_BYTES_DISK_DIRECT: 151233673
INFO  :    SHUFFLE_BYTES_TO_DISK: 0
INFO  :    SHUFFLE_BYTES_TO_MEM: 1205100830
INFO  :    SHUFFLE_PHASE_TIME: 2062302
INFO  : TaskCounter_Reducer_3_INPUT_Reducer_2:
INFO  :    FIRST_EVENT_RECEIVED: 31146
INFO  :    INPUT_RECORDS_PROCESSED: 405241
INFO  :    LAST_EVENT_RECEIVED: 5646388
INFO  :    NUM_FAILED_SHUFFLE_INPUTS: 1
INFO  :    NUM_SHUFFLED_INPUTS: 202717
INFO  :    SHUFFLE_BYTES: 10014994
INFO  :    SHUFFLE_BYTES_DECOMPRESSED: 7291767
INFO  :    SHUFFLE_BYTES_DISK_DIRECT: 1113124
INFO  :    SHUFFLE_BYTES_TO_DISK: 0
INFO  :    SHUFFLE_BYTES_TO_MEM: 8901870
INFO  :    SHUFFLE_PHASE_TIME: 6880519
INFO  : TaskCounter_Reducer_3_OUTPUT_Reducer_4:
INFO  :    ADDITIONAL_SPILLS_BYTES_READ: 0
INFO  :    ADDITIONAL_SPILLS_BYTES_WRITTEN: 0
INFO  :    ADDITIONAL_SPILL_COUNT: 0
INFO  :    OUTPUT_BYTES: 12818910
INFO  :    OUTPUT_BYTES_PHYSICAL: 8288261
INFO  :    OUTPUT_BYTES_WITH_OVERHEAD: 13635446
INFO  :    OUTPUT_RECORDS: 405241
INFO  :    SHUFFLE_CHUNK_COUNT: 1009
INFO  :    SPILLED_RECORDS: 405241
INFO  : TaskCounter_Reducer_4_INPUT_Reducer_3:
INFO  :    ADDITIONAL_SPILLS_BYTES_READ: 6053703
INFO  :    ADDITIONAL_SPILLS_BYTES_WRITTEN: 5239659
INFO  :    COMBINE_INPUT_RECORDS: 0
INFO  :    FIRST_EVENT_RECEIVED: 10
INFO  :    LAST_EVENT_RECEIVED: 60270
INFO  :    MERGED_MAP_OUTPUTS: 1009
INFO  :    MERGE_PHASE_TIME: 60617
INFO  :    NUM_DISK_TO_DISK_MERGES: 0
INFO  :    NUM_FAILED_SHUFFLE_INPUTS: 0
INFO  :    NUM_MEM_TO_DISK_MERGES: 0
INFO  :    NUM_SHUFFLED_INPUTS: 1009
INFO  :    NUM_SKIPPED_INPUTS: 0
INFO  :    REDUCE_INPUT_GROUPS: 356572
INFO  :    REDUCE_INPUT_RECORDS: 405241
INFO  :    SHUFFLE_BYTES: 8288261
INFO  :    SHUFFLE_BYTES_DECOMPRESSED: 13635446
INFO  :    SHUFFLE_BYTES_DISK_DIRECT: 814044
INFO  :    SHUFFLE_BYTES_TO_DISK: 0
INFO  :    SHUFFLE_BYTES_TO_MEM: 7474217
INFO  :    SHUFFLE_PHASE_TIME: 60272
INFO  :    SPILLED_RECORDS: 405241
INFO  : TaskCounter_Reducer_4_OUTPUT_out_Reducer_4:
INFO  :    OUTPUT_RECORDS: 0
INFO  : org.apache.hadoop.hive.llap.counters.LlapIOCounters:
INFO  :    CACHE_HIT_BYTES: 20000036170
INFO  :    CACHE_MISS_BYTES: 0
INFO  :    CONSUMER_TIME_NS: 599406265525
INFO  :    DECODE_TIME_NS: 678849860054
INFO  :    HDFS_TIME_NS: 30090904
INFO  :    METADATA_CACHE_HIT: 6320
INFO  :    NUM_DECODED_BATCHES: 383775
INFO  :    NUM_VECTOR_BATCHES: 3823296
INFO  :    ROWS_EMITTED: 3823186825
INFO  :    SELECTED_ROWGROUPS: 383775
INFO  :    TOTAL_IO_TIME_NS: 698300903829
INFO  : Completed executing command(queryId=hive_20161020162526_f344856a-00d6-467f-b723-2cd94526b504); Time taken: 83.154 seconds
INFO  : OK
405,241 rows selected (91.514 seconds)
Closing: 0: jdbc:hive2://h01hn02:10500/tpcds_bin_partitioned_orc_10000
