0: jdbc:hive2://h01hn02:10000/tpcds_bin_parti> set ambari.hive.db.schema.name=hive;
0: jdbc:hive2://h01hn02:10000/tpcds_bin_parti> set fs.file.impl.disable.cache=true;
0: jdbc:hive2://h01hn02:10000/tpcds_bin_parti> set fs.hdfs.impl.disable.cache=true;
0: jdbc:hive2://h01hn02:10000/tpcds_bin_parti> set hive.auto.convert.join.noconditionaltask=true;
0: jdbc:hive2://h01hn02:10000/tpcds_bin_parti> set hive.auto.convert.join=true;
0: jdbc:hive2://h01hn02:10000/tpcds_bin_parti> -- set hive.auto.convert.sortmerge.join.noconditionaltask=true;
0: jdbc:hive2://h01hn02:10000/tpcds_bin_parti> set hive.auto.convert.sortmerge.join=true;
0: jdbc:hive2://h01hn02:10000/tpcds_bin_parti> set hive.compactor.abortedtxn.threshold=1000;
0: jdbc:hive2://h01hn02:10000/tpcds_bin_parti> set hive.compactor.check.interval=300;
0: jdbc:hive2://h01hn02:10000/tpcds_bin_parti> set hive.compactor.delta.num.threshold=10;
0: jdbc:hive2://h01hn02:10000/tpcds_bin_parti> set hive.compactor.delta.pct.threshold=0.1f;
0: jdbc:hive2://h01hn02:10000/tpcds_bin_parti> set hive.compactor.initiator.on=false;
0: jdbc:hive2://h01hn02:10000/tpcds_bin_parti> set hive.compactor.worker.threads=0;
0: jdbc:hive2://h01hn02:10000/tpcds_bin_parti> set hive.compactor.worker.timeout=86400;
0: jdbc:hive2://h01hn02:10000/tpcds_bin_parti> set hive.compute.query.using.stats=true;
0: jdbc:hive2://h01hn02:10000/tpcds_bin_parti> set hive.enforce.bucketing=true;
0: jdbc:hive2://h01hn02:10000/tpcds_bin_parti> set hive.enforce.sorting=true;
0: jdbc:hive2://h01hn02:10000/tpcds_bin_parti> set hive.enforce.sortmergebucketmapjoin=true;
0: jdbc:hive2://h01hn02:10000/tpcds_bin_parti> 
0: jdbc:hive2://h01hn02:10000/tpcds_bin_parti> set hive.limit.pushdown.memory.usage=0.04;
0: jdbc:hive2://h01hn02:10000/tpcds_bin_parti> set hive.map.aggr=true;
0: jdbc:hive2://h01hn02:10000/tpcds_bin_parti> set hive.mapjoin.bucket.cache.size=10000;
0: jdbc:hive2://h01hn02:10000/tpcds_bin_parti> set hive.mapred.reduce.tasks.speculative.execution=false;
0: jdbc:hive2://h01hn02:10000/tpcds_bin_parti> set hive.metastore.cache.pinobjtypes=Table,Database,Type,FieldSchema,Order;
0: jdbc:hive2://h01hn02:10000/tpcds_bin_parti> set hive.metastore.client.socket.timeout=60;
0: jdbc:hive2://h01hn02:10000/tpcds_bin_parti> set hive.metastore.execute.setugi=true;
0: jdbc:hive2://h01hn02:10000/tpcds_bin_parti> set hive.metastore.warehouse.dir=/apps/hive/warehouse;
0: jdbc:hive2://h01hn02:10000/tpcds_bin_parti> set hive.optimize.bucketmapjoin.sortedmerge=false;
0: jdbc:hive2://h01hn02:10000/tpcds_bin_parti> set hive.optimize.bucketmapjoin=true;
0: jdbc:hive2://h01hn02:10000/tpcds_bin_parti> set hive.optimize.index.filter=true;
0: jdbc:hive2://h01hn02:10000/tpcds_bin_parti> -- set hive.optimize.mapjoin.mapreduce=true;
0: jdbc:hive2://h01hn02:10000/tpcds_bin_parti> set hive.optimize.reducededuplication.min.reducer=4;
0: jdbc:hive2://h01hn02:10000/tpcds_bin_parti> set hive.optimize.reducededuplication=true;
0: jdbc:hive2://h01hn02:10000/tpcds_bin_parti> set hive.orc.splits.include.file.footer=false;
0: jdbc:hive2://h01hn02:10000/tpcds_bin_parti> set hive.security.authorization.enabled=false;
0: jdbc:hive2://h01hn02:10000/tpcds_bin_parti> set hive.security.metastore.authorization.manager=org.apache.hadoop.hive.ql.security.authorization.StorageBasedAuthorizationProvider;
0: jdbc:hive2://h01hn02:10000/tpcds_bin_parti> -- set hive.semantic.analyzer.factory.impl=org.apache.hivealog.cli.HCatSemanticAnalyzerFactory;
0: jdbc:hive2://h01hn02:10000/tpcds_bin_parti> set hive.server2.enable.doAs=false;
0: jdbc:hive2://h01hn02:10000/tpcds_bin_parti> set hive.server2.tez.default.queues=default;
0: jdbc:hive2://h01hn02:10000/tpcds_bin_parti> set hive.server2.tez.initialize.default.sessions=false;
0: jdbc:hive2://h01hn02:10000/tpcds_bin_parti> set hive.server2.tez.sessions.per.default.queue=1;
0: jdbc:hive2://h01hn02:10000/tpcds_bin_parti> set hive.stats.autogather=true;
0: jdbc:hive2://h01hn02:10000/tpcds_bin_parti> set hive.tez.input.format=org.apache.hadoop.hive.ql.io.HiveInputFormat;
0: jdbc:hive2://h01hn02:10000/tpcds_bin_parti> set hive.txn.manager=org.apache.hadoop.hive.ql.lockmgr.DummyTxnManager;
0: jdbc:hive2://h01hn02:10000/tpcds_bin_parti> set hive.txn.max.open.batch=1000;
0: jdbc:hive2://h01hn02:10000/tpcds_bin_parti> set hive.txn.timeout=300;
0: jdbc:hive2://h01hn02:10000/tpcds_bin_parti> set hive.vectorized.execution.enabled=true;
0: jdbc:hive2://h01hn02:10000/tpcds_bin_parti> set hive.vectorized.groupby.checkinterval=1024;
0: jdbc:hive2://h01hn02:10000/tpcds_bin_parti> set hive.vectorized.groupby.flush.percent=1;
0: jdbc:hive2://h01hn02:10000/tpcds_bin_parti> set hive.vectorized.groupby.maxentries=1024;
0: jdbc:hive2://h01hn02:10000/tpcds_bin_parti> 
0: jdbc:hive2://h01hn02:10000/tpcds_bin_parti> -- These values need to be tuned appropriately to your cluster. These examples are for reference.
0: jdbc:hive2://h01hn02:10000/tpcds_bin_parti> set hive.tez.container.size=2048;
0: jdbc:hive2://h01hn02:10000/tpcds_bin_parti> set hive.tez.java.opts=-Xmx1900m;
0: jdbc:hive2://h01hn02:10000/tpcds_bin_parti> --set hive.auto.convert.join.noconditionaltask.size=100000000;
0: jdbc:hive2://h01hn02:10000/tpcds_bin_parti> set hive.auto.convert.join.noconditionaltask.size=320000000;
0: jdbc:hive2://h01hn02:10000/tpcds_bin_parti> --set hive.auto.convert.join.noconditionaltask.size=720000000;
0: jdbc:hive2://h01hn02:10000/tpcds_bin_parti> --set hive.auto.convert.join.noconditionaltask.size=1920000000;
0: jdbc:hive2://h01hn02:10000/tpcds_bin_parti> --set hive.auto.convert.join.noconditionaltask.size=629145600;
0: jdbc:hive2://h01hn02:10000/tpcds_bin_parti> 
0: jdbc:hive2://h01hn02:10000/tpcds_bin_parti> set hive.execution.engine=tez;
0: jdbc:hive2://h01hn02:10000/tpcds_bin_parti> set hive.default.fileformat=orc;
0: jdbc:hive2://h01hn02:10000/tpcds_bin_parti> set hive.cbo.enable=true;
0: jdbc:hive2://h01hn02:10000/tpcds_bin_parti> set hive.stats.fetch.column.stats=true;
0: jdbc:hive2://h01hn02:10000/tpcds_bin_parti> set hive.exec.dynamic.partition.mode=nonstrict;
0: jdbc:hive2://h01hn02:10000/tpcds_bin_parti> set hive.tez.auto.reducer.parallelism=true;
0: jdbc:hive2://h01hn02:10000/tpcds_bin_parti> -- set hive.exec.reducers.bytes.per.reducer=67108864;
0: jdbc:hive2://h01hn02:10000/tpcds_bin_parti> set hive.exec.reducers.bytes.per.reducer=33554432;
0: jdbc:hive2://h01hn02:10000/tpcds_bin_parti> set hive.txn.manager=org.apache.hadoop.hive.ql.lockmgr.DummyTxnManager;
0: jdbc:hive2://h01hn02:10000/tpcds_bin_parti> set hive.support.concurrency=false;
0: jdbc:hive2://h01hn02:10000/tpcds_bin_parti> set hive.tez.exec.print.summary=true;
0: jdbc:hive2://h01hn02:10000/tpcds_bin_parti> 
0: jdbc:hive2://h01hn02:10000/tpcds_bin_parti> set tez.grouping.min-size=16777216;
0: jdbc:hive2://h01hn02:10000/tpcds_bin_parti> set tez.grouping.max-size=33554432;
0: jdbc:hive2://h01hn02:10000/tpcds_bin_parti> -- set tez.grouping.max-size=1073741824;
0: jdbc:hive2://h01hn02:10000/tpcds_bin_parti> 
0: jdbc:hive2://h01hn02:10000/tpcds_bin_parti> --set tez.grouping.split-waves=1.7;
0: jdbc:hive2://h01hn02:10000/tpcds_bin_parti> 
0: jdbc:hive2://h01hn02:10000/tpcds_bin_parti> select  i_item_desc 
0: jdbc:hive2://h01hn02:10000/tpcds_bin_parti>        ,i_category 
0: jdbc:hive2://h01hn02:10000/tpcds_bin_parti>        ,i_class 
0: jdbc:hive2://h01hn02:10000/tpcds_bin_parti>        ,i_current_price
0: jdbc:hive2://h01hn02:10000/tpcds_bin_parti>        ,i_item_id
0: jdbc:hive2://h01hn02:10000/tpcds_bin_parti>        ,sum(cs_ext_sales_price) as itemrevenue 
0: jdbc:hive2://h01hn02:10000/tpcds_bin_parti>        ,sum(cs_ext_sales_price)*100/sum(sum(cs_ext_sales_price)) over
0: jdbc:hive2://h01hn02:10000/tpcds_bin_parti>            (partition by i_class) as revenueratio
0: jdbc:hive2://h01hn02:10000/tpcds_bin_parti>  from catalog_sales
0: jdbc:hive2://h01hn02:10000/tpcds_bin_parti>      ,item 
0: jdbc:hive2://h01hn02:10000/tpcds_bin_parti>      ,date_dim
0: jdbc:hive2://h01hn02:10000/tpcds_bin_parti>  where catalog_sales.cs_item_sk = item.i_item_sk 
0: jdbc:hive2://h01hn02:10000/tpcds_bin_parti>    and i_category in ('Jewelry', 'Sports', 'Books')
0: jdbc:hive2://h01hn02:10000/tpcds_bin_parti>    and catalog_sales.cs_sold_date_sk = date_dim.d_date_sk
0: jdbc:hive2://h01hn02:10000/tpcds_bin_parti>  and d_date between '2001-01-12' and '2001-02-11'
0: jdbc:hive2://h01hn02:10000/tpcds_bin_parti>  group by i_item_id
0: jdbc:hive2://h01hn02:10000/tpcds_bin_parti>          ,i_item_desc 
0: jdbc:hive2://h01hn02:10000/tpcds_bin_parti>          ,i_category
0: jdbc:hive2://h01hn02:10000/tpcds_bin_parti>          ,i_class
0: jdbc:hive2://h01hn02:10000/tpcds_bin_parti>          ,i_current_price
0: jdbc:hive2://h01hn02:10000/tpcds_bin_parti>  order by i_category
0: jdbc:hive2://h01hn02:10000/tpcds_bin_parti>          ,i_class
0: jdbc:hive2://h01hn02:10000/tpcds_bin_parti>          ,i_item_id
0: jdbc:hive2://h01hn02:10000/tpcds_bin_parti>          ,i_item_desc
0: jdbc:hive2://h01hn02:10000/tpcds_bin_parti>          ,revenueratio
0: jdbc:hive2://h01hn02:10000/tpcds_bin_parti> limit 100;
+-------------------------------------------------------------------------------------------------------------------------------------------------------------------------------------------------------+-------------+----------+------------------+-------------------+---------------------+----------------------+--+
|                                                                                              i_item_desc                                                                                              | i_category  | i_class  | i_current_price  |     i_item_id     |     itemrevenue     |     revenueratio     |
+-------------------------------------------------------------------------------------------------------------------------------------------------------------------------------------------------------+-------------+----------+------------------+-------------------+---------------------+----------------------+--+
| Full figures talk under a notes. Increases must not appoint too as political conditions. Metropolitan, official sites must not make key, early weeks; competitive classes us                          | Books       |          | 1.52             | AAAAAAAACBDEEAAA  | 190278.8001422882   | 1.4435136244013842   |
|                                                                                                                                                                                                       | Books       |          | NULL             | AAAAAAAACFDMAAAA  | 249995.7888803482   | 1.8965451065588952   |
| Other men undertake elements. Eyes plot even so fun scores. Military papers may illustr                                                                                                               | Books       |          | NULL             | AAAAAAAACKPNDAAA  | 184026.7694261074   | 1.3960837924272798   |
| Actions select                                                                                                                                                                                        | Books       |          | NULL             | AAAAAAAAECGHDAAA  | 329435.6197319031   | 2.4992001478383763   |
| Moreover central cul                                                                                                                                                                                  | Books       |          | NULL             | AAAAAAAAEIEGDAAA  | 173392.46126365662  | 1.3154086530680793   |
| Present fields use elements. Creatures could put perhaps rich resources. Final, static properties walk for a factors. Given, other women shall not stop; alr                                          | Books       |          | NULL             | AAAAAAAAEIPLCAAA  | 285497.41067814827  | 2.1658713516011576   |
|                                                                                                                                                                                                       | Books       |          | NULL             | AAAAAAAAFAFECAAA  | 143853.7897491455   | 1.091319186737471    |
| Now other policies will send vertical policies.                                                                                                                                                       | Books       |          | NULL             | AAAAAAAAFKOHBAAA  | 267986.4398021698   | 2.0330277294158763   |
|                                                                                                                                                                                                       | Books       |          | 82.97            | AAAAAAAAGFLDAAAA  | 209823.33019018173  | 1.5917844532354917   |
| Approximately impossible men increase also special entries. Years would not insist political years. Relationships increase just large, small schools                                                  | Books       |          | NULL             | AAAAAAAAGJLFAAAA  | 266084.0395336151   | 2.018595534632905    |
| Hands complete very by a schools. Growing, public animals would support british exhibitions. Armed areas select brilliant streets. Broad, basic hours                                                 | Books       |          | NULL             | AAAAAAAAHLGEAAAA  | 232459.71011781693  | 1.7635110082076313   |
|                                                                                                                                                                                                       | Books       |          | 4.8              | AAAAAAAAIIPPDAAA  | 178785.98027968407  | 1.3563255506798026   |
|                                                                                                                                                                                                       | Books       |          | NULL             | AAAAAAAAJILPAAAA  | 238443.15964269638  | 1.8089033004841366   |
|                                                                                                                                                                                                       | Books       |          | 0.5              | AAAAAAAAKBBODAAA  | 258938.94171762466  | 1.9643906203841812   |
|                                                                                                                                                                                                       | Books       |          | NULL             | AAAAAAAAKDANDAAA  | 325918.6871905327   | 2.4725196136129535   |
| Authorities bring in a organisations. Alternatively old years cannot take etc strong other differences. So final attitudes sh                                                                         | Books       |          | NULL             | AAAAAAAAKGLLCAAA  | 270234.9806153774   | 2.0500858530558226   |
| Important, remarkable millions should attend especially important ideas; right, new conflicts sh                                                                                                      | Books       |          | 0.52             | AAAAAAAAKICPCAAA  | 251320.1895122528   | 1.9065924179508658   |
|                                                                                                                                                                                                       | Books       |          | NULL             | AAAAAAAAKLNPBAAA  | 237215.10034418106  | 1.7995868641409702   |
|                                                                                                                                                                                                       | Books       |          | NULL             | AAAAAAAAKMJIEAAA  | 246124.88986206055  | 1.8671792735422807   |
| Much vital girls connect more unemployed, able degrees. Too important sources shall declare sites. Local,                                                                                             | Books       |          | 0.89             | AAAAAAAALJOECAAA  | 246604.16102695465  | 1.8708151723170787   |
| Therefore modern visitors may gain                                                                                                                                                                    | Books       |          | 9.92             | AAAAAAAAMNJHAAAA  | 236262.31970643997  | 1.792358776563076    |
| Of course common authorities would not preserve just to a ris                                                                                                                                         | Books       |          | 4.17             | AAAAAAAANFJNAAAA  | 317705.1104259491   | 2.410208888740414    |
|                                                                                                                                                                                                       | Books       |          | NULL             | AAAAAAAAPHPCBAAA  | 234141.14020729065  | 1.7762668551060705   |
| Totally scottish needs depend besides as a forms. Modern, other children enable less easily red sons. For instance economic buildings should not accept small, secret parties. Joint, poor            | Books       | arts     | 3.81             | AAAAAAAAAAAIDAAA  | 261092.27877998352  | 0.12148019272788603  |
| Perhaps old ships will give more. Main poets describe less than. Right, brief words work long ago maj                                                                                                 | Books       | arts     | 1.05             | AAAAAAAAAAHMAAAA  | 209203.93218708038  | 0.09733774633348706  |
| At all small opportunities seem over                                                                                                                                                                  | Books       | arts     | 4.7              | AAAAAAAAAALLDAAA  | 282731.62920999527  | 0.1315484815069628   |
| Conditions shall occur once again after a products; agricultural, public walls give now a little public sides. Still alternative seats                                                                | Books       | arts     | 6.5              | AAAAAAAAAANEAAAA  | 303058.4007091522   | 0.14100605769723423  |
| No longer soft cameras mean select, small policies. Also famous arms could want irish, different connections. Attacks should remove black r                                                           | Books       | arts     | 1.52             | AAAAAAAAABEDAAAA  | 254985.6485786438   | 0.11863891907075959  |
| Now pleased representations used to require then hundreds; naturally modest computers apply only. Children m                                                                                          | Books       | arts     | 4.93             | AAAAAAAAABEGCAAA  | 289601.51935362816  | 0.13474488234488718  |
| Reports take more welsh c                                                                                                                                                                             | Books       | arts     | 2.69             | AAAAAAAAABIGCAAA  | 206321.97939300537  | 0.0959968404189467   |
| Traditional years get other reasons                                                                                                                                                                   | Books       | arts     | 7.22             | AAAAAAAAABOABAAA  | 204140.7494316101   | 0.09498196461590763  |
| Far particular products turn specif                                                                                                                                                                   | Books       | arts     | 3.41             | AAAAAAAAABOFAAAA  | 266601.29913043976  | 0.1240434123567561   |
| Light tears overcome real, vulnerable clothes. Serious, recent dates s                                                                                                                                | Books       | arts     | 1.88             | AAAAAAAAACBLAAAA  | 237264.36992263794  | 0.11039361838023144  |
| Carefully private markets could inquire. Sideways new object                                                                                                                                          | Books       | arts     | 1.5              | AAAAAAAAACGNBAAA  | 182493.89889240265  | 0.08491018620965832  |
| Here elderly units ignore; eyes may reach others. Products include again. Extra, expected ministers look for example. Friendly ears give in a products. Results g                                     | Books       | arts     | 9.1              | AAAAAAAAACJIAAAA  | 189031.39948558807  | 0.0879519338849623   |
| Urban, able cells hear; pieces like alwa                                                                                                                                                              | Books       | arts     | 7.36             | AAAAAAAAACJPDAAA  | 240208.25010299683  | 0.11176333767391904  |
| Everyday words may respond as virtually new years. Vegetables can embark left just professional contents. Only, mari                                                                                  | Books       | arts     | 4.78             | AAAAAAAAACLJDAAA  | 236563.24907684326  | 0.11006740308244224  |
| Results mix both; nearby, contrary workers store. Members suspend previously. Then permanent efforts date only familiar pie                                                                           | Books       | arts     | 1.93             | AAAAAAAAACNLAAAA  | 235141.41146802902  | 0.10940585496024724  |
| Low, productive standards may not invest to a attitudes. Other, little winners might stimulate fr                                                                                                     | Books       | arts     | 1.34             | AAAAAAAAACOHDAAA  | 240230.41086292267  | 0.11177364856246529  |
| Units strengthen; facilities would admit there as social fortunes. Also old priorities would grow; films target around by a rights. Steadily other pr                                                 | Books       | arts     | 1.83             | AAAAAAAAADKPBAAA  | 285032.96066761017  | 0.13261923775570422  |
| Irrelevant, only countries get as well wild clients. Words unload other circumstances. Now upper conditions mention later. Already possible days take able, live                                      | Books       | arts     | 2.62             | AAAAAAAAAEBECAAA  | 286495.3787596226   | 0.13329966703724616  |
| Interests move only different, warm bodies; about chief systems would work much. Perhaps great forms must appoint in order men. Patients may not pass available, physical centres. Hap                | Books       | arts     | 7.0              | AAAAAAAAAEDGBAAA  | 230958.4512605667   | 0.10745962041608516  |
| Broken sales must not know relatively like the eyes. Parents may not wash                                                                                                                             | Books       | arts     | 5.97             | AAAAAAAAAEHHBAAA  | 170323.3395462036   | 0.0792475067084069   |
| Regional,                                                                                                                                                                                             | Books       | arts     | 8.32             | AAAAAAAAAEIOCAAA  | 235125.29812145233  | 0.10939835779312773  |
| Optio                                                                                                                                                                                                 | Books       | arts     | 2.49             | AAAAAAAAAEKACAAA  | 173020.37934875488  | 0.08050237688894103  |
| Public, quiet sons call. Responses may wish entirely to a hands.                                                                                                                                      | Books       | arts     | 0.51             | AAAAAAAAAFLCCAAA  | 269928.54714500904  | 0.1255915038282927   |
| National, upper principles fill relatives. Components make. Rarely unusual plants might not deal                                                                                                      | Books       | arts     | 7.27             | AAAAAAAAAFOAAAAA  | 215077.83068275452  | 0.10007073531597566  |
| Residential questions mean closely very possible aspirations. Human, dead miles can exploit nor                                                                                                       | Books       | arts     | 5.54             | AAAAAAAAAFPGCAAA  | 259232.0411376953   | 0.12061466721958378  |
| Main, spatial results must draw here probable dishes. Terrible, average churches c                                                                                                                    | Books       | arts     | 9.67             | AAAAAAAAAFPJAAAA  | 244441.67021512985  | 0.1137330500435192   |
| Badly difficult intervals should not get today new followers. Standards examine. Young, actual departments might knock special, national assumptions. Successful wi                                   | Books       | arts     | 0.29             | AAAAAAAAAGABAAAA  | 217654.78054618835  | 0.10126973042805953  |
| Frequent, late lights should master other farmers; economic, other buildings complete automatically reliable patterns; authorities hold pric                                                          | Books       | arts     | 2.46             | AAAAAAAAAGDDCAAA  | 224729.1498851776   | 0.1045612707016532   |
| Fairly italian teeth ought to                                                                                                                                                                         | Books       | arts     | 4.38             | AAAAAAAAAGEGEAAA  | 266386.620177269    | 0.12394352720991197  |
| Statistical elections ought to help men. Following, present changes will find dark services. Victims                                                                                                  | Books       | arts     | 2.2              | AAAAAAAAAGGACAAA  | 210179.5388364792   | 0.09779167352102923  |
| Enemies could shake political, weak bedrooms. Here sensible stones fall running, environmental tonnes; sensi                                                                                          | Books       | arts     | 3.02             | AAAAAAAAAGKHAAAA  | 209393.7099571228   | 0.09742604553631277  |
| Professional words should complete too likely da                                                                                                                                                      | Books       | arts     | 3.36             | AAAAAAAAAHAKCAAA  | 179521.41022062302  | 0.08352715604723233  |
| Formal, giant fac                                                                                                                                                                                     | Books       | arts     | 3.84             | AAAAAAAAAHFJCAAA  | 222669.80844956636  | 0.103603106807801    |
| Ago effective earnin                                                                                                                                                                                  | Books       | arts     | 3.18             | AAAAAAAAAHJBDAAA  | 223677.63025283813  | 0.10407202296062217  |
| General, elderly grounds explore. Mild patients confuse always socialist systems. Eager, good pages control. Other, total days might not get general                                                  | Books       | arts     | 72.63            | AAAAAAAAAHKCBAAA  | 253155.41008758545  | 0.11778735147300952  |
| Eyes may not make to the agencies. Sentences give now possible flames. Nearby, clear levels arrange birds. Social firms want quite substantial mothers; area                                          | Books       | arts     | 8.11             | AAAAAAAAAHLNDAAA  | 267375.9693546295   | 0.1244038484775593   |
| Properly natural women try hardly long, guilty levels. Ever whole cases must not ope                                                                                                                  | Books       | arts     | 1.09             | AAAAAAAAAHNLDAAA  | 259294.68994998932  | 0.12064381626155166  |
| Main events pose characters; close quiet lines write never bright, productive shares. C                                                                                                               | Books       | arts     | 3.53             | AAAAAAAAAIEHAAAA  | 252653.25093460083  | 0.11755370844469136  |
| Again democratic layers should suggest best subjects. Prices think as wild rates. Images say so yet re                                                                                                | Books       | arts     | 3.78             | AAAAAAAAAIHDBAAA  | 211818.18064570427  | 0.09855409561840722  |
| Weekly, local metres appear religious, local periods; women used to happen                                                                                                                            | Books       | arts     | 1.01             | AAAAAAAAAIHFDAAA  | 285837.0803542137   | 0.13299337602957942  |
| Sort of old pupils live. Very superb problems prop even about other wings. Interests take least main, other knees; electric, ind                                                                      | Books       | arts     | 3.38             | AAAAAAAAAIIMDAAA  | 218898.5307302475   | 0.10184841859444599  |
| Quick layers ensure similar, mutual orders. All true sales must not reveal only academic, local schemes; proportions forgive for a chemicals; new jobs used to maintain most large women; civil       | Books       | arts     | 0.38             | AAAAAAAAAIJCBAAA  | 257775.03753757477  | 0.11993675717576735  |
| Substantial, past qualifications would attack. Independent, fine passen                                                                                                                               | Books       | arts     | 0.47             | AAAAAAAAAIKOAAAA  | 300634.67797136307  | 0.13987835561932752  |
| Tonight young computers might produce at least units; eggs return even in a troops. Pages must hope regularly. Suggestions get please with a liabilities. Residents may see similar fires; as clever  | Books       | arts     | 6.51             | AAAAAAAAAIPPDAAA  | 253149.24884986877  | 0.11778448479173972  |
| Too different clients might not wear only; positive, supreme products may depend present, british organisations. Things ought to stick never doors. Often soci                                        | Books       | arts     | 63.65            | AAAAAAAAAJCIBAAA  | 207151.44892454147  | 0.09638277338879077  |
| Brief circles will find often deliberately modern friends. Totally burning results beat. Even unable members join grateful, grey                                                                      | Books       | arts     | 0.95             | AAAAAAAAAJCMCAAA  | 203415.91035461426  | 0.09464471377424502  |
| Later full days shall not rise; general, availab                                                                                                                                                      | Books       | arts     | 1.72             | AAAAAAAAAJCOAAAA  | 190231.20190525055  | 0.08851017417401659  |
| Only political bars close more both theoretical thoughts. Less military babies ought to warn perhaps high, early manufacturers; stron                                                                 | Books       | arts     | 9.53             | AAAAAAAAAJFDCAAA  | 225478.1708688736   | 0.10490977282466427  |
| Resources shall bring little as mad rights; bright standards might not find. Heavy friends go properly figures; essenti                                                                               | Books       | arts     | 4.82             | AAAAAAAAAJKJDAAA  | 238729.2502427101   | 0.11107519327948617  |
| Soon wooden contracts come somehow crucial pieces. Besides final terms can make still taxes. Willing areas find tonight over adequate level                                                           | Books       | arts     | 3.61             | AAAAAAAAAKBNCAAA  | 201081.6407814026   | 0.09355863218287191  |
| Broad ears might contain active tools; ever local cor                                                                                                                                                 | Books       | arts     | 2.84             | AAAAAAAAAKEOBAAA  | 244665.72847795486  | 0.11383729916600357  |
| Major criteria might perform international, popular thousands. Really misleading days play so under a years; just national students can go deep, symbolic films. Blac                                 | Books       | arts     | 6.27             | AAAAAAAAAKFODAAA  | 292562.0010108948   | 0.13612232592143653  |
| Technical, liberal fingers take. Old images treat less other functions. Right, good controls shall divert more closely hot riv                                                                        | Books       | arts     | 9.23             | AAAAAAAAAKJNDAAA  | 242710.04951334     | 0.1129273670199998   |
| Little pounds will think always parliamentary, rich prices. Extra men deal much. Remar                                                                                                                | Books       | arts     | 60.74            | AAAAAAAAAKKEEAAA  | 264798.5501433611   | 0.12320463498879393  |
| New agencies shall remember just social areas. Very colleagues save available, general surveys. Softly bright subjects go then im                                                                     | Books       | arts     | 7.85             | AAAAAAAAAKKGCAAA  | 168032.99936771393  | 0.0781818644473816   |
| Regulations go almost. Complex operations may stay at present countries. Widely special modules can rest also in ne                                                                                   | Books       | arts     | 76.12            | AAAAAAAAAKLCAAAA  | 261488.66962480545  | 0.12166462421107484  |
| Citizens might not get from a questio                                                                                                                                                                 | Books       | arts     | 7.33             | AAAAAAAAAKMBDAAA  | 225805.86011350155  | 0.10506223904380438  |
| Warm initiatives should like then public                                                                                                                                                              | Books       | arts     | 4.45             | AAAAAAAAAKOEEAAA  | 267836.9816894531   | 0.1246183468439836   |
| Low real movements play heavily sorts. More light stations tell real, new eggs. Distinguished, ter                                                                                                    | Books       | arts     | 7.88             | AAAAAAAAALBNAAAA  | 184935.24954986572  | 0.08604609015048255  |
| Armed, everyday guidelines get sooner international planes. Dry thousands would not identify universally useful, above sectors. Very open odds used to get much under a arms. Good beds stay          | Books       | arts     | 3.83             | AAAAAAAAALINAAAA  | 195986.39068746567  | 0.09118793027509996  |
| Views hear of course ago other messages. Civil, natural shares collect; issues discuss probably. Forces ought to                                                                                      | Books       | arts     | 42.84            | AAAAAAAAALLJDAAA  | 212822.0099916458   | 0.09902115417326264  |
| Children apply so. White costs use                                                                                                                                                                    | Books       | arts     | 4.47             | AAAAAAAAALMCBAAA  | 283862.66899871826  | 0.13207472813577542  |
| Special books bear urgently female police; drugs resign initially wars. Good, novel schools mean appropriately substantial prospects. Mod                                                             | Books       | arts     | 1.77             | AAAAAAAAAMHFEAAA  | 203078.34931230545  | 0.09448765443618755  |
| Parents check free, similar memories. Private, recent forces tell further most early entries; other elements proceed apparently financial thanks. Royal                                               | Books       | arts     | 4.01             | AAAAAAAAAMJGBAAA  | 228847.69002723694  | 0.10647753208078235  |
| White, key needs shall not introduce too also commercial restrictions. British courts improve demands. Increa                                                                                         | Books       | arts     | 4.01             | AAAAAAAAAMMFCAAA  | 223833.5812973976   | 0.10414458337120851  |
| Alone blue babies should show significant leaders. Lucky, wealthy doors make quickly labour readers. General periods go perh                                                                          | Books       | arts     | 0.55             | AAAAAAAAANJCCAAA  | 262041.61244487762  | 0.12192189570398816  |
| Obviously independent sites could hasten entirely dead, japanese changes. Dark men can mean much busy emplo                                                                                           | Books       | arts     | 0.69             | AAAAAAAAANJFCAAA  | 276734.52924859524  | 0.12875816973472848  |
| In general average expectations will not hear especially straight soft times. Now formidable weeks might get enough primary demands. Wide, industrial women used to develop so coherent               | Books       | arts     | 2.89             | AAAAAAAAANOPCAAA  | 235467.28925132751  | 0.10955747834836818  |
| Desirable friends would reflect however other hands. Involved personnel find again. Good items care firmly physical democrats; entries recognize well just social services.                           | Books       | arts     | 5.54             | AAAAAAAAAOIKAAAA  | 248068.96799373627  | 0.11542074772376298  |
| Small thousands must not monitor more questions. Basic, fortunate folk find ever for a arm                                                                                                            | Books       | arts     | 1.0              | AAAAAAAAAOLIBAAA  | 254734.3494606018   | 0.11852199540900009  |
| Dry items manage hard, following arms. Per                                                                                                                                                            | Books       | arts     | 2.91             | AAAAAAAAAOLJBAAA  | 282527.76213002205  | 0.13145362687441012  |
| Huge telecommunications occur new bones. Hard rights may                                                                                                                                              | Books       | arts     | 0.29             | AAAAAAAAAONKBAAA  | 266598.8791465759   | 0.12404228639428969  |
| Initiatives take on a imports. Nonethe                                                                                                                                                                | Books       | arts     | 3.94             | AAAAAAAAAPDICAAA  | 270014.3092844486   | 0.12563140696628117  |
| New, expected possibilities will not determine with a areas. Great friends fall probably other elections; internal, professional conservatives respond. Early planes establish in                     | Books       | arts     | 7.03             | AAAAAAAAAPEDAAAA  | 181091.43967199326  | 0.08425765440295598  |
| Homes paint response                                                                                                                                                                                  | Books       | arts     | 4.6              | AAAAAAAAAPFLAAAA  | 240075.06967020035  | 0.11170137190181999  |
| Periods shall                                                                                                                                                                                         | Books       | arts     | 2.27             | AAAAAAAAAPGEAAAA  | 205760.1300213337   | 0.0957354249137711   |
| Badly fine gifts should allow more clear, modern materials. For example sudden price                                                                                                                  | Books       | arts     | 7.23             | AAAAAAAAAPGPBAAA  | 250701.79879033566  | 0.11664574294034051  |
+-------------------------------------------------------------------------------------------------------------------------------------------------------------------------------------------------------+-------------+----------+------------------+-------------------+---------------------+----------------------+--+
0: jdbc:hive2://h01hn02:10000/tpcds_bin_parti> 
