0: jdbc:hive2://h01hn02:10500/tpcds_bin_parti> set ambari.hive.db.schema.name=hive;
0: jdbc:hive2://h01hn02:10500/tpcds_bin_parti> set fs.file.impl.disable.cache=true;
0: jdbc:hive2://h01hn02:10500/tpcds_bin_parti> set fs.hdfs.impl.disable.cache=true;
0: jdbc:hive2://h01hn02:10500/tpcds_bin_parti> set hive.auto.convert.join.noconditionaltask=true;
0: jdbc:hive2://h01hn02:10500/tpcds_bin_parti> set hive.auto.convert.join=true;
0: jdbc:hive2://h01hn02:10500/tpcds_bin_parti> -- set hive.auto.convert.sortmerge.join.noconditionaltask=true;
0: jdbc:hive2://h01hn02:10500/tpcds_bin_parti> set hive.auto.convert.sortmerge.join=true;
0: jdbc:hive2://h01hn02:10500/tpcds_bin_parti> set hive.compactor.abortedtxn.threshold=1000;
0: jdbc:hive2://h01hn02:10500/tpcds_bin_parti> set hive.compactor.check.interval=300;
0: jdbc:hive2://h01hn02:10500/tpcds_bin_parti> set hive.compactor.delta.num.threshold=10;
0: jdbc:hive2://h01hn02:10500/tpcds_bin_parti> set hive.compactor.delta.pct.threshold=0.1f;
0: jdbc:hive2://h01hn02:10500/tpcds_bin_parti> set hive.compactor.initiator.on=false;
0: jdbc:hive2://h01hn02:10500/tpcds_bin_parti> set hive.compactor.worker.threads=0;
0: jdbc:hive2://h01hn02:10500/tpcds_bin_parti> set hive.compactor.worker.timeout=86400;
0: jdbc:hive2://h01hn02:10500/tpcds_bin_parti> set hive.compute.query.using.stats=true;
0: jdbc:hive2://h01hn02:10500/tpcds_bin_parti> set hive.enforce.bucketing=true;
0: jdbc:hive2://h01hn02:10500/tpcds_bin_parti> set hive.enforce.sorting=true;
0: jdbc:hive2://h01hn02:10500/tpcds_bin_parti> set hive.enforce.sortmergebucketmapjoin=true;
0: jdbc:hive2://h01hn02:10500/tpcds_bin_parti> 
0: jdbc:hive2://h01hn02:10500/tpcds_bin_parti> set hive.limit.pushdown.memory.usage=0.04;
0: jdbc:hive2://h01hn02:10500/tpcds_bin_parti> set hive.map.aggr=true;
0: jdbc:hive2://h01hn02:10500/tpcds_bin_parti> set hive.mapjoin.bucket.cache.size=10000;
0: jdbc:hive2://h01hn02:10500/tpcds_bin_parti> set hive.mapred.reduce.tasks.speculative.execution=false;
0: jdbc:hive2://h01hn02:10500/tpcds_bin_parti> set hive.metastore.cache.pinobjtypes=Table,Database,Type,FieldSchema,Order;
0: jdbc:hive2://h01hn02:10500/tpcds_bin_parti> set hive.metastore.client.socket.timeout=60;
0: jdbc:hive2://h01hn02:10500/tpcds_bin_parti> set hive.metastore.execute.setugi=true;
0: jdbc:hive2://h01hn02:10500/tpcds_bin_parti> set hive.metastore.warehouse.dir=/apps/hive/warehouse;
0: jdbc:hive2://h01hn02:10500/tpcds_bin_parti> set hive.optimize.bucketmapjoin.sortedmerge=false;
0: jdbc:hive2://h01hn02:10500/tpcds_bin_parti> set hive.optimize.bucketmapjoin=true;
0: jdbc:hive2://h01hn02:10500/tpcds_bin_parti> set hive.optimize.index.filter=true;
0: jdbc:hive2://h01hn02:10500/tpcds_bin_parti> -- set hive.optimize.mapjoin.mapreduce=true;
0: jdbc:hive2://h01hn02:10500/tpcds_bin_parti> set hive.optimize.reducededuplication.min.reducer=4;
0: jdbc:hive2://h01hn02:10500/tpcds_bin_parti> set hive.optimize.reducededuplication=true;
0: jdbc:hive2://h01hn02:10500/tpcds_bin_parti> set hive.orc.splits.include.file.footer=false;
0: jdbc:hive2://h01hn02:10500/tpcds_bin_parti> set hive.security.authorization.enabled=false;
0: jdbc:hive2://h01hn02:10500/tpcds_bin_parti> set hive.security.metastore.authorization.manager=org.apache.hadoop.hive.ql.security.authorization.StorageBasedAuthorizationProvider;
0: jdbc:hive2://h01hn02:10500/tpcds_bin_parti> -- set hive.semantic.analyzer.factory.impl=org.apache.hivealog.cli.HCatSemanticAnalyzerFactory;
0: jdbc:hive2://h01hn02:10500/tpcds_bin_parti> set hive.server2.enable.doAs=false;
0: jdbc:hive2://h01hn02:10500/tpcds_bin_parti> set hive.server2.tez.default.queues=default;
0: jdbc:hive2://h01hn02:10500/tpcds_bin_parti> set hive.server2.tez.initialize.default.sessions=false;
0: jdbc:hive2://h01hn02:10500/tpcds_bin_parti> set hive.server2.tez.sessions.per.default.queue=1;
0: jdbc:hive2://h01hn02:10500/tpcds_bin_parti> set hive.stats.autogather=true;
0: jdbc:hive2://h01hn02:10500/tpcds_bin_parti> set hive.tez.input.format=org.apache.hadoop.hive.ql.io.HiveInputFormat;
0: jdbc:hive2://h01hn02:10500/tpcds_bin_parti> set hive.txn.manager=org.apache.hadoop.hive.ql.lockmgr.DummyTxnManager;
0: jdbc:hive2://h01hn02:10500/tpcds_bin_parti> set hive.txn.max.open.batch=1000;
0: jdbc:hive2://h01hn02:10500/tpcds_bin_parti> set hive.txn.timeout=300;
0: jdbc:hive2://h01hn02:10500/tpcds_bin_parti> set hive.vectorized.execution.enabled=true;
0: jdbc:hive2://h01hn02:10500/tpcds_bin_parti> set hive.vectorized.groupby.checkinterval=1024;
0: jdbc:hive2://h01hn02:10500/tpcds_bin_parti> set hive.vectorized.groupby.flush.percent=1;
0: jdbc:hive2://h01hn02:10500/tpcds_bin_parti> set hive.vectorized.groupby.maxentries=1024;
0: jdbc:hive2://h01hn02:10500/tpcds_bin_parti> 
0: jdbc:hive2://h01hn02:10500/tpcds_bin_parti> -- These values need to be tuned appropriately to your cluster. These examples are for reference.
0: jdbc:hive2://h01hn02:10500/tpcds_bin_parti> set hive.tez.container.size=6144;
0: jdbc:hive2://h01hn02:10500/tpcds_bin_parti> set hive.tez.java.opts=-Xmx5120m;
0: jdbc:hive2://h01hn02:10500/tpcds_bin_parti> --set hive.auto.convert.join.noconditionaltask.size=100000000;
0: jdbc:hive2://h01hn02:10500/tpcds_bin_parti> --set hive.auto.convert.join.noconditionaltask.size=320000000;
0: jdbc:hive2://h01hn02:10500/tpcds_bin_parti> set hive.auto.convert.join.noconditionaltask.size=629145600;
0: jdbc:hive2://h01hn02:10500/tpcds_bin_parti> -- set hive.auto.convert.join.noconditionaltask.size=720000000;
0: jdbc:hive2://h01hn02:10500/tpcds_bin_parti> -- set hive.auto.convert.join.noconditionaltask.size=1920000000;
0: jdbc:hive2://h01hn02:10500/tpcds_bin_parti> 
0: jdbc:hive2://h01hn02:10500/tpcds_bin_parti> set hive.execution.engine=tez;
0: jdbc:hive2://h01hn02:10500/tpcds_bin_parti> set hive.default.fileformat=orc;
0: jdbc:hive2://h01hn02:10500/tpcds_bin_parti> set hive.cbo.enable=true;
0: jdbc:hive2://h01hn02:10500/tpcds_bin_parti> set hive.stats.fetch.column.stats=true;
0: jdbc:hive2://h01hn02:10500/tpcds_bin_parti> set hive.exec.dynamic.partition.mode=nonstrict;
0: jdbc:hive2://h01hn02:10500/tpcds_bin_parti> set hive.tez.auto.reducer.parallelism=true;
0: jdbc:hive2://h01hn02:10500/tpcds_bin_parti> -- set hive.exec.reducers.bytes.per.reducer=1000000000;
0: jdbc:hive2://h01hn02:10500/tpcds_bin_parti> set hive.exec.reducers.bytes.per.reducer=67108864;
0: jdbc:hive2://h01hn02:10500/tpcds_bin_parti> set hive.txn.manager=org.apache.hadoop.hive.ql.lockmgr.DummyTxnManager;
0: jdbc:hive2://h01hn02:10500/tpcds_bin_parti> set hive.support.concurrency=false;
0: jdbc:hive2://h01hn02:10500/tpcds_bin_parti> set hive.tez.exec.print.summary=true;
0: jdbc:hive2://h01hn02:10500/tpcds_bin_parti> 
0: jdbc:hive2://h01hn02:10500/tpcds_bin_parti> set tez.grouping.min-size=16777216;
0: jdbc:hive2://h01hn02:10500/tpcds_bin_parti> --set tez.grouping.min-size=8388608;
0: jdbc:hive2://h01hn02:10500/tpcds_bin_parti> set tez.grouping.max-size=1073741824;
0: jdbc:hive2://h01hn02:10500/tpcds_bin_parti> --set tez.grouping.max-size=1342177280;
0: jdbc:hive2://h01hn02:10500/tpcds_bin_parti> 
0: jdbc:hive2://h01hn02:10500/tpcds_bin_parti> --set tez.grouping.split-waves=1.7;
0: jdbc:hive2://h01hn02:10500/tpcds_bin_parti> set tez.runtime.io.sort.mb=174;
0: jdbc:hive2://h01hn02:10500/tpcds_bin_parti> 
0: jdbc:hive2://h01hn02:10500/tpcds_bin_parti> select cs1.product_name ,cs1.store_name ,cs1.store_zip ,cs1.b_street_number ,cs1.b_streen_name ,cs1.b_city
0: jdbc:hive2://h01hn02:10500/tpcds_bin_parti>      ,cs1.b_zip ,cs1.c_street_number ,cs1.c_street_name ,cs1.c_city ,cs1.c_zip ,cs1.syear ,cs1.cnt
0: jdbc:hive2://h01hn02:10500/tpcds_bin_parti>      ,cs1.s1 ,cs1.s2 ,cs1.s3
0: jdbc:hive2://h01hn02:10500/tpcds_bin_parti>      ,cs2.s1 ,cs2.s2 ,cs2.s3 ,cs2.syear ,cs2.cnt
0: jdbc:hive2://h01hn02:10500/tpcds_bin_parti> from
0: jdbc:hive2://h01hn02:10500/tpcds_bin_parti> (select i_product_name as product_name ,i_item_sk as item_sk ,s_store_name as store_name
0: jdbc:hive2://h01hn02:10500/tpcds_bin_parti>      ,s_zip as store_zip ,ad1.ca_street_number as b_street_number ,ad1.ca_street_name as b_streen_name
0: jdbc:hive2://h01hn02:10500/tpcds_bin_parti>      ,ad1.ca_city as b_city ,ad1.ca_zip as b_zip ,ad2.ca_street_number as c_street_number
0: jdbc:hive2://h01hn02:10500/tpcds_bin_parti>      ,ad2.ca_street_name as c_street_name ,ad2.ca_city as c_city ,ad2.ca_zip as c_zip
0: jdbc:hive2://h01hn02:10500/tpcds_bin_parti>      ,d1.d_year as syear ,d2.d_year as fsyear ,d3.d_year as s2year ,count(*) as cnt
0: jdbc:hive2://h01hn02:10500/tpcds_bin_parti>      ,sum(ss_wholesale_cost) as s1 ,sum(ss_list_price) as s2 ,sum(ss_coupon_amt) as s3
0: jdbc:hive2://h01hn02:10500/tpcds_bin_parti>   FROM   store_sales
0: jdbc:hive2://h01hn02:10500/tpcds_bin_parti>         JOIN store_returns ON store_sales.ss_item_sk = store_returns.sr_item_sk and store_sales.ss_ticket_number = store_returns.sr_ticket_number
0: jdbc:hive2://h01hn02:10500/tpcds_bin_parti>         JOIN customer ON store_sales.ss_customer_sk = customer.c_customer_sk
0: jdbc:hive2://h01hn02:10500/tpcds_bin_parti>         JOIN date_dim d1 ON store_sales.ss_sold_date_sk = d1.d_date_sk
0: jdbc:hive2://h01hn02:10500/tpcds_bin_parti>         JOIN date_dim d2 ON customer.c_first_sales_date_sk = d2.d_date_sk 
0: jdbc:hive2://h01hn02:10500/tpcds_bin_parti>         JOIN date_dim d3 ON customer.c_first_shipto_date_sk = d3.d_date_sk
0: jdbc:hive2://h01hn02:10500/tpcds_bin_parti>         JOIN store ON store_sales.ss_store_sk = store.s_store_sk
0: jdbc:hive2://h01hn02:10500/tpcds_bin_parti>         JOIN customer_demographics cd1 ON store_sales.ss_cdemo_sk= cd1.cd_demo_sk
0: jdbc:hive2://h01hn02:10500/tpcds_bin_parti>         JOIN customer_demographics cd2 ON customer.c_current_cdemo_sk = cd2.cd_demo_sk
0: jdbc:hive2://h01hn02:10500/tpcds_bin_parti>         JOIN promotion ON store_sales.ss_promo_sk = promotion.p_promo_sk
0: jdbc:hive2://h01hn02:10500/tpcds_bin_parti>         JOIN household_demographics hd1 ON store_sales.ss_hdemo_sk = hd1.hd_demo_sk
0: jdbc:hive2://h01hn02:10500/tpcds_bin_parti>         JOIN household_demographics hd2 ON customer.c_current_hdemo_sk = hd2.hd_demo_sk
0: jdbc:hive2://h01hn02:10500/tpcds_bin_parti>         JOIN customer_address ad1 ON store_sales.ss_addr_sk = ad1.ca_address_sk
0: jdbc:hive2://h01hn02:10500/tpcds_bin_parti>         JOIN customer_address ad2 ON customer.c_current_addr_sk = ad2.ca_address_sk
0: jdbc:hive2://h01hn02:10500/tpcds_bin_parti>         JOIN income_band ib1 ON hd1.hd_income_band_sk = ib1.ib_income_band_sk
0: jdbc:hive2://h01hn02:10500/tpcds_bin_parti>         JOIN income_band ib2 ON hd2.hd_income_band_sk = ib2.ib_income_band_sk
0: jdbc:hive2://h01hn02:10500/tpcds_bin_parti>         JOIN item ON store_sales.ss_item_sk = item.i_item_sk
0: jdbc:hive2://h01hn02:10500/tpcds_bin_parti>         JOIN
0: jdbc:hive2://h01hn02:10500/tpcds_bin_parti>  (select cs_item_sk
0: jdbc:hive2://h01hn02:10500/tpcds_bin_parti>         ,sum(cs_ext_list_price) as sale,sum(cr_refunded_cash+cr_reversed_charge+cr_store_credit) as refund
0: jdbc:hive2://h01hn02:10500/tpcds_bin_parti>   from catalog_sales JOIN catalog_returns
0: jdbc:hive2://h01hn02:10500/tpcds_bin_parti>   ON catalog_sales.cs_item_sk = catalog_returns.cr_item_sk
0: jdbc:hive2://h01hn02:10500/tpcds_bin_parti>     and catalog_sales.cs_order_number = catalog_returns.cr_order_number
0: jdbc:hive2://h01hn02:10500/tpcds_bin_parti>   group by cs_item_sk
0: jdbc:hive2://h01hn02:10500/tpcds_bin_parti>   having sum(cs_ext_list_price)>2*sum(cr_refunded_cash+cr_reversed_charge+cr_store_credit)) cs_ui
0: jdbc:hive2://h01hn02:10500/tpcds_bin_parti> ON store_sales.ss_item_sk = cs_ui.cs_item_sk
0: jdbc:hive2://h01hn02:10500/tpcds_bin_parti>   WHERE  
0: jdbc:hive2://h01hn02:10500/tpcds_bin_parti>          cd1.cd_marital_status <> cd2.cd_marital_status and
0: jdbc:hive2://h01hn02:10500/tpcds_bin_parti>          i_color in ('maroon','burnished','dim','steel','navajo','chocolate') and
0: jdbc:hive2://h01hn02:10500/tpcds_bin_parti>          i_current_price between 35 and 35 + 10 and
0: jdbc:hive2://h01hn02:10500/tpcds_bin_parti>          i_current_price between 35 + 1 and 35 + 15
0: jdbc:hive2://h01hn02:10500/tpcds_bin_parti> group by i_product_name ,i_item_sk ,s_store_name ,s_zip ,ad1.ca_street_number
0: jdbc:hive2://h01hn02:10500/tpcds_bin_parti>        ,ad1.ca_street_name ,ad1.ca_city ,ad1.ca_zip ,ad2.ca_street_number
0: jdbc:hive2://h01hn02:10500/tpcds_bin_parti>        ,ad2.ca_street_name ,ad2.ca_city ,ad2.ca_zip ,d1.d_year ,d2.d_year ,d3.d_year
0: jdbc:hive2://h01hn02:10500/tpcds_bin_parti> ) cs1
0: jdbc:hive2://h01hn02:10500/tpcds_bin_parti> JOIN
0: jdbc:hive2://h01hn02:10500/tpcds_bin_parti> (select i_product_name as product_name ,i_item_sk as item_sk ,s_store_name as store_name
0: jdbc:hive2://h01hn02:10500/tpcds_bin_parti>      ,s_zip as store_zip ,ad1.ca_street_number as b_street_number ,ad1.ca_street_name as b_streen_name
0: jdbc:hive2://h01hn02:10500/tpcds_bin_parti>      ,ad1.ca_city as b_city ,ad1.ca_zip as b_zip ,ad2.ca_street_number as c_street_number
0: jdbc:hive2://h01hn02:10500/tpcds_bin_parti>      ,ad2.ca_street_name as c_street_name ,ad2.ca_city as c_city ,ad2.ca_zip as c_zip
0: jdbc:hive2://h01hn02:10500/tpcds_bin_parti>      ,d1.d_year as syear ,d2.d_year as fsyear ,d3.d_year as s2year ,count(*) as cnt
0: jdbc:hive2://h01hn02:10500/tpcds_bin_parti>      ,sum(ss_wholesale_cost) as s1 ,sum(ss_list_price) as s2 ,sum(ss_coupon_amt) as s3
0: jdbc:hive2://h01hn02:10500/tpcds_bin_parti>   FROM   store_sales
0: jdbc:hive2://h01hn02:10500/tpcds_bin_parti>         JOIN store_returns ON store_sales.ss_item_sk = store_returns.sr_item_sk and store_sales.ss_ticket_number = store_returns.sr_ticket_number
0: jdbc:hive2://h01hn02:10500/tpcds_bin_parti>         JOIN customer ON store_sales.ss_customer_sk = customer.c_customer_sk
0: jdbc:hive2://h01hn02:10500/tpcds_bin_parti>         JOIN date_dim d1 ON store_sales.ss_sold_date_sk = d1.d_date_sk
0: jdbc:hive2://h01hn02:10500/tpcds_bin_parti>         JOIN date_dim d2 ON customer.c_first_sales_date_sk = d2.d_date_sk 
0: jdbc:hive2://h01hn02:10500/tpcds_bin_parti>         JOIN date_dim d3 ON customer.c_first_shipto_date_sk = d3.d_date_sk
0: jdbc:hive2://h01hn02:10500/tpcds_bin_parti>         JOIN store ON store_sales.ss_store_sk = store.s_store_sk
0: jdbc:hive2://h01hn02:10500/tpcds_bin_parti>         JOIN customer_demographics cd1 ON store_sales.ss_cdemo_sk= cd1.cd_demo_sk
0: jdbc:hive2://h01hn02:10500/tpcds_bin_parti>         JOIN customer_demographics cd2 ON customer.c_current_cdemo_sk = cd2.cd_demo_sk
0: jdbc:hive2://h01hn02:10500/tpcds_bin_parti>         JOIN promotion ON store_sales.ss_promo_sk = promotion.p_promo_sk
0: jdbc:hive2://h01hn02:10500/tpcds_bin_parti>         JOIN household_demographics hd1 ON store_sales.ss_hdemo_sk = hd1.hd_demo_sk
0: jdbc:hive2://h01hn02:10500/tpcds_bin_parti>         JOIN household_demographics hd2 ON customer.c_current_hdemo_sk = hd2.hd_demo_sk
0: jdbc:hive2://h01hn02:10500/tpcds_bin_parti>         JOIN customer_address ad1 ON store_sales.ss_addr_sk = ad1.ca_address_sk
0: jdbc:hive2://h01hn02:10500/tpcds_bin_parti>         JOIN customer_address ad2 ON customer.c_current_addr_sk = ad2.ca_address_sk
0: jdbc:hive2://h01hn02:10500/tpcds_bin_parti>         JOIN income_band ib1 ON hd1.hd_income_band_sk = ib1.ib_income_band_sk
0: jdbc:hive2://h01hn02:10500/tpcds_bin_parti>         JOIN income_band ib2 ON hd2.hd_income_band_sk = ib2.ib_income_band_sk
0: jdbc:hive2://h01hn02:10500/tpcds_bin_parti>         JOIN item ON store_sales.ss_item_sk = item.i_item_sk
0: jdbc:hive2://h01hn02:10500/tpcds_bin_parti>         JOIN
0: jdbc:hive2://h01hn02:10500/tpcds_bin_parti>  (select cs_item_sk
0: jdbc:hive2://h01hn02:10500/tpcds_bin_parti>         ,sum(cs_ext_list_price) as sale,sum(cr_refunded_cash+cr_reversed_charge+cr_store_credit) as refund
0: jdbc:hive2://h01hn02:10500/tpcds_bin_parti>   from catalog_sales JOIN catalog_returns
0: jdbc:hive2://h01hn02:10500/tpcds_bin_parti>   ON catalog_sales.cs_item_sk = catalog_returns.cr_item_sk
0: jdbc:hive2://h01hn02:10500/tpcds_bin_parti>     and catalog_sales.cs_order_number = catalog_returns.cr_order_number
0: jdbc:hive2://h01hn02:10500/tpcds_bin_parti>   group by cs_item_sk
0: jdbc:hive2://h01hn02:10500/tpcds_bin_parti>   having sum(cs_ext_list_price)>2*sum(cr_refunded_cash+cr_reversed_charge+cr_store_credit)) cs_ui
0: jdbc:hive2://h01hn02:10500/tpcds_bin_parti> ON store_sales.ss_item_sk = cs_ui.cs_item_sk
0: jdbc:hive2://h01hn02:10500/tpcds_bin_parti>   WHERE  
0: jdbc:hive2://h01hn02:10500/tpcds_bin_parti>          cd1.cd_marital_status <> cd2.cd_marital_status and
0: jdbc:hive2://h01hn02:10500/tpcds_bin_parti>          i_color in ('maroon','burnished','dim','steel','navajo','chocolate') and
0: jdbc:hive2://h01hn02:10500/tpcds_bin_parti>          i_current_price between 35 and 35 + 10 and
0: jdbc:hive2://h01hn02:10500/tpcds_bin_parti>          i_current_price between 35 + 1 and 35 + 15
0: jdbc:hive2://h01hn02:10500/tpcds_bin_parti> group by i_product_name ,i_item_sk ,s_store_name ,s_zip ,ad1.ca_street_number
0: jdbc:hive2://h01hn02:10500/tpcds_bin_parti>        ,ad1.ca_street_name ,ad1.ca_city ,ad1.ca_zip ,ad2.ca_street_number
0: jdbc:hive2://h01hn02:10500/tpcds_bin_parti>        ,ad2.ca_street_name ,ad2.ca_city ,ad2.ca_zip ,d1.d_year ,d2.d_year ,d3.d_year
0: jdbc:hive2://h01hn02:10500/tpcds_bin_parti> ) cs2
0: jdbc:hive2://h01hn02:10500/tpcds_bin_parti> ON cs1.item_sk=cs2.item_sk
0: jdbc:hive2://h01hn02:10500/tpcds_bin_parti> where 
0: jdbc:hive2://h01hn02:10500/tpcds_bin_parti>      cs1.syear = 2000 and
0: jdbc:hive2://h01hn02:10500/tpcds_bin_parti>      cs2.syear = 2000 + 1 and
0: jdbc:hive2://h01hn02:10500/tpcds_bin_parti>      cs2.cnt <= cs1.cnt and
0: jdbc:hive2://h01hn02:10500/tpcds_bin_parti>      cs1.store_name = cs2.store_name and
0: jdbc:hive2://h01hn02:10500/tpcds_bin_parti>      cs1.store_zip = cs2.store_zip
0: jdbc:hive2://h01hn02:10500/tpcds_bin_parti> order by cs1.product_name ,cs1.store_name ,cs2.cnt;

