Connecting to jdbc:hive2://h01hn02:10500/tpcds_bin_partitioned_orc_10000
Connected to: Apache Hive (version 2.1.0.2.5.1.0-43)
Driver: Hive JDBC (version 1.2.1000.2.5.1.0-43)
Transaction isolation: TRANSACTION_REPEATABLE_READ
Running init script bry.sql
No rows affected (0.036 seconds)
No rows affected (0.011 seconds)
INFO  : Compiling command(queryId=hive_20161019164033_32c6b0fa-a2f9-4a33-97d3-f482b2f1d8f7): select  cast(amc as decimal(15,4))/cast(pmc as decimal(15,4)) am_pm_ratio
 from ( select count(*) amc
       from web_sales, household_demographics , time_dim, web_page
       where ws_sold_time_sk = time_dim.t_time_sk
         and ws_ship_hdemo_sk = household_demographics.hd_demo_sk
         and ws_web_page_sk = web_page.wp_web_page_sk
         and time_dim.t_hour between 6 and 6+1
         and household_demographics.hd_dep_count = 8
         and web_page.wp_char_count between 5000 and 5200) at,
      ( select count(*) pmc
       from web_sales, household_demographics , time_dim, web_page
       where ws_sold_time_sk = time_dim.t_time_sk
         and ws_ship_hdemo_sk = household_demographics.hd_demo_sk
         and ws_web_page_sk = web_page.wp_web_page_sk
         and time_dim.t_hour between 14 and 14+1
         and household_demographics.hd_dep_count = 8
         and web_page.wp_char_count between 5000 and 5200) pt
 order by am_pm_ratio
 limit 100
INFO  : Semantic Analysis Completed
INFO  : Returning Hive schema: Schema(fieldSchemas:[FieldSchema(name:am_pm_ratio, type:decimal(35,20), comment:null)], properties:null)
INFO  : Completed compiling command(queryId=hive_20161019164033_32c6b0fa-a2f9-4a33-97d3-f482b2f1d8f7); Time taken: 0.89 seconds
INFO  : Concurrency mode is disabled, not creating a lock manager
INFO  : Executing command(queryId=hive_20161019164033_32c6b0fa-a2f9-4a33-97d3-f482b2f1d8f7): select  cast(amc as decimal(15,4))/cast(pmc as decimal(15,4)) am_pm_ratio
 from ( select count(*) amc
       from web_sales, household_demographics , time_dim, web_page
       where ws_sold_time_sk = time_dim.t_time_sk
         and ws_ship_hdemo_sk = household_demographics.hd_demo_sk
         and ws_web_page_sk = web_page.wp_web_page_sk
         and time_dim.t_hour between 6 and 6+1
         and household_demographics.hd_dep_count = 8
         and web_page.wp_char_count between 5000 and 5200) at,
      ( select count(*) pmc
       from web_sales, household_demographics , time_dim, web_page
       where ws_sold_time_sk = time_dim.t_time_sk
         and ws_ship_hdemo_sk = household_demographics.hd_demo_sk
         and ws_web_page_sk = web_page.wp_web_page_sk
         and time_dim.t_hour between 14 and 14+1
         and household_demographics.hd_dep_count = 8
         and web_page.wp_char_count between 5000 and 5200) pt
 order by am_pm_ratio
 limit 100
INFO  : Query ID = hive_20161019164033_32c6b0fa-a2f9-4a33-97d3-f482b2f1d8f7
INFO  : Total jobs = 1
INFO  : Launching Job 1 out of 1
INFO  : Starting task [Stage-1:MAPRED] in serial mode
INFO  : Session is already open
INFO  : Dag name: select  cast(amc as decimal(15,4))/cas...100(Stage-1)
INFO  : Setting tez.task.scale.memory.reserve-fraction to 0.30000001192092896
INFO  : Setting tez.task.scale.memory.reserve-fraction to 0.30000001192092896
INFO  : Setting tez.task.scale.memory.reserve-fraction to 0.30000001192092896
INFO  : Tez session was closed. Reopening...
INFO  : Session re-established.
INFO  : 

INFO  : Status: Running (Executing on YARN cluster with App id application_1476716628816_0209)

INFO  : Map 1: -/-	Map 10: -/-	Map 11: -/-	Map 4: -/-	Map 5: -/-	Map 6: -/-	Map 7: -/-	Map 9: -/-	Reducer 2: 0/1	Reducer 3: 0/1	Reducer 8: 0/1	
INFO  : Map 1: -/-	Map 10: 0(+1)/1	Map 11: 0(+1)/1	Map 4: 0(+1)/1	Map 5: 0(+1)/1	Map 6: 0(+1)/1	Map 7: -/-	Map 9: 0(+1)/1	Reducer 2: 0/1	Reducer 3: 0/1	Reducer 8: 0/1	
INFO  : Map 1: -/-	Map 10: 1/1	Map 11: 1/1	Map 4: 1/1	Map 5: 1/1	Map 6: 1/1	Map 7: -/-	Map 9: 1/1	Reducer 2: 0/1	Reducer 3: 0/1	Reducer 8: 0/1	
INFO  : Map 1: 0/250	Map 10: 1/1	Map 11: 1/1	Map 4: 1/1	Map 5: 1/1	Map 6: 1/1	Map 7: 0/250	Map 9: 1/1	Reducer 2: 0/1	Reducer 3: 0/1	Reducer 8: 0/1	
INFO  : Map 1: 0(+20)/250	Map 10: 1/1	Map 11: 1/1	Map 4: 1/1	Map 5: 1/1	Map 6: 1/1	Map 7: 0(+23)/250	Map 9: 1/1	Reducer 2: 0/1	Reducer 3: 0/1	Reducer 8: 0/1	
INFO  : Map 1: 0(+34)/250	Map 10: 1/1	Map 11: 1/1	Map 4: 1/1	Map 5: 1/1	Map 6: 1/1	Map 7: 0(+32)/250	Map 9: 1/1	Reducer 2: 0/1	Reducer 3: 0/1	Reducer 8: 0/1	
INFO  : Map 1: 0(+134)/250	Map 10: 1/1	Map 11: 1/1	Map 4: 1/1	Map 5: 1/1	Map 6: 1/1	Map 7: 0(+120)/250	Map 9: 1/1	Reducer 2: 0/1	Reducer 3: 0/1	Reducer 8: 0/1	
INFO  : Map 1: 0(+242)/250	Map 10: 1/1	Map 11: 1/1	Map 4: 1/1	Map 5: 1/1	Map 6: 1/1	Map 7: 0(+250)/250	Map 9: 1/1	Reducer 2: 0/1	Reducer 3: 0/1	Reducer 8: 0/1	
INFO  : Map 1: 0(+243)/250	Map 10: 1/1	Map 11: 1/1	Map 4: 1/1	Map 5: 1/1	Map 6: 1/1	Map 7: 1(+249)/250	Map 9: 1/1	Reducer 2: 0/1	Reducer 3: 0/1	Reducer 8: 0/1	
INFO  : Map 1: 3(+241)/250	Map 10: 1/1	Map 11: 1/1	Map 4: 1/1	Map 5: 1/1	Map 6: 1/1	Map 7: 1(+249)/250	Map 9: 1/1	Reducer 2: 0/1	Reducer 3: 0/1	Reducer 8: 0/1	
INFO  : Map 1: 4(+241)/250	Map 10: 1/1	Map 11: 1/1	Map 4: 1/1	Map 5: 1/1	Map 6: 1/1	Map 7: 1(+249)/250	Map 9: 1/1	Reducer 2: 0/1	Reducer 3: 0/1	Reducer 8: 0/1	
INFO  : Map 1: 5(+240)/250	Map 10: 1/1	Map 11: 1/1	Map 4: 1/1	Map 5: 1/1	Map 6: 1/1	Map 7: 2(+248)/250	Map 9: 1/1	Reducer 2: 0/1	Reducer 3: 0/1	Reducer 8: 0/1	
INFO  : Map 1: 8(+240)/250	Map 10: 1/1	Map 11: 1/1	Map 4: 1/1	Map 5: 1/1	Map 6: 1/1	Map 7: 4(+246)/250	Map 9: 1/1	Reducer 2: 0/1	Reducer 3: 0/1	Reducer 8: 0/1	
INFO  : Map 1: 17(+232)/250	Map 10: 1/1	Map 11: 1/1	Map 4: 1/1	Map 5: 1/1	Map 6: 1/1	Map 7: 14(+236)/250	Map 9: 1/1	Reducer 2: 0/1	Reducer 3: 0/1	Reducer 8: 0/1	
INFO  : Map 1: 41(+208)/250	Map 10: 1/1	Map 11: 1/1	Map 4: 1/1	Map 5: 1/1	Map 6: 1/1	Map 7: 31(+218)/250	Map 9: 1/1	Reducer 2: 0/1	Reducer 3: 0/1	Reducer 8: 0/1	
INFO  : Map 1: 86(+161)/250	Map 10: 1/1	Map 11: 1/1	Map 4: 1/1	Map 5: 1/1	Map 6: 1/1	Map 7: 82(+167)/250	Map 9: 1/1	Reducer 2: 0(+1)/1	Reducer 3: 0/1	Reducer 8: 0(+1)/1	
INFO  : Map 1: 125(+125)/250	Map 10: 1/1	Map 11: 1/1	Map 4: 1/1	Map 5: 1/1	Map 6: 1/1	Map 7: 116(+134)/250	Map 9: 1/1	Reducer 2: 0(+1)/1	Reducer 3: 0/1	Reducer 8: 0(+1)/1	
INFO  : Map 1: 148(+102)/250	Map 10: 1/1	Map 11: 1/1	Map 4: 1/1	Map 5: 1/1	Map 6: 1/1	Map 7: 143(+107)/250	Map 9: 1/1	Reducer 2: 0(+1)/1	Reducer 3: 0/1	Reducer 8: 0(+1)/1	
INFO  : Map 1: 168(+82)/250	Map 10: 1/1	Map 11: 1/1	Map 4: 1/1	Map 5: 1/1	Map 6: 1/1	Map 7: 169(+81)/250	Map 9: 1/1	Reducer 2: 0(+1)/1	Reducer 3: 0/1	Reducer 8: 0(+1)/1	
INFO  : Map 1: 179(+71)/250	Map 10: 1/1	Map 11: 1/1	Map 4: 1/1	Map 5: 1/1	Map 6: 1/1	Map 7: 178(+72)/250	Map 9: 1/1	Reducer 2: 0(+1)/1	Reducer 3: 0/1	Reducer 8: 0(+1)/1	
INFO  : Map 1: 181(+69)/250	Map 10: 1/1	Map 11: 1/1	Map 4: 1/1	Map 5: 1/1	Map 6: 1/1	Map 7: 183(+67)/250	Map 9: 1/1	Reducer 2: 0(+1)/1	Reducer 3: 0/1	Reducer 8: 0(+1)/1	
INFO  : Map 1: 189(+61)/250	Map 10: 1/1	Map 11: 1/1	Map 4: 1/1	Map 5: 1/1	Map 6: 1/1	Map 7: 188(+62)/250	Map 9: 1/1	Reducer 2: 0(+1)/1	Reducer 3: 0/1	Reducer 8: 0(+1)/1	
INFO  : Map 1: 189(+61)/250	Map 10: 1/1	Map 11: 1/1	Map 4: 1/1	Map 5: 1/1	Map 6: 1/1	Map 7: 190(+60)/250	Map 9: 1/1	Reducer 2: 0(+1)/1	Reducer 3: 0/1	Reducer 8: 0(+1)/1	
INFO  : Map 1: 191(+59)/250	Map 10: 1/1	Map 11: 1/1	Map 4: 1/1	Map 5: 1/1	Map 6: 1/1	Map 7: 191(+59)/250	Map 9: 1/1	Reducer 2: 0(+1)/1	Reducer 3: 0/1	Reducer 8: 0(+1)/1	
INFO  : Map 1: 192(+58)/250	Map 10: 1/1	Map 11: 1/1	Map 4: 1/1	Map 5: 1/1	Map 6: 1/1	Map 7: 193(+57)/250	Map 9: 1/1	Reducer 2: 0(+1)/1	Reducer 3: 0/1	Reducer 8: 0(+1)/1	
INFO  : Map 1: 193(+57)/250	Map 10: 1/1	Map 11: 1/1	Map 4: 1/1	Map 5: 1/1	Map 6: 1/1	Map 7: 193(+57)/250	Map 9: 1/1	Reducer 2: 0(+1)/1	Reducer 3: 0/1	Reducer 8: 0(+1)/1	
INFO  : Map 1: 193(+57)/250	Map 10: 1/1	Map 11: 1/1	Map 4: 1/1	Map 5: 1/1	Map 6: 1/1	Map 7: 194(+56)/250	Map 9: 1/1	Reducer 2: 0(+1)/1	Reducer 3: 0/1	Reducer 8: 0(+1)/1	
INFO  : Map 1: 195(+55)/250	Map 10: 1/1	Map 11: 1/1	Map 4: 1/1	Map 5: 1/1	Map 6: 1/1	Map 7: 196(+54)/250	Map 9: 1/1	Reducer 2: 0(+1)/1	Reducer 3: 0/1	Reducer 8: 0(+1)/1	
INFO  : Map 1: 196(+54)/250	Map 10: 1/1	Map 11: 1/1	Map 4: 1/1	Map 5: 1/1	Map 6: 1/1	Map 7: 198(+52)/250	Map 9: 1/1	Reducer 2: 0(+1)/1	Reducer 3: 0/1	Reducer 8: 0(+1)/1	
INFO  : Map 1: 197(+53)/250	Map 10: 1/1	Map 11: 1/1	Map 4: 1/1	Map 5: 1/1	Map 6: 1/1	Map 7: 198(+52)/250	Map 9: 1/1	Reducer 2: 0(+1)/1	Reducer 3: 0/1	Reducer 8: 0(+1)/1	
INFO  : Map 1: 200(+50)/250	Map 10: 1/1	Map 11: 1/1	Map 4: 1/1	Map 5: 1/1	Map 6: 1/1	Map 7: 199(+51)/250	Map 9: 1/1	Reducer 2: 0(+1)/1	Reducer 3: 0/1	Reducer 8: 0(+1)/1	
INFO  : Map 1: 203(+47)/250	Map 10: 1/1	Map 11: 1/1	Map 4: 1/1	Map 5: 1/1	Map 6: 1/1	Map 7: 202(+48)/250	Map 9: 1/1	Reducer 2: 0(+1)/1	Reducer 3: 0/1	Reducer 8: 0(+1)/1	
INFO  : Map 1: 207(+43)/250	Map 10: 1/1	Map 11: 1/1	Map 4: 1/1	Map 5: 1/1	Map 6: 1/1	Map 7: 205(+45)/250	Map 9: 1/1	Reducer 2: 0(+1)/1	Reducer 3: 0/1	Reducer 8: 0(+1)/1	
INFO  : Map 1: 211(+39)/250	Map 10: 1/1	Map 11: 1/1	Map 4: 1/1	Map 5: 1/1	Map 6: 1/1	Map 7: 211(+39)/250	Map 9: 1/1	Reducer 2: 0(+1)/1	Reducer 3: 0/1	Reducer 8: 0(+1)/1	
INFO  : Map 1: 218(+32)/250	Map 10: 1/1	Map 11: 1/1	Map 4: 1/1	Map 5: 1/1	Map 6: 1/1	Map 7: 214(+36)/250	Map 9: 1/1	Reducer 2: 0(+1)/1	Reducer 3: 0/1	Reducer 8: 0(+1)/1	
INFO  : Map 1: 222(+28)/250	Map 10: 1/1	Map 11: 1/1	Map 4: 1/1	Map 5: 1/1	Map 6: 1/1	Map 7: 221(+29)/250	Map 9: 1/1	Reducer 2: 0(+1)/1	Reducer 3: 0/1	Reducer 8: 0(+1)/1	
INFO  : Map 1: 225(+25)/250	Map 10: 1/1	Map 11: 1/1	Map 4: 1/1	Map 5: 1/1	Map 6: 1/1	Map 7: 224(+26)/250	Map 9: 1/1	Reducer 2: 0(+1)/1	Reducer 3: 0/1	Reducer 8: 0(+1)/1	
INFO  : Map 1: 235(+15)/250	Map 10: 1/1	Map 11: 1/1	Map 4: 1/1	Map 5: 1/1	Map 6: 1/1	Map 7: 236(+14)/250	Map 9: 1/1	Reducer 2: 0(+1)/1	Reducer 3: 0/1	Reducer 8: 0(+1)/1	
INFO  : Map 1: 236(+14)/250	Map 10: 1/1	Map 11: 1/1	Map 4: 1/1	Map 5: 1/1	Map 6: 1/1	Map 7: 238(+12)/250	Map 9: 1/1	Reducer 2: 0(+1)/1	Reducer 3: 0/1	Reducer 8: 0(+1)/1	
INFO  : Map 1: 240(+10)/250	Map 10: 1/1	Map 11: 1/1	Map 4: 1/1	Map 5: 1/1	Map 6: 1/1	Map 7: 239(+11)/250	Map 9: 1/1	Reducer 2: 0(+1)/1	Reducer 3: 0/1	Reducer 8: 0(+1)/1	
INFO  : Map 1: 244(+6)/250	Map 10: 1/1	Map 11: 1/1	Map 4: 1/1	Map 5: 1/1	Map 6: 1/1	Map 7: 243(+7)/250	Map 9: 1/1	Reducer 2: 0(+1)/1	Reducer 3: 0/1	Reducer 8: 0(+1)/1	
INFO  : Map 1: 246(+4)/250	Map 10: 1/1	Map 11: 1/1	Map 4: 1/1	Map 5: 1/1	Map 6: 1/1	Map 7: 249(+1)/250	Map 9: 1/1	Reducer 2: 0(+1)/1	Reducer 3: 0/1	Reducer 8: 0(+1)/1	
INFO  : Map 1: 248(+2)/250	Map 10: 1/1	Map 11: 1/1	Map 4: 1/1	Map 5: 1/1	Map 6: 1/1	Map 7: 250/250	Map 9: 1/1	Reducer 2: 0(+1)/1	Reducer 3: 0/1	Reducer 8: 0(+1)/1	
INFO  : Map 1: 250/250	Map 10: 1/1	Map 11: 1/1	Map 4: 1/1	Map 5: 1/1	Map 6: 1/1	Map 7: 250/250	Map 9: 1/1	Reducer 2: 0(+1)/1	Reducer 3: 0/1	Reducer 8: 1/1	
INFO  : Map 1: 250/250	Map 10: 1/1	Map 11: 1/1	Map 4: 1/1	Map 5: 1/1	Map 6: 1/1	Map 7: 250/250	Map 9: 1/1	Reducer 2: 1/1	Reducer 3: 1/1	Reducer 8: 1/1	
INFO  : Status: DAG finished successfully in 13.49 seconds
INFO  : 
INFO  : Query Execution Summary
INFO  : ----------------------------------------------------------------------------------------------
INFO  : ----------------------------------------------------------------------------------------------
INFO  : Compile Query                           0.89s
INFO  : Prepare Plan                            0.30s
INFO  : Submit Plan                             4.83s
INFO  : Start DAG                               0.62s
INFO  : Run DAG                                13.49s
INFO  : ----------------------------------------------------------------------------------------------
INFO  : 
INFO  : Task Execution Summary
INFO  : --------------------------------------------------------------------------------------------------------------------------------
INFO  : --------------------------------------------------------------------------------------------------------------------------------
INFO  :      Map 1          250                0             0        9599.00             0            0  7,199,971,351             250
INFO  :     Map 10            1                0             0         202.00             0            0         10,000           7,200
INFO  :     Map 11            1                0             0         202.00             0            0          4,002             107
INFO  :      Map 4            1                0             0         202.00             0            0          7,200             720
INFO  :      Map 5            1                0             0         202.00             0            0         10,000           7,200
INFO  :      Map 6            1                0             0         202.00             0            0          4,002             107
INFO  :      Map 7          250                0             0        9398.00             0            0  7,199,971,351             250
INFO  :      Map 9            1                0             0         202.00             0            0          7,200             720
INFO  :  Reducer 2            1                0             0        6584.00             0            0            251               1
INFO  :  Reducer 3            1                0             0           0.00             0            0              1               0
INFO  :  Reducer 8            1                0             0        6370.00             0            0            250               1
INFO  : --------------------------------------------------------------------------------------------------------------------------------
INFO  : 
INFO  : LLAP IO Summary
INFO  : ----------------------------------------------------------------------------------------------
INFO  : ----------------------------------------------------------------------------------------------
INFO  :      Map 1    722186     14493          0   31.96GB         0B          0B       0B   758.28s
INFO  :     Map 10         1         2          0    4.23KB         0B          0B       0B     0.00s
INFO  :     Map 11         1         2          0    7.97KB         0B          0B       0B     0.00s
INFO  :      Map 4         1         2          0      134B         0B          0B       0B     0.00s
INFO  :      Map 5         1         2          0    4.23KB         0B          0B       0B     0.00s
INFO  :      Map 6         1         2          0    7.97KB         0B          0B       0B     0.00s
INFO  :      Map 7    722186     14493          0   31.96GB         0B          0B       0B   759.58s
INFO  :      Map 9         1         2          0      134B         0B          0B       0B     0.00s
INFO  : ----------------------------------------------------------------------------------------------
INFO  : 
INFO  : FileSystem Counters Summary
INFO  : 
INFO  : ----------------------------------------------------------------------------------------------
INFO  : ----------------------------------------------------------------------------------------------
INFO  :      Map 1         16.00KB             0                  0            14.75KB             0
INFO  :     Map 10              0B             0                  0            28.71KB             0
INFO  :     Map 11              0B             0                  0               488B             0
INFO  :      Map 4              0B             0                  0             3.08KB             0
INFO  :      Map 5              0B             0                  0            28.71KB             0
INFO  :      Map 6              0B             0                  0               488B             0
INFO  :      Map 7         16.00KB             0                  0            14.75KB             0
INFO  :      Map 9              0B             0                  0             3.08KB             0
INFO  :  Reducer 2             64B             0                  0                83B             0
INFO  :  Reducer 3              0B             0                  0                 0B             0
INFO  :  Reducer 8              0B             0                  0                59B             0
INFO  : ----------------------------------------------------------------------------------------------
INFO  : 
INFO  : ----------------------------------------------------------------------------------------------
INFO  : ----------------------------------------------------------------------------------------------
INFO  :      Map 1              0B             0                  0                 0B             0
INFO  :     Map 10              0B             0                  0                 0B             0
INFO  :     Map 11              0B             0                  0                 0B             0
INFO  :      Map 4              0B             0                  0                 0B             0
INFO  :      Map 5              0B             0                  0                 0B             0
INFO  :      Map 6              0B             0                  0                 0B             0
INFO  :      Map 7              0B             0                  0                 0B             0
INFO  :      Map 9              0B             0                  0                 0B             0
INFO  :  Reducer 2              0B             0                  0                 0B             0
INFO  :  Reducer 3              0B             2                  0               122B             2
INFO  :  Reducer 8              0B             0                  0                 0B             0
INFO  : ----------------------------------------------------------------------------------------------
INFO  : 
INFO  : org.apache.tez.common.counters.DAGCounter:
INFO  :    NUM_SUCCEEDED_TASKS: 509
INFO  :    TOTAL_LAUNCHED_TASKS: 509
INFO  :    DATA_LOCAL_TASKS: 506
INFO  :    AM_CPU_MILLISECONDS: 108900
INFO  :    AM_GC_TIME_MILLIS: 2160
INFO  : File System Counters:
INFO  :    FILE_BYTES_READ: 32064
INFO  :    FILE_BYTES_WRITTEN: 94201
INFO  :    FILE_READ_OPS: 0
INFO  :    FILE_LARGE_READ_OPS: 0
INFO  :    FILE_WRITE_OPS: 0
INFO  :    HDFS_BYTES_READ: 0
INFO  :    HDFS_BYTES_WRITTEN: 122
INFO  :    HDFS_READ_OPS: 2
INFO  :    HDFS_LARGE_READ_OPS: 0
INFO  :    HDFS_WRITE_OPS: 2
INFO  : org.apache.tez.common.counters.TaskCounter:
INFO  :    REDUCE_INPUT_GROUPS: 3
INFO  :    REDUCE_INPUT_RECORDS: 501
INFO  :    COMBINE_INPUT_RECORDS: 0
INFO  :    SPILLED_RECORDS: 1002
INFO  :    NUM_SHUFFLED_INPUTS: 556
INFO  :    NUM_SKIPPED_INPUTS: 0
INFO  :    NUM_FAILED_SHUFFLE_INPUTS: 0
INFO  :    MERGED_MAP_OUTPUTS: 501
INFO  :    INPUT_RECORDS_PROCESSED: 14545899
INFO  :    INPUT_SPLIT_LENGTH_BYTES: 1200474458537
INFO  :    OUTPUT_RECORDS: 16556
INFO  :    OUTPUT_LARGE_RECORDS: 0
INFO  :    OUTPUT_BYTES: 82804
INFO  :    OUTPUT_BYTES_WITH_OVERHEAD: 118964
INFO  :    OUTPUT_BYTES_PHYSICAL: 78113
INFO  :    ADDITIONAL_SPILLS_BYTES_WRITTEN: 1777
INFO  :    ADDITIONAL_SPILLS_BYTES_READ: 3289
INFO  :    ADDITIONAL_SPILL_COUNT: 0
INFO  :    SHUFFLE_CHUNK_COUNT: 501
INFO  :    SHUFFLE_BYTES: 592881
INFO  :    SHUFFLE_BYTES_DECOMPRESSED: 1018276
INFO  :    SHUFFLE_BYTES_TO_MEM: 527002
INFO  :    SHUFFLE_BYTES_TO_DISK: 0
INFO  :    SHUFFLE_BYTES_DISK_DIRECT: 65879
INFO  :    NUM_MEM_TO_DISK_MERGES: 0
INFO  :    NUM_DISK_TO_DISK_MERGES: 0
INFO  :    SHUFFLE_PHASE_TIME: 13669
INFO  :    MERGE_PHASE_TIME: 12806
INFO  :    FIRST_EVENT_RECEIVED: 40
INFO  :    LAST_EVENT_RECEIVED: 12825
INFO  : HIVE:
INFO  :    CREATED_FILES: 1
INFO  :    DESERIALIZE_ERRORS: 0
INFO  :    RECORDS_IN_Map_1: 7199963324
INFO  :    RECORDS_IN_Map_10: 10000
INFO  :    RECORDS_IN_Map_11: 4002
INFO  :    RECORDS_IN_Map_4: 7200
INFO  :    RECORDS_IN_Map_5: 10000
INFO  :    RECORDS_IN_Map_6: 4002
INFO  :    RECORDS_IN_Map_7: 7199963324
INFO  :    RECORDS_IN_Map_9: 7200
INFO  :    RECORDS_OUT_0: 1
INFO  :    RECORDS_OUT_INTERMEDIATE_Map_1: 250
INFO  :    RECORDS_OUT_INTERMEDIATE_Map_10: 7200
INFO  :    RECORDS_OUT_INTERMEDIATE_Map_11: 107
INFO  :    RECORDS_OUT_INTERMEDIATE_Map_4: 720
INFO  :    RECORDS_OUT_INTERMEDIATE_Map_5: 7200
INFO  :    RECORDS_OUT_INTERMEDIATE_Map_6: 107
INFO  :    RECORDS_OUT_INTERMEDIATE_Map_7: 250
INFO  :    RECORDS_OUT_INTERMEDIATE_Map_9: 720
INFO  :    RECORDS_OUT_INTERMEDIATE_Reducer_2: 1
INFO  :    RECORDS_OUT_INTERMEDIATE_Reducer_8: 1
INFO  : Shuffle Errors:
INFO  :    BAD_ID: 0
INFO  :    CONNECTION: 0
INFO  :    IO_ERROR: 0
INFO  :    WRONG_LENGTH: 0
INFO  :    WRONG_MAP: 0
INFO  :    WRONG_REDUCE: 0
INFO  : Shuffle Errors_Reducer_2_INPUT_Map_1:
INFO  :    BAD_ID: 0
INFO  :    CONNECTION: 0
INFO  :    IO_ERROR: 0
INFO  :    WRONG_LENGTH: 0
INFO  :    WRONG_MAP: 0
INFO  :    WRONG_REDUCE: 0
INFO  : Shuffle Errors_Reducer_3_INPUT_Reducer_2:
INFO  :    BAD_ID: 0
INFO  :    CONNECTION: 0
INFO  :    IO_ERROR: 0
INFO  :    WRONG_LENGTH: 0
INFO  :    WRONG_MAP: 0
INFO  :    WRONG_REDUCE: 0
INFO  : Shuffle Errors_Reducer_8_INPUT_Map_7:
INFO  :    BAD_ID: 0
INFO  :    CONNECTION: 0
INFO  :    IO_ERROR: 0
INFO  :    WRONG_LENGTH: 0
INFO  :    WRONG_MAP: 0
INFO  :    WRONG_REDUCE: 0
INFO  : TaskCounter_Map_10_INPUT_time_dim:
INFO  :    INPUT_RECORDS_PROCESSED: 10
INFO  :    INPUT_SPLIT_LENGTH_BYTES: 448579
INFO  : TaskCounter_Map_10_OUTPUT_Map_7:
INFO  :    ADDITIONAL_SPILLS_BYTES_READ: 0
INFO  :    ADDITIONAL_SPILLS_BYTES_WRITTEN: 0
INFO  :    ADDITIONAL_SPILL_COUNT: 0
INFO  :    OUTPUT_BYTES: 36000
INFO  :    OUTPUT_BYTES_PHYSICAL: 28705
INFO  :    OUTPUT_BYTES_WITH_OVERHEAD: 50406
INFO  :    OUTPUT_LARGE_RECORDS: 0
INFO  :    OUTPUT_RECORDS: 7200
INFO  :    SPILLED_RECORDS: 0
INFO  : TaskCounter_Map_11_INPUT_web_page:
INFO  :    INPUT_RECORDS_PROCESSED: 4
INFO  :    INPUT_SPLIT_LENGTH_BYTES: 61130
INFO  : TaskCounter_Map_11_OUTPUT_Map_7:
INFO  :    ADDITIONAL_SPILLS_BYTES_READ: 0
INFO  :    ADDITIONAL_SPILLS_BYTES_WRITTEN: 0
INFO  :    ADDITIONAL_SPILL_COUNT: 0
INFO  :    OUTPUT_BYTES: 535
INFO  :    OUTPUT_BYTES_PHYSICAL: 480
INFO  :    OUTPUT_BYTES_WITH_OVERHEAD: 755
INFO  :    OUTPUT_LARGE_RECORDS: 0
INFO  :    OUTPUT_RECORDS: 107
INFO  :    SPILLED_RECORDS: 0
INFO  : TaskCounter_Map_1_INPUT_Map_4:
INFO  :    FIRST_EVENT_RECEIVED: 7
INFO  :    INPUT_RECORDS_PROCESSED: 6480
INFO  :    LAST_EVENT_RECEIVED: 7
INFO  :    NUM_FAILED_SHUFFLE_INPUTS: 0
INFO  :    NUM_SHUFFLED_INPUTS: 9
INFO  :    SHUFFLE_BYTES: 27423
INFO  :    SHUFFLE_BYTES_DECOMPRESSED: 45414
INFO  :    SHUFFLE_BYTES_DISK_DIRECT: 3047
INFO  :    SHUFFLE_BYTES_TO_DISK: 0
INFO  :    SHUFFLE_BYTES_TO_MEM: 24376
INFO  :    SHUFFLE_PHASE_TIME: 31
INFO  : TaskCounter_Map_1_INPUT_Map_5:
INFO  :    FIRST_EVENT_RECEIVED: 5
INFO  :    INPUT_RECORDS_PROCESSED: 64800
INFO  :    LAST_EVENT_RECEIVED: 5
INFO  :    NUM_FAILED_SHUFFLE_INPUTS: 0
INFO  :    NUM_SHUFFLED_INPUTS: 9
INFO  :    SHUFFLE_BYTES: 258120
INFO  :    SHUFFLE_BYTES_DECOMPRESSED: 453654
INFO  :    SHUFFLE_BYTES_DISK_DIRECT: 28680
INFO  :    SHUFFLE_BYTES_TO_DISK: 0
INFO  :    SHUFFLE_BYTES_TO_MEM: 229440
INFO  :    SHUFFLE_PHASE_TIME: 240
INFO  : TaskCounter_Map_1_INPUT_Map_6:
INFO  :    FIRST_EVENT_RECEIVED: 5
INFO  :    INPUT_RECORDS_PROCESSED: 963
INFO  :    LAST_EVENT_RECEIVED: 5
INFO  :    NUM_FAILED_SHUFFLE_INPUTS: 0
INFO  :    NUM_SHUFFLED_INPUTS: 9
INFO  :    SHUFFLE_BYTES: 4104
INFO  :    SHUFFLE_BYTES_DECOMPRESSED: 6795
INFO  :    SHUFFLE_BYTES_DISK_DIRECT: 456
INFO  :    SHUFFLE_BYTES_TO_DISK: 0
INFO  :    SHUFFLE_BYTES_TO_MEM: 3648
INFO  :    SHUFFLE_PHASE_TIME: 138
INFO  : TaskCounter_Map_1_INPUT_web_sales:
INFO  :    INPUT_RECORDS_PROCESSED: 7200684
INFO  :    INPUT_SPLIT_LENGTH_BYTES: 600236718420
INFO  : TaskCounter_Map_1_OUTPUT_Reducer_2:
INFO  :    ADDITIONAL_SPILLS_BYTES_READ: 0
INFO  :    ADDITIONAL_SPILLS_BYTES_WRITTEN: 0
INFO  :    ADDITIONAL_SPILL_COUNT: 0
INFO  :    OUTPUT_BYTES: 1250
INFO  :    OUTPUT_BYTES_PHYSICAL: 6750
INFO  :    OUTPUT_BYTES_WITH_OVERHEAD: 3250
INFO  :    OUTPUT_RECORDS: 250
INFO  :    SHUFFLE_CHUNK_COUNT: 250
INFO  :    SPILLED_RECORDS: 250
INFO  : TaskCounter_Map_4_INPUT_household_demographics:
INFO  :    INPUT_RECORDS_PROCESSED: 8
INFO  :    INPUT_SPLIT_LENGTH_BYTES: 1147
INFO  : TaskCounter_Map_4_OUTPUT_Map_1:
INFO  :    ADDITIONAL_SPILLS_BYTES_READ: 0
INFO  :    ADDITIONAL_SPILLS_BYTES_WRITTEN: 0
INFO  :    ADDITIONAL_SPILL_COUNT: 0
INFO  :    OUTPUT_BYTES: 3600
INFO  :    OUTPUT_BYTES_PHYSICAL: 3071
INFO  :    OUTPUT_BYTES_WITH_OVERHEAD: 5046
INFO  :    OUTPUT_LARGE_RECORDS: 0
INFO  :    OUTPUT_RECORDS: 720
INFO  :    SPILLED_RECORDS: 0
INFO  : TaskCounter_Map_5_INPUT_time_dim:
INFO  :    INPUT_RECORDS_PROCESSED: 10
INFO  :    INPUT_SPLIT_LENGTH_BYTES: 448579
INFO  : TaskCounter_Map_5_OUTPUT_Map_1:
INFO  :    ADDITIONAL_SPILLS_BYTES_READ: 0
INFO  :    ADDITIONAL_SPILLS_BYTES_WRITTEN: 0
INFO  :    ADDITIONAL_SPILL_COUNT: 0
INFO  :    OUTPUT_BYTES: 36000
INFO  :    OUTPUT_BYTES_PHYSICAL: 28704
INFO  :    OUTPUT_BYTES_WITH_OVERHEAD: 50406
INFO  :    OUTPUT_LARGE_RECORDS: 0
INFO  :    OUTPUT_RECORDS: 7200
INFO  :    SPILLED_RECORDS: 0
INFO  : TaskCounter_Map_6_INPUT_web_page:
INFO  :    INPUT_RECORDS_PROCESSED: 4
INFO  :    INPUT_SPLIT_LENGTH_BYTES: 61130
INFO  : TaskCounter_Map_6_OUTPUT_Map_1:
INFO  :    ADDITIONAL_SPILLS_BYTES_READ: 0
INFO  :    ADDITIONAL_SPILLS_BYTES_WRITTEN: 0
INFO  :    ADDITIONAL_SPILL_COUNT: 0
INFO  :    OUTPUT_BYTES: 535
INFO  :    OUTPUT_BYTES_PHYSICAL: 480
INFO  :    OUTPUT_BYTES_WITH_OVERHEAD: 755
INFO  :    OUTPUT_LARGE_RECORDS: 0
INFO  :    OUTPUT_RECORDS: 107
INFO  :    SPILLED_RECORDS: 0
INFO  : TaskCounter_Map_7_INPUT_Map_10:
INFO  :    FIRST_EVENT_RECEIVED: 4
INFO  :    INPUT_RECORDS_PROCESSED: 64800
INFO  :    LAST_EVENT_RECEIVED: 4
INFO  :    NUM_FAILED_SHUFFLE_INPUTS: 0
INFO  :    NUM_SHUFFLED_INPUTS: 9
INFO  :    SHUFFLE_BYTES: 258129
INFO  :    SHUFFLE_BYTES_DECOMPRESSED: 453654
INFO  :    SHUFFLE_BYTES_DISK_DIRECT: 28681
INFO  :    SHUFFLE_BYTES_TO_DISK: 0
INFO  :    SHUFFLE_BYTES_TO_MEM: 229448
INFO  :    SHUFFLE_PHASE_TIME: 306
INFO  : TaskCounter_Map_7_INPUT_Map_11:
INFO  :    FIRST_EVENT_RECEIVED: 6
INFO  :    INPUT_RECORDS_PROCESSED: 963
INFO  :    LAST_EVENT_RECEIVED: 6
INFO  :    NUM_FAILED_SHUFFLE_INPUTS: 0
INFO  :    NUM_SHUFFLED_INPUTS: 9
INFO  :    SHUFFLE_BYTES: 4104
INFO  :    SHUFFLE_BYTES_DECOMPRESSED: 6795
INFO  :    SHUFFLE_BYTES_DISK_DIRECT: 456
INFO  :    SHUFFLE_BYTES_TO_DISK: 0
INFO  :    SHUFFLE_BYTES_TO_MEM: 3648
INFO  :    SHUFFLE_PHASE_TIME: 127
INFO  : TaskCounter_Map_7_INPUT_Map_9:
INFO  :    FIRST_EVENT_RECEIVED: 9
INFO  :    INPUT_RECORDS_PROCESSED: 6480
INFO  :    LAST_EVENT_RECEIVED: 9
INFO  :    NUM_FAILED_SHUFFLE_INPUTS: 0
INFO  :    NUM_SHUFFLED_INPUTS: 9
INFO  :    SHUFFLE_BYTES: 27423
INFO  :    SHUFFLE_BYTES_DECOMPRESSED: 45414
INFO  :    SHUFFLE_BYTES_DISK_DIRECT: 3047
INFO  :    SHUFFLE_BYTES_TO_DISK: 0
INFO  :    SHUFFLE_BYTES_TO_MEM: 24376
INFO  :    SHUFFLE_PHASE_TIME: 30
INFO  : TaskCounter_Map_7_INPUT_web_sales:
INFO  :    INPUT_RECORDS_PROCESSED: 7200684
INFO  :    INPUT_SPLIT_LENGTH_BYTES: 600236718405
INFO  : TaskCounter_Map_7_OUTPUT_Reducer_8:
INFO  :    ADDITIONAL_SPILLS_BYTES_READ: 0
INFO  :    ADDITIONAL_SPILLS_BYTES_WRITTEN: 0
INFO  :    ADDITIONAL_SPILL_COUNT: 0
INFO  :    OUTPUT_BYTES: 1250
INFO  :    OUTPUT_BYTES_PHYSICAL: 6750
INFO  :    OUTPUT_BYTES_WITH_OVERHEAD: 3250
INFO  :    OUTPUT_RECORDS: 250
INFO  :    SHUFFLE_CHUNK_COUNT: 250
INFO  :    SPILLED_RECORDS: 250
INFO  : TaskCounter_Map_9_INPUT_household_demographics:
INFO  :    INPUT_RECORDS_PROCESSED: 8
INFO  :    INPUT_SPLIT_LENGTH_BYTES: 1147
INFO  : TaskCounter_Map_9_OUTPUT_Map_7:
INFO  :    ADDITIONAL_SPILLS_BYTES_READ: 0
INFO  :    ADDITIONAL_SPILLS_BYTES_WRITTEN: 0
INFO  :    ADDITIONAL_SPILL_COUNT: 0
INFO  :    OUTPUT_BYTES: 3600
INFO  :    OUTPUT_BYTES_PHYSICAL: 3071
INFO  :    OUTPUT_BYTES_WITH_OVERHEAD: 5046
INFO  :    OUTPUT_LARGE_RECORDS: 0
INFO  :    OUTPUT_RECORDS: 720
INFO  :    SPILLED_RECORDS: 0
INFO  : TaskCounter_Reducer_2_INPUT_Map_1:
INFO  :    ADDITIONAL_SPILLS_BYTES_READ: 1595
INFO  :    ADDITIONAL_SPILLS_BYTES_WRITTEN: 866
INFO  :    COMBINE_INPUT_RECORDS: 0
INFO  :    FIRST_EVENT_RECEIVED: 2
INFO  :    LAST_EVENT_RECEIVED: 6509
INFO  :    MERGED_MAP_OUTPUTS: 250
INFO  :    MERGE_PHASE_TIME: 6516
INFO  :    NUM_DISK_TO_DISK_MERGES: 0
INFO  :    NUM_FAILED_SHUFFLE_INPUTS: 0
INFO  :    NUM_MEM_TO_DISK_MERGES: 0
INFO  :    NUM_SHUFFLED_INPUTS: 250
INFO  :    NUM_SKIPPED_INPUTS: 0
INFO  :    REDUCE_INPUT_GROUPS: 1
INFO  :    REDUCE_INPUT_RECORDS: 250
INFO  :    SHUFFLE_BYTES: 6750
INFO  :    SHUFFLE_BYTES_DECOMPRESSED: 3250
INFO  :    SHUFFLE_BYTES_DISK_DIRECT: 729
INFO  :    SHUFFLE_BYTES_TO_DISK: 0
INFO  :    SHUFFLE_BYTES_TO_MEM: 6021
INFO  :    SHUFFLE_PHASE_TIME: 6511
INFO  :    SPILLED_RECORDS: 250
INFO  : TaskCounter_Reducer_2_INPUT_Reducer_8:
INFO  :    FIRST_EVENT_RECEIVED: 0
INFO  :    INPUT_RECORDS_PROCESSED: 1
INFO  :    LAST_EVENT_RECEIVED: 0
INFO  :    NUM_FAILED_SHUFFLE_INPUTS: 0
INFO  :    NUM_SHUFFLED_INPUTS: 1
INFO  :    SHUFFLE_BYTES: 27
INFO  :    SHUFFLE_BYTES_DECOMPRESSED: 13
INFO  :    SHUFFLE_BYTES_DISK_DIRECT: 0
INFO  :    SHUFFLE_BYTES_TO_DISK: 0
INFO  :    SHUFFLE_BYTES_TO_MEM: 27
INFO  :    SHUFFLE_PHASE_TIME: 2
INFO  : TaskCounter_Reducer_2_OUTPUT_Reducer_3:
INFO  :    ADDITIONAL_SPILLS_BYTES_READ: 0
INFO  :    ADDITIONAL_SPILLS_BYTES_WRITTEN: 0
INFO  :    ADDITIONAL_SPILL_COUNT: 0
INFO  :    OUTPUT_BYTES: 29
INFO  :    OUTPUT_BYTES_PHYSICAL: 51
INFO  :    OUTPUT_BYTES_WITH_OVERHEAD: 37
INFO  :    OUTPUT_RECORDS: 1
INFO  :    SHUFFLE_CHUNK_COUNT: 1
INFO  :    SPILLED_RECORDS: 1
INFO  : TaskCounter_Reducer_3_INPUT_Reducer_2:
INFO  :    ADDITIONAL_SPILLS_BYTES_READ: 51
INFO  :    ADDITIONAL_SPILLS_BYTES_WRITTEN: 51
INFO  :    COMBINE_INPUT_RECORDS: 0
INFO  :    FIRST_EVENT_RECEIVED: 1
INFO  :    LAST_EVENT_RECEIVED: 1
INFO  :    MERGED_MAP_OUTPUTS: 1
INFO  :    MERGE_PHASE_TIME: 4
INFO  :    NUM_DISK_TO_DISK_MERGES: 0
INFO  :    NUM_FAILED_SHUFFLE_INPUTS: 0
INFO  :    NUM_MEM_TO_DISK_MERGES: 0
INFO  :    NUM_SHUFFLED_INPUTS: 1
INFO  :    NUM_SKIPPED_INPUTS: 0
INFO  :    REDUCE_INPUT_GROUPS: 1
INFO  :    REDUCE_INPUT_RECORDS: 1
INFO  :    SHUFFLE_BYTES: 51
INFO  :    SHUFFLE_BYTES_DECOMPRESSED: 37
INFO  :    SHUFFLE_BYTES_DISK_DIRECT: 0
INFO  :    SHUFFLE_BYTES_TO_DISK: 0
INFO  :    SHUFFLE_BYTES_TO_MEM: 51
INFO  :    SHUFFLE_PHASE_TIME: 3
INFO  :    SPILLED_RECORDS: 1
INFO  : TaskCounter_Reducer_3_OUTPUT_out_Reducer_3:
INFO  :    OUTPUT_RECORDS: 0
INFO  : TaskCounter_Reducer_8_INPUT_Map_7:
INFO  :    ADDITIONAL_SPILLS_BYTES_READ: 1643
INFO  :    ADDITIONAL_SPILLS_BYTES_WRITTEN: 860
INFO  :    COMBINE_INPUT_RECORDS: 0
INFO  :    FIRST_EVENT_RECEIVED: 1
INFO  :    LAST_EVENT_RECEIVED: 6279
INFO  :    MERGED_MAP_OUTPUTS: 250
INFO  :    MERGE_PHASE_TIME: 6286
INFO  :    NUM_DISK_TO_DISK_MERGES: 0
INFO  :    NUM_FAILED_SHUFFLE_INPUTS: 0
INFO  :    NUM_MEM_TO_DISK_MERGES: 0
INFO  :    NUM_SHUFFLED_INPUTS: 250
INFO  :    NUM_SKIPPED_INPUTS: 0
INFO  :    REDUCE_INPUT_GROUPS: 1
INFO  :    REDUCE_INPUT_RECORDS: 250
INFO  :    SHUFFLE_BYTES: 6750
INFO  :    SHUFFLE_BYTES_DECOMPRESSED: 3250
INFO  :    SHUFFLE_BYTES_DISK_DIRECT: 783
INFO  :    SHUFFLE_BYTES_TO_DISK: 0
INFO  :    SHUFFLE_BYTES_TO_MEM: 5967
INFO  :    SHUFFLE_PHASE_TIME: 6281
INFO  :    SPILLED_RECORDS: 250
INFO  : TaskCounter_Reducer_8_OUTPUT_Reducer_2:
INFO  :    ADDITIONAL_SPILLS_BYTES_READ: 0
INFO  :    ADDITIONAL_SPILLS_BYTES_WRITTEN: 0
INFO  :    ADDITIONAL_SPILL_COUNT: 0
INFO  :    OUTPUT_BYTES: 5
INFO  :    OUTPUT_BYTES_PHYSICAL: 51
INFO  :    OUTPUT_BYTES_WITH_OVERHEAD: 13
INFO  :    OUTPUT_LARGE_RECORDS: 0
INFO  :    OUTPUT_RECORDS: 1
INFO  :    SPILLED_RECORDS: 0
INFO  : org.apache.hadoop.hive.llap.counters.LlapIOCounters:
INFO  :    CACHE_HIT_BYTES: 63921694204
INFO  :    CACHE_MISS_BYTES: 0
INFO  :    CONSUMER_TIME_NS: 1440846817567
INFO  :    DECODE_TIME_NS: 1453963441409
INFO  :    HDFS_TIME_NS: 57553485
INFO  :    METADATA_CACHE_HIT: 28998
INFO  :    NUM_DECODED_BATCHES: 1444378
INFO  :    NUM_VECTOR_BATCHES: 14401416
INFO  :    ROWS_EMITTED: 14399969052
INFO  :    SELECTED_ROWGROUPS: 1444378
INFO  :    TOTAL_IO_TIME_NS: 1517868990191
INFO  : Completed executing command(queryId=hive_20161019164033_32c6b0fa-a2f9-4a33-97d3-f482b2f1d8f7); Time taken: 19.314 seconds
INFO  : OK
1 row selected (20.257 seconds)
Closing: 0: jdbc:hive2://h01hn02:10500/tpcds_bin_partitioned_orc_10000
