Connecting to jdbc:hive2://h01hn02:10500/tpcds_bin_partitioned_orc_10000
Connected to: Apache Hive (version 2.1.0.2.5.1.0-43)
Driver: Hive JDBC (version 1.2.1000.2.5.1.0-43)
Transaction isolation: TRANSACTION_REPEATABLE_READ
Running init script bry.sql
No rows affected (0.046 seconds)
INFO  : Compiling command(queryId=hive_20161020155925_500aa7f3-5b99-4112-9011-cadfaf17f60b): select
 i_item_id
 ,i_item_desc
 ,s_store_id
 ,s_store_name
 ,sum(ss_net_profit) as store_sales_profit
 ,sum(sr_net_loss) as store_returns_loss
 ,sum(cs_net_profit) as catalog_sales_profit
 from
 store_sales
 ,store_returns
 ,catalog_sales
 ,date_dim d1
 ,date_dim d2
 ,date_dim d3
 ,store
 ,item
 where
 d1.d_moy = 4
 and d1.d_year = 1998
 and d1.d_date_sk = ss_sold_date_sk
 and i_item_sk = ss_item_sk
 and s_store_sk = ss_store_sk
 and ss_customer_sk = sr_customer_sk
 and ss_item_sk = sr_item_sk
 and ss_ticket_number = sr_ticket_number
 and sr_returned_date_sk = d2.d_date_sk
 and d2.d_moy               between 4 and  10
 and d2.d_year              = 1998
 and sr_customer_sk = cs_bill_customer_sk
 and sr_item_sk = cs_item_sk
 and cs_sold_date_sk = d3.d_date_sk
 and d3.d_moy               between 4 and  10
 and d3.d_year              = 1998
 group by
 i_item_id
 ,i_item_desc
 ,s_store_id
 ,s_store_name
 order by
 i_item_id
 ,i_item_desc
 ,s_store_id
 ,s_store_name
 limit 100
INFO  : Semantic Analysis Completed
INFO  : Returning Hive schema: Schema(fieldSchemas:[FieldSchema(name:i_item_id, type:string, comment:null), FieldSchema(name:i_item_desc, type:string, comment:null), FieldSchema(name:s_store_id, type:string, comment:null), FieldSchema(name:s_store_name, type:string, comment:null), FieldSchema(name:store_sales_profit, type:double, comment:null), FieldSchema(name:store_returns_loss, type:double, comment:null), FieldSchema(name:catalog_sales_profit, type:double, comment:null)], properties:null)
INFO  : Completed compiling command(queryId=hive_20161020155925_500aa7f3-5b99-4112-9011-cadfaf17f60b); Time taken: 1.677 seconds
INFO  : Concurrency mode is disabled, not creating a lock manager
INFO  : Executing command(queryId=hive_20161020155925_500aa7f3-5b99-4112-9011-cadfaf17f60b): select
 i_item_id
 ,i_item_desc
 ,s_store_id
 ,s_store_name
 ,sum(ss_net_profit) as store_sales_profit
 ,sum(sr_net_loss) as store_returns_loss
 ,sum(cs_net_profit) as catalog_sales_profit
 from
 store_sales
 ,store_returns
 ,catalog_sales
 ,date_dim d1
 ,date_dim d2
 ,date_dim d3
 ,store
 ,item
 where
 d1.d_moy = 4
 and d1.d_year = 1998
 and d1.d_date_sk = ss_sold_date_sk
 and i_item_sk = ss_item_sk
 and s_store_sk = ss_store_sk
 and ss_customer_sk = sr_customer_sk
 and ss_item_sk = sr_item_sk
 and ss_ticket_number = sr_ticket_number
 and sr_returned_date_sk = d2.d_date_sk
 and d2.d_moy               between 4 and  10
 and d2.d_year              = 1998
 and sr_customer_sk = cs_bill_customer_sk
 and sr_item_sk = cs_item_sk
 and cs_sold_date_sk = d3.d_date_sk
 and d3.d_moy               between 4 and  10
 and d3.d_year              = 1998
 group by
 i_item_id
 ,i_item_desc
 ,s_store_id
 ,s_store_name
 order by
 i_item_id
 ,i_item_desc
 ,s_store_id
 ,s_store_name
 limit 100
INFO  : Query ID = hive_20161020155925_500aa7f3-5b99-4112-9011-cadfaf17f60b
INFO  : Total jobs = 1
INFO  : Launching Job 1 out of 1
INFO  : Starting task [Stage-1:MAPRED] in serial mode
INFO  : Session is already open
INFO  : Dag name: select
 i_item_id
 ,i_item_desc
 ,s_st...100(Stage-1)
INFO  : Setting tez.task.scale.memory.reserve-fraction to 0.30000001192092896
INFO  : Setting tez.task.scale.memory.reserve-fraction to 0.30000001192092896
INFO  : Tez session was closed. Reopening...
INFO  : Session re-established.
INFO  : 

INFO  : Status: Running (Executing on YARN cluster with App id application_1476988466894_0271)

INFO  : Map 1: -/-	Map 10: -/-	Map 11: -/-	Map 12: -/-	Map 6: -/-	Map 7: -/-	Map 8: -/-	Map 9: -/-	Reducer 2: 0/1009	Reducer 3: 0/1009	Reducer 4: 0/1009	Reducer 5: 0/1	
INFO  : Map 1: -/-	Map 10: 0/1	Map 11: 0/1	Map 12: 0/7	Map 6: -/-	Map 7: -/-	Map 8: 0/1	Map 9: 0/1	Reducer 2: 0/1009	Reducer 3: 0/1009	Reducer 4: 0/1009	Reducer 5: 0/1	
INFO  : Map 1: -/-	Map 10: 1/1	Map 11: 1/1	Map 12: 6(+1)/7	Map 6: -/-	Map 7: -/-	Map 8: 1/1	Map 9: 1/1	Reducer 2: 0/1009	Reducer 3: 0/1009	Reducer 4: 0/1009	Reducer 5: 0/1	
INFO  : Map 1: 0(+3)/71	Map 10: 1/1	Map 11: 1/1	Map 12: 7/7	Map 6: -/-	Map 7: -/-	Map 8: 1/1	Map 9: 1/1	Reducer 2: 0/1009	Reducer 3: 0/1009	Reducer 4: 0/1009	Reducer 5: 0/1	
INFO  : Map 1: 0(+71)/71	Map 10: 1/1	Map 11: 1/1	Map 12: 7/7	Map 6: -/-	Map 7: -/-	Map 8: 1/1	Map 9: 1/1	Reducer 2: 0/1009	Reducer 3: 0/1009	Reducer 4: 0/1009	Reducer 5: 0/1	
INFO  : Map 1: 0(+71)/71	Map 10: 1/1	Map 11: 1/1	Map 12: 7/7	Map 6: -/-	Map 7: 0/418	Map 8: 1/1	Map 9: 1/1	Reducer 2: 0/1009	Reducer 3: 0/1009	Reducer 4: 0/1009	Reducer 5: 0/1	
INFO  : Map 1: 0(+71)/71	Map 10: 1/1	Map 11: 1/1	Map 12: 7/7	Map 6: -/-	Map 7: 0(+28)/418	Map 8: 1/1	Map 9: 1/1	Reducer 2: 0/1009	Reducer 3: 0/1009	Reducer 4: 0/1009	Reducer 5: 0/1	
INFO  : Map 1: 0(+71)/71	Map 10: 1/1	Map 11: 1/1	Map 12: 7/7	Map 6: 0/201	Map 7: 0(+30)/418	Map 8: 1/1	Map 9: 1/1	Reducer 2: 0/1009	Reducer 3: 0/1009	Reducer 4: 0/1009	Reducer 5: 0/1	
INFO  : Map 1: 0(+71)/71	Map 10: 1/1	Map 11: 1/1	Map 12: 7/7	Map 6: 0/201	Map 7: 0(+42)/418	Map 8: 1/1	Map 9: 1/1	Reducer 2: 0/1009	Reducer 3: 0/1009	Reducer 4: 0/1009	Reducer 5: 0/1	
INFO  : Map 1: 4(+67)/71	Map 10: 1/1	Map 11: 1/1	Map 12: 7/7	Map 6: 0/201	Map 7: 0(+404)/418	Map 8: 1/1	Map 9: 1/1	Reducer 2: 0/1009	Reducer 3: 0/1009	Reducer 4: 0/1009	Reducer 5: 0/1	
INFO  : Map 1: 4(+67)/71	Map 10: 1/1	Map 11: 1/1	Map 12: 7/7	Map 6: 0/201	Map 7: 0(+411)/418	Map 8: 1/1	Map 9: 1/1	Reducer 2: 0/1009	Reducer 3: 0/1009	Reducer 4: 0/1009	Reducer 5: 0/1	
INFO  : Map 1: 5(+66)/71	Map 10: 1/1	Map 11: 1/1	Map 12: 7/7	Map 6: 0/201	Map 7: 0(+411)/418	Map 8: 1/1	Map 9: 1/1	Reducer 2: 0/1009	Reducer 3: 0/1009	Reducer 4: 0/1009	Reducer 5: 0/1	
INFO  : Map 1: 6(+65)/71	Map 10: 1/1	Map 11: 1/1	Map 12: 7/7	Map 6: 0/201	Map 7: 0(+411)/418	Map 8: 1/1	Map 9: 1/1	Reducer 2: 0/1009	Reducer 3: 0/1009	Reducer 4: 0/1009	Reducer 5: 0/1	
INFO  : Map 1: 7(+64)/71	Map 10: 1/1	Map 11: 1/1	Map 12: 7/7	Map 6: 0/201	Map 7: 0(+411)/418	Map 8: 1/1	Map 9: 1/1	Reducer 2: 0/1009	Reducer 3: 0/1009	Reducer 4: 0/1009	Reducer 5: 0/1	
INFO  : Map 1: 8(+63)/71	Map 10: 1/1	Map 11: 1/1	Map 12: 7/7	Map 6: 0/201	Map 7: 0(+411)/418	Map 8: 1/1	Map 9: 1/1	Reducer 2: 0/1009	Reducer 3: 0/1009	Reducer 4: 0/1009	Reducer 5: 0/1	
INFO  : Map 1: 9(+62)/71	Map 10: 1/1	Map 11: 1/1	Map 12: 7/7	Map 6: 0/201	Map 7: 0(+411)/418	Map 8: 1/1	Map 9: 1/1	Reducer 2: 0/1009	Reducer 3: 0/1009	Reducer 4: 0/1009	Reducer 5: 0/1	
INFO  : Map 1: 10(+61)/71	Map 10: 1/1	Map 11: 1/1	Map 12: 7/7	Map 6: 0/201	Map 7: 0(+411)/418	Map 8: 1/1	Map 9: 1/1	Reducer 2: 0/1009	Reducer 3: 0/1009	Reducer 4: 0/1009	Reducer 5: 0/1	
INFO  : Map 1: 15(+56)/71	Map 10: 1/1	Map 11: 1/1	Map 12: 7/7	Map 6: 0/201	Map 7: 2(+409)/418	Map 8: 1/1	Map 9: 1/1	Reducer 2: 0/1009	Reducer 3: 0/1009	Reducer 4: 0/1009	Reducer 5: 0/1	
INFO  : Map 1: 17(+54)/71	Map 10: 1/1	Map 11: 1/1	Map 12: 7/7	Map 6: 0/201	Map 7: 4(+407)/418	Map 8: 1/1	Map 9: 1/1	Reducer 2: 0/1009	Reducer 3: 0/1009	Reducer 4: 0/1009	Reducer 5: 0/1	
INFO  : Map 1: 22(+49)/71	Map 10: 1/1	Map 11: 1/1	Map 12: 7/7	Map 6: 0/201	Map 7: 9(+402)/418	Map 8: 1/1	Map 9: 1/1	Reducer 2: 0/1009	Reducer 3: 0/1009	Reducer 4: 0/1009	Reducer 5: 0/1	
INFO  : Map 1: 26(+45)/71	Map 10: 1/1	Map 11: 1/1	Map 12: 7/7	Map 6: 0/201	Map 7: 17(+394)/418	Map 8: 1/1	Map 9: 1/1	Reducer 2: 0/1009	Reducer 3: 0/1009	Reducer 4: 0/1009	Reducer 5: 0/1	
INFO  : Map 1: 28(+43)/71	Map 10: 1/1	Map 11: 1/1	Map 12: 7/7	Map 6: 0/201	Map 7: 24(+387)/418	Map 8: 1/1	Map 9: 1/1	Reducer 2: 0/1009	Reducer 3: 0/1009	Reducer 4: 0/1009	Reducer 5: 0/1	
INFO  : Map 1: 32(+39)/71	Map 10: 1/1	Map 11: 1/1	Map 12: 7/7	Map 6: 0/201	Map 7: 37(+374)/418	Map 8: 1/1	Map 9: 1/1	Reducer 2: 0/1009	Reducer 3: 0/1009	Reducer 4: 0/1009	Reducer 5: 0/1	
INFO  : Map 1: 34(+37)/71	Map 10: 1/1	Map 11: 1/1	Map 12: 7/7	Map 6: 0/201	Map 7: 50(+361)/418	Map 8: 1/1	Map 9: 1/1	Reducer 2: 0/1009	Reducer 3: 0/1009	Reducer 4: 0/1009	Reducer 5: 0/1	
INFO  : Map 1: 35(+36)/71	Map 10: 1/1	Map 11: 1/1	Map 12: 7/7	Map 6: 0/201	Map 7: 63(+348)/418	Map 8: 1/1	Map 9: 1/1	Reducer 2: 0/1009	Reducer 3: 0/1009	Reducer 4: 0/1009	Reducer 5: 0/1	
INFO  : Map 1: 37(+34)/71	Map 10: 1/1	Map 11: 1/1	Map 12: 7/7	Map 6: 0/201	Map 7: 78(+333)/418	Map 8: 1/1	Map 9: 1/1	Reducer 2: 0/1009	Reducer 3: 0/1009	Reducer 4: 0/1009	Reducer 5: 0/1	
INFO  : Map 1: 38(+33)/71	Map 10: 1/1	Map 11: 1/1	Map 12: 7/7	Map 6: 0/201	Map 7: 91(+320)/418	Map 8: 1/1	Map 9: 1/1	Reducer 2: 0/1009	Reducer 3: 0/1009	Reducer 4: 0/1009	Reducer 5: 0/1	
INFO  : Map 1: 43(+28)/71	Map 10: 1/1	Map 11: 1/1	Map 12: 7/7	Map 6: 0/201	Map 7: 123(+289)/418	Map 8: 1/1	Map 9: 1/1	Reducer 2: 0/1009	Reducer 3: 0/1009	Reducer 4: 0/1009	Reducer 5: 0/1	
INFO  : Map 1: 43(+28)/71	Map 10: 1/1	Map 11: 1/1	Map 12: 7/7	Map 6: 0/201	Map 7: 159(+254)/418	Map 8: 1/1	Map 9: 1/1	Reducer 2: 0/1009	Reducer 3: 0/1009	Reducer 4: 0/1009	Reducer 5: 0/1	
INFO  : Map 1: 43(+27)/71	Map 10: 1/1	Map 11: 1/1	Map 12: 7/7	Map 6: 0/201	Map 7: 164(+248)/418	Map 8: 1/1	Map 9: 1/1	Reducer 2: 0/1009	Reducer 3: 0/1009	Reducer 4: 0/1009	Reducer 5: 0/1	
INFO  : Map 1: 44(+27)/71	Map 10: 1/1	Map 11: 1/1	Map 12: 7/7	Map 6: 0/201	Map 7: 166(+241)/418	Map 8: 1/1	Map 9: 1/1	Reducer 2: 0/1009	Reducer 3: 0/1009	Reducer 4: 0/1009	Reducer 5: 0/1	
INFO  : Map 1: 44(+26)/71	Map 10: 1/1	Map 11: 1/1	Map 12: 7/7	Map 6: 0/201	Map 7: 167(+231)/418	Map 8: 1/1	Map 9: 1/1	Reducer 2: 0/1009	Reducer 3: 0/1009	Reducer 4: 0/1009	Reducer 5: 0/1	
INFO  : Map 1: 55(+16)/71	Map 10: 1/1	Map 11: 1/1	Map 12: 7/7	Map 6: 0/201	Map 7: 330(+84)/418	Map 8: 1/1	Map 9: 1/1	Reducer 2: 0/1009	Reducer 3: 0/1009	Reducer 4: 0/1009	Reducer 5: 0/1	
INFO  : Map 1: 55(+16)/71	Map 10: 1/1	Map 11: 1/1	Map 12: 7/7	Map 6: 0/201	Map 7: 331(+83)/418	Map 8: 1/1	Map 9: 1/1	Reducer 2: 0/1009	Reducer 3: 0/1009	Reducer 4: 0/1009	Reducer 5: 0/1	
INFO  : Map 1: 55(+16)/71	Map 10: 1/1	Map 11: 1/1	Map 12: 7/7	Map 6: 0/201	Map 7: 371(+43)/418	Map 8: 1/1	Map 9: 1/1	Reducer 2: 0/1009	Reducer 3: 0/1009	Reducer 4: 0/1009	Reducer 5: 0/1	
INFO  : Map 1: 55(+16)/71	Map 10: 1/1	Map 11: 1/1	Map 12: 7/7	Map 6: 0/201	Map 7: 385(+31)/418	Map 8: 1/1	Map 9: 1/1	Reducer 2: 0/1009	Reducer 3: 0/1009	Reducer 4: 0/1009	Reducer 5: 0/1	
INFO  : Map 1: 55(+16)/71	Map 10: 1/1	Map 11: 1/1	Map 12: 7/7	Map 6: 0(+10)/201	Map 7: 406(+12)/418	Map 8: 1/1	Map 9: 1/1	Reducer 2: 0/1009	Reducer 3: 0/1009	Reducer 4: 0/1009	Reducer 5: 0/1	
INFO  : Map 1: 55(+16)/71	Map 10: 1/1	Map 11: 1/1	Map 12: 7/7	Map 6: 0(+12)/201	Map 7: 408(+10)/418	Map 8: 1/1	Map 9: 1/1	Reducer 2: 0/1009	Reducer 3: 0/1009	Reducer 4: 0/1009	Reducer 5: 0/1	
INFO  : Map 1: 55(+16)/71	Map 10: 1/1	Map 11: 1/1	Map 12: 7/7	Map 6: 0(+14)/201	Map 7: 411(+7)/418	Map 8: 1/1	Map 9: 1/1	Reducer 2: 0/1009	Reducer 3: 0/1009	Reducer 4: 0/1009	Reducer 5: 0/1	
INFO  : Map 1: 55(+16)/71	Map 10: 1/1	Map 11: 1/1	Map 12: 7/7	Map 6: 0(+201)/201	Map 7: 412(+6)/418	Map 8: 1/1	Map 9: 1/1	Reducer 2: 0/1009	Reducer 3: 0/1009	Reducer 4: 0/1009	Reducer 5: 0/1	
INFO  : Map 1: 55(+16)/71	Map 10: 1/1	Map 11: 1/1	Map 12: 7/7	Map 6: 1(+200)/201	Map 7: 413(+5)/418	Map 8: 1/1	Map 9: 1/1	Reducer 2: 0/1009	Reducer 3: 0/1009	Reducer 4: 0/1009	Reducer 5: 0/1	
INFO  : Map 1: 55(+16)/71	Map 10: 1/1	Map 11: 1/1	Map 12: 7/7	Map 6: 7(+194)/201	Map 7: 413(+5)/418	Map 8: 1/1	Map 9: 1/1	Reducer 2: 0/1009	Reducer 3: 0/1009	Reducer 4: 0/1009	Reducer 5: 0/1	
INFO  : Map 1: 55(+16)/71	Map 10: 1/1	Map 11: 1/1	Map 12: 7/7	Map 6: 12(+189)/201	Map 7: 413(+5)/418	Map 8: 1/1	Map 9: 1/1	Reducer 2: 0/1009	Reducer 3: 0/1009	Reducer 4: 0/1009	Reducer 5: 0/1	
INFO  : Map 1: 55(+16)/71	Map 10: 1/1	Map 11: 1/1	Map 12: 7/7	Map 6: 24(+177)/201	Map 7: 413(+5)/418	Map 8: 1/1	Map 9: 1/1	Reducer 2: 0/1009	Reducer 3: 0/1009	Reducer 4: 0/1009	Reducer 5: 0/1	
INFO  : Map 1: 55(+16)/71	Map 10: 1/1	Map 11: 1/1	Map 12: 7/7	Map 6: 64(+137)/201	Map 7: 413(+5)/418	Map 8: 1/1	Map 9: 1/1	Reducer 2: 0(+7)/1009	Reducer 3: 0/1009	Reducer 4: 0/1009	Reducer 5: 0/1	
INFO  : Map 1: 56(+15)/71	Map 10: 1/1	Map 11: 1/1	Map 12: 7/7	Map 6: 99(+102)/201	Map 7: 413(+5)/418	Map 8: 1/1	Map 9: 1/1	Reducer 2: 0(+14)/1009	Reducer 3: 0/1009	Reducer 4: 0/1009	Reducer 5: 0/1	
INFO  : Map 1: 56(+15)/71	Map 10: 1/1	Map 11: 1/1	Map 12: 7/7	Map 6: 116(+84)/201	Map 7: 413(+5)/418	Map 8: 1/1	Map 9: 1/1	Reducer 2: 0(+399)/1009	Reducer 3: 0/1009	Reducer 4: 0/1009	Reducer 5: 0/1	
INFO  : Map 1: 56(+15)/71	Map 10: 1/1	Map 11: 1/1	Map 12: 7/7	Map 6: 134(+67)/201	Map 7: 413(+5)/418	Map 8: 1/1	Map 9: 1/1	Reducer 2: 0(+417)/1009	Reducer 3: 0/1009	Reducer 4: 0/1009	Reducer 5: 0/1	
INFO  : Map 1: 57(+14)/71	Map 10: 1/1	Map 11: 1/1	Map 12: 7/7	Map 6: 159(+42)/201	Map 7: 413(+5)/418	Map 8: 1/1	Map 9: 1/1	Reducer 2: 0(+443)/1009	Reducer 3: 0/1009	Reducer 4: 0/1009	Reducer 5: 0/1	
INFO  : Map 1: 58(+13)/71	Map 10: 1/1	Map 11: 1/1	Map 12: 7/7	Map 6: 165(+36)/201	Map 7: 413(+5)/418	Map 8: 1/1	Map 9: 1/1	Reducer 2: 0(+449)/1009	Reducer 3: 0/1009	Reducer 4: 0/1009	Reducer 5: 0/1	
INFO  : Map 1: 58(+13)/71	Map 10: 1/1	Map 11: 1/1	Map 12: 7/7	Map 6: 165(+36)/201	Map 7: 413(+5)/418	Map 8: 1/1	Map 9: 1/1	Reducer 2: 0(+450)/1009	Reducer 3: 0/1009	Reducer 4: 0/1009	Reducer 5: 0/1	
INFO  : Map 1: 58(+13)/71	Map 10: 1/1	Map 11: 1/1	Map 12: 7/7	Map 6: 165(+36)/201	Map 7: 414(+4)/418	Map 8: 1/1	Map 9: 1/1	Reducer 2: 0(+451)/1009	Reducer 3: 0/1009	Reducer 4: 0/1009	Reducer 5: 0/1	
INFO  : Map 1: 58(+13)/71	Map 10: 1/1	Map 11: 1/1	Map 12: 7/7	Map 6: 168(+33)/201	Map 7: 414(+4)/418	Map 8: 1/1	Map 9: 1/1	Reducer 2: 0(+454)/1009	Reducer 3: 0/1009	Reducer 4: 0/1009	Reducer 5: 0/1	
INFO  : Map 1: 58(+13)/71	Map 10: 1/1	Map 11: 1/1	Map 12: 7/7	Map 6: 174(+27)/201	Map 7: 414(+4)/418	Map 8: 1/1	Map 9: 1/1	Reducer 2: 0(+460)/1009	Reducer 3: 0/1009	Reducer 4: 0/1009	Reducer 5: 0/1	
INFO  : Map 1: 58(+13)/71	Map 10: 1/1	Map 11: 1/1	Map 12: 7/7	Map 6: 182(+19)/201	Map 7: 414(+4)/418	Map 8: 1/1	Map 9: 1/1	Reducer 2: 0(+468)/1009	Reducer 3: 0/1009	Reducer 4: 0/1009	Reducer 5: 0/1	
INFO  : Map 1: 59(+12)/71	Map 10: 1/1	Map 11: 1/1	Map 12: 7/7	Map 6: 186(+15)/201	Map 7: 414(+4)/418	Map 8: 1/1	Map 9: 1/1	Reducer 2: 0(+473)/1009	Reducer 3: 0/1009	Reducer 4: 0/1009	Reducer 5: 0/1	
INFO  : Map 1: 60(+11)/71	Map 10: 1/1	Map 11: 1/1	Map 12: 7/7	Map 6: 195(+6)/201	Map 7: 414(+4)/418	Map 8: 1/1	Map 9: 1/1	Reducer 2: 0(+483)/1009	Reducer 3: 0/1009	Reducer 4: 0/1009	Reducer 5: 0/1	
INFO  : Map 1: 61(+10)/71	Map 10: 1/1	Map 11: 1/1	Map 12: 7/7	Map 6: 199(+2)/201	Map 7: 414(+4)/418	Map 8: 1/1	Map 9: 1/1	Reducer 2: 0(+488)/1009	Reducer 3: 0/1009	Reducer 4: 0/1009	Reducer 5: 0/1	
INFO  : Map 1: 61(+10)/71	Map 10: 1/1	Map 11: 1/1	Map 12: 7/7	Map 6: 200(+1)/201	Map 7: 414(+4)/418	Map 8: 1/1	Map 9: 1/1	Reducer 2: 0(+489)/1009	Reducer 3: 0/1009	Reducer 4: 0/1009	Reducer 5: 0/1	
INFO  : Map 1: 61(+10)/71	Map 10: 1/1	Map 11: 1/1	Map 12: 7/7	Map 6: 201/201	Map 7: 415(+3)/418	Map 8: 1/1	Map 9: 1/1	Reducer 2: 0(+491)/1009	Reducer 3: 0/1009	Reducer 4: 0/1009	Reducer 5: 0/1	
INFO  : Map 1: 61(+10)/71	Map 10: 1/1	Map 11: 1/1	Map 12: 7/7	Map 6: 201/201	Map 7: 416(+2)/418	Map 8: 1/1	Map 9: 1/1	Reducer 2: 0(+492)/1009	Reducer 3: 0/1009	Reducer 4: 0/1009	Reducer 5: 0/1	
INFO  : Map 1: 61(+10)/71	Map 10: 1/1	Map 11: 1/1	Map 12: 7/7	Map 6: 201/201	Map 7: 417(+1)/418	Map 8: 1/1	Map 9: 1/1	Reducer 2: 0(+493)/1009	Reducer 3: 0/1009	Reducer 4: 0/1009	Reducer 5: 0/1	
INFO  : Map 1: 61(+10)/71	Map 10: 1/1	Map 11: 1/1	Map 12: 7/7	Map 6: 201/201	Map 7: 418/418	Map 8: 1/1	Map 9: 1/1	Reducer 2: 0(+494)/1009	Reducer 3: 0/1009	Reducer 4: 0/1009	Reducer 5: 0/1	
INFO  : Map 1: 62(+9)/71	Map 10: 1/1	Map 11: 1/1	Map 12: 7/7	Map 6: 201/201	Map 7: 418/418	Map 8: 1/1	Map 9: 1/1	Reducer 2: 0(+495)/1009	Reducer 3: 0/1009	Reducer 4: 0/1009	Reducer 5: 0/1	
INFO  : Map 1: 64(+7)/71	Map 10: 1/1	Map 11: 1/1	Map 12: 7/7	Map 6: 201/201	Map 7: 418/418	Map 8: 1/1	Map 9: 1/1	Reducer 2: 0(+497)/1009	Reducer 3: 0/1009	Reducer 4: 0/1009	Reducer 5: 0/1	
INFO  : Map 1: 66(+5)/71	Map 10: 1/1	Map 11: 1/1	Map 12: 7/7	Map 6: 201/201	Map 7: 418/418	Map 8: 1/1	Map 9: 1/1	Reducer 2: 0(+499)/1009	Reducer 3: 0/1009	Reducer 4: 0/1009	Reducer 5: 0/1	
INFO  : Map 1: 68(+3)/71	Map 10: 1/1	Map 11: 1/1	Map 12: 7/7	Map 6: 201/201	Map 7: 418/418	Map 8: 1/1	Map 9: 1/1	Reducer 2: 0(+501)/1009	Reducer 3: 0/1009	Reducer 4: 0/1009	Reducer 5: 0/1	
INFO  : Map 1: 69(+2)/71	Map 10: 1/1	Map 11: 1/1	Map 12: 7/7	Map 6: 201/201	Map 7: 418/418	Map 8: 1/1	Map 9: 1/1	Reducer 2: 0(+502)/1009	Reducer 3: 0/1009	Reducer 4: 0/1009	Reducer 5: 0/1	
INFO  : Map 1: 71/71	Map 10: 1/1	Map 11: 1/1	Map 12: 7/7	Map 6: 201/201	Map 7: 418/418	Map 8: 1/1	Map 9: 1/1	Reducer 2: 0(+504)/1009	Reducer 3: 0/1009	Reducer 4: 0/1009	Reducer 5: 0/1	
INFO  : Map 1: 71/71	Map 10: 1/1	Map 11: 1/1	Map 12: 7/7	Map 6: 201/201	Map 7: 418/418	Map 8: 1/1	Map 9: 1/1	Reducer 2: 2(+504)/1009	Reducer 3: 0/1009	Reducer 4: 0/1009	Reducer 5: 0/1	
INFO  : Map 1: 71/71	Map 10: 1/1	Map 11: 1/1	Map 12: 7/7	Map 6: 201/201	Map 7: 418/418	Map 8: 1/1	Map 9: 1/1	Reducer 2: 64(+504)/1009	Reducer 3: 0/1009	Reducer 4: 0/1009	Reducer 5: 0/1	
INFO  : Map 1: 71/71	Map 10: 1/1	Map 11: 1/1	Map 12: 7/7	Map 6: 201/201	Map 7: 418/418	Map 8: 1/1	Map 9: 1/1	Reducer 2: 79(+504)/1009	Reducer 3: 0/1009	Reducer 4: 0/1009	Reducer 5: 0/1	
INFO  : Map 1: 71/71	Map 10: 1/1	Map 11: 1/1	Map 12: 7/7	Map 6: 201/201	Map 7: 418/418	Map 8: 1/1	Map 9: 1/1	Reducer 2: 84(+504)/1009	Reducer 3: 0/1009	Reducer 4: 0/1009	Reducer 5: 0/1	
INFO  : Map 1: 71/71	Map 10: 1/1	Map 11: 1/1	Map 12: 7/7	Map 6: 201/201	Map 7: 418/418	Map 8: 1/1	Map 9: 1/1	Reducer 2: 121(+504)/1009	Reducer 3: 0/1009	Reducer 4: 0/1009	Reducer 5: 0/1	
INFO  : Map 1: 71/71	Map 10: 1/1	Map 11: 1/1	Map 12: 7/7	Map 6: 201/201	Map 7: 418/418	Map 8: 1/1	Map 9: 1/1	Reducer 2: 140(+505)/1009	Reducer 3: 0/1009	Reducer 4: 0/1009	Reducer 5: 0/1	
INFO  : Map 1: 71/71	Map 10: 1/1	Map 11: 1/1	Map 12: 7/7	Map 6: 201/201	Map 7: 418/418	Map 8: 1/1	Map 9: 1/1	Reducer 2: 194(+504)/1009	Reducer 3: 0/1009	Reducer 4: 0/1009	Reducer 5: 0/1	
INFO  : Map 1: 71/71	Map 10: 1/1	Map 11: 1/1	Map 12: 7/7	Map 6: 201/201	Map 7: 418/418	Map 8: 1/1	Map 9: 1/1	Reducer 2: 222(+503)/1009	Reducer 3: 0/1009	Reducer 4: 0/1009	Reducer 5: 0/1	
INFO  : Map 1: 71/71	Map 10: 1/1	Map 11: 1/1	Map 12: 7/7	Map 6: 201/201	Map 7: 418/418	Map 8: 1/1	Map 9: 1/1	Reducer 2: 250(+502)/1009	Reducer 3: 0/1009	Reducer 4: 0/1009	Reducer 5: 0/1	
INFO  : Map 1: 71/71	Map 10: 1/1	Map 11: 1/1	Map 12: 7/7	Map 6: 201/201	Map 7: 418/418	Map 8: 1/1	Map 9: 1/1	Reducer 2: 268(+505)/1009	Reducer 3: 0/1009	Reducer 4: 0/1009	Reducer 5: 0/1	
INFO  : Map 1: 71/71	Map 10: 1/1	Map 11: 1/1	Map 12: 7/7	Map 6: 201/201	Map 7: 418/418	Map 8: 1/1	Map 9: 1/1	Reducer 2: 297(+476)/1009	Reducer 3: 0/1009	Reducer 4: 0/1009	Reducer 5: 0/1	
INFO  : Map 1: 71/71	Map 10: 1/1	Map 11: 1/1	Map 12: 7/7	Map 6: 201/201	Map 7: 418/418	Map 8: 1/1	Map 9: 1/1	Reducer 2: 334(+504)/1009	Reducer 3: 0/1009	Reducer 4: 0/1009	Reducer 5: 0/1	
INFO  : Map 1: 71/71	Map 10: 1/1	Map 11: 1/1	Map 12: 7/7	Map 6: 201/201	Map 7: 418/418	Map 8: 1/1	Map 9: 1/1	Reducer 2: 388(+533)/1009	Reducer 3: 0/1009	Reducer 4: 0/1009	Reducer 5: 0/1	
INFO  : Map 1: 71/71	Map 10: 1/1	Map 11: 1/1	Map 12: 7/7	Map 6: 201/201	Map 7: 418/418	Map 8: 1/1	Map 9: 1/1	Reducer 2: 420(+544)/1009	Reducer 3: 0/1009	Reducer 4: 0/1009	Reducer 5: 0/1	
INFO  : Map 1: 71/71	Map 10: 1/1	Map 11: 1/1	Map 12: 7/7	Map 6: 201/201	Map 7: 418/418	Map 8: 1/1	Map 9: 1/1	Reducer 2: 442(+549)/1009	Reducer 3: 0/1009	Reducer 4: 0/1009	Reducer 5: 0/1	
INFO  : Map 1: 71/71	Map 10: 1/1	Map 11: 1/1	Map 12: 7/7	Map 6: 201/201	Map 7: 418/418	Map 8: 1/1	Map 9: 1/1	Reducer 2: 459(+549)/1009	Reducer 3: 0/1009	Reducer 4: 0/1009	Reducer 5: 0/1	
INFO  : Map 1: 71/71	Map 10: 1/1	Map 11: 1/1	Map 12: 7/7	Map 6: 201/201	Map 7: 418/418	Map 8: 1/1	Map 9: 1/1	Reducer 2: 479(+530)/1009	Reducer 3: 0/1009	Reducer 4: 0/1009	Reducer 5: 0/1	
INFO  : Map 1: 71/71	Map 10: 1/1	Map 11: 1/1	Map 12: 7/7	Map 6: 201/201	Map 7: 418/418	Map 8: 1/1	Map 9: 1/1	Reducer 2: 517(+492)/1009	Reducer 3: 0(+12)/1009	Reducer 4: 0/1009	Reducer 5: 0/1	
INFO  : Map 1: 71/71	Map 10: 1/1	Map 11: 1/1	Map 12: 7/7	Map 6: 201/201	Map 7: 418/418	Map 8: 1/1	Map 9: 1/1	Reducer 2: 523(+486)/1009	Reducer 3: 0(+18)/1009	Reducer 4: 0/1009	Reducer 5: 0/1	
INFO  : Map 1: 71/71	Map 10: 1/1	Map 11: 1/1	Map 12: 7/7	Map 6: 201/201	Map 7: 418/418	Map 8: 1/1	Map 9: 1/1	Reducer 2: 535(+474)/1009	Reducer 3: 0(+30)/1009	Reducer 4: 0/1009	Reducer 5: 0/1	
INFO  : Map 1: 71/71	Map 10: 1/1	Map 11: 1/1	Map 12: 7/7	Map 6: 201/201	Map 7: 418/418	Map 8: 1/1	Map 9: 1/1	Reducer 2: 538(+471)/1009	Reducer 3: 0(+33)/1009	Reducer 4: 0/1009	Reducer 5: 0/1	
INFO  : Map 1: 71/71	Map 10: 1/1	Map 11: 1/1	Map 12: 7/7	Map 6: 201/201	Map 7: 418/418	Map 8: 1/1	Map 9: 1/1	Reducer 2: 545(+464)/1009	Reducer 3: 0(+40)/1009	Reducer 4: 0/1009	Reducer 5: 0/1	
INFO  : Map 1: 71/71	Map 10: 1/1	Map 11: 1/1	Map 12: 7/7	Map 6: 201/201	Map 7: 418/418	Map 8: 1/1	Map 9: 1/1	Reducer 2: 562(+447)/1009	Reducer 3: 0(+56)/1009	Reducer 4: 0/1009	Reducer 5: 0/1	
INFO  : Map 1: 71/71	Map 10: 1/1	Map 11: 1/1	Map 12: 7/7	Map 6: 201/201	Map 7: 418/418	Map 8: 1/1	Map 9: 1/1	Reducer 2: 576(+433)/1009	Reducer 3: 0(+71)/1009	Reducer 4: 0/1009	Reducer 5: 0/1	
INFO  : Map 1: 71/71	Map 10: 1/1	Map 11: 1/1	Map 12: 7/7	Map 6: 201/201	Map 7: 418/418	Map 8: 1/1	Map 9: 1/1	Reducer 2: 607(+402)/1009	Reducer 3: 0(+102)/1009	Reducer 4: 0/1009	Reducer 5: 0/1	
INFO  : Map 1: 71/71	Map 10: 1/1	Map 11: 1/1	Map 12: 7/7	Map 6: 201/201	Map 7: 418/418	Map 8: 1/1	Map 9: 1/1	Reducer 2: 623(+386)/1009	Reducer 3: 0(+122)/1009	Reducer 4: 0/1009	Reducer 5: 0/1	
INFO  : Map 1: 71/71	Map 10: 1/1	Map 11: 1/1	Map 12: 7/7	Map 6: 201/201	Map 7: 418/418	Map 8: 1/1	Map 9: 1/1	Reducer 2: 636(+373)/1009	Reducer 3: 0(+137)/1009	Reducer 4: 0/1009	Reducer 5: 0/1	
INFO  : Map 1: 71/71	Map 10: 1/1	Map 11: 1/1	Map 12: 7/7	Map 6: 201/201	Map 7: 418/418	Map 8: 1/1	Map 9: 1/1	Reducer 2: 659(+350)/1009	Reducer 3: 0(+160)/1009	Reducer 4: 0/1009	Reducer 5: 0/1	
INFO  : Map 1: 71/71	Map 10: 1/1	Map 11: 1/1	Map 12: 7/7	Map 6: 201/201	Map 7: 418/418	Map 8: 1/1	Map 9: 1/1	Reducer 2: 700(+309)/1009	Reducer 3: 0(+201)/1009	Reducer 4: 0/1009	Reducer 5: 0/1	
INFO  : Map 1: 71/71	Map 10: 1/1	Map 11: 1/1	Map 12: 7/7	Map 6: 201/201	Map 7: 418/418	Map 8: 1/1	Map 9: 1/1	Reducer 2: 731(+278)/1009	Reducer 3: 0(+229)/1009	Reducer 4: 0/1009	Reducer 5: 0/1	
INFO  : Map 1: 71/71	Map 10: 1/1	Map 11: 1/1	Map 12: 7/7	Map 6: 201/201	Map 7: 418/418	Map 8: 1/1	Map 9: 1/1	Reducer 2: 742(+267)/1009	Reducer 3: 0(+247)/1009	Reducer 4: 0/1009	Reducer 5: 0/1	
INFO  : Map 1: 71/71	Map 10: 1/1	Map 11: 1/1	Map 12: 7/7	Map 6: 201/201	Map 7: 418/418	Map 8: 1/1	Map 9: 1/1	Reducer 2: 784(+225)/1009	Reducer 3: 0(+284)/1009	Reducer 4: 0/1009	Reducer 5: 0/1	
INFO  : Map 1: 71/71	Map 10: 1/1	Map 11: 1/1	Map 12: 7/7	Map 6: 201/201	Map 7: 418/418	Map 8: 1/1	Map 9: 1/1	Reducer 2: 801(+208)/1009	Reducer 3: 0(+306)/1009	Reducer 4: 0/1009	Reducer 5: 0/1	
INFO  : Map 1: 71/71	Map 10: 1/1	Map 11: 1/1	Map 12: 7/7	Map 6: 201/201	Map 7: 418/418	Map 8: 1/1	Map 9: 1/1	Reducer 2: 819(+190)/1009	Reducer 3: 0(+324)/1009	Reducer 4: 0/1009	Reducer 5: 0/1	
INFO  : Map 1: 71/71	Map 10: 1/1	Map 11: 1/1	Map 12: 7/7	Map 6: 201/201	Map 7: 418/418	Map 8: 1/1	Map 9: 1/1	Reducer 2: 846(+163)/1009	Reducer 3: 0(+352)/1009	Reducer 4: 0/1009	Reducer 5: 0/1	
INFO  : Map 1: 71/71	Map 10: 1/1	Map 11: 1/1	Map 12: 7/7	Map 6: 201/201	Map 7: 418/418	Map 8: 1/1	Map 9: 1/1	Reducer 2: 853(+156)/1009	Reducer 3: 0(+358)/1009	Reducer 4: 0/1009	Reducer 5: 0/1	
INFO  : Map 1: 71/71	Map 10: 1/1	Map 11: 1/1	Map 12: 7/7	Map 6: 201/201	Map 7: 418/418	Map 8: 1/1	Map 9: 1/1	Reducer 2: 858(+151)/1009	Reducer 3: 0(+364)/1009	Reducer 4: 0/1009	Reducer 5: 0/1	
INFO  : Map 1: 71/71	Map 10: 1/1	Map 11: 1/1	Map 12: 7/7	Map 6: 201/201	Map 7: 418/418	Map 8: 1/1	Map 9: 1/1	Reducer 2: 858(+150)/1009	Reducer 3: 0(+364)/1009	Reducer 4: 0/1009	Reducer 5: 0/1	
INFO  : Map 1: 71/71	Map 10: 1/1	Map 11: 1/1	Map 12: 7/7	Map 6: 201/201	Map 7: 418/418	Map 8: 1/1	Map 9: 1/1	Reducer 2: 859(+150)/1009	Reducer 3: 0(+365)/1009	Reducer 4: 0/1009	Reducer 5: 0/1	
INFO  : Map 1: 71/71	Map 10: 1/1	Map 11: 1/1	Map 12: 7/7	Map 6: 201/201	Map 7: 418/418	Map 8: 1/1	Map 9: 1/1	Reducer 2: 862(+147)/1009	Reducer 3: 0(+368)/1009	Reducer 4: 0/1009	Reducer 5: 0/1	
INFO  : Map 1: 71/71	Map 10: 1/1	Map 11: 1/1	Map 12: 7/7	Map 6: 201/201	Map 7: 418/418	Map 8: 1/1	Map 9: 1/1	Reducer 2: 865(+144)/1009	Reducer 3: 0(+371)/1009	Reducer 4: 0/1009	Reducer 5: 0/1	
INFO  : Map 1: 71/71	Map 10: 1/1	Map 11: 1/1	Map 12: 7/7	Map 6: 201/201	Map 7: 418/418	Map 8: 1/1	Map 9: 1/1	Reducer 2: 871(+138)/1009	Reducer 3: 0(+377)/1009	Reducer 4: 0/1009	Reducer 5: 0/1	
INFO  : Map 1: 71/71	Map 10: 1/1	Map 11: 1/1	Map 12: 7/7	Map 6: 201/201	Map 7: 418/418	Map 8: 1/1	Map 9: 1/1	Reducer 2: 874(+135)/1009	Reducer 3: 0(+380)/1009	Reducer 4: 0/1009	Reducer 5: 0/1	
INFO  : Map 1: 71/71	Map 10: 1/1	Map 11: 1/1	Map 12: 7/7	Map 6: 201/201	Map 7: 418/418	Map 8: 1/1	Map 9: 1/1	Reducer 2: 888(+121)/1009	Reducer 3: 0(+394)/1009	Reducer 4: 0/1009	Reducer 5: 0/1	
INFO  : Map 1: 71/71	Map 10: 1/1	Map 11: 1/1	Map 12: 7/7	Map 6: 201/201	Map 7: 418/418	Map 8: 1/1	Map 9: 1/1	Reducer 2: 890(+119)/1009	Reducer 3: 0(+396)/1009	Reducer 4: 0/1009	Reducer 5: 0/1	
INFO  : Map 1: 71/71	Map 10: 1/1	Map 11: 1/1	Map 12: 7/7	Map 6: 201/201	Map 7: 418/418	Map 8: 1/1	Map 9: 1/1	Reducer 2: 893(+116)/1009	Reducer 3: 0(+399)/1009	Reducer 4: 0/1009	Reducer 5: 0/1	
INFO  : Map 1: 71/71	Map 10: 1/1	Map 11: 1/1	Map 12: 7/7	Map 6: 201/201	Map 7: 418/418	Map 8: 1/1	Map 9: 1/1	Reducer 2: 899(+110)/1009	Reducer 3: 0(+405)/1009	Reducer 4: 0/1009	Reducer 5: 0/1	
INFO  : Map 1: 71/71	Map 10: 1/1	Map 11: 1/1	Map 12: 7/7	Map 6: 201/201	Map 7: 418/418	Map 8: 1/1	Map 9: 1/1	Reducer 2: 900(+109)/1009	Reducer 3: 0(+406)/1009	Reducer 4: 0/1009	Reducer 5: 0/1	
INFO  : Map 1: 71/71	Map 10: 1/1	Map 11: 1/1	Map 12: 7/7	Map 6: 201/201	Map 7: 418/418	Map 8: 1/1	Map 9: 1/1	Reducer 2: 908(+101)/1009	Reducer 3: 0(+414)/1009	Reducer 4: 0/1009	Reducer 5: 0/1	
INFO  : Map 1: 71/71	Map 10: 1/1	Map 11: 1/1	Map 12: 7/7	Map 6: 201/201	Map 7: 418/418	Map 8: 1/1	Map 9: 1/1	Reducer 2: 910(+99)/1009	Reducer 3: 0(+416)/1009	Reducer 4: 0/1009	Reducer 5: 0/1	
INFO  : Map 1: 71/71	Map 10: 1/1	Map 11: 1/1	Map 12: 7/7	Map 6: 201/201	Map 7: 418/418	Map 8: 1/1	Map 9: 1/1	Reducer 2: 910(+99)/1009	Reducer 3: 0(+416)/1009	Reducer 4: 0/1009	Reducer 5: 0/1	
INFO  : Map 1: 71/71	Map 10: 1/1	Map 11: 1/1	Map 12: 7/7	Map 6: 201/201	Map 7: 418/418	Map 8: 1/1	Map 9: 1/1	Reducer 2: 914(+95)/1009	Reducer 3: 0(+420)/1009	Reducer 4: 0/1009	Reducer 5: 0/1	
INFO  : Map 1: 71/71	Map 10: 1/1	Map 11: 1/1	Map 12: 7/7	Map 6: 201/201	Map 7: 418/418	Map 8: 1/1	Map 9: 1/1	Reducer 2: 917(+92)/1009	Reducer 3: 0(+423)/1009	Reducer 4: 0/1009	Reducer 5: 0/1	
INFO  : Map 1: 71/71	Map 10: 1/1	Map 11: 1/1	Map 12: 7/7	Map 6: 201/201	Map 7: 418/418	Map 8: 1/1	Map 9: 1/1	Reducer 2: 922(+87)/1009	Reducer 3: 0(+428)/1009	Reducer 4: 0/1009	Reducer 5: 0/1	
INFO  : Map 1: 71/71	Map 10: 1/1	Map 11: 1/1	Map 12: 7/7	Map 6: 201/201	Map 7: 418/418	Map 8: 1/1	Map 9: 1/1	Reducer 2: 929(+80)/1009	Reducer 3: 0(+435)/1009	Reducer 4: 0/1009	Reducer 5: 0/1	
INFO  : Map 1: 71/71	Map 10: 1/1	Map 11: 1/1	Map 12: 7/7	Map 6: 201/201	Map 7: 418/418	Map 8: 1/1	Map 9: 1/1	Reducer 2: 932(+77)/1009	Reducer 3: 0(+438)/1009	Reducer 4: 0/1009	Reducer 5: 0/1	
INFO  : Map 1: 71/71	Map 10: 1/1	Map 11: 1/1	Map 12: 7/7	Map 6: 201/201	Map 7: 418/418	Map 8: 1/1	Map 9: 1/1	Reducer 2: 944(+65)/1009	Reducer 3: 0(+450)/1009	Reducer 4: 0/1009	Reducer 5: 0/1	
INFO  : Map 1: 71/71	Map 10: 1/1	Map 11: 1/1	Map 12: 7/7	Map 6: 201/201	Map 7: 418/418	Map 8: 1/1	Map 9: 1/1	Reducer 2: 953(+55)/1009	Reducer 3: 0(+457)/1009	Reducer 4: 0/1009	Reducer 5: 0/1	
INFO  : Map 1: 71/71	Map 10: 1/1	Map 11: 1/1	Map 12: 7/7	Map 6: 201/201	Map 7: 418/418	Map 8: 1/1	Map 9: 1/1	Reducer 2: 961(+48)/1009	Reducer 3: 0(+467)/1009	Reducer 4: 0/1009	Reducer 5: 0/1	
INFO  : Map 1: 71/71	Map 10: 1/1	Map 11: 1/1	Map 12: 7/7	Map 6: 201/201	Map 7: 418/418	Map 8: 1/1	Map 9: 1/1	Reducer 2: 964(+45)/1009	Reducer 3: 0(+470)/1009	Reducer 4: 0/1009	Reducer 5: 0/1	
INFO  : Map 1: 71/71	Map 10: 1/1	Map 11: 1/1	Map 12: 7/7	Map 6: 201/201	Map 7: 418/418	Map 8: 1/1	Map 9: 1/1	Reducer 2: 969(+40)/1009	Reducer 3: 0(+475)/1009	Reducer 4: 0/1009	Reducer 5: 0/1	
INFO  : Map 1: 71/71	Map 10: 1/1	Map 11: 1/1	Map 12: 7/7	Map 6: 201/201	Map 7: 418/418	Map 8: 1/1	Map 9: 1/1	Reducer 2: 981(+28)/1009	Reducer 3: 0(+487)/1009	Reducer 4: 0/1009	Reducer 5: 0/1	
INFO  : Map 1: 71/71	Map 10: 1/1	Map 11: 1/1	Map 12: 7/7	Map 6: 201/201	Map 7: 418/418	Map 8: 1/1	Map 9: 1/1	Reducer 2: 983(+26)/1009	Reducer 3: 0(+489)/1009	Reducer 4: 0/1009	Reducer 5: 0/1	
INFO  : Map 1: 71/71	Map 10: 1/1	Map 11: 1/1	Map 12: 7/7	Map 6: 201/201	Map 7: 418/418	Map 8: 1/1	Map 9: 1/1	Reducer 2: 986(+23)/1009	Reducer 3: 0(+492)/1009	Reducer 4: 0/1009	Reducer 5: 0/1	
INFO  : Map 1: 71/71	Map 10: 1/1	Map 11: 1/1	Map 12: 7/7	Map 6: 201/201	Map 7: 418/418	Map 8: 1/1	Map 9: 1/1	Reducer 2: 990(+19)/1009	Reducer 3: 0(+496)/1009	Reducer 4: 0/1009	Reducer 5: 0/1	
INFO  : Map 1: 71/71	Map 10: 1/1	Map 11: 1/1	Map 12: 7/7	Map 6: 201/201	Map 7: 418/418	Map 8: 1/1	Map 9: 1/1	Reducer 2: 998(+11)/1009	Reducer 3: 0(+504)/1009	Reducer 4: 0/1009	Reducer 5: 0/1	
INFO  : Map 1: 71/71	Map 10: 1/1	Map 11: 1/1	Map 12: 7/7	Map 6: 201/201	Map 7: 418/418	Map 8: 1/1	Map 9: 1/1	Reducer 2: 1003(+6)/1009	Reducer 3: 0(+509)/1009	Reducer 4: 0/1009	Reducer 5: 0/1	
INFO  : Map 1: 71/71	Map 10: 1/1	Map 11: 1/1	Map 12: 7/7	Map 6: 201/201	Map 7: 418/418	Map 8: 1/1	Map 9: 1/1	Reducer 2: 1006(+3)/1009	Reducer 3: 0(+512)/1009	Reducer 4: 0/1009	Reducer 5: 0/1	
INFO  : Map 1: 71/71	Map 10: 1/1	Map 11: 1/1	Map 12: 7/7	Map 6: 201/201	Map 7: 418/418	Map 8: 1/1	Map 9: 1/1	Reducer 2: 1007(+2)/1009	Reducer 3: 0(+513)/1009	Reducer 4: 0/1009	Reducer 5: 0/1	
INFO  : Map 1: 71/71	Map 10: 1/1	Map 11: 1/1	Map 12: 7/7	Map 6: 201/201	Map 7: 418/418	Map 8: 1/1	Map 9: 1/1	Reducer 2: 1007(+2)/1009	Reducer 3: 0(+513)/1009	Reducer 4: 0/1009	Reducer 5: 0/1	
INFO  : Map 1: 71/71	Map 10: 1/1	Map 11: 1/1	Map 12: 7/7	Map 6: 201/201	Map 7: 418/418	Map 8: 1/1	Map 9: 1/1	Reducer 2: 1009/1009	Reducer 3: 0(+515)/1009	Reducer 4: 0/1009	Reducer 5: 0/1	
INFO  : Map 1: 71/71	Map 10: 1/1	Map 11: 1/1	Map 12: 7/7	Map 6: 201/201	Map 7: 418/418	Map 8: 1/1	Map 9: 1/1	Reducer 2: 1009/1009	Reducer 3: 6(+515)/1009	Reducer 4: 0/1009	Reducer 5: 0/1	
INFO  : Map 1: 71/71	Map 10: 1/1	Map 11: 1/1	Map 12: 7/7	Map 6: 201/201	Map 7: 418/418	Map 8: 1/1	Map 9: 1/1	Reducer 2: 1009/1009	Reducer 3: 26(+515)/1009	Reducer 4: 0/1009	Reducer 5: 0/1	
INFO  : Map 1: 71/71	Map 10: 1/1	Map 11: 1/1	Map 12: 7/7	Map 6: 201/201	Map 7: 418/418	Map 8: 1/1	Map 9: 1/1	Reducer 2: 1009/1009	Reducer 3: 63(+515)/1009	Reducer 4: 0/1009	Reducer 5: 0/1	
INFO  : Map 1: 71/71	Map 10: 1/1	Map 11: 1/1	Map 12: 7/7	Map 6: 201/201	Map 7: 418/418	Map 8: 1/1	Map 9: 1/1	Reducer 2: 1009/1009	Reducer 3: 123(+525)/1009	Reducer 4: 0/1009	Reducer 5: 0/1	
INFO  : Map 1: 71/71	Map 10: 1/1	Map 11: 1/1	Map 12: 7/7	Map 6: 201/201	Map 7: 418/418	Map 8: 1/1	Map 9: 1/1	Reducer 2: 1009/1009	Reducer 3: 123(+532)/1009	Reducer 4: 0/1009	Reducer 5: 0/1	
INFO  : Map 1: 71/71	Map 10: 1/1	Map 11: 1/1	Map 12: 7/7	Map 6: 201/201	Map 7: 418/418	Map 8: 1/1	Map 9: 1/1	Reducer 2: 1009/1009	Reducer 3: 150(+530)/1009	Reducer 4: 0/1009	Reducer 5: 0/1	
INFO  : Map 1: 71/71	Map 10: 1/1	Map 11: 1/1	Map 12: 7/7	Map 6: 201/201	Map 7: 418/418	Map 8: 1/1	Map 9: 1/1	Reducer 2: 1009/1009	Reducer 3: 269(+523)/1009	Reducer 4: 0/1009	Reducer 5: 0/1	
INFO  : Map 1: 71/71	Map 10: 1/1	Map 11: 1/1	Map 12: 7/7	Map 6: 201/201	Map 7: 418/418	Map 8: 1/1	Map 9: 1/1	Reducer 2: 1009/1009	Reducer 3: 303(+529)/1009	Reducer 4: 0/1009	Reducer 5: 0/1	
INFO  : Map 1: 71/71	Map 10: 1/1	Map 11: 1/1	Map 12: 7/7	Map 6: 201/201	Map 7: 418/418	Map 8: 1/1	Map 9: 1/1	Reducer 2: 1009/1009	Reducer 3: 341(+533)/1009	Reducer 4: 0/1009	Reducer 5: 0/1	
INFO  : Map 1: 71/71	Map 10: 1/1	Map 11: 1/1	Map 12: 7/7	Map 6: 201/201	Map 7: 418/418	Map 8: 1/1	Map 9: 1/1	Reducer 2: 1009/1009	Reducer 3: 357(+533)/1009	Reducer 4: 0/1009	Reducer 5: 0/1	
INFO  : Map 1: 71/71	Map 10: 1/1	Map 11: 1/1	Map 12: 7/7	Map 6: 201/201	Map 7: 418/418	Map 8: 1/1	Map 9: 1/1	Reducer 2: 1009/1009	Reducer 3: 370(+530)/1009	Reducer 4: 0/1009	Reducer 5: 0/1	
INFO  : Map 1: 71/71	Map 10: 1/1	Map 11: 1/1	Map 12: 7/7	Map 6: 201/201	Map 7: 418/418	Map 8: 1/1	Map 9: 1/1	Reducer 2: 1009/1009	Reducer 3: 391(+533)/1009	Reducer 4: 0/1009	Reducer 5: 0/1	
INFO  : Map 1: 71/71	Map 10: 1/1	Map 11: 1/1	Map 12: 7/7	Map 6: 201/201	Map 7: 418/418	Map 8: 1/1	Map 9: 1/1	Reducer 2: 1009/1009	Reducer 3: 404(+532)/1009	Reducer 4: 0/1009	Reducer 5: 0/1	
INFO  : Map 1: 71/71	Map 10: 1/1	Map 11: 1/1	Map 12: 7/7	Map 6: 201/201	Map 7: 418/418	Map 8: 1/1	Map 9: 1/1	Reducer 2: 1009/1009	Reducer 3: 426(+533)/1009	Reducer 4: 0/1009	Reducer 5: 0/1	
INFO  : Map 1: 71/71	Map 10: 1/1	Map 11: 1/1	Map 12: 7/7	Map 6: 201/201	Map 7: 418/418	Map 8: 1/1	Map 9: 1/1	Reducer 2: 1009/1009	Reducer 3: 427(+533)/1009	Reducer 4: 0/1009	Reducer 5: 0/1	
INFO  : Map 1: 71/71	Map 10: 1/1	Map 11: 1/1	Map 12: 7/7	Map 6: 201/201	Map 7: 418/418	Map 8: 1/1	Map 9: 1/1	Reducer 2: 1009/1009	Reducer 3: 435(+533)/1009	Reducer 4: 0/1009	Reducer 5: 0/1	
INFO  : Map 1: 71/71	Map 10: 1/1	Map 11: 1/1	Map 12: 7/7	Map 6: 201/201	Map 7: 418/418	Map 8: 1/1	Map 9: 1/1	Reducer 2: 1009/1009	Reducer 3: 443(+533)/1009	Reducer 4: 0/1009	Reducer 5: 0/1	
INFO  : Map 1: 71/71	Map 10: 1/1	Map 11: 1/1	Map 12: 7/7	Map 6: 201/201	Map 7: 418/418	Map 8: 1/1	Map 9: 1/1	Reducer 2: 1009/1009	Reducer 3: 461(+534)/1009	Reducer 4: 0/1009	Reducer 5: 0/1	
INFO  : Map 1: 71/71	Map 10: 1/1	Map 11: 1/1	Map 12: 7/7	Map 6: 201/201	Map 7: 418/418	Map 8: 1/1	Map 9: 1/1	Reducer 2: 1009/1009	Reducer 3: 471(+534)/1009	Reducer 4: 0/1009	Reducer 5: 0/1	
INFO  : Map 1: 71/71	Map 10: 1/1	Map 11: 1/1	Map 12: 7/7	Map 6: 201/201	Map 7: 418/418	Map 8: 1/1	Map 9: 1/1	Reducer 2: 1009/1009	Reducer 3: 483(+526)/1009	Reducer 4: 0/1009	Reducer 5: 0/1	
INFO  : Map 1: 71/71	Map 10: 1/1	Map 11: 1/1	Map 12: 7/7	Map 6: 201/201	Map 7: 418/418	Map 8: 1/1	Map 9: 1/1	Reducer 2: 1009/1009	Reducer 3: 490(+519)/1009	Reducer 4: 0/1009	Reducer 5: 0/1	
INFO  : Map 1: 71/71	Map 10: 1/1	Map 11: 1/1	Map 12: 7/7	Map 6: 201/201	Map 7: 418/418	Map 8: 1/1	Map 9: 1/1	Reducer 2: 1009/1009	Reducer 3: 493(+516)/1009	Reducer 4: 0/1009	Reducer 5: 0/1	
INFO  : Map 1: 71/71	Map 10: 1/1	Map 11: 1/1	Map 12: 7/7	Map 6: 201/201	Map 7: 418/418	Map 8: 1/1	Map 9: 1/1	Reducer 2: 1009/1009	Reducer 3: 494(+515)/1009	Reducer 4: 0/1009	Reducer 5: 0/1	
INFO  : Map 1: 71/71	Map 10: 1/1	Map 11: 1/1	Map 12: 7/7	Map 6: 201/201	Map 7: 418/418	Map 8: 1/1	Map 9: 1/1	Reducer 2: 1009/1009	Reducer 3: 500(+509)/1009	Reducer 4: 0/1009	Reducer 5: 0/1	
INFO  : Map 1: 71/71	Map 10: 1/1	Map 11: 1/1	Map 12: 7/7	Map 6: 201/201	Map 7: 418/418	Map 8: 1/1	Map 9: 1/1	Reducer 2: 1009/1009	Reducer 3: 504(+505)/1009	Reducer 4: 0/1009	Reducer 5: 0/1	
INFO  : Map 1: 71/71	Map 10: 1/1	Map 11: 1/1	Map 12: 7/7	Map 6: 201/201	Map 7: 418/418	Map 8: 1/1	Map 9: 1/1	Reducer 2: 1009/1009	Reducer 3: 506(+503)/1009	Reducer 4: 0/1009	Reducer 5: 0/1	
INFO  : Map 1: 71/71	Map 10: 1/1	Map 11: 1/1	Map 12: 7/7	Map 6: 201/201	Map 7: 418/418	Map 8: 1/1	Map 9: 1/1	Reducer 2: 1009/1009	Reducer 3: 508(+501)/1009	Reducer 4: 0/1009	Reducer 5: 0/1	
INFO  : Map 1: 71/71	Map 10: 1/1	Map 11: 1/1	Map 12: 7/7	Map 6: 201/201	Map 7: 418/418	Map 8: 1/1	Map 9: 1/1	Reducer 2: 1009/1009	Reducer 3: 509(+500)/1009	Reducer 4: 0/1009	Reducer 5: 0/1	
INFO  : Map 1: 71/71	Map 10: 1/1	Map 11: 1/1	Map 12: 7/7	Map 6: 201/201	Map 7: 418/418	Map 8: 1/1	Map 9: 1/1	Reducer 2: 1009/1009	Reducer 3: 512(+497)/1009	Reducer 4: 0/1009	Reducer 5: 0/1	
INFO  : Map 1: 71/71	Map 10: 1/1	Map 11: 1/1	Map 12: 7/7	Map 6: 201/201	Map 7: 418/418	Map 8: 1/1	Map 9: 1/1	Reducer 2: 1009/1009	Reducer 3: 513(+496)/1009	Reducer 4: 0/1009	Reducer 5: 0/1	
INFO  : Map 1: 71/71	Map 10: 1/1	Map 11: 1/1	Map 12: 7/7	Map 6: 201/201	Map 7: 418/418	Map 8: 1/1	Map 9: 1/1	Reducer 2: 1009/1009	Reducer 3: 514(+495)/1009	Reducer 4: 0/1009	Reducer 5: 0/1	
INFO  : Map 1: 71/71	Map 10: 1/1	Map 11: 1/1	Map 12: 7/7	Map 6: 201/201	Map 7: 418/418	Map 8: 1/1	Map 9: 1/1	Reducer 2: 1009/1009	Reducer 3: 527(+482)/1009	Reducer 4: 0/1009	Reducer 5: 0/1	
INFO  : Map 1: 71/71	Map 10: 1/1	Map 11: 1/1	Map 12: 7/7	Map 6: 201/201	Map 7: 418/418	Map 8: 1/1	Map 9: 1/1	Reducer 2: 1009/1009	Reducer 3: 540(+469)/1009	Reducer 4: 0/1009	Reducer 5: 0/1	
INFO  : Map 1: 71/71	Map 10: 1/1	Map 11: 1/1	Map 12: 7/7	Map 6: 201/201	Map 7: 418/418	Map 8: 1/1	Map 9: 1/1	Reducer 2: 1009/1009	Reducer 3: 544(+465)/1009	Reducer 4: 0/1009	Reducer 5: 0/1	
INFO  : Map 1: 71/71	Map 10: 1/1	Map 11: 1/1	Map 12: 7/7	Map 6: 201/201	Map 7: 418/418	Map 8: 1/1	Map 9: 1/1	Reducer 2: 1009/1009	Reducer 3: 555(+454)/1009	Reducer 4: 0/1009	Reducer 5: 0/1	
INFO  : Map 1: 71/71	Map 10: 1/1	Map 11: 1/1	Map 12: 7/7	Map 6: 201/201	Map 7: 418/418	Map 8: 1/1	Map 9: 1/1	Reducer 2: 1009/1009	Reducer 3: 568(+441)/1009	Reducer 4: 0/1009	Reducer 5: 0/1	
INFO  : Map 1: 71/71	Map 10: 1/1	Map 11: 1/1	Map 12: 7/7	Map 6: 201/201	Map 7: 418/418	Map 8: 1/1	Map 9: 1/1	Reducer 2: 1009/1009	Reducer 3: 591(+418)/1009	Reducer 4: 0/1009	Reducer 5: 0/1	
INFO  : Map 1: 71/71	Map 10: 1/1	Map 11: 1/1	Map 12: 7/7	Map 6: 201/201	Map 7: 418/418	Map 8: 1/1	Map 9: 1/1	Reducer 2: 1009/1009	Reducer 3: 615(+394)/1009	Reducer 4: 0/1009	Reducer 5: 0/1	
INFO  : Map 1: 71/71	Map 10: 1/1	Map 11: 1/1	Map 12: 7/7	Map 6: 201/201	Map 7: 418/418	Map 8: 1/1	Map 9: 1/1	Reducer 2: 1009/1009	Reducer 3: 638(+371)/1009	Reducer 4: 0/1009	Reducer 5: 0/1	
INFO  : Map 1: 71/71	Map 10: 1/1	Map 11: 1/1	Map 12: 7/7	Map 6: 201/201	Map 7: 418/418	Map 8: 1/1	Map 9: 1/1	Reducer 2: 1009/1009	Reducer 3: 684(+325)/1009	Reducer 4: 0/1009	Reducer 5: 0/1	
INFO  : Map 1: 71/71	Map 10: 1/1	Map 11: 1/1	Map 12: 7/7	Map 6: 201/201	Map 7: 418/418	Map 8: 1/1	Map 9: 1/1	Reducer 2: 1009/1009	Reducer 3: 709(+300)/1009	Reducer 4: 0/1009	Reducer 5: 0/1	
INFO  : Map 1: 71/71	Map 10: 1/1	Map 11: 1/1	Map 12: 7/7	Map 6: 201/201	Map 7: 418/418	Map 8: 1/1	Map 9: 1/1	Reducer 2: 1009/1009	Reducer 3: 734(+275)/1009	Reducer 4: 0/1009	Reducer 5: 0/1	
INFO  : Map 1: 71/71	Map 10: 1/1	Map 11: 1/1	Map 12: 7/7	Map 6: 201/201	Map 7: 418/418	Map 8: 1/1	Map 9: 1/1	Reducer 2: 1009/1009	Reducer 3: 737(+272)/1009	Reducer 4: 0/1009	Reducer 5: 0/1	
INFO  : Map 1: 71/71	Map 10: 1/1	Map 11: 1/1	Map 12: 7/7	Map 6: 201/201	Map 7: 418/418	Map 8: 1/1	Map 9: 1/1	Reducer 2: 1009/1009	Reducer 3: 752(+257)/1009	Reducer 4: 0/1009	Reducer 5: 0/1	
INFO  : Map 1: 71/71	Map 10: 1/1	Map 11: 1/1	Map 12: 7/7	Map 6: 201/201	Map 7: 418/418	Map 8: 1/1	Map 9: 1/1	Reducer 2: 1009/1009	Reducer 3: 764(+245)/1009	Reducer 4: 0(+5)/253	Reducer 5: 0/1	
INFO  : Map 1: 71/71	Map 10: 1/1	Map 11: 1/1	Map 12: 7/7	Map 6: 201/201	Map 7: 418/418	Map 8: 1/1	Map 9: 1/1	Reducer 2: 1009/1009	Reducer 3: 778(+231)/1009	Reducer 4: 0(+13)/253	Reducer 5: 0/1	
INFO  : Map 1: 71/71	Map 10: 1/1	Map 11: 1/1	Map 12: 7/7	Map 6: 201/201	Map 7: 418/418	Map 8: 1/1	Map 9: 1/1	Reducer 2: 1009/1009	Reducer 3: 809(+200)/1009	Reducer 4: 0(+253)/253	Reducer 5: 0/1	
INFO  : Map 1: 71/71	Map 10: 1/1	Map 11: 1/1	Map 12: 7/7	Map 6: 201/201	Map 7: 418/418	Map 8: 1/1	Map 9: 1/1	Reducer 2: 1009/1009	Reducer 3: 811(+198)/1009	Reducer 4: 0(+253)/253	Reducer 5: 0/1	
INFO  : Map 1: 71/71	Map 10: 1/1	Map 11: 1/1	Map 12: 7/7	Map 6: 201/201	Map 7: 418/418	Map 8: 1/1	Map 9: 1/1	Reducer 2: 1009/1009	Reducer 3: 811(+197)/1009	Reducer 4: 0(+253)/253	Reducer 5: 0/1	
INFO  : Map 1: 71/71	Map 10: 1/1	Map 11: 1/1	Map 12: 7/7	Map 6: 201/201	Map 7: 418/418	Map 8: 1/1	Map 9: 1/1	Reducer 2: 1009/1009	Reducer 3: 812(+197)/1009	Reducer 4: 0(+253)/253	Reducer 5: 0/1	
INFO  : Map 1: 71/71	Map 10: 1/1	Map 11: 1/1	Map 12: 7/7	Map 6: 201/201	Map 7: 418/418	Map 8: 1/1	Map 9: 1/1	Reducer 2: 1009/1009	Reducer 3: 840(+169)/1009	Reducer 4: 0(+253)/253	Reducer 5: 0/1	
INFO  : Map 1: 71/71	Map 10: 1/1	Map 11: 1/1	Map 12: 7/7	Map 6: 201/201	Map 7: 418/418	Map 8: 1/1	Map 9: 1/1	Reducer 2: 1009/1009	Reducer 3: 890(+119)/1009	Reducer 4: 0(+253)/253	Reducer 5: 0/1	
INFO  : Map 1: 71/71	Map 10: 1/1	Map 11: 1/1	Map 12: 7/7	Map 6: 201/201	Map 7: 418/418	Map 8: 1/1	Map 9: 1/1	Reducer 2: 1009/1009	Reducer 3: 893(+116)/1009	Reducer 4: 0(+253)/253	Reducer 5: 0/1	
INFO  : Map 1: 71/71	Map 10: 1/1	Map 11: 1/1	Map 12: 7/7	Map 6: 201/201	Map 7: 418/418	Map 8: 1/1	Map 9: 1/1	Reducer 2: 1009/1009	Reducer 3: 897(+112)/1009	Reducer 4: 0(+253)/253	Reducer 5: 0/1	
INFO  : Map 1: 71/71	Map 10: 1/1	Map 11: 1/1	Map 12: 7/7	Map 6: 201/201	Map 7: 418/418	Map 8: 1/1	Map 9: 1/1	Reducer 2: 1009/1009	Reducer 3: 900(+109)/1009	Reducer 4: 0(+253)/253	Reducer 5: 0/1	
INFO  : Map 1: 71/71	Map 10: 1/1	Map 11: 1/1	Map 12: 7/7	Map 6: 201/201	Map 7: 418/418	Map 8: 1/1	Map 9: 1/1	Reducer 2: 1009/1009	Reducer 3: 901(+108)/1009	Reducer 4: 0(+253)/253	Reducer 5: 0/1	
INFO  : Map 1: 71/71	Map 10: 1/1	Map 11: 1/1	Map 12: 7/7	Map 6: 201/201	Map 7: 418/418	Map 8: 1/1	Map 9: 1/1	Reducer 2: 1009/1009	Reducer 3: 902(+107)/1009	Reducer 4: 0(+253)/253	Reducer 5: 0/1	
INFO  : Map 1: 71/71	Map 10: 1/1	Map 11: 1/1	Map 12: 7/7	Map 6: 201/201	Map 7: 418/418	Map 8: 1/1	Map 9: 1/1	Reducer 2: 1009/1009	Reducer 3: 903(+106)/1009	Reducer 4: 0(+253)/253	Reducer 5: 0/1	
INFO  : Map 1: 71/71	Map 10: 1/1	Map 11: 1/1	Map 12: 7/7	Map 6: 201/201	Map 7: 418/418	Map 8: 1/1	Map 9: 1/1	Reducer 2: 1009/1009	Reducer 3: 934(+75)/1009	Reducer 4: 0(+253)/253	Reducer 5: 0/1	
INFO  : Map 1: 71/71	Map 10: 1/1	Map 11: 1/1	Map 12: 7/7	Map 6: 201/201	Map 7: 418/418	Map 8: 1/1	Map 9: 1/1	Reducer 2: 1009/1009	Reducer 3: 955(+54)/1009	Reducer 4: 0(+253)/253	Reducer 5: 0/1	
INFO  : Map 1: 71/71	Map 10: 1/1	Map 11: 1/1	Map 12: 7/7	Map 6: 201/201	Map 7: 418/418	Map 8: 1/1	Map 9: 1/1	Reducer 2: 1009/1009	Reducer 3: 966(+43)/1009	Reducer 4: 0(+253)/253	Reducer 5: 0/1	
INFO  : Map 1: 71/71	Map 10: 1/1	Map 11: 1/1	Map 12: 7/7	Map 6: 201/201	Map 7: 418/418	Map 8: 1/1	Map 9: 1/1	Reducer 2: 1009/1009	Reducer 3: 970(+39)/1009	Reducer 4: 0(+253)/253	Reducer 5: 0/1	
INFO  : Map 1: 71/71	Map 10: 1/1	Map 11: 1/1	Map 12: 7/7	Map 6: 201/201	Map 7: 418/418	Map 8: 1/1	Map 9: 1/1	Reducer 2: 1009/1009	Reducer 3: 989(+20)/1009	Reducer 4: 0(+253)/253	Reducer 5: 0/1	
INFO  : Map 1: 71/71	Map 10: 1/1	Map 11: 1/1	Map 12: 7/7	Map 6: 201/201	Map 7: 418/418	Map 8: 1/1	Map 9: 1/1	Reducer 2: 1009/1009	Reducer 3: 1008(+1)/1009	Reducer 4: 0(+253)/253	Reducer 5: 0/1	
INFO  : Map 1: 71/71	Map 10: 1/1	Map 11: 1/1	Map 12: 7/7	Map 6: 201/201	Map 7: 418/418	Map 8: 1/1	Map 9: 1/1	Reducer 2: 1009/1009	Reducer 3: 1009/1009	Reducer 4: 221(+32)/253	Reducer 5: 0(+1)/1	
INFO  : Map 1: 71/71	Map 10: 1/1	Map 11: 1/1	Map 12: 7/7	Map 6: 201/201	Map 7: 418/418	Map 8: 1/1	Map 9: 1/1	Reducer 2: 1009/1009	Reducer 3: 1009/1009	Reducer 4: 224(+29)/253	Reducer 5: 0(+1)/1	
INFO  : Map 1: 71/71	Map 10: 1/1	Map 11: 1/1	Map 12: 7/7	Map 6: 201/201	Map 7: 418/418	Map 8: 1/1	Map 9: 1/1	Reducer 2: 1009/1009	Reducer 3: 1009/1009	Reducer 4: 253/253	Reducer 5: 0(+1)/1	
INFO  : Map 1: 71/71	Map 10: 1/1	Map 11: 1/1	Map 12: 7/7	Map 6: 201/201	Map 7: 418/418	Map 8: 1/1	Map 9: 1/1	Reducer 2: 1009/1009	Reducer 3: 1009/1009	Reducer 4: 253/253	Reducer 5: 1/1	
INFO  : Status: DAG finished successfully in 65.86 seconds
INFO  : 
INFO  : Query Execution Summary
INFO  : ----------------------------------------------------------------------------------------------
INFO  : ----------------------------------------------------------------------------------------------
INFO  : Compile Query                           1.68s
INFO  : Prepare Plan                            0.44s
INFO  : Submit Plan                             4.14s
INFO  : Start DAG                               0.39s
INFO  : Run DAG                                65.86s
INFO  : ----------------------------------------------------------------------------------------------
INFO  : 
INFO  : Task Execution Summary
INFO  : --------------------------------------------------------------------------------------------------------------------------------
INFO  : --------------------------------------------------------------------------------------------------------------------------------
INFO  :      Map 1           71                0            16       18565.00             0            0    260,651,575     225,413,434
INFO  :     Map 10            1                0             0           0.00             0            0         10,000             214
INFO  :     Map 11            1                0             0           0.00             0            0          1,500           1,500
INFO  :     Map 12            7                0             0         203.00             0            0        402,000         402,000
INFO  :      Map 6          201                0             0        4866.00             0            0    190,543,586     167,349,063
INFO  :      Map 7          418                0             0       14117.00             0            0  1,497,432,008   1,493,668,690
INFO  :      Map 8            1                0             0           0.00             0            0         10,000              30
INFO  :      Map 9            1                0             0           0.00             0            0         10,000             214
INFO  :  Reducer 2         1009                0            45       33791.00             0            0    392,762,497      16,860,132
INFO  :  Reducer 3         1009                0            30       41593.00             0            0  1,510,932,780           1,915
INFO  :  Reducer 4          253                0             0        9461.00             0            0          1,915           1,915
INFO  :  Reducer 5            1                0             0         511.00             0            0          1,915               0
INFO  : --------------------------------------------------------------------------------------------------------------------------------
INFO  : 
INFO  : LLAP IO Summary
INFO  : ----------------------------------------------------------------------------------------------
INFO  : ----------------------------------------------------------------------------------------------
INFO  :      Map 1     26163       370          0    2.83GB         0B          0B       0B    61.19s
INFO  :     Map 10         1         2          0    1.91KB         0B          0B       0B     0.01s
INFO  :     Map 11         1         2          0    6.93KB         0B          0B       0B     0.01s
INFO  :     Map 12        42        14          0   21.76MB         0B          0B       0B     0.11s
INFO  :      Map 6     19172       500          0    2.62GB         0B          0B       0B    62.03s
INFO  :      Map 7    150269      2745          0   11.79GB         0B          0B       0B   505.28s
INFO  :      Map 8         1         2          0    1.91KB         0B          0B       0B     0.02s
INFO  :      Map 9         1         2          0    1.91KB         0B          0B       0B     0.01s
INFO  : ----------------------------------------------------------------------------------------------
INFO  : 
INFO  : FileSystem Counters Summary
INFO  : 
INFO  : ----------------------------------------------------------------------------------------------
INFO  : ----------------------------------------------------------------------------------------------
INFO  :      Map 1              0B             0                  0             5.27GB             0
INFO  :     Map 10              0B             0                  0               916B             0
INFO  :     Map 11              0B             0                  0            13.09KB             0
INFO  :     Map 12              0B             0                  0            25.36MB             0
INFO  :      Map 6              0B             0                  0             3.31GB             0
INFO  :      Map 7              0B             0                  0            21.90GB             0
INFO  :      Map 8              0B             0                  0               179B             0
INFO  :      Map 9              0B             0                  0               916B             0
INFO  :  Reducer 2          3.99GB             0                  0           629.38MB             0
INFO  :  Reducer 3         19.38GB             0                  0            45.12MB             0
INFO  :  Reducer 4         16.19KB             0                  0           284.66KB             0
INFO  :  Reducer 5              0B             0                  0                 0B             0
INFO  : ----------------------------------------------------------------------------------------------
INFO  : 
INFO  : ----------------------------------------------------------------------------------------------
INFO  : ----------------------------------------------------------------------------------------------
INFO  :      Map 1              0B             0                  0                 0B             0
INFO  :     Map 10              0B             0                  0                 0B             0
INFO  :     Map 11              0B             0                  0                 0B             0
INFO  :     Map 12              0B             0                  0                 0B             0
INFO  :      Map 6              0B             0                  0                 0B             0
INFO  :      Map 7              0B             0                  0                 0B             0
INFO  :      Map 8              0B             0                  0                 0B             0
INFO  :      Map 9              0B             0                  0                 0B             0
INFO  :  Reducer 2              0B             0                  0                 0B             0
INFO  :  Reducer 3              0B             0                  0                 0B             0
INFO  :  Reducer 4              0B             0                  0                 0B             0
INFO  :  Reducer 5              0B             2                  0            20.80KB             2
INFO  : ----------------------------------------------------------------------------------------------
INFO  : 
INFO  : org.apache.tez.common.counters.DAGCounter:
INFO  :    NUM_KILLED_TASKS: 91
INFO  :    NUM_SUCCEEDED_TASKS: 2973
INFO  :    TOTAL_LAUNCHED_TASKS: 3064
INFO  :    DATA_LOCAL_TASKS: 701
INFO  :    AM_CPU_MILLISECONDS: 101650
INFO  :    AM_GC_TIME_MILLIS: 1200
INFO  : File System Counters:
INFO  :    FILE_BYTES_READ: 23372390157
INFO  :    FILE_BYTES_WRITTEN: 31174796269
INFO  :    FILE_READ_OPS: 0
INFO  :    FILE_LARGE_READ_OPS: 0
INFO  :    FILE_WRITE_OPS: 0
INFO  :    HDFS_BYTES_READ: 0
INFO  :    HDFS_BYTES_WRITTEN: 20797
INFO  :    HDFS_READ_OPS: 2
INFO  :    HDFS_LARGE_READ_OPS: 0
INFO  :    HDFS_WRITE_OPS: 2
INFO  : org.apache.tez.common.counters.TaskCounter:
INFO  :    REDUCE_INPUT_GROUPS: 3830
INFO  :    REDUCE_INPUT_RECORDS: 3830
INFO  :    COMBINE_INPUT_RECORDS: 0
INFO  :    SPILLED_RECORDS: 7660
INFO  :    NUM_SHUFFLED_INPUTS: 1716557
INFO  :    NUM_SKIPPED_INPUTS: 1016167
INFO  :    NUM_FAILED_SHUFFLE_INPUTS: 0
INFO  :    MERGED_MAP_OUTPUTS: 2167
INFO  :    INPUT_RECORDS_PROCESSED: 1908876182
INFO  :    INPUT_SPLIT_LENGTH_BYTES: 140288275739
INFO  :    OUTPUT_RECORDS: 1903699107
INFO  :    OUTPUT_LARGE_RECORDS: 0
INFO  :    OUTPUT_BYTES: 39271052625
INFO  :    OUTPUT_BYTES_WITH_OVERHEAD: 63692012980
INFO  :    OUTPUT_BYTES_PHYSICAL: 31150332477
INFO  :    ADDITIONAL_SPILLS_BYTES_WRITTEN: 439173
INFO  :    ADDITIONAL_SPILLS_BYTES_READ: 499833
INFO  :    ADDITIONAL_SPILL_COUNT: 0
INFO  :    SHUFFLE_CHUNK_COUNT: 1262
INFO  :    SHUFFLE_BYTES: 31291846321
INFO  :    SHUFFLE_BYTES_DECOMPRESSED: 43498038425
INFO  :    SHUFFLE_BYTES_TO_MEM: 27815239838
INFO  :    SHUFFLE_BYTES_TO_DISK: 0
INFO  :    SHUFFLE_BYTES_DISK_DIRECT: 3476606483
INFO  :    NUM_MEM_TO_DISK_MERGES: 0
INFO  :    NUM_DISK_TO_DISK_MERGES: 0
INFO  :    SHUFFLE_PHASE_TIME: 33883014
INFO  :    MERGE_PHASE_TIME: 2249477
INFO  :    FIRST_EVENT_RECEIVED: 285241
INFO  :    LAST_EVENT_RECEIVED: 15795253
INFO  : HIVE:
INFO  :    CREATED_FILES: 1
INFO  :    DESERIALIZE_ERRORS: 0
INFO  :    RECORDS_IN_Map_1: 260651575
INFO  :    RECORDS_IN_Map_10: 10000
INFO  :    RECORDS_IN_Map_11: 1500
INFO  :    RECORDS_IN_Map_12: 402000
INFO  :    RECORDS_IN_Map_6: 190543586
INFO  :    RECORDS_IN_Map_7: 1497432008
INFO  :    RECORDS_IN_Map_8: 10000
INFO  :    RECORDS_IN_Map_9: 10000
INFO  :    RECORDS_OUT_0: 100
INFO  :    RECORDS_OUT_INTERMEDIATE_Map_1: 225413434
INFO  :    RECORDS_OUT_INTERMEDIATE_Map_10: 214
INFO  :    RECORDS_OUT_INTERMEDIATE_Map_11: 1500
INFO  :    RECORDS_OUT_INTERMEDIATE_Map_12: 402000
INFO  :    RECORDS_OUT_INTERMEDIATE_Map_6: 167349063
INFO  :    RECORDS_OUT_INTERMEDIATE_Map_7: 1493668690
INFO  :    RECORDS_OUT_INTERMEDIATE_Map_8: 30
INFO  :    RECORDS_OUT_INTERMEDIATE_Map_9: 214
INFO  :    RECORDS_OUT_INTERMEDIATE_Reducer_2: 16860132
INFO  :    RECORDS_OUT_INTERMEDIATE_Reducer_3: 1915
INFO  :    RECORDS_OUT_INTERMEDIATE_Reducer_4: 1915
INFO  : Shuffle Errors:
INFO  :    BAD_ID: 0
INFO  :    CONNECTION: 0
INFO  :    IO_ERROR: 0
INFO  :    WRONG_LENGTH: 0
INFO  :    WRONG_MAP: 0
INFO  :    WRONG_REDUCE: 0
INFO  : Shuffle Errors_Reducer_4_INPUT_Reducer_3:
INFO  :    BAD_ID: 0
INFO  :    CONNECTION: 0
INFO  :    IO_ERROR: 0
INFO  :    WRONG_LENGTH: 0
INFO  :    WRONG_MAP: 0
INFO  :    WRONG_REDUCE: 0
INFO  : Shuffle Errors_Reducer_5_INPUT_Reducer_4:
INFO  :    BAD_ID: 0
INFO  :    CONNECTION: 0
INFO  :    IO_ERROR: 0
INFO  :    WRONG_LENGTH: 0
INFO  :    WRONG_MAP: 0
INFO  :    WRONG_REDUCE: 0
INFO  : TaskCounter_Map_10_INPUT_d1:
INFO  :    INPUT_RECORDS_PROCESSED: 10
INFO  :    INPUT_SPLIT_LENGTH_BYTES: 759177
INFO  : TaskCounter_Map_10_OUTPUT_Reducer_3:
INFO  :    ADDITIONAL_SPILLS_BYTES_READ: 0
INFO  :    ADDITIONAL_SPILLS_BYTES_WRITTEN: 0
INFO  :    ADDITIONAL_SPILL_COUNT: 0
INFO  :    OUTPUT_BYTES: 1070
INFO  :    OUTPUT_BYTES_PHYSICAL: 908
INFO  :    OUTPUT_BYTES_WITH_OVERHEAD: 1504
INFO  :    OUTPUT_LARGE_RECORDS: 0
INFO  :    OUTPUT_RECORDS: 214
INFO  :    SPILLED_RECORDS: 0
INFO  : TaskCounter_Map_11_INPUT_store:
INFO  :    INPUT_RECORDS_PROCESSED: 2
INFO  :    INPUT_SPLIT_LENGTH_BYTES: 127422
INFO  : TaskCounter_Map_11_OUTPUT_Reducer_3:
INFO  :    ADDITIONAL_SPILLS_BYTES_READ: 0
INFO  :    ADDITIONAL_SPILLS_BYTES_WRITTEN: 0
INFO  :    ADDITIONAL_SPILL_COUNT: 0
INFO  :    OUTPUT_BYTES: 41884
INFO  :    OUTPUT_BYTES_PHYSICAL: 13077
INFO  :    OUTPUT_BYTES_WITH_OVERHEAD: 44890
INFO  :    OUTPUT_LARGE_RECORDS: 0
INFO  :    OUTPUT_RECORDS: 1500
INFO  :    SPILLED_RECORDS: 0
INFO  : TaskCounter_Map_12_INPUT_item:
INFO  :    INPUT_RECORDS_PROCESSED: 405
INFO  :    INPUT_SPLIT_LENGTH_BYTES: 38092338
INFO  : TaskCounter_Map_12_OUTPUT_Reducer_3:
INFO  :    ADDITIONAL_SPILLS_BYTES_READ: 0
INFO  :    ADDITIONAL_SPILLS_BYTES_WRITTEN: 0
INFO  :    ADDITIONAL_SPILL_COUNT: 0
INFO  :    OUTPUT_BYTES: 50101076
INFO  :    OUTPUT_BYTES_PHYSICAL: 25357754
INFO  :    OUTPUT_BYTES_WITH_OVERHEAD: 51089626
INFO  :    OUTPUT_LARGE_RECORDS: 0
INFO  :    OUTPUT_RECORDS: 402000
INFO  :    SPILLED_RECORDS: 0
INFO  : TaskCounter_Map_1_INPUT_store_sales:
INFO  :    INPUT_RECORDS_PROCESSED: 260666
INFO  :    INPUT_SPLIT_LENGTH_BYTES: 14405556638
INFO  : TaskCounter_Map_1_OUTPUT_Reducer_2:
INFO  :    ADDITIONAL_SPILLS_BYTES_READ: 0
INFO  :    ADDITIONAL_SPILLS_BYTES_WRITTEN: 0
INFO  :    ADDITIONAL_SPILL_COUNT: 0
INFO  :    OUTPUT_BYTES: 6248367540
INFO  :    OUTPUT_BYTES_PHYSICAL: 5265162691
INFO  :    OUTPUT_BYTES_WITH_OVERHEAD: 9011032342
INFO  :    OUTPUT_LARGE_RECORDS: 0
INFO  :    OUTPUT_RECORDS: 225413434
INFO  :    SPILLED_RECORDS: 0
INFO  : TaskCounter_Map_6_INPUT_store_returns:
INFO  :    INPUT_RECORDS_PROCESSED: 190626
INFO  :    INPUT_SPLIT_LENGTH_BYTES: 10915814446
INFO  : TaskCounter_Map_6_OUTPUT_Reducer_2:
INFO  :    ADDITIONAL_SPILLS_BYTES_READ: 0
INFO  :    ADDITIONAL_SPILLS_BYTES_WRITTEN: 0
INFO  :    ADDITIONAL_SPILL_COUNT: 0
INFO  :    OUTPUT_BYTES: 4010185836
INFO  :    OUTPUT_BYTES_PHYSICAL: 3311763211
INFO  :    OUTPUT_BYTES_WITH_OVERHEAD: 6018374592
INFO  :    OUTPUT_LARGE_RECORDS: 0
INFO  :    OUTPUT_RECORDS: 167349063
INFO  :    SPILLED_RECORDS: 0
INFO  : TaskCounter_Map_7_INPUT_catalog_sales:
INFO  :    INPUT_RECORDS_PROCESSED: 1497512
INFO  :    INPUT_SPLIT_LENGTH_BYTES: 114926407364
INFO  : TaskCounter_Map_7_OUTPUT_Reducer_3:
INFO  :    ADDITIONAL_SPILLS_BYTES_READ: 0
INFO  :    ADDITIONAL_SPILLS_BYTES_WRITTEN: 0
INFO  :    ADDITIONAL_SPILL_COUNT: 0
INFO  :    OUTPUT_BYTES: 28379705110
INFO  :    OUTPUT_BYTES_PHYSICAL: 21897712037
INFO  :    OUTPUT_BYTES_WITH_OVERHEAD: 47797397662
INFO  :    OUTPUT_LARGE_RECORDS: 0
INFO  :    OUTPUT_RECORDS: 1493668690
INFO  :    SPILLED_RECORDS: 0
INFO  : TaskCounter_Map_8_INPUT_d1:
INFO  :    INPUT_RECORDS_PROCESSED: 10
INFO  :    INPUT_SPLIT_LENGTH_BYTES: 759177
INFO  : TaskCounter_Map_8_OUTPUT_Reducer_3:
INFO  :    ADDITIONAL_SPILLS_BYTES_READ: 0
INFO  :    ADDITIONAL_SPILLS_BYTES_WRITTEN: 0
INFO  :    ADDITIONAL_SPILL_COUNT: 0
INFO  :    OUTPUT_BYTES: 150
INFO  :    OUTPUT_BYTES_PHYSICAL: 171
INFO  :    OUTPUT_BYTES_WITH_OVERHEAD: 216
INFO  :    OUTPUT_LARGE_RECORDS: 0
INFO  :    OUTPUT_RECORDS: 30
INFO  :    SPILLED_RECORDS: 0
INFO  : TaskCounter_Map_9_INPUT_d1:
INFO  :    INPUT_RECORDS_PROCESSED: 10
INFO  :    INPUT_SPLIT_LENGTH_BYTES: 759177
INFO  : TaskCounter_Map_9_OUTPUT_Reducer_3:
INFO  :    ADDITIONAL_SPILLS_BYTES_READ: 0
INFO  :    ADDITIONAL_SPILLS_BYTES_WRITTEN: 0
INFO  :    ADDITIONAL_SPILL_COUNT: 0
INFO  :    OUTPUT_BYTES: 1070
INFO  :    OUTPUT_BYTES_PHYSICAL: 908
INFO  :    OUTPUT_BYTES_WITH_OVERHEAD: 1504
INFO  :    OUTPUT_LARGE_RECORDS: 0
INFO  :    OUTPUT_RECORDS: 214
INFO  :    SPILLED_RECORDS: 0
INFO  : TaskCounter_Reducer_2_INPUT_Map_1:
INFO  :    FIRST_EVENT_RECEIVED: 19392
INFO  :    INPUT_RECORDS_PROCESSED: 225413434
INFO  :    LAST_EVENT_RECEIVED: 3781799
INFO  :    NUM_FAILED_SHUFFLE_INPUTS: 0
INFO  :    NUM_SHUFFLED_INPUTS: 71639
INFO  :    SHUFFLE_BYTES: 5263443355
INFO  :    SHUFFLE_BYTES_DECOMPRESSED: 6699624242
INFO  :    SHUFFLE_BYTES_DISK_DIRECT: 584116820
INFO  :    SHUFFLE_BYTES_TO_DISK: 0
INFO  :    SHUFFLE_BYTES_TO_MEM: 4679326535
INFO  :    SHUFFLE_PHASE_TIME: 5869513
INFO  : TaskCounter_Reducer_2_INPUT_Map_6:
INFO  :    FIRST_EVENT_RECEIVED: 39376
INFO  :    INPUT_RECORDS_PROCESSED: 167349063
INFO  :    LAST_EVENT_RECEIVED: 1161748
INFO  :    NUM_FAILED_SHUFFLE_INPUTS: 0
INFO  :    NUM_SHUFFLED_INPUTS: 202809
INFO  :    SHUFFLE_BYTES: 3306895795
INFO  :    SHUFFLE_BYTES_DECOMPRESSED: 4346100816
INFO  :    SHUFFLE_BYTES_DISK_DIRECT: 367412133
INFO  :    SHUFFLE_BYTES_TO_DISK: 0
INFO  :    SHUFFLE_BYTES_TO_MEM: 2939483662
INFO  :    SHUFFLE_PHASE_TIME: 5744898
INFO  : TaskCounter_Reducer_2_OUTPUT_Reducer_3:
INFO  :    ADDITIONAL_SPILLS_BYTES_READ: 0
INFO  :    ADDITIONAL_SPILLS_BYTES_WRITTEN: 0
INFO  :    ADDITIONAL_SPILL_COUNT: 0
INFO  :    OUTPUT_BYTES: 581988837
INFO  :    OUTPUT_BYTES_PHYSICAL: 629368672
INFO  :    OUTPUT_BYTES_WITH_OVERHEAD: 807290584
INFO  :    OUTPUT_LARGE_RECORDS: 0
INFO  :    OUTPUT_RECORDS: 16860132
INFO  :    SPILLED_RECORDS: 0
INFO  : TaskCounter_Reducer_3_INPUT_Map_10:
INFO  :    FIRST_EVENT_RECEIVED: 239
INFO  :    INPUT_RECORDS_PROCESSED: 1926
INFO  :    LAST_EVENT_RECEIVED: 239
INFO  :    NUM_FAILED_SHUFFLE_INPUTS: 0
INFO  :    NUM_SHUFFLED_INPUTS: 9
INFO  :    SHUFFLE_BYTES: 7956
INFO  :    SHUFFLE_BYTES_DECOMPRESSED: 13536
INFO  :    SHUFFLE_BYTES_DISK_DIRECT: 884
INFO  :    SHUFFLE_BYTES_TO_DISK: 0
INFO  :    SHUFFLE_BYTES_TO_MEM: 7072
INFO  :    SHUFFLE_PHASE_TIME: 494
INFO  : TaskCounter_Reducer_3_INPUT_Map_11:
INFO  :    FIRST_EVENT_RECEIVED: 186
INFO  :    INPUT_RECORDS_PROCESSED: 13500
INFO  :    LAST_EVENT_RECEIVED: 186
INFO  :    NUM_FAILED_SHUFFLE_INPUTS: 0
INFO  :    NUM_SHUFFLED_INPUTS: 9
INFO  :    SHUFFLE_BYTES: 117477
INFO  :    SHUFFLE_BYTES_DECOMPRESSED: 404010
INFO  :    SHUFFLE_BYTES_DISK_DIRECT: 13053
INFO  :    SHUFFLE_BYTES_TO_DISK: 0
INFO  :    SHUFFLE_BYTES_TO_MEM: 104424
INFO  :    SHUFFLE_PHASE_TIME: 6498
INFO  : TaskCounter_Reducer_3_INPUT_Map_12:
INFO  :    FIRST_EVENT_RECEIVED: 196
INFO  :    INPUT_RECORDS_PROCESSED: 3618000
INFO  :    LAST_EVENT_RECEIVED: 210
INFO  :    NUM_FAILED_SHUFFLE_INPUTS: 0
INFO  :    NUM_SHUFFLED_INPUTS: 63
INFO  :    SHUFFLE_BYTES: 228218274
INFO  :    SHUFFLE_BYTES_DECOMPRESSED: 459806634
INFO  :    SHUFFLE_BYTES_DISK_DIRECT: 25357586
INFO  :    SHUFFLE_BYTES_TO_DISK: 0
INFO  :    SHUFFLE_BYTES_TO_MEM: 202860688
INFO  :    SHUFFLE_PHASE_TIME: 11858
INFO  : TaskCounter_Reducer_3_INPUT_Map_7:
INFO  :    FIRST_EVENT_RECEIVED: 127034
INFO  :    INPUT_RECORDS_PROCESSED: 1493668690
INFO  :    LAST_EVENT_RECEIVED: 321228
INFO  :    NUM_FAILED_SHUFFLE_INPUTS: 0
INFO  :    NUM_SHUFFLED_INPUTS: 421762
INFO  :    SHUFFLE_BYTES: 21887589749
INFO  :    SHUFFLE_BYTES_DECOMPRESSED: 31369573062
INFO  :    SHUFFLE_BYTES_DISK_DIRECT: 2432352122
INFO  :    SHUFFLE_BYTES_TO_DISK: 0
INFO  :    SHUFFLE_BYTES_TO_MEM: 19455237627
INFO  :    SHUFFLE_PHASE_TIME: 6744275
INFO  : TaskCounter_Reducer_3_INPUT_Map_8:
INFO  :    FIRST_EVENT_RECEIVED: 3229
INFO  :    INPUT_RECORDS_PROCESSED: 270
INFO  :    LAST_EVENT_RECEIVED: 3229
INFO  :    NUM_FAILED_SHUFFLE_INPUTS: 0
INFO  :    NUM_SHUFFLED_INPUTS: 9
INFO  :    SHUFFLE_BYTES: 1323
INFO  :    SHUFFLE_BYTES_DECOMPRESSED: 1944
INFO  :    SHUFFLE_BYTES_DISK_DIRECT: 147
INFO  :    SHUFFLE_BYTES_TO_DISK: 0
INFO  :    SHUFFLE_BYTES_TO_MEM: 1176
INFO  :    SHUFFLE_PHASE_TIME: 6798
INFO  : TaskCounter_Reducer_3_INPUT_Map_9:
INFO  :    FIRST_EVENT_RECEIVED: 202
INFO  :    INPUT_RECORDS_PROCESSED: 1926
INFO  :    LAST_EVENT_RECEIVED: 202
INFO  :    NUM_FAILED_SHUFFLE_INPUTS: 0
INFO  :    NUM_SHUFFLED_INPUTS: 9
INFO  :    SHUFFLE_BYTES: 7956
INFO  :    SHUFFLE_BYTES_DECOMPRESSED: 13536
INFO  :    SHUFFLE_BYTES_DISK_DIRECT: 884
INFO  :    SHUFFLE_BYTES_TO_DISK: 0
INFO  :    SHUFFLE_BYTES_TO_MEM: 7072
INFO  :    SHUFFLE_PHASE_TIME: 4689
INFO  : TaskCounter_Reducer_3_INPUT_Reducer_2:
INFO  :    FIRST_EVENT_RECEIVED: 76188
INFO  :    INPUT_RECORDS_PROCESSED: 16860132
INFO  :    LAST_EVENT_RECEIVED: 8280999
INFO  :    NUM_FAILED_SHUFFLE_INPUTS: 0
INFO  :    NUM_SHUFFLED_INPUTS: 1018081
INFO  :    SHUFFLE_BYTES: 604934728
INFO  :    SHUFFLE_BYTES_DECOMPRESSED: 621817587
INFO  :    SHUFFLE_BYTES_DISK_DIRECT: 67292194
INFO  :    SHUFFLE_BYTES_TO_DISK: 0
INFO  :    SHUFFLE_BYTES_TO_MEM: 537642534
INFO  :    SHUFFLE_PHASE_TIME: 13247805
INFO  : TaskCounter_Reducer_3_OUTPUT_Reducer_4:
INFO  :    ADDITIONAL_SPILLS_BYTES_READ: 0
INFO  :    ADDITIONAL_SPILLS_BYTES_WRITTEN: 0
INFO  :    ADDITIONAL_SPILL_COUNT: 0
INFO  :    OUTPUT_BYTES: 330026
INFO  :    OUTPUT_BYTES_PHYSICAL: 20676487
INFO  :    OUTPUT_BYTES_WITH_OVERHEAD: 6443514
INFO  :    OUTPUT_RECORDS: 1915
INFO  :    SHUFFLE_CHUNK_COUNT: 1009
INFO  :    SPILLED_RECORDS: 1915
INFO  : TaskCounter_Reducer_4_INPUT_Reducer_3:
INFO  :    ADDITIONAL_SPILLS_BYTES_READ: 287507
INFO  :    ADDITIONAL_SPILLS_BYTES_WRITTEN: 249447
INFO  :    COMBINE_INPUT_RECORDS: 0
INFO  :    FIRST_EVENT_RECEIVED: 19198
INFO  :    LAST_EVENT_RECEIVED: 2245012
INFO  :    MERGED_MAP_OUTPUTS: 1915
INFO  :    MERGE_PHASE_TIME: 2249062
INFO  :    NUM_DISK_TO_DISK_MERGES: 0
INFO  :    NUM_FAILED_SHUFFLE_INPUTS: 0
INFO  :    NUM_MEM_TO_DISK_MERGES: 0
INFO  :    NUM_SHUFFLED_INPUTS: 1915
INFO  :    NUM_SKIPPED_INPUTS: 1016166
INFO  :    REDUCE_INPUT_GROUPS: 1915
INFO  :    REDUCE_INPUT_RECORDS: 1915
INFO  :    SHUFFLE_BYTES: 353167
INFO  :    SHUFFLE_BYTES_DECOMPRESSED: 346518
INFO  :    SHUFFLE_BYTES_DISK_DIRECT: 38060
INFO  :    SHUFFLE_BYTES_TO_DISK: 0
INFO  :    SHUFFLE_BYTES_TO_MEM: 315107
INFO  :    SHUFFLE_PHASE_TIME: 2245778
INFO  :    SPILLED_RECORDS: 1915
INFO  : TaskCounter_Reducer_4_OUTPUT_Reducer_5:
INFO  :    ADDITIONAL_SPILLS_BYTES_READ: 0
INFO  :    ADDITIONAL_SPILLS_BYTES_WRITTEN: 0
INFO  :    ADDITIONAL_SPILL_COUNT: 0
INFO  :    OUTPUT_BYTES: 330026
INFO  :    OUTPUT_BYTES_PHYSICAL: 276561
INFO  :    OUTPUT_BYTES_WITH_OVERHEAD: 336546
INFO  :    OUTPUT_RECORDS: 1915
INFO  :    SHUFFLE_CHUNK_COUNT: 253
INFO  :    SPILLED_RECORDS: 1915
INFO  : TaskCounter_Reducer_5_INPUT_Reducer_4:
INFO  :    ADDITIONAL_SPILLS_BYTES_READ: 212326
INFO  :    ADDITIONAL_SPILLS_BYTES_WRITTEN: 189726
INFO  :    COMBINE_INPUT_RECORDS: 0
INFO  :    FIRST_EVENT_RECEIVED: 1
INFO  :    LAST_EVENT_RECEIVED: 401
INFO  :    MERGED_MAP_OUTPUTS: 252
INFO  :    MERGE_PHASE_TIME: 415
INFO  :    NUM_DISK_TO_DISK_MERGES: 0
INFO  :    NUM_FAILED_SHUFFLE_INPUTS: 0
INFO  :    NUM_MEM_TO_DISK_MERGES: 0
INFO  :    NUM_SHUFFLED_INPUTS: 252
INFO  :    NUM_SKIPPED_INPUTS: 1
INFO  :    REDUCE_INPUT_GROUPS: 1915
INFO  :    REDUCE_INPUT_RECORDS: 1915
INFO  :    SHUFFLE_BYTES: 276541
INFO  :    SHUFFLE_BYTES_DECOMPRESSED: 336540
INFO  :    SHUFFLE_BYTES_DISK_DIRECT: 22600
INFO  :    SHUFFLE_BYTES_TO_DISK: 0
INFO  :    SHUFFLE_BYTES_TO_MEM: 253941
INFO  :    SHUFFLE_PHASE_TIME: 408
INFO  :    SPILLED_RECORDS: 1915
INFO  : TaskCounter_Reducer_5_OUTPUT_out_Reducer_5:
INFO  :    OUTPUT_RECORDS: 0
INFO  : org.apache.hadoop.hive.llap.counters.LlapIOCounters:
INFO  :    CACHE_HIT_BYTES: 17267962877
INFO  :    CACHE_MISS_BYTES: 0
INFO  :    CONSUMER_TIME_NS: 1384422946778
INFO  :    DECODE_TIME_NS: 607846515839
INFO  :    HDFS_TIME_NS: 14204921
INFO  :    METADATA_CACHE_HIT: 3637
INFO  :    NUM_DECODED_BATCHES: 195650
INFO  :    NUM_VECTOR_BATCHES: 1949242
INFO  :    ROWS_EMITTED: 1949060669
INFO  :    SELECTED_ROWGROUPS: 195650
INFO  :    TOTAL_IO_TIME_NS: 628656113114
INFO  : Completed executing command(queryId=hive_20161020155925_500aa7f3-5b99-4112-9011-cadfaf17f60b); Time taken: 70.938 seconds
INFO  : OK
100 rows selected (72.685 seconds)
Closing: 0: jdbc:hive2://h01hn02:10500/tpcds_bin_partitioned_orc_10000
