Connecting to jdbc:hive2://h01hn02:10500/tpcds_bin_partitioned_orc_10000
Connected to: Apache Hive (version 2.1.0.2.5.1.0-43)
Driver: Hive JDBC (version 1.2.1000.2.5.1.0-43)
Transaction isolation: TRANSACTION_REPEATABLE_READ
Running init script bry.sql
No rows affected (0.037 seconds)
No rows affected (0.002 seconds)
INFO  : Compiling command(queryId=hive_20161017183722_9900bf93-b58b-4bb5-b76e-709a50a35833): select  i_product_name
             ,i_brand
             ,i_class
             ,i_category
             ,avg(inv_quantity_on_hand) qoh
       from inventory
           ,date_dim
           ,item
           ,warehouse
       where inventory.inv_date_sk=date_dim.d_date_sk
              and inventory.inv_item_sk=item.i_item_sk
              and inventory.inv_warehouse_sk = warehouse.w_warehouse_sk
              and date_dim.d_month_seq between 1193 and 1193 + 11
       group by i_product_name
                       ,i_brand
                       ,i_class
                       ,i_category with rollup
order by qoh, i_product_name, i_brand, i_class, i_category
limit 100
INFO  : Semantic Analysis Completed
INFO  : Returning Hive schema: Schema(fieldSchemas:[FieldSchema(name:i_product_name, type:string, comment:null), FieldSchema(name:i_brand, type:string, comment:null), FieldSchema(name:i_class, type:string, comment:null), FieldSchema(name:i_category, type:string, comment:null), FieldSchema(name:qoh, type:double, comment:null)], properties:null)
INFO  : Completed compiling command(queryId=hive_20161017183722_9900bf93-b58b-4bb5-b76e-709a50a35833); Time taken: 0.242 seconds
INFO  : Concurrency mode is disabled, not creating a lock manager
INFO  : Executing command(queryId=hive_20161017183722_9900bf93-b58b-4bb5-b76e-709a50a35833): select  i_product_name
             ,i_brand
             ,i_class
             ,i_category
             ,avg(inv_quantity_on_hand) qoh
       from inventory
           ,date_dim
           ,item
           ,warehouse
       where inventory.inv_date_sk=date_dim.d_date_sk
              and inventory.inv_item_sk=item.i_item_sk
              and inventory.inv_warehouse_sk = warehouse.w_warehouse_sk
              and date_dim.d_month_seq between 1193 and 1193 + 11
       group by i_product_name
                       ,i_brand
                       ,i_class
                       ,i_category with rollup
order by qoh, i_product_name, i_brand, i_class, i_category
limit 100
INFO  : Query ID = hive_20161017183722_9900bf93-b58b-4bb5-b76e-709a50a35833
INFO  : Total jobs = 1
INFO  : Launching Job 1 out of 1
INFO  : Starting task [Stage-1:MAPRED] in serial mode
INFO  : Session is already open
INFO  : Dag name: select  i_product_name
             ,i...100(Stage-1)
INFO  : Setting tez.task.scale.memory.reserve-fraction to 0.30000001192092896
INFO  : Tez session was closed. Reopening...
INFO  : Session re-established.
INFO  : 

INFO  : Status: Running (Executing on YARN cluster with App id application_1476716628816_0109)

INFO  : Map 1: -/-	Map 4: 0/1	Map 5: 0/7	Map 6: 0/1	Reducer 2: 0/1009	Reducer 3: 0/1	
INFO  : Map 1: 0(+35)/129	Map 4: 0(+1)/1	Map 5: 0(+7)/7	Map 6: 0(+1)/1	Reducer 2: 0/1009	Reducer 3: 0/1	
INFO  : Map 1: 0(+129)/129	Map 4: 1/1	Map 5: 7/7	Map 6: 1/1	Reducer 2: 0/1009	Reducer 3: 0/1	
INFO  : Map 1: 0(+129)/129	Map 4: 1/1	Map 5: 7/7	Map 6: 1/1	Reducer 2: 0/1009	Reducer 3: 0/1	
INFO  : Map 1: 4(+125)/129	Map 4: 1/1	Map 5: 7/7	Map 6: 1/1	Reducer 2: 0/1009	Reducer 3: 0/1	
INFO  : Map 1: 8(+121)/129	Map 4: 1/1	Map 5: 7/7	Map 6: 1/1	Reducer 2: 0/1009	Reducer 3: 0/1	
INFO  : Map 1: 9(+120)/129	Map 4: 1/1	Map 5: 7/7	Map 6: 1/1	Reducer 2: 0/1009	Reducer 3: 0/1	
INFO  : Map 1: 12(+117)/129	Map 4: 1/1	Map 5: 7/7	Map 6: 1/1	Reducer 2: 0/1009	Reducer 3: 0/1	
INFO  : Map 1: 15(+114)/129	Map 4: 1/1	Map 5: 7/7	Map 6: 1/1	Reducer 2: 0/1009	Reducer 3: 0/1	
INFO  : Map 1: 18(+111)/129	Map 4: 1/1	Map 5: 7/7	Map 6: 1/1	Reducer 2: 0/1009	Reducer 3: 0/1	
INFO  : Map 1: 21(+108)/129	Map 4: 1/1	Map 5: 7/7	Map 6: 1/1	Reducer 2: 0/1009	Reducer 3: 0/1	
INFO  : Map 1: 22(+107)/129	Map 4: 1/1	Map 5: 7/7	Map 6: 1/1	Reducer 2: 0/1009	Reducer 3: 0/1	
INFO  : Map 1: 25(+104)/129	Map 4: 1/1	Map 5: 7/7	Map 6: 1/1	Reducer 2: 0/1009	Reducer 3: 0/1	
INFO  : Map 1: 26(+103)/129	Map 4: 1/1	Map 5: 7/7	Map 6: 1/1	Reducer 2: 0/1009	Reducer 3: 0/1	
INFO  : Map 1: 27(+102)/129	Map 4: 1/1	Map 5: 7/7	Map 6: 1/1	Reducer 2: 0/1009	Reducer 3: 0/1	
INFO  : Map 1: 28(+101)/129	Map 4: 1/1	Map 5: 7/7	Map 6: 1/1	Reducer 2: 0/1009	Reducer 3: 0/1	
INFO  : Map 1: 30(+99)/129	Map 4: 1/1	Map 5: 7/7	Map 6: 1/1	Reducer 2: 0/1009	Reducer 3: 0/1	
INFO  : Map 1: 33(+96)/129	Map 4: 1/1	Map 5: 7/7	Map 6: 1/1	Reducer 2: 0/1009	Reducer 3: 0/1	
INFO  : Map 1: 35(+94)/129	Map 4: 1/1	Map 5: 7/7	Map 6: 1/1	Reducer 2: 0/1009	Reducer 3: 0/1	
INFO  : Map 1: 36(+93)/129	Map 4: 1/1	Map 5: 7/7	Map 6: 1/1	Reducer 2: 0/1009	Reducer 3: 0/1	
INFO  : Map 1: 40(+89)/129	Map 4: 1/1	Map 5: 7/7	Map 6: 1/1	Reducer 2: 0/1009	Reducer 3: 0/1	
INFO  : Map 1: 42(+87)/129	Map 4: 1/1	Map 5: 7/7	Map 6: 1/1	Reducer 2: 0/1009	Reducer 3: 0/1	
INFO  : Map 1: 44(+85)/129	Map 4: 1/1	Map 5: 7/7	Map 6: 1/1	Reducer 2: 0/1009	Reducer 3: 0/1	
INFO  : Map 1: 45(+84)/129	Map 4: 1/1	Map 5: 7/7	Map 6: 1/1	Reducer 2: 0/1009	Reducer 3: 0/1	
INFO  : Map 1: 49(+80)/129	Map 4: 1/1	Map 5: 7/7	Map 6: 1/1	Reducer 2: 0/1009	Reducer 3: 0/1	
INFO  : Map 1: 51(+78)/129	Map 4: 1/1	Map 5: 7/7	Map 6: 1/1	Reducer 2: 0/1009	Reducer 3: 0/1	
INFO  : Map 1: 53(+76)/129	Map 4: 1/1	Map 5: 7/7	Map 6: 1/1	Reducer 2: 0/1009	Reducer 3: 0/1	
INFO  : Map 1: 55(+74)/129	Map 4: 1/1	Map 5: 7/7	Map 6: 1/1	Reducer 2: 0/1009	Reducer 3: 0/1	
INFO  : Map 1: 56(+73)/129	Map 4: 1/1	Map 5: 7/7	Map 6: 1/1	Reducer 2: 0/1009	Reducer 3: 0/1	
INFO  : Map 1: 58(+71)/129	Map 4: 1/1	Map 5: 7/7	Map 6: 1/1	Reducer 2: 0/1009	Reducer 3: 0/1	
INFO  : Map 1: 61(+68)/129	Map 4: 1/1	Map 5: 7/7	Map 6: 1/1	Reducer 2: 0/1009	Reducer 3: 0/1	
INFO  : Map 1: 62(+67)/129	Map 4: 1/1	Map 5: 7/7	Map 6: 1/1	Reducer 2: 0/1009	Reducer 3: 0/1	
INFO  : Map 1: 63(+66)/129	Map 4: 1/1	Map 5: 7/7	Map 6: 1/1	Reducer 2: 0/1009	Reducer 3: 0/1	
INFO  : Map 1: 64(+65)/129	Map 4: 1/1	Map 5: 7/7	Map 6: 1/1	Reducer 2: 0/1009	Reducer 3: 0/1	
INFO  : Map 1: 65(+64)/129	Map 4: 1/1	Map 5: 7/7	Map 6: 1/1	Reducer 2: 0/1009	Reducer 3: 0/1	
INFO  : Map 1: 66(+63)/129	Map 4: 1/1	Map 5: 7/7	Map 6: 1/1	Reducer 2: 0/1009	Reducer 3: 0/1	
INFO  : Map 1: 67(+62)/129	Map 4: 1/1	Map 5: 7/7	Map 6: 1/1	Reducer 2: 0/1009	Reducer 3: 0/1	
INFO  : Map 1: 68(+61)/129	Map 4: 1/1	Map 5: 7/7	Map 6: 1/1	Reducer 2: 0/1009	Reducer 3: 0/1	
INFO  : Map 1: 69(+60)/129	Map 4: 1/1	Map 5: 7/7	Map 6: 1/1	Reducer 2: 0/1009	Reducer 3: 0/1	
INFO  : Map 1: 70(+59)/129	Map 4: 1/1	Map 5: 7/7	Map 6: 1/1	Reducer 2: 0/1009	Reducer 3: 0/1	
INFO  : Map 1: 71(+58)/129	Map 4: 1/1	Map 5: 7/7	Map 6: 1/1	Reducer 2: 0/1009	Reducer 3: 0/1	
INFO  : Map 1: 73(+56)/129	Map 4: 1/1	Map 5: 7/7	Map 6: 1/1	Reducer 2: 0/1009	Reducer 3: 0/1	
INFO  : Map 1: 74(+55)/129	Map 4: 1/1	Map 5: 7/7	Map 6: 1/1	Reducer 2: 0/1009	Reducer 3: 0/1	
INFO  : Map 1: 75(+54)/129	Map 4: 1/1	Map 5: 7/7	Map 6: 1/1	Reducer 2: 0/1009	Reducer 3: 0/1	
INFO  : Map 1: 75(+54)/129	Map 4: 1/1	Map 5: 7/7	Map 6: 1/1	Reducer 2: 0/1009	Reducer 3: 0/1	
INFO  : Map 1: 75(+54)/129	Map 4: 1/1	Map 5: 7/7	Map 6: 1/1	Reducer 2: 0/1009	Reducer 3: 0/1	
INFO  : Map 1: 75(+54)/129	Map 4: 1/1	Map 5: 7/7	Map 6: 1/1	Reducer 2: 0/1009	Reducer 3: 0/1	
INFO  : Map 1: 76(+53)/129	Map 4: 1/1	Map 5: 7/7	Map 6: 1/1	Reducer 2: 0/1009	Reducer 3: 0/1	
INFO  : Map 1: 77(+52)/129	Map 4: 1/1	Map 5: 7/7	Map 6: 1/1	Reducer 2: 0/1009	Reducer 3: 0/1	
INFO  : Map 1: 78(+51)/129	Map 4: 1/1	Map 5: 7/7	Map 6: 1/1	Reducer 2: 0/1009	Reducer 3: 0/1	
INFO  : Map 1: 79(+50)/129	Map 4: 1/1	Map 5: 7/7	Map 6: 1/1	Reducer 2: 0/1009	Reducer 3: 0/1	
INFO  : Map 1: 80(+49)/129	Map 4: 1/1	Map 5: 7/7	Map 6: 1/1	Reducer 2: 0/1009	Reducer 3: 0/1	
INFO  : Map 1: 81(+48)/129	Map 4: 1/1	Map 5: 7/7	Map 6: 1/1	Reducer 2: 0/1009	Reducer 3: 0/1	
INFO  : Map 1: 83(+46)/129	Map 4: 1/1	Map 5: 7/7	Map 6: 1/1	Reducer 2: 0/1009	Reducer 3: 0/1	
INFO  : Map 1: 84(+45)/129	Map 4: 1/1	Map 5: 7/7	Map 6: 1/1	Reducer 2: 0/1009	Reducer 3: 0/1	
INFO  : Map 1: 84(+45)/129	Map 4: 1/1	Map 5: 7/7	Map 6: 1/1	Reducer 2: 0/1009	Reducer 3: 0/1	
INFO  : Map 1: 85(+44)/129	Map 4: 1/1	Map 5: 7/7	Map 6: 1/1	Reducer 2: 0/1009	Reducer 3: 0/1	
INFO  : Map 1: 85(+44)/129	Map 4: 1/1	Map 5: 7/7	Map 6: 1/1	Reducer 2: 0/1009	Reducer 3: 0/1	
INFO  : Map 1: 85(+44)/129	Map 4: 1/1	Map 5: 7/7	Map 6: 1/1	Reducer 2: 0/1009	Reducer 3: 0/1	
INFO  : Map 1: 85(+44)/129	Map 4: 1/1	Map 5: 7/7	Map 6: 1/1	Reducer 2: 0/1009	Reducer 3: 0/1	
INFO  : Map 1: 85(+44)/129	Map 4: 1/1	Map 5: 7/7	Map 6: 1/1	Reducer 2: 0/1009	Reducer 3: 0/1	
INFO  : Map 1: 85(+44)/129	Map 4: 1/1	Map 5: 7/7	Map 6: 1/1	Reducer 2: 0/1009	Reducer 3: 0/1	
INFO  : Map 1: 85(+44)/129	Map 4: 1/1	Map 5: 7/7	Map 6: 1/1	Reducer 2: 0/1009	Reducer 3: 0/1	
INFO  : Map 1: 85(+44)/129	Map 4: 1/1	Map 5: 7/7	Map 6: 1/1	Reducer 2: 0/1009	Reducer 3: 0/1	
INFO  : Map 1: 85(+44)/129	Map 4: 1/1	Map 5: 7/7	Map 6: 1/1	Reducer 2: 0/1009	Reducer 3: 0/1	
INFO  : Map 1: 85(+44)/129	Map 4: 1/1	Map 5: 7/7	Map 6: 1/1	Reducer 2: 0/1009	Reducer 3: 0/1	
INFO  : Map 1: 85(+44)/129	Map 4: 1/1	Map 5: 7/7	Map 6: 1/1	Reducer 2: 0/1009	Reducer 3: 0/1	
INFO  : Map 1: 85(+44)/129	Map 4: 1/1	Map 5: 7/7	Map 6: 1/1	Reducer 2: 0/1009	Reducer 3: 0/1	
INFO  : Map 1: 85(+44)/129	Map 4: 1/1	Map 5: 7/7	Map 6: 1/1	Reducer 2: 0/1009	Reducer 3: 0/1	
INFO  : Map 1: 85(+44)/129	Map 4: 1/1	Map 5: 7/7	Map 6: 1/1	Reducer 2: 0/1009	Reducer 3: 0/1	
INFO  : Map 1: 85(+44)/129	Map 4: 1/1	Map 5: 7/7	Map 6: 1/1	Reducer 2: 0/1009	Reducer 3: 0/1	
INFO  : Map 1: 85(+44)/129	Map 4: 1/1	Map 5: 7/7	Map 6: 1/1	Reducer 2: 0/1009	Reducer 3: 0/1	
INFO  : Map 1: 85(+44)/129	Map 4: 1/1	Map 5: 7/7	Map 6: 1/1	Reducer 2: 0/1009	Reducer 3: 0/1	
INFO  : Map 1: 85(+44)/129	Map 4: 1/1	Map 5: 7/7	Map 6: 1/1	Reducer 2: 0/1009	Reducer 3: 0/1	
INFO  : Map 1: 85(+44)/129	Map 4: 1/1	Map 5: 7/7	Map 6: 1/1	Reducer 2: 0/1009	Reducer 3: 0/1	
INFO  : Map 1: 85(+44)/129	Map 4: 1/1	Map 5: 7/7	Map 6: 1/1	Reducer 2: 0/1009	Reducer 3: 0/1	
INFO  : Map 1: 85(+44)/129	Map 4: 1/1	Map 5: 7/7	Map 6: 1/1	Reducer 2: 0/1009	Reducer 3: 0/1	
INFO  : Map 1: 85(+44)/129	Map 4: 1/1	Map 5: 7/7	Map 6: 1/1	Reducer 2: 0/1009	Reducer 3: 0/1	
INFO  : Map 1: 85(+44)/129	Map 4: 1/1	Map 5: 7/7	Map 6: 1/1	Reducer 2: 0/1009	Reducer 3: 0/1	
INFO  : Map 1: 85(+44)/129	Map 4: 1/1	Map 5: 7/7	Map 6: 1/1	Reducer 2: 0/1009	Reducer 3: 0/1	
INFO  : Map 1: 85(+44)/129	Map 4: 1/1	Map 5: 7/7	Map 6: 1/1	Reducer 2: 0/1009	Reducer 3: 0/1	
INFO  : Map 1: 86(+43)/129	Map 4: 1/1	Map 5: 7/7	Map 6: 1/1	Reducer 2: 0(+17)/253	Reducer 3: 0/1	
INFO  : Map 1: 86(+43)/129	Map 4: 1/1	Map 5: 7/7	Map 6: 1/1	Reducer 2: 0(+253)/253	Reducer 3: 0/1	
INFO  : Map 1: 87(+42)/129	Map 4: 1/1	Map 5: 7/7	Map 6: 1/1	Reducer 2: 0(+253)/253	Reducer 3: 0/1	
INFO  : Map 1: 87(+42)/129	Map 4: 1/1	Map 5: 7/7	Map 6: 1/1	Reducer 2: 0(+253)/253	Reducer 3: 0/1	
INFO  : Map 1: 88(+41)/129	Map 4: 1/1	Map 5: 7/7	Map 6: 1/1	Reducer 2: 0(+253)/253	Reducer 3: 0/1	
INFO  : Map 1: 89(+40)/129	Map 4: 1/1	Map 5: 7/7	Map 6: 1/1	Reducer 2: 0(+253)/253	Reducer 3: 0/1	
INFO  : Map 1: 90(+39)/129	Map 4: 1/1	Map 5: 7/7	Map 6: 1/1	Reducer 2: 0(+253)/253	Reducer 3: 0/1	
INFO  : Map 1: 91(+38)/129	Map 4: 1/1	Map 5: 7/7	Map 6: 1/1	Reducer 2: 0(+253)/253	Reducer 3: 0/1	
INFO  : Map 1: 92(+37)/129	Map 4: 1/1	Map 5: 7/7	Map 6: 1/1	Reducer 2: 0(+253)/253	Reducer 3: 0/1	
INFO  : Map 1: 92(+37)/129	Map 4: 1/1	Map 5: 7/7	Map 6: 1/1	Reducer 2: 0(+253)/253	Reducer 3: 0/1	
INFO  : Map 1: 93(+36)/129	Map 4: 1/1	Map 5: 7/7	Map 6: 1/1	Reducer 2: 0(+253)/253	Reducer 3: 0/1	
INFO  : Map 1: 94(+35)/129	Map 4: 1/1	Map 5: 7/7	Map 6: 1/1	Reducer 2: 0(+253)/253	Reducer 3: 0/1	
INFO  : Map 1: 94(+35)/129	Map 4: 1/1	Map 5: 7/7	Map 6: 1/1	Reducer 2: 0(+253)/253	Reducer 3: 0/1	
INFO  : Map 1: 95(+34)/129	Map 4: 1/1	Map 5: 7/7	Map 6: 1/1	Reducer 2: 0(+253)/253	Reducer 3: 0/1	
INFO  : Map 1: 96(+33)/129	Map 4: 1/1	Map 5: 7/7	Map 6: 1/1	Reducer 2: 0(+253)/253	Reducer 3: 0/1	
INFO  : Map 1: 97(+32)/129	Map 4: 1/1	Map 5: 7/7	Map 6: 1/1	Reducer 2: 0(+253)/253	Reducer 3: 0/1	
INFO  : Map 1: 98(+31)/129	Map 4: 1/1	Map 5: 7/7	Map 6: 1/1	Reducer 2: 0(+253)/253	Reducer 3: 0/1	
INFO  : Map 1: 100(+29)/129	Map 4: 1/1	Map 5: 7/7	Map 6: 1/1	Reducer 2: 0(+253)/253	Reducer 3: 0/1	
INFO  : Map 1: 101(+28)/129	Map 4: 1/1	Map 5: 7/7	Map 6: 1/1	Reducer 2: 0(+253)/253	Reducer 3: 0/1	
INFO  : Map 1: 102(+27)/129	Map 4: 1/1	Map 5: 7/7	Map 6: 1/1	Reducer 2: 0(+253)/253	Reducer 3: 0/1	
INFO  : Map 1: 103(+26)/129	Map 4: 1/1	Map 5: 7/7	Map 6: 1/1	Reducer 2: 0(+253)/253	Reducer 3: 0/1	
INFO  : Map 1: 104(+25)/129	Map 4: 1/1	Map 5: 7/7	Map 6: 1/1	Reducer 2: 0(+253)/253	Reducer 3: 0/1	
INFO  : Map 1: 105(+24)/129	Map 4: 1/1	Map 5: 7/7	Map 6: 1/1	Reducer 2: 0(+253)/253	Reducer 3: 0/1	
INFO  : Map 1: 106(+23)/129	Map 4: 1/1	Map 5: 7/7	Map 6: 1/1	Reducer 2: 0(+253)/253	Reducer 3: 0/1	
INFO  : Map 1: 106(+23)/129	Map 4: 1/1	Map 5: 7/7	Map 6: 1/1	Reducer 2: 0(+253)/253	Reducer 3: 0/1	
INFO  : Map 1: 107(+22)/129	Map 4: 1/1	Map 5: 7/7	Map 6: 1/1	Reducer 2: 0(+253)/253	Reducer 3: 0/1	
INFO  : Map 1: 108(+21)/129	Map 4: 1/1	Map 5: 7/7	Map 6: 1/1	Reducer 2: 0(+253)/253	Reducer 3: 0/1	
INFO  : Map 1: 108(+21)/129	Map 4: 1/1	Map 5: 7/7	Map 6: 1/1	Reducer 2: 0(+253)/253	Reducer 3: 0/1	
INFO  : Map 1: 108(+21)/129	Map 4: 1/1	Map 5: 7/7	Map 6: 1/1	Reducer 2: 0(+253)/253	Reducer 3: 0/1	
INFO  : Map 1: 109(+20)/129	Map 4: 1/1	Map 5: 7/7	Map 6: 1/1	Reducer 2: 0(+253)/253	Reducer 3: 0/1	
INFO  : Map 1: 110(+19)/129	Map 4: 1/1	Map 5: 7/7	Map 6: 1/1	Reducer 2: 0(+253)/253	Reducer 3: 0/1	
INFO  : Map 1: 110(+19)/129	Map 4: 1/1	Map 5: 7/7	Map 6: 1/1	Reducer 2: 0(+253)/253	Reducer 3: 0/1	
INFO  : Map 1: 110(+19)/129	Map 4: 1/1	Map 5: 7/7	Map 6: 1/1	Reducer 2: 0(+253)/253	Reducer 3: 0/1	
INFO  : Map 1: 110(+19)/129	Map 4: 1/1	Map 5: 7/7	Map 6: 1/1	Reducer 2: 0(+253)/253	Reducer 3: 0/1	
INFO  : Map 1: 110(+19)/129	Map 4: 1/1	Map 5: 7/7	Map 6: 1/1	Reducer 2: 0(+253)/253	Reducer 3: 0/1	
INFO  : Map 1: 110(+19)/129	Map 4: 1/1	Map 5: 7/7	Map 6: 1/1	Reducer 2: 0(+253)/253	Reducer 3: 0/1	
INFO  : Map 1: 110(+19)/129	Map 4: 1/1	Map 5: 7/7	Map 6: 1/1	Reducer 2: 0(+253)/253	Reducer 3: 0/1	
INFO  : Map 1: 110(+19)/129	Map 4: 1/1	Map 5: 7/7	Map 6: 1/1	Reducer 2: 0(+253)/253	Reducer 3: 0/1	
INFO  : Map 1: 110(+19)/129	Map 4: 1/1	Map 5: 7/7	Map 6: 1/1	Reducer 2: 0(+253)/253	Reducer 3: 0/1	
INFO  : Map 1: 110(+19)/129	Map 4: 1/1	Map 5: 7/7	Map 6: 1/1	Reducer 2: 0(+253)/253	Reducer 3: 0/1	
INFO  : Map 1: 110(+19)/129	Map 4: 1/1	Map 5: 7/7	Map 6: 1/1	Reducer 2: 0(+253)/253	Reducer 3: 0/1	
INFO  : Map 1: 110(+19)/129	Map 4: 1/1	Map 5: 7/7	Map 6: 1/1	Reducer 2: 0(+253)/253	Reducer 3: 0/1	
INFO  : Map 1: 110(+19)/129	Map 4: 1/1	Map 5: 7/7	Map 6: 1/1	Reducer 2: 0(+253)/253	Reducer 3: 0/1	
INFO  : Map 1: 110(+19)/129	Map 4: 1/1	Map 5: 7/7	Map 6: 1/1	Reducer 2: 0(+253)/253	Reducer 3: 0/1	
INFO  : Map 1: 110(+19)/129	Map 4: 1/1	Map 5: 7/7	Map 6: 1/1	Reducer 2: 0(+253)/253	Reducer 3: 0/1	
INFO  : Map 1: 110(+19)/129	Map 4: 1/1	Map 5: 7/7	Map 6: 1/1	Reducer 2: 0(+253)/253	Reducer 3: 0/1	
INFO  : Map 1: 110(+19)/129	Map 4: 1/1	Map 5: 7/7	Map 6: 1/1	Reducer 2: 0(+253)/253	Reducer 3: 0/1	
INFO  : Map 1: 110(+19)/129	Map 4: 1/1	Map 5: 7/7	Map 6: 1/1	Reducer 2: 0(+253)/253	Reducer 3: 0/1	
INFO  : Map 1: 110(+19)/129	Map 4: 1/1	Map 5: 7/7	Map 6: 1/1	Reducer 2: 0(+253)/253	Reducer 3: 0/1	
INFO  : Map 1: 110(+19)/129	Map 4: 1/1	Map 5: 7/7	Map 6: 1/1	Reducer 2: 0(+253)/253	Reducer 3: 0/1	
INFO  : Map 1: 110(+19)/129	Map 4: 1/1	Map 5: 7/7	Map 6: 1/1	Reducer 2: 0(+253)/253	Reducer 3: 0/1	
INFO  : Map 1: 110(+19)/129	Map 4: 1/1	Map 5: 7/7	Map 6: 1/1	Reducer 2: 0(+253)/253	Reducer 3: 0/1	
INFO  : Map 1: 110(+19)/129	Map 4: 1/1	Map 5: 7/7	Map 6: 1/1	Reducer 2: 0(+253)/253	Reducer 3: 0/1	
INFO  : Map 1: 110(+19)/129	Map 4: 1/1	Map 5: 7/7	Map 6: 1/1	Reducer 2: 0(+253)/253	Reducer 3: 0/1	
INFO  : Map 1: 110(+19)/129	Map 4: 1/1	Map 5: 7/7	Map 6: 1/1	Reducer 2: 0(+253)/253	Reducer 3: 0/1	
INFO  : Map 1: 110(+19)/129	Map 4: 1/1	Map 5: 7/7	Map 6: 1/1	Reducer 2: 0(+253)/253	Reducer 3: 0/1	
INFO  : Map 1: 110(+19)/129	Map 4: 1/1	Map 5: 7/7	Map 6: 1/1	Reducer 2: 0(+253)/253	Reducer 3: 0/1	
INFO  : Map 1: 110(+19)/129	Map 4: 1/1	Map 5: 7/7	Map 6: 1/1	Reducer 2: 0(+253)/253	Reducer 3: 0/1	
INFO  : Map 1: 110(+19)/129	Map 4: 1/1	Map 5: 7/7	Map 6: 1/1	Reducer 2: 0(+253)/253	Reducer 3: 0/1	
INFO  : Map 1: 110(+19)/129	Map 4: 1/1	Map 5: 7/7	Map 6: 1/1	Reducer 2: 0(+253)/253	Reducer 3: 0/1	
INFO  : Map 1: 111(+18)/129	Map 4: 1/1	Map 5: 7/7	Map 6: 1/1	Reducer 2: 0(+253)/253	Reducer 3: 0/1	
INFO  : Map 1: 111(+18)/129	Map 4: 1/1	Map 5: 7/7	Map 6: 1/1	Reducer 2: 0(+253)/253	Reducer 3: 0/1	
INFO  : Map 1: 113(+16)/129	Map 4: 1/1	Map 5: 7/7	Map 6: 1/1	Reducer 2: 0(+253)/253	Reducer 3: 0/1	
INFO  : Map 1: 113(+16)/129	Map 4: 1/1	Map 5: 7/7	Map 6: 1/1	Reducer 2: 0(+253)/253	Reducer 3: 0/1	
INFO  : Map 1: 113(+16)/129	Map 4: 1/1	Map 5: 7/7	Map 6: 1/1	Reducer 2: 0(+253)/253	Reducer 3: 0/1	
INFO  : Map 1: 113(+16)/129	Map 4: 1/1	Map 5: 7/7	Map 6: 1/1	Reducer 2: 0(+253)/253	Reducer 3: 0/1	
INFO  : Map 1: 114(+15)/129	Map 4: 1/1	Map 5: 7/7	Map 6: 1/1	Reducer 2: 0(+253)/253	Reducer 3: 0/1	
INFO  : Map 1: 114(+15)/129	Map 4: 1/1	Map 5: 7/7	Map 6: 1/1	Reducer 2: 0(+253)/253	Reducer 3: 0/1	
INFO  : Map 1: 114(+15)/129	Map 4: 1/1	Map 5: 7/7	Map 6: 1/1	Reducer 2: 0(+253)/253	Reducer 3: 0/1	
INFO  : Map 1: 115(+14)/129	Map 4: 1/1	Map 5: 7/7	Map 6: 1/1	Reducer 2: 0(+253)/253	Reducer 3: 0/1	
INFO  : Map 1: 115(+14)/129	Map 4: 1/1	Map 5: 7/7	Map 6: 1/1	Reducer 2: 0(+253)/253	Reducer 3: 0/1	
INFO  : Map 1: 116(+13)/129	Map 4: 1/1	Map 5: 7/7	Map 6: 1/1	Reducer 2: 0(+253)/253	Reducer 3: 0/1	
INFO  : Map 1: 116(+13)/129	Map 4: 1/1	Map 5: 7/7	Map 6: 1/1	Reducer 2: 0(+253)/253	Reducer 3: 0/1	
INFO  : Map 1: 116(+13)/129	Map 4: 1/1	Map 5: 7/7	Map 6: 1/1	Reducer 2: 0(+253)/253	Reducer 3: 0/1	
INFO  : Map 1: 116(+13)/129	Map 4: 1/1	Map 5: 7/7	Map 6: 1/1	Reducer 2: 0(+253)/253	Reducer 3: 0/1	
INFO  : Map 1: 117(+12)/129	Map 4: 1/1	Map 5: 7/7	Map 6: 1/1	Reducer 2: 0(+253)/253	Reducer 3: 0/1	
INFO  : Map 1: 118(+11)/129	Map 4: 1/1	Map 5: 7/7	Map 6: 1/1	Reducer 2: 0(+253)/253	Reducer 3: 0/1	
INFO  : Map 1: 119(+10)/129	Map 4: 1/1	Map 5: 7/7	Map 6: 1/1	Reducer 2: 0(+253)/253	Reducer 3: 0/1	
INFO  : Map 1: 120(+9)/129	Map 4: 1/1	Map 5: 7/7	Map 6: 1/1	Reducer 2: 0(+253)/253	Reducer 3: 0/1	
INFO  : Map 1: 121(+8)/129	Map 4: 1/1	Map 5: 7/7	Map 6: 1/1	Reducer 2: 0(+253)/253	Reducer 3: 0/1	
INFO  : Map 1: 122(+7)/129	Map 4: 1/1	Map 5: 7/7	Map 6: 1/1	Reducer 2: 0(+253)/253	Reducer 3: 0/1	
INFO  : Map 1: 123(+6)/129	Map 4: 1/1	Map 5: 7/7	Map 6: 1/1	Reducer 2: 0(+253)/253	Reducer 3: 0/1	
INFO  : Map 1: 124(+5)/129	Map 4: 1/1	Map 5: 7/7	Map 6: 1/1	Reducer 2: 0(+253)/253	Reducer 3: 0/1	
INFO  : Map 1: 125(+4)/129	Map 4: 1/1	Map 5: 7/7	Map 6: 1/1	Reducer 2: 0(+253)/253	Reducer 3: 0/1	
INFO  : Map 1: 126(+3)/129	Map 4: 1/1	Map 5: 7/7	Map 6: 1/1	Reducer 2: 0(+253)/253	Reducer 3: 0/1	
INFO  : Map 1: 127(+2)/129	Map 4: 1/1	Map 5: 7/7	Map 6: 1/1	Reducer 2: 0(+253)/253	Reducer 3: 0/1	
INFO  : Map 1: 127(+2)/129	Map 4: 1/1	Map 5: 7/7	Map 6: 1/1	Reducer 2: 0(+253)/253	Reducer 3: 0/1	
INFO  : Map 1: 127(+2)/129	Map 4: 1/1	Map 5: 7/7	Map 6: 1/1	Reducer 2: 0(+253)/253	Reducer 3: 0/1	
INFO  : Map 1: 127(+2)/129	Map 4: 1/1	Map 5: 7/7	Map 6: 1/1	Reducer 2: 0(+253)/253	Reducer 3: 0/1	
INFO  : Map 1: 127(+2)/129	Map 4: 1/1	Map 5: 7/7	Map 6: 1/1	Reducer 2: 0(+253)/253	Reducer 3: 0/1	
INFO  : Map 1: 127(+2)/129	Map 4: 1/1	Map 5: 7/7	Map 6: 1/1	Reducer 2: 0(+253)/253	Reducer 3: 0/1	
INFO  : Map 1: 127(+2)/129	Map 4: 1/1	Map 5: 7/7	Map 6: 1/1	Reducer 2: 0(+253)/253	Reducer 3: 0/1	
INFO  : Map 1: 127(+2)/129	Map 4: 1/1	Map 5: 7/7	Map 6: 1/1	Reducer 2: 0(+253)/253	Reducer 3: 0/1	
INFO  : Map 1: 127(+2)/129	Map 4: 1/1	Map 5: 7/7	Map 6: 1/1	Reducer 2: 0(+253)/253	Reducer 3: 0/1	
INFO  : Map 1: 127(+2)/129	Map 4: 1/1	Map 5: 7/7	Map 6: 1/1	Reducer 2: 0(+253)/253	Reducer 3: 0/1	
INFO  : Map 1: 127(+2)/129	Map 4: 1/1	Map 5: 7/7	Map 6: 1/1	Reducer 2: 0(+253)/253	Reducer 3: 0/1	
INFO  : Map 1: 127(+2)/129	Map 4: 1/1	Map 5: 7/7	Map 6: 1/1	Reducer 2: 0(+253)/253	Reducer 3: 0/1	
INFO  : Map 1: 127(+2)/129	Map 4: 1/1	Map 5: 7/7	Map 6: 1/1	Reducer 2: 0(+253)/253	Reducer 3: 0/1	
INFO  : Map 1: 127(+2)/129	Map 4: 1/1	Map 5: 7/7	Map 6: 1/1	Reducer 2: 0(+253)/253	Reducer 3: 0/1	
INFO  : Map 1: 127(+2)/129	Map 4: 1/1	Map 5: 7/7	Map 6: 1/1	Reducer 2: 0(+253)/253	Reducer 3: 0/1	
INFO  : Map 1: 127(+2)/129	Map 4: 1/1	Map 5: 7/7	Map 6: 1/1	Reducer 2: 0(+253)/253	Reducer 3: 0/1	
INFO  : Map 1: 127(+2)/129	Map 4: 1/1	Map 5: 7/7	Map 6: 1/1	Reducer 2: 0(+253)/253	Reducer 3: 0/1	
INFO  : Map 1: 127(+2)/129	Map 4: 1/1	Map 5: 7/7	Map 6: 1/1	Reducer 2: 0(+253)/253	Reducer 3: 0/1	
INFO  : Map 1: 127(+2)/129	Map 4: 1/1	Map 5: 7/7	Map 6: 1/1	Reducer 2: 0(+253)/253	Reducer 3: 0/1	
INFO  : Map 1: 127(+2)/129	Map 4: 1/1	Map 5: 7/7	Map 6: 1/1	Reducer 2: 0(+253)/253	Reducer 3: 0/1	
INFO  : Map 1: 127(+2)/129	Map 4: 1/1	Map 5: 7/7	Map 6: 1/1	Reducer 2: 0(+253)/253	Reducer 3: 0/1	
INFO  : Map 1: 127(+2)/129	Map 4: 1/1	Map 5: 7/7	Map 6: 1/1	Reducer 2: 0(+253)/253	Reducer 3: 0/1	
INFO  : Map 1: 127(+2)/129	Map 4: 1/1	Map 5: 7/7	Map 6: 1/1	Reducer 2: 0(+253)/253	Reducer 3: 0/1	
INFO  : Map 1: 127(+2)/129	Map 4: 1/1	Map 5: 7/7	Map 6: 1/1	Reducer 2: 0(+253)/253	Reducer 3: 0/1	
INFO  : Map 1: 127(+2)/129	Map 4: 1/1	Map 5: 7/7	Map 6: 1/1	Reducer 2: 0(+253)/253	Reducer 3: 0/1	
INFO  : Map 1: 127(+2)/129	Map 4: 1/1	Map 5: 7/7	Map 6: 1/1	Reducer 2: 0(+253)/253	Reducer 3: 0/1	
INFO  : Map 1: 127(+2)/129	Map 4: 1/1	Map 5: 7/7	Map 6: 1/1	Reducer 2: 0(+253)/253	Reducer 3: 0/1	
INFO  : Map 1: 127(+2)/129	Map 4: 1/1	Map 5: 7/7	Map 6: 1/1	Reducer 2: 0(+253)/253	Reducer 3: 0/1	
INFO  : Map 1: 127(+2)/129	Map 4: 1/1	Map 5: 7/7	Map 6: 1/1	Reducer 2: 0(+253)/253	Reducer 3: 0/1	
INFO  : Map 1: 127(+2)/129	Map 4: 1/1	Map 5: 7/7	Map 6: 1/1	Reducer 2: 0(+253)/253	Reducer 3: 0/1	
INFO  : Map 1: 127(+2)/129	Map 4: 1/1	Map 5: 7/7	Map 6: 1/1	Reducer 2: 0(+253)/253	Reducer 3: 0/1	
INFO  : Map 1: 127(+2)/129	Map 4: 1/1	Map 5: 7/7	Map 6: 1/1	Reducer 2: 0(+253)/253	Reducer 3: 0/1	
INFO  : Map 1: 127(+2)/129	Map 4: 1/1	Map 5: 7/7	Map 6: 1/1	Reducer 2: 0(+253)/253	Reducer 3: 0/1	
INFO  : Map 1: 127(+2)/129	Map 4: 1/1	Map 5: 7/7	Map 6: 1/1	Reducer 2: 0(+253)/253	Reducer 3: 0/1	
INFO  : Map 1: 127(+2)/129	Map 4: 1/1	Map 5: 7/7	Map 6: 1/1	Reducer 2: 0(+253)/253	Reducer 3: 0/1	
INFO  : Map 1: 127(+2)/129	Map 4: 1/1	Map 5: 7/7	Map 6: 1/1	Reducer 2: 0(+253)/253	Reducer 3: 0/1	
INFO  : Map 1: 127(+2)/129	Map 4: 1/1	Map 5: 7/7	Map 6: 1/1	Reducer 2: 0(+253)/253	Reducer 3: 0/1	
INFO  : Map 1: 128(+1)/129	Map 4: 1/1	Map 5: 7/7	Map 6: 1/1	Reducer 2: 0(+253)/253	Reducer 3: 0/1	
INFO  : Map 1: 128(+1)/129	Map 4: 1/1	Map 5: 7/7	Map 6: 1/1	Reducer 2: 0(+253)/253	Reducer 3: 0/1	
INFO  : Map 1: 128(+1)/129	Map 4: 1/1	Map 5: 7/7	Map 6: 1/1	Reducer 2: 0(+253)/253	Reducer 3: 0/1	
INFO  : Map 1: 128(+1)/129	Map 4: 1/1	Map 5: 7/7	Map 6: 1/1	Reducer 2: 0(+253)/253	Reducer 3: 0/1	
INFO  : Map 1: 128(+1)/129	Map 4: 1/1	Map 5: 7/7	Map 6: 1/1	Reducer 2: 0(+253)/253	Reducer 3: 0/1	
INFO  : Map 1: 128(+1)/129	Map 4: 1/1	Map 5: 7/7	Map 6: 1/1	Reducer 2: 0(+253)/253	Reducer 3: 0/1	
INFO  : Map 1: 128(+1)/129	Map 4: 1/1	Map 5: 7/7	Map 6: 1/1	Reducer 2: 0(+253)/253	Reducer 3: 0/1	
INFO  : Map 1: 128(+1)/129	Map 4: 1/1	Map 5: 7/7	Map 6: 1/1	Reducer 2: 0(+253)/253	Reducer 3: 0/1	
INFO  : Map 1: 128(+1)/129	Map 4: 1/1	Map 5: 7/7	Map 6: 1/1	Reducer 2: 0(+253)/253	Reducer 3: 0/1	
INFO  : Map 1: 128(+1)/129	Map 4: 1/1	Map 5: 7/7	Map 6: 1/1	Reducer 2: 0(+253)/253	Reducer 3: 0/1	
INFO  : Map 1: 128(+1)/129	Map 4: 1/1	Map 5: 7/7	Map 6: 1/1	Reducer 2: 0(+253)/253	Reducer 3: 0/1	
INFO  : Map 1: 128(+1)/129	Map 4: 1/1	Map 5: 7/7	Map 6: 1/1	Reducer 2: 0(+253)/253	Reducer 3: 0/1	
INFO  : Map 1: 128(+1)/129	Map 4: 1/1	Map 5: 7/7	Map 6: 1/1	Reducer 2: 0(+253)/253	Reducer 3: 0/1	
INFO  : Map 1: 128(+1)/129	Map 4: 1/1	Map 5: 7/7	Map 6: 1/1	Reducer 2: 0(+253)/253	Reducer 3: 0/1	
INFO  : Map 1: 128(+1)/129	Map 4: 1/1	Map 5: 7/7	Map 6: 1/1	Reducer 2: 0(+253)/253	Reducer 3: 0/1	
INFO  : Map 1: 128(+1)/129	Map 4: 1/1	Map 5: 7/7	Map 6: 1/1	Reducer 2: 0(+253)/253	Reducer 3: 0/1	
INFO  : Map 1: 128(+1)/129	Map 4: 1/1	Map 5: 7/7	Map 6: 1/1	Reducer 2: 0(+253)/253	Reducer 3: 0/1	
INFO  : Map 1: 128(+1)/129	Map 4: 1/1	Map 5: 7/7	Map 6: 1/1	Reducer 2: 0(+253)/253	Reducer 3: 0/1	
INFO  : Map 1: 128(+1)/129	Map 4: 1/1	Map 5: 7/7	Map 6: 1/1	Reducer 2: 0(+253)/253	Reducer 3: 0/1	
INFO  : Map 1: 128(+1)/129	Map 4: 1/1	Map 5: 7/7	Map 6: 1/1	Reducer 2: 0(+253)/253	Reducer 3: 0/1	
INFO  : Map 1: 128(+1)/129	Map 4: 1/1	Map 5: 7/7	Map 6: 1/1	Reducer 2: 0(+253)/253	Reducer 3: 0/1	
INFO  : Map 1: 128(+1)/129	Map 4: 1/1	Map 5: 7/7	Map 6: 1/1	Reducer 2: 0(+253)/253	Reducer 3: 0/1	
INFO  : Map 1: 128(+1)/129	Map 4: 1/1	Map 5: 7/7	Map 6: 1/1	Reducer 2: 0(+253)/253	Reducer 3: 0/1	
INFO  : Map 1: 128(+1)/129	Map 4: 1/1	Map 5: 7/7	Map 6: 1/1	Reducer 2: 0(+253)/253	Reducer 3: 0/1	
INFO  : Map 1: 128(+1)/129	Map 4: 1/1	Map 5: 7/7	Map 6: 1/1	Reducer 2: 0(+253)/253	Reducer 3: 0/1	
INFO  : Map 1: 128(+1)/129	Map 4: 1/1	Map 5: 7/7	Map 6: 1/1	Reducer 2: 0(+253)/253	Reducer 3: 0/1	
INFO  : Map 1: 128(+1)/129	Map 4: 1/1	Map 5: 7/7	Map 6: 1/1	Reducer 2: 0(+253)/253	Reducer 3: 0/1	
INFO  : Map 1: 128(+1)/129	Map 4: 1/1	Map 5: 7/7	Map 6: 1/1	Reducer 2: 0(+253)/253	Reducer 3: 0/1	
INFO  : Map 1: 128(+1)/129	Map 4: 1/1	Map 5: 7/7	Map 6: 1/1	Reducer 2: 0(+253)/253	Reducer 3: 0/1	
INFO  : Map 1: 128(+1)/129	Map 4: 1/1	Map 5: 7/7	Map 6: 1/1	Reducer 2: 0(+253)/253	Reducer 3: 0/1	
INFO  : Map 1: 129/129	Map 4: 1/1	Map 5: 7/7	Map 6: 1/1	Reducer 2: 0(+253)/253	Reducer 3: 0/1	
INFO  : Map 1: 129/129	Map 4: 1/1	Map 5: 7/7	Map 6: 1/1	Reducer 2: 1(+252)/253	Reducer 3: 0/1	
INFO  : Map 1: 129/129	Map 4: 1/1	Map 5: 7/7	Map 6: 1/1	Reducer 2: 7(+246)/253	Reducer 3: 0/1	
INFO  : Map 1: 129/129	Map 4: 1/1	Map 5: 7/7	Map 6: 1/1	Reducer 2: 22(+230)/253	Reducer 3: 0/1	
INFO  : Map 1: 129/129	Map 4: 1/1	Map 5: 7/7	Map 6: 1/1	Reducer 2: 42(+211)/253	Reducer 3: 0/1	
INFO  : Map 1: 129/129	Map 4: 1/1	Map 5: 7/7	Map 6: 1/1	Reducer 2: 63(+190)/253	Reducer 3: 0(+1)/1	
INFO  : Map 1: 129/129	Map 4: 1/1	Map 5: 7/7	Map 6: 1/1	Reducer 2: 91(+162)/253	Reducer 3: 0(+1)/1	
INFO  : Map 1: 129/129	Map 4: 1/1	Map 5: 7/7	Map 6: 1/1	Reducer 2: 110(+143)/253	Reducer 3: 0(+1)/1	
INFO  : Map 1: 129/129	Map 4: 1/1	Map 5: 7/7	Map 6: 1/1	Reducer 2: 128(+125)/253	Reducer 3: 0(+1)/1	
INFO  : Map 1: 129/129	Map 4: 1/1	Map 5: 7/7	Map 6: 1/1	Reducer 2: 149(+104)/253	Reducer 3: 0(+1)/1	
INFO  : Map 1: 129/129	Map 4: 1/1	Map 5: 7/7	Map 6: 1/1	Reducer 2: 165(+88)/253	Reducer 3: 0(+1)/1	
INFO  : Map 1: 129/129	Map 4: 1/1	Map 5: 7/7	Map 6: 1/1	Reducer 2: 179(+74)/253	Reducer 3: 0(+1)/1	
INFO  : Map 1: 129/129	Map 4: 1/1	Map 5: 7/7	Map 6: 1/1	Reducer 2: 200(+53)/253	Reducer 3: 0(+1)/1	
INFO  : Map 1: 129/129	Map 4: 1/1	Map 5: 7/7	Map 6: 1/1	Reducer 2: 209(+44)/253	Reducer 3: 0(+1)/1	
INFO  : Map 1: 129/129	Map 4: 1/1	Map 5: 7/7	Map 6: 1/1	Reducer 2: 217(+36)/253	Reducer 3: 0(+1)/1	
INFO  : Map 1: 129/129	Map 4: 1/1	Map 5: 7/7	Map 6: 1/1	Reducer 2: 223(+30)/253	Reducer 3: 0(+1)/1	
INFO  : Map 1: 129/129	Map 4: 1/1	Map 5: 7/7	Map 6: 1/1	Reducer 2: 230(+22)/253	Reducer 3: 0(+1)/1	
INFO  : Map 1: 129/129	Map 4: 1/1	Map 5: 7/7	Map 6: 1/1	Reducer 2: 238(+15)/253	Reducer 3: 0(+1)/1	
INFO  : Map 1: 129/129	Map 4: 1/1	Map 5: 7/7	Map 6: 1/1	Reducer 2: 239(+14)/253	Reducer 3: 0(+1)/1	
INFO  : Map 1: 129/129	Map 4: 1/1	Map 5: 7/7	Map 6: 1/1	Reducer 2: 242(+11)/253	Reducer 3: 0(+1)/1	
INFO  : Map 1: 129/129	Map 4: 1/1	Map 5: 7/7	Map 6: 1/1	Reducer 2: 246(+7)/253	Reducer 3: 0(+1)/1	
INFO  : Map 1: 129/129	Map 4: 1/1	Map 5: 7/7	Map 6: 1/1	Reducer 2: 249(+4)/253	Reducer 3: 0(+1)/1	
INFO  : Map 1: 129/129	Map 4: 1/1	Map 5: 7/7	Map 6: 1/1	Reducer 2: 251(+2)/253	Reducer 3: 0(+1)/1	
INFO  : Map 1: 129/129	Map 4: 1/1	Map 5: 7/7	Map 6: 1/1	Reducer 2: 252(+1)/253	Reducer 3: 0(+1)/1	
INFO  : Map 1: 129/129	Map 4: 1/1	Map 5: 7/7	Map 6: 1/1	Reducer 2: 252(+1)/253	Reducer 3: 0(+1)/1	
INFO  : Map 1: 129/129	Map 4: 1/1	Map 5: 7/7	Map 6: 1/1	Reducer 2: 252(+1)/253	Reducer 3: 0(+1)/1	
INFO  : Map 1: 129/129	Map 4: 1/1	Map 5: 7/7	Map 6: 1/1	Reducer 2: 252(+1)/253	Reducer 3: 0(+1)/1	
INFO  : Map 1: 129/129	Map 4: 1/1	Map 5: 7/7	Map 6: 1/1	Reducer 2: 252(+1)/253	Reducer 3: 0(+1)/1	
INFO  : Map 1: 129/129	Map 4: 1/1	Map 5: 7/7	Map 6: 1/1	Reducer 2: 252(+1)/253	Reducer 3: 0(+1)/1	
INFO  : Map 1: 129/129	Map 4: 1/1	Map 5: 7/7	Map 6: 1/1	Reducer 2: 252(+1)/253	Reducer 3: 0(+1)/1	
INFO  : Map 1: 129/129	Map 4: 1/1	Map 5: 7/7	Map 6: 1/1	Reducer 2: 252(+1)/253	Reducer 3: 0(+1)/1	
INFO  : Map 1: 129/129	Map 4: 1/1	Map 5: 7/7	Map 6: 1/1	Reducer 2: 252(+1)/253	Reducer 3: 0(+1)/1	
INFO  : Map 1: 129/129	Map 4: 1/1	Map 5: 7/7	Map 6: 1/1	Reducer 2: 252(+1)/253	Reducer 3: 0(+1)/1	
INFO  : Map 1: 129/129	Map 4: 1/1	Map 5: 7/7	Map 6: 1/1	Reducer 2: 252(+1)/253	Reducer 3: 0(+1)/1	
INFO  : Map 1: 129/129	Map 4: 1/1	Map 5: 7/7	Map 6: 1/1	Reducer 2: 252(+1)/253	Reducer 3: 0(+1)/1	
INFO  : Map 1: 129/129	Map 4: 1/1	Map 5: 7/7	Map 6: 1/1	Reducer 2: 252(+1)/253	Reducer 3: 0(+1)/1	
INFO  : Map 1: 129/129	Map 4: 1/1	Map 5: 7/7	Map 6: 1/1	Reducer 2: 252(+1)/253	Reducer 3: 0(+1)/1	
INFO  : Map 1: 129/129	Map 4: 1/1	Map 5: 7/7	Map 6: 1/1	Reducer 2: 252(+1)/253	Reducer 3: 0(+1)/1	
INFO  : Map 1: 129/129	Map 4: 1/1	Map 5: 7/7	Map 6: 1/1	Reducer 2: 252(+1)/253	Reducer 3: 0(+1)/1	
INFO  : Map 1: 129/129	Map 4: 1/1	Map 5: 7/7	Map 6: 1/1	Reducer 2: 252(+1)/253	Reducer 3: 0(+1)/1	
INFO  : Map 1: 129/129	Map 4: 1/1	Map 5: 7/7	Map 6: 1/1	Reducer 2: 252(+1)/253	Reducer 3: 0(+1)/1	
INFO  : Map 1: 129/129	Map 4: 1/1	Map 5: 7/7	Map 6: 1/1	Reducer 2: 252(+1)/253	Reducer 3: 0(+1)/1	
INFO  : Map 1: 129/129	Map 4: 1/1	Map 5: 7/7	Map 6: 1/1	Reducer 2: 252(+1)/253	Reducer 3: 0(+1)/1	
INFO  : Map 1: 129/129	Map 4: 1/1	Map 5: 7/7	Map 6: 1/1	Reducer 2: 252(+1)/253	Reducer 3: 0(+1)/1	
INFO  : Map 1: 129/129	Map 4: 1/1	Map 5: 7/7	Map 6: 1/1	Reducer 2: 252(+1)/253	Reducer 3: 0(+1)/1	
INFO  : Map 1: 129/129	Map 4: 1/1	Map 5: 7/7	Map 6: 1/1	Reducer 2: 252(+1)/253	Reducer 3: 0(+1)/1	
INFO  : Map 1: 129/129	Map 4: 1/1	Map 5: 7/7	Map 6: 1/1	Reducer 2: 252(+1)/253	Reducer 3: 0(+1)/1	
INFO  : Map 1: 129/129	Map 4: 1/1	Map 5: 7/7	Map 6: 1/1	Reducer 2: 252(+1)/253	Reducer 3: 0(+1)/1	
INFO  : Map 1: 129/129	Map 4: 1/1	Map 5: 7/7	Map 6: 1/1	Reducer 2: 252(+1)/253	Reducer 3: 0(+1)/1	
INFO  : Map 1: 129/129	Map 4: 1/1	Map 5: 7/7	Map 6: 1/1	Reducer 2: 252(+1)/253	Reducer 3: 0(+1)/1	
INFO  : Map 1: 129/129	Map 4: 1/1	Map 5: 7/7	Map 6: 1/1	Reducer 2: 252(+1)/253	Reducer 3: 0(+1)/1	
INFO  : Map 1: 129/129	Map 4: 1/1	Map 5: 7/7	Map 6: 1/1	Reducer 2: 252(+1)/253	Reducer 3: 0(+1)/1	
INFO  : Map 1: 129/129	Map 4: 1/1	Map 5: 7/7	Map 6: 1/1	Reducer 2: 252(+1)/253	Reducer 3: 0(+1)/1	
INFO  : Map 1: 129/129	Map 4: 1/1	Map 5: 7/7	Map 6: 1/1	Reducer 2: 252(+1)/253	Reducer 3: 0(+1)/1	
INFO  : Map 1: 129/129	Map 4: 1/1	Map 5: 7/7	Map 6: 1/1	Reducer 2: 252(+1)/253	Reducer 3: 0(+1)/1	
INFO  : Map 1: 129/129	Map 4: 1/1	Map 5: 7/7	Map 6: 1/1	Reducer 2: 252(+1)/253	Reducer 3: 0(+1)/1	
INFO  : Map 1: 129/129	Map 4: 1/1	Map 5: 7/7	Map 6: 1/1	Reducer 2: 252(+1)/253	Reducer 3: 0(+1)/1	
INFO  : Map 1: 129/129	Map 4: 1/1	Map 5: 7/7	Map 6: 1/1	Reducer 2: 252(+1)/253	Reducer 3: 0(+1)/1	
INFO  : Map 1: 129/129	Map 4: 1/1	Map 5: 7/7	Map 6: 1/1	Reducer 2: 252(+1)/253	Reducer 3: 0(+1)/1	
INFO  : Map 1: 129/129	Map 4: 1/1	Map 5: 7/7	Map 6: 1/1	Reducer 2: 252(+1)/253	Reducer 3: 0(+1)/1	
INFO  : Map 1: 129/129	Map 4: 1/1	Map 5: 7/7	Map 6: 1/1	Reducer 2: 252(+1)/253	Reducer 3: 0(+1)/1	
INFO  : Map 1: 129/129	Map 4: 1/1	Map 5: 7/7	Map 6: 1/1	Reducer 2: 252(+1)/253	Reducer 3: 0(+1)/1	
INFO  : Map 1: 129/129	Map 4: 1/1	Map 5: 7/7	Map 6: 1/1	Reducer 2: 252(+1)/253	Reducer 3: 0(+1)/1	
INFO  : Map 1: 129/129	Map 4: 1/1	Map 5: 7/7	Map 6: 1/1	Reducer 2: 252(+1)/253	Reducer 3: 0(+1)/1	
INFO  : Map 1: 129/129	Map 4: 1/1	Map 5: 7/7	Map 6: 1/1	Reducer 2: 252(+1)/253	Reducer 3: 0(+1)/1	
INFO  : Map 1: 129/129	Map 4: 1/1	Map 5: 7/7	Map 6: 1/1	Reducer 2: 252(+1)/253	Reducer 3: 0(+1)/1	
INFO  : Map 1: 129/129	Map 4: 1/1	Map 5: 7/7	Map 6: 1/1	Reducer 2: 252(+1)/253	Reducer 3: 0(+1)/1	
INFO  : Map 1: 129/129	Map 4: 1/1	Map 5: 7/7	Map 6: 1/1	Reducer 2: 252(+1)/253	Reducer 3: 0(+1)/1	
INFO  : Map 1: 129/129	Map 4: 1/1	Map 5: 7/7	Map 6: 1/1	Reducer 2: 252(+1)/253	Reducer 3: 0(+1)/1	
INFO  : Map 1: 129/129	Map 4: 1/1	Map 5: 7/7	Map 6: 1/1	Reducer 2: 252(+1)/253	Reducer 3: 0(+1)/1	
INFO  : Map 1: 129/129	Map 4: 1/1	Map 5: 7/7	Map 6: 1/1	Reducer 2: 252(+1)/253	Reducer 3: 0(+1)/1	
INFO  : Map 1: 129/129	Map 4: 1/1	Map 5: 7/7	Map 6: 1/1	Reducer 2: 252(+1)/253	Reducer 3: 0(+1)/1	
INFO  : Map 1: 129/129	Map 4: 1/1	Map 5: 7/7	Map 6: 1/1	Reducer 2: 252(+1)/253	Reducer 3: 0(+1)/1	
INFO  : Map 1: 129/129	Map 4: 1/1	Map 5: 7/7	Map 6: 1/1	Reducer 2: 252(+1)/253	Reducer 3: 0(+1)/1	
INFO  : Map 1: 129/129	Map 4: 1/1	Map 5: 7/7	Map 6: 1/1	Reducer 2: 252(+1)/253	Reducer 3: 0(+1)/1	
INFO  : Map 1: 129/129	Map 4: 1/1	Map 5: 7/7	Map 6: 1/1	Reducer 2: 253/253	Reducer 3: 0(+1)/1	
INFO  : Map 1: 129/129	Map 4: 1/1	Map 5: 7/7	Map 6: 1/1	Reducer 2: 253/253	Reducer 3: 1/1	
INFO  : Status: DAG finished successfully in 659.26 seconds
INFO  : 
INFO  : Query Execution Summary
INFO  : ----------------------------------------------------------------------------------------------
INFO  : ----------------------------------------------------------------------------------------------
INFO  : Compile Query                           0.24s
INFO  : Prepare Plan                            0.21s
INFO  : Submit Plan                             3.96s
INFO  : Start DAG                               0.40s
INFO  : Run DAG                               659.25s
INFO  : ----------------------------------------------------------------------------------------------
INFO  : 
INFO  : Task Execution Summary
INFO  : --------------------------------------------------------------------------------------------------------------------------------
INFO  : --------------------------------------------------------------------------------------------------------------------------------
INFO  :      Map 1          129                0             0      496498.00             0            0  1,311,927,391   1,302,025,692
INFO  :      Map 4            1                0             0         203.00             0            0         10,000             366
INFO  :      Map 5            7                0             0         203.00             0            0        402,000         402,000
INFO  :      Map 6            1                0             0         203.00             0            0             25              25
INFO  :  Reducer 2          253                0             0      540226.00             0            0  1,302,025,692          25,300
INFO  :  Reducer 3            1                0             0      158329.00             0            0         25,300               0
INFO  : --------------------------------------------------------------------------------------------------------------------------------
INFO  : 
INFO  : LLAP IO Summary
INFO  : ----------------------------------------------------------------------------------------------
INFO  : ----------------------------------------------------------------------------------------------
INFO  :      Map 1    131283       522          0    2.89GB         0B          0B       0B    90.30s
INFO  :      Map 4         1         2          0   10.13KB         0B          0B       0B     0.00s
INFO  :      Map 5        42        14          0    3.76MB         0B          0B       0B     0.10s
INFO  :      Map 6         1         2          0        7B         0B          0B       0B     0.00s
INFO  : ----------------------------------------------------------------------------------------------
INFO  : 
INFO  : FileSystem Counters Summary
INFO  : 
INFO  : ----------------------------------------------------------------------------------------------
INFO  : ----------------------------------------------------------------------------------------------
INFO  :      Map 1        288.78GB             0                  0            27.52GB             0
INFO  :      Map 4              0B             0                  0             1.52KB             0
INFO  :      Map 5              0B             0                  0             7.61MB             0
INFO  :      Map 6              0B             0                  0               160B             0
INFO  :  Reducer 2          4.63GB             0                  0           810.92KB             0
INFO  :  Reducer 3        203.21KB             0                  0                 0B             0
INFO  : ----------------------------------------------------------------------------------------------
INFO  : 
INFO  : ----------------------------------------------------------------------------------------------
INFO  : ----------------------------------------------------------------------------------------------
INFO  :      Map 1              0B             0                  0                 0B             0
INFO  :      Map 4              0B             0                  0                 0B             0
INFO  :      Map 5              0B             0                  0                 0B             0
INFO  :      Map 6              0B             0                  0                 0B             0
INFO  :  Reducer 2              0B             0                  0                 0B             0
INFO  :  Reducer 3              0B             2                  0             7.78KB             2
INFO  : ----------------------------------------------------------------------------------------------
INFO  : 
INFO  : org.apache.tez.common.counters.DAGCounter:
INFO  :    NUM_SUCCEEDED_TASKS: 392
INFO  :    TOTAL_LAUNCHED_TASKS: 392
INFO  :    DATA_LOCAL_TASKS: 138
INFO  :    AM_CPU_MILLISECONDS: 77880
INFO  :    AM_GC_TIME_MILLIS: 229
INFO  : File System Counters:
INFO  :    FILE_BYTES_READ: 293413415854
INFO  :    FILE_BYTES_WRITTEN: 27526322376
INFO  :    FILE_READ_OPS: 0
INFO  :    FILE_LARGE_READ_OPS: 0
INFO  :    FILE_WRITE_OPS: 0
INFO  :    HDFS_BYTES_READ: 0
INFO  :    HDFS_BYTES_WRITTEN: 7780
INFO  :    HDFS_READ_OPS: 2
INFO  :    HDFS_LARGE_READ_OPS: 0
INFO  :    HDFS_WRITE_OPS: 2
INFO  : org.apache.tez.common.counters.TaskCounter:
INFO  :    REDUCE_INPUT_GROUPS: 1095558
INFO  :    REDUCE_INPUT_RECORDS: 1302050992
INFO  :    COMBINE_INPUT_RECORDS: 0
INFO  :    SPILLED_RECORDS: 3953403019
INFO  :    NUM_SHUFFLED_INPUTS: 44730
INFO  :    NUM_SKIPPED_INPUTS: 85765
INFO  :    NUM_FAILED_SHUFFLE_INPUTS: 0
INFO  :    MERGED_MAP_OUTPUTS: 44649
INFO  :    INPUT_RECORDS_PROCESSED: 1315146935
INFO  :    INPUT_SPLIT_LENGTH_BYTES: 2934870633
INFO  :    OUTPUT_RECORDS: 1302453383
INFO  :    OUTPUT_LARGE_RECORDS: 0
INFO  :    OUTPUT_BYTES: 75205194491
INFO  :    OUTPUT_BYTES_WITH_OVERHEAD: 22852431089
INFO  :    OUTPUT_BYTES_PHYSICAL: 6036022807
INFO  :    ADDITIONAL_SPILLS_BYTES_WRITTEN: 23253246741
INFO  :    ADDITIONAL_SPILLS_BYTES_READ: 26581627176
INFO  :    ADDITIONAL_SPILL_COUNT: 2148
INFO  :    SHUFFLE_CHUNK_COUNT: 382
INFO  :    SHUFFLE_BYTES: 6095183531
INFO  :    SHUFFLE_BYTES_DECOMPRESSED: 23059800443
INFO  :    SHUFFLE_BYTES_TO_MEM: 5215928566
INFO  :    SHUFFLE_BYTES_TO_DISK: 191084402
INFO  :    SHUFFLE_BYTES_DISK_DIRECT: 688170563
INFO  :    NUM_MEM_TO_DISK_MERGES: 9
INFO  :    NUM_DISK_TO_DISK_MERGES: 0
INFO  :    SHUFFLE_PHASE_TIME: 95743142
INFO  :    MERGE_PHASE_TIME: 96030662
INFO  :    FIRST_EVENT_RECEIVED: 7394
INFO  :    LAST_EVENT_RECEIVED: 95702431
INFO  : HIVE:
INFO  :    CREATED_FILES: 1
INFO  :    DESERIALIZE_ERRORS: 0
INFO  :    RECORDS_IN_Map_1: 1311525000
INFO  :    RECORDS_IN_Map_4: 10000
INFO  :    RECORDS_IN_Map_5: 402000
INFO  :    RECORDS_IN_Map_6: 25
INFO  :    RECORDS_OUT_0: 100
INFO  :    RECORDS_OUT_INTERMEDIATE_Map_1: 1302025692
INFO  :    RECORDS_OUT_INTERMEDIATE_Map_4: 366
INFO  :    RECORDS_OUT_INTERMEDIATE_Map_5: 402000
INFO  :    RECORDS_OUT_INTERMEDIATE_Map_6: 25
INFO  :    RECORDS_OUT_INTERMEDIATE_Reducer_2: 25300
INFO  : Shuffle Errors:
INFO  :    BAD_ID: 0
INFO  :    CONNECTION: 0
INFO  :    IO_ERROR: 0
INFO  :    WRONG_LENGTH: 0
INFO  :    WRONG_MAP: 0
INFO  :    WRONG_REDUCE: 0
INFO  : Shuffle Errors_Reducer_2_INPUT_Map_1:
INFO  :    BAD_ID: 0
INFO  :    CONNECTION: 0
INFO  :    IO_ERROR: 0
INFO  :    WRONG_LENGTH: 0
INFO  :    WRONG_MAP: 0
INFO  :    WRONG_REDUCE: 0
INFO  : Shuffle Errors_Reducer_3_INPUT_Reducer_2:
INFO  :    BAD_ID: 0
INFO  :    CONNECTION: 0
INFO  :    IO_ERROR: 0
INFO  :    WRONG_LENGTH: 0
INFO  :    WRONG_MAP: 0
INFO  :    WRONG_REDUCE: 0
INFO  : TaskCounter_Map_1_INPUT_Map_4:
INFO  :    FIRST_EVENT_RECEIVED: 881
INFO  :    INPUT_RECORDS_PROCESSED: 3294
INFO  :    LAST_EVENT_RECEIVED: 881
INFO  :    NUM_FAILED_SHUFFLE_INPUTS: 0
INFO  :    NUM_SHUFFLED_INPUTS: 9
INFO  :    SHUFFLE_BYTES: 13356
INFO  :    SHUFFLE_BYTES_DECOMPRESSED: 23112
INFO  :    SHUFFLE_BYTES_DISK_DIRECT: 1484
INFO  :    SHUFFLE_BYTES_TO_DISK: 0
INFO  :    SHUFFLE_BYTES_TO_MEM: 11872
INFO  :    SHUFFLE_PHASE_TIME: 911
INFO  : TaskCounter_Map_1_INPUT_Map_5:
INFO  :    FIRST_EVENT_RECEIVED: 110
INFO  :    INPUT_RECORDS_PROCESSED: 3618000
INFO  :    LAST_EVENT_RECEIVED: 585
INFO  :    NUM_FAILED_SHUFFLE_INPUTS: 0
INFO  :    NUM_SHUFFLED_INPUTS: 63
INFO  :    SHUFFLE_BYTES: 68471262
INFO  :    SHUFFLE_BYTES_DECOMPRESSED: 233844696
INFO  :    SHUFFLE_BYTES_DISK_DIRECT: 7607918
INFO  :    SHUFFLE_BYTES_TO_DISK: 0
INFO  :    SHUFFLE_BYTES_TO_MEM: 60863344
INFO  :    SHUFFLE_PHASE_TIME: 1108
INFO  : TaskCounter_Map_1_INPUT_Map_6:
INFO  :    FIRST_EVENT_RECEIVED: 8
INFO  :    INPUT_RECORDS_PROCESSED: 225
INFO  :    LAST_EVENT_RECEIVED: 8
INFO  :    NUM_FAILED_SHUFFLE_INPUTS: 0
INFO  :    NUM_SHUFFLED_INPUTS: 9
INFO  :    SHUFFLE_BYTES: 1152
INFO  :    SHUFFLE_BYTES_DECOMPRESSED: 1629
INFO  :    SHUFFLE_BYTES_DISK_DIRECT: 128
INFO  :    SHUFFLE_BYTES_TO_DISK: 0
INFO  :    SHUFFLE_BYTES_TO_MEM: 1024
INFO  :    SHUFFLE_PHASE_TIME: 22
INFO  : TaskCounter_Map_1_INPUT_inventory:
INFO  :    INPUT_RECORDS_PROCESSED: 1311525000
INFO  :    INPUT_SPLIT_LENGTH_BYTES: 2896016396
INFO  : TaskCounter_Map_1_OUTPUT_Reducer_2:
INFO  :    ADDITIONAL_SPILLS_BYTES_READ: 21434067497
INFO  :    ADDITIONAL_SPILLS_BYTES_WRITTEN: 18977332497
INFO  :    ADDITIONAL_SPILL_COUNT: 2148
INFO  :    OUTPUT_BYTES: 75178572856
INFO  :    OUTPUT_BYTES_PHYSICAL: 6027610240
INFO  :    OUTPUT_BYTES_WITH_OVERHEAD: 22824952500
INFO  :    OUTPUT_RECORDS: 1302025692
INFO  :    SHUFFLE_CHUNK_COUNT: 129
INFO  :    SPILLED_RECORDS: 2651326727
INFO  : TaskCounter_Map_4_INPUT_date_dim:
INFO  :    INPUT_RECORDS_PROCESSED: 10
INFO  :    INPUT_SPLIT_LENGTH_BYTES: 759177
INFO  : TaskCounter_Map_4_OUTPUT_Map_1:
INFO  :    ADDITIONAL_SPILLS_BYTES_READ: 0
INFO  :    ADDITIONAL_SPILLS_BYTES_WRITTEN: 0
INFO  :    ADDITIONAL_SPILL_COUNT: 0
INFO  :    OUTPUT_BYTES: 1830
INFO  :    OUTPUT_BYTES_PHYSICAL: 1508
INFO  :    OUTPUT_BYTES_WITH_OVERHEAD: 2568
INFO  :    OUTPUT_LARGE_RECORDS: 0
INFO  :    OUTPUT_RECORDS: 366
INFO  :    SPILLED_RECORDS: 0
INFO  : TaskCounter_Map_5_INPUT_item:
INFO  :    INPUT_RECORDS_PROCESSED: 405
INFO  :    INPUT_SPLIT_LENGTH_BYTES: 38092338
INFO  : TaskCounter_Map_5_OUTPUT_Map_1:
INFO  :    ADDITIONAL_SPILLS_BYTES_READ: 0
INFO  :    ADDITIONAL_SPILLS_BYTES_WRITTEN: 0
INFO  :    ADDITIONAL_SPILL_COUNT: 0
INFO  :    OUTPUT_BYTES: 25178702
INFO  :    OUTPUT_BYTES_PHYSICAL: 7608086
INFO  :    OUTPUT_BYTES_WITH_OVERHEAD: 25982744
INFO  :    OUTPUT_LARGE_RECORDS: 0
INFO  :    OUTPUT_RECORDS: 402000
INFO  :    SPILLED_RECORDS: 0
INFO  : TaskCounter_Map_6_INPUT_warehouse:
INFO  :    INPUT_RECORDS_PROCESSED: 1
INFO  :    INPUT_SPLIT_LENGTH_BYTES: 2722
INFO  : TaskCounter_Map_6_OUTPUT_Map_1:
INFO  :    ADDITIONAL_SPILLS_BYTES_READ: 0
INFO  :    ADDITIONAL_SPILLS_BYTES_WRITTEN: 0
INFO  :    ADDITIONAL_SPILL_COUNT: 0
INFO  :    OUTPUT_BYTES: 125
INFO  :    OUTPUT_BYTES_PHYSICAL: 152
INFO  :    OUTPUT_BYTES_WITH_OVERHEAD: 181
INFO  :    OUTPUT_LARGE_RECORDS: 0
INFO  :    OUTPUT_RECORDS: 25
INFO  :    SPILLED_RECORDS: 0
INFO  : TaskCounter_Reducer_2_INPUT_Map_1:
INFO  :    ADDITIONAL_SPILLS_BYTES_READ: 5147145995
INFO  :    ADDITIONAL_SPILLS_BYTES_WRITTEN: 4275579959
INFO  :    COMBINE_INPUT_RECORDS: 0
INFO  :    FIRST_EVENT_RECEIVED: 6394
INFO  :    LAST_EVENT_RECEIVED: 95542709
INFO  :    MERGED_MAP_OUTPUTS: 44396
INFO  :    MERGE_PHASE_TIME: 95872387
INFO  :    NUM_DISK_TO_DISK_MERGES: 0
INFO  :    NUM_FAILED_SHUFFLE_INPUTS: 0
INFO  :    NUM_MEM_TO_DISK_MERGES: 9
INFO  :    NUM_SHUFFLED_INPUTS: 44396
INFO  :    NUM_SKIPPED_INPUTS: 85765
INFO  :    REDUCE_INPUT_GROUPS: 1070258
INFO  :    REDUCE_INPUT_RECORDS: 1302025692
INFO  :    SHUFFLE_BYTES: 6025894940
INFO  :    SHUFFLE_BYTES_DECOMPRESSED: 22824437910
INFO  :    SHUFFLE_BYTES_DISK_DIRECT: 680481634
INFO  :    SHUFFLE_BYTES_TO_DISK: 191084402
INFO  :    SHUFFLE_BYTES_TO_MEM: 5154328904
INFO  :    SHUFFLE_PHASE_TIME: 95582849
INFO  :    SPILLED_RECORDS: 1302025692
INFO  : TaskCounter_Reducer_2_OUTPUT_Reducer_3:
INFO  :    ADDITIONAL_SPILLS_BYTES_READ: 0
INFO  :    ADDITIONAL_SPILLS_BYTES_WRITTEN: 0
INFO  :    ADDITIONAL_SPILL_COUNT: 0
INFO  :    OUTPUT_BYTES: 1440978
INFO  :    OUTPUT_BYTES_PHYSICAL: 802821
INFO  :    OUTPUT_BYTES_WITH_OVERHEAD: 1493096
INFO  :    OUTPUT_RECORDS: 25300
INFO  :    SHUFFLE_CHUNK_COUNT: 253
INFO  :    SPILLED_RECORDS: 25300
INFO  : TaskCounter_Reducer_3_INPUT_Reducer_2:
INFO  :    ADDITIONAL_SPILLS_BYTES_READ: 413684
INFO  :    ADDITIONAL_SPILLS_BYTES_WRITTEN: 334285
INFO  :    COMBINE_INPUT_RECORDS: 0
INFO  :    FIRST_EVENT_RECEIVED: 1
INFO  :    LAST_EVENT_RECEIVED: 158248
INFO  :    MERGED_MAP_OUTPUTS: 253
INFO  :    MERGE_PHASE_TIME: 158275
INFO  :    NUM_DISK_TO_DISK_MERGES: 0
INFO  :    NUM_FAILED_SHUFFLE_INPUTS: 0
INFO  :    NUM_MEM_TO_DISK_MERGES: 0
INFO  :    NUM_SHUFFLED_INPUTS: 253
INFO  :    NUM_SKIPPED_INPUTS: 0
INFO  :    REDUCE_INPUT_GROUPS: 25300
INFO  :    REDUCE_INPUT_RECORDS: 25300
INFO  :    SHUFFLE_BYTES: 802821
INFO  :    SHUFFLE_BYTES_DECOMPRESSED: 1493096
INFO  :    SHUFFLE_BYTES_DISK_DIRECT: 79399
INFO  :    SHUFFLE_BYTES_TO_DISK: 0
INFO  :    SHUFFLE_BYTES_TO_MEM: 723422
INFO  :    SHUFFLE_PHASE_TIME: 158252
INFO  :    SPILLED_RECORDS: 25300
INFO  : TaskCounter_Reducer_3_OUTPUT_out_Reducer_3:
INFO  :    OUTPUT_RECORDS: 0
INFO  : org.apache.hadoop.hive.llap.counters.LlapIOCounters:
INFO  :    CACHE_HIT_BYTES: 2891090917
INFO  :    CACHE_MISS_BYTES: 0
INFO  :    CONSUMER_TIME_NS: 9282434603235
INFO  :    DECODE_TIME_NS: 88374337342
INFO  :    HDFS_TIME_NS: 6694898
INFO  :    METADATA_CACHE_HIT: 540
INFO  :    NUM_DECODED_BATCHES: 131327
INFO  :    NUM_VECTOR_BATCHES: 1311941
INFO  :    ROWS_EMITTED: 1311937025
INFO  :    SELECTED_ROWGROUPS: 131327
INFO  :    TOTAL_IO_TIME_NS: 90403239839
INFO  : Completed executing command(queryId=hive_20161017183722_9900bf93-b58b-4bb5-b76e-709a50a35833); Time taken: 663.918 seconds
INFO  : OK
100 rows selected (664.205 seconds)
Closing: 0: jdbc:hive2://h01hn02:10500/tpcds_bin_partitioned_orc_10000
