0: jdbc:hive2://h01hn02:10500/tpcds_bin_parti> set ambari.hive.db.schema.name=hive;
0: jdbc:hive2://h01hn02:10500/tpcds_bin_parti> set fs.file.impl.disable.cache=true;
0: jdbc:hive2://h01hn02:10500/tpcds_bin_parti> set fs.hdfs.impl.disable.cache=true;
0: jdbc:hive2://h01hn02:10500/tpcds_bin_parti> set hive.auto.convert.join.noconditionaltask=true;
0: jdbc:hive2://h01hn02:10500/tpcds_bin_parti> set hive.auto.convert.join=true;
0: jdbc:hive2://h01hn02:10500/tpcds_bin_parti> -- set hive.auto.convert.sortmerge.join.noconditionaltask=true;
0: jdbc:hive2://h01hn02:10500/tpcds_bin_parti> set hive.auto.convert.sortmerge.join=true;
0: jdbc:hive2://h01hn02:10500/tpcds_bin_parti> set hive.compactor.abortedtxn.threshold=1000;
0: jdbc:hive2://h01hn02:10500/tpcds_bin_parti> set hive.compactor.check.interval=300;
0: jdbc:hive2://h01hn02:10500/tpcds_bin_parti> set hive.compactor.delta.num.threshold=10;
0: jdbc:hive2://h01hn02:10500/tpcds_bin_parti> set hive.compactor.delta.pct.threshold=0.1f;
0: jdbc:hive2://h01hn02:10500/tpcds_bin_parti> set hive.compactor.initiator.on=false;
0: jdbc:hive2://h01hn02:10500/tpcds_bin_parti> set hive.compactor.worker.threads=0;
0: jdbc:hive2://h01hn02:10500/tpcds_bin_parti> set hive.compactor.worker.timeout=86400;
0: jdbc:hive2://h01hn02:10500/tpcds_bin_parti> set hive.compute.query.using.stats=true;
0: jdbc:hive2://h01hn02:10500/tpcds_bin_parti> set hive.enforce.bucketing=true;
0: jdbc:hive2://h01hn02:10500/tpcds_bin_parti> set hive.enforce.sorting=true;
0: jdbc:hive2://h01hn02:10500/tpcds_bin_parti> set hive.enforce.sortmergebucketmapjoin=true;
0: jdbc:hive2://h01hn02:10500/tpcds_bin_parti> 
0: jdbc:hive2://h01hn02:10500/tpcds_bin_parti> set hive.limit.pushdown.memory.usage=0.04;
0: jdbc:hive2://h01hn02:10500/tpcds_bin_parti> set hive.map.aggr=true;
0: jdbc:hive2://h01hn02:10500/tpcds_bin_parti> set hive.mapjoin.bucket.cache.size=10000;
0: jdbc:hive2://h01hn02:10500/tpcds_bin_parti> set hive.mapred.reduce.tasks.speculative.execution=false;
0: jdbc:hive2://h01hn02:10500/tpcds_bin_parti> set hive.metastore.cache.pinobjtypes=Table,Database,Type,FieldSchema,Order;
0: jdbc:hive2://h01hn02:10500/tpcds_bin_parti> set hive.metastore.client.socket.timeout=60;
0: jdbc:hive2://h01hn02:10500/tpcds_bin_parti> set hive.metastore.execute.setugi=true;
0: jdbc:hive2://h01hn02:10500/tpcds_bin_parti> set hive.metastore.warehouse.dir=/apps/hive/warehouse;
0: jdbc:hive2://h01hn02:10500/tpcds_bin_parti> set hive.optimize.bucketmapjoin.sortedmerge=false;
0: jdbc:hive2://h01hn02:10500/tpcds_bin_parti> set hive.optimize.bucketmapjoin=true;
0: jdbc:hive2://h01hn02:10500/tpcds_bin_parti> set hive.optimize.index.filter=true;
0: jdbc:hive2://h01hn02:10500/tpcds_bin_parti> -- set hive.optimize.mapjoin.mapreduce=true;
0: jdbc:hive2://h01hn02:10500/tpcds_bin_parti> set hive.optimize.reducededuplication.min.reducer=4;
0: jdbc:hive2://h01hn02:10500/tpcds_bin_parti> set hive.optimize.reducededuplication=true;
0: jdbc:hive2://h01hn02:10500/tpcds_bin_parti> set hive.orc.splits.include.file.footer=false;
0: jdbc:hive2://h01hn02:10500/tpcds_bin_parti> set hive.security.authorization.enabled=false;
0: jdbc:hive2://h01hn02:10500/tpcds_bin_parti> set hive.security.metastore.authorization.manager=org.apache.hadoop.hive.ql.security.authorization.StorageBasedAuthorizationProvider;
0: jdbc:hive2://h01hn02:10500/tpcds_bin_parti> -- set hive.semantic.analyzer.factory.impl=org.apache.hivealog.cli.HCatSemanticAnalyzerFactory;
0: jdbc:hive2://h01hn02:10500/tpcds_bin_parti> set hive.server2.enable.doAs=false;
0: jdbc:hive2://h01hn02:10500/tpcds_bin_parti> set hive.server2.tez.default.queues=default;
0: jdbc:hive2://h01hn02:10500/tpcds_bin_parti> set hive.server2.tez.initialize.default.sessions=false;
0: jdbc:hive2://h01hn02:10500/tpcds_bin_parti> set hive.server2.tez.sessions.per.default.queue=1;
0: jdbc:hive2://h01hn02:10500/tpcds_bin_parti> set hive.stats.autogather=true;
0: jdbc:hive2://h01hn02:10500/tpcds_bin_parti> set hive.tez.input.format=org.apache.hadoop.hive.ql.io.HiveInputFormat;
0: jdbc:hive2://h01hn02:10500/tpcds_bin_parti> set hive.txn.manager=org.apache.hadoop.hive.ql.lockmgr.DummyTxnManager;
0: jdbc:hive2://h01hn02:10500/tpcds_bin_parti> set hive.txn.max.open.batch=1000;
0: jdbc:hive2://h01hn02:10500/tpcds_bin_parti> set hive.txn.timeout=300;
0: jdbc:hive2://h01hn02:10500/tpcds_bin_parti> set hive.vectorized.execution.enabled=true;
0: jdbc:hive2://h01hn02:10500/tpcds_bin_parti> set hive.vectorized.groupby.checkinterval=1024;
0: jdbc:hive2://h01hn02:10500/tpcds_bin_parti> set hive.vectorized.groupby.flush.percent=1;
0: jdbc:hive2://h01hn02:10500/tpcds_bin_parti> set hive.vectorized.groupby.maxentries=1024;
0: jdbc:hive2://h01hn02:10500/tpcds_bin_parti> 
0: jdbc:hive2://h01hn02:10500/tpcds_bin_parti> -- These values need to be tuned appropriately to your cluster. These examples are for reference.
0: jdbc:hive2://h01hn02:10500/tpcds_bin_parti> set hive.tez.container.size=6144;
0: jdbc:hive2://h01hn02:10500/tpcds_bin_parti> set hive.tez.java.opts=-Xmx5120m;
0: jdbc:hive2://h01hn02:10500/tpcds_bin_parti> --set hive.auto.convert.join.noconditionaltask.size=100000000;
0: jdbc:hive2://h01hn02:10500/tpcds_bin_parti> --set hive.auto.convert.join.noconditionaltask.size=320000000;
0: jdbc:hive2://h01hn02:10500/tpcds_bin_parti> set hive.auto.convert.join.noconditionaltask.size=629145600;
0: jdbc:hive2://h01hn02:10500/tpcds_bin_parti> -- set hive.auto.convert.join.noconditionaltask.size=720000000;
0: jdbc:hive2://h01hn02:10500/tpcds_bin_parti> -- set hive.auto.convert.join.noconditionaltask.size=1920000000;
0: jdbc:hive2://h01hn02:10500/tpcds_bin_parti> 
0: jdbc:hive2://h01hn02:10500/tpcds_bin_parti> set hive.execution.engine=tez;
0: jdbc:hive2://h01hn02:10500/tpcds_bin_parti> set hive.default.fileformat=orc;
0: jdbc:hive2://h01hn02:10500/tpcds_bin_parti> set hive.cbo.enable=true;
0: jdbc:hive2://h01hn02:10500/tpcds_bin_parti> set hive.stats.fetch.column.stats=true;
0: jdbc:hive2://h01hn02:10500/tpcds_bin_parti> set hive.exec.dynamic.partition.mode=nonstrict;
0: jdbc:hive2://h01hn02:10500/tpcds_bin_parti> set hive.tez.auto.reducer.parallelism=true;
0: jdbc:hive2://h01hn02:10500/tpcds_bin_parti> -- set hive.exec.reducers.bytes.per.reducer=1000000000;
0: jdbc:hive2://h01hn02:10500/tpcds_bin_parti> set hive.exec.reducers.bytes.per.reducer=67108864;
0: jdbc:hive2://h01hn02:10500/tpcds_bin_parti> set hive.txn.manager=org.apache.hadoop.hive.ql.lockmgr.DummyTxnManager;
0: jdbc:hive2://h01hn02:10500/tpcds_bin_parti> set hive.support.concurrency=false;
0: jdbc:hive2://h01hn02:10500/tpcds_bin_parti> set hive.tez.exec.print.summary=true;
0: jdbc:hive2://h01hn02:10500/tpcds_bin_parti> 
0: jdbc:hive2://h01hn02:10500/tpcds_bin_parti> set tez.grouping.min-size=16777216;
0: jdbc:hive2://h01hn02:10500/tpcds_bin_parti> --set tez.grouping.min-size=8388608;
0: jdbc:hive2://h01hn02:10500/tpcds_bin_parti> set tez.grouping.max-size=1073741824;
0: jdbc:hive2://h01hn02:10500/tpcds_bin_parti> --set tez.grouping.max-size=1342177280;
0: jdbc:hive2://h01hn02:10500/tpcds_bin_parti> 
0: jdbc:hive2://h01hn02:10500/tpcds_bin_parti> --set tez.grouping.split-waves=1.7;
0: jdbc:hive2://h01hn02:10500/tpcds_bin_parti> set tez.runtime.io.sort.mb=174;
0: jdbc:hive2://h01hn02:10500/tpcds_bin_parti> 
0: jdbc:hive2://h01hn02:10500/tpcds_bin_parti> select  i_item_desc 
0: jdbc:hive2://h01hn02:10500/tpcds_bin_parti>       ,i_category 
0: jdbc:hive2://h01hn02:10500/tpcds_bin_parti>       ,i_class 
0: jdbc:hive2://h01hn02:10500/tpcds_bin_parti>       ,i_current_price
0: jdbc:hive2://h01hn02:10500/tpcds_bin_parti>       ,i_item_id
0: jdbc:hive2://h01hn02:10500/tpcds_bin_parti>       ,sum(ws_ext_sales_price) as itemrevenue 
0: jdbc:hive2://h01hn02:10500/tpcds_bin_parti>       ,sum(ws_ext_sales_price)*100/sum(sum(ws_ext_sales_price)) over
0: jdbc:hive2://h01hn02:10500/tpcds_bin_parti>           (partition by i_class) as revenueratio
0: jdbc:hive2://h01hn02:10500/tpcds_bin_parti> from
0: jdbc:hive2://h01hn02:10500/tpcds_bin_parti> web_sales
0: jdbc:hive2://h01hn02:10500/tpcds_bin_parti>     ,item 
0: jdbc:hive2://h01hn02:10500/tpcds_bin_parti>     ,date_dim
0: jdbc:hive2://h01hn02:10500/tpcds_bin_parti> where 
0: jdbc:hive2://h01hn02:10500/tpcds_bin_parti> web_sales.ws_item_sk = item.i_item_sk 
0: jdbc:hive2://h01hn02:10500/tpcds_bin_parti>   and item.i_category in ('Jewelry', 'Sports', 'Books')
0: jdbc:hive2://h01hn02:10500/tpcds_bin_parti>   and web_sales.ws_sold_date_sk = date_dim.d_date_sk
0: jdbc:hive2://h01hn02:10500/tpcds_bin_parti> and date_dim.d_date between '2001-01-12' and '2001-02-11'
0: jdbc:hive2://h01hn02:10500/tpcds_bin_parti> group by 
0: jdbc:hive2://h01hn02:10500/tpcds_bin_parti> i_item_id
0: jdbc:hive2://h01hn02:10500/tpcds_bin_parti>         ,i_item_desc 
0: jdbc:hive2://h01hn02:10500/tpcds_bin_parti>         ,i_category
0: jdbc:hive2://h01hn02:10500/tpcds_bin_parti>         ,i_class
0: jdbc:hive2://h01hn02:10500/tpcds_bin_parti>         ,i_current_price
0: jdbc:hive2://h01hn02:10500/tpcds_bin_parti> order by 
0: jdbc:hive2://h01hn02:10500/tpcds_bin_parti> i_category
0: jdbc:hive2://h01hn02:10500/tpcds_bin_parti>         ,i_class
0: jdbc:hive2://h01hn02:10500/tpcds_bin_parti>         ,i_item_id
0: jdbc:hive2://h01hn02:10500/tpcds_bin_parti>         ,i_item_desc
0: jdbc:hive2://h01hn02:10500/tpcds_bin_parti>         ,revenueratio
0: jdbc:hive2://h01hn02:10500/tpcds_bin_parti> limit 100;
+-------------------------------------------------------------------------------------------------------------------------------------------------------------------------------------------------------+-------------+----------+------------------+-------------------+---------------------+----------------------+--+
|                                                                                              i_item_desc                                                                                              | i_category  | i_class  | i_current_price  |     i_item_id     |     itemrevenue     |     revenueratio     |
+-------------------------------------------------------------------------------------------------------------------------------------------------------------------------------------------------------+-------------+----------+------------------+-------------------+---------------------+----------------------+--+
|                                                                                                                                                                                                       | Books       |          | 1.61             | AAAAAAAACADKEAAA  | 858589.8302095532   | 1.2943886197919476   |
| Full figures talk under a notes. Increases must not appoint too as political conditions. Metropolitan, official sites must not make key, early weeks; competitive classes us                          | Books       |          | 1.52             | AAAAAAAACBDEEAAA  | 853344.0189840794   | 1.2864801655884162   |
|                                                                                                                                                                                                       | Books       |          | NULL             | AAAAAAAACFDMAAAA  | 876975.38936162     | 1.3221062303407922   |
|                                                                                                                                                                                                       | Books       |          | 0.43             | AAAAAAAACFFLFAAA  | 901213.699180603    | 1.3586473018615506   |
| Other men undertake elements. Eyes plot even so fun scores. Military papers may illustr                                                                                                               | Books       |          | NULL             | AAAAAAAACKPNDAAA  | 878860.7102131844   | 1.3249484930476843   |
|                                                                                                                                                                                                       | Books       |          | NULL             | AAAAAAAADMGCFAAA  | 888322.3870016932   | 1.3392126810549034   |
| Actions select                                                                                                                                                                                        | Books       |          | NULL             | AAAAAAAAECGHDAAA  | 939643.7300157547   | 1.4165834581273815   |
| Moreover central cul                                                                                                                                                                                  | Books       |          | NULL             | AAAAAAAAEIEGDAAA  | 882391.3011991978   | 1.3302711239858127   |
| Present fields use elements. Creatures could put perhaps rich resources. Final, static properties walk for a factors. Given, other women shall not stop; alr                                          | Books       |          | NULL             | AAAAAAAAEIPLCAAA  | 831381.0779452324   | 1.25336938330614     |
|                                                                                                                                                                                                       | Books       |          | NULL             | AAAAAAAAFAFECAAA  | 923629.0404365063   | 1.3924401114308331   |
|                                                                                                                                                                                                       | Books       |          | NULL             | AAAAAAAAFHFJFAAA  | 950986.0017819405   | 1.4336827842318558   |
| Now other policies will send vertical policies.                                                                                                                                                       | Books       |          | NULL             | AAAAAAAAFKOHBAAA  | 989446.2325934768   | 1.4916644692290728   |
| Simply capable fees introduce so actual, necessary legs. Straight, final things read always good years. Factors will not b                                                                            | Books       |          | 7.97             | AAAAAAAAFNDMEAAA  | 823553.0799231529   | 1.2415680886727518   |
|                                                                                                                                                                                                       | Books       |          | 82.97            | AAAAAAAAGFLDAAAA  | 1008235.401330471   | 1.5199905515244805   |
| Approximately impossible men increase also special entries. Years would not insist political years. Relationships increase just large, small schools                                                  | Books       |          | NULL             | AAAAAAAAGJLFAAAA  | 965954.412421763    | 1.4562487868874314   |
| Hands complete very by a schools. Growing, public animals would support british exhibitions. Armed areas select brilliant streets. Broad, basic hours                                                 | Books       |          | NULL             | AAAAAAAAHLGEAAAA  | 975606.6820697188   | 1.4708003079372767   |
| Ever urban rights like only failures. Expensive, working-class artists surv                                                                                                                           | Books       |          | NULL             | AAAAAAAAIGCIFAAA  | 766558.869906187    | 1.1556450387549728   |
|                                                                                                                                                                                                       | Books       |          | 4.8              | AAAAAAAAIIPPDAAA  | 996273.0696998239   | 1.5019564386290274   |
|                                                                                                                                                                                                       | Books       |          | NULL             | AAAAAAAAJILPAAAA  | 927237.9388916492   | 1.397880796756889    |
|                                                                                                                                                                                                       | Books       |          | 0.5              | AAAAAAAAKBBODAAA  | 954782.3131437302   | 1.4394060085829854   |
|                                                                                                                                                                                                       | Books       |          | NULL             | AAAAAAAAKDANDAAA  | 823000.1652412415   | 1.2407345282847755   |
| Authorities bring in a organisations. Alternatively old years cannot take etc strong other differences. So final attitudes sh                                                                         | Books       |          | NULL             | AAAAAAAAKGLLCAAA  | 910069.0500590801   | 1.3719974080450443   |
| Important, remarkable millions should attend especially important ideas; right, new conflicts sh                                                                                                      | Books       |          | 0.52             | AAAAAAAAKICPCAAA  | 800094.5197228193   | 1.2062025482346532   |
|                                                                                                                                                                                                       | Books       |          | NULL             | AAAAAAAAKLNPBAAA  | 832550.8095567226   | 1.255132841517326    |
|                                                                                                                                                                                                       | Books       |          | NULL             | AAAAAAAAKMJIEAAA  | 838048.0501658916   | 1.2634203443905312   |
| Much vital girls connect more unemployed, able degrees. Too important sources shall declare sites. Local,                                                                                             | Books       |          | 0.89             | AAAAAAAALJOECAAA  | 901525.3570384979   | 1.3591171494771803   |
| Then past troops keep. Natural, industrial chemicals protest to the tools. Artistic, english women will defend equally signs. Banks see cheap daily losses. Heroes appear there payable aspirat       | Books       |          | 7.41             | AAAAAAAAMDBIFAAA  | 948415.4275689721   | 1.4298074506435408   |
| Therefore modern visitors may gain                                                                                                                                                                    | Books       |          | 9.92             | AAAAAAAAMNJHAAAA  | 846597.5576543808   | 1.2763093687052327   |
| Of course common authorities would not preserve just to a ris                                                                                                                                         | Books       |          | 4.17             | AAAAAAAANFJNAAAA  | 1036033.8960857391  | 1.561898869084896    |
|                                                                                                                                                                                                       | Books       |          | NULL             | AAAAAAAAPHPCBAAA  | 925462.9531641006   | 1.3952048725318473   |
| Totally scottish needs depend besides as a forms. Modern, other children enable less easily red sons. For instance economic buildings should not accept small, secret parties. Joint, poor            | Books       | arts     | 3.81             | AAAAAAAAAAAIDAAA  | 962032.5430049896   | 0.08938513245434358  |
| Perhaps old ships will give more. Main poets describe less than. Right, brief words work long ago maj                                                                                                 | Books       | arts     | 1.05             | AAAAAAAAAAHMAAAA  | 848853.5209976435   | 0.07886935318394604  |
| Windows determine now heavy alternatives; free months could not sit in the levels. Financial, small problems can expect certainly at all elderly hands. Mere, complete sport                          | Books       | arts     | 3.14             | AAAAAAAAAAKFFAAA  | 892230.3308625221   | 0.08289961382680139  |
| At all small opportunities seem over                                                                                                                                                                  | Books       | arts     | 4.7              | AAAAAAAAAALLDAAA  | 863925.9621005058   | 0.0802697758143296   |
| Conditions shall occur once again after a products; agricultural, public walls give now a little public sides. Still alternative seats                                                                | Books       | arts     | 6.5              | AAAAAAAAAANEAAAA  | 827650.8792877197   | 0.0768993564812319   |
| Japanese processes offer. New, french savings may cast systematically; whole, automatic relatives take in general views. Standard                                                                     | Books       | arts     | 3.33             | AAAAAAAAAAPLFAAA  | 921852.7519209385   | 0.08565191576209169  |
| Complete roses get quickly in a women. Legislative patients will not manage right                                                                                                                     | Books       | arts     | 1.68             | AAAAAAAAABAHFAAA  | 896815.7717261314   | 0.08332565995375986  |
| No longer soft cameras mean select, small policies. Also famous arms could want irish, different connections. Attacks should remove black r                                                           | Books       | arts     | 1.52             | AAAAAAAAABEDAAAA  | 917881.181358099    | 0.08528290604054702  |
| Now pleased representations used to require then hundreds; naturally modest computers apply only. Children m                                                                                          | Books       | arts     | 4.93             | AAAAAAAAABEGCAAA  | 851321.6506818533   | 0.0790986740113356   |
| Reports take more welsh c                                                                                                                                                                             | Books       | arts     | 2.69             | AAAAAAAAABIGCAAA  | 928354.5894618034   | 0.08625601966066825  |
| Traditional years get other reasons                                                                                                                                                                   | Books       | arts     | 7.22             | AAAAAAAAABOABAAA  | 844636.3802710772   | 0.0784775268521202   |
| Far particular products turn specif                                                                                                                                                                   | Books       | arts     | 3.41             | AAAAAAAAABOFAAAA  | 864645.0300660133   | 0.08033658642880197  |
| Light tears overcome real, vulnerable clothes. Serious, recent dates s                                                                                                                                | Books       | arts     | 1.88             | AAAAAAAAACBLAAAA  | 994600.7133507729   | 0.09241113218930094  |
| Carefully private markets could inquire. Sideways new object                                                                                                                                          | Books       | arts     | 1.5              | AAAAAAAAACGNBAAA  | 832261.069114089    | 0.07732770210349382  |
| Here elderly units ignore; eyes may reach others. Products include again. Extra, expected ministers look for example. Friendly ears give in a products. Results g                                     | Books       | arts     | 9.1              | AAAAAAAAACJIAAAA  | 816393.8307769299   | 0.07585343264061116  |
| Urban, able cells hear; pieces like alwa                                                                                                                                                              | Books       | arts     | 7.36             | AAAAAAAAACJPDAAA  | 806392.5900536776   | 0.07492418941151693  |
| Everyday words may respond as virtually new years. Vegetables can embark left just professional contents. Only, mari                                                                                  | Books       | arts     | 4.78             | AAAAAAAAACLJDAAA  | 823654.3161067963   | 0.07652802462568661  |
| Results mix both; nearby, contrary workers store. Members suspend previously. Then permanent efforts date only familiar pie                                                                           | Books       | arts     | 1.93             | AAAAAAAAACNLAAAA  | 878655.2007320523   | 0.08163831054385133  |
| Low, productive standards may not invest to a attitudes. Other, little winners might stimulate fr                                                                                                     | Books       | arts     | 1.34             | AAAAAAAAACOHDAAA  | 779792.7414224148   | 0.07245272312853218  |
| Writers become extra fruits. Possible                                                                                                                                                                 | Books       | arts     | 5.17             | AAAAAAAAADEBGAAA  | 853471.8494006395   | 0.0792984549841097   |
| Units strengthen; facilities would admit there as social fortunes. Also old priorities would grow; films target around by a rights. Steadily other pr                                                 | Books       | arts     | 1.83             | AAAAAAAAADKPBAAA  | 859138.6094279289   | 0.07982496949685587  |
| Irrelevant, only countries get as well wild clients. Words unload other circumstances. Now upper conditions mention later. Already possible days take able, live                                      | Books       | arts     | 2.62             | AAAAAAAAAEBECAAA  | 793162.5375990868   | 0.0736949482599259   |
| Shares could protect in connection with a arts. Major dimensions stress not distinctive, special parents. Little, international months s                                                              | Books       | arts     | 0.85             | AAAAAAAAAEDBGAAA  | 886067.9091184735   | 0.08232704599857517  |
| Interests move only different, warm bodies; about chief systems would work much. Perhaps great forms must appoint in order men. Patients may not pass available, physical centres. Hap                | Books       | arts     | 7.0              | AAAAAAAAAEDGBAAA  | 734286.9082884192   | 0.06822464898311696  |
| Broken sales must not know relatively like the eyes. Parents may not wash                                                                                                                             | Books       | arts     | 5.97             | AAAAAAAAAEHHBAAA  | 823870.5994483232   | 0.07654812011546046  |
| Regional,                                                                                                                                                                                             | Books       | arts     | 8.32             | AAAAAAAAAEIOCAAA  | 843843.3781514764   | 0.07840384680874486  |
| Optio                                                                                                                                                                                                 | Books       | arts     | 2.49             | AAAAAAAAAEKACAAA  | 1008607.1887031794  | 0.0937125129624323   |
| Years come inevitably so past animals. Silly reactions enrich even through a parties. Major, early students used to see all.                                                                          | Books       | arts     | 8.62             | AAAAAAAAAELCFAAA  | 813091.4570826888   | 0.07554659987053516  |
| Sometimes                                                                                                                                                                                             | Books       | arts     | 9.7              | AAAAAAAAAFKMEAAA  | 836508.9154038429   | 0.07772238137501757  |
| Public, quiet sons call. Responses may wish entirely to a hands.                                                                                                                                      | Books       | arts     | 0.51             | AAAAAAAAAFLCCAAA  | 920968.8566929102   | 0.08556979058596585  |
| National, upper principles fill relatives. Components make. Rarely unusual plants might not deal                                                                                                      | Books       | arts     | 7.27             | AAAAAAAAAFOAAAAA  | 801752.070318222    | 0.07449302575262963  |
| Residential questions mean closely very possible aspirations. Human, dead miles can exploit nor                                                                                                       | Books       | arts     | 5.54             | AAAAAAAAAFPGCAAA  | 802634.4811868668   | 0.07457501301277636  |
| Main, spatial results must draw here probable dishes. Terrible, average churches c                                                                                                                    | Books       | arts     | 9.67             | AAAAAAAAAFPJAAAA  | 804996.8910245895   | 0.07479451111374152  |
| Badly difficult intervals should not get today new followers. Standards examine. Young, actual departments might knock special, national assumptions. Successful wi                                   | Books       | arts     | 0.29             | AAAAAAAAAGABAAAA  | 1107122.5619459152  | 0.10286585164116904  |
| Cells invite also possible, vast generations. Faintly limited heads cover at least more scottish weeks. Available countries make therefore asleep bea                                                 | Books       | arts     | 6.45             | AAAAAAAAAGAJFAAA  | 888559.889219284    | 0.0825585828348331   |
| Forward large arms see also generations. Main indians should finish furious others. Close members may respect here more previous memories. Votes want again with                                      | Books       | arts     | 6.3              | AAAAAAAAAGBOFAAA  | 1015674.0501410961  | 0.09436911481052737  |
| Frequent, late lights should master other farmers; economic, other buildings complete automatically reliable patterns; authorities hold pric                                                          | Books       | arts     | 2.46             | AAAAAAAAAGDDCAAA  | 969188.0190308094   | 0.09004996773147876  |
| Fairly italian teeth ought to                                                                                                                                                                         | Books       | arts     | 4.38             | AAAAAAAAAGEGEAAA  | 927086.4997456074   | 0.08613819790082204  |
| Statistical elections ought to help men. Following, present changes will find dark services. Victims                                                                                                  | Books       | arts     | 2.2              | AAAAAAAAAGGACAAA  | 807217.8210166693   | 0.07500086392681143  |
| Australian methods last already days. Dates might measure virtually late friends. Favorite, big characteristics trade in a resul                                                                      | Books       | arts     | 7.8              | AAAAAAAAAGGOFAAA  | 954201.8118944168   | 0.08865755733994408  |
| Enemies could shake political, weak bedrooms. Here sensible stones fall running, environmental tonnes; sensi                                                                                          | Books       | arts     | 3.02             | AAAAAAAAAGKHAAAA  | 885379.553194046    | 0.08226308892567981  |
| Professional words should complete too likely da                                                                                                                                                      | Books       | arts     | 3.36             | AAAAAAAAAHAKCAAA  | 813867.3885143101   | 0.07561869382857771  |
| Formal, giant fac                                                                                                                                                                                     | Books       | arts     | 3.84             | AAAAAAAAAHFJCAAA  | 883469.9784182459   | 0.08208566499599318  |
| Arrangements discuss final, determined members. Again responsible parents will follow absolutely perhaps ti                                                                                           | Books       | arts     | 4.28             | AAAAAAAAAHGHFAAA  | 880079.629907012    | 0.08177065823978051  |
| Solicitors come. Scenes may                                                                                                                                                                           | Books       | arts     | 7.96             | AAAAAAAAAHHMFAAA  | 813499.8595275879   | 0.07558454568317675  |
| Ago effective earnin                                                                                                                                                                                  | Books       | arts     | 3.18             | AAAAAAAAAHJBDAAA  | 799728.8515487909   | 0.07430504284185946  |
| General, elderly grounds explore. Mild patients confuse always socialist systems. Eager, good pages control. Other, total days might not get general                                                  | Books       | arts     | 72.63            | AAAAAAAAAHKCBAAA  | 939535.6933450699   | 0.08729488727368034  |
| Eyes may not make to the agencies. Sentences give now possible flames. Nearby, clear levels arrange birds. Social firms want quite substantial mothers; area                                          | Books       | arts     | 8.11             | AAAAAAAAAHLNDAAA  | 850260.0108317137   | 0.07900003408557267  |
| Formally inc clients integrate jeans. Old fires must not like. Blue, base plates set big proper companies. Coming operators shall give little much b                                                  | Books       | arts     | 8.09             | AAAAAAAAAHMJEAAA  | 754044.2519530058   | 0.07006035900482659  |
| Properly natural women try hardly long, guilty levels. Ever whole cases must not ope                                                                                                                  | Books       | arts     | 1.09             | AAAAAAAAAHNLDAAA  | 840800.4717049599   | 0.07812112186586666  |
| Inevitable houses hear large, strong photographs. Years will see very. Easy years write in a improvements. Light, great instructions say dead men. Members know. Civil years extend much out o        | Books       | arts     | 4.32             | AAAAAAAAAICOFAAA  | 825856.7620778084   | 0.07673266003669624  |
| Main events pose characters; close quiet lines write never bright, productive shares. C                                                                                                               | Books       | arts     | 3.53             | AAAAAAAAAIEHAAAA  | 859389.2899657786   | 0.07984826092628032  |
| Directly sensitive ideas shall not keep schools. Teenage candidates sell ev                                                                                                                           | Books       | arts     | 2.32             | AAAAAAAAAIGBFAAA  | 801206.2709622383   | 0.0744423140089544   |
| Again democratic layers should suggest best subjects. Prices think as wild rates. Images say so yet re                                                                                                | Books       | arts     | 3.78             | AAAAAAAAAIHDBAAA  | 881212.7295892239   | 0.08187593769827171  |
| Weekly, local metres appear religious, local periods; women used to happen                                                                                                                            | Books       | arts     | 1.01             | AAAAAAAAAIHFDAAA  | 800037.6272799969   | 0.07433373205807486  |
| Sort of old pupils live. Very superb problems prop even about other wings. Interests take least main, other knees; electric, ind                                                                      | Books       | arts     | 3.38             | AAAAAAAAAIIMDAAA  | 866491.1799659729   | 0.08050811737600154  |
| Quick layers ensure similar, mutual orders. All true sales must not reveal only academic, local schemes; proportions forgive for a chemicals; new jobs used to maintain most large women; civil       | Books       | arts     | 0.38             | AAAAAAAAAIJCBAAA  | 1066254.5209963918  | 0.09906868773025575  |
| Substantial, past qualifications would attack. Independent, fine passen                                                                                                                               | Books       | arts     | 0.47             | AAAAAAAAAIKOAAAA  | 736665.7304544449   | 0.06844567199937726  |
| Tonight young computers might produce at least units; eggs return even in a troops. Pages must hope regularly. Suggestions get please with a liabilities. Residents may see similar fires; as clever  | Books       | arts     | 6.51             | AAAAAAAAAIPPDAAA  | 968432.3769130707   | 0.08997975891029775  |
| Too different clients might not wear only; positive, supreme products may depend present, british organisations. Things ought to stick never doors. Often soci                                        | Books       | arts     | 63.65            | AAAAAAAAAJCIBAAA  | 1007131.2789053917  | 0.09357538205794769  |
| Brief circles will find often deliberately modern friends. Totally burning results beat. Even unable members join grateful, grey                                                                      | Books       | arts     | 0.95             | AAAAAAAAAJCMCAAA  | 921406.0997493267   | 0.08561041606043313  |
| Later full days shall not rise; general, availab                                                                                                                                                      | Books       | arts     | 1.72             | AAAAAAAAAJCOAAAA  | 837581.1997308731   | 0.07782201030887975  |
| Only political bars close more both theoretical thoughts. Less military babies ought to warn perhaps high, early manufacturers; stron                                                                 | Books       | arts     | 9.53             | AAAAAAAAAJFDCAAA  | 1042585.9074180126  | 0.09686957068884489  |
| Resources shall bring little as mad rights; bright standards might not find. Heavy friends go properly figures; essenti                                                                               | Books       | arts     | 4.82             | AAAAAAAAAJKJDAAA  | 938765.2293368578   | 0.08722330130922822  |
| Soon wooden contracts come somehow crucial pieces. Besides final terms can make still taxes. Willing areas find tonight over adequate level                                                           | Books       | arts     | 3.61             | AAAAAAAAAKBNCAAA  | 891336.1878323555   | 0.08281653649873624  |
| Broad ears might contain active tools; ever local cor                                                                                                                                                 | Books       | arts     | 2.84             | AAAAAAAAAKEOBAAA  | 865719.4207413793   | 0.08043641106937527  |
| Major criteria might perform international, popular thousands. Really misleading days play so under a years; just national students can go deep, symbolic films. Blac                                 | Books       | arts     | 6.27             | AAAAAAAAAKFODAAA  | 868722.4386110306   | 0.08071542985308823  |
| Technical, liberal fingers take. Old images treat less other functions. Right, good controls shall divert more closely hot riv                                                                        | Books       | arts     | 9.23             | AAAAAAAAAKJNDAAA  | 889490.1474052668   | 0.08264501572296708  |
| Years could not make v                                                                                                                                                                                | Books       | arts     | 0.82             | AAAAAAAAAKKAGAAA  | 924755.4496645927   | 0.08592161352250323  |
| Little pounds will think always parliamentary, rich prices. Extra men deal much. Remar                                                                                                                | Books       | arts     | 60.74            | AAAAAAAAAKKEEAAA  | 936611.6402266026   | 0.08702320532570659  |
+-------------------------------------------------------------------------------------------------------------------------------------------------------------------------------------------------------+-------------+----------+------------------+-------------------+---------------------+----------------------+--+
0: jdbc:hive2://h01hn02:10500/tpcds_bin_parti> 
0: jdbc:hive2://h01hn02:10500/tpcds_bin_parti> 
0: jdbc:hive2://h01hn02:10500/tpcds_bin_parti> 
