0: jdbc:hive2://h01hn02:10500/tpcds_bin_parti> set ambari.hive.db.schema.name=hive;
0: jdbc:hive2://h01hn02:10500/tpcds_bin_parti> set fs.file.impl.disable.cache=true;
0: jdbc:hive2://h01hn02:10500/tpcds_bin_parti> set fs.hdfs.impl.disable.cache=true;
0: jdbc:hive2://h01hn02:10500/tpcds_bin_parti> set hive.auto.convert.join.noconditionaltask=true;
0: jdbc:hive2://h01hn02:10500/tpcds_bin_parti> set hive.auto.convert.join=true;
0: jdbc:hive2://h01hn02:10500/tpcds_bin_parti> -- set hive.auto.convert.sortmerge.join.noconditionaltask=true;
0: jdbc:hive2://h01hn02:10500/tpcds_bin_parti> set hive.auto.convert.sortmerge.join=true;
0: jdbc:hive2://h01hn02:10500/tpcds_bin_parti> set hive.compactor.abortedtxn.threshold=1000;
0: jdbc:hive2://h01hn02:10500/tpcds_bin_parti> set hive.compactor.check.interval=300;
0: jdbc:hive2://h01hn02:10500/tpcds_bin_parti> set hive.compactor.delta.num.threshold=10;
0: jdbc:hive2://h01hn02:10500/tpcds_bin_parti> set hive.compactor.delta.pct.threshold=0.1f;
0: jdbc:hive2://h01hn02:10500/tpcds_bin_parti> set hive.compactor.initiator.on=false;
0: jdbc:hive2://h01hn02:10500/tpcds_bin_parti> set hive.compactor.worker.threads=0;
0: jdbc:hive2://h01hn02:10500/tpcds_bin_parti> set hive.compactor.worker.timeout=86400;
0: jdbc:hive2://h01hn02:10500/tpcds_bin_parti> set hive.compute.query.using.stats=true;
0: jdbc:hive2://h01hn02:10500/tpcds_bin_parti> set hive.enforce.bucketing=true;
0: jdbc:hive2://h01hn02:10500/tpcds_bin_parti> set hive.enforce.sorting=true;
0: jdbc:hive2://h01hn02:10500/tpcds_bin_parti> set hive.enforce.sortmergebucketmapjoin=true;
0: jdbc:hive2://h01hn02:10500/tpcds_bin_parti> 
0: jdbc:hive2://h01hn02:10500/tpcds_bin_parti> set hive.limit.pushdown.memory.usage=0.04;
0: jdbc:hive2://h01hn02:10500/tpcds_bin_parti> set hive.map.aggr=true;
0: jdbc:hive2://h01hn02:10500/tpcds_bin_parti> set hive.mapjoin.bucket.cache.size=10000;
0: jdbc:hive2://h01hn02:10500/tpcds_bin_parti> set hive.mapred.reduce.tasks.speculative.execution=false;
0: jdbc:hive2://h01hn02:10500/tpcds_bin_parti> set hive.metastore.cache.pinobjtypes=Table,Database,Type,FieldSchema,Order;
0: jdbc:hive2://h01hn02:10500/tpcds_bin_parti> set hive.metastore.client.socket.timeout=60;
0: jdbc:hive2://h01hn02:10500/tpcds_bin_parti> set hive.metastore.execute.setugi=true;
0: jdbc:hive2://h01hn02:10500/tpcds_bin_parti> set hive.metastore.warehouse.dir=/apps/hive/warehouse;
0: jdbc:hive2://h01hn02:10500/tpcds_bin_parti> set hive.optimize.bucketmapjoin.sortedmerge=false;
0: jdbc:hive2://h01hn02:10500/tpcds_bin_parti> set hive.optimize.bucketmapjoin=true;
0: jdbc:hive2://h01hn02:10500/tpcds_bin_parti> set hive.optimize.index.filter=true;
0: jdbc:hive2://h01hn02:10500/tpcds_bin_parti> -- set hive.optimize.mapjoin.mapreduce=true;
0: jdbc:hive2://h01hn02:10500/tpcds_bin_parti> set hive.optimize.reducededuplication.min.reducer=4;
0: jdbc:hive2://h01hn02:10500/tpcds_bin_parti> set hive.optimize.reducededuplication=true;
0: jdbc:hive2://h01hn02:10500/tpcds_bin_parti> set hive.orc.splits.include.file.footer=false;
0: jdbc:hive2://h01hn02:10500/tpcds_bin_parti> set hive.security.authorization.enabled=false;
0: jdbc:hive2://h01hn02:10500/tpcds_bin_parti> set hive.security.metastore.authorization.manager=org.apache.hadoop.hive.ql.security.authorization.StorageBasedAuthorizationProvider;
0: jdbc:hive2://h01hn02:10500/tpcds_bin_parti> -- set hive.semantic.analyzer.factory.impl=org.apache.hivealog.cli.HCatSemanticAnalyzerFactory;
0: jdbc:hive2://h01hn02:10500/tpcds_bin_parti> set hive.server2.enable.doAs=false;
0: jdbc:hive2://h01hn02:10500/tpcds_bin_parti> set hive.server2.tez.default.queues=default;
0: jdbc:hive2://h01hn02:10500/tpcds_bin_parti> set hive.server2.tez.initialize.default.sessions=false;
0: jdbc:hive2://h01hn02:10500/tpcds_bin_parti> set hive.server2.tez.sessions.per.default.queue=1;
0: jdbc:hive2://h01hn02:10500/tpcds_bin_parti> set hive.stats.autogather=true;
0: jdbc:hive2://h01hn02:10500/tpcds_bin_parti> set hive.tez.input.format=org.apache.hadoop.hive.ql.io.HiveInputFormat;
0: jdbc:hive2://h01hn02:10500/tpcds_bin_parti> set hive.txn.manager=org.apache.hadoop.hive.ql.lockmgr.DummyTxnManager;
0: jdbc:hive2://h01hn02:10500/tpcds_bin_parti> set hive.txn.max.open.batch=1000;
0: jdbc:hive2://h01hn02:10500/tpcds_bin_parti> set hive.txn.timeout=300;
0: jdbc:hive2://h01hn02:10500/tpcds_bin_parti> set hive.vectorized.execution.enabled=true;
0: jdbc:hive2://h01hn02:10500/tpcds_bin_parti> set hive.vectorized.groupby.checkinterval=1024;
0: jdbc:hive2://h01hn02:10500/tpcds_bin_parti> set hive.vectorized.groupby.flush.percent=1;
0: jdbc:hive2://h01hn02:10500/tpcds_bin_parti> set hive.vectorized.groupby.maxentries=1024;
0: jdbc:hive2://h01hn02:10500/tpcds_bin_parti> 
0: jdbc:hive2://h01hn02:10500/tpcds_bin_parti> -- These values need to be tuned appropriately to your cluster. These examples are for reference.
0: jdbc:hive2://h01hn02:10500/tpcds_bin_parti> set hive.tez.container.size=6144;
0: jdbc:hive2://h01hn02:10500/tpcds_bin_parti> set hive.tez.java.opts=-Xmx5120m;
0: jdbc:hive2://h01hn02:10500/tpcds_bin_parti> --set hive.auto.convert.join.noconditionaltask.size=100000000;
0: jdbc:hive2://h01hn02:10500/tpcds_bin_parti> --set hive.auto.convert.join.noconditionaltask.size=320000000;
0: jdbc:hive2://h01hn02:10500/tpcds_bin_parti> set hive.auto.convert.join.noconditionaltask.size=629145600;
0: jdbc:hive2://h01hn02:10500/tpcds_bin_parti> -- set hive.auto.convert.join.noconditionaltask.size=720000000;
0: jdbc:hive2://h01hn02:10500/tpcds_bin_parti> -- set hive.auto.convert.join.noconditionaltask.size=1920000000;
0: jdbc:hive2://h01hn02:10500/tpcds_bin_parti> 
0: jdbc:hive2://h01hn02:10500/tpcds_bin_parti> set hive.execution.engine=tez;
0: jdbc:hive2://h01hn02:10500/tpcds_bin_parti> set hive.default.fileformat=orc;
0: jdbc:hive2://h01hn02:10500/tpcds_bin_parti> set hive.cbo.enable=true;
0: jdbc:hive2://h01hn02:10500/tpcds_bin_parti> set hive.stats.fetch.column.stats=true;
0: jdbc:hive2://h01hn02:10500/tpcds_bin_parti> set hive.exec.dynamic.partition.mode=nonstrict;
0: jdbc:hive2://h01hn02:10500/tpcds_bin_parti> set hive.tez.auto.reducer.parallelism=true;
0: jdbc:hive2://h01hn02:10500/tpcds_bin_parti> -- set hive.exec.reducers.bytes.per.reducer=1000000000;
0: jdbc:hive2://h01hn02:10500/tpcds_bin_parti> set hive.exec.reducers.bytes.per.reducer=67108864;
0: jdbc:hive2://h01hn02:10500/tpcds_bin_parti> set hive.txn.manager=org.apache.hadoop.hive.ql.lockmgr.DummyTxnManager;
0: jdbc:hive2://h01hn02:10500/tpcds_bin_parti> set hive.support.concurrency=false;
0: jdbc:hive2://h01hn02:10500/tpcds_bin_parti> set hive.tez.exec.print.summary=true;
0: jdbc:hive2://h01hn02:10500/tpcds_bin_parti> 
0: jdbc:hive2://h01hn02:10500/tpcds_bin_parti> set tez.grouping.min-size=16777216;
0: jdbc:hive2://h01hn02:10500/tpcds_bin_parti> --set tez.grouping.min-size=8388608;
0: jdbc:hive2://h01hn02:10500/tpcds_bin_parti> set tez.grouping.max-size=1073741824;
0: jdbc:hive2://h01hn02:10500/tpcds_bin_parti> --set tez.grouping.max-size=1342177280;
0: jdbc:hive2://h01hn02:10500/tpcds_bin_parti> 
0: jdbc:hive2://h01hn02:10500/tpcds_bin_parti> --set tez.grouping.split-waves=1.7;
0: jdbc:hive2://h01hn02:10500/tpcds_bin_parti> set tez.runtime.io.sort.mb=174;
0: jdbc:hive2://h01hn02:10500/tpcds_bin_parti> 
0: jdbc:hive2://h01hn02:10500/tpcds_bin_parti> with ssr as
0: jdbc:hive2://h01hn02:10500/tpcds_bin_parti>  (select  s_store_id as store_id,
0: jdbc:hive2://h01hn02:10500/tpcds_bin_parti>           sum(ss_ext_sales_price) as sales,
0: jdbc:hive2://h01hn02:10500/tpcds_bin_parti>           sum(coalesce(sr_return_amt, 0)) as returns,
0: jdbc:hive2://h01hn02:10500/tpcds_bin_parti>           sum(ss_net_profit - coalesce(sr_net_loss, 0)) as profit
0: jdbc:hive2://h01hn02:10500/tpcds_bin_parti>   from store_sales left outer join store_returns on
0: jdbc:hive2://h01hn02:10500/tpcds_bin_parti>          (ss_item_sk = sr_item_sk and ss_ticket_number = sr_ticket_number),
0: jdbc:hive2://h01hn02:10500/tpcds_bin_parti>      date_dim,
0: jdbc:hive2://h01hn02:10500/tpcds_bin_parti>      store,
0: jdbc:hive2://h01hn02:10500/tpcds_bin_parti>      item,
0: jdbc:hive2://h01hn02:10500/tpcds_bin_parti>      promotion
0: jdbc:hive2://h01hn02:10500/tpcds_bin_parti>  where ss_sold_date_sk = d_date_sk
0: jdbc:hive2://h01hn02:10500/tpcds_bin_parti>        and d_date between cast('1998-08-04' as date) 
0: jdbc:hive2://h01hn02:10500/tpcds_bin_parti>                   and (cast('1998-09-04' as date))
0: jdbc:hive2://h01hn02:10500/tpcds_bin_parti>        and ss_store_sk = s_store_sk
0: jdbc:hive2://h01hn02:10500/tpcds_bin_parti>        and ss_item_sk = i_item_sk
0: jdbc:hive2://h01hn02:10500/tpcds_bin_parti>        and i_current_price > 50
0: jdbc:hive2://h01hn02:10500/tpcds_bin_parti>        and ss_promo_sk = p_promo_sk
0: jdbc:hive2://h01hn02:10500/tpcds_bin_parti>        and p_channel_tv = 'N'
0: jdbc:hive2://h01hn02:10500/tpcds_bin_parti>  group by s_store_id)
0: jdbc:hive2://h01hn02:10500/tpcds_bin_parti>  ,
0: jdbc:hive2://h01hn02:10500/tpcds_bin_parti>  csr as
0: jdbc:hive2://h01hn02:10500/tpcds_bin_parti>  (select  cp_catalog_page_id as catalog_page_id,
0: jdbc:hive2://h01hn02:10500/tpcds_bin_parti>           sum(cs_ext_sales_price) as sales,
0: jdbc:hive2://h01hn02:10500/tpcds_bin_parti>           sum(coalesce(cr_return_amount, 0)) as returns,
0: jdbc:hive2://h01hn02:10500/tpcds_bin_parti>           sum(cs_net_profit - coalesce(cr_net_loss, 0)) as profit
0: jdbc:hive2://h01hn02:10500/tpcds_bin_parti>   from catalog_sales left outer join catalog_returns on
0: jdbc:hive2://h01hn02:10500/tpcds_bin_parti>          (cs_item_sk = cr_item_sk and cs_order_number = cr_order_number),
0: jdbc:hive2://h01hn02:10500/tpcds_bin_parti>      date_dim,
0: jdbc:hive2://h01hn02:10500/tpcds_bin_parti>      catalog_page,
0: jdbc:hive2://h01hn02:10500/tpcds_bin_parti>      item,
0: jdbc:hive2://h01hn02:10500/tpcds_bin_parti>      promotion
0: jdbc:hive2://h01hn02:10500/tpcds_bin_parti>  where cs_sold_date_sk = d_date_sk
0: jdbc:hive2://h01hn02:10500/tpcds_bin_parti>        and d_date between cast('1998-08-04' as date)
0: jdbc:hive2://h01hn02:10500/tpcds_bin_parti>                   and (cast('1998-09-04' as date))
0: jdbc:hive2://h01hn02:10500/tpcds_bin_parti>         and cs_catalog_page_sk = cp_catalog_page_sk
0: jdbc:hive2://h01hn02:10500/tpcds_bin_parti>        and cs_item_sk = i_item_sk
0: jdbc:hive2://h01hn02:10500/tpcds_bin_parti>        and i_current_price > 50
0: jdbc:hive2://h01hn02:10500/tpcds_bin_parti>        and cs_promo_sk = p_promo_sk
0: jdbc:hive2://h01hn02:10500/tpcds_bin_parti>        and p_channel_tv = 'N'
0: jdbc:hive2://h01hn02:10500/tpcds_bin_parti> group by cp_catalog_page_id)
0: jdbc:hive2://h01hn02:10500/tpcds_bin_parti>  ,
0: jdbc:hive2://h01hn02:10500/tpcds_bin_parti>  wsr as
0: jdbc:hive2://h01hn02:10500/tpcds_bin_parti>  (select  web_site_id,
0: jdbc:hive2://h01hn02:10500/tpcds_bin_parti>           sum(ws_ext_sales_price) as sales,
0: jdbc:hive2://h01hn02:10500/tpcds_bin_parti>           sum(coalesce(wr_return_amt, 0)) as returns,
0: jdbc:hive2://h01hn02:10500/tpcds_bin_parti>           sum(ws_net_profit - coalesce(wr_net_loss, 0)) as profit
0: jdbc:hive2://h01hn02:10500/tpcds_bin_parti>   from web_sales left outer join web_returns on
0: jdbc:hive2://h01hn02:10500/tpcds_bin_parti>          (ws_item_sk = wr_item_sk and ws_order_number = wr_order_number),
0: jdbc:hive2://h01hn02:10500/tpcds_bin_parti>      date_dim,
0: jdbc:hive2://h01hn02:10500/tpcds_bin_parti>      web_site,
0: jdbc:hive2://h01hn02:10500/tpcds_bin_parti>      item,
0: jdbc:hive2://h01hn02:10500/tpcds_bin_parti>      promotion
0: jdbc:hive2://h01hn02:10500/tpcds_bin_parti>  where ws_sold_date_sk = d_date_sk
0: jdbc:hive2://h01hn02:10500/tpcds_bin_parti>        and d_date between cast('1998-08-04' as date)
0: jdbc:hive2://h01hn02:10500/tpcds_bin_parti>                   and (cast('1998-09-04' as date))
0: jdbc:hive2://h01hn02:10500/tpcds_bin_parti>         and ws_web_site_sk = web_site_sk
0: jdbc:hive2://h01hn02:10500/tpcds_bin_parti>        and ws_item_sk = i_item_sk
0: jdbc:hive2://h01hn02:10500/tpcds_bin_parti>        and i_current_price > 50
0: jdbc:hive2://h01hn02:10500/tpcds_bin_parti>        and ws_promo_sk = p_promo_sk
0: jdbc:hive2://h01hn02:10500/tpcds_bin_parti>        and p_channel_tv = 'N'
0: jdbc:hive2://h01hn02:10500/tpcds_bin_parti> group by web_site_id)
0: jdbc:hive2://h01hn02:10500/tpcds_bin_parti>   select  channel
0: jdbc:hive2://h01hn02:10500/tpcds_bin_parti>         , id
0: jdbc:hive2://h01hn02:10500/tpcds_bin_parti>         , sum(sales) as sales
0: jdbc:hive2://h01hn02:10500/tpcds_bin_parti>         , sum(returns) as returns
0: jdbc:hive2://h01hn02:10500/tpcds_bin_parti>         , sum(profit) as profit
0: jdbc:hive2://h01hn02:10500/tpcds_bin_parti>  from 
0: jdbc:hive2://h01hn02:10500/tpcds_bin_parti>  (select 'store channel' as channel
0: jdbc:hive2://h01hn02:10500/tpcds_bin_parti>         , concat('store', store_id) as id
0: jdbc:hive2://h01hn02:10500/tpcds_bin_parti>         , sales
0: jdbc:hive2://h01hn02:10500/tpcds_bin_parti>         , returns
0: jdbc:hive2://h01hn02:10500/tpcds_bin_parti>         , profit
0: jdbc:hive2://h01hn02:10500/tpcds_bin_parti>  from   ssr
0: jdbc:hive2://h01hn02:10500/tpcds_bin_parti>  union all
0: jdbc:hive2://h01hn02:10500/tpcds_bin_parti>  select 'catalog channel' as channel
0: jdbc:hive2://h01hn02:10500/tpcds_bin_parti>         , concat('catalog_page', catalog_page_id) as id
0: jdbc:hive2://h01hn02:10500/tpcds_bin_parti>         , sales
0: jdbc:hive2://h01hn02:10500/tpcds_bin_parti>         , returns
0: jdbc:hive2://h01hn02:10500/tpcds_bin_parti>         , profit
0: jdbc:hive2://h01hn02:10500/tpcds_bin_parti>  from  csr
0: jdbc:hive2://h01hn02:10500/tpcds_bin_parti>  union all
0: jdbc:hive2://h01hn02:10500/tpcds_bin_parti>  select 'web channel' as channel
0: jdbc:hive2://h01hn02:10500/tpcds_bin_parti>         , concat('web_site', web_site_id) as id
0: jdbc:hive2://h01hn02:10500/tpcds_bin_parti>         , sales
0: jdbc:hive2://h01hn02:10500/tpcds_bin_parti>         , returns
0: jdbc:hive2://h01hn02:10500/tpcds_bin_parti>         , profit
0: jdbc:hive2://h01hn02:10500/tpcds_bin_parti>  from   wsr
0: jdbc:hive2://h01hn02:10500/tpcds_bin_parti>  ) x
0: jdbc:hive2://h01hn02:10500/tpcds_bin_parti>  group by channel, id with rollup
0: jdbc:hive2://h01hn02:10500/tpcds_bin_parti>  order by channel
0: jdbc:hive2://h01hn02:10500/tpcds_bin_parti>          ,id
0: jdbc:hive2://h01hn02:10500/tpcds_bin_parti>  limit 100;
+------------------+-------------------------------+------------------------+-----------------------+------------------------+--+
|     channel      |              id               |         sales          |        returns        |         profit         |
+------------------+-------------------------------+------------------------+-----------------------+------------------------+--+
| NULL             | NULL                          | 1.3370900114310196E10  | 6.63634572569276E8    | -3.8761202863619375E9  |
| catalog channel  | NULL                          | 4.6243951647212E9      | 2.3216143524342728E8  | -5.984409563665844E8   |
| catalog channel  | catalog_pageAAAAAAAAAACAAAAA  | 8298400.441626251      | 402159.98058617115    | -1008659.9551775977    |
| catalog channel  | catalog_pageAAAAAAAAAADAAAAA  | 4332759.600141764      | 245050.99914216995    | -461926.67250290513    |
| catalog channel  | catalog_pageAAAAAAAAAAHAAAAA  | 438419.66028118134     | 33960.55994319916     | -21589.719724059105    |
| catalog channel  | catalog_pageAAAAAAAAAAIAAAAA  | 3664669.835033655      | 167041.2091844082     | -640425.9280019999     |
| catalog channel  | catalog_pageAAAAAAAAABCAAAAA  | 8372234.584148079      | 455910.1608569622     | -1186071.0617342368    |
| catalog channel  | catalog_pageAAAAAAAAABDAAAAA  | 4653856.152163744      | 233044.638586998      | -377564.6511408612     |
| catalog channel  | catalog_pageAAAAAAAAABHAAAAA  | 432921.5190423131      | 28980.34995651245     | -44768.80038666725     |
| catalog channel  | catalog_pageAAAAAAAAABIAAAAA  | 3824613.6478892565     | 166357.48995673656    | -515276.4453471601     |
| catalog channel  | catalog_pageAAAAAAAAACBAAAAA  | 8341965.730710983      | 381455.94822347164    | -952296.0504731126     |
| catalog channel  | catalog_pageAAAAAAAAACCAAAAA  | 8075271.143563867      | 382291.86959916353    | -907567.1128716394     |
| catalog channel  | catalog_pageAAAAAAAAACDAAAAA  | 3990853.3306027055     | 194600.13071787357    | -426152.2391000092     |
| catalog channel  | catalog_pageAAAAAAAAACHAAAAA  | 323037.3519291878      | 5283.350022792816     | -104265.59074498713    |
| catalog channel  | catalog_pageAAAAAAAAACIAAAAA  | 4032954.490160823      | 187259.3611085415     | -265426.72773109376    |
| catalog channel  | catalog_pageAAAAAAAAADBAAAAA  | 8723185.131672025      | 386463.0316259265     | -952444.8332332447     |
| catalog channel  | catalog_pageAAAAAAAAADCAAAAA  | 3921436.8713140488     | 150474.66021096706    | -537402.7212023437     |
| catalog channel  | catalog_pageAAAAAAAAADDAAAAA  | 4396444.691283226      | 197934.43010795116    | -478606.8571704924     |
| catalog channel  | catalog_pageAAAAAAAAADHAAAAA  | 369225.43796396255     | 26719.059741020203    | -51982.269382715225    |
| catalog channel  | catalog_pageAAAAAAAAADIAAAAA  | 3768404.2959581017     | 202721.46009540558    | -514042.89837163687    |
| catalog channel  | catalog_pageAAAAAAAAAEBAAAAA  | 8144508.1535182        | 441247.868922472      | -1266649.155981779     |
| catalog channel  | catalog_pageAAAAAAAAAECAAAAA  | 4125608.684635401      | 206164.059802413      | -545274.4878500104     |
| catalog channel  | catalog_pageAAAAAAAAAEHAAAAA  | 419455.03106820583     | 20801.59006690979     | -85914.87931203842     |
| catalog channel  | catalog_pageAAAAAAAAAEIAAAAA  | 3806203.047324538      | 180142.7002723217     | -444924.83024926484    |
| catalog channel  | catalog_pageAAAAAAAAAFBAAAAA  | 8616870.619826019      | 458266.22909617424    | -1109152.4251393676    |
| catalog channel  | catalog_pageAAAAAAAAAFCAAAAA  | 4321210.283308744      | 280962.68958985806    | -534732.9967508093     |
| catalog channel  | catalog_pageAAAAAAAAAFHAAAAA  | 470409.14802646637     | 20878.219957351685    | -52927.60967731476     |
| catalog channel  | catalog_pageAAAAAAAAAFIAAAAA  | 3820942.3212850094     | 182440.11002659798    | -392117.0791161284     |
| catalog channel  | catalog_pageAAAAAAAAAGBAAAAA  | 8576522.856843531      | 413755.4282473922     | -935327.1937409043     |
| catalog channel  | catalog_pageAAAAAAAAAGCAAAAA  | 4205268.401649475      | 227309.33010971546    | -587417.8622762859     |
| catalog channel  | catalog_pageAAAAAAAAAGHAAAAA  | 491874.0320444107      | 11394.949975967407    | -42376.59196853638     |
| catalog channel  | catalog_pageAAAAAAAAAGIAAAAA  | 3696368.6278161705     | 155876.95009431243    | -512384.52985979617    |
| catalog channel  | catalog_pageAAAAAAAAAHBAAAAA  | 8112936.606425211      | 431994.0021199286     | -1111967.6594922394    |
| catalog channel  | catalog_pageAAAAAAAAAHCAAAAA  | 4023891.0317213833     | 213532.14870214462    | -656845.0298902094     |
| catalog channel  | catalog_pageAAAAAAAAAHHAAAAA  | 322786.0382795334      | 19107.519666671753    | -87921.06051707268     |
| catalog channel  | catalog_pageAAAAAAAAAHIAAAAA  | 3615271.938621998      | 154432.7406964302     | -377162.48982672393    |
| catalog channel  | catalog_pageAAAAAAAAAIBAAAAA  | 8073492.483219504      | 358210.5213446617     | -952624.909218818      |
| catalog channel  | catalog_pageAAAAAAAAAICAAAAA  | 4421850.279832959      | 186812.40958857536    | -497569.9216835201     |
| catalog channel  | catalog_pageAAAAAAAAAIGAAAAA  | 369440.39886188507     | 31631.61004638672     | -24746.871257305145    |
| catalog channel  | catalog_pageAAAAAAAAAIHAAAAA  | 388394.4318847656      | 30111.439529418945    | -37257.60023474693     |
| catalog channel  | catalog_pageAAAAAAAAAIIAAAAA  | 3900464.5900104046     | 231026.97993040085    | -404592.8416341562     |
| catalog channel  | catalog_pageAAAAAAAAAJBAAAAA  | 8252122.727799714      | 400669.57057768106    | -1168557.7735407948    |
| catalog channel  | catalog_pageAAAAAAAAAJCAAAAA  | 4078585.13292294       | 150820.1002601385     | -586796.9009055793     |
| catalog channel  | catalog_pageAAAAAAAAAJGAAAAA  | 325746.74878513813     | 18684.7500166893      | -17453.830109119415    |
| catalog channel  | catalog_pageAAAAAAAAAJHAAAAA  | 454104.8718998432      | 25070.390048980713    | -40854.23975634575     |
| catalog channel  | catalog_pageAAAAAAAAAJIAAAAA  | 3739320.6659852266     | 170651.01959347725    | -497749.7011075318     |
| catalog channel  | catalog_pageAAAAAAAAAKBAAAAA  | 8165146.349657752      | 424627.0202462673     | -1290364.757863164     |
| catalog channel  | catalog_pageAAAAAAAAAKCAAAAA  | 4187198.3334692717     | 253231.0499370396     | -560045.554587096      |
| catalog channel  | catalog_pageAAAAAAAAAKGAAAAA  | 303628.0496459007      | 17450.599794387817    | -66906.29847750068     |
| catalog channel  | catalog_pageAAAAAAAAAKHAAAAA  | 4172793.01537323       | 237800.4397945404     | -450475.5988791883     |
| catalog channel  | catalog_pageAAAAAAAAAKIAAAAA  | 3636474.8608913384     | 193062.4507676363     | -565024.220495373      |
| catalog channel  | catalog_pageAAAAAAAAALBAAAAA  | 8248367.06358096       | 466332.1697576642     | -996537.621125117      |
| catalog channel  | catalog_pageAAAAAAAAALCAAAAA  | 4450085.5894572735     | 248782.99010896683    | -512388.59980487823    |
| catalog channel  | catalog_pageAAAAAAAAALGAAAAA  | 304685.72995615005     | 10687.070234775543    | -82056.59023332596     |
| catalog channel  | catalog_pageAAAAAAAAALHAAAAA  | 3577290.343389213      | 168473.39969426394    | -513535.2085993141     |
| catalog channel  | catalog_pageAAAAAAAAAMBAAAAA  | 8141929.260791659      | 327724.60000669956    | -937021.2044404149     |
| catalog channel  | catalog_pageAAAAAAAAAMCAAAAA  | 4086045.2531793118     | 221531.14068627357    | -518138.68854662776    |
| catalog channel  | catalog_pageAAAAAAAAAMGAAAAA  | 409089.27212667465     | 31721.45000553131     | -59794.219469070435    |
| catalog channel  | catalog_pageAAAAAAAAAMHAAAAA  | 3641368.7622393966     | 186561.50947356224    | -646989.1909701824     |
| catalog channel  | catalog_pageAAAAAAAAANBAAAAA  | 8238132.71683827       | 372733.4208856821     | -1119589.4129951745    |
| catalog channel  | catalog_pageAAAAAAAAANCAAAAA  | 3996974.360256493      | 224367.08005714417    | -468502.75998590887    |
| catalog channel  | catalog_pageAAAAAAAAANGAAAAA  | 438292.87888121605     | 9706.249866724014     | -12218.958832979202    |
| catalog channel  | catalog_pageAAAAAAAAANHAAAAA  | 3651554.357865572      | 184091.35032749176    | -405047.83304706216    |
| catalog channel  | catalog_pageAAAAAAAAAOBAAAAA  | 8149428.226836003      | 404638.01977682114    | -984858.7022641189     |
| catalog channel  | catalog_pageAAAAAAAAAOCAAAAA  | 4119002.083877802      | 209839.53917443752    | -615954.8483943939     |
| catalog channel  | catalog_pageAAAAAAAAAOGAAAAA  | 442855.99194669724     | 18690.45957136154     | -67630.5906317234      |
| catalog channel  | catalog_pageAAAAAAAAAOHAAAAA  | 3801187.530442685      | 170183.27079677582    | -443254.3420202732     |
| catalog channel  | catalog_pageAAAAAAAAAPBAAAAA  | 8724315.40002513       | 474683.417886287      | -1004674.1197274849    |
| catalog channel  | catalog_pageAAAAAAAAAPCAAAAA  | 4251138.960490823      | 195617.77008646727    | -465308.58169178665    |
| catalog channel  | catalog_pageAAAAAAAAAPGAAAAA  | 319666.1696844101      | 3055.3799934387207    | -58117.91927289963     |
| catalog channel  | catalog_pageAAAAAAAAAPHAAAAA  | 3862865.0159840584     | 204813.5803604126     | -641534.3410252929     |
| catalog channel  | catalog_pageAAAAAAAABACAAAAA  | 8549440.773445487      | 349499.98063349724    | -913692.3260805681     |
| catalog channel  | catalog_pageAAAAAAAABADAAAAA  | 4179813.113797307      | 276690.940269202      | -538828.7287722826     |
| catalog channel  | catalog_pageAAAAAAAABAHAAAAA  | 377656.5904869735      | 18654.659922599792    | -30290.549550890923    |
| catalog channel  | catalog_pageAAAAAAAABAIAAAAA  | 3968297.767563939      | 182990.80185818672    | -503225.31030738354    |
| catalog channel  | catalog_pageAAAAAAAABBCAAAAA  | 8116792.975332081      | 348293.95088624954    | -1179933.917486973     |
| catalog channel  | catalog_pageAAAAAAAABBDAAAAA  | 4255680.917005062      | 205584.6706148088     | -525014.2825370878     |
| catalog channel  | catalog_pageAAAAAAAABBHAAAAA  | 350065.0896267891      | 16738.00978088379     | -68868.4006986618      |
| catalog channel  | catalog_pageAAAAAAAABBIAAAAA  | 3763224.645582199      | 188950.38991641998    | -493013.6211348474     |
| catalog channel  | catalog_pageAAAAAAAABCBAAAAA  | 8292617.992720187      | 376593.14070773125    | -858584.94203493       |
| catalog channel  | catalog_pageAAAAAAAABCCAAAAA  | 8117833.804845452      | 397410.0504040122     | -995074.3076974675     |
| catalog channel  | catalog_pageAAAAAAAABCDAAAAA  | 4142788.868952751      | 223946.7603518963     | -613917.0682754815     |
| catalog channel  | catalog_pageAAAAAAAABCHAAAAA  | 448836.589597702       | 19963.31010246277     | -65274.63945913315     |
| catalog channel  | catalog_pageAAAAAAAABCIAAAAA  | 3872938.787687421      | 178581.83005189896    | -677699.9226787388     |
| catalog channel  | catalog_pageAAAAAAAABDBAAAAA  | 7962958.539861172      | 471969.76130485535    | -1144409.9617358       |
| catalog channel  | catalog_pageAAAAAAAABDCAAAAA  | 3889919.0510053635     | 186671.8117351085     | -688892.1361707598     |
| catalog channel  | catalog_pageAAAAAAAABDDAAAAA  | 4365401.355701327      | 209693.17892694473    | -355121.0464946516     |
| catalog channel  | catalog_pageAAAAAAAABDHAAAAA  | 396018.93052101135     | 19657.839782714844    | -54038.48103773594     |
| catalog channel  | catalog_pageAAAAAAAABDIAAAAA  | 3885173.8672711253     | 184421.7401599884     | -503550.0313305855     |
| catalog channel  | catalog_pageAAAAAAAABEBAAAAA  | 8258281.1029904485     | 391095.86023854464    | -899469.080358237      |
| catalog channel  | catalog_pageAAAAAAAABECAAAAA  | 4123951.349800706      | 188970.599776268      | -522183.0799317062     |
| catalog channel  | catalog_pageAAAAAAAABEHAAAAA  | 403104.2694606781      | 27786.650228500366    | -100549.91926312447    |
| catalog channel  | catalog_pageAAAAAAAABEIAAAAA  | 3716506.9181823134     | 174899.08991003036    | -479907.0819092989     |
| catalog channel  | catalog_pageAAAAAAAABFBAAAAA  | 8484869.453654349      | 455578.3407624364     | -1034658.1258809865    |
| catalog channel  | catalog_pageAAAAAAAABFCAAAAA  | 4334903.623076916      | 216725.56879091263    | -407202.7919279337     |
| catalog channel  | catalog_pageAAAAAAAABFHAAAAA  | 491201.2184741497      | 28601.949947357178    | 6432.789589881897      |
| catalog channel  | catalog_pageAAAAAAAABFIAAAAA  | 3621704.1234897375     | 143306.98032569885    | -539489.9304144308     |
| catalog channel  | catalog_pageAAAAAAAABGBAAAAA  | 8080556.108362496      | 406221.4891150296     | -1052042.0675460994    |
| catalog channel  | catalog_pageAAAAAAAABGCAAAAA  | 4333612.5755292475     | 169087.35036873817    | -498475.3489110097     |
| catalog channel  | catalog_pageAAAAAAAABGHAAAAA  | 401603.2789721489      | 8196.57007408142      | -61902.26065289974     |
+------------------+-------------------------------+------------------------+-----------------------+------------------------+--+
0: jdbc:hive2://h01hn02:10500/tpcds_bin_parti> 
