Connecting to jdbc:hive2://h01hn02:10500/tpcds_bin_partitioned_orc_10000
Connected to: Apache Hive (version 2.1.0.2.5.1.0-43)
Driver: Hive JDBC (version 1.2.1000.2.5.1.0-43)
Transaction isolation: TRANSACTION_REPEATABLE_READ
Running init script bry.sql
No rows affected (0.036 seconds)
No rows affected (0.001 seconds)
INFO  : Compiling command(queryId=hive_20161019124751_ae5c5b15-dceb-40b6-b878-516c416836ca): select i_brand_id brand_id, i_brand brand,t_hour,t_minute,
 	sum(ext_price) ext_price
 from item JOIN (select ws_ext_sales_price as ext_price, 
                        ws_sold_date_sk as sold_date_sk,
                        ws_item_sk as sold_item_sk,
                        ws_sold_time_sk as time_sk  
                 from web_sales,date_dim
                 where date_dim.d_date_sk = web_sales.ws_sold_date_sk
                   and d_moy=12
                   and d_year=2001
                 union all
                 select cs_ext_sales_price as ext_price,
                        cs_sold_date_sk as sold_date_sk,
                        cs_item_sk as sold_item_sk,
                        cs_sold_time_sk as time_sk
                 from catalog_sales,date_dim
                 where date_dim.d_date_sk = catalog_sales.cs_sold_date_sk
                   and d_moy=12
                   and d_year=2001
                 union all
                 select ss_ext_sales_price as ext_price,
                        ss_sold_date_sk as sold_date_sk,
                        ss_item_sk as sold_item_sk,
                        ss_sold_time_sk as time_sk
                 from store_sales,date_dim
                 where date_dim.d_date_sk = store_sales.ss_sold_date_sk
                   and d_moy=12
                   and d_year=2001
                 ) tmp ON tmp.sold_item_sk = item.i_item_sk
 JOIN time_dim ON tmp.time_sk = time_dim.t_time_sk
 where
       i_manager_id=1
   and (t_meal_time = 'breakfast' or t_meal_time = 'dinner')
 group by i_brand, i_brand_id,t_hour,t_minute
 order by ext_price desc, i_brand_id
INFO  : Semantic Analysis Completed
INFO  : Returning Hive schema: Schema(fieldSchemas:[FieldSchema(name:brand_id, type:int, comment:null), FieldSchema(name:brand, type:string, comment:null), FieldSchema(name:t_hour, type:int, comment:null), FieldSchema(name:t_minute, type:int, comment:null), FieldSchema(name:ext_price, type:double, comment:null)], properties:null)
INFO  : Completed compiling command(queryId=hive_20161019124751_ae5c5b15-dceb-40b6-b878-516c416836ca); Time taken: 1.516 seconds
INFO  : Concurrency mode is disabled, not creating a lock manager
INFO  : Executing command(queryId=hive_20161019124751_ae5c5b15-dceb-40b6-b878-516c416836ca): select i_brand_id brand_id, i_brand brand,t_hour,t_minute,
 	sum(ext_price) ext_price
 from item JOIN (select ws_ext_sales_price as ext_price, 
                        ws_sold_date_sk as sold_date_sk,
                        ws_item_sk as sold_item_sk,
                        ws_sold_time_sk as time_sk  
                 from web_sales,date_dim
                 where date_dim.d_date_sk = web_sales.ws_sold_date_sk
                   and d_moy=12
                   and d_year=2001
                 union all
                 select cs_ext_sales_price as ext_price,
                        cs_sold_date_sk as sold_date_sk,
                        cs_item_sk as sold_item_sk,
                        cs_sold_time_sk as time_sk
                 from catalog_sales,date_dim
                 where date_dim.d_date_sk = catalog_sales.cs_sold_date_sk
                   and d_moy=12
                   and d_year=2001
                 union all
                 select ss_ext_sales_price as ext_price,
                        ss_sold_date_sk as sold_date_sk,
                        ss_item_sk as sold_item_sk,
                        ss_sold_time_sk as time_sk
                 from store_sales,date_dim
                 where date_dim.d_date_sk = store_sales.ss_sold_date_sk
                   and d_moy=12
                   and d_year=2001
                 ) tmp ON tmp.sold_item_sk = item.i_item_sk
 JOIN time_dim ON tmp.time_sk = time_dim.t_time_sk
 where
       i_manager_id=1
   and (t_meal_time = 'breakfast' or t_meal_time = 'dinner')
 group by i_brand, i_brand_id,t_hour,t_minute
 order by ext_price desc, i_brand_id
INFO  : Query ID = hive_20161019124751_ae5c5b15-dceb-40b6-b878-516c416836ca
INFO  : Total jobs = 1
INFO  : Launching Job 1 out of 1
INFO  : Starting task [Stage-1:MAPRED] in serial mode
INFO  : Session is already open
INFO  : Dag name: select i_brand_id brand_id, i_b...i_brand_id(Stage-1)
INFO  : Setting tez.task.scale.memory.reserve-fraction to 0.30000001192092896
INFO  : Setting tez.task.scale.memory.reserve-fraction to 0.30000001192092896
INFO  : Setting tez.task.scale.memory.reserve-fraction to 0.30000001192092896
INFO  : Tez session was closed. Reopening...
INFO  : Session re-established.
INFO  : 

INFO  : Status: Running (Executing on YARN cluster with App id application_1476716628816_0173)

INFO  : Map 1: -/-	Map 10: -/-	Map 11: -/-	Map 2: -/-	Map 6: -/-	Map 7: -/-	Map 8: -/-	Map 9: -/-	Reducer 4: 0/1009	Reducer 5: 0/1	
INFO  : Map 1: 0/7	Map 10: 0/1	Map 11: 0/1	Map 2: -/-	Map 6: 0/1	Map 7: -/-	Map 8: 0/1	Map 9: -/-	Reducer 4: 0/1009	Reducer 5: 0/1	
INFO  : Map 1: 0(+7)/7	Map 10: 0(+1)/1	Map 11: 0(+1)/1	Map 2: -/-	Map 6: 0(+1)/1	Map 7: -/-	Map 8: 0(+1)/1	Map 9: -/-	Reducer 4: 0/1009	Reducer 5: 0/1	
INFO  : Map 1: 2(+5)/7	Map 10: 0(+1)/1	Map 11: 0(+1)/1	Map 2: -/-	Map 6: 0(+1)/1	Map 7: -/-	Map 8: 0(+1)/1	Map 9: -/-	Reducer 4: 0/1009	Reducer 5: 0/1	
INFO  : Map 1: 4(+3)/7	Map 10: 0(+1)/1	Map 11: 1/1	Map 2: -/-	Map 6: 1/1	Map 7: -/-	Map 8: 0(+1)/1	Map 9: -/-	Reducer 4: 0/1009	Reducer 5: 0/1	
INFO  : Map 1: 6(+1)/7	Map 10: 1/1	Map 11: 1/1	Map 2: -/-	Map 6: 1/1	Map 7: -/-	Map 8: 1/1	Map 9: -/-	Reducer 4: 0/1009	Reducer 5: 0/1	
INFO  : Map 1: 6(+1)/7	Map 10: 1/1	Map 11: 1/1	Map 2: 0/94	Map 6: 1/1	Map 7: 0/137	Map 8: 1/1	Map 9: -/-	Reducer 4: 0/1009	Reducer 5: 0/1	
INFO  : Map 1: 6(+1)/7	Map 10: 1/1	Map 11: 1/1	Map 2: 0(+44)/94	Map 6: 1/1	Map 7: 0(+22)/137	Map 8: 1/1	Map 9: 0/170	Reducer 4: 0/1009	Reducer 5: 0/1	
INFO  : Map 1: 6(+1)/7	Map 10: 1/1	Map 11: 1/1	Map 2: 0(+83)/94	Map 6: 1/1	Map 7: 0(+58)/137	Map 8: 1/1	Map 9: 0/170	Reducer 4: 0/1009	Reducer 5: 0/1	
INFO  : Map 1: 6(+1)/7	Map 10: 1/1	Map 11: 1/1	Map 2: 0(+94)/94	Map 6: 1/1	Map 7: 0(+104)/137	Map 8: 1/1	Map 9: 0/170	Reducer 4: 0/1009	Reducer 5: 0/1	
INFO  : Map 1: 6(+1)/7	Map 10: 1/1	Map 11: 1/1	Map 2: 0(+94)/94	Map 6: 1/1	Map 7: 0(+137)/137	Map 8: 1/1	Map 9: 0(+170)/170	Reducer 4: 0/1009	Reducer 5: 0/1	
INFO  : Map 1: 6(+1)/7	Map 10: 1/1	Map 11: 1/1	Map 2: 0(+94)/94	Map 6: 1/1	Map 7: 0(+137)/137	Map 8: 1/1	Map 9: 0(+170)/170	Reducer 4: 0/1009	Reducer 5: 0/1	
INFO  : Map 1: 6(+1)/7	Map 10: 1/1	Map 11: 1/1	Map 2: 0(+94)/94	Map 6: 1/1	Map 7: 0(+137)/137	Map 8: 1/1	Map 9: 0(+170)/170	Reducer 4: 0/1009	Reducer 5: 0/1	
INFO  : Map 1: 6(+1)/7	Map 10: 1/1	Map 11: 1/1	Map 2: 0(+94)/94	Map 6: 1/1	Map 7: 0(+137)/137	Map 8: 1/1	Map 9: 0(+170)/170	Reducer 4: 0/1009	Reducer 5: 0/1	
INFO  : Map 1: 6(+1)/7	Map 10: 1/1	Map 11: 1/1	Map 2: 0(+94)/94	Map 6: 1/1	Map 7: 0(+137)/137	Map 8: 1/1	Map 9: 0(+170)/170	Reducer 4: 0/1009	Reducer 5: 0/1	
INFO  : Map 1: 6(+1)/7	Map 10: 1/1	Map 11: 1/1	Map 2: 0(+94)/94	Map 6: 1/1	Map 7: 0(+137)/137	Map 8: 1/1	Map 9: 0(+170)/170	Reducer 4: 0/1009	Reducer 5: 0/1	
INFO  : Map 1: 6(+1)/7	Map 10: 1/1	Map 11: 1/1	Map 2: 0(+94)/94	Map 6: 1/1	Map 7: 0(+137)/137	Map 8: 1/1	Map 9: 0(+170)/170	Reducer 4: 0/1009	Reducer 5: 0/1	
INFO  : Map 1: 6(+1)/7	Map 10: 1/1	Map 11: 1/1	Map 2: 0(+94)/94	Map 6: 1/1	Map 7: 0(+137)/137	Map 8: 1/1	Map 9: 0(+170)/170	Reducer 4: 0/1009	Reducer 5: 0/1	
INFO  : Map 1: 6(+1)/7	Map 10: 1/1	Map 11: 1/1	Map 2: 0(+94)/94	Map 6: 1/1	Map 7: 0(+137)/137	Map 8: 1/1	Map 9: 0(+170)/170	Reducer 4: 0/1009	Reducer 5: 0/1	
INFO  : Map 1: 6(+1)/7	Map 10: 1/1	Map 11: 1/1	Map 2: 0(+94)/94	Map 6: 1/1	Map 7: 0(+137)/137	Map 8: 1/1	Map 9: 0(+170)/170	Reducer 4: 0/1009	Reducer 5: 0/1	
INFO  : Map 1: 6(+1)/7	Map 10: 1/1	Map 11: 1/1	Map 2: 0(+94)/94	Map 6: 1/1	Map 7: 0(+137)/137	Map 8: 1/1	Map 9: 0(+170)/170	Reducer 4: 0/1009	Reducer 5: 0/1	
INFO  : Map 1: 6(+1)/7	Map 10: 1/1	Map 11: 1/1	Map 2: 0(+94)/94	Map 6: 1/1	Map 7: 0(+137)/137	Map 8: 1/1	Map 9: 0(+170)/170	Reducer 4: 0/1009	Reducer 5: 0/1	
INFO  : Map 1: 6(+1)/7	Map 10: 1/1	Map 11: 1/1	Map 2: 0(+94)/94	Map 6: 1/1	Map 7: 0(+137)/137	Map 8: 1/1	Map 9: 0(+170)/170	Reducer 4: 0/1009	Reducer 5: 0/1	
INFO  : Map 1: 6(+1)/7	Map 10: 1/1	Map 11: 1/1	Map 2: 0(+94)/94	Map 6: 1/1	Map 7: 0(+137)/137	Map 8: 1/1	Map 9: 0(+170)/170	Reducer 4: 0/1009	Reducer 5: 0/1	
INFO  : Map 1: 6(+1)/7	Map 10: 1/1	Map 11: 1/1	Map 2: 0(+94)/94	Map 6: 1/1	Map 7: 0(+137)/137	Map 8: 1/1	Map 9: 0(+170)/170	Reducer 4: 0/1009	Reducer 5: 0/1	
INFO  : Map 1: 6(+1)/7	Map 10: 1/1	Map 11: 1/1	Map 2: 0(+94)/94	Map 6: 1/1	Map 7: 0(+137)/137	Map 8: 1/1	Map 9: 0(+170)/170	Reducer 4: 0/1009	Reducer 5: 0/1	
INFO  : Map 1: 6(+1)/7	Map 10: 1/1	Map 11: 1/1	Map 2: 0(+94)/94	Map 6: 1/1	Map 7: 0(+137)/137	Map 8: 1/1	Map 9: 0(+170)/170	Reducer 4: 0/1009	Reducer 5: 0/1	
INFO  : Map 1: 6(+1)/7	Map 10: 1/1	Map 11: 1/1	Map 2: 0(+94)/94	Map 6: 1/1	Map 7: 0(+137)/137	Map 8: 1/1	Map 9: 0(+170)/170	Reducer 4: 0/1009	Reducer 5: 0/1	
INFO  : Map 1: 6(+1)/7	Map 10: 1/1	Map 11: 1/1	Map 2: 0(+94)/94	Map 6: 1/1	Map 7: 0(+137)/137	Map 8: 1/1	Map 9: 0(+170)/170	Reducer 4: 0/1009	Reducer 5: 0/1	
INFO  : Map 1: 6(+1)/7	Map 10: 1/1	Map 11: 1/1	Map 2: 0(+94)/94	Map 6: 1/1	Map 7: 0(+137)/137	Map 8: 1/1	Map 9: 0(+170)/170	Reducer 4: 0/1009	Reducer 5: 0/1	
INFO  : Map 1: 6(+1)/7	Map 10: 1/1	Map 11: 1/1	Map 2: 0(+94)/94	Map 6: 1/1	Map 7: 0(+137)/137	Map 8: 1/1	Map 9: 0(+170)/170	Reducer 4: 0/1009	Reducer 5: 0/1	
INFO  : Map 1: 6(+1)/7	Map 10: 1/1	Map 11: 1/1	Map 2: 0(+94)/94	Map 6: 1/1	Map 7: 0(+137)/137	Map 8: 1/1	Map 9: 0(+170)/170	Reducer 4: 0/1009	Reducer 5: 0/1	
INFO  : Map 1: 6(+1)/7	Map 10: 1/1	Map 11: 1/1	Map 2: 0(+94)/94	Map 6: 1/1	Map 7: 0(+137)/137	Map 8: 1/1	Map 9: 0(+170)/170	Reducer 4: 0/1009	Reducer 5: 0/1	
INFO  : Map 1: 6(+1)/7	Map 10: 1/1	Map 11: 1/1	Map 2: 0(+94)/94	Map 6: 1/1	Map 7: 0(+137)/137	Map 8: 1/1	Map 9: 0(+170)/170	Reducer 4: 0/1009	Reducer 5: 0/1	
INFO  : Map 1: 6(+1)/7	Map 10: 1/1	Map 11: 1/1	Map 2: 0(+94)/94	Map 6: 1/1	Map 7: 0(+137)/137	Map 8: 1/1	Map 9: 0(+170)/170	Reducer 4: 0/1009	Reducer 5: 0/1	
INFO  : Map 1: 6(+1)/7	Map 10: 1/1	Map 11: 1/1	Map 2: 0(+94)/94	Map 6: 1/1	Map 7: 0(+137)/137	Map 8: 1/1	Map 9: 0(+170)/170	Reducer 4: 0/1009	Reducer 5: 0/1	
INFO  : Map 1: 6(+1)/7	Map 10: 1/1	Map 11: 1/1	Map 2: 0(+94)/94	Map 6: 1/1	Map 7: 0(+137)/137	Map 8: 1/1	Map 9: 0(+170)/170	Reducer 4: 0/1009	Reducer 5: 0/1	
INFO  : Map 1: 6(+1)/7	Map 10: 1/1	Map 11: 1/1	Map 2: 0(+94)/94	Map 6: 1/1	Map 7: 0(+137)/137	Map 8: 1/1	Map 9: 0(+170)/170	Reducer 4: 0/1009	Reducer 5: 0/1	
INFO  : Map 1: 6(+1)/7	Map 10: 1/1	Map 11: 1/1	Map 2: 0(+94)/94	Map 6: 1/1	Map 7: 0(+137)/137	Map 8: 1/1	Map 9: 0(+170)/170	Reducer 4: 0/1009	Reducer 5: 0/1	
INFO  : Map 1: 6(+1)/7	Map 10: 1/1	Map 11: 1/1	Map 2: 0(+94)/94	Map 6: 1/1	Map 7: 0(+137)/137	Map 8: 1/1	Map 9: 0(+170)/170	Reducer 4: 0/1009	Reducer 5: 0/1	
INFO  : Map 1: 6(+1)/7	Map 10: 1/1	Map 11: 1/1	Map 2: 0(+94)/94	Map 6: 1/1	Map 7: 0(+137)/137	Map 8: 1/1	Map 9: 0(+170)/170	Reducer 4: 0/1009	Reducer 5: 0/1	
INFO  : Map 1: 6(+1)/7	Map 10: 1/1	Map 11: 1/1	Map 2: 0(+94)/94	Map 6: 1/1	Map 7: 0(+137)/137	Map 8: 1/1	Map 9: 0(+170)/170	Reducer 4: 0/1009	Reducer 5: 0/1	
INFO  : Map 1: 6(+1)/7	Map 10: 1/1	Map 11: 1/1	Map 2: 0(+94)/94	Map 6: 1/1	Map 7: 0(+137)/137	Map 8: 1/1	Map 9: 0(+170)/170	Reducer 4: 0/1009	Reducer 5: 0/1	
INFO  : Map 1: 6(+1)/7	Map 10: 1/1	Map 11: 1/1	Map 2: 0(+94)/94	Map 6: 1/1	Map 7: 0(+137)/137	Map 8: 1/1	Map 9: 0(+170)/170	Reducer 4: 0/1009	Reducer 5: 0/1	
INFO  : Map 1: 6(+1)/7	Map 10: 1/1	Map 11: 1/1	Map 2: 0(+94)/94	Map 6: 1/1	Map 7: 0(+137)/137	Map 8: 1/1	Map 9: 0(+170)/170	Reducer 4: 0/1009	Reducer 5: 0/1	
INFO  : Map 1: 6(+1)/7	Map 10: 1/1	Map 11: 1/1	Map 2: 0(+94)/94	Map 6: 1/1	Map 7: 0(+137)/137	Map 8: 1/1	Map 9: 0(+170)/170	Reducer 4: 0/1009	Reducer 5: 0/1	
INFO  : Map 1: 6(+1)/7	Map 10: 1/1	Map 11: 1/1	Map 2: 0(+94)/94	Map 6: 1/1	Map 7: 0(+137)/137	Map 8: 1/1	Map 9: 0(+170)/170	Reducer 4: 0/1009	Reducer 5: 0/1	
INFO  : Map 1: 6(+1)/7	Map 10: 1/1	Map 11: 1/1	Map 2: 0(+94)/94	Map 6: 1/1	Map 7: 0(+137)/137	Map 8: 1/1	Map 9: 0(+170)/170	Reducer 4: 0/1009	Reducer 5: 0/1	
INFO  : Map 1: 6(+1)/7	Map 10: 1/1	Map 11: 1/1	Map 2: 0(+94)/94	Map 6: 1/1	Map 7: 0(+137)/137	Map 8: 1/1	Map 9: 0(+170)/170	Reducer 4: 0/1009	Reducer 5: 0/1	
INFO  : Map 1: 6(+1)/7	Map 10: 1/1	Map 11: 1/1	Map 2: 0(+94)/94	Map 6: 1/1	Map 7: 0(+137)/137	Map 8: 1/1	Map 9: 0(+170)/170	Reducer 4: 0/1009	Reducer 5: 0/1	
INFO  : Map 1: 6(+1)/7	Map 10: 1/1	Map 11: 1/1	Map 2: 0(+94)/94	Map 6: 1/1	Map 7: 0(+137)/137	Map 8: 1/1	Map 9: 0(+170)/170	Reducer 4: 0/1009	Reducer 5: 0/1	
INFO  : Map 1: 6(+1)/7	Map 10: 1/1	Map 11: 1/1	Map 2: 0(+94)/94	Map 6: 1/1	Map 7: 0(+137)/137	Map 8: 1/1	Map 9: 0(+170)/170	Reducer 4: 0/1009	Reducer 5: 0/1	
INFO  : Map 1: 6(+1)/7	Map 10: 1/1	Map 11: 1/1	Map 2: 0(+94)/94	Map 6: 1/1	Map 7: 0(+137)/137	Map 8: 1/1	Map 9: 0(+170)/170	Reducer 4: 0/1009	Reducer 5: 0/1	
INFO  : Map 1: 6(+1)/7	Map 10: 1/1	Map 11: 1/1	Map 2: 0(+94)/94	Map 6: 1/1	Map 7: 0(+137)/137	Map 8: 1/1	Map 9: 0(+170)/170	Reducer 4: 0/1009	Reducer 5: 0/1	
INFO  : Map 1: 6(+1)/7	Map 10: 1/1	Map 11: 1/1	Map 2: 0(+94)/94	Map 6: 1/1	Map 7: 0(+137)/137	Map 8: 1/1	Map 9: 0(+170)/170	Reducer 4: 0/1009	Reducer 5: 0/1	
INFO  : Map 1: 6(+1)/7	Map 10: 1/1	Map 11: 1/1	Map 2: 0(+94)/94	Map 6: 1/1	Map 7: 0(+137)/137	Map 8: 1/1	Map 9: 0(+170)/170	Reducer 4: 0/1009	Reducer 5: 0/1	
INFO  : Map 1: 6(+1)/7	Map 10: 1/1	Map 11: 1/1	Map 2: 0(+94)/94	Map 6: 1/1	Map 7: 0(+137)/137	Map 8: 1/1	Map 9: 0(+170)/170	Reducer 4: 0/1009	Reducer 5: 0/1	
INFO  : Map 1: 6(+1)/7	Map 10: 1/1	Map 11: 1/1	Map 2: 0(+94)/94	Map 6: 1/1	Map 7: 0(+137)/137	Map 8: 1/1	Map 9: 0(+170)/170	Reducer 4: 0/1009	Reducer 5: 0/1	
INFO  : Map 1: 6(+1)/7	Map 10: 1/1	Map 11: 1/1	Map 2: 0(+94)/94	Map 6: 1/1	Map 7: 0(+137)/137	Map 8: 1/1	Map 9: 0(+170)/170	Reducer 4: 0/1009	Reducer 5: 0/1	
INFO  : Map 1: 6(+1)/7	Map 10: 1/1	Map 11: 1/1	Map 2: 0(+94)/94	Map 6: 1/1	Map 7: 0(+137)/137	Map 8: 1/1	Map 9: 0(+170)/170	Reducer 4: 0/1009	Reducer 5: 0/1	
INFO  : Map 1: 6(+1)/7	Map 10: 1/1	Map 11: 1/1	Map 2: 0(+94)/94	Map 6: 1/1	Map 7: 0(+137)/137	Map 8: 1/1	Map 9: 0(+170)/170	Reducer 4: 0/1009	Reducer 5: 0/1	
INFO  : Map 1: 6(+1)/7	Map 10: 1/1	Map 11: 1/1	Map 2: 0(+94)/94	Map 6: 1/1	Map 7: 0(+137)/137	Map 8: 1/1	Map 9: 0(+170)/170	Reducer 4: 0/1009	Reducer 5: 0/1	
INFO  : Map 1: 6(+1)/7	Map 10: 1/1	Map 11: 1/1	Map 2: 0(+94)/94	Map 6: 1/1	Map 7: 0(+137)/137	Map 8: 1/1	Map 9: 0(+170)/170	Reducer 4: 0/1009	Reducer 5: 0/1	
INFO  : Map 1: 6(+1)/7	Map 10: 1/1	Map 11: 1/1	Map 2: 0(+94)/94	Map 6: 1/1	Map 7: 0(+137)/137	Map 8: 1/1	Map 9: 0(+170)/170	Reducer 4: 0/1009	Reducer 5: 0/1	
INFO  : Map 1: 6(+1)/7	Map 10: 1/1	Map 11: 1/1	Map 2: 0(+94)/94	Map 6: 1/1	Map 7: 0(+137)/137	Map 8: 1/1	Map 9: 0(+170)/170	Reducer 4: 0/1009	Reducer 5: 0/1	
INFO  : Map 1: 6(+1)/7	Map 10: 1/1	Map 11: 1/1	Map 2: 0(+94)/94	Map 6: 1/1	Map 7: 0(+137)/137	Map 8: 1/1	Map 9: 0(+170)/170	Reducer 4: 0/1009	Reducer 5: 0/1	
INFO  : Map 1: 6(+1)/7	Map 10: 1/1	Map 11: 1/1	Map 2: 0(+94)/94	Map 6: 1/1	Map 7: 0(+137)/137	Map 8: 1/1	Map 9: 0(+170)/170	Reducer 4: 0/1009	Reducer 5: 0/1	
INFO  : Map 1: 6(+1)/7	Map 10: 1/1	Map 11: 1/1	Map 2: 0(+94)/94	Map 6: 1/1	Map 7: 0(+137)/137	Map 8: 1/1	Map 9: 0(+170)/170	Reducer 4: 0/1009	Reducer 5: 0/1	
INFO  : Map 1: 6(+1)/7	Map 10: 1/1	Map 11: 1/1	Map 2: 0(+94)/94	Map 6: 1/1	Map 7: 0(+137)/137	Map 8: 1/1	Map 9: 0(+170)/170	Reducer 4: 0/1009	Reducer 5: 0/1	
INFO  : Map 1: 6(+1)/7	Map 10: 1/1	Map 11: 1/1	Map 2: 0(+94)/94	Map 6: 1/1	Map 7: 0(+137)/137	Map 8: 1/1	Map 9: 0(+170)/170	Reducer 4: 0/1009	Reducer 5: 0/1	
INFO  : Map 1: 6(+1)/7	Map 10: 1/1	Map 11: 1/1	Map 2: 0(+94)/94	Map 6: 1/1	Map 7: 0(+137)/137	Map 8: 1/1	Map 9: 0(+170)/170	Reducer 4: 0/1009	Reducer 5: 0/1	
INFO  : Map 1: 6(+1)/7	Map 10: 1/1	Map 11: 1/1	Map 2: 0(+94)/94	Map 6: 1/1	Map 7: 0(+137)/137	Map 8: 1/1	Map 9: 0(+170)/170	Reducer 4: 0/1009	Reducer 5: 0/1	
INFO  : Map 1: 6(+1)/7	Map 10: 1/1	Map 11: 1/1	Map 2: 0(+94)/94	Map 6: 1/1	Map 7: 0(+137)/137	Map 8: 1/1	Map 9: 0(+170)/170	Reducer 4: 0/1009	Reducer 5: 0/1	
INFO  : Map 1: 6(+1)/7	Map 10: 1/1	Map 11: 1/1	Map 2: 0(+94)/94	Map 6: 1/1	Map 7: 0(+137)/137	Map 8: 1/1	Map 9: 0(+170)/170	Reducer 4: 0/1009	Reducer 5: 0/1	
INFO  : Map 1: 6(+1)/7	Map 10: 1/1	Map 11: 1/1	Map 2: 0(+94)/94	Map 6: 1/1	Map 7: 0(+137)/137	Map 8: 1/1	Map 9: 0(+170)/170	Reducer 4: 0/1009	Reducer 5: 0/1	
INFO  : Map 1: 6(+1)/7	Map 10: 1/1	Map 11: 1/1	Map 2: 0(+94)/94	Map 6: 1/1	Map 7: 0(+137)/137	Map 8: 1/1	Map 9: 0(+170)/170	Reducer 4: 0/1009	Reducer 5: 0/1	
INFO  : Map 1: 6(+1)/7	Map 10: 1/1	Map 11: 1/1	Map 2: 0(+94)/94	Map 6: 1/1	Map 7: 0(+137)/137	Map 8: 1/1	Map 9: 0(+170)/170	Reducer 4: 0/1009	Reducer 5: 0/1	
INFO  : Map 1: 6(+1)/7	Map 10: 1/1	Map 11: 1/1	Map 2: 0(+94)/94	Map 6: 1/1	Map 7: 0(+137)/137	Map 8: 1/1	Map 9: 0(+170)/170	Reducer 4: 0/1009	Reducer 5: 0/1	
INFO  : Map 1: 6(+1)/7	Map 10: 1/1	Map 11: 1/1	Map 2: 0(+94)/94	Map 6: 1/1	Map 7: 0(+137)/137	Map 8: 1/1	Map 9: 0(+170)/170	Reducer 4: 0/1009	Reducer 5: 0/1	
INFO  : Map 1: 6(+1)/7	Map 10: 1/1	Map 11: 1/1	Map 2: 0(+94)/94	Map 6: 1/1	Map 7: 0(+137)/137	Map 8: 1/1	Map 9: 0(+170)/170	Reducer 4: 0/1009	Reducer 5: 0/1	
INFO  : Map 1: 6(+1)/7	Map 10: 1/1	Map 11: 1/1	Map 2: 0(+94)/94	Map 6: 1/1	Map 7: 0(+137)/137	Map 8: 1/1	Map 9: 0(+170)/170	Reducer 4: 0/1009	Reducer 5: 0/1	
INFO  : Map 1: 6(+1)/7	Map 10: 1/1	Map 11: 1/1	Map 2: 0(+94)/94	Map 6: 1/1	Map 7: 0(+137)/137	Map 8: 1/1	Map 9: 0(+170)/170	Reducer 4: 0/1009	Reducer 5: 0/1	
INFO  : Map 1: 6(+1)/7	Map 10: 1/1	Map 11: 1/1	Map 2: 0(+94)/94	Map 6: 1/1	Map 7: 0(+137)/137	Map 8: 1/1	Map 9: 0(+170)/170	Reducer 4: 0/1009	Reducer 5: 0/1	
INFO  : Map 1: 6(+1)/7	Map 10: 1/1	Map 11: 1/1	Map 2: 0(+94)/94	Map 6: 1/1	Map 7: 0(+137)/137	Map 8: 1/1	Map 9: 0(+170)/170	Reducer 4: 0/1009	Reducer 5: 0/1	
INFO  : Map 1: 6(+1)/7	Map 10: 1/1	Map 11: 1/1	Map 2: 0(+94)/94	Map 6: 1/1	Map 7: 0(+137)/137	Map 8: 1/1	Map 9: 0(+170)/170	Reducer 4: 0/1009	Reducer 5: 0/1	
INFO  : Map 1: 6(+1)/7	Map 10: 1/1	Map 11: 1/1	Map 2: 0(+94)/94	Map 6: 1/1	Map 7: 0(+137)/137	Map 8: 1/1	Map 9: 0(+170)/170	Reducer 4: 0/1009	Reducer 5: 0/1	
INFO  : Map 1: 6(+1)/7	Map 10: 1/1	Map 11: 1/1	Map 2: 0(+94)/94	Map 6: 1/1	Map 7: 0(+137)/137	Map 8: 1/1	Map 9: 0(+170)/170	Reducer 4: 0/1009	Reducer 5: 0/1	
INFO  : Map 1: 6(+1)/7	Map 10: 1/1	Map 11: 1/1	Map 2: 0(+94)/94	Map 6: 1/1	Map 7: 0(+137)/137	Map 8: 1/1	Map 9: 0(+170)/170	Reducer 4: 0/1009	Reducer 5: 0/1	
INFO  : Map 1: 6(+1)/7	Map 10: 1/1	Map 11: 1/1	Map 2: 0(+94)/94	Map 6: 1/1	Map 7: 0(+137)/137	Map 8: 1/1	Map 9: 0(+170)/170	Reducer 4: 0/1009	Reducer 5: 0/1	
INFO  : Map 1: 6(+1)/7	Map 10: 1/1	Map 11: 1/1	Map 2: 0(+94)/94	Map 6: 1/1	Map 7: 0(+137)/137	Map 8: 1/1	Map 9: 0(+170)/170	Reducer 4: 0/1009	Reducer 5: 0/1	
INFO  : Map 1: 6(+1)/7	Map 10: 1/1	Map 11: 1/1	Map 2: 0(+94)/94	Map 6: 1/1	Map 7: 0(+137)/137	Map 8: 1/1	Map 9: 0(+170)/170	Reducer 4: 0/1009	Reducer 5: 0/1	
INFO  : Map 1: 6(+1)/7	Map 10: 1/1	Map 11: 1/1	Map 2: 0(+94)/94	Map 6: 1/1	Map 7: 0(+137)/137	Map 8: 1/1	Map 9: 0(+170)/170	Reducer 4: 0/1009	Reducer 5: 0/1	
INFO  : Map 1: 6(+1)/7	Map 10: 1/1	Map 11: 1/1	Map 2: 0(+94)/94	Map 6: 1/1	Map 7: 0(+137)/137	Map 8: 1/1	Map 9: 0(+170)/170	Reducer 4: 0/1009	Reducer 5: 0/1	
INFO  : Map 1: 6(+1)/7	Map 10: 1/1	Map 11: 1/1	Map 2: 0(+94)/94	Map 6: 1/1	Map 7: 0(+137)/137	Map 8: 1/1	Map 9: 0(+170)/170	Reducer 4: 0/1009	Reducer 5: 0/1	
INFO  : Map 1: 6(+1)/7	Map 10: 1/1	Map 11: 1/1	Map 2: 0(+94)/94	Map 6: 1/1	Map 7: 0(+137)/137	Map 8: 1/1	Map 9: 0(+170)/170	Reducer 4: 0/1009	Reducer 5: 0/1	
INFO  : Map 1: 6(+1)/7	Map 10: 1/1	Map 11: 1/1	Map 2: 0(+94)/94	Map 6: 1/1	Map 7: 0(+137)/137	Map 8: 1/1	Map 9: 0(+170)/170	Reducer 4: 0/1009	Reducer 5: 0/1	
INFO  : Map 1: 6(+1)/7	Map 10: 1/1	Map 11: 1/1	Map 2: 0(+94)/94	Map 6: 1/1	Map 7: 0(+137)/137	Map 8: 1/1	Map 9: 0(+170)/170	Reducer 4: 0/1009	Reducer 5: 0/1	
INFO  : Map 1: 6(+1)/7	Map 10: 1/1	Map 11: 1/1	Map 2: 0(+94)/94	Map 6: 1/1	Map 7: 0(+137)/137	Map 8: 1/1	Map 9: 0(+170)/170	Reducer 4: 0/1009	Reducer 5: 0/1	
INFO  : Map 1: 6(+1)/7	Map 10: 1/1	Map 11: 1/1	Map 2: 0(+94)/94	Map 6: 1/1	Map 7: 0(+137)/137	Map 8: 1/1	Map 9: 0(+170)/170	Reducer 4: 0/1009	Reducer 5: 0/1	
INFO  : Map 1: 6(+1)/7	Map 10: 1/1	Map 11: 1/1	Map 2: 0(+94)/94	Map 6: 1/1	Map 7: 0(+137)/137	Map 8: 1/1	Map 9: 0(+170)/170	Reducer 4: 0/1009	Reducer 5: 0/1	
INFO  : Map 1: 6(+1)/7	Map 10: 1/1	Map 11: 1/1	Map 2: 0(+94)/94	Map 6: 1/1	Map 7: 0(+137)/137	Map 8: 1/1	Map 9: 0(+170)/170	Reducer 4: 0/1009	Reducer 5: 0/1	
INFO  : Map 1: 6(+1)/7	Map 10: 1/1	Map 11: 1/1	Map 2: 0(+94)/94	Map 6: 1/1	Map 7: 0(+137)/137	Map 8: 1/1	Map 9: 0(+170)/170	Reducer 4: 0/1009	Reducer 5: 0/1	
INFO  : Map 1: 6(+1)/7	Map 10: 1/1	Map 11: 1/1	Map 2: 0(+94)/94	Map 6: 1/1	Map 7: 0(+137)/137	Map 8: 1/1	Map 9: 0(+170)/170	Reducer 4: 0/1009	Reducer 5: 0/1	
INFO  : Map 1: 6(+1)/7	Map 10: 1/1	Map 11: 1/1	Map 2: 0(+94)/94	Map 6: 1/1	Map 7: 0(+137)/137	Map 8: 1/1	Map 9: 0(+170)/170	Reducer 4: 0/1009	Reducer 5: 0/1	
INFO  : Map 1: 6(+1)/7	Map 10: 1/1	Map 11: 1/1	Map 2: 0(+94)/94	Map 6: 1/1	Map 7: 0(+137)/137	Map 8: 1/1	Map 9: 0(+170)/170	Reducer 4: 0/1009	Reducer 5: 0/1	
INFO  : Map 1: 6(+1)/7	Map 10: 1/1	Map 11: 1/1	Map 2: 0(+94)/94	Map 6: 1/1	Map 7: 0(+137)/137	Map 8: 1/1	Map 9: 0(+170)/170	Reducer 4: 0/1009	Reducer 5: 0/1	
INFO  : Map 1: 6(+1)/7	Map 10: 1/1	Map 11: 1/1	Map 2: 0(+94)/94	Map 6: 1/1	Map 7: 0(+137)/137	Map 8: 1/1	Map 9: 0(+170)/170	Reducer 4: 0/1009	Reducer 5: 0/1	
INFO  : Map 1: 6(+1)/7	Map 10: 1/1	Map 11: 1/1	Map 2: 0(+94)/94	Map 6: 1/1	Map 7: 0(+137)/137	Map 8: 1/1	Map 9: 0(+170)/170	Reducer 4: 0/1009	Reducer 5: 0/1	
INFO  : Map 1: 6(+1)/7	Map 10: 1/1	Map 11: 1/1	Map 2: 0(+94)/94	Map 6: 1/1	Map 7: 0(+137)/137	Map 8: 1/1	Map 9: 0(+170)/170	Reducer 4: 0/1009	Reducer 5: 0/1	
INFO  : Map 1: 6(+1)/7	Map 10: 1/1	Map 11: 1/1	Map 2: 0(+94)/94	Map 6: 1/1	Map 7: 0(+137)/137	Map 8: 1/1	Map 9: 0(+170)/170	Reducer 4: 0/1009	Reducer 5: 0/1	
INFO  : Map 1: 6(+1)/7	Map 10: 1/1	Map 11: 1/1	Map 2: 0(+94)/94	Map 6: 1/1	Map 7: 0(+137)/137	Map 8: 1/1	Map 9: 0(+170)/170	Reducer 4: 0/1009	Reducer 5: 0/1	
INFO  : Map 1: 6(+1)/7	Map 10: 1/1	Map 11: 1/1	Map 2: 0(+94)/94	Map 6: 1/1	Map 7: 0(+137)/137	Map 8: 1/1	Map 9: 0(+170)/170	Reducer 4: 0/1009	Reducer 5: 0/1	
INFO  : Map 1: 6(+1)/7	Map 10: 1/1	Map 11: 1/1	Map 2: 0(+94)/94	Map 6: 1/1	Map 7: 0(+137)/137	Map 8: 1/1	Map 9: 0(+170)/170	Reducer 4: 0/1009	Reducer 5: 0/1	
INFO  : Map 1: 6(+1)/7	Map 10: 1/1	Map 11: 1/1	Map 2: 0(+94)/94	Map 6: 1/1	Map 7: 0(+137)/137	Map 8: 1/1	Map 9: 0(+170)/170	Reducer 4: 0/1009	Reducer 5: 0/1	
INFO  : Map 1: 6(+1)/7	Map 10: 1/1	Map 11: 1/1	Map 2: 0(+94)/94	Map 6: 1/1	Map 7: 0(+137)/137	Map 8: 1/1	Map 9: 0(+170)/170	Reducer 4: 0/1009	Reducer 5: 0/1	
INFO  : Map 1: 6(+1)/7	Map 10: 1/1	Map 11: 1/1	Map 2: 0(+94)/94	Map 6: 1/1	Map 7: 0(+137)/137	Map 8: 1/1	Map 9: 0(+170)/170	Reducer 4: 0/1009	Reducer 5: 0/1	
INFO  : Map 1: 7/7	Map 10: 1/1	Map 11: 1/1	Map 2: 0(+94)/94	Map 6: 1/1	Map 7: 0(+137)/137	Map 8: 1/1	Map 9: 0(+170)/170	Reducer 4: 0/1009	Reducer 5: 0/1	
INFO  : Map 1: 7/7	Map 10: 1/1	Map 11: 1/1	Map 2: 8(+86)/94	Map 6: 1/1	Map 7: 0(+137)/137	Map 8: 1/1	Map 9: 2(+168)/170	Reducer 4: 0/1009	Reducer 5: 0/1	
INFO  : Map 1: 7/7	Map 10: 1/1	Map 11: 1/1	Map 2: 33(+61)/94	Map 6: 1/1	Map 7: 7(+130)/137	Map 8: 1/1	Map 9: 5(+165)/170	Reducer 4: 0/1009	Reducer 5: 0/1	
INFO  : Map 1: 7/7	Map 10: 1/1	Map 11: 1/1	Map 2: 42(+52)/94	Map 6: 1/1	Map 7: 33(+104)/137	Map 8: 1/1	Map 9: 17(+153)/170	Reducer 4: 0/1009	Reducer 5: 0/1	
INFO  : Map 1: 7/7	Map 10: 1/1	Map 11: 1/1	Map 2: 48(+45)/94	Map 6: 1/1	Map 7: 53(+84)/137	Map 8: 1/1	Map 9: 35(+135)/170	Reducer 4: 0/1009	Reducer 5: 0/1	
INFO  : Map 1: 7/7	Map 10: 1/1	Map 11: 1/1	Map 2: 56(+38)/94	Map 6: 1/1	Map 7: 61(+76)/137	Map 8: 1/1	Map 9: 52(+118)/170	Reducer 4: 0(+29)/253	Reducer 5: 0/1	
INFO  : Map 1: 7/7	Map 10: 1/1	Map 11: 1/1	Map 2: 71(+23)/94	Map 6: 1/1	Map 7: 90(+47)/137	Map 8: 1/1	Map 9: 89(+80)/170	Reducer 4: 0(+139)/253	Reducer 5: 0/1	
INFO  : Map 1: 7/7	Map 10: 1/1	Map 11: 1/1	Map 2: 79(+15)/94	Map 6: 1/1	Map 7: 100(+37)/137	Map 8: 1/1	Map 9: 117(+53)/170	Reducer 4: 0(+219)/253	Reducer 5: 0/1	
INFO  : Map 1: 7/7	Map 10: 1/1	Map 11: 1/1	Map 2: 86(+8)/94	Map 6: 1/1	Map 7: 117(+20)/137	Map 8: 1/1	Map 9: 132(+38)/170	Reducer 4: 0(+253)/253	Reducer 5: 0/1	
INFO  : Map 1: 7/7	Map 10: 1/1	Map 11: 1/1	Map 2: 86(+8)/94	Map 6: 1/1	Map 7: 117(+20)/137	Map 8: 1/1	Map 9: 135(+35)/170	Reducer 4: 0(+253)/253	Reducer 5: 0/1	
INFO  : Map 1: 7/7	Map 10: 1/1	Map 11: 1/1	Map 2: 86(+8)/94	Map 6: 1/1	Map 7: 117(+20)/137	Map 8: 1/1	Map 9: 142(+28)/170	Reducer 4: 0(+253)/253	Reducer 5: 0/1	
INFO  : Map 1: 7/7	Map 10: 1/1	Map 11: 1/1	Map 2: 86(+8)/94	Map 6: 1/1	Map 7: 117(+20)/137	Map 8: 1/1	Map 9: 148(+22)/170	Reducer 4: 0(+253)/253	Reducer 5: 0/1	
INFO  : Map 1: 7/7	Map 10: 1/1	Map 11: 1/1	Map 2: 86(+8)/94	Map 6: 1/1	Map 7: 117(+20)/137	Map 8: 1/1	Map 9: 151(+19)/170	Reducer 4: 0(+253)/253	Reducer 5: 0/1	
INFO  : Map 1: 7/7	Map 10: 1/1	Map 11: 1/1	Map 2: 86(+8)/94	Map 6: 1/1	Map 7: 118(+19)/137	Map 8: 1/1	Map 9: 152(+18)/170	Reducer 4: 0(+253)/253	Reducer 5: 0/1	
INFO  : Map 1: 7/7	Map 10: 1/1	Map 11: 1/1	Map 2: 86(+8)/94	Map 6: 1/1	Map 7: 119(+18)/137	Map 8: 1/1	Map 9: 153(+17)/170	Reducer 4: 0(+253)/253	Reducer 5: 0/1	
INFO  : Map 1: 7/7	Map 10: 1/1	Map 11: 1/1	Map 2: 86(+8)/94	Map 6: 1/1	Map 7: 119(+18)/137	Map 8: 1/1	Map 9: 155(+15)/170	Reducer 4: 0(+253)/253	Reducer 5: 0/1	
INFO  : Map 1: 7/7	Map 10: 1/1	Map 11: 1/1	Map 2: 86(+8)/94	Map 6: 1/1	Map 7: 119(+18)/137	Map 8: 1/1	Map 9: 157(+13)/170	Reducer 4: 0(+253)/253	Reducer 5: 0/1	
INFO  : Map 1: 7/7	Map 10: 1/1	Map 11: 1/1	Map 2: 86(+8)/94	Map 6: 1/1	Map 7: 119(+18)/137	Map 8: 1/1	Map 9: 158(+12)/170	Reducer 4: 0(+253)/253	Reducer 5: 0/1	
INFO  : Map 1: 7/7	Map 10: 1/1	Map 11: 1/1	Map 2: 86(+8)/94	Map 6: 1/1	Map 7: 119(+18)/137	Map 8: 1/1	Map 9: 158(+12)/170	Reducer 4: 0(+253)/253	Reducer 5: 0/1	
INFO  : Map 1: 7/7	Map 10: 1/1	Map 11: 1/1	Map 2: 86(+8)/94	Map 6: 1/1	Map 7: 119(+18)/137	Map 8: 1/1	Map 9: 158(+12)/170	Reducer 4: 0(+253)/253	Reducer 5: 0/1	
INFO  : Map 1: 7/7	Map 10: 1/1	Map 11: 1/1	Map 2: 86(+8)/94	Map 6: 1/1	Map 7: 119(+18)/137	Map 8: 1/1	Map 9: 159(+11)/170	Reducer 4: 0(+253)/253	Reducer 5: 0/1	
INFO  : Map 1: 7/7	Map 10: 1/1	Map 11: 1/1	Map 2: 88(+6)/94	Map 6: 1/1	Map 7: 120(+17)/137	Map 8: 1/1	Map 9: 160(+10)/170	Reducer 4: 0(+253)/253	Reducer 5: 0/1	
INFO  : Map 1: 7/7	Map 10: 1/1	Map 11: 1/1	Map 2: 89(+5)/94	Map 6: 1/1	Map 7: 120(+17)/137	Map 8: 1/1	Map 9: 161(+9)/170	Reducer 4: 0(+253)/253	Reducer 5: 0/1	
INFO  : Map 1: 7/7	Map 10: 1/1	Map 11: 1/1	Map 2: 90(+4)/94	Map 6: 1/1	Map 7: 126(+11)/137	Map 8: 1/1	Map 9: 162(+8)/170	Reducer 4: 0(+253)/253	Reducer 5: 0/1	
INFO  : Map 1: 7/7	Map 10: 1/1	Map 11: 1/1	Map 2: 91(+3)/94	Map 6: 1/1	Map 7: 131(+6)/137	Map 8: 1/1	Map 9: 163(+7)/170	Reducer 4: 0(+253)/253	Reducer 5: 0/1	
INFO  : Map 1: 7/7	Map 10: 1/1	Map 11: 1/1	Map 2: 93(+1)/94	Map 6: 1/1	Map 7: 134(+3)/137	Map 8: 1/1	Map 9: 167(+3)/170	Reducer 4: 0(+253)/253	Reducer 5: 0/1	
INFO  : Map 1: 7/7	Map 10: 1/1	Map 11: 1/1	Map 2: 93(+1)/94	Map 6: 1/1	Map 7: 135(+2)/137	Map 8: 1/1	Map 9: 169(+1)/170	Reducer 4: 0(+253)/253	Reducer 5: 0/1	
INFO  : Map 1: 7/7	Map 10: 1/1	Map 11: 1/1	Map 2: 93(+1)/94	Map 6: 1/1	Map 7: 136(+1)/137	Map 8: 1/1	Map 9: 169(+1)/170	Reducer 4: 0(+253)/253	Reducer 5: 0/1	
INFO  : Map 1: 7/7	Map 10: 1/1	Map 11: 1/1	Map 2: 93(+1)/94	Map 6: 1/1	Map 7: 137/137	Map 8: 1/1	Map 9: 170/170	Reducer 4: 0(+253)/253	Reducer 5: 0/1	
INFO  : Map 1: 7/7	Map 10: 1/1	Map 11: 1/1	Map 2: 94/94	Map 6: 1/1	Map 7: 137/137	Map 8: 1/1	Map 9: 170/170	Reducer 4: 0(+253)/253	Reducer 5: 0/1	
INFO  : Map 1: 7/7	Map 10: 1/1	Map 11: 1/1	Map 2: 94/94	Map 6: 1/1	Map 7: 137/137	Map 8: 1/1	Map 9: 170/170	Reducer 4: 22(+231)/253	Reducer 5: 0/1	
INFO  : Map 1: 7/7	Map 10: 1/1	Map 11: 1/1	Map 2: 94/94	Map 6: 1/1	Map 7: 137/137	Map 8: 1/1	Map 9: 170/170	Reducer 4: 26(+227)/253	Reducer 5: 0/1	
INFO  : Map 1: 7/7	Map 10: 1/1	Map 11: 1/1	Map 2: 94/94	Map 6: 1/1	Map 7: 137/137	Map 8: 1/1	Map 9: 170/170	Reducer 4: 35(+218)/253	Reducer 5: 0/1	
INFO  : Map 1: 7/7	Map 10: 1/1	Map 11: 1/1	Map 2: 94/94	Map 6: 1/1	Map 7: 137/137	Map 8: 1/1	Map 9: 170/170	Reducer 4: 43(+210)/253	Reducer 5: 0/1	
INFO  : Map 1: 7/7	Map 10: 1/1	Map 11: 1/1	Map 2: 94/94	Map 6: 1/1	Map 7: 137/137	Map 8: 1/1	Map 9: 170/170	Reducer 4: 45(+208)/253	Reducer 5: 0/1	
INFO  : Map 1: 7/7	Map 10: 1/1	Map 11: 1/1	Map 2: 94/94	Map 6: 1/1	Map 7: 137/137	Map 8: 1/1	Map 9: 170/170	Reducer 4: 50(+203)/253	Reducer 5: 0/1	
INFO  : Map 1: 7/7	Map 10: 1/1	Map 11: 1/1	Map 2: 94/94	Map 6: 1/1	Map 7: 137/137	Map 8: 1/1	Map 9: 170/170	Reducer 4: 52(+201)/253	Reducer 5: 0(+1)/1	
INFO  : Map 1: 7/7	Map 10: 1/1	Map 11: 1/1	Map 2: 94/94	Map 6: 1/1	Map 7: 137/137	Map 8: 1/1	Map 9: 170/170	Reducer 4: 56(+197)/253	Reducer 5: 0(+1)/1	
INFO  : Map 1: 7/7	Map 10: 1/1	Map 11: 1/1	Map 2: 94/94	Map 6: 1/1	Map 7: 137/137	Map 8: 1/1	Map 9: 170/170	Reducer 4: 61(+192)/253	Reducer 5: 0(+1)/1	
INFO  : Map 1: 7/7	Map 10: 1/1	Map 11: 1/1	Map 2: 94/94	Map 6: 1/1	Map 7: 137/137	Map 8: 1/1	Map 9: 170/170	Reducer 4: 63(+190)/253	Reducer 5: 0(+1)/1	
INFO  : Map 1: 7/7	Map 10: 1/1	Map 11: 1/1	Map 2: 94/94	Map 6: 1/1	Map 7: 137/137	Map 8: 1/1	Map 9: 170/170	Reducer 4: 73(+180)/253	Reducer 5: 0(+1)/1	
INFO  : Map 1: 7/7	Map 10: 1/1	Map 11: 1/1	Map 2: 94/94	Map 6: 1/1	Map 7: 137/137	Map 8: 1/1	Map 9: 170/170	Reducer 4: 95(+158)/253	Reducer 5: 0(+1)/1	
INFO  : Map 1: 7/7	Map 10: 1/1	Map 11: 1/1	Map 2: 94/94	Map 6: 1/1	Map 7: 137/137	Map 8: 1/1	Map 9: 170/170	Reducer 4: 101(+152)/253	Reducer 5: 0(+1)/1	
INFO  : Map 1: 7/7	Map 10: 1/1	Map 11: 1/1	Map 2: 94/94	Map 6: 1/1	Map 7: 137/137	Map 8: 1/1	Map 9: 170/170	Reducer 4: 104(+149)/253	Reducer 5: 0(+1)/1	
INFO  : Map 1: 7/7	Map 10: 1/1	Map 11: 1/1	Map 2: 94/94	Map 6: 1/1	Map 7: 137/137	Map 8: 1/1	Map 9: 170/170	Reducer 4: 105(+148)/253	Reducer 5: 0(+1)/1	
INFO  : Map 1: 7/7	Map 10: 1/1	Map 11: 1/1	Map 2: 94/94	Map 6: 1/1	Map 7: 137/137	Map 8: 1/1	Map 9: 170/170	Reducer 4: 122(+131)/253	Reducer 5: 0(+1)/1	
INFO  : Map 1: 7/7	Map 10: 1/1	Map 11: 1/1	Map 2: 94/94	Map 6: 1/1	Map 7: 137/137	Map 8: 1/1	Map 9: 170/170	Reducer 4: 155(+98)/253	Reducer 5: 0(+1)/1	
INFO  : Map 1: 7/7	Map 10: 1/1	Map 11: 1/1	Map 2: 94/94	Map 6: 1/1	Map 7: 137/137	Map 8: 1/1	Map 9: 170/170	Reducer 4: 160(+93)/253	Reducer 5: 0(+1)/1	
INFO  : Map 1: 7/7	Map 10: 1/1	Map 11: 1/1	Map 2: 94/94	Map 6: 1/1	Map 7: 137/137	Map 8: 1/1	Map 9: 170/170	Reducer 4: 183(+70)/253	Reducer 5: 0(+1)/1	
INFO  : Map 1: 7/7	Map 10: 1/1	Map 11: 1/1	Map 2: 94/94	Map 6: 1/1	Map 7: 137/137	Map 8: 1/1	Map 9: 170/170	Reducer 4: 184(+69)/253	Reducer 5: 0(+1)/1	
INFO  : Map 1: 7/7	Map 10: 1/1	Map 11: 1/1	Map 2: 94/94	Map 6: 1/1	Map 7: 137/137	Map 8: 1/1	Map 9: 170/170	Reducer 4: 186(+67)/253	Reducer 5: 0(+1)/1	
INFO  : Map 1: 7/7	Map 10: 1/1	Map 11: 1/1	Map 2: 94/94	Map 6: 1/1	Map 7: 137/137	Map 8: 1/1	Map 9: 170/170	Reducer 4: 194(+59)/253	Reducer 5: 0(+1)/1	
INFO  : Map 1: 7/7	Map 10: 1/1	Map 11: 1/1	Map 2: 94/94	Map 6: 1/1	Map 7: 137/137	Map 8: 1/1	Map 9: 170/170	Reducer 4: 194(+59)/253	Reducer 5: 0(+1)/1	
INFO  : Map 1: 7/7	Map 10: 1/1	Map 11: 1/1	Map 2: 94/94	Map 6: 1/1	Map 7: 137/137	Map 8: 1/1	Map 9: 170/170	Reducer 4: 246(+7)/253	Reducer 5: 0(+1)/1	
INFO  : Map 1: 7/7	Map 10: 1/1	Map 11: 1/1	Map 2: 94/94	Map 6: 1/1	Map 7: 137/137	Map 8: 1/1	Map 9: 170/170	Reducer 4: 252(+1)/253	Reducer 5: 0(+1)/1	
INFO  : Map 1: 7/7	Map 10: 1/1	Map 11: 1/1	Map 2: 94/94	Map 6: 1/1	Map 7: 137/137	Map 8: 1/1	Map 9: 170/170	Reducer 4: 252(+1)/253	Reducer 5: 0(+1)/1	
INFO  : Map 1: 7/7	Map 10: 1/1	Map 11: 1/1	Map 2: 94/94	Map 6: 1/1	Map 7: 137/137	Map 8: 1/1	Map 9: 170/170	Reducer 4: 252(+1)/253	Reducer 5: 0(+1)/1	
INFO  : Map 1: 7/7	Map 10: 1/1	Map 11: 1/1	Map 2: 94/94	Map 6: 1/1	Map 7: 137/137	Map 8: 1/1	Map 9: 170/170	Reducer 4: 252(+1)/253	Reducer 5: 0(+1)/1	
INFO  : Map 1: 7/7	Map 10: 1/1	Map 11: 1/1	Map 2: 94/94	Map 6: 1/1	Map 7: 137/137	Map 8: 1/1	Map 9: 170/170	Reducer 4: 252(+1)/253	Reducer 5: 0(+1)/1	
INFO  : Map 1: 7/7	Map 10: 1/1	Map 11: 1/1	Map 2: 94/94	Map 6: 1/1	Map 7: 137/137	Map 8: 1/1	Map 9: 170/170	Reducer 4: 252(+1)/253	Reducer 5: 0(+1)/1	
INFO  : Map 1: 7/7	Map 10: 1/1	Map 11: 1/1	Map 2: 94/94	Map 6: 1/1	Map 7: 137/137	Map 8: 1/1	Map 9: 170/170	Reducer 4: 252(+1)/253	Reducer 5: 0(+1)/1	
INFO  : Map 1: 7/7	Map 10: 1/1	Map 11: 1/1	Map 2: 94/94	Map 6: 1/1	Map 7: 137/137	Map 8: 1/1	Map 9: 170/170	Reducer 4: 252(+1)/253	Reducer 5: 0(+1)/1	
INFO  : Map 1: 7/7	Map 10: 1/1	Map 11: 1/1	Map 2: 94/94	Map 6: 1/1	Map 7: 137/137	Map 8: 1/1	Map 9: 170/170	Reducer 4: 252(+1)/253	Reducer 5: 0(+1)/1	
INFO  : Map 1: 7/7	Map 10: 1/1	Map 11: 1/1	Map 2: 94/94	Map 6: 1/1	Map 7: 137/137	Map 8: 1/1	Map 9: 170/170	Reducer 4: 252(+1)/253	Reducer 5: 0(+1)/1	
INFO  : Map 1: 7/7	Map 10: 1/1	Map 11: 1/1	Map 2: 94/94	Map 6: 1/1	Map 7: 137/137	Map 8: 1/1	Map 9: 170/170	Reducer 4: 252(+1)/253	Reducer 5: 0(+1)/1	
INFO  : Map 1: 7/7	Map 10: 1/1	Map 11: 1/1	Map 2: 94/94	Map 6: 1/1	Map 7: 137/137	Map 8: 1/1	Map 9: 170/170	Reducer 4: 252(+1)/253	Reducer 5: 0(+1)/1	
INFO  : Map 1: 7/7	Map 10: 1/1	Map 11: 1/1	Map 2: 94/94	Map 6: 1/1	Map 7: 137/137	Map 8: 1/1	Map 9: 170/170	Reducer 4: 252(+1)/253	Reducer 5: 0(+1)/1	
INFO  : Map 1: 7/7	Map 10: 1/1	Map 11: 1/1	Map 2: 94/94	Map 6: 1/1	Map 7: 137/137	Map 8: 1/1	Map 9: 170/170	Reducer 4: 253/253	Reducer 5: 0(+1)/1	
INFO  : Map 1: 7/7	Map 10: 1/1	Map 11: 1/1	Map 2: 94/94	Map 6: 1/1	Map 7: 137/137	Map 8: 1/1	Map 9: 170/170	Reducer 4: 253/253	Reducer 5: 1/1	
INFO  : Status: DAG finished successfully in 387.63 seconds
INFO  : 
INFO  : Query Execution Summary
INFO  : ----------------------------------------------------------------------------------------------
INFO  : ----------------------------------------------------------------------------------------------
INFO  : Compile Query                           1.52s
INFO  : Prepare Plan                            0.36s
INFO  : Submit Plan                             9.65s
INFO  : Start DAG                               0.65s
INFO  : Run DAG                               387.63s
INFO  : ----------------------------------------------------------------------------------------------
INFO  : 
INFO  : Task Execution Summary
INFO  : --------------------------------------------------------------------------------------------------------------------------------
INFO  : --------------------------------------------------------------------------------------------------------------------------------
INFO  :      Map 1            7                0             0      319315.00             0            0        402,000          21,588
INFO  :     Map 10            1                0             0         607.00             0            0         10,000              31
INFO  :     Map 11            1                0             0         405.00             0            0         60,000          75,600
INFO  :      Map 2           94                0          3230      332570.00             0            0    243,676,744       1,428,520
INFO  :      Map 6            1                0             0         405.00             0            0         10,000              31
INFO  :      Map 7          137                0             0      332369.00             0            0    484,986,920       2,769,718
INFO  :      Map 8            1                0             0         607.00             0            0         10,000              31
INFO  :      Map 9          170                0          1711      331755.00             0            0    931,251,449       4,509,652
INFO  :  Reducer 4          253                0            14       64021.00             0            0      8,707,890         642,582
INFO  :  Reducer 5            1                0             0       51622.00             0            0        642,582               0
INFO  : --------------------------------------------------------------------------------------------------------------------------------
INFO  : 
INFO  : LLAP IO Summary
INFO  : ----------------------------------------------------------------------------------------------
INFO  : ----------------------------------------------------------------------------------------------
INFO  :      Map 1        42        14          0    2.03MB   215.86KB      1.05MB 280.15KB     0.51s
INFO  :     Map 10         1         2          0    1.91KB         0B          0B       0B     0.04s
INFO  :     Map 11         6         2          0    5.47KB         0B          0B       0B     0.07s
INFO  :      Map 2     24375       365        102    1.57GB   435.97MB    533.20MB 487.56MB    85.81s
INFO  :      Map 6         1         2          0    1.91KB         0B          0B       0B     0.04s
INFO  :      Map 7     48610       654        207    2.88GB   875.54MB      1.12GB   1.04GB   297.88s
INFO  :      Map 8         1         2          0    1.91KB         0B          0B       0B     0.03s
INFO  :      Map 9     93408      1021        245    6.35GB     1.29GB      1.76GB   1.56GB   234.52s
INFO  : ----------------------------------------------------------------------------------------------
INFO  : 
INFO  : FileSystem Counters Summary
INFO  : 
INFO  : ----------------------------------------------------------------------------------------------
INFO  : ----------------------------------------------------------------------------------------------
INFO  :      Map 1              0B             0                  0           267.35KB             0
INFO  :     Map 10              0B             0                  0               184B             0
INFO  :     Map 11              0B             0                  0           307.49KB             0
INFO  :      Map 2          4.55MB             0                  0            45.68MB             0
INFO  :      Map 6              0B             0                  0               184B             0
INFO  :      Map 7          6.64MB             0                  0            83.32MB             0
INFO  :      Map 8              0B             0                  0               184B             0
INFO  :      Map 9          8.24MB             0                  0           126.32MB             0
INFO  :  Reducer 4         16.19KB             0                  0            12.08MB             0
INFO  :  Reducer 5         10.17MB             0                  0                 0B             0
INFO  : ----------------------------------------------------------------------------------------------
INFO  : 
INFO  : ----------------------------------------------------------------------------------------------
INFO  : ----------------------------------------------------------------------------------------------
INFO  :      Map 1        215.86KB             1                  0                 0B             0
INFO  :     Map 10              0B             0                  0                 0B             0
INFO  :     Map 11              0B             0                  0                 0B             0
INFO  :      Map 2        436.81MB            84                  0                 0B             0
INFO  :      Map 6              0B             0                  0                 0B             0
INFO  :      Map 7        877.08MB           142                  0                 0B             0
INFO  :      Map 8              0B             0                  0                 0B             0
INFO  :      Map 9          1.29GB           116                  0                 0B             0
INFO  :  Reducer 4              0B             0                  0                 0B             0
INFO  :  Reducer 5              0B             2                  0            39.52MB             2
INFO  : ----------------------------------------------------------------------------------------------
INFO  : 
INFO  : org.apache.tez.common.counters.DAGCounter:
INFO  :    NUM_KILLED_TASKS: 4955
INFO  :    NUM_SUCCEEDED_TASKS: 666
INFO  :    TOTAL_LAUNCHED_TASKS: 5621
INFO  :    DATA_LOCAL_TASKS: 402
INFO  :    RACK_LOCAL_TASKS: 10
INFO  :    AM_CPU_MILLISECONDS: 128490
INFO  :    AM_GC_TIME_MILLIS: 527
INFO  : File System Counters:
INFO  :    FILE_BYTES_READ: 29612309
INFO  :    FILE_BYTES_WRITTEN: 267971864
INFO  :    FILE_READ_OPS: 0
INFO  :    FILE_LARGE_READ_OPS: 0
INFO  :    FILE_WRITE_OPS: 0
INFO  :    HDFS_BYTES_READ: 2608863559
INFO  :    HDFS_BYTES_WRITTEN: 39521990
INFO  :    HDFS_READ_OPS: 345
INFO  :    HDFS_LARGE_READ_OPS: 0
INFO  :    HDFS_WRITE_OPS: 2
INFO  : org.apache.tez.common.counters.TaskCounter:
INFO  :    REDUCE_INPUT_GROUPS: 2165315
INFO  :    REDUCE_INPUT_RECORDS: 9350472
INFO  :    COMBINE_INPUT_RECORDS: 0
INFO  :    SPILLED_RECORDS: 18700944
INFO  :    NUM_SHUFFLED_INPUTS: 405046
INFO  :    NUM_SKIPPED_INPUTS: 59
INFO  :    NUM_FAILED_SHUFFLE_INPUTS: 1
INFO  :    MERGED_MAP_OUTPUTS: 404803
INFO  :    INPUT_RECORDS_PROCESSED: 2535684
INFO  :    INPUT_SPLIT_LENGTH_BYTES: 109686236336
INFO  :    OUTPUT_RECORDS: 9447753
INFO  :    OUTPUT_LARGE_RECORDS: 0
INFO  :    OUTPUT_BYTES: 398784506
INFO  :    OUTPUT_BYTES_WITH_OVERHEAD: 420109346
INFO  :    OUTPUT_BYTES_PHYSICAL: 258249728
INFO  :    ADDITIONAL_SPILLS_BYTES_WRITTEN: 74502037
INFO  :    ADDITIONAL_SPILLS_BYTES_READ: 102557173
INFO  :    ADDITIONAL_SPILL_COUNT: 0
INFO  :    SHUFFLE_CHUNK_COUNT: 654
INFO  :    SHUFFLE_BYTES: 262844092
INFO  :    SHUFFLE_BYTES_DECOMPRESSED: 431194712
INFO  :    SHUFFLE_BYTES_TO_MEM: 234214432
INFO  :    SHUFFLE_BYTES_TO_DISK: 0
INFO  :    SHUFFLE_BYTES_DISK_DIRECT: 28629660
INFO  :    NUM_MEM_TO_DISK_MERGES: 0
INFO  :    NUM_DISK_TO_DISK_MERGES: 0
INFO  :    SHUFFLE_PHASE_TIME: 19442057
INFO  :    MERGE_PHASE_TIME: 11813329
INFO  :    FIRST_EVENT_RECEIVED: 163563
INFO  :    LAST_EVENT_RECEIVED: 16774647
INFO  : HIVE:
INFO  :    CREATED_FILES: 1
INFO  :    DESERIALIZE_ERRORS: 0
INFO  :    RECORDS_IN_Map_1: 402000
INFO  :    RECORDS_IN_Map_10: 10000
INFO  :    RECORDS_IN_Map_11: 60000
INFO  :    RECORDS_IN_Map_2: 243579525
INFO  :    RECORDS_IN_Map_6: 10000
INFO  :    RECORDS_IN_Map_7: 484889701
INFO  :    RECORDS_IN_Map_8: 10000
INFO  :    RECORDS_IN_Map_9: 931154230
INFO  :    RECORDS_OUT_0: 642582
INFO  :    RECORDS_OUT_INTERMEDIATE_Map_1: 21588
INFO  :    RECORDS_OUT_INTERMEDIATE_Map_10: 31
INFO  :    RECORDS_OUT_INTERMEDIATE_Map_11: 75600
INFO  :    RECORDS_OUT_INTERMEDIATE_Map_2: 1428520
INFO  :    RECORDS_OUT_INTERMEDIATE_Map_6: 31
INFO  :    RECORDS_OUT_INTERMEDIATE_Map_7: 2769718
INFO  :    RECORDS_OUT_INTERMEDIATE_Map_8: 31
INFO  :    RECORDS_OUT_INTERMEDIATE_Map_9: 4509652
INFO  :    RECORDS_OUT_INTERMEDIATE_Reducer_4: 642582
INFO  : Shuffle Errors:
INFO  :    BAD_ID: 0
INFO  :    CONNECTION: 0
INFO  :    IO_ERROR: 1
INFO  :    WRONG_LENGTH: 0
INFO  :    WRONG_MAP: 0
INFO  :    WRONG_REDUCE: 0
INFO  : Shuffle Errors_Reducer_4_INPUT_Map_2:
INFO  :    BAD_ID: 0
INFO  :    CONNECTION: 0
INFO  :    IO_ERROR: 0
INFO  :    WRONG_LENGTH: 0
INFO  :    WRONG_MAP: 0
INFO  :    WRONG_REDUCE: 0
INFO  : Shuffle Errors_Reducer_4_INPUT_Map_7:
INFO  :    BAD_ID: 0
INFO  :    CONNECTION: 0
INFO  :    IO_ERROR: 1
INFO  :    WRONG_LENGTH: 0
INFO  :    WRONG_MAP: 0
INFO  :    WRONG_REDUCE: 0
INFO  : Shuffle Errors_Reducer_4_INPUT_Map_9:
INFO  :    BAD_ID: 0
INFO  :    CONNECTION: 0
INFO  :    IO_ERROR: 0
INFO  :    WRONG_LENGTH: 0
INFO  :    WRONG_MAP: 0
INFO  :    WRONG_REDUCE: 0
INFO  : Shuffle Errors_Reducer_5_INPUT_Reducer_4:
INFO  :    BAD_ID: 0
INFO  :    CONNECTION: 0
INFO  :    IO_ERROR: 0
INFO  :    WRONG_LENGTH: 0
INFO  :    WRONG_MAP: 0
INFO  :    WRONG_REDUCE: 0
INFO  : TaskCounter_Map_10_INPUT_date_dim:
INFO  :    INPUT_RECORDS_PROCESSED: 10
INFO  :    INPUT_SPLIT_LENGTH_BYTES: 759177
INFO  : TaskCounter_Map_10_OUTPUT_Map_9:
INFO  :    ADDITIONAL_SPILLS_BYTES_READ: 0
INFO  :    ADDITIONAL_SPILLS_BYTES_WRITTEN: 0
INFO  :    ADDITIONAL_SPILL_COUNT: 0
INFO  :    OUTPUT_BYTES: 155
INFO  :    OUTPUT_BYTES_PHYSICAL: 176
INFO  :    OUTPUT_BYTES_WITH_OVERHEAD: 223
INFO  :    OUTPUT_LARGE_RECORDS: 0
INFO  :    OUTPUT_RECORDS: 31
INFO  :    SPILLED_RECORDS: 0
INFO  : TaskCounter_Map_11_INPUT_time_dim:
INFO  :    INPUT_RECORDS_PROCESSED: 60
INFO  :    INPUT_SPLIT_LENGTH_BYTES: 448579
INFO  : TaskCounter_Map_11_OUTPUT_Map_2:
INFO  :    ADDITIONAL_SPILLS_BYTES_READ: 0
INFO  :    ADDITIONAL_SPILLS_BYTES_WRITTEN: 0
INFO  :    ADDITIONAL_SPILL_COUNT: 0
INFO  :    OUTPUT_BYTES: 201600
INFO  :    OUTPUT_BYTES_PHYSICAL: 102487
INFO  :    OUTPUT_BYTES_WITH_OVERHEAD: 252006
INFO  :    OUTPUT_LARGE_RECORDS: 0
INFO  :    OUTPUT_RECORDS: 25200
INFO  :    SPILLED_RECORDS: 0
INFO  : TaskCounter_Map_11_OUTPUT_Map_7:
INFO  :    ADDITIONAL_SPILLS_BYTES_READ: 0
INFO  :    ADDITIONAL_SPILLS_BYTES_WRITTEN: 0
INFO  :    ADDITIONAL_SPILL_COUNT: 0
INFO  :    OUTPUT_BYTES: 201600
INFO  :    OUTPUT_BYTES_PHYSICAL: 102487
INFO  :    OUTPUT_BYTES_WITH_OVERHEAD: 252006
INFO  :    OUTPUT_LARGE_RECORDS: 0
INFO  :    OUTPUT_RECORDS: 25200
INFO  :    SPILLED_RECORDS: 0
INFO  : TaskCounter_Map_11_OUTPUT_Map_9:
INFO  :    ADDITIONAL_SPILLS_BYTES_READ: 0
INFO  :    ADDITIONAL_SPILLS_BYTES_WRITTEN: 0
INFO  :    ADDITIONAL_SPILL_COUNT: 0
INFO  :    OUTPUT_BYTES: 201600
INFO  :    OUTPUT_BYTES_PHYSICAL: 102487
INFO  :    OUTPUT_BYTES_WITH_OVERHEAD: 252006
INFO  :    OUTPUT_LARGE_RECORDS: 0
INFO  :    OUTPUT_RECORDS: 25200
INFO  :    SPILLED_RECORDS: 0
INFO  : TaskCounter_Map_1_INPUT_item:
INFO  :    INPUT_RECORDS_PROCESSED: 405
INFO  :    INPUT_SPLIT_LENGTH_BYTES: 38092338
INFO  : TaskCounter_Map_1_OUTPUT_Map_2:
INFO  :    ADDITIONAL_SPILLS_BYTES_READ: 0
INFO  :    ADDITIONAL_SPILLS_BYTES_WRITTEN: 0
INFO  :    ADDITIONAL_SPILL_COUNT: 0
INFO  :    OUTPUT_BYTES: 195242
INFO  :    OUTPUT_BYTES_PHYSICAL: 89061
INFO  :    OUTPUT_BYTES_WITH_OVERHEAD: 209676
INFO  :    OUTPUT_LARGE_RECORDS: 0
INFO  :    OUTPUT_RECORDS: 7196
INFO  :    SPILLED_RECORDS: 0
INFO  : TaskCounter_Map_1_OUTPUT_Map_7:
INFO  :    ADDITIONAL_SPILLS_BYTES_READ: 0
INFO  :    ADDITIONAL_SPILLS_BYTES_WRITTEN: 0
INFO  :    ADDITIONAL_SPILL_COUNT: 0
INFO  :    OUTPUT_BYTES: 195242
INFO  :    OUTPUT_BYTES_PHYSICAL: 89061
INFO  :    OUTPUT_BYTES_WITH_OVERHEAD: 209676
INFO  :    OUTPUT_LARGE_RECORDS: 0
INFO  :    OUTPUT_RECORDS: 7196
INFO  :    SPILLED_RECORDS: 0
INFO  : TaskCounter_Map_1_OUTPUT_Map_9:
INFO  :    ADDITIONAL_SPILLS_BYTES_READ: 0
INFO  :    ADDITIONAL_SPILLS_BYTES_WRITTEN: 0
INFO  :    ADDITIONAL_SPILL_COUNT: 0
INFO  :    OUTPUT_BYTES: 195242
INFO  :    OUTPUT_BYTES_PHYSICAL: 89061
INFO  :    OUTPUT_BYTES_WITH_OVERHEAD: 209676
INFO  :    OUTPUT_LARGE_RECORDS: 0
INFO  :    OUTPUT_RECORDS: 7196
INFO  :    SPILLED_RECORDS: 0
INFO  : TaskCounter_Map_2_INPUT_Map_1:
INFO  :    FIRST_EVENT_RECEIVED: 244
INFO  :    INPUT_RECORDS_PROCESSED: 64764
INFO  :    LAST_EVENT_RECEIVED: 2555481
INFO  :    NUM_FAILED_SHUFFLE_INPUTS: 0
INFO  :    NUM_SHUFFLED_INPUTS: 63
INFO  :    SHUFFLE_BYTES: 800037
INFO  :    SHUFFLE_BYTES_DECOMPRESSED: 1887084
INFO  :    SHUFFLE_BYTES_DISK_DIRECT: 88893
INFO  :    SHUFFLE_BYTES_TO_DISK: 0
INFO  :    SHUFFLE_BYTES_TO_MEM: 711144
INFO  :    SHUFFLE_PHASE_TIME: 2556687
INFO  : TaskCounter_Map_2_INPUT_Map_11:
INFO  :    FIRST_EVENT_RECEIVED: 150
INFO  :    INPUT_RECORDS_PROCESSED: 226800
INFO  :    LAST_EVENT_RECEIVED: 150
INFO  :    NUM_FAILED_SHUFFLE_INPUTS: 0
INFO  :    NUM_SHUFFLED_INPUTS: 9
INFO  :    SHUFFLE_BYTES: 922167
INFO  :    SHUFFLE_BYTES_DECOMPRESSED: 2268054
INFO  :    SHUFFLE_BYTES_DISK_DIRECT: 102463
INFO  :    SHUFFLE_BYTES_TO_DISK: 0
INFO  :    SHUFFLE_BYTES_TO_MEM: 819704
INFO  :    SHUFFLE_PHASE_TIME: 173
INFO  : TaskCounter_Map_2_INPUT_Map_6:
INFO  :    FIRST_EVENT_RECEIVED: 43
INFO  :    INPUT_RECORDS_PROCESSED: 279
INFO  :    LAST_EVENT_RECEIVED: 43
INFO  :    NUM_FAILED_SHUFFLE_INPUTS: 0
INFO  :    NUM_SHUFFLED_INPUTS: 9
INFO  :    SHUFFLE_BYTES: 1368
INFO  :    SHUFFLE_BYTES_DECOMPRESSED: 2007
INFO  :    SHUFFLE_BYTES_DISK_DIRECT: 152
INFO  :    SHUFFLE_BYTES_TO_DISK: 0
INFO  :    SHUFFLE_BYTES_TO_MEM: 1216
INFO  :    SHUFFLE_PHASE_TIME: 10896
INFO  : TaskCounter_Map_2_INPUT_web_sales:
INFO  :    INPUT_RECORDS_PROCESSED: 243593
INFO  :    INPUT_SPLIT_LENGTH_BYTES: 20047664635
INFO  : TaskCounter_Map_2_OUTPUT_Reducer_4:
INFO  :    ADDITIONAL_SPILLS_BYTES_READ: 0
INFO  :    ADDITIONAL_SPILLS_BYTES_WRITTEN: 0
INFO  :    ADDITIONAL_SPILL_COUNT: 0
INFO  :    OUTPUT_BYTES: 61595980
INFO  :    OUTPUT_BYTES_PHYSICAL: 43399933
INFO  :    OUTPUT_BYTES_WITH_OVERHEAD: 65022096
INFO  :    OUTPUT_RECORDS: 1428520
INFO  :    SHUFFLE_CHUNK_COUNT: 94
INFO  :    SPILLED_RECORDS: 1428520
INFO  : TaskCounter_Map_2_OUTPUT_out_Map_2:
INFO  :    OUTPUT_RECORDS: 0
INFO  : TaskCounter_Map_6_INPUT_date_dim:
INFO  :    INPUT_RECORDS_PROCESSED: 10
INFO  :    INPUT_SPLIT_LENGTH_BYTES: 759177
INFO  : TaskCounter_Map_6_OUTPUT_Map_2:
INFO  :    ADDITIONAL_SPILLS_BYTES_READ: 0
INFO  :    ADDITIONAL_SPILLS_BYTES_WRITTEN: 0
INFO  :    ADDITIONAL_SPILL_COUNT: 0
INFO  :    OUTPUT_BYTES: 155
INFO  :    OUTPUT_BYTES_PHYSICAL: 176
INFO  :    OUTPUT_BYTES_WITH_OVERHEAD: 223
INFO  :    OUTPUT_LARGE_RECORDS: 0
INFO  :    OUTPUT_RECORDS: 31
INFO  :    SPILLED_RECORDS: 0
INFO  : TaskCounter_Map_7_INPUT_Map_1:
INFO  :    FIRST_EVENT_RECEIVED: 8277
INFO  :    INPUT_RECORDS_PROCESSED: 64764
INFO  :    LAST_EVENT_RECEIVED: 2552553
INFO  :    NUM_FAILED_SHUFFLE_INPUTS: 0
INFO  :    NUM_SHUFFLED_INPUTS: 63
INFO  :    SHUFFLE_BYTES: 800037
INFO  :    SHUFFLE_BYTES_DECOMPRESSED: 1887084
INFO  :    SHUFFLE_BYTES_DISK_DIRECT: 88893
INFO  :    SHUFFLE_BYTES_TO_DISK: 0
INFO  :    SHUFFLE_BYTES_TO_MEM: 711144
INFO  :    SHUFFLE_PHASE_TIME: 2553765
INFO  : TaskCounter_Map_7_INPUT_Map_11:
INFO  :    FIRST_EVENT_RECEIVED: 163
INFO  :    INPUT_RECORDS_PROCESSED: 226800
INFO  :    LAST_EVENT_RECEIVED: 163
INFO  :    NUM_FAILED_SHUFFLE_INPUTS: 0
INFO  :    NUM_SHUFFLED_INPUTS: 9
INFO  :    SHUFFLE_BYTES: 922167
INFO  :    SHUFFLE_BYTES_DECOMPRESSED: 2268054
INFO  :    SHUFFLE_BYTES_DISK_DIRECT: 102463
INFO  :    SHUFFLE_BYTES_TO_DISK: 0
INFO  :    SHUFFLE_BYTES_TO_MEM: 819704
INFO  :    SHUFFLE_PHASE_TIME: 187
INFO  : TaskCounter_Map_7_INPUT_Map_8:
INFO  :    FIRST_EVENT_RECEIVED: 433
INFO  :    INPUT_RECORDS_PROCESSED: 279
INFO  :    LAST_EVENT_RECEIVED: 433
INFO  :    NUM_FAILED_SHUFFLE_INPUTS: 0
INFO  :    NUM_SHUFFLED_INPUTS: 9
INFO  :    SHUFFLE_BYTES: 1368
INFO  :    SHUFFLE_BYTES_DECOMPRESSED: 2007
INFO  :    SHUFFLE_BYTES_DISK_DIRECT: 152
INFO  :    SHUFFLE_BYTES_TO_DISK: 0
INFO  :    SHUFFLE_BYTES_TO_MEM: 1216
INFO  :    SHUFFLE_PHASE_TIME: 10850
INFO  : TaskCounter_Map_7_INPUT_catalog_sales:
INFO  :    INPUT_RECORDS_PROCESSED: 484902
INFO  :    INPUT_SPLIT_LENGTH_BYTES: 37319634682
INFO  : TaskCounter_Map_7_OUTPUT_Reducer_4:
INFO  :    ADDITIONAL_SPILLS_BYTES_READ: 0
INFO  :    ADDITIONAL_SPILLS_BYTES_WRITTEN: 0
INFO  :    ADDITIONAL_SPILL_COUNT: 0
INFO  :    OUTPUT_BYTES: 119391947
INFO  :    OUTPUT_BYTES_PHYSICAL: 79998638
INFO  :    OUTPUT_BYTES_WITH_OVERHEAD: 125760781
INFO  :    OUTPUT_RECORDS: 2769718
INFO  :    SHUFFLE_CHUNK_COUNT: 137
INFO  :    SPILLED_RECORDS: 2769718
INFO  : TaskCounter_Map_7_OUTPUT_out_Map_7:
INFO  :    OUTPUT_RECORDS: 0
INFO  : TaskCounter_Map_8_INPUT_date_dim:
INFO  :    INPUT_RECORDS_PROCESSED: 10
INFO  :    INPUT_SPLIT_LENGTH_BYTES: 759177
INFO  : TaskCounter_Map_8_OUTPUT_Map_7:
INFO  :    ADDITIONAL_SPILLS_BYTES_READ: 0
INFO  :    ADDITIONAL_SPILLS_BYTES_WRITTEN: 0
INFO  :    ADDITIONAL_SPILL_COUNT: 0
INFO  :    OUTPUT_BYTES: 155
INFO  :    OUTPUT_BYTES_PHYSICAL: 176
INFO  :    OUTPUT_BYTES_WITH_OVERHEAD: 223
INFO  :    OUTPUT_LARGE_RECORDS: 0
INFO  :    OUTPUT_RECORDS: 31
INFO  :    SPILLED_RECORDS: 0
INFO  : TaskCounter_Map_9_INPUT_Map_1:
INFO  :    FIRST_EVENT_RECEIVED: 170
INFO  :    INPUT_RECORDS_PROCESSED: 64764
INFO  :    LAST_EVENT_RECEIVED: 2550431
INFO  :    NUM_FAILED_SHUFFLE_INPUTS: 0
INFO  :    NUM_SHUFFLED_INPUTS: 63
INFO  :    SHUFFLE_BYTES: 800037
INFO  :    SHUFFLE_BYTES_DECOMPRESSED: 1887084
INFO  :    SHUFFLE_BYTES_DISK_DIRECT: 88893
INFO  :    SHUFFLE_BYTES_TO_DISK: 0
INFO  :    SHUFFLE_BYTES_TO_MEM: 711144
INFO  :    SHUFFLE_PHASE_TIME: 2550631
INFO  : TaskCounter_Map_9_INPUT_Map_10:
INFO  :    FIRST_EVENT_RECEIVED: 130
INFO  :    INPUT_RECORDS_PROCESSED: 279
INFO  :    LAST_EVENT_RECEIVED: 130
INFO  :    NUM_FAILED_SHUFFLE_INPUTS: 0
INFO  :    NUM_SHUFFLED_INPUTS: 9
INFO  :    SHUFFLE_BYTES: 1368
INFO  :    SHUFFLE_BYTES_DECOMPRESSED: 2007
INFO  :    SHUFFLE_BYTES_DISK_DIRECT: 152
INFO  :    SHUFFLE_BYTES_TO_DISK: 0
INFO  :    SHUFFLE_BYTES_TO_MEM: 1216
INFO  :    SHUFFLE_PHASE_TIME: 1217
INFO  : TaskCounter_Map_9_INPUT_Map_11:
INFO  :    FIRST_EVENT_RECEIVED: 21
INFO  :    INPUT_RECORDS_PROCESSED: 226800
INFO  :    LAST_EVENT_RECEIVED: 21
INFO  :    NUM_FAILED_SHUFFLE_INPUTS: 0
INFO  :    NUM_SHUFFLED_INPUTS: 9
INFO  :    SHUFFLE_BYTES: 922167
INFO  :    SHUFFLE_BYTES_DECOMPRESSED: 2268054
INFO  :    SHUFFLE_BYTES_DISK_DIRECT: 102463
INFO  :    SHUFFLE_BYTES_TO_DISK: 0
INFO  :    SHUFFLE_BYTES_TO_MEM: 819704
INFO  :    SHUFFLE_PHASE_TIME: 110
INFO  : TaskCounter_Map_9_INPUT_store_sales:
INFO  :    INPUT_RECORDS_PROCESSED: 931165
INFO  :    INPUT_SPLIT_LENGTH_BYTES: 52278118571
INFO  : TaskCounter_Map_9_OUTPUT_Reducer_4:
INFO  :    ADDITIONAL_SPILLS_BYTES_READ: 0
INFO  :    ADDITIONAL_SPILLS_BYTES_WRITTEN: 0
INFO  :    ADDITIONAL_SPILL_COUNT: 0
INFO  :    OUTPUT_BYTES: 193976930
INFO  :    OUTPUT_BYTES_PHYSICAL: 122206919
INFO  :    OUTPUT_BYTES_WITH_OVERHEAD: 204025414
INFO  :    OUTPUT_RECORDS: 4509652
INFO  :    SHUFFLE_CHUNK_COUNT: 170
INFO  :    SPILLED_RECORDS: 4509652
INFO  : TaskCounter_Map_9_OUTPUT_out_Map_9:
INFO  :    OUTPUT_RECORDS: 0
INFO  : TaskCounter_Reducer_4_INPUT_Map_2:
INFO  :    ADDITIONAL_SPILLS_BYTES_READ: 17961377
INFO  :    ADDITIONAL_SPILLS_BYTES_WRITTEN: 13187535
INFO  :    COMBINE_INPUT_RECORDS: 0
INFO  :    FIRST_EVENT_RECEIVED: 19766
INFO  :    LAST_EVENT_RECEIVED: 3054950
INFO  :    MERGED_MAP_OUTPUTS: 94813
INFO  :    MERGE_PHASE_TIME: 4159016
INFO  :    NUM_DISK_TO_DISK_MERGES: 0
INFO  :    NUM_FAILED_SHUFFLE_INPUTS: 0
INFO  :    NUM_MEM_TO_DISK_MERGES: 0
INFO  :    NUM_SHUFFLED_INPUTS: 94813
INFO  :    NUM_SKIPPED_INPUTS: 33
INFO  :    REDUCE_INPUT_GROUPS: 469662
INFO  :    REDUCE_INPUT_RECORDS: 1428520
INFO  :    SHUFFLE_BYTES: 43399273
INFO  :    SHUFFLE_BYTES_DECOMPRESSED: 65021898
INFO  :    SHUFFLE_BYTES_DISK_DIRECT: 4773842
INFO  :    SHUFFLE_BYTES_TO_DISK: 0
INFO  :    SHUFFLE_BYTES_TO_MEM: 38625431
INFO  :    SHUFFLE_PHASE_TIME: 4143909
INFO  :    SPILLED_RECORDS: 1428520
INFO  : TaskCounter_Reducer_4_INPUT_Map_7:
INFO  :    ADDITIONAL_SPILLS_BYTES_READ: 30326601
INFO  :    ADDITIONAL_SPILLS_BYTES_WRITTEN: 21748409
INFO  :    COMBINE_INPUT_RECORDS: 0
INFO  :    FIRST_EVENT_RECEIVED: 98656
INFO  :    LAST_EVENT_RECEIVED: 3006786
INFO  :    MERGED_MAP_OUTPUTS: 138232
INFO  :    MERGE_PHASE_TIME: 4102972
INFO  :    NUM_DISK_TO_DISK_MERGES: 0
INFO  :    NUM_FAILED_SHUFFLE_INPUTS: 1
INFO  :    NUM_MEM_TO_DISK_MERGES: 0
INFO  :    NUM_SHUFFLED_INPUTS: 138232
INFO  :    NUM_SKIPPED_INPUTS: 1
INFO  :    REDUCE_INPUT_GROUPS: 586746
INFO  :    REDUCE_INPUT_RECORDS: 2769718
INFO  :    SHUFFLE_BYTES: 79998618
INFO  :    SHUFFLE_BYTES_DECOMPRESSED: 125760775
INFO  :    SHUFFLE_BYTES_DISK_DIRECT: 8578192
INFO  :    SHUFFLE_BYTES_TO_DISK: 0
INFO  :    SHUFFLE_BYTES_TO_MEM: 71420426
INFO  :    SHUFFLE_PHASE_TIME: 4084877
INFO  :    SPILLED_RECORDS: 2769718
INFO  : TaskCounter_Reducer_4_INPUT_Map_9:
INFO  :    ADDITIONAL_SPILLS_BYTES_READ: 43060253
INFO  :    ADDITIONAL_SPILLS_BYTES_WRITTEN: 29266552
INFO  :    COMBINE_INPUT_RECORDS: 0
INFO  :    FIRST_EVENT_RECEIVED: 35509
INFO  :    LAST_EVENT_RECEIVED: 3004796
INFO  :    MERGED_MAP_OUTPUTS: 171505
INFO  :    MERGE_PHASE_TIME: 3502142
INFO  :    NUM_DISK_TO_DISK_MERGES: 0
INFO  :    NUM_FAILED_SHUFFLE_INPUTS: 0
INFO  :    NUM_MEM_TO_DISK_MERGES: 0
INFO  :    NUM_SHUFFLED_INPUTS: 171505
INFO  :    NUM_SKIPPED_INPUTS: 25
INFO  :    REDUCE_INPUT_GROUPS: 466588
INFO  :    REDUCE_INPUT_RECORDS: 4509652
INFO  :    SHUFFLE_BYTES: 122206419
INFO  :    SHUFFLE_BYTES_DECOMPRESSED: 204025264
INFO  :    SHUFFLE_BYTES_DISK_DIRECT: 13793701
INFO  :    SHUFFLE_BYTES_TO_DISK: 0
INFO  :    SHUFFLE_BYTES_TO_MEM: 108412718
INFO  :    SHUFFLE_PHASE_TIME: 3480042
INFO  :    SPILLED_RECORDS: 4509652
INFO  : TaskCounter_Reducer_4_OUTPUT_Reducer_5:
INFO  :    ADDITIONAL_SPILLS_BYTES_READ: 0
INFO  :    ADDITIONAL_SPILLS_BYTES_WRITTEN: 0
INFO  :    ADDITIONAL_SPILL_COUNT: 0
INFO  :    OUTPUT_BYTES: 22628658
INFO  :    OUTPUT_BYTES_PHYSICAL: 12069066
INFO  :    OUTPUT_BYTES_WITH_OVERHEAD: 23915340
INFO  :    OUTPUT_RECORDS: 642582
INFO  :    SHUFFLE_CHUNK_COUNT: 253
INFO  :    SPILLED_RECORDS: 642582
INFO  : TaskCounter_Reducer_5_INPUT_Reducer_4:
INFO  :    ADDITIONAL_SPILLS_BYTES_READ: 11208942
INFO  :    ADDITIONAL_SPILLS_BYTES_WRITTEN: 10299541
INFO  :    COMBINE_INPUT_RECORDS: 0
INFO  :    FIRST_EVENT_RECEIVED: 1
INFO  :    LAST_EVENT_RECEIVED: 48710
INFO  :    MERGED_MAP_OUTPUTS: 253
INFO  :    MERGE_PHASE_TIME: 49199
INFO  :    NUM_DISK_TO_DISK_MERGES: 0
INFO  :    NUM_FAILED_SHUFFLE_INPUTS: 0
INFO  :    NUM_MEM_TO_DISK_MERGES: 0
INFO  :    NUM_SHUFFLED_INPUTS: 253
INFO  :    NUM_SKIPPED_INPUTS: 0
INFO  :    REDUCE_INPUT_GROUPS: 642319
INFO  :    REDUCE_INPUT_RECORDS: 642582
INFO  :    SHUFFLE_BYTES: 12069066
INFO  :    SHUFFLE_BYTES_DECOMPRESSED: 23915340
INFO  :    SHUFFLE_BYTES_DISK_DIRECT: 909401
INFO  :    SHUFFLE_BYTES_TO_DISK: 0
INFO  :    SHUFFLE_BYTES_TO_MEM: 11159665
INFO  :    SHUFFLE_PHASE_TIME: 48713
INFO  :    SPILLED_RECORDS: 642582
INFO  : TaskCounter_Reducer_5_OUTPUT_out_Reducer_5:
INFO  :    OUTPUT_RECORDS: 0
INFO  : org.apache.hadoop.hive.llap.counters.LlapIOCounters:
INFO  :    ALLOCATED_BYTES: 3413901312
INFO  :    ALLOCATED_USED_BYTES: 3094586073
INFO  :    CACHE_HIT_BYTES: 10802177846
INFO  :    CACHE_MISS_BYTES: 2604941375
INFO  :    CONSUMER_TIME_NS: 196698978276
INFO  :    DECODE_TIME_NS: 439583683561
INFO  :    HDFS_TIME_NS: 223423098215
INFO  :    METADATA_CACHE_HIT: 2062
INFO  :    METADATA_CACHE_MISS: 554
INFO  :    NUM_DECODED_BATCHES: 166444
INFO  :    NUM_VECTOR_BATCHES: 1660155
INFO  :    ROWS_EMITTED: 1660115456
INFO  :    SELECTED_ROWGROUPS: 166444
INFO  :    TOTAL_IO_TIME_NS: 618884977214
INFO  : Completed executing command(queryId=hive_20161019124751_ae5c5b15-dceb-40b6-b878-516c416836ca); Time taken: 398.373 seconds
INFO  : OK
642,582 rows selected (413.048 seconds)
Closing: 0: jdbc:hive2://h01hn02:10500/tpcds_bin_partitioned_orc_10000
