Connecting to jdbc:hive2://h01hn02:10500/tpcds_bin_partitioned_orc_10000
Connected to: Apache Hive (version 2.1.0.2.5.1.0-43)
Driver: Hive JDBC (version 1.2.1000.2.5.1.0-43)
Transaction isolation: TRANSACTION_REPEATABLE_READ
Running init script bry.sql
No rows affected (0.037 seconds)
INFO  : Compiling command(queryId=hive_20161020160240_716fb721-9135-4551-a8c5-57fd9dac66e8): select  i_item_id,
        s_state,
        avg(ss_quantity) agg1,
        avg(ss_list_price) agg2,
        avg(ss_coupon_amt) agg3,
        avg(ss_sales_price) agg4
 from store_sales, customer_demographics, date_dim, store, item
 where store_sales.ss_sold_date_sk = date_dim.d_date_sk and
       store_sales.ss_item_sk = item.i_item_sk and
       store_sales.ss_store_sk = store.s_store_sk and
       store_sales.ss_cdemo_sk = customer_demographics.cd_demo_sk and
       customer_demographics.cd_gender = 'F' and
       customer_demographics.cd_marital_status = 'D' and
       customer_demographics.cd_education_status = 'Unknown' and
       date_dim.d_year = 1998 and
       store.s_state in ('KS','AL', 'MN', 'AL', 'SC', 'VT')
 group by i_item_id, s_state
 order by i_item_id
         ,s_state
 limit 100
INFO  : Semantic Analysis Completed
INFO  : Returning Hive schema: Schema(fieldSchemas:[FieldSchema(name:i_item_id, type:string, comment:null), FieldSchema(name:s_state, type:string, comment:null), FieldSchema(name:agg1, type:double, comment:null), FieldSchema(name:agg2, type:double, comment:null), FieldSchema(name:agg3, type:double, comment:null), FieldSchema(name:agg4, type:double, comment:null)], properties:null)
INFO  : Completed compiling command(queryId=hive_20161020160240_716fb721-9135-4551-a8c5-57fd9dac66e8); Time taken: 0.616 seconds
INFO  : Concurrency mode is disabled, not creating a lock manager
INFO  : Executing command(queryId=hive_20161020160240_716fb721-9135-4551-a8c5-57fd9dac66e8): select  i_item_id,
        s_state,
        avg(ss_quantity) agg1,
        avg(ss_list_price) agg2,
        avg(ss_coupon_amt) agg3,
        avg(ss_sales_price) agg4
 from store_sales, customer_demographics, date_dim, store, item
 where store_sales.ss_sold_date_sk = date_dim.d_date_sk and
       store_sales.ss_item_sk = item.i_item_sk and
       store_sales.ss_store_sk = store.s_store_sk and
       store_sales.ss_cdemo_sk = customer_demographics.cd_demo_sk and
       customer_demographics.cd_gender = 'F' and
       customer_demographics.cd_marital_status = 'D' and
       customer_demographics.cd_education_status = 'Unknown' and
       date_dim.d_year = 1998 and
       store.s_state in ('KS','AL', 'MN', 'AL', 'SC', 'VT')
 group by i_item_id, s_state
 order by i_item_id
         ,s_state
 limit 100
INFO  : Query ID = hive_20161020160240_716fb721-9135-4551-a8c5-57fd9dac66e8
INFO  : Total jobs = 1
INFO  : Launching Job 1 out of 1
INFO  : Starting task [Stage-1:MAPRED] in serial mode
INFO  : Session is already open
INFO  : Dag name: select  i_item_id,
        s_state,
  ...100(Stage-1)
INFO  : Setting tez.task.scale.memory.reserve-fraction to 0.30000001192092896
INFO  : Tez session was closed. Reopening...
INFO  : Session re-established.
INFO  : 

INFO  : Status: Running (Executing on YARN cluster with App id application_1476988466894_0275)

INFO  : Map 1: -/-	Map 4: -/-	Map 5: -/-	Map 6: -/-	Map 7: -/-	Reducer 2: 0/1009	Reducer 3: 0/1	
INFO  : Map 1: -/-	Map 4: 0/6	Map 5: 0/1	Map 6: 0/1	Map 7: 0/7	Reducer 2: 0/1009	Reducer 3: 0/1	
INFO  : Map 1: -/-	Map 4: 6/6	Map 5: 1/1	Map 6: 1/1	Map 7: 7/7	Reducer 2: 0/1009	Reducer 3: 0/1	
INFO  : Map 1: 0(+15)/304	Map 4: 6/6	Map 5: 1/1	Map 6: 1/1	Map 7: 7/7	Reducer 2: 0/1009	Reducer 3: 0/1	
INFO  : Map 1: 0(+20)/304	Map 4: 6/6	Map 5: 1/1	Map 6: 1/1	Map 7: 7/7	Reducer 2: 0/1009	Reducer 3: 0/1	
INFO  : Map 1: 0(+304)/304	Map 4: 6/6	Map 5: 1/1	Map 6: 1/1	Map 7: 7/7	Reducer 2: 0/1009	Reducer 3: 0/1	
INFO  : Map 1: 1(+303)/304	Map 4: 6/6	Map 5: 1/1	Map 6: 1/1	Map 7: 7/7	Reducer 2: 0/1009	Reducer 3: 0/1	
INFO  : Map 1: 2(+302)/304	Map 4: 6/6	Map 5: 1/1	Map 6: 1/1	Map 7: 7/7	Reducer 2: 0/1009	Reducer 3: 0/1	
INFO  : Map 1: 3(+301)/304	Map 4: 6/6	Map 5: 1/1	Map 6: 1/1	Map 7: 7/7	Reducer 2: 0/1009	Reducer 3: 0/1	
INFO  : Map 1: 4(+300)/304	Map 4: 6/6	Map 5: 1/1	Map 6: 1/1	Map 7: 7/7	Reducer 2: 0/1009	Reducer 3: 0/1	
INFO  : Map 1: 6(+298)/304	Map 4: 6/6	Map 5: 1/1	Map 6: 1/1	Map 7: 7/7	Reducer 2: 0/1009	Reducer 3: 0/1	
INFO  : Map 1: 10(+294)/304	Map 4: 6/6	Map 5: 1/1	Map 6: 1/1	Map 7: 7/7	Reducer 2: 0/1009	Reducer 3: 0/1	
INFO  : Map 1: 15(+289)/304	Map 4: 6/6	Map 5: 1/1	Map 6: 1/1	Map 7: 7/7	Reducer 2: 0/1009	Reducer 3: 0/1	
INFO  : Map 1: 23(+281)/304	Map 4: 6/6	Map 5: 1/1	Map 6: 1/1	Map 7: 7/7	Reducer 2: 0/1009	Reducer 3: 0/1	
INFO  : Map 1: 34(+270)/304	Map 4: 6/6	Map 5: 1/1	Map 6: 1/1	Map 7: 7/7	Reducer 2: 0/1009	Reducer 3: 0/1	
INFO  : Map 1: 52(+252)/304	Map 4: 6/6	Map 5: 1/1	Map 6: 1/1	Map 7: 7/7	Reducer 2: 0/1009	Reducer 3: 0/1	
INFO  : Map 1: 53(+251)/304	Map 4: 6/6	Map 5: 1/1	Map 6: 1/1	Map 7: 7/7	Reducer 2: 0/1009	Reducer 3: 0/1	
INFO  : Map 1: 166(+138)/304	Map 4: 6/6	Map 5: 1/1	Map 6: 1/1	Map 7: 7/7	Reducer 2: 0/1009	Reducer 3: 0/1	
INFO  : Map 1: 205(+99)/304	Map 4: 6/6	Map 5: 1/1	Map 6: 1/1	Map 7: 7/7	Reducer 2: 0/1009	Reducer 3: 0/1	
INFO  : Map 1: 241(+63)/304	Map 4: 6/6	Map 5: 1/1	Map 6: 1/1	Map 7: 7/7	Reducer 2: 0(+3)/253	Reducer 3: 0/1	
INFO  : Map 1: 258(+46)/304	Map 4: 6/6	Map 5: 1/1	Map 6: 1/1	Map 7: 7/7	Reducer 2: 0(+253)/253	Reducer 3: 0/1	
INFO  : Map 1: 294(+10)/304	Map 4: 6/6	Map 5: 1/1	Map 6: 1/1	Map 7: 7/7	Reducer 2: 0(+253)/253	Reducer 3: 0/1	
INFO  : Map 1: 299(+5)/304	Map 4: 6/6	Map 5: 1/1	Map 6: 1/1	Map 7: 7/7	Reducer 2: 0(+253)/253	Reducer 3: 0/1	
INFO  : Map 1: 302(+2)/304	Map 4: 6/6	Map 5: 1/1	Map 6: 1/1	Map 7: 7/7	Reducer 2: 0(+253)/253	Reducer 3: 0/1	
INFO  : Map 1: 304/304	Map 4: 6/6	Map 5: 1/1	Map 6: 1/1	Map 7: 7/7	Reducer 2: 129(+124)/253	Reducer 3: 0(+1)/1	
INFO  : Map 1: 304/304	Map 4: 6/6	Map 5: 1/1	Map 6: 1/1	Map 7: 7/7	Reducer 2: 154(+99)/253	Reducer 3: 0(+1)/1	
INFO  : Map 1: 304/304	Map 4: 6/6	Map 5: 1/1	Map 6: 1/1	Map 7: 7/7	Reducer 2: 245(+8)/253	Reducer 3: 0(+1)/1	
INFO  : Map 1: 304/304	Map 4: 6/6	Map 5: 1/1	Map 6: 1/1	Map 7: 7/7	Reducer 2: 251(+2)/253	Reducer 3: 0(+1)/1	
INFO  : Map 1: 304/304	Map 4: 6/6	Map 5: 1/1	Map 6: 1/1	Map 7: 7/7	Reducer 2: 253/253	Reducer 3: 0(+1)/1	
INFO  : Map 1: 304/304	Map 4: 6/6	Map 5: 1/1	Map 6: 1/1	Map 7: 7/7	Reducer 2: 253/253	Reducer 3: 1/1	
INFO  : Status: DAG finished successfully in 9.10 seconds
INFO  : 
INFO  : Query Execution Summary
INFO  : ----------------------------------------------------------------------------------------------
INFO  : ----------------------------------------------------------------------------------------------
INFO  : Compile Query                           0.62s
INFO  : Prepare Plan                            0.26s
INFO  : Submit Plan                             4.94s
INFO  : Start DAG                               0.36s
INFO  : Run DAG                                 9.10s
INFO  : ----------------------------------------------------------------------------------------------
INFO  : 
INFO  : Task Execution Summary
INFO  : --------------------------------------------------------------------------------------------------------------------------------
INFO  : --------------------------------------------------------------------------------------------------------------------------------
INFO  :      Map 1          304                0             0        6793.00             0            0  5,448,385,908          30,400
INFO  :      Map 4            6                0             0           0.00             0            0      1,920,800          27,440
INFO  :      Map 5            1                0             0           0.00             0            0         10,000             365
INFO  :      Map 6            1                0             0           0.00             0            0          1,500             244
INFO  :      Map 7            7                0             0           0.00             0            0        402,000         402,000
INFO  :  Reducer 2          253                0             0        2101.00             0            0         30,400           3,879
INFO  :  Reducer 3            1                0             0         854.00             0            0          3,879               0
INFO  : --------------------------------------------------------------------------------------------------------------------------------
INFO  : 
INFO  : LLAP IO Summary
INFO  : ----------------------------------------------------------------------------------------------
INFO  : ----------------------------------------------------------------------------------------------
INFO  :      Map 1    546763      7521          0   83.24GB         0B          0B       0B  1347.70s
INFO  :      Map 4       195        12          0  333.38KB         0B          0B       0B     0.18s
INFO  :      Map 5         1         2          0    1.39KB         0B          0B       0B     0.01s
INFO  :      Map 6         1         2          0    1.61KB         0B          0B       0B     0.01s
INFO  :      Map 7        42        14          0    1.78MB         0B          0B       0B     0.10s
INFO  : ----------------------------------------------------------------------------------------------
INFO  : 
INFO  : FileSystem Counters Summary
INFO  : 
INFO  : ----------------------------------------------------------------------------------------------
INFO  : ----------------------------------------------------------------------------------------------
INFO  :      Map 1         14.73MB             0                  0            15.27MB             0
INFO  :      Map 4              0B             0                  0           126.45KB             0
INFO  :      Map 5              0B             0                  0             1.51KB             0
INFO  :      Map 6              0B             0                  0             1.07KB             0
INFO  :      Map 7              0B             0                  0             2.74MB             0
INFO  :  Reducer 2         16.19KB             0                  0           160.78KB             0
INFO  :  Reducer 3              0B             0                  0                 0B             0
INFO  : ----------------------------------------------------------------------------------------------
INFO  : 
INFO  : ----------------------------------------------------------------------------------------------
INFO  : ----------------------------------------------------------------------------------------------
INFO  :      Map 1              0B             0                  0                 0B             0
INFO  :      Map 4              0B             0                  0                 0B             0
INFO  :      Map 5              0B             0                  0                 0B             0
INFO  :      Map 6              0B             0                  0                 0B             0
INFO  :      Map 7              0B             0                  0                 0B             0
INFO  :  Reducer 2              0B             0                  0                 0B             0
INFO  :  Reducer 3              0B             2                  0             9.83KB             2
INFO  : ----------------------------------------------------------------------------------------------
INFO  : 
INFO  : org.apache.tez.common.counters.DAGCounter:
INFO  :    NUM_SUCCEEDED_TASKS: 573
INFO  :    TOTAL_LAUNCHED_TASKS: 573
INFO  :    DATA_LOCAL_TASKS: 319
INFO  :    AM_CPU_MILLISECONDS: 56340
INFO  :    AM_GC_TIME_MILLIS: 1267
INFO  : File System Counters:
INFO  :    FILE_BYTES_READ: 14744384
INFO  :    FILE_BYTES_WRITTEN: 18302209
INFO  :    FILE_READ_OPS: 0
INFO  :    FILE_LARGE_READ_OPS: 0
INFO  :    FILE_WRITE_OPS: 0
INFO  :    HDFS_BYTES_READ: 0
INFO  :    HDFS_BYTES_WRITTEN: 9832
INFO  :    HDFS_READ_OPS: 2
INFO  :    HDFS_LARGE_READ_OPS: 0
INFO  :    HDFS_WRITE_OPS: 2
INFO  : org.apache.tez.common.counters.TaskCounter:
INFO  :    REDUCE_INPUT_GROUPS: 7758
INFO  :    REDUCE_INPUT_RECORDS: 34279
INFO  :    COMBINE_INPUT_RECORDS: 0
INFO  :    SPILLED_RECORDS: 68558
INFO  :    NUM_SHUFFLED_INPUTS: 29368
INFO  :    NUM_SKIPPED_INPUTS: 277756
INFO  :    NUM_FAILED_SHUFFLE_INPUTS: 0
INFO  :    MERGED_MAP_OUTPUTS: 29233
INFO  :    INPUT_RECORDS_PROCESSED: 9320881
INFO  :    INPUT_SPLIT_LENGTH_BYTES: 302859914064
INFO  :    OUTPUT_RECORDS: 464328
INFO  :    OUTPUT_LARGE_RECORDS: 0
INFO  :    OUTPUT_BYTES: 12025765
INFO  :    OUTPUT_BYTES_WITH_OVERHEAD: 14796445
INFO  :    OUTPUT_BYTES_PHYSICAL: 10929897
INFO  :    ADDITIONAL_SPILLS_BYTES_WRITTEN: 742754
INFO  :    ADDITIONAL_SPILLS_BYTES_READ: 1013709
INFO  :    ADDITIONAL_SPILL_COUNT: 0
INFO  :    SHUFFLE_CHUNK_COUNT: 557
INFO  :    SHUFFLE_BYTES: 28336793
INFO  :    SHUFFLE_BYTES_DECOMPRESSED: 95109181
INFO  :    SHUFFLE_BYTES_TO_MEM: 25195541
INFO  :    SHUFFLE_BYTES_TO_DISK: 0
INFO  :    SHUFFLE_BYTES_DISK_DIRECT: 3141252
INFO  :    NUM_MEM_TO_DISK_MERGES: 0
INFO  :    NUM_DISK_TO_DISK_MERGES: 0
INFO  :    SHUFFLE_PHASE_TIME: 331802
INFO  :    MERGE_PHASE_TIME: 334397
INFO  :    FIRST_EVENT_RECEIVED: 15225
INFO  :    LAST_EVENT_RECEIVED: 287721
INFO  : HIVE:
INFO  :    CREATED_FILES: 1
INFO  :    DESERIALIZE_ERRORS: 0
INFO  :    RECORDS_IN_Map_1: 5447955859
INFO  :    RECORDS_IN_Map_4: 1920800
INFO  :    RECORDS_IN_Map_5: 10000
INFO  :    RECORDS_IN_Map_6: 1500
INFO  :    RECORDS_IN_Map_7: 402000
INFO  :    RECORDS_OUT_0: 100
INFO  :    RECORDS_OUT_INTERMEDIATE_Map_1: 30400
INFO  :    RECORDS_OUT_INTERMEDIATE_Map_4: 27440
INFO  :    RECORDS_OUT_INTERMEDIATE_Map_5: 365
INFO  :    RECORDS_OUT_INTERMEDIATE_Map_6: 244
INFO  :    RECORDS_OUT_INTERMEDIATE_Map_7: 402000
INFO  :    RECORDS_OUT_INTERMEDIATE_Reducer_2: 3879
INFO  : Shuffle Errors:
INFO  :    BAD_ID: 0
INFO  :    CONNECTION: 0
INFO  :    IO_ERROR: 0
INFO  :    WRONG_LENGTH: 0
INFO  :    WRONG_MAP: 0
INFO  :    WRONG_REDUCE: 0
INFO  : Shuffle Errors_Reducer_2_INPUT_Map_1:
INFO  :    BAD_ID: 0
INFO  :    CONNECTION: 0
INFO  :    IO_ERROR: 0
INFO  :    WRONG_LENGTH: 0
INFO  :    WRONG_MAP: 0
INFO  :    WRONG_REDUCE: 0
INFO  : Shuffle Errors_Reducer_3_INPUT_Reducer_2:
INFO  :    BAD_ID: 0
INFO  :    CONNECTION: 0
INFO  :    IO_ERROR: 0
INFO  :    WRONG_LENGTH: 0
INFO  :    WRONG_MAP: 0
INFO  :    WRONG_REDUCE: 0
INFO  : TaskCounter_Map_1_INPUT_Map_4:
INFO  :    FIRST_EVENT_RECEIVED: 9
INFO  :    INPUT_RECORDS_PROCESSED: 246960
INFO  :    LAST_EVENT_RECEIVED: 9
INFO  :    NUM_FAILED_SHUFFLE_INPUTS: 0
INFO  :    NUM_SHUFFLED_INPUTS: 54
INFO  :    SHUFFLE_BYTES: 1136295
INFO  :    SHUFFLE_BYTES_DECOMPRESSED: 1729044
INFO  :    SHUFFLE_BYTES_DISK_DIRECT: 126255
INFO  :    SHUFFLE_BYTES_TO_DISK: 0
INFO  :    SHUFFLE_BYTES_TO_MEM: 1010040
INFO  :    SHUFFLE_PHASE_TIME: 21
INFO  : TaskCounter_Map_1_INPUT_Map_5:
INFO  :    FIRST_EVENT_RECEIVED: 10
INFO  :    INPUT_RECORDS_PROCESSED: 3285
INFO  :    LAST_EVENT_RECEIVED: 10
INFO  :    NUM_FAILED_SHUFFLE_INPUTS: 0
INFO  :    NUM_SHUFFLED_INPUTS: 9
INFO  :    SHUFFLE_BYTES: 13311
INFO  :    SHUFFLE_BYTES_DECOMPRESSED: 23049
INFO  :    SHUFFLE_BYTES_DISK_DIRECT: 1479
INFO  :    SHUFFLE_BYTES_TO_DISK: 0
INFO  :    SHUFFLE_BYTES_TO_MEM: 11832
INFO  :    SHUFFLE_PHASE_TIME: 17
INFO  : TaskCounter_Map_1_INPUT_Map_6:
INFO  :    FIRST_EVENT_RECEIVED: 2
INFO  :    INPUT_RECORDS_PROCESSED: 2196
INFO  :    LAST_EVENT_RECEIVED: 2
INFO  :    NUM_FAILED_SHUFFLE_INPUTS: 0
INFO  :    NUM_SHUFFLED_INPUTS: 9
INFO  :    SHUFFLE_BYTES: 9306
INFO  :    SHUFFLE_BYTES_DECOMPRESSED: 24210
INFO  :    SHUFFLE_BYTES_DISK_DIRECT: 1034
INFO  :    SHUFFLE_BYTES_TO_DISK: 0
INFO  :    SHUFFLE_BYTES_TO_MEM: 8272
INFO  :    SHUFFLE_PHASE_TIME: 44
INFO  : TaskCounter_Map_1_INPUT_Map_7:
INFO  :    FIRST_EVENT_RECEIVED: 9
INFO  :    INPUT_RECORDS_PROCESSED: 3618000
INFO  :    LAST_EVENT_RECEIVED: 9
INFO  :    NUM_FAILED_SHUFFLE_INPUTS: 0
INFO  :    NUM_SHUFFLED_INPUTS: 63
INFO  :    SHUFFLE_BYTES: 24673761
INFO  :    SHUFFLE_BYTES_DECOMPRESSED: 90450378
INFO  :    SHUFFLE_BYTES_DISK_DIRECT: 2741529
INFO  :    SHUFFLE_BYTES_TO_DISK: 0
INFO  :    SHUFFLE_BYTES_TO_MEM: 21932232
INFO  :    SHUFFLE_PHASE_TIME: 99
INFO  : TaskCounter_Map_1_INPUT_store_sales:
INFO  :    INPUT_RECORDS_PROCESSED: 5448100
INFO  :    INPUT_SPLIT_LENGTH_BYTES: 302820393415
INFO  : TaskCounter_Map_1_OUTPUT_Reducer_2:
INFO  :    ADDITIONAL_SPILLS_BYTES_READ: 0
INFO  :    ADDITIONAL_SPILLS_BYTES_WRITTEN: 0
INFO  :    ADDITIONAL_SPILL_COUNT: 0
INFO  :    OUTPUT_BYTES: 2421496
INFO  :    OUTPUT_BYTES_PHYSICAL: 7906555
INFO  :    OUTPUT_BYTES_WITH_OVERHEAD: 4322712
INFO  :    OUTPUT_RECORDS: 30400
INFO  :    SHUFFLE_CHUNK_COUNT: 304
INFO  :    SPILLED_RECORDS: 30400
INFO  : TaskCounter_Map_4_INPUT_customer_demographics:
INFO  :    INPUT_RECORDS_PROCESSED: 1923
INFO  :    INPUT_SPLIT_LENGTH_BYTES: 541712
INFO  : TaskCounter_Map_4_OUTPUT_Map_1:
INFO  :    ADDITIONAL_SPILLS_BYTES_READ: 0
INFO  :    ADDITIONAL_SPILLS_BYTES_WRITTEN: 0
INFO  :    ADDITIONAL_SPILL_COUNT: 0
INFO  :    OUTPUT_BYTES: 137200
INFO  :    OUTPUT_BYTES_PHYSICAL: 126399
INFO  :    OUTPUT_BYTES_WITH_OVERHEAD: 192116
INFO  :    OUTPUT_LARGE_RECORDS: 0
INFO  :    OUTPUT_RECORDS: 27440
INFO  :    SPILLED_RECORDS: 0
INFO  : TaskCounter_Map_5_INPUT_date_dim:
INFO  :    INPUT_RECORDS_PROCESSED: 10
INFO  :    INPUT_SPLIT_LENGTH_BYTES: 759177
INFO  : TaskCounter_Map_5_OUTPUT_Map_1:
INFO  :    ADDITIONAL_SPILLS_BYTES_READ: 0
INFO  :    ADDITIONAL_SPILLS_BYTES_WRITTEN: 0
INFO  :    ADDITIONAL_SPILL_COUNT: 0
INFO  :    OUTPUT_BYTES: 1825
INFO  :    OUTPUT_BYTES_PHYSICAL: 1503
INFO  :    OUTPUT_BYTES_WITH_OVERHEAD: 2561
INFO  :    OUTPUT_LARGE_RECORDS: 0
INFO  :    OUTPUT_RECORDS: 365
INFO  :    SPILLED_RECORDS: 0
INFO  : TaskCounter_Map_6_INPUT_store:
INFO  :    INPUT_RECORDS_PROCESSED: 2
INFO  :    INPUT_SPLIT_LENGTH_BYTES: 127422
INFO  : TaskCounter_Map_6_OUTPUT_Map_1:
INFO  :    ADDITIONAL_SPILLS_BYTES_READ: 0
INFO  :    ADDITIONAL_SPILLS_BYTES_WRITTEN: 0
INFO  :    ADDITIONAL_SPILL_COUNT: 0
INFO  :    OUTPUT_BYTES: 2196
INFO  :    OUTPUT_BYTES_PHYSICAL: 1058
INFO  :    OUTPUT_BYTES_WITH_OVERHEAD: 2690
INFO  :    OUTPUT_LARGE_RECORDS: 0
INFO  :    OUTPUT_RECORDS: 244
INFO  :    SPILLED_RECORDS: 0
INFO  : TaskCounter_Map_7_INPUT_item:
INFO  :    INPUT_RECORDS_PROCESSED: 405
INFO  :    INPUT_SPLIT_LENGTH_BYTES: 38092338
INFO  : TaskCounter_Map_7_OUTPUT_Map_1:
INFO  :    ADDITIONAL_SPILLS_BYTES_READ: 0
INFO  :    ADDITIONAL_SPILLS_BYTES_WRITTEN: 0
INFO  :    ADDITIONAL_SPILL_COUNT: 0
INFO  :    OUTPUT_BYTES: 9246000
INFO  :    OUTPUT_BYTES_PHYSICAL: 2741697
INFO  :    OUTPUT_BYTES_WITH_OVERHEAD: 10050042
INFO  :    OUTPUT_LARGE_RECORDS: 0
INFO  :    OUTPUT_RECORDS: 402000
INFO  :    SPILLED_RECORDS: 0
INFO  : TaskCounter_Reducer_2_INPUT_Map_1:
INFO  :    ADDITIONAL_SPILLS_BYTES_READ: 895268
INFO  :    ADDITIONAL_SPILLS_BYTES_WRITTEN: 636839
INFO  :    COMBINE_INPUT_RECORDS: 0
INFO  :    FIRST_EVENT_RECEIVED: 15194
INFO  :    LAST_EVENT_RECEIVED: 286989
INFO  :    MERGED_MAP_OUTPUTS: 28980
INFO  :    MERGE_PHASE_TIME: 333685
INFO  :    NUM_DISK_TO_DISK_MERGES: 0
INFO  :    NUM_FAILED_SHUFFLE_INPUTS: 0
INFO  :    NUM_MEM_TO_DISK_MERGES: 0
INFO  :    NUM_SHUFFLED_INPUTS: 28980
INFO  :    NUM_SKIPPED_INPUTS: 277756
INFO  :    REDUCE_INPUT_GROUPS: 3879
INFO  :    REDUCE_INPUT_RECORDS: 30400
INFO  :    SHUFFLE_BYTES: 2351435
INFO  :    SHUFFLE_BYTES_DECOMPRESSED: 2656176
INFO  :    SHUFFLE_BYTES_DISK_DIRECT: 258429
INFO  :    SHUFFLE_BYTES_TO_DISK: 0
INFO  :    SHUFFLE_BYTES_TO_MEM: 2093006
INFO  :    SHUFFLE_PHASE_TIME: 330917
INFO  :    SPILLED_RECORDS: 30400
INFO  : TaskCounter_Reducer_2_OUTPUT_Reducer_3:
INFO  :    ADDITIONAL_SPILLS_BYTES_READ: 0
INFO  :    ADDITIONAL_SPILLS_BYTES_WRITTEN: 0
INFO  :    ADDITIONAL_SPILL_COUNT: 0
INFO  :    OUTPUT_BYTES: 217048
INFO  :    OUTPUT_BYTES_PHYSICAL: 152685
INFO  :    OUTPUT_BYTES_WITH_OVERHEAD: 226324
INFO  :    OUTPUT_RECORDS: 3879
INFO  :    SHUFFLE_CHUNK_COUNT: 253
INFO  :    SPILLED_RECORDS: 3879
INFO  : TaskCounter_Reducer_3_INPUT_Reducer_2:
INFO  :    ADDITIONAL_SPILLS_BYTES_READ: 118441
INFO  :    ADDITIONAL_SPILLS_BYTES_WRITTEN: 105915
INFO  :    COMBINE_INPUT_RECORDS: 0
INFO  :    FIRST_EVENT_RECEIVED: 1
INFO  :    LAST_EVENT_RECEIVED: 702
INFO  :    MERGED_MAP_OUTPUTS: 253
INFO  :    MERGE_PHASE_TIME: 712
INFO  :    NUM_DISK_TO_DISK_MERGES: 0
INFO  :    NUM_FAILED_SHUFFLE_INPUTS: 0
INFO  :    NUM_MEM_TO_DISK_MERGES: 0
INFO  :    NUM_SHUFFLED_INPUTS: 253
INFO  :    NUM_SKIPPED_INPUTS: 0
INFO  :    REDUCE_INPUT_GROUPS: 3879
INFO  :    REDUCE_INPUT_RECORDS: 3879
INFO  :    SHUFFLE_BYTES: 152685
INFO  :    SHUFFLE_BYTES_DECOMPRESSED: 226324
INFO  :    SHUFFLE_BYTES_DISK_DIRECT: 12526
INFO  :    SHUFFLE_BYTES_TO_DISK: 0
INFO  :    SHUFFLE_BYTES_TO_MEM: 140159
INFO  :    SHUFFLE_PHASE_TIME: 704
INFO  :    SPILLED_RECORDS: 3879
INFO  : TaskCounter_Reducer_3_OUTPUT_out_Reducer_3:
INFO  :    OUTPUT_RECORDS: 0
INFO  : org.apache.hadoop.hive.llap.counters.LlapIOCounters:
INFO  :    CACHE_HIT_BYTES: 83245465861
INFO  :    CACHE_MISS_BYTES: 0
INFO  :    CONSUMER_TIME_NS: 1314253138238
INFO  :    DECODE_TIME_NS: 1329592936074
INFO  :    HDFS_TIME_NS: 32144541
INFO  :    METADATA_CACHE_HIT: 7551
INFO  :    NUM_DECODED_BATCHES: 547002
INFO  :    NUM_VECTOR_BATCHES: 5450440
INFO  :    ROWS_EMITTED: 5450290159
INFO  :    SELECTED_ROWGROUPS: 547002
INFO  :    TOTAL_IO_TIME_NS: 1347993398168
INFO  : Completed executing command(queryId=hive_20161020160240_716fb721-9135-4551-a8c5-57fd9dac66e8); Time taken: 14.736 seconds
INFO  : OK
100 rows selected (15.418 seconds)
Closing: 0: jdbc:hive2://h01hn02:10500/tpcds_bin_partitioned_orc_10000
