0: jdbc:hive2://h01hn02:10500/tpcds_bin_parti> set ambari.hive.db.schema.name=hive;
0: jdbc:hive2://h01hn02:10500/tpcds_bin_parti> set fs.file.impl.disable.cache=true;
0: jdbc:hive2://h01hn02:10500/tpcds_bin_parti> set fs.hdfs.impl.disable.cache=true;
0: jdbc:hive2://h01hn02:10500/tpcds_bin_parti> set hive.auto.convert.join.noconditionaltask=true;
0: jdbc:hive2://h01hn02:10500/tpcds_bin_parti> set hive.auto.convert.join=true;
0: jdbc:hive2://h01hn02:10500/tpcds_bin_parti> -- set hive.auto.convert.sortmerge.join.noconditionaltask=true;
0: jdbc:hive2://h01hn02:10500/tpcds_bin_parti> set hive.auto.convert.sortmerge.join=true;
0: jdbc:hive2://h01hn02:10500/tpcds_bin_parti> set hive.compactor.abortedtxn.threshold=1000;
0: jdbc:hive2://h01hn02:10500/tpcds_bin_parti> set hive.compactor.check.interval=300;
0: jdbc:hive2://h01hn02:10500/tpcds_bin_parti> set hive.compactor.delta.num.threshold=10;
0: jdbc:hive2://h01hn02:10500/tpcds_bin_parti> set hive.compactor.delta.pct.threshold=0.1f;
0: jdbc:hive2://h01hn02:10500/tpcds_bin_parti> set hive.compactor.initiator.on=false;
0: jdbc:hive2://h01hn02:10500/tpcds_bin_parti> set hive.compactor.worker.threads=0;
0: jdbc:hive2://h01hn02:10500/tpcds_bin_parti> set hive.compactor.worker.timeout=86400;
0: jdbc:hive2://h01hn02:10500/tpcds_bin_parti> set hive.compute.query.using.stats=true;
0: jdbc:hive2://h01hn02:10500/tpcds_bin_parti> set hive.enforce.bucketing=true;
0: jdbc:hive2://h01hn02:10500/tpcds_bin_parti> set hive.enforce.sorting=true;
0: jdbc:hive2://h01hn02:10500/tpcds_bin_parti> set hive.enforce.sortmergebucketmapjoin=true;
0: jdbc:hive2://h01hn02:10500/tpcds_bin_parti> 
0: jdbc:hive2://h01hn02:10500/tpcds_bin_parti> set hive.limit.pushdown.memory.usage=0.04;
0: jdbc:hive2://h01hn02:10500/tpcds_bin_parti> set hive.map.aggr=true;
0: jdbc:hive2://h01hn02:10500/tpcds_bin_parti> set hive.mapjoin.bucket.cache.size=10000;
0: jdbc:hive2://h01hn02:10500/tpcds_bin_parti> set hive.mapred.reduce.tasks.speculative.execution=false;
0: jdbc:hive2://h01hn02:10500/tpcds_bin_parti> set hive.metastore.cache.pinobjtypes=Table,Database,Type,FieldSchema,Order;
0: jdbc:hive2://h01hn02:10500/tpcds_bin_parti> set hive.metastore.client.socket.timeout=60;
0: jdbc:hive2://h01hn02:10500/tpcds_bin_parti> set hive.metastore.execute.setugi=true;
0: jdbc:hive2://h01hn02:10500/tpcds_bin_parti> set hive.metastore.warehouse.dir=/apps/hive/warehouse;
0: jdbc:hive2://h01hn02:10500/tpcds_bin_parti> set hive.optimize.bucketmapjoin.sortedmerge=false;
0: jdbc:hive2://h01hn02:10500/tpcds_bin_parti> set hive.optimize.bucketmapjoin=true;
0: jdbc:hive2://h01hn02:10500/tpcds_bin_parti> set hive.optimize.index.filter=true;
0: jdbc:hive2://h01hn02:10500/tpcds_bin_parti> -- set hive.optimize.mapjoin.mapreduce=true;
0: jdbc:hive2://h01hn02:10500/tpcds_bin_parti> set hive.optimize.reducededuplication.min.reducer=4;
0: jdbc:hive2://h01hn02:10500/tpcds_bin_parti> set hive.optimize.reducededuplication=true;
0: jdbc:hive2://h01hn02:10500/tpcds_bin_parti> set hive.orc.splits.include.file.footer=false;
0: jdbc:hive2://h01hn02:10500/tpcds_bin_parti> set hive.security.authorization.enabled=false;
0: jdbc:hive2://h01hn02:10500/tpcds_bin_parti> set hive.security.metastore.authorization.manager=org.apache.hadoop.hive.ql.security.authorization.StorageBasedAuthorizationProvider;
0: jdbc:hive2://h01hn02:10500/tpcds_bin_parti> -- set hive.semantic.analyzer.factory.impl=org.apache.hivealog.cli.HCatSemanticAnalyzerFactory;
0: jdbc:hive2://h01hn02:10500/tpcds_bin_parti> set hive.server2.enable.doAs=false;
0: jdbc:hive2://h01hn02:10500/tpcds_bin_parti> set hive.server2.tez.default.queues=default;
0: jdbc:hive2://h01hn02:10500/tpcds_bin_parti> set hive.server2.tez.initialize.default.sessions=false;
0: jdbc:hive2://h01hn02:10500/tpcds_bin_parti> set hive.server2.tez.sessions.per.default.queue=1;
0: jdbc:hive2://h01hn02:10500/tpcds_bin_parti> set hive.stats.autogather=true;
0: jdbc:hive2://h01hn02:10500/tpcds_bin_parti> set hive.tez.input.format=org.apache.hadoop.hive.ql.io.HiveInputFormat;
0: jdbc:hive2://h01hn02:10500/tpcds_bin_parti> set hive.txn.manager=org.apache.hadoop.hive.ql.lockmgr.DummyTxnManager;
0: jdbc:hive2://h01hn02:10500/tpcds_bin_parti> set hive.txn.max.open.batch=1000;
0: jdbc:hive2://h01hn02:10500/tpcds_bin_parti> set hive.txn.timeout=300;
0: jdbc:hive2://h01hn02:10500/tpcds_bin_parti> set hive.vectorized.execution.enabled=true;
0: jdbc:hive2://h01hn02:10500/tpcds_bin_parti> set hive.vectorized.groupby.checkinterval=1024;
0: jdbc:hive2://h01hn02:10500/tpcds_bin_parti> set hive.vectorized.groupby.flush.percent=1;
0: jdbc:hive2://h01hn02:10500/tpcds_bin_parti> set hive.vectorized.groupby.maxentries=1024;
0: jdbc:hive2://h01hn02:10500/tpcds_bin_parti> 
0: jdbc:hive2://h01hn02:10500/tpcds_bin_parti> -- These values need to be tuned appropriately to your cluster. These examples are for reference.
0: jdbc:hive2://h01hn02:10500/tpcds_bin_parti> set hive.tez.container.size=6144;
0: jdbc:hive2://h01hn02:10500/tpcds_bin_parti> set hive.tez.java.opts=-Xmx5120m;
0: jdbc:hive2://h01hn02:10500/tpcds_bin_parti> --set hive.auto.convert.join.noconditionaltask.size=100000000;
0: jdbc:hive2://h01hn02:10500/tpcds_bin_parti> --set hive.auto.convert.join.noconditionaltask.size=320000000;
0: jdbc:hive2://h01hn02:10500/tpcds_bin_parti> set hive.auto.convert.join.noconditionaltask.size=629145600;
0: jdbc:hive2://h01hn02:10500/tpcds_bin_parti> -- set hive.auto.convert.join.noconditionaltask.size=720000000;
0: jdbc:hive2://h01hn02:10500/tpcds_bin_parti> -- set hive.auto.convert.join.noconditionaltask.size=1920000000;
0: jdbc:hive2://h01hn02:10500/tpcds_bin_parti> 
0: jdbc:hive2://h01hn02:10500/tpcds_bin_parti> set hive.execution.engine=tez;
0: jdbc:hive2://h01hn02:10500/tpcds_bin_parti> set hive.default.fileformat=orc;
0: jdbc:hive2://h01hn02:10500/tpcds_bin_parti> set hive.cbo.enable=true;
0: jdbc:hive2://h01hn02:10500/tpcds_bin_parti> set hive.stats.fetch.column.stats=true;
0: jdbc:hive2://h01hn02:10500/tpcds_bin_parti> set hive.exec.dynamic.partition.mode=nonstrict;
0: jdbc:hive2://h01hn02:10500/tpcds_bin_parti> set hive.tez.auto.reducer.parallelism=true;
0: jdbc:hive2://h01hn02:10500/tpcds_bin_parti> -- set hive.exec.reducers.bytes.per.reducer=1000000000;
0: jdbc:hive2://h01hn02:10500/tpcds_bin_parti> set hive.exec.reducers.bytes.per.reducer=67108864;
0: jdbc:hive2://h01hn02:10500/tpcds_bin_parti> set hive.txn.manager=org.apache.hadoop.hive.ql.lockmgr.DummyTxnManager;
0: jdbc:hive2://h01hn02:10500/tpcds_bin_parti> set hive.support.concurrency=false;
0: jdbc:hive2://h01hn02:10500/tpcds_bin_parti> set hive.tez.exec.print.summary=true;
0: jdbc:hive2://h01hn02:10500/tpcds_bin_parti> 
0: jdbc:hive2://h01hn02:10500/tpcds_bin_parti> set tez.grouping.min-size=16777216;
0: jdbc:hive2://h01hn02:10500/tpcds_bin_parti> --set tez.grouping.min-size=8388608;
0: jdbc:hive2://h01hn02:10500/tpcds_bin_parti> set tez.grouping.max-size=1073741824;
0: jdbc:hive2://h01hn02:10500/tpcds_bin_parti> --set tez.grouping.max-size=1342177280;
0: jdbc:hive2://h01hn02:10500/tpcds_bin_parti> 
0: jdbc:hive2://h01hn02:10500/tpcds_bin_parti> --set tez.grouping.split-waves=1.7;
0: jdbc:hive2://h01hn02:10500/tpcds_bin_parti> set tez.runtime.io.sort.mb=174;
0: jdbc:hive2://h01hn02:10500/tpcds_bin_parti> 
0: jdbc:hive2://h01hn02:10500/tpcds_bin_parti> 
0: jdbc:hive2://h01hn02:10500/tpcds_bin_parti> select  s_store_name, s_store_id,
0: jdbc:hive2://h01hn02:10500/tpcds_bin_parti>         sum(case when (d_day_name='Sunday') then ss_sales_price else null end) sun_sales,
0: jdbc:hive2://h01hn02:10500/tpcds_bin_parti>         sum(case when (d_day_name='Monday') then ss_sales_price else null end) mon_sales,
0: jdbc:hive2://h01hn02:10500/tpcds_bin_parti>         sum(case when (d_day_name='Tuesday') then ss_sales_price else  null end) tue_sales,
0: jdbc:hive2://h01hn02:10500/tpcds_bin_parti>         sum(case when (d_day_name='Wednesday') then ss_sales_price else null end) wed_sales,
0: jdbc:hive2://h01hn02:10500/tpcds_bin_parti>         sum(case when (d_day_name='Thursday') then ss_sales_price else null end) thu_sales,
0: jdbc:hive2://h01hn02:10500/tpcds_bin_parti>         sum(case when (d_day_name='Friday') then ss_sales_price else null end) fri_sales,
0: jdbc:hive2://h01hn02:10500/tpcds_bin_parti>         sum(case when (d_day_name='Saturday') then ss_sales_price else null end) sat_sales
0: jdbc:hive2://h01hn02:10500/tpcds_bin_parti>  from date_dim, store_sales, store
0: jdbc:hive2://h01hn02:10500/tpcds_bin_parti>  where date_dim.d_date_sk = store_sales.ss_sold_date_sk and
0: jdbc:hive2://h01hn02:10500/tpcds_bin_parti>        store.s_store_sk = store_sales.ss_store_sk and
0: jdbc:hive2://h01hn02:10500/tpcds_bin_parti>        s_gmt_offset = -6 and
0: jdbc:hive2://h01hn02:10500/tpcds_bin_parti>        d_year = 1998
0: jdbc:hive2://h01hn02:10500/tpcds_bin_parti>  group by s_store_name, s_store_id
0: jdbc:hive2://h01hn02:10500/tpcds_bin_parti>  order by s_store_name, s_store_id,sun_sales,mon_sales,tue_sales,wed_sales,thu_sales,fri_sales,sat_sales
0: jdbc:hive2://h01hn02:10500/tpcds_bin_parti>  limit 100;
+---------------+-------------------+---------------------+---------------------+---------------------+---------------------+---------------------+---------------------+---------------------+--+
| s_store_name  |    s_store_id     |      sun_sales      |      mon_sales      |      tue_sales      |      wed_sales      |      thu_sales      |      fri_sales      |      sat_sales      |
+---------------+-------------------+---------------------+---------------------+---------------------+---------------------+---------------------+---------------------+---------------------+--+
|               | AAAAAAAAEGBAAAAA  | 5601111.378969759   | 5615686.890246693   | 5744817.800221706   | 5693425.559960952   | 5758851.760333849   | 5592281.379714653   | 5603701.940070476   |
|               | AAAAAAAAJPBAAAAA  | 5686172.690986894   | 5551450.349653542   | 5745158.531478206   | 5772271.970047867   | 5709384.1105167065  | 5631562.009933462   | 5558189.280119233   |
| able          | AAAAAAAAABBAAAAA  | 5561805.559752602   | 5690845.960104344   | 5701642.510184282   | 5793616.290315021   | 5762287.799892461   | 5551770.319614749   | 5450761.679551648   |
| able          | AAAAAAAAAEDAAAAA  | 5615529.069205888   | 5661183.980635697   | 5738858.040061615   | 5780899.959751813   | 5781810.509527102   | 5641312.5102826115  | 5548481.559331922   |
| able          | AAAAAAAAAHAAAAAA  | 5597378.730629861   | 5609170.960564017   | 5779497.79977778    | 5674608.380536789   | 5762481.509736296   | 5591038.529232329   | 5595503.949684836   |
| able          | AAAAAAAAAODAAAAA  | 5581531.219721135   | 5654789.499469977   | 5723026.839790316   | 5796541.080533035   | 5581322.590760935   | 5576366.28058047    | 5618187.139978446   |
| able          | AAAAAAAACAAAAAAA  | 5508177.380208036   | 5595982.840052389   | 5793241.220533809   | 5799355.970077015   | 5688797.400693048   | 5580999.89022303    | 5583531.500025697   |
| able          | AAAAAAAACCDAAAAA  | 5581323.179175235   | 5606382.6196155995  | 5703342.679794239   | 5745418.709585074   | 5727368.620486913   | 5484826.830447925   | 5638539.210703464   |
| able          | AAAAAAAACDCAAAAA  | 5654577.249853663   | 5578614.9893839415  | 5715275.700391838   | 5689230.769936934   | 5756161.69940751    | 5545329.590183767   | 5503593.040716965   |
| able          | AAAAAAAACFAAAAAA  | 5591453.729176195   | 5564447.40034524    | 5790766.080677468   | 5675922.089757044   | 5676869.78037112    | 5614309.189952714   | 5603044.729997341   |
| able          | AAAAAAAACMDAAAAA  | 5532543.859953776   | 5619245.670407923   | 5761977.540353091   | 5774505.320679383   | 5708532.459312914   | 5683440.0306242     | 5510933.579916935   |
| able          | AAAAAAAACOBAAAAA  | 5625837.21932603    | 5544443.4293996375  | 5728560.450364249   | 5705423.909909226   | 5771029.429469461   | 5620352.599752177   | 5706681.79980086    |
| able          | AAAAAAAACPAAAAAA  | 5562855.510132818   | 5648292.659900727   | 5795250.181215042   | 5676282.968692834   | 5787478.120550545   | 5629810.040619085   | 5520723.93040264    |
| able          | AAAAAAAAEDAAAAAA  | 5538403.009828448   | 5670345.359947378   | 5837415.380471921   | 5672906.469862057   | 5808986.490343923   | 5567874.240083331   | 5671875.720142517   |
| able          | AAAAAAAAELCAAAAA  | 5571645.740287634   | 5608801.700302204   | 5771478.229499567   | 5729830.34989243    | 5847040.51977168    | 5566438.110412573   | 5627797.840061771   |
| able          | AAAAAAAAEMBAAAAA  | 5590595.909860477   | 5668709.899701836   | 5722594.769920748   | 5718725.499923393   | 5837950.840101175   | 5613547.779180666   | 5638195.760381293   |
| able          | AAAAAAAAENAAAAAA  | 5649902.150775706   | 5597322.300328774   | 5756604.189707749   | 5762782.40992335    | 5825499.720051186   | 5658813.310768975   | 5566999.599957453   |
| able          | AAAAAAAAGBAAAAAA  | 5630703.949999819   | 5649928.83965482    | 5805084.429337833   | 5729211.200229356   | 5779117.049579505   | 5662103.6191510055  | 5551329.399809629   |
| able          | AAAAAAAAGIDAAAAA  | 5614756.349445304   | 5584758.790662043   | 5734828.8704678845  | 5757743.030075677   | 5819972.999709697   | 5569230.68878085    | 5616545.160413725   |
| able          | AAAAAAAAGOCAAAAA  | 5601888.3300706465  | 5643877.690489078   | 5793625.059336856   | 5762290.239840498   | 5792942.039670078   | 5745793.589870306   | 5562166.859400796   |
| able          | AAAAAAAAIHCAAAAA  | 5616751.560009154   | 5630074.800297553   | 5656842.909810416   | 5767316.75040861    | 5762326.999922063   | 5659346.99001923    | 5635268.830067974   |
| able          | AAAAAAAAIIBAAAAA  | 5577994.310784724   | 5633078.740174312   | 5754020.930478036   | 5883173.3599967435  | 5873460.250069523   | 5580624.799619377   | 5515977.830609109   |
| able          | AAAAAAAAIJAAAAAA  | 5552229.889284754   | 5608739.72982041    | 5769000.959017081   | 5853794.040956942   | 5693801.919889046   | 5658478.239514865   | 5536723.398983002   |
| able          | AAAAAAAAILDAAAAA  | 5542973.700282795   | 5602679.910099799   | 5726455.890054565   | 5818545.760946089   | 5783456.939313848   | 5602057.399588877   | 5611849.15984863    |
| able          | AAAAAAAAIMCAAAAA  | 5628422.040283041   | 5533724.210445467   | 5688876.60982658    | 5662620.370121911   | 5768568.710813643   | 5521070.069934232   | 5558607.090467388   |
| able          | AAAAAAAAINBAAAAA  | 5513882.63005713    | 5541688.260574026   | 5779846.440162532   | 5789452.289249681   | 5716199.929574432   | 5599319.300288944   | 5526933.1502726935  |
| able          | AAAAAAAAKHAAAAAA  | 5697203.21993614    | 5592785.790098857   | 5840810.319822315   | 5780142.660860058   | 5729136.901056562   | 5546169.440645771   | 5581167.529070668   |
| able          | AAAAAAAAKJDAAAAA  | 5608891.140517054   | 5628409.65023358    | 5705738.710333377   | 5741900.879541248   | 5766375.529698389   | 5645722.620339965   | 5523994.669822905   |
| able          | AAAAAAAAMCDAAAAA  | 5589897.619728053   | 5599571.110170916   | 5754594.290580815   | 5777496.09953464    | 5680574.069927523   | 5628216.690425541   | 5519454.779629661   |
| able          | AAAAAAAAOADAAAAA  | 5610891.710129643   | 5679119.75919994    | 5799663.38989049    | 5752200.149688475   | 5738983.889698645   | 5593559.079480227   | 5571424.420417758   |
| able          | AAAAAAAAOBCAAAAA  | 5604174.090615163   | 5605765.269766521   | 5769010.770145096   | 5755517.509665839   | 5748693.570923075   | 5673852.060901195   | 5584511.560161583   |
| able          | AAAAAAAAOFDAAAAA  | 5641835.140079508   | 5567487.13085746    | 5836533.419619093   | 5721622.119897131   | 5739479.260480216   | 5519887.110040775   | 5552907.040059572   |
| able          | AAAAAAAAOGCAAAAA  | 5567927.53905377    | 5597132.469914746   | 5788733.939569183   | 5760183.530037172   | 5770653.230318027   | 5584805.469267258   | 5718815.119659461   |
| able          | AAAAAAAAOIAAAAAA  | 5590979.860128565   | 5719971.589526501   | 5706503.319428595   | 5687218.71088738    | 5713096.890096812   | 5590424.089549359   | 5579603.7996255625  |
| anti          | AAAAAAAABHCAAAAA  | 5571213.389244078   | 5611374.499581059   | 5735367.980368402   | 5750303.530295284   | 5785354.519470766   | 5730536.660005199   | 5667668.509760603   |
| anti          | AAAAAAAABIBAAAAA  | 5673286.500875274   | 5567007.290452346   | 5749425.080677502   | 5714132.839936985   | 5717091.900668493   | 5567155.770236468   | 5588538.880217226   |
| anti          | AAAAAAAADEDAAAAA  | 5572842.579679286   | 5616105.91967514    | 5828991.839469399   | 5750381.390296586   | 5730372.129833518   | 5648321.079850711   | 5557525.439425621   |
| anti          | AAAAAAAADFCAAAAA  | 5608899.699547829   | 5605305.3508942835  | 5643674.520709235   | 5646281.04161757    | 5779100.8096649945  | 5616585.560417101   | 5600596.149123246   |
| anti          | AAAAAAAADGBAAAAA  | 5647209.050523678   | 5576275.239378367   | 5782484.530035401   | 5746285.870813612   | 5744199.038970409   | 5632474.909951286   | 5566063.129948037   |
| anti          | AAAAAAAAFCDAAAAA  | 5606538.520045364   | 5567048.710329376   | 5702042.789609347   | 5667906.009869065   | 5803485.708989933   | 5711489.79073411    | 5583809.540334653   |
| anti          | AAAAAAAAFDCAAAAA  | 5625435.200701689   | 5586442.430442657   | 5761262.400056811   | 5677257.940493805   | 5637135.739218222   | 5658523.590142738   | 5541314.599605      |
| anti          | AAAAAAAAHBCAAAAA  | 5578672.119721103   | 5640152.9603975415  | 5758390.8511250205  | 5746021.039976304   | 5836106.1305364575  | 5565896.859505646   | 5588292.220378125   |
| anti          | AAAAAAAAJABAAAAA  | 5643909.609871937   | 5690545.330613483   | 5769608.589778554   | 5749653.089740802   | 5764009.82940137    | 5688945.861183988   | 5614091.070087677   |
| anti          | AAAAAAAAJNDAAAAA  | 5628965.391600436   | 5587497.060369981   | 5709113.440113334   | 5717201.711457949   | 5805860.8608764075  | 5586898.450926583   | 5619410.700605962   |
| anti          | AAAAAAAAJOCAAAAA  | 5663625.771053303   | 5727335.929676389   | 5706490.220169837   | 5838061.179241065   | 5790952.819904713   | 5556233.469864044   | 5582663.470110109   |
| anti          | AAAAAAAALLDAAAAA  | 5577726.039713604   | 5576935.310133094   | 5726611.610458856   | 5742534.570128268   | 5706330.889799779   | 5716202.818992589   | 5620132.709901424   |
| anti          | AAAAAAAALOAAAAAA  | 5648845.960642025   | 5574675.809431152   | 5707237.559618134   | 5747151.04018072    | 5760740.4410433415  | 5599046.410091212   | 5568792.509455822   |
| anti          | AAAAAAAANKCAAAAA  | 5646951.299369991   | 5607802.490694242   | 5682363.979372464   | 5756821.750033537   | 5826532.320225043   | 5586792.439837113   | 5692271.600506395   |
| anti          | AAAAAAAANLBAAAAA  | 5545232.309696864   | 5640070.7396405935  | 5695791.830097156   | 5744762.200412575   | 5691594.600052837   | 5572478.950268077   | 5645134.159482868   |
| anti          | AAAAAAAANMAAAAAA  | 5631179.829834126   | 5634849.241140934   | 5738707.710554915   | 5670276.039676867   | 5789021.260029364   | 5559271.249577403   | 5615847.099983398   |
| anti          | AAAAAAAAPHDAAAAA  | 5546046.000037773   | 5579334.540206511   | 5641120.059839562   | 5746775.310550466   | 5780107.890426369   | 5558855.559942108   | 5486158.830434697   |
| ation         | AAAAAAAABGAAAAAA  | 5619508.659327295   | 5505351.77036293    | 5726213.460572172   | 5773932.900663609   | 5707552.999870488   | 5511087.609776216   | 5584414.8893245105  |
| ation         | AAAAAAAADBDAAAAA  | 5593728.680962943   | 5631993.219787654   | 5772605.750292506   | 5822353.91989922    | 5784850.520296963   | 5483140.2802482005  | 5683850.540207328   |
| ation         | AAAAAAAADCCAAAAA  | 5572851.579996977   | 5548654.699738102   | 5690121.92142066    | 5865382.55032523    | 5766458.760252336   | 5535091.740503199   | 5469960.489620101   |
| ation         | AAAAAAAADDBAAAAA  | 5545779.29979142    | 5636147.480257219   | 5739732.16041816    | 5742125.159551838   | 5788850.829876341   | 5597760.421261039   | 5549170.399705214   |
| ation         | AAAAAAAADEAAAAAA  | 5624750.940499218   | 5740507.189456629   | 5762713.46985247    | 5794336.030361645   | 5703879.740521686   | 5585807.110281177   | 5628551.390067469   |
| ation         | AAAAAAAAFBBAAAAA  | 5584200.590151364   | 5603004.780501895   | 5717951.889637465   | 5783690.2399365865  | 5716085.5391001105  | 5559769.88074146    | 5632504.17048184    |
| ation         | AAAAAAAAFCAAAAAA  | 5540805.759975584   | 5639525.559789158   | 5784134.589354375   | 5738236.569935404   | 5699786.509828806   | 5609425.899583736   | 5578487.510009853   |
| ation         | AAAAAAAAHOBAAAAA  | 5575946.02992948    | 5552941.8106923625  | 5705355.300275356   | 5680632.0998384245  | 5820940.069506403   | 5530889.589092532   | 5695885.018773174   |
| ation         | AAAAAAAAJLCAAAAA  | 5497856.658691123   | 5590981.789778089   | 5752344.128542      | 5821969.359733483   | 5727441.819833068   | 5612461.970246082   | 5604667.410320271   |
| ation         | AAAAAAAALIDAAAAA  | 5593765.080438109   | 5604164.129704926   | 5829203.390683567   | 5711537.299677294   | 5690174.240238581   | 5624430.929666653   | 5604861.999911454   |
| ation         | AAAAAAAANHCAAAAA  | 5631453.849275187   | 5706935.939804258   | 5809862.159605447   | 5755992.689718725   | 5686349.230668599   | 5626984.819287155   | 5682273.629450822   |
| ation         | AAAAAAAANIBAAAAA  | 5576983.529829169   | 5615401.760358643   | 5734675.670125354   | 5842747.239972239   | 5788548.360476218   | 5531640.21921123    | 5706815.420070866   |
| ation         | AAAAAAAANJAAAAAA  | 5644948.890559109   | 5631311.108923435   | 5777646.219819782   | 5822554.120378664   | 5852744.130001817   | 5625165.291019784   | 5619408.000159323   |
| ation         | AAAAAAAAPFCAAAAA  | 5682942.629960682   | 5725843.589164088   | 5805145.099188998   | 5683697.799405672   | 5691771.249425085   | 5590569.989437066   | 5654517.309648022   |
| ation         | AAAAAAAAPGBAAAAA  | 5607889.689943058   | 5595333.130355086   | 5740165.121369902   | 5660367.500122525   | 5704574.739645125   | 5577376.509674206   | 5589387.119200358   |
| bar           | AAAAAAAAADCAAAAA  | 5540520.449855708   | 5546660.701144788   | 5711007.929878753   | 5742436.440663394   | 5803539.911134044   | 5623525.8194778     | 5603214.15973323    |
| bar           | AAAAAAAAAFAAAAAA  | 5592379.30968805    | 5581333.908724925   | 5717901.150252815   | 5784802.369526003   | 5710348.260257741   | 5604765.599747587   | 5622581.420613952   |
| bar           | AAAAAAAAAICAAAAA  | 5578179.679517398   | 5675555.2904656865  | 5707601.649775067   | 5760735.400542362   | 5795301.53015656    | 5521910.8601150215  | 5489212.989865117   |
| bar           | AAAAAAAAAJBAAAAA  | 5590563.059903039   | 5579506.930059036   | 5788949.540125096   | 5832516.37990205    | 5816215.410473971   | 5698116.229829812   | 5670389.009811832   |
| bar           | AAAAAAAACADAAAAA  | 5535507.770181697   | 5598451.539927183   | 5706449.760673087   | 5734013.240662081   | 5732601.66991286    | 5602201.999940043   | 5651932.5505098775  |
| bar           | AAAAAAAAEBAAAAAA  | 5646898.170123704   | 5605112.280601921   | 5803338.3700405415  | 5765487.549791638   | 5829480.2606613245  | 5604458.289924381   | 5592066.759541372   |
| bar           | AAAAAAAAEFBAAAAA  | 5562126.259385556   | 5581594.859768247   | 5714886.58981511    | 5711751.590307273   | 5694835.240053784   | 5582922.899683336   | 5638486.160462825   |
| bar           | AAAAAAAAENDAAAAA  | 5506897.6702396665  | 5581637.540319337   | 5769556.800804315   | 5750319.259554861   | 5829708.299155261   | 5543432.440342266   | 5569605.91991223    |
| bar           | AAAAAAAAEOCAAAAA  | 5632872.12004748    | 5641467.300579101   | 5720231.550106142   | 5849231.989732932   | 5699525.930619288   | 5569564.639718629   | 5584119.330395913   |
| bar           | AAAAAAAAGDBAAAAA  | 5540048.10059925    | 5650100.760146856   | 5814127.690572528   | 5786484.620043855   | 5780445.650040554   | 5662090.799871067   | 5663193.960391251   |
| bar           | AAAAAAAAGEAAAAAA  | 5540233.109654376   | 5607990.780302716   | 5747858.310129998   | 5771122.5102382265  | 5802951.559849065   | 5617335.389915168   | 5559672.79955134    |
| bar           | AAAAAAAAGOAAAAAA  | 5516227.089317875   | 5563918.670294406   | 5769756.539220683   | 5781844.210091254   | 5788657.219130749   | 5600255.539787238   | 5565612.869653281   |
| bar           | AAAAAAAAIACAAAAA  | 5593066.68996213    | 5631080.930556431   | 5701417.500182183   | 5710740.300140189   | 5741439.73075665    | 5593680.439235976   | 5589815.899774855   |
| bar           | AAAAAAAAILBAAAAA  | 5635315.210246313   | 5594313.799819997   | 5717735.970267404   | 5761862.380344493   | 5779368.810128951   | 5652833.080692727   | 5638251.8001290485  |
| bar           | AAAAAAAAIPCAAAAA  | 5624008.260355568   | 5631300.260563593   | 5734201.029701976   | 5875976.078972803   | 5732798.130041858   | 5573707.14052503    | 5614955.149917724   |
| bar           | AAAAAAAAKAAAAAAA  | 5557041.400701502   | 5685221.07984153    | 5709702.000438789   | 5784097.91078913    | 5723973.699739853   | 5590814.22010324    | 5634528.879926275   |
| bar           | AAAAAAAAKMDAAAAA  | 5474447.490624007   | 5607911.399963109   | 5737465.329677084   | 5656698.250960631   | 5705691.6405642815  | 5617292.1396285     | 5616836.5101033095  |
| bar           | AAAAAAAAMLCAAAAA  | 5610825.290252017   | 5542370.509301856   | 5683539.159571139   | 5781634.469892604   | 5771736.390238611   | 5586109.360644888   | 5556357.799868073   |
| bar           | AAAAAAAAMMBAAAAA  | 5575293.259851737   | 5588184.310224805   | 5756992.410146173   | 5746177.350330593   | 5834427.190699419   | 5510013.439215064   | 5672946.470371217   |
| bar           | AAAAAAAAMNAAAAAA  | 5569502.690097341   | 5640655.549550332   | 5739171.5702620335  | 5795367.9204244595  | 5701385.259931017   | 5561279.589911234   | 5667527.759888614   |
| bar           | AAAAAAAAODDAAAAA  | 5545492.750534734   | 5672375.980033077   | 5689953.850523131   | 5756939.189845484   | 5692967.8897690475  | 5692375.019854028   | 5587168.729998324   |
| bar           | AAAAAAAAOECAAAAA  | 5618939.029921731   | 5601085.509737831   | 5827845.069767928   | 5732528.891094884   | 5791330.6504902     | 5472772.470835503   | 5583096.560321793   |
| bar           | AAAAAAAAOGAAAAAA  | 5605057.190553155   | 5521419.199930705   | 5707972.759745639   | 5686575.250216728   | 5807406.420896707   | 5685144.310762877   | 5564059.771387627   |
| cally         | AAAAAAAAABAAAAAA  | 5696672.0885268375  | 5664427.120732291   | 5860240.729887491   | 5667028.059940971   | 5823079.270463722   | 5601757.940798834   | 5629902.43052228    |
| cally         | AAAAAAAAAKBAAAAA  | 5635544.360335361   | 5548030.440439196   | 5724315.83016954    | 5724493.459775178   | 5717728.529843869   | 5513509.54109004    | 5667381.109978586   |
| cally         | AAAAAAAAAOCAAAAA  | 5656939.959089749   | 5646114.220347842   | 5743132.0608853325  | 5762809.159947416   | 5751853.019627282   | 5598456.050259741   | 5632907.409986695   |
| cally         | AAAAAAAACHCAAAAA  | 5643976.23051253    | 5563370.800252      | 5759824.639347548   | 5705011.150818557   | 5676385.189981548   | 5562161.6403038     | 5566130.0400810875  |
| cally         | AAAAAAAACLDAAAAA  | 5614563.180481974   | 5539486.4499664605  | 5719227.989150455   | 5753318.450522099   | 5844434.310593199   | 5644919.550268263   | 5477059.219539564   |
| cally         | AAAAAAAACMCAAAAA  | 5575696.170947237   | 5598169.399632143   | 5720341.869312445   | 5737187.310739713   | 5853278.390551789   | 5530250.330010539   | 5597609.920023952   |
| cally         | AAAAAAAACNBAAAAA  | 5555333.74097918    | 5518139.429977115   | 5822368.441026295   | 5770399.718838323   | 5823648.540736614   | 5569008.909675116   | 5636005.760019092   |
| cally         | AAAAAAAACOAAAAAA  | 5671450.460388117   | 5684096.059735175   | 5765094.500640649   | 5836785.9797062185  | 5753905.631024148   | 5602839.211123535   | 5563154.439368922   |
| cally         | AAAAAAAAEKCAAAAA  | 5590803.399804566   | 5630450.150512066   | 5763891.220755832   | 5775230.720106658   | 5756928.459396392   | 5591294.330030676   | 5577924.399730025   |
| cally         | AAAAAAAAGDCAAAAA  | 5571634.259842932   | 5572152.109442232   | 5700301.349835778   | 5750275.360598512   | 5696063.869264536   | 5636907.820890551   | 5570623.990168216   |
| cally         | AAAAAAAAGEBAAAAA  | 5529672.130134784   | 5678983.850419363   | 5625302.019912118   | 5790953.769269565   | 5694744.309952728   | 5574947.910605574   | 5542368.47953389    |
+---------------+-------------------+---------------------+---------------------+---------------------+---------------------+---------------------+---------------------+---------------------+--+
0: jdbc:hive2://h01hn02:10500/tpcds_bin_parti> 
0: jdbc:hive2://h01hn02:10500/tpcds_bin_parti> 
0: jdbc:hive2://h01hn02:10500/tpcds_bin_parti> 
