Format csv is deprecated, please use csv2
Connecting to jdbc:hive2://h01hn02:10500/tpch_flat_orc_250
Connected to: Apache Hive (version 2.1.0.2.5.1.0-43)
Driver: Hive JDBC (version 1.2.1000.2.5.1.0-43)
Transaction isolation: TRANSACTION_REPEATABLE_READ
Running init script ../sample-queries-tpcds/bry.sql
No rows affected (0.043 seconds)
INFO  : Compiling command(queryId=hive_20161005145610_c6e744bf-d9ac-476a-98bf-344226df7c5f): select
	supp_nation,
	cust_nation,
	l_year,
	sum(volume) as revenue
from
	(
		select
			n1.n_name as supp_nation,
			n2.n_name as cust_nation,
			year(l_shipdate) as l_year,
			l_extendedprice * (1 - l_discount) as volume
		from
			supplier,
			lineitem,
			orders,
			customer,
			nation n1,
			nation n2
		where
			s_suppkey = l_suppkey
			and o_orderkey = l_orderkey
			and c_custkey = o_custkey
			and s_nationkey = n1.n_nationkey
			and c_nationkey = n2.n_nationkey
			and (
				(n1.n_name = 'KENYA' and n2.n_name = 'PERU')
				or (n1.n_name = 'PERU' and n2.n_name = 'KENYA')
			)
			and l_shipdate between '1995-01-01' and '1996-12-31'
	) as shipping
group by
	supp_nation,
	cust_nation,
	l_year
order by
	supp_nation,
	cust_nation,
	l_year
INFO  : Semantic Analysis Completed
INFO  : Returning Hive schema: Schema(fieldSchemas:[FieldSchema(name:supp_nation, type:string, comment:null), FieldSchema(name:cust_nation, type:string, comment:null), FieldSchema(name:l_year, type:int, comment:null), FieldSchema(name:revenue, type:double, comment:null)], properties:null)
INFO  : Completed compiling command(queryId=hive_20161005145610_c6e744bf-d9ac-476a-98bf-344226df7c5f); Time taken: 0.328 seconds
INFO  : Concurrency mode is disabled, not creating a lock manager
INFO  : Executing command(queryId=hive_20161005145610_c6e744bf-d9ac-476a-98bf-344226df7c5f): select
	supp_nation,
	cust_nation,
	l_year,
	sum(volume) as revenue
from
	(
		select
			n1.n_name as supp_nation,
			n2.n_name as cust_nation,
			year(l_shipdate) as l_year,
			l_extendedprice * (1 - l_discount) as volume
		from
			supplier,
			lineitem,
			orders,
			customer,
			nation n1,
			nation n2
		where
			s_suppkey = l_suppkey
			and o_orderkey = l_orderkey
			and c_custkey = o_custkey
			and s_nationkey = n1.n_nationkey
			and c_nationkey = n2.n_nationkey
			and (
				(n1.n_name = 'KENYA' and n2.n_name = 'PERU')
				or (n1.n_name = 'PERU' and n2.n_name = 'KENYA')
			)
			and l_shipdate between '1995-01-01' and '1996-12-31'
	) as shipping
group by
	supp_nation,
	cust_nation,
	l_year
order by
	supp_nation,
	cust_nation,
	l_year
INFO  : Query ID = hive_20161005145610_c6e744bf-d9ac-476a-98bf-344226df7c5f
INFO  : Total jobs = 1
INFO  : Launching Job 1 out of 1
INFO  : Starting task [Stage-1:MAPRED] in serial mode
INFO  : Session is already open
INFO  : Dag name: select
	supp_nation,
...cust_nation,
	l_year(Stage-1)
INFO  : Setting tez.task.scale.memory.reserve-fraction to 0.30000001192092896
INFO  : Setting tez.task.scale.memory.reserve-fraction to 0.30000001192092896
INFO  : Setting tez.task.scale.memory.reserve-fraction to 0.30000001192092896
INFO  : 

INFO  : Status: Running (Executing on YARN cluster with App id application_1475694383065_0003)

INFO  : Map 1: 2(+64)/66	Map 2: 1/1	Map 3: 0(+66)/66	Map 4: 0(+67)/67	Map 8: 2(+5)/7	Map 9: 1/1	Reducer 5: 0/1009	Reducer 6: 0/2	Reducer 7: 0/1	
INFO  : Map 1: 43(+23)/66	Map 2: 1/1	Map 3: 0(+66)/66	Map 4: 0(+67)/67	Map 8: 5(+2)/7	Map 9: 1/1	Reducer 5: 0/1009	Reducer 6: 0/2	Reducer 7: 0/1	
INFO  : Map 1: 51(+15)/66	Map 2: 1/1	Map 3: 0(+66)/66	Map 4: 0(+67)/67	Map 8: 6(+1)/7	Map 9: 1/1	Reducer 5: 0/1009	Reducer 6: 0/2	Reducer 7: 0/1	
INFO  : Map 1: 57(+9)/66	Map 2: 1/1	Map 3: 0(+66)/66	Map 4: 0(+67)/67	Map 8: 7/7	Map 9: 1/1	Reducer 5: 0/1009	Reducer 6: 0/2	Reducer 7: 0/1	
INFO  : Map 1: 66/66	Map 2: 1/1	Map 3: 0(+66)/66	Map 4: 0(+67)/67	Map 8: 7/7	Map 9: 1/1	Reducer 5: 0/1009	Reducer 6: 0/2	Reducer 7: 0/1	
INFO  : Map 1: 66/66	Map 2: 1/1	Map 3: 1(+65)/66	Map 4: 0(+67)/67	Map 8: 7/7	Map 9: 1/1	Reducer 5: 0/1009	Reducer 6: 0/2	Reducer 7: 0/1	
INFO  : Map 1: 66/66	Map 2: 1/1	Map 3: 1(+65)/66	Map 4: 2(+65)/67	Map 8: 7/7	Map 9: 1/1	Reducer 5: 0/1009	Reducer 6: 0/2	Reducer 7: 0/1	
INFO  : Map 1: 66/66	Map 2: 1/1	Map 3: 2(+64)/66	Map 4: 2(+65)/67	Map 8: 7/7	Map 9: 1/1	Reducer 5: 0/1009	Reducer 6: 0/2	Reducer 7: 0/1	
INFO  : Map 1: 66/66	Map 2: 1/1	Map 3: 2(+64)/66	Map 4: 4(+63)/67	Map 8: 7/7	Map 9: 1/1	Reducer 5: 0/1009	Reducer 6: 0/2	Reducer 7: 0/1	
INFO  : Map 1: 66/66	Map 2: 1/1	Map 3: 3(+63)/66	Map 4: 4(+63)/67	Map 8: 7/7	Map 9: 1/1	Reducer 5: 0/1009	Reducer 6: 0/2	Reducer 7: 0/1	
INFO  : Map 1: 66/66	Map 2: 1/1	Map 3: 6(+60)/66	Map 4: 4(+63)/67	Map 8: 7/7	Map 9: 1/1	Reducer 5: 0/1009	Reducer 6: 0/2	Reducer 7: 0/1	
INFO  : Map 1: 66/66	Map 2: 1/1	Map 3: 7(+59)/66	Map 4: 5(+62)/67	Map 8: 7/7	Map 9: 1/1	Reducer 5: 0/1009	Reducer 6: 0/2	Reducer 7: 0/1	
INFO  : Map 1: 66/66	Map 2: 1/1	Map 3: 7(+59)/66	Map 4: 6(+61)/67	Map 8: 7/7	Map 9: 1/1	Reducer 5: 0/1009	Reducer 6: 0/2	Reducer 7: 0/1	
INFO  : Map 1: 66/66	Map 2: 1/1	Map 3: 9(+57)/66	Map 4: 6(+61)/67	Map 8: 7/7	Map 9: 1/1	Reducer 5: 0/1009	Reducer 6: 0/2	Reducer 7: 0/1	
INFO  : Map 1: 66/66	Map 2: 1/1	Map 3: 23(+43)/66	Map 4: 6(+61)/67	Map 8: 7/7	Map 9: 1/1	Reducer 5: 0/1009	Reducer 6: 0/2	Reducer 7: 0/1	
INFO  : Map 1: 66/66	Map 2: 1/1	Map 3: 35(+31)/66	Map 4: 6(+61)/67	Map 8: 7/7	Map 9: 1/1	Reducer 5: 0/1009	Reducer 6: 0/2	Reducer 7: 0/1	
INFO  : Map 1: 66/66	Map 2: 1/1	Map 3: 42(+24)/66	Map 4: 6(+61)/67	Map 8: 7/7	Map 9: 1/1	Reducer 5: 0/1009	Reducer 6: 0/2	Reducer 7: 0/1	
INFO  : Map 1: 66/66	Map 2: 1/1	Map 3: 49(+17)/66	Map 4: 6(+61)/67	Map 8: 7/7	Map 9: 1/1	Reducer 5: 0/1009	Reducer 6: 0/2	Reducer 7: 0/1	
INFO  : Map 1: 66/66	Map 2: 1/1	Map 3: 53(+13)/66	Map 4: 6(+61)/67	Map 8: 7/7	Map 9: 1/1	Reducer 5: 0/1009	Reducer 6: 0/2	Reducer 7: 0/1	
INFO  : Map 1: 66/66	Map 2: 1/1	Map 3: 55(+11)/66	Map 4: 6(+61)/67	Map 8: 7/7	Map 9: 1/1	Reducer 5: 0/1009	Reducer 6: 0/2	Reducer 7: 0/1	
INFO  : Map 1: 66/66	Map 2: 1/1	Map 3: 58(+8)/66	Map 4: 6(+61)/67	Map 8: 7/7	Map 9: 1/1	Reducer 5: 0/1009	Reducer 6: 0/2	Reducer 7: 0/1	
INFO  : Map 1: 66/66	Map 2: 1/1	Map 3: 61(+5)/66	Map 4: 6(+61)/67	Map 8: 7/7	Map 9: 1/1	Reducer 5: 0/1009	Reducer 6: 0/2	Reducer 7: 0/1	
INFO  : Map 1: 66/66	Map 2: 1/1	Map 3: 64(+2)/66	Map 4: 6(+61)/67	Map 8: 7/7	Map 9: 1/1	Reducer 5: 0/1009	Reducer 6: 0/2	Reducer 7: 0/1	
INFO  : Map 1: 66/66	Map 2: 1/1	Map 3: 66/66	Map 4: 6(+61)/67	Map 8: 7/7	Map 9: 1/1	Reducer 5: 0/1009	Reducer 6: 0/2	Reducer 7: 0/1	
INFO  : Map 1: 66/66	Map 2: 1/1	Map 3: 66/66	Map 4: 7(+60)/67	Map 8: 7/7	Map 9: 1/1	Reducer 5: 0/1009	Reducer 6: 0/2	Reducer 7: 0/1	
INFO  : Map 1: 66/66	Map 2: 1/1	Map 3: 66/66	Map 4: 10(+57)/67	Map 8: 7/7	Map 9: 1/1	Reducer 5: 0/1009	Reducer 6: 0/2	Reducer 7: 0/1	
INFO  : Map 1: 66/66	Map 2: 1/1	Map 3: 66/66	Map 4: 19(+48)/67	Map 8: 7/7	Map 9: 1/1	Reducer 5: 0(+1)/1009	Reducer 6: 0/2	Reducer 7: 0/1	
INFO  : Map 1: 66/66	Map 2: 1/1	Map 3: 66/66	Map 4: 21(+46)/67	Map 8: 7/7	Map 9: 1/1	Reducer 5: 0(+1)/1009	Reducer 6: 0/2	Reducer 7: 0/1	
INFO  : Map 1: 66/66	Map 2: 1/1	Map 3: 66/66	Map 4: 37(+30)/67	Map 8: 7/7	Map 9: 1/1	Reducer 5: 0(+474)/1009	Reducer 6: 0/2	Reducer 7: 0/1	
INFO  : Map 1: 66/66	Map 2: 1/1	Map 3: 66/66	Map 4: 41(+26)/67	Map 8: 7/7	Map 9: 1/1	Reducer 5: 0(+478)/1009	Reducer 6: 0/2	Reducer 7: 0/1	
INFO  : Map 1: 66/66	Map 2: 1/1	Map 3: 66/66	Map 4: 44(+23)/67	Map 8: 7/7	Map 9: 1/1	Reducer 5: 0(+481)/1009	Reducer 6: 0/2	Reducer 7: 0/1	
INFO  : Map 1: 66/66	Map 2: 1/1	Map 3: 66/66	Map 4: 47(+20)/67	Map 8: 7/7	Map 9: 1/1	Reducer 5: 0(+484)/1009	Reducer 6: 0/2	Reducer 7: 0/1	
INFO  : Map 1: 66/66	Map 2: 1/1	Map 3: 66/66	Map 4: 48(+19)/67	Map 8: 7/7	Map 9: 1/1	Reducer 5: 0(+485)/1009	Reducer 6: 0/2	Reducer 7: 0/1	
INFO  : Map 1: 66/66	Map 2: 1/1	Map 3: 66/66	Map 4: 52(+15)/67	Map 8: 7/7	Map 9: 1/1	Reducer 5: 0(+489)/1009	Reducer 6: 0/2	Reducer 7: 0/1	
INFO  : Map 1: 66/66	Map 2: 1/1	Map 3: 66/66	Map 4: 53(+14)/67	Map 8: 7/7	Map 9: 1/1	Reducer 5: 0(+490)/1009	Reducer 6: 0/2	Reducer 7: 0/1	
INFO  : Map 1: 66/66	Map 2: 1/1	Map 3: 66/66	Map 4: 54(+13)/67	Map 8: 7/7	Map 9: 1/1	Reducer 5: 0(+491)/1009	Reducer 6: 0/2	Reducer 7: 0/1	
INFO  : Map 1: 66/66	Map 2: 1/1	Map 3: 66/66	Map 4: 58(+9)/67	Map 8: 7/7	Map 9: 1/1	Reducer 5: 0(+494)/1009	Reducer 6: 0/2	Reducer 7: 0/1	
INFO  : Map 1: 66/66	Map 2: 1/1	Map 3: 66/66	Map 4: 61(+6)/67	Map 8: 7/7	Map 9: 1/1	Reducer 5: 0(+498)/1009	Reducer 6: 0/2	Reducer 7: 0/1	
INFO  : Map 1: 66/66	Map 2: 1/1	Map 3: 66/66	Map 4: 63(+4)/67	Map 8: 7/7	Map 9: 1/1	Reducer 5: 0(+500)/1009	Reducer 6: 0/2	Reducer 7: 0/1	
INFO  : Map 1: 66/66	Map 2: 1/1	Map 3: 66/66	Map 4: 65(+2)/67	Map 8: 7/7	Map 9: 1/1	Reducer 5: 0(+502)/1009	Reducer 6: 0/2	Reducer 7: 0/1	
INFO  : Map 1: 66/66	Map 2: 1/1	Map 3: 66/66	Map 4: 66(+1)/67	Map 8: 7/7	Map 9: 1/1	Reducer 5: 0(+503)/1009	Reducer 6: 0/2	Reducer 7: 0/1	
INFO  : Map 1: 66/66	Map 2: 1/1	Map 3: 66/66	Map 4: 67/67	Map 8: 7/7	Map 9: 1/1	Reducer 5: 0(+504)/1009	Reducer 6: 0/2	Reducer 7: 0/1	
INFO  : Map 1: 66/66	Map 2: 1/1	Map 3: 66/66	Map 4: 67/67	Map 8: 7/7	Map 9: 1/1	Reducer 5: 2(+504)/1009	Reducer 6: 0/2	Reducer 7: 0/1	
INFO  : Map 1: 66/66	Map 2: 1/1	Map 3: 66/66	Map 4: 67/67	Map 8: 7/7	Map 9: 1/1	Reducer 5: 22(+504)/1009	Reducer 6: 0/2	Reducer 7: 0/1	
INFO  : Map 1: 66/66	Map 2: 1/1	Map 3: 66/66	Map 4: 67/67	Map 8: 7/7	Map 9: 1/1	Reducer 5: 33(+504)/1009	Reducer 6: 0/2	Reducer 7: 0/1	
INFO  : Map 1: 66/66	Map 2: 1/1	Map 3: 66/66	Map 4: 67/67	Map 8: 7/7	Map 9: 1/1	Reducer 5: 46(+504)/1009	Reducer 6: 0/2	Reducer 7: 0/1	
INFO  : Map 1: 66/66	Map 2: 1/1	Map 3: 66/66	Map 4: 67/67	Map 8: 7/7	Map 9: 1/1	Reducer 5: 77(+504)/1009	Reducer 6: 0/2	Reducer 7: 0/1	
INFO  : Map 1: 66/66	Map 2: 1/1	Map 3: 66/66	Map 4: 67/67	Map 8: 7/7	Map 9: 1/1	Reducer 5: 92(+504)/1009	Reducer 6: 0/2	Reducer 7: 0/1	
INFO  : Map 1: 66/66	Map 2: 1/1	Map 3: 66/66	Map 4: 67/67	Map 8: 7/7	Map 9: 1/1	Reducer 5: 134(+504)/1009	Reducer 6: 0/2	Reducer 7: 0/1	
INFO  : Map 1: 66/66	Map 2: 1/1	Map 3: 66/66	Map 4: 67/67	Map 8: 7/7	Map 9: 1/1	Reducer 5: 198(+504)/1009	Reducer 6: 0/2	Reducer 7: 0/1	
INFO  : Map 1: 66/66	Map 2: 1/1	Map 3: 66/66	Map 4: 67/67	Map 8: 7/7	Map 9: 1/1	Reducer 5: 216(+505)/1009	Reducer 6: 0/2	Reducer 7: 0/1	
INFO  : Map 1: 66/66	Map 2: 1/1	Map 3: 66/66	Map 4: 67/67	Map 8: 7/7	Map 9: 1/1	Reducer 5: 305(+525)/1009	Reducer 6: 0/2	Reducer 7: 0/1	
INFO  : Map 1: 66/66	Map 2: 1/1	Map 3: 66/66	Map 4: 67/67	Map 8: 7/7	Map 9: 1/1	Reducer 5: 371(+526)/1009	Reducer 6: 0/2	Reducer 7: 0/1	
INFO  : Map 1: 66/66	Map 2: 1/1	Map 3: 66/66	Map 4: 67/67	Map 8: 7/7	Map 9: 1/1	Reducer 5: 428(+544)/1009	Reducer 6: 0/2	Reducer 7: 0/1	
INFO  : Map 1: 66/66	Map 2: 1/1	Map 3: 66/66	Map 4: 67/67	Map 8: 7/7	Map 9: 1/1	Reducer 5: 432(+573)/1009	Reducer 6: 0/2	Reducer 7: 0/1	
INFO  : Map 1: 66/66	Map 2: 1/1	Map 3: 66/66	Map 4: 67/67	Map 8: 7/7	Map 9: 1/1	Reducer 5: 442(+567)/1009	Reducer 6: 0/2	Reducer 7: 0/1	
INFO  : Map 1: 66/66	Map 2: 1/1	Map 3: 66/66	Map 4: 67/67	Map 8: 7/7	Map 9: 1/1	Reducer 5: 468(+541)/1009	Reducer 6: 0/2	Reducer 7: 0/1	
INFO  : Map 1: 66/66	Map 2: 1/1	Map 3: 66/66	Map 4: 67/67	Map 8: 7/7	Map 9: 1/1	Reducer 5: 481(+528)/1009	Reducer 6: 0/2	Reducer 7: 0/1	
INFO  : Map 1: 66/66	Map 2: 1/1	Map 3: 66/66	Map 4: 67/67	Map 8: 7/7	Map 9: 1/1	Reducer 5: 500(+509)/1009	Reducer 6: 0/2	Reducer 7: 0/1	
INFO  : Map 1: 66/66	Map 2: 1/1	Map 3: 66/66	Map 4: 67/67	Map 8: 7/7	Map 9: 1/1	Reducer 5: 501(+508)/1009	Reducer 6: 0/2	Reducer 7: 0/1	
INFO  : Map 1: 66/66	Map 2: 1/1	Map 3: 66/66	Map 4: 67/67	Map 8: 7/7	Map 9: 1/1	Reducer 5: 543(+466)/1009	Reducer 6: 0/2	Reducer 7: 0/1	
INFO  : Map 1: 66/66	Map 2: 1/1	Map 3: 66/66	Map 4: 67/67	Map 8: 7/7	Map 9: 1/1	Reducer 5: 550(+459)/1009	Reducer 6: 0/2	Reducer 7: 0/1	
INFO  : Map 1: 66/66	Map 2: 1/1	Map 3: 66/66	Map 4: 67/67	Map 8: 7/7	Map 9: 1/1	Reducer 5: 553(+456)/1009	Reducer 6: 0/2	Reducer 7: 0/1	
INFO  : Map 1: 66/66	Map 2: 1/1	Map 3: 66/66	Map 4: 67/67	Map 8: 7/7	Map 9: 1/1	Reducer 5: 557(+452)/1009	Reducer 6: 0/2	Reducer 7: 0/1	
INFO  : Map 1: 66/66	Map 2: 1/1	Map 3: 66/66	Map 4: 67/67	Map 8: 7/7	Map 9: 1/1	Reducer 5: 558(+451)/1009	Reducer 6: 0/2	Reducer 7: 0/1	
INFO  : Map 1: 66/66	Map 2: 1/1	Map 3: 66/66	Map 4: 67/67	Map 8: 7/7	Map 9: 1/1	Reducer 5: 584(+425)/1009	Reducer 6: 0/2	Reducer 7: 0/1	
INFO  : Map 1: 66/66	Map 2: 1/1	Map 3: 66/66	Map 4: 67/67	Map 8: 7/7	Map 9: 1/1	Reducer 5: 595(+414)/1009	Reducer 6: 0/2	Reducer 7: 0/1	
INFO  : Map 1: 66/66	Map 2: 1/1	Map 3: 66/66	Map 4: 67/67	Map 8: 7/7	Map 9: 1/1	Reducer 5: 605(+404)/1009	Reducer 6: 0/2	Reducer 7: 0/1	
INFO  : Map 1: 66/66	Map 2: 1/1	Map 3: 66/66	Map 4: 67/67	Map 8: 7/7	Map 9: 1/1	Reducer 5: 660(+349)/1009	Reducer 6: 0/2	Reducer 7: 0/1	
INFO  : Map 1: 66/66	Map 2: 1/1	Map 3: 66/66	Map 4: 67/67	Map 8: 7/7	Map 9: 1/1	Reducer 5: 693(+316)/1009	Reducer 6: 0/2	Reducer 7: 0/1	
INFO  : Map 1: 66/66	Map 2: 1/1	Map 3: 66/66	Map 4: 67/67	Map 8: 7/7	Map 9: 1/1	Reducer 5: 713(+295)/1009	Reducer 6: 0/2	Reducer 7: 0/1	
INFO  : Map 1: 66/66	Map 2: 1/1	Map 3: 66/66	Map 4: 67/67	Map 8: 7/7	Map 9: 1/1	Reducer 5: 790(+219)/1009	Reducer 6: 0(+1)/1	Reducer 7: 0/1	
INFO  : Map 1: 66/66	Map 2: 1/1	Map 3: 66/66	Map 4: 67/67	Map 8: 7/7	Map 9: 1/1	Reducer 5: 917(+92)/1009	Reducer 6: 0(+1)/1	Reducer 7: 0/1	
INFO  : Map 1: 66/66	Map 2: 1/1	Map 3: 66/66	Map 4: 67/67	Map 8: 7/7	Map 9: 1/1	Reducer 5: 998(+11)/1009	Reducer 6: 0(+1)/1	Reducer 7: 0/1	
INFO  : Map 1: 66/66	Map 2: 1/1	Map 3: 66/66	Map 4: 67/67	Map 8: 7/7	Map 9: 1/1	Reducer 5: 1007(+2)/1009	Reducer 6: 0(+1)/1	Reducer 7: 0/1	
INFO  : Map 1: 66/66	Map 2: 1/1	Map 3: 66/66	Map 4: 67/67	Map 8: 7/7	Map 9: 1/1	Reducer 5: 1009/1009	Reducer 6: 1/1	Reducer 7: 0(+1)/1	
INFO  : Map 1: 66/66	Map 2: 1/1	Map 3: 66/66	Map 4: 67/67	Map 8: 7/7	Map 9: 1/1	Reducer 5: 1009/1009	Reducer 6: 1/1	Reducer 7: 1/1	
INFO  : Status: DAG finished successfully in 17.87 seconds
INFO  : 
INFO  : Query Execution Summary
INFO  : ----------------------------------------------------------------------------------------------
INFO  : ----------------------------------------------------------------------------------------------
INFO  : Compile Query                           0.33s
INFO  : Prepare Plan                            0.42s
INFO  : Submit Plan                             0.11s
INFO  : Start DAG                               0.20s
INFO  : Run DAG                                17.87s
INFO  : ----------------------------------------------------------------------------------------------
INFO  : 
INFO  : Task Execution Summary
INFO  : --------------------------------------------------------------------------------------------------------------------------------
INFO  : --------------------------------------------------------------------------------------------------------------------------------
INFO  :      Map 1           66                0             0        1007.00             0            0     37,500,002       2,997,848
INFO  :      Map 2            1                0             0           0.00             0            0             25               2
INFO  :      Map 3           66                0             0        6054.00             0            0    375,000,000     375,000,000
INFO  :      Map 4           67                0             0       10540.00             0            0  1,500,000,714     455,733,246
INFO  :      Map 8            7                0             0         806.00             0            0      2,500,002         199,440
INFO  :      Map 9            1                0             0           0.00             0            0             25               2
INFO  :  Reducer 5         1009                0            69       10535.00             0            0    833,930,534           4,036
INFO  :  Reducer 6            1                0             0         804.00             0            0          4,036               4
INFO  :  Reducer 7            1                0             0          74.00             0            0              4               0
INFO  : --------------------------------------------------------------------------------------------------------------------------------
INFO  : 
INFO  : LLAP IO Summary
INFO  : ----------------------------------------------------------------------------------------------
INFO  : ----------------------------------------------------------------------------------------------
INFO  :      Map 1      3750       500          0   37.94MB         0B          0B       0B     3.73s
INFO  :      Map 2         1         2          0      205B         0B          0B       0B     0.00s
INFO  :      Map 3     37683       750          0    1.52GB         0B          0B       0B    21.99s
INFO  :      Map 4    150873      2000          0   20.83GB         0B          0B       0B   215.16s
INFO  :      Map 8       250        22          0    2.56MB         0B          0B       0B     0.21s
INFO  :      Map 9         1         2          0      205B         0B          0B       0B     0.00s
INFO  : ----------------------------------------------------------------------------------------------
INFO  : 
INFO  : FileSystem Counters Summary
INFO  : 
INFO  : ----------------------------------------------------------------------------------------------
INFO  : ----------------------------------------------------------------------------------------------
INFO  :      Map 1              0B             0                  0            15.57MB             0
INFO  :      Map 2              0B             0                  0                79B             0
INFO  :      Map 3              0B             0                  0             4.12GB             0
INFO  :      Map 4          8.07GB             0                  0             9.21GB             0
INFO  :      Map 8              0B             0                  0             1.05MB             0
INFO  :      Map 9              0B             0                  0                79B             0
INFO  :  Reducer 5          2.82GB             0                  0           187.75KB             0
INFO  :  Reducer 6             64B             0                  0               130B             0
INFO  :  Reducer 7              0B             0                  0                 0B             0
INFO  : ----------------------------------------------------------------------------------------------
INFO  : 
INFO  : ----------------------------------------------------------------------------------------------
INFO  : ----------------------------------------------------------------------------------------------
INFO  :      Map 1              0B             0                  0                 0B             0
INFO  :      Map 2              0B             0                  0                 0B             0
INFO  :      Map 3              0B             0                  0                 0B             0
INFO  :      Map 4              0B             0                  0                 0B             0
INFO  :      Map 8              0B             0                  0                 0B             0
INFO  :      Map 9              0B             0                  0                 0B             0
INFO  :  Reducer 5              0B             0                  0                 0B             0
INFO  :  Reducer 6              0B             0                  0                 0B             0
INFO  :  Reducer 7              0B             2                  0               286B             2
INFO  : ----------------------------------------------------------------------------------------------
INFO  : 
INFO  : org.apache.tez.common.counters.DAGCounter:
INFO  :    NUM_KILLED_TASKS: 69
INFO  :    NUM_SUCCEEDED_TASKS: 1219
INFO  :    TOTAL_LAUNCHED_TASKS: 1288
INFO  :    DATA_LOCAL_TASKS: 208
INFO  :    AM_CPU_MILLISECONDS: 18590
INFO  :    AM_GC_TIME_MILLIS: 367
INFO  : File System Counters:
INFO  :    FILE_BYTES_READ: 10882721557
INFO  :    FILE_BYTES_WRITTEN: 13347769114
INFO  :    FILE_READ_OPS: 0
INFO  :    FILE_LARGE_READ_OPS: 0
INFO  :    FILE_WRITE_OPS: 0
INFO  :    HDFS_BYTES_READ: 0
INFO  :    HDFS_BYTES_WRITTEN: 286
INFO  :    HDFS_READ_OPS: 2
INFO  :    HDFS_LARGE_READ_OPS: 0
INFO  :    HDFS_WRITE_OPS: 2
INFO  : org.apache.tez.common.counters.TaskCounter:
INFO  :    REDUCE_INPUT_GROUPS: 8
INFO  :    REDUCE_INPUT_RECORDS: 4040
INFO  :    COMBINE_INPUT_RECORDS: 0
INFO  :    SPILLED_RECORDS: 282924400
INFO  :    NUM_SHUFFLED_INPUTS: 136889
INFO  :    NUM_SKIPPED_INPUTS: 0
INFO  :    NUM_FAILED_SHUFFLE_INPUTS: 0
INFO  :    MERGED_MAP_OUTPUTS: 8420
INFO  :    INPUT_RECORDS_PROCESSED: 861423977
INFO  :    INPUT_SPLIT_LENGTH_BYTES: 76131236347
INFO  :    OUTPUT_RECORDS: 833934578
INFO  :    OUTPUT_LARGE_RECORDS: 0
INFO  :    OUTPUT_BYTES: 21299299051
INFO  :    OUTPUT_BYTES_WITH_OVERHEAD: 32741228931
INFO  :    OUTPUT_BYTES_PHYSICAL: 13347710914
INFO  :    ADDITIONAL_SPILLS_BYTES_WRITTEN: 5711946631
INFO  :    ADDITIONAL_SPILLS_BYTES_READ: 5711987606
INFO  :    ADDITIONAL_SPILL_COUNT: 61
INFO  :    SHUFFLE_CHUNK_COUNT: 1010
INFO  :    SHUFFLE_BYTES: 13477396020
INFO  :    SHUFFLE_BYTES_DECOMPRESSED: 23313294199
INFO  :    SHUFFLE_BYTES_TO_MEM: 11985965059
INFO  :    SHUFFLE_BYTES_TO_DISK: 0
INFO  :    SHUFFLE_BYTES_DISK_DIRECT: 1491430961
INFO  :    NUM_MEM_TO_DISK_MERGES: 0
INFO  :    NUM_DISK_TO_DISK_MERGES: 1
INFO  :    SHUFFLE_PHASE_TIME: 6057505
INFO  :    MERGE_PHASE_TIME: 532
INFO  :    FIRST_EVENT_RECEIVED: 52263
INFO  :    LAST_EVENT_RECEIVED: 1546686
INFO  : HIVE:
INFO  :    CREATED_FILES: 1
INFO  :    DESERIALIZE_ERRORS: 0
INFO  :    RECORDS_IN_Map_1: 37500000
INFO  :    RECORDS_IN_Map_2: 25
INFO  :    RECORDS_IN_Map_3: 375000000
INFO  :    RECORDS_IN_Map_4: 1500000714
INFO  :    RECORDS_IN_Map_8: 2500000
INFO  :    RECORDS_IN_Map_9: 25
INFO  :    RECORDS_OUT_0: 4
INFO  :    RECORDS_OUT_INTERMEDIATE_Map_1: 2997848
INFO  :    RECORDS_OUT_INTERMEDIATE_Map_2: 2
INFO  :    RECORDS_OUT_INTERMEDIATE_Map_3: 375000000
INFO  :    RECORDS_OUT_INTERMEDIATE_Map_4: 455733246
INFO  :    RECORDS_OUT_INTERMEDIATE_Map_8: 199440
INFO  :    RECORDS_OUT_INTERMEDIATE_Map_9: 2
INFO  :    RECORDS_OUT_INTERMEDIATE_Reducer_5: 4036
INFO  :    RECORDS_OUT_INTERMEDIATE_Reducer_6: 4
INFO  : Shuffle Errors:
INFO  :    BAD_ID: 0
INFO  :    CONNECTION: 0
INFO  :    IO_ERROR: 0
INFO  :    WRONG_LENGTH: 0
INFO  :    WRONG_MAP: 0
INFO  :    WRONG_REDUCE: 0
INFO  : Shuffle Errors_Reducer_6_INPUT_Reducer_5:
INFO  :    BAD_ID: 0
INFO  :    CONNECTION: 0
INFO  :    IO_ERROR: 0
INFO  :    WRONG_LENGTH: 0
INFO  :    WRONG_MAP: 0
INFO  :    WRONG_REDUCE: 0
INFO  : Shuffle Errors_Reducer_7_INPUT_Reducer_6:
INFO  :    BAD_ID: 0
INFO  :    CONNECTION: 0
INFO  :    IO_ERROR: 0
INFO  :    WRONG_LENGTH: 0
INFO  :    WRONG_MAP: 0
INFO  :    WRONG_REDUCE: 0
INFO  : TaskCounter_Map_1_INPUT_Map_2:
INFO  :    FIRST_EVENT_RECEIVED: 523
INFO  :    INPUT_RECORDS_PROCESSED: 18
INFO  :    LAST_EVENT_RECEIVED: 523
INFO  :    NUM_FAILED_SHUFFLE_INPUTS: 0
INFO  :    NUM_SHUFFLED_INPUTS: 9
INFO  :    SHUFFLE_BYTES: 423
INFO  :    SHUFFLE_BYTES_DECOMPRESSED: 297
INFO  :    SHUFFLE_BYTES_DISK_DIRECT: 47
INFO  :    SHUFFLE_BYTES_TO_DISK: 0
INFO  :    SHUFFLE_BYTES_TO_MEM: 376
INFO  :    SHUFFLE_PHASE_TIME: 634
INFO  : TaskCounter_Map_1_INPUT_customer:
INFO  :    INPUT_RECORDS_PROCESSED: 37500
INFO  :    INPUT_SPLIT_LENGTH_BYTES: 2852970960
INFO  : TaskCounter_Map_1_OUTPUT_Reducer_5:
INFO  :    ADDITIONAL_SPILLS_BYTES_READ: 0
INFO  :    ADDITIONAL_SPILLS_BYTES_WRITTEN: 0
INFO  :    ADDITIONAL_SPILL_COUNT: 0
INFO  :    OUTPUT_BYTES: 34475078
INFO  :    OUTPUT_BYTES_PHYSICAL: 15565771
INFO  :    OUTPUT_BYTES_WITH_OVERHEAD: 40471170
INFO  :    OUTPUT_LARGE_RECORDS: 0
INFO  :    OUTPUT_RECORDS: 2997848
INFO  :    SPILLED_RECORDS: 0
INFO  : TaskCounter_Map_2_INPUT_n1:
INFO  :    INPUT_RECORDS_PROCESSED: 1
INFO  :    INPUT_SPLIT_LENGTH_BYTES: 1661
INFO  : TaskCounter_Map_2_OUTPUT_Map_1:
INFO  :    ADDITIONAL_SPILLS_BYTES_READ: 0
INFO  :    ADDITIONAL_SPILLS_BYTES_WRITTEN: 0
INFO  :    ADDITIONAL_SPILL_COUNT: 0
INFO  :    OUTPUT_BYTES: 23
INFO  :    OUTPUT_BYTES_PHYSICAL: 71
INFO  :    OUTPUT_BYTES_WITH_OVERHEAD: 33
INFO  :    OUTPUT_LARGE_RECORDS: 0
INFO  :    OUTPUT_RECORDS: 2
INFO  :    SPILLED_RECORDS: 0
INFO  : TaskCounter_Map_3_INPUT_orders:
INFO  :    INPUT_RECORDS_PROCESSED: 375000
INFO  :    INPUT_SPLIT_LENGTH_BYTES: 14194909485
INFO  : TaskCounter_Map_3_OUTPUT_Reducer_5:
INFO  :    ADDITIONAL_SPILLS_BYTES_READ: 0
INFO  :    ADDITIONAL_SPILLS_BYTES_WRITTEN: 0
INFO  :    ADDITIONAL_SPILL_COUNT: 0
INFO  :    OUTPUT_BYTES: 3956568288
INFO  :    OUTPUT_BYTES_PHYSICAL: 4115978704
INFO  :    OUTPUT_BYTES_WITH_OVERHEAD: 8999989725
INFO  :    OUTPUT_LARGE_RECORDS: 0
INFO  :    OUTPUT_RECORDS: 375000000
INFO  :    SPILLED_RECORDS: 0
INFO  : TaskCounter_Map_4_INPUT_lineitem:
INFO  :    INPUT_RECORDS_PROCESSED: 1500105
INFO  :    INPUT_SPLIT_LENGTH_BYTES: 58902255143
INFO  : TaskCounter_Map_4_OUTPUT_Reducer_5:
INFO  :    ADDITIONAL_SPILLS_BYTES_READ: 5711944661
INFO  :    ADDITIONAL_SPILLS_BYTES_WRITTEN: 5711944661
INFO  :    ADDITIONAL_SPILL_COUNT: 61
INFO  :    OUTPUT_BYTES: 17305849138
INFO  :    OUTPUT_BYTES_PHYSICAL: 9214985601
INFO  :    OUTPUT_BYTES_WITH_OVERHEAD: 23697942353
INFO  :    OUTPUT_LARGE_RECORDS: 0
INFO  :    OUTPUT_RECORDS: 455733246
INFO  :    SPILLED_RECORDS: 282916068
INFO  : TaskCounter_Map_8_INPUT_Map_9:
INFO  :    FIRST_EVENT_RECEIVED: 17
INFO  :    INPUT_RECORDS_PROCESSED: 14
INFO  :    LAST_EVENT_RECEIVED: 17
INFO  :    NUM_FAILED_SHUFFLE_INPUTS: 0
INFO  :    NUM_SHUFFLED_INPUTS: 7
INFO  :    SHUFFLE_BYTES: 329
INFO  :    SHUFFLE_BYTES_DECOMPRESSED: 231
INFO  :    SHUFFLE_BYTES_DISK_DIRECT: 0
INFO  :    SHUFFLE_BYTES_TO_DISK: 0
INFO  :    SHUFFLE_BYTES_TO_MEM: 329
INFO  :    SHUFFLE_PHASE_TIME: 275
INFO  : TaskCounter_Map_8_INPUT_supplier:
INFO  :    INPUT_RECORDS_PROCESSED: 2500
INFO  :    INPUT_SPLIT_LENGTH_BYTES: 181097437
INFO  : TaskCounter_Map_8_OUTPUT_Reducer_5:
INFO  :    ADDITIONAL_SPILLS_BYTES_READ: 0
INFO  :    ADDITIONAL_SPILLS_BYTES_WRITTEN: 0
INFO  :    ADDITIONAL_SPILL_COUNT: 0
INFO  :    OUTPUT_BYTES: 2293381
INFO  :    OUTPUT_BYTES_PHYSICAL: 1049353
INFO  :    OUTPUT_BYTES_WITH_OVERHEAD: 2692303
INFO  :    OUTPUT_LARGE_RECORDS: 0
INFO  :    OUTPUT_RECORDS: 199440
INFO  :    SPILLED_RECORDS: 0
INFO  : TaskCounter_Map_9_INPUT_n1:
INFO  :    INPUT_RECORDS_PROCESSED: 1
INFO  :    INPUT_SPLIT_LENGTH_BYTES: 1661
INFO  : TaskCounter_Map_9_OUTPUT_Map_8:
INFO  :    ADDITIONAL_SPILLS_BYTES_READ: 0
INFO  :    ADDITIONAL_SPILLS_BYTES_WRITTEN: 0
INFO  :    ADDITIONAL_SPILL_COUNT: 0
INFO  :    OUTPUT_BYTES: 23
INFO  :    OUTPUT_BYTES_PHYSICAL: 71
INFO  :    OUTPUT_BYTES_WITH_OVERHEAD: 33
INFO  :    OUTPUT_LARGE_RECORDS: 0
INFO  :    OUTPUT_RECORDS: 2
INFO  :    SPILLED_RECORDS: 0
INFO  : TaskCounter_Reducer_5_INPUT_Map_1:
INFO  :    FIRST_EVENT_RECEIVED: 144
INFO  :    INPUT_RECORDS_PROCESSED: 26980632
INFO  :    LAST_EVENT_RECEIVED: 920
INFO  :    NUM_FAILED_SHUFFLE_INPUTS: 0
INFO  :    NUM_SHUFFLED_INPUTS: 594
INFO  :    SHUFFLE_BYTES: 140077683
INFO  :    SHUFFLE_BYTES_DECOMPRESSED: 364240530
INFO  :    SHUFFLE_BYTES_DISK_DIRECT: 15564187
INFO  :    SHUFFLE_BYTES_TO_DISK: 0
INFO  :    SHUFFLE_BYTES_TO_MEM: 124513496
INFO  :    SHUFFLE_PHASE_TIME: 16831
INFO  : TaskCounter_Reducer_5_INPUT_Map_3:
INFO  :    FIRST_EVENT_RECEIVED: 19585
INFO  :    INPUT_RECORDS_PROCESSED: 375000000
INFO  :    LAST_EVENT_RECEIVED: 219283
INFO  :    NUM_FAILED_SHUFFLE_INPUTS: 0
INFO  :    NUM_SHUFFLED_INPUTS: 66594
INFO  :    SHUFFLE_BYTES: 4114380448
INFO  :    SHUFFLE_BYTES_DECOMPRESSED: 4706967852
INFO  :    SHUFFLE_BYTES_DISK_DIRECT: 450764375
INFO  :    SHUFFLE_BYTES_TO_DISK: 0
INFO  :    SHUFFLE_BYTES_TO_MEM: 3663616073
INFO  :    SHUFFLE_PHASE_TIME: 2967179
INFO  : TaskCounter_Reducer_5_INPUT_Map_4:
INFO  :    FIRST_EVENT_RECEIVED: 31793
INFO  :    INPUT_RECORDS_PROCESSED: 455733246
INFO  :    LAST_EVENT_RECEIVED: 1324990
INFO  :    NUM_FAILED_SHUFFLE_INPUTS: 0
INFO  :    NUM_SHUFFLED_INPUTS: 67603
INFO  :    SHUFFLE_BYTES: 9213363129
INFO  :    SHUFFLE_BYTES_DECOMPRESSED: 18217721248
INFO  :    SHUFFLE_BYTES_DISK_DIRECT: 1024038598
INFO  :    SHUFFLE_BYTES_TO_DISK: 0
INFO  :    SHUFFLE_BYTES_TO_MEM: 8189324531
INFO  :    SHUFFLE_PHASE_TIME: 3062511
INFO  : TaskCounter_Reducer_5_INPUT_Map_8:
INFO  :    FIRST_EVENT_RECEIVED: 165
INFO  :    INPUT_RECORDS_PROCESSED: 1794960
INFO  :    LAST_EVENT_RECEIVED: 446
INFO  :    NUM_FAILED_SHUFFLE_INPUTS: 0
INFO  :    NUM_SHUFFLED_INPUTS: 63
INFO  :    SHUFFLE_BYTES: 9442665
INFO  :    SHUFFLE_BYTES_DECOMPRESSED: 24230727
INFO  :    SHUFFLE_BYTES_DISK_DIRECT: 1049185
INFO  :    SHUFFLE_BYTES_TO_DISK: 0
INFO  :    SHUFFLE_BYTES_TO_MEM: 8393480
INFO  :    SHUFFLE_PHASE_TIME: 9566
INFO  : TaskCounter_Reducer_5_OUTPUT_Reducer_6:
INFO  :    ADDITIONAL_SPILLS_BYTES_READ: 0
INFO  :    ADDITIONAL_SPILLS_BYTES_WRITTEN: 0
INFO  :    ADDITIONAL_SPILL_COUNT: 0
INFO  :    OUTPUT_BYTES: 113008
INFO  :    OUTPUT_BYTES_PHYSICAL: 131245
INFO  :    OUTPUT_BYTES_WITH_OVERHEAD: 133188
INFO  :    OUTPUT_RECORDS: 4036
INFO  :    SHUFFLE_CHUNK_COUNT: 1009
INFO  :    SPILLED_RECORDS: 4036
INFO  : TaskCounter_Reducer_6_INPUT_Reducer_5:
INFO  :    ADDITIONAL_SPILLS_BYTES_READ: 42847
INFO  :    ADDITIONAL_SPILLS_BYTES_WRITTEN: 1872
INFO  :    COMBINE_INPUT_RECORDS: 0
INFO  :    FIRST_EVENT_RECEIVED: 35
INFO  :    LAST_EVENT_RECEIVED: 506
INFO  :    MERGED_MAP_OUTPUTS: 8419
INFO  :    MERGE_PHASE_TIME: 528
INFO  :    NUM_DISK_TO_DISK_MERGES: 1
INFO  :    NUM_FAILED_SHUFFLE_INPUTS: 0
INFO  :    NUM_MEM_TO_DISK_MERGES: 0
INFO  :    NUM_SHUFFLED_INPUTS: 2018
INFO  :    NUM_SKIPPED_INPUTS: 0
INFO  :    REDUCE_INPUT_GROUPS: 4
INFO  :    REDUCE_INPUT_RECORDS: 4036
INFO  :    SHUFFLE_BYTES: 131245
INFO  :    SHUFFLE_BYTES_DECOMPRESSED: 133188
INFO  :    SHUFFLE_BYTES_DISK_DIRECT: 14569
INFO  :    SHUFFLE_BYTES_TO_DISK: 0
INFO  :    SHUFFLE_BYTES_TO_MEM: 116676
INFO  :    SHUFFLE_PHASE_TIME: 507
INFO  :    SPILLED_RECORDS: 4288
INFO  : TaskCounter_Reducer_6_OUTPUT_Reducer_7:
INFO  :    ADDITIONAL_SPILLS_BYTES_READ: 0
INFO  :    ADDITIONAL_SPILLS_BYTES_WRITTEN: 0
INFO  :    ADDITIONAL_SPILL_COUNT: 0
INFO  :    OUTPUT_BYTES: 112
INFO  :    OUTPUT_BYTES_PHYSICAL: 98
INFO  :    OUTPUT_BYTES_WITH_OVERHEAD: 126
INFO  :    OUTPUT_RECORDS: 4
INFO  :    SHUFFLE_CHUNK_COUNT: 1
INFO  :    SPILLED_RECORDS: 4
INFO  : TaskCounter_Reducer_7_INPUT_Reducer_6:
INFO  :    ADDITIONAL_SPILLS_BYTES_READ: 98
INFO  :    ADDITIONAL_SPILLS_BYTES_WRITTEN: 98
INFO  :    COMBINE_INPUT_RECORDS: 0
INFO  :    FIRST_EVENT_RECEIVED: 1
INFO  :    LAST_EVENT_RECEIVED: 1
INFO  :    MERGED_MAP_OUTPUTS: 1
INFO  :    MERGE_PHASE_TIME: 4
INFO  :    NUM_DISK_TO_DISK_MERGES: 0
INFO  :    NUM_FAILED_SHUFFLE_INPUTS: 0
INFO  :    NUM_MEM_TO_DISK_MERGES: 0
INFO  :    NUM_SHUFFLED_INPUTS: 1
INFO  :    NUM_SKIPPED_INPUTS: 0
INFO  :    REDUCE_INPUT_GROUPS: 4
INFO  :    REDUCE_INPUT_RECORDS: 4
INFO  :    SHUFFLE_BYTES: 98
INFO  :    SHUFFLE_BYTES_DECOMPRESSED: 126
INFO  :    SHUFFLE_BYTES_DISK_DIRECT: 0
INFO  :    SHUFFLE_BYTES_TO_DISK: 0
INFO  :    SHUFFLE_BYTES_TO_MEM: 98
INFO  :    SHUFFLE_PHASE_TIME: 2
INFO  :    SPILLED_RECORDS: 4
INFO  : TaskCounter_Reducer_7_OUTPUT_out_Reducer_7:
INFO  :    OUTPUT_RECORDS: 0
INFO  : org.apache.hadoop.hive.llap.counters.LlapIOCounters:
INFO  :    CACHE_HIT_BYTES: 22391929287
INFO  :    CACHE_MISS_BYTES: 0
INFO  :    CONSUMER_TIME_NS: 366296684589
INFO  :    DECODE_TIME_NS: 235558302415
INFO  :    HDFS_TIME_NS: 8940442
INFO  :    METADATA_CACHE_HIT: 3276
INFO  :    NUM_DECODED_BATCHES: 192558
INFO  :    NUM_VECTOR_BATCHES: 1915107
INFO  :    ROWS_EMITTED: 1915000764
INFO  :    SELECTED_ROWGROUPS: 192558
INFO  :    TOTAL_IO_TIME_NS: 241095754861
INFO  : Completed executing command(queryId=hive_20161005145610_c6e744bf-d9ac-476a-98bf-344226df7c5f); Time taken: 18.66 seconds
INFO  : OK
4 rows selected (19.029 seconds)
Closing: 0: jdbc:hive2://h01hn02:10500/tpch_flat_orc_250
