Format csv is deprecated, please use csv2
Connecting to jdbc:hive2://h01hn02:10500/tpch_flat_orc_250
Connected to: Apache Hive (version 2.1.0.2.5.1.0-43)
Driver: Hive JDBC (version 1.2.1000.2.5.1.0-43)
Transaction isolation: TRANSACTION_REPEATABLE_READ
Running init script ../sample-queries-tpcds/bry.sql
No rows affected (0.036 seconds)
INFO  : Compiling command(queryId=hive_20161005150826_0adbadf2-46ff-4b78-b202-23300dda4889): select
	n_name,
	sum(l_extendedprice * (1 - l_discount)) as revenue
from
	customer,
	orders,
	lineitem,
	supplier,
	nation,
	region
where
	c_custkey = o_custkey
	and l_orderkey = o_orderkey
	and l_suppkey = s_suppkey
	and c_nationkey = s_nationkey
	and s_nationkey = n_nationkey
	and n_regionkey = r_regionkey
	and r_name = 'AFRICA'
	and o_orderdate >= '1993-01-01'
	and o_orderdate < '1994-01-01'
group by
	n_name
order by
	revenue desc
INFO  : Semantic Analysis Completed
INFO  : Returning Hive schema: Schema(fieldSchemas:[FieldSchema(name:n_name, type:string, comment:null), FieldSchema(name:revenue, type:double, comment:null)], properties:null)
INFO  : Completed compiling command(queryId=hive_20161005150826_0adbadf2-46ff-4b78-b202-23300dda4889); Time taken: 1.711 seconds
INFO  : Concurrency mode is disabled, not creating a lock manager
INFO  : Executing command(queryId=hive_20161005150826_0adbadf2-46ff-4b78-b202-23300dda4889): select
	n_name,
	sum(l_extendedprice * (1 - l_discount)) as revenue
from
	customer,
	orders,
	lineitem,
	supplier,
	nation,
	region
where
	c_custkey = o_custkey
	and l_orderkey = o_orderkey
	and l_suppkey = s_suppkey
	and c_nationkey = s_nationkey
	and s_nationkey = n_nationkey
	and n_regionkey = r_regionkey
	and r_name = 'AFRICA'
	and o_orderdate >= '1993-01-01'
	and o_orderdate < '1994-01-01'
group by
	n_name
order by
	revenue desc
INFO  : Query ID = hive_20161005150826_0adbadf2-46ff-4b78-b202-23300dda4889
INFO  : Total jobs = 1
INFO  : Launching Job 1 out of 1
INFO  : Starting task [Stage-1:MAPRED] in serial mode
INFO  : Session is already open
INFO  : Dag name: select
	n_name,
	sum(l_extendedprice ...desc(Stage-1)
INFO  : Setting tez.task.scale.memory.reserve-fraction to 0.30000001192092896
INFO  : Setting tez.task.scale.memory.reserve-fraction to 0.30000001192092896
INFO  : Setting tez.task.scale.memory.reserve-fraction to 0.30000001192092896
INFO  : 

INFO  : Status: Running (Executing on YARN cluster with App id application_1475694383065_0021)

INFO  : Map 1: 0(+67)/67	Map 5: 0(+66)/66	Map 6: 0(+1)/1	Map 7: 0(+1)/1	Map 8: 0(+7)/7	Map 9: 0(+66)/66	Reducer 2: 0/1009	Reducer 3: 0/2	Reducer 4: 0/1	
INFO  : Map 1: 0(+67)/67	Map 5: 0(+66)/66	Map 6: 0(+1)/1	Map 7: 1/1	Map 8: 0(+7)/7	Map 9: 0(+66)/66	Reducer 2: 0/1009	Reducer 3: 0/2	Reducer 4: 0/1	
INFO  : Map 1: 0(+67)/67	Map 5: 0(+66)/66	Map 6: 1/1	Map 7: 1/1	Map 8: 2(+5)/7	Map 9: 10(+56)/66	Reducer 2: 0/1009	Reducer 3: 0/2	Reducer 4: 0/1	
INFO  : Map 1: 0(+67)/67	Map 5: 1(+65)/66	Map 6: 1/1	Map 7: 1/1	Map 8: 3(+4)/7	Map 9: 32(+33)/66	Reducer 2: 0/1009	Reducer 3: 0/2	Reducer 4: 0/1	
INFO  : Map 1: 0(+67)/67	Map 5: 1(+65)/66	Map 6: 1/1	Map 7: 1/1	Map 8: 6(+1)/7	Map 9: 41(+25)/66	Reducer 2: 0/1009	Reducer 3: 0/2	Reducer 4: 0/1	
INFO  : Map 1: 0(+67)/67	Map 5: 3(+63)/66	Map 6: 1/1	Map 7: 1/1	Map 8: 6(+1)/7	Map 9: 48(+18)/66	Reducer 2: 0/1009	Reducer 3: 0/2	Reducer 4: 0/1	
INFO  : Map 1: 0(+67)/67	Map 5: 5(+61)/66	Map 6: 1/1	Map 7: 1/1	Map 8: 6(+1)/7	Map 9: 50(+16)/66	Reducer 2: 0/1009	Reducer 3: 0/2	Reducer 4: 0/1	
INFO  : Map 1: 0(+67)/67	Map 5: 8(+58)/66	Map 6: 1/1	Map 7: 1/1	Map 8: 6(+1)/7	Map 9: 58(+8)/66	Reducer 2: 0/1009	Reducer 3: 0/2	Reducer 4: 0/1	
INFO  : Map 1: 0(+67)/67	Map 5: 14(+52)/66	Map 6: 1/1	Map 7: 1/1	Map 8: 7/7	Map 9: 63(+3)/66	Reducer 2: 0/1009	Reducer 3: 0/2	Reducer 4: 0/1	
INFO  : Map 1: 7/7	Map 2: 1/1	Map 3: 4(+63)/67	Map 6: 65/65	Map 7: 65/65	Map 8: 0(+66)/66	Reducer 10: 0/1	Reducer 4: 0/1009	Reducer 5: 0/902	Reducer 9: 0/2	
INFO  : Map 1: 0(+67)/67	Map 5: 25(+41)/66	Map 6: 1/1	Map 7: 1/1	Map 8: 7/7	Map 9: 63(+3)/66	Reducer 2: 0/1009	Reducer 3: 0/2	Reducer 4: 0/1	
INFO  : Map 1: 0(+67)/67	Map 5: 34(+32)/66	Map 6: 1/1	Map 7: 1/1	Map 8: 7/7	Map 9: 64(+2)/66	Reducer 2: 0/1009	Reducer 3: 0/2	Reducer 4: 0/1	
INFO  : Map 1: 0(+67)/67	Map 5: 40(+26)/66	Map 6: 1/1	Map 7: 1/1	Map 8: 7/7	Map 9: 66/66	Reducer 2: 0/1009	Reducer 3: 0/2	Reducer 4: 0/1	
INFO  : Map 1: 0(+67)/67	Map 5: 51(+15)/66	Map 6: 1/1	Map 7: 1/1	Map 8: 7/7	Map 9: 66/66	Reducer 2: 0/1009	Reducer 3: 0/2	Reducer 4: 0/1	
INFO  : Map 1: 0(+67)/67	Map 5: 57(+9)/66	Map 6: 1/1	Map 7: 1/1	Map 8: 7/7	Map 9: 66/66	Reducer 2: 0/1009	Reducer 3: 0/2	Reducer 4: 0/1	
INFO  : Map 1: 0(+67)/67	Map 5: 59(+7)/66	Map 6: 1/1	Map 7: 1/1	Map 8: 7/7	Map 9: 66/66	Reducer 2: 0/1009	Reducer 3: 0/2	Reducer 4: 0/1	
INFO  : Map 1: 0(+67)/67	Map 5: 61(+5)/66	Map 6: 1/1	Map 7: 1/1	Map 8: 7/7	Map 9: 66/66	Reducer 2: 0/1009	Reducer 3: 0/2	Reducer 4: 0/1	
INFO  : Map 1: 0(+67)/67	Map 5: 65(+1)/66	Map 6: 1/1	Map 7: 1/1	Map 8: 7/7	Map 9: 66/66	Reducer 2: 0/1009	Reducer 3: 0/2	Reducer 4: 0/1	
INFO  : Map 1: 0(+67)/67	Map 5: 66/66	Map 6: 1/1	Map 7: 1/1	Map 8: 7/7	Map 9: 66/66	Reducer 2: 0/1009	Reducer 3: 0/2	Reducer 4: 0/1	
INFO  : Map 1: 1(+66)/67	Map 5: 66/66	Map 6: 1/1	Map 7: 1/1	Map 8: 7/7	Map 9: 66/66	Reducer 2: 0/1009	Reducer 3: 0/2	Reducer 4: 0/1	
INFO  : Map 1: 2(+65)/67	Map 5: 66/66	Map 6: 1/1	Map 7: 1/1	Map 8: 7/7	Map 9: 66/66	Reducer 2: 0/1009	Reducer 3: 0/2	Reducer 4: 0/1	
INFO  : Map 1: 3(+64)/67	Map 5: 66/66	Map 6: 1/1	Map 7: 1/1	Map 8: 7/7	Map 9: 66/66	Reducer 2: 0/1009	Reducer 3: 0/2	Reducer 4: 0/1	
INFO  : Map 1: 4(+63)/67	Map 5: 66/66	Map 6: 1/1	Map 7: 1/1	Map 8: 7/7	Map 9: 66/66	Reducer 2: 0/1009	Reducer 3: 0/2	Reducer 4: 0/1	
INFO  : Map 1: 5(+62)/67	Map 5: 66/66	Map 6: 1/1	Map 7: 1/1	Map 8: 7/7	Map 9: 66/66	Reducer 2: 0/1009	Reducer 3: 0/2	Reducer 4: 0/1	
INFO  : Map 1: 5(+62)/67	Map 5: 66/66	Map 6: 1/1	Map 7: 1/1	Map 8: 7/7	Map 9: 66/66	Reducer 2: 0/1009	Reducer 3: 0/2	Reducer 4: 0/1	
INFO  : Map 1: 6(+61)/67	Map 5: 66/66	Map 6: 1/1	Map 7: 1/1	Map 8: 7/7	Map 9: 66/66	Reducer 2: 0/1009	Reducer 3: 0/2	Reducer 4: 0/1	
INFO  : Map 1: 6(+61)/67	Map 5: 66/66	Map 6: 1/1	Map 7: 1/1	Map 8: 7/7	Map 9: 66/66	Reducer 2: 0/1009	Reducer 3: 0/2	Reducer 4: 0/1	
INFO  : Map 1: 7(+60)/67	Map 5: 66/66	Map 6: 1/1	Map 7: 1/1	Map 8: 7/7	Map 9: 66/66	Reducer 2: 0/1009	Reducer 3: 0/2	Reducer 4: 0/1	
INFO  : Map 1: 8(+59)/67	Map 5: 66/66	Map 6: 1/1	Map 7: 1/1	Map 8: 7/7	Map 9: 66/66	Reducer 2: 0/1009	Reducer 3: 0/2	Reducer 4: 0/1	
INFO  : Map 1: 9(+58)/67	Map 5: 66/66	Map 6: 1/1	Map 7: 1/1	Map 8: 7/7	Map 9: 66/66	Reducer 2: 0/1009	Reducer 3: 0/2	Reducer 4: 0/1	
INFO  : Map 1: 10(+57)/67	Map 5: 66/66	Map 6: 1/1	Map 7: 1/1	Map 8: 7/7	Map 9: 66/66	Reducer 2: 0/1009	Reducer 3: 0/2	Reducer 4: 0/1	
INFO  : Map 1: 12(+55)/67	Map 5: 66/66	Map 6: 1/1	Map 7: 1/1	Map 8: 7/7	Map 9: 66/66	Reducer 2: 0/1009	Reducer 3: 0/2	Reducer 4: 0/1	
INFO  : Map 1: 13(+54)/67	Map 5: 66/66	Map 6: 1/1	Map 7: 1/1	Map 8: 7/7	Map 9: 66/66	Reducer 2: 0/1009	Reducer 3: 0/2	Reducer 4: 0/1	
INFO  : Map 1: 16(+51)/67	Map 5: 66/66	Map 6: 1/1	Map 7: 1/1	Map 8: 7/7	Map 9: 66/66	Reducer 2: 0(+194)/1009	Reducer 3: 0/2	Reducer 4: 0/1	
INFO  : Map 1: 17(+50)/67	Map 5: 66/66	Map 6: 1/1	Map 7: 1/1	Map 8: 7/7	Map 9: 66/66	Reducer 2: 0(+196)/1009	Reducer 3: 0/2	Reducer 4: 0/1	
INFO  : Map 1: 17(+50)/67	Map 5: 66/66	Map 6: 1/1	Map 7: 1/1	Map 8: 7/7	Map 9: 66/66	Reducer 2: 0(+272)/1009	Reducer 3: 0/2	Reducer 4: 0/1	
INFO  : Map 1: 18(+49)/67	Map 5: 66/66	Map 6: 1/1	Map 7: 1/1	Map 8: 7/7	Map 9: 66/66	Reducer 2: 0(+272)/1009	Reducer 3: 0/2	Reducer 4: 0/1	
INFO  : Map 1: 20(+47)/67	Map 5: 66/66	Map 6: 1/1	Map 7: 1/1	Map 8: 7/7	Map 9: 66/66	Reducer 2: 0(+347)/1009	Reducer 3: 0/2	Reducer 4: 0/1	
INFO  : Map 1: 20(+47)/67	Map 5: 66/66	Map 6: 1/1	Map 7: 1/1	Map 8: 7/7	Map 9: 66/66	Reducer 2: 0(+422)/1009	Reducer 3: 0/2	Reducer 4: 0/1	
INFO  : Map 1: 22(+45)/67	Map 5: 66/66	Map 6: 1/1	Map 7: 1/1	Map 8: 7/7	Map 9: 66/66	Reducer 2: 0(+452)/1009	Reducer 3: 0/2	Reducer 4: 0/1	
INFO  : Map 1: 23(+44)/67	Map 5: 66/66	Map 6: 1/1	Map 7: 1/1	Map 8: 7/7	Map 9: 66/66	Reducer 2: 0(+497)/1009	Reducer 3: 0/2	Reducer 4: 0/1	
INFO  : Map 1: 26(+41)/67	Map 5: 66/66	Map 6: 1/1	Map 7: 1/1	Map 8: 7/7	Map 9: 66/66	Reducer 2: 0(+497)/1009	Reducer 3: 0/2	Reducer 4: 0/1	
INFO  : Map 1: 31(+36)/67	Map 5: 66/66	Map 6: 1/1	Map 7: 1/1	Map 8: 7/7	Map 9: 66/66	Reducer 2: 0(+617)/1009	Reducer 3: 0/2	Reducer 4: 0/1	
INFO  : Map 1: 7/7	Map 2: 1/1	Map 3: 37(+30)/67	Map 6: 65/65	Map 7: 65/65	Map 8: 0(+66)/66	Reducer 10: 0/1	Reducer 4: 0(+903)/1009	Reducer 5: 0/902	Reducer 9: 0/2	
INFO  : Map 1: 33(+34)/67	Map 5: 66/66	Map 6: 1/1	Map 7: 1/1	Map 8: 7/7	Map 9: 66/66	Reducer 2: 0(+789)/1009	Reducer 3: 0/2	Reducer 4: 0/1	
INFO  : Map 1: 34(+33)/67	Map 5: 66/66	Map 6: 1/1	Map 7: 1/1	Map 8: 7/7	Map 9: 66/66	Reducer 2: 0(+871)/1009	Reducer 3: 0/2	Reducer 4: 0/1	
INFO  : Map 1: 37(+30)/67	Map 5: 66/66	Map 6: 1/1	Map 7: 1/1	Map 8: 7/7	Map 9: 66/66	Reducer 2: 0(+949)/1009	Reducer 3: 0/2	Reducer 4: 0/1	
INFO  : Map 1: 40(+27)/67	Map 5: 66/66	Map 6: 1/1	Map 7: 1/1	Map 8: 7/7	Map 9: 66/66	Reducer 2: 0(+1009)/1009	Reducer 3: 0/2	Reducer 4: 0/1	
INFO  : Map 1: 41(+26)/67	Map 5: 66/66	Map 6: 1/1	Map 7: 1/1	Map 8: 7/7	Map 9: 66/66	Reducer 2: 0(+1009)/1009	Reducer 3: 0/2	Reducer 4: 0/1	
INFO  : Map 1: 42(+25)/67	Map 5: 66/66	Map 6: 1/1	Map 7: 1/1	Map 8: 7/7	Map 9: 66/66	Reducer 2: 0(+1009)/1009	Reducer 3: 0/2	Reducer 4: 0/1	
INFO  : Map 1: 44(+23)/67	Map 5: 66/66	Map 6: 1/1	Map 7: 1/1	Map 8: 7/7	Map 9: 66/66	Reducer 2: 0(+1009)/1009	Reducer 3: 0/2	Reducer 4: 0/1	
INFO  : Map 1: 45(+22)/67	Map 5: 66/66	Map 6: 1/1	Map 7: 1/1	Map 8: 7/7	Map 9: 66/66	Reducer 2: 0(+1009)/1009	Reducer 3: 0/2	Reducer 4: 0/1	
INFO  : Map 1: 47(+20)/67	Map 5: 66/66	Map 6: 1/1	Map 7: 1/1	Map 8: 7/7	Map 9: 66/66	Reducer 2: 0(+1009)/1009	Reducer 3: 0/2	Reducer 4: 0/1	
INFO  : Map 1: 50(+17)/67	Map 5: 66/66	Map 6: 1/1	Map 7: 1/1	Map 8: 7/7	Map 9: 66/66	Reducer 2: 0(+1009)/1009	Reducer 3: 0/2	Reducer 4: 0/1	
INFO  : Map 1: 51(+16)/67	Map 5: 66/66	Map 6: 1/1	Map 7: 1/1	Map 8: 7/7	Map 9: 66/66	Reducer 2: 0(+1009)/1009	Reducer 3: 0/2	Reducer 4: 0/1	
INFO  : Map 1: 53(+14)/67	Map 5: 66/66	Map 6: 1/1	Map 7: 1/1	Map 8: 7/7	Map 9: 66/66	Reducer 2: 0(+1009)/1009	Reducer 3: 0/2	Reducer 4: 0/1	
INFO  : Map 1: 55(+12)/67	Map 5: 66/66	Map 6: 1/1	Map 7: 1/1	Map 8: 7/7	Map 9: 66/66	Reducer 2: 0(+1009)/1009	Reducer 3: 0/2	Reducer 4: 0/1	
INFO  : Map 1: 56(+11)/67	Map 5: 66/66	Map 6: 1/1	Map 7: 1/1	Map 8: 7/7	Map 9: 66/66	Reducer 2: 0(+1009)/1009	Reducer 3: 0/2	Reducer 4: 0/1	
INFO  : Map 1: 56(+11)/67	Map 5: 66/66	Map 6: 1/1	Map 7: 1/1	Map 8: 7/7	Map 9: 66/66	Reducer 2: 0(+1009)/1009	Reducer 3: 0/2	Reducer 4: 0/1	
INFO  : Map 1: 57(+10)/67	Map 5: 66/66	Map 6: 1/1	Map 7: 1/1	Map 8: 7/7	Map 9: 66/66	Reducer 2: 0(+1009)/1009	Reducer 3: 0/2	Reducer 4: 0/1	
INFO  : Map 1: 58(+9)/67	Map 5: 66/66	Map 6: 1/1	Map 7: 1/1	Map 8: 7/7	Map 9: 66/66	Reducer 2: 0(+1009)/1009	Reducer 3: 0/2	Reducer 4: 0/1	
INFO  : Map 1: 59(+8)/67	Map 5: 66/66	Map 6: 1/1	Map 7: 1/1	Map 8: 7/7	Map 9: 66/66	Reducer 2: 0(+1009)/1009	Reducer 3: 0/2	Reducer 4: 0/1	
INFO  : Map 1: 61(+6)/67	Map 5: 66/66	Map 6: 1/1	Map 7: 1/1	Map 8: 7/7	Map 9: 66/66	Reducer 2: 0(+1009)/1009	Reducer 3: 0/2	Reducer 4: 0/1	
INFO  : Map 1: 63(+4)/67	Map 5: 66/66	Map 6: 1/1	Map 7: 1/1	Map 8: 7/7	Map 9: 66/66	Reducer 2: 0(+1009)/1009	Reducer 3: 0/2	Reducer 4: 0/1	
INFO  : Map 1: 64(+3)/67	Map 5: 66/66	Map 6: 1/1	Map 7: 1/1	Map 8: 7/7	Map 9: 66/66	Reducer 2: 0(+1009)/1009	Reducer 3: 0/2	Reducer 4: 0/1	
INFO  : Map 1: 65(+2)/67	Map 5: 66/66	Map 6: 1/1	Map 7: 1/1	Map 8: 7/7	Map 9: 66/66	Reducer 2: 0(+1009)/1009	Reducer 3: 0/2	Reducer 4: 0/1	
INFO  : Map 1: 66(+1)/67	Map 5: 66/66	Map 6: 1/1	Map 7: 1/1	Map 8: 7/7	Map 9: 66/66	Reducer 2: 0(+1009)/1009	Reducer 3: 0/2	Reducer 4: 0/1	
INFO  : Map 1: 67/67	Map 5: 66/66	Map 6: 1/1	Map 7: 1/1	Map 8: 7/7	Map 9: 66/66	Reducer 2: 0(+1009)/1009	Reducer 3: 0/2	Reducer 4: 0/1	
INFO  : Map 1: 67/67	Map 5: 66/66	Map 6: 1/1	Map 7: 1/1	Map 8: 7/7	Map 9: 66/66	Reducer 2: 0(+1009)/1009	Reducer 3: 0/2	Reducer 4: 0/1	
INFO  : Map 1: 67/67	Map 5: 66/66	Map 6: 1/1	Map 7: 1/1	Map 8: 7/7	Map 9: 66/66	Reducer 2: 0(+1009)/1009	Reducer 3: 0/2	Reducer 4: 0/1	
INFO  : Map 1: 67/67	Map 5: 66/66	Map 6: 1/1	Map 7: 1/1	Map 8: 7/7	Map 9: 66/66	Reducer 2: 0(+1009)/1009	Reducer 3: 0/2	Reducer 4: 0/1	
INFO  : Map 1: 67/67	Map 5: 66/66	Map 6: 1/1	Map 7: 1/1	Map 8: 7/7	Map 9: 66/66	Reducer 2: 0(+1009)/1009	Reducer 3: 0/2	Reducer 4: 0/1	
INFO  : Map 1: 67/67	Map 5: 66/66	Map 6: 1/1	Map 7: 1/1	Map 8: 7/7	Map 9: 66/66	Reducer 2: 0(+1009)/1009	Reducer 3: 0/2	Reducer 4: 0/1	
INFO  : Map 1: 67/67	Map 5: 66/66	Map 6: 1/1	Map 7: 1/1	Map 8: 7/7	Map 9: 66/66	Reducer 2: 3(+1006)/1009	Reducer 3: 0/2	Reducer 4: 0/1	
INFO  : Map 1: 67/67	Map 5: 66/66	Map 6: 1/1	Map 7: 1/1	Map 8: 7/7	Map 9: 66/66	Reducer 2: 5(+1004)/1009	Reducer 3: 0/2	Reducer 4: 0/1	
INFO  : Map 1: 67/67	Map 5: 66/66	Map 6: 1/1	Map 7: 1/1	Map 8: 7/7	Map 9: 66/66	Reducer 2: 10(+999)/1009	Reducer 3: 0/2	Reducer 4: 0/1	
INFO  : Map 1: 67/67	Map 5: 66/66	Map 6: 1/1	Map 7: 1/1	Map 8: 7/7	Map 9: 66/66	Reducer 2: 34(+975)/1009	Reducer 3: 0/2	Reducer 4: 0/1	
INFO  : Map 1: 67/67	Map 5: 66/66	Map 6: 1/1	Map 7: 1/1	Map 8: 7/7	Map 9: 66/66	Reducer 2: 57(+952)/1009	Reducer 3: 0/2	Reducer 4: 0/1	
INFO  : Map 1: 67/67	Map 5: 66/66	Map 6: 1/1	Map 7: 1/1	Map 8: 7/7	Map 9: 66/66	Reducer 2: 59(+950)/1009	Reducer 3: 0/2	Reducer 4: 0/1	
INFO  : Map 1: 67/67	Map 5: 66/66	Map 6: 1/1	Map 7: 1/1	Map 8: 7/7	Map 9: 66/66	Reducer 2: 61(+948)/1009	Reducer 3: 0/2	Reducer 4: 0/1	
INFO  : Map 1: 67/67	Map 5: 66/66	Map 6: 1/1	Map 7: 1/1	Map 8: 7/7	Map 9: 66/66	Reducer 2: 86(+923)/1009	Reducer 3: 0/2	Reducer 4: 0/1	
INFO  : Map 1: 67/67	Map 5: 66/66	Map 6: 1/1	Map 7: 1/1	Map 8: 7/7	Map 9: 66/66	Reducer 2: 90(+919)/1009	Reducer 3: 0/2	Reducer 4: 0/1	
INFO  : Map 1: 67/67	Map 5: 66/66	Map 6: 1/1	Map 7: 1/1	Map 8: 7/7	Map 9: 66/66	Reducer 2: 92(+917)/1009	Reducer 3: 0/2	Reducer 4: 0/1	
INFO  : Map 1: 67/67	Map 5: 66/66	Map 6: 1/1	Map 7: 1/1	Map 8: 7/7	Map 9: 66/66	Reducer 2: 93(+916)/1009	Reducer 3: 0/2	Reducer 4: 0/1	
INFO  : Map 1: 67/67	Map 5: 66/66	Map 6: 1/1	Map 7: 1/1	Map 8: 7/7	Map 9: 66/66	Reducer 2: 94(+915)/1009	Reducer 3: 0/2	Reducer 4: 0/1	
INFO  : Map 1: 67/67	Map 5: 66/66	Map 6: 1/1	Map 7: 1/1	Map 8: 7/7	Map 9: 66/66	Reducer 2: 96(+913)/1009	Reducer 3: 0/2	Reducer 4: 0/1	
INFO  : Map 1: 67/67	Map 5: 66/66	Map 6: 1/1	Map 7: 1/1	Map 8: 7/7	Map 9: 66/66	Reducer 2: 104(+905)/1009	Reducer 3: 0/2	Reducer 4: 0/1	
INFO  : Map 1: 67/67	Map 5: 66/66	Map 6: 1/1	Map 7: 1/1	Map 8: 7/7	Map 9: 66/66	Reducer 2: 110(+899)/1009	Reducer 3: 0/2	Reducer 4: 0/1	
INFO  : Map 1: 67/67	Map 5: 66/66	Map 6: 1/1	Map 7: 1/1	Map 8: 7/7	Map 9: 66/66	Reducer 2: 124(+885)/1009	Reducer 3: 0/2	Reducer 4: 0/1	
INFO  : Map 1: 67/67	Map 5: 66/66	Map 6: 1/1	Map 7: 1/1	Map 8: 7/7	Map 9: 66/66	Reducer 2: 139(+870)/1009	Reducer 3: 0/2	Reducer 4: 0/1	
INFO  : Map 1: 67/67	Map 5: 66/66	Map 6: 1/1	Map 7: 1/1	Map 8: 7/7	Map 9: 66/66	Reducer 2: 159(+850)/1009	Reducer 3: 0/2	Reducer 4: 0/1	
INFO  : Map 1: 67/67	Map 5: 66/66	Map 6: 1/1	Map 7: 1/1	Map 8: 7/7	Map 9: 66/66	Reducer 2: 167(+842)/1009	Reducer 3: 0/2	Reducer 4: 0/1	
INFO  : Map 1: 67/67	Map 5: 66/66	Map 6: 1/1	Map 7: 1/1	Map 8: 7/7	Map 9: 66/66	Reducer 2: 170(+839)/1009	Reducer 3: 0/2	Reducer 4: 0/1	
INFO  : Map 1: 67/67	Map 5: 66/66	Map 6: 1/1	Map 7: 1/1	Map 8: 7/7	Map 9: 66/66	Reducer 2: 171(+838)/1009	Reducer 3: 0/2	Reducer 4: 0/1	
INFO  : Map 1: 67/67	Map 5: 66/66	Map 6: 1/1	Map 7: 1/1	Map 8: 7/7	Map 9: 66/66	Reducer 2: 173(+836)/1009	Reducer 3: 0/2	Reducer 4: 0/1	
INFO  : Map 1: 67/67	Map 5: 66/66	Map 6: 1/1	Map 7: 1/1	Map 8: 7/7	Map 9: 66/66	Reducer 2: 174(+835)/1009	Reducer 3: 0/2	Reducer 4: 0/1	
INFO  : Map 1: 67/67	Map 5: 66/66	Map 6: 1/1	Map 7: 1/1	Map 8: 7/7	Map 9: 66/66	Reducer 2: 175(+834)/1009	Reducer 3: 0/2	Reducer 4: 0/1	
INFO  : Map 1: 67/67	Map 5: 66/66	Map 6: 1/1	Map 7: 1/1	Map 8: 7/7	Map 9: 66/66	Reducer 2: 186(+823)/1009	Reducer 3: 0/2	Reducer 4: 0/1	
INFO  : Map 1: 67/67	Map 5: 66/66	Map 6: 1/1	Map 7: 1/1	Map 8: 7/7	Map 9: 66/66	Reducer 2: 191(+818)/1009	Reducer 3: 0/2	Reducer 4: 0/1	
INFO  : Map 1: 67/67	Map 5: 66/66	Map 6: 1/1	Map 7: 1/1	Map 8: 7/7	Map 9: 66/66	Reducer 2: 192(+817)/1009	Reducer 3: 0/2	Reducer 4: 0/1	
INFO  : Map 1: 67/67	Map 5: 66/66	Map 6: 1/1	Map 7: 1/1	Map 8: 7/7	Map 9: 66/66	Reducer 2: 195(+814)/1009	Reducer 3: 0/2	Reducer 4: 0/1	
INFO  : Map 1: 67/67	Map 5: 66/66	Map 6: 1/1	Map 7: 1/1	Map 8: 7/7	Map 9: 66/66	Reducer 2: 200(+809)/1009	Reducer 3: 0/2	Reducer 4: 0/1	
INFO  : Map 1: 67/67	Map 5: 66/66	Map 6: 1/1	Map 7: 1/1	Map 8: 7/7	Map 9: 66/66	Reducer 2: 201(+808)/1009	Reducer 3: 0/2	Reducer 4: 0/1	
INFO  : Map 1: 67/67	Map 5: 66/66	Map 6: 1/1	Map 7: 1/1	Map 8: 7/7	Map 9: 66/66	Reducer 2: 202(+807)/1009	Reducer 3: 0/2	Reducer 4: 0/1	
INFO  : Map 1: 67/67	Map 5: 66/66	Map 6: 1/1	Map 7: 1/1	Map 8: 7/7	Map 9: 66/66	Reducer 2: 207(+802)/1009	Reducer 3: 0/2	Reducer 4: 0/1	
INFO  : Map 1: 67/67	Map 5: 66/66	Map 6: 1/1	Map 7: 1/1	Map 8: 7/7	Map 9: 66/66	Reducer 2: 209(+800)/1009	Reducer 3: 0/2	Reducer 4: 0/1	
INFO  : Map 1: 67/67	Map 5: 66/66	Map 6: 1/1	Map 7: 1/1	Map 8: 7/7	Map 9: 66/66	Reducer 2: 210(+799)/1009	Reducer 3: 0/2	Reducer 4: 0/1	
INFO  : Map 1: 67/67	Map 5: 66/66	Map 6: 1/1	Map 7: 1/1	Map 8: 7/7	Map 9: 66/66	Reducer 2: 212(+797)/1009	Reducer 3: 0/2	Reducer 4: 0/1	
INFO  : Map 1: 67/67	Map 5: 66/66	Map 6: 1/1	Map 7: 1/1	Map 8: 7/7	Map 9: 66/66	Reducer 2: 219(+790)/1009	Reducer 3: 0/2	Reducer 4: 0/1	
INFO  : Map 1: 67/67	Map 5: 66/66	Map 6: 1/1	Map 7: 1/1	Map 8: 7/7	Map 9: 66/66	Reducer 2: 220(+789)/1009	Reducer 3: 0/2	Reducer 4: 0/1	
INFO  : Map 1: 67/67	Map 5: 66/66	Map 6: 1/1	Map 7: 1/1	Map 8: 7/7	Map 9: 66/66	Reducer 2: 226(+783)/1009	Reducer 3: 0/2	Reducer 4: 0/1	
INFO  : Map 1: 67/67	Map 5: 66/66	Map 6: 1/1	Map 7: 1/1	Map 8: 7/7	Map 9: 66/66	Reducer 2: 233(+776)/1009	Reducer 3: 0/2	Reducer 4: 0/1	
INFO  : Map 1: 67/67	Map 5: 66/66	Map 6: 1/1	Map 7: 1/1	Map 8: 7/7	Map 9: 66/66	Reducer 2: 240(+769)/1009	Reducer 3: 0/2	Reducer 4: 0/1	
INFO  : Map 1: 67/67	Map 5: 66/66	Map 6: 1/1	Map 7: 1/1	Map 8: 7/7	Map 9: 66/66	Reducer 2: 245(+764)/1009	Reducer 3: 0/2	Reducer 4: 0/1	
INFO  : Map 1: 67/67	Map 5: 66/66	Map 6: 1/1	Map 7: 1/1	Map 8: 7/7	Map 9: 66/66	Reducer 2: 248(+761)/1009	Reducer 3: 0/2	Reducer 4: 0/1	
INFO  : Map 1: 67/67	Map 5: 66/66	Map 6: 1/1	Map 7: 1/1	Map 8: 7/7	Map 9: 66/66	Reducer 2: 260(+749)/1009	Reducer 3: 0/2	Reducer 4: 0/1	
INFO  : Map 1: 67/67	Map 5: 66/66	Map 6: 1/1	Map 7: 1/1	Map 8: 7/7	Map 9: 66/66	Reducer 2: 263(+746)/1009	Reducer 3: 0/2	Reducer 4: 0/1	
INFO  : Map 1: 67/67	Map 5: 66/66	Map 6: 1/1	Map 7: 1/1	Map 8: 7/7	Map 9: 66/66	Reducer 2: 278(+731)/1009	Reducer 3: 0/2	Reducer 4: 0/1	
INFO  : Map 1: 67/67	Map 5: 66/66	Map 6: 1/1	Map 7: 1/1	Map 8: 7/7	Map 9: 66/66	Reducer 2: 282(+727)/1009	Reducer 3: 0/2	Reducer 4: 0/1	
INFO  : Map 1: 67/67	Map 5: 66/66	Map 6: 1/1	Map 7: 1/1	Map 8: 7/7	Map 9: 66/66	Reducer 2: 283(+726)/1009	Reducer 3: 0/2	Reducer 4: 0/1	
INFO  : Map 1: 67/67	Map 5: 66/66	Map 6: 1/1	Map 7: 1/1	Map 8: 7/7	Map 9: 66/66	Reducer 2: 289(+720)/1009	Reducer 3: 0/2	Reducer 4: 0/1	
INFO  : Map 1: 67/67	Map 5: 66/66	Map 6: 1/1	Map 7: 1/1	Map 8: 7/7	Map 9: 66/66	Reducer 2: 292(+717)/1009	Reducer 3: 0/2	Reducer 4: 0/1	
INFO  : Map 1: 67/67	Map 5: 66/66	Map 6: 1/1	Map 7: 1/1	Map 8: 7/7	Map 9: 66/66	Reducer 2: 312(+697)/1009	Reducer 3: 0/2	Reducer 4: 0/1	
INFO  : Map 1: 67/67	Map 5: 66/66	Map 6: 1/1	Map 7: 1/1	Map 8: 7/7	Map 9: 66/66	Reducer 2: 333(+676)/1009	Reducer 3: 0/2	Reducer 4: 0/1	
INFO  : Map 1: 67/67	Map 5: 66/66	Map 6: 1/1	Map 7: 1/1	Map 8: 7/7	Map 9: 66/66	Reducer 2: 358(+651)/1009	Reducer 3: 0/2	Reducer 4: 0/1	
INFO  : Map 1: 67/67	Map 5: 66/66	Map 6: 1/1	Map 7: 1/1	Map 8: 7/7	Map 9: 66/66	Reducer 2: 377(+632)/1009	Reducer 3: 0/2	Reducer 4: 0/1	
INFO  : Map 1: 67/67	Map 5: 66/66	Map 6: 1/1	Map 7: 1/1	Map 8: 7/7	Map 9: 66/66	Reducer 2: 382(+627)/1009	Reducer 3: 0/2	Reducer 4: 0/1	
INFO  : Map 1: 67/67	Map 5: 66/66	Map 6: 1/1	Map 7: 1/1	Map 8: 7/7	Map 9: 66/66	Reducer 2: 383(+626)/1009	Reducer 3: 0/2	Reducer 4: 0/1	
INFO  : Map 1: 67/67	Map 5: 66/66	Map 6: 1/1	Map 7: 1/1	Map 8: 7/7	Map 9: 66/66	Reducer 2: 400(+609)/1009	Reducer 3: 0/2	Reducer 4: 0/1	
INFO  : Map 1: 67/67	Map 5: 66/66	Map 6: 1/1	Map 7: 1/1	Map 8: 7/7	Map 9: 66/66	Reducer 2: 407(+602)/1009	Reducer 3: 0/2	Reducer 4: 0/1	
INFO  : Map 1: 67/67	Map 5: 66/66	Map 6: 1/1	Map 7: 1/1	Map 8: 7/7	Map 9: 66/66	Reducer 2: 420(+589)/1009	Reducer 3: 0/2	Reducer 4: 0/1	
INFO  : Map 1: 67/67	Map 5: 66/66	Map 6: 1/1	Map 7: 1/1	Map 8: 7/7	Map 9: 66/66	Reducer 2: 424(+585)/1009	Reducer 3: 0/2	Reducer 4: 0/1	
INFO  : Map 1: 67/67	Map 5: 66/66	Map 6: 1/1	Map 7: 1/1	Map 8: 7/7	Map 9: 66/66	Reducer 2: 431(+578)/1009	Reducer 3: 0/2	Reducer 4: 0/1	
INFO  : Map 1: 67/67	Map 5: 66/66	Map 6: 1/1	Map 7: 1/1	Map 8: 7/7	Map 9: 66/66	Reducer 2: 460(+549)/1009	Reducer 3: 0/2	Reducer 4: 0/1	
INFO  : Map 1: 67/67	Map 5: 66/66	Map 6: 1/1	Map 7: 1/1	Map 8: 7/7	Map 9: 66/66	Reducer 2: 472(+537)/1009	Reducer 3: 0/2	Reducer 4: 0/1	
INFO  : Map 1: 67/67	Map 5: 66/66	Map 6: 1/1	Map 7: 1/1	Map 8: 7/7	Map 9: 66/66	Reducer 2: 486(+523)/1009	Reducer 3: 0/2	Reducer 4: 0/1	
INFO  : Map 1: 67/67	Map 5: 66/66	Map 6: 1/1	Map 7: 1/1	Map 8: 7/7	Map 9: 66/66	Reducer 2: 499(+510)/1009	Reducer 3: 0/2	Reducer 4: 0/1	
INFO  : Map 1: 67/67	Map 5: 66/66	Map 6: 1/1	Map 7: 1/1	Map 8: 7/7	Map 9: 66/66	Reducer 2: 519(+490)/1009	Reducer 3: 0/2	Reducer 4: 0/1	
INFO  : Map 1: 67/67	Map 5: 66/66	Map 6: 1/1	Map 7: 1/1	Map 8: 7/7	Map 9: 66/66	Reducer 2: 525(+484)/1009	Reducer 3: 0/2	Reducer 4: 0/1	
INFO  : Map 1: 67/67	Map 5: 66/66	Map 6: 1/1	Map 7: 1/1	Map 8: 7/7	Map 9: 66/66	Reducer 2: 527(+482)/1009	Reducer 3: 0/2	Reducer 4: 0/1	
INFO  : Map 1: 67/67	Map 5: 66/66	Map 6: 1/1	Map 7: 1/1	Map 8: 7/7	Map 9: 66/66	Reducer 2: 534(+475)/1009	Reducer 3: 0/2	Reducer 4: 0/1	
INFO  : Map 1: 67/67	Map 5: 66/66	Map 6: 1/1	Map 7: 1/1	Map 8: 7/7	Map 9: 66/66	Reducer 2: 543(+466)/1009	Reducer 3: 0/2	Reducer 4: 0/1	
INFO  : Map 1: 67/67	Map 5: 66/66	Map 6: 1/1	Map 7: 1/1	Map 8: 7/7	Map 9: 66/66	Reducer 2: 559(+450)/1009	Reducer 3: 0/2	Reducer 4: 0/1	
INFO  : Map 1: 67/67	Map 5: 66/66	Map 6: 1/1	Map 7: 1/1	Map 8: 7/7	Map 9: 66/66	Reducer 2: 563(+446)/1009	Reducer 3: 0/2	Reducer 4: 0/1	
INFO  : Map 1: 67/67	Map 5: 66/66	Map 6: 1/1	Map 7: 1/1	Map 8: 7/7	Map 9: 66/66	Reducer 2: 590(+419)/1009	Reducer 3: 0/2	Reducer 4: 0/1	
INFO  : Map 1: 67/67	Map 5: 66/66	Map 6: 1/1	Map 7: 1/1	Map 8: 7/7	Map 9: 66/66	Reducer 2: 592(+417)/1009	Reducer 3: 0/2	Reducer 4: 0/1	
INFO  : Map 1: 67/67	Map 5: 66/66	Map 6: 1/1	Map 7: 1/1	Map 8: 7/7	Map 9: 66/66	Reducer 2: 601(+408)/1009	Reducer 3: 0/2	Reducer 4: 0/1	
INFO  : Map 1: 67/67	Map 5: 66/66	Map 6: 1/1	Map 7: 1/1	Map 8: 7/7	Map 9: 66/66	Reducer 2: 610(+399)/1009	Reducer 3: 0/2	Reducer 4: 0/1	
INFO  : Map 1: 67/67	Map 5: 66/66	Map 6: 1/1	Map 7: 1/1	Map 8: 7/7	Map 9: 66/66	Reducer 2: 633(+376)/1009	Reducer 3: 0/2	Reducer 4: 0/1	
INFO  : Map 1: 67/67	Map 5: 66/66	Map 6: 1/1	Map 7: 1/1	Map 8: 7/7	Map 9: 66/66	Reducer 2: 651(+358)/1009	Reducer 3: 0/2	Reducer 4: 0/1	
INFO  : Map 1: 67/67	Map 5: 66/66	Map 6: 1/1	Map 7: 1/1	Map 8: 7/7	Map 9: 66/66	Reducer 2: 659(+350)/1009	Reducer 3: 0/2	Reducer 4: 0/1	
INFO  : Map 1: 67/67	Map 5: 66/66	Map 6: 1/1	Map 7: 1/1	Map 8: 7/7	Map 9: 66/66	Reducer 2: 671(+338)/1009	Reducer 3: 0/2	Reducer 4: 0/1	
INFO  : Map 1: 67/67	Map 5: 66/66	Map 6: 1/1	Map 7: 1/1	Map 8: 7/7	Map 9: 66/66	Reducer 2: 682(+327)/1009	Reducer 3: 0/2	Reducer 4: 0/1	
INFO  : Map 1: 67/67	Map 5: 66/66	Map 6: 1/1	Map 7: 1/1	Map 8: 7/7	Map 9: 66/66	Reducer 2: 696(+313)/1009	Reducer 3: 0/2	Reducer 4: 0/1	
INFO  : Map 1: 67/67	Map 5: 66/66	Map 6: 1/1	Map 7: 1/1	Map 8: 7/7	Map 9: 66/66	Reducer 2: 715(+294)/1009	Reducer 3: 0/2	Reducer 4: 0/1	
INFO  : Map 1: 67/67	Map 5: 66/66	Map 6: 1/1	Map 7: 1/1	Map 8: 7/7	Map 9: 66/66	Reducer 2: 723(+286)/1009	Reducer 3: 0/2	Reducer 4: 0/1	
INFO  : Map 1: 67/67	Map 5: 66/66	Map 6: 1/1	Map 7: 1/1	Map 8: 7/7	Map 9: 66/66	Reducer 2: 740(+269)/1009	Reducer 3: 0/2	Reducer 4: 0/1	
INFO  : Map 1: 67/67	Map 5: 66/66	Map 6: 1/1	Map 7: 1/1	Map 8: 7/7	Map 9: 66/66	Reducer 2: 748(+261)/1009	Reducer 3: 0/2	Reducer 4: 0/1	
INFO  : Map 1: 67/67	Map 5: 66/66	Map 6: 1/1	Map 7: 1/1	Map 8: 7/7	Map 9: 66/66	Reducer 2: 752(+257)/1009	Reducer 3: 0/2	Reducer 4: 0/1	
INFO  : Map 1: 67/67	Map 5: 66/66	Map 6: 1/1	Map 7: 1/1	Map 8: 7/7	Map 9: 66/66	Reducer 2: 780(+229)/1009	Reducer 3: 0(+1)/1	Reducer 4: 0/1	
INFO  : Map 1: 67/67	Map 5: 66/66	Map 6: 1/1	Map 7: 1/1	Map 8: 7/7	Map 9: 66/66	Reducer 2: 804(+205)/1009	Reducer 3: 0(+1)/1	Reducer 4: 0/1	
INFO  : Map 1: 67/67	Map 5: 66/66	Map 6: 1/1	Map 7: 1/1	Map 8: 7/7	Map 9: 66/66	Reducer 2: 826(+183)/1009	Reducer 3: 0(+1)/1	Reducer 4: 0/1	
INFO  : Map 1: 67/67	Map 5: 66/66	Map 6: 1/1	Map 7: 1/1	Map 8: 7/7	Map 9: 66/66	Reducer 2: 831(+178)/1009	Reducer 3: 0(+1)/1	Reducer 4: 0/1	
INFO  : Map 1: 67/67	Map 5: 66/66	Map 6: 1/1	Map 7: 1/1	Map 8: 7/7	Map 9: 66/66	Reducer 2: 835(+174)/1009	Reducer 3: 0(+1)/1	Reducer 4: 0/1	
INFO  : Map 1: 67/67	Map 5: 66/66	Map 6: 1/1	Map 7: 1/1	Map 8: 7/7	Map 9: 66/66	Reducer 2: 841(+168)/1009	Reducer 3: 0(+1)/1	Reducer 4: 0/1	
INFO  : Map 1: 67/67	Map 5: 66/66	Map 6: 1/1	Map 7: 1/1	Map 8: 7/7	Map 9: 66/66	Reducer 2: 857(+152)/1009	Reducer 3: 0(+1)/1	Reducer 4: 0/1	
INFO  : Map 1: 67/67	Map 5: 66/66	Map 6: 1/1	Map 7: 1/1	Map 8: 7/7	Map 9: 66/66	Reducer 2: 870(+139)/1009	Reducer 3: 0(+1)/1	Reducer 4: 0/1	
INFO  : Map 1: 67/67	Map 5: 66/66	Map 6: 1/1	Map 7: 1/1	Map 8: 7/7	Map 9: 66/66	Reducer 2: 878(+130)/1009	Reducer 3: 0(+1)/1	Reducer 4: 0/1	
INFO  : Map 1: 67/67	Map 5: 66/66	Map 6: 1/1	Map 7: 1/1	Map 8: 7/7	Map 9: 66/66	Reducer 2: 881(+128)/1009	Reducer 3: 0(+1)/1	Reducer 4: 0/1	
INFO  : Map 1: 67/67	Map 5: 66/66	Map 6: 1/1	Map 7: 1/1	Map 8: 7/7	Map 9: 66/66	Reducer 2: 887(+122)/1009	Reducer 3: 0(+1)/1	Reducer 4: 0/1	
INFO  : Map 1: 67/67	Map 5: 66/66	Map 6: 1/1	Map 7: 1/1	Map 8: 7/7	Map 9: 66/66	Reducer 2: 890(+119)/1009	Reducer 3: 0(+1)/1	Reducer 4: 0/1	
INFO  : Map 1: 67/67	Map 5: 66/66	Map 6: 1/1	Map 7: 1/1	Map 8: 7/7	Map 9: 66/66	Reducer 2: 895(+114)/1009	Reducer 3: 0(+1)/1	Reducer 4: 0/1	
INFO  : Map 1: 67/67	Map 5: 66/66	Map 6: 1/1	Map 7: 1/1	Map 8: 7/7	Map 9: 66/66	Reducer 2: 908(+101)/1009	Reducer 3: 0(+1)/1	Reducer 4: 0/1	
INFO  : Map 1: 67/67	Map 5: 66/66	Map 6: 1/1	Map 7: 1/1	Map 8: 7/7	Map 9: 66/66	Reducer 2: 926(+83)/1009	Reducer 3: 0(+1)/1	Reducer 4: 0/1	
INFO  : Map 1: 67/67	Map 5: 66/66	Map 6: 1/1	Map 7: 1/1	Map 8: 7/7	Map 9: 66/66	Reducer 2: 933(+76)/1009	Reducer 3: 0(+1)/1	Reducer 4: 0/1	
INFO  : Map 1: 67/67	Map 5: 66/66	Map 6: 1/1	Map 7: 1/1	Map 8: 7/7	Map 9: 66/66	Reducer 2: 944(+65)/1009	Reducer 3: 0(+1)/1	Reducer 4: 0/1	
INFO  : Map 1: 67/67	Map 5: 66/66	Map 6: 1/1	Map 7: 1/1	Map 8: 7/7	Map 9: 66/66	Reducer 2: 946(+63)/1009	Reducer 3: 0(+1)/1	Reducer 4: 0/1	
INFO  : Map 1: 67/67	Map 5: 66/66	Map 6: 1/1	Map 7: 1/1	Map 8: 7/7	Map 9: 66/66	Reducer 2: 950(+59)/1009	Reducer 3: 0(+1)/1	Reducer 4: 0/1	
INFO  : Map 1: 67/67	Map 5: 66/66	Map 6: 1/1	Map 7: 1/1	Map 8: 7/7	Map 9: 66/66	Reducer 2: 954(+55)/1009	Reducer 3: 0(+1)/1	Reducer 4: 0/1	
INFO  : Map 1: 67/67	Map 5: 66/66	Map 6: 1/1	Map 7: 1/1	Map 8: 7/7	Map 9: 66/66	Reducer 2: 957(+52)/1009	Reducer 3: 0(+1)/1	Reducer 4: 0/1	
INFO  : Map 1: 67/67	Map 5: 66/66	Map 6: 1/1	Map 7: 1/1	Map 8: 7/7	Map 9: 66/66	Reducer 2: 959(+50)/1009	Reducer 3: 0(+1)/1	Reducer 4: 0/1	
INFO  : Map 1: 67/67	Map 5: 66/66	Map 6: 1/1	Map 7: 1/1	Map 8: 7/7	Map 9: 66/66	Reducer 2: 963(+46)/1009	Reducer 3: 0(+1)/1	Reducer 4: 0/1	
INFO  : Map 1: 67/67	Map 5: 66/66	Map 6: 1/1	Map 7: 1/1	Map 8: 7/7	Map 9: 66/66	Reducer 2: 968(+41)/1009	Reducer 3: 0(+1)/1	Reducer 4: 0/1	
INFO  : Map 1: 67/67	Map 5: 66/66	Map 6: 1/1	Map 7: 1/1	Map 8: 7/7	Map 9: 66/66	Reducer 2: 972(+37)/1009	Reducer 3: 0(+1)/1	Reducer 4: 0/1	
INFO  : Map 1: 67/67	Map 5: 66/66	Map 6: 1/1	Map 7: 1/1	Map 8: 7/7	Map 9: 66/66	Reducer 2: 976(+33)/1009	Reducer 3: 0(+1)/1	Reducer 4: 0/1	
INFO  : Map 1: 67/67	Map 5: 66/66	Map 6: 1/1	Map 7: 1/1	Map 8: 7/7	Map 9: 66/66	Reducer 2: 986(+23)/1009	Reducer 3: 0(+1)/1	Reducer 4: 0/1	
INFO  : Map 1: 67/67	Map 5: 66/66	Map 6: 1/1	Map 7: 1/1	Map 8: 7/7	Map 9: 66/66	Reducer 2: 987(+22)/1009	Reducer 3: 0(+1)/1	Reducer 4: 0/1	
INFO  : Map 1: 67/67	Map 5: 66/66	Map 6: 1/1	Map 7: 1/1	Map 8: 7/7	Map 9: 66/66	Reducer 2: 988(+21)/1009	Reducer 3: 0(+1)/1	Reducer 4: 0/1	
INFO  : Map 1: 67/67	Map 5: 66/66	Map 6: 1/1	Map 7: 1/1	Map 8: 7/7	Map 9: 66/66	Reducer 2: 989(+20)/1009	Reducer 3: 0(+1)/1	Reducer 4: 0/1	
INFO  : Map 1: 67/67	Map 5: 66/66	Map 6: 1/1	Map 7: 1/1	Map 8: 7/7	Map 9: 66/66	Reducer 2: 990(+19)/1009	Reducer 3: 0(+1)/1	Reducer 4: 0/1	
INFO  : Map 1: 67/67	Map 5: 66/66	Map 6: 1/1	Map 7: 1/1	Map 8: 7/7	Map 9: 66/66	Reducer 2: 991(+18)/1009	Reducer 3: 0(+1)/1	Reducer 4: 0/1	
INFO  : Map 1: 67/67	Map 5: 66/66	Map 6: 1/1	Map 7: 1/1	Map 8: 7/7	Map 9: 66/66	Reducer 2: 992(+17)/1009	Reducer 3: 0(+1)/1	Reducer 4: 0/1	
INFO  : Map 1: 67/67	Map 5: 66/66	Map 6: 1/1	Map 7: 1/1	Map 8: 7/7	Map 9: 66/66	Reducer 2: 993(+16)/1009	Reducer 3: 0(+1)/1	Reducer 4: 0/1	
INFO  : Map 1: 67/67	Map 5: 66/66	Map 6: 1/1	Map 7: 1/1	Map 8: 7/7	Map 9: 66/66	Reducer 2: 994(+15)/1009	Reducer 3: 0(+1)/1	Reducer 4: 0/1	
INFO  : Map 1: 67/67	Map 5: 66/66	Map 6: 1/1	Map 7: 1/1	Map 8: 7/7	Map 9: 66/66	Reducer 2: 995(+14)/1009	Reducer 3: 0(+1)/1	Reducer 4: 0/1	
INFO  : Map 1: 67/67	Map 5: 66/66	Map 6: 1/1	Map 7: 1/1	Map 8: 7/7	Map 9: 66/66	Reducer 2: 996(+13)/1009	Reducer 3: 0(+1)/1	Reducer 4: 0/1	
INFO  : Map 1: 67/67	Map 5: 66/66	Map 6: 1/1	Map 7: 1/1	Map 8: 7/7	Map 9: 66/66	Reducer 2: 998(+11)/1009	Reducer 3: 0(+1)/1	Reducer 4: 0/1	
INFO  : Map 1: 67/67	Map 5: 66/66	Map 6: 1/1	Map 7: 1/1	Map 8: 7/7	Map 9: 66/66	Reducer 2: 998(+11)/1009	Reducer 3: 0(+1)/1	Reducer 4: 0/1	
INFO  : Map 1: 67/67	Map 5: 66/66	Map 6: 1/1	Map 7: 1/1	Map 8: 7/7	Map 9: 66/66	Reducer 2: 1001(+8)/1009	Reducer 3: 0(+1)/1	Reducer 4: 0/1	
INFO  : Map 1: 67/67	Map 5: 66/66	Map 6: 1/1	Map 7: 1/1	Map 8: 7/7	Map 9: 66/66	Reducer 2: 1002(+7)/1009	Reducer 3: 0(+1)/1	Reducer 4: 0/1	
INFO  : Map 1: 67/67	Map 5: 66/66	Map 6: 1/1	Map 7: 1/1	Map 8: 7/7	Map 9: 66/66	Reducer 2: 1002(+7)/1009	Reducer 3: 0(+1)/1	Reducer 4: 0/1	
INFO  : Map 1: 67/67	Map 5: 66/66	Map 6: 1/1	Map 7: 1/1	Map 8: 7/7	Map 9: 66/66	Reducer 2: 1002(+7)/1009	Reducer 3: 0(+1)/1	Reducer 4: 0/1	
INFO  : Map 1: 67/67	Map 5: 66/66	Map 6: 1/1	Map 7: 1/1	Map 8: 7/7	Map 9: 66/66	Reducer 2: 1002(+7)/1009	Reducer 3: 0(+1)/1	Reducer 4: 0/1	
INFO  : Map 1: 67/67	Map 5: 66/66	Map 6: 1/1	Map 7: 1/1	Map 8: 7/7	Map 9: 66/66	Reducer 2: 1003(+6)/1009	Reducer 3: 0(+1)/1	Reducer 4: 0/1	
INFO  : Map 1: 67/67	Map 5: 66/66	Map 6: 1/1	Map 7: 1/1	Map 8: 7/7	Map 9: 66/66	Reducer 2: 1004(+5)/1009	Reducer 3: 0(+1)/1	Reducer 4: 0/1	
INFO  : Map 1: 67/67	Map 5: 66/66	Map 6: 1/1	Map 7: 1/1	Map 8: 7/7	Map 9: 66/66	Reducer 2: 1004(+5)/1009	Reducer 3: 0(+1)/1	Reducer 4: 0/1	
INFO  : Map 1: 67/67	Map 5: 66/66	Map 6: 1/1	Map 7: 1/1	Map 8: 7/7	Map 9: 66/66	Reducer 2: 1004(+5)/1009	Reducer 3: 0(+1)/1	Reducer 4: 0/1	
INFO  : Map 1: 67/67	Map 5: 66/66	Map 6: 1/1	Map 7: 1/1	Map 8: 7/7	Map 9: 66/66	Reducer 2: 1004(+5)/1009	Reducer 3: 0(+1)/1	Reducer 4: 0/1	
INFO  : Map 1: 67/67	Map 5: 66/66	Map 6: 1/1	Map 7: 1/1	Map 8: 7/7	Map 9: 66/66	Reducer 2: 1004(+5)/1009	Reducer 3: 0(+1)/1	Reducer 4: 0/1	
INFO  : Map 1: 67/67	Map 5: 66/66	Map 6: 1/1	Map 7: 1/1	Map 8: 7/7	Map 9: 66/66	Reducer 2: 1004(+5)/1009	Reducer 3: 0(+1)/1	Reducer 4: 0/1	
INFO  : Map 1: 67/67	Map 5: 66/66	Map 6: 1/1	Map 7: 1/1	Map 8: 7/7	Map 9: 66/66	Reducer 2: 1004(+5)/1009	Reducer 3: 0(+1)/1	Reducer 4: 0/1	
INFO  : Map 1: 67/67	Map 5: 66/66	Map 6: 1/1	Map 7: 1/1	Map 8: 7/7	Map 9: 66/66	Reducer 2: 1004(+5)/1009	Reducer 3: 0(+1)/1	Reducer 4: 0/1	
INFO  : Map 1: 67/67	Map 5: 66/66	Map 6: 1/1	Map 7: 1/1	Map 8: 7/7	Map 9: 66/66	Reducer 2: 1005(+4)/1009	Reducer 3: 0(+1)/1	Reducer 4: 0/1	
INFO  : Map 1: 67/67	Map 5: 66/66	Map 6: 1/1	Map 7: 1/1	Map 8: 7/7	Map 9: 66/66	Reducer 2: 1008(+1)/1009	Reducer 3: 0(+1)/1	Reducer 4: 0/1	
INFO  : Map 1: 67/67	Map 5: 66/66	Map 6: 1/1	Map 7: 1/1	Map 8: 7/7	Map 9: 66/66	Reducer 2: 1009/1009	Reducer 3: 1/1	Reducer 4: 0(+1)/1	
INFO  : Map 1: 67/67	Map 5: 66/66	Map 6: 1/1	Map 7: 1/1	Map 8: 7/7	Map 9: 66/66	Reducer 2: 1009/1009	Reducer 3: 1/1	Reducer 4: 1/1	
INFO  : Status: DAG finished successfully in 120.62 seconds
INFO  : 
INFO  : Query Execution Summary
INFO  : ----------------------------------------------------------------------------------------------
INFO  : ----------------------------------------------------------------------------------------------
INFO  : Compile Query                           1.71s
INFO  : Prepare Plan                           42.60s
INFO  : Submit Plan                             0.12s
INFO  : Start DAG                               0.21s
INFO  : Run DAG                               120.63s
INFO  : ----------------------------------------------------------------------------------------------
INFO  : 
INFO  : Task Execution Summary
INFO  : --------------------------------------------------------------------------------------------------------------------------------
INFO  : --------------------------------------------------------------------------------------------------------------------------------
INFO  :      Map 1           67                0             0       36276.00             0            0  1,500,000,714   1,500,000,714
INFO  :      Map 5           66                0             0        4071.00             0            0    375,000,000      56,884,578
INFO  :      Map 6            1                0             0         411.00             0            0             26               5
INFO  :      Map 7            1                0             0         202.00             0            0              5               1
INFO  :      Map 8            7                0             0        1627.00             0            0      2,500,005         499,624
INFO  :      Map 9           66                0             0        2254.00             0            0     37,500,000      37,500,000
INFO  :  Reducer 2         1009                0         13397       98621.00             0            0  1,594,884,916           5,045
INFO  :  Reducer 3            1                0            17       49356.00             0            0          5,045               5
INFO  :  Reducer 4            1                0             0         316.00             0            0              5               0
INFO  : --------------------------------------------------------------------------------------------------------------------------------
INFO  : 
INFO  : LLAP IO Summary
INFO  : ----------------------------------------------------------------------------------------------
INFO  : ----------------------------------------------------------------------------------------------
INFO  :      Map 1    150873      2000          0   17.81GB         0B          0B       0B   242.48s
INFO  :      Map 5     37683       750          0    2.28GB         0B          0B       0B    58.00s
INFO  :      Map 6         1         1          1      205B        23B    262.14KB      20B     0.03s
INFO  :      Map 7         1         0          2        0B        52B    786.43KB      43B     0.01s
INFO  :      Map 8       250        22          0    2.56MB         0B          0B       0B     0.30s
INFO  :      Map 9      3750       500          0   37.94MB         0B          0B       0B     3.82s
INFO  : ----------------------------------------------------------------------------------------------
INFO  : 
INFO  : FileSystem Counters Summary
INFO  : 
INFO  : ----------------------------------------------------------------------------------------------
INFO  : ----------------------------------------------------------------------------------------------
INFO  :      Map 1         24.20GB             0                  0            23.27GB             0
INFO  :      Map 5              0B             0                  0           637.70MB             0
INFO  :      Map 6              0B             0                  0               128B             0
INFO  :      Map 7              0B             0                  0                59B             0
INFO  :      Map 8              0B             0                  0             2.78MB             0
INFO  :      Map 9              0B             0                  0           197.87MB             0
INFO  :  Reducer 2          3.95GB             0                  0           200.51KB             0
INFO  :  Reducer 3             64B             0                  0               158B             0
INFO  :  Reducer 4              0B             0                  0                 0B             0
INFO  : ----------------------------------------------------------------------------------------------
INFO  : 
INFO  : ----------------------------------------------------------------------------------------------
INFO  : ----------------------------------------------------------------------------------------------
INFO  :      Map 1              0B             0                  0                 0B             0
INFO  :      Map 5              0B             0                  0                 0B             0
INFO  :      Map 6            163B             2                  0                 0B             0
INFO  :      Map 7          1.42KB             4                  0                 0B             0
INFO  :      Map 8              0B             0                  0                 0B             0
INFO  :      Map 9              0B             0                  0                 0B             0
INFO  :  Reducer 2              0B             0                  0                 0B             0
INFO  :  Reducer 3              0B             0                  0                 0B             0
INFO  :  Reducer 4              0B             2                  0               296B             2
INFO  : ----------------------------------------------------------------------------------------------
INFO  : 
INFO  : org.apache.tez.common.counters.DAGCounter:
INFO  :    NUM_KILLED_TASKS: 13414
INFO  :    NUM_SUCCEEDED_TASKS: 1219
INFO  :    TOTAL_LAUNCHED_TASKS: 14633
INFO  :    DATA_LOCAL_TASKS: 208
INFO  :    AM_CPU_MILLISECONDS: 67030
INFO  :    AM_GC_TIME_MILLIS: 943
INFO  : File System Counters:
INFO  :    FILE_BYTES_READ: 28146135889
INFO  :    FILE_BYTES_WRITTEN: 24107460042
INFO  :    FILE_READ_OPS: 0
INFO  :    FILE_LARGE_READ_OPS: 0
INFO  :    FILE_WRITE_OPS: 0
INFO  :    HDFS_BYTES_READ: 1578
INFO  :    HDFS_BYTES_WRITTEN: 296
INFO  :    HDFS_READ_OPS: 8
INFO  :    HDFS_LARGE_READ_OPS: 0
INFO  :    HDFS_WRITE_OPS: 2
INFO  : org.apache.tez.common.counters.TaskCounter:
INFO  :    REDUCE_INPUT_GROUPS: 10
INFO  :    REDUCE_INPUT_RECORDS: 5050
INFO  :    COMBINE_INPUT_RECORDS: 0
INFO  :    SPILLED_RECORDS: 1103380028
INFO  :    NUM_SHUFFLED_INPUTS: 136881
INFO  :    NUM_SKIPPED_INPUTS: 0
INFO  :    NUM_FAILED_SHUFFLE_INPUTS: 0
INFO  :    MERGED_MAP_OUTPUTS: 6320
INFO  :    INPUT_RECORDS_PROCESSED: 1900797051
INFO  :    INPUT_SPLIT_LENGTH_BYTES: 76131235356
INFO  :    OUTPUT_RECORDS: 1594889972
INFO  :    OUTPUT_LARGE_RECORDS: 0
INFO  :    OUTPUT_BYTES: 41443442821
INFO  :    OUTPUT_BYTES_WITH_OVERHEAD: 61823766558
INFO  :    OUTPUT_BYTES_PHYSICAL: 24107401842
INFO  :    ADDITIONAL_SPILLS_BYTES_WRITTEN: 17108051737
INFO  :    ADDITIONAL_SPILLS_BYTES_READ: 17108108857
INFO  :    ADDITIONAL_SPILL_COUNT: 183
INFO  :    SHUFFLE_CHUNK_COUNT: 1010
INFO  :    SHUFFLE_BYTES: 25709331746
INFO  :    SHUFFLE_BYTES_DECOMPRESSED: 48303598071
INFO  :    SHUFFLE_BYTES_TO_MEM: 22677828716
INFO  :    SHUFFLE_BYTES_TO_DISK: 0
INFO  :    SHUFFLE_BYTES_DISK_DIRECT: 3031503030
INFO  :    NUM_MEM_TO_DISK_MERGES: 0
INFO  :    NUM_DISK_TO_DISK_MERGES: 1
INFO  :    SHUFFLE_PHASE_TIME: 5543343
INFO  :    MERGE_PHASE_TIME: 8227
INFO  :    FIRST_EVENT_RECEIVED: 92951
INFO  :    LAST_EVENT_RECEIVED: 366964
INFO  : HIVE:
INFO  :    CREATED_FILES: 1
INFO  :    DESERIALIZE_ERRORS: 0
INFO  :    RECORDS_IN_Map_1: 1500000714
INFO  :    RECORDS_IN_Map_5: 375000000
INFO  :    RECORDS_IN_Map_6: 25
INFO  :    RECORDS_IN_Map_7: 5
INFO  :    RECORDS_IN_Map_8: 2500000
INFO  :    RECORDS_IN_Map_9: 37500000
INFO  :    RECORDS_OUT_0: 5
INFO  :    RECORDS_OUT_INTERMEDIATE_Map_1: 1500000714
INFO  :    RECORDS_OUT_INTERMEDIATE_Map_5: 56884578
INFO  :    RECORDS_OUT_INTERMEDIATE_Map_6: 5
INFO  :    RECORDS_OUT_INTERMEDIATE_Map_7: 1
INFO  :    RECORDS_OUT_INTERMEDIATE_Map_8: 499624
INFO  :    RECORDS_OUT_INTERMEDIATE_Map_9: 37500000
INFO  :    RECORDS_OUT_INTERMEDIATE_Reducer_2: 5045
INFO  :    RECORDS_OUT_INTERMEDIATE_Reducer_3: 5
INFO  : Shuffle Errors:
INFO  :    BAD_ID: 0
INFO  :    CONNECTION: 0
INFO  :    IO_ERROR: 0
INFO  :    WRONG_LENGTH: 0
INFO  :    WRONG_MAP: 0
INFO  :    WRONG_REDUCE: 0
INFO  : Shuffle Errors_Reducer_3_INPUT_Reducer_2:
INFO  :    BAD_ID: 0
INFO  :    CONNECTION: 0
INFO  :    IO_ERROR: 0
INFO  :    WRONG_LENGTH: 0
INFO  :    WRONG_MAP: 0
INFO  :    WRONG_REDUCE: 0
INFO  : Shuffle Errors_Reducer_4_INPUT_Reducer_3:
INFO  :    BAD_ID: 0
INFO  :    CONNECTION: 0
INFO  :    IO_ERROR: 0
INFO  :    WRONG_LENGTH: 0
INFO  :    WRONG_MAP: 0
INFO  :    WRONG_REDUCE: 0
INFO  : TaskCounter_Map_1_INPUT_lineitem:
INFO  :    INPUT_RECORDS_PROCESSED: 1500105
INFO  :    INPUT_SPLIT_LENGTH_BYTES: 58902255143
INFO  : TaskCounter_Map_1_OUTPUT_Reducer_2:
INFO  :    ADDITIONAL_SPILLS_BYTES_READ: 17108050662
INFO  :    ADDITIONAL_SPILLS_BYTES_WRITTEN: 17108050662
INFO  :    ADDITIONAL_SPILL_COUNT: 183
INFO  :    OUTPUT_BYTES: 40460469146
INFO  :    OUTPUT_BYTES_PHYSICAL: 23268909581
INFO  :    OUTPUT_BYTES_WITH_OVERHEAD: 59999723261
INFO  :    OUTPUT_LARGE_RECORDS: 0
INFO  :    OUTPUT_RECORDS: 1500000714
INFO  :    SPILLED_RECORDS: 1103369610
INFO  : TaskCounter_Map_5_INPUT_orders:
INFO  :    INPUT_RECORDS_PROCESSED: 375000
INFO  :    INPUT_SPLIT_LENGTH_BYTES: 14194909485
INFO  : TaskCounter_Map_5_OUTPUT_Reducer_2:
INFO  :    ADDITIONAL_SPILLS_BYTES_READ: 0
INFO  :    ADDITIONAL_SPILLS_BYTES_WRITTEN: 0
INFO  :    ADDITIONAL_SPILL_COUNT: 0
INFO  :    OUTPUT_BYTES: 600180685
INFO  :    OUTPUT_BYTES_PHYSICAL: 637702224
INFO  :    OUTPUT_BYTES_WITH_OVERHEAD: 1365228383
INFO  :    OUTPUT_LARGE_RECORDS: 0
INFO  :    OUTPUT_RECORDS: 56884578
INFO  :    SPILLED_RECORDS: 0
INFO  : TaskCounter_Map_6_INPUT_Map_7:
INFO  :    FIRST_EVENT_RECEIVED: 1
INFO  :    INPUT_RECORDS_PROCESSED: 1
INFO  :    LAST_EVENT_RECEIVED: 1
INFO  :    NUM_FAILED_SHUFFLE_INPUTS: 0
INFO  :    NUM_SHUFFLED_INPUTS: 1
INFO  :    SHUFFLE_BYTES: 27
INFO  :    SHUFFLE_BYTES_DECOMPRESSED: 13
INFO  :    SHUFFLE_BYTES_DISK_DIRECT: 0
INFO  :    SHUFFLE_BYTES_TO_DISK: 0
INFO  :    SHUFFLE_BYTES_TO_MEM: 27
INFO  :    SHUFFLE_PHASE_TIME: 4
INFO  : TaskCounter_Map_6_INPUT_nation:
INFO  :    INPUT_RECORDS_PROCESSED: 1
INFO  :    INPUT_SPLIT_LENGTH_BYTES: 1661
INFO  : TaskCounter_Map_6_OUTPUT_Map_8:
INFO  :    ADDITIONAL_SPILLS_BYTES_READ: 0
INFO  :    ADDITIONAL_SPILLS_BYTES_WRITTEN: 0
INFO  :    ADDITIONAL_SPILL_COUNT: 0
INFO  :    OUTPUT_BYTES: 72
INFO  :    OUTPUT_BYTES_PHYSICAL: 120
INFO  :    OUTPUT_BYTES_WITH_OVERHEAD: 88
INFO  :    OUTPUT_LARGE_RECORDS: 0
INFO  :    OUTPUT_RECORDS: 5
INFO  :    SPILLED_RECORDS: 0
INFO  : TaskCounter_Map_7_INPUT_region:
INFO  :    INPUT_RECORDS_PROCESSED: 1
INFO  :    INPUT_SPLIT_LENGTH_BYTES: 670
INFO  : TaskCounter_Map_7_OUTPUT_Map_6:
INFO  :    ADDITIONAL_SPILLS_BYTES_READ: 0
INFO  :    ADDITIONAL_SPILLS_BYTES_WRITTEN: 0
INFO  :    ADDITIONAL_SPILL_COUNT: 0
INFO  :    OUTPUT_BYTES: 5
INFO  :    OUTPUT_BYTES_PHYSICAL: 51
INFO  :    OUTPUT_BYTES_WITH_OVERHEAD: 13
INFO  :    OUTPUT_LARGE_RECORDS: 0
INFO  :    OUTPUT_RECORDS: 1
INFO  :    SPILLED_RECORDS: 0
INFO  : TaskCounter_Map_8_INPUT_Map_6:
INFO  :    FIRST_EVENT_RECEIVED: 290
INFO  :    INPUT_RECORDS_PROCESSED: 35
INFO  :    LAST_EVENT_RECEIVED: 290
INFO  :    NUM_FAILED_SHUFFLE_INPUTS: 0
INFO  :    NUM_SHUFFLED_INPUTS: 7
INFO  :    SHUFFLE_BYTES: 672
INFO  :    SHUFFLE_BYTES_DECOMPRESSED: 616
INFO  :    SHUFFLE_BYTES_DISK_DIRECT: 0
INFO  :    SHUFFLE_BYTES_TO_DISK: 0
INFO  :    SHUFFLE_BYTES_TO_MEM: 672
INFO  :    SHUFFLE_PHASE_TIME: 1008
INFO  : TaskCounter_Map_8_INPUT_supplier:
INFO  :    INPUT_RECORDS_PROCESSED: 2500
INFO  :    INPUT_SPLIT_LENGTH_BYTES: 181097437
INFO  : TaskCounter_Map_8_OUTPUT_Reducer_2:
INFO  :    ADDITIONAL_SPILLS_BYTES_READ: 0
INFO  :    ADDITIONAL_SPILLS_BYTES_WRITTEN: 0
INFO  :    ADDITIONAL_SPILL_COUNT: 0
INFO  :    OUTPUT_BYTES: 7694943
INFO  :    OUTPUT_BYTES_PHYSICAL: 2780736
INFO  :    OUTPUT_BYTES_WITH_OVERHEAD: 8694233
INFO  :    OUTPUT_LARGE_RECORDS: 0
INFO  :    OUTPUT_RECORDS: 499624
INFO  :    SPILLED_RECORDS: 0
INFO  : TaskCounter_Map_9_INPUT_customer:
INFO  :    INPUT_RECORDS_PROCESSED: 37500
INFO  :    INPUT_SPLIT_LENGTH_BYTES: 2852970960
INFO  : TaskCounter_Map_9_OUTPUT_Reducer_2:
INFO  :    ADDITIONAL_SPILLS_BYTES_READ: 0
INFO  :    ADDITIONAL_SPILLS_BYTES_WRITTEN: 0
INFO  :    ADDITIONAL_SPILL_COUNT: 0
INFO  :    OUTPUT_BYTES: 375000000
INFO  :    OUTPUT_BYTES_PHYSICAL: 197864998
INFO  :    OUTPUT_BYTES_WITH_OVERHEAD: 450000396
INFO  :    OUTPUT_LARGE_RECORDS: 0
INFO  :    OUTPUT_RECORDS: 37500000
INFO  :    SPILLED_RECORDS: 0
INFO  : TaskCounter_Reducer_2_INPUT_Map_1:
INFO  :    FIRST_EVENT_RECEIVED: 41532
INFO  :    INPUT_RECORDS_PROCESSED: 1500000714
INFO  :    LAST_EVENT_RECEIVED: 244271
INFO  :    NUM_FAILED_SHUFFLE_INPUTS: 0
INFO  :    NUM_SHUFFLED_INPUTS: 67603
INFO  :    SHUFFLE_BYTES: 23267287109
INFO  :    SHUFFLE_BYTES_DECOMPRESSED: 43460876192
INFO  :    SHUFFLE_BYTES_DISK_DIRECT: 2759396573
INFO  :    SHUFFLE_BYTES_TO_DISK: 0
INFO  :    SHUFFLE_BYTES_TO_MEM: 20507890536
INFO  :    SHUFFLE_PHASE_TIME: 2886864
INFO  : TaskCounter_Reducer_2_INPUT_Map_5:
INFO  :    FIRST_EVENT_RECEIVED: 50264
INFO  :    INPUT_RECORDS_PROCESSED: 56884578
INFO  :    LAST_EVENT_RECEIVED: 112284
INFO  :    NUM_FAILED_SHUFFLE_INPUTS: 0
INFO  :    NUM_SHUFFLED_INPUTS: 66594
INFO  :    SHUFFLE_BYTES: 636103968
INFO  :    SHUFFLE_BYTES_DECOMPRESSED: 714349405
INFO  :    SHUFFLE_BYTES_DISK_DIRECT: 71442205
INFO  :    SHUFFLE_BYTES_TO_DISK: 0
INFO  :    SHUFFLE_BYTES_TO_MEM: 564661763
INFO  :    SHUFFLE_PHASE_TIME: 2615300
INFO  : TaskCounter_Reducer_2_INPUT_Map_8:
INFO  :    FIRST_EVENT_RECEIVED: 486
INFO  :    INPUT_RECORDS_PROCESSED: 4496616
INFO  :    LAST_EVENT_RECEIVED: 502
INFO  :    NUM_FAILED_SHUFFLE_INPUTS: 0
INFO  :    NUM_SHUFFLED_INPUTS: 63
INFO  :    SHUFFLE_BYTES: 25025112
INFO  :    SHUFFLE_BYTES_DECOMPRESSED: 78248097
INFO  :    SHUFFLE_BYTES_DISK_DIRECT: 2780568
INFO  :    SHUFFLE_BYTES_TO_DISK: 0
INFO  :    SHUFFLE_BYTES_TO_MEM: 22244544
INFO  :    SHUFFLE_PHASE_TIME: 10270
INFO  : TaskCounter_Reducer_2_INPUT_Map_9:
INFO  :    FIRST_EVENT_RECEIVED: 340
INFO  :    INPUT_RECORDS_PROCESSED: 337500000
INFO  :    LAST_EVENT_RECEIVED: 1488
INFO  :    NUM_FAILED_SHUFFLE_INPUTS: 0
INFO  :    NUM_SHUFFLED_INPUTS: 594
INFO  :    SHUFFLE_BYTES: 1780770726
INFO  :    SHUFFLE_BYTES_DECOMPRESSED: 4050003564
INFO  :    SHUFFLE_BYTES_DISK_DIRECT: 197863414
INFO  :    SHUFFLE_BYTES_TO_DISK: 0
INFO  :    SHUFFLE_BYTES_TO_MEM: 1582907312
INFO  :    SHUFFLE_PHASE_TIME: 21758
INFO  : TaskCounter_Reducer_2_OUTPUT_Reducer_3:
INFO  :    ADDITIONAL_SPILLS_BYTES_READ: 0
INFO  :    ADDITIONAL_SPILLS_BYTES_WRITTEN: 0
INFO  :    ADDITIONAL_SPILL_COUNT: 0
INFO  :    OUTPUT_BYTES: 97873
INFO  :    OUTPUT_BYTES_PHYSICAL: 144006
INFO  :    OUTPUT_BYTES_WITH_OVERHEAD: 120071
INFO  :    OUTPUT_RECORDS: 5045
INFO  :    SHUFFLE_CHUNK_COUNT: 1009
INFO  :    SPILLED_RECORDS: 5045
INFO  : TaskCounter_Reducer_3_INPUT_Reducer_2:
INFO  :    ADDITIONAL_SPILLS_BYTES_READ: 58069
INFO  :    ADDITIONAL_SPILLS_BYTES_WRITTEN: 949
INFO  :    COMBINE_INPUT_RECORDS: 0
INFO  :    FIRST_EVENT_RECEIVED: 18
INFO  :    LAST_EVENT_RECEIVED: 8108
INFO  :    MERGED_MAP_OUTPUTS: 6319
INFO  :    MERGE_PHASE_TIME: 8153
INFO  :    NUM_DISK_TO_DISK_MERGES: 1
INFO  :    NUM_FAILED_SHUFFLE_INPUTS: 0
INFO  :    NUM_MEM_TO_DISK_MERGES: 0
INFO  :    NUM_SHUFFLED_INPUTS: 2018
INFO  :    NUM_SKIPPED_INPUTS: 0
INFO  :    REDUCE_INPUT_GROUPS: 5
INFO  :    REDUCE_INPUT_RECORDS: 5045
INFO  :    SHUFFLE_BYTES: 144006
INFO  :    SHUFFLE_BYTES_DECOMPRESSED: 120071
INFO  :    SHUFFLE_BYTES_DISK_DIRECT: 20270
INFO  :    SHUFFLE_BYTES_TO_DISK: 0
INFO  :    SHUFFLE_BYTES_TO_MEM: 123736
INFO  :    SHUFFLE_PHASE_TIME: 8109
INFO  :    SPILLED_RECORDS: 5363
INFO  : TaskCounter_Reducer_3_OUTPUT_Reducer_4:
INFO  :    ADDITIONAL_SPILLS_BYTES_READ: 0
INFO  :    ADDITIONAL_SPILLS_BYTES_WRITTEN: 0
INFO  :    ADDITIONAL_SPILL_COUNT: 0
INFO  :    OUTPUT_BYTES: 97
INFO  :    OUTPUT_BYTES_PHYSICAL: 126
INFO  :    OUTPUT_BYTES_WITH_OVERHEAD: 113
INFO  :    OUTPUT_RECORDS: 5
INFO  :    SHUFFLE_CHUNK_COUNT: 1
INFO  :    SPILLED_RECORDS: 5
INFO  : TaskCounter_Reducer_4_INPUT_Reducer_3:
INFO  :    ADDITIONAL_SPILLS_BYTES_READ: 126
INFO  :    ADDITIONAL_SPILLS_BYTES_WRITTEN: 126
INFO  :    COMBINE_INPUT_RECORDS: 0
INFO  :    FIRST_EVENT_RECEIVED: 20
INFO  :    LAST_EVENT_RECEIVED: 20
INFO  :    MERGED_MAP_OUTPUTS: 1
INFO  :    MERGE_PHASE_TIME: 74
INFO  :    NUM_DISK_TO_DISK_MERGES: 0
INFO  :    NUM_FAILED_SHUFFLE_INPUTS: 0
INFO  :    NUM_MEM_TO_DISK_MERGES: 0
INFO  :    NUM_SHUFFLED_INPUTS: 1
INFO  :    NUM_SKIPPED_INPUTS: 0
INFO  :    REDUCE_INPUT_GROUPS: 5
INFO  :    REDUCE_INPUT_RECORDS: 5
INFO  :    SHUFFLE_BYTES: 126
INFO  :    SHUFFLE_BYTES_DECOMPRESSED: 113
INFO  :    SHUFFLE_BYTES_DISK_DIRECT: 0
INFO  :    SHUFFLE_BYTES_TO_DISK: 0
INFO  :    SHUFFLE_BYTES_TO_MEM: 126
INFO  :    SHUFFLE_PHASE_TIME: 30
INFO  :    SPILLED_RECORDS: 5
INFO  : TaskCounter_Reducer_4_OUTPUT_out_Reducer_4:
INFO  :    OUTPUT_RECORDS: 0
INFO  : org.apache.hadoop.hive.llap.counters.LlapIOCounters:
INFO  :    ALLOCATED_BYTES: 1048576
INFO  :    ALLOCATED_USED_BYTES: 63
INFO  :    CACHE_HIT_BYTES: 20126347843
INFO  :    CACHE_MISS_BYTES: 75
INFO  :    CONSUMER_TIME_NS: 796894897594
INFO  :    DECODE_TIME_NS: 287953640005
INFO  :    HDFS_TIME_NS: 120568790
INFO  :    METADATA_CACHE_HIT: 3273
INFO  :    METADATA_CACHE_MISS: 3
INFO  :    NUM_DECODED_BATCHES: 192558
INFO  :    NUM_VECTOR_BATCHES: 1915107
INFO  :    ROWS_EMITTED: 1915000744
INFO  :    SELECTED_ROWGROUPS: 192558
INFO  :    TOTAL_IO_TIME_NS: 304644486177
INFO  : Completed executing command(queryId=hive_20161005150826_0adbadf2-46ff-4b78-b202-23300dda4889); Time taken: 163.632 seconds
INFO  : OK
5 rows selected (165.387 seconds)
Closing: 0: jdbc:hive2://h01hn02:10500/tpch_flat_orc_250
