Format csv is deprecated, please use csv2
Connecting to jdbc:hive2://h01hn02:10500/tpch_flat_orc_250
Connected to: Apache Hive (version 2.1.0.2.5.1.0-43)
Driver: Hive JDBC (version 1.2.1000.2.5.1.0-43)
Transaction isolation: TRANSACTION_REPEATABLE_READ
Running init script ../sample-queries-tpcds/bry.sql
No rows affected (0.034 seconds)
INFO  : Compiling command(queryId=hive_20161005143943_8f9cb9de-5f85-4af6-a666-8d8db73e0131): select
	c_custkey,
	c_name,
	sum(l_extendedprice * (1 - l_discount)) as revenue,
	c_acctbal,
	n_name,
	c_address,
	c_phone,
	c_comment
from
	customer,
	orders,
	lineitem,
	nation
where
	c_custkey = o_custkey
	and l_orderkey = o_orderkey
	and o_orderdate >= '1993-07-01'
	and o_orderdate < '1993-10-01'
	and l_returnflag = 'R'
	and c_nationkey = n_nationkey
group by
	c_custkey,
	c_name,
	c_acctbal,
	c_phone,
	n_name,
	c_address,
	c_comment
order by
	revenue desc
limit 20
INFO  : Semantic Analysis Completed
INFO  : Returning Hive schema: Schema(fieldSchemas:[FieldSchema(name:c_custkey, type:int, comment:null), FieldSchema(name:c_name, type:string, comment:null), FieldSchema(name:revenue, type:double, comment:null), FieldSchema(name:c_acctbal, type:double, comment:null), FieldSchema(name:n_name, type:string, comment:null), FieldSchema(name:c_address, type:string, comment:null), FieldSchema(name:c_phone, type:string, comment:null), FieldSchema(name:c_comment, type:string, comment:null)], properties:null)
INFO  : Completed compiling command(queryId=hive_20161005143943_8f9cb9de-5f85-4af6-a666-8d8db73e0131); Time taken: 0.391 seconds
INFO  : Concurrency mode is disabled, not creating a lock manager
INFO  : Executing command(queryId=hive_20161005143943_8f9cb9de-5f85-4af6-a666-8d8db73e0131): select
	c_custkey,
	c_name,
	sum(l_extendedprice * (1 - l_discount)) as revenue,
	c_acctbal,
	n_name,
	c_address,
	c_phone,
	c_comment
from
	customer,
	orders,
	lineitem,
	nation
where
	c_custkey = o_custkey
	and l_orderkey = o_orderkey
	and o_orderdate >= '1993-07-01'
	and o_orderdate < '1993-10-01'
	and l_returnflag = 'R'
	and c_nationkey = n_nationkey
group by
	c_custkey,
	c_name,
	c_acctbal,
	c_phone,
	n_name,
	c_address,
	c_comment
order by
	revenue desc
limit 20
INFO  : Query ID = hive_20161005143943_8f9cb9de-5f85-4af6-a666-8d8db73e0131
INFO  : Total jobs = 1
INFO  : Launching Job 1 out of 1
INFO  : Starting task [Stage-1:MAPRED] in serial mode
INFO  : Session is already open
INFO  : Dag name: select
	c_custkey,
	c_name,
	sum(l_exte...20(Stage-1)
INFO  : Setting tez.task.scale.memory.reserve-fraction to 0.30000001192092896
INFO  : Setting tez.task.scale.memory.reserve-fraction to 0.30000001192092896
INFO  : Setting tez.task.scale.memory.reserve-fraction to 0.30000001192092896
INFO  : 

INFO  : Status: Running (Executing on YARN cluster with App id application_1475694383065_0006)

INFO  : Map 1: 0(+67)/67	Map 6: 0(+66)/66	Map 7: 0(+66)/66	Map 8: 1/1	Reducer 2: 0/1009	Reducer 3: 0/744	Reducer 4: 0/1009	Reducer 5: 0/1	
INFO  : Map 1: 0(+67)/67	Map 6: 2(+64)/66	Map 7: 0(+66)/66	Map 8: 1/1	Reducer 2: 0/1009	Reducer 3: 0/744	Reducer 4: 0/1009	Reducer 5: 0/1	
INFO  : Map 1: 0(+67)/67	Map 6: 3(+63)/66	Map 7: 0(+66)/66	Map 8: 1/1	Reducer 2: 0/1009	Reducer 3: 0/744	Reducer 4: 0/1009	Reducer 5: 0/1	
INFO  : Map 1: 0(+67)/67	Map 6: 12(+54)/66	Map 7: 1(+65)/66	Map 8: 1/1	Reducer 2: 0/1009	Reducer 3: 0/744	Reducer 4: 0/1009	Reducer 5: 0/1	
INFO  : Map 1: 0(+67)/67	Map 6: 21(+45)/66	Map 7: 2(+64)/66	Map 8: 1/1	Reducer 2: 0/1009	Reducer 3: 0/744	Reducer 4: 0/1009	Reducer 5: 0/1	
INFO  : Map 1: 0(+67)/67	Map 6: 27(+39)/66	Map 7: 3(+63)/66	Map 8: 1/1	Reducer 2: 0/1009	Reducer 3: 0/744	Reducer 4: 0/1009	Reducer 5: 0/1	
INFO  : Map 1: 0(+67)/67	Map 6: 30(+36)/66	Map 7: 3(+63)/66	Map 8: 1/1	Reducer 2: 0/1009	Reducer 3: 0/744	Reducer 4: 0/1009	Reducer 5: 0/1	
INFO  : Map 1: 0(+67)/67	Map 6: 37(+29)/66	Map 7: 3(+63)/66	Map 8: 1/1	Reducer 2: 0/1009	Reducer 3: 0/744	Reducer 4: 0/1009	Reducer 5: 0/1	
INFO  : Map 1: 0(+67)/67	Map 6: 52(+14)/66	Map 7: 4(+62)/66	Map 8: 1/1	Reducer 2: 0/1009	Reducer 3: 0/744	Reducer 4: 0/1009	Reducer 5: 0/1	
INFO  : Map 1: 0(+67)/67	Map 6: 58(+8)/66	Map 7: 10(+56)/66	Map 8: 1/1	Reducer 2: 0/1009	Reducer 3: 0/744	Reducer 4: 0/1009	Reducer 5: 0/1	
INFO  : Map 1: 3(+64)/67	Map 6: 59(+7)/66	Map 7: 31(+35)/66	Map 8: 1/1	Reducer 2: 0/1009	Reducer 3: 0/744	Reducer 4: 0/1009	Reducer 5: 0/1	
INFO  : Map 1: 4(+63)/67	Map 6: 59(+7)/66	Map 7: 46(+20)/66	Map 8: 1/1	Reducer 2: 0/1009	Reducer 3: 0/744	Reducer 4: 0/1009	Reducer 5: 0/1	
INFO  : Map 1: 4(+63)/67	Map 6: 59(+7)/66	Map 7: 56(+10)/66	Map 8: 1/1	Reducer 2: 0/1009	Reducer 3: 0/744	Reducer 4: 0/1009	Reducer 5: 0/1	
INFO  : Map 1: 4(+63)/67	Map 6: 64(+2)/66	Map 7: 59(+7)/66	Map 8: 1/1	Reducer 2: 0/1009	Reducer 3: 0/744	Reducer 4: 0/1009	Reducer 5: 0/1	
INFO  : Map 1: 4(+63)/67	Map 6: 66/66	Map 7: 59(+7)/66	Map 8: 1/1	Reducer 2: 0/1009	Reducer 3: 0/744	Reducer 4: 0/1009	Reducer 5: 0/1	
INFO  : Map 1: 5(+62)/67	Map 6: 66/66	Map 7: 61(+5)/66	Map 8: 1/1	Reducer 2: 0/1009	Reducer 3: 0/744	Reducer 4: 0/1009	Reducer 5: 0/1	
INFO  : Map 1: 6(+61)/67	Map 6: 66/66	Map 7: 62(+4)/66	Map 8: 1/1	Reducer 2: 0/1009	Reducer 3: 0/744	Reducer 4: 0/1009	Reducer 5: 0/1	
INFO  : Map 1: 6(+61)/67	Map 6: 66/66	Map 7: 63(+3)/66	Map 8: 1/1	Reducer 2: 0/1009	Reducer 3: 0/744	Reducer 4: 0/1009	Reducer 5: 0/1	
INFO  : Map 1: 6(+61)/67	Map 6: 66/66	Map 7: 64(+2)/66	Map 8: 1/1	Reducer 2: 0/1009	Reducer 3: 0/744	Reducer 4: 0/1009	Reducer 5: 0/1	
INFO  : Map 1: 7(+60)/67	Map 6: 66/66	Map 7: 66/66	Map 8: 1/1	Reducer 2: 0/1009	Reducer 3: 0/744	Reducer 4: 0/1009	Reducer 5: 0/1	
INFO  : Map 1: 10(+57)/67	Map 6: 66/66	Map 7: 66/66	Map 8: 1/1	Reducer 2: 0/1009	Reducer 3: 0/744	Reducer 4: 0/1009	Reducer 5: 0/1	
INFO  : Map 1: 14(+53)/67	Map 6: 66/66	Map 7: 66/66	Map 8: 1/1	Reducer 2: 0(+46)/1009	Reducer 3: 0/744	Reducer 4: 0/1009	Reducer 5: 0/1	
INFO  : Map 1: 17(+50)/67	Map 6: 66/66	Map 7: 66/66	Map 8: 1/1	Reducer 2: 0(+224)/1009	Reducer 3: 0/744	Reducer 4: 0/1009	Reducer 5: 0/1	
INFO  : Map 1: 21(+46)/67	Map 6: 66/66	Map 7: 66/66	Map 8: 1/1	Reducer 2: 0(+458)/1009	Reducer 3: 0/744	Reducer 4: 0/1009	Reducer 5: 0/1	
INFO  : Map 1: 35(+32)/67	Map 6: 66/66	Map 7: 66/66	Map 8: 1/1	Reducer 2: 0(+472)/1009	Reducer 3: 0/744	Reducer 4: 0/1009	Reducer 5: 0/1	
INFO  : Map 1: 41(+26)/67	Map 6: 66/66	Map 7: 66/66	Map 8: 1/1	Reducer 2: 0(+478)/1009	Reducer 3: 0/744	Reducer 4: 0/1009	Reducer 5: 0/1	
INFO  : Map 1: 45(+22)/67	Map 6: 66/66	Map 7: 66/66	Map 8: 1/1	Reducer 2: 0(+482)/1009	Reducer 3: 0/744	Reducer 4: 0/1009	Reducer 5: 0/1	
INFO  : Map 1: 47(+20)/67	Map 6: 66/66	Map 7: 66/66	Map 8: 1/1	Reducer 2: 0(+484)/1009	Reducer 3: 0/744	Reducer 4: 0/1009	Reducer 5: 0/1	
INFO  : Map 1: 51(+16)/67	Map 6: 66/66	Map 7: 66/66	Map 8: 1/1	Reducer 2: 0(+488)/1009	Reducer 3: 0/744	Reducer 4: 0/1009	Reducer 5: 0/1	
INFO  : Map 1: 52(+15)/67	Map 6: 66/66	Map 7: 66/66	Map 8: 1/1	Reducer 2: 0(+489)/1009	Reducer 3: 0/744	Reducer 4: 0/1009	Reducer 5: 0/1	
INFO  : Map 1: 55(+12)/67	Map 6: 66/66	Map 7: 66/66	Map 8: 1/1	Reducer 2: 0(+492)/1009	Reducer 3: 0/744	Reducer 4: 0/1009	Reducer 5: 0/1	
INFO  : Map 1: 56(+11)/67	Map 6: 66/66	Map 7: 66/66	Map 8: 1/1	Reducer 2: 0(+493)/1009	Reducer 3: 0/744	Reducer 4: 0/1009	Reducer 5: 0/1	
INFO  : Map 1: 57(+10)/67	Map 6: 66/66	Map 7: 66/66	Map 8: 1/1	Reducer 2: 0(+494)/1009	Reducer 3: 0/744	Reducer 4: 0/1009	Reducer 5: 0/1	
INFO  : Map 1: 59(+8)/67	Map 6: 66/66	Map 7: 66/66	Map 8: 1/1	Reducer 2: 0(+496)/1009	Reducer 3: 0/744	Reducer 4: 0/1009	Reducer 5: 0/1	
INFO  : Map 1: 63(+4)/67	Map 6: 66/66	Map 7: 66/66	Map 8: 1/1	Reducer 2: 0(+500)/1009	Reducer 3: 0/744	Reducer 4: 0/1009	Reducer 5: 0/1	
INFO  : Map 1: 66(+1)/67	Map 6: 66/66	Map 7: 66/66	Map 8: 1/1	Reducer 2: 0(+503)/1009	Reducer 3: 0/744	Reducer 4: 0/1009	Reducer 5: 0/1	
INFO  : Map 1: 67/67	Map 6: 66/66	Map 7: 66/66	Map 8: 1/1	Reducer 2: 0(+504)/1009	Reducer 3: 0/744	Reducer 4: 0/1009	Reducer 5: 0/1	
INFO  : Map 1: 67/67	Map 6: 66/66	Map 7: 66/66	Map 8: 1/1	Reducer 2: 1(+504)/1009	Reducer 3: 0/744	Reducer 4: 0/1009	Reducer 5: 0/1	
INFO  : Map 1: 67/67	Map 6: 66/66	Map 7: 66/66	Map 8: 1/1	Reducer 2: 5(+504)/1009	Reducer 3: 0/744	Reducer 4: 0/1009	Reducer 5: 0/1	
INFO  : Map 1: 67/67	Map 6: 66/66	Map 7: 66/66	Map 8: 1/1	Reducer 2: 15(+504)/1009	Reducer 3: 0/744	Reducer 4: 0/1009	Reducer 5: 0/1	
INFO  : Map 1: 67/67	Map 6: 66/66	Map 7: 66/66	Map 8: 1/1	Reducer 2: 37(+504)/1009	Reducer 3: 0/744	Reducer 4: 0/1009	Reducer 5: 0/1	
INFO  : Map 1: 67/67	Map 6: 66/66	Map 7: 66/66	Map 8: 1/1	Reducer 2: 52(+504)/1009	Reducer 3: 0/744	Reducer 4: 0/1009	Reducer 5: 0/1	
INFO  : Map 1: 67/67	Map 6: 66/66	Map 7: 66/66	Map 8: 1/1	Reducer 2: 56(+504)/1009	Reducer 3: 0/744	Reducer 4: 0/1009	Reducer 5: 0/1	
INFO  : Map 1: 67/67	Map 6: 66/66	Map 7: 66/66	Map 8: 1/1	Reducer 2: 57(+504)/1009	Reducer 3: 0/744	Reducer 4: 0/1009	Reducer 5: 0/1	
INFO  : Map 1: 67/67	Map 6: 66/66	Map 7: 66/66	Map 8: 1/1	Reducer 2: 66(+504)/1009	Reducer 3: 0/744	Reducer 4: 0/1009	Reducer 5: 0/1	
INFO  : Map 1: 67/67	Map 6: 66/66	Map 7: 66/66	Map 8: 1/1	Reducer 2: 102(+504)/1009	Reducer 3: 0/744	Reducer 4: 0/1009	Reducer 5: 0/1	
INFO  : Map 1: 67/67	Map 6: 66/66	Map 7: 66/66	Map 8: 1/1	Reducer 2: 107(+504)/1009	Reducer 3: 0/744	Reducer 4: 0/1009	Reducer 5: 0/1	
INFO  : Map 1: 67/67	Map 6: 66/66	Map 7: 66/66	Map 8: 1/1	Reducer 2: 108(+504)/1009	Reducer 3: 0/744	Reducer 4: 0/1009	Reducer 5: 0/1	
INFO  : Map 1: 67/67	Map 6: 66/66	Map 7: 66/66	Map 8: 1/1	Reducer 2: 110(+504)/1009	Reducer 3: 0/744	Reducer 4: 0/1009	Reducer 5: 0/1	
INFO  : Map 1: 67/67	Map 6: 66/66	Map 7: 66/66	Map 8: 1/1	Reducer 2: 134(+504)/1009	Reducer 3: 0/744	Reducer 4: 0/1009	Reducer 5: 0/1	
INFO  : Map 1: 67/67	Map 6: 66/66	Map 7: 66/66	Map 8: 1/1	Reducer 2: 150(+504)/1009	Reducer 3: 0/744	Reducer 4: 0/1009	Reducer 5: 0/1	
INFO  : Map 1: 67/67	Map 6: 66/66	Map 7: 66/66	Map 8: 1/1	Reducer 2: 163(+504)/1009	Reducer 3: 0/744	Reducer 4: 0/1009	Reducer 5: 0/1	
INFO  : Map 1: 67/67	Map 6: 66/66	Map 7: 66/66	Map 8: 1/1	Reducer 2: 171(+504)/1009	Reducer 3: 0/744	Reducer 4: 0/1009	Reducer 5: 0/1	
INFO  : Map 1: 67/67	Map 6: 66/66	Map 7: 66/66	Map 8: 1/1	Reducer 2: 187(+504)/1009	Reducer 3: 0/744	Reducer 4: 0/1009	Reducer 5: 0/1	
INFO  : Map 1: 67/67	Map 6: 66/66	Map 7: 66/66	Map 8: 1/1	Reducer 2: 197(+504)/1009	Reducer 3: 0/744	Reducer 4: 0/1009	Reducer 5: 0/1	
INFO  : Map 1: 67/67	Map 6: 66/66	Map 7: 66/66	Map 8: 1/1	Reducer 2: 212(+504)/1009	Reducer 3: 0/744	Reducer 4: 0/1009	Reducer 5: 0/1	
INFO  : Map 1: 67/67	Map 6: 66/66	Map 7: 66/66	Map 8: 1/1	Reducer 2: 243(+501)/1009	Reducer 3: 0/744	Reducer 4: 0/1009	Reducer 5: 0/1	
INFO  : Map 1: 67/67	Map 6: 66/66	Map 7: 66/66	Map 8: 1/1	Reducer 2: 300(+505)/1009	Reducer 3: 0/744	Reducer 4: 0/1009	Reducer 5: 0/1	
INFO  : Map 1: 67/67	Map 6: 66/66	Map 7: 66/66	Map 8: 1/1	Reducer 2: 328(+505)/1009	Reducer 3: 0/744	Reducer 4: 0/1009	Reducer 5: 0/1	
INFO  : Map 1: 67/67	Map 6: 66/66	Map 7: 66/66	Map 8: 1/1	Reducer 2: 345(+505)/1009	Reducer 3: 0/744	Reducer 4: 0/1009	Reducer 5: 0/1	
INFO  : Map 1: 67/67	Map 6: 66/66	Map 7: 66/66	Map 8: 1/1	Reducer 2: 373(+505)/1009	Reducer 3: 0/744	Reducer 4: 0/1009	Reducer 5: 0/1	
INFO  : Map 1: 67/67	Map 6: 66/66	Map 7: 66/66	Map 8: 1/1	Reducer 2: 387(+505)/1009	Reducer 3: 0/744	Reducer 4: 0/1009	Reducer 5: 0/1	
INFO  : Map 1: 67/67	Map 6: 66/66	Map 7: 66/66	Map 8: 1/1	Reducer 2: 411(+511)/1009	Reducer 3: 0/744	Reducer 4: 0/1009	Reducer 5: 0/1	
INFO  : Map 1: 67/67	Map 6: 66/66	Map 7: 66/66	Map 8: 1/1	Reducer 2: 422(+512)/1009	Reducer 3: 0/744	Reducer 4: 0/1009	Reducer 5: 0/1	
INFO  : Map 1: 67/67	Map 6: 66/66	Map 7: 66/66	Map 8: 1/1	Reducer 2: 435(+512)/1009	Reducer 3: 0/744	Reducer 4: 0/1009	Reducer 5: 0/1	
INFO  : Map 1: 67/67	Map 6: 66/66	Map 7: 66/66	Map 8: 1/1	Reducer 2: 439(+512)/1009	Reducer 3: 0/744	Reducer 4: 0/1009	Reducer 5: 0/1	
INFO  : Map 1: 67/67	Map 6: 66/66	Map 7: 66/66	Map 8: 1/1	Reducer 2: 451(+512)/1009	Reducer 3: 0/744	Reducer 4: 0/1009	Reducer 5: 0/1	
INFO  : Map 1: 67/67	Map 6: 66/66	Map 7: 66/66	Map 8: 1/1	Reducer 2: 467(+511)/1009	Reducer 3: 0/744	Reducer 4: 0/1009	Reducer 5: 0/1	
INFO  : Map 1: 67/67	Map 6: 66/66	Map 7: 66/66	Map 8: 1/1	Reducer 2: 484(+512)/1009	Reducer 3: 0/744	Reducer 4: 0/1009	Reducer 5: 0/1	
INFO  : Map 1: 67/67	Map 6: 66/66	Map 7: 66/66	Map 8: 1/1	Reducer 2: 506(+503)/1009	Reducer 3: 0(+1)/744	Reducer 4: 0/1009	Reducer 5: 0/1	
INFO  : Map 1: 67/67	Map 6: 66/66	Map 7: 66/66	Map 8: 1/1	Reducer 2: 514(+495)/1009	Reducer 3: 0(+9)/744	Reducer 4: 0/1009	Reducer 5: 0/1	
INFO  : Map 1: 67/67	Map 6: 66/66	Map 7: 66/66	Map 8: 1/1	Reducer 2: 531(+478)/1009	Reducer 3: 0(+26)/744	Reducer 4: 0/1009	Reducer 5: 0/1	
INFO  : Map 1: 67/67	Map 6: 66/66	Map 7: 66/66	Map 8: 1/1	Reducer 2: 551(+458)/1009	Reducer 3: 0(+46)/744	Reducer 4: 0/1009	Reducer 5: 0/1	
INFO  : Map 1: 67/67	Map 6: 66/66	Map 7: 66/66	Map 8: 1/1	Reducer 2: 573(+436)/1009	Reducer 3: 0(+68)/744	Reducer 4: 0/1009	Reducer 5: 0/1	
INFO  : Map 1: 67/67	Map 6: 66/66	Map 7: 66/66	Map 8: 1/1	Reducer 2: 626(+383)/1009	Reducer 3: 0(+130)/744	Reducer 4: 0/1009	Reducer 5: 0/1	
INFO  : Map 1: 67/67	Map 6: 66/66	Map 7: 66/66	Map 8: 1/1	Reducer 2: 643(+366)/1009	Reducer 3: 0(+150)/744	Reducer 4: 0/1009	Reducer 5: 0/1	
INFO  : Map 1: 67/67	Map 6: 66/66	Map 7: 66/66	Map 8: 1/1	Reducer 2: 661(+348)/1009	Reducer 3: 0(+168)/744	Reducer 4: 0/1009	Reducer 5: 0/1	
INFO  : Map 1: 67/67	Map 6: 66/66	Map 7: 66/66	Map 8: 1/1	Reducer 2: 678(+331)/1009	Reducer 3: 0(+185)/744	Reducer 4: 0/1009	Reducer 5: 0/1	
INFO  : Map 1: 67/67	Map 6: 66/66	Map 7: 66/66	Map 8: 1/1	Reducer 2: 692(+317)/1009	Reducer 3: 0(+199)/744	Reducer 4: 0/1009	Reducer 5: 0/1	
INFO  : Map 1: 67/67	Map 6: 66/66	Map 7: 66/66	Map 8: 1/1	Reducer 2: 699(+310)/1009	Reducer 3: 0(+206)/744	Reducer 4: 0/1009	Reducer 5: 0/1	
INFO  : Map 1: 67/67	Map 6: 66/66	Map 7: 66/66	Map 8: 1/1	Reducer 2: 701(+308)/1009	Reducer 3: 0(+208)/744	Reducer 4: 0/1009	Reducer 5: 0/1	
INFO  : Map 1: 67/67	Map 6: 66/66	Map 7: 66/66	Map 8: 1/1	Reducer 2: 705(+304)/1009	Reducer 3: 0(+212)/744	Reducer 4: 0/1009	Reducer 5: 0/1	
INFO  : Map 1: 67/67	Map 6: 66/66	Map 7: 66/66	Map 8: 1/1	Reducer 2: 709(+300)/1009	Reducer 3: 0(+216)/744	Reducer 4: 0/1009	Reducer 5: 0/1	
INFO  : Map 1: 67/67	Map 6: 66/66	Map 7: 66/66	Map 8: 1/1	Reducer 2: 713(+296)/1009	Reducer 3: 0(+220)/744	Reducer 4: 0/1009	Reducer 5: 0/1	
INFO  : Map 1: 67/67	Map 6: 66/66	Map 7: 66/66	Map 8: 1/1	Reducer 2: 714(+295)/1009	Reducer 3: 0(+221)/744	Reducer 4: 0/1009	Reducer 5: 0/1	
INFO  : Map 1: 67/67	Map 6: 66/66	Map 7: 66/66	Map 8: 1/1	Reducer 2: 716(+293)/1009	Reducer 3: 0(+223)/744	Reducer 4: 0/1009	Reducer 5: 0/1	
INFO  : Map 1: 67/67	Map 6: 66/66	Map 7: 66/66	Map 8: 1/1	Reducer 2: 718(+291)/1009	Reducer 3: 0(+225)/744	Reducer 4: 0/1009	Reducer 5: 0/1	
INFO  : Map 1: 67/67	Map 6: 66/66	Map 7: 66/66	Map 8: 1/1	Reducer 2: 719(+290)/1009	Reducer 3: 0(+226)/744	Reducer 4: 0/1009	Reducer 5: 0/1	
INFO  : Map 1: 67/67	Map 6: 66/66	Map 7: 66/66	Map 8: 1/1	Reducer 2: 722(+287)/1009	Reducer 3: 0(+229)/744	Reducer 4: 0/1009	Reducer 5: 0/1	
INFO  : Map 1: 67/67	Map 6: 66/66	Map 7: 66/66	Map 8: 1/1	Reducer 2: 739(+270)/1009	Reducer 3: 0(+246)/744	Reducer 4: 0/1009	Reducer 5: 0/1	
INFO  : Map 1: 67/67	Map 6: 66/66	Map 7: 66/66	Map 8: 1/1	Reducer 2: 756(+253)/1009	Reducer 3: 0(+263)/744	Reducer 4: 0/1009	Reducer 5: 0/1	
INFO  : Map 1: 67/67	Map 6: 66/66	Map 7: 66/66	Map 8: 1/1	Reducer 2: 762(+247)/1009	Reducer 3: 0(+269)/744	Reducer 4: 0/1009	Reducer 5: 0/1	
INFO  : Map 1: 67/67	Map 6: 66/66	Map 7: 66/66	Map 8: 1/1	Reducer 2: 778(+231)/1009	Reducer 3: 0(+285)/744	Reducer 4: 0/1009	Reducer 5: 0/1	
INFO  : Map 1: 67/67	Map 6: 66/66	Map 7: 66/66	Map 8: 1/1	Reducer 2: 781(+228)/1009	Reducer 3: 0(+288)/744	Reducer 4: 0/1009	Reducer 5: 0/1	
INFO  : Map 1: 67/67	Map 6: 66/66	Map 7: 66/66	Map 8: 1/1	Reducer 2: 787(+222)/1009	Reducer 3: 0(+294)/744	Reducer 4: 0/1009	Reducer 5: 0/1	
INFO  : Map 1: 67/67	Map 6: 66/66	Map 7: 66/66	Map 8: 1/1	Reducer 2: 789(+220)/1009	Reducer 3: 0(+296)/744	Reducer 4: 0/1009	Reducer 5: 0/1	
INFO  : Map 1: 67/67	Map 6: 66/66	Map 7: 66/66	Map 8: 1/1	Reducer 2: 791(+218)/1009	Reducer 3: 0(+298)/744	Reducer 4: 0/1009	Reducer 5: 0/1	
INFO  : Map 1: 67/67	Map 6: 66/66	Map 7: 66/66	Map 8: 1/1	Reducer 2: 792(+217)/1009	Reducer 3: 0(+299)/744	Reducer 4: 0/1009	Reducer 5: 0/1	
INFO  : Map 1: 67/67	Map 6: 66/66	Map 7: 66/66	Map 8: 1/1	Reducer 2: 794(+215)/1009	Reducer 3: 0(+301)/744	Reducer 4: 0/1009	Reducer 5: 0/1	
INFO  : Map 1: 67/67	Map 6: 66/66	Map 7: 66/66	Map 8: 1/1	Reducer 2: 795(+214)/1009	Reducer 3: 0(+302)/744	Reducer 4: 0/1009	Reducer 5: 0/1	
INFO  : Map 1: 67/67	Map 6: 66/66	Map 7: 66/66	Map 8: 1/1	Reducer 2: 801(+208)/1009	Reducer 3: 0(+308)/744	Reducer 4: 0/1009	Reducer 5: 0/1	
INFO  : Map 1: 67/67	Map 6: 66/66	Map 7: 66/66	Map 8: 1/1	Reducer 2: 803(+206)/1009	Reducer 3: 0(+310)/744	Reducer 4: 0/1009	Reducer 5: 0/1	
INFO  : Map 1: 67/67	Map 6: 66/66	Map 7: 66/66	Map 8: 1/1	Reducer 2: 806(+203)/1009	Reducer 3: 0(+313)/744	Reducer 4: 0/1009	Reducer 5: 0/1	
INFO  : Map 1: 67/67	Map 6: 66/66	Map 7: 66/66	Map 8: 1/1	Reducer 2: 810(+199)/1009	Reducer 3: 0(+317)/744	Reducer 4: 0/1009	Reducer 5: 0/1	
INFO  : Map 1: 67/67	Map 6: 66/66	Map 7: 66/66	Map 8: 1/1	Reducer 2: 811(+198)/1009	Reducer 3: 0(+318)/744	Reducer 4: 0/1009	Reducer 5: 0/1	
INFO  : Map 1: 67/67	Map 6: 66/66	Map 7: 66/66	Map 8: 1/1	Reducer 2: 816(+193)/1009	Reducer 3: 0(+323)/744	Reducer 4: 0/1009	Reducer 5: 0/1	
INFO  : Map 1: 67/67	Map 6: 66/66	Map 7: 66/66	Map 8: 1/1	Reducer 2: 817(+192)/1009	Reducer 3: 0(+324)/744	Reducer 4: 0/1009	Reducer 5: 0/1	
INFO  : Map 1: 67/67	Map 6: 66/66	Map 7: 66/66	Map 8: 1/1	Reducer 2: 822(+187)/1009	Reducer 3: 0(+329)/744	Reducer 4: 0/1009	Reducer 5: 0/1	
INFO  : Map 1: 67/67	Map 6: 66/66	Map 7: 66/66	Map 8: 1/1	Reducer 2: 830(+179)/1009	Reducer 3: 0(+337)/744	Reducer 4: 0/1009	Reducer 5: 0/1	
INFO  : Map 1: 67/67	Map 6: 66/66	Map 7: 66/66	Map 8: 1/1	Reducer 2: 832(+177)/1009	Reducer 3: 0(+339)/744	Reducer 4: 0/1009	Reducer 5: 0/1	
INFO  : Map 1: 67/67	Map 6: 66/66	Map 7: 66/66	Map 8: 1/1	Reducer 2: 836(+173)/1009	Reducer 3: 0(+343)/744	Reducer 4: 0/1009	Reducer 5: 0/1	
INFO  : Map 1: 67/67	Map 6: 66/66	Map 7: 66/66	Map 8: 1/1	Reducer 2: 838(+171)/1009	Reducer 3: 0(+345)/744	Reducer 4: 0/1009	Reducer 5: 0/1	
INFO  : Map 1: 67/67	Map 6: 66/66	Map 7: 66/66	Map 8: 1/1	Reducer 2: 841(+168)/1009	Reducer 3: 0(+348)/744	Reducer 4: 0/1009	Reducer 5: 0/1	
INFO  : Map 1: 67/67	Map 6: 66/66	Map 7: 66/66	Map 8: 1/1	Reducer 2: 852(+157)/1009	Reducer 3: 0(+359)/744	Reducer 4: 0/1009	Reducer 5: 0/1	
INFO  : Map 1: 67/67	Map 6: 66/66	Map 7: 66/66	Map 8: 1/1	Reducer 2: 857(+152)/1009	Reducer 3: 0(+364)/744	Reducer 4: 0/1009	Reducer 5: 0/1	
INFO  : Map 1: 67/67	Map 6: 66/66	Map 7: 66/66	Map 8: 1/1	Reducer 2: 858(+151)/1009	Reducer 3: 0(+365)/744	Reducer 4: 0/1009	Reducer 5: 0/1	
INFO  : Map 1: 67/67	Map 6: 66/66	Map 7: 66/66	Map 8: 1/1	Reducer 2: 858(+151)/1009	Reducer 3: 0(+365)/744	Reducer 4: 0/1009	Reducer 5: 0/1	
INFO  : Map 1: 67/67	Map 6: 66/66	Map 7: 66/66	Map 8: 1/1	Reducer 2: 860(+148)/1009	Reducer 3: 0(+366)/744	Reducer 4: 0/1009	Reducer 5: 0/1	
INFO  : Map 1: 67/67	Map 6: 66/66	Map 7: 66/66	Map 8: 1/1	Reducer 2: 864(+145)/1009	Reducer 3: 0(+371)/744	Reducer 4: 0/1009	Reducer 5: 0/1	
INFO  : Map 1: 67/67	Map 6: 66/66	Map 7: 66/66	Map 8: 1/1	Reducer 2: 868(+141)/1009	Reducer 3: 0(+375)/744	Reducer 4: 0/1009	Reducer 5: 0/1	
INFO  : Map 1: 67/67	Map 6: 66/66	Map 7: 66/66	Map 8: 1/1	Reducer 2: 871(+138)/1009	Reducer 3: 0(+378)/744	Reducer 4: 0/1009	Reducer 5: 0/1	
INFO  : Map 1: 67/67	Map 6: 66/66	Map 7: 66/66	Map 8: 1/1	Reducer 2: 925(+84)/1009	Reducer 3: 0(+432)/744	Reducer 4: 0/1009	Reducer 5: 0/1	
INFO  : Map 1: 67/67	Map 6: 66/66	Map 7: 66/66	Map 8: 1/1	Reducer 2: 960(+49)/1009	Reducer 3: 0(+467)/744	Reducer 4: 0/1009	Reducer 5: 0/1	
INFO  : Map 1: 67/67	Map 6: 66/66	Map 7: 66/66	Map 8: 1/1	Reducer 2: 970(+39)/1009	Reducer 3: 0(+477)/744	Reducer 4: 0/1009	Reducer 5: 0/1	
INFO  : Map 1: 67/67	Map 6: 66/66	Map 7: 66/66	Map 8: 1/1	Reducer 2: 991(+18)/1009	Reducer 3: 0(+498)/744	Reducer 4: 0/1009	Reducer 5: 0/1	
INFO  : Map 1: 67/67	Map 6: 66/66	Map 7: 66/66	Map 8: 1/1	Reducer 2: 1009/1009	Reducer 3: 0(+516)/744	Reducer 4: 0/1009	Reducer 5: 0/1	
INFO  : Map 1: 67/67	Map 6: 66/66	Map 7: 66/66	Map 8: 1/1	Reducer 2: 1009/1009	Reducer 3: 1(+516)/744	Reducer 4: 0/1009	Reducer 5: 0/1	
INFO  : Map 1: 67/67	Map 6: 66/66	Map 7: 66/66	Map 8: 1/1	Reducer 2: 1009/1009	Reducer 3: 3(+516)/744	Reducer 4: 0/1009	Reducer 5: 0/1	
INFO  : Map 1: 67/67	Map 6: 66/66	Map 7: 66/66	Map 8: 1/1	Reducer 2: 1009/1009	Reducer 3: 7(+516)/744	Reducer 4: 0/1009	Reducer 5: 0/1	
INFO  : Map 1: 67/67	Map 6: 66/66	Map 7: 66/66	Map 8: 1/1	Reducer 2: 1009/1009	Reducer 3: 8(+516)/744	Reducer 4: 0/1009	Reducer 5: 0/1	
INFO  : Map 1: 67/67	Map 6: 66/66	Map 7: 66/66	Map 8: 1/1	Reducer 2: 1009/1009	Reducer 3: 19(+516)/744	Reducer 4: 0/1009	Reducer 5: 0/1	
INFO  : Map 1: 67/67	Map 6: 66/66	Map 7: 66/66	Map 8: 1/1	Reducer 2: 1009/1009	Reducer 3: 23(+516)/744	Reducer 4: 0/1009	Reducer 5: 0/1	
INFO  : Map 1: 67/67	Map 6: 66/66	Map 7: 66/66	Map 8: 1/1	Reducer 2: 1009/1009	Reducer 3: 72(+514)/744	Reducer 4: 0/1009	Reducer 5: 0/1	
INFO  : Map 1: 67/67	Map 6: 66/66	Map 7: 66/66	Map 8: 1/1	Reducer 2: 1009/1009	Reducer 3: 116(+516)/744	Reducer 4: 0/1009	Reducer 5: 0/1	
INFO  : Map 1: 67/67	Map 6: 66/66	Map 7: 66/66	Map 8: 1/1	Reducer 2: 1009/1009	Reducer 3: 146(+516)/744	Reducer 4: 0/1009	Reducer 5: 0/1	
INFO  : Map 1: 67/67	Map 6: 66/66	Map 7: 66/66	Map 8: 1/1	Reducer 2: 1009/1009	Reducer 3: 178(+516)/744	Reducer 4: 0/1009	Reducer 5: 0/1	
INFO  : Map 1: 67/67	Map 6: 66/66	Map 7: 66/66	Map 8: 1/1	Reducer 2: 1009/1009	Reducer 3: 189(+516)/744	Reducer 4: 0/253	Reducer 5: 0/1	
INFO  : Map 1: 67/67	Map 6: 66/66	Map 7: 66/66	Map 8: 1/1	Reducer 2: 1009/1009	Reducer 3: 205(+516)/744	Reducer 4: 0/253	Reducer 5: 0/1	
INFO  : Map 1: 67/67	Map 6: 66/66	Map 7: 66/66	Map 8: 1/1	Reducer 2: 1009/1009	Reducer 3: 210(+516)/744	Reducer 4: 0/253	Reducer 5: 0/1	
INFO  : Map 1: 67/67	Map 6: 66/66	Map 7: 66/66	Map 8: 1/1	Reducer 2: 1009/1009	Reducer 3: 223(+516)/744	Reducer 4: 0/253	Reducer 5: 0/1	
INFO  : Map 1: 67/67	Map 6: 66/66	Map 7: 66/66	Map 8: 1/1	Reducer 2: 1009/1009	Reducer 3: 230(+514)/744	Reducer 4: 0/253	Reducer 5: 0/1	
INFO  : Map 1: 67/67	Map 6: 66/66	Map 7: 66/66	Map 8: 1/1	Reducer 2: 1009/1009	Reducer 3: 237(+507)/744	Reducer 4: 0/253	Reducer 5: 0/1	
INFO  : Map 1: 67/67	Map 6: 66/66	Map 7: 66/66	Map 8: 1/1	Reducer 2: 1009/1009	Reducer 3: 244(+500)/744	Reducer 4: 0(+4)/253	Reducer 5: 0/1	
INFO  : Map 1: 67/67	Map 6: 66/66	Map 7: 66/66	Map 8: 1/1	Reducer 2: 1009/1009	Reducer 3: 247(+497)/744	Reducer 4: 0(+7)/253	Reducer 5: 0/1	
INFO  : Map 1: 67/67	Map 6: 66/66	Map 7: 66/66	Map 8: 1/1	Reducer 2: 1009/1009	Reducer 3: 248(+496)/744	Reducer 4: 0(+8)/253	Reducer 5: 0/1	
INFO  : Map 1: 67/67	Map 6: 66/66	Map 7: 66/66	Map 8: 1/1	Reducer 2: 1009/1009	Reducer 3: 264(+480)/744	Reducer 4: 0(+24)/253	Reducer 5: 0/1	
INFO  : Map 1: 67/67	Map 6: 66/66	Map 7: 66/66	Map 8: 1/1	Reducer 2: 1009/1009	Reducer 3: 290(+454)/744	Reducer 4: 0(+50)/253	Reducer 5: 0/1	
INFO  : Map 1: 67/67	Map 6: 66/66	Map 7: 66/66	Map 8: 1/1	Reducer 2: 1009/1009	Reducer 3: 292(+452)/744	Reducer 4: 0(+52)/253	Reducer 5: 0/1	
INFO  : Map 1: 67/67	Map 6: 66/66	Map 7: 66/66	Map 8: 1/1	Reducer 2: 1009/1009	Reducer 3: 299(+445)/744	Reducer 4: 0(+59)/253	Reducer 5: 0/1	
INFO  : Map 1: 67/67	Map 6: 66/66	Map 7: 66/66	Map 8: 1/1	Reducer 2: 1009/1009	Reducer 3: 305(+439)/744	Reducer 4: 0(+65)/253	Reducer 5: 0/1	
INFO  : Map 1: 67/67	Map 6: 66/66	Map 7: 66/66	Map 8: 1/1	Reducer 2: 1009/1009	Reducer 3: 321(+423)/744	Reducer 4: 0(+81)/253	Reducer 5: 0/1	
INFO  : Map 1: 67/67	Map 6: 66/66	Map 7: 66/66	Map 8: 1/1	Reducer 2: 1009/1009	Reducer 3: 337(+407)/744	Reducer 4: 0(+97)/253	Reducer 5: 0/1	
INFO  : Map 1: 67/67	Map 6: 66/66	Map 7: 66/66	Map 8: 1/1	Reducer 2: 1009/1009	Reducer 3: 362(+381)/744	Reducer 4: 0(+118)/253	Reducer 5: 0/1	
INFO  : Map 1: 67/67	Map 6: 66/66	Map 7: 66/66	Map 8: 1/1	Reducer 2: 1009/1009	Reducer 3: 386(+358)/744	Reducer 4: 0(+137)/253	Reducer 5: 0/1	
INFO  : Map 1: 67/67	Map 6: 66/66	Map 7: 66/66	Map 8: 1/1	Reducer 2: 1009/1009	Reducer 3: 389(+355)/744	Reducer 4: 0(+139)/253	Reducer 5: 0/1	
INFO  : Map 1: 67/67	Map 6: 66/66	Map 7: 66/66	Map 8: 1/1	Reducer 2: 1009/1009	Reducer 3: 399(+345)/744	Reducer 4: 0(+145)/253	Reducer 5: 0/1	
INFO  : Map 1: 67/67	Map 6: 66/66	Map 7: 66/66	Map 8: 1/1	Reducer 2: 1009/1009	Reducer 3: 403(+341)/744	Reducer 4: 0(+148)/253	Reducer 5: 0/1	
INFO  : Map 1: 67/67	Map 6: 66/66	Map 7: 66/66	Map 8: 1/1	Reducer 2: 1009/1009	Reducer 3: 414(+330)/744	Reducer 4: 0(+156)/253	Reducer 5: 0/1	
INFO  : Map 1: 67/67	Map 6: 66/66	Map 7: 66/66	Map 8: 1/1	Reducer 2: 1009/1009	Reducer 3: 426(+318)/744	Reducer 4: 0(+160)/253	Reducer 5: 0/1	
INFO  : Map 1: 67/67	Map 6: 66/66	Map 7: 66/66	Map 8: 1/1	Reducer 2: 1009/1009	Reducer 3: 443(+301)/744	Reducer 4: 0(+175)/253	Reducer 5: 0/1	
INFO  : Map 1: 67/67	Map 6: 66/66	Map 7: 66/66	Map 8: 1/1	Reducer 2: 1009/1009	Reducer 3: 444(+300)/744	Reducer 4: 0(+176)/253	Reducer 5: 0/1	
INFO  : Map 1: 67/67	Map 6: 66/66	Map 7: 66/66	Map 8: 1/1	Reducer 2: 1009/1009	Reducer 3: 445(+299)/744	Reducer 4: 0(+177)/253	Reducer 5: 0/1	
INFO  : Map 1: 67/67	Map 6: 66/66	Map 7: 66/66	Map 8: 1/1	Reducer 2: 1009/1009	Reducer 3: 448(+296)/744	Reducer 4: 0(+179)/253	Reducer 5: 0/1	
INFO  : Map 1: 67/67	Map 6: 66/66	Map 7: 66/66	Map 8: 1/1	Reducer 2: 1009/1009	Reducer 3: 459(+285)/744	Reducer 4: 0(+186)/253	Reducer 5: 0/1	
INFO  : Map 1: 67/67	Map 6: 66/66	Map 7: 66/66	Map 8: 1/1	Reducer 2: 1009/1009	Reducer 3: 460(+284)/744	Reducer 4: 0(+187)/253	Reducer 5: 0/1	
INFO  : Map 1: 67/67	Map 6: 66/66	Map 7: 66/66	Map 8: 1/1	Reducer 2: 1009/1009	Reducer 3: 472(+272)/744	Reducer 4: 0(+195)/253	Reducer 5: 0/1	
INFO  : Map 1: 67/67	Map 6: 66/66	Map 7: 66/66	Map 8: 1/1	Reducer 2: 1009/1009	Reducer 3: 478(+266)/744	Reducer 4: 0(+199)/253	Reducer 5: 0/1	
INFO  : Map 1: 67/67	Map 6: 66/66	Map 7: 66/66	Map 8: 1/1	Reducer 2: 1009/1009	Reducer 3: 484(+260)/744	Reducer 4: 0(+203)/253	Reducer 5: 0/1	
INFO  : Map 1: 67/67	Map 6: 66/66	Map 7: 66/66	Map 8: 1/1	Reducer 2: 1009/1009	Reducer 3: 504(+240)/744	Reducer 4: 0(+217)/253	Reducer 5: 0/1	
INFO  : Map 1: 67/67	Map 6: 66/66	Map 7: 66/66	Map 8: 1/1	Reducer 2: 1009/1009	Reducer 3: 517(+227)/744	Reducer 4: 0(+226)/253	Reducer 5: 0/1	
INFO  : Map 1: 67/67	Map 6: 66/66	Map 7: 66/66	Map 8: 1/1	Reducer 2: 1009/1009	Reducer 3: 522(+222)/744	Reducer 4: 0(+229)/253	Reducer 5: 0/1	
INFO  : Map 1: 67/67	Map 6: 66/66	Map 7: 66/66	Map 8: 1/1	Reducer 2: 1009/1009	Reducer 3: 532(+212)/744	Reducer 4: 0(+236)/253	Reducer 5: 0/1	
INFO  : Map 1: 67/67	Map 6: 66/66	Map 7: 66/66	Map 8: 1/1	Reducer 2: 1009/1009	Reducer 3: 551(+193)/744	Reducer 4: 0(+249)/253	Reducer 5: 0/1	
INFO  : Map 1: 67/67	Map 6: 66/66	Map 7: 66/66	Map 8: 1/1	Reducer 2: 1009/1009	Reducer 3: 563(+181)/744	Reducer 4: 0(+253)/253	Reducer 5: 0/1	
INFO  : Map 1: 67/67	Map 6: 66/66	Map 7: 66/66	Map 8: 1/1	Reducer 2: 1009/1009	Reducer 3: 571(+173)/744	Reducer 4: 0(+253)/253	Reducer 5: 0/1	
INFO  : Map 1: 67/67	Map 6: 66/66	Map 7: 66/66	Map 8: 1/1	Reducer 2: 1009/1009	Reducer 3: 591(+153)/744	Reducer 4: 0(+253)/253	Reducer 5: 0/1	
INFO  : Map 1: 67/67	Map 6: 66/66	Map 7: 66/66	Map 8: 1/1	Reducer 2: 1009/1009	Reducer 3: 628(+116)/744	Reducer 4: 0(+253)/253	Reducer 5: 0/1	
INFO  : Map 1: 67/67	Map 6: 66/66	Map 7: 66/66	Map 8: 1/1	Reducer 2: 1009/1009	Reducer 3: 653(+91)/744	Reducer 4: 0(+253)/253	Reducer 5: 0/1	
INFO  : Map 1: 67/67	Map 6: 66/66	Map 7: 66/66	Map 8: 1/1	Reducer 2: 1009/1009	Reducer 3: 665(+79)/744	Reducer 4: 0(+253)/253	Reducer 5: 0/1	
INFO  : Map 1: 67/67	Map 6: 66/66	Map 7: 66/66	Map 8: 1/1	Reducer 2: 1009/1009	Reducer 3: 690(+54)/744	Reducer 4: 0(+253)/253	Reducer 5: 0/1	
INFO  : Map 1: 67/67	Map 6: 66/66	Map 7: 66/66	Map 8: 1/1	Reducer 2: 1009/1009	Reducer 3: 693(+51)/744	Reducer 4: 0(+253)/253	Reducer 5: 0/1	
INFO  : Map 1: 67/67	Map 6: 66/66	Map 7: 66/66	Map 8: 1/1	Reducer 2: 1009/1009	Reducer 3: 700(+44)/744	Reducer 4: 0(+253)/253	Reducer 5: 0/1	
INFO  : Map 1: 67/67	Map 6: 66/66	Map 7: 66/66	Map 8: 1/1	Reducer 2: 1009/1009	Reducer 3: 717(+27)/744	Reducer 4: 0(+253)/253	Reducer 5: 0/1	
INFO  : Map 1: 67/67	Map 6: 66/66	Map 7: 66/66	Map 8: 1/1	Reducer 2: 1009/1009	Reducer 3: 744/744	Reducer 4: 0(+253)/253	Reducer 5: 0/1	
INFO  : Map 1: 67/67	Map 6: 66/66	Map 7: 66/66	Map 8: 1/1	Reducer 2: 1009/1009	Reducer 3: 744/744	Reducer 4: 6(+247)/253	Reducer 5: 0/1	
INFO  : Map 1: 67/67	Map 6: 66/66	Map 7: 66/66	Map 8: 1/1	Reducer 2: 1009/1009	Reducer 3: 744/744	Reducer 4: 7(+246)/253	Reducer 5: 0/1	
INFO  : Map 1: 67/67	Map 6: 66/66	Map 7: 66/66	Map 8: 1/1	Reducer 2: 1009/1009	Reducer 3: 744/744	Reducer 4: 10(+243)/253	Reducer 5: 0/1	
INFO  : Map 1: 67/67	Map 6: 66/66	Map 7: 66/66	Map 8: 1/1	Reducer 2: 1009/1009	Reducer 3: 744/744	Reducer 4: 25(+228)/253	Reducer 5: 0/1	
INFO  : Map 1: 67/67	Map 6: 66/66	Map 7: 66/66	Map 8: 1/1	Reducer 2: 1009/1009	Reducer 3: 744/744	Reducer 4: 36(+217)/253	Reducer 5: 0/1	
INFO  : Map 1: 67/67	Map 6: 66/66	Map 7: 66/66	Map 8: 1/1	Reducer 2: 1009/1009	Reducer 3: 744/744	Reducer 4: 56(+197)/253	Reducer 5: 0(+1)/1	
INFO  : Map 1: 67/67	Map 6: 66/66	Map 7: 66/66	Map 8: 1/1	Reducer 2: 1009/1009	Reducer 3: 744/744	Reducer 4: 69(+184)/253	Reducer 5: 0(+1)/1	
INFO  : Map 1: 67/67	Map 6: 66/66	Map 7: 66/66	Map 8: 1/1	Reducer 2: 1009/1009	Reducer 3: 744/744	Reducer 4: 88(+165)/253	Reducer 5: 0(+1)/1	
INFO  : Map 1: 67/67	Map 6: 66/66	Map 7: 66/66	Map 8: 1/1	Reducer 2: 1009/1009	Reducer 3: 744/744	Reducer 4: 97(+156)/253	Reducer 5: 0(+1)/1	
INFO  : Map 1: 67/67	Map 6: 66/66	Map 7: 66/66	Map 8: 1/1	Reducer 2: 1009/1009	Reducer 3: 744/744	Reducer 4: 104(+149)/253	Reducer 5: 0(+1)/1	
INFO  : Map 1: 67/67	Map 6: 66/66	Map 7: 66/66	Map 8: 1/1	Reducer 2: 1009/1009	Reducer 3: 744/744	Reducer 4: 117(+136)/253	Reducer 5: 0(+1)/1	
INFO  : Map 1: 67/67	Map 6: 66/66	Map 7: 66/66	Map 8: 1/1	Reducer 2: 1009/1009	Reducer 3: 744/744	Reducer 4: 133(+120)/253	Reducer 5: 0(+1)/1	
INFO  : Map 1: 67/67	Map 6: 66/66	Map 7: 66/66	Map 8: 1/1	Reducer 2: 1009/1009	Reducer 3: 744/744	Reducer 4: 161(+92)/253	Reducer 5: 0(+1)/1	
INFO  : Map 1: 67/67	Map 6: 66/66	Map 7: 66/66	Map 8: 1/1	Reducer 2: 1009/1009	Reducer 3: 744/744	Reducer 4: 174(+79)/253	Reducer 5: 0(+1)/1	
INFO  : Map 1: 67/67	Map 6: 66/66	Map 7: 66/66	Map 8: 1/1	Reducer 2: 1009/1009	Reducer 3: 744/744	Reducer 4: 175(+78)/253	Reducer 5: 0(+1)/1	
INFO  : Map 1: 67/67	Map 6: 66/66	Map 7: 66/66	Map 8: 1/1	Reducer 2: 1009/1009	Reducer 3: 744/744	Reducer 4: 183(+70)/253	Reducer 5: 0(+1)/1	
INFO  : Map 1: 67/67	Map 6: 66/66	Map 7: 66/66	Map 8: 1/1	Reducer 2: 1009/1009	Reducer 3: 744/744	Reducer 4: 186(+67)/253	Reducer 5: 0(+1)/1	
INFO  : Map 1: 67/67	Map 6: 66/66	Map 7: 66/66	Map 8: 1/1	Reducer 2: 1009/1009	Reducer 3: 744/744	Reducer 4: 192(+61)/253	Reducer 5: 0(+1)/1	
INFO  : Map 1: 67/67	Map 6: 66/66	Map 7: 66/66	Map 8: 1/1	Reducer 2: 1009/1009	Reducer 3: 744/744	Reducer 4: 203(+50)/253	Reducer 5: 0(+1)/1	
INFO  : Map 1: 67/67	Map 6: 66/66	Map 7: 66/66	Map 8: 1/1	Reducer 2: 1009/1009	Reducer 3: 744/744	Reducer 4: 219(+33)/253	Reducer 5: 0(+1)/1	
INFO  : Map 1: 67/67	Map 6: 66/66	Map 7: 66/66	Map 8: 1/1	Reducer 2: 1009/1009	Reducer 3: 744/744	Reducer 4: 221(+32)/253	Reducer 5: 0(+1)/1	
INFO  : Map 1: 67/67	Map 6: 66/66	Map 7: 66/66	Map 8: 1/1	Reducer 2: 1009/1009	Reducer 3: 744/744	Reducer 4: 231(+22)/253	Reducer 5: 0(+1)/1	
INFO  : Map 1: 67/67	Map 6: 66/66	Map 7: 66/66	Map 8: 1/1	Reducer 2: 1009/1009	Reducer 3: 744/744	Reducer 4: 231(+22)/253	Reducer 5: 0(+1)/1	
INFO  : Map 1: 67/67	Map 6: 66/66	Map 7: 66/66	Map 8: 1/1	Reducer 2: 1009/1009	Reducer 3: 744/744	Reducer 4: 231(+22)/253	Reducer 5: 0(+1)/1	
INFO  : Map 1: 67/67	Map 6: 66/66	Map 7: 66/66	Map 8: 1/1	Reducer 2: 1009/1009	Reducer 3: 744/744	Reducer 4: 237(+16)/253	Reducer 5: 0(+1)/1	
INFO  : Map 1: 67/67	Map 6: 66/66	Map 7: 66/66	Map 8: 1/1	Reducer 2: 1009/1009	Reducer 3: 744/744	Reducer 4: 248(+5)/253	Reducer 5: 0(+1)/1	
INFO  : Map 1: 67/67	Map 6: 66/66	Map 7: 66/66	Map 8: 1/1	Reducer 2: 1009/1009	Reducer 3: 744/744	Reducer 4: 253/253	Reducer 5: 0(+1)/1	
INFO  : Map 1: 67/67	Map 6: 66/66	Map 7: 66/66	Map 8: 1/1	Reducer 2: 1009/1009	Reducer 3: 744/744	Reducer 4: 253/253	Reducer 5: 1/1	
INFO  : Status: DAG finished successfully in 69.50 seconds
INFO  : 
INFO  : Query Execution Summary
INFO  : ----------------------------------------------------------------------------------------------
INFO  : ----------------------------------------------------------------------------------------------
INFO  : Compile Query                           0.39s
INFO  : Prepare Plan                            0.20s
INFO  : Submit Plan                             0.18s
INFO  : Start DAG                               0.23s
INFO  : Run DAG                                69.50s
INFO  : ----------------------------------------------------------------------------------------------
INFO  : 
INFO  : Task Execution Summary
INFO  : --------------------------------------------------------------------------------------------------------------------------------
INFO  : --------------------------------------------------------------------------------------------------------------------------------
INFO  :      Map 1           67                0             0        8358.00             0            0  1,500,000,714     370,142,442
INFO  :      Map 6           66                0             0        2849.00             0            0    375,000,000      14,343,123
INFO  :      Map 7           66                0             0        4060.00             0            0     37,500,025      37,500,000
INFO  :      Map 8            1                0             0           0.00             0            0             25              25
INFO  :  Reducer 2         1009                0             8       33694.00             0            0    384,485,565      28,680,444
INFO  :  Reducer 3          744                0            12       38161.00             0            0     66,180,444      10,007,506
INFO  :  Reducer 4          253                0             0       26226.00             0            0     10,007,506           5,060
INFO  :  Reducer 5            1                0             0       13866.00             0            0          5,060               0
INFO  : --------------------------------------------------------------------------------------------------------------------------------
INFO  : 
INFO  : LLAP IO Summary
INFO  : ----------------------------------------------------------------------------------------------
INFO  : ----------------------------------------------------------------------------------------------
INFO  :      Map 1    150873      2000          0   13.82GB         0B          0B       0B   228.51s
INFO  :      Map 6     37683       750          0    2.28GB         0B          0B       0B    66.41s
INFO  :      Map 7      3750       500          0    2.83GB         0B          0B       0B    22.67s
INFO  :      Map 8         1         2          0      205B         0B          0B       0B     0.00s
INFO  : ----------------------------------------------------------------------------------------------
INFO  : 
INFO  : FileSystem Counters Summary
INFO  : 
INFO  : ----------------------------------------------------------------------------------------------
INFO  : ----------------------------------------------------------------------------------------------
INFO  :      Map 1              0B             0                  0             4.40GB             0
INFO  :      Map 6              0B             0                  0           164.08MB             0
INFO  :      Map 7              0B             0                  0             3.56GB             0
INFO  :      Map 8              0B             0                  0               397B             0
INFO  :  Reducer 2          1.93GB             0                  0           449.16MB             0
INFO  :  Reducer 3          9.96GB             0                  0             1.39GB             0
INFO  :  Reducer 4        892.14MB             0                  0           663.03KB             0
INFO  :  Reducer 5        204.30KB             0                  0                 0B             0
INFO  : ----------------------------------------------------------------------------------------------
INFO  : 
INFO  : ----------------------------------------------------------------------------------------------
INFO  : ----------------------------------------------------------------------------------------------
INFO  :      Map 1              0B             0                  0                 0B             0
INFO  :      Map 6              0B             0                  0                 0B             0
INFO  :      Map 7              0B             0                  0                 0B             0
INFO  :      Map 8              0B             0                  0                 0B             0
INFO  :  Reducer 2              0B             0                  0                 0B             0
INFO  :  Reducer 3              0B             0                  0                 0B             0
INFO  :  Reducer 4              0B             0                  0                 0B             0
INFO  :  Reducer 5              0B             2                  0             3.89KB             2
INFO  : ----------------------------------------------------------------------------------------------
INFO  : 
INFO  : org.apache.tez.common.counters.DAGCounter:
INFO  :    NUM_KILLED_TASKS: 20
INFO  :    NUM_SUCCEEDED_TASKS: 2207
INFO  :    TOTAL_LAUNCHED_TASKS: 2227
INFO  :    DATA_LOCAL_TASKS: 200
INFO  :    AM_CPU_MILLISECONDS: 38510
INFO  :    AM_GC_TIME_MILLIS: 542
INFO  : File System Counters:
INFO  :    FILE_BYTES_READ: 12782630538
INFO  :    FILE_BYTES_WRITTEN: 9965318124
INFO  :    FILE_READ_OPS: 0
INFO  :    FILE_LARGE_READ_OPS: 0
INFO  :    FILE_WRITE_OPS: 0
INFO  :    HDFS_BYTES_READ: 0
INFO  :    HDFS_BYTES_WRITTEN: 3888
INFO  :    HDFS_READ_OPS: 2
INFO  :    HDFS_LARGE_READ_OPS: 0
INFO  :    HDFS_WRITE_OPS: 2
INFO  : org.apache.tez.common.counters.TaskCounter:
INFO  :    REDUCE_INPUT_GROUPS: 10012566
INFO  :    REDUCE_INPUT_RECORDS: 10012566
INFO  :    COMBINE_INPUT_RECORDS: 0
INFO  :    SPILLED_RECORDS: 20738275
INFO  :    NUM_SHUFFLED_INPUTS: 1684953
INFO  :    NUM_SKIPPED_INPUTS: 2
INFO  :    NUM_FAILED_SHUFFLE_INPUTS: 0
INFO  :    MERGED_MAP_OUTPUTS: 84683308
INFO  :    INPUT_RECORDS_PROCESSED: 452578840
INFO  :    INPUT_SPLIT_LENGTH_BYTES: 75950137249
INFO  :    OUTPUT_RECORDS: 460678600
INFO  :    OUTPUT_LARGE_RECORDS: 0
INFO  :    OUTPUT_BYTES: 16913600888
INFO  :    OUTPUT_BYTES_WITH_OVERHEAD: 22830883616
INFO  :    OUTPUT_BYTES_PHYSICAL: 9947277700
INFO  :    ADDITIONAL_SPILLS_BYTES_WRITTEN: 65639174
INFO  :    ADDITIONAL_SPILLS_BYTES_READ: 1097615887
INFO  :    ADDITIONAL_SPILL_COUNT: 0
INFO  :    SHUFFLE_CHUNK_COUNT: 997
INFO  :    SHUFFLE_BYTES: 9924864628
INFO  :    SHUFFLE_BYTES_DECOMPRESSED: 17882982253
INFO  :    SHUFFLE_BYTES_TO_MEM: 8820896686
INFO  :    SHUFFLE_BYTES_TO_DISK: 0
INFO  :    SHUFFLE_BYTES_DISK_DIRECT: 1103967942
INFO  :    NUM_MEM_TO_DISK_MERGES: 0
INFO  :    NUM_DISK_TO_DISK_MERGES: 525
INFO  :    SHUFFLE_PHASE_TIME: 29007434
INFO  :    MERGE_PHASE_TIME: 2951869
INFO  :    FIRST_EVENT_RECEIVED: 108023
INFO  :    LAST_EVENT_RECEIVED: 10878421
INFO  : HIVE:
INFO  :    CREATED_FILES: 1
INFO  :    DESERIALIZE_ERRORS: 0
INFO  :    RECORDS_IN_Map_1: 1500000714
INFO  :    RECORDS_IN_Map_6: 375000000
INFO  :    RECORDS_IN_Map_7: 37500000
INFO  :    RECORDS_IN_Map_8: 25
INFO  :    RECORDS_OUT_0: 20
INFO  :    RECORDS_OUT_INTERMEDIATE_Map_1: 370142442
INFO  :    RECORDS_OUT_INTERMEDIATE_Map_6: 14343123
INFO  :    RECORDS_OUT_INTERMEDIATE_Map_7: 37500000
INFO  :    RECORDS_OUT_INTERMEDIATE_Map_8: 25
INFO  :    RECORDS_OUT_INTERMEDIATE_Reducer_2: 28680444
INFO  :    RECORDS_OUT_INTERMEDIATE_Reducer_3: 10007506
INFO  :    RECORDS_OUT_INTERMEDIATE_Reducer_4: 5060
INFO  : Shuffle Errors:
INFO  :    BAD_ID: 0
INFO  :    CONNECTION: 0
INFO  :    IO_ERROR: 0
INFO  :    WRONG_LENGTH: 0
INFO  :    WRONG_MAP: 0
INFO  :    WRONG_REDUCE: 0
INFO  : Shuffle Errors_Reducer_4_INPUT_Reducer_3:
INFO  :    BAD_ID: 0
INFO  :    CONNECTION: 0
INFO  :    IO_ERROR: 0
INFO  :    WRONG_LENGTH: 0
INFO  :    WRONG_MAP: 0
INFO  :    WRONG_REDUCE: 0
INFO  : Shuffle Errors_Reducer_5_INPUT_Reducer_4:
INFO  :    BAD_ID: 0
INFO  :    CONNECTION: 0
INFO  :    IO_ERROR: 0
INFO  :    WRONG_LENGTH: 0
INFO  :    WRONG_MAP: 0
INFO  :    WRONG_REDUCE: 0
INFO  : TaskCounter_Map_1_INPUT_lineitem:
INFO  :    INPUT_RECORDS_PROCESSED: 1500105
INFO  :    INPUT_SPLIT_LENGTH_BYTES: 58902255143
INFO  : TaskCounter_Map_1_OUTPUT_Reducer_2:
INFO  :    ADDITIONAL_SPILLS_BYTES_READ: 0
INFO  :    ADDITIONAL_SPILLS_BYTES_WRITTEN: 0
INFO  :    ADDITIONAL_SPILL_COUNT: 0
INFO  :    OUTPUT_BYTES: 8513276166
INFO  :    OUTPUT_BYTES_PHYSICAL: 4403524578
INFO  :    OUTPUT_BYTES_WITH_OVERHEAD: 13325127845
INFO  :    OUTPUT_LARGE_RECORDS: 0
INFO  :    OUTPUT_RECORDS: 370142442
INFO  :    SPILLED_RECORDS: 0
INFO  : TaskCounter_Map_6_INPUT_orders:
INFO  :    INPUT_RECORDS_PROCESSED: 375000
INFO  :    INPUT_SPLIT_LENGTH_BYTES: 14194909485
INFO  : TaskCounter_Map_6_OUTPUT_Reducer_2:
INFO  :    ADDITIONAL_SPILLS_BYTES_READ: 0
INFO  :    ADDITIONAL_SPILLS_BYTES_WRITTEN: 0
INFO  :    ADDITIONAL_SPILL_COUNT: 0
INFO  :    OUTPUT_BYTES: 151333129
INFO  :    OUTPUT_BYTES_PHYSICAL: 164076586
INFO  :    OUTPUT_BYTES_WITH_OVERHEAD: 344234497
INFO  :    OUTPUT_LARGE_RECORDS: 0
INFO  :    OUTPUT_RECORDS: 14343123
INFO  :    SPILLED_RECORDS: 0
INFO  : TaskCounter_Map_7_INPUT_Map_8:
INFO  :    FIRST_EVENT_RECEIVED: 428
INFO  :    INPUT_RECORDS_PROCESSED: 225
INFO  :    LAST_EVENT_RECEIVED: 428
INFO  :    NUM_FAILED_SHUFFLE_INPUTS: 0
INFO  :    NUM_SHUFFLED_INPUTS: 9
INFO  :    SHUFFLE_BYTES: 3285
INFO  :    SHUFFLE_BYTES_DECOMPRESSED: 3672
INFO  :    SHUFFLE_BYTES_DISK_DIRECT: 365
INFO  :    SHUFFLE_BYTES_TO_DISK: 0
INFO  :    SHUFFLE_BYTES_TO_MEM: 2920
INFO  :    SHUFFLE_PHASE_TIME: 1345
INFO  : TaskCounter_Map_7_INPUT_customer:
INFO  :    INPUT_RECORDS_PROCESSED: 37500
INFO  :    INPUT_SPLIT_LENGTH_BYTES: 2852970960
INFO  : TaskCounter_Map_7_OUTPUT_Reducer_3:
INFO  :    ADDITIONAL_SPILLS_BYTES_READ: 0
INFO  :    ADDITIONAL_SPILLS_BYTES_WRITTEN: 0
INFO  :    ADDITIONAL_SPILL_COUNT: 0
INFO  :    OUTPUT_BYTES: 5871502110
INFO  :    OUTPUT_BYTES_PHYSICAL: 3555184114
INFO  :    OUTPUT_BYTES_WITH_OVERHEAD: 6377751714
INFO  :    OUTPUT_LARGE_RECORDS: 0
INFO  :    OUTPUT_RECORDS: 37500000
INFO  :    SPILLED_RECORDS: 0
INFO  : TaskCounter_Map_8_INPUT_nation:
INFO  :    INPUT_RECORDS_PROCESSED: 1
INFO  :    INPUT_SPLIT_LENGTH_BYTES: 1661
INFO  : TaskCounter_Map_8_OUTPUT_Map_7:
INFO  :    ADDITIONAL_SPILLS_BYTES_READ: 0
INFO  :    ADDITIONAL_SPILLS_BYTES_WRITTEN: 0
INFO  :    ADDITIONAL_SPILL_COUNT: 0
INFO  :    OUTPUT_BYTES: 352
INFO  :    OUTPUT_BYTES_PHYSICAL: 389
INFO  :    OUTPUT_BYTES_WITH_OVERHEAD: 408
INFO  :    OUTPUT_LARGE_RECORDS: 0
INFO  :    OUTPUT_RECORDS: 25
INFO  :    SPILLED_RECORDS: 0
INFO  : TaskCounter_Reducer_2_INPUT_Map_1:
INFO  :    FIRST_EVENT_RECEIVED: 25257
INFO  :    INPUT_RECORDS_PROCESSED: 370142442
INFO  :    LAST_EVENT_RECEIVED: 1868274
INFO  :    NUM_FAILED_SHUFFLE_INPUTS: 0
INFO  :    NUM_SHUFFLED_INPUTS: 67603
INFO  :    SHUFFLE_BYTES: 4401902106
INFO  :    SHUFFLE_BYTES_DECOMPRESSED: 9253966668
INFO  :    SHUFFLE_BYTES_DISK_DIRECT: 492406432
INFO  :    SHUFFLE_BYTES_TO_DISK: 0
INFO  :    SHUFFLE_BYTES_TO_MEM: 3909495674
INFO  :    SHUFFLE_PHASE_TIME: 7417427
INFO  : TaskCounter_Reducer_2_INPUT_Map_6:
INFO  :    FIRST_EVENT_RECEIVED: 18123
INFO  :    INPUT_RECORDS_PROCESSED: 14343123
INFO  :    LAST_EVENT_RECEIVED: 103363
INFO  :    NUM_FAILED_SHUFFLE_INPUTS: 0
INFO  :    NUM_SHUFFLED_INPUTS: 66594
INFO  :    SHUFFLE_BYTES: 162478330
INFO  :    SHUFFLE_BYTES_DECOMPRESSED: 180418939
INFO  :    SHUFFLE_BYTES_DISK_DIRECT: 18031680
INFO  :    SHUFFLE_BYTES_TO_DISK: 0
INFO  :    SHUFFLE_BYTES_TO_MEM: 144446650
INFO  :    SHUFFLE_PHASE_TIME: 5468314
INFO  : TaskCounter_Reducer_2_OUTPUT_Reducer_3:
INFO  :    ADDITIONAL_SPILLS_BYTES_READ: 0
INFO  :    ADDITIONAL_SPILLS_BYTES_WRITTEN: 0
INFO  :    ADDITIONAL_SPILL_COUNT: 0
INFO  :    OUTPUT_BYTES: 659650212
INFO  :    OUTPUT_BYTES_PHYSICAL: 449152070
INFO  :    OUTPUT_BYTES_WITH_OVERHEAD: 1032494975
INFO  :    OUTPUT_LARGE_RECORDS: 0
INFO  :    OUTPUT_RECORDS: 28680444
INFO  :    SPILLED_RECORDS: 0
INFO  : TaskCounter_Reducer_3_INPUT_Map_7:
INFO  :    FIRST_EVENT_RECEIVED: 34291
INFO  :    INPUT_RECORDS_PROCESSED: 37500000
INFO  :    LAST_EVENT_RECEIVED: 55009
INFO  :    NUM_FAILED_SHUFFLE_INPUTS: 0
INFO  :    NUM_SHUFFLED_INPUTS: 49104
INFO  :    SHUFFLE_BYTES: 3554005618
INFO  :    SHUFFLE_BYTES_DECOMPRESSED: 5975803533
INFO  :    SHUFFLE_BYTES_DISK_DIRECT: 388495493
INFO  :    SHUFFLE_BYTES_TO_DISK: 0
INFO  :    SHUFFLE_BYTES_TO_MEM: 3165510125
INFO  :    SHUFFLE_PHASE_TIME: 1633140
INFO  : TaskCounter_Reducer_3_INPUT_Reducer_2:
INFO  :    FIRST_EVENT_RECEIVED: 26826
INFO  :    INPUT_RECORDS_PROCESSED: 28680444
INFO  :    LAST_EVENT_RECEIVED: 6820552
INFO  :    NUM_FAILED_SHUFFLE_INPUTS: 0
INFO  :    NUM_SHUFFLED_INPUTS: 750696
INFO  :    SHUFFLE_BYTES: 431135366
INFO  :    SHUFFLE_BYTES_DECOMPRESSED: 721515276
INFO  :    SHUFFLE_BYTES_DISK_DIRECT: 47520656
INFO  :    SHUFFLE_BYTES_TO_DISK: 0
INFO  :    SHUFFLE_BYTES_TO_MEM: 383614710
INFO  :    SHUFFLE_PHASE_TIME: 11608585
INFO  : TaskCounter_Reducer_3_OUTPUT_Reducer_4:
INFO  :    ADDITIONAL_SPILLS_BYTES_READ: 0
INFO  :    ADDITIONAL_SPILLS_BYTES_WRITTEN: 0
INFO  :    ADDITIONAL_SPILL_COUNT: 0
INFO  :    OUTPUT_BYTES: 1716998510
INFO  :    OUTPUT_BYTES_PHYSICAL: 1374685025
INFO  :    OUTPUT_BYTES_WITH_OVERHEAD: 1750417962
INFO  :    OUTPUT_RECORDS: 10007506
INFO  :    SHUFFLE_CHUNK_COUNT: 744
INFO  :    SPILLED_RECORDS: 10007506
INFO  : TaskCounter_Reducer_4_INPUT_Reducer_3:
INFO  :    ADDITIONAL_SPILLS_BYTES_READ: 1097050964
INFO  :    ADDITIONAL_SPILLS_BYTES_WRITTEN: 65172729
INFO  :    COMBINE_INPUT_RECORDS: 0
INFO  :    FIRST_EVENT_RECEIVED: 3097
INFO  :    LAST_EVENT_RECEIVED: 2017375
INFO  :    MERGED_MAP_OUTPUTS: 84683055
INFO  :    MERGE_PHASE_TIME: 2938362
INFO  :    NUM_DISK_TO_DISK_MERGES: 525
INFO  :    NUM_FAILED_SHUFFLE_INPUTS: 0
INFO  :    NUM_MEM_TO_DISK_MERGES: 0
INFO  :    NUM_SHUFFLED_INPUTS: 750694
INFO  :    NUM_SKIPPED_INPUTS: 2
INFO  :    REDUCE_INPUT_GROUPS: 10007506
INFO  :    REDUCE_INPUT_RECORDS: 10007506
INFO  :    SHUFFLE_BYTES: 1374684985
INFO  :    SHUFFLE_BYTES_DECOMPRESSED: 1750417950
INFO  :    SHUFFLE_BYTES_DISK_DIRECT: 157414838
INFO  :    SHUFFLE_BYTES_TO_DISK: 0
INFO  :    SHUFFLE_BYTES_TO_MEM: 1217270147
INFO  :    SHUFFLE_PHASE_TIME: 2865129
INFO  :    SPILLED_RECORDS: 10720649
INFO  : TaskCounter_Reducer_4_OUTPUT_Reducer_5:
INFO  :    ADDITIONAL_SPILLS_BYTES_READ: 0
INFO  :    ADDITIONAL_SPILLS_BYTES_WRITTEN: 0
INFO  :    ADDITIONAL_SPILL_COUNT: 0
INFO  :    OUTPUT_BYTES: 840409
INFO  :    OUTPUT_BYTES_PHYSICAL: 654938
INFO  :    OUTPUT_BYTES_WITH_OVERHEAD: 856215
INFO  :    OUTPUT_RECORDS: 5060
INFO  :    SHUFFLE_CHUNK_COUNT: 253
INFO  :    SPILLED_RECORDS: 5060
INFO  : TaskCounter_Reducer_5_INPUT_Reducer_4:
INFO  :    ADDITIONAL_SPILLS_BYTES_READ: 564923
INFO  :    ADDITIONAL_SPILLS_BYTES_WRITTEN: 466445
INFO  :    COMBINE_INPUT_RECORDS: 0
INFO  :    FIRST_EVENT_RECEIVED: 1
INFO  :    LAST_EVENT_RECEIVED: 13420
INFO  :    MERGED_MAP_OUTPUTS: 253
INFO  :    MERGE_PHASE_TIME: 13507
INFO  :    NUM_DISK_TO_DISK_MERGES: 0
INFO  :    NUM_FAILED_SHUFFLE_INPUTS: 0
INFO  :    NUM_MEM_TO_DISK_MERGES: 0
INFO  :    NUM_SHUFFLED_INPUTS: 253
INFO  :    NUM_SKIPPED_INPUTS: 0
INFO  :    REDUCE_INPUT_GROUPS: 5060
INFO  :    REDUCE_INPUT_RECORDS: 5060
INFO  :    SHUFFLE_BYTES: 654938
INFO  :    SHUFFLE_BYTES_DECOMPRESSED: 856215
INFO  :    SHUFFLE_BYTES_DISK_DIRECT: 98478
INFO  :    SHUFFLE_BYTES_TO_DISK: 0
INFO  :    SHUFFLE_BYTES_TO_MEM: 556460
INFO  :    SHUFFLE_PHASE_TIME: 13494
INFO  :    SPILLED_RECORDS: 5060
INFO  : TaskCounter_Reducer_5_OUTPUT_out_Reducer_5:
INFO  :    OUTPUT_RECORDS: 0
INFO  : org.apache.hadoop.hive.llap.counters.LlapIOCounters:
INFO  :    CACHE_HIT_BYTES: 18925003907
INFO  :    CACHE_MISS_BYTES: 0
INFO  :    CONSUMER_TIME_NS: 333833362753
INFO  :    DECODE_TIME_NS: 313550247709
INFO  :    HDFS_TIME_NS: 10899741
INFO  :    METADATA_CACHE_HIT: 3252
INFO  :    NUM_DECODED_BATCHES: 192307
INFO  :    NUM_VECTOR_BATCHES: 1912606
INFO  :    ROWS_EMITTED: 1912500739
INFO  :    SELECTED_ROWGROUPS: 192307
INFO  :    TOTAL_IO_TIME_NS: 317596866174
INFO  : Completed executing command(queryId=hive_20161005143943_8f9cb9de-5f85-4af6-a666-8d8db73e0131); Time taken: 70.173 seconds
INFO  : OK
20 rows selected (70.608 seconds)
Closing: 0: jdbc:hive2://h01hn02:10500/tpch_flat_orc_250
