0: jdbc:hive2://h01hn02:10500/tpch_flat_orc_2> set tez.runtime.io.sort.mb=700;
0: jdbc:hive2://h01hn02:10500/tpch_flat_orc_2> -- set hive.execution.engine=mr;
0: jdbc:hive2://h01hn02:10500/tpch_flat_orc_2> 
0: jdbc:hive2://h01hn02:10500/tpch_flat_orc_2> select
0: jdbc:hive2://h01hn02:10500/tpch_flat_orc_2> l_returnflag,
0: jdbc:hive2://h01hn02:10500/tpch_flat_orc_2> l_linestatus,
0: jdbc:hive2://h01hn02:10500/tpch_flat_orc_2> sum(l_quantity) as sum_qty,
0: jdbc:hive2://h01hn02:10500/tpch_flat_orc_2> sum(l_extendedprice) as sum_base_price,
0: jdbc:hive2://h01hn02:10500/tpch_flat_orc_2> sum(l_extendedprice * (1 - l_discount)) as sum_disc_price,
0: jdbc:hive2://h01hn02:10500/tpch_flat_orc_2> sum(l_extendedprice * (1 - l_discount) * (1 + l_tax)) as sum_charge,
0: jdbc:hive2://h01hn02:10500/tpch_flat_orc_2> avg(l_quantity) as avg_qty,
0: jdbc:hive2://h01hn02:10500/tpch_flat_orc_2> avg(l_extendedprice) as avg_price,
0: jdbc:hive2://h01hn02:10500/tpch_flat_orc_2> avg(l_discount) as avg_disc,
0: jdbc:hive2://h01hn02:10500/tpch_flat_orc_2> count(*) as count_order
0: jdbc:hive2://h01hn02:10500/tpch_flat_orc_2> from
0: jdbc:hive2://h01hn02:10500/tpch_flat_orc_2> lineitem
0: jdbc:hive2://h01hn02:10500/tpch_flat_orc_2> where
0: jdbc:hive2://h01hn02:10500/tpch_flat_orc_2> l_shipdate <= '1998-09-16'
0: jdbc:hive2://h01hn02:10500/tpch_flat_orc_2> group by
0: jdbc:hive2://h01hn02:10500/tpch_flat_orc_2> l_returnflag,
0: jdbc:hive2://h01hn02:10500/tpch_flat_orc_2> l_linestatus
0: jdbc:hive2://h01hn02:10500/tpch_flat_orc_2> order by
0: jdbc:hive2://h01hn02:10500/tpch_flat_orc_2> l_returnflag,
0: jdbc:hive2://h01hn02:10500/tpch_flat_orc_2> l_linestatus;
279044','38237.366971597876','0.049998717934457634','734992450'
'R','F','9.43877679E9','1.4153250035509572E13','1.344558286717998E13','1.3983422373881857E13','25.500390441580326','38237.30658671553','0.04999980680412902','370142442'
0: jdbc:hive2://h01hn02:10500/tpch_flat_orc_2> 
