Format csv is deprecated, please use csv2
Connecting to jdbc:hive2://h01hn02:10500/tpch_flat_orc_250
Connected to: Apache Hive (version 2.1.0.2.5.1.0-43)
Driver: Hive JDBC (version 1.2.1000.2.5.1.0-43)
Transaction isolation: TRANSACTION_REPEATABLE_READ
Running init script ../sample-queries-tpcds/bry.sql
No rows affected (0.033 seconds)
INFO  : Compiling command(queryId=hive_20161005144610_02e97399-5e59-4c30-a01d-72ba6b508bc8): select
	sum(l_extendedprice* (1 - l_discount)) as revenue
from
	lineitem,
	part
where
	(
		p_partkey = l_partkey
		and p_brand = 'Brand#32'
		and p_container in ('SM CASE', 'SM BOX', 'SM PACK', 'SM PKG')
		and l_quantity >= 7 and l_quantity <= 7 + 10
		and p_size between 1 and 5
		and l_shipmode in ('AIR', 'AIR REG')
		and l_shipinstruct = 'DELIVER IN PERSON'
	)
	or
	(
		p_partkey = l_partkey
		and p_brand = 'Brand#35'
		and p_container in ('MED BAG', 'MED BOX', 'MED PKG', 'MED PACK')
		and l_quantity >= 15 and l_quantity <= 15 + 10
		and p_size between 1 and 10
		and l_shipmode in ('AIR', 'AIR REG')
		and l_shipinstruct = 'DELIVER IN PERSON'
	)
	or
	(
		p_partkey = l_partkey
		and p_brand = 'Brand#24'
		and p_container in ('LG CASE', 'LG BOX', 'LG PACK', 'LG PKG')
		and l_quantity >= 26 and l_quantity <= 26 + 10
		and p_size between 1 and 15
		and l_shipmode in ('AIR', 'AIR REG')
		and l_shipinstruct = 'DELIVER IN PERSON'
	)
INFO  : Semantic Analysis Completed
INFO  : Returning Hive schema: Schema(fieldSchemas:[FieldSchema(name:revenue, type:double, comment:null)], properties:null)
INFO  : Completed compiling command(queryId=hive_20161005144610_02e97399-5e59-4c30-a01d-72ba6b508bc8); Time taken: 0.107 seconds
INFO  : Concurrency mode is disabled, not creating a lock manager
INFO  : Executing command(queryId=hive_20161005144610_02e97399-5e59-4c30-a01d-72ba6b508bc8): select
	sum(l_extendedprice* (1 - l_discount)) as revenue
from
	lineitem,
	part
where
	(
		p_partkey = l_partkey
		and p_brand = 'Brand#32'
		and p_container in ('SM CASE', 'SM BOX', 'SM PACK', 'SM PKG')
		and l_quantity >= 7 and l_quantity <= 7 + 10
		and p_size between 1 and 5
		and l_shipmode in ('AIR', 'AIR REG')
		and l_shipinstruct = 'DELIVER IN PERSON'
	)
	or
	(
		p_partkey = l_partkey
		and p_brand = 'Brand#35'
		and p_container in ('MED BAG', 'MED BOX', 'MED PKG', 'MED PACK')
		and l_quantity >= 15 and l_quantity <= 15 + 10
		and p_size between 1 and 10
		and l_shipmode in ('AIR', 'AIR REG')
		and l_shipinstruct = 'DELIVER IN PERSON'
	)
	or
	(
		p_partkey = l_partkey
		and p_brand = 'Brand#24'
		and p_container in ('LG CASE', 'LG BOX', 'LG PACK', 'LG PKG')
		and l_quantity >= 26 and l_quantity <= 26 + 10
		and p_size between 1 and 15
		and l_shipmode in ('AIR', 'AIR REG')
		and l_shipinstruct = 'DELIVER IN PERSON'
	)
INFO  : Query ID = hive_20161005144610_02e97399-5e59-4c30-a01d-72ba6b508bc8
INFO  : Total jobs = 1
INFO  : Launching Job 1 out of 1
INFO  : Starting task [Stage-1:MAPRED] in serial mode
INFO  : Session is already open
INFO  : Dag name: select
	sum(l_extendedprice* (1...PERSON'
	)(Stage-1)
INFO  : Setting tez.task.scale.memory.reserve-fraction to 0.30000001192092896
INFO  : 

INFO  : Status: Running (Executing on YARN cluster with App id application_1475694383065_0003)

INFO  : Map 1: 0(+67)/67	Map 2: 0(+65)/65	Reducer 3: 0/1	
INFO  : Map 1: 2(+65)/67	Map 2: 0(+65)/65	Reducer 3: 0/1	
INFO  : Map 1: 5(+62)/67	Map 2: 0(+65)/65	Reducer 3: 0/1	
INFO  : Map 1: 6(+61)/67	Map 2: 0(+65)/65	Reducer 3: 0/1	
INFO  : Map 1: 7(+60)/67	Map 2: 0(+65)/65	Reducer 3: 0/1	
INFO  : Map 1: 8(+59)/67	Map 2: 0(+65)/65	Reducer 3: 0/1	
INFO  : Map 1: 19(+48)/67	Map 2: 0(+65)/65	Reducer 3: 0/1	
INFO  : Map 1: 50(+17)/67	Map 2: 0(+65)/65	Reducer 3: 0/1	
INFO  : Map 1: 63(+4)/67	Map 2: 0(+65)/65	Reducer 3: 0/1	
INFO  : Map 1: 67/67	Map 2: 0(+65)/65	Reducer 3: 0/1	
INFO  : Map 1: 67/67	Map 2: 0(+65)/65	Reducer 3: 0/1	
INFO  : Map 1: 67/67	Map 2: 0(+65)/65	Reducer 3: 0/1	
INFO  : Map 1: 67/67	Map 2: 0(+65)/65	Reducer 3: 0/1	
INFO  : Map 1: 67/67	Map 2: 0(+65)/65	Reducer 3: 0/1	
INFO  : Map 1: 67/67	Map 2: 0(+65)/65	Reducer 3: 0/1	
INFO  : Map 1: 67/67	Map 2: 0(+65)/65	Reducer 3: 0/1	
INFO  : Map 1: 67/67	Map 2: 10(+55)/65	Reducer 3: 0/1	
INFO  : Map 1: 67/67	Map 2: 11(+54)/65	Reducer 3: 0/1	
INFO  : Map 1: 67/67	Map 2: 16(+49)/65	Reducer 3: 0(+1)/1	
INFO  : Map 1: 67/67	Map 2: 20(+45)/65	Reducer 3: 0(+1)/1	
INFO  : Map 1: 67/67	Map 2: 22(+43)/65	Reducer 3: 0(+1)/1	
INFO  : Map 1: 67/67	Map 2: 23(+42)/65	Reducer 3: 0(+1)/1	
INFO  : Map 1: 67/67	Map 2: 29(+36)/65	Reducer 3: 0(+1)/1	
INFO  : Map 1: 67/67	Map 2: 48(+17)/65	Reducer 3: 0(+1)/1	
INFO  : Map 1: 67/67	Map 2: 54(+11)/65	Reducer 3: 0(+1)/1	
INFO  : Map 1: 67/67	Map 2: 55(+10)/65	Reducer 3: 0(+1)/1	
INFO  : Map 1: 67/67	Map 2: 60(+5)/65	Reducer 3: 0(+1)/1	
INFO  : Map 1: 67/67	Map 2: 61(+4)/65	Reducer 3: 0(+1)/1	
INFO  : Map 1: 67/67	Map 2: 65/65	Reducer 3: 0(+1)/1	
INFO  : Map 1: 67/67	Map 2: 65/65	Reducer 3: 1/1	
INFO  : Status: DAG finished successfully in 27.66 seconds
INFO  : 
INFO  : Query Execution Summary
INFO  : ----------------------------------------------------------------------------------------------
INFO  : ----------------------------------------------------------------------------------------------
INFO  : Compile Query                           0.11s
INFO  : Prepare Plan                            0.16s
INFO  : Submit Plan                             0.10s
INFO  : Start DAG                               0.55s
INFO  : Run DAG                                27.66s
INFO  : ----------------------------------------------------------------------------------------------
INFO  : 
INFO  : Task Execution Summary
INFO  : --------------------------------------------------------------------------------------------------------------------------------
INFO  : --------------------------------------------------------------------------------------------------------------------------------
INFO  :      Map 1           67                0             0        3426.00             0            0  1,500,000,714      53,571,120
INFO  :      Map 2           65                0             0       27518.00             0            0    103,571,120              65
INFO  :  Reducer 3            1                0             0        3379.00             0            0             65               0
INFO  : --------------------------------------------------------------------------------------------------------------------------------
INFO  : 
INFO  : LLAP IO Summary
INFO  : ----------------------------------------------------------------------------------------------
INFO  : ----------------------------------------------------------------------------------------------
INFO  :      Map 1    150873      2000          0   22.00GB         0B          0B       0B   190.57s
INFO  :      Map 2      5000       250          0  151.05MB         0B          0B       0B     4.40s
INFO  : ----------------------------------------------------------------------------------------------
INFO  : 
INFO  : FileSystem Counters Summary
INFO  : 
INFO  : ----------------------------------------------------------------------------------------------
INFO  : ----------------------------------------------------------------------------------------------
INFO  :      Map 1              0B             0                  0           824.45MB             0
INFO  :      Map 2          4.16KB             0                  0             4.16KB             0
INFO  :  Reducer 3              0B             0                  0                 0B             0
INFO  : ----------------------------------------------------------------------------------------------
INFO  : 
INFO  : ----------------------------------------------------------------------------------------------
INFO  : ----------------------------------------------------------------------------------------------
INFO  :      Map 1              0B             0                  0                 0B             0
INFO  :      Map 2              0B             0                  0                 0B             0
INFO  :  Reducer 3              0B             2                  0               116B             2
INFO  : ----------------------------------------------------------------------------------------------
INFO  : 
INFO  : org.apache.tez.common.counters.DAGCounter:
INFO  :    NUM_SUCCEEDED_TASKS: 133
INFO  :    TOTAL_LAUNCHED_TASKS: 133
INFO  :    DATA_LOCAL_TASKS: 132
INFO  :    AM_CPU_MILLISECONDS: 22010
INFO  :    AM_GC_TIME_MILLIS: 537
INFO  : File System Counters:
INFO  :    FILE_BYTES_READ: 4160
INFO  :    FILE_BYTES_WRITTEN: 824454131
INFO  :    FILE_READ_OPS: 0
INFO  :    FILE_LARGE_READ_OPS: 0
INFO  :    FILE_WRITE_OPS: 0
INFO  :    HDFS_BYTES_READ: 0
INFO  :    HDFS_BYTES_WRITTEN: 116
INFO  :    HDFS_READ_OPS: 2
INFO  :    HDFS_LARGE_READ_OPS: 0
INFO  :    HDFS_WRITE_OPS: 2
INFO  : org.apache.tez.common.counters.TaskCounter:
INFO  :    REDUCE_INPUT_GROUPS: 1
INFO  :    REDUCE_INPUT_RECORDS: 65
INFO  :    COMBINE_INPUT_RECORDS: 0
INFO  :    SPILLED_RECORDS: 130
INFO  :    NUM_SHUFFLED_INPUTS: 668
INFO  :    NUM_SKIPPED_INPUTS: 0
INFO  :    NUM_FAILED_SHUFFLE_INPUTS: 0
INFO  :    MERGED_MAP_OUTPUTS: 65
INFO  :    INPUT_RECORDS_PROCESSED: 483690185
INFO  :    INPUT_SPLIT_LENGTH_BYTES: 60220542818
INFO  :    OUTPUT_RECORDS: 53571185
INFO  :    OUTPUT_LARGE_RECORDS: 0
INFO  :    OUTPUT_BYTES: 1607134250
INFO  :    OUTPUT_BYTES_WITH_OVERHEAD: 1714277412
INFO  :    OUTPUT_BYTES_PHYSICAL: 824451515
INFO  :    ADDITIONAL_SPILLS_BYTES_WRITTEN: 558
INFO  :    ADDITIONAL_SPILLS_BYTES_READ: 782
INFO  :    ADDITIONAL_SPILL_COUNT: 0
INFO  :    SHUFFLE_CHUNK_COUNT: 65
INFO  :    SHUFFLE_BYTES: 7420032523
INFO  :    SHUFFLE_BYTES_DECOMPRESSED: 15428487348
INFO  :    SHUFFLE_BYTES_TO_MEM: 2387796456
INFO  :    SHUFFLE_BYTES_TO_DISK: 4207788016
INFO  :    SHUFFLE_BYTES_DISK_DIRECT: 824448051
INFO  :    NUM_MEM_TO_DISK_MERGES: 0
INFO  :    NUM_DISK_TO_DISK_MERGES: 0
INFO  :    SHUFFLE_PHASE_TIME: 35373
INFO  :    MERGE_PHASE_TIME: 3412
INFO  :    FIRST_EVENT_RECEIVED: 6898
INFO  :    LAST_EVENT_RECEIVED: 33799
INFO  : HIVE:
INFO  :    CREATED_FILES: 1
INFO  :    DESERIALIZE_ERRORS: 0
INFO  :    RECORDS_IN_Map_1: 1500000714
INFO  :    RECORDS_IN_Map_2: 50000000
INFO  :    RECORDS_OUT_0: 1
INFO  :    RECORDS_OUT_INTERMEDIATE_Map_1: 53571120
INFO  :    RECORDS_OUT_INTERMEDIATE_Map_2: 65
INFO  : Shuffle Errors:
INFO  :    BAD_ID: 0
INFO  :    CONNECTION: 0
INFO  :    IO_ERROR: 0
INFO  :    WRONG_LENGTH: 0
INFO  :    WRONG_MAP: 0
INFO  :    WRONG_REDUCE: 0
INFO  : Shuffle Errors_Reducer_3_INPUT_Map_2:
INFO  :    BAD_ID: 0
INFO  :    CONNECTION: 0
INFO  :    IO_ERROR: 0
INFO  :    WRONG_LENGTH: 0
INFO  :    WRONG_MAP: 0
INFO  :    WRONG_REDUCE: 0
INFO  : TaskCounter_Map_1_INPUT_lineitem:
INFO  :    INPUT_RECORDS_PROCESSED: 1500105
INFO  :    INPUT_SPLIT_LENGTH_BYTES: 58902255143
INFO  : TaskCounter_Map_1_OUTPUT_Map_2:
INFO  :    ADDITIONAL_SPILLS_BYTES_READ: 0
INFO  :    ADDITIONAL_SPILLS_BYTES_WRITTEN: 0
INFO  :    ADDITIONAL_SPILL_COUNT: 0
INFO  :    OUTPUT_BYTES: 1607133600
INFO  :    OUTPUT_BYTES_PHYSICAL: 824449435
INFO  :    OUTPUT_BYTES_WITH_OVERHEAD: 1714276242
INFO  :    OUTPUT_LARGE_RECORDS: 0
INFO  :    OUTPUT_RECORDS: 53571120
INFO  :    SPILLED_RECORDS: 0
INFO  : TaskCounter_Map_2_INPUT_Map_1:
INFO  :    FIRST_EVENT_RECEIVED: 6897
INFO  :    INPUT_RECORDS_PROCESSED: 482140080
INFO  :    LAST_EVENT_RECEIVED: 30393
INFO  :    NUM_FAILED_SHUFFLE_INPUTS: 0
INFO  :    NUM_SHUFFLED_INPUTS: 603
INFO  :    SHUFFLE_BYTES: 7420030443
INFO  :    SHUFFLE_BYTES_DECOMPRESSED: 15428486178
INFO  :    SHUFFLE_BYTES_DISK_DIRECT: 824447827
INFO  :    SHUFFLE_BYTES_TO_DISK: 4207788016
INFO  :    SHUFFLE_BYTES_TO_MEM: 2387794600
INFO  :    SHUFFLE_PHASE_TIME: 31964
INFO  : TaskCounter_Map_2_INPUT_part:
INFO  :    INPUT_RECORDS_PROCESSED: 50000
INFO  :    INPUT_SPLIT_LENGTH_BYTES: 1318287675
INFO  : TaskCounter_Map_2_OUTPUT_Reducer_3:
INFO  :    ADDITIONAL_SPILLS_BYTES_READ: 0
INFO  :    ADDITIONAL_SPILLS_BYTES_WRITTEN: 0
INFO  :    ADDITIONAL_SPILL_COUNT: 0
INFO  :    OUTPUT_BYTES: 650
INFO  :    OUTPUT_BYTES_PHYSICAL: 2080
INFO  :    OUTPUT_BYTES_WITH_OVERHEAD: 1170
INFO  :    OUTPUT_RECORDS: 65
INFO  :    SHUFFLE_CHUNK_COUNT: 65
INFO  :    SPILLED_RECORDS: 65
INFO  : TaskCounter_Reducer_3_INPUT_Map_2:
INFO  :    ADDITIONAL_SPILLS_BYTES_READ: 782
INFO  :    ADDITIONAL_SPILLS_BYTES_WRITTEN: 558
INFO  :    COMBINE_INPUT_RECORDS: 0
INFO  :    FIRST_EVENT_RECEIVED: 1
INFO  :    LAST_EVENT_RECEIVED: 3406
INFO  :    MERGED_MAP_OUTPUTS: 65
INFO  :    MERGE_PHASE_TIME: 3412
INFO  :    NUM_DISK_TO_DISK_MERGES: 0
INFO  :    NUM_FAILED_SHUFFLE_INPUTS: 0
INFO  :    NUM_MEM_TO_DISK_MERGES: 0
INFO  :    NUM_SHUFFLED_INPUTS: 65
INFO  :    NUM_SKIPPED_INPUTS: 0
INFO  :    REDUCE_INPUT_GROUPS: 1
INFO  :    REDUCE_INPUT_RECORDS: 65
INFO  :    SHUFFLE_BYTES: 2080
INFO  :    SHUFFLE_BYTES_DECOMPRESSED: 1170
INFO  :    SHUFFLE_BYTES_DISK_DIRECT: 224
INFO  :    SHUFFLE_BYTES_TO_DISK: 0
INFO  :    SHUFFLE_BYTES_TO_MEM: 1856
INFO  :    SHUFFLE_PHASE_TIME: 3409
INFO  :    SPILLED_RECORDS: 65
INFO  : TaskCounter_Reducer_3_OUTPUT_out_Reducer_3:
INFO  :    OUTPUT_RECORDS: 0
INFO  : org.apache.hadoop.hive.llap.counters.LlapIOCounters:
INFO  :    CACHE_HIT_BYTES: 22152325995
INFO  :    CACHE_MISS_BYTES: 0
INFO  :    CONSUMER_TIME_NS: 220010593186
INFO  :    DECODE_TIME_NS: 192307158894
INFO  :    HDFS_TIME_NS: 3896134
INFO  :    METADATA_CACHE_HIT: 2250
INFO  :    NUM_DECODED_BATCHES: 155873
INFO  :    NUM_VECTOR_BATCHES: 1550105
INFO  :    ROWS_EMITTED: 1550000714
INFO  :    SELECTED_ROWGROUPS: 155873
INFO  :    TOTAL_IO_TIME_NS: 194971442211
INFO  : Completed executing command(queryId=hive_20161005144610_02e97399-5e59-4c30-a01d-72ba6b508bc8); Time taken: 28.513 seconds
INFO  : OK
1 row selected (28.658 seconds)
Closing: 0: jdbc:hive2://h01hn02:10500/tpch_flat_orc_250
