Format csv is deprecated, please use csv2
Connecting to jdbc:hive2://h01hn02:10500/tpch_flat_orc_250
Connected to: Apache Hive (version 2.1.0.2.5.1.0-43)
Driver: Hive JDBC (version 1.2.1000.2.5.1.0-43)
Transaction isolation: TRANSACTION_REPEATABLE_READ
Running init script ../sample-queries-tpcds/bry.sql
No rows affected (0.034 seconds)
INFO  : Compiling command(queryId=hive_20161005144143_8fe2e34f-7bb2-43ae-8c7d-0b7138870423): select
	100.00 * sum(case
		when p_type like 'PROMO%'
			then l_extendedprice * (1 - l_discount)
		else 0
	end) / sum(l_extendedprice * (1 - l_discount)) as promo_revenue
from
	lineitem,
	part
where
	l_partkey = p_partkey
	and l_shipdate >= '1995-08-01'
	and l_shipdate < '1995-09-01'
INFO  : Semantic Analysis Completed
INFO  : Returning Hive schema: Schema(fieldSchemas:[FieldSchema(name:promo_revenue, type:double, comment:null)], properties:null)
INFO  : Completed compiling command(queryId=hive_20161005144143_8fe2e34f-7bb2-43ae-8c7d-0b7138870423); Time taken: 0.146 seconds
INFO  : Concurrency mode is disabled, not creating a lock manager
INFO  : Executing command(queryId=hive_20161005144143_8fe2e34f-7bb2-43ae-8c7d-0b7138870423): select
	100.00 * sum(case
		when p_type like 'PROMO%'
			then l_extendedprice * (1 - l_discount)
		else 0
	end) / sum(l_extendedprice * (1 - l_discount)) as promo_revenue
from
	lineitem,
	part
where
	l_partkey = p_partkey
	and l_shipdate >= '1995-08-01'
	and l_shipdate < '1995-09-01'
INFO  : Query ID = hive_20161005144143_8fe2e34f-7bb2-43ae-8c7d-0b7138870423
INFO  : Total jobs = 1
INFO  : Launching Job 1 out of 1
INFO  : Starting task [Stage-1:MAPRED] in serial mode
INFO  : Session is already open
INFO  : Dag name: select
	100.00 * sum(case
		w...'1995-09-01'(Stage-1)
INFO  : Setting tez.task.scale.memory.reserve-fraction to 0.30000001192092896
INFO  : 

INFO  : Status: Running (Executing on YARN cluster with App id application_1475694383065_0003)

INFO  : Map 1: 0(+67)/67	Map 4: 0(+65)/65	Reducer 2: 0/730	Reducer 3: 0/1	
INFO  : Map 1: 0(+67)/67	Map 4: 5(+60)/65	Reducer 2: 0/730	Reducer 3: 0/1	
INFO  : Map 1: 1(+66)/67	Map 4: 28(+37)/65	Reducer 2: 0/730	Reducer 3: 0/1	
INFO  : Map 1: 3(+64)/67	Map 4: 47(+18)/65	Reducer 2: 0/730	Reducer 3: 0/1	
INFO  : Map 1: 3(+64)/67	Map 4: 48(+17)/65	Reducer 2: 0/730	Reducer 3: 0/1	
INFO  : Map 1: 5(+62)/67	Map 4: 54(+11)/65	Reducer 2: 0/730	Reducer 3: 0/1	
INFO  : Map 1: 5(+62)/67	Map 4: 55(+10)/65	Reducer 2: 0/730	Reducer 3: 0/1	
INFO  : Map 1: 5(+62)/67	Map 4: 60(+5)/65	Reducer 2: 0/730	Reducer 3: 0/1	
INFO  : Map 1: 5(+62)/67	Map 4: 64(+1)/65	Reducer 2: 0/730	Reducer 3: 0/1	
INFO  : Map 1: 8(+59)/67	Map 4: 65/65	Reducer 2: 0/730	Reducer 3: 0/1	
INFO  : Map 1: 15(+52)/67	Map 4: 65/65	Reducer 2: 0(+88)/730	Reducer 3: 0/1	
INFO  : Map 1: 20(+47)/67	Map 4: 65/65	Reducer 2: 0(+308)/730	Reducer 3: 0/1	
INFO  : Map 1: 26(+41)/67	Map 4: 65/65	Reducer 2: 0(+462)/730	Reducer 3: 0/1	
INFO  : Map 1: 33(+34)/67	Map 4: 65/65	Reducer 2: 0(+470)/730	Reducer 3: 0/1	
INFO  : Map 1: 40(+27)/67	Map 4: 65/65	Reducer 2: 0(+477)/730	Reducer 3: 0/1	
INFO  : Map 1: 47(+20)/67	Map 4: 65/65	Reducer 2: 0(+484)/730	Reducer 3: 0/1	
INFO  : Map 1: 48(+19)/67	Map 4: 65/65	Reducer 2: 0(+485)/730	Reducer 3: 0/1	
INFO  : Map 1: 54(+13)/67	Map 4: 65/65	Reducer 2: 0(+491)/730	Reducer 3: 0/1	
INFO  : Map 1: 55(+12)/67	Map 4: 65/65	Reducer 2: 0(+492)/730	Reducer 3: 0/1	
INFO  : Map 1: 59(+8)/67	Map 4: 65/65	Reducer 2: 0(+496)/730	Reducer 3: 0/1	
INFO  : Map 1: 65(+2)/67	Map 4: 65/65	Reducer 2: 0(+502)/730	Reducer 3: 0/1	
INFO  : Map 1: 67/67	Map 4: 65/65	Reducer 2: 115(+511)/730	Reducer 3: 0/1	
INFO  : Map 1: 67/67	Map 4: 65/65	Reducer 2: 126(+530)/730	Reducer 3: 0/1	
INFO  : Map 1: 67/67	Map 4: 65/65	Reducer 2: 138(+530)/730	Reducer 3: 0/1	
INFO  : Map 1: 67/67	Map 4: 65/65	Reducer 2: 167(+530)/730	Reducer 3: 0/1	
INFO  : Map 1: 67/67	Map 4: 65/65	Reducer 2: 198(+529)/730	Reducer 3: 0/1	
INFO  : Map 1: 67/67	Map 4: 65/65	Reducer 2: 279(+451)/730	Reducer 3: 0(+1)/1	
INFO  : Map 1: 67/67	Map 4: 65/65	Reducer 2: 345(+385)/730	Reducer 3: 0(+1)/1	
INFO  : Map 1: 67/67	Map 4: 65/65	Reducer 2: 430(+300)/730	Reducer 3: 0(+1)/1	
INFO  : Map 1: 67/67	Map 4: 65/65	Reducer 2: 451(+279)/730	Reducer 3: 0(+1)/1	
INFO  : Map 1: 67/67	Map 4: 65/65	Reducer 2: 457(+273)/730	Reducer 3: 0(+1)/1	
INFO  : Map 1: 67/67	Map 4: 65/65	Reducer 2: 462(+268)/730	Reducer 3: 0(+1)/1	
INFO  : Map 1: 67/67	Map 4: 65/65	Reducer 2: 462(+266)/730	Reducer 3: 0(+1)/1	
INFO  : Map 1: 67/67	Map 4: 65/65	Reducer 2: 505(+225)/730	Reducer 3: 0(+1)/1	
INFO  : Map 1: 67/67	Map 4: 65/65	Reducer 2: 639(+91)/730	Reducer 3: 0(+1)/1	
INFO  : Map 1: 67/67	Map 4: 65/65	Reducer 2: 693(+37)/730	Reducer 3: 0(+1)/1	
INFO  : Map 1: 67/67	Map 4: 65/65	Reducer 2: 724(+5)/730	Reducer 3: 0(+1)/1	
INFO  : Map 1: 67/67	Map 4: 65/65	Reducer 2: 730/730	Reducer 3: 1/1	
INFO  : Status: DAG finished successfully in 10.50 seconds
INFO  : 
INFO  : Query Execution Summary
INFO  : ----------------------------------------------------------------------------------------------
INFO  : ----------------------------------------------------------------------------------------------
INFO  : Compile Query                           0.15s
INFO  : Prepare Plan                            0.17s
INFO  : Submit Plan                             0.11s
INFO  : Start DAG                               0.20s
INFO  : Run DAG                                10.50s
INFO  : ----------------------------------------------------------------------------------------------
INFO  : 
INFO  : Task Execution Summary
INFO  : --------------------------------------------------------------------------------------------------------------------------------
INFO  : --------------------------------------------------------------------------------------------------------------------------------
INFO  :      Map 1           67                0             0        6640.00             0            0  1,500,000,700      19,331,250
INFO  :      Map 4           65                0             0        2013.00             0            0     50,000,000      50,000,000
INFO  :  Reducer 2          730                0            52        8284.00             0            0     69,331,250             730
INFO  :  Reducer 3            1                0             0        2797.00             0            0            730               0
INFO  : --------------------------------------------------------------------------------------------------------------------------------
INFO  : 
INFO  : LLAP IO Summary
INFO  : ----------------------------------------------------------------------------------------------
INFO  : ----------------------------------------------------------------------------------------------
INFO  :      Map 1    150872      2000          0   20.60GB         0B          0B       0B   176.71s
INFO  :      Map 4      5000       250          0   50.72MB         0B          0B       0B     5.30s
INFO  : ----------------------------------------------------------------------------------------------
INFO  : 
INFO  : FileSystem Counters Summary
INFO  : 
INFO  : ----------------------------------------------------------------------------------------------
INFO  : ----------------------------------------------------------------------------------------------
INFO  :      Map 1              0B             0                  0           285.60MB             0
INFO  :      Map 4              0B             0                  0           507.52MB             0
INFO  :  Reducer 2          1.38GB             0                  0            52.56KB             0
INFO  :  Reducer 3              0B             0                  0                 0B             0
INFO  : ----------------------------------------------------------------------------------------------
INFO  : 
INFO  : ----------------------------------------------------------------------------------------------
INFO  : ----------------------------------------------------------------------------------------------
INFO  :      Map 1              0B             0                  0                 0B             0
INFO  :      Map 4              0B             0                  0                 0B             0
INFO  :  Reducer 2              0B             0                  0                 0B             0
INFO  :  Reducer 3              0B             2                  0               118B             2
INFO  : ----------------------------------------------------------------------------------------------
INFO  : 
INFO  : org.apache.tez.common.counters.DAGCounter:
INFO  :    NUM_KILLED_TASKS: 52
INFO  :    NUM_SUCCEEDED_TASKS: 863
INFO  :    TOTAL_LAUNCHED_TASKS: 915
INFO  :    DATA_LOCAL_TASKS: 132
INFO  :    AM_CPU_MILLISECONDS: 5390
INFO  :    AM_GC_TIME_MILLIS: 33
INFO  : File System Counters:
INFO  :    FILE_BYTES_READ: 1376554930
INFO  :    FILE_BYTES_WRITTEN: 793167482
INFO  :    FILE_READ_OPS: 0
INFO  :    FILE_LARGE_READ_OPS: 0
INFO  :    FILE_WRITE_OPS: 0
INFO  :    HDFS_BYTES_READ: 0
INFO  :    HDFS_BYTES_WRITTEN: 118
INFO  :    HDFS_READ_OPS: 2
INFO  :    HDFS_LARGE_READ_OPS: 0
INFO  :    HDFS_WRITE_OPS: 2
INFO  : org.apache.tez.common.counters.TaskCounter:
INFO  :    REDUCE_INPUT_GROUPS: 1
INFO  :    REDUCE_INPUT_RECORDS: 730
INFO  :    COMBINE_INPUT_RECORDS: 0
INFO  :    SPILLED_RECORDS: 1460
INFO  :    NUM_SHUFFLED_INPUTS: 97090
INFO  :    NUM_SKIPPED_INPUTS: 0
INFO  :    NUM_FAILED_SHUFFLE_INPUTS: 0
INFO  :    MERGED_MAP_OUTPUTS: 730
INFO  :    INPUT_RECORDS_PROCESSED: 70881354
INFO  :    INPUT_SPLIT_LENGTH_BYTES: 60220542818
INFO  :    OUTPUT_RECORDS: 69331980
INFO  :    OUTPUT_LARGE_RECORDS: 0
INFO  :    OUTPUT_BYTES: 1824634636
INFO  :    OUTPUT_BYTES_WITH_OVERHEAD: 2749271067
INFO  :    OUTPUT_BYTES_PHYSICAL: 793143066
INFO  :    ADDITIONAL_SPILLS_BYTES_WRITTEN: 11068
INFO  :    ADDITIONAL_SPILLS_BYTES_READ: 14228
INFO  :    ADDITIONAL_SPILL_COUNT: 0
INFO  :    SHUFFLE_CHUNK_COUNT: 730
INFO  :    SHUFFLE_BYTES: 790830426
INFO  :    SHUFFLE_BYTES_DECOMPRESSED: 1963881136
INFO  :    SHUFFLE_BYTES_TO_MEM: 703277586
INFO  :    SHUFFLE_BYTES_TO_DISK: 0
INFO  :    SHUFFLE_BYTES_DISK_DIRECT: 87552840
INFO  :    NUM_MEM_TO_DISK_MERGES: 0
INFO  :    NUM_DISK_TO_DISK_MERGES: 0
INFO  :    SHUFFLE_PHASE_TIME: 4717688
INFO  :    MERGE_PHASE_TIME: 2789
INFO  :    FIRST_EVENT_RECEIVED: 15615
INFO  :    LAST_EVENT_RECEIVED: 2196364
INFO  : HIVE:
INFO  :    CREATED_FILES: 1
INFO  :    DESERIALIZE_ERRORS: 0
INFO  :    RECORDS_IN_Map_1: 1500000700
INFO  :    RECORDS_IN_Map_4: 50000000
INFO  :    RECORDS_OUT_0: 1
INFO  :    RECORDS_OUT_INTERMEDIATE_Map_1: 19331250
INFO  :    RECORDS_OUT_INTERMEDIATE_Map_4: 50000000
INFO  :    RECORDS_OUT_INTERMEDIATE_Reducer_2: 730
INFO  : Shuffle Errors:
INFO  :    BAD_ID: 0
INFO  :    CONNECTION: 0
INFO  :    IO_ERROR: 0
INFO  :    WRONG_LENGTH: 0
INFO  :    WRONG_MAP: 0
INFO  :    WRONG_REDUCE: 0
INFO  : Shuffle Errors_Reducer_3_INPUT_Reducer_2:
INFO  :    BAD_ID: 0
INFO  :    CONNECTION: 0
INFO  :    IO_ERROR: 0
INFO  :    WRONG_LENGTH: 0
INFO  :    WRONG_MAP: 0
INFO  :    WRONG_REDUCE: 0
INFO  : TaskCounter_Map_1_INPUT_lineitem:
INFO  :    INPUT_RECORDS_PROCESSED: 1500104
INFO  :    INPUT_SPLIT_LENGTH_BYTES: 58902255143
INFO  : TaskCounter_Map_1_OUTPUT_Reducer_2:
INFO  :    ADDITIONAL_SPILLS_BYTES_READ: 0
INFO  :    ADDITIONAL_SPILLS_BYTES_WRITTEN: 0
INFO  :    ADDITIONAL_SPILL_COUNT: 0
INFO  :    OUTPUT_BYTES: 444618750
INFO  :    OUTPUT_BYTES_PHYSICAL: 285597275
INFO  :    OUTPUT_BYTES_WITH_OVERHEAD: 695924933
INFO  :    OUTPUT_LARGE_RECORDS: 0
INFO  :    OUTPUT_RECORDS: 19331250
INFO  :    SPILLED_RECORDS: 0
INFO  : TaskCounter_Map_4_INPUT_part:
INFO  :    INPUT_RECORDS_PROCESSED: 50000
INFO  :    INPUT_SPLIT_LENGTH_BYTES: 1318287675
INFO  : TaskCounter_Map_4_OUTPUT_Reducer_2:
INFO  :    ADDITIONAL_SPILLS_BYTES_READ: 0
INFO  :    ADDITIONAL_SPILLS_BYTES_WRITTEN: 0
INFO  :    ADDITIONAL_SPILL_COUNT: 0
INFO  :    OUTPUT_BYTES: 1380002746
INFO  :    OUTPUT_BYTES_PHYSICAL: 507516591
INFO  :    OUTPUT_BYTES_WITH_OVERHEAD: 2053327154
INFO  :    OUTPUT_LARGE_RECORDS: 0
INFO  :    OUTPUT_RECORDS: 50000000
INFO  :    SPILLED_RECORDS: 0
INFO  : TaskCounter_Reducer_2_INPUT_Map_1:
INFO  :    FIRST_EVENT_RECEIVED: 6580
INFO  :    INPUT_RECORDS_PROCESSED: 19331250
INFO  :    LAST_EVENT_RECEIVED: 2085251
INFO  :    NUM_FAILED_SHUFFLE_INPUTS: 0
INFO  :    NUM_SHUFFLED_INPUTS: 48910
INFO  :    SHUFFLE_BYTES: 284423435
INFO  :    SHUFFLE_BYTES_DECOMPRESSED: 483574710
INFO  :    SHUFFLE_BYTES_DISK_DIRECT: 31673427
INFO  :    SHUFFLE_BYTES_TO_DISK: 0
INFO  :    SHUFFLE_BYTES_TO_MEM: 252750008
INFO  :    SHUFFLE_PHASE_TIME: 2929702
INFO  : TaskCounter_Reducer_2_INPUT_Map_4:
INFO  :    FIRST_EVENT_RECEIVED: 9033
INFO  :    INPUT_RECORDS_PROCESSED: 50000000
INFO  :    LAST_EVENT_RECEIVED: 108341
INFO  :    NUM_FAILED_SHUFFLE_INPUTS: 0
INFO  :    NUM_SHUFFLED_INPUTS: 47450
INFO  :    SHUFFLE_BYTES: 506377791
INFO  :    SHUFFLE_BYTES_DECOMPRESSED: 1480287446
INFO  :    SHUFFLE_BYTES_DISK_DIRECT: 55876253
INFO  :    SHUFFLE_BYTES_TO_DISK: 0
INFO  :    SHUFFLE_BYTES_TO_MEM: 450501538
INFO  :    SHUFFLE_PHASE_TIME: 1785209
INFO  : TaskCounter_Reducer_2_OUTPUT_Reducer_3:
INFO  :    ADDITIONAL_SPILLS_BYTES_READ: 0
INFO  :    ADDITIONAL_SPILLS_BYTES_WRITTEN: 0
INFO  :    ADDITIONAL_SPILL_COUNT: 0
INFO  :    OUTPUT_BYTES: 13140
INFO  :    OUTPUT_BYTES_PHYSICAL: 29200
INFO  :    OUTPUT_BYTES_WITH_OVERHEAD: 18980
INFO  :    OUTPUT_RECORDS: 730
INFO  :    SHUFFLE_CHUNK_COUNT: 730
INFO  :    SPILLED_RECORDS: 730
INFO  : TaskCounter_Reducer_3_INPUT_Reducer_2:
INFO  :    ADDITIONAL_SPILLS_BYTES_READ: 14228
INFO  :    ADDITIONAL_SPILLS_BYTES_WRITTEN: 11068
INFO  :    COMBINE_INPUT_RECORDS: 0
INFO  :    FIRST_EVENT_RECEIVED: 2
INFO  :    LAST_EVENT_RECEIVED: 2772
INFO  :    MERGED_MAP_OUTPUTS: 730
INFO  :    MERGE_PHASE_TIME: 2789
INFO  :    NUM_DISK_TO_DISK_MERGES: 0
INFO  :    NUM_FAILED_SHUFFLE_INPUTS: 0
INFO  :    NUM_MEM_TO_DISK_MERGES: 0
INFO  :    NUM_SHUFFLED_INPUTS: 730
INFO  :    NUM_SKIPPED_INPUTS: 0
INFO  :    REDUCE_INPUT_GROUPS: 1
INFO  :    REDUCE_INPUT_RECORDS: 730
INFO  :    SHUFFLE_BYTES: 29200
INFO  :    SHUFFLE_BYTES_DECOMPRESSED: 18980
INFO  :    SHUFFLE_BYTES_DISK_DIRECT: 3160
INFO  :    SHUFFLE_BYTES_TO_DISK: 0
INFO  :    SHUFFLE_BYTES_TO_MEM: 26040
INFO  :    SHUFFLE_PHASE_TIME: 2777
INFO  :    SPILLED_RECORDS: 730
INFO  : TaskCounter_Reducer_3_OUTPUT_out_Reducer_3:
INFO  :    OUTPUT_RECORDS: 0
INFO  : org.apache.hadoop.hive.llap.counters.LlapIOCounters:
INFO  :    CACHE_HIT_BYTES: 20652982859
INFO  :    CACHE_MISS_BYTES: 0
INFO  :    CONSUMER_TIME_NS: 186461683555
INFO  :    DECODE_TIME_NS: 178485063397
INFO  :    HDFS_TIME_NS: 6139176
INFO  :    METADATA_CACHE_HIT: 2250
INFO  :    NUM_DECODED_BATCHES: 155872
INFO  :    NUM_VECTOR_BATCHES: 1550104
INFO  :    ROWS_EMITTED: 1550000700
INFO  :    SELECTED_ROWGROUPS: 155872
INFO  :    TOTAL_IO_TIME_NS: 182009949375
INFO  : Completed executing command(queryId=hive_20161005144143_8fe2e34f-7bb2-43ae-8c7d-0b7138870423); Time taken: 11.024 seconds
INFO  : OK
1 row selected (11.21 seconds)
Closing: 0: jdbc:hive2://h01hn02:10500/tpch_flat_orc_250
