
Logging initialized using configuration in file:/etc/hive/2.5.0.0-1245/0/hive-log4j.properties
hive> use tpch_flat_orc_10000; source tpch_query2.sql;
OK
Time taken: 0.875 seconds
OK
Time taken: 0.112 seconds
OK
Time taken: 1.498 seconds
Warning: Shuffle Join JOIN[38][tables = [part, supplier]] in Stage 'Stage-12:MAPRED' is a cross product
Query ID = root_20160916094728_72af245f-b6b3-4ae4-9470-56ddc5f0e26f
Total jobs = 14
Stage-1 is selected by condition resolver.
Stage-12 is selected by condition resolver.
Launching Job 1 out of 14
Number of reduce tasks not specified. Estimated from input data size: 1009
In order to change the average load for a reducer (in bytes):
  set hive.exec.reducers.bytes.per.reducer=<number>
In order to limit the maximum number of reducers:
  set hive.exec.reducers.max=<number>
In order to set a constant number of reducers:
  set mapreduce.job.reduces=<number>
Starting Job = job_1473176979882_0234, Tracking URL = http://h01hn01.hadoop:8088/proxy/application_1473176979882_0234/
Kill Command = /usr/hdp/2.5.0.0-1245/hadoop/bin/hadoop job  -kill job_1473176979882_0234
Hadoop job information for Stage-1: number of mappers: 1630; number of reducers: 1009
2016-09-16 09:47:39,508 Stage-1 map = 0%,  reduce = 0%
2016-09-16 09:48:05,913 Stage-1 map = 1%,  reduce = 0%, Cumulative CPU 698.83 sec
2016-09-16 09:48:10,027 Stage-1 map = 2%,  reduce = 0%, Cumulative CPU 1822.3 sec
2016-09-16 09:48:14,313 Stage-1 map = 3%,  reduce = 0%, Cumulative CPU 3034.08 sec
2016-09-16 09:48:16,382 Stage-1 map = 4%,  reduce = 0%, Cumulative CPU 4447.14 sec
2016-09-16 09:48:17,411 Stage-1 map = 5%,  reduce = 0%, Cumulative CPU 5040.58 sec
2016-09-16 09:48:19,470 Stage-1 map = 6%,  reduce = 0%, Cumulative CPU 6429.64 sec
2016-09-16 09:48:21,531 Stage-1 map = 7%,  reduce = 0%, Cumulative CPU 7860.01 sec
2016-09-16 09:48:22,563 Stage-1 map = 8%,  reduce = 0%, Cumulative CPU 8393.23 sec
2016-09-16 09:48:24,700 Stage-1 map = 9%,  reduce = 0%, Cumulative CPU 10125.69 sec
2016-09-16 09:48:25,806 Stage-1 map = 10%,  reduce = 0%, Cumulative CPU 10850.27 sec
2016-09-16 09:48:26,899 Stage-1 map = 11%,  reduce = 0%, Cumulative CPU 11550.22 sec
2016-09-16 09:48:27,947 Stage-1 map = 12%,  reduce = 0%, Cumulative CPU 12428.68 sec
2016-09-16 09:48:29,011 Stage-1 map = 13%,  reduce = 0%, Cumulative CPU 13177.26 sec
2016-09-16 09:48:30,056 Stage-1 map = 14%,  reduce = 0%, Cumulative CPU 14140.53 sec
2016-09-16 09:48:31,093 Stage-1 map = 15%,  reduce = 0%, Cumulative CPU 15121.28 sec
2016-09-16 09:48:32,158 Stage-1 map = 16%,  reduce = 0%, Cumulative CPU 15632.49 sec
2016-09-16 09:48:34,239 Stage-1 map = 17%,  reduce = 0%, Cumulative CPU 16943.47 sec
2016-09-16 09:48:35,272 Stage-1 map = 18%,  reduce = 0%, Cumulative CPU 17497.79 sec
2016-09-16 09:48:37,357 Stage-1 map = 19%,  reduce = 0%, Cumulative CPU 18606.08 sec
2016-09-16 09:48:38,398 Stage-1 map = 20%,  reduce = 0%, Cumulative CPU 19170.33 sec
2016-09-16 09:48:39,442 Stage-1 map = 21%,  reduce = 0%, Cumulative CPU 19742.59 sec
2016-09-16 09:48:41,528 Stage-1 map = 22%,  reduce = 0%, Cumulative CPU 21004.24 sec
2016-09-16 09:48:43,596 Stage-1 map = 23%,  reduce = 0%, Cumulative CPU 22081.69 sec
2016-09-16 09:48:45,672 Stage-1 map = 24%,  reduce = 0%, Cumulative CPU 22959.45 sec
2016-09-16 09:48:47,750 Stage-1 map = 25%,  reduce = 0%, Cumulative CPU 24170.57 sec
2016-09-16 09:48:49,837 Stage-1 map = 26%,  reduce = 0%, Cumulative CPU 25126.63 sec
2016-09-16 09:48:50,870 Stage-1 map = 27%,  reduce = 0%, Cumulative CPU 25651.63 sec
2016-09-16 09:48:52,936 Stage-1 map = 28%,  reduce = 0%, Cumulative CPU 26613.53 sec
2016-09-16 09:48:55,015 Stage-1 map = 29%,  reduce = 0%, Cumulative CPU 27748.86 sec
2016-09-16 09:48:57,104 Stage-1 map = 30%,  reduce = 0%, Cumulative CPU 28668.35 sec
2016-09-16 09:48:58,977 Stage-1 map = 31%,  reduce = 0%, Cumulative CPU 29529.68 sec
2016-09-16 09:49:01,093 Stage-1 map = 32%,  reduce = 0%, Cumulative CPU 30245.69 sec
2016-09-16 09:49:02,126 Stage-1 map = 33%,  reduce = 0%, Cumulative CPU 30927.57 sec
2016-09-16 09:49:04,198 Stage-1 map = 34%,  reduce = 0%, Cumulative CPU 31592.39 sec
2016-09-16 09:49:05,254 Stage-1 map = 35%,  reduce = 0%, Cumulative CPU 32142.52 sec
2016-09-16 09:49:07,318 Stage-1 map = 36%,  reduce = 0%, Cumulative CPU 32925.54 sec
2016-09-16 09:49:08,362 Stage-1 map = 37%,  reduce = 0%, Cumulative CPU 33383.73 sec
2016-09-16 09:49:10,451 Stage-1 map = 38%,  reduce = 0%, Cumulative CPU 34114.02 sec
2016-09-16 09:49:11,718 Stage-1 map = 39%,  reduce = 0%, Cumulative CPU 34612.75 sec
2016-09-16 09:49:12,757 Stage-1 map = 40%,  reduce = 0%, Cumulative CPU 34941.68 sec
2016-09-16 09:49:13,787 Stage-1 map = 41%,  reduce = 0%, Cumulative CPU 35260.87 sec
2016-09-16 09:49:15,857 Stage-1 map = 42%,  reduce = 0%, Cumulative CPU 35955.64 sec
2016-09-16 09:49:16,896 Stage-1 map = 43%,  reduce = 0%, Cumulative CPU 36207.44 sec
2016-09-16 09:49:18,961 Stage-1 map = 44%,  reduce = 0%, Cumulative CPU 36689.88 sec
2016-09-16 09:49:22,068 Stage-1 map = 45%,  reduce = 1%, Cumulative CPU 37638.31 sec
2016-09-16 09:49:23,116 Stage-1 map = 46%,  reduce = 1%, Cumulative CPU 38077.33 sec
2016-09-16 09:49:25,191 Stage-1 map = 47%,  reduce = 1%, Cumulative CPU 38824.32 sec
2016-09-16 09:49:26,231 Stage-1 map = 48%,  reduce = 1%, Cumulative CPU 39195.09 sec
2016-09-16 09:49:28,305 Stage-1 map = 49%,  reduce = 1%, Cumulative CPU 40018.37 sec
2016-09-16 09:49:29,364 Stage-1 map = 50%,  reduce = 1%, Cumulative CPU 40490.87 sec
2016-09-16 09:49:31,450 Stage-1 map = 51%,  reduce = 2%, Cumulative CPU 41298.67 sec
2016-09-16 09:49:32,500 Stage-1 map = 52%,  reduce = 2%, Cumulative CPU 41823.49 sec
2016-09-16 09:49:33,717 Stage-1 map = 53%,  reduce = 2%, Cumulative CPU 42414.42 sec
2016-09-16 09:49:34,766 Stage-1 map = 54%,  reduce = 2%, Cumulative CPU 42785.03 sec
2016-09-16 09:49:35,812 Stage-1 map = 55%,  reduce = 2%, Cumulative CPU 43144.76 sec
2016-09-16 09:49:37,916 Stage-1 map = 56%,  reduce = 2%, Cumulative CPU 43946.33 sec
2016-09-16 09:49:38,951 Stage-1 map = 57%,  reduce = 2%, Cumulative CPU 44387.89 sec
2016-09-16 09:49:39,989 Stage-1 map = 58%,  reduce = 2%, Cumulative CPU 44782.08 sec
2016-09-16 09:49:42,083 Stage-1 map = 59%,  reduce = 2%, Cumulative CPU 45519.23 sec
2016-09-16 09:49:43,123 Stage-1 map = 60%,  reduce = 2%, Cumulative CPU 45895.36 sec
2016-09-16 09:49:44,159 Stage-1 map = 61%,  reduce = 2%, Cumulative CPU 46190.8 sec
2016-09-16 09:49:45,208 Stage-1 map = 61%,  reduce = 3%, Cumulative CPU 46471.98 sec
2016-09-16 09:49:46,270 Stage-1 map = 62%,  reduce = 3%, Cumulative CPU 46837.25 sec
2016-09-16 09:49:48,360 Stage-1 map = 63%,  reduce = 3%, Cumulative CPU 47500.47 sec
2016-09-16 09:49:50,449 Stage-1 map = 64%,  reduce = 3%, Cumulative CPU 48210.51 sec
2016-09-16 09:49:52,562 Stage-1 map = 65%,  reduce = 3%, Cumulative CPU 48865.43 sec
2016-09-16 09:49:54,692 Stage-1 map = 66%,  reduce = 3%, Cumulative CPU 49731.2 sec
2016-09-16 09:49:56,777 Stage-1 map = 67%,  reduce = 3%, Cumulative CPU 50503.66 sec
2016-09-16 09:49:57,831 Stage-1 map = 68%,  reduce = 4%, Cumulative CPU 50884.78 sec
2016-09-16 09:49:58,883 Stage-1 map = 69%,  reduce = 4%, Cumulative CPU 51194.58 sec
2016-09-16 09:49:59,927 Stage-1 map = 70%,  reduce = 4%, Cumulative CPU 51560.35 sec
2016-09-16 09:50:02,044 Stage-1 map = 71%,  reduce = 4%, Cumulative CPU 52233.69 sec
2016-09-16 09:50:03,110 Stage-1 map = 72%,  reduce = 4%, Cumulative CPU 52580.57 sec
2016-09-16 09:50:05,215 Stage-1 map = 73%,  reduce = 4%, Cumulative CPU 53262.06 sec
2016-09-16 09:50:06,260 Stage-1 map = 74%,  reduce = 4%, Cumulative CPU 53535.13 sec
2016-09-16 09:50:08,354 Stage-1 map = 75%,  reduce = 4%, Cumulative CPU 54184.59 sec
2016-09-16 09:50:09,404 Stage-1 map = 76%,  reduce = 4%, Cumulative CPU 54593.27 sec
2016-09-16 09:50:11,483 Stage-1 map = 77%,  reduce = 4%, Cumulative CPU 55282.81 sec
2016-09-16 09:50:12,519 Stage-1 map = 78%,  reduce = 4%, Cumulative CPU 55686.0 sec
2016-09-16 09:50:14,621 Stage-1 map = 79%,  reduce = 4%, Cumulative CPU 56417.88 sec
2016-09-16 09:50:15,666 Stage-1 map = 80%,  reduce = 4%, Cumulative CPU 56853.78 sec
2016-09-16 09:50:17,763 Stage-1 map = 81%,  reduce = 4%, Cumulative CPU 57588.66 sec
2016-09-16 09:50:18,796 Stage-1 map = 82%,  reduce = 4%, Cumulative CPU 58047.88 sec
2016-09-16 09:50:19,835 Stage-1 map = 83%,  reduce = 5%, Cumulative CPU 58418.06 sec
2016-09-16 09:50:20,865 Stage-1 map = 84%,  reduce = 5%, Cumulative CPU 58812.5 sec
2016-09-16 09:50:21,900 Stage-1 map = 85%,  reduce = 5%, Cumulative CPU 59255.91 sec
2016-09-16 09:50:22,950 Stage-1 map = 86%,  reduce = 5%, Cumulative CPU 59607.0 sec
2016-09-16 09:50:23,984 Stage-1 map = 87%,  reduce = 5%, Cumulative CPU 59999.48 sec
2016-09-16 09:50:26,049 Stage-1 map = 88%,  reduce = 5%, Cumulative CPU 60746.66 sec
2016-09-16 09:50:27,123 Stage-1 map = 89%,  reduce = 5%, Cumulative CPU 61093.67 sec
2016-09-16 09:50:28,153 Stage-1 map = 90%,  reduce = 5%, Cumulative CPU 61451.37 sec
2016-09-16 09:50:29,221 Stage-1 map = 91%,  reduce = 5%, Cumulative CPU 61774.84 sec
2016-09-16 09:50:31,303 Stage-1 map = 92%,  reduce = 5%, Cumulative CPU 62343.45 sec
2016-09-16 09:50:33,368 Stage-1 map = 93%,  reduce = 5%, Cumulative CPU 62922.04 sec
2016-09-16 09:50:34,400 Stage-1 map = 93%,  reduce = 6%, Cumulative CPU 63186.56 sec
2016-09-16 09:50:36,488 Stage-1 map = 94%,  reduce = 6%, Cumulative CPU 63766.36 sec
2016-09-16 09:50:38,593 Stage-1 map = 95%,  reduce = 6%, Cumulative CPU 64316.61 sec
2016-09-16 09:50:39,636 Stage-1 map = 95%,  reduce = 7%, Cumulative CPU 64536.16 sec
2016-09-16 09:50:40,679 Stage-1 map = 96%,  reduce = 7%, Cumulative CPU 64826.71 sec
2016-09-16 09:50:42,769 Stage-1 map = 97%,  reduce = 7%, Cumulative CPU 65251.94 sec
2016-09-16 09:50:43,802 Stage-1 map = 97%,  reduce = 8%, Cumulative CPU 65482.78 sec
2016-09-16 09:50:44,835 Stage-1 map = 98%,  reduce = 8%, Cumulative CPU 65705.64 sec
2016-09-16 09:50:47,956 Stage-1 map = 98%,  reduce = 9%, Cumulative CPU 66180.45 sec
2016-09-16 09:50:48,990 Stage-1 map = 99%,  reduce = 9%, Cumulative CPU 66340.04 sec
2016-09-16 09:50:52,087 Stage-1 map = 99%,  reduce = 10%, Cumulative CPU 66687.48 sec
2016-09-16 09:50:56,224 Stage-1 map = 99%,  reduce = 11%, Cumulative CPU 67009.0 sec
2016-09-16 09:51:04,462 Stage-1 map = 99%,  reduce = 12%, Cumulative CPU 67361.64 sec
2016-09-16 09:51:12,720 Stage-1 map = 100%,  reduce = 12%, Cumulative CPU 67539.9 sec
2016-09-16 09:51:14,798 Stage-1 map = 100%,  reduce = 13%, Cumulative CPU 67808.81 sec
2016-09-16 09:51:15,830 Stage-1 map = 100%,  reduce = 15%, Cumulative CPU 68158.23 sec
2016-09-16 09:51:16,863 Stage-1 map = 100%,  reduce = 17%, Cumulative CPU 68534.2 sec
2016-09-16 09:51:17,902 Stage-1 map = 100%,  reduce = 19%, Cumulative CPU 68909.5 sec
2016-09-16 09:51:19,025 Stage-1 map = 100%,  reduce = 21%, Cumulative CPU 69347.13 sec
2016-09-16 09:51:20,069 Stage-1 map = 100%,  reduce = 22%, Cumulative CPU 69739.62 sec
2016-09-16 09:51:21,120 Stage-1 map = 100%,  reduce = 23%, Cumulative CPU 70206.82 sec
2016-09-16 09:51:22,168 Stage-1 map = 100%,  reduce = 24%, Cumulative CPU 70709.63 sec
2016-09-16 09:51:25,319 Stage-1 map = 100%,  reduce = 25%, Cumulative CPU 72259.12 sec
2016-09-16 09:51:29,492 Stage-1 map = 100%,  reduce = 26%, Cumulative CPU 73932.21 sec
2016-09-16 09:51:31,583 Stage-1 map = 100%,  reduce = 27%, Cumulative CPU 74763.84 sec
2016-09-16 09:51:33,679 Stage-1 map = 100%,  reduce = 28%, Cumulative CPU 75551.87 sec
2016-09-16 09:51:35,773 Stage-1 map = 100%,  reduce = 29%, Cumulative CPU 76380.45 sec
2016-09-16 09:51:38,875 Stage-1 map = 100%,  reduce = 30%, Cumulative CPU 77432.36 sec
2016-09-16 09:51:42,004 Stage-1 map = 100%,  reduce = 31%, Cumulative CPU 78194.25 sec
2016-09-16 09:51:44,096 Stage-1 map = 100%,  reduce = 32%, Cumulative CPU 78948.53 sec
2016-09-16 09:51:46,172 Stage-1 map = 100%,  reduce = 33%, Cumulative CPU 79756.26 sec
2016-09-16 09:51:48,250 Stage-1 map = 100%,  reduce = 34%, Cumulative CPU 80456.96 sec
2016-09-16 09:51:50,318 Stage-1 map = 100%,  reduce = 35%, Cumulative CPU 81077.2 sec
2016-09-16 09:51:53,435 Stage-1 map = 100%,  reduce = 36%, Cumulative CPU 81764.47 sec
2016-09-16 09:51:55,543 Stage-1 map = 100%,  reduce = 37%, Cumulative CPU 82242.9 sec
2016-09-16 09:51:58,646 Stage-1 map = 100%,  reduce = 38%, Cumulative CPU 82436.78 sec
2016-09-16 09:52:01,747 Stage-1 map = 100%,  reduce = 39%, Cumulative CPU 82661.62 sec
2016-09-16 09:52:03,805 Stage-1 map = 100%,  reduce = 40%, Cumulative CPU 82850.6 sec
2016-09-16 09:52:04,834 Stage-1 map = 100%,  reduce = 41%, Cumulative CPU 83026.03 sec
2016-09-16 09:52:05,864 Stage-1 map = 100%,  reduce = 42%, Cumulative CPU 83192.47 sec
2016-09-16 09:52:06,896 Stage-1 map = 100%,  reduce = 43%, Cumulative CPU 83387.11 sec
2016-09-16 09:52:07,926 Stage-1 map = 100%,  reduce = 44%, Cumulative CPU 83589.84 sec
2016-09-16 09:52:08,961 Stage-1 map = 100%,  reduce = 45%, Cumulative CPU 83734.89 sec
2016-09-16 09:52:09,989 Stage-1 map = 100%,  reduce = 46%, Cumulative CPU 83903.93 sec
2016-09-16 09:52:11,019 Stage-1 map = 100%,  reduce = 47%, Cumulative CPU 84059.0 sec
2016-09-16 09:52:13,077 Stage-1 map = 100%,  reduce = 49%, Cumulative CPU 84332.16 sec
2016-09-16 09:52:14,111 Stage-1 map = 100%,  reduce = 50%, Cumulative CPU 84518.63 sec
2016-09-16 09:52:16,196 Stage-1 map = 100%,  reduce = 52%, Cumulative CPU 84901.48 sec
2016-09-16 09:52:17,282 Stage-1 map = 100%,  reduce = 53%, Cumulative CPU 85252.58 sec
2016-09-16 09:52:18,329 Stage-1 map = 100%,  reduce = 54%, Cumulative CPU 85620.6 sec
2016-09-16 09:52:19,377 Stage-1 map = 100%,  reduce = 55%, Cumulative CPU 85966.62 sec
2016-09-16 09:52:20,419 Stage-1 map = 100%,  reduce = 57%, Cumulative CPU 86374.62 sec
2016-09-16 09:52:21,482 Stage-1 map = 100%,  reduce = 58%, Cumulative CPU 86844.68 sec
2016-09-16 09:52:22,540 Stage-1 map = 100%,  reduce = 59%, Cumulative CPU 87200.75 sec
2016-09-16 09:52:23,583 Stage-1 map = 100%,  reduce = 60%, Cumulative CPU 87664.48 sec
2016-09-16 09:52:24,652 Stage-1 map = 100%,  reduce = 61%, Cumulative CPU 88190.16 sec
2016-09-16 09:52:26,739 Stage-1 map = 100%,  reduce = 62%, Cumulative CPU 89075.59 sec
2016-09-16 09:52:28,848 Stage-1 map = 100%,  reduce = 63%, Cumulative CPU 90009.4 sec
2016-09-16 09:52:31,995 Stage-1 map = 100%,  reduce = 64%, Cumulative CPU 91333.15 sec
2016-09-16 09:52:34,088 Stage-1 map = 100%,  reduce = 65%, Cumulative CPU 92176.15 sec
2016-09-16 09:52:36,200 Stage-1 map = 100%,  reduce = 66%, Cumulative CPU 92915.77 sec
2016-09-16 09:52:38,284 Stage-1 map = 100%,  reduce = 67%, Cumulative CPU 93753.92 sec
2016-09-16 09:52:40,360 Stage-1 map = 100%,  reduce = 68%, Cumulative CPU 94550.64 sec
2016-09-16 09:52:43,484 Stage-1 map = 100%,  reduce = 69%, Cumulative CPU 95639.88 sec
2016-09-16 09:52:45,563 Stage-1 map = 100%,  reduce = 70%, Cumulative CPU 96283.97 sec
2016-09-16 09:52:47,654 Stage-1 map = 100%,  reduce = 71%, Cumulative CPU 96976.21 sec
2016-09-16 09:52:49,746 Stage-1 map = 100%,  reduce = 72%, Cumulative CPU 97605.09 sec
2016-09-16 09:52:52,878 Stage-1 map = 100%,  reduce = 73%, Cumulative CPU 98348.46 sec
2016-09-16 09:52:54,963 Stage-1 map = 100%,  reduce = 74%, Cumulative CPU 98829.38 sec
2016-09-16 09:52:57,043 Stage-1 map = 100%,  reduce = 75%, Cumulative CPU 99123.33 sec
2016-09-16 09:53:00,147 Stage-1 map = 100%,  reduce = 76%, Cumulative CPU 99380.17 sec
2016-09-16 09:53:01,176 Stage-1 map = 100%,  reduce = 77%, Cumulative CPU 99521.38 sec
2016-09-16 09:53:03,232 Stage-1 map = 100%,  reduce = 78%, Cumulative CPU 99796.36 sec
2016-09-16 09:53:04,261 Stage-1 map = 100%,  reduce = 79%, Cumulative CPU 99974.48 sec
2016-09-16 09:53:05,296 Stage-1 map = 100%,  reduce = 80%, Cumulative CPU 100185.29 sec
2016-09-16 09:53:06,331 Stage-1 map = 100%,  reduce = 81%, Cumulative CPU 100340.74 sec
2016-09-16 09:53:07,361 Stage-1 map = 100%,  reduce = 82%, Cumulative CPU 100487.78 sec
2016-09-16 09:53:08,393 Stage-1 map = 100%,  reduce = 83%, Cumulative CPU 100626.49 sec
2016-09-16 09:53:09,423 Stage-1 map = 100%,  reduce = 84%, Cumulative CPU 100824.74 sec
2016-09-16 09:53:11,482 Stage-1 map = 100%,  reduce = 85%, Cumulative CPU 101163.98 sec
2016-09-16 09:53:12,514 Stage-1 map = 100%,  reduce = 86%, Cumulative CPU 101370.62 sec
2016-09-16 09:53:13,552 Stage-1 map = 100%,  reduce = 87%, Cumulative CPU 101667.6 sec
2016-09-16 09:53:14,591 Stage-1 map = 100%,  reduce = 88%, Cumulative CPU 101964.25 sec
2016-09-16 09:53:15,637 Stage-1 map = 100%,  reduce = 89%, Cumulative CPU 102282.94 sec
2016-09-16 09:53:16,679 Stage-1 map = 100%,  reduce = 90%, Cumulative CPU 102658.6 sec
2016-09-16 09:53:17,725 Stage-1 map = 100%,  reduce = 91%, Cumulative CPU 103022.65 sec
2016-09-16 09:53:19,819 Stage-1 map = 100%,  reduce = 92%, Cumulative CPU 103742.5 sec
2016-09-16 09:53:21,897 Stage-1 map = 100%,  reduce = 93%, Cumulative CPU 104438.18 sec
2016-09-16 09:53:23,972 Stage-1 map = 100%,  reduce = 94%, Cumulative CPU 105164.78 sec
2016-09-16 09:53:27,087 Stage-1 map = 100%,  reduce = 95%, Cumulative CPU 106169.63 sec
2016-09-16 09:53:29,158 Stage-1 map = 100%,  reduce = 96%, Cumulative CPU 106801.85 sec
2016-09-16 09:53:32,263 Stage-1 map = 100%,  reduce = 97%, Cumulative CPU 107677.66 sec
2016-09-16 09:53:34,328 Stage-1 map = 100%,  reduce = 98%, Cumulative CPU 108190.67 sec
2016-09-16 09:53:37,425 Stage-1 map = 100%,  reduce = 99%, Cumulative CPU 108784.56 sec
2016-09-16 09:53:52,837 Stage-1 map = 100%,  reduce = 100%, Cumulative CPU 109516.88 sec
MapReduce Total cumulative CPU time: 1 days 6 hours 25 minutes 16 seconds 880 msec
Ended Job = job_1473176979882_0234
Launching Job 2 out of 14
Number of reduce tasks determined at compile time: 1
In order to change the average load for a reducer (in bytes):
  set hive.exec.reducers.bytes.per.reducer=<number>
In order to limit the maximum number of reducers:
  set hive.exec.reducers.max=<number>
In order to set a constant number of reducers:
  set mapreduce.job.reduces=<number>
Starting Job = job_1473176979882_0235, Tracking URL = http://h01hn01.hadoop:8088/proxy/application_1473176979882_0235/
Kill Command = /usr/hdp/2.5.0.0-1245/hadoop/bin/hadoop job  -kill job_1473176979882_0235
Hadoop job information for Stage-12: number of mappers: 219; number of reducers: 1
2016-09-16 09:54:00,164 Stage-12 map = 0%,  reduce = 0%
2016-09-16 09:54:11,430 Stage-12 map = 3%,  reduce = 0%, Cumulative CPU 162.28 sec
2016-09-16 09:54:12,463 Stage-12 map = 10%,  reduce = 0%, Cumulative CPU 725.81 sec
2016-09-16 09:54:13,484 Stage-12 map = 15%,  reduce = 0%, Cumulative CPU 992.81 sec
2016-09-16 09:54:14,504 Stage-12 map = 30%,  reduce = 0%, Cumulative CPU 1264.95 sec
2016-09-16 09:54:15,531 Stage-12 map = 62%,  reduce = 0%, Cumulative CPU 2171.15 sec
2016-09-16 09:54:16,552 Stage-12 map = 84%,  reduce = 0%, Cumulative CPU 2781.22 sec
2016-09-16 09:54:17,576 Stage-12 map = 89%,  reduce = 0%, Cumulative CPU 2818.71 sec
2016-09-16 09:54:18,596 Stage-12 map = 92%,  reduce = 0%, Cumulative CPU 2901.42 sec
2016-09-16 09:54:19,616 Stage-12 map = 93%,  reduce = 0%, Cumulative CPU 2948.52 sec
2016-09-16 09:54:21,655 Stage-12 map = 94%,  reduce = 0%, Cumulative CPU 3035.89 sec
2016-09-16 09:54:22,676 Stage-12 map = 95%,  reduce = 0%, Cumulative CPU 3079.05 sec
2016-09-16 09:54:23,703 Stage-12 map = 96%,  reduce = 0%, Cumulative CPU 3098.13 sec
2016-09-16 09:54:24,722 Stage-12 map = 99%,  reduce = 30%, Cumulative CPU 3161.04 sec
2016-09-16 09:54:26,761 Stage-12 map = 100%,  reduce = 30%, Cumulative CPU 3182.4 sec
2016-09-16 09:54:40,037 Stage-12 map = 100%,  reduce = 31%, Cumulative CPU 3215.95 sec
2016-09-16 09:54:58,383 Stage-12 map = 100%,  reduce = 32%, Cumulative CPU 3240.41 sec
2016-09-16 09:55:07,556 Stage-12 map = 100%,  reduce = 33%, Cumulative CPU 3252.98 sec
2016-09-16 09:55:24,889 Stage-12 map = 100%,  reduce = 38%, Cumulative CPU 3278.44 sec
2016-09-16 09:55:27,943 Stage-12 map = 100%,  reduce = 55%, Cumulative CPU 3281.48 sec
2016-09-16 09:55:31,004 Stage-12 map = 100%,  reduce = 67%, Cumulative CPU 3287.53 sec
2016-09-16 09:56:31,171 Stage-12 map = 100%,  reduce = 67%, Cumulative CPU 3356.98 sec
2016-09-16 09:57:31,261 Stage-12 map = 100%,  reduce = 67%, Cumulative CPU 3433.88 sec
2016-09-16 09:58:31,399 Stage-12 map = 100%,  reduce = 67%, Cumulative CPU 3511.96 sec
2016-09-16 09:59:31,498 Stage-12 map = 100%,  reduce = 67%, Cumulative CPU 3588.45 sec
2016-09-16 10:00:31,557 Stage-12 map = 100%,  reduce = 67%, Cumulative CPU 3664.54 sec
2016-09-16 10:01:31,629 Stage-12 map = 100%,  reduce = 67%, Cumulative CPU 3740.28 sec
2016-09-16 10:02:31,699 Stage-12 map = 100%,  reduce = 67%, Cumulative CPU 3817.41 sec
2016-09-16 10:03:31,798 Stage-12 map = 100%,  reduce = 67%, Cumulative CPU 3893.18 sec
2016-09-16 10:04:31,916 Stage-12 map = 100%,  reduce = 67%, Cumulative CPU 3969.42 sec
2016-09-16 10:05:31,954 Stage-12 map = 100%,  reduce = 67%, Cumulative CPU 4041.57 sec
2016-09-16 10:06:32,950 Stage-12 map = 100%,  reduce = 67%, Cumulative CPU 4119.57 sec
2016-09-16 10:07:33,916 Stage-12 map = 100%,  reduce = 67%, Cumulative CPU 4207.13 sec
2016-09-16 10:08:34,900 Stage-12 map = 100%,  reduce = 67%, Cumulative CPU 4281.31 sec
2016-09-16 10:09:35,858 Stage-12 map = 100%,  reduce = 67%, Cumulative CPU 4355.65 sec
2016-09-16 10:10:36,802 Stage-12 map = 100%,  reduce = 67%, Cumulative CPU 4434.39 sec
2016-09-16 10:11:37,765 Stage-12 map = 100%,  reduce = 67%, Cumulative CPU 4514.32 sec
2016-09-16 10:12:37,845 Stage-12 map = 100%,  reduce = 67%, Cumulative CPU 4589.84 sec
2016-09-16 10:13:38,815 Stage-12 map = 100%,  reduce = 67%, Cumulative CPU 4672.39 sec
2016-09-16 10:14:39,773 Stage-12 map = 100%,  reduce = 67%, Cumulative CPU 4749.12 sec
2016-09-16 10:15:40,711 Stage-12 map = 100%,  reduce = 67%, Cumulative CPU 4823.51 sec
2016-09-16 10:16:41,672 Stage-12 map = 100%,  reduce = 67%, Cumulative CPU 4900.65 sec
2016-09-16 10:17:42,623 Stage-12 map = 100%,  reduce = 67%, Cumulative CPU 4976.99 sec
2016-09-16 10:18:43,611 Stage-12 map = 100%,  reduce = 67%, Cumulative CPU 5058.45 sec
2016-09-16 10:19:44,614 Stage-12 map = 100%,  reduce = 67%, Cumulative CPU 5140.12 sec
2016-09-16 10:20:45,556 Stage-12 map = 100%,  reduce = 67%, Cumulative CPU 5227.77 sec
2016-09-16 10:21:45,585 Stage-12 map = 100%,  reduce = 67%, Cumulative CPU 5300.65 sec
2016-09-16 10:22:46,589 Stage-12 map = 100%,  reduce = 67%, Cumulative CPU 5376.51 sec
2016-09-16 10:23:47,539 Stage-12 map = 100%,  reduce = 67%, Cumulative CPU 5452.63 sec
2016-09-16 10:24:48,477 Stage-12 map = 100%,  reduce = 67%, Cumulative CPU 5539.8 sec
2016-09-16 10:25:49,409 Stage-12 map = 100%,  reduce = 67%, Cumulative CPU 5614.18 sec
2016-09-16 10:26:49,415 Stage-12 map = 100%,  reduce = 67%, Cumulative CPU 5684.52 sec
2016-09-16 10:27:49,424 Stage-12 map = 100%,  reduce = 67%, Cumulative CPU 5755.15 sec
2016-09-16 10:28:50,363 Stage-12 map = 100%,  reduce = 67%, Cumulative CPU 5830.14 sec
2016-09-16 10:29:51,291 Stage-12 map = 100%,  reduce = 67%, Cumulative CPU 5904.09 sec
2016-09-16 10:30:52,237 Stage-12 map = 100%,  reduce = 67%, Cumulative CPU 5975.24 sec
2016-09-16 10:31:53,171 Stage-12 map = 100%,  reduce = 67%, Cumulative CPU 6055.95 sec
2016-09-16 10:32:54,112 Stage-12 map = 100%,  reduce = 67%, Cumulative CPU 6127.29 sec
2016-09-16 10:33:55,049 Stage-12 map = 100%,  reduce = 67%, Cumulative CPU 6218.26 sec
2016-09-16 10:34:55,994 Stage-12 map = 100%,  reduce = 67%, Cumulative CPU 6289.44 sec
2016-09-16 10:35:56,930 Stage-12 map = 100%,  reduce = 67%, Cumulative CPU 6361.38 sec
2016-09-16 10:36:57,860 Stage-12 map = 100%,  reduce = 67%, Cumulative CPU 6436.72 sec
2016-09-16 10:37:58,801 Stage-12 map = 100%,  reduce = 67%, Cumulative CPU 6506.77 sec
2016-09-16 10:38:59,733 Stage-12 map = 100%,  reduce = 67%, Cumulative CPU 6579.05 sec
2016-09-16 10:39:59,803 Stage-12 map = 100%,  reduce = 67%, Cumulative CPU 6664.14 sec
2016-09-16 10:41:00,750 Stage-12 map = 100%,  reduce = 67%, Cumulative CPU 6735.88 sec
2016-09-16 10:42:01,695 Stage-12 map = 100%,  reduce = 67%, Cumulative CPU 6808.11 sec
2016-09-16 10:43:02,640 Stage-12 map = 100%,  reduce = 67%, Cumulative CPU 6883.57 sec
2016-09-16 10:44:03,596 Stage-12 map = 100%,  reduce = 67%, Cumulative CPU 6956.06 sec
2016-09-16 10:45:04,533 Stage-12 map = 100%,  reduce = 67%, Cumulative CPU 7027.66 sec
2016-09-16 10:46:05,463 Stage-12 map = 100%,  reduce = 67%, Cumulative CPU 7100.25 sec
2016-09-16 10:47:06,395 Stage-12 map = 100%,  reduce = 67%, Cumulative CPU 7192.63 sec
2016-09-16 10:48:07,331 Stage-12 map = 100%,  reduce = 67%, Cumulative CPU 7263.45 sec
2016-09-16 10:49:08,266 Stage-12 map = 100%,  reduce = 67%, Cumulative CPU 7336.01 sec
2016-09-16 10:50:09,203 Stage-12 map = 100%,  reduce = 67%, Cumulative CPU 7410.17 sec
2016-09-16 10:51:10,147 Stage-12 map = 100%,  reduce = 67%, Cumulative CPU 7480.11 sec
2016-09-16 10:52:11,100 Stage-12 map = 100%,  reduce = 67%, Cumulative CPU 7554.09 sec
2016-09-16 10:53:12,052 Stage-12 map = 100%,  reduce = 67%, Cumulative CPU 7623.34 sec
2016-09-16 10:54:13,006 Stage-12 map = 100%,  reduce = 67%, Cumulative CPU 7693.84 sec
2016-09-16 10:55:13,958 Stage-12 map = 100%,  reduce = 67%, Cumulative CPU 7777.5 sec
2016-09-16 10:56:14,946 Stage-12 map = 100%,  reduce = 67%, Cumulative CPU 7851.0 sec
2016-09-16 10:57:12,978 Stage-12 map = 0%,  reduce = 0%
MapReduce Total cumulative CPU time: 0 days 2 hours 10 minutes 51 seconds 0 msec
Ended Job = job_1473176979882_0235 with errors
Error during job, obtaining debugging information...
FAILED: Execution Error, return code 2 from org.apache.hadoop.hive.ql.exec.mr.MapRedTask
MapReduce Jobs Launched: 
Stage-Stage-1: Map: 1630  Reduce: 1009   Cumulative CPU: 109516.88 sec   HDFS Read: 78880723003 HDFS Write: 321674759548 SUCCESS
Stage-Stage-12: Map: 219  Reduce: 1   Cumulative CPU: 7851.0 sec   HDFS Read: 0 HDFS Write: 0 FAIL
Total MapReduce CPU Time Spent: 1 days 8 hours 36 minutes 7 seconds 880 msec
hive> 