Format csv is deprecated, please use csv2
Connecting to jdbc:hive2://h01hn02:10500/tpch_flat_orc_250
Connected to: Apache Hive (version 2.1.0.2.5.1.0-43)
Driver: Hive JDBC (version 1.2.1000.2.5.1.0-43)
Transaction isolation: TRANSACTION_REPEATABLE_READ
Running init script ../sample-queries-tpcds/bry.sql
No rows affected (0.035 seconds)
INFO  : Compiling command(queryId=hive_20161005150826_e7e3913c-c4e7-454a-a2f7-33fb2a71bf14): select
	o_orderpriority,
	count(*) as order_count
from
	orders as o
where
	o_orderdate >= '1996-05-01'
	and o_orderdate < '1996-08-01'
	and exists (
		select
			*
		from
			lineitem
		where
			l_orderkey = o.o_orderkey
			and l_commitdate < l_receiptdate
	)
group by
	o_orderpriority
order by
	o_orderpriority
INFO  : Semantic Analysis Completed
INFO  : Returning Hive schema: Schema(fieldSchemas:[FieldSchema(name:o_orderpriority, type:string, comment:null), FieldSchema(name:order_count, type:bigint, comment:null)], properties:null)
INFO  : Completed compiling command(queryId=hive_20161005150826_e7e3913c-c4e7-454a-a2f7-33fb2a71bf14); Time taken: 0.728 seconds
INFO  : Concurrency mode is disabled, not creating a lock manager
INFO  : Executing command(queryId=hive_20161005150826_e7e3913c-c4e7-454a-a2f7-33fb2a71bf14): select
	o_orderpriority,
	count(*) as order_count
from
	orders as o
where
	o_orderdate >= '1996-05-01'
	and o_orderdate < '1996-08-01'
	and exists (
		select
			*
		from
			lineitem
		where
			l_orderkey = o.o_orderkey
			and l_commitdate < l_receiptdate
	)
group by
	o_orderpriority
order by
	o_orderpriority
INFO  : Query ID = hive_20161005150826_e7e3913c-c4e7-454a-a2f7-33fb2a71bf14
INFO  : Total jobs = 1
INFO  : Launching Job 1 out of 1
INFO  : Starting task [Stage-1:MAPRED] in serial mode
INFO  : Session is already open
INFO  : Dag name: select
	o_orderpriorit...by
	o_orderpriority(Stage-1)
INFO  : Setting tez.task.scale.memory.reserve-fraction to 0.30000001192092896
INFO  : 

INFO  : Status: Running (Executing on YARN cluster with App id application_1475694383065_0021)

INFO  : Map 1: 0(+66)/66	Map 5: 0(+67)/67	Reducer 2: 0/296	Reducer 3: 0/2	Reducer 4: 0/1	
INFO  : Map 1: 3(+63)/66	Map 5: 0(+67)/67	Reducer 2: 0/296	Reducer 3: 0/2	Reducer 4: 0/1	
INFO  : Map 1: 4(+62)/66	Map 5: 0(+67)/67	Reducer 2: 0/296	Reducer 3: 0/2	Reducer 4: 0/1	
INFO  : Map 1: 5(+61)/66	Map 5: 0(+67)/67	Reducer 2: 0/296	Reducer 3: 0/2	Reducer 4: 0/1	
INFO  : Map 1: 9(+57)/66	Map 5: 0(+67)/67	Reducer 2: 0/296	Reducer 3: 0/2	Reducer 4: 0/1	
INFO  : Map 1: 13(+53)/66	Map 5: 0(+67)/67	Reducer 2: 0/296	Reducer 3: 0/2	Reducer 4: 0/1	
INFO  : Map 1: 19(+47)/66	Map 5: 0(+67)/67	Reducer 2: 0/296	Reducer 3: 0/2	Reducer 4: 0/1	
INFO  : Map 1: 31(+35)/66	Map 5: 0(+67)/67	Reducer 2: 0/296	Reducer 3: 0/2	Reducer 4: 0/1	
INFO  : Map 1: 35(+31)/66	Map 5: 1(+66)/67	Reducer 2: 0/296	Reducer 3: 0/2	Reducer 4: 0/1	
INFO  : Map 1: 36(+30)/66	Map 5: 1(+66)/67	Reducer 2: 0/296	Reducer 3: 0/2	Reducer 4: 0/1	
INFO  : Map 1: 37(+29)/66	Map 5: 1(+66)/67	Reducer 2: 0/296	Reducer 3: 0/2	Reducer 4: 0/1	
INFO  : Map 1: 41(+25)/66	Map 5: 1(+66)/67	Reducer 2: 0/296	Reducer 3: 0/2	Reducer 4: 0/1	
INFO  : Map 1: 43(+23)/66	Map 5: 2(+65)/67	Reducer 2: 0/296	Reducer 3: 0/2	Reducer 4: 0/1	
INFO  : Map 1: 46(+20)/66	Map 5: 3(+64)/67	Reducer 2: 0/296	Reducer 3: 0/2	Reducer 4: 0/1	
INFO  : Map 1: 51(+15)/66	Map 5: 3(+64)/67	Reducer 2: 0/296	Reducer 3: 0/2	Reducer 4: 0/1	
INFO  : Map 1: 52(+14)/66	Map 5: 3(+64)/67	Reducer 2: 0/296	Reducer 3: 0/2	Reducer 4: 0/1	
INFO  : Map 1: 52(+14)/66	Map 5: 4(+63)/67	Reducer 2: 0/296	Reducer 3: 0/2	Reducer 4: 0/1	
INFO  : Map 1: 53(+13)/66	Map 5: 4(+63)/67	Reducer 2: 0/296	Reducer 3: 0/2	Reducer 4: 0/1	
INFO  : Map 1: 55(+11)/66	Map 5: 5(+62)/67	Reducer 2: 0/296	Reducer 3: 0/2	Reducer 4: 0/1	
INFO  : Map 1: 55(+11)/66	Map 5: 6(+61)/67	Reducer 2: 0/296	Reducer 3: 0/2	Reducer 4: 0/1	
INFO  : Map 1: 55(+11)/66	Map 5: 7(+60)/67	Reducer 2: 0/296	Reducer 3: 0/2	Reducer 4: 0/1	
INFO  : Map 1: 55(+11)/66	Map 5: 10(+57)/67	Reducer 2: 0/296	Reducer 3: 0/2	Reducer 4: 0/1	
INFO  : Map 1: 55(+11)/66	Map 5: 12(+55)/67	Reducer 2: 0/296	Reducer 3: 0/2	Reducer 4: 0/1	
INFO  : Map 1: 55(+11)/66	Map 5: 13(+54)/67	Reducer 2: 0/296	Reducer 3: 0/2	Reducer 4: 0/1	
INFO  : Map 1: 57(+9)/66	Map 5: 13(+54)/67	Reducer 2: 0/296	Reducer 3: 0/2	Reducer 4: 0/1	
INFO  : Map 1: 57(+9)/66	Map 5: 14(+53)/67	Reducer 2: 0/296	Reducer 3: 0/2	Reducer 4: 0/1	
INFO  : Map 1: 58(+8)/66	Map 5: 14(+53)/67	Reducer 2: 0/296	Reducer 3: 0/2	Reducer 4: 0/1	
INFO  : Map 1: 59(+7)/66	Map 5: 14(+53)/67	Reducer 2: 0/296	Reducer 3: 0/2	Reducer 4: 0/1	
INFO  : Map 1: 59(+7)/66	Map 5: 14(+53)/67	Reducer 2: 0(+14)/296	Reducer 3: 0/2	Reducer 4: 0/1	
INFO  : Map 1: 59(+7)/66	Map 5: 15(+52)/67	Reducer 2: 0(+14)/296	Reducer 3: 0/2	Reducer 4: 0/1	
INFO  : Map 1: 59(+7)/66	Map 5: 17(+50)/67	Reducer 2: 0(+14)/296	Reducer 3: 0/2	Reducer 4: 0/1	
INFO  : Map 1: 59(+7)/66	Map 5: 20(+47)/67	Reducer 2: 0(+14)/296	Reducer 3: 0/2	Reducer 4: 0/1	
INFO  : Map 1: 59(+7)/66	Map 5: 21(+46)/67	Reducer 2: 0(+168)/296	Reducer 3: 0/2	Reducer 4: 0/1	
INFO  : Map 1: 59(+7)/66	Map 5: 23(+44)/67	Reducer 2: 0(+168)/296	Reducer 3: 0/2	Reducer 4: 0/1	
INFO  : Map 1: 59(+7)/66	Map 5: 24(+43)/67	Reducer 2: 0(+168)/296	Reducer 3: 0/2	Reducer 4: 0/1	
INFO  : Map 1: 59(+7)/66	Map 5: 26(+41)/67	Reducer 2: 0(+168)/296	Reducer 3: 0/2	Reducer 4: 0/1	
INFO  : Map 1: 60(+6)/66	Map 5: 28(+39)/67	Reducer 2: 0(+296)/296	Reducer 3: 0/2	Reducer 4: 0/1	
INFO  : Map 1: 60(+6)/66	Map 5: 31(+36)/67	Reducer 2: 0(+296)/296	Reducer 3: 0/2	Reducer 4: 0/1	
INFO  : Map 1: 63(+3)/66	Map 5: 33(+34)/67	Reducer 2: 0(+296)/296	Reducer 3: 0/2	Reducer 4: 0/1	
INFO  : Map 1: 65(+1)/66	Map 5: 36(+31)/67	Reducer 2: 0(+296)/296	Reducer 3: 0/2	Reducer 4: 0/1	
INFO  : Map 1: 65(+1)/66	Map 5: 39(+28)/67	Reducer 2: 0(+296)/296	Reducer 3: 0/2	Reducer 4: 0/1	
INFO  : Map 1: 65(+1)/66	Map 5: 43(+24)/67	Reducer 2: 0(+296)/296	Reducer 3: 0/2	Reducer 4: 0/1	
INFO  : Map 1: 65(+1)/66	Map 5: 44(+23)/67	Reducer 2: 0(+296)/296	Reducer 3: 0/2	Reducer 4: 0/1	
INFO  : Map 1: 65(+1)/66	Map 5: 45(+22)/67	Reducer 2: 0(+296)/296	Reducer 3: 0/2	Reducer 4: 0/1	
INFO  : Map 1: 66/66	Map 5: 46(+21)/67	Reducer 2: 0(+296)/296	Reducer 3: 0/2	Reducer 4: 0/1	
INFO  : Map 1: 66/66	Map 5: 51(+16)/67	Reducer 2: 0(+296)/296	Reducer 3: 0/2	Reducer 4: 0/1	
INFO  : Map 1: 66/66	Map 5: 54(+13)/67	Reducer 2: 0(+296)/296	Reducer 3: 0/2	Reducer 4: 0/1	
INFO  : Map 1: 66/66	Map 5: 57(+10)/67	Reducer 2: 0(+296)/296	Reducer 3: 0/2	Reducer 4: 0/1	
INFO  : Map 1: 66/66	Map 5: 61(+6)/67	Reducer 2: 0(+296)/296	Reducer 3: 0/2	Reducer 4: 0/1	
INFO  : Map 1: 66/66	Map 5: 63(+4)/67	Reducer 2: 0(+296)/296	Reducer 3: 0/2	Reducer 4: 0/1	
INFO  : Map 1: 66/66	Map 5: 63(+4)/67	Reducer 2: 0(+296)/296	Reducer 3: 0/2	Reducer 4: 0/1	
INFO  : Map 1: 66/66	Map 5: 63(+4)/67	Reducer 2: 0(+296)/296	Reducer 3: 0/2	Reducer 4: 0/1	
INFO  : Map 1: 66/66	Map 5: 67/67	Reducer 2: 0(+296)/296	Reducer 3: 0/2	Reducer 4: 0/1	
INFO  : Map 1: 66/66	Map 5: 67/67	Reducer 2: 31(+265)/296	Reducer 3: 0/2	Reducer 4: 0/1	
INFO  : Map 1: 66/66	Map 5: 67/67	Reducer 2: 135(+161)/296	Reducer 3: 0/2	Reducer 4: 0/1	
INFO  : Map 1: 66/66	Map 5: 67/67	Reducer 2: 150(+146)/296	Reducer 3: 0/2	Reducer 4: 0/1	
INFO  : Map 1: 66/66	Map 5: 67/67	Reducer 2: 154(+142)/296	Reducer 3: 0/2	Reducer 4: 0/1	
INFO  : Map 1: 66/66	Map 5: 67/67	Reducer 2: 186(+110)/296	Reducer 3: 0/2	Reducer 4: 0/1	
INFO  : Map 1: 66/66	Map 5: 67/67	Reducer 2: 210(+86)/296	Reducer 3: 0/2	Reducer 4: 0/1	
INFO  : Map 1: 66/66	Map 5: 67/67	Reducer 2: 211(+85)/296	Reducer 3: 0/2	Reducer 4: 0/1	
INFO  : Map 1: 66/66	Map 5: 67/67	Reducer 2: 212(+84)/296	Reducer 3: 0/2	Reducer 4: 0/1	
INFO  : Map 1: 66/66	Map 5: 67/67	Reducer 2: 252(+44)/296	Reducer 3: 0(+1)/1	Reducer 4: 0/1	
INFO  : Map 1: 66/66	Map 5: 67/67	Reducer 2: 291(+5)/296	Reducer 3: 0(+1)/1	Reducer 4: 0/1	
INFO  : Map 1: 66/66	Map 5: 67/67	Reducer 2: 296/296	Reducer 3: 0(+1)/1	Reducer 4: 0/1	
INFO  : Map 1: 66/66	Map 5: 67/67	Reducer 2: 296/296	Reducer 3: 1/1	Reducer 4: 0(+1)/1	
INFO  : Map 1: 66/66	Map 5: 67/67	Reducer 2: 296/296	Reducer 3: 1/1	Reducer 4: 1/1	
INFO  : Status: DAG finished successfully in 28.13 seconds
INFO  : 
INFO  : Query Execution Summary
INFO  : ----------------------------------------------------------------------------------------------
INFO  : ----------------------------------------------------------------------------------------------
INFO  : Compile Query                           0.73s
INFO  : Prepare Plan                           14.26s
INFO  : Submit Plan                             0.14s
INFO  : Start DAG                               0.21s
INFO  : Run DAG                                28.14s
INFO  : ----------------------------------------------------------------------------------------------
INFO  : 
INFO  : Task Execution Summary
INFO  : --------------------------------------------------------------------------------------------------------------------------------
INFO  : --------------------------------------------------------------------------------------------------------------------------------
INFO  :      Map 1           66                0           114       15791.00             0            0    375,000,000      14,336,712
INFO  :      Map 5           67                0            24       24091.00             0            0  1,500,000,714     343,879,148
INFO  :  Reducer 2          296                0          1117       17112.00             0            0    358,215,860           1,480
INFO  :  Reducer 3            1                0             0         605.00             0            0          1,480               5
INFO  :  Reducer 4            1                0             0         286.00             0            0              5               0
INFO  : --------------------------------------------------------------------------------------------------------------------------------
INFO  : 
INFO  : LLAP IO Summary
INFO  : ----------------------------------------------------------------------------------------------
INFO  : ----------------------------------------------------------------------------------------------
INFO  :      Map 1     37683       250        500  776.52MB   211.99MB    524.29MB 216.89MB    73.06s
INFO  :      Map 5    150873       406       1594    2.04GB     5.73GB      8.00GB   5.73GB   332.53s
INFO  : ----------------------------------------------------------------------------------------------
INFO  : 
INFO  : FileSystem Counters Summary
INFO  : 
INFO  : ----------------------------------------------------------------------------------------------
INFO  : ----------------------------------------------------------------------------------------------
INFO  :      Map 1              0B             0                  0           122.44MB             0
INFO  :      Map 5              0B             0                  0             1.69GB             0
INFO  :  Reducer 2        556.11MB             0                  0            53.21KB             0
INFO  :  Reducer 3             64B             0                  0               138B             0
INFO  :  Reducer 4              0B             0                  0                 0B             0
INFO  : ----------------------------------------------------------------------------------------------
INFO  : 
INFO  : ----------------------------------------------------------------------------------------------
INFO  : ----------------------------------------------------------------------------------------------
INFO  :      Map 1        212.61MB           500                  0                 0B             0
INFO  :      Map 5          5.73GB           471                  0                 0B             0
INFO  :  Reducer 2              0B             0                  0                 0B             0
INFO  :  Reducer 3              0B             0                  0                 0B             0
INFO  :  Reducer 4              0B             2                  0               234B             2
INFO  : ----------------------------------------------------------------------------------------------
INFO  : 
INFO  : org.apache.tez.common.counters.DAGCounter:
INFO  :    NUM_KILLED_TASKS: 1255
INFO  :    NUM_SUCCEEDED_TASKS: 431
INFO  :    TOTAL_LAUNCHED_TASKS: 1686
INFO  :    DATA_LOCAL_TASKS: 133
INFO  :    AM_CPU_MILLISECONDS: 27610
INFO  :    AM_GC_TIME_MILLIS: 124
INFO  : File System Counters:
INFO  :    FILE_BYTES_READ: 556107655
INFO  :    FILE_BYTES_WRITTEN: 1811904445
INFO  :    FILE_READ_OPS: 0
INFO  :    FILE_LARGE_READ_OPS: 0
INFO  :    FILE_WRITE_OPS: 0
INFO  :    HDFS_BYTES_READ: 5947448656
INFO  :    HDFS_BYTES_WRITTEN: 234
INFO  :    HDFS_READ_OPS: 973
INFO  :    HDFS_LARGE_READ_OPS: 0
INFO  :    HDFS_WRITE_OPS: 2
INFO  : org.apache.tez.common.counters.TaskCounter:
INFO  :    REDUCE_INPUT_GROUPS: 10
INFO  :    REDUCE_INPUT_RECORDS: 1485
INFO  :    COMBINE_INPUT_RECORDS: 0
INFO  :    SPILLED_RECORDS: 2970
INFO  :    NUM_SHUFFLED_INPUTS: 39961
INFO  :    NUM_SKIPPED_INPUTS: 0
INFO  :    NUM_FAILED_SHUFFLE_INPUTS: 0
INFO  :    MERGED_MAP_OUTPUTS: 593
INFO  :    INPUT_RECORDS_PROCESSED: 360090965
INFO  :    INPUT_SPLIT_LENGTH_BYTES: 73097164628
INFO  :    OUTPUT_RECORDS: 358217345
INFO  :    OUTPUT_LARGE_RECORDS: 0
INFO  :    OUTPUT_BYTES: 1954537273
INFO  :    OUTPUT_BYTES_WITH_OVERHEAD: 7301979723
INFO  :    OUTPUT_BYTES_PHYSICAL: 1811886773
INFO  :    ADDITIONAL_SPILLS_BYTES_WRITTEN: 3726
INFO  :    ADDITIONAL_SPILLS_BYTES_READ: 8434
INFO  :    ADDITIONAL_SPILL_COUNT: 0
INFO  :    SHUFFLE_CHUNK_COUNT: 297
INFO  :    SHUFFLE_BYTES: 1810941941
INFO  :    SHUFFLE_BYTES_DECOMPRESSED: 2671211729
INFO  :    SHUFFLE_BYTES_TO_MEM: 1616628285
INFO  :    SHUFFLE_BYTES_TO_DISK: 0
INFO  :    SHUFFLE_BYTES_DISK_DIRECT: 194313656
INFO  :    NUM_MEM_TO_DISK_MERGES: 0
INFO  :    NUM_DISK_TO_DISK_MERGES: 0
INFO  :    SHUFFLE_PHASE_TIME: 2448103
INFO  :    MERGE_PHASE_TIME: 581
INFO  :    FIRST_EVENT_RECEIVED: 16323
INFO  :    LAST_EVENT_RECEIVED: 1890822
INFO  : HIVE:
INFO  :    CREATED_FILES: 1
INFO  :    DESERIALIZE_ERRORS: 0
INFO  :    RECORDS_IN_Map_1: 375000000
INFO  :    RECORDS_IN_Map_5: 1500000714
INFO  :    RECORDS_OUT_0: 5
INFO  :    RECORDS_OUT_INTERMEDIATE_Map_1: 14336712
INFO  :    RECORDS_OUT_INTERMEDIATE_Map_5: 343879148
INFO  :    RECORDS_OUT_INTERMEDIATE_Reducer_2: 1480
INFO  :    RECORDS_OUT_INTERMEDIATE_Reducer_3: 5
INFO  : Shuffle Errors:
INFO  :    BAD_ID: 0
INFO  :    CONNECTION: 0
INFO  :    IO_ERROR: 0
INFO  :    WRONG_LENGTH: 0
INFO  :    WRONG_MAP: 0
INFO  :    WRONG_REDUCE: 0
INFO  : Shuffle Errors_Reducer_3_INPUT_Reducer_2:
INFO  :    BAD_ID: 0
INFO  :    CONNECTION: 0
INFO  :    IO_ERROR: 0
INFO  :    WRONG_LENGTH: 0
INFO  :    WRONG_MAP: 0
INFO  :    WRONG_REDUCE: 0
INFO  : Shuffle Errors_Reducer_4_INPUT_Reducer_3:
INFO  :    BAD_ID: 0
INFO  :    CONNECTION: 0
INFO  :    IO_ERROR: 0
INFO  :    WRONG_LENGTH: 0
INFO  :    WRONG_MAP: 0
INFO  :    WRONG_REDUCE: 0
INFO  : TaskCounter_Map_1_INPUT_o:
INFO  :    INPUT_RECORDS_PROCESSED: 375000
INFO  :    INPUT_SPLIT_LENGTH_BYTES: 14194909485
INFO  : TaskCounter_Map_1_OUTPUT_Reducer_2:
INFO  :    ADDITIONAL_SPILLS_BYTES_READ: 0
INFO  :    ADDITIONAL_SPILLS_BYTES_WRITTEN: 0
INFO  :    ADDITIONAL_SPILL_COUNT: 0
INFO  :    OUTPUT_BYTES: 235118659
INFO  :    OUTPUT_BYTES_PHYSICAL: 122443562
INFO  :    OUTPUT_BYTES_WITH_OVERHEAD: 424367562
INFO  :    OUTPUT_LARGE_RECORDS: 0
INFO  :    OUTPUT_RECORDS: 14336712
INFO  :    SPILLED_RECORDS: 0
INFO  : TaskCounter_Map_5_INPUT_lineitem:
INFO  :    INPUT_RECORDS_PROCESSED: 1500105
INFO  :    INPUT_SPLIT_LENGTH_BYTES: 58902255143
INFO  : TaskCounter_Map_5_OUTPUT_Reducer_2:
INFO  :    ADDITIONAL_SPILLS_BYTES_READ: 0
INFO  :    ADDITIONAL_SPILLS_BYTES_WRITTEN: 0
INFO  :    ADDITIONAL_SPILL_COUNT: 0
INFO  :    OUTPUT_BYTES: 1719395740
INFO  :    OUTPUT_BYTES_PHYSICAL: 1689406471
INFO  :    OUTPUT_BYTES_WITH_OVERHEAD: 6877582759
INFO  :    OUTPUT_LARGE_RECORDS: 0
INFO  :    OUTPUT_RECORDS: 343879148
INFO  :    SPILLED_RECORDS: 0
INFO  : TaskCounter_Reducer_2_INPUT_Map_1:
INFO  :    FIRST_EVENT_RECEIVED: 5428
INFO  :    INPUT_RECORDS_PROCESSED: 14336712
INFO  :    LAST_EVENT_RECEIVED: 226364
INFO  :    NUM_FAILED_SHUFFLE_INPUTS: 0
INFO  :    NUM_SHUFFLED_INPUTS: 19536
INFO  :    SHUFFLE_BYTES: 121974698
INFO  :    SHUFFLE_BYTES_DECOMPRESSED: 263909299
INFO  :    SHUFFLE_BYTES_DISK_DIRECT: 13781132
INFO  :    SHUFFLE_BYTES_TO_DISK: 0
INFO  :    SHUFFLE_BYTES_TO_MEM: 108193566
INFO  :    SHUFFLE_PHASE_TIME: 458424
INFO  : TaskCounter_Reducer_2_INPUT_Map_5:
INFO  :    FIRST_EVENT_RECEIVED: 10798
INFO  :    INPUT_RECORDS_PROCESSED: 343879148
INFO  :    LAST_EVENT_RECEIVED: 1663997
INFO  :    NUM_FAILED_SHUFFLE_INPUTS: 0
INFO  :    NUM_SHUFFLED_INPUTS: 19832
INFO  :    SHUFFLE_BYTES: 1688930503
INFO  :    SHUFFLE_BYTES_DECOMPRESSED: 2407273028
INFO  :    SHUFFLE_BYTES_DISK_DIRECT: 180527816
INFO  :    SHUFFLE_BYTES_TO_DISK: 0
INFO  :    SHUFFLE_BYTES_TO_MEM: 1508402687
INFO  :    SHUFFLE_PHASE_TIME: 1989192
INFO  : TaskCounter_Reducer_2_OUTPUT_Reducer_3:
INFO  :    ADDITIONAL_SPILLS_BYTES_READ: 0
INFO  :    ADDITIONAL_SPILLS_BYTES_WRITTEN: 0
INFO  :    ADDITIONAL_SPILL_COUNT: 0
INFO  :    OUTPUT_BYTES: 22792
INFO  :    OUTPUT_BYTES_PHYSICAL: 36634
INFO  :    OUTPUT_BYTES_WITH_OVERHEAD: 29304
INFO  :    OUTPUT_RECORDS: 1480
INFO  :    SHUFFLE_CHUNK_COUNT: 296
INFO  :    SPILLED_RECORDS: 1480
INFO  : TaskCounter_Reducer_3_INPUT_Reducer_2:
INFO  :    ADDITIONAL_SPILLS_BYTES_READ: 8328
INFO  :    ADDITIONAL_SPILLS_BYTES_WRITTEN: 3620
INFO  :    COMBINE_INPUT_RECORDS: 0
INFO  :    FIRST_EVENT_RECEIVED: 35
INFO  :    LAST_EVENT_RECEIVED: 399
INFO  :    MERGED_MAP_OUTPUTS: 592
INFO  :    MERGE_PHASE_TIME: 488
INFO  :    NUM_DISK_TO_DISK_MERGES: 0
INFO  :    NUM_FAILED_SHUFFLE_INPUTS: 0
INFO  :    NUM_MEM_TO_DISK_MERGES: 0
INFO  :    NUM_SHUFFLED_INPUTS: 592
INFO  :    NUM_SKIPPED_INPUTS: 0
INFO  :    REDUCE_INPUT_GROUPS: 5
INFO  :    REDUCE_INPUT_RECORDS: 1480
INFO  :    SHUFFLE_BYTES: 36634
INFO  :    SHUFFLE_BYTES_DECOMPRESSED: 29304
INFO  :    SHUFFLE_BYTES_DISK_DIRECT: 4708
INFO  :    SHUFFLE_BYTES_TO_DISK: 0
INFO  :    SHUFFLE_BYTES_TO_MEM: 31926
INFO  :    SHUFFLE_PHASE_TIME: 409
INFO  :    SPILLED_RECORDS: 1480
INFO  : TaskCounter_Reducer_3_OUTPUT_Reducer_4:
INFO  :    ADDITIONAL_SPILLS_BYTES_READ: 0
INFO  :    ADDITIONAL_SPILLS_BYTES_WRITTEN: 0
INFO  :    ADDITIONAL_SPILL_COUNT: 0
INFO  :    OUTPUT_BYTES: 82
INFO  :    OUTPUT_BYTES_PHYSICAL: 106
INFO  :    OUTPUT_BYTES_WITH_OVERHEAD: 98
INFO  :    OUTPUT_RECORDS: 5
INFO  :    SHUFFLE_CHUNK_COUNT: 1
INFO  :    SPILLED_RECORDS: 5
INFO  : TaskCounter_Reducer_4_INPUT_Reducer_3:
INFO  :    ADDITIONAL_SPILLS_BYTES_READ: 106
INFO  :    ADDITIONAL_SPILLS_BYTES_WRITTEN: 106
INFO  :    COMBINE_INPUT_RECORDS: 0
INFO  :    FIRST_EVENT_RECEIVED: 62
INFO  :    LAST_EVENT_RECEIVED: 62
INFO  :    MERGED_MAP_OUTPUTS: 1
INFO  :    MERGE_PHASE_TIME: 93
INFO  :    NUM_DISK_TO_DISK_MERGES: 0
INFO  :    NUM_FAILED_SHUFFLE_INPUTS: 0
INFO  :    NUM_MEM_TO_DISK_MERGES: 0
INFO  :    NUM_SHUFFLED_INPUTS: 1
INFO  :    NUM_SKIPPED_INPUTS: 0
INFO  :    REDUCE_INPUT_GROUPS: 5
INFO  :    REDUCE_INPUT_RECORDS: 5
INFO  :    SHUFFLE_BYTES: 106
INFO  :    SHUFFLE_BYTES_DECOMPRESSED: 98
INFO  :    SHUFFLE_BYTES_DISK_DIRECT: 0
INFO  :    SHUFFLE_BYTES_TO_DISK: 0
INFO  :    SHUFFLE_BYTES_TO_MEM: 106
INFO  :    SHUFFLE_PHASE_TIME: 78
INFO  :    SPILLED_RECORDS: 5
INFO  : TaskCounter_Reducer_4_OUTPUT_out_Reducer_4:
INFO  :    OUTPUT_RECORDS: 0
INFO  : org.apache.hadoop.hive.llap.counters.LlapIOCounters:
INFO  :    ALLOCATED_BYTES: 8522301440
INFO  :    ALLOCATED_USED_BYTES: 5943686685
INFO  :    CACHE_HIT_BYTES: 2815753335
INFO  :    CACHE_MISS_BYTES: 5941679073
INFO  :    CONSUMER_TIME_NS: 672187529888
INFO  :    DECODE_TIME_NS: 266034440559
INFO  :    HDFS_TIME_NS: 84892291470
INFO  :    METADATA_CACHE_HIT: 656
INFO  :    METADATA_CACHE_MISS: 2094
INFO  :    NUM_DECODED_BATCHES: 188556
INFO  :    NUM_VECTOR_BATCHES: 1875105
INFO  :    ROWS_EMITTED: 1875000714
INFO  :    SELECTED_ROWGROUPS: 188556
INFO  :    TOTAL_IO_TIME_NS: 405591878112
INFO  : Completed executing command(queryId=hive_20161005150826_e7e3913c-c4e7-454a-a2f7-33fb2a71bf14); Time taken: 42.825 seconds
INFO  : OK
5 rows selected (43.596 seconds)
Closing: 0: jdbc:hive2://h01hn02:10500/tpch_flat_orc_250
