Format csv is deprecated, please use csv2
Connecting to jdbc:hive2://h01hn02:10500/tpch_flat_orc_250
Connected to: Apache Hive (version 2.1.0.2.5.1.0-43)
Driver: Hive JDBC (version 1.2.1000.2.5.1.0-43)
Transaction isolation: TRANSACTION_REPEATABLE_READ
Running init script ../sample-queries-tpcds/bry.sql
No rows affected (0.036 seconds)
INFO  : Compiling command(queryId=hive_20161005150826_0abb8d50-2f9e-464e-95cc-2943e68677a2): select
	sum(l_extendedprice * l_discount) as revenue
from
	lineitem
where
	l_shipdate >= '1993-01-01'
	and l_shipdate < '1994-01-01'
	and l_discount between 0.06 - 0.01 and 0.06 + 0.01
	and l_quantity < 25
INFO  : Semantic Analysis Completed
INFO  : Returning Hive schema: Schema(fieldSchemas:[FieldSchema(name:revenue, type:double, comment:null)], properties:null)
INFO  : Completed compiling command(queryId=hive_20161005150826_0abb8d50-2f9e-464e-95cc-2943e68677a2); Time taken: 0.293 seconds
INFO  : Concurrency mode is disabled, not creating a lock manager
INFO  : Executing command(queryId=hive_20161005150826_0abb8d50-2f9e-464e-95cc-2943e68677a2): select
	sum(l_extendedprice * l_discount) as revenue
from
	lineitem
where
	l_shipdate >= '1993-01-01'
	and l_shipdate < '1994-01-01'
	and l_discount between 0.06 - 0.01 and 0.06 + 0.01
	and l_quantity < 25
INFO  : Query ID = hive_20161005150826_0abb8d50-2f9e-464e-95cc-2943e68677a2
INFO  : Total jobs = 1
INFO  : Launching Job 1 out of 1
INFO  : Starting task [Stage-1:MAPRED] in serial mode
INFO  : Session is already open
INFO  : Dag name: select
	sum(l_extendedprice * l_discoun...25(Stage-1)
INFO  : 

INFO  : Status: Running (Executing on YARN cluster with App id application_1475694383065_0021)

INFO  : Map 1: 0/67	Reducer 2: 0/1	
INFO  : Map 1: 0(+67)/67	Reducer 2: 0/1	
INFO  : Map 1: 1(+66)/67	Reducer 2: 0/1	
INFO  : Map 1: 2(+65)/67	Reducer 2: 0/1	
INFO  : Map 1: 4(+63)/67	Reducer 2: 0/1	
INFO  : Map 1: 5(+62)/67	Reducer 2: 0/1	
INFO  : Map 1: 5(+61)/67	Reducer 2: 0/1	
INFO  : Map 1: 6(+61)/67	Reducer 2: 0/1	
INFO  : Map 1: 8(+59)/67	Reducer 2: 0/1	
INFO  : Map 1: 9(+58)/67	Reducer 2: 0/1	
INFO  : Map 1: 12(+55)/67	Reducer 2: 0/1	
INFO  : Map 1: 14(+53)/67	Reducer 2: 0(+1)/1	
INFO  : Map 1: 15(+52)/67	Reducer 2: 0(+1)/1	
INFO  : Map 1: 18(+49)/67	Reducer 2: 0(+1)/1	
INFO  : Map 1: 23(+44)/67	Reducer 2: 0(+1)/1	
INFO  : Map 1: 28(+39)/67	Reducer 2: 0(+1)/1	
INFO  : Map 1: 30(+37)/67	Reducer 2: 0(+1)/1	
INFO  : Map 1: 31(+36)/67	Reducer 2: 0(+1)/1	
INFO  : Map 1: 33(+34)/67	Reducer 2: 0(+1)/1	
INFO  : Map 1: 34(+33)/67	Reducer 2: 0(+1)/1	
INFO  : Map 1: 35(+32)/67	Reducer 2: 0(+1)/1	
INFO  : Map 1: 42(+25)/67	Reducer 2: 0(+1)/1	
INFO  : Map 1: 44(+23)/67	Reducer 2: 0(+1)/1	
INFO  : Map 1: 48(+19)/67	Reducer 2: 0(+1)/1	
INFO  : Map 1: 55(+12)/67	Reducer 2: 0(+1)/1	
INFO  : Map 1: 56(+11)/67	Reducer 2: 0(+1)/1	
INFO  : Map 1: 58(+9)/67	Reducer 2: 0(+1)/1	
INFO  : Map 1: 59(+8)/67	Reducer 2: 0(+1)/1	
INFO  : Map 1: 62(+5)/67	Reducer 2: 0(+1)/1	
INFO  : Map 1: 63(+4)/67	Reducer 2: 0(+1)/1	
INFO  : Map 1: 65(+2)/67	Reducer 2: 0(+1)/1	
INFO  : Map 1: 67/67	Reducer 2: 0(+1)/1	
INFO  : Map 1: 67/67	Reducer 2: 1/1	
INFO  : Status: DAG finished successfully in 13.68 seconds
INFO  : 
INFO  : Query Execution Summary
INFO  : ----------------------------------------------------------------------------------------------
INFO  : ----------------------------------------------------------------------------------------------
INFO  : Compile Query                           0.29s
INFO  : Prepare Plan                            0.15s
INFO  : Submit Plan                             0.43s
INFO  : Start DAG                               0.22s
INFO  : Run DAG                                13.68s
INFO  : ----------------------------------------------------------------------------------------------
INFO  : 
INFO  : Task Execution Summary
INFO  : --------------------------------------------------------------------------------------------------------------------------------
INFO  : --------------------------------------------------------------------------------------------------------------------------------
INFO  :      Map 1           67                0             0       13116.00             0            0  1,500,000,714              67
INFO  :  Reducer 2            1                0             0        6622.00             0            0             67               0
INFO  : --------------------------------------------------------------------------------------------------------------------------------
INFO  : 
INFO  : LLAP IO Summary
INFO  : ----------------------------------------------------------------------------------------------
INFO  : ----------------------------------------------------------------------------------------------
INFO  :      Map 1    150873       266       1734   13.24GB     4.39GB     13.17GB  12.49GB   544.24s
INFO  : ----------------------------------------------------------------------------------------------
INFO  : 
INFO  : FileSystem Counters Summary
INFO  : 
INFO  : ----------------------------------------------------------------------------------------------
INFO  : ----------------------------------------------------------------------------------------------
INFO  :      Map 1          4.29KB             0                  0             4.29KB             0
INFO  :  Reducer 2              0B             0                  0                 0B             0
INFO  : ----------------------------------------------------------------------------------------------
INFO  : 
INFO  : ----------------------------------------------------------------------------------------------
INFO  : ----------------------------------------------------------------------------------------------
INFO  :      Map 1          4.39GB           498                  0                 0B             0
INFO  :  Reducer 2              0B             2                  0               120B             2
INFO  : ----------------------------------------------------------------------------------------------
INFO  : 
INFO  : org.apache.tez.common.counters.DAGCounter:
INFO  :    NUM_SUCCEEDED_TASKS: 68
INFO  :    TOTAL_LAUNCHED_TASKS: 68
INFO  :    DATA_LOCAL_TASKS: 67
INFO  :    AM_CPU_MILLISECONDS: 7250
INFO  :    AM_GC_TIME_MILLIS: 10
INFO  : File System Counters:
INFO  :    FILE_BYTES_READ: 4288
INFO  :    FILE_BYTES_WRITTEN: 4288
INFO  :    FILE_READ_OPS: 0
INFO  :    FILE_LARGE_READ_OPS: 0
INFO  :    FILE_WRITE_OPS: 0
INFO  :    HDFS_BYTES_READ: 4388899797
INFO  :    HDFS_BYTES_WRITTEN: 120
INFO  :    HDFS_READ_OPS: 500
INFO  :    HDFS_LARGE_READ_OPS: 0
INFO  :    HDFS_WRITE_OPS: 2
INFO  : org.apache.tez.common.counters.TaskCounter:
INFO  :    REDUCE_INPUT_GROUPS: 1
INFO  :    REDUCE_INPUT_RECORDS: 67
INFO  :    COMBINE_INPUT_RECORDS: 0
INFO  :    SPILLED_RECORDS: 134
INFO  :    NUM_SHUFFLED_INPUTS: 67
INFO  :    NUM_SKIPPED_INPUTS: 0
INFO  :    NUM_FAILED_SHUFFLE_INPUTS: 0
INFO  :    MERGED_MAP_OUTPUTS: 67
INFO  :    INPUT_RECORDS_PROCESSED: 1500105
INFO  :    INPUT_SPLIT_LENGTH_BYTES: 58902255143
INFO  :    OUTPUT_RECORDS: 67
INFO  :    OUTPUT_BYTES: 670
INFO  :    OUTPUT_BYTES_WITH_OVERHEAD: 1206
INFO  :    OUTPUT_BYTES_PHYSICAL: 2144
INFO  :    ADDITIONAL_SPILLS_BYTES_WRITTEN: 546
INFO  :    ADDITIONAL_SPILLS_BYTES_READ: 834
INFO  :    ADDITIONAL_SPILL_COUNT: 0
INFO  :    SHUFFLE_CHUNK_COUNT: 67
INFO  :    SHUFFLE_BYTES: 2144
INFO  :    SHUFFLE_BYTES_DECOMPRESSED: 1206
INFO  :    SHUFFLE_BYTES_TO_MEM: 1856
INFO  :    SHUFFLE_BYTES_TO_DISK: 0
INFO  :    SHUFFLE_BYTES_DISK_DIRECT: 288
INFO  :    NUM_MEM_TO_DISK_MERGES: 0
INFO  :    NUM_DISK_TO_DISK_MERGES: 0
INFO  :    SHUFFLE_PHASE_TIME: 5911
INFO  :    MERGE_PHASE_TIME: 5929
INFO  :    FIRST_EVENT_RECEIVED: 63
INFO  :    LAST_EVENT_RECEIVED: 5907
INFO  : HIVE:
INFO  :    CREATED_FILES: 1
INFO  :    DESERIALIZE_ERRORS: 0
INFO  :    RECORDS_IN_Map_1: 1500000714
INFO  :    RECORDS_OUT_0: 1
INFO  :    RECORDS_OUT_INTERMEDIATE_Map_1: 67
INFO  : Shuffle Errors:
INFO  :    BAD_ID: 0
INFO  :    CONNECTION: 0
INFO  :    IO_ERROR: 0
INFO  :    WRONG_LENGTH: 0
INFO  :    WRONG_MAP: 0
INFO  :    WRONG_REDUCE: 0
INFO  : Shuffle Errors_Reducer_2_INPUT_Map_1:
INFO  :    BAD_ID: 0
INFO  :    CONNECTION: 0
INFO  :    IO_ERROR: 0
INFO  :    WRONG_LENGTH: 0
INFO  :    WRONG_MAP: 0
INFO  :    WRONG_REDUCE: 0
INFO  : TaskCounter_Map_1_INPUT_lineitem:
INFO  :    INPUT_RECORDS_PROCESSED: 1500105
INFO  :    INPUT_SPLIT_LENGTH_BYTES: 58902255143
INFO  : TaskCounter_Map_1_OUTPUT_Reducer_2:
INFO  :    ADDITIONAL_SPILLS_BYTES_READ: 0
INFO  :    ADDITIONAL_SPILLS_BYTES_WRITTEN: 0
INFO  :    ADDITIONAL_SPILL_COUNT: 0
INFO  :    OUTPUT_BYTES: 670
INFO  :    OUTPUT_BYTES_PHYSICAL: 2144
INFO  :    OUTPUT_BYTES_WITH_OVERHEAD: 1206
INFO  :    OUTPUT_RECORDS: 67
INFO  :    SHUFFLE_CHUNK_COUNT: 67
INFO  :    SPILLED_RECORDS: 67
INFO  : TaskCounter_Reducer_2_INPUT_Map_1:
INFO  :    ADDITIONAL_SPILLS_BYTES_READ: 834
INFO  :    ADDITIONAL_SPILLS_BYTES_WRITTEN: 546
INFO  :    COMBINE_INPUT_RECORDS: 0
INFO  :    FIRST_EVENT_RECEIVED: 63
INFO  :    LAST_EVENT_RECEIVED: 5907
INFO  :    MERGED_MAP_OUTPUTS: 67
INFO  :    MERGE_PHASE_TIME: 5929
INFO  :    NUM_DISK_TO_DISK_MERGES: 0
INFO  :    NUM_FAILED_SHUFFLE_INPUTS: 0
INFO  :    NUM_MEM_TO_DISK_MERGES: 0
INFO  :    NUM_SHUFFLED_INPUTS: 67
INFO  :    NUM_SKIPPED_INPUTS: 0
INFO  :    REDUCE_INPUT_GROUPS: 1
INFO  :    REDUCE_INPUT_RECORDS: 67
INFO  :    SHUFFLE_BYTES: 2144
INFO  :    SHUFFLE_BYTES_DECOMPRESSED: 1206
INFO  :    SHUFFLE_BYTES_DISK_DIRECT: 288
INFO  :    SHUFFLE_BYTES_TO_DISK: 0
INFO  :    SHUFFLE_BYTES_TO_MEM: 1856
INFO  :    SHUFFLE_PHASE_TIME: 5911
INFO  :    SPILLED_RECORDS: 67
INFO  : TaskCounter_Reducer_2_OUTPUT_out_Reducer_2:
INFO  :    OUTPUT_RECORDS: 0
INFO  : org.apache.hadoop.hive.llap.counters.LlapIOCounters:
INFO  :    ALLOCATED_BYTES: 13169065984
INFO  :    ALLOCATED_USED_BYTES: 12491047432
INFO  :    CACHE_HIT_BYTES: 13238263879
INFO  :    CACHE_MISS_BYTES: 4385296423
INFO  :    CONSUMER_TIME_NS: 505895453266
INFO  :    DECODE_TIME_NS: 281746743442
INFO  :    HDFS_TIME_NS: 87206039579
INFO  :    METADATA_CACHE_HIT: 266
INFO  :    METADATA_CACHE_MISS: 1734
INFO  :    NUM_DECODED_BATCHES: 150873
INFO  :    NUM_VECTOR_BATCHES: 1500105
INFO  :    ROWS_EMITTED: 1500000714
INFO  :    SELECTED_ROWGROUPS: 150873
INFO  :    TOTAL_IO_TIME_NS: 544242290472
INFO  : Completed executing command(queryId=hive_20161005150826_0abb8d50-2f9e-464e-95cc-2943e68677a2); Time taken: 14.582 seconds
INFO  : OK
1 row selected (15.008 seconds)
Closing: 0: jdbc:hive2://h01hn02:10500/tpch_flat_orc_250
