0: jdbc:hive2://h01hn02:10500/tpch_flat_orc_2> set tez.runtime.io.sort.mb=700;
0: jdbc:hive2://h01hn02:10500/tpch_flat_orc_2> -- set hive.execution.engine=mr;
0: jdbc:hive2://h01hn02:10500/tpch_flat_orc_2> 
0: jdbc:hive2://h01hn02:10500/tpch_flat_orc_2> select
0: jdbc:hive2://h01hn02:10500/tpch_flat_orc_2> c_custkey,
0: jdbc:hive2://h01hn02:10500/tpch_flat_orc_2> c_name,
0: jdbc:hive2://h01hn02:10500/tpch_flat_orc_2> sum(l_extendedprice * (1 - l_discount)) as revenue,
0: jdbc:hive2://h01hn02:10500/tpch_flat_orc_2> c_acctbal,
0: jdbc:hive2://h01hn02:10500/tpch_flat_orc_2> n_name,
0: jdbc:hive2://h01hn02:10500/tpch_flat_orc_2> c_address,
0: jdbc:hive2://h01hn02:10500/tpch_flat_orc_2> c_phone,
0: jdbc:hive2://h01hn02:10500/tpch_flat_orc_2> c_comment
0: jdbc:hive2://h01hn02:10500/tpch_flat_orc_2> from
0: jdbc:hive2://h01hn02:10500/tpch_flat_orc_2> customer,
0: jdbc:hive2://h01hn02:10500/tpch_flat_orc_2> orders,
0: jdbc:hive2://h01hn02:10500/tpch_flat_orc_2> lineitem,
0: jdbc:hive2://h01hn02:10500/tpch_flat_orc_2> nation
0: jdbc:hive2://h01hn02:10500/tpch_flat_orc_2> where
0: jdbc:hive2://h01hn02:10500/tpch_flat_orc_2> c_custkey = o_custkey
0: jdbc:hive2://h01hn02:10500/tpch_flat_orc_2> and l_orderkey = o_orderkey
0: jdbc:hive2://h01hn02:10500/tpch_flat_orc_2> and o_orderdate >= '1993-07-01'
0: jdbc:hive2://h01hn02:10500/tpch_flat_orc_2> and o_orderdate < '1993-10-01'
0: jdbc:hive2://h01hn02:10500/tpch_flat_orc_2> and l_returnflag = 'R'
0: jdbc:hive2://h01hn02:10500/tpch_flat_orc_2> and c_nationkey = n_nationkey
0: jdbc:hive2://h01hn02:10500/tpch_flat_orc_2> group by
0: jdbc:hive2://h01hn02:10500/tpch_flat_orc_2> c_custkey,
0: jdbc:hive2://h01hn02:10500/tpch_flat_orc_2> c_name,
0: jdbc:hive2://h01hn02:10500/tpch_flat_orc_2> c_acctbal,
0: jdbc:hive2://h01hn02:10500/tpch_flat_orc_2> c_phone,
0: jdbc:hive2://h01hn02:10500/tpch_flat_orc_2> n_name,
0: jdbc:hive2://h01hn02:10500/tpch_flat_orc_2> c_address,
0: jdbc:hive2://h01hn02:10500/tpch_flat_orc_2> c_comment
0: jdbc:hive2://h01hn02:10500/tpch_flat_orc_2> order by
0: jdbc:hive2://h01hn02:10500/tpch_flat_orc_2> revenue desc
0: jdbc:hive2://h01hn02:10500/tpch_flat_orc_2> limit 20;
 accounts above the furiously pending'
'37180435','Customer#037180435','782236.1974000001','6640.78','CHINA','ES9g1gKLfU','28-673-206-4449','ously; furiously special instructions doze quickly. carefully express packages according t'
'36220744','Customer#036220744','762773.8737','8360.39','VIETNAM','UhMjmdVfNxXIXKiKa2NIZjenJjnrKkQA1WN','31-295-130-7959','yly final packages: carefully ironic requests among the foxes haggle slyly carefully regular theodolites. theod'
'30592759','Customer#030592759','762083.0647000001','4765.6','INDONESIA','t1j2yVAvh9MJn,grATLMYPDrsVN','19-747-954-6962',' silent, dogged dependencies. close theodolit'
'9845041','Customer#009845041','762017.757','6997.24','FRANCE','Xbfo29W5XFidISaZ4U0GKa7dSjChlk0l','16-903-615-3807','n wake blithely regular, bold dolphins. regular d'
'19905085','Customer#019905085','754023.6864','231.61','ETHIOPIA','wO0YhKRguIl7jsBoCDvhWHTya,8po','15-744-861-5062','uests affix. carefully ironic platelets wake. express somas sleep about th'
'17663866','Customer#017663866','752028.7839','9200.25','ROMANIA','b,qdFIM0FFlMUMZj,8VyVqAei9kU4PJGlCMyvbKh','29-755-942-4761',' according to the slyly silent platelets maintain among the accounts. blithely pending foxes integrate slyly ev'
'13980448','Customer#013980448','741567.2574999998','7681.8','ETHIOPIA','Wrfg1WuE5gFQQgWUutF3Fbn 3k3N','15-333-388-3991','ts affix furiously. express excuses after the carefully pending accounts use against the reg'
'15151510','Customer#015151510','740138.9439','8591.35','RUSSIA','Bgz2r2snUVt30VJke8 1OyyG','32-611-916-2864','uests. furiously final foxes n'
'20612689','Customer#020612689','738858.7466','1272.42','JAPAN','j Y8Dl54w90uhg35iprBiCnc WJbdHmve4VfZ','22-245-546-7892','lent escapades cajole slyly carefully final packages. furiously unusual theodolites cajole furiously. pending, bold'
'28148866','Customer#028148866','737285.3049999999','1896.75','FRANCE','z3MDXslqFQ','16-245-915-8564','y ironic accounts. slyly bold d'
'16338565','Customer#016338565','735704.1462','5927.07','MOZAMBIQUE','5wIfuwT,QK4SbrdogA7u89J','26-862-550-7957','s nag instructions! carefully ironic pinto beans sleep carefully across the carefully final t'
'7889701','Customer#007889701','735470.6175999999','5487.79','INDONESIA','EsENHiDtyDyrViNCxjJ4af','19-479-697-7308','ly final dolphins use slyly blithely unusual packages. carefully final instructions wake sometimes. quickly ironic a'
'4159510','Customer#004159510','734061.0591999999','9996.4','ROMANIA','myEFQeFU1jZyVco9ROy','29-801-558-1289','he bold accounts. instructions wake above the blithely even pinto b'
'12159685','Customer#012159685','731803.5472','4295.12','FRANCE','COjxmoJio54ActJ9mmiQx,fFA','16-827-394-8298','about the sentiments sleep along the blithely even accounts. furio'
'1307293','Customer#001307293','729449.5628','-9.98','ETHIOPIA','hgWMzuBG,bBA1j0','15-395-270-6816','ly silent pinto beans. slyly final gifts sleep final packages. slyly regular pinto beans cajole reg'
'33770857','Customer#033770857','728183.074','2019.95','ROMANIA','oN3i,SSvwv 63ifHLHHc 9 uJ','29-963-235-7451','across the pending, express pinto bea'
'6082853','Customer#006082853','722073.5172999998','9563.06','ARGENTINA','19dABaJStPsHUjgfb3kqy,Sd7W19G','11-436-685-9529',' ironic packages hinder among the quickly bold theodolites. blithely iron'
0: jdbc:hive2://h01hn02:10500/tpch_flat_orc_2> 
