Format csv is deprecated, please use csv2
Connecting to jdbc:hive2://h01hn02:10500/tpch_flat_orc_250
Connected to: Apache Hive (version 2.1.0.2.5.1.0-43)
Driver: Hive JDBC (version 1.2.1000.2.5.1.0-43)
Transaction isolation: TRANSACTION_REPEATABLE_READ
Running init script ../sample-queries-tpcds/bry.sql
No rows affected (0.033 seconds)
INFO  : Compiling command(queryId=hive_20161005145524_5b65024e-9f82-4a98-a362-3e5fd2f65d86): select
	n_name,
	sum(l_extendedprice * (1 - l_discount)) as revenue
from
	customer,
	orders,
	lineitem,
	supplier,
	nation,
	region
where
	c_custkey = o_custkey
	and l_orderkey = o_orderkey
	and l_suppkey = s_suppkey
	and c_nationkey = s_nationkey
	and s_nationkey = n_nationkey
	and n_regionkey = r_regionkey
	and r_name = 'AFRICA'
	and o_orderdate >= '1993-01-01'
	and o_orderdate < '1994-01-01'
group by
	n_name
order by
	revenue desc
INFO  : Semantic Analysis Completed
INFO  : Returning Hive schema: Schema(fieldSchemas:[FieldSchema(name:n_name, type:string, comment:null), FieldSchema(name:revenue, type:double, comment:null)], properties:null)
INFO  : Completed compiling command(queryId=hive_20161005145524_5b65024e-9f82-4a98-a362-3e5fd2f65d86); Time taken: 0.359 seconds
INFO  : Concurrency mode is disabled, not creating a lock manager
INFO  : Executing command(queryId=hive_20161005145524_5b65024e-9f82-4a98-a362-3e5fd2f65d86): select
	n_name,
	sum(l_extendedprice * (1 - l_discount)) as revenue
from
	customer,
	orders,
	lineitem,
	supplier,
	nation,
	region
where
	c_custkey = o_custkey
	and l_orderkey = o_orderkey
	and l_suppkey = s_suppkey
	and c_nationkey = s_nationkey
	and s_nationkey = n_nationkey
	and n_regionkey = r_regionkey
	and r_name = 'AFRICA'
	and o_orderdate >= '1993-01-01'
	and o_orderdate < '1994-01-01'
group by
	n_name
order by
	revenue desc
INFO  : Query ID = hive_20161005145524_5b65024e-9f82-4a98-a362-3e5fd2f65d86
INFO  : Total jobs = 1
INFO  : Launching Job 1 out of 1
INFO  : Starting task [Stage-1:MAPRED] in serial mode
INFO  : Session is already open
INFO  : Dag name: select
	n_name,
	sum(l_extendedprice ...desc(Stage-1)
INFO  : Setting tez.task.scale.memory.reserve-fraction to 0.30000001192092896
INFO  : Setting tez.task.scale.memory.reserve-fraction to 0.30000001192092896
INFO  : Setting tez.task.scale.memory.reserve-fraction to 0.30000001192092896
INFO  : 

INFO  : Status: Running (Executing on YARN cluster with App id application_1475694383065_0007)

INFO  : Map 1: 0(+67)/67	Map 5: 0(+66)/66	Map 6: 0(+1)/1	Map 7: 1/1	Map 8: 0(+7)/7	Map 9: 0(+66)/66	Reducer 2: 0/1009	Reducer 3: 0/2	Reducer 4: 0/1	
INFO  : Map 1: 0(+67)/67	Map 5: 0(+66)/66	Map 6: 0(+1)/1	Map 7: 1/1	Map 8: 0(+7)/7	Map 9: 19(+47)/66	Reducer 2: 0/1009	Reducer 3: 0/2	Reducer 4: 0/1	
INFO  : Map 1: 0(+67)/67	Map 5: 0(+66)/66	Map 6: 0(+1)/1	Map 7: 1/1	Map 8: 0(+7)/7	Map 9: 33(+33)/66	Reducer 2: 0/1009	Reducer 3: 0/2	Reducer 4: 0/1	
INFO  : Map 1: 0(+67)/67	Map 5: 2(+64)/66	Map 6: 0(+1)/1	Map 7: 1/1	Map 8: 0(+7)/7	Map 9: 44(+22)/66	Reducer 2: 0/1009	Reducer 3: 0/2	Reducer 4: 0/1	
INFO  : Map 1: 0(+67)/67	Map 5: 2(+64)/66	Map 6: 1/1	Map 7: 1/1	Map 8: 5(+2)/7	Map 9: 46(+20)/66	Reducer 2: 0/1009	Reducer 3: 0/2	Reducer 4: 0/1	
INFO  : Map 1: 0(+67)/67	Map 5: 12(+54)/66	Map 6: 1/1	Map 7: 1/1	Map 8: 6(+1)/7	Map 9: 52(+14)/66	Reducer 2: 0/1009	Reducer 3: 0/2	Reducer 4: 0/1	
INFO  : Map 1: 0(+67)/67	Map 5: 20(+46)/66	Map 6: 1/1	Map 7: 1/1	Map 8: 7/7	Map 9: 55(+11)/66	Reducer 2: 0/1009	Reducer 3: 0/2	Reducer 4: 0/1	
INFO  : Map 1: 0(+67)/67	Map 5: 26(+40)/66	Map 6: 1/1	Map 7: 1/1	Map 8: 7/7	Map 9: 55(+11)/66	Reducer 2: 0/1009	Reducer 3: 0/2	Reducer 4: 0/1	
INFO  : Map 1: 0(+67)/67	Map 5: 32(+34)/66	Map 6: 1/1	Map 7: 1/1	Map 8: 7/7	Map 9: 55(+11)/66	Reducer 2: 0/1009	Reducer 3: 0/2	Reducer 4: 0/1	
INFO  : Map 1: 0(+67)/67	Map 5: 45(+21)/66	Map 6: 1/1	Map 7: 1/1	Map 8: 7/7	Map 9: 55(+11)/66	Reducer 2: 0/1009	Reducer 3: 0/2	Reducer 4: 0/1	
INFO  : Map 1: 0(+67)/67	Map 5: 51(+15)/66	Map 6: 1/1	Map 7: 1/1	Map 8: 7/7	Map 9: 55(+11)/66	Reducer 2: 0/1009	Reducer 3: 0/2	Reducer 4: 0/1	
INFO  : Map 1: 0(+67)/67	Map 5: 51(+15)/66	Map 6: 1/1	Map 7: 1/1	Map 8: 7/7	Map 9: 61(+5)/66	Reducer 2: 0/1009	Reducer 3: 0/2	Reducer 4: 0/1	
INFO  : Map 1: 0(+67)/67	Map 5: 52(+14)/66	Map 6: 1/1	Map 7: 1/1	Map 8: 7/7	Map 9: 65(+1)/66	Reducer 2: 0/1009	Reducer 3: 0/2	Reducer 4: 0/1	
INFO  : Map 1: 0(+67)/67	Map 5: 52(+14)/66	Map 6: 1/1	Map 7: 1/1	Map 8: 7/7	Map 9: 66/66	Reducer 2: 0/1009	Reducer 3: 0/2	Reducer 4: 0/1	
INFO  : Map 1: 0(+67)/67	Map 5: 59(+7)/66	Map 6: 1/1	Map 7: 1/1	Map 8: 7/7	Map 9: 66/66	Reducer 2: 0/1009	Reducer 3: 0/2	Reducer 4: 0/1	
INFO  : Map 1: 0(+67)/67	Map 5: 65(+1)/66	Map 6: 1/1	Map 7: 1/1	Map 8: 7/7	Map 9: 66/66	Reducer 2: 0/1009	Reducer 3: 0/2	Reducer 4: 0/1	
INFO  : Map 1: 0(+67)/67	Map 5: 66/66	Map 6: 1/1	Map 7: 1/1	Map 8: 7/7	Map 9: 66/66	Reducer 2: 0/1009	Reducer 3: 0/2	Reducer 4: 0/1	
INFO  : Map 1: 2(+65)/67	Map 5: 66/66	Map 6: 1/1	Map 7: 1/1	Map 8: 7/7	Map 9: 66/66	Reducer 2: 0/1009	Reducer 3: 0/2	Reducer 4: 0/1	
INFO  : Map 1: 3(+64)/67	Map 5: 66/66	Map 6: 1/1	Map 7: 1/1	Map 8: 7/7	Map 9: 66/66	Reducer 2: 0/1009	Reducer 3: 0/2	Reducer 4: 0/1	
INFO  : Map 1: 5(+62)/67	Map 5: 66/66	Map 6: 1/1	Map 7: 1/1	Map 8: 7/7	Map 9: 66/66	Reducer 2: 0/1009	Reducer 3: 0/2	Reducer 4: 0/1	
INFO  : Map 1: 6(+61)/67	Map 5: 66/66	Map 6: 1/1	Map 7: 1/1	Map 8: 7/7	Map 9: 66/66	Reducer 2: 0/1009	Reducer 3: 0/2	Reducer 4: 0/1	
INFO  : Map 1: 6(+61)/67	Map 5: 66/66	Map 6: 1/1	Map 7: 1/1	Map 8: 7/7	Map 9: 66/66	Reducer 2: 0/1009	Reducer 3: 0/2	Reducer 4: 0/1	
INFO  : Map 1: 7(+60)/67	Map 5: 66/66	Map 6: 1/1	Map 7: 1/1	Map 8: 7/7	Map 9: 66/66	Reducer 2: 0/1009	Reducer 3: 0/2	Reducer 4: 0/1	
INFO  : Map 1: 7(+60)/67	Map 5: 66/66	Map 6: 1/1	Map 7: 1/1	Map 8: 7/7	Map 9: 66/66	Reducer 2: 0/1009	Reducer 3: 0/2	Reducer 4: 0/1	
INFO  : Map 1: 8(+59)/67	Map 5: 66/66	Map 6: 1/1	Map 7: 1/1	Map 8: 7/7	Map 9: 66/66	Reducer 2: 0/1009	Reducer 3: 0/2	Reducer 4: 0/1	
INFO  : Map 1: 11(+56)/67	Map 5: 66/66	Map 6: 1/1	Map 7: 1/1	Map 8: 7/7	Map 9: 66/66	Reducer 2: 0/1009	Reducer 3: 0/2	Reducer 4: 0/1	
INFO  : Map 1: 13(+54)/67	Map 5: 66/66	Map 6: 1/1	Map 7: 1/1	Map 8: 7/7	Map 9: 66/66	Reducer 2: 0/1009	Reducer 3: 0/2	Reducer 4: 0/1	
INFO  : Map 1: 15(+52)/67	Map 5: 66/66	Map 6: 1/1	Map 7: 1/1	Map 8: 7/7	Map 9: 66/66	Reducer 2: 0(+121)/1009	Reducer 3: 0/2	Reducer 4: 0/1	
INFO  : Map 1: 17(+50)/67	Map 5: 66/66	Map 6: 1/1	Map 7: 1/1	Map 8: 7/7	Map 9: 66/66	Reducer 2: 0(+197)/1009	Reducer 3: 0/2	Reducer 4: 0/1	
INFO  : Map 1: 24(+43)/67	Map 5: 66/66	Map 6: 1/1	Map 7: 1/1	Map 8: 7/7	Map 9: 66/66	Reducer 2: 0(+447)/1009	Reducer 3: 0/2	Reducer 4: 0/1	
INFO  : Map 1: 26(+41)/67	Map 5: 66/66	Map 6: 1/1	Map 7: 1/1	Map 8: 7/7	Map 9: 66/66	Reducer 2: 0(+463)/1009	Reducer 3: 0/2	Reducer 4: 0/1	
INFO  : Map 1: 29(+38)/67	Map 5: 66/66	Map 6: 1/1	Map 7: 1/1	Map 8: 7/7	Map 9: 66/66	Reducer 2: 0(+466)/1009	Reducer 3: 0/2	Reducer 4: 0/1	
INFO  : Map 1: 30(+37)/67	Map 5: 66/66	Map 6: 1/1	Map 7: 1/1	Map 8: 7/7	Map 9: 66/66	Reducer 2: 0(+467)/1009	Reducer 3: 0/2	Reducer 4: 0/1	
INFO  : Map 1: 31(+36)/67	Map 5: 66/66	Map 6: 1/1	Map 7: 1/1	Map 8: 7/7	Map 9: 66/66	Reducer 2: 0(+468)/1009	Reducer 3: 0/2	Reducer 4: 0/1	
INFO  : Map 1: 33(+34)/67	Map 5: 66/66	Map 6: 1/1	Map 7: 1/1	Map 8: 7/7	Map 9: 66/66	Reducer 2: 0(+470)/1009	Reducer 3: 0/2	Reducer 4: 0/1	
INFO  : Map 1: 35(+32)/67	Map 5: 66/66	Map 6: 1/1	Map 7: 1/1	Map 8: 7/7	Map 9: 66/66	Reducer 2: 0(+472)/1009	Reducer 3: 0/2	Reducer 4: 0/1	
INFO  : Map 1: 38(+29)/67	Map 5: 66/66	Map 6: 1/1	Map 7: 1/1	Map 8: 7/7	Map 9: 66/66	Reducer 2: 0(+475)/1009	Reducer 3: 0/2	Reducer 4: 0/1	
INFO  : Map 1: 41(+26)/67	Map 5: 66/66	Map 6: 1/1	Map 7: 1/1	Map 8: 7/7	Map 9: 66/66	Reducer 2: 0(+478)/1009	Reducer 3: 0/2	Reducer 4: 0/1	
INFO  : Map 1: 47(+20)/67	Map 5: 66/66	Map 6: 1/1	Map 7: 1/1	Map 8: 7/7	Map 9: 66/66	Reducer 2: 0(+484)/1009	Reducer 3: 0/2	Reducer 4: 0/1	
INFO  : Map 1: 50(+17)/67	Map 5: 66/66	Map 6: 1/1	Map 7: 1/1	Map 8: 7/7	Map 9: 66/66	Reducer 2: 0(+487)/1009	Reducer 3: 0/2	Reducer 4: 0/1	
INFO  : Map 1: 51(+16)/67	Map 5: 66/66	Map 6: 1/1	Map 7: 1/1	Map 8: 7/7	Map 9: 66/66	Reducer 2: 0(+488)/1009	Reducer 3: 0/2	Reducer 4: 0/1	
INFO  : Map 1: 52(+15)/67	Map 5: 66/66	Map 6: 1/1	Map 7: 1/1	Map 8: 7/7	Map 9: 66/66	Reducer 2: 0(+489)/1009	Reducer 3: 0/2	Reducer 4: 0/1	
INFO  : Map 1: 54(+13)/67	Map 5: 66/66	Map 6: 1/1	Map 7: 1/1	Map 8: 7/7	Map 9: 66/66	Reducer 2: 0(+491)/1009	Reducer 3: 0/2	Reducer 4: 0/1	
INFO  : Map 1: 55(+12)/67	Map 5: 66/66	Map 6: 1/1	Map 7: 1/1	Map 8: 7/7	Map 9: 66/66	Reducer 2: 0(+492)/1009	Reducer 3: 0/2	Reducer 4: 0/1	
INFO  : Map 1: 56(+11)/67	Map 5: 66/66	Map 6: 1/1	Map 7: 1/1	Map 8: 7/7	Map 9: 66/66	Reducer 2: 0(+493)/1009	Reducer 3: 0/2	Reducer 4: 0/1	
INFO  : Map 1: 57(+10)/67	Map 5: 66/66	Map 6: 1/1	Map 7: 1/1	Map 8: 7/7	Map 9: 66/66	Reducer 2: 0(+494)/1009	Reducer 3: 0/2	Reducer 4: 0/1	
INFO  : Map 1: 59(+8)/67	Map 5: 66/66	Map 6: 1/1	Map 7: 1/1	Map 8: 7/7	Map 9: 66/66	Reducer 2: 0(+496)/1009	Reducer 3: 0/2	Reducer 4: 0/1	
INFO  : Map 1: 60(+7)/67	Map 5: 66/66	Map 6: 1/1	Map 7: 1/1	Map 8: 7/7	Map 9: 66/66	Reducer 2: 0(+497)/1009	Reducer 3: 0/2	Reducer 4: 0/1	
INFO  : Map 1: 64(+3)/67	Map 5: 66/66	Map 6: 1/1	Map 7: 1/1	Map 8: 7/7	Map 9: 66/66	Reducer 2: 0(+501)/1009	Reducer 3: 0/2	Reducer 4: 0/1	
INFO  : Map 1: 66(+1)/67	Map 5: 66/66	Map 6: 1/1	Map 7: 1/1	Map 8: 7/7	Map 9: 66/66	Reducer 2: 0(+503)/1009	Reducer 3: 0/2	Reducer 4: 0/1	
INFO  : Map 1: 67/67	Map 5: 66/66	Map 6: 1/1	Map 7: 1/1	Map 8: 7/7	Map 9: 66/66	Reducer 2: 0(+504)/1009	Reducer 3: 0/2	Reducer 4: 0/1	
INFO  : Map 1: 67/67	Map 5: 66/66	Map 6: 1/1	Map 7: 1/1	Map 8: 7/7	Map 9: 66/66	Reducer 2: 0(+504)/1009	Reducer 3: 0/2	Reducer 4: 0/1	
INFO  : Map 1: 67/67	Map 5: 66/66	Map 6: 1/1	Map 7: 1/1	Map 8: 7/7	Map 9: 66/66	Reducer 2: 0(+504)/1009	Reducer 3: 0/2	Reducer 4: 0/1	
INFO  : Map 1: 67/67	Map 5: 66/66	Map 6: 1/1	Map 7: 1/1	Map 8: 7/7	Map 9: 66/66	Reducer 2: 0(+504)/1009	Reducer 3: 0/2	Reducer 4: 0/1	
INFO  : Map 1: 67/67	Map 5: 66/66	Map 6: 1/1	Map 7: 1/1	Map 8: 7/7	Map 9: 66/66	Reducer 2: 5(+504)/1009	Reducer 3: 0/2	Reducer 4: 0/1	
INFO  : Map 1: 67/67	Map 5: 66/66	Map 6: 1/1	Map 7: 1/1	Map 8: 7/7	Map 9: 66/66	Reducer 2: 28(+504)/1009	Reducer 3: 0/2	Reducer 4: 0/1	
INFO  : Map 1: 67/67	Map 5: 66/66	Map 6: 1/1	Map 7: 1/1	Map 8: 7/7	Map 9: 66/66	Reducer 2: 53(+517)/1009	Reducer 3: 0/2	Reducer 4: 0/1	
INFO  : Map 1: 67/67	Map 5: 66/66	Map 6: 1/1	Map 7: 1/1	Map 8: 7/7	Map 9: 66/66	Reducer 2: 57(+518)/1009	Reducer 3: 0/2	Reducer 4: 0/1	
INFO  : Map 1: 67/67	Map 5: 66/66	Map 6: 1/1	Map 7: 1/1	Map 8: 7/7	Map 9: 66/66	Reducer 2: 66(+518)/1009	Reducer 3: 0/2	Reducer 4: 0/1	
INFO  : Map 1: 67/67	Map 5: 66/66	Map 6: 1/1	Map 7: 1/1	Map 8: 7/7	Map 9: 66/66	Reducer 2: 81(+518)/1009	Reducer 3: 0/2	Reducer 4: 0/1	
INFO  : Map 1: 67/67	Map 5: 66/66	Map 6: 1/1	Map 7: 1/1	Map 8: 7/7	Map 9: 66/66	Reducer 2: 147(+517)/1009	Reducer 3: 0/2	Reducer 4: 0/1	
INFO  : Map 1: 67/67	Map 5: 66/66	Map 6: 1/1	Map 7: 1/1	Map 8: 7/7	Map 9: 66/66	Reducer 2: 214(+545)/1009	Reducer 3: 0/2	Reducer 4: 0/1	
INFO  : Map 1: 67/67	Map 5: 66/66	Map 6: 1/1	Map 7: 1/1	Map 8: 7/7	Map 9: 66/66	Reducer 2: 247(+553)/1009	Reducer 3: 0/2	Reducer 4: 0/1	
INFO  : Map 1: 67/67	Map 5: 66/66	Map 6: 1/1	Map 7: 1/1	Map 8: 7/7	Map 9: 66/66	Reducer 2: 289(+554)/1009	Reducer 3: 0/2	Reducer 4: 0/1	
INFO  : Map 1: 67/67	Map 5: 66/66	Map 6: 1/1	Map 7: 1/1	Map 8: 7/7	Map 9: 66/66	Reducer 2: 319(+554)/1009	Reducer 3: 0/2	Reducer 4: 0/1	
INFO  : Map 1: 67/67	Map 5: 66/66	Map 6: 1/1	Map 7: 1/1	Map 8: 7/7	Map 9: 66/66	Reducer 2: 353(+554)/1009	Reducer 3: 0/2	Reducer 4: 0/1	
INFO  : Map 1: 67/67	Map 5: 66/66	Map 6: 1/1	Map 7: 1/1	Map 8: 7/7	Map 9: 66/66	Reducer 2: 371(+555)/1009	Reducer 3: 0/2	Reducer 4: 0/1	
INFO  : Map 1: 67/67	Map 5: 66/66	Map 6: 1/1	Map 7: 1/1	Map 8: 7/7	Map 9: 66/66	Reducer 2: 391(+555)/1009	Reducer 3: 0/2	Reducer 4: 0/1	
INFO  : Map 1: 67/67	Map 5: 66/66	Map 6: 1/1	Map 7: 1/1	Map 8: 7/7	Map 9: 66/66	Reducer 2: 424(+555)/1009	Reducer 3: 0/2	Reducer 4: 0/1	
INFO  : Map 1: 67/67	Map 5: 66/66	Map 6: 1/1	Map 7: 1/1	Map 8: 7/7	Map 9: 66/66	Reducer 2: 446(+555)/1009	Reducer 3: 0/2	Reducer 4: 0/1	
INFO  : Map 1: 67/67	Map 5: 66/66	Map 6: 1/1	Map 7: 1/1	Map 8: 7/7	Map 9: 66/66	Reducer 2: 464(+545)/1009	Reducer 3: 0/2	Reducer 4: 0/1	
INFO  : Map 1: 67/67	Map 5: 66/66	Map 6: 1/1	Map 7: 1/1	Map 8: 7/7	Map 9: 66/66	Reducer 2: 479(+530)/1009	Reducer 3: 0/2	Reducer 4: 0/1	
INFO  : Map 1: 67/67	Map 5: 66/66	Map 6: 1/1	Map 7: 1/1	Map 8: 7/7	Map 9: 66/66	Reducer 2: 516(+493)/1009	Reducer 3: 0/2	Reducer 4: 0/1	
INFO  : Map 1: 67/67	Map 5: 66/66	Map 6: 1/1	Map 7: 1/1	Map 8: 7/7	Map 9: 66/66	Reducer 2: 574(+435)/1009	Reducer 3: 0/2	Reducer 4: 0/1	
INFO  : Map 1: 67/67	Map 5: 66/66	Map 6: 1/1	Map 7: 1/1	Map 8: 7/7	Map 9: 66/66	Reducer 2: 619(+389)/1009	Reducer 3: 0/2	Reducer 4: 0/1	
INFO  : Map 1: 67/67	Map 5: 66/66	Map 6: 1/1	Map 7: 1/1	Map 8: 7/7	Map 9: 66/66	Reducer 2: 656(+353)/1009	Reducer 3: 0/2	Reducer 4: 0/1	
INFO  : Map 1: 67/67	Map 5: 66/66	Map 6: 1/1	Map 7: 1/1	Map 8: 7/7	Map 9: 66/66	Reducer 2: 742(+267)/1009	Reducer 3: 0/2	Reducer 4: 0/1	
INFO  : Map 1: 67/67	Map 5: 66/66	Map 6: 1/1	Map 7: 1/1	Map 8: 7/7	Map 9: 66/66	Reducer 2: 793(+216)/1009	Reducer 3: 0(+1)/1	Reducer 4: 0/1	
INFO  : Map 1: 67/67	Map 5: 66/66	Map 6: 1/1	Map 7: 1/1	Map 8: 7/7	Map 9: 66/66	Reducer 2: 847(+162)/1009	Reducer 3: 0(+1)/1	Reducer 4: 0/1	
INFO  : Map 1: 67/67	Map 5: 66/66	Map 6: 1/1	Map 7: 1/1	Map 8: 7/7	Map 9: 66/66	Reducer 2: 886(+123)/1009	Reducer 3: 0(+1)/1	Reducer 4: 0/1	
INFO  : Map 1: 67/67	Map 5: 66/66	Map 6: 1/1	Map 7: 1/1	Map 8: 7/7	Map 9: 66/66	Reducer 2: 955(+54)/1009	Reducer 3: 0(+1)/1	Reducer 4: 0/1	
INFO  : Map 1: 67/67	Map 5: 66/66	Map 6: 1/1	Map 7: 1/1	Map 8: 7/7	Map 9: 66/66	Reducer 2: 961(+48)/1009	Reducer 3: 0(+1)/1	Reducer 4: 0/1	
INFO  : Map 1: 67/67	Map 5: 66/66	Map 6: 1/1	Map 7: 1/1	Map 8: 7/7	Map 9: 66/66	Reducer 2: 989(+20)/1009	Reducer 3: 0(+1)/1	Reducer 4: 0/1	
INFO  : Map 1: 67/67	Map 5: 66/66	Map 6: 1/1	Map 7: 1/1	Map 8: 7/7	Map 9: 66/66	Reducer 2: 999(+10)/1009	Reducer 3: 0(+1)/1	Reducer 4: 0/1	
INFO  : Map 1: 67/67	Map 5: 66/66	Map 6: 1/1	Map 7: 1/1	Map 8: 7/7	Map 9: 66/66	Reducer 2: 1009/1009	Reducer 3: 0(+1)/1	Reducer 4: 0/1	
INFO  : Map 1: 67/67	Map 5: 66/66	Map 6: 1/1	Map 7: 1/1	Map 8: 7/7	Map 9: 66/66	Reducer 2: 1009/1009	Reducer 3: 1/1	Reducer 4: 1/1	
INFO  : Status: DAG finished successfully in 39.15 seconds
INFO  : 
INFO  : Query Execution Summary
INFO  : ----------------------------------------------------------------------------------------------
INFO  : ----------------------------------------------------------------------------------------------
INFO  : Compile Query                           0.36s
INFO  : Prepare Plan                            0.24s
INFO  : Submit Plan                             0.13s
INFO  : Start DAG                               0.20s
INFO  : Run DAG                                39.15s
INFO  : ----------------------------------------------------------------------------------------------
INFO  : 
INFO  : Task Execution Summary
INFO  : --------------------------------------------------------------------------------------------------------------------------------
INFO  : --------------------------------------------------------------------------------------------------------------------------------
INFO  :      Map 1           67                0             0       22433.00             0            0  1,500,000,714   1,500,000,714
INFO  :      Map 5           66                0             0        3632.00             0            0    375,000,000      56,884,578
INFO  :      Map 6            1                0             0         804.00             0            0             26               5
INFO  :      Map 7            1                0             0           0.00             0            0              5               1
INFO  :      Map 8            7                0             0        1206.00             0            0      2,500,005         499,624
INFO  :      Map 9           66                0             0        3028.00             0            0     37,500,000      37,500,000
INFO  :  Reducer 2         1009                0            51       22430.00             0            0  1,594,884,916           5,045
INFO  :  Reducer 3            1                0             0        1617.00             0            0          5,045               5
INFO  :  Reducer 4            1                0             0           0.00             0            0              5               0
INFO  : --------------------------------------------------------------------------------------------------------------------------------
INFO  : 
INFO  : LLAP IO Summary
INFO  : ----------------------------------------------------------------------------------------------
INFO  : ----------------------------------------------------------------------------------------------
INFO  :      Map 1    150873      2000          0   17.81GB         0B          0B       0B   202.98s
INFO  :      Map 5     37683       750          0    2.28GB         0B          0B       0B    64.41s
INFO  :      Map 6         1         2          0      228B         0B          0B       0B     0.00s
INFO  :      Map 7         1         2          0       52B         0B          0B       0B     0.00s
INFO  :      Map 8       250        22          0    2.56MB         0B          0B       0B     0.13s
INFO  :      Map 9      3750       500          0   37.94MB         0B          0B       0B     3.29s
INFO  : ----------------------------------------------------------------------------------------------
INFO  : 
INFO  : FileSystem Counters Summary
INFO  : 
INFO  : ----------------------------------------------------------------------------------------------
INFO  : ----------------------------------------------------------------------------------------------
INFO  :      Map 1         24.20GB             0                  0            23.27GB             0
INFO  :      Map 5              0B             0                  0           637.70MB             0
INFO  :      Map 6              0B             0                  0               128B             0
INFO  :      Map 7              0B             0                  0                59B             0
INFO  :      Map 8              0B             0                  0             2.78MB             0
INFO  :      Map 9              0B             0                  0           197.87MB             0
INFO  :  Reducer 2          3.75GB             0                  0           200.51KB             0
INFO  :  Reducer 3             64B             0                  0               158B             0
INFO  :  Reducer 4              0B             0                  0                 0B             0
INFO  : ----------------------------------------------------------------------------------------------
INFO  : 
INFO  : ----------------------------------------------------------------------------------------------
INFO  : ----------------------------------------------------------------------------------------------
INFO  :      Map 1              0B             0                  0                 0B             0
INFO  :      Map 5              0B             0                  0                 0B             0
INFO  :      Map 6              0B             0                  0                 0B             0
INFO  :      Map 7              0B             0                  0                 0B             0
INFO  :      Map 8              0B             0                  0                 0B             0
INFO  :      Map 9              0B             0                  0                 0B             0
INFO  :  Reducer 2              0B             0                  0                 0B             0
INFO  :  Reducer 3              0B             0                  0                 0B             0
INFO  :  Reducer 4              0B             2                  0               299B             2
INFO  : ----------------------------------------------------------------------------------------------
INFO  : 
INFO  : org.apache.tez.common.counters.DAGCounter:
INFO  :    NUM_KILLED_TASKS: 51
INFO  :    NUM_SUCCEEDED_TASKS: 1219
INFO  :    TOTAL_LAUNCHED_TASKS: 1270
INFO  :    DATA_LOCAL_TASKS: 208
INFO  :    AM_CPU_MILLISECONDS: 14640
INFO  :    AM_GC_TIME_MILLIS: 152
INFO  : File System Counters:
INFO  :    FILE_BYTES_READ: 27943576983
INFO  :    FILE_BYTES_WRITTEN: 24107460040
INFO  :    FILE_READ_OPS: 0
INFO  :    FILE_LARGE_READ_OPS: 0
INFO  :    FILE_WRITE_OPS: 0
INFO  :    HDFS_BYTES_READ: 0
INFO  :    HDFS_BYTES_WRITTEN: 299
INFO  :    HDFS_READ_OPS: 2
INFO  :    HDFS_LARGE_READ_OPS: 0
INFO  :    HDFS_WRITE_OPS: 2
INFO  : org.apache.tez.common.counters.TaskCounter:
INFO  :    REDUCE_INPUT_GROUPS: 10
INFO  :    REDUCE_INPUT_RECORDS: 5050
INFO  :    COMBINE_INPUT_RECORDS: 0
INFO  :    SPILLED_RECORDS: 1103379878
INFO  :    NUM_SHUFFLED_INPUTS: 136881
INFO  :    NUM_SKIPPED_INPUTS: 0
INFO  :    NUM_FAILED_SHUFFLE_INPUTS: 0
INFO  :    MERGED_MAP_OUTPUTS: 6373
INFO  :    INPUT_RECORDS_PROCESSED: 1900797051
INFO  :    INPUT_SPLIT_LENGTH_BYTES: 76131235356
INFO  :    OUTPUT_RECORDS: 1594889972
INFO  :    OUTPUT_LARGE_RECORDS: 0
INFO  :    OUTPUT_BYTES: 41443442821
INFO  :    OUTPUT_BYTES_WITH_OVERHEAD: 61823766558
INFO  :    OUTPUT_BYTES_PHYSICAL: 24107401840
INFO  :    ADDITIONAL_SPILLS_BYTES_WRITTEN: 17108051801
INFO  :    ADDITIONAL_SPILLS_BYTES_READ: 17108104399
INFO  :    ADDITIONAL_SPILL_COUNT: 183
INFO  :    SHUFFLE_CHUNK_COUNT: 1010
INFO  :    SHUFFLE_BYTES: 25709331744
INFO  :    SHUFFLE_BYTES_DECOMPRESSED: 48303598071
INFO  :    SHUFFLE_BYTES_TO_MEM: 22857164504
INFO  :    SHUFFLE_BYTES_TO_DISK: 0
INFO  :    SHUFFLE_BYTES_DISK_DIRECT: 2852167240
INFO  :    NUM_MEM_TO_DISK_MERGES: 0
INFO  :    NUM_DISK_TO_DISK_MERGES: 1
INFO  :    SHUFFLE_PHASE_TIME: 5862532
INFO  :    MERGE_PHASE_TIME: 1556
INFO  :    FIRST_EVENT_RECEIVED: 46932
INFO  :    LAST_EVENT_RECEIVED: 2908175
INFO  : HIVE:
INFO  :    CREATED_FILES: 1
INFO  :    DESERIALIZE_ERRORS: 0
INFO  :    RECORDS_IN_Map_1: 1500000714
INFO  :    RECORDS_IN_Map_5: 375000000
INFO  :    RECORDS_IN_Map_6: 25
INFO  :    RECORDS_IN_Map_7: 5
INFO  :    RECORDS_IN_Map_8: 2500000
INFO  :    RECORDS_IN_Map_9: 37500000
INFO  :    RECORDS_OUT_0: 5
INFO  :    RECORDS_OUT_INTERMEDIATE_Map_1: 1500000714
INFO  :    RECORDS_OUT_INTERMEDIATE_Map_5: 56884578
INFO  :    RECORDS_OUT_INTERMEDIATE_Map_6: 5
INFO  :    RECORDS_OUT_INTERMEDIATE_Map_7: 1
INFO  :    RECORDS_OUT_INTERMEDIATE_Map_8: 499624
INFO  :    RECORDS_OUT_INTERMEDIATE_Map_9: 37500000
INFO  :    RECORDS_OUT_INTERMEDIATE_Reducer_2: 5045
INFO  :    RECORDS_OUT_INTERMEDIATE_Reducer_3: 5
INFO  : Shuffle Errors:
INFO  :    BAD_ID: 0
INFO  :    CONNECTION: 0
INFO  :    IO_ERROR: 0
INFO  :    WRONG_LENGTH: 0
INFO  :    WRONG_MAP: 0
INFO  :    WRONG_REDUCE: 0
INFO  : Shuffle Errors_Reducer_3_INPUT_Reducer_2:
INFO  :    BAD_ID: 0
INFO  :    CONNECTION: 0
INFO  :    IO_ERROR: 0
INFO  :    WRONG_LENGTH: 0
INFO  :    WRONG_MAP: 0
INFO  :    WRONG_REDUCE: 0
INFO  : Shuffle Errors_Reducer_4_INPUT_Reducer_3:
INFO  :    BAD_ID: 0
INFO  :    CONNECTION: 0
INFO  :    IO_ERROR: 0
INFO  :    WRONG_LENGTH: 0
INFO  :    WRONG_MAP: 0
INFO  :    WRONG_REDUCE: 0
INFO  : TaskCounter_Map_1_INPUT_lineitem:
INFO  :    INPUT_RECORDS_PROCESSED: 1500105
INFO  :    INPUT_SPLIT_LENGTH_BYTES: 58902255143
INFO  : TaskCounter_Map_1_OUTPUT_Reducer_2:
INFO  :    ADDITIONAL_SPILLS_BYTES_READ: 17108050662
INFO  :    ADDITIONAL_SPILLS_BYTES_WRITTEN: 17108050662
INFO  :    ADDITIONAL_SPILL_COUNT: 183
INFO  :    OUTPUT_BYTES: 40460469146
INFO  :    OUTPUT_BYTES_PHYSICAL: 23268909581
INFO  :    OUTPUT_BYTES_WITH_OVERHEAD: 59999723261
INFO  :    OUTPUT_LARGE_RECORDS: 0
INFO  :    OUTPUT_RECORDS: 1500000714
INFO  :    SPILLED_RECORDS: 1103369610
INFO  : TaskCounter_Map_5_INPUT_orders:
INFO  :    INPUT_RECORDS_PROCESSED: 375000
INFO  :    INPUT_SPLIT_LENGTH_BYTES: 14194909485
INFO  : TaskCounter_Map_5_OUTPUT_Reducer_2:
INFO  :    ADDITIONAL_SPILLS_BYTES_READ: 0
INFO  :    ADDITIONAL_SPILLS_BYTES_WRITTEN: 0
INFO  :    ADDITIONAL_SPILL_COUNT: 0
INFO  :    OUTPUT_BYTES: 600180685
INFO  :    OUTPUT_BYTES_PHYSICAL: 637702224
INFO  :    OUTPUT_BYTES_WITH_OVERHEAD: 1365228383
INFO  :    OUTPUT_LARGE_RECORDS: 0
INFO  :    OUTPUT_RECORDS: 56884578
INFO  :    SPILLED_RECORDS: 0
INFO  : TaskCounter_Map_6_INPUT_Map_7:
INFO  :    FIRST_EVENT_RECEIVED: 3
INFO  :    INPUT_RECORDS_PROCESSED: 1
INFO  :    LAST_EVENT_RECEIVED: 3
INFO  :    NUM_FAILED_SHUFFLE_INPUTS: 0
INFO  :    NUM_SHUFFLED_INPUTS: 1
INFO  :    SHUFFLE_BYTES: 27
INFO  :    SHUFFLE_BYTES_DECOMPRESSED: 13
INFO  :    SHUFFLE_BYTES_DISK_DIRECT: 0
INFO  :    SHUFFLE_BYTES_TO_DISK: 0
INFO  :    SHUFFLE_BYTES_TO_MEM: 27
INFO  :    SHUFFLE_PHASE_TIME: 728
INFO  : TaskCounter_Map_6_INPUT_nation:
INFO  :    INPUT_RECORDS_PROCESSED: 1
INFO  :    INPUT_SPLIT_LENGTH_BYTES: 1661
INFO  : TaskCounter_Map_6_OUTPUT_Map_8:
INFO  :    ADDITIONAL_SPILLS_BYTES_READ: 0
INFO  :    ADDITIONAL_SPILLS_BYTES_WRITTEN: 0
INFO  :    ADDITIONAL_SPILL_COUNT: 0
INFO  :    OUTPUT_BYTES: 72
INFO  :    OUTPUT_BYTES_PHYSICAL: 120
INFO  :    OUTPUT_BYTES_WITH_OVERHEAD: 88
INFO  :    OUTPUT_LARGE_RECORDS: 0
INFO  :    OUTPUT_RECORDS: 5
INFO  :    SPILLED_RECORDS: 0
INFO  : TaskCounter_Map_7_INPUT_region:
INFO  :    INPUT_RECORDS_PROCESSED: 1
INFO  :    INPUT_SPLIT_LENGTH_BYTES: 670
INFO  : TaskCounter_Map_7_OUTPUT_Map_6:
INFO  :    ADDITIONAL_SPILLS_BYTES_READ: 0
INFO  :    ADDITIONAL_SPILLS_BYTES_WRITTEN: 0
INFO  :    ADDITIONAL_SPILL_COUNT: 0
INFO  :    OUTPUT_BYTES: 5
INFO  :    OUTPUT_BYTES_PHYSICAL: 51
INFO  :    OUTPUT_BYTES_WITH_OVERHEAD: 13
INFO  :    OUTPUT_LARGE_RECORDS: 0
INFO  :    OUTPUT_RECORDS: 1
INFO  :    SPILLED_RECORDS: 0
INFO  : TaskCounter_Map_8_INPUT_Map_6:
INFO  :    FIRST_EVENT_RECEIVED: 4720
INFO  :    INPUT_RECORDS_PROCESSED: 35
INFO  :    LAST_EVENT_RECEIVED: 4720
INFO  :    NUM_FAILED_SHUFFLE_INPUTS: 0
INFO  :    NUM_SHUFFLED_INPUTS: 7
INFO  :    SHUFFLE_BYTES: 672
INFO  :    SHUFFLE_BYTES_DECOMPRESSED: 616
INFO  :    SHUFFLE_BYTES_DISK_DIRECT: 0
INFO  :    SHUFFLE_BYTES_TO_DISK: 0
INFO  :    SHUFFLE_BYTES_TO_MEM: 672
INFO  :    SHUFFLE_PHASE_TIME: 4799
INFO  : TaskCounter_Map_8_INPUT_supplier:
INFO  :    INPUT_RECORDS_PROCESSED: 2500
INFO  :    INPUT_SPLIT_LENGTH_BYTES: 181097437
INFO  : TaskCounter_Map_8_OUTPUT_Reducer_2:
INFO  :    ADDITIONAL_SPILLS_BYTES_READ: 0
INFO  :    ADDITIONAL_SPILLS_BYTES_WRITTEN: 0
INFO  :    ADDITIONAL_SPILL_COUNT: 0
INFO  :    OUTPUT_BYTES: 7694943
INFO  :    OUTPUT_BYTES_PHYSICAL: 2780736
INFO  :    OUTPUT_BYTES_WITH_OVERHEAD: 8694233
INFO  :    OUTPUT_LARGE_RECORDS: 0
INFO  :    OUTPUT_RECORDS: 499624
INFO  :    SPILLED_RECORDS: 0
INFO  : TaskCounter_Map_9_INPUT_customer:
INFO  :    INPUT_RECORDS_PROCESSED: 37500
INFO  :    INPUT_SPLIT_LENGTH_BYTES: 2852970960
INFO  : TaskCounter_Map_9_OUTPUT_Reducer_2:
INFO  :    ADDITIONAL_SPILLS_BYTES_READ: 0
INFO  :    ADDITIONAL_SPILLS_BYTES_WRITTEN: 0
INFO  :    ADDITIONAL_SPILL_COUNT: 0
INFO  :    OUTPUT_BYTES: 375000000
INFO  :    OUTPUT_BYTES_PHYSICAL: 197864998
INFO  :    OUTPUT_BYTES_WITH_OVERHEAD: 450000396
INFO  :    OUTPUT_LARGE_RECORDS: 0
INFO  :    OUTPUT_RECORDS: 37500000
INFO  :    SPILLED_RECORDS: 0
INFO  : TaskCounter_Reducer_2_INPUT_Map_1:
INFO  :    FIRST_EVENT_RECEIVED: 23837
INFO  :    INPUT_RECORDS_PROCESSED: 1500000714
INFO  :    LAST_EVENT_RECEIVED: 2793128
INFO  :    NUM_FAILED_SHUFFLE_INPUTS: 0
INFO  :    NUM_SHUFFLED_INPUTS: 67603
INFO  :    SHUFFLE_BYTES: 23267287109
INFO  :    SHUFFLE_BYTES_DECOMPRESSED: 43460876192
INFO  :    SHUFFLE_BYTES_DISK_DIRECT: 2581043979
INFO  :    SHUFFLE_BYTES_TO_DISK: 0
INFO  :    SHUFFLE_BYTES_TO_MEM: 20686243130
INFO  :    SHUFFLE_PHASE_TIME: 3770105
INFO  : TaskCounter_Reducer_2_INPUT_Map_5:
INFO  :    FIRST_EVENT_RECEIVED: 17510
INFO  :    INPUT_RECORDS_PROCESSED: 56884578
INFO  :    LAST_EVENT_RECEIVED: 107716
INFO  :    NUM_FAILED_SHUFFLE_INPUTS: 0
INFO  :    NUM_SHUFFLED_INPUTS: 66594
INFO  :    SHUFFLE_BYTES: 636103968
INFO  :    SHUFFLE_BYTES_DECOMPRESSED: 714349405
INFO  :    SHUFFLE_BYTES_DISK_DIRECT: 70463300
INFO  :    SHUFFLE_BYTES_TO_DISK: 0
INFO  :    SHUFFLE_BYTES_TO_MEM: 565640668
INFO  :    SHUFFLE_PHASE_TIME: 2049427
INFO  : TaskCounter_Reducer_2_INPUT_Map_8:
INFO  :    FIRST_EVENT_RECEIVED: 64
INFO  :    INPUT_RECORDS_PROCESSED: 4496616
INFO  :    LAST_EVENT_RECEIVED: 136
INFO  :    NUM_FAILED_SHUFFLE_INPUTS: 0
INFO  :    NUM_SHUFFLED_INPUTS: 63
INFO  :    SHUFFLE_BYTES: 25025112
INFO  :    SHUFFLE_BYTES_DECOMPRESSED: 78248097
INFO  :    SHUFFLE_BYTES_DISK_DIRECT: 2780568
INFO  :    SHUFFLE_BYTES_TO_DISK: 0
INFO  :    SHUFFLE_BYTES_TO_MEM: 22244544
INFO  :    SHUFFLE_PHASE_TIME: 21306
INFO  : TaskCounter_Reducer_2_INPUT_Map_9:
INFO  :    FIRST_EVENT_RECEIVED: 795
INFO  :    INPUT_RECORDS_PROCESSED: 337500000
INFO  :    LAST_EVENT_RECEIVED: 947
INFO  :    NUM_FAILED_SHUFFLE_INPUTS: 0
INFO  :    NUM_SHUFFLED_INPUTS: 594
INFO  :    SHUFFLE_BYTES: 1780770726
INFO  :    SHUFFLE_BYTES_DECOMPRESSED: 4050003564
INFO  :    SHUFFLE_BYTES_DISK_DIRECT: 197863414
INFO  :    SHUFFLE_BYTES_TO_DISK: 0
INFO  :    SHUFFLE_BYTES_TO_MEM: 1582907312
INFO  :    SHUFFLE_PHASE_TIME: 14634
INFO  : TaskCounter_Reducer_2_OUTPUT_Reducer_3:
INFO  :    ADDITIONAL_SPILLS_BYTES_READ: 0
INFO  :    ADDITIONAL_SPILLS_BYTES_WRITTEN: 0
INFO  :    ADDITIONAL_SPILL_COUNT: 0
INFO  :    OUTPUT_BYTES: 97873
INFO  :    OUTPUT_BYTES_PHYSICAL: 144004
INFO  :    OUTPUT_BYTES_WITH_OVERHEAD: 120071
INFO  :    OUTPUT_RECORDS: 5045
INFO  :    SHUFFLE_CHUNK_COUNT: 1009
INFO  :    SPILLED_RECORDS: 5045
INFO  : TaskCounter_Reducer_3_INPUT_Reducer_2:
INFO  :    ADDITIONAL_SPILLS_BYTES_READ: 53611
INFO  :    ADDITIONAL_SPILLS_BYTES_WRITTEN: 1013
INFO  :    COMBINE_INPUT_RECORDS: 0
INFO  :    FIRST_EVENT_RECEIVED: 2
INFO  :    LAST_EVENT_RECEIVED: 1524
INFO  :    MERGED_MAP_OUTPUTS: 6372
INFO  :    MERGE_PHASE_TIME: 1552
INFO  :    NUM_DISK_TO_DISK_MERGES: 1
INFO  :    NUM_FAILED_SHUFFLE_INPUTS: 0
INFO  :    NUM_MEM_TO_DISK_MERGES: 0
INFO  :    NUM_SHUFFLED_INPUTS: 2018
INFO  :    NUM_SKIPPED_INPUTS: 0
INFO  :    REDUCE_INPUT_GROUPS: 5
INFO  :    REDUCE_INPUT_RECORDS: 5045
INFO  :    SHUFFLE_BYTES: 144004
INFO  :    SHUFFLE_BYTES_DECOMPRESSED: 120071
INFO  :    SHUFFLE_BYTES_DISK_DIRECT: 15979
INFO  :    SHUFFLE_BYTES_TO_DISK: 0
INFO  :    SHUFFLE_BYTES_TO_MEM: 128025
INFO  :    SHUFFLE_PHASE_TIME: 1530
INFO  :    SPILLED_RECORDS: 5213
INFO  : TaskCounter_Reducer_3_OUTPUT_Reducer_4:
INFO  :    ADDITIONAL_SPILLS_BYTES_READ: 0
INFO  :    ADDITIONAL_SPILLS_BYTES_WRITTEN: 0
INFO  :    ADDITIONAL_SPILL_COUNT: 0
INFO  :    OUTPUT_BYTES: 97
INFO  :    OUTPUT_BYTES_PHYSICAL: 126
INFO  :    OUTPUT_BYTES_WITH_OVERHEAD: 113
INFO  :    OUTPUT_RECORDS: 5
INFO  :    SHUFFLE_CHUNK_COUNT: 1
INFO  :    SPILLED_RECORDS: 5
INFO  : TaskCounter_Reducer_4_INPUT_Reducer_3:
INFO  :    ADDITIONAL_SPILLS_BYTES_READ: 126
INFO  :    ADDITIONAL_SPILLS_BYTES_WRITTEN: 126
INFO  :    COMBINE_INPUT_RECORDS: 0
INFO  :    FIRST_EVENT_RECEIVED: 1
INFO  :    LAST_EVENT_RECEIVED: 1
INFO  :    MERGED_MAP_OUTPUTS: 1
INFO  :    MERGE_PHASE_TIME: 4
INFO  :    NUM_DISK_TO_DISK_MERGES: 0
INFO  :    NUM_FAILED_SHUFFLE_INPUTS: 0
INFO  :    NUM_MEM_TO_DISK_MERGES: 0
INFO  :    NUM_SHUFFLED_INPUTS: 1
INFO  :    NUM_SKIPPED_INPUTS: 0
INFO  :    REDUCE_INPUT_GROUPS: 5
INFO  :    REDUCE_INPUT_RECORDS: 5
INFO  :    SHUFFLE_BYTES: 126
INFO  :    SHUFFLE_BYTES_DECOMPRESSED: 113
INFO  :    SHUFFLE_BYTES_DISK_DIRECT: 0
INFO  :    SHUFFLE_BYTES_TO_DISK: 0
INFO  :    SHUFFLE_BYTES_TO_MEM: 126
INFO  :    SHUFFLE_PHASE_TIME: 3
INFO  :    SPILLED_RECORDS: 5
INFO  : TaskCounter_Reducer_4_OUTPUT_out_Reducer_4:
INFO  :    OUTPUT_RECORDS: 0
INFO  : org.apache.hadoop.hive.llap.counters.LlapIOCounters:
INFO  :    CACHE_HIT_BYTES: 20126347918
INFO  :    CACHE_MISS_BYTES: 0
INFO  :    CONSUMER_TIME_NS: 630554603874
INFO  :    DECODE_TIME_NS: 267493746426
INFO  :    HDFS_TIME_NS: 31939194
INFO  :    METADATA_CACHE_HIT: 3276
INFO  :    NUM_DECODED_BATCHES: 192558
INFO  :    NUM_VECTOR_BATCHES: 1915107
INFO  :    ROWS_EMITTED: 1915000744
INFO  :    SELECTED_ROWGROUPS: 192558
INFO  :    TOTAL_IO_TIME_NS: 270814998994
INFO  : Completed executing command(queryId=hive_20161005145524_5b65024e-9f82-4a98-a362-3e5fd2f65d86); Time taken: 39.83 seconds
INFO  : OK
5 rows selected (40.227 seconds)
Closing: 0: jdbc:hive2://h01hn02:10500/tpch_flat_orc_250
