0: jdbc:hive2://h01hn02:10500/tpch_flat_orc_2> set tez.runtime.io.sort.mb=700;
0: jdbc:hive2://h01hn02:10500/tpch_flat_orc_2> -- set hive.execution.engine=mr;
0: jdbc:hive2://h01hn02:10500/tpch_flat_orc_2> 
0: jdbc:hive2://h01hn02:10500/tpch_flat_orc_2> select
0: jdbc:hive2://h01hn02:10500/tpch_flat_orc_2> l_orderkey,
0: jdbc:hive2://h01hn02:10500/tpch_flat_orc_2> sum(l_extendedprice * (1 - l_discount)) as revenue,
0: jdbc:hive2://h01hn02:10500/tpch_flat_orc_2> o_orderdate,
0: jdbc:hive2://h01hn02:10500/tpch_flat_orc_2> o_shippriority
0: jdbc:hive2://h01hn02:10500/tpch_flat_orc_2> from
0: jdbc:hive2://h01hn02:10500/tpch_flat_orc_2> customer,
0: jdbc:hive2://h01hn02:10500/tpch_flat_orc_2> orders,
0: jdbc:hive2://h01hn02:10500/tpch_flat_orc_2> lineitem
0: jdbc:hive2://h01hn02:10500/tpch_flat_orc_2> where
0: jdbc:hive2://h01hn02:10500/tpch_flat_orc_2> c_mktsegment = 'BUILDING'
0: jdbc:hive2://h01hn02:10500/tpch_flat_orc_2> and c_custkey = o_custkey
0: jdbc:hive2://h01hn02:10500/tpch_flat_orc_2> and l_orderkey = o_orderkey
0: jdbc:hive2://h01hn02:10500/tpch_flat_orc_2> and o_orderdate < '1995-03-22'
0: jdbc:hive2://h01hn02:10500/tpch_flat_orc_2> and l_shipdate > '1995-03-22'
0: jdbc:hive2://h01hn02:10500/tpch_flat_orc_2> group by
0: jdbc:hive2://h01hn02:10500/tpch_flat_orc_2> l_orderkey,
0: jdbc:hive2://h01hn02:10500/tpch_flat_orc_2> o_orderdate,
0: jdbc:hive2://h01hn02:10500/tpch_flat_orc_2> o_shippriority
0: jdbc:hive2://h01hn02:10500/tpch_flat_orc_2> order by
0: jdbc:hive2://h01hn02:10500/tpch_flat_orc_2> revenue desc,
0: jdbc:hive2://h01hn02:10500/tpch_flat_orc_2> o_orderdate
0: jdbc:hive2://h01hn02:10500/tpch_flat_orc_2> limit 10;

'130792997','467075.2611','1995-03-11','0'
0: jdbc:hive2://h01hn02:10500/tpch_flat_orc_2> 
