Format csv is deprecated, please use csv2
Connecting to jdbc:hive2://h01hn02:10500/tpch_flat_orc_250
Connected to: Apache Hive (version 2.1.0.2.5.1.0-43)
Driver: Hive JDBC (version 1.2.1000.2.5.1.0-43)
Transaction isolation: TRANSACTION_REPEATABLE_READ
Running init script ../sample-queries-tpcds/bry.sql
No rows affected (0.034 seconds)
INFO  : Compiling command(queryId=hive_20161005145511_25d58e14-e47b-4801-a9d6-d5ffec32919b): select
	o_orderpriority,
	count(*) as order_count
from
	orders as o
where
	o_orderdate >= '1996-05-01'
	and o_orderdate < '1996-08-01'
	and exists (
		select
			*
		from
			lineitem
		where
			l_orderkey = o.o_orderkey
			and l_commitdate < l_receiptdate
	)
group by
	o_orderpriority
order by
	o_orderpriority
INFO  : Semantic Analysis Completed
INFO  : Returning Hive schema: Schema(fieldSchemas:[FieldSchema(name:o_orderpriority, type:string, comment:null), FieldSchema(name:order_count, type:bigint, comment:null)], properties:null)
INFO  : Completed compiling command(queryId=hive_20161005145511_25d58e14-e47b-4801-a9d6-d5ffec32919b); Time taken: 0.184 seconds
INFO  : Concurrency mode is disabled, not creating a lock manager
INFO  : Executing command(queryId=hive_20161005145511_25d58e14-e47b-4801-a9d6-d5ffec32919b): select
	o_orderpriority,
	count(*) as order_count
from
	orders as o
where
	o_orderdate >= '1996-05-01'
	and o_orderdate < '1996-08-01'
	and exists (
		select
			*
		from
			lineitem
		where
			l_orderkey = o.o_orderkey
			and l_commitdate < l_receiptdate
	)
group by
	o_orderpriority
order by
	o_orderpriority
INFO  : Query ID = hive_20161005145511_25d58e14-e47b-4801-a9d6-d5ffec32919b
INFO  : Total jobs = 1
INFO  : Launching Job 1 out of 1
INFO  : Starting task [Stage-1:MAPRED] in serial mode
INFO  : Session is already open
INFO  : Dag name: select
	o_orderpriorit...by
	o_orderpriority(Stage-1)
INFO  : Setting tez.task.scale.memory.reserve-fraction to 0.30000001192092896
INFO  : 

INFO  : Status: Running (Executing on YARN cluster with App id application_1475694383065_0008)

INFO  : Map 1: 0(+66)/66	Map 5: 0(+67)/67	Reducer 2: 0/296	Reducer 3: 0/2	Reducer 4: 0/1	
INFO  : Map 1: 1(+65)/66	Map 5: 0(+67)/67	Reducer 2: 0/296	Reducer 3: 0/2	Reducer 4: 0/1	
INFO  : Map 1: 3(+63)/66	Map 5: 0(+67)/67	Reducer 2: 0/296	Reducer 3: 0/2	Reducer 4: 0/1	
INFO  : Map 1: 19(+47)/66	Map 5: 0(+67)/67	Reducer 2: 0/296	Reducer 3: 0/2	Reducer 4: 0/1	
INFO  : Map 1: 25(+41)/66	Map 5: 0(+67)/67	Reducer 2: 0/296	Reducer 3: 0/2	Reducer 4: 0/1	
INFO  : Map 1: 39(+27)/66	Map 5: 0(+67)/67	Reducer 2: 0/296	Reducer 3: 0/2	Reducer 4: 0/1	
INFO  : Map 1: 50(+16)/66	Map 5: 0(+67)/67	Reducer 2: 0/296	Reducer 3: 0/2	Reducer 4: 0/1	
INFO  : Map 1: 66/66	Map 5: 1(+66)/67	Reducer 2: 0/296	Reducer 3: 0/2	Reducer 4: 0/1	
INFO  : Map 1: 66/66	Map 5: 2(+65)/67	Reducer 2: 0/296	Reducer 3: 0/2	Reducer 4: 0/1	
INFO  : Map 1: 66/66	Map 5: 3(+64)/67	Reducer 2: 0/296	Reducer 3: 0/2	Reducer 4: 0/1	
INFO  : Map 1: 66/66	Map 5: 4(+63)/67	Reducer 2: 0/296	Reducer 3: 0/2	Reducer 4: 0/1	
INFO  : Map 1: 66/66	Map 5: 5(+62)/67	Reducer 2: 0/296	Reducer 3: 0/2	Reducer 4: 0/1	
INFO  : Map 1: 66/66	Map 5: 6(+61)/67	Reducer 2: 0/296	Reducer 3: 0/2	Reducer 4: 0/1	
INFO  : Map 1: 66/66	Map 5: 7(+60)/67	Reducer 2: 0/296	Reducer 3: 0/2	Reducer 4: 0/1	
INFO  : Map 1: 66/66	Map 5: 10(+57)/67	Reducer 2: 0/296	Reducer 3: 0/2	Reducer 4: 0/1	
INFO  : Map 1: 66/66	Map 5: 16(+51)/67	Reducer 2: 0(+36)/296	Reducer 3: 0/2	Reducer 4: 0/1	
INFO  : Map 1: 66/66	Map 5: 20(+47)/67	Reducer 2: 0(+146)/296	Reducer 3: 0/2	Reducer 4: 0/1	
INFO  : Map 1: 66/66	Map 5: 24(+43)/67	Reducer 2: 0(+235)/296	Reducer 3: 0/2	Reducer 4: 0/1	
INFO  : Map 1: 66/66	Map 5: 29(+38)/67	Reducer 2: 0(+296)/296	Reducer 3: 0/2	Reducer 4: 0/1	
INFO  : Map 1: 66/66	Map 5: 30(+37)/67	Reducer 2: 0(+296)/296	Reducer 3: 0/2	Reducer 4: 0/1	
INFO  : Map 1: 66/66	Map 5: 33(+34)/67	Reducer 2: 0(+296)/296	Reducer 3: 0/2	Reducer 4: 0/1	
INFO  : Map 1: 66/66	Map 5: 38(+29)/67	Reducer 2: 0(+296)/296	Reducer 3: 0/2	Reducer 4: 0/1	
INFO  : Map 1: 66/66	Map 5: 44(+23)/67	Reducer 2: 0(+296)/296	Reducer 3: 0/2	Reducer 4: 0/1	
INFO  : Map 1: 66/66	Map 5: 46(+21)/67	Reducer 2: 0(+296)/296	Reducer 3: 0/2	Reducer 4: 0/1	
INFO  : Map 1: 66/66	Map 5: 47(+20)/67	Reducer 2: 0(+296)/296	Reducer 3: 0/2	Reducer 4: 0/1	
INFO  : Map 1: 66/66	Map 5: 53(+14)/67	Reducer 2: 0(+296)/296	Reducer 3: 0/2	Reducer 4: 0/1	
INFO  : Map 1: 66/66	Map 5: 56(+11)/67	Reducer 2: 0(+296)/296	Reducer 3: 0/2	Reducer 4: 0/1	
INFO  : Map 1: 66/66	Map 5: 57(+10)/67	Reducer 2: 0(+296)/296	Reducer 3: 0/2	Reducer 4: 0/1	
INFO  : Map 1: 66/66	Map 5: 61(+6)/67	Reducer 2: 0(+296)/296	Reducer 3: 0/2	Reducer 4: 0/1	
INFO  : Map 1: 66/66	Map 5: 65(+2)/67	Reducer 2: 0(+296)/296	Reducer 3: 0/2	Reducer 4: 0/1	
INFO  : Map 1: 66/66	Map 5: 66(+1)/67	Reducer 2: 0(+296)/296	Reducer 3: 0/2	Reducer 4: 0/1	
INFO  : Map 1: 66/66	Map 5: 67/67	Reducer 2: 101(+195)/296	Reducer 3: 0/2	Reducer 4: 0/1	
INFO  : Map 1: 66/66	Map 5: 67/67	Reducer 2: 247(+49)/296	Reducer 3: 0(+1)/1	Reducer 4: 0/1	
INFO  : Map 1: 66/66	Map 5: 67/67	Reducer 2: 256(+40)/296	Reducer 3: 0(+1)/1	Reducer 4: 0/1	
INFO  : Map 1: 66/66	Map 5: 67/67	Reducer 2: 296/296	Reducer 3: 1/1	Reducer 4: 0(+1)/1	
INFO  : Map 1: 66/66	Map 5: 67/67	Reducer 2: 296/296	Reducer 3: 1/1	Reducer 4: 1/1	
INFO  : Status: DAG finished successfully in 10.70 seconds
INFO  : 
INFO  : Query Execution Summary
INFO  : ----------------------------------------------------------------------------------------------
INFO  : ----------------------------------------------------------------------------------------------
INFO  : Compile Query                           0.18s
INFO  : Prepare Plan                            0.17s
INFO  : Submit Plan                             0.11s
INFO  : Start DAG                               0.21s
INFO  : Run DAG                                10.70s
INFO  : ----------------------------------------------------------------------------------------------
INFO  : 
INFO  : Task Execution Summary
INFO  : --------------------------------------------------------------------------------------------------------------------------------
INFO  : --------------------------------------------------------------------------------------------------------------------------------
INFO  :      Map 1           66                0             0        1809.00             0            0    375,000,000      14,336,712
INFO  :      Map 5           67                0             0        9956.00             0            0  1,500,000,714     343,879,148
INFO  :  Reducer 2          296                0             0        4529.00             0            0    358,215,860           1,480
INFO  :  Reducer 3            1                0             0         408.00             0            0          1,480               5
INFO  :  Reducer 4            1                0             0         134.00             0            0              5               0
INFO  : --------------------------------------------------------------------------------------------------------------------------------
INFO  : 
INFO  : LLAP IO Summary
INFO  : ----------------------------------------------------------------------------------------------
INFO  : ----------------------------------------------------------------------------------------------
INFO  :      Map 1     37683       750          0  988.51MB         0B          0B       0B    51.33s
INFO  :      Map 5    150873      2000          0    7.77GB         0B          0B       0B   158.99s
INFO  : ----------------------------------------------------------------------------------------------
INFO  : 
INFO  : FileSystem Counters Summary
INFO  : 
INFO  : ----------------------------------------------------------------------------------------------
INFO  : ----------------------------------------------------------------------------------------------
INFO  :      Map 1              0B             0                  0           122.44MB             0
INFO  :      Map 5              0B             0                  0             1.69GB             0
INFO  :  Reducer 2        562.63MB             0                  0            53.21KB             0
INFO  :  Reducer 3             64B             0                  0               138B             0
INFO  :  Reducer 4              0B             0                  0                 0B             0
INFO  : ----------------------------------------------------------------------------------------------
INFO  : 
INFO  : ----------------------------------------------------------------------------------------------
INFO  : ----------------------------------------------------------------------------------------------
INFO  :      Map 1              0B             0                  0                 0B             0
INFO  :      Map 5              0B             0                  0                 0B             0
INFO  :  Reducer 2              0B             0                  0                 0B             0
INFO  :  Reducer 3              0B             0                  0                 0B             0
INFO  :  Reducer 4              0B             2                  0               234B             2
INFO  : ----------------------------------------------------------------------------------------------
INFO  : 
INFO  : org.apache.tez.common.counters.DAGCounter:
INFO  :    NUM_SUCCEEDED_TASKS: 431
INFO  :    TOTAL_LAUNCHED_TASKS: 431
INFO  :    DATA_LOCAL_TASKS: 133
INFO  :    AM_CPU_MILLISECONDS: 2410
INFO  :    AM_GC_TIME_MILLIS: 14
INFO  : File System Counters:
INFO  :    FILE_BYTES_READ: 562631263
INFO  :    FILE_BYTES_WRITTEN: 1811904445
INFO  :    FILE_READ_OPS: 0
INFO  :    FILE_LARGE_READ_OPS: 0
INFO  :    FILE_WRITE_OPS: 0
INFO  :    HDFS_BYTES_READ: 0
INFO  :    HDFS_BYTES_WRITTEN: 234
INFO  :    HDFS_READ_OPS: 2
INFO  :    HDFS_LARGE_READ_OPS: 0
INFO  :    HDFS_WRITE_OPS: 2
INFO  : org.apache.tez.common.counters.TaskCounter:
INFO  :    REDUCE_INPUT_GROUPS: 10
INFO  :    REDUCE_INPUT_RECORDS: 1485
INFO  :    COMBINE_INPUT_RECORDS: 0
INFO  :    SPILLED_RECORDS: 2970
INFO  :    NUM_SHUFFLED_INPUTS: 39961
INFO  :    NUM_SKIPPED_INPUTS: 0
INFO  :    NUM_FAILED_SHUFFLE_INPUTS: 0
INFO  :    MERGED_MAP_OUTPUTS: 593
INFO  :    INPUT_RECORDS_PROCESSED: 360090965
INFO  :    INPUT_SPLIT_LENGTH_BYTES: 73097164628
INFO  :    OUTPUT_RECORDS: 358217345
INFO  :    OUTPUT_LARGE_RECORDS: 0
INFO  :    OUTPUT_BYTES: 1954537273
INFO  :    OUTPUT_BYTES_WITH_OVERHEAD: 7301979723
INFO  :    OUTPUT_BYTES_PHYSICAL: 1811886773
INFO  :    ADDITIONAL_SPILLS_BYTES_WRITTEN: 3796
INFO  :    ADDITIONAL_SPILLS_BYTES_READ: 7759
INFO  :    ADDITIONAL_SPILL_COUNT: 0
INFO  :    SHUFFLE_CHUNK_COUNT: 297
INFO  :    SHUFFLE_BYTES: 1810941941
INFO  :    SHUFFLE_BYTES_DECOMPRESSED: 2671211729
INFO  :    SHUFFLE_BYTES_TO_MEM: 1608786052
INFO  :    SHUFFLE_BYTES_TO_DISK: 0
INFO  :    SHUFFLE_BYTES_DISK_DIRECT: 202155889
INFO  :    NUM_MEM_TO_DISK_MERGES: 0
INFO  :    NUM_DISK_TO_DISK_MERGES: 0
INFO  :    SHUFFLE_PHASE_TIME: 1690535
INFO  :    MERGE_PHASE_TIME: 421
INFO  :    FIRST_EVENT_RECEIVED: 8301
INFO  :    LAST_EVENT_RECEIVED: 1027004
INFO  : HIVE:
INFO  :    CREATED_FILES: 1
INFO  :    DESERIALIZE_ERRORS: 0
INFO  :    RECORDS_IN_Map_1: 375000000
INFO  :    RECORDS_IN_Map_5: 1500000714
INFO  :    RECORDS_OUT_0: 5
INFO  :    RECORDS_OUT_INTERMEDIATE_Map_1: 14336712
INFO  :    RECORDS_OUT_INTERMEDIATE_Map_5: 343879148
INFO  :    RECORDS_OUT_INTERMEDIATE_Reducer_2: 1480
INFO  :    RECORDS_OUT_INTERMEDIATE_Reducer_3: 5
INFO  : Shuffle Errors:
INFO  :    BAD_ID: 0
INFO  :    CONNECTION: 0
INFO  :    IO_ERROR: 0
INFO  :    WRONG_LENGTH: 0
INFO  :    WRONG_MAP: 0
INFO  :    WRONG_REDUCE: 0
INFO  : Shuffle Errors_Reducer_3_INPUT_Reducer_2:
INFO  :    BAD_ID: 0
INFO  :    CONNECTION: 0
INFO  :    IO_ERROR: 0
INFO  :    WRONG_LENGTH: 0
INFO  :    WRONG_MAP: 0
INFO  :    WRONG_REDUCE: 0
INFO  : Shuffle Errors_Reducer_4_INPUT_Reducer_3:
INFO  :    BAD_ID: 0
INFO  :    CONNECTION: 0
INFO  :    IO_ERROR: 0
INFO  :    WRONG_LENGTH: 0
INFO  :    WRONG_MAP: 0
INFO  :    WRONG_REDUCE: 0
INFO  : TaskCounter_Map_1_INPUT_o:
INFO  :    INPUT_RECORDS_PROCESSED: 375000
INFO  :    INPUT_SPLIT_LENGTH_BYTES: 14194909485
INFO  : TaskCounter_Map_1_OUTPUT_Reducer_2:
INFO  :    ADDITIONAL_SPILLS_BYTES_READ: 0
INFO  :    ADDITIONAL_SPILLS_BYTES_WRITTEN: 0
INFO  :    ADDITIONAL_SPILL_COUNT: 0
INFO  :    OUTPUT_BYTES: 235118659
INFO  :    OUTPUT_BYTES_PHYSICAL: 122443562
INFO  :    OUTPUT_BYTES_WITH_OVERHEAD: 424367562
INFO  :    OUTPUT_LARGE_RECORDS: 0
INFO  :    OUTPUT_RECORDS: 14336712
INFO  :    SPILLED_RECORDS: 0
INFO  : TaskCounter_Map_5_INPUT_lineitem:
INFO  :    INPUT_RECORDS_PROCESSED: 1500105
INFO  :    INPUT_SPLIT_LENGTH_BYTES: 58902255143
INFO  : TaskCounter_Map_5_OUTPUT_Reducer_2:
INFO  :    ADDITIONAL_SPILLS_BYTES_READ: 0
INFO  :    ADDITIONAL_SPILLS_BYTES_WRITTEN: 0
INFO  :    ADDITIONAL_SPILL_COUNT: 0
INFO  :    OUTPUT_BYTES: 1719395740
INFO  :    OUTPUT_BYTES_PHYSICAL: 1689406471
INFO  :    OUTPUT_BYTES_WITH_OVERHEAD: 6877582759
INFO  :    OUTPUT_LARGE_RECORDS: 0
INFO  :    OUTPUT_RECORDS: 343879148
INFO  :    SPILLED_RECORDS: 0
INFO  : TaskCounter_Reducer_2_INPUT_Map_1:
INFO  :    FIRST_EVENT_RECEIVED: 5883
INFO  :    INPUT_RECORDS_PROCESSED: 14336712
INFO  :    LAST_EVENT_RECEIVED: 16539
INFO  :    NUM_FAILED_SHUFFLE_INPUTS: 0
INFO  :    NUM_SHUFFLED_INPUTS: 19536
INFO  :    SHUFFLE_BYTES: 121974698
INFO  :    SHUFFLE_BYTES_DECOMPRESSED: 263909299
INFO  :    SHUFFLE_BYTES_DISK_DIRECT: 13492256
INFO  :    SHUFFLE_BYTES_TO_DISK: 0
INFO  :    SHUFFLE_BYTES_TO_MEM: 108482442
INFO  :    SHUFFLE_PHASE_TIME: 668987
INFO  : TaskCounter_Reducer_2_INPUT_Map_5:
INFO  :    FIRST_EVENT_RECEIVED: 2416
INFO  :    INPUT_RECORDS_PROCESSED: 343879148
INFO  :    LAST_EVENT_RECEIVED: 1010062
INFO  :    NUM_FAILED_SHUFFLE_INPUTS: 0
INFO  :    NUM_SHUFFLED_INPUTS: 19832
INFO  :    SHUFFLE_BYTES: 1688930503
INFO  :    SHUFFLE_BYTES_DECOMPRESSED: 2407273028
INFO  :    SHUFFLE_BYTES_DISK_DIRECT: 188659670
INFO  :    SHUFFLE_BYTES_TO_DISK: 0
INFO  :    SHUFFLE_BYTES_TO_MEM: 1500270833
INFO  :    SHUFFLE_PHASE_TIME: 1021139
INFO  : TaskCounter_Reducer_2_OUTPUT_Reducer_3:
INFO  :    ADDITIONAL_SPILLS_BYTES_READ: 0
INFO  :    ADDITIONAL_SPILLS_BYTES_WRITTEN: 0
INFO  :    ADDITIONAL_SPILL_COUNT: 0
INFO  :    OUTPUT_BYTES: 22792
INFO  :    OUTPUT_BYTES_PHYSICAL: 36634
INFO  :    OUTPUT_BYTES_WITH_OVERHEAD: 29304
INFO  :    OUTPUT_RECORDS: 1480
INFO  :    SHUFFLE_CHUNK_COUNT: 296
INFO  :    SPILLED_RECORDS: 1480
INFO  : TaskCounter_Reducer_3_INPUT_Reducer_2:
INFO  :    ADDITIONAL_SPILLS_BYTES_READ: 7653
INFO  :    ADDITIONAL_SPILLS_BYTES_WRITTEN: 3690
INFO  :    COMBINE_INPUT_RECORDS: 0
INFO  :    FIRST_EVENT_RECEIVED: 1
INFO  :    LAST_EVENT_RECEIVED: 402
INFO  :    MERGED_MAP_OUTPUTS: 592
INFO  :    MERGE_PHASE_TIME: 418
INFO  :    NUM_DISK_TO_DISK_MERGES: 0
INFO  :    NUM_FAILED_SHUFFLE_INPUTS: 0
INFO  :    NUM_MEM_TO_DISK_MERGES: 0
INFO  :    NUM_SHUFFLED_INPUTS: 592
INFO  :    NUM_SKIPPED_INPUTS: 0
INFO  :    REDUCE_INPUT_GROUPS: 5
INFO  :    REDUCE_INPUT_RECORDS: 1480
INFO  :    SHUFFLE_BYTES: 36634
INFO  :    SHUFFLE_BYTES_DECOMPRESSED: 29304
INFO  :    SHUFFLE_BYTES_DISK_DIRECT: 3963
INFO  :    SHUFFLE_BYTES_TO_DISK: 0
INFO  :    SHUFFLE_BYTES_TO_MEM: 32671
INFO  :    SHUFFLE_PHASE_TIME: 407
INFO  :    SPILLED_RECORDS: 1480
INFO  : TaskCounter_Reducer_3_OUTPUT_Reducer_4:
INFO  :    ADDITIONAL_SPILLS_BYTES_READ: 0
INFO  :    ADDITIONAL_SPILLS_BYTES_WRITTEN: 0
INFO  :    ADDITIONAL_SPILL_COUNT: 0
INFO  :    OUTPUT_BYTES: 82
INFO  :    OUTPUT_BYTES_PHYSICAL: 106
INFO  :    OUTPUT_BYTES_WITH_OVERHEAD: 98
INFO  :    OUTPUT_RECORDS: 5
INFO  :    SHUFFLE_CHUNK_COUNT: 1
INFO  :    SPILLED_RECORDS: 5
INFO  : TaskCounter_Reducer_4_INPUT_Reducer_3:
INFO  :    ADDITIONAL_SPILLS_BYTES_READ: 106
INFO  :    ADDITIONAL_SPILLS_BYTES_WRITTEN: 106
INFO  :    COMBINE_INPUT_RECORDS: 0
INFO  :    FIRST_EVENT_RECEIVED: 1
INFO  :    LAST_EVENT_RECEIVED: 1
INFO  :    MERGED_MAP_OUTPUTS: 1
INFO  :    MERGE_PHASE_TIME: 3
INFO  :    NUM_DISK_TO_DISK_MERGES: 0
INFO  :    NUM_FAILED_SHUFFLE_INPUTS: 0
INFO  :    NUM_MEM_TO_DISK_MERGES: 0
INFO  :    NUM_SHUFFLED_INPUTS: 1
INFO  :    NUM_SKIPPED_INPUTS: 0
INFO  :    REDUCE_INPUT_GROUPS: 5
INFO  :    REDUCE_INPUT_RECORDS: 5
INFO  :    SHUFFLE_BYTES: 106
INFO  :    SHUFFLE_BYTES_DECOMPRESSED: 98
INFO  :    SHUFFLE_BYTES_DISK_DIRECT: 0
INFO  :    SHUFFLE_BYTES_TO_DISK: 0
INFO  :    SHUFFLE_BYTES_TO_MEM: 106
INFO  :    SHUFFLE_PHASE_TIME: 2
INFO  :    SPILLED_RECORDS: 5
INFO  : TaskCounter_Reducer_4_OUTPUT_out_Reducer_4:
INFO  :    OUTPUT_RECORDS: 0
INFO  : org.apache.hadoop.hive.llap.counters.LlapIOCounters:
INFO  :    CACHE_HIT_BYTES: 8757432408
INFO  :    CACHE_MISS_BYTES: 0
INFO  :    CONSUMER_TIME_NS: 400197545920
INFO  :    DECODE_TIME_NS: 207445754989
INFO  :    HDFS_TIME_NS: 7029465
INFO  :    METADATA_CACHE_HIT: 2750
INFO  :    NUM_DECODED_BATCHES: 188556
INFO  :    NUM_VECTOR_BATCHES: 1875105
INFO  :    ROWS_EMITTED: 1875000714
INFO  :    SELECTED_ROWGROUPS: 188556
INFO  :    TOTAL_IO_TIME_NS: 210324508361
INFO  : Completed executing command(queryId=hive_20161005145511_25d58e14-e47b-4801-a9d6-d5ffec32919b); Time taken: 11.26 seconds
INFO  : OK
5 rows selected (11.481 seconds)
Closing: 0: jdbc:hive2://h01hn02:10500/tpch_flat_orc_250
