Format csv is deprecated, please use csv2
Connecting to jdbc:hive2://h01hn02:10500/tpch_flat_orc_250
Connected to: Apache Hive (version 2.1.0.2.5.1.0-43)
Driver: Hive JDBC (version 1.2.1000.2.5.1.0-43)
Transaction isolation: TRANSACTION_REPEATABLE_READ
Running init script ../sample-queries-tpcds/bry.sql
No rows affected (0.034 seconds)
INFO  : Compiling command(queryId=hive_20161005145352_b819a909-06c3-4682-a930-a6c232640129): drop view q22_customer_tmp_cached
INFO  : Semantic Analysis Completed
INFO  : Returning Hive schema: Schema(fieldSchemas:null, properties:null)
INFO  : Completed compiling command(queryId=hive_20161005145352_b819a909-06c3-4682-a930-a6c232640129); Time taken: 0.006 seconds
INFO  : Concurrency mode is disabled, not creating a lock manager
INFO  : Executing command(queryId=hive_20161005145352_b819a909-06c3-4682-a930-a6c232640129): drop view q22_customer_tmp_cached
INFO  : Starting task [Stage-0:DDL] in serial mode
INFO  : Completed executing command(queryId=hive_20161005145352_b819a909-06c3-4682-a930-a6c232640129); Time taken: 0.076 seconds
INFO  : OK
No rows affected (0.086 seconds)
INFO  : Compiling command(queryId=hive_20161005145352_fa7e84ce-02ff-41a3-9ebc-f166f753ae00): drop view q22_customer_tmp1_cached
INFO  : Semantic Analysis Completed
INFO  : Returning Hive schema: Schema(fieldSchemas:null, properties:null)
INFO  : Completed compiling command(queryId=hive_20161005145352_fa7e84ce-02ff-41a3-9ebc-f166f753ae00); Time taken: 0.005 seconds
INFO  : Concurrency mode is disabled, not creating a lock manager
INFO  : Executing command(queryId=hive_20161005145352_fa7e84ce-02ff-41a3-9ebc-f166f753ae00): drop view q22_customer_tmp1_cached
INFO  : Starting task [Stage-0:DDL] in serial mode
INFO  : Completed executing command(queryId=hive_20161005145352_fa7e84ce-02ff-41a3-9ebc-f166f753ae00); Time taken: 0.103 seconds
INFO  : OK
No rows affected (0.111 seconds)
INFO  : Compiling command(queryId=hive_20161005145352_80a7e239-ba9a-4672-80b0-ad6458778a1b): drop view q22_orders_tmp_cached
INFO  : Semantic Analysis Completed
INFO  : Returning Hive schema: Schema(fieldSchemas:null, properties:null)
INFO  : Completed compiling command(queryId=hive_20161005145352_80a7e239-ba9a-4672-80b0-ad6458778a1b); Time taken: 0.005 seconds
INFO  : Concurrency mode is disabled, not creating a lock manager
INFO  : Executing command(queryId=hive_20161005145352_80a7e239-ba9a-4672-80b0-ad6458778a1b): drop view q22_orders_tmp_cached
INFO  : Starting task [Stage-0:DDL] in serial mode
INFO  : Completed executing command(queryId=hive_20161005145352_80a7e239-ba9a-4672-80b0-ad6458778a1b); Time taken: 0.26 seconds
INFO  : OK
No rows affected (0.269 seconds)
INFO  : Compiling command(queryId=hive_20161005145352_4c4c6392-0caa-4ffa-a5c4-2f349f3c5b8a): create view if not exists q22_customer_tmp_cached as
select
	c_acctbal,
	c_custkey,
	substr(c_phone, 1, 2) as cntrycode
from
	customer
where
	substr(c_phone, 1, 2) = '13' or
	substr(c_phone, 1, 2) = '31' or
	substr(c_phone, 1, 2) = '23' or
	substr(c_phone, 1, 2) = '29' or
	substr(c_phone, 1, 2) = '30' or
	substr(c_phone, 1, 2) = '18' or
	substr(c_phone, 1, 2) = '17'
INFO  : Semantic Analysis Completed
INFO  : Returning Hive schema: Schema(fieldSchemas:[FieldSchema(name:c_acctbal, type:double, comment:null), FieldSchema(name:c_custkey, type:int, comment:null), FieldSchema(name:cntrycode, type:string, comment:null)], properties:null)
INFO  : Completed compiling command(queryId=hive_20161005145352_4c4c6392-0caa-4ffa-a5c4-2f349f3c5b8a); Time taken: 0.057 seconds
INFO  : Concurrency mode is disabled, not creating a lock manager
INFO  : Executing command(queryId=hive_20161005145352_4c4c6392-0caa-4ffa-a5c4-2f349f3c5b8a): create view if not exists q22_customer_tmp_cached as
select
	c_acctbal,
	c_custkey,
	substr(c_phone, 1, 2) as cntrycode
from
	customer
where
	substr(c_phone, 1, 2) = '13' or
	substr(c_phone, 1, 2) = '31' or
	substr(c_phone, 1, 2) = '23' or
	substr(c_phone, 1, 2) = '29' or
	substr(c_phone, 1, 2) = '30' or
	substr(c_phone, 1, 2) = '18' or
	substr(c_phone, 1, 2) = '17'
INFO  : Starting task [Stage-0:DDL] in serial mode
INFO  : Completed executing command(queryId=hive_20161005145352_4c4c6392-0caa-4ffa-a5c4-2f349f3c5b8a); Time taken: 0.109 seconds
INFO  : OK
No rows affected (0.17 seconds)
INFO  : Compiling command(queryId=hive_20161005145353_89ee9877-57f2-4c7a-8cb1-7c1e0a79073c): create view if not exists q22_customer_tmp1_cached as
select
	avg(c_acctbal) as avg_acctbal
from
	q22_customer_tmp_cached
where
	c_acctbal > 0.00
INFO  : Semantic Analysis Completed
INFO  : Returning Hive schema: Schema(fieldSchemas:[FieldSchema(name:avg_acctbal, type:double, comment:null)], properties:null)
INFO  : Completed compiling command(queryId=hive_20161005145353_89ee9877-57f2-4c7a-8cb1-7c1e0a79073c); Time taken: 0.029 seconds
INFO  : Concurrency mode is disabled, not creating a lock manager
INFO  : Executing command(queryId=hive_20161005145353_89ee9877-57f2-4c7a-8cb1-7c1e0a79073c): create view if not exists q22_customer_tmp1_cached as
select
	avg(c_acctbal) as avg_acctbal
from
	q22_customer_tmp_cached
where
	c_acctbal > 0.00
INFO  : Starting task [Stage-0:DDL] in serial mode
INFO  : Completed executing command(queryId=hive_20161005145353_89ee9877-57f2-4c7a-8cb1-7c1e0a79073c); Time taken: 1.008 seconds
INFO  : OK
No rows affected (1.044 seconds)
INFO  : Compiling command(queryId=hive_20161005145354_c3edfa2c-aee2-454d-bda8-a4a82fc2d7cb): create view if not exists q22_orders_tmp_cached as
select
	o_custkey
from
	orders
group by
	o_custkey
INFO  : Semantic Analysis Completed
INFO  : Returning Hive schema: Schema(fieldSchemas:[FieldSchema(name:o_custkey, type:int, comment:null)], properties:null)
INFO  : Completed compiling command(queryId=hive_20161005145354_c3edfa2c-aee2-454d-bda8-a4a82fc2d7cb); Time taken: 0.029 seconds
INFO  : Concurrency mode is disabled, not creating a lock manager
INFO  : Executing command(queryId=hive_20161005145354_c3edfa2c-aee2-454d-bda8-a4a82fc2d7cb): create view if not exists q22_orders_tmp_cached as
select
	o_custkey
from
	orders
group by
	o_custkey
INFO  : Starting task [Stage-0:DDL] in serial mode
INFO  : Completed executing command(queryId=hive_20161005145354_c3edfa2c-aee2-454d-bda8-a4a82fc2d7cb); Time taken: 0.258 seconds
INFO  : OK
No rows affected (0.291 seconds)
INFO  : Compiling command(queryId=hive_20161005145354_7dd4e8f1-004d-4b7d-bf9f-6f1b6782b339): select
	cntrycode,
	count(1) as numcust,
	sum(c_acctbal) as totacctbal
from (
	select
		cntrycode,
		c_acctbal,
		avg_acctbal
	from
		q22_customer_tmp1_cached ct1 join (
			select
				cntrycode,
				c_acctbal
			from
				q22_orders_tmp_cached ot
				right outer join q22_customer_tmp_cached ct
				on ct.c_custkey = ot.o_custkey
			where
				o_custkey is null
		) ct2
) a
where
	c_acctbal > avg_acctbal
group by
	cntrycode
order by
	cntrycode
INFO  : Semantic Analysis Completed
INFO  : Returning Hive schema: Schema(fieldSchemas:[FieldSchema(name:cntrycode, type:string, comment:null), FieldSchema(name:numcust, type:bigint, comment:null), FieldSchema(name:totacctbal, type:double, comment:null)], properties:null)
INFO  : Completed compiling command(queryId=hive_20161005145354_7dd4e8f1-004d-4b7d-bf9f-6f1b6782b339); Time taken: 0.237 seconds
INFO  : Concurrency mode is disabled, not creating a lock manager
INFO  : Executing command(queryId=hive_20161005145354_7dd4e8f1-004d-4b7d-bf9f-6f1b6782b339): select
	cntrycode,
	count(1) as numcust,
	sum(c_acctbal) as totacctbal
from (
	select
		cntrycode,
		c_acctbal,
		avg_acctbal
	from
		q22_customer_tmp1_cached ct1 join (
			select
				cntrycode,
				c_acctbal
			from
				q22_orders_tmp_cached ot
				right outer join q22_customer_tmp_cached ct
				on ct.c_custkey = ot.o_custkey
			where
				o_custkey is null
		) ct2
) a
where
	c_acctbal > avg_acctbal
group by
	cntrycode
order by
	cntrycode
INFO  : Query ID = hive_20161005145354_7dd4e8f1-004d-4b7d-bf9f-6f1b6782b339
INFO  : Total jobs = 1
INFO  : Launching Job 1 out of 1
INFO  : Starting task [Stage-1:MAPRED] in serial mode
INFO  : Session is already open
INFO  : Dag name: select
	cntrycode,
	count(1)...by
	cntrycode(Stage-1)
INFO  : Setting tez.task.scale.memory.reserve-fraction to 0.30000001192092896
INFO  : 

INFO  : Status: Running (Executing on YARN cluster with App id application_1475694383065_0010)

INFO  : Map 1: 1(+65)/66	Map 3: 0(+66)/66	Map 5: 0/66	Reducer 2: 0/1	Reducer 4: 0/20	Reducer 6: 0/2	Reducer 7: 0/1	
INFO  : Map 1: 37(+29)/66	Map 3: 0(+66)/66	Map 5: 0/66	Reducer 2: 0(+1)/1	Reducer 4: 0/20	Reducer 6: 0/2	Reducer 7: 0/1	
INFO  : Map 1: 66/66	Map 3: 0(+66)/66	Map 5: 0/66	Reducer 2: 0(+1)/1	Reducer 4: 0/20	Reducer 6: 0/2	Reducer 7: 0/1	
INFO  : Map 1: 66/66	Map 3: 0(+66)/66	Map 5: 0/66	Reducer 2: 1/1	Reducer 4: 0/20	Reducer 6: 0/2	Reducer 7: 0/1	
INFO  : Map 1: 66/66	Map 3: 1(+65)/66	Map 5: 0/66	Reducer 2: 1/1	Reducer 4: 0/20	Reducer 6: 0/2	Reducer 7: 0/1	
INFO  : Map 1: 66/66	Map 3: 2(+64)/66	Map 5: 0/66	Reducer 2: 1/1	Reducer 4: 0/20	Reducer 6: 0/2	Reducer 7: 0/1	
INFO  : Map 1: 66/66	Map 3: 4(+62)/66	Map 5: 0/66	Reducer 2: 1/1	Reducer 4: 0/20	Reducer 6: 0/2	Reducer 7: 0/1	
INFO  : Map 1: 66/66	Map 3: 5(+61)/66	Map 5: 0/66	Reducer 2: 1/1	Reducer 4: 0/20	Reducer 6: 0/2	Reducer 7: 0/1	
INFO  : Map 1: 66/66	Map 3: 6(+60)/66	Map 5: 0/66	Reducer 2: 1/1	Reducer 4: 0/20	Reducer 6: 0/2	Reducer 7: 0/1	
INFO  : Map 1: 66/66	Map 3: 7(+59)/66	Map 5: 0/66	Reducer 2: 1/1	Reducer 4: 0/20	Reducer 6: 0/2	Reducer 7: 0/1	
INFO  : Map 1: 66/66	Map 3: 8(+58)/66	Map 5: 0/66	Reducer 2: 1/1	Reducer 4: 0/20	Reducer 6: 0/2	Reducer 7: 0/1	
INFO  : Map 1: 66/66	Map 3: 9(+57)/66	Map 5: 0/66	Reducer 2: 1/1	Reducer 4: 0/20	Reducer 6: 0/2	Reducer 7: 0/1	
INFO  : Map 1: 66/66	Map 3: 11(+55)/66	Map 5: 0/66	Reducer 2: 1/1	Reducer 4: 0/20	Reducer 6: 0/2	Reducer 7: 0/1	
INFO  : Map 1: 66/66	Map 3: 16(+50)/66	Map 5: 0/66	Reducer 2: 1/1	Reducer 4: 0/20	Reducer 6: 0/2	Reducer 7: 0/1	
INFO  : Map 1: 66/66	Map 3: 27(+39)/66	Map 5: 0(+66)/66	Reducer 2: 1/1	Reducer 4: 0(+7)/20	Reducer 6: 0/2	Reducer 7: 0/1	
INFO  : Map 1: 66/66	Map 3: 44(+22)/66	Map 5: 0(+66)/66	Reducer 2: 1/1	Reducer 4: 0(+17)/20	Reducer 6: 0/2	Reducer 7: 0/1	
INFO  : Map 1: 66/66	Map 3: 55(+11)/66	Map 5: 0(+66)/66	Reducer 2: 1/1	Reducer 4: 0(+20)/20	Reducer 6: 0/2	Reducer 7: 0/1	
INFO  : Map 1: 66/66	Map 3: 60(+6)/66	Map 5: 0(+66)/66	Reducer 2: 1/1	Reducer 4: 0(+20)/20	Reducer 6: 0/2	Reducer 7: 0/1	
INFO  : Map 1: 66/66	Map 3: 64(+2)/66	Map 5: 0(+66)/66	Reducer 2: 1/1	Reducer 4: 0(+20)/20	Reducer 6: 0/2	Reducer 7: 0/1	
INFO  : Map 1: 66/66	Map 3: 66/66	Map 5: 0(+66)/66	Reducer 2: 1/1	Reducer 4: 0(+20)/20	Reducer 6: 0/2	Reducer 7: 0/1	
INFO  : Map 1: 66/66	Map 3: 66/66	Map 5: 0(+66)/66	Reducer 2: 1/1	Reducer 4: 0(+20)/20	Reducer 6: 0/2	Reducer 7: 0/1	
INFO  : Map 1: 66/66	Map 3: 66/66	Map 5: 0(+66)/66	Reducer 2: 1/1	Reducer 4: 0(+20)/20	Reducer 6: 0/2	Reducer 7: 0/1	
INFO  : Map 1: 66/66	Map 3: 66/66	Map 5: 0(+66)/66	Reducer 2: 1/1	Reducer 4: 0(+20)/20	Reducer 6: 0/2	Reducer 7: 0/1	
INFO  : Map 1: 66/66	Map 3: 66/66	Map 5: 0(+66)/66	Reducer 2: 1/1	Reducer 4: 3(+17)/20	Reducer 6: 0/2	Reducer 7: 0/1	
INFO  : Map 1: 66/66	Map 3: 66/66	Map 5: 0(+66)/66	Reducer 2: 1/1	Reducer 4: 6(+14)/20	Reducer 6: 0/2	Reducer 7: 0/1	
INFO  : Map 1: 66/66	Map 3: 66/66	Map 5: 0(+66)/66	Reducer 2: 1/1	Reducer 4: 9(+11)/20	Reducer 6: 0/2	Reducer 7: 0/1	
INFO  : Map 1: 66/66	Map 3: 66/66	Map 5: 0(+66)/66	Reducer 2: 1/1	Reducer 4: 16(+4)/20	Reducer 6: 0/2	Reducer 7: 0/1	
INFO  : Map 1: 66/66	Map 3: 66/66	Map 5: 0(+66)/66	Reducer 2: 1/1	Reducer 4: 17(+3)/20	Reducer 6: 0/2	Reducer 7: 0/1	
INFO  : Map 1: 66/66	Map 3: 66/66	Map 5: 0(+66)/66	Reducer 2: 1/1	Reducer 4: 20/20	Reducer 6: 0/2	Reducer 7: 0/1	
INFO  : Map 1: 66/66	Map 3: 66/66	Map 5: 14(+52)/66	Reducer 2: 1/1	Reducer 4: 20/20	Reducer 6: 0/2	Reducer 7: 0/1	
INFO  : Map 1: 66/66	Map 3: 66/66	Map 5: 23(+43)/66	Reducer 2: 1/1	Reducer 4: 20/20	Reducer 6: 0/2	Reducer 7: 0/1	
INFO  : Map 1: 66/66	Map 3: 66/66	Map 5: 29(+37)/66	Reducer 2: 1/1	Reducer 4: 20/20	Reducer 6: 0/2	Reducer 7: 0/1	
INFO  : Map 1: 66/66	Map 3: 66/66	Map 5: 38(+28)/66	Reducer 2: 1/1	Reducer 4: 20/20	Reducer 6: 0/2	Reducer 7: 0/1	
INFO  : Map 1: 66/66	Map 3: 66/66	Map 5: 39(+27)/66	Reducer 2: 1/1	Reducer 4: 20/20	Reducer 6: 0/2	Reducer 7: 0/1	
INFO  : Map 1: 66/66	Map 3: 66/66	Map 5: 44(+22)/66	Reducer 2: 1/1	Reducer 4: 20/20	Reducer 6: 0/2	Reducer 7: 0/1	
INFO  : Map 1: 66/66	Map 3: 66/66	Map 5: 51(+15)/66	Reducer 2: 1/1	Reducer 4: 20/20	Reducer 6: 0(+1)/1	Reducer 7: 0/1	
INFO  : Map 1: 66/66	Map 3: 66/66	Map 5: 53(+13)/66	Reducer 2: 1/1	Reducer 4: 20/20	Reducer 6: 0(+1)/1	Reducer 7: 0/1	
INFO  : Map 1: 66/66	Map 3: 66/66	Map 5: 66/66	Reducer 2: 1/1	Reducer 4: 20/20	Reducer 6: 1/1	Reducer 7: 0(+1)/1	
INFO  : Map 1: 66/66	Map 3: 66/66	Map 5: 66/66	Reducer 2: 1/1	Reducer 4: 20/20	Reducer 6: 1/1	Reducer 7: 1/1	
INFO  : Status: DAG finished successfully in 26.01 seconds
INFO  : 
INFO  : Query Execution Summary
INFO  : ----------------------------------------------------------------------------------------------
INFO  : ----------------------------------------------------------------------------------------------
INFO  : Compile Query                           0.24s
INFO  : Prepare Plan                            0.24s
INFO  : Submit Plan                             0.11s
INFO  : Start DAG                               0.20s
INFO  : Run DAG                                26.01s
INFO  : ----------------------------------------------------------------------------------------------
INFO  : 
INFO  : Task Execution Summary
INFO  : --------------------------------------------------------------------------------------------------------------------------------
INFO  : --------------------------------------------------------------------------------------------------------------------------------
INFO  :      Map 1           66                0             0         401.00             0            0     37,500,000              66
INFO  :      Map 3           66                0             0        7842.00             0            0    375,000,000     374,985,181
INFO  :      Map 5           66                0             0       19054.00             0            0     62,499,804             462
INFO  :  Reducer 2            1                0             0         402.00             0            0             66               1
INFO  :  Reducer 4           20                0             0       15444.00             0            0    374,985,181      24,999,803
INFO  :  Reducer 6            1                0             0         401.00             0            0            462               7
INFO  :  Reducer 7            1                0             0         121.00             0            0              7               0
INFO  : --------------------------------------------------------------------------------------------------------------------------------
INFO  : 
INFO  : LLAP IO Summary
INFO  : ----------------------------------------------------------------------------------------------
INFO  : ----------------------------------------------------------------------------------------------
INFO  :      Map 1      3750       500          0  654.55MB         0B          0B       0B     3.16s
INFO  :      Map 3     37683       750          0    1.50GB         0B          0B       0B     7.56s
INFO  :      Map 5      3750       500          0  654.84MB         0B          0B       0B     3.36s
INFO  : ----------------------------------------------------------------------------------------------
INFO  : 
INFO  : FileSystem Counters Summary
INFO  : 
INFO  : ----------------------------------------------------------------------------------------------
INFO  : ----------------------------------------------------------------------------------------------
INFO  :      Map 1          4.22KB             0                  0             4.82KB             0
INFO  :      Map 3         64.42KB             0                  0             1.63GB             0
INFO  :      Map 5          7.39KB             0                  0            14.36KB             0
INFO  :  Reducer 2              0B             0                  0                63B             0
INFO  :  Reducer 4        436.38MB             0                  0           110.14MB             0
INFO  :  Reducer 6             64B             0                  0               174B             0
INFO  :  Reducer 7              0B             0                  0                 0B             0
INFO  : ----------------------------------------------------------------------------------------------
INFO  : 
INFO  : ----------------------------------------------------------------------------------------------
INFO  : ----------------------------------------------------------------------------------------------
INFO  :      Map 1              0B             0                  0                 0B             0
INFO  :      Map 3              0B             0                  0                 0B             0
INFO  :      Map 5              0B             0                  0                 0B             0
INFO  :  Reducer 2              0B             0                  0                 0B             0
INFO  :  Reducer 4              0B             0                  0                 0B             0
INFO  :  Reducer 6              0B             0                  0                 0B             0
INFO  :  Reducer 7              0B             2                  0               383B             2
INFO  : ----------------------------------------------------------------------------------------------
INFO  : 
INFO  : org.apache.tez.common.counters.DAGCounter:
INFO  :    NUM_SUCCEEDED_TASKS: 221
INFO  :    TOTAL_LAUNCHED_TASKS: 221
INFO  :    DATA_LOCAL_TASKS: 198
INFO  :    AM_CPU_MILLISECONDS: 2140
INFO  :    AM_GC_TIME_MILLIS: 6
INFO  : File System Counters:
INFO  :    FILE_BYTES_READ: 436455620
INFO  :    FILE_BYTES_WRITTEN: 1741099895
INFO  :    FILE_READ_OPS: 0
INFO  :    FILE_LARGE_READ_OPS: 0
INFO  :    FILE_WRITE_OPS: 0
INFO  :    HDFS_BYTES_READ: 0
INFO  :    HDFS_BYTES_WRITTEN: 383
INFO  :    HDFS_READ_OPS: 2
INFO  :    HDFS_LARGE_READ_OPS: 0
INFO  :    HDFS_WRITE_OPS: 2
INFO  : org.apache.tez.common.counters.TaskCounter:
INFO  :    REDUCE_INPUT_GROUPS: 24999818
INFO  :    REDUCE_INPUT_RECORDS: 374985716
INFO  :    COMBINE_INPUT_RECORDS: 0
INFO  :    SPILLED_RECORDS: 749971432
INFO  :    NUM_SHUFFLED_INPUTS: 1708
INFO  :    NUM_SKIPPED_INPUTS: 0
INFO  :    NUM_FAILED_SHUFFLE_INPUTS: 0
INFO  :    MERGED_MAP_OUTPUTS: 1519
INFO  :    INPUT_RECORDS_PROCESSED: 225448236
INFO  :    INPUT_SPLIT_LENGTH_BYTES: 19900851405
INFO  :    OUTPUT_RECORDS: 399985520
INFO  :    OUTPUT_LARGE_RECORDS: 0
INFO  :    OUTPUT_BYTES: 2374919342
INFO  :    OUTPUT_BYTES_WITH_OVERHEAD: 3174899622
INFO  :    OUTPUT_BYTES_PHYSICAL: 1741061679
INFO  :    ADDITIONAL_SPILLS_BYTES_WRITTEN: 278014039
INFO  :    ADDITIONAL_SPILLS_BYTES_READ: 455879816
INFO  :    ADDITIONAL_SPILL_COUNT: 0
INFO  :    SHUFFLE_CHUNK_COUNT: 199
INFO  :    SHUFFLE_BYTES: 2622144687
INFO  :    SHUFFLE_BYTES_DECOMPRESSED: 4574889686
INFO  :    SHUFFLE_BYTES_TO_MEM: 2334143471
INFO  :    SHUFFLE_BYTES_TO_DISK: 0
INFO  :    SHUFFLE_BYTES_DISK_DIRECT: 288001216
INFO  :    NUM_MEM_TO_DISK_MERGES: 0
INFO  :    NUM_DISK_TO_DISK_MERGES: 0
INFO  :    SHUFFLE_PHASE_TIME: 158677
INFO  :    MERGE_PHASE_TIME: 161654
INFO  :    FIRST_EVENT_RECEIVED: 99966
INFO  :    LAST_EVENT_RECEIVED: 157057
INFO  : HIVE:
INFO  :    CREATED_FILES: 1
INFO  :    DESERIALIZE_ERRORS: 0
INFO  :    RECORDS_IN_Map_1: 37500000
INFO  :    RECORDS_IN_Map_3: 375000000
INFO  :    RECORDS_IN_Map_5: 37500000
INFO  :    RECORDS_OUT_0: 7
INFO  :    RECORDS_OUT_INTERMEDIATE_Map_1: 66
INFO  :    RECORDS_OUT_INTERMEDIATE_Map_3: 374985181
INFO  :    RECORDS_OUT_INTERMEDIATE_Map_5: 462
INFO  :    RECORDS_OUT_INTERMEDIATE_Reducer_2: 1
INFO  :    RECORDS_OUT_INTERMEDIATE_Reducer_4: 24999803
INFO  :    RECORDS_OUT_INTERMEDIATE_Reducer_6: 7
INFO  : Shuffle Errors:
INFO  :    BAD_ID: 0
INFO  :    CONNECTION: 0
INFO  :    IO_ERROR: 0
INFO  :    WRONG_LENGTH: 0
INFO  :    WRONG_MAP: 0
INFO  :    WRONG_REDUCE: 0
INFO  : Shuffle Errors_Reducer_2_INPUT_Map_1:
INFO  :    BAD_ID: 0
INFO  :    CONNECTION: 0
INFO  :    IO_ERROR: 0
INFO  :    WRONG_LENGTH: 0
INFO  :    WRONG_MAP: 0
INFO  :    WRONG_REDUCE: 0
INFO  : Shuffle Errors_Reducer_4_INPUT_Map_3:
INFO  :    BAD_ID: 0
INFO  :    CONNECTION: 0
INFO  :    IO_ERROR: 0
INFO  :    WRONG_LENGTH: 0
INFO  :    WRONG_MAP: 0
INFO  :    WRONG_REDUCE: 0
INFO  : Shuffle Errors_Reducer_6_INPUT_Map_5:
INFO  :    BAD_ID: 0
INFO  :    CONNECTION: 0
INFO  :    IO_ERROR: 0
INFO  :    WRONG_LENGTH: 0
INFO  :    WRONG_MAP: 0
INFO  :    WRONG_REDUCE: 0
INFO  : Shuffle Errors_Reducer_7_INPUT_Reducer_6:
INFO  :    BAD_ID: 0
INFO  :    CONNECTION: 0
INFO  :    IO_ERROR: 0
INFO  :    WRONG_LENGTH: 0
INFO  :    WRONG_MAP: 0
INFO  :    WRONG_REDUCE: 0
INFO  : TaskCounter_Map_1_INPUT_customer:
INFO  :    INPUT_RECORDS_PROCESSED: 37500
INFO  :    INPUT_SPLIT_LENGTH_BYTES: 2852970960
INFO  : TaskCounter_Map_1_OUTPUT_Reducer_2:
INFO  :    ADDITIONAL_SPILLS_BYTES_READ: 0
INFO  :    ADDITIONAL_SPILLS_BYTES_WRITTEN: 0
INFO  :    ADDITIONAL_SPILL_COUNT: 0
INFO  :    OUTPUT_BYTES: 1252
INFO  :    OUTPUT_BYTES_PHYSICAL: 2704
INFO  :    OUTPUT_BYTES_WITH_OVERHEAD: 1780
INFO  :    OUTPUT_RECORDS: 66
INFO  :    SHUFFLE_CHUNK_COUNT: 66
INFO  :    SPILLED_RECORDS: 66
INFO  : TaskCounter_Map_3_INPUT_orders:
INFO  :    INPUT_RECORDS_PROCESSED: 375000
INFO  :    INPUT_SPLIT_LENGTH_BYTES: 14194909485
INFO  : TaskCounter_Map_3_OUTPUT_Reducer_4:
INFO  :    ADDITIONAL_SPILLS_BYTES_READ: 0
INFO  :    ADDITIONAL_SPILLS_BYTES_WRITTEN: 0
INFO  :    ADDITIONAL_SPILL_COUNT: 0
INFO  :    OUTPUT_BYTES: 2249911086
INFO  :    OUTPUT_BYTES_PHYSICAL: 1630912230
INFO  :    OUTPUT_BYTES_WITH_OVERHEAD: 2999889368
INFO  :    OUTPUT_RECORDS: 374985181
INFO  :    SHUFFLE_CHUNK_COUNT: 66
INFO  :    SPILLED_RECORDS: 374985181
INFO  : TaskCounter_Map_5_INPUT_Reducer_2:
INFO  :    FIRST_EVENT_RECEIVED: 8
INFO  :    INPUT_RECORDS_PROCESSED: 9
INFO  :    LAST_EVENT_RECEIVED: 8
INFO  :    NUM_FAILED_SHUFFLE_INPUTS: 0
INFO  :    NUM_SHUFFLED_INPUTS: 9
INFO  :    SHUFFLE_BYTES: 279
INFO  :    SHUFFLE_BYTES_DECOMPRESSED: 153
INFO  :    SHUFFLE_BYTES_DISK_DIRECT: 31
INFO  :    SHUFFLE_BYTES_TO_DISK: 0
INFO  :    SHUFFLE_BYTES_TO_MEM: 248
INFO  :    SHUFFLE_PHASE_TIME: 25
INFO  : TaskCounter_Map_5_INPUT_Reducer_4:
INFO  :    FIRST_EVENT_RECEIVED: 99921
INFO  :    INPUT_RECORDS_PROCESSED: 224998227
INFO  :    LAST_EVENT_RECEIVED: 138545
INFO  :    NUM_FAILED_SHUFFLE_INPUTS: 0
INFO  :    NUM_SHUFFLED_INPUTS: 180
INFO  :    SHUFFLE_BYTES: 991218672
INFO  :    SHUFFLE_BYTES_DECOMPRESSED: 1574988669
INFO  :    SHUFFLE_BYTES_DISK_DIRECT: 110135408
INFO  :    SHUFFLE_BYTES_TO_DISK: 0
INFO  :    SHUFFLE_BYTES_TO_MEM: 881083264
INFO  :    SHUFFLE_PHASE_TIME: 139217
INFO  : TaskCounter_Map_5_INPUT_customer:
INFO  :    INPUT_RECORDS_PROCESSED: 37500
INFO  :    INPUT_SPLIT_LENGTH_BYTES: 2852970960
INFO  : TaskCounter_Map_5_OUTPUT_Reducer_6:
INFO  :    ADDITIONAL_SPILLS_BYTES_READ: 0
INFO  :    ADDITIONAL_SPILLS_BYTES_WRITTEN: 0
INFO  :    ADDITIONAL_SPILL_COUNT: 0
INFO  :    OUTPUT_BYTES: 7854
INFO  :    OUTPUT_BYTES_PHYSICAL: 10660
INFO  :    OUTPUT_BYTES_WITH_OVERHEAD: 9570
INFO  :    OUTPUT_RECORDS: 462
INFO  :    SHUFFLE_CHUNK_COUNT: 66
INFO  :    SPILLED_RECORDS: 462
INFO  : TaskCounter_Reducer_2_INPUT_Map_1:
INFO  :    ADDITIONAL_SPILLS_BYTES_READ: 1077
INFO  :    ADDITIONAL_SPILLS_BYTES_WRITTEN: 791
INFO  :    COMBINE_INPUT_RECORDS: 0
INFO  :    FIRST_EVENT_RECEIVED: 1
INFO  :    LAST_EVENT_RECEIVED: 300
INFO  :    MERGED_MAP_OUTPUTS: 66
INFO  :    MERGE_PHASE_TIME: 308
INFO  :    NUM_DISK_TO_DISK_MERGES: 0
INFO  :    NUM_FAILED_SHUFFLE_INPUTS: 0
INFO  :    NUM_MEM_TO_DISK_MERGES: 0
INFO  :    NUM_SHUFFLED_INPUTS: 66
INFO  :    NUM_SKIPPED_INPUTS: 0
INFO  :    REDUCE_INPUT_GROUPS: 1
INFO  :    REDUCE_INPUT_RECORDS: 66
INFO  :    SHUFFLE_BYTES: 2704
INFO  :    SHUFFLE_BYTES_DECOMPRESSED: 1780
INFO  :    SHUFFLE_BYTES_DISK_DIRECT: 286
INFO  :    SHUFFLE_BYTES_TO_DISK: 0
INFO  :    SHUFFLE_BYTES_TO_MEM: 2418
INFO  :    SHUFFLE_PHASE_TIME: 306
INFO  :    SPILLED_RECORDS: 66
INFO  : TaskCounter_Reducer_2_OUTPUT_Map_5:
INFO  :    ADDITIONAL_SPILLS_BYTES_READ: 0
INFO  :    ADDITIONAL_SPILLS_BYTES_WRITTEN: 0
INFO  :    ADDITIONAL_SPILL_COUNT: 0
INFO  :    OUTPUT_BYTES: 9
INFO  :    OUTPUT_BYTES_PHYSICAL: 55
INFO  :    OUTPUT_BYTES_WITH_OVERHEAD: 17
INFO  :    OUTPUT_LARGE_RECORDS: 0
INFO  :    OUTPUT_RECORDS: 1
INFO  :    SPILLED_RECORDS: 0
INFO  : TaskCounter_Reducer_4_INPUT_Map_3:
INFO  :    ADDITIONAL_SPILLS_BYTES_READ: 455872674
INFO  :    ADDITIONAL_SPILLS_BYTES_WRITTEN: 278008311
INFO  :    COMBINE_INPUT_RECORDS: 0
INFO  :    FIRST_EVENT_RECEIVED: 33
INFO  :    LAST_EVENT_RECEIVED: 17803
INFO  :    MERGED_MAP_OUTPUTS: 1320
INFO  :    MERGE_PHASE_TIME: 160932
INFO  :    NUM_DISK_TO_DISK_MERGES: 0
INFO  :    NUM_FAILED_SHUFFLE_INPUTS: 0
INFO  :    NUM_MEM_TO_DISK_MERGES: 0
INFO  :    NUM_SHUFFLED_INPUTS: 1320
INFO  :    NUM_SKIPPED_INPUTS: 0
INFO  :    REDUCE_INPUT_GROUPS: 24999803
INFO  :    REDUCE_INPUT_RECORDS: 374985181
INFO  :    SHUFFLE_BYTES: 1630912230
INFO  :    SHUFFLE_BYTES_DECOMPRESSED: 2999889368
INFO  :    SHUFFLE_BYTES_DISK_DIRECT: 177864363
INFO  :    SHUFFLE_BYTES_TO_DISK: 0
INFO  :    SHUFFLE_BYTES_TO_MEM: 1453047867
INFO  :    SHUFFLE_PHASE_TIME: 18721
INFO  :    SPILLED_RECORDS: 374985181
INFO  : TaskCounter_Reducer_4_OUTPUT_Map_5:
INFO  :    ADDITIONAL_SPILLS_BYTES_READ: 0
INFO  :    ADDITIONAL_SPILLS_BYTES_WRITTEN: 0
INFO  :    ADDITIONAL_SPILL_COUNT: 0
INFO  :    OUTPUT_BYTES: 124999015
INFO  :    OUTPUT_BYTES_PHYSICAL: 110135888
INFO  :    OUTPUT_BYTES_WITH_OVERHEAD: 174998741
INFO  :    OUTPUT_LARGE_RECORDS: 0
INFO  :    OUTPUT_RECORDS: 24999803
INFO  :    SPILLED_RECORDS: 0
INFO  : TaskCounter_Reducer_6_INPUT_Map_5:
INFO  :    ADDITIONAL_SPILLS_BYTES_READ: 5923
INFO  :    ADDITIONAL_SPILLS_BYTES_WRITTEN: 4795
INFO  :    COMBINE_INPUT_RECORDS: 0
INFO  :    FIRST_EVENT_RECEIVED: 2
INFO  :    LAST_EVENT_RECEIVED: 400
INFO  :    MERGED_MAP_OUTPUTS: 132
INFO  :    MERGE_PHASE_TIME: 409
INFO  :    NUM_DISK_TO_DISK_MERGES: 0
INFO  :    NUM_FAILED_SHUFFLE_INPUTS: 0
INFO  :    NUM_MEM_TO_DISK_MERGES: 0
INFO  :    NUM_SHUFFLED_INPUTS: 132
INFO  :    NUM_SKIPPED_INPUTS: 0
INFO  :    REDUCE_INPUT_GROUPS: 7
INFO  :    REDUCE_INPUT_RECORDS: 462
INFO  :    SHUFFLE_BYTES: 10660
INFO  :    SHUFFLE_BYTES_DECOMPRESSED: 9570
INFO  :    SHUFFLE_BYTES_DISK_DIRECT: 1128
INFO  :    SHUFFLE_BYTES_TO_DISK: 0
INFO  :    SHUFFLE_BYTES_TO_MEM: 9532
INFO  :    SHUFFLE_PHASE_TIME: 404
INFO  :    SPILLED_RECORDS: 462
INFO  : TaskCounter_Reducer_6_OUTPUT_Reducer_7:
INFO  :    ADDITIONAL_SPILLS_BYTES_READ: 0
INFO  :    ADDITIONAL_SPILLS_BYTES_WRITTEN: 0
INFO  :    ADDITIONAL_SPILL_COUNT: 0
INFO  :    OUTPUT_BYTES: 126
INFO  :    OUTPUT_BYTES_PHYSICAL: 142
INFO  :    OUTPUT_BYTES_WITH_OVERHEAD: 146
INFO  :    OUTPUT_RECORDS: 7
INFO  :    SHUFFLE_CHUNK_COUNT: 1
INFO  :    SPILLED_RECORDS: 7
INFO  : TaskCounter_Reducer_7_INPUT_Reducer_6:
INFO  :    ADDITIONAL_SPILLS_BYTES_READ: 142
INFO  :    ADDITIONAL_SPILLS_BYTES_WRITTEN: 142
INFO  :    COMBINE_INPUT_RECORDS: 0
INFO  :    FIRST_EVENT_RECEIVED: 1
INFO  :    LAST_EVENT_RECEIVED: 1
INFO  :    MERGED_MAP_OUTPUTS: 1
INFO  :    MERGE_PHASE_TIME: 5
INFO  :    NUM_DISK_TO_DISK_MERGES: 0
INFO  :    NUM_FAILED_SHUFFLE_INPUTS: 0
INFO  :    NUM_MEM_TO_DISK_MERGES: 0
INFO  :    NUM_SHUFFLED_INPUTS: 1
INFO  :    NUM_SKIPPED_INPUTS: 0
INFO  :    REDUCE_INPUT_GROUPS: 7
INFO  :    REDUCE_INPUT_RECORDS: 7
INFO  :    SHUFFLE_BYTES: 142
INFO  :    SHUFFLE_BYTES_DECOMPRESSED: 146
INFO  :    SHUFFLE_BYTES_DISK_DIRECT: 0
INFO  :    SHUFFLE_BYTES_TO_DISK: 0
INFO  :    SHUFFLE_BYTES_TO_MEM: 142
INFO  :    SHUFFLE_PHASE_TIME: 4
INFO  :    SPILLED_RECORDS: 7
INFO  : TaskCounter_Reducer_7_OUTPUT_out_Reducer_7:
INFO  :    OUTPUT_RECORDS: 0
INFO  : org.apache.hadoop.hive.llap.counters.LlapIOCounters:
INFO  :    CACHE_HIT_BYTES: 2810875357
INFO  :    CACHE_MISS_BYTES: 0
INFO  :    CONSUMER_TIME_NS: 198959438141
INFO  :    DECODE_TIME_NS: 13711547127
INFO  :    HDFS_TIME_NS: 8418543
INFO  :    METADATA_CACHE_HIT: 1750
INFO  :    NUM_DECODED_BATCHES: 45183
INFO  :    NUM_VECTOR_BATCHES: 450000
INFO  :    ROWS_EMITTED: 450000000
INFO  :    SELECTED_ROWGROUPS: 45183
INFO  :    TOTAL_IO_TIME_NS: 14074504392
INFO  : Completed executing command(queryId=hive_20161005145354_7dd4e8f1-004d-4b7d-bf9f-6f1b6782b339); Time taken: 26.638 seconds
INFO  : OK
7 rows selected (26.917 seconds)
Closing: 0: jdbc:hive2://h01hn02:10500/tpch_flat_orc_250
