Format csv is deprecated, please use csv2
Connecting to jdbc:hive2://h01hn02:10500/tpch_flat_orc_250
Connected to: Apache Hive (version 2.1.0.2.5.1.0-43)
Driver: Hive JDBC (version 1.2.1000.2.5.1.0-43)
Transaction isolation: TRANSACTION_REPEATABLE_READ
Running init script ../sample-queries-tpcds/bry.sql
No rows affected (0.034 seconds)
INFO  : Compiling command(queryId=hive_20161005144118_64827d40-2447-49b0-a3cf-b6aa6c104cc1): select
	c_count,
	count(*) as custdist
from
	(
		select
			c_custkey,
			count(o_orderkey) as c_count
		from
			customer left outer join orders on
				c_custkey = o_custkey
				and o_comment not like '%unusual%accounts%'
		group by
			c_custkey
	) c_orders
group by
	c_count
order by
	custdist desc,
	c_count desc
INFO  : Semantic Analysis Completed
INFO  : Returning Hive schema: Schema(fieldSchemas:[FieldSchema(name:c_count, type:bigint, comment:null), FieldSchema(name:custdist, type:bigint, comment:null)], properties:null)
INFO  : Completed compiling command(queryId=hive_20161005144118_64827d40-2447-49b0-a3cf-b6aa6c104cc1); Time taken: 0.106 seconds
INFO  : Concurrency mode is disabled, not creating a lock manager
INFO  : Executing command(queryId=hive_20161005144118_64827d40-2447-49b0-a3cf-b6aa6c104cc1): select
	c_count,
	count(*) as custdist
from
	(
		select
			c_custkey,
			count(o_orderkey) as c_count
		from
			customer left outer join orders on
				c_custkey = o_custkey
				and o_comment not like '%unusual%accounts%'
		group by
			c_custkey
	) c_orders
group by
	c_count
order by
	custdist desc,
	c_count desc
INFO  : Query ID = hive_20161005144118_64827d40-2447-49b0-a3cf-b6aa6c104cc1
INFO  : Total jobs = 1
INFO  : Launching Job 1 out of 1
INFO  : Starting task [Stage-1:MAPRED] in serial mode
INFO  : Session is already open
INFO  : Dag name: select
	c_count,
	count(*) as custdis...desc(Stage-1)
INFO  : Setting tez.task.scale.memory.reserve-fraction to 0.30000001192092896
INFO  : 

INFO  : Status: Running (Executing on YARN cluster with App id application_1475694383065_0010)

INFO  : Map 1: 0(+66)/66	Map 6: 0(+66)/66	Reducer 2: 0/794	Reducer 3: 0/34	Reducer 4: 0/4	Reducer 5: 0/1	
INFO  : Map 1: 1(+65)/66	Map 6: 0(+66)/66	Reducer 2: 0/794	Reducer 3: 0/34	Reducer 4: 0/4	Reducer 5: 0/1	
INFO  : Map 1: 10(+56)/66	Map 6: 0(+66)/66	Reducer 2: 0/794	Reducer 3: 0/34	Reducer 4: 0/4	Reducer 5: 0/1	
INFO  : Map 1: 33(+33)/66	Map 6: 0(+66)/66	Reducer 2: 0/794	Reducer 3: 0/34	Reducer 4: 0/4	Reducer 5: 0/1	
INFO  : Map 1: 40(+26)/66	Map 6: 0(+66)/66	Reducer 2: 0/794	Reducer 3: 0/34	Reducer 4: 0/4	Reducer 5: 0/1	
INFO  : Map 1: 49(+17)/66	Map 6: 0(+66)/66	Reducer 2: 0/794	Reducer 3: 0/34	Reducer 4: 0/4	Reducer 5: 0/1	
INFO  : Map 1: 66/66	Map 6: 0(+66)/66	Reducer 2: 0/794	Reducer 3: 0/34	Reducer 4: 0/4	Reducer 5: 0/1	
INFO  : Map 1: 66/66	Map 6: 1(+65)/66	Reducer 2: 0/794	Reducer 3: 0/34	Reducer 4: 0/4	Reducer 5: 0/1	
INFO  : Map 1: 66/66	Map 6: 2(+64)/66	Reducer 2: 0/794	Reducer 3: 0/34	Reducer 4: 0/4	Reducer 5: 0/1	
INFO  : Map 1: 66/66	Map 6: 3(+63)/66	Reducer 2: 0/794	Reducer 3: 0/34	Reducer 4: 0/4	Reducer 5: 0/1	
INFO  : Map 1: 66/66	Map 6: 4(+62)/66	Reducer 2: 0/794	Reducer 3: 0/34	Reducer 4: 0/4	Reducer 5: 0/1	
INFO  : Map 1: 66/66	Map 6: 5(+61)/66	Reducer 2: 0/794	Reducer 3: 0/34	Reducer 4: 0/4	Reducer 5: 0/1	
INFO  : Map 1: 66/66	Map 6: 7(+59)/66	Reducer 2: 0/794	Reducer 3: 0/34	Reducer 4: 0/4	Reducer 5: 0/1	
INFO  : Map 1: 66/66	Map 6: 8(+58)/66	Reducer 2: 0/794	Reducer 3: 0/34	Reducer 4: 0/4	Reducer 5: 0/1	
INFO  : Map 1: 66/66	Map 6: 9(+57)/66	Reducer 2: 0/794	Reducer 3: 0/34	Reducer 4: 0/4	Reducer 5: 0/1	
INFO  : Map 1: 66/66	Map 6: 12(+54)/66	Reducer 2: 0/794	Reducer 3: 0/34	Reducer 4: 0/4	Reducer 5: 0/1	
INFO  : Map 1: 66/66	Map 6: 20(+46)/66	Reducer 2: 0(+169)/794	Reducer 3: 0/34	Reducer 4: 0/4	Reducer 5: 0/1	
INFO  : Map 1: 66/66	Map 6: 22(+44)/66	Reducer 2: 0(+460)/794	Reducer 3: 0/34	Reducer 4: 0/4	Reducer 5: 0/1	
INFO  : Map 1: 66/66	Map 6: 25(+41)/66	Reducer 2: 0(+463)/794	Reducer 3: 0/34	Reducer 4: 0/4	Reducer 5: 0/1	
INFO  : Map 1: 66/66	Map 6: 33(+33)/66	Reducer 2: 0(+470)/794	Reducer 3: 0/34	Reducer 4: 0/4	Reducer 5: 0/1	
INFO  : Map 1: 66/66	Map 6: 51(+15)/66	Reducer 2: 0(+489)/794	Reducer 3: 0/34	Reducer 4: 0/4	Reducer 5: 0/1	
INFO  : Map 1: 66/66	Map 6: 62(+4)/66	Reducer 2: 0(+500)/794	Reducer 3: 0/34	Reducer 4: 0/4	Reducer 5: 0/1	
INFO  : Map 1: 66/66	Map 6: 64(+2)/66	Reducer 2: 0(+502)/794	Reducer 3: 0/34	Reducer 4: 0/4	Reducer 5: 0/1	
INFO  : Map 1: 66/66	Map 6: 66/66	Reducer 2: 0(+504)/794	Reducer 3: 0/34	Reducer 4: 0/4	Reducer 5: 0/1	
INFO  : Map 1: 66/66	Map 6: 66/66	Reducer 2: 1(+504)/794	Reducer 3: 0/34	Reducer 4: 0/4	Reducer 5: 0/1	
INFO  : Map 1: 66/66	Map 6: 66/66	Reducer 2: 19(+504)/794	Reducer 3: 0/34	Reducer 4: 0/4	Reducer 5: 0/1	
INFO  : Map 1: 66/66	Map 6: 66/66	Reducer 2: 54(+503)/794	Reducer 3: 0/34	Reducer 4: 0/4	Reducer 5: 0/1	
INFO  : Map 1: 66/66	Map 6: 66/66	Reducer 2: 82(+504)/794	Reducer 3: 0/34	Reducer 4: 0/4	Reducer 5: 0/1	
INFO  : Map 1: 66/66	Map 6: 66/66	Reducer 2: 104(+504)/794	Reducer 3: 0/34	Reducer 4: 0/4	Reducer 5: 0/1	
INFO  : Map 1: 66/66	Map 6: 66/66	Reducer 2: 107(+504)/794	Reducer 3: 0/34	Reducer 4: 0/4	Reducer 5: 0/1	
INFO  : Map 1: 66/66	Map 6: 66/66	Reducer 2: 120(+504)/794	Reducer 3: 0/34	Reducer 4: 0/4	Reducer 5: 0/1	
INFO  : Map 1: 66/66	Map 6: 66/66	Reducer 2: 150(+503)/794	Reducer 3: 0/34	Reducer 4: 0/4	Reducer 5: 0/1	
INFO  : Map 1: 66/66	Map 6: 66/66	Reducer 2: 192(+504)/794	Reducer 3: 0/34	Reducer 4: 0/4	Reducer 5: 0/1	
INFO  : Map 1: 66/66	Map 6: 66/66	Reducer 2: 206(+504)/794	Reducer 3: 0/6	Reducer 4: 0/4	Reducer 5: 0/1	
INFO  : Map 1: 66/66	Map 6: 66/66	Reducer 2: 221(+504)/794	Reducer 3: 0/6	Reducer 4: 0/4	Reducer 5: 0/1	
INFO  : Map 1: 66/66	Map 6: 66/66	Reducer 2: 230(+504)/794	Reducer 3: 0/6	Reducer 4: 0/4	Reducer 5: 0/1	
INFO  : Map 1: 66/66	Map 6: 66/66	Reducer 2: 231(+504)/794	Reducer 3: 0/6	Reducer 4: 0/4	Reducer 5: 0/1	
INFO  : Map 1: 66/66	Map 6: 66/66	Reducer 2: 244(+504)/794	Reducer 3: 0/6	Reducer 4: 0/4	Reducer 5: 0/1	
INFO  : Map 1: 66/66	Map 6: 66/66	Reducer 2: 285(+504)/794	Reducer 3: 0/6	Reducer 4: 0/4	Reducer 5: 0/1	
INFO  : Map 1: 66/66	Map 6: 66/66	Reducer 2: 345(+449)/794	Reducer 3: 0(+3)/6	Reducer 4: 0/4	Reducer 5: 0/1	
INFO  : Map 1: 66/66	Map 6: 66/66	Reducer 2: 441(+353)/794	Reducer 3: 0(+4)/6	Reducer 4: 0/4	Reducer 5: 0/1	
INFO  : Map 1: 66/66	Map 6: 66/66	Reducer 2: 458(+336)/794	Reducer 3: 0(+4)/6	Reducer 4: 0/4	Reducer 5: 0/1	
INFO  : Map 1: 66/66	Map 6: 66/66	Reducer 2: 472(+322)/794	Reducer 3: 0(+5)/6	Reducer 4: 0/4	Reducer 5: 0/1	
INFO  : Map 1: 66/66	Map 6: 66/66	Reducer 2: 503(+291)/794	Reducer 3: 0(+5)/6	Reducer 4: 0/4	Reducer 5: 0/1	
INFO  : Map 1: 66/66	Map 6: 66/66	Reducer 2: 552(+242)/794	Reducer 3: 0(+6)/6	Reducer 4: 0/4	Reducer 5: 0/1	
INFO  : Map 1: 66/66	Map 6: 66/66	Reducer 2: 589(+205)/794	Reducer 3: 0(+6)/6	Reducer 4: 0/4	Reducer 5: 0/1	
INFO  : Map 1: 66/66	Map 6: 66/66	Reducer 2: 600(+194)/794	Reducer 3: 0(+6)/6	Reducer 4: 0/4	Reducer 5: 0/1	
INFO  : Map 1: 66/66	Map 6: 66/66	Reducer 2: 603(+191)/794	Reducer 3: 0(+6)/6	Reducer 4: 0/4	Reducer 5: 0/1	
INFO  : Map 1: 66/66	Map 6: 66/66	Reducer 2: 614(+180)/794	Reducer 3: 0(+6)/6	Reducer 4: 0/4	Reducer 5: 0/1	
INFO  : Map 1: 66/66	Map 6: 66/66	Reducer 2: 621(+173)/794	Reducer 3: 0(+6)/6	Reducer 4: 0/4	Reducer 5: 0/1	
INFO  : Map 1: 66/66	Map 6: 66/66	Reducer 2: 653(+141)/794	Reducer 3: 0(+6)/6	Reducer 4: 0/4	Reducer 5: 0/1	
INFO  : Map 1: 66/66	Map 6: 66/66	Reducer 2: 723(+69)/794	Reducer 3: 0(+6)/6	Reducer 4: 0/4	Reducer 5: 0/1	
INFO  : Map 1: 66/66	Map 6: 66/66	Reducer 2: 774(+20)/794	Reducer 3: 0(+6)/6	Reducer 4: 0/4	Reducer 5: 0/1	
INFO  : Map 1: 66/66	Map 6: 66/66	Reducer 2: 794/794	Reducer 3: 0(+6)/6	Reducer 4: 0/4	Reducer 5: 0/1	
INFO  : Map 1: 66/66	Map 6: 66/66	Reducer 2: 794/794	Reducer 3: 0(+6)/6	Reducer 4: 0/4	Reducer 5: 0/1	
INFO  : Map 1: 66/66	Map 6: 66/66	Reducer 2: 794/794	Reducer 3: 0(+6)/6	Reducer 4: 0/4	Reducer 5: 0/1	
INFO  : Map 1: 66/66	Map 6: 66/66	Reducer 2: 794/794	Reducer 3: 1(+5)/6	Reducer 4: 0/4	Reducer 5: 0/1	
INFO  : Map 1: 66/66	Map 6: 66/66	Reducer 2: 794/794	Reducer 3: 1(+5)/6	Reducer 4: 0/4	Reducer 5: 0/1	
INFO  : Map 1: 66/66	Map 6: 66/66	Reducer 2: 794/794	Reducer 3: 4(+2)/6	Reducer 4: 0/4	Reducer 5: 0/1	
INFO  : Map 1: 66/66	Map 6: 66/66	Reducer 2: 794/794	Reducer 3: 6/6	Reducer 4: 0(+1)/1	Reducer 5: 0/1	
INFO  : Map 1: 66/66	Map 6: 66/66	Reducer 2: 794/794	Reducer 3: 6/6	Reducer 4: 1/1	Reducer 5: 1/1	
INFO  : Status: DAG finished successfully in 23.00 seconds
INFO  : 
INFO  : Query Execution Summary
INFO  : ----------------------------------------------------------------------------------------------
INFO  : ----------------------------------------------------------------------------------------------
INFO  : Compile Query                           0.11s
INFO  : Prepare Plan                            0.28s
INFO  : Submit Plan                             0.15s
INFO  : Start DAG                               0.21s
INFO  : Run DAG                                23.00s
INFO  : ----------------------------------------------------------------------------------------------
INFO  : 
INFO  : Task Execution Summary
INFO  : --------------------------------------------------------------------------------------------------------------------------------
INFO  : --------------------------------------------------------------------------------------------------------------------------------
INFO  :      Map 1           66                0             0        1206.00             0            0     37,500,000      37,500,000
INFO  :      Map 6           66                0             0        5845.00             0            0    375,000,000     370,968,392
INFO  :  Reducer 2          794                0             0        8157.00             0            0    408,468,392      37,500,000
INFO  :  Reducer 3            6                0             0       13314.00             0            0     37,500,000             259
INFO  :  Reducer 4            1                0             0         184.00             0            0            259              46
INFO  :  Reducer 5            1                0             0           0.00             0            0             46               0
INFO  : --------------------------------------------------------------------------------------------------------------------------------
INFO  : 
INFO  : LLAP IO Summary
INFO  : ----------------------------------------------------------------------------------------------
INFO  : ----------------------------------------------------------------------------------------------
INFO  :      Map 1      3750       500          0  292.98KB         0B          0B       0B     0.48s
INFO  :      Map 6     37683       750          0    8.48GB         0B          0B       0B    37.67s
INFO  : ----------------------------------------------------------------------------------------------
INFO  : 
INFO  : FileSystem Counters Summary
INFO  : 
INFO  : ----------------------------------------------------------------------------------------------
INFO  : ----------------------------------------------------------------------------------------------
INFO  :      Map 1              0B             0                  0           197.29MB             0
INFO  :      Map 6              0B             0                  0             4.04GB             0
INFO  :  Reducer 2          1.52GB             0                  0           228.85MB             0
INFO  :  Reducer 3        168.58MB             0                  0             3.73KB             0
INFO  :  Reducer 4             64B             0                  0               477B             0
INFO  :  Reducer 5              0B             0                  0                 0B             0
INFO  : ----------------------------------------------------------------------------------------------
INFO  : 
INFO  : ----------------------------------------------------------------------------------------------
INFO  : ----------------------------------------------------------------------------------------------
INFO  :      Map 1              0B             0                  0                 0B             0
INFO  :      Map 6              0B             0                  0                 0B             0
INFO  :  Reducer 2              0B             0                  0                 0B             0
INFO  :  Reducer 3              0B             0                  0                 0B             0
INFO  :  Reducer 4              0B             0                  0                 0B             0
INFO  :  Reducer 5              0B             2                  0             1.05KB             2
INFO  : ----------------------------------------------------------------------------------------------
INFO  : 
INFO  : org.apache.tez.common.counters.DAGCounter:
INFO  :    NUM_SUCCEEDED_TASKS: 934
INFO  :    TOTAL_LAUNCHED_TASKS: 934
INFO  :    DATA_LOCAL_TASKS: 132
INFO  :    AM_CPU_MILLISECONDS: 5470
INFO  :    AM_GC_TIME_MILLIS: 49
INFO  : File System Counters:
INFO  :    FILE_BYTES_READ: 1687589408
INFO  :    FILE_BYTES_WRITTEN: 4469441358
INFO  :    FILE_READ_OPS: 0
INFO  :    FILE_LARGE_READ_OPS: 0
INFO  :    FILE_WRITE_OPS: 0
INFO  :    HDFS_BYTES_READ: 0
INFO  :    HDFS_BYTES_WRITTEN: 1054
INFO  :    HDFS_READ_OPS: 2
INFO  :    HDFS_LARGE_READ_OPS: 0
INFO  :    HDFS_WRITE_OPS: 2
INFO  : org.apache.tez.common.counters.TaskCounter:
INFO  :    REDUCE_INPUT_GROUPS: 37500092
INFO  :    REDUCE_INPUT_RECORDS: 37500305
INFO  :    COMBINE_INPUT_RECORDS: 0
INFO  :    SPILLED_RECORDS: 77371938
INFO  :    NUM_SHUFFLED_INPUTS: 118331
INFO  :    NUM_SKIPPED_INPUTS: 13498
INFO  :    NUM_FAILED_SHUFFLE_INPUTS: 0
INFO  :    MERGED_MAP_OUTPUTS: 8321336
INFO  :    INPUT_RECORDS_PROCESSED: 408880892
INFO  :    INPUT_SPLIT_LENGTH_BYTES: 17047880445
INFO  :    OUTPUT_RECORDS: 445968697
INFO  :    OUTPUT_LARGE_RECORDS: 0
INFO  :    OUTPUT_BYTES: 4601491759
INFO  :    OUTPUT_BYTES_WITH_OVERHEAD: 10028408247
INFO  :    OUTPUT_BYTES_PHYSICAL: 4468785390
INFO  :    ADDITIONAL_SPILLS_BYTES_WRITTEN: 7302890
INFO  :    ADDITIONAL_SPILLS_BYTES_READ: 186254217
INFO  :    ADDITIONAL_SPILL_COUNT: 0
INFO  :    SHUFFLE_CHUNK_COUNT: 801
INFO  :    SHUFFLE_BYTES: 4466000038
INFO  :    SHUFFLE_BYTES_DECOMPRESSED: 5494139139
INFO  :    SHUFFLE_BYTES_TO_MEM: 3968363735
INFO  :    SHUFFLE_BYTES_TO_DISK: 0
INFO  :    SHUFFLE_BYTES_DISK_DIRECT: 497636303
INFO  :    NUM_MEM_TO_DISK_MERGES: 0
INFO  :    NUM_DISK_TO_DISK_MERGES: 5
INFO  :    SHUFFLE_PHASE_TIME: 3955311
INFO  :    MERGE_PHASE_TIME: 48974
INFO  :    FIRST_EVENT_RECEIVED: 16145
INFO  :    LAST_EVENT_RECEIVED: 660324
INFO  : HIVE:
INFO  :    CREATED_FILES: 1
INFO  :    DESERIALIZE_ERRORS: 0
INFO  :    RECORDS_IN_Map_1: 37500000
INFO  :    RECORDS_IN_Map_6: 375000000
INFO  :    RECORDS_OUT_0: 46
INFO  :    RECORDS_OUT_INTERMEDIATE_Map_1: 37500000
INFO  :    RECORDS_OUT_INTERMEDIATE_Map_6: 370968392
INFO  :    RECORDS_OUT_INTERMEDIATE_Reducer_2: 37500000
INFO  :    RECORDS_OUT_INTERMEDIATE_Reducer_3: 259
INFO  :    RECORDS_OUT_INTERMEDIATE_Reducer_4: 46
INFO  : Shuffle Errors:
INFO  :    BAD_ID: 0
INFO  :    CONNECTION: 0
INFO  :    IO_ERROR: 0
INFO  :    WRONG_LENGTH: 0
INFO  :    WRONG_MAP: 0
INFO  :    WRONG_REDUCE: 0
INFO  : Shuffle Errors_Reducer_3_INPUT_Reducer_2:
INFO  :    BAD_ID: 0
INFO  :    CONNECTION: 0
INFO  :    IO_ERROR: 0
INFO  :    WRONG_LENGTH: 0
INFO  :    WRONG_MAP: 0
INFO  :    WRONG_REDUCE: 0
INFO  : Shuffle Errors_Reducer_4_INPUT_Reducer_3:
INFO  :    BAD_ID: 0
INFO  :    CONNECTION: 0
INFO  :    IO_ERROR: 0
INFO  :    WRONG_LENGTH: 0
INFO  :    WRONG_MAP: 0
INFO  :    WRONG_REDUCE: 0
INFO  : Shuffle Errors_Reducer_5_INPUT_Reducer_4:
INFO  :    BAD_ID: 0
INFO  :    CONNECTION: 0
INFO  :    IO_ERROR: 0
INFO  :    WRONG_LENGTH: 0
INFO  :    WRONG_MAP: 0
INFO  :    WRONG_REDUCE: 0
INFO  : TaskCounter_Map_1_INPUT_customer:
INFO  :    INPUT_RECORDS_PROCESSED: 37500
INFO  :    INPUT_SPLIT_LENGTH_BYTES: 2852970960
INFO  : TaskCounter_Map_1_OUTPUT_Reducer_2:
INFO  :    ADDITIONAL_SPILLS_BYTES_READ: 0
INFO  :    ADDITIONAL_SPILLS_BYTES_WRITTEN: 0
INFO  :    ADDITIONAL_SPILL_COUNT: 0
INFO  :    OUTPUT_BYTES: 225000000
INFO  :    OUTPUT_BYTES_PHYSICAL: 197287357
INFO  :    OUTPUT_BYTES_WITH_OVERHEAD: 749999868
INFO  :    OUTPUT_LARGE_RECORDS: 0
INFO  :    OUTPUT_RECORDS: 37500000
INFO  :    SPILLED_RECORDS: 0
INFO  : TaskCounter_Map_6_INPUT_orders:
INFO  :    INPUT_RECORDS_PROCESSED: 375000
INFO  :    INPUT_SPLIT_LENGTH_BYTES: 14194909485
INFO  : TaskCounter_Map_6_OUTPUT_Reducer_2:
INFO  :    ADDITIONAL_SPILLS_BYTES_READ: 0
INFO  :    ADDITIONAL_SPILLS_BYTES_WRITTEN: 0
INFO  :    ADDITIONAL_SPILL_COUNT: 0
INFO  :    OUTPUT_BYTES: 4076487206
INFO  :    OUTPUT_BYTES_PHYSICAL: 4043296433
INFO  :    OUTPUT_BYTES_WITH_OVERHEAD: 8903241090
INFO  :    OUTPUT_LARGE_RECORDS: 0
INFO  :    OUTPUT_RECORDS: 370968392
INFO  :    SPILLED_RECORDS: 0
INFO  : TaskCounter_Reducer_2_INPUT_Map_1:
INFO  :    FIRST_EVENT_RECEIVED: 5412
INFO  :    INPUT_RECORDS_PROCESSED: 37500000
INFO  :    LAST_EVENT_RECEIVED: 65634
INFO  :    NUM_FAILED_SHUFFLE_INPUTS: 0
INFO  :    NUM_SHUFFLED_INPUTS: 52404
INFO  :    SHUFFLE_BYTES: 196029661
INFO  :    SHUFFLE_BYTES_DECOMPRESSED: 300314424
INFO  :    SHUFFLE_BYTES_DISK_DIRECT: 21902339
INFO  :    SHUFFLE_BYTES_TO_DISK: 0
INFO  :    SHUFFLE_BYTES_TO_MEM: 174127322
INFO  :    SHUFFLE_PHASE_TIME: 1479782
INFO  : TaskCounter_Reducer_2_INPUT_Map_6:
INFO  :    FIRST_EVENT_RECEIVED: 10721
INFO  :    INPUT_RECORDS_PROCESSED: 370968392
INFO  :    LAST_EVENT_RECEIVED: 577655
INFO  :    NUM_FAILED_SHUFFLE_INPUTS: 0
INFO  :    NUM_SHUFFLED_INPUTS: 52404
INFO  :    SHUFFLE_BYTES: 4042038737
INFO  :    SHUFFLE_BYTES_DECOMPRESSED: 4818738414
INFO  :    SHUFFLE_BYTES_DISK_DIRECT: 451195505
INFO  :    SHUFFLE_BYTES_TO_DISK: 0
INFO  :    SHUFFLE_BYTES_TO_MEM: 3590843232
INFO  :    SHUFFLE_PHASE_TIME: 2458469
INFO  : TaskCounter_Reducer_2_OUTPUT_Reducer_3:
INFO  :    ADDITIONAL_SPILLS_BYTES_READ: 0
INFO  :    ADDITIONAL_SPILLS_BYTES_WRITTEN: 0
INFO  :    ADDITIONAL_SPILL_COUNT: 0
INFO  :    OUTPUT_BYTES: 300000000
INFO  :    OUTPUT_BYTES_PHYSICAL: 228198053
INFO  :    OUTPUT_BYTES_WITH_OVERHEAD: 375161976
INFO  :    OUTPUT_RECORDS: 37500000
INFO  :    SHUFFLE_CHUNK_COUNT: 794
INFO  :    SPILLED_RECORDS: 37500000
INFO  : TaskCounter_Reducer_3_INPUT_Reducer_2:
INFO  :    ADDITIONAL_SPILLS_BYTES_READ: 186252359
INFO  :    ADDITIONAL_SPILLS_BYTES_WRITTEN: 7301032
INFO  :    COMBINE_INPUT_RECORDS: 0
INFO  :    FIRST_EVENT_RECEIVED: 10
INFO  :    LAST_EVENT_RECEIVED: 16835
INFO  :    MERGED_MAP_OUTPUTS: 8321311
INFO  :    MERGE_PHASE_TIME: 48767
INFO  :    NUM_DISK_TO_DISK_MERGES: 5
INFO  :    NUM_FAILED_SHUFFLE_INPUTS: 0
INFO  :    NUM_MEM_TO_DISK_MERGES: 0
INFO  :    NUM_SHUFFLED_INPUTS: 13498
INFO  :    NUM_SKIPPED_INPUTS: 13498
INFO  :    REDUCE_INPUT_GROUPS: 37500000
INFO  :    REDUCE_INPUT_RECORDS: 37500000
INFO  :    SHUFFLE_BYTES: 227928093
INFO  :    SHUFFLE_BYTES_DECOMPRESSED: 375080988
INFO  :    SHUFFLE_BYTES_DISK_DIRECT: 24538459
INFO  :    SHUFFLE_BYTES_TO_DISK: 0
INFO  :    SHUFFLE_BYTES_TO_MEM: 203389634
INFO  :    SHUFFLE_PHASE_TIME: 16856
INFO  :    SPILLED_RECORDS: 39871328
INFO  : TaskCounter_Reducer_3_OUTPUT_Reducer_4:
INFO  :    ADDITIONAL_SPILLS_BYTES_READ: 0
INFO  :    ADDITIONAL_SPILLS_BYTES_WRITTEN: 0
INFO  :    ADDITIONAL_SPILL_COUNT: 0
INFO  :    OUTPUT_BYTES: 3679
INFO  :    OUTPUT_BYTES_PHYSICAL: 3102
INFO  :    OUTPUT_BYTES_WITH_OVERHEAD: 4341
INFO  :    OUTPUT_RECORDS: 259
INFO  :    SHUFFLE_CHUNK_COUNT: 6
INFO  :    SPILLED_RECORDS: 259
INFO  : TaskCounter_Reducer_4_INPUT_Reducer_3:
INFO  :    ADDITIONAL_SPILLS_BYTES_READ: 1413
INFO  :    ADDITIONAL_SPILLS_BYTES_WRITTEN: 1413
INFO  :    COMBINE_INPUT_RECORDS: 0
INFO  :    FIRST_EVENT_RECEIVED: 1
INFO  :    LAST_EVENT_RECEIVED: 199
INFO  :    MERGED_MAP_OUTPUTS: 24
INFO  :    MERGE_PHASE_TIME: 203
INFO  :    NUM_DISK_TO_DISK_MERGES: 0
INFO  :    NUM_FAILED_SHUFFLE_INPUTS: 0
INFO  :    NUM_MEM_TO_DISK_MERGES: 0
INFO  :    NUM_SHUFFLED_INPUTS: 24
INFO  :    NUM_SKIPPED_INPUTS: 0
INFO  :    REDUCE_INPUT_GROUPS: 46
INFO  :    REDUCE_INPUT_RECORDS: 259
INFO  :    SHUFFLE_BYTES: 3102
INFO  :    SHUFFLE_BYTES_DECOMPRESSED: 4341
INFO  :    SHUFFLE_BYTES_DISK_DIRECT: 0
INFO  :    SHUFFLE_BYTES_TO_DISK: 0
INFO  :    SHUFFLE_BYTES_TO_MEM: 3102
INFO  :    SHUFFLE_PHASE_TIME: 201
INFO  :    SPILLED_RECORDS: 259
INFO  : TaskCounter_Reducer_4_OUTPUT_Reducer_5:
INFO  :    ADDITIONAL_SPILLS_BYTES_READ: 0
INFO  :    ADDITIONAL_SPILLS_BYTES_WRITTEN: 0
INFO  :    ADDITIONAL_SPILL_COUNT: 0
INFO  :    OUTPUT_BYTES: 874
INFO  :    OUTPUT_BYTES_PHYSICAL: 445
INFO  :    OUTPUT_BYTES_WITH_OVERHEAD: 972
INFO  :    OUTPUT_RECORDS: 46
INFO  :    SHUFFLE_CHUNK_COUNT: 1
INFO  :    SPILLED_RECORDS: 46
INFO  : TaskCounter_Reducer_5_INPUT_Reducer_4:
INFO  :    ADDITIONAL_SPILLS_BYTES_READ: 445
INFO  :    ADDITIONAL_SPILLS_BYTES_WRITTEN: 445
INFO  :    COMBINE_INPUT_RECORDS: 0
INFO  :    FIRST_EVENT_RECEIVED: 1
INFO  :    LAST_EVENT_RECEIVED: 1
INFO  :    MERGED_MAP_OUTPUTS: 1
INFO  :    MERGE_PHASE_TIME: 4
INFO  :    NUM_DISK_TO_DISK_MERGES: 0
INFO  :    NUM_FAILED_SHUFFLE_INPUTS: 0
INFO  :    NUM_MEM_TO_DISK_MERGES: 0
INFO  :    NUM_SHUFFLED_INPUTS: 1
INFO  :    NUM_SKIPPED_INPUTS: 0
INFO  :    REDUCE_INPUT_GROUPS: 46
INFO  :    REDUCE_INPUT_RECORDS: 46
INFO  :    SHUFFLE_BYTES: 445
INFO  :    SHUFFLE_BYTES_DECOMPRESSED: 972
INFO  :    SHUFFLE_BYTES_DISK_DIRECT: 0
INFO  :    SHUFFLE_BYTES_TO_DISK: 0
INFO  :    SHUFFLE_BYTES_TO_MEM: 445
INFO  :    SHUFFLE_PHASE_TIME: 3
INFO  :    SPILLED_RECORDS: 46
INFO  : TaskCounter_Reducer_5_OUTPUT_out_Reducer_5:
INFO  :    OUTPUT_RECORDS: 0
INFO  : org.apache.hadoop.hive.llap.counters.LlapIOCounters:
INFO  :    CACHE_HIT_BYTES: 8479117898
INFO  :    CACHE_MISS_BYTES: 0
INFO  :    CONSUMER_TIME_NS: 180410833231
INFO  :    DECODE_TIME_NS: 37431456757
INFO  :    HDFS_TIME_NS: 6165747
INFO  :    METADATA_CACHE_HIT: 1250
INFO  :    NUM_DECODED_BATCHES: 41433
INFO  :    NUM_VECTOR_BATCHES: 412500
INFO  :    ROWS_EMITTED: 412500000
INFO  :    SELECTED_ROWGROUPS: 41433
INFO  :    TOTAL_IO_TIME_NS: 38154522901
INFO  : Completed executing command(queryId=hive_20161005144118_64827d40-2447-49b0-a3cf-b6aa6c104cc1); Time taken: 23.749 seconds
INFO  : OK
46 rows selected (23.893 seconds)
Closing: 0: jdbc:hive2://h01hn02:10500/tpch_flat_orc_250
