Format csv is deprecated, please use csv2
Connecting to jdbc:hive2://h01hn02:10500/tpch_flat_orc_250
Connected to: Apache Hive (version 2.1.0.2.5.1.0-43)
Driver: Hive JDBC (version 1.2.1000.2.5.1.0-43)
Transaction isolation: TRANSACTION_REPEATABLE_READ
Running init script ../sample-queries-tpcds/bry.sql
No rows affected (0.036 seconds)
INFO  : Compiling command(queryId=hive_20161005150826_cb340bf6-f9a5-453b-b63b-bfc8512d11ac): select
	l_returnflag,
	l_linestatus,
	sum(l_quantity) as sum_qty,
	sum(l_extendedprice) as sum_base_price,
	sum(l_extendedprice * (1 - l_discount)) as sum_disc_price,
	sum(l_extendedprice * (1 - l_discount) * (1 + l_tax)) as sum_charge,
	avg(l_quantity) as avg_qty,
	avg(l_extendedprice) as avg_price,
	avg(l_discount) as avg_disc,
	count(*) as count_order
from
	lineitem
where
	l_shipdate <= '1998-09-16'
group by
	l_returnflag,
	l_linestatus
order by
	l_returnflag,
	l_linestatus
INFO  : Semantic Analysis Completed
INFO  : Returning Hive schema: Schema(fieldSchemas:[FieldSchema(name:l_returnflag, type:string, comment:null), FieldSchema(name:l_linestatus, type:string, comment:null), FieldSchema(name:sum_qty, type:double, comment:null), FieldSchema(name:sum_base_price, type:double, comment:null), FieldSchema(name:sum_disc_price, type:double, comment:null), FieldSchema(name:sum_charge, type:double, comment:null), FieldSchema(name:avg_qty, type:double, comment:null), FieldSchema(name:avg_price, type:double, comment:null), FieldSchema(name:avg_disc, type:double, comment:null), FieldSchema(name:count_order, type:bigint, comment:null)], properties:null)
INFO  : Completed compiling command(queryId=hive_20161005150826_cb340bf6-f9a5-453b-b63b-bfc8512d11ac); Time taken: 0.221 seconds
INFO  : Concurrency mode is disabled, not creating a lock manager
INFO  : Executing command(queryId=hive_20161005150826_cb340bf6-f9a5-453b-b63b-bfc8512d11ac): select
	l_returnflag,
	l_linestatus,
	sum(l_quantity) as sum_qty,
	sum(l_extendedprice) as sum_base_price,
	sum(l_extendedprice * (1 - l_discount)) as sum_disc_price,
	sum(l_extendedprice * (1 - l_discount) * (1 + l_tax)) as sum_charge,
	avg(l_quantity) as avg_qty,
	avg(l_extendedprice) as avg_price,
	avg(l_discount) as avg_disc,
	count(*) as count_order
from
	lineitem
where
	l_shipdate <= '1998-09-16'
group by
	l_returnflag,
	l_linestatus
order by
	l_returnflag,
	l_linestatus
INFO  : Query ID = hive_20161005150826_cb340bf6-f9a5-453b-b63b-bfc8512d11ac
INFO  : Total jobs = 1
INFO  : Launching Job 1 out of 1
INFO  : Starting task [Stage-1:MAPRED] in serial mode
INFO  : Session is already open
INFO  : Dag name: select
	l_returnflag,...nflag,
	l_linestatus(Stage-1)
INFO  : 

INFO  : Status: Running (Executing on YARN cluster with App id application_1475694383065_0020)

INFO  : Map 1: 0/67	Reducer 2: 0/2	Reducer 3: 0/1	
INFO  : Map 1: 0(+46)/67	Reducer 2: 0/2	Reducer 3: 0/1	
INFO  : Map 1: 1(+66)/67	Reducer 2: 0/2	Reducer 3: 0/1	
INFO  : Map 1: 2(+65)/67	Reducer 2: 0/2	Reducer 3: 0/1	
INFO  : Map 1: 3(+64)/67	Reducer 2: 0/2	Reducer 3: 0/1	
INFO  : Map 1: 4(+63)/67	Reducer 2: 0/2	Reducer 3: 0/1	
INFO  : Map 1: 5(+62)/67	Reducer 2: 0/2	Reducer 3: 0/1	
INFO  : Map 1: 6(+61)/67	Reducer 2: 0/2	Reducer 3: 0/1	
INFO  : Map 1: 7(+60)/67	Reducer 2: 0/2	Reducer 3: 0/1	
INFO  : Map 1: 8(+59)/67	Reducer 2: 0/2	Reducer 3: 0/1	
INFO  : Map 1: 9(+58)/67	Reducer 2: 0/2	Reducer 3: 0/1	
INFO  : Map 1: 11(+56)/67	Reducer 2: 0/2	Reducer 3: 0/1	
INFO  : Map 1: 12(+55)/67	Reducer 2: 0/2	Reducer 3: 0/1	
INFO  : Map 1: 14(+53)/67	Reducer 2: 0/2	Reducer 3: 0/1	
INFO  : Map 1: 16(+51)/67	Reducer 2: 0/2	Reducer 3: 0/1	
INFO  : Map 1: 48(+19)/67	Map 2: 0(+65)/65	Reducer 3: 0/1	
INFO  : Map 1: 20(+47)/67	Reducer 2: 0/2	Reducer 3: 0/1	
INFO  : Map 1: 49(+18)/67	Map 2: 0(+65)/65	Reducer 3: 0/1	
INFO  : Map 1: 22(+45)/67	Reducer 2: 0/2	Reducer 3: 0/1	
INFO  : Map 1: 26(+41)/67	Reducer 2: 0/2	Reducer 3: 0/1	
INFO  : Map 1: 29(+38)/67	Reducer 2: 0/2	Reducer 3: 0/1	
INFO  : Map 1: 32(+35)/67	Reducer 2: 0/2	Reducer 3: 0/1	
INFO  : Map 1: 37(+30)/67	Reducer 2: 0/2	Reducer 3: 0/1	
INFO  : Map 1: 40(+27)/67	Reducer 2: 0/2	Reducer 3: 0/1	
INFO  : Map 1: 50(+17)/67	Reducer 2: 0/2	Reducer 3: 0/1	
INFO  : Map 1: 54(+13)/67	Reducer 2: 0(+1)/1	Reducer 3: 0/1	
INFO  : Map 1: 55(+12)/67	Reducer 2: 0(+1)/1	Reducer 3: 0/1	
INFO  : Map 1: 56(+11)/67	Reducer 2: 0(+1)/1	Reducer 3: 0/1	
INFO  : Map 1: 58(+9)/67	Reducer 2: 0(+1)/1	Reducer 3: 0/1	
INFO  : Map 1: 60(+7)/67	Reducer 2: 0(+1)/1	Reducer 3: 0/1	
INFO  : Map 1: 61(+6)/67	Reducer 2: 0(+1)/1	Reducer 3: 0/1	
INFO  : Map 1: 63(+4)/67	Reducer 2: 0(+1)/1	Reducer 3: 0/1	
INFO  : Map 1: 64(+3)/67	Reducer 2: 0(+1)/1	Reducer 3: 0/1	
INFO  : Map 1: 65(+2)/67	Reducer 2: 0(+1)/1	Reducer 3: 0/1	
INFO  : Map 1: 67/67	Reducer 2: 0(+1)/1	Reducer 3: 0/1	
INFO  : Map 1: 67/67	Reducer 2: 1/1	Reducer 3: 0(+1)/1	
INFO  : Map 1: 67/67	Reducer 2: 1/1	Reducer 3: 1/1	
INFO  : Status: DAG finished successfully in 19.41 seconds
INFO  : 
INFO  : Query Execution Summary
INFO  : ----------------------------------------------------------------------------------------------
INFO  : ----------------------------------------------------------------------------------------------
INFO  : Compile Query                           0.22s
INFO  : Prepare Plan                            0.31s
INFO  : Submit Plan                             0.54s
INFO  : Start DAG                               0.23s
INFO  : Run DAG                                19.41s
INFO  : ----------------------------------------------------------------------------------------------
INFO  : 
INFO  : Task Execution Summary
INFO  : --------------------------------------------------------------------------------------------------------------------------------
INFO  : --------------------------------------------------------------------------------------------------------------------------------
INFO  :      Map 1           67                0             0       18221.00             0            0  1,500,000,714             268
INFO  :  Reducer 2            1                0            16        7844.00             0            0            268               4
INFO  :  Reducer 3            1                0             0         177.00             0            0              4               0
INFO  : --------------------------------------------------------------------------------------------------------------------------------
INFO  : 
INFO  : LLAP IO Summary
INFO  : ----------------------------------------------------------------------------------------------
INFO  : ----------------------------------------------------------------------------------------------
INFO  :      Map 1    150873       250       1750   17.73GB     3.49GB     14.20GB  12.55GB   679.33s
INFO  : ----------------------------------------------------------------------------------------------
INFO  : 
INFO  : FileSystem Counters Summary
INFO  : 
INFO  : ----------------------------------------------------------------------------------------------
INFO  : ----------------------------------------------------------------------------------------------
INFO  :      Map 1          7.50KB             0                  0            25.08KB             0
INFO  :  Reducer 2             64B             0                  0               332B             0
INFO  :  Reducer 3              0B             0                  0                 0B             0
INFO  : ----------------------------------------------------------------------------------------------
INFO  : 
INFO  : ----------------------------------------------------------------------------------------------
INFO  : ----------------------------------------------------------------------------------------------
INFO  :      Map 1          3.49GB           500                  0                 0B             0
INFO  :  Reducer 2              0B             0                  0                 0B             0
INFO  :  Reducer 3              0B             2                  0               737B             2
INFO  : ----------------------------------------------------------------------------------------------
INFO  : 
INFO  : org.apache.tez.common.counters.DAGCounter:
INFO  :    NUM_KILLED_TASKS: 16
INFO  :    NUM_SUCCEEDED_TASKS: 69
INFO  :    TOTAL_LAUNCHED_TASKS: 85
INFO  :    DATA_LOCAL_TASKS: 67
INFO  :    AM_CPU_MILLISECONDS: 8890
INFO  :    AM_GC_TIME_MILLIS: 0
INFO  : File System Counters:
INFO  :    FILE_BYTES_READ: 7568
INFO  :    FILE_BYTES_WRITTEN: 25411
INFO  :    FILE_READ_OPS: 0
INFO  :    FILE_LARGE_READ_OPS: 0
INFO  :    FILE_WRITE_OPS: 0
INFO  :    HDFS_BYTES_READ: 3491112048
INFO  :    HDFS_BYTES_WRITTEN: 737
INFO  :    HDFS_READ_OPS: 502
INFO  :    HDFS_LARGE_READ_OPS: 0
INFO  :    HDFS_WRITE_OPS: 2
INFO  : org.apache.tez.common.counters.TaskCounter:
INFO  :    REDUCE_INPUT_GROUPS: 8
INFO  :    REDUCE_INPUT_RECORDS: 272
INFO  :    COMBINE_INPUT_RECORDS: 0
INFO  :    SPILLED_RECORDS: 544
INFO  :    NUM_SHUFFLED_INPUTS: 135
INFO  :    NUM_SKIPPED_INPUTS: 0
INFO  :    NUM_FAILED_SHUFFLE_INPUTS: 0
INFO  :    MERGED_MAP_OUTPUTS: 135
INFO  :    INPUT_RECORDS_PROCESSED: 1500105
INFO  :    INPUT_SPLIT_LENGTH_BYTES: 58902255143
INFO  :    OUTPUT_RECORDS: 272
INFO  :    OUTPUT_BYTES: 25715
INFO  :    OUTPUT_BYTES_WITH_OVERHEAD: 27069
INFO  :    OUTPUT_BYTES_PHYSICAL: 21627
INFO  :    ADDITIONAL_SPILLS_BYTES_WRITTEN: 15174
INFO  :    ADDITIONAL_SPILLS_BYTES_READ: 17086
INFO  :    ADDITIONAL_SPILL_COUNT: 0
INFO  :    SHUFFLE_CHUNK_COUNT: 68
INFO  :    SHUFFLE_BYTES: 21627
INFO  :    SHUFFLE_BYTES_DECOMPRESSED: 27069
INFO  :    SHUFFLE_BYTES_TO_MEM: 19715
INFO  :    SHUFFLE_BYTES_TO_DISK: 0
INFO  :    SHUFFLE_BYTES_DISK_DIRECT: 1912
INFO  :    NUM_MEM_TO_DISK_MERGES: 0
INFO  :    NUM_DISK_TO_DISK_MERGES: 0
INFO  :    SHUFFLE_PHASE_TIME: 1932
INFO  :    MERGE_PHASE_TIME: 1960
INFO  :    FIRST_EVENT_RECEIVED: 17
INFO  :    LAST_EVENT_RECEIVED: 1174
INFO  : HIVE:
INFO  :    CREATED_FILES: 1
INFO  :    DESERIALIZE_ERRORS: 0
INFO  :    RECORDS_IN_Map_1: 1500000714
INFO  :    RECORDS_OUT_0: 4
INFO  :    RECORDS_OUT_INTERMEDIATE_Map_1: 268
INFO  :    RECORDS_OUT_INTERMEDIATE_Reducer_2: 4
INFO  : Shuffle Errors:
INFO  :    BAD_ID: 0
INFO  :    CONNECTION: 0
INFO  :    IO_ERROR: 0
INFO  :    WRONG_LENGTH: 0
INFO  :    WRONG_MAP: 0
INFO  :    WRONG_REDUCE: 0
INFO  : Shuffle Errors_Reducer_2_INPUT_Map_1:
INFO  :    BAD_ID: 0
INFO  :    CONNECTION: 0
INFO  :    IO_ERROR: 0
INFO  :    WRONG_LENGTH: 0
INFO  :    WRONG_MAP: 0
INFO  :    WRONG_REDUCE: 0
INFO  : Shuffle Errors_Reducer_3_INPUT_Reducer_2:
INFO  :    BAD_ID: 0
INFO  :    CONNECTION: 0
INFO  :    IO_ERROR: 0
INFO  :    WRONG_LENGTH: 0
INFO  :    WRONG_MAP: 0
INFO  :    WRONG_REDUCE: 0
INFO  : TaskCounter_Map_1_INPUT_lineitem:
INFO  :    INPUT_RECORDS_PROCESSED: 1500105
INFO  :    INPUT_SPLIT_LENGTH_BYTES: 58902255143
INFO  : TaskCounter_Map_1_OUTPUT_Reducer_2:
INFO  :    ADDITIONAL_SPILLS_BYTES_READ: 0
INFO  :    ADDITIONAL_SPILLS_BYTES_WRITTEN: 0
INFO  :    ADDITIONAL_SPILL_COUNT: 0
INFO  :    OUTPUT_BYTES: 25440
INFO  :    OUTPUT_BYTES_PHYSICAL: 21327
INFO  :    OUTPUT_BYTES_WITH_OVERHEAD: 26780
INFO  :    OUTPUT_RECORDS: 268
INFO  :    SHUFFLE_CHUNK_COUNT: 67
INFO  :    SPILLED_RECORDS: 268
INFO  : TaskCounter_Reducer_2_INPUT_Map_1:
INFO  :    ADDITIONAL_SPILLS_BYTES_READ: 16786
INFO  :    ADDITIONAL_SPILLS_BYTES_WRITTEN: 14874
INFO  :    COMBINE_INPUT_RECORDS: 0
INFO  :    FIRST_EVENT_RECEIVED: 11
INFO  :    LAST_EVENT_RECEIVED: 1168
INFO  :    MERGED_MAP_OUTPUTS: 134
INFO  :    MERGE_PHASE_TIME: 1894
INFO  :    NUM_DISK_TO_DISK_MERGES: 0
INFO  :    NUM_FAILED_SHUFFLE_INPUTS: 0
INFO  :    NUM_MEM_TO_DISK_MERGES: 0
INFO  :    NUM_SHUFFLED_INPUTS: 134
INFO  :    NUM_SKIPPED_INPUTS: 0
INFO  :    REDUCE_INPUT_GROUPS: 4
INFO  :    REDUCE_INPUT_RECORDS: 268
INFO  :    SHUFFLE_BYTES: 21327
INFO  :    SHUFFLE_BYTES_DECOMPRESSED: 26780
INFO  :    SHUFFLE_BYTES_DISK_DIRECT: 1912
INFO  :    SHUFFLE_BYTES_TO_DISK: 0
INFO  :    SHUFFLE_BYTES_TO_MEM: 19415
INFO  :    SHUFFLE_PHASE_TIME: 1872
INFO  :    SPILLED_RECORDS: 268
INFO  : TaskCounter_Reducer_2_OUTPUT_Reducer_3:
INFO  :    ADDITIONAL_SPILLS_BYTES_READ: 0
INFO  :    ADDITIONAL_SPILLS_BYTES_WRITTEN: 0
INFO  :    ADDITIONAL_SPILL_COUNT: 0
INFO  :    OUTPUT_BYTES: 275
INFO  :    OUTPUT_BYTES_PHYSICAL: 300
INFO  :    OUTPUT_BYTES_WITH_OVERHEAD: 289
INFO  :    OUTPUT_RECORDS: 4
INFO  :    SHUFFLE_CHUNK_COUNT: 1
INFO  :    SPILLED_RECORDS: 4
INFO  : TaskCounter_Reducer_3_INPUT_Reducer_2:
INFO  :    ADDITIONAL_SPILLS_BYTES_READ: 300
INFO  :    ADDITIONAL_SPILLS_BYTES_WRITTEN: 300
INFO  :    COMBINE_INPUT_RECORDS: 0
INFO  :    FIRST_EVENT_RECEIVED: 6
INFO  :    LAST_EVENT_RECEIVED: 6
INFO  :    MERGED_MAP_OUTPUTS: 1
INFO  :    MERGE_PHASE_TIME: 66
INFO  :    NUM_DISK_TO_DISK_MERGES: 0
INFO  :    NUM_FAILED_SHUFFLE_INPUTS: 0
INFO  :    NUM_MEM_TO_DISK_MERGES: 0
INFO  :    NUM_SHUFFLED_INPUTS: 1
INFO  :    NUM_SKIPPED_INPUTS: 0
INFO  :    REDUCE_INPUT_GROUPS: 4
INFO  :    REDUCE_INPUT_RECORDS: 4
INFO  :    SHUFFLE_BYTES: 300
INFO  :    SHUFFLE_BYTES_DECOMPRESSED: 289
INFO  :    SHUFFLE_BYTES_DISK_DIRECT: 0
INFO  :    SHUFFLE_BYTES_TO_DISK: 0
INFO  :    SHUFFLE_BYTES_TO_MEM: 300
INFO  :    SHUFFLE_PHASE_TIME: 60
INFO  :    SPILLED_RECORDS: 4
INFO  : TaskCounter_Reducer_3_OUTPUT_out_Reducer_3:
INFO  :    OUTPUT_RECORDS: 0
INFO  : org.apache.hadoop.hive.llap.counters.LlapIOCounters:
INFO  :    ALLOCATED_BYTES: 14202175488
INFO  :    ALLOCATED_USED_BYTES: 12551563874
INFO  :    CACHE_HIT_BYTES: 17726061977
INFO  :    CACHE_MISS_BYTES: 3486707478
INFO  :    CONSUMER_TIME_NS: 649336401429
INFO  :    DECODE_TIME_NS: 446682597103
INFO  :    HDFS_TIME_NS: 65880760982
INFO  :    METADATA_CACHE_HIT: 250
INFO  :    METADATA_CACHE_MISS: 1750
INFO  :    NUM_DECODED_BATCHES: 150873
INFO  :    NUM_VECTOR_BATCHES: 1500105
INFO  :    ROWS_EMITTED: 1500000714
INFO  :    SELECTED_ROWGROUPS: 150873
INFO  :    TOTAL_IO_TIME_NS: 679328616169
INFO  : Completed executing command(queryId=hive_20161005150826_cb340bf6-f9a5-453b-b63b-bfc8512d11ac); Time taken: 20.567 seconds
INFO  : OK
4 rows selected (20.886 seconds)
Closing: 0: jdbc:hive2://h01hn02:10500/tpch_flat_orc_250
