Format csv is deprecated, please use csv2
Connecting to jdbc:hive2://h01hn02:10500/tpch_flat_orc_250
Connected to: Apache Hive (version 2.1.0.2.5.1.0-43)
Driver: Hive JDBC (version 1.2.1000.2.5.1.0-43)
Transaction isolation: TRANSACTION_REPEATABLE_READ
Running init script ../sample-queries-tpcds/bry.sql
No rows affected (0.035 seconds)
INFO  : Compiling command(queryId=hive_20161005145630_da6a6fc7-9450-4a19-9959-e58aaf086bfd): select
	o_year,
	sum(case
		when nation = 'PERU' then volume
		else 0
	end) / sum(volume) as mkt_share
from
	(
		select
			year(o_orderdate) as o_year,
			l_extendedprice * (1 - l_discount) as volume,
			n2.n_name as nation
		from
			part,
			supplier,
			lineitem,
			orders,
			customer,
			nation n1,
			nation n2,
			region
		where
			p_partkey = l_partkey
			and s_suppkey = l_suppkey
			and l_orderkey = o_orderkey
			and o_custkey = c_custkey
			and c_nationkey = n1.n_nationkey
			and n1.n_regionkey = r_regionkey
			and r_name = 'AMERICA'
			and s_nationkey = n2.n_nationkey
			and o_orderdate between '1995-01-01' and '1996-12-31'
			and p_type = 'ECONOMY BURNISHED NICKEL'
	) as all_nations
group by
	o_year
order by
	o_year
INFO  : Semantic Analysis Completed
INFO  : Returning Hive schema: Schema(fieldSchemas:[FieldSchema(name:o_year, type:int, comment:null), FieldSchema(name:mkt_share, type:double, comment:null)], properties:null)
INFO  : Completed compiling command(queryId=hive_20161005145630_da6a6fc7-9450-4a19-9959-e58aaf086bfd); Time taken: 0.43 seconds
INFO  : Concurrency mode is disabled, not creating a lock manager
INFO  : Executing command(queryId=hive_20161005145630_da6a6fc7-9450-4a19-9959-e58aaf086bfd): select
	o_year,
	sum(case
		when nation = 'PERU' then volume
		else 0
	end) / sum(volume) as mkt_share
from
	(
		select
			year(o_orderdate) as o_year,
			l_extendedprice * (1 - l_discount) as volume,
			n2.n_name as nation
		from
			part,
			supplier,
			lineitem,
			orders,
			customer,
			nation n1,
			nation n2,
			region
		where
			p_partkey = l_partkey
			and s_suppkey = l_suppkey
			and l_orderkey = o_orderkey
			and o_custkey = c_custkey
			and c_nationkey = n1.n_nationkey
			and n1.n_regionkey = r_regionkey
			and r_name = 'AMERICA'
			and s_nationkey = n2.n_nationkey
			and o_orderdate between '1995-01-01' and '1996-12-31'
			and p_type = 'ECONOMY BURNISHED NICKEL'
	) as all_nations
group by
	o_year
order by
	o_year
INFO  : Query ID = hive_20161005145630_da6a6fc7-9450-4a19-9959-e58aaf086bfd
INFO  : Total jobs = 1
INFO  : Launching Job 1 out of 1
INFO  : Starting task [Stage-1:MAPRED] in serial mode
INFO  : Session is already open
INFO  : Dag name: select
	o_year,
	sum(case
		whe...by
	o_year(Stage-1)
INFO  : Setting tez.task.scale.memory.reserve-fraction to 0.30000001192092896
INFO  : Setting tez.task.scale.memory.reserve-fraction to 0.30000001192092896
INFO  : Setting tez.task.scale.memory.reserve-fraction to 0.30000001192092896
INFO  : Setting tez.task.scale.memory.reserve-fraction to 0.30000001192092896
INFO  : 

INFO  : Status: Running (Executing on YARN cluster with App id application_1475694383065_0006)

INFO  : Map 1: 0(+7)/7	Map 10: 1/1	Map 2: 1/1	Map 3: 0(+67)/67	Map 4: 52(+13)/65	Map 5: 1(+65)/66	Map 6: 0(+66)/66	Map 9: 1/1	Reducer 7: 0/2	Reducer 8: 0/1	
INFO  : Map 1: 0(+7)/7	Map 10: 1/1	Map 2: 1/1	Map 3: 0(+67)/67	Map 4: 58(+7)/65	Map 5: 21(+45)/66	Map 6: 0(+66)/66	Map 9: 1/1	Reducer 7: 0/2	Reducer 8: 0/1	
INFO  : Map 1: 5(+2)/7	Map 10: 1/1	Map 2: 1/1	Map 3: 0(+67)/67	Map 4: 65/65	Map 5: 44(+22)/66	Map 6: 0(+66)/66	Map 9: 1/1	Reducer 7: 0/2	Reducer 8: 0/1	
INFO  : Map 1: 6(+1)/7	Map 10: 1/1	Map 2: 1/1	Map 3: 0(+67)/67	Map 4: 65/65	Map 5: 55(+11)/66	Map 6: 0(+66)/66	Map 9: 1/1	Reducer 7: 0/2	Reducer 8: 0/1	
INFO  : Map 1: 6(+1)/7	Map 10: 1/1	Map 2: 1/1	Map 3: 0(+67)/67	Map 4: 65/65	Map 5: 58(+8)/66	Map 6: 0(+66)/66	Map 9: 1/1	Reducer 7: 0/2	Reducer 8: 0/1	
INFO  : Map 1: 6(+1)/7	Map 10: 1/1	Map 2: 1/1	Map 3: 3(+64)/67	Map 4: 65/65	Map 5: 58(+8)/66	Map 6: 0(+66)/66	Map 9: 1/1	Reducer 7: 0/2	Reducer 8: 0/1	
INFO  : Map 1: 6(+1)/7	Map 10: 1/1	Map 2: 1/1	Map 3: 4(+63)/67	Map 4: 65/65	Map 5: 58(+8)/66	Map 6: 0(+66)/66	Map 9: 1/1	Reducer 7: 0/2	Reducer 8: 0/1	
INFO  : Map 1: 7/7	Map 10: 1/1	Map 2: 1/1	Map 3: 4(+63)/67	Map 4: 65/65	Map 5: 64(+2)/66	Map 6: 0(+66)/66	Map 9: 1/1	Reducer 7: 0/2	Reducer 8: 0/1	
INFO  : Map 1: 7/7	Map 10: 1/1	Map 2: 1/1	Map 3: 6(+61)/67	Map 4: 65/65	Map 5: 64(+2)/66	Map 6: 0(+66)/66	Map 9: 1/1	Reducer 7: 0/2	Reducer 8: 0/1	
INFO  : Map 1: 7/7	Map 10: 1/1	Map 2: 1/1	Map 3: 8(+59)/67	Map 4: 65/65	Map 5: 64(+2)/66	Map 6: 0(+66)/66	Map 9: 1/1	Reducer 7: 0/2	Reducer 8: 0/1	
INFO  : Map 1: 7/7	Map 10: 1/1	Map 2: 1/1	Map 3: 18(+49)/67	Map 4: 65/65	Map 5: 66/66	Map 6: 0(+66)/66	Map 9: 1/1	Reducer 7: 0/2	Reducer 8: 0/1	
INFO  : Map 1: 7/7	Map 10: 1/1	Map 2: 1/1	Map 3: 39(+28)/67	Map 4: 65/65	Map 5: 66/66	Map 6: 0(+66)/66	Map 9: 1/1	Reducer 7: 0/2	Reducer 8: 0/1	
INFO  : Map 1: 7/7	Map 10: 1/1	Map 2: 1/1	Map 3: 47(+20)/67	Map 4: 65/65	Map 5: 66/66	Map 6: 0(+66)/66	Map 9: 1/1	Reducer 7: 0/2	Reducer 8: 0/1	
INFO  : Map 1: 7/7	Map 10: 1/1	Map 2: 1/1	Map 3: 48(+19)/67	Map 4: 65/65	Map 5: 66/66	Map 6: 0(+66)/66	Map 9: 1/1	Reducer 7: 0/2	Reducer 8: 0/1	
INFO  : Map 1: 7/7	Map 10: 1/1	Map 2: 1/1	Map 3: 56(+11)/67	Map 4: 65/65	Map 5: 66/66	Map 6: 0(+66)/66	Map 9: 1/1	Reducer 7: 0/2	Reducer 8: 0/1	
INFO  : Map 1: 7/7	Map 10: 1/1	Map 2: 1/1	Map 3: 61(+6)/67	Map 4: 65/65	Map 5: 66/66	Map 6: 0(+66)/66	Map 9: 1/1	Reducer 7: 0/2	Reducer 8: 0/1	
INFO  : Map 1: 7/7	Map 10: 1/1	Map 2: 1/1	Map 3: 67/67	Map 4: 65/65	Map 5: 66/66	Map 6: 0(+66)/66	Map 9: 1/1	Reducer 7: 0/2	Reducer 8: 0/1	
INFO  : Map 1: 7/7	Map 10: 1/1	Map 2: 1/1	Map 3: 67/67	Map 4: 65/65	Map 5: 66/66	Map 6: 0(+66)/66	Map 9: 1/1	Reducer 7: 0/2	Reducer 8: 0/1	
INFO  : Map 1: 7/7	Map 10: 1/1	Map 2: 1/1	Map 3: 67/67	Map 4: 65/65	Map 5: 66/66	Map 6: 0(+66)/66	Map 9: 1/1	Reducer 7: 0/2	Reducer 8: 0/1	
INFO  : Map 1: 7/7	Map 10: 1/1	Map 2: 1/1	Map 3: 67/67	Map 4: 65/65	Map 5: 66/66	Map 6: 0(+66)/66	Map 9: 1/1	Reducer 7: 0/2	Reducer 8: 0/1	
INFO  : Map 1: 7/7	Map 10: 1/1	Map 2: 1/1	Map 3: 67/67	Map 4: 65/65	Map 5: 66/66	Map 6: 2(+64)/66	Map 9: 1/1	Reducer 7: 0/2	Reducer 8: 0/1	
INFO  : Map 1: 7/7	Map 10: 1/1	Map 2: 1/1	Map 3: 67/67	Map 4: 65/65	Map 5: 66/66	Map 6: 14(+52)/66	Map 9: 1/1	Reducer 7: 0/2	Reducer 8: 0/1	
INFO  : Map 1: 7/7	Map 10: 1/1	Map 2: 1/1	Map 3: 67/67	Map 4: 65/65	Map 5: 66/66	Map 6: 22(+44)/66	Map 9: 1/1	Reducer 7: 0/2	Reducer 8: 0/1	
INFO  : Map 1: 7/7	Map 10: 1/1	Map 2: 1/1	Map 3: 67/67	Map 4: 65/65	Map 5: 66/66	Map 6: 29(+37)/66	Map 9: 1/1	Reducer 7: 0/2	Reducer 8: 0/1	
INFO  : Map 1: 7/7	Map 10: 1/1	Map 2: 1/1	Map 3: 67/67	Map 4: 65/65	Map 5: 66/66	Map 6: 30(+36)/66	Map 9: 1/1	Reducer 7: 0/2	Reducer 8: 0/1	
INFO  : Map 1: 7/7	Map 10: 1/1	Map 2: 1/1	Map 3: 67/67	Map 4: 65/65	Map 5: 66/66	Map 6: 38(+28)/66	Map 9: 1/1	Reducer 7: 0/2	Reducer 8: 0/1	
INFO  : Map 1: 7/7	Map 10: 1/1	Map 2: 1/1	Map 3: 67/67	Map 4: 65/65	Map 5: 66/66	Map 6: 45(+21)/66	Map 9: 1/1	Reducer 7: 0/2	Reducer 8: 0/1	
INFO  : Map 1: 7/7	Map 10: 1/1	Map 2: 1/1	Map 3: 67/67	Map 4: 65/65	Map 5: 66/66	Map 6: 53(+13)/66	Map 9: 1/1	Reducer 7: 0(+1)/1	Reducer 8: 0/1	
INFO  : Map 1: 7/7	Map 10: 1/1	Map 2: 1/1	Map 3: 67/67	Map 4: 65/65	Map 5: 66/66	Map 6: 54(+12)/66	Map 9: 1/1	Reducer 7: 0(+1)/1	Reducer 8: 0/1	
INFO  : Map 1: 7/7	Map 10: 1/1	Map 2: 1/1	Map 3: 67/67	Map 4: 65/65	Map 5: 66/66	Map 6: 59(+7)/66	Map 9: 1/1	Reducer 7: 0(+1)/1	Reducer 8: 0/1	
INFO  : Map 1: 7/7	Map 10: 1/1	Map 2: 1/1	Map 3: 67/67	Map 4: 65/65	Map 5: 66/66	Map 6: 60(+6)/66	Map 9: 1/1	Reducer 7: 0(+1)/1	Reducer 8: 0/1	
INFO  : Map 1: 7/7	Map 10: 1/1	Map 2: 1/1	Map 3: 67/67	Map 4: 65/65	Map 5: 66/66	Map 6: 66/66	Map 9: 1/1	Reducer 7: 0(+1)/1	Reducer 8: 0/1	
INFO  : Map 1: 7/7	Map 10: 1/1	Map 2: 1/1	Map 3: 67/67	Map 4: 65/65	Map 5: 66/66	Map 6: 66/66	Map 9: 1/1	Reducer 7: 1/1	Reducer 8: 1/1	
INFO  : Status: DAG finished successfully in 18.28 seconds
INFO  : 
INFO  : Query Execution Summary
INFO  : ----------------------------------------------------------------------------------------------
INFO  : ----------------------------------------------------------------------------------------------
INFO  : Compile Query                           0.43s
INFO  : Prepare Plan                            0.25s
INFO  : Submit Plan                             0.11s
INFO  : Start DAG                               0.20s
INFO  : Run DAG                                18.28s
INFO  : ----------------------------------------------------------------------------------------------
INFO  : 
INFO  : Task Execution Summary
INFO  : --------------------------------------------------------------------------------------------------------------------------------
INFO  : --------------------------------------------------------------------------------------------------------------------------------
INFO  :      Map 1            7                0             0        1607.00             0            0      2,500,025       2,500,000
INFO  :     Map 10            1                0             0           0.00             0            0              5               1
INFO  :      Map 2            1                0             0           0.00             0            0             25              25
INFO  :      Map 3           67                0             0        4619.00             0            0  1,500,333,035       9,970,226
INFO  :      Map 4           65                0             0         402.00             0            0     50,000,000         332,321
INFO  :      Map 5           66                0             0        2611.00             0            0     37,500,000      37,500,000
INFO  :      Map 6           66                0             0       18073.00             0            0    424,970,231             132
INFO  :      Map 9            1                0             0           0.00             0            0             26               5
INFO  :  Reducer 7            1                0             0        2015.00             0            0            132               2
INFO  :  Reducer 8            1                0             0           0.00             0            0              2               0
INFO  : --------------------------------------------------------------------------------------------------------------------------------
INFO  : 
INFO  : LLAP IO Summary
INFO  : ----------------------------------------------------------------------------------------------
INFO  : ----------------------------------------------------------------------------------------------
INFO  :      Map 1       250        22          0    2.56MB         0B          0B       0B     0.10s
INFO  :     Map 10         1         2          0       52B         0B          0B       0B     0.00s
INFO  :      Map 2         1         2          0      205B         0B          0B       0B     0.00s
INFO  :      Map 3    150873      2000          0   23.81GB         0B          0B       0B   174.82s
INFO  :      Map 4      5000       250          0   50.72MB         0B          0B       0B     3.17s
INFO  :      Map 5      3750       500          0   37.94MB         0B          0B       0B     1.83s
INFO  :      Map 6     37683       750          0    2.28GB         0B          0B       0B    22.98s
INFO  :      Map 9         1         2          0       30B         0B          0B       0B     0.00s
INFO  : ----------------------------------------------------------------------------------------------
INFO  : 
INFO  : FileSystem Counters Summary
INFO  : 
INFO  : ----------------------------------------------------------------------------------------------
INFO  : ----------------------------------------------------------------------------------------------
INFO  :      Map 1              0B             0                  0            15.08MB             0
INFO  :     Map 10              0B             0                  0                59B             0
INFO  :      Map 2              0B             0                  0               397B             0
INFO  :      Map 3              0B             0                  0           169.37MB             0
INFO  :      Map 4              0B             0                  0             1.60MB             0
INFO  :      Map 5              0B             0                  0           160.55MB             0
INFO  :      Map 6          7.39KB             0                  0             9.64KB             0
INFO  :      Map 9              0B             0                  0                78B             0
INFO  :  Reducer 7             64B             0                  0                83B             0
INFO  :  Reducer 8              0B             0                  0                 0B             0
INFO  : ----------------------------------------------------------------------------------------------
INFO  : 
INFO  : ----------------------------------------------------------------------------------------------
INFO  : ----------------------------------------------------------------------------------------------
INFO  :      Map 1              0B             0                  0                 0B             0
INFO  :     Map 10              0B             0                  0                 0B             0
INFO  :      Map 2              0B             0                  0                 0B             0
INFO  :      Map 3              0B             0                  0                 0B             0
INFO  :      Map 4              0B             0                  0                 0B             0
INFO  :      Map 5              0B             0                  0                 0B             0
INFO  :      Map 6              0B             0                  0                 0B             0
INFO  :      Map 9              0B             0                  0                 0B             0
INFO  :  Reducer 7              0B             0                  0                 0B             0
INFO  :  Reducer 8              0B             2                  0               161B             2
INFO  : ----------------------------------------------------------------------------------------------
INFO  : 
INFO  : org.apache.tez.common.counters.DAGCounter:
INFO  :    NUM_SUCCEEDED_TASKS: 276
INFO  :    TOTAL_LAUNCHED_TASKS: 276
INFO  :    DATA_LOCAL_TASKS: 274
INFO  :    AM_CPU_MILLISECONDS: 2650
INFO  :    AM_GC_TIME_MILLIS: 30
INFO  : File System Counters:
INFO  :    FILE_BYTES_READ: 7456
INFO  :    FILE_BYTES_WRITTEN: 346605245
INFO  :    FILE_READ_OPS: 0
INFO  :    FILE_LARGE_READ_OPS: 0
INFO  :    FILE_WRITE_OPS: 0
INFO  :    HDFS_BYTES_READ: 0
INFO  :    HDFS_BYTES_WRITTEN: 161
INFO  :    HDFS_READ_OPS: 2
INFO  :    HDFS_LARGE_READ_OPS: 0
INFO  :    HDFS_WRITE_OPS: 2
INFO  : org.apache.tez.common.counters.TaskCounter:
INFO  :    REDUCE_INPUT_GROUPS: 4
INFO  :    REDUCE_INPUT_RECORDS: 134
INFO  :    COMBINE_INPUT_RECORDS: 0
INFO  :    SPILLED_RECORDS: 268
INFO  :    NUM_SHUFFLED_INPUTS: 1995
INFO  :    NUM_SKIPPED_INPUTS: 0
INFO  :    NUM_FAILED_SHUFFLE_INPUTS: 0
INFO  :    MERGED_MAP_OUTPUTS: 133
INFO  :    INPUT_RECORDS_PROCESSED: 454688252
INFO  :    INPUT_SPLIT_LENGTH_BYTES: 77449524692
INFO  :    OUTPUT_RECORDS: 50302712
INFO  :    OUTPUT_LARGE_RECORDS: 0
INFO  :    OUTPUT_BYTES: 558333915
INFO  :    OUTPUT_BYTES_WITH_OVERHEAD: 658941385
INFO  :    OUTPUT_BYTES_PHYSICAL: 346599853
INFO  :    ADDITIONAL_SPILLS_BYTES_WRITTEN: 2174
INFO  :    ADDITIONAL_SPILLS_BYTES_READ: 2804
INFO  :    ADDITIONAL_SPILL_COUNT: 0
INFO  :    SHUFFLE_CHUNK_COUNT: 67
INFO  :    SHUFFLE_BYTES: 3119304875
INFO  :    SHUFFLE_BYTES_DECOMPRESSED: 5930438489
INFO  :    SHUFFLE_BYTES_TO_MEM: 2772715767
INFO  :    SHUFFLE_BYTES_TO_DISK: 0
INFO  :    SHUFFLE_BYTES_DISK_DIRECT: 346589108
INFO  :    NUM_MEM_TO_DISK_MERGES: 0
INFO  :    NUM_DISK_TO_DISK_MERGES: 0
INFO  :    SHUFFLE_PHASE_TIME: 37417
INFO  :    MERGE_PHASE_TIME: 1911
INFO  :    FIRST_EVENT_RECEIVED: 1637
INFO  :    LAST_EVENT_RECEIVED: 29853
INFO  : HIVE:
INFO  :    CREATED_FILES: 1
INFO  :    DESERIALIZE_ERRORS: 0
INFO  :    RECORDS_IN_Map_1: 2500000
INFO  :    RECORDS_IN_Map_10: 5
INFO  :    RECORDS_IN_Map_2: 25
INFO  :    RECORDS_IN_Map_3: 1500000714
INFO  :    RECORDS_IN_Map_4: 50000000
INFO  :    RECORDS_IN_Map_5: 37500000
INFO  :    RECORDS_IN_Map_6: 375000000
INFO  :    RECORDS_IN_Map_9: 25
INFO  :    RECORDS_OUT_0: 2
INFO  :    RECORDS_OUT_INTERMEDIATE_Map_1: 2500000
INFO  :    RECORDS_OUT_INTERMEDIATE_Map_10: 1
INFO  :    RECORDS_OUT_INTERMEDIATE_Map_2: 25
INFO  :    RECORDS_OUT_INTERMEDIATE_Map_3: 9970226
INFO  :    RECORDS_OUT_INTERMEDIATE_Map_4: 332321
INFO  :    RECORDS_OUT_INTERMEDIATE_Map_5: 37500000
INFO  :    RECORDS_OUT_INTERMEDIATE_Map_6: 132
INFO  :    RECORDS_OUT_INTERMEDIATE_Map_9: 5
INFO  :    RECORDS_OUT_INTERMEDIATE_Reducer_7: 2
INFO  : Shuffle Errors:
INFO  :    BAD_ID: 0
INFO  :    CONNECTION: 0
INFO  :    IO_ERROR: 0
INFO  :    WRONG_LENGTH: 0
INFO  :    WRONG_MAP: 0
INFO  :    WRONG_REDUCE: 0
INFO  : Shuffle Errors_Reducer_7_INPUT_Map_6:
INFO  :    BAD_ID: 0
INFO  :    CONNECTION: 0
INFO  :    IO_ERROR: 0
INFO  :    WRONG_LENGTH: 0
INFO  :    WRONG_MAP: 0
INFO  :    WRONG_REDUCE: 0
INFO  : Shuffle Errors_Reducer_8_INPUT_Reducer_7:
INFO  :    BAD_ID: 0
INFO  :    CONNECTION: 0
INFO  :    IO_ERROR: 0
INFO  :    WRONG_LENGTH: 0
INFO  :    WRONG_MAP: 0
INFO  :    WRONG_REDUCE: 0
INFO  : TaskCounter_Map_10_INPUT_region:
INFO  :    INPUT_RECORDS_PROCESSED: 1
INFO  :    INPUT_SPLIT_LENGTH_BYTES: 670
INFO  : TaskCounter_Map_10_OUTPUT_Map_9:
INFO  :    ADDITIONAL_SPILLS_BYTES_READ: 0
INFO  :    ADDITIONAL_SPILLS_BYTES_WRITTEN: 0
INFO  :    ADDITIONAL_SPILL_COUNT: 0
INFO  :    OUTPUT_BYTES: 5
INFO  :    OUTPUT_BYTES_PHYSICAL: 51
INFO  :    OUTPUT_BYTES_WITH_OVERHEAD: 13
INFO  :    OUTPUT_LARGE_RECORDS: 0
INFO  :    OUTPUT_RECORDS: 1
INFO  :    SPILLED_RECORDS: 0
INFO  : TaskCounter_Map_1_INPUT_Map_2:
INFO  :    FIRST_EVENT_RECEIVED: 13
INFO  :    INPUT_RECORDS_PROCESSED: 175
INFO  :    LAST_EVENT_RECEIVED: 13
INFO  :    NUM_FAILED_SHUFFLE_INPUTS: 0
INFO  :    NUM_SHUFFLED_INPUTS: 7
INFO  :    SHUFFLE_BYTES: 2555
INFO  :    SHUFFLE_BYTES_DECOMPRESSED: 2856
INFO  :    SHUFFLE_BYTES_DISK_DIRECT: 0
INFO  :    SHUFFLE_BYTES_TO_DISK: 0
INFO  :    SHUFFLE_BYTES_TO_MEM: 2555
INFO  :    SHUFFLE_PHASE_TIME: 278
INFO  : TaskCounter_Map_1_INPUT_supplier:
INFO  :    INPUT_RECORDS_PROCESSED: 2500
INFO  :    INPUT_SPLIT_LENGTH_BYTES: 181097437
INFO  : TaskCounter_Map_1_OUTPUT_Map_6:
INFO  :    ADDITIONAL_SPILLS_BYTES_READ: 0
INFO  :    ADDITIONAL_SPILLS_BYTES_WRITTEN: 0
INFO  :    ADDITIONAL_SPILL_COUNT: 0
INFO  :    OUTPUT_BYTES: 35206749
INFO  :    OUTPUT_BYTES_PHYSICAL: 15076717
INFO  :    OUTPUT_BYTES_WITH_OVERHEAD: 40206791
INFO  :    OUTPUT_LARGE_RECORDS: 0
INFO  :    OUTPUT_RECORDS: 2500000
INFO  :    SPILLED_RECORDS: 0
INFO  : TaskCounter_Map_2_INPUT_n1:
INFO  :    INPUT_RECORDS_PROCESSED: 1
INFO  :    INPUT_SPLIT_LENGTH_BYTES: 1661
INFO  : TaskCounter_Map_2_OUTPUT_Map_1:
INFO  :    ADDITIONAL_SPILLS_BYTES_READ: 0
INFO  :    ADDITIONAL_SPILLS_BYTES_WRITTEN: 0
INFO  :    ADDITIONAL_SPILL_COUNT: 0
INFO  :    OUTPUT_BYTES: 352
INFO  :    OUTPUT_BYTES_PHYSICAL: 389
INFO  :    OUTPUT_BYTES_WITH_OVERHEAD: 408
INFO  :    OUTPUT_LARGE_RECORDS: 0
INFO  :    OUTPUT_RECORDS: 25
INFO  :    SPILLED_RECORDS: 0
INFO  : TaskCounter_Map_3_INPUT_Map_4:
INFO  :    FIRST_EVENT_RECEIVED: 112
INFO  :    INPUT_RECORDS_PROCESSED: 2990889
INFO  :    LAST_EVENT_RECEIVED: 5025
INFO  :    NUM_FAILED_SHUFFLE_INPUTS: 0
INFO  :    NUM_SHUFFLED_INPUTS: 585
INFO  :    SHUFFLE_BYTES: 14411529
INFO  :    SHUFFLE_BYTES_DECOMPRESSED: 20939733
INFO  :    SHUFFLE_BYTES_DISK_DIRECT: 1601281
INFO  :    SHUFFLE_BYTES_TO_DISK: 0
INFO  :    SHUFFLE_BYTES_TO_MEM: 12810248
INFO  :    SHUFFLE_PHASE_TIME: 6314
INFO  : TaskCounter_Map_3_INPUT_lineitem:
INFO  :    INPUT_RECORDS_PROCESSED: 1500105
INFO  :    INPUT_SPLIT_LENGTH_BYTES: 58902255143
INFO  : TaskCounter_Map_3_OUTPUT_Map_6:
INFO  :    ADDITIONAL_SPILLS_BYTES_READ: 0
INFO  :    ADDITIONAL_SPILLS_BYTES_WRITTEN: 0
INFO  :    ADDITIONAL_SPILL_COUNT: 0
INFO  :    OUTPUT_BYTES: 258962113
INFO  :    OUTPUT_BYTES_PHYSICAL: 169368946
INFO  :    OUTPUT_BYTES_WITH_OVERHEAD: 278902967
INFO  :    OUTPUT_LARGE_RECORDS: 0
INFO  :    OUTPUT_RECORDS: 9970226
INFO  :    SPILLED_RECORDS: 0
INFO  : TaskCounter_Map_4_INPUT_part:
INFO  :    INPUT_RECORDS_PROCESSED: 50000
INFO  :    INPUT_SPLIT_LENGTH_BYTES: 1318287675
INFO  : TaskCounter_Map_4_OUTPUT_Map_3:
INFO  :    ADDITIONAL_SPILLS_BYTES_READ: 0
INFO  :    ADDITIONAL_SPILLS_BYTES_WRITTEN: 0
INFO  :    ADDITIONAL_SPILL_COUNT: 0
INFO  :    OUTPUT_BYTES: 1661605
INFO  :    OUTPUT_BYTES_PHYSICAL: 1602841
INFO  :    OUTPUT_BYTES_WITH_OVERHEAD: 2326637
INFO  :    OUTPUT_LARGE_RECORDS: 0
INFO  :    OUTPUT_RECORDS: 332321
INFO  :    SPILLED_RECORDS: 0
INFO  : TaskCounter_Map_5_INPUT_customer:
INFO  :    INPUT_RECORDS_PROCESSED: 37500
INFO  :    INPUT_SPLIT_LENGTH_BYTES: 2852970960
INFO  : TaskCounter_Map_5_OUTPUT_Map_6:
INFO  :    ADDITIONAL_SPILLS_BYTES_READ: 0
INFO  :    ADDITIONAL_SPILLS_BYTES_WRITTEN: 0
INFO  :    ADDITIONAL_SPILL_COUNT: 0
INFO  :    OUTPUT_BYTES: 262500000
INFO  :    OUTPUT_BYTES_PHYSICAL: 160544848
INFO  :    OUTPUT_BYTES_WITH_OVERHEAD: 337500396
INFO  :    OUTPUT_LARGE_RECORDS: 0
INFO  :    OUTPUT_RECORDS: 37500000
INFO  :    SPILLED_RECORDS: 0
INFO  : TaskCounter_Map_6_INPUT_Map_1:
INFO  :    FIRST_EVENT_RECEIVED: 291
INFO  :    INPUT_RECORDS_PROCESSED: 22500000
INFO  :    LAST_EVENT_RECEIVED: 300
INFO  :    NUM_FAILED_SHUFFLE_INPUTS: 0
INFO  :    NUM_SHUFFLED_INPUTS: 63
INFO  :    SHUFFLE_BYTES: 135688941
INFO  :    SHUFFLE_BYTES_DECOMPRESSED: 361861119
INFO  :    SHUFFLE_BYTES_DISK_DIRECT: 15076549
INFO  :    SHUFFLE_BYTES_TO_DISK: 0
INFO  :    SHUFFLE_BYTES_TO_MEM: 120612392
INFO  :    SHUFFLE_PHASE_TIME: 1059
INFO  : TaskCounter_Map_6_INPUT_Map_3:
INFO  :    FIRST_EVENT_RECEIVED: 292
INFO  :    INPUT_RECORDS_PROCESSED: 89732034
INFO  :    LAST_EVENT_RECEIVED: 348
INFO  :    NUM_FAILED_SHUFFLE_INPUTS: 0
INFO  :    NUM_SHUFFLED_INPUTS: 603
INFO  :    SHUFFLE_BYTES: 1524306042
INFO  :    SHUFFLE_BYTES_DECOMPRESSED: 2510126703
INFO  :    SHUFFLE_BYTES_DISK_DIRECT: 169367338
INFO  :    SHUFFLE_BYTES_TO_DISK: 0
INFO  :    SHUFFLE_BYTES_TO_MEM: 1354938704
INFO  :    SHUFFLE_PHASE_TIME: 3427
INFO  : TaskCounter_Map_6_INPUT_Map_5:
INFO  :    FIRST_EVENT_RECEIVED: 630
INFO  :    INPUT_RECORDS_PROCESSED: 337500000
INFO  :    LAST_EVENT_RECEIVED: 21966
INFO  :    NUM_FAILED_SHUFFLE_INPUTS: 0
INFO  :    NUM_SHUFFLED_INPUTS: 594
INFO  :    SHUFFLE_BYTES: 1444889376
INFO  :    SHUFFLE_BYTES_DECOMPRESSED: 3037503564
INFO  :    SHUFFLE_BYTES_DISK_DIRECT: 160543264
INFO  :    SHUFFLE_BYTES_TO_DISK: 0
INFO  :    SHUFFLE_BYTES_TO_MEM: 1284346112
INFO  :    SHUFFLE_PHASE_TIME: 22503
INFO  : TaskCounter_Map_6_INPUT_Map_9:
INFO  :    FIRST_EVENT_RECEIVED: 297
INFO  :    INPUT_RECORDS_PROCESSED: 45
INFO  :    LAST_EVENT_RECEIVED: 297
INFO  :    NUM_FAILED_SHUFFLE_INPUTS: 0
INFO  :    NUM_SHUFFLED_INPUTS: 9
INFO  :    SHUFFLE_BYTES: 414
INFO  :    SHUFFLE_BYTES_DECOMPRESSED: 369
INFO  :    SHUFFLE_BYTES_DISK_DIRECT: 46
INFO  :    SHUFFLE_BYTES_TO_DISK: 0
INFO  :    SHUFFLE_BYTES_TO_MEM: 368
INFO  :    SHUFFLE_PHASE_TIME: 1925
INFO  : TaskCounter_Map_6_INPUT_orders:
INFO  :    INPUT_RECORDS_PROCESSED: 375000
INFO  :    INPUT_SPLIT_LENGTH_BYTES: 14194909485
INFO  : TaskCounter_Map_6_OUTPUT_Reducer_7:
INFO  :    ADDITIONAL_SPILLS_BYTES_READ: 0
INFO  :    ADDITIONAL_SPILLS_BYTES_WRITTEN: 0
INFO  :    ADDITIONAL_SPILL_COUNT: 0
INFO  :    OUTPUT_BYTES: 3036
INFO  :    OUTPUT_BYTES_PHYSICAL: 5940
INFO  :    OUTPUT_BYTES_WITH_OVERHEAD: 4092
INFO  :    OUTPUT_RECORDS: 132
INFO  :    SHUFFLE_CHUNK_COUNT: 66
INFO  :    SPILLED_RECORDS: 132
INFO  : TaskCounter_Map_9_INPUT_Map_10:
INFO  :    FIRST_EVENT_RECEIVED: 0
INFO  :    INPUT_RECORDS_PROCESSED: 1
INFO  :    LAST_EVENT_RECEIVED: 0
INFO  :    NUM_FAILED_SHUFFLE_INPUTS: 0
INFO  :    NUM_SHUFFLED_INPUTS: 1
INFO  :    SHUFFLE_BYTES: 27
INFO  :    SHUFFLE_BYTES_DECOMPRESSED: 13
INFO  :    SHUFFLE_BYTES_DISK_DIRECT: 0
INFO  :    SHUFFLE_BYTES_TO_DISK: 0
INFO  :    SHUFFLE_BYTES_TO_MEM: 27
INFO  :    SHUFFLE_PHASE_TIME: 4
INFO  : TaskCounter_Map_9_INPUT_n1:
INFO  :    INPUT_RECORDS_PROCESSED: 1
INFO  :    INPUT_SPLIT_LENGTH_BYTES: 1661
INFO  : TaskCounter_Map_9_OUTPUT_Map_6:
INFO  :    ADDITIONAL_SPILLS_BYTES_READ: 0
INFO  :    ADDITIONAL_SPILLS_BYTES_WRITTEN: 0
INFO  :    ADDITIONAL_SPILL_COUNT: 0
INFO  :    OUTPUT_BYTES: 25
INFO  :    OUTPUT_BYTES_PHYSICAL: 70
INFO  :    OUTPUT_BYTES_WITH_OVERHEAD: 41
INFO  :    OUTPUT_LARGE_RECORDS: 0
INFO  :    OUTPUT_RECORDS: 5
INFO  :    SPILLED_RECORDS: 0
INFO  : TaskCounter_Reducer_7_INPUT_Map_6:
INFO  :    ADDITIONAL_SPILLS_BYTES_READ: 2753
INFO  :    ADDITIONAL_SPILLS_BYTES_WRITTEN: 2123
INFO  :    COMBINE_INPUT_RECORDS: 0
INFO  :    FIRST_EVENT_RECEIVED: 1
INFO  :    LAST_EVENT_RECEIVED: 1903
INFO  :    MERGED_MAP_OUTPUTS: 132
INFO  :    MERGE_PHASE_TIME: 1907
INFO  :    NUM_DISK_TO_DISK_MERGES: 0
INFO  :    NUM_FAILED_SHUFFLE_INPUTS: 0
INFO  :    NUM_MEM_TO_DISK_MERGES: 0
INFO  :    NUM_SHUFFLED_INPUTS: 132
INFO  :    NUM_SKIPPED_INPUTS: 0
INFO  :    REDUCE_INPUT_GROUPS: 2
INFO  :    REDUCE_INPUT_RECORDS: 132
INFO  :    SHUFFLE_BYTES: 5940
INFO  :    SHUFFLE_BYTES_DECOMPRESSED: 4092
INFO  :    SHUFFLE_BYTES_DISK_DIRECT: 630
INFO  :    SHUFFLE_BYTES_TO_DISK: 0
INFO  :    SHUFFLE_BYTES_TO_MEM: 5310
INFO  :    SHUFFLE_PHASE_TIME: 1904
INFO  :    SPILLED_RECORDS: 132
INFO  : TaskCounter_Reducer_7_OUTPUT_Reducer_8:
INFO  :    ADDITIONAL_SPILLS_BYTES_READ: 0
INFO  :    ADDITIONAL_SPILLS_BYTES_WRITTEN: 0
INFO  :    ADDITIONAL_SPILL_COUNT: 0
INFO  :    OUTPUT_BYTES: 30
INFO  :    OUTPUT_BYTES_PHYSICAL: 51
INFO  :    OUTPUT_BYTES_WITH_OVERHEAD: 40
INFO  :    OUTPUT_RECORDS: 2
INFO  :    SHUFFLE_CHUNK_COUNT: 1
INFO  :    SPILLED_RECORDS: 2
INFO  : TaskCounter_Reducer_8_INPUT_Reducer_7:
INFO  :    ADDITIONAL_SPILLS_BYTES_READ: 51
INFO  :    ADDITIONAL_SPILLS_BYTES_WRITTEN: 51
INFO  :    COMBINE_INPUT_RECORDS: 0
INFO  :    FIRST_EVENT_RECEIVED: 1
INFO  :    LAST_EVENT_RECEIVED: 1
INFO  :    MERGED_MAP_OUTPUTS: 1
INFO  :    MERGE_PHASE_TIME: 4
INFO  :    NUM_DISK_TO_DISK_MERGES: 0
INFO  :    NUM_FAILED_SHUFFLE_INPUTS: 0
INFO  :    NUM_MEM_TO_DISK_MERGES: 0
INFO  :    NUM_SHUFFLED_INPUTS: 1
INFO  :    NUM_SKIPPED_INPUTS: 0
INFO  :    REDUCE_INPUT_GROUPS: 2
INFO  :    REDUCE_INPUT_RECORDS: 2
INFO  :    SHUFFLE_BYTES: 51
INFO  :    SHUFFLE_BYTES_DECOMPRESSED: 40
INFO  :    SHUFFLE_BYTES_DISK_DIRECT: 0
INFO  :    SHUFFLE_BYTES_TO_DISK: 0
INFO  :    SHUFFLE_BYTES_TO_MEM: 51
INFO  :    SHUFFLE_PHASE_TIME: 3
INFO  :    SPILLED_RECORDS: 2
INFO  : TaskCounter_Reducer_8_OUTPUT_out_Reducer_8:
INFO  :    OUTPUT_RECORDS: 0
INFO  : org.apache.hadoop.hive.llap.counters.LlapIOCounters:
INFO  :    CACHE_HIT_BYTES: 26183002519
INFO  :    CACHE_MISS_BYTES: 0
INFO  :    CONSUMER_TIME_NS: 227067935046
INFO  :    DECODE_TIME_NS: 200000141285
INFO  :    HDFS_TIME_NS: 19798910
INFO  :    METADATA_CACHE_HIT: 3528
INFO  :    NUM_DECODED_BATCHES: 197559
INFO  :    NUM_VECTOR_BATCHES: 1965108
INFO  :    ROWS_EMITTED: 1965000769
INFO  :    SELECTED_ROWGROUPS: 197559
INFO  :    TOTAL_IO_TIME_NS: 202897260564
INFO  : Completed executing command(queryId=hive_20161005145630_da6a6fc7-9450-4a19-9959-e58aaf086bfd); Time taken: 18.901 seconds
INFO  : OK
2 rows selected (19.371 seconds)
Closing: 0: jdbc:hive2://h01hn02:10500/tpch_flat_orc_250
