Format csv is deprecated, please use csv2
Connecting to jdbc:hive2://h01hn02:10500/tpch_flat_orc_250
Connected to: Apache Hive (version 2.1.0.2.5.1.0-43)
Driver: Hive JDBC (version 1.2.1000.2.5.1.0-43)
Transaction isolation: TRANSACTION_REPEATABLE_READ
Running init script ../sample-queries-tpcds/bry.sql
No rows affected (0.033 seconds)
INFO  : Compiling command(queryId=hive_20161005144647_5794307e-9a7b-4028-af69-d013c0e4abc2): drop view q20_tmp1_cached
INFO  : Semantic Analysis Completed
INFO  : Returning Hive schema: Schema(fieldSchemas:null, properties:null)
INFO  : Completed compiling command(queryId=hive_20161005144647_5794307e-9a7b-4028-af69-d013c0e4abc2); Time taken: 0.007 seconds
INFO  : Concurrency mode is disabled, not creating a lock manager
INFO  : Executing command(queryId=hive_20161005144647_5794307e-9a7b-4028-af69-d013c0e4abc2): drop view q20_tmp1_cached
INFO  : Starting task [Stage-0:DDL] in serial mode
INFO  : Completed executing command(queryId=hive_20161005144647_5794307e-9a7b-4028-af69-d013c0e4abc2); Time taken: 0.771 seconds
INFO  : OK
No rows affected (0.782 seconds)
INFO  : Compiling command(queryId=hive_20161005144648_434548eb-ebd5-4960-a2fa-e1a2e562511c): drop view q20_tmp2_cached
INFO  : Semantic Analysis Completed
INFO  : Returning Hive schema: Schema(fieldSchemas:null, properties:null)
INFO  : Completed compiling command(queryId=hive_20161005144648_434548eb-ebd5-4960-a2fa-e1a2e562511c); Time taken: 0.007 seconds
INFO  : Concurrency mode is disabled, not creating a lock manager
INFO  : Executing command(queryId=hive_20161005144648_434548eb-ebd5-4960-a2fa-e1a2e562511c): drop view q20_tmp2_cached
INFO  : Starting task [Stage-0:DDL] in serial mode
INFO  : Completed executing command(queryId=hive_20161005144648_434548eb-ebd5-4960-a2fa-e1a2e562511c); Time taken: 0.141 seconds
INFO  : OK
No rows affected (0.151 seconds)
INFO  : Compiling command(queryId=hive_20161005144648_02bb3bf9-7109-432f-bce4-e2bbc8b00e43): drop view q20_tmp3_cached
INFO  : Semantic Analysis Completed
INFO  : Returning Hive schema: Schema(fieldSchemas:null, properties:null)
INFO  : Completed compiling command(queryId=hive_20161005144648_02bb3bf9-7109-432f-bce4-e2bbc8b00e43); Time taken: 0.006 seconds
INFO  : Concurrency mode is disabled, not creating a lock manager
INFO  : Executing command(queryId=hive_20161005144648_02bb3bf9-7109-432f-bce4-e2bbc8b00e43): drop view q20_tmp3_cached
INFO  : Starting task [Stage-0:DDL] in serial mode
INFO  : Completed executing command(queryId=hive_20161005144648_02bb3bf9-7109-432f-bce4-e2bbc8b00e43); Time taken: 0.112 seconds
INFO  : OK
No rows affected (0.123 seconds)
INFO  : Compiling command(queryId=hive_20161005144648_f0cec4ef-0607-47f6-ad5d-18b4cb041439): drop view q20_tmp4_cached
INFO  : Semantic Analysis Completed
INFO  : Returning Hive schema: Schema(fieldSchemas:null, properties:null)
INFO  : Completed compiling command(queryId=hive_20161005144648_f0cec4ef-0607-47f6-ad5d-18b4cb041439); Time taken: 0.006 seconds
INFO  : Concurrency mode is disabled, not creating a lock manager
INFO  : Executing command(queryId=hive_20161005144648_f0cec4ef-0607-47f6-ad5d-18b4cb041439): drop view q20_tmp4_cached
INFO  : Starting task [Stage-0:DDL] in serial mode
INFO  : Completed executing command(queryId=hive_20161005144648_f0cec4ef-0607-47f6-ad5d-18b4cb041439); Time taken: 0.11 seconds
INFO  : OK
No rows affected (0.12 seconds)
INFO  : Compiling command(queryId=hive_20161005144648_cdd813a1-3e92-4d0c-854a-1540cb53430b): create view q20_tmp1_cached as
select distinct p_partkey
from
	part
where
	p_name like 'forest%'
INFO  : Semantic Analysis Completed
INFO  : Returning Hive schema: Schema(fieldSchemas:[FieldSchema(name:p_partkey, type:int, comment:null)], properties:null)
INFO  : Completed compiling command(queryId=hive_20161005144648_cdd813a1-3e92-4d0c-854a-1540cb53430b); Time taken: 0.056 seconds
INFO  : Concurrency mode is disabled, not creating a lock manager
INFO  : Executing command(queryId=hive_20161005144648_cdd813a1-3e92-4d0c-854a-1540cb53430b): create view q20_tmp1_cached as
select distinct p_partkey
from
	part
where
	p_name like 'forest%'
INFO  : Starting task [Stage-0:DDL] in serial mode
INFO  : Completed executing command(queryId=hive_20161005144648_cdd813a1-3e92-4d0c-854a-1540cb53430b); Time taken: 0.177 seconds
INFO  : OK
No rows affected (0.241 seconds)
INFO  : Compiling command(queryId=hive_20161005144648_7af55e9e-0a70-454e-bdda-30fe5a42fe27): create view q20_tmp2_cached as
select
	l_partkey,
	l_suppkey,
	0.5 * sum(l_quantity) as sum_quantity
from
	lineitem
where
	l_shipdate >= '1994-01-01'
	and l_shipdate < '1995-01-01'
group by l_partkey, l_suppkey
INFO  : Semantic Analysis Completed
INFO  : Returning Hive schema: Schema(fieldSchemas:[FieldSchema(name:l_partkey, type:int, comment:null), FieldSchema(name:l_suppkey, type:int, comment:null), FieldSchema(name:sum_quantity, type:double, comment:null)], properties:null)
INFO  : Completed compiling command(queryId=hive_20161005144648_7af55e9e-0a70-454e-bdda-30fe5a42fe27); Time taken: 0.051 seconds
INFO  : Concurrency mode is disabled, not creating a lock manager
INFO  : Executing command(queryId=hive_20161005144648_7af55e9e-0a70-454e-bdda-30fe5a42fe27): create view q20_tmp2_cached as
select
	l_partkey,
	l_suppkey,
	0.5 * sum(l_quantity) as sum_quantity
from
	lineitem
where
	l_shipdate >= '1994-01-01'
	and l_shipdate < '1995-01-01'
group by l_partkey, l_suppkey
INFO  : Starting task [Stage-0:DDL] in serial mode
INFO  : Completed executing command(queryId=hive_20161005144648_7af55e9e-0a70-454e-bdda-30fe5a42fe27); Time taken: 0.279 seconds
INFO  : OK
No rows affected (0.334 seconds)
INFO  : Compiling command(queryId=hive_20161005144649_50ed9bbd-79d5-46c9-bbc4-e89de0c1e9c6): create view q20_tmp3_cached as
select
	ps_suppkey,
	ps_availqty,
	sum_quantity
from
	partsupp, q20_tmp1_cached, q20_tmp2_cached
where
	ps_partkey = p_partkey
	and ps_partkey = l_partkey
	and ps_suppkey = l_suppkey
INFO  : Semantic Analysis Completed
INFO  : Returning Hive schema: Schema(fieldSchemas:[FieldSchema(name:ps_suppkey, type:int, comment:null), FieldSchema(name:ps_availqty, type:int, comment:null), FieldSchema(name:sum_quantity, type:double, comment:null)], properties:null)
INFO  : Completed compiling command(queryId=hive_20161005144649_50ed9bbd-79d5-46c9-bbc4-e89de0c1e9c6); Time taken: 0.048 seconds
INFO  : Concurrency mode is disabled, not creating a lock manager
INFO  : Executing command(queryId=hive_20161005144649_50ed9bbd-79d5-46c9-bbc4-e89de0c1e9c6): create view q20_tmp3_cached as
select
	ps_suppkey,
	ps_availqty,
	sum_quantity
from
	partsupp, q20_tmp1_cached, q20_tmp2_cached
where
	ps_partkey = p_partkey
	and ps_partkey = l_partkey
	and ps_suppkey = l_suppkey
INFO  : Starting task [Stage-0:DDL] in serial mode
INFO  : Completed executing command(queryId=hive_20161005144649_50ed9bbd-79d5-46c9-bbc4-e89de0c1e9c6); Time taken: 0.481 seconds
INFO  : OK
No rows affected (0.533 seconds)
INFO  : Compiling command(queryId=hive_20161005144649_6f724d10-e03a-4e7e-aeb5-9220fc73d61f): create view q20_tmp4_cached as
select
	ps_suppkey
from
	q20_tmp3_cached
where
	ps_availqty > sum_quantity
group by ps_suppkey
INFO  : Semantic Analysis Completed
INFO  : Returning Hive schema: Schema(fieldSchemas:[FieldSchema(name:ps_suppkey, type:int, comment:null)], properties:null)
INFO  : Completed compiling command(queryId=hive_20161005144649_6f724d10-e03a-4e7e-aeb5-9220fc73d61f); Time taken: 0.092 seconds
INFO  : Concurrency mode is disabled, not creating a lock manager
INFO  : Executing command(queryId=hive_20161005144649_6f724d10-e03a-4e7e-aeb5-9220fc73d61f): create view q20_tmp4_cached as
select
	ps_suppkey
from
	q20_tmp3_cached
where
	ps_availqty > sum_quantity
group by ps_suppkey
INFO  : Starting task [Stage-0:DDL] in serial mode
INFO  : Completed executing command(queryId=hive_20161005144649_6f724d10-e03a-4e7e-aeb5-9220fc73d61f); Time taken: 0.213 seconds
INFO  : OK
No rows affected (0.31 seconds)
INFO  : Compiling command(queryId=hive_20161005144650_0af3e1f1-fe44-41cd-8a53-3914290e5b64): select
	s_name,
	s_address
from
	supplier,
	nation,
	q20_tmp4_cached
where
	s_nationkey = n_nationkey
	and n_name = 'CANADA'
	and s_suppkey = ps_suppkey
order by s_name
INFO  : Semantic Analysis Completed
INFO  : Returning Hive schema: Schema(fieldSchemas:[FieldSchema(name:s_name, type:string, comment:null), FieldSchema(name:s_address, type:string, comment:null)], properties:null)
INFO  : Completed compiling command(queryId=hive_20161005144650_0af3e1f1-fe44-41cd-8a53-3914290e5b64); Time taken: 0.343 seconds
INFO  : Concurrency mode is disabled, not creating a lock manager
INFO  : Executing command(queryId=hive_20161005144650_0af3e1f1-fe44-41cd-8a53-3914290e5b64): select
	s_name,
	s_address
from
	supplier,
	nation,
	q20_tmp4_cached
where
	s_nationkey = n_nationkey
	and n_name = 'CANADA'
	and s_suppkey = ps_suppkey
order by s_name
INFO  : Query ID = hive_20161005144650_0af3e1f1-fe44-41cd-8a53-3914290e5b64
INFO  : Total jobs = 1
INFO  : Launching Job 1 out of 1
INFO  : Starting task [Stage-1:MAPRED] in serial mode
INFO  : Session is already open
INFO  : Dag name: select
	s_name,
	s_address
from
	su...s_name(Stage-1)
INFO  : Setting tez.task.scale.memory.reserve-fraction to 0.30000001192092896
INFO  : Setting tez.task.scale.memory.reserve-fraction to 0.30000001192092896
INFO  : Setting tez.task.scale.memory.reserve-fraction to 0.30000001192092896
INFO  : 

INFO  : Status: Running (Executing on YARN cluster with App id application_1475694383065_0008)

INFO  : Map 1: 4(+7)/11	Map 2: 1/1	Map 3: 0(+67)/67	Map 8: 0(+65)/65	Map 9: 13(+52)/65	Reducer 10: 0/2	Reducer 4: 0/80	Reducer 5: 0/152	Reducer 6: 0/2	Reducer 7: 0/1	
INFO  : Map 1: 8(+3)/11	Map 2: 1/1	Map 3: 0(+67)/67	Map 8: 0(+65)/65	Map 9: 46(+18)/65	Reducer 10: 0/2	Reducer 4: 0/80	Reducer 5: 0/152	Reducer 6: 0/2	Reducer 7: 0/1	
INFO  : Map 1: 9(+2)/11	Map 2: 1/1	Map 3: 0(+67)/67	Map 8: 0(+65)/65	Map 9: 59(+6)/65	Reducer 10: 0(+1)/1	Reducer 4: 0/80	Reducer 5: 0/152	Reducer 6: 0/2	Reducer 7: 0/1	
INFO  : Map 1: 11/11	Map 2: 1/1	Map 3: 0(+67)/67	Map 8: 0(+65)/65	Map 9: 64(+1)/65	Reducer 10: 0(+1)/1	Reducer 4: 0/80	Reducer 5: 0/152	Reducer 6: 0/2	Reducer 7: 0/1	
INFO  : Map 1: 11/11	Map 2: 1/1	Map 3: 0(+67)/67	Map 8: 0(+65)/65	Map 9: 65/65	Reducer 10: 0(+1)/1	Reducer 4: 0/80	Reducer 5: 0/152	Reducer 6: 0/2	Reducer 7: 0/1	
INFO  : Map 1: 11/11	Map 2: 1/1	Map 3: 0(+67)/67	Map 8: 1(+64)/65	Map 9: 65/65	Reducer 10: 0(+1)/1	Reducer 4: 0/80	Reducer 5: 0/152	Reducer 6: 0/2	Reducer 7: 0/1	
INFO  : Map 1: 11/11	Map 2: 1/1	Map 3: 0(+67)/67	Map 8: 2(+63)/65	Map 9: 65/65	Reducer 10: 1/1	Reducer 4: 0/80	Reducer 5: 0/152	Reducer 6: 0/2	Reducer 7: 0/1	
INFO  : Map 1: 11/11	Map 2: 1/1	Map 3: 0(+67)/67	Map 8: 4(+61)/65	Map 9: 65/65	Reducer 10: 1/1	Reducer 4: 0/80	Reducer 5: 0/152	Reducer 6: 0/2	Reducer 7: 0/1	
INFO  : Map 1: 11/11	Map 2: 1/1	Map 3: 0(+67)/67	Map 8: 5(+60)/65	Map 9: 65/65	Reducer 10: 1/1	Reducer 4: 0/80	Reducer 5: 0/152	Reducer 6: 0/2	Reducer 7: 0/1	
INFO  : Map 1: 11/11	Map 2: 1/1	Map 3: 0(+67)/67	Map 8: 19(+46)/65	Map 9: 65/65	Reducer 10: 1/1	Reducer 4: 0/80	Reducer 5: 0/152	Reducer 6: 0/2	Reducer 7: 0/1	
INFO  : Map 1: 11/11	Map 2: 1/1	Map 3: 1(+66)/67	Map 8: 31(+34)/65	Map 9: 65/65	Reducer 10: 1/1	Reducer 4: 0/80	Reducer 5: 0/152	Reducer 6: 0/2	Reducer 7: 0/1	
INFO  : Map 1: 11/11	Map 2: 1/1	Map 3: 2(+65)/67	Map 8: 35(+30)/65	Map 9: 65/65	Reducer 10: 1/1	Reducer 4: 0/80	Reducer 5: 0/152	Reducer 6: 0/2	Reducer 7: 0/1	
INFO  : Map 1: 11/11	Map 2: 1/1	Map 3: 2(+65)/67	Map 8: 40(+25)/65	Map 9: 65/65	Reducer 10: 1/1	Reducer 4: 0/80	Reducer 5: 0/152	Reducer 6: 0/2	Reducer 7: 0/1	
INFO  : Map 1: 11/11	Map 2: 1/1	Map 3: 2(+65)/67	Map 8: 44(+21)/65	Map 9: 65/65	Reducer 10: 1/1	Reducer 4: 0/80	Reducer 5: 0/152	Reducer 6: 0/2	Reducer 7: 0/1	
INFO  : Map 1: 11/11	Map 2: 1/1	Map 3: 2(+65)/67	Map 8: 47(+18)/65	Map 9: 65/65	Reducer 10: 1/1	Reducer 4: 0/80	Reducer 5: 0/152	Reducer 6: 0/2	Reducer 7: 0/1	
INFO  : Map 1: 11/11	Map 2: 1/1	Map 3: 2(+65)/67	Map 8: 54(+11)/65	Map 9: 65/65	Reducer 10: 1/1	Reducer 4: 0/80	Reducer 5: 0/152	Reducer 6: 0/2	Reducer 7: 0/1	
INFO  : Map 1: 11/11	Map 2: 1/1	Map 3: 2(+65)/67	Map 8: 57(+8)/65	Map 9: 65/65	Reducer 10: 1/1	Reducer 4: 0/80	Reducer 5: 0/152	Reducer 6: 0/2	Reducer 7: 0/1	
INFO  : Map 1: 11/11	Map 2: 1/1	Map 3: 2(+65)/67	Map 8: 64(+1)/65	Map 9: 65/65	Reducer 10: 1/1	Reducer 4: 0/80	Reducer 5: 0/152	Reducer 6: 0/2	Reducer 7: 0/1	
INFO  : Map 1: 11/11	Map 2: 1/1	Map 3: 3(+64)/67	Map 8: 65/65	Map 9: 65/65	Reducer 10: 1/1	Reducer 4: 0/80	Reducer 5: 0/152	Reducer 6: 0/2	Reducer 7: 0/1	
INFO  : Map 1: 11/11	Map 2: 1/1	Map 3: 5(+62)/67	Map 8: 65/65	Map 9: 65/65	Reducer 10: 1/1	Reducer 4: 0/80	Reducer 5: 0/152	Reducer 6: 0/2	Reducer 7: 0/1	
INFO  : Map 1: 11/11	Map 2: 1/1	Map 3: 6(+61)/67	Map 8: 65/65	Map 9: 65/65	Reducer 10: 1/1	Reducer 4: 0/80	Reducer 5: 0/152	Reducer 6: 0/2	Reducer 7: 0/1	
INFO  : Map 1: 11/11	Map 2: 1/1	Map 3: 7(+60)/67	Map 8: 65/65	Map 9: 65/65	Reducer 10: 1/1	Reducer 4: 0/80	Reducer 5: 0/152	Reducer 6: 0/2	Reducer 7: 0/1	
INFO  : Map 1: 11/11	Map 2: 1/1	Map 3: 8(+59)/67	Map 8: 65/65	Map 9: 65/65	Reducer 10: 1/1	Reducer 4: 0/80	Reducer 5: 0/152	Reducer 6: 0/2	Reducer 7: 0/1	
INFO  : Map 1: 11/11	Map 2: 1/1	Map 3: 10(+57)/67	Map 8: 65/65	Map 9: 65/65	Reducer 10: 1/1	Reducer 4: 0/80	Reducer 5: 0/152	Reducer 6: 0/2	Reducer 7: 0/1	
INFO  : Map 1: 11/11	Map 2: 1/1	Map 3: 11(+56)/67	Map 8: 65/65	Map 9: 65/65	Reducer 10: 1/1	Reducer 4: 0/80	Reducer 5: 0/152	Reducer 6: 0/2	Reducer 7: 0/1	
INFO  : Map 1: 11/11	Map 2: 1/1	Map 3: 12(+55)/67	Map 8: 65/65	Map 9: 65/65	Reducer 10: 1/1	Reducer 4: 0/80	Reducer 5: 0/152	Reducer 6: 0/2	Reducer 7: 0/1	
INFO  : Map 1: 11/11	Map 2: 1/1	Map 3: 16(+51)/67	Map 8: 65/65	Map 9: 65/65	Reducer 10: 1/1	Reducer 4: 0/80	Reducer 5: 0/152	Reducer 6: 0/2	Reducer 7: 0/1	
INFO  : Map 1: 11/11	Map 2: 1/1	Map 3: 24(+43)/67	Map 8: 65/65	Map 9: 65/65	Reducer 10: 1/1	Reducer 4: 0(+18)/80	Reducer 5: 0/152	Reducer 6: 0/2	Reducer 7: 0/1	
INFO  : Map 1: 11/11	Map 2: 1/1	Map 3: 31(+36)/67	Map 8: 65/65	Map 9: 65/65	Reducer 10: 1/1	Reducer 4: 0(+35)/80	Reducer 5: 0/152	Reducer 6: 0/2	Reducer 7: 0/1	
INFO  : Map 1: 11/11	Map 2: 1/1	Map 3: 35(+32)/67	Map 8: 65/65	Map 9: 65/65	Reducer 10: 1/1	Reducer 4: 0(+44)/80	Reducer 5: 0/152	Reducer 6: 0/2	Reducer 7: 0/1	
INFO  : Map 1: 11/11	Map 2: 1/1	Map 3: 37(+30)/67	Map 8: 65/65	Map 9: 65/65	Reducer 10: 1/1	Reducer 4: 0(+49)/80	Reducer 5: 0/152	Reducer 6: 0/2	Reducer 7: 0/1	
INFO  : Map 1: 11/11	Map 2: 1/1	Map 3: 38(+29)/67	Map 8: 65/65	Map 9: 65/65	Reducer 10: 1/1	Reducer 4: 0(+51)/80	Reducer 5: 0/152	Reducer 6: 0/2	Reducer 7: 0/1	
INFO  : Map 1: 11/11	Map 2: 1/1	Map 3: 44(+23)/67	Map 8: 65/65	Map 9: 65/65	Reducer 10: 1/1	Reducer 4: 0(+66)/80	Reducer 5: 0/152	Reducer 6: 0/2	Reducer 7: 0/1	
INFO  : Map 1: 11/11	Map 2: 1/1	Map 3: 53(+14)/67	Map 8: 65/65	Map 9: 65/65	Reducer 10: 1/1	Reducer 4: 0(+80)/80	Reducer 5: 0/152	Reducer 6: 0/2	Reducer 7: 0/1	
INFO  : Map 1: 11/11	Map 2: 1/1	Map 3: 56(+11)/67	Map 8: 65/65	Map 9: 65/65	Reducer 10: 1/1	Reducer 4: 0(+80)/80	Reducer 5: 0/152	Reducer 6: 0/2	Reducer 7: 0/1	
INFO  : Map 1: 11/11	Map 2: 1/1	Map 3: 57(+10)/67	Map 8: 65/65	Map 9: 65/65	Reducer 10: 1/1	Reducer 4: 0(+80)/80	Reducer 5: 0/152	Reducer 6: 0/2	Reducer 7: 0/1	
INFO  : Map 1: 11/11	Map 2: 1/1	Map 3: 60(+7)/67	Map 8: 65/65	Map 9: 65/65	Reducer 10: 1/1	Reducer 4: 0(+80)/80	Reducer 5: 0/152	Reducer 6: 0/2	Reducer 7: 0/1	
INFO  : Map 1: 11/11	Map 2: 1/1	Map 3: 66(+1)/67	Map 8: 65/65	Map 9: 65/65	Reducer 10: 1/1	Reducer 4: 0(+80)/80	Reducer 5: 0/152	Reducer 6: 0/2	Reducer 7: 0/1	
INFO  : Map 1: 11/11	Map 2: 1/1	Map 3: 67/67	Map 8: 65/65	Map 9: 65/65	Reducer 10: 1/1	Reducer 4: 0(+80)/80	Reducer 5: 0/152	Reducer 6: 0/2	Reducer 7: 0/1	
INFO  : Map 1: 11/11	Map 2: 1/1	Map 3: 67/67	Map 8: 65/65	Map 9: 65/65	Reducer 10: 1/1	Reducer 4: 0(+80)/80	Reducer 5: 0/152	Reducer 6: 0/2	Reducer 7: 0/1	
INFO  : Map 1: 11/11	Map 2: 1/1	Map 3: 67/67	Map 8: 65/65	Map 9: 65/65	Reducer 10: 1/1	Reducer 4: 1(+79)/80	Reducer 5: 0/152	Reducer 6: 0/2	Reducer 7: 0/1	
INFO  : Map 1: 11/11	Map 2: 1/1	Map 3: 67/67	Map 8: 65/65	Map 9: 65/65	Reducer 10: 1/1	Reducer 4: 8(+72)/80	Reducer 5: 0/152	Reducer 6: 0/2	Reducer 7: 0/1	
INFO  : Map 1: 11/11	Map 2: 1/1	Map 3: 67/67	Map 8: 65/65	Map 9: 65/65	Reducer 10: 1/1	Reducer 4: 22(+58)/80	Reducer 5: 0(+57)/152	Reducer 6: 0/2	Reducer 7: 0/1	
INFO  : Map 1: 11/11	Map 2: 1/1	Map 3: 67/67	Map 8: 65/65	Map 9: 65/65	Reducer 10: 1/1	Reducer 4: 35(+45)/80	Reducer 5: 0(+152)/152	Reducer 6: 0/2	Reducer 7: 0/1	
INFO  : Map 1: 11/11	Map 2: 1/1	Map 3: 67/67	Map 8: 65/65	Map 9: 65/65	Reducer 10: 1/1	Reducer 4: 61(+19)/80	Reducer 5: 0(+152)/152	Reducer 6: 0/2	Reducer 7: 0/1	
INFO  : Map 1: 11/11	Map 2: 1/1	Map 3: 67/67	Map 8: 65/65	Map 9: 65/65	Reducer 10: 1/1	Reducer 4: 66(+14)/80	Reducer 5: 0(+152)/152	Reducer 6: 0/2	Reducer 7: 0/1	
INFO  : Map 1: 11/11	Map 2: 1/1	Map 3: 67/67	Map 8: 65/65	Map 9: 65/65	Reducer 10: 1/1	Reducer 4: 68(+12)/80	Reducer 5: 0(+152)/152	Reducer 6: 0/2	Reducer 7: 0/1	
INFO  : Map 1: 11/11	Map 2: 1/1	Map 3: 67/67	Map 8: 65/65	Map 9: 65/65	Reducer 10: 1/1	Reducer 4: 73(+7)/80	Reducer 5: 0(+152)/152	Reducer 6: 0/2	Reducer 7: 0/1	
INFO  : Map 1: 11/11	Map 2: 1/1	Map 3: 67/67	Map 8: 65/65	Map 9: 65/65	Reducer 10: 1/1	Reducer 4: 76(+4)/80	Reducer 5: 0(+152)/152	Reducer 6: 0/2	Reducer 7: 0/1	
INFO  : Map 1: 11/11	Map 2: 1/1	Map 3: 67/67	Map 8: 65/65	Map 9: 65/65	Reducer 10: 1/1	Reducer 4: 77(+3)/80	Reducer 5: 0(+152)/152	Reducer 6: 0/2	Reducer 7: 0/1	
INFO  : Map 1: 11/11	Map 2: 1/1	Map 3: 67/67	Map 8: 65/65	Map 9: 65/65	Reducer 10: 1/1	Reducer 4: 80/80	Reducer 5: 0(+152)/152	Reducer 6: 0/2	Reducer 7: 0/1	
INFO  : Map 1: 11/11	Map 2: 1/1	Map 3: 67/67	Map 8: 65/65	Map 9: 65/65	Reducer 10: 1/1	Reducer 4: 80/80	Reducer 5: 78(+74)/152	Reducer 6: 0/2	Reducer 7: 0/1	
INFO  : Map 1: 11/11	Map 2: 1/1	Map 3: 67/67	Map 8: 65/65	Map 9: 65/65	Reducer 10: 1/1	Reducer 4: 80/80	Reducer 5: 97(+55)/152	Reducer 6: 0/2	Reducer 7: 0/1	
INFO  : Map 1: 11/11	Map 2: 1/1	Map 3: 67/67	Map 8: 65/65	Map 9: 65/65	Reducer 10: 1/1	Reducer 4: 80/80	Reducer 5: 127(+25)/152	Reducer 6: 0(+1)/1	Reducer 7: 0/1	
INFO  : Map 1: 11/11	Map 2: 1/1	Map 3: 67/67	Map 8: 65/65	Map 9: 65/65	Reducer 10: 1/1	Reducer 4: 80/80	Reducer 5: 138(+14)/152	Reducer 6: 0(+1)/1	Reducer 7: 0/1	
INFO  : Map 1: 11/11	Map 2: 1/1	Map 3: 67/67	Map 8: 65/65	Map 9: 65/65	Reducer 10: 1/1	Reducer 4: 80/80	Reducer 5: 151(+1)/152	Reducer 6: 0(+1)/1	Reducer 7: 0/1	
INFO  : Map 1: 11/11	Map 2: 1/1	Map 3: 67/67	Map 8: 65/65	Map 9: 65/65	Reducer 10: 1/1	Reducer 4: 80/80	Reducer 5: 152/152	Reducer 6: 0(+1)/1	Reducer 7: 0/1	
INFO  : Map 1: 11/11	Map 2: 1/1	Map 3: 67/67	Map 8: 65/65	Map 9: 65/65	Reducer 10: 1/1	Reducer 4: 80/80	Reducer 5: 152/152	Reducer 6: 1/1	Reducer 7: 0(+1)/1	
INFO  : Map 1: 11/11	Map 2: 1/1	Map 3: 67/67	Map 8: 65/65	Map 9: 65/65	Reducer 10: 1/1	Reducer 4: 80/80	Reducer 5: 152/152	Reducer 6: 1/1	Reducer 7: 1/1	
INFO  : Status: DAG finished successfully in 20.87 seconds
INFO  : 
INFO  : Query Execution Summary
INFO  : ----------------------------------------------------------------------------------------------
INFO  : ----------------------------------------------------------------------------------------------
INFO  : Compile Query                           0.34s
INFO  : Prepare Plan                            0.42s
INFO  : Submit Plan                             0.12s
INFO  : Start DAG                               0.20s
INFO  : Run DAG                                20.87s
INFO  : ----------------------------------------------------------------------------------------------
INFO  : 
INFO  : Task Execution Summary
INFO  : --------------------------------------------------------------------------------------------------------------------------------
INFO  : --------------------------------------------------------------------------------------------------------------------------------
INFO  :      Map 1           11                0             0         603.00             0            0      2,500,001         100,262
INFO  :      Map 2            1                0             0           0.00             0            0             25               1
INFO  :      Map 3           67                0             0       12073.00             0            0  1,500,000,714     227,541,814
INFO  :      Map 8           65                0             0        4021.00             0            0    200,000,000     200,000,000
INFO  :      Map 9           65                0             0         803.00             0            0     50,000,000         542,943
INFO  : Reducer 10            1                0             0        1205.00             0            0        542,943         542,943
INFO  :  Reducer 4           80                0             0       10091.00             0            0    227,541,814     137,768,097
INFO  :  Reducer 5          152                0             0        2822.00             0            0    338,311,040       1,488,300
INFO  :  Reducer 6            1                0             0        2006.00             0            0      1,588,562          45,180
INFO  :  Reducer 7            1                0             0         524.00             0            0         45,180               0
INFO  : --------------------------------------------------------------------------------------------------------------------------------
INFO  : 
INFO  : LLAP IO Summary
INFO  : ----------------------------------------------------------------------------------------------
INFO  : ----------------------------------------------------------------------------------------------
INFO  :      Map 1       250        22          0   80.22MB         0B          0B       0B     1.86s
INFO  :      Map 2         1         2          0      205B         0B          0B       0B     0.00s
INFO  :      Map 3    150873      2000          0   16.56GB         0B          0B       0B   173.59s
INFO  :      Map 8     20000       500          0    1.20GB         0B          0B       0B    25.82s
INFO  :      Map 9      5000       250          0  615.32MB         0B          0B       0B    11.64s
INFO  : ----------------------------------------------------------------------------------------------
INFO  : 
INFO  : FileSystem Counters Summary
INFO  : 
INFO  : ----------------------------------------------------------------------------------------------
INFO  : ----------------------------------------------------------------------------------------------
INFO  :      Map 1              0B             0                  0             3.86MB             0
INFO  :      Map 2              0B             0                  0                59B             0
INFO  :      Map 3        258.35KB             0                  0             2.86GB             0
INFO  :      Map 8              0B             0                  0             2.60GB             0
INFO  :      Map 9          7.28KB             0                  0             2.67MB             0
INFO  : Reducer 10          2.16MB             0                  0             2.51MB             0
INFO  :  Reducer 4          2.10GB             0                  0             1.76GB             0
INFO  :  Reducer 5        600.49MB             0                  0             7.60MB             0
INFO  :  Reducer 6          4.10MB             0                  0             1.62MB             0
INFO  :  Reducer 7          1.35MB             0                  0                 0B             0
INFO  : ----------------------------------------------------------------------------------------------
INFO  : 
INFO  : ----------------------------------------------------------------------------------------------
INFO  : ----------------------------------------------------------------------------------------------
INFO  :      Map 1              0B             0                  0                 0B             0
INFO  :      Map 2              0B             0                  0                 0B             0
INFO  :      Map 3              0B             0                  0                 0B             0
INFO  :      Map 8              0B             0                  0                 0B             0
INFO  :      Map 9              0B             0                  0                 0B             0
INFO  : Reducer 10              0B             0                  0                 0B             0
INFO  :  Reducer 4              0B             0                  0                 0B             0
INFO  :  Reducer 5              0B             0                  0                 0B             0
INFO  :  Reducer 6              0B             0                  0                 0B             0
INFO  :  Reducer 7              0B             2                  0             2.60MB             2
INFO  : ----------------------------------------------------------------------------------------------
INFO  : 
INFO  : org.apache.tez.common.counters.DAGCounter:
INFO  :    NUM_SUCCEEDED_TASKS: 444
INFO  :    TOTAL_LAUNCHED_TASKS: 444
INFO  :    DATA_LOCAL_TASKS: 209
INFO  :    AM_CPU_MILLISECONDS: 5030
INFO  :    AM_GC_TIME_MILLIS: 19
INFO  : File System Counters:
INFO  :    FILE_BYTES_READ: 2707396340
INFO  :    FILE_BYTES_WRITTEN: 7246350506
INFO  :    FILE_READ_OPS: 0
INFO  :    FILE_LARGE_READ_OPS: 0
INFO  :    FILE_WRITE_OPS: 0
INFO  :    HDFS_BYTES_READ: 0
INFO  :    HDFS_BYTES_WRITTEN: 2600776
INFO  :    HDFS_READ_OPS: 2
INFO  :    HDFS_LARGE_READ_OPS: 0
INFO  :    HDFS_WRITE_OPS: 2
INFO  : org.apache.tez.common.counters.TaskCounter:
INFO  :    REDUCE_INPUT_GROUPS: 139482683
INFO  :    REDUCE_INPUT_RECORDS: 229618237
INFO  :    COMBINE_INPUT_RECORDS: 0
INFO  :    SPILLED_RECORDS: 459236474
INFO  :    NUM_SHUFFLED_INPUTS: 17222
INFO  :    NUM_SKIPPED_INPUTS: 0
INFO  :    NUM_FAILED_SHUFFLE_INPUTS: 0
INFO  :    MERGED_MAP_OUTPUTS: 5795
INFO  :    INPUT_RECORDS_PROCESSED: 344507459
INFO  :    INPUT_SPLIT_LENGTH_BYTES: 70877798078
INFO  :    OUTPUT_RECORDS: 568029540
INFO  :    OUTPUT_LARGE_RECORDS: 0
INFO  :    OUTPUT_BYTES: 10120744250
INFO  :    OUTPUT_BYTES_WITH_OVERHEAD: 15031997196
INFO  :    OUTPUT_BYTES_PHYSICAL: 7246207882
INFO  :    ADDITIONAL_SPILLS_BYTES_WRITTEN: 1838168967
INFO  :    ADDITIONAL_SPILLS_BYTES_READ: 2145335063
INFO  :    ADDITIONAL_SPILL_COUNT: 0
INFO  :    SHUFFLE_CHUNK_COUNT: 285
INFO  :    SHUFFLE_BYTES: 7265781620
INFO  :    SHUFFLE_BYTES_DECOMPRESSED: 11287311512
INFO  :    SHUFFLE_BYTES_TO_MEM: 6481325245
INFO  :    SHUFFLE_BYTES_TO_DISK: 0
INFO  :    SHUFFLE_BYTES_DISK_DIRECT: 784456375
INFO  :    NUM_MEM_TO_DISK_MERGES: 0
INFO  :    NUM_DISK_TO_DISK_MERGES: 0
INFO  :    SHUFFLE_PHASE_TIME: 571319
INFO  :    MERGE_PHASE_TIME: 385614
INFO  :    FIRST_EVENT_RECEIVED: 1614
INFO  :    LAST_EVENT_RECEIVED: 509604
INFO  : HIVE:
INFO  :    CREATED_FILES: 1
INFO  :    DESERIALIZE_ERRORS: 0
INFO  :    RECORDS_IN_Map_1: 2500000
INFO  :    RECORDS_IN_Map_2: 25
INFO  :    RECORDS_IN_Map_3: 1500000714
INFO  :    RECORDS_IN_Map_8: 200000000
INFO  :    RECORDS_IN_Map_9: 50000000
INFO  :    RECORDS_OUT_0: 45180
INFO  :    RECORDS_OUT_INTERMEDIATE_Map_1: 100262
INFO  :    RECORDS_OUT_INTERMEDIATE_Map_2: 1
INFO  :    RECORDS_OUT_INTERMEDIATE_Map_3: 227541814
INFO  :    RECORDS_OUT_INTERMEDIATE_Map_8: 200000000
INFO  :    RECORDS_OUT_INTERMEDIATE_Map_9: 542943
INFO  :    RECORDS_OUT_INTERMEDIATE_Reducer_10: 542943
INFO  :    RECORDS_OUT_INTERMEDIATE_Reducer_4: 137768097
INFO  :    RECORDS_OUT_INTERMEDIATE_Reducer_5: 1488300
INFO  :    RECORDS_OUT_INTERMEDIATE_Reducer_6: 45180
INFO  : Shuffle Errors:
INFO  :    BAD_ID: 0
INFO  :    CONNECTION: 0
INFO  :    IO_ERROR: 0
INFO  :    WRONG_LENGTH: 0
INFO  :    WRONG_MAP: 0
INFO  :    WRONG_REDUCE: 0
INFO  : Shuffle Errors_Reducer_10_INPUT_Map_9:
INFO  :    BAD_ID: 0
INFO  :    CONNECTION: 0
INFO  :    IO_ERROR: 0
INFO  :    WRONG_LENGTH: 0
INFO  :    WRONG_MAP: 0
INFO  :    WRONG_REDUCE: 0
INFO  : Shuffle Errors_Reducer_4_INPUT_Map_3:
INFO  :    BAD_ID: 0
INFO  :    CONNECTION: 0
INFO  :    IO_ERROR: 0
INFO  :    WRONG_LENGTH: 0
INFO  :    WRONG_MAP: 0
INFO  :    WRONG_REDUCE: 0
INFO  : Shuffle Errors_Reducer_6_INPUT_Reducer_5:
INFO  :    BAD_ID: 0
INFO  :    CONNECTION: 0
INFO  :    IO_ERROR: 0
INFO  :    WRONG_LENGTH: 0
INFO  :    WRONG_MAP: 0
INFO  :    WRONG_REDUCE: 0
INFO  : Shuffle Errors_Reducer_7_INPUT_Reducer_6:
INFO  :    BAD_ID: 0
INFO  :    CONNECTION: 0
INFO  :    IO_ERROR: 0
INFO  :    WRONG_LENGTH: 0
INFO  :    WRONG_MAP: 0
INFO  :    WRONG_REDUCE: 0
INFO  : TaskCounter_Map_1_INPUT_Map_2:
INFO  :    FIRST_EVENT_RECEIVED: 229
INFO  :    INPUT_RECORDS_PROCESSED: 7
INFO  :    LAST_EVENT_RECEIVED: 229
INFO  :    NUM_FAILED_SHUFFLE_INPUTS: 0
INFO  :    NUM_SHUFFLED_INPUTS: 7
INFO  :    SHUFFLE_BYTES: 189
INFO  :    SHUFFLE_BYTES_DECOMPRESSED: 91
INFO  :    SHUFFLE_BYTES_DISK_DIRECT: 0
INFO  :    SHUFFLE_BYTES_TO_DISK: 0
INFO  :    SHUFFLE_BYTES_TO_MEM: 189
INFO  :    SHUFFLE_PHASE_TIME: 321
INFO  : TaskCounter_Map_1_INPUT_supplier:
INFO  :    INPUT_RECORDS_PROCESSED: 2500
INFO  :    INPUT_SPLIT_LENGTH_BYTES: 181097437
INFO  : TaskCounter_Map_1_OUTPUT_Reducer_6:
INFO  :    ADDITIONAL_SPILLS_BYTES_READ: 0
INFO  :    ADDITIONAL_SPILLS_BYTES_WRITTEN: 0
INFO  :    ADDITIONAL_SPILL_COUNT: 0
INFO  :    OUTPUT_BYTES: 5115709
INFO  :    OUTPUT_BYTES_PHYSICAL: 3855185
INFO  :    OUTPUT_BYTES_WITH_OVERHEAD: 5316299
INFO  :    OUTPUT_LARGE_RECORDS: 0
INFO  :    OUTPUT_RECORDS: 100262
INFO  :    SPILLED_RECORDS: 0
INFO  : TaskCounter_Map_2_INPUT_nation:
INFO  :    INPUT_RECORDS_PROCESSED: 1
INFO  :    INPUT_SPLIT_LENGTH_BYTES: 1661
INFO  : TaskCounter_Map_2_OUTPUT_Map_1:
INFO  :    ADDITIONAL_SPILLS_BYTES_READ: 0
INFO  :    ADDITIONAL_SPILLS_BYTES_WRITTEN: 0
INFO  :    ADDITIONAL_SPILL_COUNT: 0
INFO  :    OUTPUT_BYTES: 5
INFO  :    OUTPUT_BYTES_PHYSICAL: 51
INFO  :    OUTPUT_BYTES_WITH_OVERHEAD: 13
INFO  :    OUTPUT_LARGE_RECORDS: 0
INFO  :    OUTPUT_RECORDS: 1
INFO  :    SPILLED_RECORDS: 0
INFO  : TaskCounter_Map_3_INPUT_lineitem:
INFO  :    INPUT_RECORDS_PROCESSED: 1500105
INFO  :    INPUT_SPLIT_LENGTH_BYTES: 58902255143
INFO  : TaskCounter_Map_3_OUTPUT_Reducer_4:
INFO  :    ADDITIONAL_SPILLS_BYTES_READ: 0
INFO  :    ADDITIONAL_SPILLS_BYTES_WRITTEN: 0
INFO  :    ADDITIONAL_SPILL_COUNT: 0
INFO  :    OUTPUT_BYTES: 4550836280
INFO  :    OUTPUT_BYTES_PHYSICAL: 2862981636
INFO  :    OUTPUT_BYTES_WITH_OVERHEAD: 5005952068
INFO  :    OUTPUT_RECORDS: 227541814
INFO  :    SHUFFLE_CHUNK_COUNT: 67
INFO  :    SPILLED_RECORDS: 227541814
INFO  : TaskCounter_Map_8_INPUT_partsupp:
INFO  :    INPUT_RECORDS_PROCESSED: 200000
INFO  :    INPUT_SPLIT_LENGTH_BYTES: 10476156162
INFO  : TaskCounter_Map_8_OUTPUT_Reducer_5:
INFO  :    ADDITIONAL_SPILLS_BYTES_READ: 0
INFO  :    ADDITIONAL_SPILLS_BYTES_WRITTEN: 0
INFO  :    ADDITIONAL_SPILL_COUNT: 0
INFO  :    OUTPUT_BYTES: 2792359454
INFO  :    OUTPUT_BYTES_PHYSICAL: 2600466382
INFO  :    OUTPUT_BYTES_WITH_OVERHEAD: 5589837502
INFO  :    OUTPUT_LARGE_RECORDS: 0
INFO  :    OUTPUT_RECORDS: 200000000
INFO  :    SPILLED_RECORDS: 0
INFO  : TaskCounter_Map_9_INPUT_part:
INFO  :    INPUT_RECORDS_PROCESSED: 50000
INFO  :    INPUT_SPLIT_LENGTH_BYTES: 1318287675
INFO  : TaskCounter_Map_9_OUTPUT_Reducer_10:
INFO  :    ADDITIONAL_SPILLS_BYTES_READ: 0
INFO  :    ADDITIONAL_SPILLS_BYTES_WRITTEN: 0
INFO  :    ADDITIONAL_SPILL_COUNT: 0
INFO  :    OUTPUT_BYTES: 3257658
INFO  :    OUTPUT_BYTES_PHYSICAL: 2667165
INFO  :    OUTPUT_BYTES_WITH_OVERHEAD: 4344324
INFO  :    OUTPUT_RECORDS: 542943
INFO  :    SHUFFLE_CHUNK_COUNT: 65
INFO  :    SPILLED_RECORDS: 542943
INFO  : TaskCounter_Reducer_10_INPUT_Map_9:
INFO  :    ADDITIONAL_SPILLS_BYTES_READ: 2549773
INFO  :    ADDITIONAL_SPILLS_BYTES_WRITTEN: 2291403
INFO  :    COMBINE_INPUT_RECORDS: 0
INFO  :    FIRST_EVENT_RECEIVED: 6
INFO  :    LAST_EVENT_RECEIVED: 372
INFO  :    MERGED_MAP_OUTPUTS: 130
INFO  :    MERGE_PHASE_TIME: 930
INFO  :    NUM_DISK_TO_DISK_MERGES: 0
INFO  :    NUM_FAILED_SHUFFLE_INPUTS: 0
INFO  :    NUM_MEM_TO_DISK_MERGES: 0
INFO  :    NUM_SHUFFLED_INPUTS: 130
INFO  :    NUM_SKIPPED_INPUTS: 0
INFO  :    REDUCE_INPUT_GROUPS: 542943
INFO  :    REDUCE_INPUT_RECORDS: 542943
INFO  :    SHUFFLE_BYTES: 2667165
INFO  :    SHUFFLE_BYTES_DECOMPRESSED: 4344324
INFO  :    SHUFFLE_BYTES_DISK_DIRECT: 258370
INFO  :    SHUFFLE_BYTES_TO_DISK: 0
INFO  :    SHUFFLE_BYTES_TO_MEM: 2408795
INFO  :    SHUFFLE_PHASE_TIME: 687
INFO  :    SPILLED_RECORDS: 542943
INFO  : TaskCounter_Reducer_10_OUTPUT_Reducer_5:
INFO  :    ADDITIONAL_SPILLS_BYTES_READ: 0
INFO  :    ADDITIONAL_SPILLS_BYTES_WRITTEN: 0
INFO  :    ADDITIONAL_SPILL_COUNT: 0
INFO  :    OUTPUT_BYTES: 2714715
INFO  :    OUTPUT_BYTES_PHYSICAL: 2512880
INFO  :    OUTPUT_BYTES_WITH_OVERHEAD: 3800607
INFO  :    OUTPUT_LARGE_RECORDS: 0
INFO  :    OUTPUT_RECORDS: 542943
INFO  :    SPILLED_RECORDS: 0
INFO  : TaskCounter_Reducer_4_INPUT_Map_3:
INFO  :    ADDITIONAL_SPILLS_BYTES_READ: 2135839736
INFO  :    ADDITIONAL_SPILLS_BYTES_WRITTEN: 1830027365
INFO  :    COMBINE_INPUT_RECORDS: 0
INFO  :    FIRST_EVENT_RECEIVED: 98
INFO  :    LAST_EVENT_RECEIVED: 264765
INFO  :    MERGED_MAP_OUTPUTS: 5360
INFO  :    MERGE_PHASE_TIME: 383439
INFO  :    NUM_DISK_TO_DISK_MERGES: 0
INFO  :    NUM_FAILED_SHUFFLE_INPUTS: 0
INFO  :    NUM_MEM_TO_DISK_MERGES: 0
INFO  :    NUM_SHUFFLED_INPUTS: 5360
INFO  :    NUM_SKIPPED_INPUTS: 0
INFO  :    REDUCE_INPUT_GROUPS: 137768097
INFO  :    REDUCE_INPUT_RECORDS: 227541814
INFO  :    SHUFFLE_BYTES: 2862981636
INFO  :    SHUFFLE_BYTES_DECOMPRESSED: 5005952068
INFO  :    SHUFFLE_BYTES_DISK_DIRECT: 305812371
INFO  :    SHUFFLE_BYTES_TO_DISK: 0
INFO  :    SHUFFLE_BYTES_TO_MEM: 2557169265
INFO  :    SHUFFLE_PHASE_TIME: 268559
INFO  :    SPILLED_RECORDS: 227541814
INFO  : TaskCounter_Reducer_4_OUTPUT_Reducer_5:
INFO  :    ADDITIONAL_SPILLS_BYTES_READ: 0
INFO  :    ADDITIONAL_SPILLS_BYTES_WRITTEN: 0
INFO  :    ADDITIONAL_SPILL_COUNT: 0
INFO  :    OUTPUT_BYTES: 2755361940
INFO  :    OUTPUT_BYTES_PHYSICAL: 1764518555
INFO  :    OUTPUT_BYTES_WITH_OVERHEAD: 4408579104
INFO  :    OUTPUT_LARGE_RECORDS: 0
INFO  :    OUTPUT_RECORDS: 137768097
INFO  :    SPILLED_RECORDS: 0
INFO  : TaskCounter_Reducer_5_INPUT_Map_8:
INFO  :    FIRST_EVENT_RECEIVED: 481
INFO  :    INPUT_RECORDS_PROCESSED: 200000000
INFO  :    LAST_EVENT_RECEIVED: 3940
INFO  :    NUM_FAILED_SHUFFLE_INPUTS: 0
INFO  :    NUM_SHUFFLED_INPUTS: 9880
INFO  :    SHUFFLE_BYTES: 2600229262
INFO  :    SHUFFLE_BYTES_DECOMPRESSED: 3192418734
INFO  :    SHUFFLE_BYTES_DISK_DIRECT: 285152587
INFO  :    SHUFFLE_BYTES_TO_DISK: 0
INFO  :    SHUFFLE_BYTES_TO_MEM: 2315076675
INFO  :    SHUFFLE_PHASE_TIME: 61166
INFO  : TaskCounter_Reducer_5_INPUT_Reducer_10:
INFO  :    FIRST_EVENT_RECEIVED: 8
INFO  :    INPUT_RECORDS_PROCESSED: 4886487
INFO  :    LAST_EVENT_RECEIVED: 8
INFO  :    NUM_FAILED_SHUFFLE_INPUTS: 0
INFO  :    NUM_SHUFFLED_INPUTS: 9
INFO  :    SHUFFLE_BYTES: 22615704
INFO  :    SHUFFLE_BYTES_DECOMPRESSED: 34205463
INFO  :    SHUFFLE_BYTES_DISK_DIRECT: 2512856
INFO  :    SHUFFLE_BYTES_TO_DISK: 0
INFO  :    SHUFFLE_BYTES_TO_MEM: 20102848
INFO  :    SHUFFLE_PHASE_TIME: 180
INFO  : TaskCounter_Reducer_5_INPUT_Reducer_4:
INFO  :    FIRST_EVENT_RECEIVED: 789
INFO  :    INPUT_RECORDS_PROCESSED: 137768097
INFO  :    LAST_EVENT_RECEIVED: 239787
INFO  :    NUM_FAILED_SHUFFLE_INPUTS: 0
INFO  :    NUM_SHUFFLED_INPUTS: 1520
INFO  :    SHUFFLE_BYTES: 1764226715
INFO  :    SHUFFLE_BYTES_DECOMPRESSED: 3030907254
INFO  :    SHUFFLE_BYTES_DISK_DIRECT: 189210366
INFO  :    SHUFFLE_BYTES_TO_DISK: 0
INFO  :    SHUFFLE_BYTES_TO_MEM: 1575016349
INFO  :    SHUFFLE_PHASE_TIME: 239892
INFO  : TaskCounter_Reducer_5_OUTPUT_Reducer_6:
INFO  :    ADDITIONAL_SPILLS_BYTES_READ: 0
INFO  :    ADDITIONAL_SPILLS_BYTES_WRITTEN: 0
INFO  :    ADDITIONAL_SPILL_COUNT: 0
INFO  :    OUTPUT_BYTES: 8929800
INFO  :    OUTPUT_BYTES_PHYSICAL: 7589134
INFO  :    OUTPUT_BYTES_WITH_OVERHEAD: 11908224
INFO  :    OUTPUT_RECORDS: 1488300
INFO  :    SHUFFLE_CHUNK_COUNT: 152
INFO  :    SPILLED_RECORDS: 1488300
INFO  : TaskCounter_Reducer_6_INPUT_Map_1:
INFO  :    FIRST_EVENT_RECEIVED: 1
INFO  :    INPUT_RECORDS_PROCESSED: 100262
INFO  :    LAST_EVENT_RECEIVED: 1
INFO  :    NUM_FAILED_SHUFFLE_INPUTS: 0
INFO  :    NUM_SHUFFLED_INPUTS: 11
INFO  :    SHUFFLE_BYTES: 3854921
INFO  :    SHUFFLE_BYTES_DECOMPRESSED: 5316299
INFO  :    SHUFFLE_BYTES_DISK_DIRECT: 414470
INFO  :    SHUFFLE_BYTES_TO_DISK: 0
INFO  :    SHUFFLE_BYTES_TO_MEM: 3440451
INFO  :    SHUFFLE_PHASE_TIME: 5
INFO  : TaskCounter_Reducer_6_INPUT_Reducer_5:
INFO  :    ADDITIONAL_SPILLS_BYTES_READ: 5328660
INFO  :    ADDITIONAL_SPILLS_BYTES_WRITTEN: 4233305
INFO  :    COMBINE_INPUT_RECORDS: 0
INFO  :    FIRST_EVENT_RECEIVED: 1
INFO  :    LAST_EVENT_RECEIVED: 501
INFO  :    MERGED_MAP_OUTPUTS: 304
INFO  :    MERGE_PHASE_TIME: 1220
INFO  :    NUM_DISK_TO_DISK_MERGES: 0
INFO  :    NUM_FAILED_SHUFFLE_INPUTS: 0
INFO  :    NUM_MEM_TO_DISK_MERGES: 0
INFO  :    NUM_SHUFFLED_INPUTS: 304
INFO  :    NUM_SKIPPED_INPUTS: 0
INFO  :    REDUCE_INPUT_GROUPS: 1126463
INFO  :    REDUCE_INPUT_RECORDS: 1488300
INFO  :    SHUFFLE_BYTES: 7589134
INFO  :    SHUFFLE_BYTES_DECOMPRESSED: 11908224
INFO  :    SHUFFLE_BYTES_DISK_DIRECT: 1095355
INFO  :    SHUFFLE_BYTES_TO_DISK: 0
INFO  :    SHUFFLE_BYTES_TO_MEM: 6493779
INFO  :    SHUFFLE_PHASE_TIME: 503
INFO  :    SPILLED_RECORDS: 1488300
INFO  : TaskCounter_Reducer_6_OUTPUT_Reducer_7:
INFO  :    ADDITIONAL_SPILLS_BYTES_READ: 0
INFO  :    ADDITIONAL_SPILLS_BYTES_WRITTEN: 0
INFO  :    ADDITIONAL_SPILL_COUNT: 0
INFO  :    OUTPUT_BYTES: 2168689
INFO  :    OUTPUT_BYTES_PHYSICAL: 1616894
INFO  :    OUTPUT_BYTES_WITH_OVERHEAD: 2259055
INFO  :    OUTPUT_RECORDS: 45180
INFO  :    SHUFFLE_CHUNK_COUNT: 1
INFO  :    SPILLED_RECORDS: 45180
INFO  : TaskCounter_Reducer_7_INPUT_Reducer_6:
INFO  :    ADDITIONAL_SPILLS_BYTES_READ: 1616894
INFO  :    ADDITIONAL_SPILLS_BYTES_WRITTEN: 1616894
INFO  :    COMBINE_INPUT_RECORDS: 0
INFO  :    FIRST_EVENT_RECEIVED: 1
INFO  :    LAST_EVENT_RECEIVED: 1
INFO  :    MERGED_MAP_OUTPUTS: 1
INFO  :    MERGE_PHASE_TIME: 25
INFO  :    NUM_DISK_TO_DISK_MERGES: 0
INFO  :    NUM_FAILED_SHUFFLE_INPUTS: 0
INFO  :    NUM_MEM_TO_DISK_MERGES: 0
INFO  :    NUM_SHUFFLED_INPUTS: 1
INFO  :    NUM_SKIPPED_INPUTS: 0
INFO  :    REDUCE_INPUT_GROUPS: 45180
INFO  :    REDUCE_INPUT_RECORDS: 45180
INFO  :    SHUFFLE_BYTES: 1616894
INFO  :    SHUFFLE_BYTES_DECOMPRESSED: 2259055
INFO  :    SHUFFLE_BYTES_DISK_DIRECT: 0
INFO  :    SHUFFLE_BYTES_TO_DISK: 0
INFO  :    SHUFFLE_BYTES_TO_MEM: 1616894
INFO  :    SHUFFLE_PHASE_TIME: 6
INFO  :    SPILLED_RECORDS: 45180
INFO  : TaskCounter_Reducer_7_OUTPUT_out_Reducer_7:
INFO  :    OUTPUT_RECORDS: 0
INFO  : org.apache.hadoop.hive.llap.counters.LlapIOCounters:
INFO  :    CACHE_HIT_BYTES: 18457412128
INFO  :    CACHE_MISS_BYTES: 0
INFO  :    CONSUMER_TIME_NS: 500810132215
INFO  :    DECODE_TIME_NS: 209653194264
INFO  :    HDFS_TIME_NS: 9291569
INFO  :    METADATA_CACHE_HIT: 2774
INFO  :    NUM_DECODED_BATCHES: 176124
INFO  :    NUM_VECTOR_BATCHES: 1752606
INFO  :    ROWS_EMITTED: 1752500739
INFO  :    SELECTED_ROWGROUPS: 176124
INFO  :    TOTAL_IO_TIME_NS: 212921266755
INFO  : Completed executing command(queryId=hive_20161005144650_0af3e1f1-fe44-41cd-8a53-3914290e5b64); Time taken: 21.678 seconds
INFO  : OK
45,180 rows selected (22.735 seconds)
Closing: 0: jdbc:hive2://h01hn02:10500/tpch_flat_orc_250
