
Logging initialized using configuration in file:/etc/hive/2.5.0.0-1245/0/hive-log4j.properties
hive> use tpch_flat_orc_10000; source tpch_query9.sql;
OK
Time taken: 0.837 seconds
Warning: Shuffle Join JOIN[8][tables = [part, supplier]] in Stage 'Stage-1:MAPRED' is a cross product
Query ID = root_20160916132551_4f6a0a38-a91f-4f3e-a9a4-c98173a35fa9
Total jobs = 8
Stage-1 is selected by condition resolver.
Launching Job 1 out of 8
Number of reduce tasks determined at compile time: 1
In order to change the average load for a reducer (in bytes):
  set hive.exec.reducers.bytes.per.reducer=<number>
In order to limit the maximum number of reducers:
  set hive.exec.reducers.max=<number>
In order to set a constant number of reducers:
  set mapreduce.job.reduces=<number>
Starting Job = job_1473176979882_0288, Tracking URL = http://h01hn01.hadoop:8088/proxy/application_1473176979882_0288/
Kill Command = /usr/hdp/2.5.0.0-1245/hadoop/bin/hadoop job  -kill job_1473176979882_0288
Hadoop job information for Stage-1: number of mappers: 219; number of reducers: 1
2016-09-16 13:26:04,853 Stage-1 map = 0%,  reduce = 0%
2016-09-16 13:26:16,202 Stage-1 map = 1%,  reduce = 0%, Cumulative CPU 61.43 sec
2016-09-16 13:26:17,229 Stage-1 map = 8%,  reduce = 0%, Cumulative CPU 730.67 sec
2016-09-16 13:26:18,259 Stage-1 map = 19%,  reduce = 0%, Cumulative CPU 1906.59 sec
2016-09-16 13:26:19,294 Stage-1 map = 22%,  reduce = 0%, Cumulative CPU 2003.61 sec
2016-09-16 13:26:20,320 Stage-1 map = 30%,  reduce = 0%, Cumulative CPU 2624.16 sec
2016-09-16 13:26:21,353 Stage-1 map = 40%,  reduce = 0%, Cumulative CPU 3377.49 sec
2016-09-16 13:26:22,379 Stage-1 map = 42%,  reduce = 0%, Cumulative CPU 3479.8 sec
2016-09-16 13:26:23,407 Stage-1 map = 50%,  reduce = 0%, Cumulative CPU 3801.78 sec
2016-09-16 13:26:24,431 Stage-1 map = 67%,  reduce = 0%, Cumulative CPU 4396.52 sec
2016-09-16 13:26:25,453 Stage-1 map = 83%,  reduce = 0%, Cumulative CPU 4549.19 sec
2016-09-16 13:26:26,475 Stage-1 map = 95%,  reduce = 0%, Cumulative CPU 4690.77 sec
2016-09-16 13:26:27,496 Stage-1 map = 99%,  reduce = 0%, Cumulative CPU 4752.07 sec
2016-09-16 13:26:28,518 Stage-1 map = 100%,  reduce = 0%, Cumulative CPU 4758.83 sec
2016-09-16 13:26:30,572 Stage-1 map = 100%,  reduce = 24%, Cumulative CPU 4784.48 sec
