Format csv is deprecated, please use csv2
Connecting to jdbc:hive2://h01hn02:10500/tpch_flat_orc_250
Connected to: Apache Hive (version 2.1.0.2.5.1.0-43)
Driver: Hive JDBC (version 1.2.1000.2.5.1.0-43)
Transaction isolation: TRANSACTION_REPEATABLE_READ
Running init script ../sample-queries-tpcds/bry.sql
No rows affected (0.037 seconds)
INFO  : Compiling command(queryId=hive_20161005150826_dbdec02a-9a09-45f9-a0a5-6a6726be4051): select
	l_orderkey,
	sum(l_extendedprice * (1 - l_discount)) as revenue,
	o_orderdate,
	o_shippriority
from
	customer,
	orders,
	lineitem
where
	c_mktsegment = 'BUILDING'
	and c_custkey = o_custkey
	and l_orderkey = o_orderkey
	and o_orderdate < '1995-03-22'
	and l_shipdate > '1995-03-22'
group by
	l_orderkey,
	o_orderdate,
	o_shippriority
order by
	revenue desc,
	o_orderdate
limit 10
INFO  : Semantic Analysis Completed
INFO  : Returning Hive schema: Schema(fieldSchemas:[FieldSchema(name:l_orderkey, type:int, comment:null), FieldSchema(name:revenue, type:double, comment:null), FieldSchema(name:o_orderdate, type:string, comment:null), FieldSchema(name:o_shippriority, type:int, comment:null)], properties:null)
INFO  : Completed compiling command(queryId=hive_20161005150826_dbdec02a-9a09-45f9-a0a5-6a6726be4051); Time taken: 1.171 seconds
INFO  : Concurrency mode is disabled, not creating a lock manager
INFO  : Executing command(queryId=hive_20161005150826_dbdec02a-9a09-45f9-a0a5-6a6726be4051): select
	l_orderkey,
	sum(l_extendedprice * (1 - l_discount)) as revenue,
	o_orderdate,
	o_shippriority
from
	customer,
	orders,
	lineitem
where
	c_mktsegment = 'BUILDING'
	and c_custkey = o_custkey
	and l_orderkey = o_orderkey
	and o_orderdate < '1995-03-22'
	and l_shipdate > '1995-03-22'
group by
	l_orderkey,
	o_orderdate,
	o_shippriority
order by
	revenue desc,
	o_orderdate
limit 10
INFO  : Query ID = hive_20161005150826_dbdec02a-9a09-45f9-a0a5-6a6726be4051
INFO  : Total jobs = 1
INFO  : Launching Job 1 out of 1
INFO  : Starting task [Stage-1:MAPRED] in serial mode
INFO  : Session is already open
INFO  : Dag name: select
	l_orderkey,
	sum(l_extendedpric...10(Stage-1)
INFO  : Setting tez.task.scale.memory.reserve-fraction to 0.30000001192092896
INFO  : Setting tez.task.scale.memory.reserve-fraction to 0.30000001192092896
INFO  : 

INFO  : Status: Running (Executing on YARN cluster with App id application_1475694383065_0014)

INFO  : Map 1: 0(+66)/66	Map 2: 0(+66)/66	Map 3: 0(+67)/67	Reducer 4: 0/1009	Reducer 5: 0/254	Reducer 6: 0/1	
INFO  : Map 1: 0(+66)/66	Map 2: 20(+46)/66	Map 3: 0(+67)/67	Reducer 4: 0/1009	Reducer 5: 0/254	Reducer 6: 0/1	
INFO  : Map 1: 0(+66)/66	Map 2: 46(+20)/66	Map 3: 0(+67)/67	Reducer 4: 0/1009	Reducer 5: 0/254	Reducer 6: 0/1	
INFO  : Map 1: 0(+66)/66	Map 2: 53(+13)/66	Map 3: 0(+67)/67	Reducer 4: 0/1009	Reducer 5: 0/254	Reducer 6: 0/1	
INFO  : Map 1: 0(+66)/66	Map 2: 57(+9)/66	Map 3: 0(+67)/67	Reducer 4: 0/1009	Reducer 5: 0/254	Reducer 6: 0/1	
INFO  : Map 1: 0(+66)/66	Map 2: 59(+7)/66	Map 3: 0(+67)/67	Reducer 4: 0/1009	Reducer 5: 0/254	Reducer 6: 0/1	
INFO  : Map 1: 0(+66)/66	Map 2: 62(+4)/66	Map 3: 0(+67)/67	Reducer 4: 0/1009	Reducer 5: 0/254	Reducer 6: 0/1	
INFO  : Map 1: 0(+66)/66	Map 2: 63(+3)/66	Map 3: 0(+67)/67	Reducer 4: 0/1009	Reducer 5: 0/254	Reducer 6: 0/1	
INFO  : Map 1: 0(+66)/66	Map 2: 65(+1)/66	Map 3: 0(+67)/67	Reducer 4: 0/1009	Reducer 5: 0/254	Reducer 6: 0/1	
INFO  : Map 1: 0(+66)/66	Map 2: 66/66	Map 3: 0(+67)/67	Reducer 4: 0/1009	Reducer 5: 0/254	Reducer 6: 0/1	
INFO  : Map 1: 0(+66)/66	Map 2: 66/66	Map 3: 1(+66)/67	Reducer 4: 0/1009	Reducer 5: 0/254	Reducer 6: 0/1	
INFO  : Map 1: 0(+66)/66	Map 2: 66/66	Map 3: 2(+65)/67	Reducer 4: 0/1009	Reducer 5: 0/254	Reducer 6: 0/1	
INFO  : Map 1: 0(+66)/66	Map 2: 66/66	Map 3: 3(+64)/67	Reducer 4: 0/1009	Reducer 5: 0/254	Reducer 6: 0/1	
INFO  : Map 1: 0(+66)/66	Map 2: 66/66	Map 3: 4(+63)/67	Reducer 4: 0/1009	Reducer 5: 0/254	Reducer 6: 0/1	
INFO  : Map 1: 1(+65)/66	Map 2: 66/66	Map 3: 4(+63)/67	Reducer 4: 0/1009	Reducer 5: 0/254	Reducer 6: 0/1	
INFO  : Map 1: 2(+64)/66	Map 2: 66/66	Map 3: 5(+62)/67	Reducer 4: 0/1009	Reducer 5: 0/254	Reducer 6: 0/1	
INFO  : Map 1: 9(+57)/66	Map 2: 66/66	Map 3: 5(+62)/67	Reducer 4: 0/1009	Reducer 5: 0/254	Reducer 6: 0/1	
INFO  : Map 1: 19(+47)/66	Map 2: 66/66	Map 3: 6(+61)/67	Reducer 4: 0/1009	Reducer 5: 0/254	Reducer 6: 0/1	
INFO  : Map 1: 26(+40)/66	Map 2: 66/66	Map 3: 6(+61)/67	Reducer 4: 0/1009	Reducer 5: 0/254	Reducer 6: 0/1	
INFO  : Map 1: 34(+32)/66	Map 2: 66/66	Map 3: 6(+61)/67	Reducer 4: 0/1009	Reducer 5: 0/254	Reducer 6: 0/1	
INFO  : Map 1: 35(+31)/66	Map 2: 66/66	Map 3: 6(+61)/67	Reducer 4: 0/1009	Reducer 5: 0/254	Reducer 6: 0/1	
INFO  : Map 1: 37(+29)/66	Map 2: 66/66	Map 3: 6(+61)/67	Reducer 4: 0/1009	Reducer 5: 0/254	Reducer 6: 0/1	
INFO  : Map 1: 44(+22)/66	Map 2: 66/66	Map 3: 6(+61)/67	Reducer 4: 0/1009	Reducer 5: 0/254	Reducer 6: 0/1	
INFO  : Map 1: 48(+18)/66	Map 2: 66/66	Map 3: 6(+61)/67	Reducer 4: 0/1009	Reducer 5: 0/254	Reducer 6: 0/1	
INFO  : Map 1: 50(+16)/66	Map 2: 66/66	Map 3: 6(+61)/67	Reducer 4: 0/1009	Reducer 5: 0/254	Reducer 6: 0/1	
INFO  : Map 1: 52(+14)/66	Map 2: 66/66	Map 3: 6(+61)/67	Reducer 4: 0/1009	Reducer 5: 0/254	Reducer 6: 0/1	
INFO  : Map 1: 54(+12)/66	Map 2: 66/66	Map 3: 6(+61)/67	Reducer 4: 0/1009	Reducer 5: 0/254	Reducer 6: 0/1	
INFO  : Map 1: 57(+9)/66	Map 2: 66/66	Map 3: 6(+61)/67	Reducer 4: 0/1009	Reducer 5: 0/254	Reducer 6: 0/1	
INFO  : Map 1: 58(+8)/66	Map 2: 66/66	Map 3: 6(+61)/67	Reducer 4: 0/1009	Reducer 5: 0/254	Reducer 6: 0/1	
INFO  : Map 1: 59(+7)/66	Map 2: 66/66	Map 3: 6(+61)/67	Reducer 4: 0/1009	Reducer 5: 0/254	Reducer 6: 0/1	
INFO  : Map 1: 60(+6)/66	Map 2: 66/66	Map 3: 6(+61)/67	Reducer 4: 0/1009	Reducer 5: 0/254	Reducer 6: 0/1	
INFO  : Map 1: 60(+6)/66	Map 2: 66/66	Map 3: 7(+60)/67	Reducer 4: 0/1009	Reducer 5: 0/254	Reducer 6: 0/1	
INFO  : Map 1: 62(+4)/66	Map 2: 66/66	Map 3: 9(+58)/67	Reducer 4: 0/1009	Reducer 5: 0/254	Reducer 6: 0/1	
INFO  : Map 1: 63(+3)/66	Map 2: 66/66	Map 3: 12(+55)/67	Reducer 4: 0/1009	Reducer 5: 0/254	Reducer 6: 0/1	
INFO  : Map 1: 64(+2)/66	Map 2: 66/66	Map 3: 16(+51)/67	Reducer 4: 0(+121)/1009	Reducer 5: 0/254	Reducer 6: 0/1	
INFO  : Map 1: 64(+2)/66	Map 2: 66/66	Map 3: 20(+47)/67	Reducer 4: 0(+280)/1009	Reducer 5: 0/254	Reducer 6: 0/1	
INFO  : Map 1: 65(+1)/66	Map 2: 66/66	Map 3: 24(+43)/67	Reducer 4: 0(+323)/1009	Reducer 5: 0/254	Reducer 6: 0/1	
INFO  : Map 1: 66/66	Map 2: 66/66	Map 3: 32(+35)/67	Reducer 4: 0(+573)/1009	Reducer 5: 0/254	Reducer 6: 0/1	
INFO  : Map 1: 66/66	Map 2: 66/66	Map 3: 35(+32)/67	Reducer 4: 0(+799)/1009	Reducer 5: 0/254	Reducer 6: 0/1	
INFO  : Map 1: 66/66	Map 2: 66/66	Map 3: 36(+31)/67	Reducer 4: 0(+890)/1009	Reducer 5: 0/254	Reducer 6: 0/1	
INFO  : Map 1: 66/66	Map 2: 66/66	Map 3: 41(+26)/67	Reducer 4: 0(+975)/1009	Reducer 5: 0/254	Reducer 6: 0/1	
INFO  : Map 1: 66/66	Map 2: 66/66	Map 3: 44(+23)/67	Reducer 4: 0(+1009)/1009	Reducer 5: 0/254	Reducer 6: 0/1	
INFO  : Map 1: 66/66	Map 2: 66/66	Map 3: 46(+21)/67	Reducer 4: 0(+1009)/1009	Reducer 5: 0/254	Reducer 6: 0/1	
INFO  : Map 1: 66/66	Map 2: 66/66	Map 3: 49(+18)/67	Reducer 4: 0(+1009)/1009	Reducer 5: 0/254	Reducer 6: 0/1	
INFO  : Map 1: 66/66	Map 2: 66/66	Map 3: 50(+17)/67	Reducer 4: 0(+1009)/1009	Reducer 5: 0/254	Reducer 6: 0/1	
INFO  : Map 1: 66/66	Map 2: 66/66	Map 3: 52(+15)/67	Reducer 4: 0(+1009)/1009	Reducer 5: 0/254	Reducer 6: 0/1	
INFO  : Map 1: 66/66	Map 2: 66/66	Map 3: 54(+13)/67	Reducer 4: 0(+1009)/1009	Reducer 5: 0/254	Reducer 6: 0/1	
INFO  : Map 1: 66/66	Map 2: 66/66	Map 3: 55(+12)/67	Reducer 4: 0(+1009)/1009	Reducer 5: 0/254	Reducer 6: 0/1	
INFO  : Map 1: 66/66	Map 2: 66/66	Map 3: 56(+11)/67	Reducer 4: 0(+1009)/1009	Reducer 5: 0/254	Reducer 6: 0/1	
INFO  : Map 1: 66/66	Map 2: 66/66	Map 3: 57(+10)/67	Reducer 4: 0(+1009)/1009	Reducer 5: 0/254	Reducer 6: 0/1	
INFO  : Map 1: 66/66	Map 2: 66/66	Map 3: 59(+8)/67	Reducer 4: 0(+1009)/1009	Reducer 5: 0/254	Reducer 6: 0/1	
INFO  : Map 1: 66/66	Map 2: 66/66	Map 3: 61(+6)/67	Reducer 4: 0(+1009)/1009	Reducer 5: 0/254	Reducer 6: 0/1	
INFO  : Map 1: 66/66	Map 2: 66/66	Map 3: 62(+5)/67	Reducer 4: 0(+1009)/1009	Reducer 5: 0/254	Reducer 6: 0/1	
INFO  : Map 1: 66/66	Map 2: 66/66	Map 3: 64(+3)/67	Reducer 4: 0(+1009)/1009	Reducer 5: 0/254	Reducer 6: 0/1	
INFO  : Map 1: 66/66	Map 2: 66/66	Map 3: 65(+2)/67	Reducer 4: 0(+1009)/1009	Reducer 5: 0/254	Reducer 6: 0/1	
INFO  : Map 1: 66/66	Map 2: 66/66	Map 3: 66(+1)/67	Reducer 4: 0(+1009)/1009	Reducer 5: 0/254	Reducer 6: 0/1	
INFO  : Map 1: 66/66	Map 2: 66/66	Map 3: 67/67	Reducer 4: 0(+1009)/1009	Reducer 5: 0/254	Reducer 6: 0/1	
INFO  : Map 1: 66/66	Map 2: 66/66	Map 3: 67/67	Reducer 4: 19(+990)/1009	Reducer 5: 0/254	Reducer 6: 0/1	
INFO  : Map 1: 66/66	Map 2: 66/66	Map 3: 67/67	Reducer 4: 87(+922)/1009	Reducer 5: 0/254	Reducer 6: 0/1	
INFO  : Map 1: 66/66	Map 2: 66/66	Map 3: 67/67	Reducer 4: 100(+909)/1009	Reducer 5: 0/254	Reducer 6: 0/1	
INFO  : Map 1: 66/66	Map 2: 66/66	Map 3: 67/67	Reducer 4: 106(+903)/1009	Reducer 5: 0/254	Reducer 6: 0/1	
INFO  : Map 1: 66/66	Map 2: 66/66	Map 3: 67/67	Reducer 4: 108(+901)/1009	Reducer 5: 0/254	Reducer 6: 0/1	
INFO  : Map 1: 66/66	Map 2: 66/66	Map 3: 67/67	Reducer 4: 119(+890)/1009	Reducer 5: 0/254	Reducer 6: 0/1	
INFO  : Map 1: 66/66	Map 2: 66/66	Map 3: 67/67	Reducer 4: 127(+882)/1009	Reducer 5: 0/254	Reducer 6: 0/1	
INFO  : Map 1: 66/66	Map 2: 66/66	Map 3: 67/67	Reducer 4: 143(+866)/1009	Reducer 5: 0/254	Reducer 6: 0/1	
INFO  : Map 1: 66/66	Map 2: 66/66	Map 3: 67/67	Reducer 4: 152(+857)/1009	Reducer 5: 0/254	Reducer 6: 0/1	
INFO  : Map 1: 66/66	Map 2: 66/66	Map 3: 67/67	Reducer 4: 169(+840)/1009	Reducer 5: 0/254	Reducer 6: 0/1	
INFO  : Map 1: 66/66	Map 2: 66/66	Map 3: 67/67	Reducer 4: 196(+813)/1009	Reducer 5: 0/254	Reducer 6: 0/1	
INFO  : Map 1: 66/66	Map 2: 66/66	Map 3: 67/67	Reducer 4: 239(+770)/1009	Reducer 5: 0/254	Reducer 6: 0/1	
INFO  : Map 1: 66/66	Map 2: 66/66	Map 3: 67/67	Reducer 4: 272(+737)/1009	Reducer 5: 0/254	Reducer 6: 0/1	
INFO  : Map 1: 66/66	Map 2: 66/66	Map 3: 67/67	Reducer 4: 303(+706)/1009	Reducer 5: 0/254	Reducer 6: 0/1	
INFO  : Map 1: 66/66	Map 2: 66/66	Map 3: 67/67	Reducer 4: 340(+669)/1009	Reducer 5: 0/254	Reducer 6: 0/1	
INFO  : Map 1: 66/66	Map 2: 66/66	Map 3: 67/67	Reducer 4: 359(+650)/1009	Reducer 5: 0/254	Reducer 6: 0/1	
INFO  : Map 1: 66/66	Map 2: 66/66	Map 3: 67/67	Reducer 4: 375(+634)/1009	Reducer 5: 0/254	Reducer 6: 0/1	
INFO  : Map 1: 66/66	Map 2: 66/66	Map 3: 67/67	Reducer 4: 397(+612)/1009	Reducer 5: 0/254	Reducer 6: 0/1	
INFO  : Map 1: 66/66	Map 2: 66/66	Map 3: 67/67	Reducer 4: 429(+580)/1009	Reducer 5: 0/254	Reducer 6: 0/1	
INFO  : Map 1: 66/66	Map 2: 66/66	Map 3: 67/67	Reducer 4: 472(+537)/1009	Reducer 5: 0/254	Reducer 6: 0/1	
INFO  : Map 1: 66/66	Map 2: 66/66	Map 3: 67/67	Reducer 4: 509(+500)/1009	Reducer 5: 0/254	Reducer 6: 0/1	
INFO  : Map 1: 66/66	Map 2: 66/66	Map 3: 67/67	Reducer 4: 554(+455)/1009	Reducer 5: 0/254	Reducer 6: 0/1	
INFO  : Map 1: 66/66	Map 2: 66/66	Map 3: 67/67	Reducer 4: 610(+399)/1009	Reducer 5: 0/254	Reducer 6: 0/1	
INFO  : Map 1: 66/66	Map 2: 66/66	Map 3: 67/67	Reducer 4: 656(+353)/1009	Reducer 5: 0/254	Reducer 6: 0/1	
INFO  : Map 1: 66/66	Map 2: 66/66	Map 3: 67/67	Reducer 4: 698(+311)/1009	Reducer 5: 0/254	Reducer 6: 0/1	
INFO  : Map 1: 66/66	Map 2: 66/66	Map 3: 67/67	Reducer 4: 727(+282)/1009	Reducer 5: 0/254	Reducer 6: 0/1	
INFO  : Map 1: 66/66	Map 2: 66/66	Map 3: 67/67	Reducer 4: 746(+263)/1009	Reducer 5: 0/254	Reducer 6: 0/1	
INFO  : Map 1: 66/66	Map 2: 66/66	Map 3: 67/67	Reducer 4: 762(+247)/1009	Reducer 5: 0(+32)/32	Reducer 6: 0/1	
INFO  : Map 1: 66/66	Map 2: 66/66	Map 3: 67/67	Reducer 4: 775(+234)/1009	Reducer 5: 0(+32)/32	Reducer 6: 0/1	
INFO  : Map 1: 66/66	Map 2: 66/66	Map 3: 67/67	Reducer 4: 801(+208)/1009	Reducer 5: 0(+32)/32	Reducer 6: 0/1	
INFO  : Map 1: 66/66	Map 2: 66/66	Map 3: 67/67	Reducer 4: 822(+187)/1009	Reducer 5: 0(+32)/32	Reducer 6: 0/1	
INFO  : Map 1: 66/66	Map 2: 66/66	Map 3: 67/67	Reducer 4: 847(+162)/1009	Reducer 5: 0(+32)/32	Reducer 6: 0/1	
INFO  : Map 1: 66/66	Map 2: 66/66	Map 3: 67/67	Reducer 4: 869(+140)/1009	Reducer 5: 0(+32)/32	Reducer 6: 0/1	
INFO  : Map 1: 66/66	Map 2: 66/66	Map 3: 67/67	Reducer 4: 878(+131)/1009	Reducer 5: 0(+32)/32	Reducer 6: 0/1	
INFO  : Map 1: 66/66	Map 2: 66/66	Map 3: 67/67	Reducer 4: 886(+123)/1009	Reducer 5: 0(+32)/32	Reducer 6: 0/1	
INFO  : Map 1: 66/66	Map 2: 66/66	Map 3: 67/67	Reducer 4: 907(+102)/1009	Reducer 5: 0(+32)/32	Reducer 6: 0/1	
INFO  : Map 1: 66/66	Map 2: 66/66	Map 3: 67/67	Reducer 4: 918(+91)/1009	Reducer 5: 0(+32)/32	Reducer 6: 0/1	
INFO  : Map 1: 66/66	Map 2: 66/66	Map 3: 67/67	Reducer 4: 930(+79)/1009	Reducer 5: 0(+32)/32	Reducer 6: 0/1	
INFO  : Map 1: 66/66	Map 2: 66/66	Map 3: 67/67	Reducer 4: 939(+70)/1009	Reducer 5: 0(+32)/32	Reducer 6: 0/1	
INFO  : Map 1: 66/66	Map 2: 66/66	Map 3: 67/67	Reducer 4: 945(+64)/1009	Reducer 5: 0(+32)/32	Reducer 6: 0/1	
INFO  : Map 1: 66/66	Map 2: 66/66	Map 3: 67/67	Reducer 4: 953(+56)/1009	Reducer 5: 0(+32)/32	Reducer 6: 0/1	
INFO  : Map 1: 66/66	Map 2: 66/66	Map 3: 67/67	Reducer 4: 957(+52)/1009	Reducer 5: 0(+32)/32	Reducer 6: 0/1	
INFO  : Map 1: 66/66	Map 2: 66/66	Map 3: 67/67	Reducer 4: 958(+51)/1009	Reducer 5: 0(+32)/32	Reducer 6: 0/1	
INFO  : Map 1: 66/66	Map 2: 66/66	Map 3: 67/67	Reducer 4: 961(+48)/1009	Reducer 5: 0(+32)/32	Reducer 6: 0/1	
INFO  : Map 1: 66/66	Map 2: 66/66	Map 3: 67/67	Reducer 4: 963(+46)/1009	Reducer 5: 0(+32)/32	Reducer 6: 0/1	
INFO  : Map 1: 66/66	Map 2: 66/66	Map 3: 67/67	Reducer 4: 965(+44)/1009	Reducer 5: 0(+32)/32	Reducer 6: 0/1	
INFO  : Map 1: 66/66	Map 2: 66/66	Map 3: 67/67	Reducer 4: 969(+40)/1009	Reducer 5: 0(+32)/32	Reducer 6: 0/1	
INFO  : Map 1: 66/66	Map 2: 66/66	Map 3: 67/67	Reducer 4: 971(+38)/1009	Reducer 5: 0(+32)/32	Reducer 6: 0/1	
INFO  : Map 1: 66/66	Map 2: 66/66	Map 3: 67/67	Reducer 4: 977(+32)/1009	Reducer 5: 0(+32)/32	Reducer 6: 0/1	
INFO  : Map 1: 66/66	Map 2: 66/66	Map 3: 67/67	Reducer 4: 986(+23)/1009	Reducer 5: 0(+32)/32	Reducer 6: 0/1	
INFO  : Map 1: 66/66	Map 2: 66/66	Map 3: 67/67	Reducer 4: 989(+20)/1009	Reducer 5: 0(+32)/32	Reducer 6: 0/1	
INFO  : Map 1: 66/66	Map 2: 66/66	Map 3: 67/67	Reducer 4: 994(+15)/1009	Reducer 5: 0(+32)/32	Reducer 6: 0/1	
INFO  : Map 1: 66/66	Map 2: 66/66	Map 3: 67/67	Reducer 4: 999(+10)/1009	Reducer 5: 0(+32)/32	Reducer 6: 0/1	
INFO  : Map 1: 66/66	Map 2: 66/66	Map 3: 67/67	Reducer 4: 1001(+8)/1009	Reducer 5: 0(+32)/32	Reducer 6: 0/1	
INFO  : Map 1: 66/66	Map 2: 66/66	Map 3: 67/67	Reducer 4: 1003(+6)/1009	Reducer 5: 0(+32)/32	Reducer 6: 0/1	
INFO  : Map 1: 66/66	Map 2: 66/66	Map 3: 67/67	Reducer 4: 1005(+4)/1009	Reducer 5: 0(+32)/32	Reducer 6: 0/1	
INFO  : Map 1: 66/66	Map 2: 66/66	Map 3: 67/67	Reducer 4: 1006(+3)/1009	Reducer 5: 0(+32)/32	Reducer 6: 0/1	
INFO  : Map 1: 66/66	Map 2: 66/66	Map 3: 67/67	Reducer 4: 1006(+3)/1009	Reducer 5: 0(+32)/32	Reducer 6: 0/1	
INFO  : Map 1: 66/66	Map 2: 66/66	Map 3: 67/67	Reducer 4: 1006(+3)/1009	Reducer 5: 0(+32)/32	Reducer 6: 0/1	
INFO  : Map 1: 66/66	Map 2: 66/66	Map 3: 67/67	Reducer 4: 1006(+3)/1009	Reducer 5: 0(+32)/32	Reducer 6: 0/1	
INFO  : Map 1: 66/66	Map 2: 66/66	Map 3: 67/67	Reducer 4: 1006(+3)/1009	Reducer 5: 0(+32)/32	Reducer 6: 0/1	
INFO  : Map 1: 66/66	Map 2: 66/66	Map 3: 67/67	Reducer 4: 1006(+3)/1009	Reducer 5: 0(+32)/32	Reducer 6: 0/1	
INFO  : Map 1: 66/66	Map 2: 66/66	Map 3: 67/67	Reducer 4: 1006(+3)/1009	Reducer 5: 0(+32)/32	Reducer 6: 0/1	
INFO  : Map 1: 66/66	Map 2: 66/66	Map 3: 67/67	Reducer 4: 1006(+3)/1009	Reducer 5: 0(+32)/32	Reducer 6: 0/1	
INFO  : Map 1: 66/66	Map 2: 66/66	Map 3: 67/67	Reducer 4: 1008(+1)/1009	Reducer 5: 0(+32)/32	Reducer 6: 0/1	
INFO  : Map 1: 66/66	Map 2: 66/66	Map 3: 67/67	Reducer 4: 1009/1009	Reducer 5: 0(+32)/32	Reducer 6: 0/1	
INFO  : Map 1: 66/66	Map 2: 66/66	Map 3: 67/67	Reducer 4: 1009/1009	Reducer 5: 1(+31)/32	Reducer 6: 0/1	
INFO  : Map 1: 66/66	Map 2: 66/66	Map 3: 67/67	Reducer 4: 1009/1009	Reducer 5: 1(+31)/32	Reducer 6: 0/1	
INFO  : Map 1: 66/66	Map 2: 66/66	Map 3: 67/67	Reducer 4: 1009/1009	Reducer 5: 2(+30)/32	Reducer 6: 0/1	
INFO  : Map 1: 66/66	Map 2: 66/66	Map 3: 67/67	Reducer 4: 1009/1009	Reducer 5: 3(+29)/32	Reducer 6: 0/1	
INFO  : Map 1: 66/66	Map 2: 66/66	Map 3: 67/67	Reducer 4: 1009/1009	Reducer 5: 4(+28)/32	Reducer 6: 0/1	
INFO  : Map 1: 66/66	Map 2: 66/66	Map 3: 67/67	Reducer 4: 1009/1009	Reducer 5: 7(+25)/32	Reducer 6: 0(+1)/1	
INFO  : Map 1: 66/66	Map 2: 66/66	Map 3: 67/67	Reducer 4: 1009/1009	Reducer 5: 9(+23)/32	Reducer 6: 0(+1)/1	
INFO  : Map 1: 66/66	Map 2: 66/66	Map 3: 67/67	Reducer 4: 1009/1009	Reducer 5: 12(+20)/32	Reducer 6: 0(+1)/1	
INFO  : Map 1: 66/66	Map 2: 66/66	Map 3: 67/67	Reducer 4: 1009/1009	Reducer 5: 19(+13)/32	Reducer 6: 0(+1)/1	
INFO  : Map 1: 66/66	Map 2: 66/66	Map 3: 67/67	Reducer 4: 1009/1009	Reducer 5: 20(+12)/32	Reducer 6: 0(+1)/1	
INFO  : Map 1: 66/66	Map 2: 66/66	Map 3: 67/67	Reducer 4: 1009/1009	Reducer 5: 21(+11)/32	Reducer 6: 0(+1)/1	
INFO  : Map 1: 66/66	Map 2: 66/66	Map 3: 67/67	Reducer 4: 1009/1009	Reducer 5: 22(+10)/32	Reducer 6: 0(+1)/1	
INFO  : Map 1: 66/66	Map 2: 66/66	Map 3: 67/67	Reducer 4: 1009/1009	Reducer 5: 24(+8)/32	Reducer 6: 0(+1)/1	
INFO  : Map 1: 66/66	Map 2: 66/66	Map 3: 67/67	Reducer 4: 1009/1009	Reducer 5: 28(+4)/32	Reducer 6: 0(+1)/1	
INFO  : Map 1: 66/66	Map 2: 66/66	Map 3: 67/67	Reducer 4: 1009/1009	Reducer 5: 29(+3)/32	Reducer 6: 0(+1)/1	
INFO  : Map 1: 66/66	Map 2: 66/66	Map 3: 67/67	Reducer 4: 1009/1009	Reducer 5: 30(+2)/32	Reducer 6: 0(+1)/1	
INFO  : Map 1: 66/66	Map 2: 66/66	Map 3: 67/67	Reducer 4: 1009/1009	Reducer 5: 31(+1)/32	Reducer 6: 0(+1)/1	
INFO  : Map 1: 66/66	Map 2: 66/66	Map 3: 67/67	Reducer 4: 1009/1009	Reducer 5: 32/32	Reducer 6: 0(+1)/1	
INFO  : Map 1: 66/66	Map 2: 66/66	Map 3: 67/67	Reducer 4: 1009/1009	Reducer 5: 32/32	Reducer 6: 0(+1)/1	
INFO  : Map 1: 66/66	Map 2: 66/66	Map 3: 67/67	Reducer 4: 1009/1009	Reducer 5: 32/32	Reducer 6: 0(+1)/1	
INFO  : Map 1: 66/66	Map 2: 66/66	Map 3: 67/67	Reducer 4: 1009/1009	Reducer 5: 32/32	Reducer 6: 0(+1)/1	
INFO  : Map 1: 66/66	Map 2: 66/66	Map 3: 67/67	Reducer 4: 1009/1009	Reducer 5: 32/32	Reducer 6: 1/1	
INFO  : Status: DAG finished successfully in 81.36 seconds
INFO  : 
INFO  : Query Execution Summary
INFO  : ----------------------------------------------------------------------------------------------
INFO  : ----------------------------------------------------------------------------------------------
INFO  : Compile Query                           1.17s
INFO  : Prepare Plan                           52.86s
INFO  : Submit Plan                             0.11s
INFO  : Start DAG                               0.21s
INFO  : Run DAG                                81.36s
INFO  : ----------------------------------------------------------------------------------------------
INFO  : 
INFO  : Task Execution Summary
INFO  : --------------------------------------------------------------------------------------------------------------------------------
INFO  : --------------------------------------------------------------------------------------------------------------------------------
INFO  :      Map 1           66                0             4       11903.00             0            0    382,496,485      36,631,276
INFO  :      Map 2           66                0             0        2014.00             0            0     37,500,000       7,496,485
INFO  :      Map 3           67                0             0       18985.00             0            0  1,500,000,700     804,272,271
INFO  :  Reducer 4         1009                0          5440       45240.00             0            0    840,903,547       2,828,128
INFO  :  Reducer 5           32                0          1416       47169.00             0            0      2,828,128             320
INFO  :  Reducer 6            1                0             2       14971.00             0            0            320               0
INFO  : --------------------------------------------------------------------------------------------------------------------------------
INFO  : 
INFO  : LLAP IO Summary
INFO  : ----------------------------------------------------------------------------------------------
INFO  : ----------------------------------------------------------------------------------------------
INFO  :      Map 1     37683       250        500    2.28GB     2.28MB    131.07MB  48.32MB    69.31s
INFO  :      Map 2      3750       250        250  292.98KB    21.22MB    196.61MB  21.70MB    19.94s
INFO  :      Map 3    150872      2000          0   16.32GB         0B          0B       0B   257.28s
INFO  : ----------------------------------------------------------------------------------------------
INFO  : 
INFO  : FileSystem Counters Summary
INFO  : 
INFO  : ----------------------------------------------------------------------------------------------
INFO  : ----------------------------------------------------------------------------------------------
INFO  :      Map 1              0B             0                  0           364.78MB             0
INFO  :      Map 2              0B             0                  0            32.18MB             0
INFO  :      Map 3          8.06GB             0                  0             9.09GB             0
INFO  :  Reducer 4          2.81GB             0                  0            76.93MB             0
INFO  :  Reducer 5         35.22MB             0                  0             8.86KB             0
INFO  :  Reducer 6              0B             0                  0                 0B             0
INFO  : ----------------------------------------------------------------------------------------------
INFO  : 
INFO  : ----------------------------------------------------------------------------------------------
INFO  : ----------------------------------------------------------------------------------------------
INFO  :      Map 1          2.72MB           500                  0                 0B             0
INFO  :      Map 2         21.34MB           500                  0                 0B             0
INFO  :      Map 3              0B             0                  0                 0B             0
INFO  :  Reducer 4              0B             0                  0                 0B             0
INFO  :  Reducer 5              0B             0                  0                 0B             0
INFO  :  Reducer 6              0B             2                  0               601B             2
INFO  : ----------------------------------------------------------------------------------------------
INFO  : 
INFO  : org.apache.tez.common.counters.DAGCounter:
INFO  :    NUM_KILLED_TASKS: 6862
INFO  :    NUM_SUCCEEDED_TASKS: 1241
INFO  :    TOTAL_LAUNCHED_TASKS: 8103
INFO  :    DATA_LOCAL_TASKS: 199
INFO  :    AM_CPU_MILLISECONDS: 29550
INFO  :    AM_GC_TIME_MILLIS: 355
INFO  : File System Counters:
INFO  :    FILE_BYTES_READ: 10905884137
INFO  :    FILE_BYTES_WRITTEN: 9565318654
INFO  :    FILE_READ_OPS: 0
INFO  :    FILE_LARGE_READ_OPS: 0
INFO  :    FILE_WRITE_OPS: 0
INFO  :    HDFS_BYTES_READ: 24056154
INFO  :    HDFS_BYTES_WRITTEN: 601
INFO  :    HDFS_READ_OPS: 1002
INFO  :    HDFS_LARGE_READ_OPS: 0
INFO  :    HDFS_WRITE_OPS: 2
INFO  : org.apache.tez.common.counters.TaskCounter:
INFO  :    REDUCE_INPUT_GROUPS: 2828448
INFO  :    REDUCE_INPUT_RECORDS: 2828448
INFO  :    COMBINE_INPUT_RECORDS: 0
INFO  :    SPILLED_RECORDS: 414501161
INFO  :    NUM_SHUFFLED_INPUTS: 391105
INFO  :    NUM_SKIPPED_INPUTS: 4
INFO  :    NUM_FAILED_SHUFFLE_INPUTS: 0
INFO  :    MERGED_MAP_OUTPUTS: 6789983
INFO  :    INPUT_RECORDS_PROCESSED: 910284516
INFO  :    INPUT_SPLIT_LENGTH_BYTES: 75950135588
INFO  :    OUTPUT_RECORDS: 851228480
INFO  :    OUTPUT_LARGE_RECORDS: 0
INFO  :    OUTPUT_BYTES: 19285616999
INFO  :    OUTPUT_BYTES_WITH_OVERHEAD: 30276182296
INFO  :    OUTPUT_BYTES_PHYSICAL: 9559157102
INFO  :    ADDITIONAL_SPILLS_BYTES_WRITTEN: 4622500348
INFO  :    ADDITIONAL_SPILLS_BYTES_READ: 4663254796
INFO  :    ADDITIONAL_SPILL_COUNT: 61
INFO  :    SHUFFLE_CHUNK_COUNT: 1041
INFO  :    SHUFFLE_BYTES: 9813375174
INFO  :    SHUFFLE_BYTES_DECOMPRESSED: 21410223749
INFO  :    SHUFFLE_BYTES_TO_MEM: 8741797284
INFO  :    SHUFFLE_BYTES_TO_DISK: 0
INFO  :    SHUFFLE_BYTES_DISK_DIRECT: 1071577890
INFO  :    NUM_MEM_TO_DISK_MERGES: 0
INFO  :    NUM_DISK_TO_DISK_MERGES: 251
INFO  :    SHUFFLE_PHASE_TIME: 3773369
INFO  :    MERGE_PHASE_TIME: 338846
INFO  :    FIRST_EVENT_RECEIVED: 40762
INFO  :    LAST_EVENT_RECEIVED: 689727
INFO  : HIVE:
INFO  :    CREATED_FILES: 1
INFO  :    DESERIALIZE_ERRORS: 0
INFO  :    RECORDS_IN_Map_1: 375000000
INFO  :    RECORDS_IN_Map_2: 37500000
INFO  :    RECORDS_IN_Map_3: 1500000700
INFO  :    RECORDS_OUT_0: 10
INFO  :    RECORDS_OUT_INTERMEDIATE_Map_1: 36631276
INFO  :    RECORDS_OUT_INTERMEDIATE_Map_2: 7496485
INFO  :    RECORDS_OUT_INTERMEDIATE_Map_3: 804272271
INFO  :    RECORDS_OUT_INTERMEDIATE_Reducer_4: 2828128
INFO  :    RECORDS_OUT_INTERMEDIATE_Reducer_5: 320
INFO  : Shuffle Errors:
INFO  :    BAD_ID: 0
INFO  :    CONNECTION: 0
INFO  :    IO_ERROR: 0
INFO  :    WRONG_LENGTH: 0
INFO  :    WRONG_MAP: 0
INFO  :    WRONG_REDUCE: 0
INFO  : Shuffle Errors_Reducer_5_INPUT_Reducer_4:
INFO  :    BAD_ID: 0
INFO  :    CONNECTION: 0
INFO  :    IO_ERROR: 0
INFO  :    WRONG_LENGTH: 0
INFO  :    WRONG_MAP: 0
INFO  :    WRONG_REDUCE: 0
INFO  : Shuffle Errors_Reducer_6_INPUT_Reducer_5:
INFO  :    BAD_ID: 0
INFO  :    CONNECTION: 0
INFO  :    IO_ERROR: 0
INFO  :    WRONG_LENGTH: 0
INFO  :    WRONG_MAP: 0
INFO  :    WRONG_REDUCE: 0
INFO  : TaskCounter_Map_1_INPUT_Map_2:
INFO  :    FIRST_EVENT_RECEIVED: 197
INFO  :    INPUT_RECORDS_PROCESSED: 67468365
INFO  :    LAST_EVENT_RECEIVED: 16690
INFO  :    NUM_FAILED_SHUFFLE_INPUTS: 0
INFO  :    NUM_SHUFFLED_INPUTS: 594
INFO  :    SHUFFLE_BYTES: 289620522
INFO  :    SHUFFLE_BYTES_DECOMPRESSED: 472282119
INFO  :    SHUFFLE_BYTES_DISK_DIRECT: 32180058
INFO  :    SHUFFLE_BYTES_TO_DISK: 0
INFO  :    SHUFFLE_BYTES_TO_MEM: 257440464
INFO  :    SHUFFLE_PHASE_TIME: 18985
INFO  : TaskCounter_Map_1_INPUT_orders:
INFO  :    INPUT_RECORDS_PROCESSED: 375000
INFO  :    INPUT_SPLIT_LENGTH_BYTES: 14194909485
INFO  : TaskCounter_Map_1_OUTPUT_Reducer_4:
INFO  :    ADDITIONAL_SPILLS_BYTES_READ: 0
INFO  :    ADDITIONAL_SPILLS_BYTES_WRITTEN: 0
INFO  :    ADDITIONAL_SPILL_COUNT: 0
INFO  :    OUTPUT_BYTES: 659362968
INFO  :    OUTPUT_BYTES_PHYSICAL: 364780042
INFO  :    OUTPUT_BYTES_WITH_OVERHEAD: 1172200700
INFO  :    OUTPUT_LARGE_RECORDS: 0
INFO  :    OUTPUT_RECORDS: 36631276
INFO  :    SPILLED_RECORDS: 0
INFO  : TaskCounter_Map_2_INPUT_customer:
INFO  :    INPUT_RECORDS_PROCESSED: 37500
INFO  :    INPUT_SPLIT_LENGTH_BYTES: 2852970960
INFO  : TaskCounter_Map_2_OUTPUT_Map_1:
INFO  :    ADDITIONAL_SPILLS_BYTES_READ: 0
INFO  :    ADDITIONAL_SPILLS_BYTES_WRITTEN: 0
INFO  :    ADDITIONAL_SPILL_COUNT: 0
INFO  :    OUTPUT_BYTES: 37482425
INFO  :    OUTPUT_BYTES_PHYSICAL: 32181642
INFO  :    OUTPUT_BYTES_WITH_OVERHEAD: 52475791
INFO  :    OUTPUT_LARGE_RECORDS: 0
INFO  :    OUTPUT_RECORDS: 7496485
INFO  :    SPILLED_RECORDS: 0
INFO  : TaskCounter_Map_3_INPUT_lineitem:
INFO  :    INPUT_RECORDS_PROCESSED: 1500104
INFO  :    INPUT_SPLIT_LENGTH_BYTES: 58902255143
INFO  : TaskCounter_Map_3_OUTPUT_Reducer_4:
INFO  :    ADDITIONAL_SPILLS_BYTES_READ: 4617797572
INFO  :    ADDITIONAL_SPILLS_BYTES_WRITTEN: 4617797572
INFO  :    ADDITIONAL_SPILL_COUNT: 61
INFO  :    OUTPUT_BYTES: 18498262233
INFO  :    OUTPUT_BYTES_PHYSICAL: 9091412598
INFO  :    OUTPUT_BYTES_WITH_OVERHEAD: 28953801628
INFO  :    OUTPUT_LARGE_RECORDS: 0
INFO  :    OUTPUT_RECORDS: 804272271
INFO  :    SPILLED_RECORDS: 408653335
INFO  : TaskCounter_Reducer_4_INPUT_Map_1:
INFO  :    FIRST_EVENT_RECEIVED: 19295
INFO  :    INPUT_RECORDS_PROCESSED: 36631276
INFO  :    LAST_EVENT_RECEIVED: 76679
INFO  :    NUM_FAILED_SHUFFLE_INPUTS: 0
INFO  :    NUM_SHUFFLED_INPUTS: 66594
INFO  :    SHUFFLE_BYTES: 363181786
INFO  :    SHUFFLE_BYTES_DECOMPRESSED: 733025084
INFO  :    SHUFFLE_BYTES_DISK_DIRECT: 40596577
INFO  :    SHUFFLE_BYTES_TO_DISK: 0
INFO  :    SHUFFLE_BYTES_TO_MEM: 322585209
INFO  :    SHUFFLE_PHASE_TIME: 1358895
INFO  : TaskCounter_Reducer_4_INPUT_Map_3:
INFO  :    FIRST_EVENT_RECEIVED: 19021
INFO  :    INPUT_RECORDS_PROCESSED: 804272271
INFO  :    LAST_EVENT_RECEIVED: 553448
INFO  :    NUM_FAILED_SHUFFLE_INPUTS: 0
INFO  :    NUM_SHUFFLED_INPUTS: 67603
INFO  :    SHUFFLE_BYTES: 9089790126
INFO  :    SHUFFLE_BYTES_DECOMPRESSED: 20107212393
INFO  :    SHUFFLE_BYTES_DISK_DIRECT: 990810366
INFO  :    SHUFFLE_BYTES_TO_DISK: 0
INFO  :    SHUFFLE_BYTES_TO_MEM: 8098979760
INFO  :    SHUFFLE_PHASE_TIME: 2084235
INFO  : TaskCounter_Reducer_4_OUTPUT_Reducer_5:
INFO  :    ADDITIONAL_SPILLS_BYTES_READ: 0
INFO  :    ADDITIONAL_SPILLS_BYTES_WRITTEN: 0
INFO  :    ADDITIONAL_SPILL_COUNT: 0
INFO  :    OUTPUT_BYTES: 90500096
INFO  :    OUTPUT_BYTES_PHYSICAL: 70774989
INFO  :    OUTPUT_BYTES_WITH_OVERHEAD: 97694068
INFO  :    OUTPUT_RECORDS: 2828128
INFO  :    SHUFFLE_CHUNK_COUNT: 1009
INFO  :    SPILLED_RECORDS: 2828128
INFO  : TaskCounter_Reducer_5_INPUT_Reducer_4:
INFO  :    ADDITIONAL_SPILLS_BYTES_READ: 45450981
INFO  :    ADDITIONAL_SPILLS_BYTES_WRITTEN: 4698002
INFO  :    COMBINE_INPUT_RECORDS: 0
INFO  :    FIRST_EVENT_RECEIVED: 1748
INFO  :    LAST_EVENT_RECEIVED: 42362
INFO  :    MERGED_MAP_OUTPUTS: 6789951
INFO  :    MERGE_PHASE_TIME: 330906
INFO  :    NUM_DISK_TO_DISK_MERGES: 251
INFO  :    NUM_FAILED_SHUFFLE_INPUTS: 0
INFO  :    NUM_MEM_TO_DISK_MERGES: 0
INFO  :    NUM_SHUFFLED_INPUTS: 256282
INFO  :    NUM_SKIPPED_INPUTS: 4
INFO  :    REDUCE_INPUT_GROUPS: 2828128
INFO  :    REDUCE_INPUT_RECORDS: 2828128
INFO  :    SHUFFLE_BYTES: 70774909
INFO  :    SHUFFLE_BYTES_DECOMPRESSED: 97694044
INFO  :    SHUFFLE_BYTES_DISK_DIRECT: 7989420
INFO  :    SHUFFLE_BYTES_TO_DISK: 0
INFO  :    SHUFFLE_BYTES_TO_MEM: 62785489
INFO  :    SHUFFLE_PHASE_TIME: 303347
INFO  :    SPILLED_RECORDS: 3019058
INFO  : TaskCounter_Reducer_5_OUTPUT_Reducer_6:
INFO  :    ADDITIONAL_SPILLS_BYTES_READ: 0
INFO  :    ADDITIONAL_SPILLS_BYTES_WRITTEN: 0
INFO  :    ADDITIONAL_SPILL_COUNT: 0
INFO  :    OUTPUT_BYTES: 9277
INFO  :    OUTPUT_BYTES_PHYSICAL: 7831
INFO  :    OUTPUT_BYTES_WITH_OVERHEAD: 10109
INFO  :    OUTPUT_RECORDS: 320
INFO  :    SHUFFLE_CHUNK_COUNT: 32
INFO  :    SPILLED_RECORDS: 320
INFO  : TaskCounter_Reducer_6_INPUT_Reducer_5:
INFO  :    ADDITIONAL_SPILLS_BYTES_READ: 6243
INFO  :    ADDITIONAL_SPILLS_BYTES_WRITTEN: 4774
INFO  :    COMBINE_INPUT_RECORDS: 0
INFO  :    FIRST_EVENT_RECEIVED: 501
INFO  :    LAST_EVENT_RECEIVED: 548
INFO  :    MERGED_MAP_OUTPUTS: 32
INFO  :    MERGE_PHASE_TIME: 7940
INFO  :    NUM_DISK_TO_DISK_MERGES: 0
INFO  :    NUM_FAILED_SHUFFLE_INPUTS: 0
INFO  :    NUM_MEM_TO_DISK_MERGES: 0
INFO  :    NUM_SHUFFLED_INPUTS: 32
INFO  :    NUM_SKIPPED_INPUTS: 0
INFO  :    REDUCE_INPUT_GROUPS: 320
INFO  :    REDUCE_INPUT_RECORDS: 320
INFO  :    SHUFFLE_BYTES: 7831
INFO  :    SHUFFLE_BYTES_DECOMPRESSED: 10109
INFO  :    SHUFFLE_BYTES_DISK_DIRECT: 1469
INFO  :    SHUFFLE_BYTES_TO_DISK: 0
INFO  :    SHUFFLE_BYTES_TO_MEM: 6362
INFO  :    SHUFFLE_PHASE_TIME: 7907
INFO  :    SPILLED_RECORDS: 320
INFO  : TaskCounter_Reducer_6_OUTPUT_out_Reducer_6:
INFO  :    OUTPUT_RECORDS: 0
INFO  : org.apache.hadoop.hive.llap.counters.LlapIOCounters:
INFO  :    ALLOCATED_BYTES: 327680000
INFO  :    ALLOCATED_USED_BYTES: 70015777
INFO  :    CACHE_HIT_BYTES: 18601508921
INFO  :    CACHE_MISS_BYTES: 23503451
INFO  :    CONSUMER_TIME_NS: 455857051858
INFO  :    DECODE_TIME_NS: 286669067855
INFO  :    HDFS_TIME_NS: 50369979122
INFO  :    METADATA_CACHE_HIT: 2500
INFO  :    METADATA_CACHE_MISS: 750
INFO  :    NUM_DECODED_BATCHES: 192305
INFO  :    NUM_VECTOR_BATCHES: 1912604
INFO  :    ROWS_EMITTED: 1912500700
INFO  :    SELECTED_ROWGROUPS: 192305
INFO  :    TOTAL_IO_TIME_NS: 346540070721
INFO  : Completed executing command(queryId=hive_20161005150826_dbdec02a-9a09-45f9-a0a5-6a6726be4051); Time taken: 134.764 seconds
INFO  : OK
10 rows selected (136.014 seconds)
Closing: 0: jdbc:hive2://h01hn02:10500/tpch_flat_orc_250
