Format csv is deprecated, please use csv2
Connecting to jdbc:hive2://h01hn02:10500/tpch_flat_orc_250
Connected to: Apache Hive (version 2.1.0.2.5.1.0-43)
Driver: Hive JDBC (version 1.2.1000.2.5.1.0-43)
Transaction isolation: TRANSACTION_REPEATABLE_READ
Running init script ../sample-queries-tpcds/bry.sql
No rows affected (0.041 seconds)
INFO  : Compiling command(queryId=hive_20161005150826_0437f7ef-7138-4cb2-88bb-3ce33962e002): select
	c_count,
	count(*) as custdist
from
	(
		select
			c_custkey,
			count(o_orderkey) as c_count
		from
			customer left outer join orders on
				c_custkey = o_custkey
				and o_comment not like '%unusual%accounts%'
		group by
			c_custkey
	) c_orders
group by
	c_count
order by
	custdist desc,
	c_count desc
INFO  : Semantic Analysis Completed
INFO  : Returning Hive schema: Schema(fieldSchemas:[FieldSchema(name:c_count, type:bigint, comment:null), FieldSchema(name:custdist, type:bigint, comment:null)], properties:null)
INFO  : Completed compiling command(queryId=hive_20161005150826_0437f7ef-7138-4cb2-88bb-3ce33962e002); Time taken: 0.669 seconds
INFO  : Concurrency mode is disabled, not creating a lock manager
INFO  : Executing command(queryId=hive_20161005150826_0437f7ef-7138-4cb2-88bb-3ce33962e002): select
	c_count,
	count(*) as custdist
from
	(
		select
			c_custkey,
			count(o_orderkey) as c_count
		from
			customer left outer join orders on
				c_custkey = o_custkey
				and o_comment not like '%unusual%accounts%'
		group by
			c_custkey
	) c_orders
group by
	c_count
order by
	custdist desc,
	c_count desc
INFO  : Query ID = hive_20161005150826_0437f7ef-7138-4cb2-88bb-3ce33962e002
INFO  : Total jobs = 1
INFO  : Launching Job 1 out of 1
INFO  : Starting task [Stage-1:MAPRED] in serial mode
INFO  : Session is already open
INFO  : Dag name: select
	c_count,
	count(*) as custdis...desc(Stage-1)
INFO  : Setting tez.task.scale.memory.reserve-fraction to 0.30000001192092896
INFO  : 

INFO  : Status: Running (Executing on YARN cluster with App id application_1475694383065_0014)

INFO  : Map 1: 0(+66)/66	Map 6: 0(+66)/66	Reducer 2: 0/794	Reducer 3: 0/34	Reducer 4: 0/4	Reducer 5: 0/1	
INFO  : Map 1: 1(+65)/66	Map 6: 0(+66)/66	Reducer 2: 0/794	Reducer 3: 0/34	Reducer 4: 0/4	Reducer 5: 0/1	
INFO  : Map 1: 9(+57)/66	Map 6: 0(+66)/66	Reducer 2: 0/794	Reducer 3: 0/34	Reducer 4: 0/4	Reducer 5: 0/1	
INFO  : Map 1: 39(+27)/66	Map 6: 0(+66)/66	Reducer 2: 0/794	Reducer 3: 0/34	Reducer 4: 0/4	Reducer 5: 0/1	
INFO  : Map 1: 42(+24)/66	Map 6: 0(+66)/66	Reducer 2: 0/794	Reducer 3: 0/34	Reducer 4: 0/4	Reducer 5: 0/1	
INFO  : Map 1: 58(+8)/66	Map 6: 0(+66)/66	Reducer 2: 0/794	Reducer 3: 0/34	Reducer 4: 0/4	Reducer 5: 0/1	
INFO  : Map 1: 59(+7)/66	Map 6: 0(+66)/66	Reducer 2: 0/794	Reducer 3: 0/34	Reducer 4: 0/4	Reducer 5: 0/1	
INFO  : Map 1: 64(+2)/66	Map 6: 0(+66)/66	Reducer 2: 0/794	Reducer 3: 0/34	Reducer 4: 0/4	Reducer 5: 0/1	
INFO  : Map 1: 66/66	Map 6: 0(+66)/66	Reducer 2: 0/794	Reducer 3: 0/34	Reducer 4: 0/4	Reducer 5: 0/1	
INFO  : Map 1: 66/66	Map 6: 1(+65)/66	Reducer 2: 0/794	Reducer 3: 0/34	Reducer 4: 0/4	Reducer 5: 0/1	
INFO  : Map 1: 66/66	Map 6: 2(+64)/66	Reducer 2: 0/794	Reducer 3: 0/34	Reducer 4: 0/4	Reducer 5: 0/1	
INFO  : Map 1: 66/66	Map 6: 4(+62)/66	Reducer 2: 0/794	Reducer 3: 0/34	Reducer 4: 0/4	Reducer 5: 0/1	
INFO  : Map 1: 66/66	Map 6: 6(+60)/66	Reducer 2: 0/794	Reducer 3: 0/34	Reducer 4: 0/4	Reducer 5: 0/1	
INFO  : Map 1: 66/66	Map 6: 7(+59)/66	Reducer 2: 0/794	Reducer 3: 0/34	Reducer 4: 0/4	Reducer 5: 0/1	
INFO  : Map 1: 66/66	Map 6: 9(+57)/66	Reducer 2: 0/794	Reducer 3: 0/34	Reducer 4: 0/4	Reducer 5: 0/1	
INFO  : Map 1: 66/66	Map 6: 11(+55)/66	Reducer 2: 0/794	Reducer 3: 0/34	Reducer 4: 0/4	Reducer 5: 0/1	
INFO  : Map 1: 66/66	Map 6: 16(+50)/66	Reducer 2: 0(+10)/794	Reducer 3: 0/34	Reducer 4: 0/4	Reducer 5: 0/1	
INFO  : Map 1: 66/66	Map 6: 21(+45)/66	Reducer 2: 0(+229)/794	Reducer 3: 0/34	Reducer 4: 0/4	Reducer 5: 0/1	
INFO  : Map 1: 66/66	Map 6: 21(+45)/66	Reducer 2: 0(+455)/794	Reducer 3: 0/34	Reducer 4: 0/4	Reducer 5: 0/1	
INFO  : Map 1: 66/66	Map 6: 23(+43)/66	Reducer 2: 0(+470)/794	Reducer 3: 0/34	Reducer 4: 0/4	Reducer 5: 0/1	
INFO  : Map 1: 66/66	Map 6: 24(+42)/66	Reducer 2: 0(+470)/794	Reducer 3: 0/34	Reducer 4: 0/4	Reducer 5: 0/1	
INFO  : Map 1: 66/66	Map 6: 26(+40)/66	Reducer 2: 0(+590)/794	Reducer 3: 0/34	Reducer 4: 0/4	Reducer 5: 0/1	
INFO  : Map 1: 66/66	Map 6: 30(+36)/66	Reducer 2: 0(+621)/794	Reducer 3: 0/34	Reducer 4: 0/4	Reducer 5: 0/1	
INFO  : Map 1: 66/66	Map 6: 36(+30)/66	Reducer 2: 0(+710)/794	Reducer 3: 0/34	Reducer 4: 0/4	Reducer 5: 0/1	
INFO  : Map 1: 66/66	Map 6: 38(+28)/66	Reducer 2: 0(+794)/794	Reducer 3: 0/34	Reducer 4: 0/4	Reducer 5: 0/1	
INFO  : Map 1: 66/66	Map 6: 42(+24)/66	Reducer 2: 0(+794)/794	Reducer 3: 0/34	Reducer 4: 0/4	Reducer 5: 0/1	
INFO  : Map 1: 66/66	Map 6: 44(+22)/66	Reducer 2: 0(+794)/794	Reducer 3: 0/34	Reducer 4: 0/4	Reducer 5: 0/1	
INFO  : Map 1: 66/66	Map 6: 48(+18)/66	Reducer 2: 0(+794)/794	Reducer 3: 0/34	Reducer 4: 0/4	Reducer 5: 0/1	
INFO  : Map 1: 66/66	Map 6: 49(+17)/66	Reducer 2: 0(+794)/794	Reducer 3: 0/34	Reducer 4: 0/4	Reducer 5: 0/1	
INFO  : Map 1: 66/66	Map 6: 54(+12)/66	Reducer 2: 0(+794)/794	Reducer 3: 0/34	Reducer 4: 0/4	Reducer 5: 0/1	
INFO  : Map 1: 66/66	Map 6: 59(+7)/66	Reducer 2: 0(+794)/794	Reducer 3: 0/34	Reducer 4: 0/4	Reducer 5: 0/1	
INFO  : Map 1: 66/66	Map 6: 60(+6)/66	Reducer 2: 0(+794)/794	Reducer 3: 0/34	Reducer 4: 0/4	Reducer 5: 0/1	
INFO  : Map 1: 66/66	Map 6: 61(+5)/66	Reducer 2: 0(+794)/794	Reducer 3: 0/34	Reducer 4: 0/4	Reducer 5: 0/1	
INFO  : Map 1: 66/66	Map 6: 63(+3)/66	Reducer 2: 0(+794)/794	Reducer 3: 0/34	Reducer 4: 0/4	Reducer 5: 0/1	
INFO  : Map 1: 66/66	Map 6: 64(+2)/66	Reducer 2: 0(+794)/794	Reducer 3: 0/34	Reducer 4: 0/4	Reducer 5: 0/1	
INFO  : Map 1: 66/66	Map 6: 65(+1)/66	Reducer 2: 0(+794)/794	Reducer 3: 0/34	Reducer 4: 0/4	Reducer 5: 0/1	
INFO  : Map 1: 66/66	Map 6: 66/66	Reducer 2: 0(+794)/794	Reducer 3: 0/34	Reducer 4: 0/4	Reducer 5: 0/1	
INFO  : Map 1: 66/66	Map 6: 66/66	Reducer 2: 0(+794)/794	Reducer 3: 0/34	Reducer 4: 0/4	Reducer 5: 0/1	
INFO  : Map 1: 66/66	Map 6: 66/66	Reducer 2: 4(+790)/794	Reducer 3: 0/34	Reducer 4: 0/4	Reducer 5: 0/1	
INFO  : Map 1: 66/66	Map 6: 66/66	Reducer 2: 7(+787)/794	Reducer 3: 0/34	Reducer 4: 0/4	Reducer 5: 0/1	
INFO  : Map 1: 66/66	Map 6: 66/66	Reducer 2: 17(+777)/794	Reducer 3: 0/34	Reducer 4: 0/4	Reducer 5: 0/1	
INFO  : Map 1: 66/66	Map 6: 66/66	Reducer 2: 21(+773)/794	Reducer 3: 0/34	Reducer 4: 0/4	Reducer 5: 0/1	
INFO  : Map 1: 66/66	Map 6: 66/66	Reducer 2: 23(+771)/794	Reducer 3: 0/34	Reducer 4: 0/4	Reducer 5: 0/1	
INFO  : Map 1: 66/66	Map 6: 66/66	Reducer 2: 32(+762)/794	Reducer 3: 0/34	Reducer 4: 0/4	Reducer 5: 0/1	
INFO  : Map 1: 66/66	Map 6: 66/66	Reducer 2: 36(+758)/794	Reducer 3: 0/34	Reducer 4: 0/4	Reducer 5: 0/1	
INFO  : Map 1: 66/66	Map 6: 66/66	Reducer 2: 42(+752)/794	Reducer 3: 0/34	Reducer 4: 0/4	Reducer 5: 0/1	
INFO  : Map 1: 66/66	Map 6: 66/66	Reducer 2: 58(+736)/794	Reducer 3: 0/34	Reducer 4: 0/4	Reducer 5: 0/1	
INFO  : Map 1: 66/66	Map 6: 66/66	Reducer 2: 60(+734)/794	Reducer 3: 0/34	Reducer 4: 0/4	Reducer 5: 0/1	
INFO  : Map 1: 66/66	Map 6: 66/66	Reducer 2: 85(+709)/794	Reducer 3: 0/34	Reducer 4: 0/4	Reducer 5: 0/1	
INFO  : Map 1: 66/66	Map 6: 66/66	Reducer 2: 111(+683)/794	Reducer 3: 0/34	Reducer 4: 0/4	Reducer 5: 0/1	
INFO  : Map 1: 66/66	Map 6: 66/66	Reducer 2: 137(+656)/794	Reducer 3: 0/34	Reducer 4: 0/4	Reducer 5: 0/1	
INFO  : Map 1: 66/66	Map 6: 66/66	Reducer 2: 155(+639)/794	Reducer 3: 0/34	Reducer 4: 0/4	Reducer 5: 0/1	
INFO  : Map 1: 66/66	Map 6: 66/66	Reducer 2: 179(+615)/794	Reducer 3: 0/34	Reducer 4: 0/4	Reducer 5: 0/1	
INFO  : Map 1: 66/66	Map 6: 66/66	Reducer 2: 188(+606)/794	Reducer 3: 0/34	Reducer 4: 0/4	Reducer 5: 0/1	
INFO  : Map 1: 66/66	Map 6: 66/66	Reducer 2: 201(+593)/794	Reducer 3: 0/6	Reducer 4: 0/4	Reducer 5: 0/1	
INFO  : Map 1: 66/66	Map 6: 66/66	Reducer 2: 206(+588)/794	Reducer 3: 0/6	Reducer 4: 0/4	Reducer 5: 0/1	
INFO  : Map 1: 66/66	Map 6: 66/66	Reducer 2: 211(+583)/794	Reducer 3: 0/6	Reducer 4: 0/4	Reducer 5: 0/1	
INFO  : Map 1: 66/66	Map 6: 66/66	Reducer 2: 234(+560)/794	Reducer 3: 0/6	Reducer 4: 0/4	Reducer 5: 0/1	
INFO  : Map 1: 66/66	Map 6: 66/66	Reducer 2: 251(+543)/794	Reducer 3: 0/6	Reducer 4: 0/4	Reducer 5: 0/1	
INFO  : Map 1: 66/66	Map 6: 66/66	Reducer 2: 266(+528)/794	Reducer 3: 0/6	Reducer 4: 0/4	Reducer 5: 0/1	
INFO  : Map 1: 66/66	Map 6: 66/66	Reducer 2: 272(+522)/794	Reducer 3: 0/6	Reducer 4: 0/4	Reducer 5: 0/1	
INFO  : Map 1: 66/66	Map 6: 66/66	Reducer 2: 283(+511)/794	Reducer 3: 0/6	Reducer 4: 0/4	Reducer 5: 0/1	
INFO  : Map 1: 66/66	Map 6: 66/66	Reducer 2: 289(+505)/794	Reducer 3: 0/6	Reducer 4: 0/4	Reducer 5: 0/1	
INFO  : Map 1: 66/66	Map 6: 66/66	Reducer 2: 308(+486)/794	Reducer 3: 0/6	Reducer 4: 0/4	Reducer 5: 0/1	
INFO  : Map 1: 66/66	Map 6: 66/66	Reducer 2: 327(+467)/794	Reducer 3: 0/6	Reducer 4: 0/4	Reducer 5: 0/1	
INFO  : Map 1: 66/66	Map 6: 66/66	Reducer 2: 346(+448)/794	Reducer 3: 0/6	Reducer 4: 0/4	Reducer 5: 0/1	
INFO  : Map 1: 66/66	Map 6: 66/66	Reducer 2: 370(+424)/794	Reducer 3: 0(+3)/6	Reducer 4: 0/4	Reducer 5: 0/1	
INFO  : Map 1: 66/66	Map 6: 66/66	Reducer 2: 383(+411)/794	Reducer 3: 0(+3)/6	Reducer 4: 0/4	Reducer 5: 0/1	
INFO  : Map 1: 66/66	Map 6: 66/66	Reducer 2: 407(+387)/794	Reducer 3: 0(+4)/6	Reducer 4: 0/4	Reducer 5: 0/1	
INFO  : Map 1: 66/66	Map 6: 66/66	Reducer 2: 418(+376)/794	Reducer 3: 0(+4)/6	Reducer 4: 0/4	Reducer 5: 0/1	
INFO  : Map 1: 66/66	Map 6: 66/66	Reducer 2: 452(+342)/794	Reducer 3: 0(+4)/6	Reducer 4: 0/4	Reducer 5: 0/1	
INFO  : Map 1: 66/66	Map 6: 66/66	Reducer 2: 465(+329)/794	Reducer 3: 0(+4)/6	Reducer 4: 0/4	Reducer 5: 0/1	
INFO  : Map 1: 66/66	Map 6: 66/66	Reducer 2: 490(+304)/794	Reducer 3: 0(+5)/6	Reducer 4: 0/4	Reducer 5: 0/1	
INFO  : Map 1: 66/66	Map 6: 66/66	Reducer 2: 528(+266)/794	Reducer 3: 0(+5)/6	Reducer 4: 0/4	Reducer 5: 0/1	
INFO  : Map 1: 66/66	Map 6: 66/66	Reducer 2: 549(+245)/794	Reducer 3: 0(+6)/6	Reducer 4: 0/4	Reducer 5: 0/1	
INFO  : Map 1: 66/66	Map 6: 66/66	Reducer 2: 555(+239)/794	Reducer 3: 0(+6)/6	Reducer 4: 0/4	Reducer 5: 0/1	
INFO  : Map 1: 66/66	Map 6: 66/66	Reducer 2: 600(+194)/794	Reducer 3: 0(+6)/6	Reducer 4: 0/4	Reducer 5: 0/1	
INFO  : Map 1: 66/66	Map 6: 66/66	Reducer 2: 623(+171)/794	Reducer 3: 0(+6)/6	Reducer 4: 0/4	Reducer 5: 0/1	
INFO  : Map 1: 66/66	Map 6: 66/66	Reducer 2: 650(+144)/794	Reducer 3: 0(+6)/6	Reducer 4: 0/4	Reducer 5: 0/1	
INFO  : Map 1: 66/66	Map 6: 66/66	Reducer 2: 660(+134)/794	Reducer 3: 0(+6)/6	Reducer 4: 0/4	Reducer 5: 0/1	
INFO  : Map 1: 0(+66)/66	Map 4: 50(+17)/67	Reducer 2: 0/2	Reducer 3: 0/1	
INFO  : Map 1: 66/66	Map 6: 66/66	Reducer 2: 666(+128)/794	Reducer 3: 0(+6)/6	Reducer 4: 0/4	Reducer 5: 0/1	
INFO  : Map 1: 66/66	Map 6: 66/66	Reducer 2: 671(+123)/794	Reducer 3: 0(+6)/6	Reducer 4: 0/4	Reducer 5: 0/1	
INFO  : Map 1: 66/66	Map 6: 66/66	Reducer 2: 689(+105)/794	Reducer 3: 0(+6)/6	Reducer 4: 0/4	Reducer 5: 0/1	
INFO  : Map 1: 66/66	Map 6: 66/66	Reducer 2: 705(+89)/794	Reducer 3: 0(+6)/6	Reducer 4: 0/4	Reducer 5: 0/1	
INFO  : Map 1: 66/66	Map 6: 66/66	Reducer 2: 712(+82)/794	Reducer 3: 0(+6)/6	Reducer 4: 0/4	Reducer 5: 0/1	
INFO  : Map 1: 0(+66)/66	Map 4: 57(+10)/67	Reducer 2: 0/2	Reducer 3: 0/1	
INFO  : Map 1: 66/66	Map 6: 66/66	Reducer 2: 717(+77)/794	Reducer 3: 0(+6)/6	Reducer 4: 0/4	Reducer 5: 0/1	
INFO  : Map 1: 66/66	Map 6: 66/66	Reducer 2: 718(+76)/794	Reducer 3: 0(+6)/6	Reducer 4: 0/4	Reducer 5: 0/1	
INFO  : Map 1: 66/66	Map 6: 66/66	Reducer 2: 736(+58)/794	Reducer 3: 0(+6)/6	Reducer 4: 0/4	Reducer 5: 0/1	
INFO  : Map 1: 66/66	Map 6: 66/66	Reducer 2: 743(+51)/794	Reducer 3: 0(+6)/6	Reducer 4: 0/4	Reducer 5: 0/1	
INFO  : Map 1: 66/66	Map 6: 66/66	Reducer 2: 745(+49)/794	Reducer 3: 0(+6)/6	Reducer 4: 0/4	Reducer 5: 0/1	
INFO  : Map 1: 66/66	Map 6: 66/66	Reducer 2: 760(+34)/794	Reducer 3: 0(+6)/6	Reducer 4: 0/4	Reducer 5: 0/1	
INFO  : Map 1: 66/66	Map 6: 66/66	Reducer 2: 762(+32)/794	Reducer 3: 0(+6)/6	Reducer 4: 0/4	Reducer 5: 0/1	
INFO  : Map 1: 66/66	Map 6: 66/66	Reducer 2: 769(+25)/794	Reducer 3: 0(+6)/6	Reducer 4: 0/4	Reducer 5: 0/1	
INFO  : Map 1: 66/66	Map 6: 66/66	Reducer 2: 779(+15)/794	Reducer 3: 0(+6)/6	Reducer 4: 0/4	Reducer 5: 0/1	
INFO  : Map 1: 66/66	Map 6: 66/66	Reducer 2: 781(+13)/794	Reducer 3: 0(+6)/6	Reducer 4: 0/4	Reducer 5: 0/1	
INFO  : Map 1: 66/66	Map 6: 66/66	Reducer 2: 783(+11)/794	Reducer 3: 0(+6)/6	Reducer 4: 0/4	Reducer 5: 0/1	
INFO  : Map 1: 66/66	Map 6: 66/66	Reducer 2: 786(+8)/794	Reducer 3: 0(+6)/6	Reducer 4: 0/4	Reducer 5: 0/1	
INFO  : Map 1: 66/66	Map 6: 66/66	Reducer 2: 790(+4)/794	Reducer 3: 0(+6)/6	Reducer 4: 0/4	Reducer 5: 0/1	
INFO  : Map 1: 66/66	Map 6: 66/66	Reducer 2: 792(+2)/794	Reducer 3: 0(+6)/6	Reducer 4: 0/4	Reducer 5: 0/1	
INFO  : Map 1: 66/66	Map 6: 66/66	Reducer 2: 794/794	Reducer 3: 0(+6)/6	Reducer 4: 0/4	Reducer 5: 0/1	
INFO  : Map 1: 66/66	Map 6: 66/66	Reducer 2: 794/794	Reducer 3: 0(+6)/6	Reducer 4: 0/4	Reducer 5: 0/1	
INFO  : Map 1: 66/66	Map 6: 66/66	Reducer 2: 794/794	Reducer 3: 0(+6)/6	Reducer 4: 0/4	Reducer 5: 0/1	
INFO  : Map 1: 66/66	Map 6: 66/66	Reducer 2: 794/794	Reducer 3: 1(+5)/6	Reducer 4: 0/4	Reducer 5: 0/1	
INFO  : Map 1: 66/66	Map 6: 66/66	Reducer 2: 794/794	Reducer 3: 1(+5)/6	Reducer 4: 0/4	Reducer 5: 0/1	
INFO  : Map 1: 66/66	Map 6: 66/66	Reducer 2: 794/794	Reducer 3: 2(+4)/6	Reducer 4: 0/4	Reducer 5: 0/1	
INFO  : Map 1: 66/66	Map 6: 66/66	Reducer 2: 794/794	Reducer 3: 3(+3)/6	Reducer 4: 0/4	Reducer 5: 0/1	
INFO  : Map 1: 66/66	Map 6: 66/66	Reducer 2: 794/794	Reducer 3: 4(+2)/6	Reducer 4: 0/4	Reducer 5: 0/1	
INFO  : Map 1: 66/66	Map 6: 66/66	Reducer 2: 794/794	Reducer 3: 5(+1)/6	Reducer 4: 0(+1)/1	Reducer 5: 0/1	
INFO  : Map 1: 66/66	Map 6: 66/66	Reducer 2: 794/794	Reducer 3: 6/6	Reducer 4: 1/1	Reducer 5: 0(+1)/1	
INFO  : Map 1: 66/66	Map 6: 66/66	Reducer 2: 794/794	Reducer 3: 6/6	Reducer 4: 1/1	Reducer 5: 1/1	
INFO  : Status: DAG finished successfully in 52.28 seconds
INFO  : 
INFO  : Query Execution Summary
INFO  : ----------------------------------------------------------------------------------------------
INFO  : ----------------------------------------------------------------------------------------------
INFO  : Compile Query                           0.67s
INFO  : Prepare Plan                            0.38s
INFO  : Submit Plan                             0.19s
INFO  : Start DAG                               0.20s
INFO  : Run DAG                                52.31s
INFO  : ----------------------------------------------------------------------------------------------
INFO  : 
INFO  : Task Execution Summary
INFO  : --------------------------------------------------------------------------------------------------------------------------------
INFO  : --------------------------------------------------------------------------------------------------------------------------------
INFO  :      Map 1           66                0             0        1673.00             0            0     37,500,000      37,500,000
INFO  :      Map 6           66                0             0       14026.00             0            0    375,000,000     370,968,392
INFO  :  Reducer 2          794                0         10773       27004.00             0            0    408,468,392      37,500,000
INFO  :  Reducer 3            6                0            62       27497.00             0            0     37,500,000             259
INFO  :  Reducer 4            1                0             0        2416.00             0            0            259              46
INFO  :  Reducer 5            1                0             0         391.00             0            0             46               0
INFO  : --------------------------------------------------------------------------------------------------------------------------------
INFO  : 
INFO  : LLAP IO Summary
INFO  : ----------------------------------------------------------------------------------------------
INFO  : ----------------------------------------------------------------------------------------------
INFO  :      Map 1      3750       500          0  292.98KB         0B          0B       0B     2.30s
INFO  :      Map 6     37683       250        500    1.52GB     6.96GB     18.79GB  18.56GB   303.36s
INFO  : ----------------------------------------------------------------------------------------------
INFO  : 
INFO  : FileSystem Counters Summary
INFO  : 
INFO  : ----------------------------------------------------------------------------------------------
INFO  : ----------------------------------------------------------------------------------------------
INFO  :      Map 1              0B             0                  0           197.29MB             0
INFO  :      Map 6              0B             0                  0             4.04GB             0
INFO  :  Reducer 2          1.52GB             0                  0           228.85MB             0
INFO  :  Reducer 3        169.44MB             0                  0             3.73KB             0
INFO  :  Reducer 4             64B             0                  0               477B             0
INFO  :  Reducer 5              0B             0                  0                 0B             0
INFO  : ----------------------------------------------------------------------------------------------
INFO  : 
INFO  : ----------------------------------------------------------------------------------------------
INFO  : ----------------------------------------------------------------------------------------------
INFO  :      Map 1              0B             0                  0                 0B             0
INFO  :      Map 6          6.96GB           500                  0                 0B             0
INFO  :  Reducer 2              0B             0                  0                 0B             0
INFO  :  Reducer 3              0B             0                  0                 0B             0
INFO  :  Reducer 4              0B             0                  0                 0B             0
INFO  :  Reducer 5              0B             2                  0             1.05KB             2
INFO  : ----------------------------------------------------------------------------------------------
INFO  : 
INFO  : org.apache.tez.common.counters.DAGCounter:
INFO  :    NUM_KILLED_TASKS: 10835
INFO  :    NUM_SUCCEEDED_TASKS: 934
INFO  :    TOTAL_LAUNCHED_TASKS: 11769
INFO  :    DATA_LOCAL_TASKS: 132
INFO  :    AM_CPU_MILLISECONDS: 46820
INFO  :    AM_GC_TIME_MILLIS: 699
INFO  : File System Counters:
INFO  :    FILE_BYTES_READ: 1685708150
INFO  :    FILE_BYTES_WRITTEN: 4469441358
INFO  :    FILE_READ_OPS: 0
INFO  :    FILE_LARGE_READ_OPS: 0
INFO  :    FILE_WRITE_OPS: 0
INFO  :    HDFS_BYTES_READ: 6959296278
INFO  :    HDFS_BYTES_WRITTEN: 1054
INFO  :    HDFS_READ_OPS: 502
INFO  :    HDFS_LARGE_READ_OPS: 0
INFO  :    HDFS_WRITE_OPS: 2
INFO  : org.apache.tez.common.counters.TaskCounter:
INFO  :    REDUCE_INPUT_GROUPS: 37500092
INFO  :    REDUCE_INPUT_RECORDS: 37500305
INFO  :    COMBINE_INPUT_RECORDS: 0
INFO  :    SPILLED_RECORDS: 78850890
INFO  :    NUM_SHUFFLED_INPUTS: 118331
INFO  :    NUM_SKIPPED_INPUTS: 13498
INFO  :    NUM_FAILED_SHUFFLE_INPUTS: 0
INFO  :    MERGED_MAP_OUTPUTS: 20076465
INFO  :    INPUT_RECORDS_PROCESSED: 408880892
INFO  :    INPUT_SPLIT_LENGTH_BYTES: 17047880445
INFO  :    OUTPUT_RECORDS: 445968697
INFO  :    OUTPUT_LARGE_RECORDS: 0
INFO  :    OUTPUT_BYTES: 4601491759
INFO  :    OUTPUT_BYTES_WITH_OVERHEAD: 10028408247
INFO  :    OUTPUT_BYTES_PHYSICAL: 4468785390
INFO  :    ADDITIONAL_SPILLS_BYTES_WRITTEN: 17630958
INFO  :    ADDITIONAL_SPILLS_BYTES_READ: 185176596
INFO  :    ADDITIONAL_SPILL_COUNT: 0
INFO  :    SHUFFLE_CHUNK_COUNT: 801
INFO  :    SHUFFLE_BYTES: 4466000038
INFO  :    SHUFFLE_BYTES_DECOMPRESSED: 5494139139
INFO  :    SHUFFLE_BYTES_TO_MEM: 3941806944
INFO  :    SHUFFLE_BYTES_TO_DISK: 0
INFO  :    SHUFFLE_BYTES_DISK_DIRECT: 524193094
INFO  :    NUM_MEM_TO_DISK_MERGES: 0
INFO  :    NUM_DISK_TO_DISK_MERGES: 12
INFO  :    SHUFFLE_PHASE_TIME: 2202109
INFO  :    MERGE_PHASE_TIME: 89810
INFO  :    FIRST_EVENT_RECEIVED: 56581
INFO  :    LAST_EVENT_RECEIVED: 215418
INFO  : HIVE:
INFO  :    CREATED_FILES: 1
INFO  :    DESERIALIZE_ERRORS: 0
INFO  :    RECORDS_IN_Map_1: 37500000
INFO  :    RECORDS_IN_Map_6: 375000000
INFO  :    RECORDS_OUT_0: 46
INFO  :    RECORDS_OUT_INTERMEDIATE_Map_1: 37500000
INFO  :    RECORDS_OUT_INTERMEDIATE_Map_6: 370968392
INFO  :    RECORDS_OUT_INTERMEDIATE_Reducer_2: 37500000
INFO  :    RECORDS_OUT_INTERMEDIATE_Reducer_3: 259
INFO  :    RECORDS_OUT_INTERMEDIATE_Reducer_4: 46
INFO  : Shuffle Errors:
INFO  :    BAD_ID: 0
INFO  :    CONNECTION: 0
INFO  :    IO_ERROR: 0
INFO  :    WRONG_LENGTH: 0
INFO  :    WRONG_MAP: 0
INFO  :    WRONG_REDUCE: 0
INFO  : Shuffle Errors_Reducer_3_INPUT_Reducer_2:
INFO  :    BAD_ID: 0
INFO  :    CONNECTION: 0
INFO  :    IO_ERROR: 0
INFO  :    WRONG_LENGTH: 0
INFO  :    WRONG_MAP: 0
INFO  :    WRONG_REDUCE: 0
INFO  : Shuffle Errors_Reducer_4_INPUT_Reducer_3:
INFO  :    BAD_ID: 0
INFO  :    CONNECTION: 0
INFO  :    IO_ERROR: 0
INFO  :    WRONG_LENGTH: 0
INFO  :    WRONG_MAP: 0
INFO  :    WRONG_REDUCE: 0
INFO  : Shuffle Errors_Reducer_5_INPUT_Reducer_4:
INFO  :    BAD_ID: 0
INFO  :    CONNECTION: 0
INFO  :    IO_ERROR: 0
INFO  :    WRONG_LENGTH: 0
INFO  :    WRONG_MAP: 0
INFO  :    WRONG_REDUCE: 0
INFO  : TaskCounter_Map_1_INPUT_customer:
INFO  :    INPUT_RECORDS_PROCESSED: 37500
INFO  :    INPUT_SPLIT_LENGTH_BYTES: 2852970960
INFO  : TaskCounter_Map_1_OUTPUT_Reducer_2:
INFO  :    ADDITIONAL_SPILLS_BYTES_READ: 0
INFO  :    ADDITIONAL_SPILLS_BYTES_WRITTEN: 0
INFO  :    ADDITIONAL_SPILL_COUNT: 0
INFO  :    OUTPUT_BYTES: 225000000
INFO  :    OUTPUT_BYTES_PHYSICAL: 197287357
INFO  :    OUTPUT_BYTES_WITH_OVERHEAD: 749999868
INFO  :    OUTPUT_LARGE_RECORDS: 0
INFO  :    OUTPUT_RECORDS: 37500000
INFO  :    SPILLED_RECORDS: 0
INFO  : TaskCounter_Map_6_INPUT_orders:
INFO  :    INPUT_RECORDS_PROCESSED: 375000
INFO  :    INPUT_SPLIT_LENGTH_BYTES: 14194909485
INFO  : TaskCounter_Map_6_OUTPUT_Reducer_2:
INFO  :    ADDITIONAL_SPILLS_BYTES_READ: 0
INFO  :    ADDITIONAL_SPILLS_BYTES_WRITTEN: 0
INFO  :    ADDITIONAL_SPILL_COUNT: 0
INFO  :    OUTPUT_BYTES: 4076487206
INFO  :    OUTPUT_BYTES_PHYSICAL: 4043296433
INFO  :    OUTPUT_BYTES_WITH_OVERHEAD: 8903241090
INFO  :    OUTPUT_LARGE_RECORDS: 0
INFO  :    OUTPUT_RECORDS: 370968392
INFO  :    SPILLED_RECORDS: 0
INFO  : TaskCounter_Reducer_2_INPUT_Map_1:
INFO  :    FIRST_EVENT_RECEIVED: 21249
INFO  :    INPUT_RECORDS_PROCESSED: 37500000
INFO  :    LAST_EVENT_RECEIVED: 81357
INFO  :    NUM_FAILED_SHUFFLE_INPUTS: 0
INFO  :    NUM_SHUFFLED_INPUTS: 52404
INFO  :    SHUFFLE_BYTES: 196029661
INFO  :    SHUFFLE_BYTES_DECOMPRESSED: 300314424
INFO  :    SHUFFLE_BYTES_DISK_DIRECT: 20740953
INFO  :    SHUFFLE_BYTES_TO_DISK: 0
INFO  :    SHUFFLE_BYTES_TO_MEM: 175288708
INFO  :    SHUFFLE_PHASE_TIME: 1058034
INFO  : TaskCounter_Reducer_2_INPUT_Map_6:
INFO  :    FIRST_EVENT_RECEIVED: 34738
INFO  :    INPUT_RECORDS_PROCESSED: 370968392
INFO  :    LAST_EVENT_RECEIVED: 85602
INFO  :    NUM_FAILED_SHUFFLE_INPUTS: 0
INFO  :    NUM_SHUFFLED_INPUTS: 52404
INFO  :    SHUFFLE_BYTES: 4042038737
INFO  :    SHUFFLE_BYTES_DECOMPRESSED: 4818738414
INFO  :    SHUFFLE_BYTES_DISK_DIRECT: 470007219
INFO  :    SHUFFLE_BYTES_TO_DISK: 0
INFO  :    SHUFFLE_BYTES_TO_MEM: 3572031518
INFO  :    SHUFFLE_PHASE_TIME: 1094512
INFO  : TaskCounter_Reducer_2_OUTPUT_Reducer_3:
INFO  :    ADDITIONAL_SPILLS_BYTES_READ: 0
INFO  :    ADDITIONAL_SPILLS_BYTES_WRITTEN: 0
INFO  :    ADDITIONAL_SPILL_COUNT: 0
INFO  :    OUTPUT_BYTES: 300000000
INFO  :    OUTPUT_BYTES_PHYSICAL: 228198053
INFO  :    OUTPUT_BYTES_WITH_OVERHEAD: 375161976
INFO  :    OUTPUT_RECORDS: 37500000
INFO  :    SHUFFLE_CHUNK_COUNT: 794
INFO  :    SPILLED_RECORDS: 37500000
INFO  : TaskCounter_Reducer_3_INPUT_Reducer_2:
INFO  :    ADDITIONAL_SPILLS_BYTES_READ: 185174403
INFO  :    ADDITIONAL_SPILLS_BYTES_WRITTEN: 17629291
INFO  :    COMBINE_INPUT_RECORDS: 0
INFO  :    FIRST_EVENT_RECEIVED: 560
INFO  :    LAST_EVENT_RECEIVED: 45969
INFO  :    MERGED_MAP_OUTPUTS: 20076440
INFO  :    MERGE_PHASE_TIME: 87287
INFO  :    NUM_DISK_TO_DISK_MERGES: 12
INFO  :    NUM_FAILED_SHUFFLE_INPUTS: 0
INFO  :    NUM_MEM_TO_DISK_MERGES: 0
INFO  :    NUM_SHUFFLED_INPUTS: 13498
INFO  :    NUM_SKIPPED_INPUTS: 13498
INFO  :    REDUCE_INPUT_GROUPS: 37500000
INFO  :    REDUCE_INPUT_RECORDS: 37500000
INFO  :    SHUFFLE_BYTES: 227928093
INFO  :    SHUFFLE_BYTES_DECOMPRESSED: 375080988
INFO  :    SHUFFLE_BYTES_DISK_DIRECT: 33444396
INFO  :    SHUFFLE_BYTES_TO_DISK: 0
INFO  :    SHUFFLE_BYTES_TO_MEM: 194483697
INFO  :    SHUFFLE_PHASE_TIME: 47059
INFO  :    SPILLED_RECORDS: 41350280
INFO  : TaskCounter_Reducer_3_OUTPUT_Reducer_4:
INFO  :    ADDITIONAL_SPILLS_BYTES_READ: 0
INFO  :    ADDITIONAL_SPILLS_BYTES_WRITTEN: 0
INFO  :    ADDITIONAL_SPILL_COUNT: 0
INFO  :    OUTPUT_BYTES: 3679
INFO  :    OUTPUT_BYTES_PHYSICAL: 3102
INFO  :    OUTPUT_BYTES_WITH_OVERHEAD: 4341
INFO  :    OUTPUT_RECORDS: 259
INFO  :    SHUFFLE_CHUNK_COUNT: 6
INFO  :    SPILLED_RECORDS: 259
INFO  : TaskCounter_Reducer_4_INPUT_Reducer_3:
INFO  :    ADDITIONAL_SPILLS_BYTES_READ: 1748
INFO  :    ADDITIONAL_SPILLS_BYTES_WRITTEN: 1222
INFO  :    COMBINE_INPUT_RECORDS: 0
INFO  :    FIRST_EVENT_RECEIVED: 4
INFO  :    LAST_EVENT_RECEIVED: 2460
INFO  :    MERGED_MAP_OUTPUTS: 24
INFO  :    MERGE_PHASE_TIME: 2470
INFO  :    NUM_DISK_TO_DISK_MERGES: 0
INFO  :    NUM_FAILED_SHUFFLE_INPUTS: 0
INFO  :    NUM_MEM_TO_DISK_MERGES: 0
INFO  :    NUM_SHUFFLED_INPUTS: 24
INFO  :    NUM_SKIPPED_INPUTS: 0
INFO  :    REDUCE_INPUT_GROUPS: 46
INFO  :    REDUCE_INPUT_RECORDS: 259
INFO  :    SHUFFLE_BYTES: 3102
INFO  :    SHUFFLE_BYTES_DECOMPRESSED: 4341
INFO  :    SHUFFLE_BYTES_DISK_DIRECT: 526
INFO  :    SHUFFLE_BYTES_TO_DISK: 0
INFO  :    SHUFFLE_BYTES_TO_MEM: 2576
INFO  :    SHUFFLE_PHASE_TIME: 2463
INFO  :    SPILLED_RECORDS: 259
INFO  : TaskCounter_Reducer_4_OUTPUT_Reducer_5:
INFO  :    ADDITIONAL_SPILLS_BYTES_READ: 0
INFO  :    ADDITIONAL_SPILLS_BYTES_WRITTEN: 0
INFO  :    ADDITIONAL_SPILL_COUNT: 0
INFO  :    OUTPUT_BYTES: 874
INFO  :    OUTPUT_BYTES_PHYSICAL: 445
INFO  :    OUTPUT_BYTES_WITH_OVERHEAD: 972
INFO  :    OUTPUT_RECORDS: 46
INFO  :    SHUFFLE_CHUNK_COUNT: 1
INFO  :    SPILLED_RECORDS: 46
INFO  : TaskCounter_Reducer_5_INPUT_Reducer_4:
INFO  :    ADDITIONAL_SPILLS_BYTES_READ: 445
INFO  :    ADDITIONAL_SPILLS_BYTES_WRITTEN: 445
INFO  :    COMBINE_INPUT_RECORDS: 0
INFO  :    FIRST_EVENT_RECEIVED: 30
INFO  :    LAST_EVENT_RECEIVED: 30
INFO  :    MERGED_MAP_OUTPUTS: 1
INFO  :    MERGE_PHASE_TIME: 53
INFO  :    NUM_DISK_TO_DISK_MERGES: 0
INFO  :    NUM_FAILED_SHUFFLE_INPUTS: 0
INFO  :    NUM_MEM_TO_DISK_MERGES: 0
INFO  :    NUM_SHUFFLED_INPUTS: 1
INFO  :    NUM_SKIPPED_INPUTS: 0
INFO  :    REDUCE_INPUT_GROUPS: 46
INFO  :    REDUCE_INPUT_RECORDS: 46
INFO  :    SHUFFLE_BYTES: 445
INFO  :    SHUFFLE_BYTES_DECOMPRESSED: 972
INFO  :    SHUFFLE_BYTES_DISK_DIRECT: 0
INFO  :    SHUFFLE_BYTES_TO_DISK: 0
INFO  :    SHUFFLE_BYTES_TO_MEM: 445
INFO  :    SHUFFLE_PHASE_TIME: 41
INFO  :    SPILLED_RECORDS: 46
INFO  : TaskCounter_Reducer_5_OUTPUT_out_Reducer_5:
INFO  :    OUTPUT_RECORDS: 0
INFO  : org.apache.hadoop.hive.llap.counters.LlapIOCounters:
INFO  :    ALLOCATED_BYTES: 18791268352
INFO  :    ALLOCATED_USED_BYTES: 18563985621
INFO  :    CACHE_HIT_BYTES: 1522592719
INFO  :    CACHE_MISS_BYTES: 6956525179
INFO  :    CONSUMER_TIME_NS: 302231638892
INFO  :    DECODE_TIME_NS: 49524406042
INFO  :    HDFS_TIME_NS: 77534966814
INFO  :    METADATA_CACHE_HIT: 750
INFO  :    METADATA_CACHE_MISS: 500
INFO  :    NUM_DECODED_BATCHES: 41433
INFO  :    NUM_VECTOR_BATCHES: 412500
INFO  :    ROWS_EMITTED: 412500000
INFO  :    SELECTED_ROWGROUPS: 41433
INFO  :    TOTAL_IO_TIME_NS: 305661693881
INFO  : Completed executing command(queryId=hive_20161005150826_0437f7ef-7138-4cb2-88bb-3ce33962e002); Time taken: 53.193 seconds
INFO  : OK
46 rows selected (53.906 seconds)
Closing: 0: jdbc:hive2://h01hn02:10500/tpch_flat_orc_250
